[  0.000s] init: idx=9193 kmax=2 bmax=4 topx=2 widen=1.000 rank_fast=off
clean logits (hex):  0x81  0x82  0x82  0x81  0x85  0x81  0x81  0x82  0x82  0x82
clean logits (bits): 10000001 10000010 10000010 10000001 10000101 10000001 10000001 10000010 10000010 10000010
clean logits (double): -64.000000 -32.000000 -32.000000 -64.000000 -14.000000 -64.000000 -64.000000 -32.000000 -32.000000 -32.000000
[  0.017s] clean prediction: 4 (true label 4)
[ 12.975s] heuristic ROI: 2x2 block at rows 8-9, cols 13-14
[ 21.687s] selection: nSym=2 (from 4), topx=2, rank_fast=off
[ 21.687s] active patch: rows 8-9, cols 14-14 (derived from symPix)
[ 33.129s] Proceeding to BaB (greedy enabled).
[ 33.129s] Skipping root bound check (--no-root-bound).
[ 33.129s] BaB search starting (K<=2, B<=4, nSym=2, depth_limit=500000000, widen=1.00)...
[ 41.863s] PRUNE: margin=-18.000000, optimistic_rem(widened)=10.000000 -> cannot exceed 0.
[ 50.602s] PRUNE: margin=-18.000000, optimistic_rem(widened)=10.000000 -> cannot exceed 0.
[ 59.342s] PRUNE: margin=-18.000000, optimistic_rem(widened)=10.000000 -> cannot exceed 0.
[ 68.082s] PRUNE: margin=-18.000000, optimistic_rem(widened)=10.000000 -> cannot exceed 0.
[ 84.230s] PRUNE: margin=-16.000000, optimistic_rem(widened)=0.000000 -> cannot exceed 0.
[ 97.188s] PRUNE: margin=-18.000000, optimistic_rem(widened)=0.000000 -> cannot exceed 0.
[105.925s] PRUNE: margin=-18.000000, optimistic_rem(widened)=0.000000 -> cannot exceed 0.
[114.656s] PRUNE: margin=-18.000000, optimistic_rem(widened)=0.000000 -> cannot exceed 0.
[123.390s] PRUNE: margin=-18.000000, optimistic_rem(widened)=0.000000 -> cannot exceed 0.
[132.122s] PRUNE: margin=-18.000000, optimistic_rem(widened)=0.000000 -> cannot exceed 0.
[140.851s] PRUNE: margin=-18.000000, optimistic_rem(widened)=0.000000 -> cannot exceed 0.
[149.605s] PRUNE: margin=-18.000000, optimistic_rem(widened)=0.000000 -> cannot exceed 0.
[158.352s] PRUNE: margin=-18.000000, optimistic_rem(widened)=0.000000 -> cannot exceed 0.
[171.476s] PRUNE: margin=-18.000000, optimistic_rem(widened)=2.000000 -> cannot exceed 0.
[184.597s] PRUNE: margin=-18.000000, optimistic_rem(widened)=0.000000 -> cannot exceed 0.
[193.350s] PRUNE: margin=-18.000000, optimistic_rem(widened)=0.000000 -> cannot exceed 0.
[202.093s] PRUNE: margin=-18.000000, optimistic_rem(widened)=0.000000 -> cannot exceed 0.
[210.834s] PRUNE: margin=-18.000000, optimistic_rem(widened)=0.000000 -> cannot exceed 0.
[219.576s] PRUNE: margin=-18.000000, optimistic_rem(widened)=0.000000 -> cannot exceed 0.
[228.319s] PRUNE: margin=-18.000000, optimistic_rem(widened)=0.000000 -> cannot exceed 0.
[245.806s] PRUNE: margin=-18.000000, optimistic_rem(widened)=0.000000 -> cannot exceed 0.
[254.551s] PRUNE: margin=-18.000000, optimistic_rem(widened)=0.000000 -> cannot exceed 0.
[263.293s] PRUNE: margin=-18.000000, optimistic_rem(widened)=0.000000 -> cannot exceed 0.
[272.036s] PRUNE: margin=-18.000000, optimistic_rem(widened)=0.000000 -> cannot exceed 0.
[280.783s] PRUNE: margin=-18.000000, optimistic_rem(widened)=0.000000 -> cannot exceed 0.
[298.247s] PRUNE: margin=-18.000000, optimistic_rem(widened)=0.000000 -> cannot exceed 0.
[306.971s] PRUNE: margin=-18.000000, optimistic_rem(widened)=0.000000 -> cannot exceed 0.
[314.020s] PRUNE: margin=-18.000000, optimistic_rem(widened)=0.000000 -> cannot exceed 0.
[320.954s] PRUNE: margin=-18.000000, optimistic_rem(widened)=0.000000 -> cannot exceed 0.
[337.947s] PRUNE: margin=-18.000000, optimistic_rem(widened)=0.000000 -> cannot exceed 0.
[346.686s] PRUNE: margin=-18.000000, optimistic_rem(widened)=0.000000 -> cannot exceed 0.
[355.426s] PRUNE: margin=-18.000000, optimistic_rem(widened)=0.000000 -> cannot exceed 0.
[372.907s] PRUNE: margin=-18.000000, optimistic_rem(widened)=0.000000 -> cannot exceed 0.
[381.658s] PRUNE: margin=-18.000000, optimistic_rem(widened)=0.000000 -> cannot exceed 0.
[399.167s] PRUNE: margin=-16.000000, optimistic_rem(widened)=0.000000 -> cannot exceed 0.
[412.278s] PRUNE: margin=-18.000000, optimistic_rem(widened)=2.000000 -> cannot exceed 0.
[434.141s] PRUNE: margin=-16.000000, optimistic_rem(widened)=0.000000 -> cannot exceed 0.
[442.900s] PRUNE: margin=-16.000000, optimistic_rem(widened)=0.000000 -> cannot exceed 0.
[451.650s] PRUNE: margin=-18.000000, optimistic_rem(widened)=0.000000 -> cannot exceed 0.
[460.403s] PRUNE: margin=-18.000000, optimistic_rem(widened)=0.000000 -> cannot exceed 0.
[469.151s] PRUNE: margin=-16.000000, optimistic_rem(widened)=0.000000 -> cannot exceed 0.
[477.902s] PRUNE: margin=-16.000000, optimistic_rem(widened)=0.000000 -> cannot exceed 0.
[486.651s] PRUNE: margin=-16.000000, optimistic_rem(widened)=0.000000 -> cannot exceed 0.
[495.404s] PRUNE: margin=-16.000000, optimistic_rem(widened)=0.000000 -> cannot exceed 0.
[505.911s] PRUNE: margin=-18.000000, optimistic_rem(widened)=2.000000 -> cannot exceed 0.
[514.654s] PRUNE: margin=-18.000000, optimistic_rem(widened)=2.000000 -> cannot exceed 0.
[527.764s] PRUNE: margin=-18.000000, optimistic_rem(widened)=0.000000 -> cannot exceed 0.
[536.490s] PRUNE: margin=-18.000000, optimistic_rem(widened)=0.000000 -> cannot exceed 0.
[543.358s] PRUNE: margin=-18.000000, optimistic_rem(widened)=0.000000 -> cannot exceed 0.
[552.076s] PRUNE: margin=-20.000000, optimistic_rem(widened)=0.000000 -> cannot exceed 0.
[560.824s] PRUNE: margin=-18.000000, optimistic_rem(widened)=0.000000 -> cannot exceed 0.
[578.109s] PRUNE: margin=-18.000000, optimistic_rem(widened)=0.000000 -> cannot exceed 0.
[586.611s] PRUNE: margin=-18.000000, optimistic_rem(widened)=0.000000 -> cannot exceed 0.
[595.330s] PRUNE: margin=-20.000000, optimistic_rem(widened)=0.000000 -> cannot exceed 0.
[604.057s] PRUNE: margin=-18.000000, optimistic_rem(widened)=0.000000 -> cannot exceed 0.
[621.534s] PRUNE: margin=-18.000000, optimistic_rem(widened)=0.000000 -> cannot exceed 0.
[630.277s] PRUNE: margin=-18.000000, optimistic_rem(widened)=0.000000 -> cannot exceed 0.
[639.021s] PRUNE: margin=-18.000000, optimistic_rem(widened)=0.000000 -> cannot exceed 0.
[656.513s] PRUNE: margin=-16.000000, optimistic_rem(widened)=0.000000 -> cannot exceed 0.
[665.254s] PRUNE: margin=-18.000000, optimistic_rem(widened)=0.000000 -> cannot exceed 0.
[682.746s] PRUNE: margin=-16.000000, optimistic_rem(widened)=0.000000 -> cannot exceed 0.
[695.860s] PRUNE: margin=-18.000000, optimistic_rem(widened)=2.000000 -> cannot exceed 0.
[713.326s] PRUNE: margin=-18.000000, optimistic_rem(widened)=2.000000 -> cannot exceed 0.
[722.050s] PRUNE: margin=-18.000000, optimistic_rem(widened)=2.000000 -> cannot exceed 0.
[730.638s] PRUNE: margin=-18.000000, optimistic_rem(widened)=2.000000 -> cannot exceed 0.
[743.730s] PRUNE: margin=-18.000000, optimistic_rem(widened)=0.000000 -> cannot exceed 0.
[752.457s] PRUNE: margin=-18.000000, optimistic_rem(widened)=0.000000 -> cannot exceed 0.
[761.185s] PRUNE: margin=-18.000000, optimistic_rem(widened)=0.000000 -> cannot exceed 0.
[769.920s] PRUNE: margin=-18.000000, optimistic_rem(widened)=0.000000 -> cannot exceed 0.
[787.374s] PRUNE: margin=-18.000000, optimistic_rem(widened)=0.000000 -> cannot exceed 0.
[796.121s] PRUNE: margin=-18.000000, optimistic_rem(widened)=0.000000 -> cannot exceed 0.
[804.868s] PRUNE: margin=-18.000000, optimistic_rem(widened)=0.000000 -> cannot exceed 0.
[822.348s] PRUNE: margin=-18.000000, optimistic_rem(widened)=0.000000 -> cannot exceed 0.
[831.091s] PRUNE: margin=-18.000000, optimistic_rem(widened)=0.000000 -> cannot exceed 0.
[848.567s] PRUNE: margin=-18.000000, optimistic_rem(widened)=0.000000 -> cannot exceed 0.
[861.674s] PRUNE: margin=-18.000000, optimistic_rem(widened)=2.000000 -> cannot exceed 0.
[874.782s] PRUNE: margin=-18.000000, optimistic_rem(widened)=0.000000 -> cannot exceed 0.
[883.522s] PRUNE: margin=-18.000000, optimistic_rem(widened)=0.000000 -> cannot exceed 0.
[900.999s] PRUNE: margin=-18.000000, optimistic_rem(widened)=0.000000 -> cannot exceed 0.
[909.262s] PRUNE: margin=-16.000000, optimistic_rem(widened)=0.000000 -> cannot exceed 0.
[917.598s] PRUNE: margin=-18.000000, optimistic_rem(widened)=0.000000 -> cannot exceed 0.
[923.998s] PRUNE: margin=-18.000000, optimistic_rem(widened)=0.000000 -> cannot exceed 0.
[937.092s] PRUNE: margin=-18.000000, optimistic_rem(widened)=0.000000 -> cannot exceed 0.
[950.189s] PRUNE: margin=-16.000000, optimistic_rem(widened)=0.000000 -> cannot exceed 0.
[958.913s] PRUNE: margin=-18.000000, optimistic_rem(widened)=0.000000 -> cannot exceed 0.
[976.377s] PRUNE: margin=-16.000000, optimistic_rem(widened)=0.000000 -> cannot exceed 0.
[989.476s] PRUNE: margin=-18.000000, optimistic_rem(widened)=2.000000 -> cannot exceed 0.
[1006.945s] PRUNE: margin=-18.000000, optimistic_rem(widened)=0.000000 -> cannot exceed 0.
[1020.052s] PRUNE: margin=-18.000000, optimistic_rem(widened)=0.000000 -> cannot exceed 0.
[1028.796s] PRUNE: margin=-16.000000, optimistic_rem(widened)=0.000000 -> cannot exceed 0.
[1045.014s] PRUNE: margin=-16.000000, optimistic_rem(widened)=0.000000 -> cannot exceed 0.
[1058.141s] PRUNE: margin=-18.000000, optimistic_rem(widened)=2.000000 -> cannot exceed 0.
[1071.260s] PRUNE: margin=-18.000000, optimistic_rem(widened)=0.000000 -> cannot exceed 0.
[1088.761s] PRUNE: margin=-16.000000, optimistic_rem(widened)=0.000000 -> cannot exceed 0.
[1129.539s] PRUNE: margin=-18.000000, optimistic_rem(widened)=4.000000 -> cannot exceed 0.
[1147.953s] PRUNE: margin=-16.000000, optimistic_rem(widened)=0.000000 -> cannot exceed 0.
[1153.546s] PRUNE: margin=-16.000000, optimistic_rem(widened)=0.000000 -> cannot exceed 0.
[1161.935s] PRUNE: margin=-16.000000, optimistic_rem(widened)=0.000000 -> cannot exceed 0.
[1170.682s] PRUNE: margin=-16.000000, optimistic_rem(widened)=0.000000 -> cannot exceed 0.
[1179.429s] PRUNE: margin=-16.000000, optimistic_rem(widened)=0.000000 -> cannot exceed 0.
[1188.197s] PRUNE: margin=-16.000000, optimistic_rem(widened)=0.000000 -> cannot exceed 0.
[1196.960s] PRUNE: margin=-16.000000, optimistic_rem(widened)=0.000000 -> cannot exceed 0.
[1205.722s] PRUNE: margin=-16.000000, optimistic_rem(widened)=0.000000 -> cannot exceed 0.
[1218.847s] PRUNE: margin=-16.000000, optimistic_rem(widened)=0.000000 -> cannot exceed 0.
[1231.962s] PRUNE: margin=-16.000000, optimistic_rem(widened)=0.000000 -> cannot exceed 0.
[1240.704s] PRUNE: margin=-16.000000, optimistic_rem(widened)=0.000000 -> cannot exceed 0.
[1249.448s] PRUNE: margin=-18.000000, optimistic_rem(widened)=0.000000 -> cannot exceed 0.
[1258.162s] PRUNE: margin=-18.000000, optimistic_rem(widened)=0.000000 -> cannot exceed 0.
[1266.901s] PRUNE: margin=-18.000000, optimistic_rem(widened)=0.000000 -> cannot exceed 0.
[1275.656s] PRUNE: margin=-18.000000, optimistic_rem(widened)=0.000000 -> cannot exceed 0.
[1293.131s] PRUNE: margin=-16.000000, optimistic_rem(widened)=0.000000 -> cannot exceed 0.
[1301.869s] PRUNE: margin=-18.000000, optimistic_rem(widened)=0.000000 -> cannot exceed 0.
[1310.608s] PRUNE: margin=-18.000000, optimistic_rem(widened)=0.000000 -> cannot exceed 0.
[1319.343s] PRUNE: margin=-18.000000, optimistic_rem(widened)=0.000000 -> cannot exceed 0.
[1328.098s] PRUNE: margin=-18.000000, optimistic_rem(widened)=0.000000 -> cannot exceed 0.
[1345.573s] PRUNE: margin=-16.000000, optimistic_rem(widened)=0.000000 -> cannot exceed 0.
[1354.309s] PRUNE: margin=-18.000000, optimistic_rem(widened)=0.000000 -> cannot exceed 0.
[1362.752s] PRUNE: margin=-18.000000, optimistic_rem(widened)=0.000000 -> cannot exceed 0.
[1371.490s] PRUNE: margin=-18.000000, optimistic_rem(widened)=0.000000 -> cannot exceed 0.
[1388.623s] PRUNE: margin=-18.000000, optimistic_rem(widened)=0.000000 -> cannot exceed 0.
[1397.358s] PRUNE: margin=-18.000000, optimistic_rem(widened)=0.000000 -> cannot exceed 0.
[1405.054s] PRUNE: margin=-18.000000, optimistic_rem(widened)=0.000000 -> cannot exceed 0.
[1421.446s] PRUNE: margin=-18.000000, optimistic_rem(widened)=0.000000 -> cannot exceed 0.
[1430.185s] PRUNE: margin=-18.000000, optimistic_rem(widened)=0.000000 -> cannot exceed 0.
[1443.290s] PRUNE: margin=-18.000000, optimistic_rem(widened)=2.000000 -> cannot exceed 0.
[1452.026s] PRUNE: margin=-16.000000, optimistic_rem(widened)=0.000000 -> cannot exceed 0.
[1469.505s] PRUNE: margin=-18.000000, optimistic_rem(widened)=2.000000 -> cannot exceed 0.
[1478.242s] PRUNE: margin=-18.000000, optimistic_rem(widened)=2.000000 -> cannot exceed 0.
[1491.366s] PRUNE: margin=-18.000000, optimistic_rem(widened)=0.000000 -> cannot exceed 0.
[1497.756s] PRUNE: margin=-18.000000, optimistic_rem(widened)=0.000000 -> cannot exceed 0.
[1506.519s] PRUNE: margin=-18.000000, optimistic_rem(widened)=0.000000 -> cannot exceed 0.
[1515.265s] PRUNE: margin=-18.000000, optimistic_rem(widened)=0.000000 -> cannot exceed 0.
[1524.011s] PRUNE: margin=-18.000000, optimistic_rem(widened)=0.000000 -> cannot exceed 0.
[1541.509s] PRUNE: margin=-18.000000, optimistic_rem(widened)=0.000000 -> cannot exceed 0.
[1550.257s] PRUNE: margin=-18.000000, optimistic_rem(widened)=0.000000 -> cannot exceed 0.
[1558.992s] PRUNE: margin=-18.000000, optimistic_rem(widened)=0.000000 -> cannot exceed 0.
[1567.727s] PRUNE: margin=-18.000000, optimistic_rem(widened)=0.000000 -> cannot exceed 0.
[1583.823s] PRUNE: margin=-18.000000, optimistic_rem(widened)=0.000000 -> cannot exceed 0.
[1590.989s] PRUNE: margin=-18.000000, optimistic_rem(widened)=0.000000 -> cannot exceed 0.
[1599.635s] PRUNE: margin=-18.000000, optimistic_rem(widened)=0.000000 -> cannot exceed 0.
[1617.115s] PRUNE: margin=-18.000000, optimistic_rem(widened)=0.000000 -> cannot exceed 0.
[1625.857s] PRUNE: margin=-18.000000, optimistic_rem(widened)=0.000000 -> cannot exceed 0.
[1643.338s] PRUNE: margin=-16.000000, optimistic_rem(widened)=0.000000 -> cannot exceed 0.
[1656.441s] PRUNE: margin=-18.000000, optimistic_rem(widened)=2.000000 -> cannot exceed 0.
[1673.615s] PRUNE: margin=-18.000000, optimistic_rem(widened)=2.000000 -> cannot exceed 0.
[1682.371s] PRUNE: margin=-18.000000, optimistic_rem(widened)=2.000000 -> cannot exceed 0.
[1695.486s] PRUNE: margin=-18.000000, optimistic_rem(widened)=0.000000 -> cannot exceed 0.
[1704.226s] PRUNE: margin=-18.000000, optimistic_rem(widened)=0.000000 -> cannot exceed 0.
[1712.964s] PRUNE: margin=-18.000000, optimistic_rem(widened)=0.000000 -> cannot exceed 0.
[1721.702s] PRUNE: margin=-18.000000, optimistic_rem(widened)=0.000000 -> cannot exceed 0.
[1739.178s] PRUNE: margin=-18.000000, optimistic_rem(widened)=0.000000 -> cannot exceed 0.
[1747.915s] PRUNE: margin=-18.000000, optimistic_rem(widened)=0.000000 -> cannot exceed 0.
[1756.653s] PRUNE: margin=-18.000000, optimistic_rem(widened)=0.000000 -> cannot exceed 0.
[1774.128s] PRUNE: margin=-18.000000, optimistic_rem(widened)=0.000000 -> cannot exceed 0.
[1782.866s] PRUNE: margin=-18.000000, optimistic_rem(widened)=0.000000 -> cannot exceed 0.
[1800.343s] PRUNE: margin=-16.000000, optimistic_rem(widened)=0.000000 -> cannot exceed 0.
[1813.453s] PRUNE: margin=-18.000000, optimistic_rem(widened)=2.000000 -> cannot exceed 0.
[1826.559s] PRUNE: margin=-18.000000, optimistic_rem(widened)=0.000000 -> cannot exceed 0.
[1839.664s] PRUNE: margin=-18.000000, optimistic_rem(widened)=2.000000 -> cannot exceed 0.
[1851.512s] PRUNE: margin=-18.000000, optimistic_rem(widened)=0.000000 -> cannot exceed 0.
[1857.023s] PRUNE: margin=-18.000000, optimistic_rem(widened)=0.000000 -> cannot exceed 0.
[1864.023s] PRUNE: margin=-18.000000, optimistic_rem(widened)=0.000000 -> cannot exceed 0.
[1880.566s] PRUNE: margin=-18.000000, optimistic_rem(widened)=0.000000 -> cannot exceed 0.
[1887.772s] PRUNE: margin=-16.000000, optimistic_rem(widened)=0.000000 -> cannot exceed 0.
[1905.260s] PRUNE: margin=-16.000000, optimistic_rem(widened)=0.000000 -> cannot exceed 0.
[1918.207s] PRUNE: margin=-18.000000, optimistic_rem(widened)=2.000000 -> cannot exceed 0.
[1935.182s] PRUNE: margin=-18.000000, optimistic_rem(widened)=2.000000 -> cannot exceed 0.
[1946.214s] PRUNE: margin=-18.000000, optimistic_rem(widened)=0.000000 -> cannot exceed 0.
[1954.953s] PRUNE: margin=-18.000000, optimistic_rem(widened)=0.000000 -> cannot exceed 0.
[1968.063s] PRUNE: margin=-18.000000, optimistic_rem(widened)=2.000000 -> cannot exceed 0.
[1976.801s] PRUNE: margin=-18.000000, optimistic_rem(widened)=2.000000 -> cannot exceed 0.
[1991.740s] PRUNE: margin=-18.000000, optimistic_rem(widened)=2.000000 -> cannot exceed 0.
[2003.585s] PRUNE: margin=-16.000000, optimistic_rem(widened)=0.000000 -> cannot exceed 0.
[2016.688s] PRUNE: margin=-18.000000, optimistic_rem(widened)=2.000000 -> cannot exceed 0.
[2034.126s] PRUNE: margin=-18.000000, optimistic_rem(widened)=10.000000 -> cannot exceed 0.
[2042.861s] PRUNE: margin=-18.000000, optimistic_rem(widened)=10.000000 -> cannot exceed 0.
[2070.266s] PRUNE: margin=-18.000000, optimistic_rem(widened)=4.000000 -> cannot exceed 0.
[2079.358s] PRUNE: margin=-18.000000, optimistic_rem(widened)=12.000000 -> cannot exceed 0.
[2090.920s] PRUNE: margin=-18.000000, optimistic_rem(widened)=2.000000 -> cannot exceed 0.
[2099.664s] PRUNE: margin=-18.000000, optimistic_rem(widened)=2.000000 -> cannot exceed 0.
[2106.140s] PRUNE: margin=-18.000000, optimistic_rem(widened)=2.000000 -> cannot exceed 0.
[2113.631s] PRUNE: margin=-18.000000, optimistic_rem(widened)=2.000000 -> cannot exceed 0.
[2121.962s] PRUNE: margin=-18.000000, optimistic_rem(widened)=2.000000 -> cannot exceed 0.
[2139.444s] PRUNE: margin=-16.000000, optimistic_rem(widened)=0.000000 -> cannot exceed 0.
[2152.547s] PRUNE: margin=-18.000000, optimistic_rem(widened)=2.000000 -> cannot exceed 0.
[2181.816s] PRUNE: margin=-18.000000, optimistic_rem(widened)=4.000000 -> cannot exceed 0.
[2276.393s] PRUNE: margin=-18.000000, optimistic_rem(widened)=2.000000 -> cannot exceed 0.
[2346.302s] PRUNE: margin=-18.000000, optimistic_rem(widened)=2.000000 -> cannot exceed 0.
[2408.221s] PRUNE: margin=-16.000000, optimistic_rem(widened)=0.000000 -> cannot exceed 0.
[2447.544s] PRUNE: margin=-18.000000, optimistic_rem(widened)=4.000000 -> cannot exceed 0.
[2539.226s] PRUNE: margin=-16.000000, optimistic_rem(widened)=0.000000 -> cannot exceed 0.
[2577.580s] PRUNE: margin=-16.000000, optimistic_rem(widened)=0.000000 -> cannot exceed 0.
[2616.758s] PRUNE: margin=-18.000000, optimistic_rem(widened)=4.000000 -> cannot exceed 0.
[2638.049s] PRUNE: margin=-16.000000, optimistic_rem(widened)=0.000000 -> cannot exceed 0.
[2667.864s] PRUNE: margin=-16.000000, optimistic_rem(widened)=0.000000 -> cannot exceed 0.
[2706.216s] PRUNE: margin=-18.000000, optimistic_rem(widened)=4.000000 -> cannot exceed 0.
[2727.396s] PRUNE: margin=-16.000000, optimistic_rem(widened)=0.000000 -> cannot exceed 0.
[2751.644s] PRUNE: margin=-18.000000, optimistic_rem(widened)=2.000000 -> cannot exceed 0.
[2780.292s] PRUNE: margin=-16.000000, optimistic_rem(widened)=0.000000 -> cannot exceed 0.
[2819.618s] PRUNE: margin=-18.000000, optimistic_rem(widened)=6.000000 -> cannot exceed 0.
[2889.084s] PRUNE: margin=-18.000000, optimistic_rem(widened)=2.000000 -> cannot exceed 0.
[2954.575s] PRUNE: margin=-16.000000, optimistic_rem(widened)=0.000000 -> cannot exceed 0.
[2993.874s] PRUNE: margin=-18.000000, optimistic_rem(widened)=4.000000 -> cannot exceed 0.
[3014.415s] PRUNE: margin=-16.000000, optimistic_rem(widened)=0.000000 -> cannot exceed 0.
[3053.719s] PRUNE: margin=-16.000000, optimistic_rem(widened)=0.000000 -> cannot exceed 0.
[3086.575s] PRUNE: margin=-18.000000, optimistic_rem(widened)=4.000000 -> cannot exceed 0.
[3108.413s] PRUNE: margin=-16.000000, optimistic_rem(widened)=0.000000 -> cannot exceed 0.
[3117.154s] PRUNE: margin=-16.000000, optimistic_rem(widened)=0.000000 -> cannot exceed 0.
[3134.622s] PRUNE: margin=-18.000000, optimistic_rem(widened)=2.000000 -> cannot exceed 0.
[3165.192s] PRUNE: margin=-16.000000, optimistic_rem(widened)=0.000000 -> cannot exceed 0.
[3201.120s] PRUNE: margin=-18.000000, optimistic_rem(widened)=6.000000 -> cannot exceed 0.
[3215.754s] PRUNE: margin=-16.000000, optimistic_rem(widened)=0.000000 -> cannot exceed 0.
[3254.471s] PRUNE: margin=-18.000000, optimistic_rem(widened)=2.000000 -> cannot exceed 0.
[3287.712s] PRUNE: margin=-16.000000, optimistic_rem(widened)=0.000000 -> cannot exceed 0.
[3313.547s] PRUNE: margin=-18.000000, optimistic_rem(widened)=2.000000 -> cannot exceed 0.
[3343.123s] PRUNE: margin=-16.000000, optimistic_rem(widened)=0.000000 -> cannot exceed 0.
[3376.136s] PRUNE: margin=-18.000000, optimistic_rem(widened)=6.000000 -> cannot exceed 0.
[3392.885s] PRUNE: margin=-16.000000, optimistic_rem(widened)=0.000000 -> cannot exceed 0.
[3436.134s] PRUNE: margin=-16.000000, optimistic_rem(widened)=8.000000 -> cannot exceed 0.
[3475.470s] PRUNE: margin=-18.000000, optimistic_rem(widened)=6.000000 -> cannot exceed 0.
[3497.327s] PRUNE: margin=-16.000000, optimistic_rem(widened)=8.000000 -> cannot exceed 0.
[3523.558s] PRUNE: margin=-18.000000, optimistic_rem(widened)=12.000000 -> cannot exceed 0.
[3554.141s] PRUNE: margin=-16.000000, optimistic_rem(widened)=0.000000 -> cannot exceed 0.
[3593.496s] PRUNE: margin=-18.000000, optimistic_rem(widened)=8.000000 -> cannot exceed 0.
[3597.865s] No counterexample within budgets (BaB): no misclassification found.
STATUS: No counterexample | best_upper_margin=76.000000 | elapsed=3597.866s | pixels_changed=0 | total_bit_flips=0 | avg_hamming_per_pixel=0.000000 | patch_rows=8-9 | patch_cols=14-14 | note=no_counterexample_within_budgets
