[  0.000s] init: idx=1188 kmax=2 bmax=4 topx=2 widen=1.000 rank_fast=off
clean logits (hex):  0x87  0x82  0x83  0x82  0x82  0x83  0x83  0x83  0x83  0x83
clean logits (bits): 10000111 10000010 10000011 10000010 10000010 10000011 10000011 10000011 10000011 10000011
clean logits (double): -10.000000 -32.000000 -24.000000 -32.000000 -32.000000 -24.000000 -24.000000 -24.000000 -24.000000 -24.000000
[  0.016s] clean prediction: 0 (true label 0)
[ 13.005s] heuristic ROI: 2x2 block at rows 13-14, cols 16-17
[ 21.756s] selection: nSym=2 (from 4), topx=2, rank_fast=off
[ 21.756s] active patch: rows 13-13, cols 16-17 (derived from symPix)
[ 28.856s] Proceeding to BaB (greedy enabled).
[ 28.856s] Skipping root bound check (--no-root-bound).
[ 28.856s] BaB search starting (K<=2, B<=4, nSym=2, depth_limit=500000000, widen=1.00)...
[ 37.629s] PRUNE: margin=-14.000000, optimistic_rem(widened)=8.000000 -> cannot exceed 0.
[ 46.412s] PRUNE: margin=-14.000000, optimistic_rem(widened)=8.000000 -> cannot exceed 0.
[ 55.199s] PRUNE: margin=-14.000000, optimistic_rem(widened)=8.000000 -> cannot exceed 0.
[ 63.987s] PRUNE: margin=-14.000000, optimistic_rem(widened)=8.000000 -> cannot exceed 0.
[ 72.788s] PRUNE: margin=-14.000000, optimistic_rem(widened)=8.000000 -> cannot exceed 0.
[ 81.573s] PRUNE: margin=-14.000000, optimistic_rem(widened)=8.000000 -> cannot exceed 0.
[ 94.747s] PRUNE: margin=-14.000000, optimistic_rem(widened)=8.000000 -> cannot exceed 0.
[103.533s] PRUNE: margin=-14.000000, optimistic_rem(widened)=0.000000 -> cannot exceed 0.
[116.708s] PRUNE: margin=-14.000000, optimistic_rem(widened)=8.000000 -> cannot exceed 0.
[125.491s] PRUNE: margin=-14.000000, optimistic_rem(widened)=8.000000 -> cannot exceed 0.
[134.272s] PRUNE: margin=-14.000000, optimistic_rem(widened)=8.000000 -> cannot exceed 0.
[143.053s] PRUNE: margin=-14.000000, optimistic_rem(widened)=8.000000 -> cannot exceed 0.
[151.835s] PRUNE: margin=-14.000000, optimistic_rem(widened)=8.000000 -> cannot exceed 0.
[160.615s] PRUNE: margin=-14.000000, optimistic_rem(widened)=8.000000 -> cannot exceed 0.
[178.177s] PRUNE: margin=-14.000000, optimistic_rem(widened)=8.000000 -> cannot exceed 0.
[186.956s] PRUNE: margin=-14.000000, optimistic_rem(widened)=8.000000 -> cannot exceed 0.
[195.735s] PRUNE: margin=-14.000000, optimistic_rem(widened)=8.000000 -> cannot exceed 0.
[204.515s] PRUNE: margin=-14.000000, optimistic_rem(widened)=8.000000 -> cannot exceed 0.
[213.300s] PRUNE: margin=-14.000000, optimistic_rem(widened)=8.000000 -> cannot exceed 0.
[230.972s] PRUNE: margin=-14.000000, optimistic_rem(widened)=8.000000 -> cannot exceed 0.
[239.867s] PRUNE: margin=-14.000000, optimistic_rem(widened)=8.000000 -> cannot exceed 0.
[248.680s] PRUNE: margin=-14.000000, optimistic_rem(widened)=8.000000 -> cannot exceed 0.
[257.468s] PRUNE: margin=-14.000000, optimistic_rem(widened)=8.000000 -> cannot exceed 0.
[272.037s] PRUNE: margin=-14.000000, optimistic_rem(widened)=8.000000 -> cannot exceed 0.
[277.463s] PRUNE: margin=-14.000000, optimistic_rem(widened)=8.000000 -> cannot exceed 0.
[282.817s] PRUNE: margin=-14.000000, optimistic_rem(widened)=8.000000 -> cannot exceed 0.
[298.596s] PRUNE: margin=-14.000000, optimistic_rem(widened)=8.000000 -> cannot exceed 0.
[307.438s] PRUNE: margin=-14.000000, optimistic_rem(widened)=8.000000 -> cannot exceed 0.
[325.183s] PRUNE: margin=-14.000000, optimistic_rem(widened)=8.000000 -> cannot exceed 0.
[356.151s] PRUNE: margin=-14.000000, optimistic_rem(widened)=8.000000 -> cannot exceed 0.
[369.396s] PRUNE: margin=-14.000000, optimistic_rem(widened)=8.000000 -> cannot exceed 0.
[378.257s] PRUNE: margin=-14.000000, optimistic_rem(widened)=8.000000 -> cannot exceed 0.
[387.095s] PRUNE: margin=-14.000000, optimistic_rem(widened)=8.000000 -> cannot exceed 0.
[393.670s] PRUNE: margin=-14.000000, optimistic_rem(widened)=8.000000 -> cannot exceed 0.
[399.158s] PRUNE: margin=-14.000000, optimistic_rem(widened)=8.000000 -> cannot exceed 0.
[404.744s] PRUNE: margin=-14.000000, optimistic_rem(widened)=8.000000 -> cannot exceed 0.
[415.678s] PRUNE: margin=-14.000000, optimistic_rem(widened)=8.000000 -> cannot exceed 0.
[421.014s] PRUNE: margin=-14.000000, optimistic_rem(widened)=8.000000 -> cannot exceed 0.
[427.574s] PRUNE: margin=-14.000000, optimistic_rem(widened)=8.000000 -> cannot exceed 0.
[436.353s] PRUNE: margin=-14.000000, optimistic_rem(widened)=8.000000 -> cannot exceed 0.
[445.133s] PRUNE: margin=-14.000000, optimistic_rem(widened)=8.000000 -> cannot exceed 0.
[462.329s] PRUNE: margin=-14.000000, optimistic_rem(widened)=8.000000 -> cannot exceed 0.
[467.680s] PRUNE: margin=-14.000000, optimistic_rem(widened)=8.000000 -> cannot exceed 0.
[476.302s] PRUNE: margin=-14.000000, optimistic_rem(widened)=8.000000 -> cannot exceed 0.
[484.234s] PRUNE: margin=-14.000000, optimistic_rem(widened)=8.000000 -> cannot exceed 0.
[498.619s] PRUNE: margin=-14.000000, optimistic_rem(widened)=8.000000 -> cannot exceed 0.
[507.506s] PRUNE: margin=-14.000000, optimistic_rem(widened)=8.000000 -> cannot exceed 0.
[516.390s] PRUNE: margin=-14.000000, optimistic_rem(widened)=8.000000 -> cannot exceed 0.
[533.921s] PRUNE: margin=-14.000000, optimistic_rem(widened)=8.000000 -> cannot exceed 0.
[542.688s] PRUNE: margin=-14.000000, optimistic_rem(widened)=8.000000 -> cannot exceed 0.
[560.222s] PRUNE: margin=-14.000000, optimistic_rem(widened)=8.000000 -> cannot exceed 0.
[586.520s] PRUNE: margin=-14.000000, optimistic_rem(widened)=8.000000 -> cannot exceed 0.
[595.285s] PRUNE: margin=-14.000000, optimistic_rem(widened)=8.000000 -> cannot exceed 0.
[604.053s] PRUNE: margin=-14.000000, optimistic_rem(widened)=8.000000 -> cannot exceed 0.
[612.820s] PRUNE: margin=-14.000000, optimistic_rem(widened)=8.000000 -> cannot exceed 0.
[630.365s] PRUNE: margin=-14.000000, optimistic_rem(widened)=8.000000 -> cannot exceed 0.
[639.141s] PRUNE: margin=-14.000000, optimistic_rem(widened)=14.000000 -> cannot exceed 0.
[656.683s] PRUNE: margin=-14.000000, optimistic_rem(widened)=14.000000 -> cannot exceed 0.
[682.985s] PRUNE: margin=-14.000000, optimistic_rem(widened)=8.000000 -> cannot exceed 0.
[696.141s] PRUNE: margin=-14.000000, optimistic_rem(widened)=8.000000 -> cannot exceed 0.
[713.678s] No counterexample within budgets (BaB): no misclassification found.
STATUS: No counterexample | best_upper_margin=10.000000 | elapsed=713.678s | pixels_changed=0 | total_bit_flips=0 | avg_hamming_per_pixel=0.000000 | patch_rows=13-13 | patch_cols=16-17 | note=no_counterexample_within_budgets
