[  0.000s] init: idx=6459 kmax=2 bmax=4 topx=2 widen=1.000 rank_fast=off
clean logits (hex):  0x82  0x81  0x82  0x82  0x82  0x82  0x87  0x81  0x82  0x82
clean logits (bits): 10000010 10000001 10000010 10000010 10000010 10000010 10000111 10000001 10000010 10000010
clean logits (double): -32.000000 -64.000000 -32.000000 -32.000000 -32.000000 -32.000000 -10.000000 -64.000000 -32.000000 -32.000000
[  0.017s] clean prediction: 6 (true label 6)
[ 12.984s] heuristic ROI: 2x2 block at rows 8-9, cols 20-21
[ 21.709s] selection: nSym=2 (from 4), topx=2, rank_fast=off
[ 21.709s] active patch: rows 8-9, cols 20-21 (derived from symPix)
[ 30.487s] Proceeding to BaB (greedy enabled).
[ 30.488s] Skipping root bound check (--no-root-bound).
[ 30.488s] BaB search starting (K<=2, B<=4, nSym=2, depth_limit=500000000, widen=1.00)...
[ 38.174s] PRUNE: margin=-14.000000, optimistic_rem(widened)=0.000000 -> cannot exceed 0.
[256.492s] PRUNE: margin=-14.000000, optimistic_rem(widened)=0.000000 -> cannot exceed 0.
[265.235s] PRUNE: margin=-14.000000, optimistic_rem(widened)=0.000000 -> cannot exceed 0.
[273.999s] PRUNE: margin=-14.000000, optimistic_rem(widened)=0.000000 -> cannot exceed 0.
[282.745s] PRUNE: margin=-14.000000, optimistic_rem(widened)=0.000000 -> cannot exceed 0.
[291.509s] PRUNE: margin=-22.000000, optimistic_rem(widened)=0.000000 -> cannot exceed 0.
[300.252s] PRUNE: margin=-22.000000, optimistic_rem(widened)=0.000000 -> cannot exceed 0.
[308.995s] PRUNE: margin=-14.000000, optimistic_rem(widened)=0.000000 -> cannot exceed 0.
[317.744s] PRUNE: margin=-14.000000, optimistic_rem(widened)=0.000000 -> cannot exceed 0.
[467.206s] PRUNE: margin=-14.000000, optimistic_rem(widened)=0.000000 -> cannot exceed 0.
[472.902s] PRUNE: margin=-14.000000, optimistic_rem(widened)=0.000000 -> cannot exceed 0.
[478.771s] PRUNE: margin=-14.000000, optimistic_rem(widened)=0.000000 -> cannot exceed 0.
[484.988s] PRUNE: margin=-14.000000, optimistic_rem(widened)=0.000000 -> cannot exceed 0.
[490.849s] PRUNE: margin=-22.000000, optimistic_rem(widened)=0.000000 -> cannot exceed 0.
[497.289s] PRUNE: margin=-22.000000, optimistic_rem(widened)=0.000000 -> cannot exceed 0.
[503.329s] PRUNE: margin=-14.000000, optimistic_rem(widened)=0.000000 -> cannot exceed 0.
[511.714s] PRUNE: margin=-14.000000, optimistic_rem(widened)=0.000000 -> cannot exceed 0.
[620.558s] PRUNE: margin=-14.000000, optimistic_rem(widened)=0.000000 -> cannot exceed 0.
[629.303s] PRUNE: margin=-14.000000, optimistic_rem(widened)=0.000000 -> cannot exceed 0.
[636.874s] PRUNE: margin=-14.000000, optimistic_rem(widened)=0.000000 -> cannot exceed 0.
[645.249s] PRUNE: margin=-14.000000, optimistic_rem(widened)=0.000000 -> cannot exceed 0.
[653.999s] PRUNE: margin=-14.000000, optimistic_rem(widened)=0.000000 -> cannot exceed 0.
[662.749s] PRUNE: margin=-16.000000, optimistic_rem(widened)=0.000000 -> cannot exceed 0.
[671.500s] PRUNE: margin=-16.000000, optimistic_rem(widened)=0.000000 -> cannot exceed 0.
[680.252s] PRUNE: margin=-14.000000, optimistic_rem(widened)=0.000000 -> cannot exceed 0.
[741.566s] PRUNE: margin=-14.000000, optimistic_rem(widened)=0.000000 -> cannot exceed 0.
[750.315s] PRUNE: margin=-14.000000, optimistic_rem(widened)=0.000000 -> cannot exceed 0.
[759.065s] PRUNE: margin=-14.000000, optimistic_rem(widened)=0.000000 -> cannot exceed 0.
[767.814s] PRUNE: margin=-16.000000, optimistic_rem(widened)=0.000000 -> cannot exceed 0.
[776.570s] PRUNE: margin=-14.000000, optimistic_rem(widened)=0.000000 -> cannot exceed 0.
[785.323s] PRUNE: margin=-14.000000, optimistic_rem(widened)=0.000000 -> cannot exceed 0.
[794.073s] PRUNE: margin=-16.000000, optimistic_rem(widened)=0.000000 -> cannot exceed 0.
[802.824s] PRUNE: margin=-14.000000, optimistic_rem(widened)=0.000000 -> cannot exceed 0.
[820.323s] PRUNE: margin=-14.000000, optimistic_rem(widened)=0.000000 -> cannot exceed 0.
[829.074s] PRUNE: margin=-14.000000, optimistic_rem(widened)=0.000000 -> cannot exceed 0.
[837.826s] PRUNE: margin=-14.000000, optimistic_rem(widened)=0.000000 -> cannot exceed 0.
[846.580s] PRUNE: margin=-14.000000, optimistic_rem(widened)=0.000000 -> cannot exceed 0.
[855.333s] PRUNE: margin=-14.000000, optimistic_rem(widened)=0.000000 -> cannot exceed 0.
[863.988s] PRUNE: margin=-14.000000, optimistic_rem(widened)=0.000000 -> cannot exceed 0.
[869.823s] PRUNE: margin=-14.000000, optimistic_rem(widened)=0.000000 -> cannot exceed 0.
[878.082s] PRUNE: margin=-14.000000, optimistic_rem(widened)=0.000000 -> cannot exceed 0.
[891.200s] PRUNE: margin=-14.000000, optimistic_rem(widened)=0.000000 -> cannot exceed 0.
[899.941s] PRUNE: margin=-14.000000, optimistic_rem(widened)=0.000000 -> cannot exceed 0.
[908.682s] PRUNE: margin=-14.000000, optimistic_rem(widened)=0.000000 -> cannot exceed 0.
[917.424s] PRUNE: margin=-14.000000, optimistic_rem(widened)=0.000000 -> cannot exceed 0.
[926.165s] PRUNE: margin=-22.000000, optimistic_rem(widened)=8.000000 -> cannot exceed 0.
[934.907s] PRUNE: margin=-22.000000, optimistic_rem(widened)=8.000000 -> cannot exceed 0.
[948.027s] PRUNE: margin=-14.000000, optimistic_rem(widened)=0.000000 -> cannot exceed 0.
[1115.605s] PRUNE: margin=-14.000000, optimistic_rem(widened)=0.000000 -> cannot exceed 0.
[1124.356s] PRUNE: margin=-14.000000, optimistic_rem(widened)=0.000000 -> cannot exceed 0.
[1133.108s] PRUNE: margin=-14.000000, optimistic_rem(widened)=0.000000 -> cannot exceed 0.
[1141.860s] PRUNE: margin=-14.000000, optimistic_rem(widened)=0.000000 -> cannot exceed 0.
[1150.627s] PRUNE: margin=-22.000000, optimistic_rem(widened)=0.000000 -> cannot exceed 0.
[1159.379s] PRUNE: margin=-22.000000, optimistic_rem(widened)=0.000000 -> cannot exceed 0.
[1168.132s] PRUNE: margin=-14.000000, optimistic_rem(widened)=0.000000 -> cannot exceed 0.
[1176.887s] PRUNE: margin=-14.000000, optimistic_rem(widened)=0.000000 -> cannot exceed 0.
[1284.859s] PRUNE: margin=-14.000000, optimistic_rem(widened)=0.000000 -> cannot exceed 0.
[1291.093s] PRUNE: margin=-14.000000, optimistic_rem(widened)=0.000000 -> cannot exceed 0.
[1299.546s] PRUNE: margin=-14.000000, optimistic_rem(widened)=0.000000 -> cannot exceed 0.
[1308.299s] PRUNE: margin=-14.000000, optimistic_rem(widened)=0.000000 -> cannot exceed 0.
[1317.053s] PRUNE: margin=-14.000000, optimistic_rem(widened)=0.000000 -> cannot exceed 0.
[1325.801s] PRUNE: margin=-16.000000, optimistic_rem(widened)=0.000000 -> cannot exceed 0.
[1334.553s] PRUNE: margin=-16.000000, optimistic_rem(widened)=0.000000 -> cannot exceed 0.
[1343.309s] PRUNE: margin=-14.000000, optimistic_rem(widened)=0.000000 -> cannot exceed 0.
[1404.579s] PRUNE: margin=-14.000000, optimistic_rem(widened)=0.000000 -> cannot exceed 0.
[1412.663s] PRUNE: margin=-14.000000, optimistic_rem(widened)=0.000000 -> cannot exceed 0.
[1420.385s] PRUNE: margin=-14.000000, optimistic_rem(widened)=0.000000 -> cannot exceed 0.
[1426.201s] PRUNE: margin=-16.000000, optimistic_rem(widened)=0.000000 -> cannot exceed 0.
[1432.086s] PRUNE: margin=-14.000000, optimistic_rem(widened)=0.000000 -> cannot exceed 0.
[1440.300s] PRUNE: margin=-14.000000, optimistic_rem(widened)=0.000000 -> cannot exceed 0.
[1449.054s] PRUNE: margin=-16.000000, optimistic_rem(widened)=0.000000 -> cannot exceed 0.
[1457.810s] PRUNE: margin=-14.000000, optimistic_rem(widened)=0.000000 -> cannot exceed 0.
[1475.318s] PRUNE: margin=-14.000000, optimistic_rem(widened)=0.000000 -> cannot exceed 0.
[1484.085s] PRUNE: margin=-14.000000, optimistic_rem(widened)=0.000000 -> cannot exceed 0.
[1492.840s] PRUNE: margin=-14.000000, optimistic_rem(widened)=0.000000 -> cannot exceed 0.
[1501.598s] PRUNE: margin=-14.000000, optimistic_rem(widened)=0.000000 -> cannot exceed 0.
[1510.357s] PRUNE: margin=-14.000000, optimistic_rem(widened)=0.000000 -> cannot exceed 0.
[1519.124s] PRUNE: margin=-14.000000, optimistic_rem(widened)=0.000000 -> cannot exceed 0.
[1527.880s] PRUNE: margin=-14.000000, optimistic_rem(widened)=0.000000 -> cannot exceed 0.
[1536.640s] PRUNE: margin=-14.000000, optimistic_rem(widened)=0.000000 -> cannot exceed 0.
[1549.773s] PRUNE: margin=-14.000000, optimistic_rem(widened)=0.000000 -> cannot exceed 0.
[1558.523s] PRUNE: margin=-14.000000, optimistic_rem(widened)=0.000000 -> cannot exceed 0.
[1567.274s] PRUNE: margin=-14.000000, optimistic_rem(widened)=0.000000 -> cannot exceed 0.
[1575.526s] PRUNE: margin=-14.000000, optimistic_rem(widened)=0.000000 -> cannot exceed 0.
[1584.267s] PRUNE: margin=-22.000000, optimistic_rem(widened)=8.000000 -> cannot exceed 0.
[1593.007s] PRUNE: margin=-22.000000, optimistic_rem(widened)=8.000000 -> cannot exceed 0.
[1605.697s] PRUNE: margin=-14.000000, optimistic_rem(widened)=0.000000 -> cannot exceed 0.
[1732.639s] PRUNE: margin=-14.000000, optimistic_rem(widened)=0.000000 -> cannot exceed 0.
[1741.393s] PRUNE: margin=-14.000000, optimistic_rem(widened)=0.000000 -> cannot exceed 0.
[1750.134s] PRUNE: margin=-14.000000, optimistic_rem(widened)=0.000000 -> cannot exceed 0.
[1758.874s] PRUNE: margin=-14.000000, optimistic_rem(widened)=0.000000 -> cannot exceed 0.
[1767.616s] PRUNE: margin=-16.000000, optimistic_rem(widened)=0.000000 -> cannot exceed 0.
[1776.366s] PRUNE: margin=-16.000000, optimistic_rem(widened)=0.000000 -> cannot exceed 0.
[1783.311s] PRUNE: margin=-16.000000, optimistic_rem(widened)=0.000000 -> cannot exceed 0.
[1790.406s] PRUNE: margin=-14.000000, optimistic_rem(widened)=0.000000 -> cannot exceed 0.
[1851.643s] PRUNE: margin=-14.000000, optimistic_rem(widened)=0.000000 -> cannot exceed 0.
[1860.388s] PRUNE: margin=-14.000000, optimistic_rem(widened)=0.000000 -> cannot exceed 0.
[1869.135s] PRUNE: margin=-14.000000, optimistic_rem(widened)=0.000000 -> cannot exceed 0.
[1877.881s] PRUNE: margin=-16.000000, optimistic_rem(widened)=0.000000 -> cannot exceed 0.
[1886.403s] PRUNE: margin=-14.000000, optimistic_rem(widened)=0.000000 -> cannot exceed 0.
[1892.794s] PRUNE: margin=-14.000000, optimistic_rem(widened)=0.000000 -> cannot exceed 0.
[1900.272s] PRUNE: margin=-16.000000, optimistic_rem(widened)=0.000000 -> cannot exceed 0.
[1909.020s] PRUNE: margin=-14.000000, optimistic_rem(widened)=0.000000 -> cannot exceed 0.
[1926.508s] PRUNE: margin=-14.000000, optimistic_rem(widened)=0.000000 -> cannot exceed 0.
[1935.254s] PRUNE: margin=-14.000000, optimistic_rem(widened)=0.000000 -> cannot exceed 0.
[1944.000s] PRUNE: margin=-14.000000, optimistic_rem(widened)=0.000000 -> cannot exceed 0.
[1952.746s] PRUNE: margin=-14.000000, optimistic_rem(widened)=0.000000 -> cannot exceed 0.
[1961.491s] PRUNE: margin=-14.000000, optimistic_rem(widened)=0.000000 -> cannot exceed 0.
[1970.236s] PRUNE: margin=-14.000000, optimistic_rem(widened)=0.000000 -> cannot exceed 0.
[1978.981s] PRUNE: margin=-14.000000, optimistic_rem(widened)=0.000000 -> cannot exceed 0.
[1986.506s] PRUNE: margin=-14.000000, optimistic_rem(widened)=0.000000 -> cannot exceed 0.
[1995.747s] PRUNE: margin=-14.000000, optimistic_rem(widened)=0.000000 -> cannot exceed 0.
[2004.503s] PRUNE: margin=-14.000000, optimistic_rem(widened)=0.000000 -> cannot exceed 0.
[2013.261s] PRUNE: margin=-14.000000, optimistic_rem(widened)=0.000000 -> cannot exceed 0.
[2022.017s] PRUNE: margin=-14.000000, optimistic_rem(widened)=0.000000 -> cannot exceed 0.
[2030.773s] PRUNE: margin=-22.000000, optimistic_rem(widened)=8.000000 -> cannot exceed 0.
[2037.343s] PRUNE: margin=-22.000000, optimistic_rem(widened)=8.000000 -> cannot exceed 0.
[2046.194s] PRUNE: margin=-14.000000, optimistic_rem(widened)=0.000000 -> cannot exceed 0.
[2111.517s] PRUNE: margin=-14.000000, optimistic_rem(widened)=0.000000 -> cannot exceed 0.
[2120.275s] PRUNE: margin=-14.000000, optimistic_rem(widened)=0.000000 -> cannot exceed 0.
[2129.031s] PRUNE: margin=-14.000000, optimistic_rem(widened)=0.000000 -> cannot exceed 0.
[2137.791s] PRUNE: margin=-14.000000, optimistic_rem(widened)=0.000000 -> cannot exceed 0.
[2146.552s] PRUNE: margin=-14.000000, optimistic_rem(widened)=0.000000 -> cannot exceed 0.
[2155.309s] PRUNE: margin=-16.000000, optimistic_rem(widened)=0.000000 -> cannot exceed 0.
[2164.070s] PRUNE: margin=-14.000000, optimistic_rem(widened)=0.000000 -> cannot exceed 0.
[2172.836s] PRUNE: margin=-14.000000, optimistic_rem(widened)=0.000000 -> cannot exceed 0.
[2190.356s] PRUNE: margin=-14.000000, optimistic_rem(widened)=0.000000 -> cannot exceed 0.
[2199.118s] PRUNE: margin=-14.000000, optimistic_rem(widened)=0.000000 -> cannot exceed 0.
[2207.883s] PRUNE: margin=-14.000000, optimistic_rem(widened)=0.000000 -> cannot exceed 0.
[2216.643s] PRUNE: margin=-14.000000, optimistic_rem(widened)=0.000000 -> cannot exceed 0.
[2225.400s] PRUNE: margin=-14.000000, optimistic_rem(widened)=0.000000 -> cannot exceed 0.
[2234.153s] PRUNE: margin=-14.000000, optimistic_rem(widened)=0.000000 -> cannot exceed 0.
[2242.910s] PRUNE: margin=-14.000000, optimistic_rem(widened)=0.000000 -> cannot exceed 0.
[2251.671s] PRUNE: margin=-14.000000, optimistic_rem(widened)=0.000000 -> cannot exceed 0.
[2264.807s] PRUNE: margin=-14.000000, optimistic_rem(widened)=0.000000 -> cannot exceed 0.
[2273.562s] PRUNE: margin=-14.000000, optimistic_rem(widened)=0.000000 -> cannot exceed 0.
[2282.168s] PRUNE: margin=-14.000000, optimistic_rem(widened)=0.000000 -> cannot exceed 0.
[2290.921s] PRUNE: margin=-14.000000, optimistic_rem(widened)=0.000000 -> cannot exceed 0.
[2299.680s] PRUNE: margin=-22.000000, optimistic_rem(widened)=8.000000 -> cannot exceed 0.
[2308.435s] PRUNE: margin=-22.000000, optimistic_rem(widened)=8.000000 -> cannot exceed 0.
[2321.341s] PRUNE: margin=-14.000000, optimistic_rem(widened)=0.000000 -> cannot exceed 0.
[2346.903s] PRUNE: margin=-14.000000, optimistic_rem(widened)=0.000000 -> cannot exceed 0.
[2353.889s] PRUNE: margin=-14.000000, optimistic_rem(widened)=0.000000 -> cannot exceed 0.
[2362.273s] PRUNE: margin=-14.000000, optimistic_rem(widened)=0.000000 -> cannot exceed 0.
[2371.028s] PRUNE: margin=-14.000000, optimistic_rem(widened)=0.000000 -> cannot exceed 0.
[2379.781s] PRUNE: margin=-14.000000, optimistic_rem(widened)=0.000000 -> cannot exceed 0.
[2385.938s] PRUNE: margin=-14.000000, optimistic_rem(widened)=0.000000 -> cannot exceed 0.
[2391.585s] PRUNE: margin=-14.000000, optimistic_rem(widened)=0.000000 -> cannot exceed 0.
[2397.547s] PRUNE: margin=-14.000000, optimistic_rem(widened)=0.000000 -> cannot exceed 0.
[2409.571s] PRUNE: margin=-14.000000, optimistic_rem(widened)=0.000000 -> cannot exceed 0.
[2418.330s] PRUNE: margin=-14.000000, optimistic_rem(widened)=0.000000 -> cannot exceed 0.
[2427.085s] PRUNE: margin=-14.000000, optimistic_rem(widened)=0.000000 -> cannot exceed 0.
[2434.947s] PRUNE: margin=-16.000000, optimistic_rem(widened)=2.000000 -> cannot exceed 0.
[2440.859s] PRUNE: margin=-14.000000, optimistic_rem(widened)=0.000000 -> cannot exceed 0.
[2447.304s] PRUNE: margin=-14.000000, optimistic_rem(widened)=0.000000 -> cannot exceed 0.
[2455.449s] PRUNE: margin=-16.000000, optimistic_rem(widened)=2.000000 -> cannot exceed 0.
[2481.494s] PRUNE: margin=-14.000000, optimistic_rem(widened)=0.000000 -> cannot exceed 0.
[2487.977s] PRUNE: margin=-14.000000, optimistic_rem(widened)=0.000000 -> cannot exceed 0.
[2495.884s] PRUNE: margin=-14.000000, optimistic_rem(widened)=0.000000 -> cannot exceed 0.
[2504.641s] PRUNE: margin=-14.000000, optimistic_rem(widened)=0.000000 -> cannot exceed 0.
[2517.778s] PRUNE: margin=-14.000000, optimistic_rem(widened)=0.000000 -> cannot exceed 0.
[2524.827s] PRUNE: margin=-14.000000, optimistic_rem(widened)=0.000000 -> cannot exceed 0.
[2532.477s] PRUNE: margin=-14.000000, optimistic_rem(widened)=0.000000 -> cannot exceed 0.
[2549.990s] PRUNE: margin=-14.000000, optimistic_rem(widened)=0.000000 -> cannot exceed 0.
[2558.754s] PRUNE: margin=-14.000000, optimistic_rem(widened)=0.000000 -> cannot exceed 0.
[2574.212s] PRUNE: margin=-14.000000, optimistic_rem(widened)=0.000000 -> cannot exceed 0.
[2599.536s] PRUNE: margin=-14.000000, optimistic_rem(widened)=0.000000 -> cannot exceed 0.
[2606.026s] PRUNE: margin=-14.000000, optimistic_rem(widened)=0.000000 -> cannot exceed 0.
[2611.730s] PRUNE: margin=-14.000000, optimistic_rem(widened)=0.000000 -> cannot exceed 0.
[2617.370s] PRUNE: margin=-14.000000, optimistic_rem(widened)=0.000000 -> cannot exceed 0.
[2623.290s] PRUNE: margin=-22.000000, optimistic_rem(widened)=16.000000 -> cannot exceed 0.
[2632.029s] PRUNE: margin=-22.000000, optimistic_rem(widened)=16.000000 -> cannot exceed 0.
[2645.142s] PRUNE: margin=-14.000000, optimistic_rem(widened)=0.000000 -> cannot exceed 0.
[2680.083s] PRUNE: margin=-22.000000, optimistic_rem(widened)=16.000000 -> cannot exceed 0.
[2688.792s] PRUNE: margin=-22.000000, optimistic_rem(widened)=16.000000 -> cannot exceed 0.
[2696.468s] PRUNE: margin=-22.000000, optimistic_rem(widened)=16.000000 -> cannot exceed 0.
[2705.211s] PRUNE: margin=-22.000000, optimistic_rem(widened)=16.000000 -> cannot exceed 0.
[2713.957s] PRUNE: margin=-22.000000, optimistic_rem(widened)=8.000000 -> cannot exceed 0.
[2722.700s] PRUNE: margin=-22.000000, optimistic_rem(widened)=8.000000 -> cannot exceed 0.
[2731.444s] PRUNE: margin=-22.000000, optimistic_rem(widened)=8.000000 -> cannot exceed 0.
[2739.391s] PRUNE: margin=-22.000000, optimistic_rem(widened)=8.000000 -> cannot exceed 0.
[2747.987s] PRUNE: margin=-22.000000, optimistic_rem(widened)=0.000000 -> cannot exceed 0.
[2756.733s] PRUNE: margin=-22.000000, optimistic_rem(widened)=0.000000 -> cannot exceed 0.
[2765.483s] PRUNE: margin=-22.000000, optimistic_rem(widened)=8.000000 -> cannot exceed 0.
[2773.348s] PRUNE: margin=-22.000000, optimistic_rem(widened)=8.000000 -> cannot exceed 0.
[2786.180s] PRUNE: margin=-22.000000, optimistic_rem(widened)=16.000000 -> cannot exceed 0.
[2799.288s] PRUNE: margin=-14.000000, optimistic_rem(widened)=0.000000 -> cannot exceed 0.
[2808.029s] PRUNE: margin=-22.000000, optimistic_rem(widened)=16.000000 -> cannot exceed 0.
[2816.771s] PRUNE: margin=-22.000000, optimistic_rem(widened)=8.000000 -> cannot exceed 0.
[2825.515s] PRUNE: margin=-22.000000, optimistic_rem(widened)=8.000000 -> cannot exceed 0.
[2834.254s] PRUNE: margin=-22.000000, optimistic_rem(widened)=8.000000 -> cannot exceed 0.
[2842.990s] PRUNE: margin=-22.000000, optimistic_rem(widened)=8.000000 -> cannot exceed 0.
[2851.729s] PRUNE: margin=-22.000000, optimistic_rem(widened)=8.000000 -> cannot exceed 0.
[2860.466s] PRUNE: margin=-22.000000, optimistic_rem(widened)=8.000000 -> cannot exceed 0.
[2869.205s] PRUNE: margin=-22.000000, optimistic_rem(widened)=6.000000 -> cannot exceed 0.
[2877.946s] PRUNE: margin=-22.000000, optimistic_rem(widened)=8.000000 -> cannot exceed 0.
[2893.972s] PRUNE: margin=-14.000000, optimistic_rem(widened)=0.000000 -> cannot exceed 0.
[2900.241s] PRUNE: margin=-22.000000, optimistic_rem(widened)=8.000000 -> cannot exceed 0.
[2906.014s] PRUNE: margin=-22.000000, optimistic_rem(widened)=8.000000 -> cannot exceed 0.
[2913.090s] PRUNE: margin=-22.000000, optimistic_rem(widened)=8.000000 -> cannot exceed 0.
[2921.838s] PRUNE: margin=-22.000000, optimistic_rem(widened)=8.000000 -> cannot exceed 0.
[2930.587s] PRUNE: margin=-22.000000, optimistic_rem(widened)=8.000000 -> cannot exceed 0.
[2939.331s] PRUNE: margin=-22.000000, optimistic_rem(widened)=8.000000 -> cannot exceed 0.
[2948.070s] PRUNE: margin=-22.000000, optimistic_rem(widened)=6.000000 -> cannot exceed 0.
[2956.025s] PRUNE: margin=-22.000000, optimistic_rem(widened)=8.000000 -> cannot exceed 0.
[2971.670s] PRUNE: margin=-22.000000, optimistic_rem(widened)=8.000000 -> cannot exceed 0.
[2980.015s] PRUNE: margin=-22.000000, optimistic_rem(widened)=8.000000 -> cannot exceed 0.
[2988.359s] PRUNE: margin=-22.000000, optimistic_rem(widened)=8.000000 -> cannot exceed 0.
[2996.704s] PRUNE: margin=-22.000000, optimistic_rem(widened)=8.000000 -> cannot exceed 0.
[3005.454s] PRUNE: margin=-22.000000, optimistic_rem(widened)=8.000000 -> cannot exceed 0.
[3014.199s] PRUNE: margin=-22.000000, optimistic_rem(widened)=8.000000 -> cannot exceed 0.
[3022.940s] PRUNE: margin=-22.000000, optimistic_rem(widened)=8.000000 -> cannot exceed 0.
[3031.686s] PRUNE: margin=-22.000000, optimistic_rem(widened)=8.000000 -> cannot exceed 0.
[3044.801s] PRUNE: margin=-22.000000, optimistic_rem(widened)=16.000000 -> cannot exceed 0.
[3053.547s] PRUNE: margin=-22.000000, optimistic_rem(widened)=16.000000 -> cannot exceed 0.
[3062.296s] PRUNE: margin=-22.000000, optimistic_rem(widened)=16.000000 -> cannot exceed 0.
[3071.049s] PRUNE: margin=-22.000000, optimistic_rem(widened)=16.000000 -> cannot exceed 0.
[3079.801s] PRUNE: margin=-22.000000, optimistic_rem(widened)=0.000000 -> cannot exceed 0.
[3088.547s] PRUNE: margin=-22.000000, optimistic_rem(widened)=0.000000 -> cannot exceed 0.
[3097.295s] PRUNE: margin=-22.000000, optimistic_rem(widened)=8.000000 -> cannot exceed 0.
[3106.051s] PRUNE: margin=-22.000000, optimistic_rem(widened)=16.000000 -> cannot exceed 0.
[3120.356s] PRUNE: margin=-22.000000, optimistic_rem(widened)=16.000000 -> cannot exceed 0.
[3133.479s] PRUNE: margin=-14.000000, optimistic_rem(widened)=0.000000 -> cannot exceed 0.
[3142.225s] PRUNE: margin=-22.000000, optimistic_rem(widened)=16.000000 -> cannot exceed 0.
[3150.974s] PRUNE: margin=-22.000000, optimistic_rem(widened)=8.000000 -> cannot exceed 0.
[3159.719s] PRUNE: margin=-22.000000, optimistic_rem(widened)=8.000000 -> cannot exceed 0.
[3168.466s] PRUNE: margin=-22.000000, optimistic_rem(widened)=8.000000 -> cannot exceed 0.
[3176.088s] PRUNE: margin=-22.000000, optimistic_rem(widened)=8.000000 -> cannot exceed 0.
[3183.992s] PRUNE: margin=-22.000000, optimistic_rem(widened)=8.000000 -> cannot exceed 0.
[3192.747s] PRUNE: margin=-22.000000, optimistic_rem(widened)=8.000000 -> cannot exceed 0.
[3201.497s] PRUNE: margin=-22.000000, optimistic_rem(widened)=6.000000 -> cannot exceed 0.
[3210.251s] PRUNE: margin=-22.000000, optimistic_rem(widened)=8.000000 -> cannot exceed 0.
[3227.753s] PRUNE: margin=-14.000000, optimistic_rem(widened)=0.000000 -> cannot exceed 0.
[3236.506s] PRUNE: margin=-22.000000, optimistic_rem(widened)=8.000000 -> cannot exceed 0.
[3245.258s] PRUNE: margin=-22.000000, optimistic_rem(widened)=8.000000 -> cannot exceed 0.
[3254.009s] PRUNE: margin=-22.000000, optimistic_rem(widened)=8.000000 -> cannot exceed 0.
[3262.761s] PRUNE: margin=-22.000000, optimistic_rem(widened)=8.000000 -> cannot exceed 0.
[3271.518s] PRUNE: margin=-22.000000, optimistic_rem(widened)=8.000000 -> cannot exceed 0.
[3280.270s] PRUNE: margin=-22.000000, optimistic_rem(widened)=8.000000 -> cannot exceed 0.
[3289.033s] PRUNE: margin=-22.000000, optimistic_rem(widened)=6.000000 -> cannot exceed 0.
[3297.792s] PRUNE: margin=-22.000000, optimistic_rem(widened)=8.000000 -> cannot exceed 0.
[3315.300s] PRUNE: margin=-22.000000, optimistic_rem(widened)=8.000000 -> cannot exceed 0.
[3321.254s] PRUNE: margin=-22.000000, optimistic_rem(widened)=8.000000 -> cannot exceed 0.
[3328.599s] PRUNE: margin=-22.000000, optimistic_rem(widened)=8.000000 -> cannot exceed 0.
[3337.047s] PRUNE: margin=-22.000000, optimistic_rem(widened)=8.000000 -> cannot exceed 0.
[3345.785s] PRUNE: margin=-22.000000, optimistic_rem(widened)=8.000000 -> cannot exceed 0.
[3354.259s] PRUNE: margin=-22.000000, optimistic_rem(widened)=8.000000 -> cannot exceed 0.
[3362.996s] PRUNE: margin=-22.000000, optimistic_rem(widened)=8.000000 -> cannot exceed 0.
[3371.736s] PRUNE: margin=-22.000000, optimistic_rem(widened)=8.000000 -> cannot exceed 0.
[3384.489s] PRUNE: margin=-22.000000, optimistic_rem(widened)=16.000000 -> cannot exceed 0.
[3393.240s] PRUNE: margin=-22.000000, optimistic_rem(widened)=16.000000 -> cannot exceed 0.
[3401.990s] PRUNE: margin=-22.000000, optimistic_rem(widened)=16.000000 -> cannot exceed 0.
[3410.740s] PRUNE: margin=-22.000000, optimistic_rem(widened)=16.000000 -> cannot exceed 0.
[3419.489s] PRUNE: margin=-22.000000, optimistic_rem(widened)=0.000000 -> cannot exceed 0.
[3428.238s] PRUNE: margin=-22.000000, optimistic_rem(widened)=0.000000 -> cannot exceed 0.
[3436.147s] PRUNE: margin=-22.000000, optimistic_rem(widened)=8.000000 -> cannot exceed 0.
[3442.115s] PRUNE: margin=-22.000000, optimistic_rem(widened)=16.000000 -> cannot exceed 0.
[3456.697s] PRUNE: margin=-14.000000, optimistic_rem(widened)=0.000000 -> cannot exceed 0.
[3462.906s] PRUNE: margin=-22.000000, optimistic_rem(widened)=16.000000 -> cannot exceed 0.
[3470.153s] PRUNE: margin=-22.000000, optimistic_rem(widened)=8.000000 -> cannot exceed 0.
[3478.895s] PRUNE: margin=-22.000000, optimistic_rem(widened)=8.000000 -> cannot exceed 0.
[3487.261s] PRUNE: margin=-22.000000, optimistic_rem(widened)=8.000000 -> cannot exceed 0.
[3496.003s] PRUNE: margin=-22.000000, optimistic_rem(widened)=8.000000 -> cannot exceed 0.
[3504.745s] PRUNE: margin=-22.000000, optimistic_rem(widened)=6.000000 -> cannot exceed 0.
[3513.487s] PRUNE: margin=-22.000000, optimistic_rem(widened)=8.000000 -> cannot exceed 0.
[3522.228s] PRUNE: margin=-22.000000, optimistic_rem(widened)=6.000000 -> cannot exceed 0.
[3530.972s] PRUNE: margin=-22.000000, optimistic_rem(widened)=8.000000 -> cannot exceed 0.
[3548.454s] PRUNE: margin=-14.000000, optimistic_rem(widened)=0.000000 -> cannot exceed 0.
[3557.200s] PRUNE: margin=-22.000000, optimistic_rem(widened)=8.000000 -> cannot exceed 0.
[3565.943s] PRUNE: margin=-22.000000, optimistic_rem(widened)=8.000000 -> cannot exceed 0.
[3574.685s] PRUNE: margin=-22.000000, optimistic_rem(widened)=8.000000 -> cannot exceed 0.
[3580.943s] PRUNE: margin=-22.000000, optimistic_rem(widened)=8.000000 -> cannot exceed 0.
[3589.692s] PRUNE: margin=-22.000000, optimistic_rem(widened)=8.000000 -> cannot exceed 0.
[3598.443s] PRUNE: margin=-22.000000, optimistic_rem(widened)=8.000000 -> cannot exceed 0.
[3605.513s] PRUNE: margin=-22.000000, optimistic_rem(widened)=6.000000 -> cannot exceed 0.
[3613.599s] PRUNE: margin=-22.000000, optimistic_rem(widened)=8.000000 -> cannot exceed 0.
[3631.103s] PRUNE: margin=-22.000000, optimistic_rem(widened)=8.000000 -> cannot exceed 0.
[3639.170s] PRUNE: margin=-22.000000, optimistic_rem(widened)=8.000000 -> cannot exceed 0.
[3647.902s] PRUNE: margin=-22.000000, optimistic_rem(widened)=8.000000 -> cannot exceed 0.
[3656.641s] PRUNE: margin=-22.000000, optimistic_rem(widened)=8.000000 -> cannot exceed 0.
[3665.378s] PRUNE: margin=-22.000000, optimistic_rem(widened)=8.000000 -> cannot exceed 0.
[3674.114s] PRUNE: margin=-22.000000, optimistic_rem(widened)=8.000000 -> cannot exceed 0.
[3682.850s] PRUNE: margin=-22.000000, optimistic_rem(widened)=8.000000 -> cannot exceed 0.
[3691.588s] PRUNE: margin=-22.000000, optimistic_rem(widened)=8.000000 -> cannot exceed 0.
[3704.046s] PRUNE: margin=-22.000000, optimistic_rem(widened)=16.000000 -> cannot exceed 0.
[3711.993s] PRUNE: margin=-22.000000, optimistic_rem(widened)=16.000000 -> cannot exceed 0.
[3720.746s] PRUNE: margin=-22.000000, optimistic_rem(widened)=8.000000 -> cannot exceed 0.
[3729.498s] PRUNE: margin=-22.000000, optimistic_rem(widened)=8.000000 -> cannot exceed 0.
[3738.251s] PRUNE: margin=-22.000000, optimistic_rem(widened)=0.000000 -> cannot exceed 0.
[3747.003s] PRUNE: margin=-22.000000, optimistic_rem(widened)=0.000000 -> cannot exceed 0.
[3755.755s] PRUNE: margin=-22.000000, optimistic_rem(widened)=8.000000 -> cannot exceed 0.
[3764.509s] PRUNE: margin=-22.000000, optimistic_rem(widened)=16.000000 -> cannot exceed 0.
[3777.631s] PRUNE: margin=-22.000000, optimistic_rem(widened)=16.000000 -> cannot exceed 0.
[3790.756s] PRUNE: margin=-14.000000, optimistic_rem(widened)=0.000000 -> cannot exceed 0.
[3799.391s] PRUNE: margin=-22.000000, optimistic_rem(widened)=16.000000 -> cannot exceed 0.
[3807.740s] PRUNE: margin=-22.000000, optimistic_rem(widened)=16.000000 -> cannot exceed 0.
[3816.104s] PRUNE: margin=-22.000000, optimistic_rem(widened)=16.000000 -> cannot exceed 0.
[3824.846s] PRUNE: margin=-22.000000, optimistic_rem(widened)=14.000000 -> cannot exceed 0.
[3833.593s] PRUNE: margin=-22.000000, optimistic_rem(widened)=16.000000 -> cannot exceed 0.
[3842.342s] PRUNE: margin=-22.000000, optimistic_rem(widened)=16.000000 -> cannot exceed 0.
[3851.089s] PRUNE: margin=-22.000000, optimistic_rem(widened)=6.000000 -> cannot exceed 0.
[3859.838s] PRUNE: margin=-22.000000, optimistic_rem(widened)=16.000000 -> cannot exceed 0.
[3877.325s] PRUNE: margin=-22.000000, optimistic_rem(widened)=16.000000 -> cannot exceed 0.
[3886.070s] PRUNE: margin=-22.000000, optimistic_rem(widened)=16.000000 -> cannot exceed 0.
[3894.813s] PRUNE: margin=-22.000000, optimistic_rem(widened)=16.000000 -> cannot exceed 0.
[3903.558s] PRUNE: margin=-22.000000, optimistic_rem(widened)=16.000000 -> cannot exceed 0.
[3912.301s] PRUNE: margin=-22.000000, optimistic_rem(widened)=16.000000 -> cannot exceed 0.
[3920.915s] PRUNE: margin=-22.000000, optimistic_rem(widened)=16.000000 -> cannot exceed 0.
[3929.660s] PRUNE: margin=-22.000000, optimistic_rem(widened)=8.000000 -> cannot exceed 0.
[3938.406s] PRUNE: margin=-22.000000, optimistic_rem(widened)=16.000000 -> cannot exceed 0.
[3955.220s] PRUNE: margin=-22.000000, optimistic_rem(widened)=8.000000 -> cannot exceed 0.
[3968.343s] PRUNE: margin=-22.000000, optimistic_rem(widened)=8.000000 -> cannot exceed 0.
[3977.092s] PRUNE: margin=-22.000000, optimistic_rem(widened)=8.000000 -> cannot exceed 0.
[4038.299s] PRUNE: margin=-22.000000, optimistic_rem(widened)=8.000000 -> cannot exceed 0.
[4176.454s] PRUNE: margin=-22.000000, optimistic_rem(widened)=8.000000 -> cannot exceed 0.
[4185.196s] PRUNE: margin=-22.000000, optimistic_rem(widened)=8.000000 -> cannot exceed 0.
[4245.224s] PRUNE: margin=-22.000000, optimistic_rem(widened)=8.000000 -> cannot exceed 0.
[4361.700s] PRUNE: margin=-22.000000, optimistic_rem(widened)=8.000000 -> cannot exceed 0.
[4624.977s] No counterexample within budgets (BaB): no misclassification found.
STATUS: No counterexample | best_upper_margin=18.000000 | elapsed=4624.977s | pixels_changed=0 | total_bit_flips=0 | avg_hamming_per_pixel=0.000000 | patch_rows=8-9 | patch_cols=20-21 | note=no_counterexample_within_budgets
