[  0.000s] init: idx=7232 kmax=2 bmax=4 topx=2 widen=1.000 rank_fast=off
clean logits (hex):  0x83  0x98  0x84  0x83  0x86  0x83  0x84  0x84  0x84  0x84
clean logits (bits): 10000011 10011000 10000100 10000011 10000110 10000011 10000100 10000100 10000100 10000100
clean logits (double): -24.000000 -3.000000 -16.000000 -24.000000 -12.000000 -24.000000 -16.000000 -16.000000 -16.000000 -16.000000
[  0.016s] clean prediction: 1 (true label 1)
[ 10.272s] heuristic ROI: 2x2 block at rows 13-14, cols 10-11
[ 17.572s] selection: nSym=2 (from 4), topx=2, rank_fast=off
[ 17.572s] active patch: rows 13-13, cols 10-11 (derived from symPix)
[ 35.858s] Proceeding to BaB (greedy enabled).
[ 35.858s] Skipping root bound check (--no-root-bound).
[ 35.858s] BaB search starting (K<=2, B<=4, nSym=2, depth_limit=500000000, widen=1.00)...
[ 51.692s] PRUNE: margin=-7.375000, optimistic_rem(widened)=2.625000 -> cannot exceed 0.
[ 63.119s] PRUNE: margin=-4.500000, optimistic_rem(widened)=0.000000 -> cannot exceed 0.
[ 68.689s] PRUNE: margin=-6.500000, optimistic_rem(widened)=0.000000 -> cannot exceed 0.
[113.652s] PRUNE: margin=-6.625000, optimistic_rem(widened)=0.000000 -> cannot exceed 0.
[240.665s] PRUNE: margin=-6.750000, optimistic_rem(widened)=0.000000 -> cannot exceed 0.
[248.594s] PRUNE: margin=-6.750000, optimistic_rem(widened)=0.000000 -> cannot exceed 0.
[256.523s] PRUNE: margin=-6.750000, optimistic_rem(widened)=0.000000 -> cannot exceed 0.
[264.450s] PRUNE: margin=-6.750000, optimistic_rem(widened)=0.000000 -> cannot exceed 0.
[280.268s] PRUNE: margin=-7.250000, optimistic_rem(widened)=0.000000 -> cannot exceed 0.
[288.181s] PRUNE: margin=-7.250000, optimistic_rem(widened)=0.000000 -> cannot exceed 0.
[295.061s] PRUNE: margin=-7.250000, optimistic_rem(widened)=0.000000 -> cannot exceed 0.
[300.554s] PRUNE: margin=-7.250000, optimistic_rem(widened)=0.000000 -> cannot exceed 0.
[307.554s] PRUNE: margin=-7.125000, optimistic_rem(widened)=0.000000 -> cannot exceed 0.
[313.989s] PRUNE: margin=-7.125000, optimistic_rem(widened)=0.000000 -> cannot exceed 0.
[321.891s] PRUNE: margin=-7.125000, optimistic_rem(widened)=0.000000 -> cannot exceed 0.
[329.812s] PRUNE: margin=-7.125000, optimistic_rem(widened)=0.000000 -> cannot exceed 0.
[337.736s] PRUNE: margin=-7.125000, optimistic_rem(widened)=0.000000 -> cannot exceed 0.
[345.659s] PRUNE: margin=-7.250000, optimistic_rem(widened)=0.000000 -> cannot exceed 0.
[353.582s] PRUNE: margin=-7.250000, optimistic_rem(widened)=0.000000 -> cannot exceed 0.
[369.402s] PRUNE: margin=-7.250000, optimistic_rem(widened)=0.000000 -> cannot exceed 0.
[376.690s] PRUNE: margin=-9.125000, optimistic_rem(widened)=9.000000 -> cannot exceed 0.
[384.592s] PRUNE: margin=-9.125000, optimistic_rem(widened)=9.000000 -> cannot exceed 0.
[392.523s] PRUNE: margin=-9.125000, optimistic_rem(widened)=9.000000 -> cannot exceed 0.
[399.086s] PRUNE: margin=-9.125000, optimistic_rem(widened)=9.000000 -> cannot exceed 0.
[404.365s] PRUNE: margin=-9.125000, optimistic_rem(widened)=0.000000 -> cannot exceed 0.
[412.301s] PRUNE: margin=-9.125000, optimistic_rem(widened)=0.000000 -> cannot exceed 0.
[420.239s] PRUNE: margin=-9.125000, optimistic_rem(widened)=0.000000 -> cannot exceed 0.
[428.175s] PRUNE: margin=-9.125000, optimistic_rem(widened)=0.000000 -> cannot exceed 0.
[436.112s] PRUNE: margin=-9.125000, optimistic_rem(widened)=0.000000 -> cannot exceed 0.
[451.975s] PRUNE: margin=-9.250000, optimistic_rem(widened)=8.625000 -> cannot exceed 0.
[459.039s] PRUNE: margin=-9.250000, optimistic_rem(widened)=0.000000 -> cannot exceed 0.
[464.772s] PRUNE: margin=-9.250000, optimistic_rem(widened)=0.000000 -> cannot exceed 0.
[472.701s] PRUNE: margin=-9.250000, optimistic_rem(widened)=8.250000 -> cannot exceed 0.
[480.631s] PRUNE: margin=-9.250000, optimistic_rem(widened)=8.250000 -> cannot exceed 0.
[488.564s] PRUNE: margin=-9.250000, optimistic_rem(widened)=0.000000 -> cannot exceed 0.
[496.496s] PRUNE: margin=-9.250000, optimistic_rem(widened)=0.000000 -> cannot exceed 0.
[504.431s] PRUNE: margin=-9.250000, optimistic_rem(widened)=0.000000 -> cannot exceed 0.
[512.362s] PRUNE: margin=-9.250000, optimistic_rem(widened)=0.000000 -> cannot exceed 0.
[528.199s] PRUNE: margin=-9.250000, optimistic_rem(widened)=8.625000 -> cannot exceed 0.
[536.098s] PRUNE: margin=-9.250000, optimistic_rem(widened)=0.000000 -> cannot exceed 0.
[544.009s] PRUNE: margin=-9.250000, optimistic_rem(widened)=0.000000 -> cannot exceed 0.
[550.094s] PRUNE: margin=-9.250000, optimistic_rem(widened)=8.250000 -> cannot exceed 0.
[556.115s] PRUNE: margin=-9.250000, optimistic_rem(widened)=0.000000 -> cannot exceed 0.
[564.008s] PRUNE: margin=-9.250000, optimistic_rem(widened)=0.000000 -> cannot exceed 0.
[569.377s] PRUNE: margin=-9.250000, optimistic_rem(widened)=0.000000 -> cannot exceed 0.
[575.870s] PRUNE: margin=-9.250000, optimistic_rem(widened)=0.000000 -> cannot exceed 0.
[586.650s] PRUNE: margin=-9.250000, optimistic_rem(widened)=0.000000 -> cannot exceed 0.
[592.592s] PRUNE: margin=-9.250000, optimistic_rem(widened)=0.000000 -> cannot exceed 0.
[598.028s] PRUNE: margin=-9.125000, optimistic_rem(widened)=8.250000 -> cannot exceed 0.
[603.671s] PRUNE: margin=-9.250000, optimistic_rem(widened)=0.000000 -> cannot exceed 0.
[610.850s] PRUNE: margin=-9.250000, optimistic_rem(widened)=0.000000 -> cannot exceed 0.
[615.739s] PRUNE: margin=-9.250000, optimistic_rem(widened)=0.000000 -> cannot exceed 0.
[620.529s] PRUNE: margin=-9.250000, optimistic_rem(widened)=0.000000 -> cannot exceed 0.
[630.711s] PRUNE: margin=-9.250000, optimistic_rem(widened)=0.000000 -> cannot exceed 0.
[636.137s] PRUNE: margin=-9.250000, optimistic_rem(widened)=0.000000 -> cannot exceed 0.
[643.387s] PRUNE: margin=-9.250000, optimistic_rem(widened)=0.000000 -> cannot exceed 0.
[651.318s] PRUNE: margin=-9.250000, optimistic_rem(widened)=0.000000 -> cannot exceed 0.
[659.252s] PRUNE: margin=-9.375000, optimistic_rem(widened)=0.000000 -> cannot exceed 0.
[665.767s] PRUNE: margin=-9.250000, optimistic_rem(widened)=0.000000 -> cannot exceed 0.
[674.110s] PRUNE: margin=-9.250000, optimistic_rem(widened)=7.875000 -> cannot exceed 0.
[682.014s] PRUNE: margin=-9.250000, optimistic_rem(widened)=7.875000 -> cannot exceed 0.
[689.910s] PRUNE: margin=-9.250000, optimistic_rem(widened)=7.875000 -> cannot exceed 0.
[697.810s] PRUNE: margin=-9.250000, optimistic_rem(widened)=7.875000 -> cannot exceed 0.
[705.711s] PRUNE: margin=-9.250000, optimistic_rem(widened)=8.000000 -> cannot exceed 0.
[713.612s] PRUNE: margin=-9.250000, optimistic_rem(widened)=8.000000 -> cannot exceed 0.
[729.426s] PRUNE: margin=-7.125000, optimistic_rem(widened)=0.625000 -> cannot exceed 0.
[737.340s] PRUNE: margin=-7.125000, optimistic_rem(widened)=2.625000 -> cannot exceed 0.
[745.254s] PRUNE: margin=-7.125000, optimistic_rem(widened)=2.625000 -> cannot exceed 0.
[756.937s] PRUNE: margin=-6.875000, optimistic_rem(widened)=0.000000 -> cannot exceed 0.
[764.236s] PRUNE: margin=-7.000000, optimistic_rem(widened)=0.000000 -> cannot exceed 0.
[867.756s] PRUNE: margin=-8.375000, optimistic_rem(widened)=0.000000 -> cannot exceed 0.
[872.815s] PRUNE: margin=-8.375000, optimistic_rem(widened)=0.000000 -> cannot exceed 0.
[879.752s] PRUNE: margin=-8.375000, optimistic_rem(widened)=0.000000 -> cannot exceed 0.
[893.252s] PRUNE: margin=-4.625000, optimistic_rem(widened)=0.000000 -> cannot exceed 0.
[901.087s] PRUNE: margin=-6.625000, optimistic_rem(widened)=0.000000 -> cannot exceed 0.
[909.017s] PRUNE: margin=-6.750000, optimistic_rem(widened)=0.000000 -> cannot exceed 0.
[916.945s] PRUNE: margin=-6.750000, optimistic_rem(widened)=0.000000 -> cannot exceed 0.
[924.872s] PRUNE: margin=-6.750000, optimistic_rem(widened)=0.000000 -> cannot exceed 0.
[932.492s] PRUNE: margin=-6.750000, optimistic_rem(widened)=0.000000 -> cannot exceed 0.
[940.419s] PRUNE: margin=-6.750000, optimistic_rem(widened)=0.000000 -> cannot exceed 0.
[948.346s] PRUNE: margin=-6.750000, optimistic_rem(widened)=0.000000 -> cannot exceed 0.
[964.266s] PRUNE: margin=-6.500000, optimistic_rem(widened)=0.000000 -> cannot exceed 0.
[972.229s] PRUNE: margin=-6.750000, optimistic_rem(widened)=0.000000 -> cannot exceed 0.
[979.178s] PRUNE: margin=-6.750000, optimistic_rem(widened)=0.000000 -> cannot exceed 0.
[986.526s] PRUNE: margin=-6.750000, optimistic_rem(widened)=0.000000 -> cannot exceed 0.
[994.488s] PRUNE: margin=-6.750000, optimistic_rem(widened)=0.000000 -> cannot exceed 0.
[1002.432s] PRUNE: margin=-6.750000, optimistic_rem(widened)=0.000000 -> cannot exceed 0.
[1010.375s] PRUNE: margin=-6.750000, optimistic_rem(widened)=0.000000 -> cannot exceed 0.
[1093.377s] PRUNE: margin=-9.125000, optimistic_rem(widened)=0.000000 -> cannot exceed 0.
[1101.325s] PRUNE: margin=-9.125000, optimistic_rem(widened)=0.000000 -> cannot exceed 0.
[1109.299s] PRUNE: margin=-9.125000, optimistic_rem(widened)=0.000000 -> cannot exceed 0.
[1125.143s] PRUNE: margin=-7.125000, optimistic_rem(widened)=5.625000 -> cannot exceed 0.
[1133.057s] PRUNE: margin=-7.125000, optimistic_rem(widened)=0.000000 -> cannot exceed 0.
[1156.795s] PRUNE: margin=-7.250000, optimistic_rem(widened)=0.000000 -> cannot exceed 0.
[1164.707s] PRUNE: margin=-7.250000, optimistic_rem(widened)=0.000000 -> cannot exceed 0.
[1180.535s] PRUNE: margin=-7.125000, optimistic_rem(widened)=5.625000 -> cannot exceed 0.
[1188.454s] PRUNE: margin=-7.125000, optimistic_rem(widened)=0.000000 -> cannot exceed 0.
[1196.370s] PRUNE: margin=-7.250000, optimistic_rem(widened)=0.000000 -> cannot exceed 0.
[1204.286s] PRUNE: margin=-7.250000, optimistic_rem(widened)=0.000000 -> cannot exceed 0.
[1218.940s] PRUNE: margin=-7.125000, optimistic_rem(widened)=0.000000 -> cannot exceed 0.
[1226.855s] PRUNE: margin=-7.125000, optimistic_rem(widened)=0.000000 -> cannot exceed 0.
[1234.770s] PRUNE: margin=-7.125000, optimistic_rem(widened)=0.000000 -> cannot exceed 0.
[1250.597s] PRUNE: margin=-7.250000, optimistic_rem(widened)=0.000000 -> cannot exceed 0.
[1258.512s] PRUNE: margin=-7.250000, optimistic_rem(widened)=0.000000 -> cannot exceed 0.
[1274.339s] PRUNE: margin=-7.250000, optimistic_rem(widened)=0.000000 -> cannot exceed 0.
[1300.878s] PRUNE: margin=-7.250000, optimistic_rem(widened)=2.625000 -> cannot exceed 0.
[1310.054s] PRUNE: margin=-7.250000, optimistic_rem(widened)=0.000000 -> cannot exceed 0.
[1317.980s] PRUNE: margin=-7.250000, optimistic_rem(widened)=0.000000 -> cannot exceed 0.
[1325.904s] PRUNE: margin=-7.250000, optimistic_rem(widened)=0.000000 -> cannot exceed 0.
[1333.632s] PRUNE: margin=-7.250000, optimistic_rem(widened)=0.000000 -> cannot exceed 0.
[1339.971s] PRUNE: margin=-7.250000, optimistic_rem(widened)=0.000000 -> cannot exceed 0.
[1347.351s] PRUNE: margin=-7.250000, optimistic_rem(widened)=0.000000 -> cannot exceed 0.
[1355.276s] PRUNE: margin=-7.250000, optimistic_rem(widened)=0.000000 -> cannot exceed 0.
[1363.249s] PRUNE: margin=-7.250000, optimistic_rem(widened)=0.000000 -> cannot exceed 0.
[1371.173s] PRUNE: margin=-7.000000, optimistic_rem(widened)=0.000000 -> cannot exceed 0.
[1379.096s] PRUNE: margin=-7.000000, optimistic_rem(widened)=0.000000 -> cannot exceed 0.
[1394.929s] PRUNE: margin=-7.000000, optimistic_rem(widened)=0.000000 -> cannot exceed 0.
[1402.843s] PRUNE: margin=-7.250000, optimistic_rem(widened)=0.000000 -> cannot exceed 0.
[1410.758s] PRUNE: margin=-7.250000, optimistic_rem(widened)=0.000000 -> cannot exceed 0.
[1418.673s] PRUNE: margin=-7.250000, optimistic_rem(widened)=0.000000 -> cannot exceed 0.
[1426.588s] PRUNE: margin=-7.250000, optimistic_rem(widened)=0.000000 -> cannot exceed 0.
[1434.503s] PRUNE: margin=-7.250000, optimistic_rem(widened)=0.000000 -> cannot exceed 0.
[1442.432s] PRUNE: margin=-7.250000, optimistic_rem(widened)=0.000000 -> cannot exceed 0.
[1450.346s] PRUNE: margin=-7.250000, optimistic_rem(widened)=0.000000 -> cannot exceed 0.
[1457.750s] PRUNE: margin=-7.250000, optimistic_rem(widened)=0.000000 -> cannot exceed 0.
[1465.710s] PRUNE: margin=-9.250000, optimistic_rem(widened)=8.000000 -> cannot exceed 0.
[1471.833s] PRUNE: margin=-9.250000, optimistic_rem(widened)=8.000000 -> cannot exceed 0.
[1479.751s] PRUNE: margin=-9.250000, optimistic_rem(widened)=8.000000 -> cannot exceed 0.
[1487.669s] PRUNE: margin=-9.250000, optimistic_rem(widened)=8.000000 -> cannot exceed 0.
[1495.586s] PRUNE: margin=-9.250000, optimistic_rem(widened)=7.875000 -> cannot exceed 0.
[1503.503s] PRUNE: margin=-9.250000, optimistic_rem(widened)=7.875000 -> cannot exceed 0.
[1511.420s] PRUNE: margin=-9.250000, optimistic_rem(widened)=8.000000 -> cannot exceed 0.
[1519.339s] PRUNE: margin=-9.250000, optimistic_rem(widened)=8.000000 -> cannot exceed 0.
[1526.845s] PRUNE: margin=-9.250000, optimistic_rem(widened)=8.000000 -> cannot exceed 0.
[1544.608s] PRUNE: margin=-8.875000, optimistic_rem(widened)=8.000000 -> cannot exceed 0.
[1552.109s] PRUNE: margin=-10.875000, optimistic_rem(widened)=8.000000 -> cannot exceed 0.
[1558.349s] PRUNE: margin=-9.000000, optimistic_rem(widened)=8.125000 -> cannot exceed 0.
[1564.075s] PRUNE: margin=-8.875000, optimistic_rem(widened)=0.000000 -> cannot exceed 0.
[1569.837s] PRUNE: margin=-8.875000, optimistic_rem(widened)=0.000000 -> cannot exceed 0.
[1575.602s] PRUNE: margin=-10.875000, optimistic_rem(widened)=0.000000 -> cannot exceed 0.
[1582.265s] PRUNE: margin=-10.875000, optimistic_rem(widened)=0.000000 -> cannot exceed 0.
[1590.165s] PRUNE: margin=-10.875000, optimistic_rem(widened)=0.000000 -> cannot exceed 0.
[1598.065s] PRUNE: margin=-9.125000, optimistic_rem(widened)=0.000000 -> cannot exceed 0.
[1605.962s] PRUNE: margin=-9.125000, optimistic_rem(widened)=0.000000 -> cannot exceed 0.
[1621.755s] PRUNE: margin=-10.875000, optimistic_rem(widened)=8.000000 -> cannot exceed 0.
[1629.661s] PRUNE: margin=-9.000000, optimistic_rem(widened)=8.125000 -> cannot exceed 0.
[1637.566s] PRUNE: margin=-10.875000, optimistic_rem(widened)=0.000000 -> cannot exceed 0.
[1645.471s] PRUNE: margin=-10.875000, optimistic_rem(widened)=0.000000 -> cannot exceed 0.
[1653.374s] PRUNE: margin=-10.875000, optimistic_rem(widened)=0.000000 -> cannot exceed 0.
[1661.276s] PRUNE: margin=-10.875000, optimistic_rem(widened)=0.000000 -> cannot exceed 0.
[1669.171s] PRUNE: margin=-10.875000, optimistic_rem(widened)=0.000000 -> cannot exceed 0.
[1677.065s] PRUNE: margin=-9.125000, optimistic_rem(widened)=0.000000 -> cannot exceed 0.
[1684.960s] PRUNE: margin=-9.125000, optimistic_rem(widened)=0.000000 -> cannot exceed 0.
[1700.741s] PRUNE: margin=-9.000000, optimistic_rem(widened)=8.125000 -> cannot exceed 0.
[1708.633s] PRUNE: margin=-9.000000, optimistic_rem(widened)=0.000000 -> cannot exceed 0.
[1716.529s] PRUNE: margin=-9.125000, optimistic_rem(widened)=0.000000 -> cannot exceed 0.
[1722.633s] PRUNE: margin=-9.125000, optimistic_rem(widened)=0.000000 -> cannot exceed 0.
[1727.863s] PRUNE: margin=-10.875000, optimistic_rem(widened)=0.000000 -> cannot exceed 0.
[1732.775s] PRUNE: margin=-10.875000, optimistic_rem(widened)=0.000000 -> cannot exceed 0.
[1737.703s] PRUNE: margin=-10.875000, optimistic_rem(widened)=0.000000 -> cannot exceed 0.
[1744.089s] PRUNE: margin=-10.875000, optimistic_rem(widened)=0.000000 -> cannot exceed 0.
[1759.402s] PRUNE: margin=-9.125000, optimistic_rem(widened)=0.000000 -> cannot exceed 0.
[1767.292s] PRUNE: margin=-9.250000, optimistic_rem(widened)=0.000000 -> cannot exceed 0.
[1775.182s] PRUNE: margin=-9.250000, optimistic_rem(widened)=0.000000 -> cannot exceed 0.
[1782.451s] PRUNE: margin=-9.000000, optimistic_rem(widened)=0.000000 -> cannot exceed 0.
[1788.155s] PRUNE: margin=-9.000000, optimistic_rem(widened)=0.000000 -> cannot exceed 0.
[1795.017s] PRUNE: margin=-9.000000, optimistic_rem(widened)=0.000000 -> cannot exceed 0.
[1802.292s] PRUNE: margin=-9.000000, optimistic_rem(widened)=0.000000 -> cannot exceed 0.
[1814.158s] PRUNE: margin=-8.875000, optimistic_rem(widened)=1.625000 -> cannot exceed 0.
[1822.072s] PRUNE: margin=-8.875000, optimistic_rem(widened)=1.625000 -> cannot exceed 0.
[1829.089s] PRUNE: margin=-8.875000, optimistic_rem(widened)=7.750000 -> cannot exceed 0.
[1836.503s] PRUNE: margin=-10.875000, optimistic_rem(widened)=8.000000 -> cannot exceed 0.
[1843.817s] PRUNE: margin=-10.875000, optimistic_rem(widened)=8.000000 -> cannot exceed 0.
[1849.717s] PRUNE: margin=-9.125000, optimistic_rem(widened)=8.000000 -> cannot exceed 0.
[1855.830s] PRUNE: margin=-9.125000, optimistic_rem(widened)=7.875000 -> cannot exceed 0.
[1868.637s] PRUNE: margin=-10.875000, optimistic_rem(widened)=8.000000 -> cannot exceed 0.
[1875.619s] PRUNE: margin=-9.000000, optimistic_rem(widened)=8.125000 -> cannot exceed 0.
[1883.524s] PRUNE: margin=-10.875000, optimistic_rem(widened)=0.000000 -> cannot exceed 0.
[1891.437s] PRUNE: margin=-10.875000, optimistic_rem(widened)=0.000000 -> cannot exceed 0.
[1899.342s] PRUNE: margin=-10.875000, optimistic_rem(widened)=0.000000 -> cannot exceed 0.
[1907.251s] PRUNE: margin=-10.875000, optimistic_rem(widened)=0.000000 -> cannot exceed 0.
[1915.155s] PRUNE: margin=-10.875000, optimistic_rem(widened)=0.000000 -> cannot exceed 0.
[1923.057s] PRUNE: margin=-9.125000, optimistic_rem(widened)=0.000000 -> cannot exceed 0.
[1930.970s] PRUNE: margin=-9.125000, optimistic_rem(widened)=0.000000 -> cannot exceed 0.
[1946.776s] PRUNE: margin=-9.000000, optimistic_rem(widened)=8.125000 -> cannot exceed 0.
[1954.678s] PRUNE: margin=-9.000000, optimistic_rem(widened)=0.000000 -> cannot exceed 0.
[1962.451s] PRUNE: margin=-9.125000, optimistic_rem(widened)=0.000000 -> cannot exceed 0.
[1970.341s] PRUNE: margin=-9.125000, optimistic_rem(widened)=0.000000 -> cannot exceed 0.
[1978.227s] PRUNE: margin=-10.875000, optimistic_rem(widened)=0.000000 -> cannot exceed 0.
[1986.115s] PRUNE: margin=-10.875000, optimistic_rem(widened)=0.000000 -> cannot exceed 0.
[1994.003s] PRUNE: margin=-10.875000, optimistic_rem(widened)=0.000000 -> cannot exceed 0.
[2001.888s] PRUNE: margin=-10.875000, optimistic_rem(widened)=0.000000 -> cannot exceed 0.
[2014.086s] PRUNE: margin=-9.125000, optimistic_rem(widened)=0.000000 -> cannot exceed 0.
[2019.140s] PRUNE: margin=-9.250000, optimistic_rem(widened)=0.000000 -> cannot exceed 0.
[2024.752s] PRUNE: margin=-9.250000, optimistic_rem(widened)=0.000000 -> cannot exceed 0.
[2032.659s] PRUNE: margin=-9.000000, optimistic_rem(widened)=0.000000 -> cannot exceed 0.
[2038.857s] PRUNE: margin=-9.000000, optimistic_rem(widened)=0.000000 -> cannot exceed 0.
[2044.638s] PRUNE: margin=-9.000000, optimistic_rem(widened)=0.000000 -> cannot exceed 0.
[2052.547s] PRUNE: margin=-9.000000, optimistic_rem(widened)=0.000000 -> cannot exceed 0.
[2064.418s] PRUNE: margin=-8.875000, optimistic_rem(widened)=1.625000 -> cannot exceed 0.
[2072.316s] PRUNE: margin=-8.875000, optimistic_rem(widened)=1.625000 -> cannot exceed 0.
[2080.225s] PRUNE: margin=-8.875000, optimistic_rem(widened)=7.750000 -> cannot exceed 0.
[2088.122s] PRUNE: margin=-10.875000, optimistic_rem(widened)=8.000000 -> cannot exceed 0.
[2096.017s] PRUNE: margin=-10.875000, optimistic_rem(widened)=8.000000 -> cannot exceed 0.
[2103.912s] PRUNE: margin=-9.125000, optimistic_rem(widened)=8.000000 -> cannot exceed 0.
[2110.482s] PRUNE: margin=-9.125000, optimistic_rem(widened)=7.875000 -> cannot exceed 0.
[2130.089s] PRUNE: margin=-8.875000, optimistic_rem(widened)=8.000000 -> cannot exceed 0.
[2137.992s] PRUNE: margin=-9.000000, optimistic_rem(widened)=0.000000 -> cannot exceed 0.
[2145.894s] PRUNE: margin=-9.125000, optimistic_rem(widened)=0.000000 -> cannot exceed 0.
[2153.799s] PRUNE: margin=-9.125000, optimistic_rem(widened)=0.000000 -> cannot exceed 0.
[2161.701s] PRUNE: margin=-8.875000, optimistic_rem(widened)=0.000000 -> cannot exceed 0.
[2169.604s] PRUNE: margin=-10.875000, optimistic_rem(widened)=0.000000 -> cannot exceed 0.
[2177.505s] PRUNE: margin=-10.875000, optimistic_rem(widened)=0.000000 -> cannot exceed 0.
[2185.407s] PRUNE: margin=-10.875000, optimistic_rem(widened)=0.000000 -> cannot exceed 0.
[2201.205s] PRUNE: margin=-9.125000, optimistic_rem(widened)=0.000000 -> cannot exceed 0.
[2209.106s] PRUNE: margin=-9.250000, optimistic_rem(widened)=0.000000 -> cannot exceed 0.
[2217.008s] PRUNE: margin=-9.250000, optimistic_rem(widened)=0.000000 -> cannot exceed 0.
[2222.196s] PRUNE: margin=-9.000000, optimistic_rem(widened)=0.000000 -> cannot exceed 0.
[2227.803s] PRUNE: margin=-9.000000, optimistic_rem(widened)=0.000000 -> cannot exceed 0.
[2235.424s] PRUNE: margin=-9.000000, optimistic_rem(widened)=0.000000 -> cannot exceed 0.
[2243.336s] PRUNE: margin=-9.000000, optimistic_rem(widened)=0.000000 -> cannot exceed 0.
[2255.225s] PRUNE: margin=-8.875000, optimistic_rem(widened)=7.750000 -> cannot exceed 0.
[2263.103s] PRUNE: margin=-8.875000, optimistic_rem(widened)=7.750000 -> cannot exceed 0.
[2271.008s] PRUNE: margin=-10.875000, optimistic_rem(widened)=8.000000 -> cannot exceed 0.
[2277.657s] PRUNE: margin=-10.875000, optimistic_rem(widened)=8.000000 -> cannot exceed 0.
[2285.549s] PRUNE: margin=-10.875000, optimistic_rem(widened)=8.000000 -> cannot exceed 0.
[2293.442s] PRUNE: margin=-9.125000, optimistic_rem(widened)=8.000000 -> cannot exceed 0.
[2301.340s] PRUNE: margin=-9.125000, optimistic_rem(widened)=7.875000 -> cannot exceed 0.
[2317.126s] PRUNE: margin=-8.875000, optimistic_rem(widened)=7.750000 -> cannot exceed 0.
[2328.962s] PRUNE: margin=-9.125000, optimistic_rem(widened)=0.000000 -> cannot exceed 0.
[2336.876s] PRUNE: margin=-9.125000, optimistic_rem(widened)=0.000000 -> cannot exceed 0.
[2344.506s] PRUNE: margin=-9.250000, optimistic_rem(widened)=0.000000 -> cannot exceed 0.
[2351.730s] PRUNE: margin=-8.875000, optimistic_rem(widened)=0.000000 -> cannot exceed 0.
[2359.669s] PRUNE: margin=-9.000000, optimistic_rem(widened)=0.000000 -> cannot exceed 0.
[2367.600s] PRUNE: margin=-9.000000, optimistic_rem(widened)=0.000000 -> cannot exceed 0.
[2379.499s] PRUNE: margin=-9.000000, optimistic_rem(widened)=7.750000 -> cannot exceed 0.
[2387.435s] PRUNE: margin=-9.125000, optimistic_rem(widened)=7.750000 -> cannot exceed 0.
[2395.368s] PRUNE: margin=-10.875000, optimistic_rem(widened)=8.000000 -> cannot exceed 0.
[2403.305s] PRUNE: margin=-10.875000, optimistic_rem(widened)=8.000000 -> cannot exceed 0.
[2411.164s] PRUNE: margin=-10.875000, optimistic_rem(widened)=8.000000 -> cannot exceed 0.
[2419.061s] PRUNE: margin=-10.875000, optimistic_rem(widened)=8.000000 -> cannot exceed 0.
[2434.848s] PRUNE: margin=-9.125000, optimistic_rem(widened)=2.125000 -> cannot exceed 0.
[2442.741s] PRUNE: margin=-9.250000, optimistic_rem(widened)=8.000000 -> cannot exceed 0.
[2450.642s] PRUNE: margin=-9.250000, optimistic_rem(widened)=8.250000 -> cannot exceed 0.
[2458.537s] PRUNE: margin=-9.000000, optimistic_rem(widened)=8.625000 -> cannot exceed 0.
[2466.433s] PRUNE: margin=-9.000000, optimistic_rem(widened)=8.625000 -> cannot exceed 0.
[2474.330s] PRUNE: margin=-9.000000, optimistic_rem(widened)=8.625000 -> cannot exceed 0.
[2482.226s] PRUNE: margin=-9.000000, optimistic_rem(widened)=8.500000 -> cannot exceed 0.
[2494.078s] PRUNE: margin=-8.875000, optimistic_rem(widened)=3.250000 -> cannot exceed 0.
[2501.981s] PRUNE: margin=-8.875000, optimistic_rem(widened)=3.250000 -> cannot exceed 0.
[2509.886s] PRUNE: margin=-8.875000, optimistic_rem(widened)=3.250000 -> cannot exceed 0.
[2520.489s] PRUNE: margin=-9.000000, optimistic_rem(widened)=7.750000 -> cannot exceed 0.
[2528.407s] PRUNE: margin=-9.250000, optimistic_rem(widened)=8.000000 -> cannot exceed 0.
[2536.322s] PRUNE: margin=-9.000000, optimistic_rem(widened)=8.125000 -> cannot exceed 0.
[2552.148s] PRUNE: margin=-9.125000, optimistic_rem(widened)=7.875000 -> cannot exceed 0.
[2560.070s] PRUNE: margin=-9.250000, optimistic_rem(widened)=7.875000 -> cannot exceed 0.
[2575.900s] PRUNE: margin=-9.250000, optimistic_rem(widened)=8.125000 -> cannot exceed 0.
[2602.728s] PRUNE: margin=-7.125000, optimistic_rem(widened)=2.625000 -> cannot exceed 0.
[2610.648s] PRUNE: margin=-7.125000, optimistic_rem(widened)=2.625000 -> cannot exceed 0.
[2618.155s] PRUNE: margin=-7.125000, optimistic_rem(widened)=2.375000 -> cannot exceed 0.
[2626.106s] PRUNE: margin=-7.125000, optimistic_rem(widened)=2.625000 -> cannot exceed 0.
[2638.009s] PRUNE: margin=-4.375000, optimistic_rem(widened)=0.000000 -> cannot exceed 0.
[2645.954s] PRUNE: margin=-4.625000, optimistic_rem(widened)=0.000000 -> cannot exceed 0.
[2653.672s] PRUNE: margin=-4.750000, optimistic_rem(widened)=0.000000 -> cannot exceed 0.
[2661.605s] PRUNE: margin=-7.125000, optimistic_rem(widened)=0.000000 -> cannot exceed 0.
[2669.538s] PRUNE: margin=-7.250000, optimistic_rem(widened)=0.000000 -> cannot exceed 0.
[2677.471s] PRUNE: margin=-6.250000, optimistic_rem(widened)=0.000000 -> cannot exceed 0.
[2685.403s] PRUNE: margin=-6.250000, optimistic_rem(widened)=0.000000 -> cannot exceed 0.
[2693.338s] PRUNE: margin=-6.250000, optimistic_rem(widened)=0.000000 -> cannot exceed 0.
[2709.192s] PRUNE: margin=-6.750000, optimistic_rem(widened)=0.000000 -> cannot exceed 0.
[2717.117s] PRUNE: margin=-6.875000, optimistic_rem(widened)=0.000000 -> cannot exceed 0.
[2725.046s] PRUNE: margin=-6.375000, optimistic_rem(widened)=0.000000 -> cannot exceed 0.
[2732.972s] PRUNE: margin=-8.500000, optimistic_rem(widened)=0.000000 -> cannot exceed 0.
[2740.898s] PRUNE: margin=-6.750000, optimistic_rem(widened)=0.000000 -> cannot exceed 0.
[2748.815s] PRUNE: margin=-6.750000, optimistic_rem(widened)=0.000000 -> cannot exceed 0.
[2756.740s] PRUNE: margin=-6.750000, optimistic_rem(widened)=0.000000 -> cannot exceed 0.
[2772.607s] PRUNE: margin=-7.000000, optimistic_rem(widened)=0.000000 -> cannot exceed 0.
[2780.545s] PRUNE: margin=-6.375000, optimistic_rem(widened)=0.000000 -> cannot exceed 0.
[2788.460s] PRUNE: margin=-6.625000, optimistic_rem(widened)=0.000000 -> cannot exceed 0.
[2796.390s] PRUNE: margin=-6.625000, optimistic_rem(widened)=0.000000 -> cannot exceed 0.
[2804.343s] PRUNE: margin=-6.750000, optimistic_rem(widened)=0.000000 -> cannot exceed 0.
[2812.295s] PRUNE: margin=-6.750000, optimistic_rem(widened)=0.000000 -> cannot exceed 0.
[2828.201s] PRUNE: margin=-6.375000, optimistic_rem(widened)=0.000000 -> cannot exceed 0.
[2836.167s] PRUNE: margin=-8.500000, optimistic_rem(widened)=0.000000 -> cannot exceed 0.
[2844.116s] PRUNE: margin=-7.125000, optimistic_rem(widened)=0.000000 -> cannot exceed 0.
[2852.066s] PRUNE: margin=-7.125000, optimistic_rem(widened)=0.000000 -> cannot exceed 0.
[2860.016s] PRUNE: margin=-7.125000, optimistic_rem(widened)=0.000000 -> cannot exceed 0.
[3024.806s] PRUNE: margin=-7.375000, optimistic_rem(widened)=3.000000 -> cannot exceed 0.
[3036.671s] PRUNE: margin=-7.125000, optimistic_rem(widened)=0.000000 -> cannot exceed 0.
[3044.584s] PRUNE: margin=-7.250000, optimistic_rem(widened)=0.000000 -> cannot exceed 0.
[3052.500s] PRUNE: margin=-7.250000, optimistic_rem(widened)=0.000000 -> cannot exceed 0.
[3060.423s] PRUNE: margin=-7.250000, optimistic_rem(widened)=0.000000 -> cannot exceed 0.
[3068.346s] PRUNE: margin=-6.875000, optimistic_rem(widened)=0.000000 -> cannot exceed 0.
[3076.262s] PRUNE: margin=-7.125000, optimistic_rem(widened)=0.000000 -> cannot exceed 0.
[3082.894s] PRUNE: margin=-7.125000, optimistic_rem(widened)=0.000000 -> cannot exceed 0.
[3089.834s] PRUNE: margin=-7.125000, optimistic_rem(widened)=0.000000 -> cannot exceed 0.
[3097.784s] PRUNE: margin=-7.125000, optimistic_rem(widened)=0.000000 -> cannot exceed 0.
[3105.727s] PRUNE: margin=-7.125000, optimistic_rem(widened)=0.000000 -> cannot exceed 0.
[3117.515s] PRUNE: margin=-7.250000, optimistic_rem(widened)=0.000000 -> cannot exceed 0.
[3125.068s] PRUNE: margin=-9.125000, optimistic_rem(widened)=0.000000 -> cannot exceed 0.
[3132.621s] PRUNE: margin=-9.125000, optimistic_rem(widened)=9.000000 -> cannot exceed 0.
[3140.177s] PRUNE: margin=-9.125000, optimistic_rem(widened)=9.000000 -> cannot exceed 0.
[3147.731s] PRUNE: margin=-9.125000, optimistic_rem(widened)=9.000000 -> cannot exceed 0.
[3155.287s] PRUNE: margin=-9.125000, optimistic_rem(widened)=0.000000 -> cannot exceed 0.
[3162.843s] PRUNE: margin=-9.125000, optimistic_rem(widened)=0.000000 -> cannot exceed 0.
[3170.398s] PRUNE: margin=-9.125000, optimistic_rem(widened)=0.000000 -> cannot exceed 0.
[3177.955s] PRUNE: margin=-9.125000, optimistic_rem(widened)=0.000000 -> cannot exceed 0.
[3193.054s] PRUNE: margin=-9.250000, optimistic_rem(widened)=8.375000 -> cannot exceed 0.
[3200.602s] PRUNE: margin=-9.250000, optimistic_rem(widened)=8.375000 -> cannot exceed 0.
[3208.153s] PRUNE: margin=-9.250000, optimistic_rem(widened)=0.000000 -> cannot exceed 0.
[3215.702s] PRUNE: margin=-9.250000, optimistic_rem(widened)=0.000000 -> cannot exceed 0.
[3223.253s] PRUNE: margin=-9.250000, optimistic_rem(widened)=0.000000 -> cannot exceed 0.
[3230.801s] PRUNE: margin=-9.250000, optimistic_rem(widened)=0.000000 -> cannot exceed 0.
[3236.078s] PRUNE: margin=-9.250000, optimistic_rem(widened)=0.000000 -> cannot exceed 0.
[3241.112s] PRUNE: margin=-9.250000, optimistic_rem(widened)=0.000000 -> cannot exceed 0.
[3254.378s] PRUNE: margin=-9.250000, optimistic_rem(widened)=8.375000 -> cannot exceed 0.
[3259.773s] PRUNE: margin=-9.250000, optimistic_rem(widened)=0.000000 -> cannot exceed 0.
[3264.879s] PRUNE: margin=-9.250000, optimistic_rem(widened)=0.000000 -> cannot exceed 0.
[3271.367s] PRUNE: margin=-9.250000, optimistic_rem(widened)=0.000000 -> cannot exceed 0.
[3278.761s] PRUNE: margin=-9.250000, optimistic_rem(widened)=0.000000 -> cannot exceed 0.
[3286.653s] PRUNE: margin=-9.250000, optimistic_rem(widened)=0.000000 -> cannot exceed 0.
[3294.546s] PRUNE: margin=-9.250000, optimistic_rem(widened)=0.000000 -> cannot exceed 0.
[3306.407s] PRUNE: margin=-9.250000, optimistic_rem(widened)=9.125000 -> cannot exceed 0.
[3314.298s] PRUNE: margin=-9.250000, optimistic_rem(widened)=7.875000 -> cannot exceed 0.
[3322.193s] PRUNE: margin=-9.250000, optimistic_rem(widened)=7.875000 -> cannot exceed 0.
[3330.097s] PRUNE: margin=-9.250000, optimistic_rem(widened)=7.875000 -> cannot exceed 0.
[3337.662s] PRUNE: margin=-9.250000, optimistic_rem(widened)=8.000000 -> cannot exceed 0.
[3345.206s] PRUNE: margin=-9.250000, optimistic_rem(widened)=8.000000 -> cannot exceed 0.
[3353.106s] PRUNE: margin=-9.250000, optimistic_rem(widened)=8.000000 -> cannot exceed 0.
[3365.701s] PRUNE: margin=-7.250000, optimistic_rem(widened)=2.125000 -> cannot exceed 0.
[3372.232s] PRUNE: margin=-7.250000, optimistic_rem(widened)=2.875000 -> cannot exceed 0.
[3384.185s] PRUNE: margin=-7.250000, optimistic_rem(widened)=0.000000 -> cannot exceed 0.
[3392.110s] PRUNE: margin=-7.250000, optimistic_rem(widened)=0.000000 -> cannot exceed 0.
[3399.870s] PRUNE: margin=-7.250000, optimistic_rem(widened)=0.000000 -> cannot exceed 0.
[3407.793s] PRUNE: margin=-7.250000, optimistic_rem(widened)=0.000000 -> cannot exceed 0.
[3415.708s] PRUNE: margin=-7.250000, optimistic_rem(widened)=0.000000 -> cannot exceed 0.
[3423.637s] PRUNE: margin=-7.250000, optimistic_rem(widened)=0.000000 -> cannot exceed 0.
[3431.563s] PRUNE: margin=-7.250000, optimistic_rem(widened)=0.000000 -> cannot exceed 0.
[3439.512s] PRUNE: margin=-7.250000, optimistic_rem(widened)=0.000000 -> cannot exceed 0.
[3451.417s] PRUNE: margin=-9.250000, optimistic_rem(widened)=8.125000 -> cannot exceed 0.
[3459.257s] PRUNE: margin=-9.250000, optimistic_rem(widened)=8.125000 -> cannot exceed 0.
[3467.418s] PRUNE: margin=-9.250000, optimistic_rem(widened)=8.125000 -> cannot exceed 0.
[3475.592s] PRUNE: margin=-9.250000, optimistic_rem(widened)=8.125000 -> cannot exceed 0.
[3483.769s] PRUNE: margin=-9.250000, optimistic_rem(widened)=8.125000 -> cannot exceed 0.
[3491.838s] PRUNE: margin=-9.250000, optimistic_rem(widened)=8.500000 -> cannot exceed 0.
[3499.776s] PRUNE: margin=-9.250000, optimistic_rem(widened)=8.000000 -> cannot exceed 0.
[3507.718s] PRUNE: margin=-9.250000, optimistic_rem(widened)=8.125000 -> cannot exceed 0.
[3527.477s] PRUNE: margin=-9.125000, optimistic_rem(widened)=0.000000 -> cannot exceed 0.
[3535.373s] PRUNE: margin=-9.125000, optimistic_rem(widened)=0.000000 -> cannot exceed 0.
[3541.261s] PRUNE: margin=-9.250000, optimistic_rem(widened)=0.000000 -> cannot exceed 0.
[3546.442s] PRUNE: margin=-8.875000, optimistic_rem(widened)=0.000000 -> cannot exceed 0.
[3552.044s] PRUNE: margin=-9.000000, optimistic_rem(widened)=8.125000 -> cannot exceed 0.
[3557.610s] PRUNE: margin=-9.000000, optimistic_rem(widened)=8.125000 -> cannot exceed 0.
[3565.319s] PRUNE: margin=-9.000000, optimistic_rem(widened)=0.000000 -> cannot exceed 0.
[3573.220s] PRUNE: margin=-9.000000, optimistic_rem(widened)=0.000000 -> cannot exceed 0.
[3581.116s] PRUNE: margin=-9.000000, optimistic_rem(widened)=0.000000 -> cannot exceed 0.
[3592.962s] PRUNE: margin=-9.000000, optimistic_rem(widened)=7.750000 -> cannot exceed 0.
[3600.864s] PRUNE: margin=-9.125000, optimistic_rem(widened)=8.000000 -> cannot exceed 0.
[3612.730s] PRUNE: margin=-10.875000, optimistic_rem(widened)=8.000000 -> cannot exceed 0.
[3620.626s] PRUNE: margin=-10.875000, optimistic_rem(widened)=0.000000 -> cannot exceed 0.
[3628.523s] PRUNE: margin=-10.875000, optimistic_rem(widened)=0.000000 -> cannot exceed 0.
[3636.195s] PRUNE: margin=-10.875000, optimistic_rem(widened)=0.000000 -> cannot exceed 0.
[3642.396s] PRUNE: margin=-10.875000, optimistic_rem(widened)=0.000000 -> cannot exceed 0.
[3647.224s] PRUNE: margin=-10.875000, optimistic_rem(widened)=0.000000 -> cannot exceed 0.
[3657.123s] PRUNE: margin=-8.875000, optimistic_rem(widened)=0.000000 -> cannot exceed 0.
[3661.945s] PRUNE: margin=-10.875000, optimistic_rem(widened)=0.000000 -> cannot exceed 0.
[3669.820s] PRUNE: margin=-10.875000, optimistic_rem(widened)=0.000000 -> cannot exceed 0.
[3677.723s] PRUNE: margin=-10.875000, optimistic_rem(widened)=0.000000 -> cannot exceed 0.
[3685.625s] PRUNE: margin=-10.875000, optimistic_rem(widened)=0.000000 -> cannot exceed 0.
[3697.480s] PRUNE: margin=-10.875000, optimistic_rem(widened)=7.875000 -> cannot exceed 0.
[3705.087s] PRUNE: margin=-10.875000, optimistic_rem(widened)=7.875000 -> cannot exceed 0.
[3712.885s] PRUNE: margin=-10.875000, optimistic_rem(widened)=8.000000 -> cannot exceed 0.
[3718.539s] PRUNE: margin=-10.875000, optimistic_rem(widened)=8.000000 -> cannot exceed 0.
[3723.659s] PRUNE: margin=-10.875000, optimistic_rem(widened)=8.000000 -> cannot exceed 0.
[3738.751s] PRUNE: margin=-9.125000, optimistic_rem(widened)=0.000000 -> cannot exceed 0.
[3746.662s] PRUNE: margin=-9.125000, optimistic_rem(widened)=0.000000 -> cannot exceed 0.
[3754.590s] PRUNE: margin=-9.250000, optimistic_rem(widened)=0.000000 -> cannot exceed 0.
[3762.490s] PRUNE: margin=-8.875000, optimistic_rem(widened)=0.000000 -> cannot exceed 0.
[3770.402s] PRUNE: margin=-9.000000, optimistic_rem(widened)=8.125000 -> cannot exceed 0.
[3778.316s] PRUNE: margin=-9.000000, optimistic_rem(widened)=0.000000 -> cannot exceed 0.
[3786.063s] PRUNE: margin=-9.000000, optimistic_rem(widened)=0.000000 -> cannot exceed 0.
[3791.091s] PRUNE: margin=-9.000000, optimistic_rem(widened)=0.000000 -> cannot exceed 0.
[3798.744s] PRUNE: margin=-9.000000, optimistic_rem(widened)=7.750000 -> cannot exceed 0.
[3804.273s] PRUNE: margin=-9.125000, optimistic_rem(widened)=8.000000 -> cannot exceed 0.
[3815.713s] PRUNE: margin=-8.875000, optimistic_rem(widened)=0.000000 -> cannot exceed 0.
[3823.610s] PRUNE: margin=-10.875000, optimistic_rem(widened)=0.000000 -> cannot exceed 0.
[3831.283s] PRUNE: margin=-10.875000, optimistic_rem(widened)=0.000000 -> cannot exceed 0.
[3839.187s] PRUNE: margin=-10.875000, optimistic_rem(widened)=0.000000 -> cannot exceed 0.
[3847.089s] PRUNE: margin=-10.875000, optimistic_rem(widened)=0.000000 -> cannot exceed 0.
[3858.944s] PRUNE: margin=-10.875000, optimistic_rem(widened)=7.875000 -> cannot exceed 0.
[3866.852s] PRUNE: margin=-10.875000, optimistic_rem(widened)=7.875000 -> cannot exceed 0.
[3874.759s] PRUNE: margin=-10.875000, optimistic_rem(widened)=8.000000 -> cannot exceed 0.
[3882.663s] PRUNE: margin=-10.875000, optimistic_rem(widened)=8.000000 -> cannot exceed 0.
[3890.567s] PRUNE: margin=-10.875000, optimistic_rem(widened)=8.000000 -> cannot exceed 0.
[3908.268s] PRUNE: margin=-9.125000, optimistic_rem(widened)=0.000000 -> cannot exceed 0.
[3914.915s] PRUNE: margin=-9.125000, optimistic_rem(widened)=0.000000 -> cannot exceed 0.
[3920.622s] PRUNE: margin=-9.250000, optimistic_rem(widened)=0.000000 -> cannot exceed 0.
[3927.119s] PRUNE: margin=-9.250000, optimistic_rem(widened)=0.000000 -> cannot exceed 0.
[3935.016s] PRUNE: margin=-9.000000, optimistic_rem(widened)=0.000000 -> cannot exceed 0.
[3942.913s] PRUNE: margin=-9.000000, optimistic_rem(widened)=0.000000 -> cannot exceed 0.
[3950.810s] PRUNE: margin=-9.000000, optimistic_rem(widened)=0.000000 -> cannot exceed 0.
[3962.657s] PRUNE: margin=-9.000000, optimistic_rem(widened)=7.750000 -> cannot exceed 0.
[3970.567s] PRUNE: margin=-9.125000, optimistic_rem(widened)=8.000000 -> cannot exceed 0.
[3978.464s] PRUNE: margin=-10.875000, optimistic_rem(widened)=8.000000 -> cannot exceed 0.
[3986.258s] PRUNE: margin=-10.875000, optimistic_rem(widened)=8.000000 -> cannot exceed 0.
[3993.698s] PRUNE: margin=-10.875000, optimistic_rem(widened)=8.000000 -> cannot exceed 0.
[3999.103s] PRUNE: margin=-10.875000, optimistic_rem(widened)=8.000000 -> cannot exceed 0.
[4006.289s] PRUNE: margin=-10.875000, optimistic_rem(widened)=8.000000 -> cannot exceed 0.
[4020.127s] PRUNE: margin=-9.125000, optimistic_rem(widened)=7.875000 -> cannot exceed 0.
[4025.647s] PRUNE: margin=-9.125000, optimistic_rem(widened)=8.125000 -> cannot exceed 0.
[4030.927s] PRUNE: margin=-9.250000, optimistic_rem(widened)=8.000000 -> cannot exceed 0.
[4037.861s] PRUNE: margin=-8.875000, optimistic_rem(widened)=8.375000 -> cannot exceed 0.
[4045.753s] PRUNE: margin=-9.000000, optimistic_rem(widened)=8.500000 -> cannot exceed 0.
[4053.828s] PRUNE: margin=-9.000000, optimistic_rem(widened)=8.500000 -> cannot exceed 0.
[4061.947s] PRUNE: margin=-9.000000, optimistic_rem(widened)=8.500000 -> cannot exceed 0.
[4077.988s] PRUNE: margin=-9.125000, optimistic_rem(widened)=7.875000 -> cannot exceed 0.
[4085.980s] PRUNE: margin=-9.125000, optimistic_rem(widened)=8.000000 -> cannot exceed 0.
[4093.975s] PRUNE: margin=-10.875000, optimistic_rem(widened)=7.875000 -> cannot exceed 0.
[4101.375s] PRUNE: margin=-10.875000, optimistic_rem(widened)=7.875000 -> cannot exceed 0.
[4109.044s] PRUNE: margin=-10.875000, optimistic_rem(widened)=7.875000 -> cannot exceed 0.
[4116.953s] PRUNE: margin=-10.875000, optimistic_rem(widened)=8.000000 -> cannot exceed 0.
[4131.360s] PRUNE: margin=-9.125000, optimistic_rem(widened)=7.875000 -> cannot exceed 0.
[4137.439s] PRUNE: margin=-9.125000, optimistic_rem(widened)=8.000000 -> cannot exceed 0.
[4143.092s] PRUNE: margin=-10.875000, optimistic_rem(widened)=7.875000 -> cannot exceed 0.
[4150.628s] PRUNE: margin=-10.875000, optimistic_rem(widened)=7.875000 -> cannot exceed 0.
[4158.537s] PRUNE: margin=-10.875000, optimistic_rem(widened)=8.000000 -> cannot exceed 0.
[4174.323s] PRUNE: margin=-9.125000, optimistic_rem(widened)=7.875000 -> cannot exceed 0.
[4180.420s] PRUNE: margin=-9.125000, optimistic_rem(widened)=7.750000 -> cannot exceed 0.
[4187.796s] PRUNE: margin=-8.875000, optimistic_rem(widened)=8.000000 -> cannot exceed 0.
[4195.576s] PRUNE: margin=-10.875000, optimistic_rem(widened)=7.750000 -> cannot exceed 0.
[4211.377s] PRUNE: margin=-9.000000, optimistic_rem(widened)=7.875000 -> cannot exceed 0.
[4219.279s] PRUNE: margin=-9.125000, optimistic_rem(widened)=7.875000 -> cannot exceed 0.
[4227.184s] PRUNE: margin=-9.125000, optimistic_rem(widened)=7.750000 -> cannot exceed 0.
[4243.023s] PRUNE: margin=-9.000000, optimistic_rem(widened)=7.625000 -> cannot exceed 0.
[4250.928s] PRUNE: margin=-9.250000, optimistic_rem(widened)=8.000000 -> cannot exceed 0.
[4266.737s] PRUNE: margin=-9.250000, optimistic_rem(widened)=8.125000 -> cannot exceed 0.
[4293.848s] PRUNE: margin=-7.125000, optimistic_rem(widened)=2.750000 -> cannot exceed 0.
[4300.361s] PRUNE: margin=-7.125000, optimistic_rem(widened)=3.125000 -> cannot exceed 0.
[4308.372s] PRUNE: margin=-7.375000, optimistic_rem(widened)=1.250000 -> cannot exceed 0.
[4320.407s] PRUNE: margin=-4.750000, optimistic_rem(widened)=2.125000 -> cannot exceed 0.
[4332.375s] PRUNE: margin=-6.750000, optimistic_rem(widened)=0.000000 -> cannot exceed 0.
[4340.348s] PRUNE: margin=-6.750000, optimistic_rem(widened)=0.000000 -> cannot exceed 0.
[4348.319s] PRUNE: margin=-6.750000, optimistic_rem(widened)=0.000000 -> cannot exceed 0.
[4356.295s] PRUNE: margin=-4.750000, optimistic_rem(widened)=0.000000 -> cannot exceed 0.
[4363.870s] PRUNE: margin=-6.750000, optimistic_rem(widened)=0.000000 -> cannot exceed 0.
[4369.483s] PRUNE: margin=-6.750000, optimistic_rem(widened)=0.000000 -> cannot exceed 0.
[4375.366s] PRUNE: margin=-6.750000, optimistic_rem(widened)=0.000000 -> cannot exceed 0.
[4389.760s] PRUNE: margin=-6.750000, optimistic_rem(widened)=0.000000 -> cannot exceed 0.
[4397.682s] PRUNE: margin=-6.750000, optimistic_rem(widened)=0.000000 -> cannot exceed 0.
[4405.569s] PRUNE: margin=-6.875000, optimistic_rem(widened)=0.000000 -> cannot exceed 0.
[4413.519s] PRUNE: margin=-6.750000, optimistic_rem(widened)=0.000000 -> cannot exceed 0.
[4421.469s] PRUNE: margin=-6.750000, optimistic_rem(widened)=0.000000 -> cannot exceed 0.
[4428.944s] PRUNE: margin=-6.750000, optimistic_rem(widened)=0.000000 -> cannot exceed 0.
[4444.846s] PRUNE: margin=-6.750000, optimistic_rem(widened)=0.000000 -> cannot exceed 0.
[4452.800s] PRUNE: margin=-6.875000, optimistic_rem(widened)=0.000000 -> cannot exceed 0.
[4460.752s] PRUNE: margin=-6.750000, optimistic_rem(widened)=0.000000 -> cannot exceed 0.
[4468.706s] PRUNE: margin=-6.750000, optimistic_rem(widened)=0.000000 -> cannot exceed 0.
[4476.657s] PRUNE: margin=-6.750000, optimistic_rem(widened)=0.000000 -> cannot exceed 0.
[4492.562s] PRUNE: margin=-6.875000, optimistic_rem(widened)=0.000000 -> cannot exceed 0.
[4500.125s] PRUNE: margin=-6.750000, optimistic_rem(widened)=0.000000 -> cannot exceed 0.
[4508.073s] PRUNE: margin=-6.750000, optimistic_rem(widened)=0.000000 -> cannot exceed 0.
[4516.019s] PRUNE: margin=-6.750000, optimistic_rem(widened)=0.000000 -> cannot exceed 0.
[4531.870s] PRUNE: margin=-6.500000, optimistic_rem(widened)=0.000000 -> cannot exceed 0.
[4539.807s] PRUNE: margin=-6.500000, optimistic_rem(widened)=0.000000 -> cannot exceed 0.
[4547.742s] PRUNE: margin=-6.500000, optimistic_rem(widened)=0.000000 -> cannot exceed 0.
[4562.213s] PRUNE: margin=-6.750000, optimistic_rem(widened)=0.000000 -> cannot exceed 0.
[4569.269s] PRUNE: margin=-6.750000, optimistic_rem(widened)=0.000000 -> cannot exceed 0.
[4583.798s] PRUNE: margin=-6.750000, optimistic_rem(widened)=0.000000 -> cannot exceed 0.
[4608.636s] PRUNE: margin=-6.500000, optimistic_rem(widened)=2.125000 -> cannot exceed 0.
[4616.402s] PRUNE: margin=-4.625000, optimistic_rem(widened)=0.125000 -> cannot exceed 0.
[4626.472s] PRUNE: margin=-6.750000, optimistic_rem(widened)=0.000000 -> cannot exceed 0.
[4631.421s] PRUNE: margin=-6.750000, optimistic_rem(widened)=0.000000 -> cannot exceed 0.
[4636.526s] PRUNE: margin=-6.750000, optimistic_rem(widened)=0.000000 -> cannot exceed 0.
[4642.133s] PRUNE: margin=-6.750000, optimistic_rem(widened)=0.000000 -> cannot exceed 0.
[4647.120s] PRUNE: margin=-6.750000, optimistic_rem(widened)=0.000000 -> cannot exceed 0.
[4657.944s] PRUNE: margin=-6.750000, optimistic_rem(widened)=0.000000 -> cannot exceed 0.
[4665.828s] PRUNE: margin=-6.750000, optimistic_rem(widened)=0.000000 -> cannot exceed 0.
[4673.746s] PRUNE: margin=-6.750000, optimistic_rem(widened)=0.000000 -> cannot exceed 0.
[4681.667s] PRUNE: margin=-6.750000, optimistic_rem(widened)=0.000000 -> cannot exceed 0.
[4694.598s] PRUNE: margin=-6.750000, optimistic_rem(widened)=0.000000 -> cannot exceed 0.
[4702.531s] PRUNE: margin=-6.750000, optimistic_rem(widened)=0.000000 -> cannot exceed 0.
[4710.461s] PRUNE: margin=-6.750000, optimistic_rem(widened)=0.000000 -> cannot exceed 0.
[4726.315s] PRUNE: margin=-6.750000, optimistic_rem(widened)=0.000000 -> cannot exceed 0.
[4734.244s] PRUNE: margin=-6.750000, optimistic_rem(widened)=0.000000 -> cannot exceed 0.
[4750.102s] PRUNE: margin=-6.750000, optimistic_rem(widened)=0.000000 -> cannot exceed 0.
[4853.467s] PRUNE: margin=-6.250000, optimistic_rem(widened)=0.000000 -> cannot exceed 0.
[4860.842s] PRUNE: margin=-6.250000, optimistic_rem(widened)=0.000000 -> cannot exceed 0.
[4868.798s] PRUNE: margin=-6.250000, optimistic_rem(widened)=0.000000 -> cannot exceed 0.
[4928.402s] PRUNE: margin=-6.750000, optimistic_rem(widened)=0.000000 -> cannot exceed 0.
[4936.355s] PRUNE: margin=-6.750000, optimistic_rem(widened)=0.000000 -> cannot exceed 0.
[4944.302s] PRUNE: margin=-6.750000, optimistic_rem(widened)=0.000000 -> cannot exceed 0.
[4980.063s] PRUNE: margin=-6.750000, optimistic_rem(widened)=0.000000 -> cannot exceed 0.
[4988.013s] PRUNE: margin=-6.750000, optimistic_rem(widened)=0.000000 -> cannot exceed 0.
[4995.961s] PRUNE: margin=-6.750000, optimistic_rem(widened)=0.000000 -> cannot exceed 0.
[5011.860s] PRUNE: margin=-6.750000, optimistic_rem(widened)=0.000000 -> cannot exceed 0.
[5019.794s] PRUNE: margin=-6.750000, optimistic_rem(widened)=0.000000 -> cannot exceed 0.
[5027.728s] PRUNE: margin=-6.750000, optimistic_rem(widened)=0.000000 -> cannot exceed 0.
[5043.507s] PRUNE: margin=-6.875000, optimistic_rem(widened)=0.000000 -> cannot exceed 0.
[5051.085s] PRUNE: margin=-6.875000, optimistic_rem(widened)=0.000000 -> cannot exceed 0.
[5066.244s] PRUNE: margin=-6.875000, optimistic_rem(widened)=0.000000 -> cannot exceed 0.
[5138.183s] PRUNE: margin=-7.000000, optimistic_rem(widened)=0.000000 -> cannot exceed 0.
[5145.756s] PRUNE: margin=-7.125000, optimistic_rem(widened)=0.000000 -> cannot exceed 0.
[5153.325s] PRUNE: margin=-7.125000, optimistic_rem(widened)=0.000000 -> cannot exceed 0.
[5187.392s] PRUNE: margin=-7.000000, optimistic_rem(widened)=0.000000 -> cannot exceed 0.
[5194.962s] PRUNE: margin=-7.125000, optimistic_rem(widened)=0.000000 -> cannot exceed 0.
[5202.532s] PRUNE: margin=-7.125000, optimistic_rem(widened)=0.000000 -> cannot exceed 0.
[5217.674s] PRUNE: margin=-7.000000, optimistic_rem(widened)=0.000000 -> cannot exceed 0.
[5225.244s] PRUNE: margin=-7.000000, optimistic_rem(widened)=0.000000 -> cannot exceed 0.
[5232.813s] PRUNE: margin=-7.125000, optimistic_rem(widened)=0.000000 -> cannot exceed 0.
[5247.957s] PRUNE: margin=-7.000000, optimistic_rem(widened)=0.000000 -> cannot exceed 0.
[5254.503s] PRUNE: margin=-7.000000, optimistic_rem(widened)=0.000000 -> cannot exceed 0.
[5270.366s] PRUNE: margin=-6.625000, optimistic_rem(widened)=0.000000 -> cannot exceed 0.
[5298.106s] PRUNE: margin=-7.375000, optimistic_rem(widened)=0.625000 -> cannot exceed 0.
[5305.791s] PRUNE: margin=-7.375000, optimistic_rem(widened)=0.625000 -> cannot exceed 0.
[5313.713s] PRUNE: margin=-9.125000, optimistic_rem(widened)=8.000000 -> cannot exceed 0.
[5321.634s] PRUNE: margin=-9.125000, optimistic_rem(widened)=8.000000 -> cannot exceed 0.
[5329.555s] PRUNE: margin=-9.125000, optimistic_rem(widened)=8.000000 -> cannot exceed 0.
[5365.179s] PRUNE: margin=-9.125000, optimistic_rem(widened)=0.000000 -> cannot exceed 0.
[5371.328s] PRUNE: margin=-9.125000, optimistic_rem(widened)=0.000000 -> cannot exceed 0.
[5386.319s] PRUNE: margin=-9.125000, optimistic_rem(widened)=0.000000 -> cannot exceed 0.
[5394.248s] PRUNE: margin=-9.125000, optimistic_rem(widened)=0.000000 -> cannot exceed 0.
[5406.143s] PRUNE: margin=-9.000000, optimistic_rem(widened)=7.875000 -> cannot exceed 0.
[5414.072s] PRUNE: margin=-9.000000, optimistic_rem(widened)=7.875000 -> cannot exceed 0.
[5433.894s] PRUNE: margin=-9.125000, optimistic_rem(widened)=0.000000 -> cannot exceed 0.
[5441.809s] PRUNE: margin=-9.125000, optimistic_rem(widened)=0.000000 -> cannot exceed 0.
[5453.672s] PRUNE: margin=-9.000000, optimistic_rem(widened)=7.875000 -> cannot exceed 0.
[5461.549s] PRUNE: margin=-9.000000, optimistic_rem(widened)=7.875000 -> cannot exceed 0.
[5476.899s] PRUNE: margin=-9.125000, optimistic_rem(widened)=8.125000 -> cannot exceed 0.
[5484.768s] PRUNE: margin=-9.125000, optimistic_rem(widened)=8.125000 -> cannot exceed 0.
[5499.717s] PRUNE: margin=-9.125000, optimistic_rem(widened)=8.000000 -> cannot exceed 0.
[5530.688s] PRUNE: margin=-7.250000, optimistic_rem(widened)=5.875000 -> cannot exceed 0.
[5542.572s] PRUNE: margin=-7.250000, optimistic_rem(widened)=0.000000 -> cannot exceed 0.
[5550.482s] PRUNE: margin=-8.875000, optimistic_rem(widened)=0.000000 -> cannot exceed 0.
[5556.755s] PRUNE: margin=-9.000000, optimistic_rem(widened)=8.750000 -> cannot exceed 0.
[5564.688s] PRUNE: margin=-9.250000, optimistic_rem(widened)=0.000000 -> cannot exceed 0.
[5572.598s] PRUNE: margin=-9.250000, optimistic_rem(widened)=0.000000 -> cannot exceed 0.
[5580.510s] PRUNE: margin=-9.250000, optimistic_rem(widened)=0.000000 -> cannot exceed 0.
[5588.414s] PRUNE: margin=-9.250000, optimistic_rem(widened)=8.875000 -> cannot exceed 0.
[5596.327s] PRUNE: margin=-9.250000, optimistic_rem(widened)=8.875000 -> cannot exceed 0.
[5604.235s] PRUNE: margin=-9.250000, optimistic_rem(widened)=8.875000 -> cannot exceed 0.
[5613.810s] PRUNE: margin=-9.250000, optimistic_rem(widened)=8.000000 -> cannot exceed 0.
[5620.615s] PRUNE: margin=-9.000000, optimistic_rem(widened)=7.875000 -> cannot exceed 0.
[5626.855s] PRUNE: margin=-9.000000, optimistic_rem(widened)=7.875000 -> cannot exceed 0.
[5632.090s] PRUNE: margin=-9.000000, optimistic_rem(widened)=7.875000 -> cannot exceed 0.
[5637.384s] PRUNE: margin=-9.000000, optimistic_rem(widened)=7.875000 -> cannot exceed 0.
[5664.174s] PRUNE: margin=-9.000000, optimistic_rem(widened)=9.000000 -> cannot exceed 0.
[5671.889s] PRUNE: margin=-9.000000, optimistic_rem(widened)=9.000000 -> cannot exceed 0.
[5684.523s] PRUNE: margin=-9.000000, optimistic_rem(widened)=9.000000 -> cannot exceed 0.
[5690.644s] PRUNE: margin=-9.000000, optimistic_rem(widened)=9.000000 -> cannot exceed 0.
[5703.315s] PRUNE: margin=-9.125000, optimistic_rem(widened)=9.125000 -> cannot exceed 0.
[5731.002s] PRUNE: margin=-7.250000, optimistic_rem(widened)=6.000000 -> cannot exceed 0.
[5738.915s] PRUNE: margin=-9.250000, optimistic_rem(widened)=8.000000 -> cannot exceed 0.
[5746.824s] PRUNE: margin=-9.000000, optimistic_rem(widened)=7.750000 -> cannot exceed 0.
[5754.723s] PRUNE: margin=-9.000000, optimistic_rem(widened)=7.750000 -> cannot exceed 0.
[5762.622s] PRUNE: margin=-9.000000, optimistic_rem(widened)=7.750000 -> cannot exceed 0.
[5770.483s] PRUNE: margin=-9.125000, optimistic_rem(widened)=8.000000 -> cannot exceed 0.
[5782.204s] PRUNE: margin=-9.000000, optimistic_rem(widened)=9.000000 -> cannot exceed 0.
[5790.108s] PRUNE: margin=-9.000000, optimistic_rem(widened)=9.000000 -> cannot exceed 0.
[5798.012s] PRUNE: margin=-9.000000, optimistic_rem(widened)=8.750000 -> cannot exceed 0.
[5813.816s] PRUNE: margin=-9.000000, optimistic_rem(widened)=9.000000 -> cannot exceed 0.
[5821.161s] PRUNE: margin=-9.000000, optimistic_rem(widened)=8.750000 -> cannot exceed 0.
[5836.096s] PRUNE: margin=-9.000000, optimistic_rem(widened)=8.750000 -> cannot exceed 0.
[5856.105s] PRUNE: margin=-9.125000, optimistic_rem(widened)=4.375000 -> cannot exceed 0.
[5866.880s] PRUNE: margin=-5.125000, optimistic_rem(widened)=0.000000 -> cannot exceed 0.
[5872.074s] PRUNE: margin=-5.125000, optimistic_rem(widened)=0.000000 -> cannot exceed 0.
[5877.114s] PRUNE: margin=-5.125000, optimistic_rem(widened)=0.000000 -> cannot exceed 0.
[5882.834s] PRUNE: margin=-5.125000, optimistic_rem(widened)=0.000000 -> cannot exceed 0.
[5888.517s] PRUNE: margin=-5.125000, optimistic_rem(widened)=3.625000 -> cannot exceed 0.
[5894.191s] PRUNE: margin=-5.125000, optimistic_rem(widened)=3.625000 -> cannot exceed 0.
[5899.723s] PRUNE: margin=-5.125000, optimistic_rem(widened)=3.625000 -> cannot exceed 0.
[5908.160s] PRUNE: margin=-7.375000, optimistic_rem(widened)=2.625000 -> cannot exceed 0.
[5916.072s] PRUNE: margin=-9.125000, optimistic_rem(widened)=8.000000 -> cannot exceed 0.
[5923.987s] PRUNE: margin=-9.125000, optimistic_rem(widened)=8.000000 -> cannot exceed 0.
[5930.691s] PRUNE: margin=-9.250000, optimistic_rem(widened)=8.125000 -> cannot exceed 0.
[5938.399s] PRUNE: margin=-9.125000, optimistic_rem(widened)=8.750000 -> cannot exceed 0.
[5944.011s] PRUNE: margin=-9.125000, optimistic_rem(widened)=8.750000 -> cannot exceed 0.
[5955.192s] PRUNE: margin=-9.125000, optimistic_rem(widened)=8.750000 -> cannot exceed 0.
[5975.968s] PRUNE: margin=-7.250000, optimistic_rem(widened)=2.500000 -> cannot exceed 0.
[5982.999s] PRUNE: margin=-9.250000, optimistic_rem(widened)=8.000000 -> cannot exceed 0.
[5990.917s] PRUNE: margin=-9.250000, optimistic_rem(widened)=8.000000 -> cannot exceed 0.
[5998.828s] PRUNE: margin=-9.250000, optimistic_rem(widened)=8.000000 -> cannot exceed 0.
[6006.741s] PRUNE: margin=-9.250000, optimistic_rem(widened)=8.000000 -> cannot exceed 0.
[6014.651s] PRUNE: margin=-9.250000, optimistic_rem(widened)=8.000000 -> cannot exceed 0.
[6022.171s] PRUNE: margin=-9.250000, optimistic_rem(widened)=8.000000 -> cannot exceed 0.
[6035.068s] PRUNE: margin=-9.250000, optimistic_rem(widened)=8.125000 -> cannot exceed 0.
[6041.597s] PRUNE: margin=-9.250000, optimistic_rem(widened)=8.125000 -> cannot exceed 0.
[6049.524s] PRUNE: margin=-9.250000, optimistic_rem(widened)=8.125000 -> cannot exceed 0.
[6116.952s] PRUNE: margin=-9.000000, optimistic_rem(widened)=8.125000 -> cannot exceed 0.
[6124.858s] PRUNE: margin=-9.125000, optimistic_rem(widened)=8.000000 -> cannot exceed 0.
[6132.764s] PRUNE: margin=-8.875000, optimistic_rem(widened)=7.875000 -> cannot exceed 0.
[6140.668s] PRUNE: margin=-8.875000, optimistic_rem(widened)=7.875000 -> cannot exceed 0.
[6148.575s] PRUNE: margin=-8.875000, optimistic_rem(widened)=7.875000 -> cannot exceed 0.
[6161.047s] PRUNE: margin=-9.000000, optimistic_rem(widened)=8.125000 -> cannot exceed 0.
[6166.275s] PRUNE: margin=-9.125000, optimistic_rem(widened)=8.000000 -> cannot exceed 0.
[6172.332s] PRUNE: margin=-8.875000, optimistic_rem(widened)=7.875000 -> cannot exceed 0.
[6180.232s] PRUNE: margin=-8.875000, optimistic_rem(widened)=7.875000 -> cannot exceed 0.
[6196.031s] PRUNE: margin=-9.000000, optimistic_rem(widened)=8.125000 -> cannot exceed 0.
[6203.933s] PRUNE: margin=-9.000000, optimistic_rem(widened)=8.125000 -> cannot exceed 0.
[6211.836s] PRUNE: margin=-9.125000, optimistic_rem(widened)=8.000000 -> cannot exceed 0.
[6286.236s] PRUNE: margin=-7.250000, optimistic_rem(widened)=6.000000 -> cannot exceed 0.
[6298.108s] PRUNE: margin=-7.250000, optimistic_rem(widened)=2.500000 -> cannot exceed 0.
[6306.024s] PRUNE: margin=-7.250000, optimistic_rem(widened)=2.500000 -> cannot exceed 0.
[6313.973s] PRUNE: margin=-7.375000, optimistic_rem(widened)=2.625000 -> cannot exceed 0.
[6321.879s] PRUNE: margin=-9.250000, optimistic_rem(widened)=8.500000 -> cannot exceed 0.
[6329.788s] PRUNE: margin=-9.250000, optimistic_rem(widened)=8.500000 -> cannot exceed 0.
[6337.698s] PRUNE: margin=-9.250000, optimistic_rem(widened)=8.500000 -> cannot exceed 0.
[6345.600s] PRUNE: margin=-9.250000, optimistic_rem(widened)=8.500000 -> cannot exceed 0.
[6353.501s] PRUNE: margin=-9.250000, optimistic_rem(widened)=8.500000 -> cannot exceed 0.
[6361.401s] PRUNE: margin=-9.250000, optimistic_rem(widened)=8.500000 -> cannot exceed 0.
[6377.202s] PRUNE: margin=-9.125000, optimistic_rem(widened)=7.875000 -> cannot exceed 0.
[6385.104s] PRUNE: margin=-9.125000, optimistic_rem(widened)=7.875000 -> cannot exceed 0.
[6393.020s] PRUNE: margin=-9.125000, optimistic_rem(widened)=7.750000 -> cannot exceed 0.
[6399.521s] PRUNE: margin=-9.125000, optimistic_rem(widened)=7.750000 -> cannot exceed 0.
[6407.330s] PRUNE: margin=-9.125000, optimistic_rem(widened)=7.750000 -> cannot exceed 0.
[6415.243s] PRUNE: margin=-9.125000, optimistic_rem(widened)=7.750000 -> cannot exceed 0.
[6423.155s] PRUNE: margin=-9.250000, optimistic_rem(widened)=8.000000 -> cannot exceed 0.
[6431.066s] PRUNE: margin=-9.250000, optimistic_rem(widened)=8.000000 -> cannot exceed 0.
[6446.168s] PRUNE: margin=-9.125000, optimistic_rem(widened)=7.875000 -> cannot exceed 0.
[6454.073s] PRUNE: margin=-9.125000, optimistic_rem(widened)=7.750000 -> cannot exceed 0.
[6461.952s] PRUNE: margin=-9.125000, optimistic_rem(widened)=7.750000 -> cannot exceed 0.
[6469.123s] PRUNE: margin=-9.125000, optimistic_rem(widened)=7.750000 -> cannot exceed 0.
[6477.029s] PRUNE: margin=-9.125000, optimistic_rem(widened)=7.750000 -> cannot exceed 0.
[6484.936s] PRUNE: margin=-9.250000, optimistic_rem(widened)=8.000000 -> cannot exceed 0.
[6492.844s] PRUNE: margin=-9.250000, optimistic_rem(widened)=8.000000 -> cannot exceed 0.
[6508.659s] PRUNE: margin=-9.125000, optimistic_rem(widened)=7.750000 -> cannot exceed 0.
[6516.566s] PRUNE: margin=-9.125000, optimistic_rem(widened)=7.750000 -> cannot exceed 0.
[6524.474s] PRUNE: margin=-9.125000, optimistic_rem(widened)=7.750000 -> cannot exceed 0.
[6532.401s] PRUNE: margin=-9.125000, optimistic_rem(widened)=7.750000 -> cannot exceed 0.
[6540.329s] PRUNE: margin=-9.250000, optimistic_rem(widened)=8.000000 -> cannot exceed 0.
[6548.251s] PRUNE: margin=-9.250000, optimistic_rem(widened)=8.000000 -> cannot exceed 0.
[6564.101s] PRUNE: margin=-9.250000, optimistic_rem(widened)=8.000000 -> cannot exceed 0.
[6572.023s] PRUNE: margin=-9.250000, optimistic_rem(widened)=7.875000 -> cannot exceed 0.
[6579.945s] PRUNE: margin=-9.250000, optimistic_rem(widened)=7.875000 -> cannot exceed 0.
[6587.868s] PRUNE: margin=-9.250000, optimistic_rem(widened)=7.875000 -> cannot exceed 0.
[6595.789s] PRUNE: margin=-9.250000, optimistic_rem(widened)=8.000000 -> cannot exceed 0.
[6615.599s] PRUNE: margin=-9.250000, optimistic_rem(widened)=9.000000 -> cannot exceed 0.
[6623.527s] PRUNE: margin=-9.250000, optimistic_rem(widened)=9.250000 -> cannot exceed 0.
[6631.451s] PRUNE: margin=-9.250000, optimistic_rem(widened)=9.125000 -> cannot exceed 0.
[6647.258s] PRUNE: margin=-9.250000, optimistic_rem(widened)=9.250000 -> cannot exceed 0.
[6655.171s] PRUNE: margin=-9.250000, optimistic_rem(widened)=9.125000 -> cannot exceed 0.
[6670.991s] PRUNE: margin=-9.250000, optimistic_rem(widened)=9.125000 -> cannot exceed 0.
[6702.627s] PRUNE: margin=-9.250000, optimistic_rem(widened)=9.250000 -> cannot exceed 0.
[6710.536s] PRUNE: margin=-9.250000, optimistic_rem(widened)=9.125000 -> cannot exceed 0.
[6726.352s] PRUNE: margin=-9.250000, optimistic_rem(widened)=9.125000 -> cannot exceed 0.
[6757.984s] PRUNE: margin=-9.125000, optimistic_rem(widened)=9.000000 -> cannot exceed 0.
[6813.371s] PRUNE: margin=-7.375000, optimistic_rem(widened)=6.875000 -> cannot exceed 0.
[6829.170s] PRUNE: margin=-9.125000, optimistic_rem(widened)=8.875000 -> cannot exceed 0.
[6837.085s] PRUNE: margin=-9.125000, optimistic_rem(widened)=9.000000 -> cannot exceed 0.
[6844.995s] PRUNE: margin=-9.125000, optimistic_rem(widened)=0.000000 -> cannot exceed 0.
[6852.899s] PRUNE: margin=-9.125000, optimistic_rem(widened)=0.000000 -> cannot exceed 0.
[6860.804s] PRUNE: margin=-9.250000, optimistic_rem(widened)=0.000000 -> cannot exceed 0.
[6868.707s] PRUNE: margin=-9.250000, optimistic_rem(widened)=0.000000 -> cannot exceed 0.
[6876.610s] PRUNE: margin=-9.125000, optimistic_rem(widened)=0.000000 -> cannot exceed 0.
[6892.413s] PRUNE: margin=-9.125000, optimistic_rem(widened)=9.000000 -> cannot exceed 0.
[6900.319s] PRUNE: margin=-9.125000, optimistic_rem(widened)=0.000000 -> cannot exceed 0.
[6908.222s] PRUNE: margin=-9.125000, optimistic_rem(widened)=0.000000 -> cannot exceed 0.
[6916.125s] PRUNE: margin=-9.250000, optimistic_rem(widened)=0.000000 -> cannot exceed 0.
[6924.033s] PRUNE: margin=-9.250000, optimistic_rem(widened)=0.000000 -> cannot exceed 0.
[6931.175s] PRUNE: margin=-9.125000, optimistic_rem(widened)=0.000000 -> cannot exceed 0.
[6946.987s] PRUNE: margin=-9.125000, optimistic_rem(widened)=0.000000 -> cannot exceed 0.
[6954.913s] PRUNE: margin=-9.125000, optimistic_rem(widened)=0.000000 -> cannot exceed 0.
[6962.532s] PRUNE: margin=-9.125000, optimistic_rem(widened)=0.000000 -> cannot exceed 0.
[6970.138s] PRUNE: margin=-9.125000, optimistic_rem(widened)=0.000000 -> cannot exceed 0.
[6978.051s] PRUNE: margin=-9.125000, optimistic_rem(widened)=0.000000 -> cannot exceed 0.
[6989.922s] PRUNE: margin=-9.125000, optimistic_rem(widened)=7.875000 -> cannot exceed 0.
[6997.835s] PRUNE: margin=-9.125000, optimistic_rem(widened)=7.875000 -> cannot exceed 0.
[7005.746s] PRUNE: margin=-9.125000, optimistic_rem(widened)=7.875000 -> cannot exceed 0.
[7012.949s] PRUNE: margin=-9.250000, optimistic_rem(widened)=8.000000 -> cannot exceed 0.
[7020.850s] PRUNE: margin=-9.250000, optimistic_rem(widened)=8.000000 -> cannot exceed 0.
[7036.648s] PRUNE: margin=-9.250000, optimistic_rem(widened)=8.000000 -> cannot exceed 0.
[7044.549s] PRUNE: margin=-9.250000, optimistic_rem(widened)=8.000000 -> cannot exceed 0.
[7052.451s] PRUNE: margin=-9.250000, optimistic_rem(widened)=8.000000 -> cannot exceed 0.
[7060.386s] PRUNE: margin=-9.250000, optimistic_rem(widened)=8.000000 -> cannot exceed 0.
[7067.641s] PRUNE: margin=-9.250000, optimistic_rem(widened)=8.000000 -> cannot exceed 0.
[7075.556s] PRUNE: margin=-9.250000, optimistic_rem(widened)=8.000000 -> cannot exceed 0.
[7083.456s] PRUNE: margin=-9.250000, optimistic_rem(widened)=7.875000 -> cannot exceed 0.
[7099.255s] PRUNE: margin=-9.250000, optimistic_rem(widened)=8.000000 -> cannot exceed 0.
[7107.154s] PRUNE: margin=-9.250000, optimistic_rem(widened)=8.000000 -> cannot exceed 0.
[7115.054s] PRUNE: margin=-9.250000, optimistic_rem(widened)=8.000000 -> cannot exceed 0.
[7122.954s] PRUNE: margin=-9.250000, optimistic_rem(widened)=8.000000 -> cannot exceed 0.
[7130.855s] PRUNE: margin=-9.250000, optimistic_rem(widened)=8.000000 -> cannot exceed 0.
[7138.755s] PRUNE: margin=-9.250000, optimistic_rem(widened)=8.000000 -> cannot exceed 0.
[7158.500s] PRUNE: margin=-9.250000, optimistic_rem(widened)=8.375000 -> cannot exceed 0.
[7166.400s] PRUNE: margin=-9.250000, optimistic_rem(widened)=0.000000 -> cannot exceed 0.
[7174.298s] PRUNE: margin=-9.250000, optimistic_rem(widened)=0.000000 -> cannot exceed 0.
[7182.198s] PRUNE: margin=-9.250000, optimistic_rem(widened)=0.000000 -> cannot exceed 0.
[7194.047s] PRUNE: margin=-9.250000, optimistic_rem(widened)=7.875000 -> cannot exceed 0.
[7205.893s] PRUNE: margin=-9.250000, optimistic_rem(widened)=0.000000 -> cannot exceed 0.
[7213.795s] PRUNE: margin=-9.250000, optimistic_rem(widened)=0.000000 -> cannot exceed 0.
[7225.646s] PRUNE: margin=-9.250000, optimistic_rem(widened)=2.500000 -> cannot exceed 0.
[7233.546s] PRUNE: margin=-9.250000, optimistic_rem(widened)=2.500000 -> cannot exceed 0.
[7253.294s] PRUNE: margin=-9.250000, optimistic_rem(widened)=0.000000 -> cannot exceed 0.
[7261.196s] PRUNE: margin=-9.250000, optimistic_rem(widened)=0.000000 -> cannot exceed 0.
[7269.097s] PRUNE: margin=-9.250000, optimistic_rem(widened)=0.000000 -> cannot exceed 0.
[7280.947s] PRUNE: margin=-9.250000, optimistic_rem(widened)=7.875000 -> cannot exceed 0.
[7288.848s] PRUNE: margin=-9.250000, optimistic_rem(widened)=2.500000 -> cannot exceed 0.
[7296.748s] PRUNE: margin=-9.250000, optimistic_rem(widened)=2.500000 -> cannot exceed 0.
[7312.557s] PRUNE: margin=-9.250000, optimistic_rem(widened)=7.875000 -> cannot exceed 0.
[7320.481s] PRUNE: margin=-9.250000, optimistic_rem(widened)=7.875000 -> cannot exceed 0.
[7328.415s] PRUNE: margin=-9.250000, optimistic_rem(widened)=7.875000 -> cannot exceed 0.
[7344.293s] PRUNE: margin=-9.250000, optimistic_rem(widened)=8.000000 -> cannot exceed 0.
[7352.192s] PRUNE: margin=-9.250000, optimistic_rem(widened)=7.875000 -> cannot exceed 0.
[7367.984s] PRUNE: margin=-9.250000, optimistic_rem(widened)=8.000000 -> cannot exceed 0.
[7398.320s] PRUNE: margin=-9.250000, optimistic_rem(widened)=8.000000 -> cannot exceed 0.
[7406.240s] PRUNE: margin=-9.250000, optimistic_rem(widened)=8.000000 -> cannot exceed 0.
[7414.161s] PRUNE: margin=-9.250000, optimistic_rem(widened)=8.750000 -> cannot exceed 0.
[7422.087s] PRUNE: margin=-9.250000, optimistic_rem(widened)=7.875000 -> cannot exceed 0.
[7430.016s] PRUNE: margin=-9.250000, optimistic_rem(widened)=8.000000 -> cannot exceed 0.
[7437.942s] PRUNE: margin=-9.250000, optimistic_rem(widened)=8.500000 -> cannot exceed 0.
[7445.864s] PRUNE: margin=-9.000000, optimistic_rem(widened)=7.625000 -> cannot exceed 0.
[7453.789s] PRUNE: margin=-9.000000, optimistic_rem(widened)=7.625000 -> cannot exceed 0.
[7468.383s] PRUNE: margin=-9.250000, optimistic_rem(widened)=8.000000 -> cannot exceed 0.
[7474.471s] PRUNE: margin=-9.250000, optimistic_rem(widened)=8.750000 -> cannot exceed 0.
[7482.400s] PRUNE: margin=-9.250000, optimistic_rem(widened)=7.875000 -> cannot exceed 0.
[7490.324s] PRUNE: margin=-9.250000, optimistic_rem(widened)=8.000000 -> cannot exceed 0.
[7498.250s] PRUNE: margin=-9.250000, optimistic_rem(widened)=8.500000 -> cannot exceed 0.
[7506.170s] PRUNE: margin=-9.000000, optimistic_rem(widened)=7.625000 -> cannot exceed 0.
[7513.473s] PRUNE: margin=-9.000000, optimistic_rem(widened)=7.625000 -> cannot exceed 0.
[7533.278s] PRUNE: margin=-7.000000, optimistic_rem(widened)=0.000000 -> cannot exceed 0.
[7541.201s] PRUNE: margin=-7.250000, optimistic_rem(widened)=0.000000 -> cannot exceed 0.
[7549.124s] PRUNE: margin=-7.250000, optimistic_rem(widened)=0.000000 -> cannot exceed 0.
[7557.047s] PRUNE: margin=-7.250000, optimistic_rem(widened)=0.000000 -> cannot exceed 0.
[7564.970s] PRUNE: margin=-9.250000, optimistic_rem(widened)=0.000000 -> cannot exceed 0.
[7576.853s] PRUNE: margin=-9.250000, optimistic_rem(widened)=7.875000 -> cannot exceed 0.
[7584.775s] PRUNE: margin=-9.250000, optimistic_rem(widened)=7.875000 -> cannot exceed 0.
[7592.700s] PRUNE: margin=-9.250000, optimistic_rem(widened)=7.875000 -> cannot exceed 0.
[7600.626s] PRUNE: margin=-9.250000, optimistic_rem(widened)=8.000000 -> cannot exceed 0.
[7608.551s] PRUNE: margin=-9.250000, optimistic_rem(widened)=8.500000 -> cannot exceed 0.
[7628.361s] PRUNE: margin=-7.000000, optimistic_rem(widened)=0.000000 -> cannot exceed 0.
[7636.287s] PRUNE: margin=-7.125000, optimistic_rem(widened)=0.000000 -> cannot exceed 0.
[7644.214s] PRUNE: margin=-7.000000, optimistic_rem(widened)=0.000000 -> cannot exceed 0.
[7652.139s] PRUNE: margin=-7.000000, optimistic_rem(widened)=0.000000 -> cannot exceed 0.
[7664.027s] PRUNE: margin=-9.250000, optimistic_rem(widened)=8.750000 -> cannot exceed 0.
[7671.371s] PRUNE: margin=-9.250000, optimistic_rem(widened)=8.750000 -> cannot exceed 0.
[7677.168s] PRUNE: margin=-9.250000, optimistic_rem(widened)=8.750000 -> cannot exceed 0.
[7681.782s] PRUNE: margin=-9.250000, optimistic_rem(widened)=8.375000 -> cannot exceed 0.
[7699.314s] PRUNE: margin=-9.250000, optimistic_rem(widened)=9.125000 -> cannot exceed 0.
[7707.232s] PRUNE: margin=-9.250000, optimistic_rem(widened)=9.125000 -> cannot exceed 0.
[7715.153s] PRUNE: margin=-9.250000, optimistic_rem(widened)=9.125000 -> cannot exceed 0.
[7730.988s] PRUNE: margin=-9.250000, optimistic_rem(widened)=9.125000 -> cannot exceed 0.
[7738.907s] PRUNE: margin=-9.250000, optimistic_rem(widened)=9.125000 -> cannot exceed 0.
[7754.744s] PRUNE: margin=-9.250000, optimistic_rem(widened)=9.000000 -> cannot exceed 0.
[7786.229s] PRUNE: margin=-9.250000, optimistic_rem(widened)=9.125000 -> cannot exceed 0.
[7792.993s] PRUNE: margin=-9.250000, optimistic_rem(widened)=9.125000 -> cannot exceed 0.
[7808.853s] PRUNE: margin=-9.250000, optimistic_rem(widened)=9.000000 -> cannot exceed 0.
[7832.664s] PRUNE: margin=-9.250000, optimistic_rem(widened)=9.125000 -> cannot exceed 0.
[7884.754s] PRUNE: margin=-9.000000, optimistic_rem(widened)=8.125000 -> cannot exceed 0.
[7892.652s] PRUNE: margin=-8.875000, optimistic_rem(widened)=0.000000 -> cannot exceed 0.
[7900.578s] PRUNE: margin=-8.875000, optimistic_rem(widened)=0.000000 -> cannot exceed 0.
[7908.121s] PRUNE: margin=-8.875000, optimistic_rem(widened)=0.000000 -> cannot exceed 0.
[7915.875s] PRUNE: margin=-10.875000, optimistic_rem(widened)=0.000000 -> cannot exceed 0.
[7923.775s] PRUNE: margin=-10.875000, optimistic_rem(widened)=0.000000 -> cannot exceed 0.
[7939.570s] PRUNE: margin=-9.125000, optimistic_rem(widened)=0.000000 -> cannot exceed 0.
[7947.471s] PRUNE: margin=-9.000000, optimistic_rem(widened)=0.000000 -> cannot exceed 0.
[7955.403s] PRUNE: margin=-9.000000, optimistic_rem(widened)=0.000000 -> cannot exceed 0.
[7963.300s] PRUNE: margin=-9.000000, optimistic_rem(widened)=0.000000 -> cannot exceed 0.
[7971.199s] PRUNE: margin=-9.000000, optimistic_rem(widened)=0.000000 -> cannot exceed 0.
[7983.047s] PRUNE: margin=-8.875000, optimistic_rem(widened)=1.750000 -> cannot exceed 0.
[7990.946s] PRUNE: margin=-8.875000, optimistic_rem(widened)=1.750000 -> cannot exceed 0.
[7998.847s] PRUNE: margin=-8.875000, optimistic_rem(widened)=1.625000 -> cannot exceed 0.
[8006.747s] PRUNE: margin=-10.875000, optimistic_rem(widened)=8.000000 -> cannot exceed 0.
[8014.646s] PRUNE: margin=-10.875000, optimistic_rem(widened)=8.000000 -> cannot exceed 0.
[8026.508s] PRUNE: margin=-8.875000, optimistic_rem(widened)=3.375000 -> cannot exceed 0.
[8040.096s] PRUNE: margin=-9.000000, optimistic_rem(widened)=0.000000 -> cannot exceed 0.
[8045.524s] PRUNE: margin=-9.000000, optimistic_rem(widened)=0.000000 -> cannot exceed 0.
[8050.258s] PRUNE: margin=-9.000000, optimistic_rem(widened)=0.000000 -> cannot exceed 0.
[8055.407s] PRUNE: margin=-9.000000, optimistic_rem(widened)=0.000000 -> cannot exceed 0.
[8065.000s] PRUNE: margin=-9.000000, optimistic_rem(widened)=7.875000 -> cannot exceed 0.
[8072.897s] PRUNE: margin=-9.000000, optimistic_rem(widened)=7.875000 -> cannot exceed 0.
[8080.799s] PRUNE: margin=-9.000000, optimistic_rem(widened)=8.000000 -> cannot exceed 0.
[8088.700s] PRUNE: margin=-9.000000, optimistic_rem(widened)=8.500000 -> cannot exceed 0.
[8104.496s] PRUNE: margin=-8.875000, optimistic_rem(widened)=1.750000 -> cannot exceed 0.
[8112.394s] PRUNE: margin=-8.875000, optimistic_rem(widened)=1.750000 -> cannot exceed 0.
[8120.300s] PRUNE: margin=-10.875000, optimistic_rem(widened)=7.875000 -> cannot exceed 0.
[8128.198s] PRUNE: margin=-10.875000, optimistic_rem(widened)=8.000000 -> cannot exceed 0.
[8143.301s] PRUNE: margin=-8.875000, optimistic_rem(widened)=1.750000 -> cannot exceed 0.
[8150.947s] PRUNE: margin=-8.875000, optimistic_rem(widened)=7.875000 -> cannot exceed 0.
[8157.333s] PRUNE: margin=-10.875000, optimistic_rem(widened)=8.000000 -> cannot exceed 0.
[8170.084s] PRUNE: margin=-8.875000, optimistic_rem(widened)=7.875000 -> cannot exceed 0.
[8176.607s] PRUNE: margin=-10.875000, optimistic_rem(widened)=8.000000 -> cannot exceed 0.
[8190.906s] PRUNE: margin=-9.000000, optimistic_rem(widened)=8.125000 -> cannot exceed 0.
[8224.079s] PRUNE: margin=-9.125000, optimistic_rem(widened)=0.000000 -> cannot exceed 0.
[8231.229s] PRUNE: margin=-9.000000, optimistic_rem(widened)=0.000000 -> cannot exceed 0.
[8237.899s] PRUNE: margin=-9.000000, optimistic_rem(widened)=0.000000 -> cannot exceed 0.
[8243.301s] PRUNE: margin=-9.000000, optimistic_rem(widened)=0.000000 -> cannot exceed 0.
[8248.269s] PRUNE: margin=-9.000000, optimistic_rem(widened)=0.000000 -> cannot exceed 0.
[8258.897s] PRUNE: margin=-8.875000, optimistic_rem(widened)=1.750000 -> cannot exceed 0.
[8266.799s] PRUNE: margin=-8.875000, optimistic_rem(widened)=1.750000 -> cannot exceed 0.
[8274.700s] PRUNE: margin=-8.875000, optimistic_rem(widened)=1.625000 -> cannot exceed 0.
[8282.604s] PRUNE: margin=-10.875000, optimistic_rem(widened)=8.000000 -> cannot exceed 0.
[8290.507s] PRUNE: margin=-10.875000, optimistic_rem(widened)=8.000000 -> cannot exceed 0.
[8302.358s] PRUNE: margin=-8.875000, optimistic_rem(widened)=3.375000 -> cannot exceed 0.
[8314.211s] PRUNE: margin=-9.000000, optimistic_rem(widened)=7.875000 -> cannot exceed 0.
[8322.111s] PRUNE: margin=-9.000000, optimistic_rem(widened)=7.875000 -> cannot exceed 0.
[8330.012s] PRUNE: margin=-9.000000, optimistic_rem(widened)=8.000000 -> cannot exceed 0.
[8337.917s] PRUNE: margin=-9.000000, optimistic_rem(widened)=8.500000 -> cannot exceed 0.
[8353.733s] PRUNE: margin=-8.875000, optimistic_rem(widened)=1.750000 -> cannot exceed 0.
[8361.657s] PRUNE: margin=-8.875000, optimistic_rem(widened)=7.875000 -> cannot exceed 0.
[8369.566s] PRUNE: margin=-10.875000, optimistic_rem(widened)=8.000000 -> cannot exceed 0.
[8385.391s] PRUNE: margin=-8.875000, optimistic_rem(widened)=7.875000 -> cannot exceed 0.
[8393.286s] PRUNE: margin=-10.875000, optimistic_rem(widened)=8.000000 -> cannot exceed 0.
[8409.094s] PRUNE: margin=-9.000000, optimistic_rem(widened)=8.125000 -> cannot exceed 0.
[8428.950s] PRUNE: margin=-8.875000, optimistic_rem(widened)=3.375000 -> cannot exceed 0.
[8436.883s] PRUNE: margin=-8.875000, optimistic_rem(widened)=3.375000 -> cannot exceed 0.
[8444.818s] PRUNE: margin=-8.875000, optimistic_rem(widened)=3.375000 -> cannot exceed 0.
[8456.719s] PRUNE: margin=-9.000000, optimistic_rem(widened)=8.500000 -> cannot exceed 0.
[8464.654s] PRUNE: margin=-9.000000, optimistic_rem(widened)=8.125000 -> cannot exceed 0.
[8480.495s] PRUNE: margin=-9.000000, optimistic_rem(widened)=8.500000 -> cannot exceed 0.
[8512.171s] PRUNE: margin=-9.000000, optimistic_rem(widened)=8.000000 -> cannot exceed 0.
[8520.091s] PRUNE: margin=-9.000000, optimistic_rem(widened)=8.000000 -> cannot exceed 0.
[8528.010s] PRUNE: margin=-9.000000, optimistic_rem(widened)=8.000000 -> cannot exceed 0.
[8535.929s] PRUNE: margin=-8.875000, optimistic_rem(widened)=7.875000 -> cannot exceed 0.
[8583.450s] PRUNE: margin=-9.000000, optimistic_rem(widened)=9.000000 -> cannot exceed 0.
[8613.675s] PRUNE: margin=-10.875000, optimistic_rem(widened)=9.375000 -> cannot exceed 0.
[8670.122s] PRUNE: margin=-9.000000, optimistic_rem(widened)=8.000000 -> cannot exceed 0.
[8677.653s] PRUNE: margin=-9.000000, optimistic_rem(widened)=8.000000 -> cannot exceed 0.
[8685.183s] PRUNE: margin=-9.000000, optimistic_rem(widened)=8.000000 -> cannot exceed 0.
[8704.005s] PRUNE: margin=-9.000000, optimistic_rem(widened)=9.000000 -> cannot exceed 0.
[8762.379s] PRUNE: margin=-9.000000, optimistic_rem(widened)=8.000000 -> cannot exceed 0.
[8770.283s] PRUNE: margin=-9.125000, optimistic_rem(widened)=2.250000 -> cannot exceed 0.
[8817.728s] PRUNE: margin=-9.125000, optimistic_rem(widened)=2.250000 -> cannot exceed 0.
[8861.185s] No counterexample within budgets (BaB): no misclassification found.
STATUS: No counterexample | best_upper_margin=23.875000 | elapsed=8861.186s | pixels_changed=0 | total_bit_flips=0 | avg_hamming_per_pixel=0.000000 | patch_rows=13-13 | patch_cols=10-11 | note=no_counterexample_within_budgets
