[  0.000s] init: idx=7337 kmax=2 bmax=4 topx=2 widen=1.000 rank_fast=off
clean logits (hex):  0x84  0x82  0x82  0x82  0x82  0x82  0x82  0x82  0x82  0x82
clean logits (bits): 10000100 10000010 10000010 10000010 10000010 10000010 10000010 10000010 10000010 10000010
clean logits (double): -16.000000 -32.000000 -32.000000 -32.000000 -32.000000 -32.000000 -32.000000 -32.000000 -32.000000 -32.000000
[  0.017s] clean prediction: 0 (true label 0)
[ 13.582s] heuristic ROI: 2x2 block at rows 15-16, cols 14-15
[ 22.517s] selection: nSym=2 (from 4), topx=2, rank_fast=off
[ 22.517s] active patch: rows 15-16, cols 14-14 (derived from symPix)
[ 29.770s] Proceeding to BaB (greedy enabled).
[ 29.770s] Skipping root bound check (--no-root-bound).
[ 29.770s] BaB search starting (K<=2, B<=4, nSym=2, depth_limit=500000000, widen=1.00)...
[ 38.598s] PRUNE: margin=-16.000000, optimistic_rem(widened)=8.000000 -> cannot exceed 0.
[ 47.476s] PRUNE: margin=-16.000000, optimistic_rem(widened)=8.000000 -> cannot exceed 0.
[ 56.429s] PRUNE: margin=-16.000000, optimistic_rem(widened)=8.000000 -> cannot exceed 0.
[ 65.228s] PRUNE: margin=-16.000000, optimistic_rem(widened)=8.000000 -> cannot exceed 0.
[ 74.186s] PRUNE: margin=-16.000000, optimistic_rem(widened)=8.000000 -> cannot exceed 0.
[ 82.348s] PRUNE: margin=-16.000000, optimistic_rem(widened)=8.000000 -> cannot exceed 0.
[ 88.484s] PRUNE: margin=-16.000000, optimistic_rem(widened)=8.000000 -> cannot exceed 0.
[ 97.112s] PRUNE: margin=-16.000000, optimistic_rem(widened)=16.000000 -> cannot exceed 0.
[106.084s] PRUNE: margin=-16.000000, optimistic_rem(widened)=16.000000 -> cannot exceed 0.
[115.031s] PRUNE: margin=-16.000000, optimistic_rem(widened)=16.000000 -> cannot exceed 0.
[123.997s] PRUNE: margin=-16.000000, optimistic_rem(widened)=16.000000 -> cannot exceed 0.
[132.176s] PRUNE: margin=-16.000000, optimistic_rem(widened)=16.000000 -> cannot exceed 0.
[141.156s] PRUNE: margin=-16.000000, optimistic_rem(widened)=8.000000 -> cannot exceed 0.
[150.198s] PRUNE: margin=-16.000000, optimistic_rem(widened)=8.000000 -> cannot exceed 0.
[157.941s] PRUNE: margin=-16.000000, optimistic_rem(widened)=16.000000 -> cannot exceed 0.
[171.381s] No counterexample within budgets (BaB): no misclassification found.
STATUS: No counterexample | best_upper_margin=8.000000 | elapsed=171.381s | pixels_changed=0 | total_bit_flips=0 | avg_hamming_per_pixel=0.000000 | patch_rows=15-16 | patch_cols=14-14 | note=no_counterexample_within_budgets
