[  0.000s] init: idx=4053 kmax=2 bmax=4 topx=2 widen=1.000 rank_fast=off
clean logits (hex):  0x84  0x84  0x84  0x85  0x84  0x86  0x83  0x88  0x85  0x87
clean logits (bits): 10000100 10000100 10000100 10000101 10000100 10000110 10000011 10001000 10000101 10000111
clean logits (double): -16.000000 -16.000000 -16.000000 -14.000000 -16.000000 -12.000000 -24.000000 -8.000000 -14.000000 -10.000000
[  0.019s] clean prediction: 7 (true label 7)
[ 12.529s] heuristic ROI: 2x2 block at rows 4-5, cols 13-14
[ 20.896s] selection: nSym=2 (from 4), topx=2, rank_fast=off
[ 20.896s] active patch: rows 4-4, cols 13-14 (derived from symPix)
[ 27.626s] Proceeding to BaB (greedy enabled).
[ 27.626s] Skipping root bound check (--no-root-bound).
[ 27.626s] BaB search starting (K<=2, B<=4, nSym=2, depth_limit=500000000, widen=1.00)...
[ 35.942s] PRUNE: margin=-2.000000, optimistic_rem(widened)=2.000000 -> cannot exceed 0.
[ 44.257s] PRUNE: margin=-2.000000, optimistic_rem(widened)=2.000000 -> cannot exceed 0.
[ 52.591s] PRUNE: margin=-2.000000, optimistic_rem(widened)=2.000000 -> cannot exceed 0.
[ 60.906s] PRUNE: margin=-2.000000, optimistic_rem(widened)=2.000000 -> cannot exceed 0.
[ 69.218s] PRUNE: margin=-2.000000, optimistic_rem(widened)=2.000000 -> cannot exceed 0.
[ 77.407s] PRUNE: margin=-2.000000, optimistic_rem(widened)=2.000000 -> cannot exceed 0.
[ 89.529s] PRUNE: margin=-2.000000, optimistic_rem(widened)=2.000000 -> cannot exceed 0.
[ 97.844s] PRUNE: margin=-2.000000, optimistic_rem(widened)=2.000000 -> cannot exceed 0.
[106.156s] PRUNE: margin=-2.000000, optimistic_rem(widened)=2.000000 -> cannot exceed 0.
[114.258s] PRUNE: margin=-2.000000, optimistic_rem(widened)=2.000000 -> cannot exceed 0.
[122.572s] PRUNE: margin=-2.000000, optimistic_rem(widened)=2.000000 -> cannot exceed 0.
[135.045s] PRUNE: margin=-2.000000, optimistic_rem(widened)=2.000000 -> cannot exceed 0.
[143.361s] PRUNE: margin=-2.000000, optimistic_rem(widened)=0.000000 -> cannot exceed 0.
[151.719s] PRUNE: margin=-2.000000, optimistic_rem(widened)=2.000000 -> cannot exceed 0.
[166.077s] PRUNE: margin=-2.000000, optimistic_rem(widened)=2.000000 -> cannot exceed 0.
[174.298s] PRUNE: margin=-2.000000, optimistic_rem(widened)=2.000000 -> cannot exceed 0.
[189.798s] PRUNE: margin=-2.000000, optimistic_rem(widened)=2.000000 -> cannot exceed 0.
[202.186s] PRUNE: margin=-2.000000, optimistic_rem(widened)=2.000000 -> cannot exceed 0.
[223.057s] PRUNE: margin=-2.000000, optimistic_rem(widened)=2.000000 -> cannot exceed 0.
[231.407s] PRUNE: margin=-2.000000, optimistic_rem(widened)=0.000000 -> cannot exceed 0.
[239.757s] PRUNE: margin=-2.000000, optimistic_rem(widened)=2.000000 -> cannot exceed 0.
[248.109s] PRUNE: margin=-2.000000, optimistic_rem(widened)=2.000000 -> cannot exceed 0.
[256.461s] PRUNE: margin=-2.000000, optimistic_rem(widened)=2.000000 -> cannot exceed 0.
[264.814s] PRUNE: margin=-2.000000, optimistic_rem(widened)=2.000000 -> cannot exceed 0.
[272.730s] PRUNE: margin=-2.000000, optimistic_rem(widened)=2.000000 -> cannot exceed 0.
[285.233s] PRUNE: margin=-2.000000, optimistic_rem(widened)=2.000000 -> cannot exceed 0.
[297.718s] PRUNE: margin=-2.000000, optimistic_rem(widened)=2.000000 -> cannot exceed 0.
[305.508s] PRUNE: margin=-2.000000, optimistic_rem(widened)=2.000000 -> cannot exceed 0.
[311.078s] PRUNE: margin=-2.000000, optimistic_rem(widened)=2.000000 -> cannot exceed 0.
[319.395s] PRUNE: margin=-2.000000, optimistic_rem(widened)=2.000000 -> cannot exceed 0.
[327.715s] PRUNE: margin=-2.000000, optimistic_rem(widened)=2.000000 -> cannot exceed 0.
[344.352s] PRUNE: margin=-2.000000, optimistic_rem(widened)=2.000000 -> cannot exceed 0.
[352.671s] PRUNE: margin=-2.000000, optimistic_rem(widened)=2.000000 -> cannot exceed 0.
[360.993s] PRUNE: margin=-2.000000, optimistic_rem(widened)=2.000000 -> cannot exceed 0.
[369.315s] PRUNE: margin=-2.000000, optimistic_rem(widened)=2.000000 -> cannot exceed 0.
[385.950s] PRUNE: margin=-2.000000, optimistic_rem(widened)=2.000000 -> cannot exceed 0.
[394.268s] PRUNE: margin=-2.000000, optimistic_rem(widened)=2.000000 -> cannot exceed 0.
[402.589s] PRUNE: margin=-2.000000, optimistic_rem(widened)=2.000000 -> cannot exceed 0.
[419.229s] PRUNE: margin=-2.000000, optimistic_rem(widened)=2.000000 -> cannot exceed 0.
[427.549s] PRUNE: margin=-2.000000, optimistic_rem(widened)=2.000000 -> cannot exceed 0.
[444.198s] PRUNE: margin=-2.000000, optimistic_rem(widened)=2.000000 -> cannot exceed 0.
[456.681s] PRUNE: margin=-2.000000, optimistic_rem(widened)=2.000000 -> cannot exceed 0.
[469.150s] PRUNE: margin=-2.000000, optimistic_rem(widened)=2.000000 -> cannot exceed 0.
[477.459s] PRUNE: margin=-2.000000, optimistic_rem(widened)=2.000000 -> cannot exceed 0.
[485.765s] PRUNE: margin=-2.000000, optimistic_rem(widened)=2.000000 -> cannot exceed 0.
[494.078s] PRUNE: margin=-2.000000, optimistic_rem(widened)=2.000000 -> cannot exceed 0.
[502.387s] PRUNE: margin=-2.000000, optimistic_rem(widened)=0.000000 -> cannot exceed 0.
[510.694s] PRUNE: margin=-2.000000, optimistic_rem(widened)=0.000000 -> cannot exceed 0.
[539.790s] No counterexample within budgets (BaB): no misclassification found.
STATUS: No counterexample | best_upper_margin=8.000000 | elapsed=539.791s | pixels_changed=0 | total_bit_flips=0 | avg_hamming_per_pixel=0.000000 | patch_rows=4-4 | patch_cols=13-14 | note=no_counterexample_within_budgets
