[  0.000s] init: idx=1142 kmax=2 bmax=4 topx=2 widen=1.000 rank_fast=off
clean logits (hex):  0x83  0x83  0x83  0x82  0x8c  0x83  0x83  0x83  0x83  0x84
clean logits (bits): 10000011 10000011 10000011 10000010 10001100 10000011 10000011 10000011 10000011 10000100
clean logits (double): -24.000000 -24.000000 -24.000000 -32.000000 -6.000000 -24.000000 -24.000000 -24.000000 -24.000000 -16.000000
[  0.017s] clean prediction: 4 (true label 4)
[ 12.821s] heuristic ROI: 2x2 block at rows 9-10, cols 18-19
[ 21.372s] selection: nSym=2 (from 4), topx=2, rank_fast=off
[ 21.372s] active patch: rows 9-10, cols 18-19 (derived from symPix)
[ 38.896s] Proceeding to BaB (greedy enabled).
[ 38.896s] Skipping root bound check (--no-root-bound).
[ 38.896s] BaB search starting (K<=2, B<=4, nSym=2, depth_limit=500000000, widen=1.00)...
[ 50.498s] PRUNE: margin=-8.500000, optimistic_rem(widened)=1.500000 -> cannot exceed 0.
[ 59.343s] PRUNE: margin=-8.500000, optimistic_rem(widened)=1.500000 -> cannot exceed 0.
[291.565s] PRUNE: margin=-7.000000, optimistic_rem(widened)=0.000000 -> cannot exceed 0.
[300.151s] PRUNE: margin=-7.000000, optimistic_rem(widened)=0.000000 -> cannot exceed 0.
[308.736s] PRUNE: margin=-7.500000, optimistic_rem(widened)=0.000000 -> cannot exceed 0.
[317.322s] PRUNE: margin=-7.500000, optimistic_rem(widened)=0.000000 -> cannot exceed 0.
[325.907s] PRUNE: margin=-7.500000, optimistic_rem(widened)=0.000000 -> cannot exceed 0.
[334.492s] PRUNE: margin=-7.000000, optimistic_rem(widened)=0.000000 -> cannot exceed 0.
[351.659s] PRUNE: margin=-7.000000, optimistic_rem(widened)=0.000000 -> cannot exceed 0.
[360.238s] PRUNE: margin=-7.500000, optimistic_rem(widened)=0.000000 -> cannot exceed 0.
[368.820s] PRUNE: margin=-7.500000, optimistic_rem(widened)=0.000000 -> cannot exceed 0.
[377.399s] PRUNE: margin=-7.500000, optimistic_rem(widened)=0.000000 -> cannot exceed 0.
[385.981s] PRUNE: margin=-7.500000, optimistic_rem(widened)=0.000000 -> cannot exceed 0.
[394.503s] PRUNE: margin=-7.500000, optimistic_rem(widened)=0.000000 -> cannot exceed 0.
[401.733s] PRUNE: margin=-7.500000, optimistic_rem(widened)=0.000000 -> cannot exceed 0.
[410.321s] PRUNE: margin=-7.500000, optimistic_rem(widened)=0.000000 -> cannot exceed 0.
[418.910s] PRUNE: margin=-7.500000, optimistic_rem(widened)=0.000000 -> cannot exceed 0.
[427.499s] PRUNE: margin=-7.500000, optimistic_rem(widened)=0.000000 -> cannot exceed 0.
[518.957s] PRUNE: margin=-7.500000, optimistic_rem(widened)=0.000000 -> cannot exceed 0.
[527.552s] PRUNE: margin=-7.500000, optimistic_rem(widened)=0.000000 -> cannot exceed 0.
[581.416s] PRUNE: margin=-7.000000, optimistic_rem(widened)=0.000000 -> cannot exceed 0.
[590.014s] PRUNE: margin=-7.000000, optimistic_rem(widened)=0.000000 -> cannot exceed 0.
[598.615s] PRUNE: margin=-7.000000, optimistic_rem(widened)=0.000000 -> cannot exceed 0.
[683.967s] PRUNE: margin=-7.500000, optimistic_rem(widened)=0.000000 -> cannot exceed 0.
[689.375s] PRUNE: margin=-7.500000, optimistic_rem(widened)=0.000000 -> cannot exceed 0.
[694.985s] PRUNE: margin=-7.500000, optimistic_rem(widened)=0.000000 -> cannot exceed 0.
[702.796s] PRUNE: margin=-7.500000, optimistic_rem(widened)=0.000000 -> cannot exceed 0.
[711.392s] PRUNE: margin=-7.500000, optimistic_rem(widened)=0.000000 -> cannot exceed 0.
[773.934s] PRUNE: margin=-7.500000, optimistic_rem(widened)=0.000000 -> cannot exceed 0.
[780.064s] PRUNE: margin=-7.500000, optimistic_rem(widened)=0.000000 -> cannot exceed 0.
[788.327s] PRUNE: margin=-7.500000, optimistic_rem(widened)=0.000000 -> cannot exceed 0.
[796.248s] PRUNE: margin=-7.500000, optimistic_rem(widened)=0.000000 -> cannot exceed 0.
[802.490s] PRUNE: margin=-7.500000, optimistic_rem(widened)=0.000000 -> cannot exceed 0.
[841.919s] PRUNE: margin=-7.500000, optimistic_rem(widened)=0.000000 -> cannot exceed 0.
[850.529s] PRUNE: margin=-7.500000, optimistic_rem(widened)=0.000000 -> cannot exceed 0.
[859.137s] PRUNE: margin=-7.500000, optimistic_rem(widened)=0.000000 -> cannot exceed 0.
[867.750s] PRUNE: margin=-7.500000, optimistic_rem(widened)=0.000000 -> cannot exceed 0.
[876.356s] PRUNE: margin=-7.500000, optimistic_rem(widened)=0.000000 -> cannot exceed 0.
[893.638s] PRUNE: margin=-7.500000, optimistic_rem(widened)=0.000000 -> cannot exceed 0.
[902.308s] PRUNE: margin=-7.500000, optimistic_rem(widened)=0.000000 -> cannot exceed 0.
[910.964s] PRUNE: margin=-7.500000, optimistic_rem(widened)=0.000000 -> cannot exceed 0.
[919.621s] PRUNE: margin=-7.500000, optimistic_rem(widened)=0.000000 -> cannot exceed 0.
[928.288s] PRUNE: margin=-7.500000, optimistic_rem(widened)=0.000000 -> cannot exceed 0.
[945.596s] PRUNE: margin=-7.500000, optimistic_rem(widened)=0.000000 -> cannot exceed 0.
[954.247s] PRUNE: margin=-7.500000, optimistic_rem(widened)=0.000000 -> cannot exceed 0.
[962.888s] PRUNE: margin=-7.500000, optimistic_rem(widened)=0.000000 -> cannot exceed 0.
[971.523s] PRUNE: margin=-7.500000, optimistic_rem(widened)=0.000000 -> cannot exceed 0.
[988.812s] PRUNE: margin=-7.500000, optimistic_rem(widened)=0.000000 -> cannot exceed 0.
[997.445s] PRUNE: margin=-7.500000, optimistic_rem(widened)=0.000000 -> cannot exceed 0.
[1006.080s] PRUNE: margin=-7.500000, optimistic_rem(widened)=0.000000 -> cannot exceed 0.
[1023.361s] PRUNE: margin=-7.500000, optimistic_rem(widened)=0.000000 -> cannot exceed 0.
[1031.995s] PRUNE: margin=-7.500000, optimistic_rem(widened)=0.000000 -> cannot exceed 0.
[1049.268s] PRUNE: margin=-7.500000, optimistic_rem(widened)=0.000000 -> cannot exceed 0.
[1248.745s] PRUNE: margin=-8.000000, optimistic_rem(widened)=0.000000 -> cannot exceed 0.
[1257.323s] PRUNE: margin=-8.000000, optimistic_rem(widened)=0.000000 -> cannot exceed 0.
[1265.899s] PRUNE: margin=-8.000000, optimistic_rem(widened)=0.000000 -> cannot exceed 0.
[1274.475s] PRUNE: margin=-8.000000, optimistic_rem(widened)=0.000000 -> cannot exceed 0.
[1283.050s] PRUNE: margin=-8.000000, optimistic_rem(widened)=0.000000 -> cannot exceed 0.
[1291.629s] PRUNE: margin=-8.000000, optimistic_rem(widened)=0.000000 -> cannot exceed 0.
[1424.726s] PRUNE: margin=-8.000000, optimistic_rem(widened)=0.000000 -> cannot exceed 0.
[1433.312s] PRUNE: margin=-8.000000, optimistic_rem(widened)=0.000000 -> cannot exceed 0.
[1441.900s] PRUNE: margin=-8.000000, optimistic_rem(widened)=0.000000 -> cannot exceed 0.
[1450.487s] PRUNE: margin=-8.000000, optimistic_rem(widened)=0.000000 -> cannot exceed 0.
[1459.075s] PRUNE: margin=-8.000000, optimistic_rem(widened)=0.000000 -> cannot exceed 0.
[1467.665s] PRUNE: margin=-8.000000, optimistic_rem(widened)=0.000000 -> cannot exceed 0.
[1557.194s] PRUNE: margin=-8.000000, optimistic_rem(widened)=0.000000 -> cannot exceed 0.
[1563.530s] PRUNE: margin=-8.000000, optimistic_rem(widened)=0.000000 -> cannot exceed 0.
[1572.351s] PRUNE: margin=-8.000000, optimistic_rem(widened)=0.000000 -> cannot exceed 0.
[1581.147s] PRUNE: margin=-8.000000, optimistic_rem(widened)=0.000000 -> cannot exceed 0.
[1589.944s] PRUNE: margin=-8.000000, optimistic_rem(widened)=0.000000 -> cannot exceed 0.
[1598.719s] PRUNE: margin=-8.000000, optimistic_rem(widened)=0.000000 -> cannot exceed 0.
[1647.300s] PRUNE: margin=-8.000000, optimistic_rem(widened)=0.000000 -> cannot exceed 0.
[1655.890s] PRUNE: margin=-8.000000, optimistic_rem(widened)=0.000000 -> cannot exceed 0.
[1664.477s] PRUNE: margin=-8.000000, optimistic_rem(widened)=0.000000 -> cannot exceed 0.
[1673.067s] PRUNE: margin=-8.000000, optimistic_rem(widened)=0.000000 -> cannot exceed 0.
[1681.657s] PRUNE: margin=-8.000000, optimistic_rem(widened)=0.000000 -> cannot exceed 0.
[1690.253s] PRUNE: margin=-8.000000, optimistic_rem(widened)=0.000000 -> cannot exceed 0.
[1707.450s] PRUNE: margin=-8.000000, optimistic_rem(widened)=0.000000 -> cannot exceed 0.
[1716.039s] PRUNE: margin=-8.000000, optimistic_rem(widened)=0.000000 -> cannot exceed 0.
[1724.634s] PRUNE: margin=-8.000000, optimistic_rem(widened)=0.000000 -> cannot exceed 0.
[1733.221s] PRUNE: margin=-8.000000, optimistic_rem(widened)=0.000000 -> cannot exceed 0.
[1741.807s] PRUNE: margin=-8.000000, optimistic_rem(widened)=0.000000 -> cannot exceed 0.
[1750.393s] PRUNE: margin=-8.000000, optimistic_rem(widened)=0.000000 -> cannot exceed 0.
[1763.267s] PRUNE: margin=-8.000000, optimistic_rem(widened)=7.500000 -> cannot exceed 0.
[1771.850s] PRUNE: margin=-8.000000, optimistic_rem(widened)=7.500000 -> cannot exceed 0.
[1780.432s] PRUNE: margin=-8.000000, optimistic_rem(widened)=7.500000 -> cannot exceed 0.
[1789.014s] PRUNE: margin=-8.000000, optimistic_rem(widened)=7.500000 -> cannot exceed 0.
[1797.597s] PRUNE: margin=-8.000000, optimistic_rem(widened)=7.500000 -> cannot exceed 0.
[1944.064s] PRUNE: margin=-8.000000, optimistic_rem(widened)=0.000000 -> cannot exceed 0.
[1952.741s] PRUNE: margin=-8.000000, optimistic_rem(widened)=0.000000 -> cannot exceed 0.
[1961.419s] PRUNE: margin=-8.000000, optimistic_rem(widened)=0.000000 -> cannot exceed 0.
[1970.099s] PRUNE: margin=-8.000000, optimistic_rem(widened)=0.000000 -> cannot exceed 0.
[1978.793s] PRUNE: margin=-8.000000, optimistic_rem(widened)=0.000000 -> cannot exceed 0.
[1986.002s] PRUNE: margin=-8.000000, optimistic_rem(widened)=0.000000 -> cannot exceed 0.
[2063.153s] PRUNE: margin=-8.000000, optimistic_rem(widened)=0.000000 -> cannot exceed 0.
[2071.731s] PRUNE: margin=-8.000000, optimistic_rem(widened)=0.000000 -> cannot exceed 0.
[2080.311s] PRUNE: margin=-8.000000, optimistic_rem(widened)=0.000000 -> cannot exceed 0.
[2088.891s] PRUNE: margin=-8.000000, optimistic_rem(widened)=0.000000 -> cannot exceed 0.
[2097.470s] PRUNE: margin=-8.000000, optimistic_rem(widened)=0.000000 -> cannot exceed 0.
[2106.049s] PRUNE: margin=-8.000000, optimistic_rem(widened)=0.000000 -> cannot exceed 0.
[2157.376s] PRUNE: margin=-8.000000, optimistic_rem(widened)=0.000000 -> cannot exceed 0.
[2165.958s] PRUNE: margin=-8.000000, optimistic_rem(widened)=0.000000 -> cannot exceed 0.
[2174.538s] PRUNE: margin=-8.000000, optimistic_rem(widened)=0.000000 -> cannot exceed 0.
[2183.121s] PRUNE: margin=-8.000000, optimistic_rem(widened)=0.000000 -> cannot exceed 0.
[2191.702s] PRUNE: margin=-8.000000, optimistic_rem(widened)=0.000000 -> cannot exceed 0.
[2200.284s] PRUNE: margin=-8.000000, optimistic_rem(widened)=0.000000 -> cannot exceed 0.
[2217.444s] PRUNE: margin=-8.000000, optimistic_rem(widened)=0.000000 -> cannot exceed 0.
[2226.024s] PRUNE: margin=-8.000000, optimistic_rem(widened)=0.000000 -> cannot exceed 0.
[2234.608s] PRUNE: margin=-8.000000, optimistic_rem(widened)=0.000000 -> cannot exceed 0.
[2243.189s] PRUNE: margin=-8.000000, optimistic_rem(widened)=0.000000 -> cannot exceed 0.
[2251.769s] PRUNE: margin=-8.000000, optimistic_rem(widened)=0.000000 -> cannot exceed 0.
[2260.352s] PRUNE: margin=-8.000000, optimistic_rem(widened)=0.000000 -> cannot exceed 0.
[2273.220s] PRUNE: margin=-8.000000, optimistic_rem(widened)=7.500000 -> cannot exceed 0.
[2281.797s] PRUNE: margin=-8.000000, optimistic_rem(widened)=7.500000 -> cannot exceed 0.
[2290.375s] PRUNE: margin=-8.000000, optimistic_rem(widened)=7.500000 -> cannot exceed 0.
[2298.953s] PRUNE: margin=-8.000000, optimistic_rem(widened)=7.500000 -> cannot exceed 0.
[2307.531s] PRUNE: margin=-8.000000, optimistic_rem(widened)=7.500000 -> cannot exceed 0.
[2410.498s] PRUNE: margin=-8.000000, optimistic_rem(widened)=0.000000 -> cannot exceed 0.
[2419.079s] PRUNE: margin=-8.000000, optimistic_rem(widened)=0.000000 -> cannot exceed 0.
[2427.661s] PRUNE: margin=-8.000000, optimistic_rem(widened)=0.000000 -> cannot exceed 0.
[2436.241s] PRUNE: margin=-8.000000, optimistic_rem(widened)=0.000000 -> cannot exceed 0.
[2444.822s] PRUNE: margin=-8.000000, optimistic_rem(widened)=0.000000 -> cannot exceed 0.
[2453.403s] PRUNE: margin=-8.000000, optimistic_rem(widened)=0.000000 -> cannot exceed 0.
[2504.889s] PRUNE: margin=-8.000000, optimistic_rem(widened)=0.000000 -> cannot exceed 0.
[2513.471s] PRUNE: margin=-8.000000, optimistic_rem(widened)=0.000000 -> cannot exceed 0.
[2522.052s] PRUNE: margin=-8.000000, optimistic_rem(widened)=0.000000 -> cannot exceed 0.
[2530.633s] PRUNE: margin=-8.000000, optimistic_rem(widened)=0.000000 -> cannot exceed 0.
[2539.214s] PRUNE: margin=-8.000000, optimistic_rem(widened)=0.000000 -> cannot exceed 0.
[2547.796s] PRUNE: margin=-8.000000, optimistic_rem(widened)=0.000000 -> cannot exceed 0.
[2564.956s] PRUNE: margin=-8.000000, optimistic_rem(widened)=0.000000 -> cannot exceed 0.
[2573.537s] PRUNE: margin=-8.000000, optimistic_rem(widened)=0.000000 -> cannot exceed 0.
[2582.118s] PRUNE: margin=-8.000000, optimistic_rem(widened)=0.000000 -> cannot exceed 0.
[2590.698s] PRUNE: margin=-8.000000, optimistic_rem(widened)=0.000000 -> cannot exceed 0.
[2599.279s] PRUNE: margin=-8.000000, optimistic_rem(widened)=0.000000 -> cannot exceed 0.
[2607.861s] PRUNE: margin=-8.000000, optimistic_rem(widened)=0.000000 -> cannot exceed 0.
[2620.730s] PRUNE: margin=-8.000000, optimistic_rem(widened)=7.500000 -> cannot exceed 0.
[2629.308s] PRUNE: margin=-8.000000, optimistic_rem(widened)=7.500000 -> cannot exceed 0.
[2637.886s] PRUNE: margin=-8.000000, optimistic_rem(widened)=7.500000 -> cannot exceed 0.
[2650.753s] PRUNE: margin=-8.000000, optimistic_rem(widened)=0.000000 -> cannot exceed 0.
[2659.333s] PRUNE: margin=-8.000000, optimistic_rem(widened)=0.000000 -> cannot exceed 0.
[2672.199s] PRUNE: margin=-8.000000, optimistic_rem(widened)=7.500000 -> cannot exceed 0.
[2736.562s] PRUNE: margin=-8.000000, optimistic_rem(widened)=0.000000 -> cannot exceed 0.
[2745.141s] PRUNE: margin=-8.000000, optimistic_rem(widened)=0.000000 -> cannot exceed 0.
[2753.687s] PRUNE: margin=-8.000000, optimistic_rem(widened)=0.000000 -> cannot exceed 0.
[2762.270s] PRUNE: margin=-8.000000, optimistic_rem(widened)=0.000000 -> cannot exceed 0.
[2770.852s] PRUNE: margin=-8.000000, optimistic_rem(widened)=0.000000 -> cannot exceed 0.
[2779.435s] PRUNE: margin=-8.000000, optimistic_rem(widened)=0.000000 -> cannot exceed 0.
[2796.599s] PRUNE: margin=-8.000000, optimistic_rem(widened)=0.000000 -> cannot exceed 0.
[2805.183s] PRUNE: margin=-8.000000, optimistic_rem(widened)=0.000000 -> cannot exceed 0.
[2813.767s] PRUNE: margin=-8.000000, optimistic_rem(widened)=0.000000 -> cannot exceed 0.
[2822.350s] PRUNE: margin=-8.000000, optimistic_rem(widened)=0.000000 -> cannot exceed 0.
[2830.933s] PRUNE: margin=-8.000000, optimistic_rem(widened)=0.000000 -> cannot exceed 0.
[2839.517s] PRUNE: margin=-8.000000, optimistic_rem(widened)=0.000000 -> cannot exceed 0.
[2852.388s] PRUNE: margin=-8.000000, optimistic_rem(widened)=7.500000 -> cannot exceed 0.
[2860.966s] PRUNE: margin=-8.000000, optimistic_rem(widened)=7.500000 -> cannot exceed 0.
[2869.544s] PRUNE: margin=-8.000000, optimistic_rem(widened)=7.500000 -> cannot exceed 0.
[2882.413s] PRUNE: margin=-8.000000, optimistic_rem(widened)=0.000000 -> cannot exceed 0.
[2890.993s] PRUNE: margin=-8.000000, optimistic_rem(widened)=0.000000 -> cannot exceed 0.
[2908.153s] PRUNE: margin=-8.000000, optimistic_rem(widened)=0.000000 -> cannot exceed 0.
[2942.483s] PRUNE: margin=-8.000000, optimistic_rem(widened)=0.000000 -> cannot exceed 0.
[2951.069s] PRUNE: margin=-8.000000, optimistic_rem(widened)=0.000000 -> cannot exceed 0.
[2959.656s] PRUNE: margin=-8.000000, optimistic_rem(widened)=0.000000 -> cannot exceed 0.
[2968.242s] PRUNE: margin=-8.000000, optimistic_rem(widened)=0.000000 -> cannot exceed 0.
[2976.828s] PRUNE: margin=-8.000000, optimistic_rem(widened)=0.000000 -> cannot exceed 0.
[2985.414s] PRUNE: margin=-8.000000, optimistic_rem(widened)=0.000000 -> cannot exceed 0.
[3002.583s] PRUNE: margin=-8.000000, optimistic_rem(widened)=0.000000 -> cannot exceed 0.
[3011.168s] PRUNE: margin=-8.000000, optimistic_rem(widened)=0.000000 -> cannot exceed 0.
[3019.754s] PRUNE: margin=-8.000000, optimistic_rem(widened)=0.000000 -> cannot exceed 0.
[3028.339s] PRUNE: margin=-8.000000, optimistic_rem(widened)=0.000000 -> cannot exceed 0.
[3036.925s] PRUNE: margin=-8.000000, optimistic_rem(widened)=0.000000 -> cannot exceed 0.
[3054.047s] PRUNE: margin=-8.000000, optimistic_rem(widened)=0.000000 -> cannot exceed 0.
[3060.838s] PRUNE: margin=-8.000000, optimistic_rem(widened)=0.000000 -> cannot exceed 0.
[3066.528s] PRUNE: margin=-8.000000, optimistic_rem(widened)=0.000000 -> cannot exceed 0.
[3072.155s] PRUNE: margin=-8.000000, optimistic_rem(widened)=0.000000 -> cannot exceed 0.
[3086.855s] PRUNE: margin=-8.000000, optimistic_rem(widened)=0.000000 -> cannot exceed 0.
[3095.445s] PRUNE: margin=-8.000000, optimistic_rem(widened)=0.000000 -> cannot exceed 0.
[3104.035s] PRUNE: margin=-8.000000, optimistic_rem(widened)=0.000000 -> cannot exceed 0.
[3121.213s] PRUNE: margin=-8.000000, optimistic_rem(widened)=0.000000 -> cannot exceed 0.
[3129.803s] PRUNE: margin=-8.000000, optimistic_rem(widened)=0.000000 -> cannot exceed 0.
[3146.983s] PRUNE: margin=-8.000000, optimistic_rem(widened)=0.000000 -> cannot exceed 0.
[3159.867s] PRUNE: margin=-8.000000, optimistic_rem(widened)=7.500000 -> cannot exceed 0.
[3181.337s] PRUNE: margin=-8.000000, optimistic_rem(widened)=0.000000 -> cannot exceed 0.
[3189.926s] PRUNE: margin=-8.000000, optimistic_rem(widened)=0.000000 -> cannot exceed 0.
[3198.515s] PRUNE: margin=-8.000000, optimistic_rem(widened)=0.000000 -> cannot exceed 0.
[3207.102s] PRUNE: margin=-8.000000, optimistic_rem(widened)=0.000000 -> cannot exceed 0.
[3215.693s] PRUNE: margin=-8.000000, optimistic_rem(widened)=0.000000 -> cannot exceed 0.
[3232.873s] PRUNE: margin=-8.000000, optimistic_rem(widened)=0.000000 -> cannot exceed 0.
[3241.464s] PRUNE: margin=-8.000000, optimistic_rem(widened)=0.000000 -> cannot exceed 0.
[3250.053s] PRUNE: margin=-8.000000, optimistic_rem(widened)=0.000000 -> cannot exceed 0.
[3258.644s] PRUNE: margin=-8.000000, optimistic_rem(widened)=0.000000 -> cannot exceed 0.
[3271.526s] PRUNE: margin=-8.000000, optimistic_rem(widened)=7.500000 -> cannot exceed 0.
[3280.113s] PRUNE: margin=-8.000000, optimistic_rem(widened)=7.500000 -> cannot exceed 0.
[3287.695s] PRUNE: margin=-8.000000, optimistic_rem(widened)=7.500000 -> cannot exceed 0.
[3293.107s] PRUNE: margin=-8.000000, optimistic_rem(widened)=7.500000 -> cannot exceed 0.
[3302.461s] PRUNE: margin=-8.000000, optimistic_rem(widened)=8.000000 -> cannot exceed 0.
[3307.691s] PRUNE: margin=-8.000000, optimistic_rem(widened)=8.000000 -> cannot exceed 0.
[3316.049s] PRUNE: margin=-8.000000, optimistic_rem(widened)=7.500000 -> cannot exceed 0.
[3322.927s] PRUNE: margin=-8.000000, optimistic_rem(widened)=7.500000 -> cannot exceed 0.
[3342.796s] PRUNE: margin=-8.000000, optimistic_rem(widened)=0.000000 -> cannot exceed 0.
[3388.199s] PRUNE: margin=-7.000000, optimistic_rem(widened)=0.000000 -> cannot exceed 0.
[3394.070s] PRUNE: margin=-8.000000, optimistic_rem(widened)=1.000000 -> cannot exceed 0.
[3399.840s] PRUNE: margin=-8.500000, optimistic_rem(widened)=1.500000 -> cannot exceed 0.
[3405.343s] PRUNE: margin=-8.500000, optimistic_rem(widened)=1.000000 -> cannot exceed 0.
[3413.447s] PRUNE: margin=-8.500000, optimistic_rem(widened)=0.000000 -> cannot exceed 0.
[3419.485s] PRUNE: margin=-8.500000, optimistic_rem(widened)=0.000000 -> cannot exceed 0.
[3425.205s] PRUNE: margin=-8.500000, optimistic_rem(widened)=0.000000 -> cannot exceed 0.
[3430.979s] PRUNE: margin=-8.500000, optimistic_rem(widened)=0.000000 -> cannot exceed 0.
[3436.605s] PRUNE: margin=-8.000000, optimistic_rem(widened)=0.000000 -> cannot exceed 0.
[3442.003s] PRUNE: margin=-8.000000, optimistic_rem(widened)=0.000000 -> cannot exceed 0.
[3447.683s] PRUNE: margin=-8.000000, optimistic_rem(widened)=0.000000 -> cannot exceed 0.
[3452.927s] PRUNE: margin=-8.500000, optimistic_rem(widened)=0.000000 -> cannot exceed 0.
[3464.509s] PRUNE: margin=-8.500000, optimistic_rem(widened)=0.000000 -> cannot exceed 0.
[3469.739s] PRUNE: margin=-8.500000, optimistic_rem(widened)=0.000000 -> cannot exceed 0.
[3477.972s] PRUNE: margin=-8.500000, optimistic_rem(widened)=0.000000 -> cannot exceed 0.
[3486.556s] PRUNE: margin=-8.500000, optimistic_rem(widened)=0.000000 -> cannot exceed 0.
[3495.139s] PRUNE: margin=-8.000000, optimistic_rem(widened)=0.000000 -> cannot exceed 0.
[3503.722s] PRUNE: margin=-8.000000, optimistic_rem(widened)=0.000000 -> cannot exceed 0.
[3512.306s] PRUNE: margin=-8.500000, optimistic_rem(widened)=0.000000 -> cannot exceed 0.
[3529.471s] PRUNE: margin=-8.500000, optimistic_rem(widened)=0.000000 -> cannot exceed 0.
[3538.055s] PRUNE: margin=-8.500000, optimistic_rem(widened)=0.000000 -> cannot exceed 0.
[3546.636s] PRUNE: margin=-8.500000, optimistic_rem(widened)=0.000000 -> cannot exceed 0.
[3555.218s] PRUNE: margin=-8.500000, optimistic_rem(widened)=0.000000 -> cannot exceed 0.
[3563.800s] PRUNE: margin=-8.000000, optimistic_rem(widened)=0.000000 -> cannot exceed 0.
[3572.399s] PRUNE: margin=-8.500000, optimistic_rem(widened)=0.000000 -> cannot exceed 0.
[3589.572s] PRUNE: margin=-8.500000, optimistic_rem(widened)=0.000000 -> cannot exceed 0.
[3598.157s] PRUNE: margin=-8.500000, optimistic_rem(widened)=0.000000 -> cannot exceed 0.
[3606.743s] PRUNE: margin=-8.500000, optimistic_rem(widened)=0.000000 -> cannot exceed 0.
[3615.327s] PRUNE: margin=-8.500000, optimistic_rem(widened)=0.000000 -> cannot exceed 0.
[3623.912s] PRUNE: margin=-8.500000, optimistic_rem(widened)=0.000000 -> cannot exceed 0.
[3641.083s] PRUNE: margin=-8.500000, optimistic_rem(widened)=0.000000 -> cannot exceed 0.
[3649.666s] PRUNE: margin=-8.500000, optimistic_rem(widened)=0.000000 -> cannot exceed 0.
[3658.250s] PRUNE: margin=-8.500000, optimistic_rem(widened)=0.000000 -> cannot exceed 0.
[3666.835s] PRUNE: margin=-8.500000, optimistic_rem(widened)=0.000000 -> cannot exceed 0.
[3684.008s] PRUNE: margin=-8.500000, optimistic_rem(widened)=0.000000 -> cannot exceed 0.
[3692.593s] PRUNE: margin=-8.500000, optimistic_rem(widened)=0.000000 -> cannot exceed 0.
[3701.180s] PRUNE: margin=-8.500000, optimistic_rem(widened)=0.000000 -> cannot exceed 0.
[3718.358s] PRUNE: margin=-8.500000, optimistic_rem(widened)=0.000000 -> cannot exceed 0.
[3726.945s] PRUNE: margin=-8.500000, optimistic_rem(widened)=0.000000 -> cannot exceed 0.
[3744.122s] PRUNE: margin=-8.000000, optimistic_rem(widened)=0.000000 -> cannot exceed 0.
[3769.879s] PRUNE: margin=-8.500000, optimistic_rem(widened)=2.000000 -> cannot exceed 0.
[3918.823s] PRUNE: margin=-7.000000, optimistic_rem(widened)=0.000000 -> cannot exceed 0.
[3927.409s] PRUNE: margin=-7.000000, optimistic_rem(widened)=0.000000 -> cannot exceed 0.
[3935.993s] PRUNE: margin=-7.000000, optimistic_rem(widened)=0.000000 -> cannot exceed 0.
[3944.574s] PRUNE: margin=-7.000000, optimistic_rem(widened)=0.000000 -> cannot exceed 0.
[3953.158s] PRUNE: margin=-7.000000, optimistic_rem(widened)=0.000000 -> cannot exceed 0.
[3960.916s] PRUNE: margin=-7.000000, optimistic_rem(widened)=0.000000 -> cannot exceed 0.
[4085.935s] PRUNE: margin=-7.000000, optimistic_rem(widened)=0.000000 -> cannot exceed 0.
[4094.513s] PRUNE: margin=-7.000000, optimistic_rem(widened)=0.000000 -> cannot exceed 0.
[4103.092s] PRUNE: margin=-7.000000, optimistic_rem(widened)=0.000000 -> cannot exceed 0.
[4111.671s] PRUNE: margin=-7.000000, optimistic_rem(widened)=0.000000 -> cannot exceed 0.
[4120.253s] PRUNE: margin=-7.000000, optimistic_rem(widened)=0.000000 -> cannot exceed 0.
[4128.833s] PRUNE: margin=-7.000000, optimistic_rem(widened)=0.000000 -> cannot exceed 0.
[4218.906s] PRUNE: margin=-7.000000, optimistic_rem(widened)=0.000000 -> cannot exceed 0.
[4227.482s] PRUNE: margin=-7.000000, optimistic_rem(widened)=0.000000 -> cannot exceed 0.
[4236.059s] PRUNE: margin=-7.000000, optimistic_rem(widened)=0.000000 -> cannot exceed 0.
[4244.636s] PRUNE: margin=-7.000000, optimistic_rem(widened)=0.000000 -> cannot exceed 0.
[4253.214s] PRUNE: margin=-7.000000, optimistic_rem(widened)=0.000000 -> cannot exceed 0.
[4261.792s] PRUNE: margin=-7.000000, optimistic_rem(widened)=0.000000 -> cannot exceed 0.
[4313.244s] PRUNE: margin=-7.000000, optimistic_rem(widened)=0.000000 -> cannot exceed 0.
[4321.821s] PRUNE: margin=-7.000000, optimistic_rem(widened)=0.000000 -> cannot exceed 0.
[4330.398s] PRUNE: margin=-7.000000, optimistic_rem(widened)=0.000000 -> cannot exceed 0.
[4338.977s] PRUNE: margin=-7.000000, optimistic_rem(widened)=0.000000 -> cannot exceed 0.
[4347.557s] PRUNE: margin=-7.000000, optimistic_rem(widened)=0.000000 -> cannot exceed 0.
[4356.135s] PRUNE: margin=-7.000000, optimistic_rem(widened)=0.000000 -> cannot exceed 0.
[4373.287s] PRUNE: margin=-7.000000, optimistic_rem(widened)=0.000000 -> cannot exceed 0.
[4381.862s] PRUNE: margin=-7.000000, optimistic_rem(widened)=0.000000 -> cannot exceed 0.
[4390.436s] PRUNE: margin=-7.000000, optimistic_rem(widened)=0.000000 -> cannot exceed 0.
[4399.011s] PRUNE: margin=-7.000000, optimistic_rem(widened)=0.000000 -> cannot exceed 0.
[4407.586s] PRUNE: margin=-7.500000, optimistic_rem(widened)=0.000000 -> cannot exceed 0.
[4416.162s] PRUNE: margin=-7.500000, optimistic_rem(widened)=0.000000 -> cannot exceed 0.
[4433.315s] PRUNE: margin=-7.000000, optimistic_rem(widened)=0.000000 -> cannot exceed 0.
[4441.891s] PRUNE: margin=-7.000000, optimistic_rem(widened)=0.000000 -> cannot exceed 0.
[4450.470s] PRUNE: margin=-7.000000, optimistic_rem(widened)=0.000000 -> cannot exceed 0.
[4459.047s] PRUNE: margin=-7.000000, optimistic_rem(widened)=0.000000 -> cannot exceed 0.
[4467.624s] PRUNE: margin=-7.000000, optimistic_rem(widened)=0.000000 -> cannot exceed 0.
[4484.788s] PRUNE: margin=-7.000000, optimistic_rem(widened)=0.000000 -> cannot exceed 0.
[4493.364s] PRUNE: margin=-7.000000, optimistic_rem(widened)=0.000000 -> cannot exceed 0.
[4501.941s] PRUNE: margin=-7.000000, optimistic_rem(widened)=0.000000 -> cannot exceed 0.
[4510.518s] PRUNE: margin=-7.000000, optimistic_rem(widened)=0.000000 -> cannot exceed 0.
[4527.672s] PRUNE: margin=-7.000000, optimistic_rem(widened)=0.000000 -> cannot exceed 0.
[4536.249s] PRUNE: margin=-7.000000, optimistic_rem(widened)=0.000000 -> cannot exceed 0.
[4544.825s] PRUNE: margin=-7.000000, optimistic_rem(widened)=0.000000 -> cannot exceed 0.
[4561.980s] PRUNE: margin=-7.000000, optimistic_rem(widened)=0.000000 -> cannot exceed 0.
[4570.558s] PRUNE: margin=-7.000000, optimistic_rem(widened)=0.000000 -> cannot exceed 0.
[4587.711s] PRUNE: margin=-7.000000, optimistic_rem(widened)=0.000000 -> cannot exceed 0.
[4600.578s] PRUNE: margin=-7.000000, optimistic_rem(widened)=7.000000 -> cannot exceed 0.
[4737.810s] PRUNE: margin=-7.500000, optimistic_rem(widened)=0.000000 -> cannot exceed 0.
[4746.386s] PRUNE: margin=-7.500000, optimistic_rem(widened)=0.000000 -> cannot exceed 0.
[4754.963s] PRUNE: margin=-8.000000, optimistic_rem(widened)=0.000000 -> cannot exceed 0.
[4763.541s] PRUNE: margin=-8.000000, optimistic_rem(widened)=0.000000 -> cannot exceed 0.
[4772.119s] PRUNE: margin=-8.000000, optimistic_rem(widened)=0.000000 -> cannot exceed 0.
[4780.699s] PRUNE: margin=-8.000000, optimistic_rem(widened)=0.000000 -> cannot exceed 0.
[4870.754s] PRUNE: margin=-8.000000, optimistic_rem(widened)=0.000000 -> cannot exceed 0.
[4879.331s] PRUNE: margin=-8.000000, optimistic_rem(widened)=0.000000 -> cannot exceed 0.
[4887.911s] PRUNE: margin=-8.000000, optimistic_rem(widened)=0.000000 -> cannot exceed 0.
[4896.490s] PRUNE: margin=-8.000000, optimistic_rem(widened)=0.000000 -> cannot exceed 0.
[4905.068s] PRUNE: margin=-8.000000, optimistic_rem(widened)=0.000000 -> cannot exceed 0.
[4913.647s] PRUNE: margin=-8.000000, optimistic_rem(widened)=0.000000 -> cannot exceed 0.
[4964.981s] PRUNE: margin=-7.500000, optimistic_rem(widened)=0.000000 -> cannot exceed 0.
[4973.591s] PRUNE: margin=-7.500000, optimistic_rem(widened)=0.000000 -> cannot exceed 0.
[4982.200s] PRUNE: margin=-7.500000, optimistic_rem(widened)=0.000000 -> cannot exceed 0.
[4990.899s] PRUNE: margin=-8.000000, optimistic_rem(widened)=0.000000 -> cannot exceed 0.
[4999.585s] PRUNE: margin=-8.000000, optimistic_rem(widened)=0.000000 -> cannot exceed 0.
[5008.196s] PRUNE: margin=-8.000000, optimistic_rem(widened)=0.000000 -> cannot exceed 0.
[5025.413s] PRUNE: margin=-7.000000, optimistic_rem(widened)=0.000000 -> cannot exceed 0.
[5034.019s] PRUNE: margin=-7.000000, optimistic_rem(widened)=0.000000 -> cannot exceed 0.
[5042.625s] PRUNE: margin=-7.500000, optimistic_rem(widened)=0.000000 -> cannot exceed 0.
[5051.232s] PRUNE: margin=-7.500000, optimistic_rem(widened)=0.000000 -> cannot exceed 0.
[5059.000s] PRUNE: margin=-7.500000, optimistic_rem(widened)=0.000000 -> cannot exceed 0.
[5066.159s] PRUNE: margin=-7.500000, optimistic_rem(widened)=0.000000 -> cannot exceed 0.
[5076.283s] PRUNE: margin=-7.500000, optimistic_rem(widened)=7.500000 -> cannot exceed 0.
[5084.894s] PRUNE: margin=-7.500000, optimistic_rem(widened)=7.500000 -> cannot exceed 0.
[5093.592s] PRUNE: margin=-8.000000, optimistic_rem(widened)=7.500000 -> cannot exceed 0.
[5102.216s] PRUNE: margin=-8.000000, optimistic_rem(widened)=7.500000 -> cannot exceed 0.
[5109.154s] PRUNE: margin=-8.000000, optimistic_rem(widened)=7.500000 -> cannot exceed 0.
[5201.455s] PRUNE: margin=-8.000000, optimistic_rem(widened)=0.000000 -> cannot exceed 0.
[5210.137s] PRUNE: margin=-8.000000, optimistic_rem(widened)=0.000000 -> cannot exceed 0.
[5218.514s] PRUNE: margin=-8.000000, optimistic_rem(widened)=0.000000 -> cannot exceed 0.
[5227.077s] PRUNE: margin=-8.000000, optimistic_rem(widened)=0.000000 -> cannot exceed 0.
[5235.640s] PRUNE: margin=-8.000000, optimistic_rem(widened)=0.000000 -> cannot exceed 0.
[5244.201s] PRUNE: margin=-8.000000, optimistic_rem(widened)=0.000000 -> cannot exceed 0.
[5295.572s] PRUNE: margin=-7.500000, optimistic_rem(widened)=0.000000 -> cannot exceed 0.
[5304.134s] PRUNE: margin=-7.500000, optimistic_rem(widened)=0.000000 -> cannot exceed 0.
[5312.699s] PRUNE: margin=-7.500000, optimistic_rem(widened)=0.000000 -> cannot exceed 0.
[5321.262s] PRUNE: margin=-8.000000, optimistic_rem(widened)=0.000000 -> cannot exceed 0.
[5329.827s] PRUNE: margin=-8.000000, optimistic_rem(widened)=0.000000 -> cannot exceed 0.
[5338.391s] PRUNE: margin=-8.000000, optimistic_rem(widened)=0.000000 -> cannot exceed 0.
[5355.518s] PRUNE: margin=-7.000000, optimistic_rem(widened)=0.000000 -> cannot exceed 0.
[5364.081s] PRUNE: margin=-7.000000, optimistic_rem(widened)=0.000000 -> cannot exceed 0.
[5372.645s] PRUNE: margin=-7.500000, optimistic_rem(widened)=0.000000 -> cannot exceed 0.
[5380.017s] PRUNE: margin=-7.500000, optimistic_rem(widened)=0.000000 -> cannot exceed 0.
[5388.578s] PRUNE: margin=-7.500000, optimistic_rem(widened)=0.000000 -> cannot exceed 0.
[5397.014s] PRUNE: margin=-7.500000, optimistic_rem(widened)=0.000000 -> cannot exceed 0.
[5409.858s] PRUNE: margin=-7.500000, optimistic_rem(widened)=7.500000 -> cannot exceed 0.
[5418.424s] PRUNE: margin=-7.500000, optimistic_rem(widened)=7.500000 -> cannot exceed 0.
[5426.942s] PRUNE: margin=-8.000000, optimistic_rem(widened)=7.500000 -> cannot exceed 0.
[5435.514s] PRUNE: margin=-8.000000, optimistic_rem(widened)=7.500000 -> cannot exceed 0.
[5444.198s] PRUNE: margin=-8.000000, optimistic_rem(widened)=7.500000 -> cannot exceed 0.
[5508.675s] PRUNE: margin=-7.000000, optimistic_rem(widened)=0.000000 -> cannot exceed 0.
[5517.266s] PRUNE: margin=-7.000000, optimistic_rem(widened)=0.000000 -> cannot exceed 0.
[5525.845s] PRUNE: margin=-7.000000, optimistic_rem(widened)=0.000000 -> cannot exceed 0.
[5534.436s] PRUNE: margin=-7.000000, optimistic_rem(widened)=0.000000 -> cannot exceed 0.
[5543.019s] PRUNE: margin=-7.000000, optimistic_rem(widened)=0.000000 -> cannot exceed 0.
[5551.605s] PRUNE: margin=-7.000000, optimistic_rem(widened)=0.000000 -> cannot exceed 0.
[5568.780s] PRUNE: margin=-7.500000, optimistic_rem(widened)=0.000000 -> cannot exceed 0.
[5577.364s] PRUNE: margin=-7.000000, optimistic_rem(widened)=0.000000 -> cannot exceed 0.
[5585.953s] PRUNE: margin=-7.000000, optimistic_rem(widened)=0.000000 -> cannot exceed 0.
[5594.539s] PRUNE: margin=-7.000000, optimistic_rem(widened)=0.000000 -> cannot exceed 0.
[5603.125s] PRUNE: margin=-7.000000, optimistic_rem(widened)=0.000000 -> cannot exceed 0.
[5611.713s] PRUNE: margin=-7.000000, optimistic_rem(widened)=0.000000 -> cannot exceed 0.
[5628.890s] PRUNE: margin=-7.500000, optimistic_rem(widened)=0.000000 -> cannot exceed 0.
[5637.480s] PRUNE: margin=-7.000000, optimistic_rem(widened)=0.000000 -> cannot exceed 0.
[5646.097s] PRUNE: margin=-7.000000, optimistic_rem(widened)=0.000000 -> cannot exceed 0.
[5654.790s] PRUNE: margin=-7.000000, optimistic_rem(widened)=0.000000 -> cannot exceed 0.
[5663.486s] PRUNE: margin=-7.000000, optimistic_rem(widened)=0.000000 -> cannot exceed 0.
[5680.890s] PRUNE: margin=-7.000000, optimistic_rem(widened)=0.000000 -> cannot exceed 0.
[5689.596s] PRUNE: margin=-7.000000, optimistic_rem(widened)=0.000000 -> cannot exceed 0.
[5698.303s] PRUNE: margin=-7.000000, optimistic_rem(widened)=0.000000 -> cannot exceed 0.
[5707.013s] PRUNE: margin=-7.000000, optimistic_rem(widened)=0.000000 -> cannot exceed 0.
[5724.444s] PRUNE: margin=-7.500000, optimistic_rem(widened)=0.000000 -> cannot exceed 0.
[5733.148s] PRUNE: margin=-7.500000, optimistic_rem(widened)=0.000000 -> cannot exceed 0.
[5741.812s] PRUNE: margin=-7.500000, optimistic_rem(widened)=0.000000 -> cannot exceed 0.
[5759.100s] PRUNE: margin=-7.500000, optimistic_rem(widened)=0.000000 -> cannot exceed 0.
[5767.124s] PRUNE: margin=-7.500000, optimistic_rem(widened)=0.000000 -> cannot exceed 0.
[5781.384s] PRUNE: margin=-7.500000, optimistic_rem(widened)=0.000000 -> cannot exceed 0.
[5802.497s] PRUNE: margin=-7.500000, optimistic_rem(widened)=7.500000 -> cannot exceed 0.
[5808.355s] PRUNE: margin=-7.500000, optimistic_rem(widened)=7.500000 -> cannot exceed 0.
[5824.228s] PRUNE: margin=-7.000000, optimistic_rem(widened)=0.000000 -> cannot exceed 0.
[5832.790s] PRUNE: margin=-7.000000, optimistic_rem(widened)=0.000000 -> cannot exceed 0.
[5841.352s] PRUNE: margin=-7.000000, optimistic_rem(widened)=0.000000 -> cannot exceed 0.
[5849.914s] PRUNE: margin=-7.000000, optimistic_rem(widened)=0.000000 -> cannot exceed 0.
[5862.439s] PRUNE: margin=-7.500000, optimistic_rem(widened)=7.000000 -> cannot exceed 0.
[5873.397s] PRUNE: margin=-8.000000, optimistic_rem(widened)=0.000000 -> cannot exceed 0.
[5881.311s] PRUNE: margin=-8.000000, optimistic_rem(widened)=0.000000 -> cannot exceed 0.
[5890.351s] PRUNE: margin=-8.000000, optimistic_rem(widened)=7.500000 -> cannot exceed 0.
[5912.169s] PRUNE: margin=-8.000000, optimistic_rem(widened)=7.500000 -> cannot exceed 0.
[5925.028s] PRUNE: margin=-8.000000, optimistic_rem(widened)=0.000000 -> cannot exceed 0.
[5933.560s] PRUNE: margin=-8.000000, optimistic_rem(widened)=0.000000 -> cannot exceed 0.
[5946.717s] PRUNE: margin=-8.000000, optimistic_rem(widened)=0.000000 -> cannot exceed 0.
[5971.746s] PRUNE: margin=-8.000000, optimistic_rem(widened)=7.500000 -> cannot exceed 0.
[5978.239s] PRUNE: margin=-8.000000, optimistic_rem(widened)=7.500000 -> cannot exceed 0.
[6008.211s] PRUNE: margin=-8.000000, optimistic_rem(widened)=0.000000 -> cannot exceed 0.
[6059.671s] PRUNE: margin=-8.500000, optimistic_rem(widened)=8.500000 -> cannot exceed 0.
[6071.078s] PRUNE: margin=-8.000000, optimistic_rem(widened)=0.000000 -> cannot exceed 0.
[6076.673s] PRUNE: margin=-7.000000, optimistic_rem(widened)=0.000000 -> cannot exceed 0.
[6082.774s] PRUNE: margin=-8.000000, optimistic_rem(widened)=0.000000 -> cannot exceed 0.
[6091.338s] PRUNE: margin=-8.000000, optimistic_rem(widened)=0.000000 -> cannot exceed 0.
[6099.935s] PRUNE: margin=-8.000000, optimistic_rem(widened)=0.000000 -> cannot exceed 0.
[6108.523s] PRUNE: margin=-8.000000, optimistic_rem(widened)=0.000000 -> cannot exceed 0.
[6117.112s] PRUNE: margin=-8.000000, optimistic_rem(widened)=0.000000 -> cannot exceed 0.
[6125.702s] PRUNE: margin=-8.000000, optimistic_rem(widened)=0.000000 -> cannot exceed 0.
[6134.289s] PRUNE: margin=-8.000000, optimistic_rem(widened)=0.000000 -> cannot exceed 0.
[6142.878s] PRUNE: margin=-8.000000, optimistic_rem(widened)=0.000000 -> cannot exceed 0.
[6160.060s] PRUNE: margin=-8.500000, optimistic_rem(widened)=0.000000 -> cannot exceed 0.
[6168.646s] PRUNE: margin=-8.500000, optimistic_rem(widened)=0.000000 -> cannot exceed 0.
[6177.335s] PRUNE: margin=-8.500000, optimistic_rem(widened)=0.000000 -> cannot exceed 0.
[6185.968s] PRUNE: margin=-8.500000, optimistic_rem(widened)=0.000000 -> cannot exceed 0.
[6194.561s] PRUNE: margin=-8.500000, optimistic_rem(widened)=0.000000 -> cannot exceed 0.
[6203.215s] PRUNE: margin=-8.500000, optimistic_rem(widened)=0.000000 -> cannot exceed 0.
[6211.798s] PRUNE: margin=-8.500000, optimistic_rem(widened)=0.000000 -> cannot exceed 0.
[6220.380s] PRUNE: margin=-8.500000, optimistic_rem(widened)=0.000000 -> cannot exceed 0.
[6228.962s] PRUNE: margin=-8.500000, optimistic_rem(widened)=0.000000 -> cannot exceed 0.
[6246.177s] PRUNE: margin=-8.500000, optimistic_rem(widened)=0.000000 -> cannot exceed 0.
[6254.856s] PRUNE: margin=-8.500000, optimistic_rem(widened)=0.000000 -> cannot exceed 0.
[6263.479s] PRUNE: margin=-8.500000, optimistic_rem(widened)=0.000000 -> cannot exceed 0.
[6270.961s] PRUNE: margin=-8.500000, optimistic_rem(widened)=0.000000 -> cannot exceed 0.
[6277.263s] PRUNE: margin=-8.500000, optimistic_rem(widened)=0.000000 -> cannot exceed 0.
[6285.686s] PRUNE: margin=-8.500000, optimistic_rem(widened)=0.000000 -> cannot exceed 0.
[6294.275s] PRUNE: margin=-8.500000, optimistic_rem(widened)=0.000000 -> cannot exceed 0.
[6302.866s] PRUNE: margin=-8.500000, optimistic_rem(widened)=0.000000 -> cannot exceed 0.
[6320.046s] PRUNE: margin=-8.500000, optimistic_rem(widened)=0.000000 -> cannot exceed 0.
[6328.638s] PRUNE: margin=-8.500000, optimistic_rem(widened)=0.000000 -> cannot exceed 0.
[6337.227s] PRUNE: margin=-8.500000, optimistic_rem(widened)=0.000000 -> cannot exceed 0.
[6345.816s] PRUNE: margin=-8.500000, optimistic_rem(widened)=0.000000 -> cannot exceed 0.
[6354.406s] PRUNE: margin=-8.500000, optimistic_rem(widened)=0.000000 -> cannot exceed 0.
[6362.996s] PRUNE: margin=-8.500000, optimistic_rem(widened)=0.000000 -> cannot exceed 0.
[6371.587s] PRUNE: margin=-8.500000, optimistic_rem(widened)=0.000000 -> cannot exceed 0.
[6388.765s] PRUNE: margin=-8.500000, optimistic_rem(widened)=0.000000 -> cannot exceed 0.
[6397.353s] PRUNE: margin=-8.500000, optimistic_rem(widened)=0.000000 -> cannot exceed 0.
[6405.943s] PRUNE: margin=-8.500000, optimistic_rem(widened)=0.000000 -> cannot exceed 0.
[6414.532s] PRUNE: margin=-8.500000, optimistic_rem(widened)=0.000000 -> cannot exceed 0.
[6423.121s] PRUNE: margin=-8.500000, optimistic_rem(widened)=0.000000 -> cannot exceed 0.
[6431.711s] PRUNE: margin=-8.500000, optimistic_rem(widened)=0.000000 -> cannot exceed 0.
[6448.891s] PRUNE: margin=-8.500000, optimistic_rem(widened)=0.000000 -> cannot exceed 0.
[6457.480s] PRUNE: margin=-8.500000, optimistic_rem(widened)=0.000000 -> cannot exceed 0.
[6466.068s] PRUNE: margin=-8.500000, optimistic_rem(widened)=0.000000 -> cannot exceed 0.
[6474.656s] PRUNE: margin=-8.500000, optimistic_rem(widened)=0.000000 -> cannot exceed 0.
[6483.243s] PRUNE: margin=-8.500000, optimistic_rem(widened)=0.000000 -> cannot exceed 0.
[6500.418s] PRUNE: margin=-8.500000, optimistic_rem(widened)=0.000000 -> cannot exceed 0.
[6509.004s] PRUNE: margin=-8.500000, optimistic_rem(widened)=0.000000 -> cannot exceed 0.
[6517.591s] PRUNE: margin=-8.500000, optimistic_rem(widened)=0.000000 -> cannot exceed 0.
[6526.179s] PRUNE: margin=-8.500000, optimistic_rem(widened)=0.000000 -> cannot exceed 0.
[6540.159s] PRUNE: margin=-8.500000, optimistic_rem(widened)=0.000000 -> cannot exceed 0.
[6545.784s] PRUNE: margin=-8.500000, optimistic_rem(widened)=0.000000 -> cannot exceed 0.
[6551.438s] PRUNE: margin=-8.500000, optimistic_rem(widened)=0.000000 -> cannot exceed 0.
[6562.704s] PRUNE: margin=-8.500000, optimistic_rem(widened)=0.000000 -> cannot exceed 0.
[6568.013s] PRUNE: margin=-8.500000, optimistic_rem(widened)=0.000000 -> cannot exceed 0.
[6579.783s] PRUNE: margin=-8.500000, optimistic_rem(widened)=0.000000 -> cannot exceed 0.
[6653.615s] PRUNE: margin=-7.500000, optimistic_rem(widened)=0.000000 -> cannot exceed 0.
[6662.208s] PRUNE: margin=-7.500000, optimistic_rem(widened)=0.000000 -> cannot exceed 0.
[6670.804s] PRUNE: margin=-7.500000, optimistic_rem(widened)=0.000000 -> cannot exceed 0.
[6679.414s] PRUNE: margin=-7.500000, optimistic_rem(widened)=0.000000 -> cannot exceed 0.
[6748.126s] PRUNE: margin=-8.000000, optimistic_rem(widened)=0.000000 -> cannot exceed 0.
[6755.779s] PRUNE: margin=-8.000000, optimistic_rem(widened)=0.000000 -> cannot exceed 0.
[6761.115s] PRUNE: margin=-8.000000, optimistic_rem(widened)=0.000000 -> cannot exceed 0.
[6766.646s] PRUNE: margin=-8.000000, optimistic_rem(widened)=0.000000 -> cannot exceed 0.
[6812.917s] PRUNE: margin=-10.000000, optimistic_rem(widened)=9.000000 -> cannot exceed 0.
[6821.507s] PRUNE: margin=-10.000000, optimistic_rem(widened)=9.000000 -> cannot exceed 0.
[6834.390s] PRUNE: margin=-10.000000, optimistic_rem(widened)=7.500000 -> cannot exceed 0.
[6842.978s] PRUNE: margin=-10.000000, optimistic_rem(widened)=7.500000 -> cannot exceed 0.
[6851.566s] PRUNE: margin=-10.000000, optimistic_rem(widened)=7.500000 -> cannot exceed 0.
[6860.154s] PRUNE: margin=-10.000000, optimistic_rem(widened)=7.500000 -> cannot exceed 0.
[6873.036s] PRUNE: margin=-10.500000, optimistic_rem(widened)=9.500000 -> cannot exceed 0.
[6881.624s] PRUNE: margin=-10.000000, optimistic_rem(widened)=9.000000 -> cannot exceed 0.
[6890.211s] PRUNE: margin=-10.000000, optimistic_rem(widened)=9.000000 -> cannot exceed 0.
[6907.385s] PRUNE: margin=-10.000000, optimistic_rem(widened)=9.000000 -> cannot exceed 0.
[6915.973s] PRUNE: margin=-10.000000, optimistic_rem(widened)=9.000000 -> cannot exceed 0.
[6933.147s] PRUNE: margin=-10.000000, optimistic_rem(widened)=9.000000 -> cannot exceed 0.
[6967.488s] PRUNE: margin=-8.000000, optimistic_rem(widened)=0.000000 -> cannot exceed 0.
[6976.072s] PRUNE: margin=-8.000000, optimistic_rem(widened)=0.000000 -> cannot exceed 0.
[6984.655s] PRUNE: margin=-8.000000, optimistic_rem(widened)=0.000000 -> cannot exceed 0.
[6993.240s] PRUNE: margin=-8.000000, optimistic_rem(widened)=0.000000 -> cannot exceed 0.
[7001.847s] PRUNE: margin=-10.000000, optimistic_rem(widened)=9.000000 -> cannot exceed 0.
[7010.439s] PRUNE: margin=-10.000000, optimistic_rem(widened)=9.000000 -> cannot exceed 0.
[7049.103s] PRUNE: margin=-8.000000, optimistic_rem(widened)=0.000000 -> cannot exceed 0.
[7057.700s] PRUNE: margin=-8.000000, optimistic_rem(widened)=0.000000 -> cannot exceed 0.
[7066.296s] PRUNE: margin=-8.000000, optimistic_rem(widened)=0.000000 -> cannot exceed 0.
[7073.980s] PRUNE: margin=-8.000000, optimistic_rem(widened)=0.000000 -> cannot exceed 0.
[7108.487s] PRUNE: margin=-10.000000, optimistic_rem(widened)=7.500000 -> cannot exceed 0.
[7113.765s] PRUNE: margin=-10.000000, optimistic_rem(widened)=7.500000 -> cannot exceed 0.
[7119.605s] PRUNE: margin=-10.000000, optimistic_rem(widened)=7.500000 -> cannot exceed 0.
[7126.992s] PRUNE: margin=-10.000000, optimistic_rem(widened)=8.500000 -> cannot exceed 0.
[7139.879s] PRUNE: margin=-10.000000, optimistic_rem(widened)=9.000000 -> cannot exceed 0.
[7148.471s] PRUNE: margin=-10.000000, optimistic_rem(widened)=9.000000 -> cannot exceed 0.
[7165.655s] PRUNE: margin=-10.000000, optimistic_rem(widened)=9.000000 -> cannot exceed 0.
[7195.730s] PRUNE: margin=-8.500000, optimistic_rem(widened)=8.000000 -> cannot exceed 0.
[7204.325s] PRUNE: margin=-8.500000, optimistic_rem(widened)=8.000000 -> cannot exceed 0.
[7212.919s] PRUNE: margin=-8.500000, optimistic_rem(widened)=8.000000 -> cannot exceed 0.
[7221.514s] PRUNE: margin=-8.500000, optimistic_rem(widened)=8.000000 -> cannot exceed 0.
[7230.107s] PRUNE: margin=-8.500000, optimistic_rem(widened)=8.000000 -> cannot exceed 0.
[7238.702s] PRUNE: margin=-10.500000, optimistic_rem(widened)=8.500000 -> cannot exceed 0.
[7245.564s] PRUNE: margin=-10.500000, optimistic_rem(widened)=8.500000 -> cannot exceed 0.
[7251.463s] PRUNE: margin=-10.500000, optimistic_rem(widened)=8.500000 -> cannot exceed 0.
[7264.938s] PRUNE: margin=-8.500000, optimistic_rem(widened)=8.000000 -> cannot exceed 0.
[7271.081s] PRUNE: margin=-8.500000, optimistic_rem(widened)=8.000000 -> cannot exceed 0.
[7276.339s] PRUNE: margin=-8.500000, optimistic_rem(widened)=8.000000 -> cannot exceed 0.
[7281.515s] PRUNE: margin=-8.500000, optimistic_rem(widened)=8.000000 -> cannot exceed 0.
[7286.655s] PRUNE: margin=-8.500000, optimistic_rem(widened)=8.000000 -> cannot exceed 0.
[7291.823s] PRUNE: margin=-10.500000, optimistic_rem(widened)=8.500000 -> cannot exceed 0.
[7297.048s] PRUNE: margin=-10.500000, optimistic_rem(widened)=8.500000 -> cannot exceed 0.
[7309.677s] PRUNE: margin=-8.500000, optimistic_rem(widened)=8.000000 -> cannot exceed 0.
[7314.816s] PRUNE: margin=-8.500000, optimistic_rem(widened)=8.000000 -> cannot exceed 0.
[7320.362s] PRUNE: margin=-8.500000, optimistic_rem(widened)=8.000000 -> cannot exceed 0.
[7327.329s] PRUNE: margin=-8.500000, optimistic_rem(widened)=8.000000 -> cannot exceed 0.
[7335.924s] PRUNE: margin=-8.500000, optimistic_rem(widened)=8.000000 -> cannot exceed 0.
[7344.518s] PRUNE: margin=-8.500000, optimistic_rem(widened)=8.000000 -> cannot exceed 0.
[7361.707s] PRUNE: margin=-8.500000, optimistic_rem(widened)=8.000000 -> cannot exceed 0.
[7370.302s] PRUNE: margin=-8.500000, optimistic_rem(widened)=8.000000 -> cannot exceed 0.
[7378.896s] PRUNE: margin=-8.500000, optimistic_rem(widened)=8.000000 -> cannot exceed 0.
[7387.492s] PRUNE: margin=-8.500000, optimistic_rem(widened)=8.000000 -> cannot exceed 0.
[7396.087s] PRUNE: margin=-8.500000, optimistic_rem(widened)=8.000000 -> cannot exceed 0.
[7417.572s] PRUNE: margin=-10.000000, optimistic_rem(widened)=9.000000 -> cannot exceed 0.
[7456.423s] PRUNE: margin=-10.500000, optimistic_rem(widened)=9.500000 -> cannot exceed 0.
[7493.159s] PRUNE: margin=-10.000000, optimistic_rem(widened)=9.000000 -> cannot exceed 0.
[7509.544s] PRUNE: margin=-10.500000, optimistic_rem(widened)=9.500000 -> cannot exceed 0.
[7535.271s] PRUNE: margin=-10.500000, optimistic_rem(widened)=9.500000 -> cannot exceed 0.
[7580.639s] PRUNE: margin=-10.000000, optimistic_rem(widened)=9.000000 -> cannot exceed 0.
[7586.868s] PRUNE: margin=-10.000000, optimistic_rem(widened)=9.000000 -> cannot exceed 0.
[7595.448s] PRUNE: margin=-10.000000, optimistic_rem(widened)=9.000000 -> cannot exceed 0.
[7604.029s] PRUNE: margin=-10.000000, optimistic_rem(widened)=0.000000 -> cannot exceed 0.
[7612.609s] PRUNE: margin=-10.000000, optimistic_rem(widened)=0.000000 -> cannot exceed 0.
[7619.275s] PRUNE: margin=-10.000000, optimistic_rem(widened)=0.000000 -> cannot exceed 0.
[7624.716s] PRUNE: margin=-10.000000, optimistic_rem(widened)=0.000000 -> cannot exceed 0.
[7630.804s] PRUNE: margin=-10.000000, optimistic_rem(widened)=0.000000 -> cannot exceed 0.
[7637.166s] PRUNE: margin=-10.500000, optimistic_rem(widened)=0.000000 -> cannot exceed 0.
[7643.408s] PRUNE: margin=-10.500000, optimistic_rem(widened)=0.000000 -> cannot exceed 0.
[7657.336s] PRUNE: margin=-10.000000, optimistic_rem(widened)=9.000000 -> cannot exceed 0.
[7665.917s] PRUNE: margin=-10.000000, optimistic_rem(widened)=9.000000 -> cannot exceed 0.
[7674.498s] PRUNE: margin=-10.000000, optimistic_rem(widened)=0.000000 -> cannot exceed 0.
[7683.080s] PRUNE: margin=-10.000000, optimistic_rem(widened)=0.000000 -> cannot exceed 0.
[7691.660s] PRUNE: margin=-10.000000, optimistic_rem(widened)=0.000000 -> cannot exceed 0.
[7700.242s] PRUNE: margin=-10.000000, optimistic_rem(widened)=0.000000 -> cannot exceed 0.
[7708.822s] PRUNE: margin=-10.000000, optimistic_rem(widened)=0.000000 -> cannot exceed 0.
[7717.404s] PRUNE: margin=-10.000000, optimistic_rem(widened)=0.000000 -> cannot exceed 0.
[7725.986s] PRUNE: margin=-10.500000, optimistic_rem(widened)=0.000000 -> cannot exceed 0.
[7743.148s] PRUNE: margin=-10.000000, optimistic_rem(widened)=9.000000 -> cannot exceed 0.
[7751.730s] PRUNE: margin=-10.000000, optimistic_rem(widened)=0.000000 -> cannot exceed 0.
[7760.310s] PRUNE: margin=-10.000000, optimistic_rem(widened)=0.000000 -> cannot exceed 0.
[7768.891s] PRUNE: margin=-10.000000, optimistic_rem(widened)=0.000000 -> cannot exceed 0.
[7777.474s] PRUNE: margin=-10.000000, optimistic_rem(widened)=0.000000 -> cannot exceed 0.
[7786.055s] PRUNE: margin=-10.000000, optimistic_rem(widened)=0.000000 -> cannot exceed 0.
[7794.637s] PRUNE: margin=-10.000000, optimistic_rem(widened)=0.000000 -> cannot exceed 0.
[7803.220s] PRUNE: margin=-10.500000, optimistic_rem(widened)=0.000000 -> cannot exceed 0.
[7820.382s] PRUNE: margin=-8.000000, optimistic_rem(widened)=0.000000 -> cannot exceed 0.
[7828.961s] PRUNE: margin=-10.000000, optimistic_rem(widened)=0.000000 -> cannot exceed 0.
[7837.541s] PRUNE: margin=-10.000000, optimistic_rem(widened)=0.000000 -> cannot exceed 0.
[7846.120s] PRUNE: margin=-10.000000, optimistic_rem(widened)=0.000000 -> cannot exceed 0.
[7854.701s] PRUNE: margin=-10.000000, optimistic_rem(widened)=0.000000 -> cannot exceed 0.
[7863.281s] PRUNE: margin=-10.000000, optimistic_rem(widened)=0.000000 -> cannot exceed 0.
[7871.862s] PRUNE: margin=-10.000000, optimistic_rem(widened)=0.000000 -> cannot exceed 0.
[7884.735s] PRUNE: margin=-10.000000, optimistic_rem(widened)=2.500000 -> cannot exceed 0.
[7893.316s] PRUNE: margin=-10.000000, optimistic_rem(widened)=2.500000 -> cannot exceed 0.
[7901.934s] PRUNE: margin=-10.000000, optimistic_rem(widened)=2.000000 -> cannot exceed 0.
[7910.533s] PRUNE: margin=-10.000000, optimistic_rem(widened)=2.000000 -> cannot exceed 0.
[7919.133s] PRUNE: margin=-10.000000, optimistic_rem(widened)=2.000000 -> cannot exceed 0.
[7927.732s] PRUNE: margin=-10.500000, optimistic_rem(widened)=2.500000 -> cannot exceed 0.
[7936.331s] PRUNE: margin=-10.500000, optimistic_rem(widened)=8.000000 -> cannot exceed 0.
[8000.791s] PRUNE: margin=-10.000000, optimistic_rem(widened)=9.000000 -> cannot exceed 0.
[8009.386s] PRUNE: margin=-10.000000, optimistic_rem(widened)=0.000000 -> cannot exceed 0.
[8017.981s] PRUNE: margin=-10.000000, optimistic_rem(widened)=0.000000 -> cannot exceed 0.
[8026.576s] PRUNE: margin=-10.000000, optimistic_rem(widened)=0.000000 -> cannot exceed 0.
[8035.170s] PRUNE: margin=-10.000000, optimistic_rem(widened)=0.000000 -> cannot exceed 0.
[8043.765s] PRUNE: margin=-10.000000, optimistic_rem(widened)=0.000000 -> cannot exceed 0.
[8052.363s] PRUNE: margin=-10.000000, optimistic_rem(widened)=0.000000 -> cannot exceed 0.
[8058.551s] PRUNE: margin=-10.500000, optimistic_rem(widened)=0.000000 -> cannot exceed 0.
[8071.203s] PRUNE: margin=-10.000000, optimistic_rem(widened)=9.000000 -> cannot exceed 0.
[8079.803s] PRUNE: margin=-10.000000, optimistic_rem(widened)=0.000000 -> cannot exceed 0.
[8087.457s] PRUNE: margin=-10.000000, optimistic_rem(widened)=0.000000 -> cannot exceed 0.
[8093.688s] PRUNE: margin=-10.000000, optimistic_rem(widened)=0.000000 -> cannot exceed 0.
[8099.595s] PRUNE: margin=-10.000000, optimistic_rem(widened)=0.000000 -> cannot exceed 0.
[8105.179s] PRUNE: margin=-10.000000, optimistic_rem(widened)=0.000000 -> cannot exceed 0.
[8110.314s] PRUNE: margin=-10.000000, optimistic_rem(widened)=0.000000 -> cannot exceed 0.
[8116.732s] PRUNE: margin=-10.500000, optimistic_rem(widened)=0.000000 -> cannot exceed 0.
[8133.906s] PRUNE: margin=-8.000000, optimistic_rem(widened)=0.000000 -> cannot exceed 0.
[8142.493s] PRUNE: margin=-10.000000, optimistic_rem(widened)=0.000000 -> cannot exceed 0.
[8151.080s] PRUNE: margin=-10.000000, optimistic_rem(widened)=0.000000 -> cannot exceed 0.
[8159.667s] PRUNE: margin=-10.000000, optimistic_rem(widened)=0.000000 -> cannot exceed 0.
[8168.255s] PRUNE: margin=-10.000000, optimistic_rem(widened)=0.000000 -> cannot exceed 0.
[8176.841s] PRUNE: margin=-10.000000, optimistic_rem(widened)=0.000000 -> cannot exceed 0.
[8185.429s] PRUNE: margin=-10.000000, optimistic_rem(widened)=0.000000 -> cannot exceed 0.
[8198.311s] PRUNE: margin=-10.000000, optimistic_rem(widened)=2.000000 -> cannot exceed 0.
[8206.900s] PRUNE: margin=-10.000000, optimistic_rem(widened)=2.000000 -> cannot exceed 0.
[8215.486s] PRUNE: margin=-10.000000, optimistic_rem(widened)=2.000000 -> cannot exceed 0.
[8224.073s] PRUNE: margin=-10.000000, optimistic_rem(widened)=2.000000 -> cannot exceed 0.
[8232.661s] PRUNE: margin=-10.000000, optimistic_rem(widened)=2.000000 -> cannot exceed 0.
[8241.248s] PRUNE: margin=-10.000000, optimistic_rem(widened)=2.000000 -> cannot exceed 0.
[8249.837s] PRUNE: margin=-10.500000, optimistic_rem(widened)=8.000000 -> cannot exceed 0.
[8309.892s] PRUNE: margin=-8.000000, optimistic_rem(widened)=0.000000 -> cannot exceed 0.
[8318.476s] PRUNE: margin=-10.000000, optimistic_rem(widened)=0.000000 -> cannot exceed 0.
[8325.823s] PRUNE: margin=-10.000000, optimistic_rem(widened)=0.000000 -> cannot exceed 0.
[8332.099s] PRUNE: margin=-10.000000, optimistic_rem(widened)=0.000000 -> cannot exceed 0.
[8339.435s] PRUNE: margin=-10.000000, optimistic_rem(widened)=0.000000 -> cannot exceed 0.
[8345.872s] PRUNE: margin=-10.000000, optimistic_rem(widened)=0.000000 -> cannot exceed 0.
[8351.524s] PRUNE: margin=-10.000000, optimistic_rem(widened)=0.000000 -> cannot exceed 0.
[8368.692s] PRUNE: margin=-8.000000, optimistic_rem(widened)=0.000000 -> cannot exceed 0.
[8377.279s] PRUNE: margin=-8.000000, optimistic_rem(widened)=0.000000 -> cannot exceed 0.
[8385.864s] PRUNE: margin=-8.000000, optimistic_rem(widened)=0.000000 -> cannot exceed 0.
[8394.445s] PRUNE: margin=-10.000000, optimistic_rem(widened)=0.000000 -> cannot exceed 0.
[8403.030s] PRUNE: margin=-10.000000, optimistic_rem(widened)=0.000000 -> cannot exceed 0.
[8411.615s] PRUNE: margin=-10.000000, optimistic_rem(widened)=0.000000 -> cannot exceed 0.
[8420.200s] PRUNE: margin=-10.000000, optimistic_rem(widened)=0.000000 -> cannot exceed 0.
[8433.074s] PRUNE: margin=-10.000000, optimistic_rem(widened)=2.000000 -> cannot exceed 0.
[8441.660s] PRUNE: margin=-10.000000, optimistic_rem(widened)=2.000000 -> cannot exceed 0.
[8450.247s] PRUNE: margin=-10.000000, optimistic_rem(widened)=2.500000 -> cannot exceed 0.
[8458.832s] PRUNE: margin=-10.000000, optimistic_rem(widened)=2.500000 -> cannot exceed 0.
[8467.417s] PRUNE: margin=-10.000000, optimistic_rem(widened)=2.500000 -> cannot exceed 0.
[8476.002s] PRUNE: margin=-10.000000, optimistic_rem(widened)=2.000000 -> cannot exceed 0.
[8484.589s] PRUNE: margin=-10.500000, optimistic_rem(widened)=8.000000 -> cannot exceed 0.
[8506.049s] PRUNE: margin=-8.500000, optimistic_rem(widened)=0.000000 -> cannot exceed 0.
[8514.632s] PRUNE: margin=-10.000000, optimistic_rem(widened)=0.000000 -> cannot exceed 0.
[8523.215s] PRUNE: margin=-10.000000, optimistic_rem(widened)=0.000000 -> cannot exceed 0.
[8531.798s] PRUNE: margin=-10.000000, optimistic_rem(widened)=0.000000 -> cannot exceed 0.
[8540.381s] PRUNE: margin=-10.000000, optimistic_rem(widened)=0.000000 -> cannot exceed 0.
[8548.966s] PRUNE: margin=-10.000000, optimistic_rem(widened)=0.000000 -> cannot exceed 0.
[8557.548s] PRUNE: margin=-10.000000, optimistic_rem(widened)=0.000000 -> cannot exceed 0.
[8570.425s] PRUNE: margin=-10.000000, optimistic_rem(widened)=3.000000 -> cannot exceed 0.
[8579.009s] PRUNE: margin=-10.000000, optimistic_rem(widened)=3.000000 -> cannot exceed 0.
[8587.592s] PRUNE: margin=-10.000000, optimistic_rem(widened)=3.000000 -> cannot exceed 0.
[8596.177s] PRUNE: margin=-10.000000, optimistic_rem(widened)=3.000000 -> cannot exceed 0.
[8604.761s] PRUNE: margin=-10.000000, optimistic_rem(widened)=3.000000 -> cannot exceed 0.
[8613.346s] PRUNE: margin=-10.000000, optimistic_rem(widened)=3.000000 -> cannot exceed 0.
[8621.930s] PRUNE: margin=-10.500000, optimistic_rem(widened)=9.000000 -> cannot exceed 0.
[8643.393s] PRUNE: margin=-8.000000, optimistic_rem(widened)=0.000000 -> cannot exceed 0.
[8651.979s] PRUNE: margin=-8.000000, optimistic_rem(widened)=0.000000 -> cannot exceed 0.
[8660.565s] PRUNE: margin=-8.000000, optimistic_rem(widened)=0.000000 -> cannot exceed 0.
[8669.151s] PRUNE: margin=-8.000000, optimistic_rem(widened)=0.000000 -> cannot exceed 0.
[8677.739s] PRUNE: margin=-8.000000, optimistic_rem(widened)=0.000000 -> cannot exceed 0.
[8686.325s] PRUNE: margin=-10.000000, optimistic_rem(widened)=0.000000 -> cannot exceed 0.
[8699.201s] PRUNE: margin=-10.000000, optimistic_rem(widened)=7.500000 -> cannot exceed 0.
[8707.784s] PRUNE: margin=-10.000000, optimistic_rem(widened)=7.500000 -> cannot exceed 0.
[8716.367s] PRUNE: margin=-10.000000, optimistic_rem(widened)=7.500000 -> cannot exceed 0.
[8724.951s] PRUNE: margin=-10.000000, optimistic_rem(widened)=7.500000 -> cannot exceed 0.
[8733.534s] PRUNE: margin=-10.000000, optimistic_rem(widened)=7.500000 -> cannot exceed 0.
[8742.118s] PRUNE: margin=-10.000000, optimistic_rem(widened)=7.500000 -> cannot exceed 0.
[8754.993s] PRUNE: margin=-10.000000, optimistic_rem(widened)=4.500000 -> cannot exceed 0.
[8763.577s] PRUNE: margin=-10.000000, optimistic_rem(widened)=4.500000 -> cannot exceed 0.
[8772.163s] PRUNE: margin=-10.000000, optimistic_rem(widened)=4.000000 -> cannot exceed 0.
[8780.748s] PRUNE: margin=-10.000000, optimistic_rem(widened)=4.000000 -> cannot exceed 0.
[8789.331s] PRUNE: margin=-10.000000, optimistic_rem(widened)=4.000000 -> cannot exceed 0.
[8797.915s] PRUNE: margin=-10.500000, optimistic_rem(widened)=5.000000 -> cannot exceed 0.
[8806.500s] PRUNE: margin=-10.500000, optimistic_rem(widened)=10.500000 -> cannot exceed 0.
[8875.166s] PRUNE: margin=-10.000000, optimistic_rem(widened)=9.000000 -> cannot exceed 0.
[8883.750s] PRUNE: margin=-10.000000, optimistic_rem(widened)=0.000000 -> cannot exceed 0.
[8892.334s] PRUNE: margin=-10.000000, optimistic_rem(widened)=0.000000 -> cannot exceed 0.
[8900.917s] PRUNE: margin=-10.000000, optimistic_rem(widened)=0.000000 -> cannot exceed 0.
[8909.503s] PRUNE: margin=-10.000000, optimistic_rem(widened)=0.000000 -> cannot exceed 0.
[8918.087s] PRUNE: margin=-10.000000, optimistic_rem(widened)=0.000000 -> cannot exceed 0.
[8926.671s] PRUNE: margin=-10.000000, optimistic_rem(widened)=0.000000 -> cannot exceed 0.
[8935.256s] PRUNE: margin=-10.500000, optimistic_rem(widened)=0.000000 -> cannot exceed 0.
[8952.424s] PRUNE: margin=-10.000000, optimistic_rem(widened)=9.000000 -> cannot exceed 0.
[8961.009s] PRUNE: margin=-10.000000, optimistic_rem(widened)=0.000000 -> cannot exceed 0.
[8969.595s] PRUNE: margin=-10.000000, optimistic_rem(widened)=0.000000 -> cannot exceed 0.
[8978.181s] PRUNE: margin=-10.000000, optimistic_rem(widened)=0.000000 -> cannot exceed 0.
[8986.764s] PRUNE: margin=-10.000000, optimistic_rem(widened)=0.000000 -> cannot exceed 0.
[8995.347s] PRUNE: margin=-10.000000, optimistic_rem(widened)=0.000000 -> cannot exceed 0.
[9003.934s] PRUNE: margin=-10.000000, optimistic_rem(widened)=0.000000 -> cannot exceed 0.
[9012.520s] PRUNE: margin=-10.500000, optimistic_rem(widened)=0.000000 -> cannot exceed 0.
[9027.671s] PRUNE: margin=-8.000000, optimistic_rem(widened)=0.000000 -> cannot exceed 0.
[9033.097s] PRUNE: margin=-10.000000, optimistic_rem(widened)=0.000000 -> cannot exceed 0.
[9038.571s] PRUNE: margin=-10.000000, optimistic_rem(widened)=0.000000 -> cannot exceed 0.
[9043.993s] PRUNE: margin=-10.000000, optimistic_rem(widened)=0.000000 -> cannot exceed 0.
[9049.923s] PRUNE: margin=-10.000000, optimistic_rem(widened)=0.000000 -> cannot exceed 0.
[9055.527s] PRUNE: margin=-10.000000, optimistic_rem(widened)=0.000000 -> cannot exceed 0.
[9061.066s] PRUNE: margin=-10.000000, optimistic_rem(widened)=0.000000 -> cannot exceed 0.
[9070.291s] PRUNE: margin=-10.000000, optimistic_rem(widened)=2.000000 -> cannot exceed 0.
[9077.449s] PRUNE: margin=-10.000000, optimistic_rem(widened)=2.000000 -> cannot exceed 0.
[9083.694s] PRUNE: margin=-10.000000, optimistic_rem(widened)=2.000000 -> cannot exceed 0.
[9089.460s] PRUNE: margin=-10.000000, optimistic_rem(widened)=2.000000 -> cannot exceed 0.
[9094.756s] PRUNE: margin=-10.000000, optimistic_rem(widened)=2.000000 -> cannot exceed 0.
[9100.392s] PRUNE: margin=-10.000000, optimistic_rem(widened)=2.000000 -> cannot exceed 0.
[9106.716s] PRUNE: margin=-10.500000, optimistic_rem(widened)=8.000000 -> cannot exceed 0.
[9147.907s] PRUNE: margin=-8.000000, optimistic_rem(widened)=0.000000 -> cannot exceed 0.
[9153.603s] PRUNE: margin=-10.000000, optimistic_rem(widened)=0.000000 -> cannot exceed 0.
[9159.151s] PRUNE: margin=-10.000000, optimistic_rem(widened)=0.000000 -> cannot exceed 0.
[9164.946s] PRUNE: margin=-10.000000, optimistic_rem(widened)=0.000000 -> cannot exceed 0.
[9170.887s] PRUNE: margin=-10.000000, optimistic_rem(widened)=0.000000 -> cannot exceed 0.
[9177.967s] PRUNE: margin=-10.000000, optimistic_rem(widened)=0.000000 -> cannot exceed 0.
[9186.585s] PRUNE: margin=-10.000000, optimistic_rem(widened)=0.000000 -> cannot exceed 0.
[9203.820s] PRUNE: margin=-8.000000, optimistic_rem(widened)=0.000000 -> cannot exceed 0.
[9212.437s] PRUNE: margin=-8.000000, optimistic_rem(widened)=0.000000 -> cannot exceed 0.
[9221.055s] PRUNE: margin=-8.000000, optimistic_rem(widened)=0.000000 -> cannot exceed 0.
[9229.672s] PRUNE: margin=-10.000000, optimistic_rem(widened)=0.000000 -> cannot exceed 0.
[9238.289s] PRUNE: margin=-10.000000, optimistic_rem(widened)=0.000000 -> cannot exceed 0.
[9246.906s] PRUNE: margin=-10.000000, optimistic_rem(widened)=0.000000 -> cannot exceed 0.
[9255.524s] PRUNE: margin=-10.000000, optimistic_rem(widened)=0.000000 -> cannot exceed 0.
[9268.452s] PRUNE: margin=-10.000000, optimistic_rem(widened)=2.000000 -> cannot exceed 0.
[9277.071s] PRUNE: margin=-10.000000, optimistic_rem(widened)=2.000000 -> cannot exceed 0.
[9285.689s] PRUNE: margin=-10.000000, optimistic_rem(widened)=2.500000 -> cannot exceed 0.
[9294.310s] PRUNE: margin=-10.000000, optimistic_rem(widened)=2.500000 -> cannot exceed 0.
[9302.928s] PRUNE: margin=-10.000000, optimistic_rem(widened)=2.500000 -> cannot exceed 0.
[9311.547s] PRUNE: margin=-10.000000, optimistic_rem(widened)=2.000000 -> cannot exceed 0.
[9320.168s] PRUNE: margin=-10.500000, optimistic_rem(widened)=8.000000 -> cannot exceed 0.
[9341.714s] PRUNE: margin=-8.500000, optimistic_rem(widened)=0.000000 -> cannot exceed 0.
[9350.332s] PRUNE: margin=-10.000000, optimistic_rem(widened)=0.000000 -> cannot exceed 0.
[9358.964s] PRUNE: margin=-10.000000, optimistic_rem(widened)=0.000000 -> cannot exceed 0.
[9367.575s] PRUNE: margin=-10.000000, optimistic_rem(widened)=0.000000 -> cannot exceed 0.
[9376.172s] PRUNE: margin=-10.000000, optimistic_rem(widened)=0.000000 -> cannot exceed 0.
[9384.762s] PRUNE: margin=-10.000000, optimistic_rem(widened)=0.000000 -> cannot exceed 0.
[9393.354s] PRUNE: margin=-10.000000, optimistic_rem(widened)=0.000000 -> cannot exceed 0.
[9406.240s] PRUNE: margin=-10.000000, optimistic_rem(widened)=3.000000 -> cannot exceed 0.
[9414.832s] PRUNE: margin=-10.000000, optimistic_rem(widened)=3.000000 -> cannot exceed 0.
[9422.230s] PRUNE: margin=-10.000000, optimistic_rem(widened)=3.000000 -> cannot exceed 0.
[9429.758s] PRUNE: margin=-10.000000, optimistic_rem(widened)=3.000000 -> cannot exceed 0.
[9438.346s] PRUNE: margin=-10.000000, optimistic_rem(widened)=3.000000 -> cannot exceed 0.
[9446.935s] PRUNE: margin=-10.000000, optimistic_rem(widened)=3.000000 -> cannot exceed 0.
[9455.521s] PRUNE: margin=-10.500000, optimistic_rem(widened)=9.000000 -> cannot exceed 0.
[9476.986s] PRUNE: margin=-8.000000, optimistic_rem(widened)=0.000000 -> cannot exceed 0.
[9485.572s] PRUNE: margin=-8.000000, optimistic_rem(widened)=0.000000 -> cannot exceed 0.
[9494.161s] PRUNE: margin=-8.000000, optimistic_rem(widened)=0.000000 -> cannot exceed 0.
[9502.748s] PRUNE: margin=-8.000000, optimistic_rem(widened)=0.000000 -> cannot exceed 0.
[9511.336s] PRUNE: margin=-8.000000, optimistic_rem(widened)=0.000000 -> cannot exceed 0.
[9519.924s] PRUNE: margin=-10.000000, optimistic_rem(widened)=0.000000 -> cannot exceed 0.
[9532.803s] PRUNE: margin=-10.000000, optimistic_rem(widened)=7.500000 -> cannot exceed 0.
[9541.389s] PRUNE: margin=-10.000000, optimistic_rem(widened)=7.500000 -> cannot exceed 0.
[9549.974s] PRUNE: margin=-10.000000, optimistic_rem(widened)=7.500000 -> cannot exceed 0.
[9558.559s] PRUNE: margin=-10.000000, optimistic_rem(widened)=7.500000 -> cannot exceed 0.
[9567.145s] PRUNE: margin=-10.000000, optimistic_rem(widened)=7.500000 -> cannot exceed 0.
[9575.730s] PRUNE: margin=-10.000000, optimistic_rem(widened)=7.500000 -> cannot exceed 0.
[9588.608s] PRUNE: margin=-10.000000, optimistic_rem(widened)=4.500000 -> cannot exceed 0.
[9597.193s] PRUNE: margin=-10.000000, optimistic_rem(widened)=4.500000 -> cannot exceed 0.
[9605.780s] PRUNE: margin=-10.000000, optimistic_rem(widened)=4.000000 -> cannot exceed 0.
[9614.366s] PRUNE: margin=-10.000000, optimistic_rem(widened)=4.000000 -> cannot exceed 0.
[9622.952s] PRUNE: margin=-10.000000, optimistic_rem(widened)=4.000000 -> cannot exceed 0.
[9631.537s] PRUNE: margin=-10.500000, optimistic_rem(widened)=5.000000 -> cannot exceed 0.
[9640.124s] PRUNE: margin=-10.500000, optimistic_rem(widened)=10.500000 -> cannot exceed 0.
[9704.501s] PRUNE: margin=-8.000000, optimistic_rem(widened)=0.000000 -> cannot exceed 0.
[9713.086s] PRUNE: margin=-10.000000, optimistic_rem(widened)=0.000000 -> cannot exceed 0.
[9721.672s] PRUNE: margin=-10.000000, optimistic_rem(widened)=0.000000 -> cannot exceed 0.
[9730.257s] PRUNE: margin=-10.000000, optimistic_rem(widened)=0.000000 -> cannot exceed 0.
[9738.841s] PRUNE: margin=-10.000000, optimistic_rem(widened)=0.000000 -> cannot exceed 0.
[9747.427s] PRUNE: margin=-10.000000, optimistic_rem(widened)=0.000000 -> cannot exceed 0.
[9756.013s] PRUNE: margin=-10.000000, optimistic_rem(widened)=0.000000 -> cannot exceed 0.
[9773.184s] PRUNE: margin=-8.500000, optimistic_rem(widened)=0.000000 -> cannot exceed 0.
[9781.768s] PRUNE: margin=-10.000000, optimistic_rem(widened)=0.000000 -> cannot exceed 0.
[9790.352s] PRUNE: margin=-10.000000, optimistic_rem(widened)=0.000000 -> cannot exceed 0.
[9798.936s] PRUNE: margin=-10.000000, optimistic_rem(widened)=0.000000 -> cannot exceed 0.
[9807.521s] PRUNE: margin=-10.000000, optimistic_rem(widened)=0.000000 -> cannot exceed 0.
[9816.105s] PRUNE: margin=-10.000000, optimistic_rem(widened)=0.000000 -> cannot exceed 0.
[9824.690s] PRUNE: margin=-10.000000, optimistic_rem(widened)=0.000000 -> cannot exceed 0.
[9837.570s] PRUNE: margin=-10.000000, optimistic_rem(widened)=3.000000 -> cannot exceed 0.
[9846.157s] PRUNE: margin=-10.000000, optimistic_rem(widened)=3.000000 -> cannot exceed 0.
[9854.741s] PRUNE: margin=-10.000000, optimistic_rem(widened)=3.000000 -> cannot exceed 0.
[9863.323s] PRUNE: margin=-10.000000, optimistic_rem(widened)=3.000000 -> cannot exceed 0.
[9871.905s] PRUNE: margin=-10.000000, optimistic_rem(widened)=3.000000 -> cannot exceed 0.
[9880.488s] PRUNE: margin=-10.000000, optimistic_rem(widened)=3.000000 -> cannot exceed 0.
[9889.072s] PRUNE: margin=-10.500000, optimistic_rem(widened)=9.000000 -> cannot exceed 0.
[9910.524s] PRUNE: margin=-8.500000, optimistic_rem(widened)=0.000000 -> cannot exceed 0.
[9919.127s] PRUNE: margin=-8.000000, optimistic_rem(widened)=0.000000 -> cannot exceed 0.
[9927.697s] PRUNE: margin=-8.000000, optimistic_rem(widened)=0.000000 -> cannot exceed 0.
[9936.267s] PRUNE: margin=-10.000000, optimistic_rem(widened)=0.000000 -> cannot exceed 0.
[9944.837s] PRUNE: margin=-10.000000, optimistic_rem(widened)=0.000000 -> cannot exceed 0.
[9953.407s] PRUNE: margin=-10.000000, optimistic_rem(widened)=0.000000 -> cannot exceed 0.
[9961.978s] PRUNE: margin=-10.000000, optimistic_rem(widened)=0.000000 -> cannot exceed 0.
[9979.121s] PRUNE: margin=-8.000000, optimistic_rem(widened)=0.000000 -> cannot exceed 0.
[9984.924s] PRUNE: margin=-8.000000, optimistic_rem(widened)=0.000000 -> cannot exceed 0.
[9990.604s] PRUNE: margin=-8.000000, optimistic_rem(widened)=0.000000 -> cannot exceed 0.
[9996.775s] PRUNE: margin=-8.000000, optimistic_rem(widened)=0.000000 -> cannot exceed 0.
[10003.137s] PRUNE: margin=-8.000000, optimistic_rem(widened)=0.000000 -> cannot exceed 0.
[10008.970s] PRUNE: margin=-10.000000, optimistic_rem(widened)=0.000000 -> cannot exceed 0.
[10016.807s] PRUNE: margin=-10.000000, optimistic_rem(widened)=7.500000 -> cannot exceed 0.
[10021.937s] PRUNE: margin=-10.000000, optimistic_rem(widened)=7.500000 -> cannot exceed 0.
[10029.904s] PRUNE: margin=-10.000000, optimistic_rem(widened)=7.500000 -> cannot exceed 0.
[10036.966s] PRUNE: margin=-10.000000, optimistic_rem(widened)=7.500000 -> cannot exceed 0.
[10043.801s] PRUNE: margin=-10.000000, optimistic_rem(widened)=7.500000 -> cannot exceed 0.
[10052.379s] PRUNE: margin=-10.000000, optimistic_rem(widened)=3.000000 -> cannot exceed 0.
[10073.818s] PRUNE: margin=-8.500000, optimistic_rem(widened)=0.000000 -> cannot exceed 0.
[10082.397s] PRUNE: margin=-8.000000, optimistic_rem(widened)=0.000000 -> cannot exceed 0.
[10090.973s] PRUNE: margin=-8.000000, optimistic_rem(widened)=0.000000 -> cannot exceed 0.
[10099.550s] PRUNE: margin=-8.000000, optimistic_rem(widened)=0.000000 -> cannot exceed 0.
[10108.127s] PRUNE: margin=-8.000000, optimistic_rem(widened)=0.000000 -> cannot exceed 0.
[10116.704s] PRUNE: margin=-10.000000, optimistic_rem(widened)=0.000000 -> cannot exceed 0.
[10129.564s] PRUNE: margin=-10.000000, optimistic_rem(widened)=7.500000 -> cannot exceed 0.
[10138.137s] PRUNE: margin=-10.000000, optimistic_rem(widened)=7.500000 -> cannot exceed 0.
[10146.710s] PRUNE: margin=-10.000000, optimistic_rem(widened)=7.500000 -> cannot exceed 0.
[10155.283s] PRUNE: margin=-10.000000, optimistic_rem(widened)=7.500000 -> cannot exceed 0.
[10163.857s] PRUNE: margin=-10.000000, optimistic_rem(widened)=7.500000 -> cannot exceed 0.
[10172.431s] PRUNE: margin=-10.000000, optimistic_rem(widened)=7.500000 -> cannot exceed 0.
[10185.291s] PRUNE: margin=-10.000000, optimistic_rem(widened)=4.000000 -> cannot exceed 0.
[10193.865s] PRUNE: margin=-10.000000, optimistic_rem(widened)=4.000000 -> cannot exceed 0.
[10202.438s] PRUNE: margin=-10.000000, optimistic_rem(widened)=4.500000 -> cannot exceed 0.
[10211.011s] PRUNE: margin=-10.000000, optimistic_rem(widened)=4.500000 -> cannot exceed 0.
[10219.585s] PRUNE: margin=-10.000000, optimistic_rem(widened)=4.000000 -> cannot exceed 0.
[10228.160s] PRUNE: margin=-10.000000, optimistic_rem(widened)=4.000000 -> cannot exceed 0.
[10236.735s] PRUNE: margin=-10.500000, optimistic_rem(widened)=10.500000 -> cannot exceed 0.
[10262.455s] PRUNE: margin=-8.500000, optimistic_rem(widened)=0.000000 -> cannot exceed 0.
[10271.027s] PRUNE: margin=-8.000000, optimistic_rem(widened)=0.000000 -> cannot exceed 0.
[10279.599s] PRUNE: margin=-8.000000, optimistic_rem(widened)=0.000000 -> cannot exceed 0.
[10288.171s] PRUNE: margin=-8.000000, optimistic_rem(widened)=0.000000 -> cannot exceed 0.
[10296.743s] PRUNE: margin=-10.000000, optimistic_rem(widened)=0.000000 -> cannot exceed 0.
[10305.316s] PRUNE: margin=-10.000000, optimistic_rem(widened)=0.000000 -> cannot exceed 0.
[10313.890s] PRUNE: margin=-10.000000, optimistic_rem(widened)=0.000000 -> cannot exceed 0.
[10331.039s] PRUNE: margin=-8.000000, optimistic_rem(widened)=0.000000 -> cannot exceed 0.
[10339.615s] PRUNE: margin=-8.000000, optimistic_rem(widened)=0.000000 -> cannot exceed 0.
[10348.192s] PRUNE: margin=-8.000000, optimistic_rem(widened)=0.000000 -> cannot exceed 0.
[10356.769s] PRUNE: margin=-8.000000, optimistic_rem(widened)=0.000000 -> cannot exceed 0.
[10365.346s] PRUNE: margin=-8.000000, optimistic_rem(widened)=0.000000 -> cannot exceed 0.
[10373.924s] PRUNE: margin=-10.000000, optimistic_rem(widened)=0.000000 -> cannot exceed 0.
[10386.786s] PRUNE: margin=-10.000000, optimistic_rem(widened)=7.500000 -> cannot exceed 0.
[10395.359s] PRUNE: margin=-10.000000, optimistic_rem(widened)=7.500000 -> cannot exceed 0.
[10403.933s] PRUNE: margin=-10.000000, optimistic_rem(widened)=7.500000 -> cannot exceed 0.
[10412.525s] PRUNE: margin=-10.000000, optimistic_rem(widened)=7.500000 -> cannot exceed 0.
[10421.117s] PRUNE: margin=-10.000000, optimistic_rem(widened)=7.500000 -> cannot exceed 0.
[10429.712s] PRUNE: margin=-10.000000, optimistic_rem(widened)=7.500000 -> cannot exceed 0.
[10446.892s] PRUNE: margin=-8.000000, optimistic_rem(widened)=7.500000 -> cannot exceed 0.
[10455.481s] PRUNE: margin=-8.000000, optimistic_rem(widened)=7.500000 -> cannot exceed 0.
[10464.071s] PRUNE: margin=-8.000000, optimistic_rem(widened)=7.500000 -> cannot exceed 0.
[10472.662s] PRUNE: margin=-8.000000, optimistic_rem(widened)=7.500000 -> cannot exceed 0.
[10481.249s] PRUNE: margin=-10.000000, optimistic_rem(widened)=7.500000 -> cannot exceed 0.
[10489.838s] PRUNE: margin=-10.000000, optimistic_rem(widened)=7.500000 -> cannot exceed 0.
[10498.431s] PRUNE: margin=-10.000000, optimistic_rem(widened)=8.500000 -> cannot exceed 0.
[10511.312s] PRUNE: margin=-10.000000, optimistic_rem(widened)=4.000000 -> cannot exceed 0.
[10519.900s] PRUNE: margin=-10.000000, optimistic_rem(widened)=4.000000 -> cannot exceed 0.
[10528.487s] PRUNE: margin=-10.000000, optimistic_rem(widened)=4.000000 -> cannot exceed 0.
[10537.077s] PRUNE: margin=-10.000000, optimistic_rem(widened)=4.000000 -> cannot exceed 0.
[10545.667s] PRUNE: margin=-10.000000, optimistic_rem(widened)=4.000000 -> cannot exceed 0.
[10554.255s] PRUNE: margin=-10.000000, optimistic_rem(widened)=4.000000 -> cannot exceed 0.
[10562.845s] PRUNE: margin=-10.500000, optimistic_rem(widened)=10.500000 -> cannot exceed 0.
[10588.610s] PRUNE: margin=-10.000000, optimistic_rem(widened)=0.000000 -> cannot exceed 0.
[10597.201s] PRUNE: margin=-8.500000, optimistic_rem(widened)=0.000000 -> cannot exceed 0.
[10605.795s] PRUNE: margin=-8.500000, optimistic_rem(widened)=0.000000 -> cannot exceed 0.
[10614.384s] PRUNE: margin=-8.500000, optimistic_rem(widened)=0.000000 -> cannot exceed 0.
[10622.977s] PRUNE: margin=-8.500000, optimistic_rem(widened)=0.000000 -> cannot exceed 0.
[10631.567s] PRUNE: margin=-8.500000, optimistic_rem(widened)=0.000000 -> cannot exceed 0.
[10644.450s] PRUNE: margin=-10.000000, optimistic_rem(widened)=7.500000 -> cannot exceed 0.
[10653.037s] PRUNE: margin=-10.000000, optimistic_rem(widened)=7.500000 -> cannot exceed 0.
[10661.622s] PRUNE: margin=-10.000000, optimistic_rem(widened)=7.500000 -> cannot exceed 0.
[10670.209s] PRUNE: margin=-10.000000, optimistic_rem(widened)=7.500000 -> cannot exceed 0.
[10678.796s] PRUNE: margin=-10.000000, optimistic_rem(widened)=7.500000 -> cannot exceed 0.
[10687.383s] PRUNE: margin=-10.000000, optimistic_rem(widened)=7.500000 -> cannot exceed 0.
[10704.561s] PRUNE: margin=-10.000000, optimistic_rem(widened)=7.500000 -> cannot exceed 0.
[10713.148s] PRUNE: margin=-10.000000, optimistic_rem(widened)=7.500000 -> cannot exceed 0.
[10721.735s] PRUNE: margin=-10.000000, optimistic_rem(widened)=7.500000 -> cannot exceed 0.
[10730.323s] PRUNE: margin=-10.000000, optimistic_rem(widened)=9.000000 -> cannot exceed 0.
[10738.912s] PRUNE: margin=-10.000000, optimistic_rem(widened)=3.000000 -> cannot exceed 0.
[10747.504s] PRUNE: margin=-10.500000, optimistic_rem(widened)=8.500000 -> cannot exceed 0.
[10764.683s] PRUNE: margin=-10.000000, optimistic_rem(widened)=7.500000 -> cannot exceed 0.
[10773.272s] PRUNE: margin=-10.000000, optimistic_rem(widened)=7.500000 -> cannot exceed 0.
[10781.861s] PRUNE: margin=-10.000000, optimistic_rem(widened)=9.000000 -> cannot exceed 0.
[10790.449s] PRUNE: margin=-10.000000, optimistic_rem(widened)=3.000000 -> cannot exceed 0.
[10799.040s] PRUNE: margin=-10.500000, optimistic_rem(widened)=8.500000 -> cannot exceed 0.
[10820.512s] PRUNE: margin=-8.000000, optimistic_rem(widened)=0.000000 -> cannot exceed 0.
[10829.104s] PRUNE: margin=-10.000000, optimistic_rem(widened)=0.000000 -> cannot exceed 0.
[10837.700s] PRUNE: margin=-10.500000, optimistic_rem(widened)=0.000000 -> cannot exceed 0.
[10850.586s] PRUNE: margin=-10.000000, optimistic_rem(widened)=7.500000 -> cannot exceed 0.
[10859.178s] PRUNE: margin=-10.000000, optimistic_rem(widened)=3.000000 -> cannot exceed 0.
[10867.769s] PRUNE: margin=-10.000000, optimistic_rem(widened)=3.000000 -> cannot exceed 0.
[10889.247s] PRUNE: margin=-10.000000, optimistic_rem(widened)=0.000000 -> cannot exceed 0.
[10897.841s] PRUNE: margin=-10.500000, optimistic_rem(widened)=0.000000 -> cannot exceed 0.
[10910.725s] PRUNE: margin=-10.000000, optimistic_rem(widened)=3.000000 -> cannot exceed 0.
[10919.313s] PRUNE: margin=-10.000000, optimistic_rem(widened)=7.500000 -> cannot exceed 0.
[10940.787s] PRUNE: margin=-10.500000, optimistic_rem(widened)=0.000000 -> cannot exceed 0.
[10953.673s] PRUNE: margin=-10.000000, optimistic_rem(widened)=7.500000 -> cannot exceed 0.
[10966.557s] PRUNE: margin=-10.000000, optimistic_rem(widened)=5.000000 -> cannot exceed 0.
[10996.617s] PRUNE: margin=-8.500000, optimistic_rem(widened)=0.500000 -> cannot exceed 0.
[11009.505s] PRUNE: margin=-8.000000, optimistic_rem(widened)=0.000000 -> cannot exceed 0.
[11018.089s] PRUNE: margin=-8.000000, optimistic_rem(widened)=0.000000 -> cannot exceed 0.
[11026.672s] PRUNE: margin=-8.000000, optimistic_rem(widened)=0.000000 -> cannot exceed 0.
[11035.260s] PRUNE: margin=-10.000000, optimistic_rem(widened)=0.000000 -> cannot exceed 0.
[11052.437s] PRUNE: margin=-8.000000, optimistic_rem(widened)=0.000000 -> cannot exceed 0.
[11061.026s] PRUNE: margin=-8.000000, optimistic_rem(widened)=0.000000 -> cannot exceed 0.
[11069.615s] PRUNE: margin=-10.000000, optimistic_rem(widened)=0.000000 -> cannot exceed 0.
[11086.789s] PRUNE: margin=-8.000000, optimistic_rem(widened)=0.000000 -> cannot exceed 0.
[11095.378s] PRUNE: margin=-10.000000, optimistic_rem(widened)=0.000000 -> cannot exceed 0.
[11112.552s] PRUNE: margin=-10.000000, optimistic_rem(widened)=0.000000 -> cannot exceed 0.
[11125.436s] PRUNE: margin=-10.000000, optimistic_rem(widened)=8.000000 -> cannot exceed 0.
[11137.537s] PRUNE: margin=-10.000000, optimistic_rem(widened)=10.000000 -> cannot exceed 0.
[11144.898s] PRUNE: margin=-10.000000, optimistic_rem(widened)=10.000000 -> cannot exceed 0.
[11153.494s] PRUNE: margin=-10.000000, optimistic_rem(widened)=10.000000 -> cannot exceed 0.
[11162.089s] PRUNE: margin=-10.000000, optimistic_rem(widened)=10.000000 -> cannot exceed 0.
[11174.982s] PRUNE: margin=-10.000000, optimistic_rem(widened)=8.500000 -> cannot exceed 0.
[11200.773s] PRUNE: margin=-10.000000, optimistic_rem(widened)=9.000000 -> cannot exceed 0.
[11209.368s] PRUNE: margin=-10.000000, optimistic_rem(widened)=9.000000 -> cannot exceed 0.
[11226.557s] PRUNE: margin=-10.500000, optimistic_rem(widened)=10.000000 -> cannot exceed 0.
[11235.154s] PRUNE: margin=-10.500000, optimistic_rem(widened)=10.000000 -> cannot exceed 0.
[11255.954s] PRUNE: margin=-10.500000, optimistic_rem(widened)=10.500000 -> cannot exceed 0.
[11261.369s] PRUNE: margin=-10.500000, optimistic_rem(widened)=10.500000 -> cannot exceed 0.
[11269.529s] PRUNE: margin=-10.500000, optimistic_rem(widened)=10.500000 -> cannot exceed 0.
[11282.441s] PRUNE: margin=-10.500000, optimistic_rem(widened)=10.500000 -> cannot exceed 0.
[11290.181s] PRUNE: margin=-10.500000, optimistic_rem(widened)=10.500000 -> cannot exceed 0.
[11348.247s] PRUNE: margin=-10.500000, optimistic_rem(widened)=10.500000 -> cannot exceed 0.
[11351.001s] No counterexample within budgets (BaB): no misclassification found.
STATUS: No counterexample | best_upper_margin=10.000000 | elapsed=11351.001s | pixels_changed=0 | total_bit_flips=0 | avg_hamming_per_pixel=0.000000 | patch_rows=9-10 | patch_cols=18-19 | note=no_counterexample_within_budgets
