[  0.000s] init: idx=933 kmax=2 bmax=4 topx=2 widen=1.000 rank_fast=off
clean logits (hex):  0x82  0x82  0x83  0x85  0x82  0x83  0x82  0x82  0x83  0x82
clean logits (bits): 10000010 10000010 10000011 10000101 10000010 10000011 10000010 10000010 10000011 10000010
clean logits (double): -32.000000 -32.000000 -24.000000 -14.000000 -32.000000 -24.000000 -32.000000 -32.000000 -24.000000 -32.000000
[  0.017s] clean prediction: 3 (true label 3)
[ 13.112s] heuristic ROI: 2x2 block at rows 8-9, cols 16-17
[ 21.989s] selection: nSym=2 (from 4), topx=2, rank_fast=off
[ 21.989s] active patch: rows 8-9, cols 17-17 (derived from symPix)
[ 33.844s] Proceeding to BaB (greedy enabled).
[ 33.844s] Skipping root bound check (--no-root-bound).
[ 33.844s] BaB search starting (K<=2, B<=4, nSym=2, depth_limit=500000000, widen=1.00)...
[ 42.740s] PRUNE: margin=-8.000000, optimistic_rem(widened)=8.000000 -> cannot exceed 0.
[ 51.587s] PRUNE: margin=-8.000000, optimistic_rem(widened)=6.000000 -> cannot exceed 0.
[ 60.428s] PRUNE: margin=-8.000000, optimistic_rem(widened)=8.000000 -> cannot exceed 0.
[ 73.700s] PRUNE: margin=-8.000000, optimistic_rem(widened)=6.000000 -> cannot exceed 0.
[ 80.366s] PRUNE: margin=-8.000000, optimistic_rem(widened)=6.000000 -> cannot exceed 0.
[ 86.213s] PRUNE: margin=-8.000000, optimistic_rem(widened)=6.000000 -> cannot exceed 0.
[ 91.848s] PRUNE: margin=-8.000000, optimistic_rem(widened)=6.000000 -> cannot exceed 0.
[ 98.248s] PRUNE: margin=-8.000000, optimistic_rem(widened)=6.000000 -> cannot exceed 0.
[103.929s] PRUNE: margin=-8.000000, optimistic_rem(widened)=6.000000 -> cannot exceed 0.
[115.364s] PRUNE: margin=-8.000000, optimistic_rem(widened)=8.000000 -> cannot exceed 0.
[123.011s] PRUNE: margin=-8.000000, optimistic_rem(widened)=8.000000 -> cannot exceed 0.
[132.092s] PRUNE: margin=-8.000000, optimistic_rem(widened)=8.000000 -> cannot exceed 0.
[141.145s] PRUNE: margin=-8.000000, optimistic_rem(widened)=8.000000 -> cannot exceed 0.
[158.955s] PRUNE: margin=-8.000000, optimistic_rem(widened)=8.000000 -> cannot exceed 0.
[167.847s] PRUNE: margin=-8.000000, optimistic_rem(widened)=8.000000 -> cannot exceed 0.
[176.683s] PRUNE: margin=-8.000000, optimistic_rem(widened)=8.000000 -> cannot exceed 0.
[194.346s] PRUNE: margin=-8.000000, optimistic_rem(widened)=8.000000 -> cannot exceed 0.
[203.180s] PRUNE: margin=-8.000000, optimistic_rem(widened)=8.000000 -> cannot exceed 0.
[220.852s] PRUNE: margin=-8.000000, optimistic_rem(widened)=8.000000 -> cannot exceed 0.
[256.362s] PRUNE: margin=-8.000000, optimistic_rem(widened)=8.000000 -> cannot exceed 0.
[265.458s] PRUNE: margin=-8.000000, optimistic_rem(widened)=8.000000 -> cannot exceed 0.
[274.551s] PRUNE: margin=-8.000000, optimistic_rem(widened)=8.000000 -> cannot exceed 0.
[292.500s] PRUNE: margin=-8.000000, optimistic_rem(widened)=8.000000 -> cannot exceed 0.
[301.424s] PRUNE: margin=-8.000000, optimistic_rem(widened)=8.000000 -> cannot exceed 0.
[319.271s] PRUNE: margin=-8.000000, optimistic_rem(widened)=8.000000 -> cannot exceed 0.
[354.636s] PRUNE: margin=-8.000000, optimistic_rem(widened)=8.000000 -> cannot exceed 0.
[363.490s] PRUNE: margin=-8.000000, optimistic_rem(widened)=8.000000 -> cannot exceed 0.
[381.151s] PRUNE: margin=-8.000000, optimistic_rem(widened)=8.000000 -> cannot exceed 0.
[487.134s] PRUNE: margin=-8.000000, optimistic_rem(widened)=0.000000 -> cannot exceed 0.
[495.974s] PRUNE: margin=-10.000000, optimistic_rem(widened)=10.000000 -> cannot exceed 0.
[504.813s] PRUNE: margin=-10.000000, optimistic_rem(widened)=10.000000 -> cannot exceed 0.
[513.650s] PRUNE: margin=-10.000000, optimistic_rem(widened)=10.000000 -> cannot exceed 0.
[522.490s] PRUNE: margin=-10.000000, optimistic_rem(widened)=0.000000 -> cannot exceed 0.
[531.329s] PRUNE: margin=-10.000000, optimistic_rem(widened)=0.000000 -> cannot exceed 0.
[540.169s] PRUNE: margin=-10.000000, optimistic_rem(widened)=0.000000 -> cannot exceed 0.
[549.009s] PRUNE: margin=-10.000000, optimistic_rem(widened)=0.000000 -> cannot exceed 0.
[557.850s] PRUNE: margin=-10.000000, optimistic_rem(widened)=0.000000 -> cannot exceed 0.
[575.531s] PRUNE: margin=-8.000000, optimistic_rem(widened)=0.000000 -> cannot exceed 0.
[584.369s] PRUNE: margin=-10.000000, optimistic_rem(widened)=10.000000 -> cannot exceed 0.
[593.205s] PRUNE: margin=-10.000000, optimistic_rem(widened)=10.000000 -> cannot exceed 0.
[602.045s] PRUNE: margin=-10.000000, optimistic_rem(widened)=0.000000 -> cannot exceed 0.
[610.884s] PRUNE: margin=-10.000000, optimistic_rem(widened)=0.000000 -> cannot exceed 0.
[619.723s] PRUNE: margin=-10.000000, optimistic_rem(widened)=0.000000 -> cannot exceed 0.
[628.564s] PRUNE: margin=-10.000000, optimistic_rem(widened)=0.000000 -> cannot exceed 0.
[637.404s] PRUNE: margin=-10.000000, optimistic_rem(widened)=0.000000 -> cannot exceed 0.
[655.082s] PRUNE: margin=-8.000000, optimistic_rem(widened)=0.000000 -> cannot exceed 0.
[663.308s] PRUNE: margin=-10.000000, optimistic_rem(widened)=10.000000 -> cannot exceed 0.
[668.921s] PRUNE: margin=-10.000000, optimistic_rem(widened)=0.000000 -> cannot exceed 0.
[674.249s] PRUNE: margin=-10.000000, optimistic_rem(widened)=0.000000 -> cannot exceed 0.
[679.586s] PRUNE: margin=-10.000000, optimistic_rem(widened)=0.000000 -> cannot exceed 0.
[684.946s] PRUNE: margin=-10.000000, optimistic_rem(widened)=0.000000 -> cannot exceed 0.
[690.472s] PRUNE: margin=-10.000000, optimistic_rem(widened)=0.000000 -> cannot exceed 0.
[701.454s] PRUNE: margin=-8.000000, optimistic_rem(widened)=0.000000 -> cannot exceed 0.
[706.791s] PRUNE: margin=-8.000000, optimistic_rem(widened)=0.000000 -> cannot exceed 0.
[712.150s] PRUNE: margin=-8.000000, optimistic_rem(widened)=0.000000 -> cannot exceed 0.
[719.881s] PRUNE: margin=-10.000000, optimistic_rem(widened)=0.000000 -> cannot exceed 0.
[728.156s] PRUNE: margin=-10.000000, optimistic_rem(widened)=0.000000 -> cannot exceed 0.
[736.612s] PRUNE: margin=-10.000000, optimistic_rem(widened)=0.000000 -> cannot exceed 0.
[749.907s] PRUNE: margin=-10.000000, optimistic_rem(widened)=2.000000 -> cannot exceed 0.
[758.768s] PRUNE: margin=-10.000000, optimistic_rem(widened)=2.000000 -> cannot exceed 0.
[765.683s] PRUNE: margin=-10.000000, optimistic_rem(widened)=2.000000 -> cannot exceed 0.
[771.364s] PRUNE: margin=-10.000000, optimistic_rem(widened)=2.000000 -> cannot exceed 0.
[778.536s] PRUNE: margin=-10.000000, optimistic_rem(widened)=2.000000 -> cannot exceed 0.
[787.384s] PRUNE: margin=-10.000000, optimistic_rem(widened)=2.000000 -> cannot exceed 0.
[805.079s] PRUNE: margin=-8.000000, optimistic_rem(widened)=0.000000 -> cannot exceed 0.
[813.665s] PRUNE: margin=-10.000000, optimistic_rem(widened)=10.000000 -> cannot exceed 0.
[819.320s] PRUNE: margin=-10.000000, optimistic_rem(widened)=10.000000 -> cannot exceed 0.
[825.587s] PRUNE: margin=-10.000000, optimistic_rem(widened)=0.000000 -> cannot exceed 0.
[830.925s] PRUNE: margin=-10.000000, optimistic_rem(widened)=0.000000 -> cannot exceed 0.
[839.440s] PRUNE: margin=-10.000000, optimistic_rem(widened)=0.000000 -> cannot exceed 0.
[847.150s] PRUNE: margin=-10.000000, optimistic_rem(widened)=0.000000 -> cannot exceed 0.
[853.137s] PRUNE: margin=-10.000000, optimistic_rem(widened)=0.000000 -> cannot exceed 0.
[867.286s] PRUNE: margin=-8.000000, optimistic_rem(widened)=8.000000 -> cannot exceed 0.
[876.129s] PRUNE: margin=-8.000000, optimistic_rem(widened)=0.000000 -> cannot exceed 0.
[884.973s] PRUNE: margin=-10.000000, optimistic_rem(widened)=0.000000 -> cannot exceed 0.
[893.816s] PRUNE: margin=-10.000000, optimistic_rem(widened)=0.000000 -> cannot exceed 0.
[902.659s] PRUNE: margin=-10.000000, optimistic_rem(widened)=0.000000 -> cannot exceed 0.
[911.504s] PRUNE: margin=-10.000000, optimistic_rem(widened)=0.000000 -> cannot exceed 0.
[929.190s] PRUNE: margin=-8.000000, optimistic_rem(widened)=0.000000 -> cannot exceed 0.
[938.036s] PRUNE: margin=-10.000000, optimistic_rem(widened)=0.000000 -> cannot exceed 0.
[946.877s] PRUNE: margin=-10.000000, optimistic_rem(widened)=0.000000 -> cannot exceed 0.
[955.719s] PRUNE: margin=-10.000000, optimistic_rem(widened)=0.000000 -> cannot exceed 0.
[964.561s] PRUNE: margin=-10.000000, optimistic_rem(widened)=0.000000 -> cannot exceed 0.
[977.834s] PRUNE: margin=-10.000000, optimistic_rem(widened)=2.000000 -> cannot exceed 0.
[986.681s] PRUNE: margin=-10.000000, optimistic_rem(widened)=2.000000 -> cannot exceed 0.
[994.242s] PRUNE: margin=-10.000000, optimistic_rem(widened)=2.000000 -> cannot exceed 0.
[1000.545s] PRUNE: margin=-10.000000, optimistic_rem(widened)=2.000000 -> cannot exceed 0.
[1006.504s] PRUNE: margin=-10.000000, optimistic_rem(widened)=2.000000 -> cannot exceed 0.
[1020.851s] PRUNE: margin=-8.000000, optimistic_rem(widened)=0.000000 -> cannot exceed 0.
[1034.123s] PRUNE: margin=-8.000000, optimistic_rem(widened)=8.000000 -> cannot exceed 0.
[1042.972s] PRUNE: margin=-8.000000, optimistic_rem(widened)=0.000000 -> cannot exceed 0.
[1051.820s] PRUNE: margin=-8.000000, optimistic_rem(widened)=0.000000 -> cannot exceed 0.
[1060.668s] PRUNE: margin=-10.000000, optimistic_rem(widened)=0.000000 -> cannot exceed 0.
[1069.515s] PRUNE: margin=-10.000000, optimistic_rem(widened)=0.000000 -> cannot exceed 0.
[1078.362s] PRUNE: margin=-10.000000, optimistic_rem(widened)=0.000000 -> cannot exceed 0.
[1096.055s] PRUNE: margin=-8.000000, optimistic_rem(widened)=0.000000 -> cannot exceed 0.
[1104.904s] PRUNE: margin=-10.000000, optimistic_rem(widened)=0.000000 -> cannot exceed 0.
[1113.751s] PRUNE: margin=-10.000000, optimistic_rem(widened)=0.000000 -> cannot exceed 0.
[1122.598s] PRUNE: margin=-10.000000, optimistic_rem(widened)=0.000000 -> cannot exceed 0.
[1131.445s] PRUNE: margin=-10.000000, optimistic_rem(widened)=0.000000 -> cannot exceed 0.
[1144.719s] PRUNE: margin=-10.000000, optimistic_rem(widened)=2.000000 -> cannot exceed 0.
[1153.568s] PRUNE: margin=-10.000000, optimistic_rem(widened)=2.000000 -> cannot exceed 0.
[1160.584s] PRUNE: margin=-10.000000, optimistic_rem(widened)=2.000000 -> cannot exceed 0.
[1166.210s] PRUNE: margin=-10.000000, optimistic_rem(widened)=2.000000 -> cannot exceed 0.
[1172.334s] PRUNE: margin=-10.000000, optimistic_rem(widened)=2.000000 -> cannot exceed 0.
[1184.697s] PRUNE: margin=-8.000000, optimistic_rem(widened)=0.000000 -> cannot exceed 0.
[1194.179s] PRUNE: margin=-8.000000, optimistic_rem(widened)=0.000000 -> cannot exceed 0.
[1201.549s] PRUNE: margin=-10.000000, optimistic_rem(widened)=0.000000 -> cannot exceed 0.
[1208.620s] PRUNE: margin=-10.000000, optimistic_rem(widened)=0.000000 -> cannot exceed 0.
[1215.263s] PRUNE: margin=-10.000000, optimistic_rem(widened)=0.000000 -> cannot exceed 0.
[1221.723s] PRUNE: margin=-10.000000, optimistic_rem(widened)=0.000000 -> cannot exceed 0.
[1231.176s] PRUNE: margin=-10.000000, optimistic_rem(widened)=2.000000 -> cannot exceed 0.
[1237.567s] PRUNE: margin=-10.000000, optimistic_rem(widened)=2.000000 -> cannot exceed 0.
[1243.067s] PRUNE: margin=-10.000000, optimistic_rem(widened)=2.000000 -> cannot exceed 0.
[1248.629s] PRUNE: margin=-10.000000, optimistic_rem(widened)=2.000000 -> cannot exceed 0.
[1255.128s] PRUNE: margin=-10.000000, optimistic_rem(widened)=2.000000 -> cannot exceed 0.
[1269.304s] PRUNE: margin=-8.000000, optimistic_rem(widened)=0.000000 -> cannot exceed 0.
[1274.632s] PRUNE: margin=-8.000000, optimistic_rem(widened)=0.000000 -> cannot exceed 0.
[1281.673s] PRUNE: margin=-8.000000, optimistic_rem(widened)=0.000000 -> cannot exceed 0.
[1289.827s] PRUNE: margin=-10.000000, optimistic_rem(widened)=2.000000 -> cannot exceed 0.
[1296.605s] PRUNE: margin=-10.000000, optimistic_rem(widened)=2.000000 -> cannot exceed 0.
[1304.085s] PRUNE: margin=-10.000000, optimistic_rem(widened)=2.000000 -> cannot exceed 0.
[1315.026s] PRUNE: margin=-10.000000, optimistic_rem(widened)=4.000000 -> cannot exceed 0.
[1323.872s] PRUNE: margin=-10.000000, optimistic_rem(widened)=4.000000 -> cannot exceed 0.
[1332.719s] PRUNE: margin=-10.000000, optimistic_rem(widened)=4.000000 -> cannot exceed 0.
[1341.566s] PRUNE: margin=-10.000000, optimistic_rem(widened)=4.000000 -> cannot exceed 0.
[1350.414s] PRUNE: margin=-10.000000, optimistic_rem(widened)=4.000000 -> cannot exceed 0.
[1359.261s] PRUNE: margin=-10.000000, optimistic_rem(widened)=4.000000 -> cannot exceed 0.
[1385.802s] PRUNE: margin=-8.000000, optimistic_rem(widened)=0.000000 -> cannot exceed 0.
[1391.807s] PRUNE: margin=-10.000000, optimistic_rem(widened)=10.000000 -> cannot exceed 0.
[1398.775s] PRUNE: margin=-10.000000, optimistic_rem(widened)=10.000000 -> cannot exceed 0.
[1407.616s] PRUNE: margin=-10.000000, optimistic_rem(widened)=0.000000 -> cannot exceed 0.
[1416.471s] PRUNE: margin=-10.000000, optimistic_rem(widened)=0.000000 -> cannot exceed 0.
[1425.340s] PRUNE: margin=-10.000000, optimistic_rem(widened)=0.000000 -> cannot exceed 0.
[1434.210s] PRUNE: margin=-10.000000, optimistic_rem(widened)=0.000000 -> cannot exceed 0.
[1443.080s] PRUNE: margin=-10.000000, optimistic_rem(widened)=0.000000 -> cannot exceed 0.
[1460.817s] PRUNE: margin=-8.000000, optimistic_rem(widened)=0.000000 -> cannot exceed 0.
[1469.683s] PRUNE: margin=-10.000000, optimistic_rem(widened)=10.000000 -> cannot exceed 0.
[1478.551s] PRUNE: margin=-10.000000, optimistic_rem(widened)=0.000000 -> cannot exceed 0.
[1487.417s] PRUNE: margin=-10.000000, optimistic_rem(widened)=0.000000 -> cannot exceed 0.
[1496.284s] PRUNE: margin=-10.000000, optimistic_rem(widened)=0.000000 -> cannot exceed 0.
[1505.151s] PRUNE: margin=-10.000000, optimistic_rem(widened)=0.000000 -> cannot exceed 0.
[1514.021s] PRUNE: margin=-10.000000, optimistic_rem(widened)=0.000000 -> cannot exceed 0.
[1531.755s] PRUNE: margin=-8.000000, optimistic_rem(widened)=0.000000 -> cannot exceed 0.
[1540.622s] PRUNE: margin=-8.000000, optimistic_rem(widened)=0.000000 -> cannot exceed 0.
[1549.488s] PRUNE: margin=-8.000000, optimistic_rem(widened)=0.000000 -> cannot exceed 0.
[1558.355s] PRUNE: margin=-10.000000, optimistic_rem(widened)=0.000000 -> cannot exceed 0.
[1567.221s] PRUNE: margin=-10.000000, optimistic_rem(widened)=0.000000 -> cannot exceed 0.
[1576.087s] PRUNE: margin=-10.000000, optimistic_rem(widened)=0.000000 -> cannot exceed 0.
[1589.382s] PRUNE: margin=-10.000000, optimistic_rem(widened)=2.000000 -> cannot exceed 0.
[1598.230s] PRUNE: margin=-10.000000, optimistic_rem(widened)=2.000000 -> cannot exceed 0.
[1607.093s] PRUNE: margin=-10.000000, optimistic_rem(widened)=2.000000 -> cannot exceed 0.
[1615.945s] PRUNE: margin=-10.000000, optimistic_rem(widened)=2.000000 -> cannot exceed 0.
[1624.798s] PRUNE: margin=-10.000000, optimistic_rem(widened)=2.000000 -> cannot exceed 0.
[1633.647s] PRUNE: margin=-10.000000, optimistic_rem(widened)=2.000000 -> cannot exceed 0.
[1651.351s] PRUNE: margin=-8.000000, optimistic_rem(widened)=0.000000 -> cannot exceed 0.
[1664.620s] PRUNE: margin=-8.000000, optimistic_rem(widened)=8.000000 -> cannot exceed 0.
[1673.465s] PRUNE: margin=-8.000000, optimistic_rem(widened)=0.000000 -> cannot exceed 0.
[1682.311s] PRUNE: margin=-10.000000, optimistic_rem(widened)=0.000000 -> cannot exceed 0.
[1691.155s] PRUNE: margin=-10.000000, optimistic_rem(widened)=0.000000 -> cannot exceed 0.
[1700.003s] PRUNE: margin=-10.000000, optimistic_rem(widened)=0.000000 -> cannot exceed 0.
[1708.849s] PRUNE: margin=-10.000000, optimistic_rem(widened)=0.000000 -> cannot exceed 0.
[1726.540s] PRUNE: margin=-8.000000, optimistic_rem(widened)=0.000000 -> cannot exceed 0.
[1735.387s] PRUNE: margin=-10.000000, optimistic_rem(widened)=0.000000 -> cannot exceed 0.
[1744.229s] PRUNE: margin=-10.000000, optimistic_rem(widened)=0.000000 -> cannot exceed 0.
[1753.073s] PRUNE: margin=-10.000000, optimistic_rem(widened)=0.000000 -> cannot exceed 0.
[1761.919s] PRUNE: margin=-10.000000, optimistic_rem(widened)=0.000000 -> cannot exceed 0.
[1775.193s] PRUNE: margin=-10.000000, optimistic_rem(widened)=2.000000 -> cannot exceed 0.
[1784.044s] PRUNE: margin=-10.000000, optimistic_rem(widened)=2.000000 -> cannot exceed 0.
[1792.894s] PRUNE: margin=-10.000000, optimistic_rem(widened)=2.000000 -> cannot exceed 0.
[1801.743s] PRUNE: margin=-10.000000, optimistic_rem(widened)=2.000000 -> cannot exceed 0.
[1810.595s] PRUNE: margin=-10.000000, optimistic_rem(widened)=2.000000 -> cannot exceed 0.
[1828.303s] PRUNE: margin=-8.000000, optimistic_rem(widened)=0.000000 -> cannot exceed 0.
[1841.574s] PRUNE: margin=-8.000000, optimistic_rem(widened)=0.000000 -> cannot exceed 0.
[1850.422s] PRUNE: margin=-10.000000, optimistic_rem(widened)=0.000000 -> cannot exceed 0.
[1859.268s] PRUNE: margin=-10.000000, optimistic_rem(widened)=0.000000 -> cannot exceed 0.
[1868.115s] PRUNE: margin=-10.000000, optimistic_rem(widened)=0.000000 -> cannot exceed 0.
[1876.960s] PRUNE: margin=-10.000000, optimistic_rem(widened)=0.000000 -> cannot exceed 0.
[1890.230s] PRUNE: margin=-10.000000, optimistic_rem(widened)=2.000000 -> cannot exceed 0.
[1899.078s] PRUNE: margin=-10.000000, optimistic_rem(widened)=2.000000 -> cannot exceed 0.
[1907.927s] PRUNE: margin=-10.000000, optimistic_rem(widened)=2.000000 -> cannot exceed 0.
[1916.776s] PRUNE: margin=-10.000000, optimistic_rem(widened)=2.000000 -> cannot exceed 0.
[1925.624s] PRUNE: margin=-10.000000, optimistic_rem(widened)=2.000000 -> cannot exceed 0.
[1943.324s] PRUNE: margin=-8.000000, optimistic_rem(widened)=0.000000 -> cannot exceed 0.
[1952.173s] PRUNE: margin=-8.000000, optimistic_rem(widened)=0.000000 -> cannot exceed 0.
[1961.022s] PRUNE: margin=-8.000000, optimistic_rem(widened)=8.000000 -> cannot exceed 0.
[1969.869s] PRUNE: margin=-10.000000, optimistic_rem(widened)=2.000000 -> cannot exceed 0.
[1978.715s] PRUNE: margin=-10.000000, optimistic_rem(widened)=2.000000 -> cannot exceed 0.
[1987.561s] PRUNE: margin=-10.000000, optimistic_rem(widened)=2.000000 -> cannot exceed 0.
[2000.840s] PRUNE: margin=-10.000000, optimistic_rem(widened)=4.000000 -> cannot exceed 0.
[2009.692s] PRUNE: margin=-10.000000, optimistic_rem(widened)=4.000000 -> cannot exceed 0.
[2018.545s] PRUNE: margin=-10.000000, optimistic_rem(widened)=4.000000 -> cannot exceed 0.
[2027.399s] PRUNE: margin=-10.000000, optimistic_rem(widened)=4.000000 -> cannot exceed 0.
[2036.251s] PRUNE: margin=-10.000000, optimistic_rem(widened)=4.000000 -> cannot exceed 0.
[2045.104s] PRUNE: margin=-10.000000, optimistic_rem(widened)=4.000000 -> cannot exceed 0.
[2062.808s] PRUNE: margin=-8.000000, optimistic_rem(widened)=0.000000 -> cannot exceed 0.
[2080.512s] PRUNE: margin=-8.000000, optimistic_rem(widened)=8.000000 -> cannot exceed 0.
[2089.366s] PRUNE: margin=-8.000000, optimistic_rem(widened)=0.000000 -> cannot exceed 0.
[2098.220s] PRUNE: margin=-8.000000, optimistic_rem(widened)=0.000000 -> cannot exceed 0.
[2107.084s] PRUNE: margin=-10.000000, optimistic_rem(widened)=0.000000 -> cannot exceed 0.
[2115.945s] PRUNE: margin=-10.000000, optimistic_rem(widened)=0.000000 -> cannot exceed 0.
[2124.801s] PRUNE: margin=-10.000000, optimistic_rem(widened)=0.000000 -> cannot exceed 0.
[2142.515s] PRUNE: margin=-8.000000, optimistic_rem(widened)=0.000000 -> cannot exceed 0.
[2151.368s] PRUNE: margin=-8.000000, optimistic_rem(widened)=0.000000 -> cannot exceed 0.
[2160.222s] PRUNE: margin=-10.000000, optimistic_rem(widened)=0.000000 -> cannot exceed 0.
[2169.074s] PRUNE: margin=-10.000000, optimistic_rem(widened)=0.000000 -> cannot exceed 0.
[2177.927s] PRUNE: margin=-10.000000, optimistic_rem(widened)=0.000000 -> cannot exceed 0.
[2191.210s] PRUNE: margin=-10.000000, optimistic_rem(widened)=2.000000 -> cannot exceed 0.
[2200.069s] PRUNE: margin=-10.000000, optimistic_rem(widened)=2.000000 -> cannot exceed 0.
[2208.927s] PRUNE: margin=-10.000000, optimistic_rem(widened)=2.000000 -> cannot exceed 0.
[2217.783s] PRUNE: margin=-10.000000, optimistic_rem(widened)=2.000000 -> cannot exceed 0.
[2226.639s] PRUNE: margin=-10.000000, optimistic_rem(widened)=2.000000 -> cannot exceed 0.
[2244.361s] PRUNE: margin=-8.000000, optimistic_rem(widened)=0.000000 -> cannot exceed 0.
[2257.641s] PRUNE: margin=-10.000000, optimistic_rem(widened)=0.000000 -> cannot exceed 0.
[2266.493s] PRUNE: margin=-10.000000, optimistic_rem(widened)=0.000000 -> cannot exceed 0.
[2275.348s] PRUNE: margin=-10.000000, optimistic_rem(widened)=0.000000 -> cannot exceed 0.
[2283.251s] PRUNE: margin=-10.000000, optimistic_rem(widened)=0.000000 -> cannot exceed 0.
[2296.516s] PRUNE: margin=-10.000000, optimistic_rem(widened)=2.000000 -> cannot exceed 0.
[2305.359s] PRUNE: margin=-10.000000, optimistic_rem(widened)=2.000000 -> cannot exceed 0.
[2314.215s] PRUNE: margin=-10.000000, optimistic_rem(widened)=2.000000 -> cannot exceed 0.
[2323.059s] PRUNE: margin=-10.000000, optimistic_rem(widened)=2.000000 -> cannot exceed 0.
[2340.750s] PRUNE: margin=-8.000000, optimistic_rem(widened)=0.000000 -> cannot exceed 0.
[2349.593s] PRUNE: margin=-10.000000, optimistic_rem(widened)=2.000000 -> cannot exceed 0.
[2356.491s] PRUNE: margin=-10.000000, optimistic_rem(widened)=2.000000 -> cannot exceed 0.
[2365.038s] PRUNE: margin=-10.000000, optimistic_rem(widened)=2.000000 -> cannot exceed 0.
[2370.369s] PRUNE: margin=-10.000000, optimistic_rem(widened)=2.000000 -> cannot exceed 0.
[2379.852s] PRUNE: margin=-10.000000, optimistic_rem(widened)=4.000000 -> cannot exceed 0.
[2388.704s] PRUNE: margin=-10.000000, optimistic_rem(widened)=4.000000 -> cannot exceed 0.
[2397.550s] PRUNE: margin=-10.000000, optimistic_rem(widened)=4.000000 -> cannot exceed 0.
[2406.396s] PRUNE: margin=-10.000000, optimistic_rem(widened)=4.000000 -> cannot exceed 0.
[2415.244s] PRUNE: margin=-10.000000, optimistic_rem(widened)=4.000000 -> cannot exceed 0.
[2432.935s] PRUNE: margin=-8.000000, optimistic_rem(widened)=0.000000 -> cannot exceed 0.
[2446.200s] PRUNE: margin=-8.000000, optimistic_rem(widened)=8.000000 -> cannot exceed 0.
[2455.044s] PRUNE: margin=-8.000000, optimistic_rem(widened)=0.000000 -> cannot exceed 0.
[2463.891s] PRUNE: margin=-10.000000, optimistic_rem(widened)=2.000000 -> cannot exceed 0.
[2472.742s] PRUNE: margin=-10.000000, optimistic_rem(widened)=2.000000 -> cannot exceed 0.
[2481.593s] PRUNE: margin=-10.000000, optimistic_rem(widened)=2.000000 -> cannot exceed 0.
[2490.444s] PRUNE: margin=-10.000000, optimistic_rem(widened)=2.000000 -> cannot exceed 0.
[2508.146s] PRUNE: margin=-8.000000, optimistic_rem(widened)=0.000000 -> cannot exceed 0.
[2516.995s] PRUNE: margin=-10.000000, optimistic_rem(widened)=2.000000 -> cannot exceed 0.
[2525.844s] PRUNE: margin=-10.000000, optimistic_rem(widened)=2.000000 -> cannot exceed 0.
[2534.693s] PRUNE: margin=-10.000000, optimistic_rem(widened)=2.000000 -> cannot exceed 0.
[2543.542s] PRUNE: margin=-10.000000, optimistic_rem(widened)=2.000000 -> cannot exceed 0.
[2556.819s] PRUNE: margin=-10.000000, optimistic_rem(widened)=4.000000 -> cannot exceed 0.
[2565.671s] PRUNE: margin=-10.000000, optimistic_rem(widened)=4.000000 -> cannot exceed 0.
[2574.523s] PRUNE: margin=-10.000000, optimistic_rem(widened)=4.000000 -> cannot exceed 0.
[2583.376s] PRUNE: margin=-10.000000, optimistic_rem(widened)=4.000000 -> cannot exceed 0.
[2592.140s] PRUNE: margin=-10.000000, optimistic_rem(widened)=4.000000 -> cannot exceed 0.
[2603.280s] PRUNE: margin=-8.000000, optimistic_rem(widened)=0.000000 -> cannot exceed 0.
[2612.846s] PRUNE: margin=-8.000000, optimistic_rem(widened)=0.000000 -> cannot exceed 0.
[2620.239s] PRUNE: margin=-10.000000, optimistic_rem(widened)=2.000000 -> cannot exceed 0.
[2628.418s] PRUNE: margin=-10.000000, optimistic_rem(widened)=2.000000 -> cannot exceed 0.
[2637.263s] PRUNE: margin=-10.000000, optimistic_rem(widened)=2.000000 -> cannot exceed 0.
[2646.108s] PRUNE: margin=-10.000000, optimistic_rem(widened)=2.000000 -> cannot exceed 0.
[2659.379s] PRUNE: margin=-10.000000, optimistic_rem(widened)=4.000000 -> cannot exceed 0.
[2668.227s] PRUNE: margin=-10.000000, optimistic_rem(widened)=4.000000 -> cannot exceed 0.
[2677.075s] PRUNE: margin=-10.000000, optimistic_rem(widened)=4.000000 -> cannot exceed 0.
[2685.924s] PRUNE: margin=-10.000000, optimistic_rem(widened)=4.000000 -> cannot exceed 0.
[2694.774s] PRUNE: margin=-10.000000, optimistic_rem(widened)=4.000000 -> cannot exceed 0.
[2712.470s] PRUNE: margin=-8.000000, optimistic_rem(widened)=0.000000 -> cannot exceed 0.
[2721.317s] PRUNE: margin=-8.000000, optimistic_rem(widened)=0.000000 -> cannot exceed 0.
[2734.587s] PRUNE: margin=-8.000000, optimistic_rem(widened)=0.000000 -> cannot exceed 0.
[2743.434s] PRUNE: margin=-8.000000, optimistic_rem(widened)=0.000000 -> cannot exceed 0.
[2752.282s] PRUNE: margin=-8.000000, optimistic_rem(widened)=8.000000 -> cannot exceed 0.
[2765.551s] PRUNE: margin=-10.000000, optimistic_rem(widened)=4.000000 -> cannot exceed 0.
[2774.397s] PRUNE: margin=-10.000000, optimistic_rem(widened)=4.000000 -> cannot exceed 0.
[2783.244s] PRUNE: margin=-10.000000, optimistic_rem(widened)=4.000000 -> cannot exceed 0.
[2809.793s] PRUNE: margin=-8.000000, optimistic_rem(widened)=8.000000 -> cannot exceed 0.
[2818.642s] PRUNE: margin=-10.000000, optimistic_rem(widened)=10.000000 -> cannot exceed 0.
[2827.491s] PRUNE: margin=-10.000000, optimistic_rem(widened)=10.000000 -> cannot exceed 0.
[2845.191s] PRUNE: margin=-8.000000, optimistic_rem(widened)=8.000000 -> cannot exceed 0.
[2854.041s] PRUNE: margin=-10.000000, optimistic_rem(widened)=10.000000 -> cannot exceed 0.
[2871.739s] PRUNE: margin=-8.000000, optimistic_rem(widened)=8.000000 -> cannot exceed 0.
[2902.713s] PRUNE: margin=-8.000000, optimistic_rem(widened)=8.000000 -> cannot exceed 0.
[2915.426s] PRUNE: margin=-10.000000, optimistic_rem(widened)=10.000000 -> cannot exceed 0.
[2936.922s] PRUNE: margin=-8.000000, optimistic_rem(widened)=8.000000 -> cannot exceed 0.
[2963.483s] PRUNE: margin=-8.000000, optimistic_rem(widened)=8.000000 -> cannot exceed 0.
[2994.475s] PRUNE: margin=-8.000000, optimistic_rem(widened)=8.000000 -> cannot exceed 0.
[3012.181s] PRUNE: margin=-10.000000, optimistic_rem(widened)=10.000000 -> cannot exceed 0.
[3074.158s] PRUNE: margin=-8.000000, optimistic_rem(widened)=8.000000 -> cannot exceed 0.
[3118.434s] PRUNE: margin=-8.000000, optimistic_rem(widened)=8.000000 -> cannot exceed 0.
[3144.995s] PRUNE: margin=-8.000000, optimistic_rem(widened)=8.000000 -> cannot exceed 0.
[3162.699s] No counterexample within budgets (BaB): no misclassification found.
STATUS: No counterexample | best_upper_margin=14.000000 | elapsed=3162.699s | pixels_changed=0 | total_bit_flips=0 | avg_hamming_per_pixel=0.000000 | patch_rows=8-9 | patch_cols=17-17 | note=no_counterexample_within_budgets
