[  0.000s] init: idx=2598 kmax=2 bmax=4 topx=2 widen=1.000 rank_fast=off
clean logits (hex):  0x81  0x82  0x82  0x82  0x82  0x82  0x82  0x82  0x82  0x82
clean logits (bits): 10000001 10000010 10000010 10000010 10000010 10000010 10000010 10000010 10000010 10000010
clean logits (double): -64.000000 -32.000000 -32.000000 -32.000000 -32.000000 -32.000000 -32.000000 -32.000000 -32.000000 -32.000000
[  0.016s] clean prediction: 1 (true label 8)
[ 12.757s] heuristic ROI: 2x2 block at rows 10-11, cols 17-18
[ 21.319s] selection: nSym=2 (from 4), topx=2, rank_fast=off
[ 21.319s] active patch: rows 10-11, cols 17-18 (derived from symPix)
[ 23.971s] Greedy BYTE warm start: SAT (K=1,B=4).
clean logits (hex):  0x81  0x82  0x82  0x82  0x82  0x82  0x82  0x82  0x82  0x82
clean logits (bits): 10000001 10000010 10000010 10000010 10000010 10000010 10000010 10000010 10000010 10000010
clean logits (double): -64.000000 -32.000000 -32.000000 -32.000000 -32.000000 -32.000000 -32.000000 -32.000000 -32.000000 -32.000000
post-perturb logits (hex):  0x81  0x81  0x81  0x81  0x81  0x81  0x81  0x81  0x82  0x81
post-perturb logits (bits): 10000001 10000001 10000001 10000001 10000001 10000001 10000001 10000001 10000010 10000001
post-perturb logits (double): -64.000000 -64.000000 -64.000000 -64.000000 -64.000000 -64.000000 -64.000000 -64.000000 -32.000000 -64.000000
changes: 1 bytes, 4 bit flips
  idx  pix  row col    old_hex        old_bits     old_double     new_hex        new_bits     new_double  ham
    0  325   11  17    0xa5        10100101   +0.294118     0x00        00000000   -1.000000    4
new prediction: 8 (clean ref 1, true 8)
----- REPLAY FORWARD PASS (stage-2) -----
replay logits (hex):  0x81  0x81  0x81  0x81  0x81  0x81  0x81  0x81  0x82  0x81
replay logits (bits): 10000001 10000001 10000001 10000001 10000001 10000001 10000001 10000001 10000010 10000001
replay logits (double): -64.000000 -64.000000 -64.000000 -64.000000 -64.000000 -64.000000 -64.000000 -64.000000 -32.000000 -64.000000
[ 23.980s] replay prediction: 8 (clean ref 1, true label 8) | note=witness_found_greedy_byte
----- END REPLAY -----
STATUS: Counterexample | best_upper_margin=-1000000000000000052504760255204420248704468581108159154915854115511802457988908195786371375080447864043704443832883878176942523235360430575644792184786706982848387200926575803737830233794788090059368953234970799945081119038967640880074652742780142494579258788820056842838115669472196386865459400540160.000000 | elapsed=23.980s | pixels_changed=1 | total_bit_flips=4 | avg_hamming_per_pixel=4.000000 | patch_rows=10-11 | patch_cols=17-18 | note=witness_found_greedy_byte
