[  0.000s] init: idx=5112 kmax=2 bmax=4 topx=2 widen=1.000 rank_fast=off
clean logits (hex):  0x82  0x85  0x82  0x81  0x82  0x82  0x82  0x82  0x82  0x82
clean logits (bits): 10000010 10000101 10000010 10000001 10000010 10000010 10000010 10000010 10000010 10000010
clean logits (double): -32.000000 -14.000000 -32.000000 -64.000000 -32.000000 -32.000000 -32.000000 -32.000000 -32.000000 -32.000000
[  0.015s] clean prediction: 1 (true label 1)
[ 11.137s] heuristic ROI: 2x2 block at rows 5-6, cols 24-25
[ 19.006s] selection: nSym=2 (from 4), topx=2, rank_fast=off
[ 19.006s] active patch: rows 5-5, cols 24-25 (derived from symPix)
[ 25.407s] Proceeding to BaB (greedy enabled).
[ 25.407s] Skipping root bound check (--no-root-bound).
[ 25.407s] BaB search starting (K<=2, B<=4, nSym=2, depth_limit=500000000, widen=1.00)...
[278.172s] PRUNE: margin=-18.000000, optimistic_rem(widened)=0.000000 -> cannot exceed 0.
[284.455s] PRUNE: margin=-18.000000, optimistic_rem(widened)=0.000000 -> cannot exceed 0.
[292.044s] PRUNE: margin=-18.000000, optimistic_rem(widened)=0.000000 -> cannot exceed 0.
[299.930s] PRUNE: margin=-18.000000, optimistic_rem(widened)=0.000000 -> cannot exceed 0.
[307.814s] PRUNE: margin=-20.000000, optimistic_rem(widened)=0.000000 -> cannot exceed 0.
[315.704s] PRUNE: margin=-20.000000, optimistic_rem(widened)=0.000000 -> cannot exceed 0.
[323.592s] PRUNE: margin=-20.000000, optimistic_rem(widened)=0.000000 -> cannot exceed 0.
[331.481s] PRUNE: margin=-20.000000, optimistic_rem(widened)=0.000000 -> cannot exceed 0.
[524.926s] PRUNE: margin=-18.000000, optimistic_rem(widened)=0.000000 -> cannot exceed 0.
[532.832s] PRUNE: margin=-18.000000, optimistic_rem(widened)=0.000000 -> cannot exceed 0.
[540.719s] PRUNE: margin=-18.000000, optimistic_rem(widened)=0.000000 -> cannot exceed 0.
[548.604s] PRUNE: margin=-18.000000, optimistic_rem(widened)=0.000000 -> cannot exceed 0.
[556.498s] PRUNE: margin=-20.000000, optimistic_rem(widened)=0.000000 -> cannot exceed 0.
[564.392s] PRUNE: margin=-20.000000, optimistic_rem(widened)=0.000000 -> cannot exceed 0.
[572.284s] PRUNE: margin=-20.000000, optimistic_rem(widened)=0.000000 -> cannot exceed 0.
[580.176s] PRUNE: margin=-20.000000, optimistic_rem(widened)=0.000000 -> cannot exceed 0.
[723.117s] PRUNE: margin=-20.000000, optimistic_rem(widened)=0.000000 -> cannot exceed 0.
[731.004s] PRUNE: margin=-20.000000, optimistic_rem(widened)=0.000000 -> cannot exceed 0.
[738.892s] PRUNE: margin=-20.000000, optimistic_rem(widened)=0.000000 -> cannot exceed 0.
[746.782s] PRUNE: margin=-20.000000, optimistic_rem(widened)=0.000000 -> cannot exceed 0.
[754.670s] PRUNE: margin=-20.000000, optimistic_rem(widened)=0.000000 -> cannot exceed 0.
[762.559s] PRUNE: margin=-20.000000, optimistic_rem(widened)=0.000000 -> cannot exceed 0.
[770.446s] PRUNE: margin=-20.000000, optimistic_rem(widened)=0.000000 -> cannot exceed 0.
[778.334s] PRUNE: margin=-20.000000, optimistic_rem(widened)=0.000000 -> cannot exceed 0.
[876.413s] PRUNE: margin=-20.000000, optimistic_rem(widened)=0.000000 -> cannot exceed 0.
[884.377s] PRUNE: margin=-20.000000, optimistic_rem(widened)=0.000000 -> cannot exceed 0.
[892.305s] PRUNE: margin=-20.000000, optimistic_rem(widened)=0.000000 -> cannot exceed 0.
[900.242s] PRUNE: margin=-20.000000, optimistic_rem(widened)=0.000000 -> cannot exceed 0.
[908.136s] PRUNE: margin=-20.000000, optimistic_rem(widened)=0.000000 -> cannot exceed 0.
[914.157s] PRUNE: margin=-20.000000, optimistic_rem(widened)=0.000000 -> cannot exceed 0.
[920.637s] PRUNE: margin=-20.000000, optimistic_rem(widened)=0.000000 -> cannot exceed 0.
[928.534s] PRUNE: margin=-20.000000, optimistic_rem(widened)=0.000000 -> cannot exceed 0.
[944.308s] PRUNE: margin=-12.000000, optimistic_rem(widened)=0.000000 -> cannot exceed 0.
[952.202s] PRUNE: margin=-20.000000, optimistic_rem(widened)=0.000000 -> cannot exceed 0.
[960.091s] PRUNE: margin=-20.000000, optimistic_rem(widened)=0.000000 -> cannot exceed 0.
[967.980s] PRUNE: margin=-20.000000, optimistic_rem(widened)=0.000000 -> cannot exceed 0.
[975.870s] PRUNE: margin=-20.000000, optimistic_rem(widened)=0.000000 -> cannot exceed 0.
[983.761s] PRUNE: margin=-20.000000, optimistic_rem(widened)=0.000000 -> cannot exceed 0.
[991.499s] PRUNE: margin=-20.000000, optimistic_rem(widened)=0.000000 -> cannot exceed 0.
[998.552s] PRUNE: margin=-20.000000, optimistic_rem(widened)=0.000000 -> cannot exceed 0.
[1006.438s] PRUNE: margin=-20.000000, optimistic_rem(widened)=0.000000 -> cannot exceed 0.
[1022.221s] PRUNE: margin=-12.000000, optimistic_rem(widened)=0.000000 -> cannot exceed 0.
[1030.117s] PRUNE: margin=-20.000000, optimistic_rem(widened)=0.000000 -> cannot exceed 0.
[1038.012s] PRUNE: margin=-20.000000, optimistic_rem(widened)=0.000000 -> cannot exceed 0.
[1045.191s] PRUNE: margin=-20.000000, optimistic_rem(widened)=0.000000 -> cannot exceed 0.
[1050.072s] PRUNE: margin=-20.000000, optimistic_rem(widened)=0.000000 -> cannot exceed 0.
[1057.442s] PRUNE: margin=-20.000000, optimistic_rem(widened)=0.000000 -> cannot exceed 0.
[1062.802s] PRUNE: margin=-20.000000, optimistic_rem(widened)=0.000000 -> cannot exceed 0.
[1069.919s] PRUNE: margin=-20.000000, optimistic_rem(widened)=0.000000 -> cannot exceed 0.
[1082.030s] PRUNE: margin=-18.000000, optimistic_rem(widened)=0.000000 -> cannot exceed 0.
[1087.974s] PRUNE: margin=-18.000000, optimistic_rem(widened)=0.000000 -> cannot exceed 0.
[1093.491s] PRUNE: margin=-18.000000, optimistic_rem(widened)=0.000000 -> cannot exceed 0.
[1098.768s] PRUNE: margin=-18.000000, optimistic_rem(widened)=0.000000 -> cannot exceed 0.
[1104.807s] PRUNE: margin=-20.000000, optimistic_rem(widened)=2.000000 -> cannot exceed 0.
[1110.401s] PRUNE: margin=-20.000000, optimistic_rem(widened)=2.000000 -> cannot exceed 0.
[1121.286s] PRUNE: margin=-12.000000, optimistic_rem(widened)=0.000000 -> cannot exceed 0.
[1324.268s] PRUNE: margin=-20.000000, optimistic_rem(widened)=0.000000 -> cannot exceed 0.
[1332.155s] PRUNE: margin=-20.000000, optimistic_rem(widened)=0.000000 -> cannot exceed 0.
[1340.043s] PRUNE: margin=-20.000000, optimistic_rem(widened)=0.000000 -> cannot exceed 0.
[1347.938s] PRUNE: margin=-20.000000, optimistic_rem(widened)=0.000000 -> cannot exceed 0.
[1355.831s] PRUNE: margin=-20.000000, optimistic_rem(widened)=0.000000 -> cannot exceed 0.
[1362.771s] PRUNE: margin=-20.000000, optimistic_rem(widened)=0.000000 -> cannot exceed 0.
[1367.934s] PRUNE: margin=-20.000000, optimistic_rem(widened)=0.000000 -> cannot exceed 0.
[1373.025s] PRUNE: margin=-20.000000, optimistic_rem(widened)=0.000000 -> cannot exceed 0.
[1503.440s] PRUNE: margin=-20.000000, optimistic_rem(widened)=0.000000 -> cannot exceed 0.
[1511.331s] PRUNE: margin=-20.000000, optimistic_rem(widened)=0.000000 -> cannot exceed 0.
[1519.222s] PRUNE: margin=-20.000000, optimistic_rem(widened)=0.000000 -> cannot exceed 0.
[1525.883s] PRUNE: margin=-20.000000, optimistic_rem(widened)=0.000000 -> cannot exceed 0.
[1533.245s] PRUNE: margin=-20.000000, optimistic_rem(widened)=0.000000 -> cannot exceed 0.
[1541.160s] PRUNE: margin=-20.000000, optimistic_rem(widened)=0.000000 -> cannot exceed 0.
[1549.048s] PRUNE: margin=-20.000000, optimistic_rem(widened)=0.000000 -> cannot exceed 0.
[1556.936s] PRUNE: margin=-20.000000, optimistic_rem(widened)=0.000000 -> cannot exceed 0.
[1654.505s] PRUNE: margin=-20.000000, optimistic_rem(widened)=0.000000 -> cannot exceed 0.
[1662.391s] PRUNE: margin=-20.000000, optimistic_rem(widened)=0.000000 -> cannot exceed 0.
[1670.284s] PRUNE: margin=-20.000000, optimistic_rem(widened)=0.000000 -> cannot exceed 0.
[1678.171s] PRUNE: margin=-20.000000, optimistic_rem(widened)=0.000000 -> cannot exceed 0.
[1686.058s] PRUNE: margin=-20.000000, optimistic_rem(widened)=0.000000 -> cannot exceed 0.
[1693.944s] PRUNE: margin=-20.000000, optimistic_rem(widened)=0.000000 -> cannot exceed 0.
[1701.830s] PRUNE: margin=-20.000000, optimistic_rem(widened)=0.000000 -> cannot exceed 0.
[1709.715s] PRUNE: margin=-20.000000, optimistic_rem(widened)=0.000000 -> cannot exceed 0.
[1725.488s] PRUNE: margin=-12.000000, optimistic_rem(widened)=0.000000 -> cannot exceed 0.
[1733.374s] PRUNE: margin=-20.000000, optimistic_rem(widened)=0.000000 -> cannot exceed 0.
[1740.857s] PRUNE: margin=-20.000000, optimistic_rem(widened)=0.000000 -> cannot exceed 0.
[1748.741s] PRUNE: margin=-20.000000, optimistic_rem(widened)=0.000000 -> cannot exceed 0.
[1756.630s] PRUNE: margin=-20.000000, optimistic_rem(widened)=0.000000 -> cannot exceed 0.
[1764.516s] PRUNE: margin=-20.000000, optimistic_rem(widened)=0.000000 -> cannot exceed 0.
[1772.400s] PRUNE: margin=-20.000000, optimistic_rem(widened)=0.000000 -> cannot exceed 0.
[1780.283s] PRUNE: margin=-20.000000, optimistic_rem(widened)=0.000000 -> cannot exceed 0.
[1788.167s] PRUNE: margin=-20.000000, optimistic_rem(widened)=0.000000 -> cannot exceed 0.
[1803.942s] PRUNE: margin=-12.000000, optimistic_rem(widened)=0.000000 -> cannot exceed 0.
[1811.831s] PRUNE: margin=-20.000000, optimistic_rem(widened)=0.000000 -> cannot exceed 0.
[1819.722s] PRUNE: margin=-20.000000, optimistic_rem(widened)=0.000000 -> cannot exceed 0.
[1827.612s] PRUNE: margin=-20.000000, optimistic_rem(widened)=0.000000 -> cannot exceed 0.
[1835.504s] PRUNE: margin=-20.000000, optimistic_rem(widened)=0.000000 -> cannot exceed 0.
[1843.394s] PRUNE: margin=-20.000000, optimistic_rem(widened)=0.000000 -> cannot exceed 0.
[1849.765s] PRUNE: margin=-20.000000, optimistic_rem(widened)=0.000000 -> cannot exceed 0.
[1857.326s] PRUNE: margin=-20.000000, optimistic_rem(widened)=0.000000 -> cannot exceed 0.
[1869.175s] PRUNE: margin=-18.000000, optimistic_rem(widened)=0.000000 -> cannot exceed 0.
[1876.601s] PRUNE: margin=-18.000000, optimistic_rem(widened)=0.000000 -> cannot exceed 0.
[1881.743s] PRUNE: margin=-18.000000, optimistic_rem(widened)=0.000000 -> cannot exceed 0.
[1886.677s] PRUNE: margin=-18.000000, optimistic_rem(widened)=0.000000 -> cannot exceed 0.
[1891.679s] PRUNE: margin=-20.000000, optimistic_rem(widened)=2.000000 -> cannot exceed 0.
[1896.526s] PRUNE: margin=-20.000000, optimistic_rem(widened)=2.000000 -> cannot exceed 0.
[1904.591s] PRUNE: margin=-12.000000, optimistic_rem(widened)=0.000000 -> cannot exceed 0.
[2061.043s] PRUNE: margin=-20.000000, optimistic_rem(widened)=0.000000 -> cannot exceed 0.
[2068.934s] PRUNE: margin=-20.000000, optimistic_rem(widened)=0.000000 -> cannot exceed 0.
[2076.826s] PRUNE: margin=-20.000000, optimistic_rem(widened)=0.000000 -> cannot exceed 0.
[2084.716s] PRUNE: margin=-20.000000, optimistic_rem(widened)=0.000000 -> cannot exceed 0.
[2092.277s] PRUNE: margin=-20.000000, optimistic_rem(widened)=0.000000 -> cannot exceed 0.
[2100.169s] PRUNE: margin=-20.000000, optimistic_rem(widened)=0.000000 -> cannot exceed 0.
[2108.065s] PRUNE: margin=-20.000000, optimistic_rem(widened)=0.000000 -> cannot exceed 0.
[2115.955s] PRUNE: margin=-20.000000, optimistic_rem(widened)=0.000000 -> cannot exceed 0.
[2209.057s] PRUNE: margin=-20.000000, optimistic_rem(widened)=0.000000 -> cannot exceed 0.
[2216.828s] PRUNE: margin=-20.000000, optimistic_rem(widened)=0.000000 -> cannot exceed 0.
[2224.720s] PRUNE: margin=-20.000000, optimistic_rem(widened)=0.000000 -> cannot exceed 0.
[2232.619s] PRUNE: margin=-20.000000, optimistic_rem(widened)=0.000000 -> cannot exceed 0.
[2240.521s] PRUNE: margin=-20.000000, optimistic_rem(widened)=0.000000 -> cannot exceed 0.
[2247.987s] PRUNE: margin=-20.000000, optimistic_rem(widened)=0.000000 -> cannot exceed 0.
[2255.883s] PRUNE: margin=-20.000000, optimistic_rem(widened)=0.000000 -> cannot exceed 0.
[2263.776s] PRUNE: margin=-20.000000, optimistic_rem(widened)=0.000000 -> cannot exceed 0.
[2279.096s] PRUNE: margin=-12.000000, optimistic_rem(widened)=0.000000 -> cannot exceed 0.
[2286.987s] PRUNE: margin=-20.000000, optimistic_rem(widened)=0.000000 -> cannot exceed 0.
[2294.880s] PRUNE: margin=-20.000000, optimistic_rem(widened)=0.000000 -> cannot exceed 0.
[2302.778s] PRUNE: margin=-20.000000, optimistic_rem(widened)=0.000000 -> cannot exceed 0.
[2310.670s] PRUNE: margin=-20.000000, optimistic_rem(widened)=0.000000 -> cannot exceed 0.
[2318.409s] PRUNE: margin=-20.000000, optimistic_rem(widened)=0.000000 -> cannot exceed 0.
[2325.755s] PRUNE: margin=-20.000000, optimistic_rem(widened)=0.000000 -> cannot exceed 0.
[2332.394s] PRUNE: margin=-20.000000, optimistic_rem(widened)=0.000000 -> cannot exceed 0.
[2339.738s] PRUNE: margin=-20.000000, optimistic_rem(widened)=0.000000 -> cannot exceed 0.
[2355.200s] PRUNE: margin=-12.000000, optimistic_rem(widened)=0.000000 -> cannot exceed 0.
[2361.223s] PRUNE: margin=-20.000000, optimistic_rem(widened)=0.000000 -> cannot exceed 0.
[2369.111s] PRUNE: margin=-20.000000, optimistic_rem(widened)=0.000000 -> cannot exceed 0.
[2377.007s] PRUNE: margin=-20.000000, optimistic_rem(widened)=0.000000 -> cannot exceed 0.
[2384.902s] PRUNE: margin=-20.000000, optimistic_rem(widened)=0.000000 -> cannot exceed 0.
[2392.798s] PRUNE: margin=-20.000000, optimistic_rem(widened)=0.000000 -> cannot exceed 0.
[2400.694s] PRUNE: margin=-20.000000, optimistic_rem(widened)=0.000000 -> cannot exceed 0.
[2408.589s] PRUNE: margin=-20.000000, optimistic_rem(widened)=0.000000 -> cannot exceed 0.
[2419.665s] PRUNE: margin=-18.000000, optimistic_rem(widened)=0.000000 -> cannot exceed 0.
[2427.561s] PRUNE: margin=-18.000000, optimistic_rem(widened)=0.000000 -> cannot exceed 0.
[2434.959s] PRUNE: margin=-18.000000, optimistic_rem(widened)=0.000000 -> cannot exceed 0.
[2442.844s] PRUNE: margin=-18.000000, optimistic_rem(widened)=0.000000 -> cannot exceed 0.
[2450.748s] PRUNE: margin=-20.000000, optimistic_rem(widened)=2.000000 -> cannot exceed 0.
[2458.635s] PRUNE: margin=-20.000000, optimistic_rem(widened)=2.000000 -> cannot exceed 0.
[2470.462s] PRUNE: margin=-12.000000, optimistic_rem(widened)=0.000000 -> cannot exceed 0.
[2502.024s] PRUNE: margin=-12.000000, optimistic_rem(widened)=0.000000 -> cannot exceed 0.
[2543.316s] PRUNE: margin=-20.000000, optimistic_rem(widened)=0.000000 -> cannot exceed 0.
[2550.728s] PRUNE: margin=-20.000000, optimistic_rem(widened)=0.000000 -> cannot exceed 0.
[2557.419s] PRUNE: margin=-20.000000, optimistic_rem(widened)=0.000000 -> cannot exceed 0.
[2565.312s] PRUNE: margin=-20.000000, optimistic_rem(widened)=0.000000 -> cannot exceed 0.
[2573.205s] PRUNE: margin=-20.000000, optimistic_rem(widened)=0.000000 -> cannot exceed 0.
[2581.098s] PRUNE: margin=-20.000000, optimistic_rem(widened)=0.000000 -> cannot exceed 0.
[2588.990s] PRUNE: margin=-20.000000, optimistic_rem(widened)=0.000000 -> cannot exceed 0.
[2596.883s] PRUNE: margin=-20.000000, optimistic_rem(widened)=0.000000 -> cannot exceed 0.
[2612.673s] PRUNE: margin=-12.000000, optimistic_rem(widened)=0.000000 -> cannot exceed 0.
[2620.566s] PRUNE: margin=-20.000000, optimistic_rem(widened)=0.000000 -> cannot exceed 0.
[2628.460s] PRUNE: margin=-20.000000, optimistic_rem(widened)=0.000000 -> cannot exceed 0.
[2636.353s] PRUNE: margin=-20.000000, optimistic_rem(widened)=0.000000 -> cannot exceed 0.
[2644.248s] PRUNE: margin=-20.000000, optimistic_rem(widened)=0.000000 -> cannot exceed 0.
[2652.136s] PRUNE: margin=-20.000000, optimistic_rem(widened)=0.000000 -> cannot exceed 0.
[2660.028s] PRUNE: margin=-20.000000, optimistic_rem(widened)=0.000000 -> cannot exceed 0.
[2667.923s] PRUNE: margin=-20.000000, optimistic_rem(widened)=0.000000 -> cannot exceed 0.
[2675.816s] PRUNE: margin=-20.000000, optimistic_rem(widened)=0.000000 -> cannot exceed 0.
[2691.605s] PRUNE: margin=-20.000000, optimistic_rem(widened)=0.000000 -> cannot exceed 0.
[2699.527s] PRUNE: margin=-20.000000, optimistic_rem(widened)=0.000000 -> cannot exceed 0.
[2707.426s] PRUNE: margin=-20.000000, optimistic_rem(widened)=0.000000 -> cannot exceed 0.
[2715.325s] PRUNE: margin=-20.000000, optimistic_rem(widened)=0.000000 -> cannot exceed 0.
[2723.263s] PRUNE: margin=-20.000000, optimistic_rem(widened)=0.000000 -> cannot exceed 0.
[2731.182s] PRUNE: margin=-20.000000, optimistic_rem(widened)=0.000000 -> cannot exceed 0.
[2739.098s] PRUNE: margin=-20.000000, optimistic_rem(widened)=0.000000 -> cannot exceed 0.
[2746.995s] PRUNE: margin=-20.000000, optimistic_rem(widened)=0.000000 -> cannot exceed 0.
[2758.605s] PRUNE: margin=-20.000000, optimistic_rem(widened)=2.000000 -> cannot exceed 0.
[2766.499s] PRUNE: margin=-20.000000, optimistic_rem(widened)=2.000000 -> cannot exceed 0.
[2774.391s] PRUNE: margin=-20.000000, optimistic_rem(widened)=2.000000 -> cannot exceed 0.
[2782.284s] PRUNE: margin=-20.000000, optimistic_rem(widened)=2.000000 -> cannot exceed 0.
[2790.176s] PRUNE: margin=-20.000000, optimistic_rem(widened)=0.000000 -> cannot exceed 0.
[2798.071s] PRUNE: margin=-20.000000, optimistic_rem(widened)=0.000000 -> cannot exceed 0.
[2809.915s] PRUNE: margin=-12.000000, optimistic_rem(widened)=0.000000 -> cannot exceed 0.
[2841.312s] PRUNE: margin=-12.000000, optimistic_rem(widened)=0.000000 -> cannot exceed 0.
[2849.199s] PRUNE: margin=-20.000000, optimistic_rem(widened)=0.000000 -> cannot exceed 0.
[2857.088s] PRUNE: margin=-20.000000, optimistic_rem(widened)=0.000000 -> cannot exceed 0.
[2864.975s] PRUNE: margin=-20.000000, optimistic_rem(widened)=0.000000 -> cannot exceed 0.
[2872.039s] PRUNE: margin=-20.000000, optimistic_rem(widened)=0.000000 -> cannot exceed 0.
[2877.487s] PRUNE: margin=-20.000000, optimistic_rem(widened)=0.000000 -> cannot exceed 0.
[2883.790s] PRUNE: margin=-20.000000, optimistic_rem(widened)=0.000000 -> cannot exceed 0.
[2891.689s] PRUNE: margin=-20.000000, optimistic_rem(widened)=0.000000 -> cannot exceed 0.
[2899.590s] PRUNE: margin=-20.000000, optimistic_rem(widened)=0.000000 -> cannot exceed 0.
[2915.386s] PRUNE: margin=-12.000000, optimistic_rem(widened)=0.000000 -> cannot exceed 0.
[2923.284s] PRUNE: margin=-20.000000, optimistic_rem(widened)=0.000000 -> cannot exceed 0.
[2931.183s] PRUNE: margin=-20.000000, optimistic_rem(widened)=0.000000 -> cannot exceed 0.
[2938.079s] PRUNE: margin=-20.000000, optimistic_rem(widened)=0.000000 -> cannot exceed 0.
[2945.736s] PRUNE: margin=-20.000000, optimistic_rem(widened)=0.000000 -> cannot exceed 0.
[2953.634s] PRUNE: margin=-20.000000, optimistic_rem(widened)=0.000000 -> cannot exceed 0.
[2961.532s] PRUNE: margin=-20.000000, optimistic_rem(widened)=0.000000 -> cannot exceed 0.
[2969.429s] PRUNE: margin=-20.000000, optimistic_rem(widened)=0.000000 -> cannot exceed 0.
[2979.992s] PRUNE: margin=-20.000000, optimistic_rem(widened)=2.000000 -> cannot exceed 0.
[2984.677s] PRUNE: margin=-20.000000, optimistic_rem(widened)=2.000000 -> cannot exceed 0.
[2992.437s] PRUNE: margin=-20.000000, optimistic_rem(widened)=2.000000 -> cannot exceed 0.
[3000.326s] PRUNE: margin=-20.000000, optimistic_rem(widened)=2.000000 -> cannot exceed 0.
[3008.214s] PRUNE: margin=-20.000000, optimistic_rem(widened)=0.000000 -> cannot exceed 0.
[3016.113s] PRUNE: margin=-20.000000, optimistic_rem(widened)=0.000000 -> cannot exceed 0.
[3027.959s] PRUNE: margin=-12.000000, optimistic_rem(widened)=0.000000 -> cannot exceed 0.
[3055.600s] PRUNE: margin=-12.000000, optimistic_rem(widened)=0.000000 -> cannot exceed 0.
[3067.444s] PRUNE: margin=-20.000000, optimistic_rem(widened)=0.000000 -> cannot exceed 0.
[3075.339s] PRUNE: margin=-20.000000, optimistic_rem(widened)=0.000000 -> cannot exceed 0.
[3083.235s] PRUNE: margin=-20.000000, optimistic_rem(widened)=0.000000 -> cannot exceed 0.
[3091.131s] PRUNE: margin=-20.000000, optimistic_rem(widened)=0.000000 -> cannot exceed 0.
[3098.886s] PRUNE: margin=-20.000000, optimistic_rem(widened)=0.000000 -> cannot exceed 0.
[3106.916s] PRUNE: margin=-20.000000, optimistic_rem(widened)=0.000000 -> cannot exceed 0.
[3113.754s] PRUNE: margin=-20.000000, optimistic_rem(widened)=0.000000 -> cannot exceed 0.
[3126.974s] PRUNE: margin=-20.000000, optimistic_rem(widened)=0.000000 -> cannot exceed 0.
[3134.861s] PRUNE: margin=-20.000000, optimistic_rem(widened)=0.000000 -> cannot exceed 0.
[3142.747s] PRUNE: margin=-20.000000, optimistic_rem(widened)=0.000000 -> cannot exceed 0.
[3150.633s] PRUNE: margin=-20.000000, optimistic_rem(widened)=0.000000 -> cannot exceed 0.
[3158.518s] PRUNE: margin=-20.000000, optimistic_rem(widened)=0.000000 -> cannot exceed 0.
[3163.726s] PRUNE: margin=-20.000000, optimistic_rem(widened)=0.000000 -> cannot exceed 0.
[3179.331s] PRUNE: margin=-20.000000, optimistic_rem(widened)=0.000000 -> cannot exceed 0.
[3187.219s] PRUNE: margin=-20.000000, optimistic_rem(widened)=0.000000 -> cannot exceed 0.
[3195.119s] PRUNE: margin=-20.000000, optimistic_rem(widened)=0.000000 -> cannot exceed 0.
[3203.015s] PRUNE: margin=-20.000000, optimistic_rem(widened)=0.000000 -> cannot exceed 0.
[3210.913s] PRUNE: margin=-20.000000, optimistic_rem(widened)=0.000000 -> cannot exceed 0.
[3226.408s] PRUNE: margin=-20.000000, optimistic_rem(widened)=0.000000 -> cannot exceed 0.
[3231.195s] PRUNE: margin=-20.000000, optimistic_rem(widened)=0.000000 -> cannot exceed 0.
[3235.913s] PRUNE: margin=-20.000000, optimistic_rem(widened)=0.000000 -> cannot exceed 0.
[3242.091s] PRUNE: margin=-20.000000, optimistic_rem(widened)=0.000000 -> cannot exceed 0.
[3255.416s] PRUNE: margin=-20.000000, optimistic_rem(widened)=0.000000 -> cannot exceed 0.
[3261.977s] PRUNE: margin=-20.000000, optimistic_rem(widened)=0.000000 -> cannot exceed 0.
[3269.873s] PRUNE: margin=-20.000000, optimistic_rem(widened)=0.000000 -> cannot exceed 0.
[3285.300s] PRUNE: margin=-20.000000, optimistic_rem(widened)=0.000000 -> cannot exceed 0.
[3293.189s] PRUNE: margin=-20.000000, optimistic_rem(widened)=0.000000 -> cannot exceed 0.
[3308.963s] PRUNE: margin=-12.000000, optimistic_rem(widened)=0.000000 -> cannot exceed 0.
[3336.529s] PRUNE: margin=-12.000000, optimistic_rem(widened)=0.000000 -> cannot exceed 0.
[3348.368s] PRUNE: margin=-20.000000, optimistic_rem(widened)=0.000000 -> cannot exceed 0.
[3355.906s] PRUNE: margin=-20.000000, optimistic_rem(widened)=0.000000 -> cannot exceed 0.
[3363.807s] PRUNE: margin=-20.000000, optimistic_rem(widened)=0.000000 -> cannot exceed 0.
[3371.706s] PRUNE: margin=-20.000000, optimistic_rem(widened)=0.000000 -> cannot exceed 0.
[3379.607s] PRUNE: margin=-20.000000, optimistic_rem(widened)=0.000000 -> cannot exceed 0.
[3387.505s] PRUNE: margin=-20.000000, optimistic_rem(widened)=0.000000 -> cannot exceed 0.
[3403.300s] PRUNE: margin=-20.000000, optimistic_rem(widened)=0.000000 -> cannot exceed 0.
[3411.196s] PRUNE: margin=-20.000000, optimistic_rem(widened)=0.000000 -> cannot exceed 0.
[3419.094s] PRUNE: margin=-20.000000, optimistic_rem(widened)=0.000000 -> cannot exceed 0.
[3427.005s] PRUNE: margin=-20.000000, optimistic_rem(widened)=0.000000 -> cannot exceed 0.
[3434.910s] PRUNE: margin=-20.000000, optimistic_rem(widened)=0.000000 -> cannot exceed 0.
[3450.708s] PRUNE: margin=-20.000000, optimistic_rem(widened)=0.000000 -> cannot exceed 0.
[3458.606s] PRUNE: margin=-20.000000, optimistic_rem(widened)=0.000000 -> cannot exceed 0.
[3465.822s] PRUNE: margin=-20.000000, optimistic_rem(widened)=0.000000 -> cannot exceed 0.
[3473.713s] PRUNE: margin=-20.000000, optimistic_rem(widened)=0.000000 -> cannot exceed 0.
[3489.502s] PRUNE: margin=-20.000000, optimistic_rem(widened)=0.000000 -> cannot exceed 0.
[3496.441s] PRUNE: margin=-20.000000, optimistic_rem(widened)=0.000000 -> cannot exceed 0.
[3503.382s] PRUNE: margin=-20.000000, optimistic_rem(widened)=0.000000 -> cannot exceed 0.
[3519.162s] PRUNE: margin=-20.000000, optimistic_rem(widened)=0.000000 -> cannot exceed 0.
[3527.051s] PRUNE: margin=-20.000000, optimistic_rem(widened)=0.000000 -> cannot exceed 0.
[3542.846s] PRUNE: margin=-20.000000, optimistic_rem(widened)=0.000000 -> cannot exceed 0.
[3562.271s] PRUNE: margin=-18.000000, optimistic_rem(widened)=0.000000 -> cannot exceed 0.
[3567.120s] PRUNE: margin=-18.000000, optimistic_rem(widened)=0.000000 -> cannot exceed 0.
[3571.900s] PRUNE: margin=-18.000000, optimistic_rem(widened)=0.000000 -> cannot exceed 0.
[3576.694s] PRUNE: margin=-18.000000, optimistic_rem(widened)=0.000000 -> cannot exceed 0.
[3582.744s] PRUNE: margin=-20.000000, optimistic_rem(widened)=2.000000 -> cannot exceed 0.
[3589.970s] PRUNE: margin=-20.000000, optimistic_rem(widened)=2.000000 -> cannot exceed 0.
[3601.689s] PRUNE: margin=-12.000000, optimistic_rem(widened)=0.000000 -> cannot exceed 0.
[3810.543s] PRUNE: margin=-20.000000, optimistic_rem(widened)=0.000000 -> cannot exceed 0.
[3818.454s] PRUNE: margin=-20.000000, optimistic_rem(widened)=0.000000 -> cannot exceed 0.
[3826.342s] PRUNE: margin=-20.000000, optimistic_rem(widened)=0.000000 -> cannot exceed 0.
[3834.249s] PRUNE: margin=-20.000000, optimistic_rem(widened)=0.000000 -> cannot exceed 0.
[3842.140s] PRUNE: margin=-20.000000, optimistic_rem(widened)=0.000000 -> cannot exceed 0.
[3850.031s] PRUNE: margin=-20.000000, optimistic_rem(widened)=0.000000 -> cannot exceed 0.
[3857.921s] PRUNE: margin=-20.000000, optimistic_rem(widened)=0.000000 -> cannot exceed 0.
[3865.810s] PRUNE: margin=-20.000000, optimistic_rem(widened)=0.000000 -> cannot exceed 0.
[4009.237s] PRUNE: margin=-20.000000, optimistic_rem(widened)=0.000000 -> cannot exceed 0.
[4017.130s] PRUNE: margin=-20.000000, optimistic_rem(widened)=0.000000 -> cannot exceed 0.
[4024.681s] PRUNE: margin=-20.000000, optimistic_rem(widened)=0.000000 -> cannot exceed 0.
[4032.575s] PRUNE: margin=-20.000000, optimistic_rem(widened)=0.000000 -> cannot exceed 0.
[4040.469s] PRUNE: margin=-20.000000, optimistic_rem(widened)=0.000000 -> cannot exceed 0.
[4047.790s] PRUNE: margin=-20.000000, optimistic_rem(widened)=0.000000 -> cannot exceed 0.
[4055.677s] PRUNE: margin=-20.000000, optimistic_rem(widened)=0.000000 -> cannot exceed 0.
[4063.571s] PRUNE: margin=-20.000000, optimistic_rem(widened)=0.000000 -> cannot exceed 0.
[4157.718s] PRUNE: margin=-20.000000, optimistic_rem(widened)=0.000000 -> cannot exceed 0.
[4162.578s] PRUNE: margin=-20.000000, optimistic_rem(widened)=0.000000 -> cannot exceed 0.
[4167.362s] PRUNE: margin=-20.000000, optimistic_rem(widened)=0.000000 -> cannot exceed 0.
[4172.804s] PRUNE: margin=-20.000000, optimistic_rem(widened)=0.000000 -> cannot exceed 0.
[4180.285s] PRUNE: margin=-20.000000, optimistic_rem(widened)=0.000000 -> cannot exceed 0.
[4188.168s] PRUNE: margin=-20.000000, optimistic_rem(widened)=0.000000 -> cannot exceed 0.
[4196.050s] PRUNE: margin=-20.000000, optimistic_rem(widened)=0.000000 -> cannot exceed 0.
[4203.935s] PRUNE: margin=-20.000000, optimistic_rem(widened)=0.000000 -> cannot exceed 0.
[4219.708s] PRUNE: margin=-12.000000, optimistic_rem(widened)=0.000000 -> cannot exceed 0.
[4227.603s] PRUNE: margin=-20.000000, optimistic_rem(widened)=0.000000 -> cannot exceed 0.
[4235.502s] PRUNE: margin=-20.000000, optimistic_rem(widened)=0.000000 -> cannot exceed 0.
[4243.401s] PRUNE: margin=-20.000000, optimistic_rem(widened)=0.000000 -> cannot exceed 0.
[4251.301s] PRUNE: margin=-20.000000, optimistic_rem(widened)=0.000000 -> cannot exceed 0.
[4259.190s] PRUNE: margin=-20.000000, optimistic_rem(widened)=0.000000 -> cannot exceed 0.
[4267.080s] PRUNE: margin=-20.000000, optimistic_rem(widened)=0.000000 -> cannot exceed 0.
[4274.967s] PRUNE: margin=-20.000000, optimistic_rem(widened)=0.000000 -> cannot exceed 0.
[4282.854s] PRUNE: margin=-20.000000, optimistic_rem(widened)=0.000000 -> cannot exceed 0.
[4296.375s] PRUNE: margin=-12.000000, optimistic_rem(widened)=0.000000 -> cannot exceed 0.
[4302.968s] PRUNE: margin=-20.000000, optimistic_rem(widened)=0.000000 -> cannot exceed 0.
[4310.865s] PRUNE: margin=-20.000000, optimistic_rem(widened)=0.000000 -> cannot exceed 0.
[4318.762s] PRUNE: margin=-20.000000, optimistic_rem(widened)=0.000000 -> cannot exceed 0.
[4326.660s] PRUNE: margin=-20.000000, optimistic_rem(widened)=0.000000 -> cannot exceed 0.
[4334.559s] PRUNE: margin=-20.000000, optimistic_rem(widened)=0.000000 -> cannot exceed 0.
[4342.463s] PRUNE: margin=-20.000000, optimistic_rem(widened)=0.000000 -> cannot exceed 0.
[4350.356s] PRUNE: margin=-20.000000, optimistic_rem(widened)=0.000000 -> cannot exceed 0.
[4362.200s] PRUNE: margin=-18.000000, optimistic_rem(widened)=0.000000 -> cannot exceed 0.
[4370.099s] PRUNE: margin=-18.000000, optimistic_rem(widened)=0.000000 -> cannot exceed 0.
[4377.995s] PRUNE: margin=-18.000000, optimistic_rem(widened)=0.000000 -> cannot exceed 0.
[4385.892s] PRUNE: margin=-18.000000, optimistic_rem(widened)=0.000000 -> cannot exceed 0.
[4393.784s] PRUNE: margin=-20.000000, optimistic_rem(widened)=2.000000 -> cannot exceed 0.
[4401.679s] PRUNE: margin=-20.000000, optimistic_rem(widened)=2.000000 -> cannot exceed 0.
[4413.519s] PRUNE: margin=-12.000000, optimistic_rem(widened)=0.000000 -> cannot exceed 0.
[4563.976s] PRUNE: margin=-20.000000, optimistic_rem(widened)=0.000000 -> cannot exceed 0.
[4571.863s] PRUNE: margin=-20.000000, optimistic_rem(widened)=0.000000 -> cannot exceed 0.
[4579.748s] PRUNE: margin=-20.000000, optimistic_rem(widened)=0.000000 -> cannot exceed 0.
[4587.637s] PRUNE: margin=-20.000000, optimistic_rem(widened)=0.000000 -> cannot exceed 0.
[4595.522s] PRUNE: margin=-20.000000, optimistic_rem(widened)=0.000000 -> cannot exceed 0.
[4603.407s] PRUNE: margin=-20.000000, optimistic_rem(widened)=0.000000 -> cannot exceed 0.
[4611.295s] PRUNE: margin=-20.000000, optimistic_rem(widened)=0.000000 -> cannot exceed 0.
[4619.181s] PRUNE: margin=-20.000000, optimistic_rem(widened)=0.000000 -> cannot exceed 0.
[4717.866s] PRUNE: margin=-20.000000, optimistic_rem(widened)=0.000000 -> cannot exceed 0.
[4725.763s] PRUNE: margin=-20.000000, optimistic_rem(widened)=0.000000 -> cannot exceed 0.
[4732.105s] PRUNE: margin=-20.000000, optimistic_rem(widened)=0.000000 -> cannot exceed 0.
[4739.948s] PRUNE: margin=-20.000000, optimistic_rem(widened)=0.000000 -> cannot exceed 0.
[4747.843s] PRUNE: margin=-20.000000, optimistic_rem(widened)=0.000000 -> cannot exceed 0.
[4755.697s] PRUNE: margin=-20.000000, optimistic_rem(widened)=0.000000 -> cannot exceed 0.
[4763.574s] PRUNE: margin=-20.000000, optimistic_rem(widened)=0.000000 -> cannot exceed 0.
[4771.468s] PRUNE: margin=-20.000000, optimistic_rem(widened)=0.000000 -> cannot exceed 0.
[4786.733s] PRUNE: margin=-12.000000, optimistic_rem(widened)=0.000000 -> cannot exceed 0.
[4794.631s] PRUNE: margin=-20.000000, optimistic_rem(widened)=0.000000 -> cannot exceed 0.
[4802.054s] PRUNE: margin=-20.000000, optimistic_rem(widened)=0.000000 -> cannot exceed 0.
[4808.194s] PRUNE: margin=-20.000000, optimistic_rem(widened)=0.000000 -> cannot exceed 0.
[4816.079s] PRUNE: margin=-20.000000, optimistic_rem(widened)=0.000000 -> cannot exceed 0.
[4823.965s] PRUNE: margin=-20.000000, optimistic_rem(widened)=0.000000 -> cannot exceed 0.
[4831.849s] PRUNE: margin=-20.000000, optimistic_rem(widened)=0.000000 -> cannot exceed 0.
[4839.735s] PRUNE: margin=-20.000000, optimistic_rem(widened)=0.000000 -> cannot exceed 0.
[4847.821s] PRUNE: margin=-20.000000, optimistic_rem(widened)=0.000000 -> cannot exceed 0.
[4863.616s] PRUNE: margin=-12.000000, optimistic_rem(widened)=0.000000 -> cannot exceed 0.
[4871.516s] PRUNE: margin=-20.000000, optimistic_rem(widened)=0.000000 -> cannot exceed 0.
[4879.414s] PRUNE: margin=-20.000000, optimistic_rem(widened)=0.000000 -> cannot exceed 0.
[4887.313s] PRUNE: margin=-20.000000, optimistic_rem(widened)=0.000000 -> cannot exceed 0.
[4895.222s] PRUNE: margin=-20.000000, optimistic_rem(widened)=0.000000 -> cannot exceed 0.
[4903.121s] PRUNE: margin=-20.000000, optimistic_rem(widened)=0.000000 -> cannot exceed 0.
[4911.019s] PRUNE: margin=-20.000000, optimistic_rem(widened)=0.000000 -> cannot exceed 0.
[4918.920s] PRUNE: margin=-20.000000, optimistic_rem(widened)=0.000000 -> cannot exceed 0.
[4930.761s] PRUNE: margin=-18.000000, optimistic_rem(widened)=0.000000 -> cannot exceed 0.
[4938.654s] PRUNE: margin=-18.000000, optimistic_rem(widened)=0.000000 -> cannot exceed 0.
[4943.855s] PRUNE: margin=-18.000000, optimistic_rem(widened)=0.000000 -> cannot exceed 0.
[4949.637s] PRUNE: margin=-18.000000, optimistic_rem(widened)=0.000000 -> cannot exceed 0.
[4956.880s] PRUNE: margin=-20.000000, optimistic_rem(widened)=2.000000 -> cannot exceed 0.
[4964.779s] PRUNE: margin=-20.000000, optimistic_rem(widened)=2.000000 -> cannot exceed 0.
[4976.615s] PRUNE: margin=-12.000000, optimistic_rem(widened)=0.000000 -> cannot exceed 0.
[5008.193s] PRUNE: margin=-12.000000, optimistic_rem(widened)=0.000000 -> cannot exceed 0.
[5054.318s] PRUNE: margin=-20.000000, optimistic_rem(widened)=0.000000 -> cannot exceed 0.
[5062.213s] PRUNE: margin=-20.000000, optimistic_rem(widened)=0.000000 -> cannot exceed 0.
[5070.106s] PRUNE: margin=-20.000000, optimistic_rem(widened)=0.000000 -> cannot exceed 0.
[5078.001s] PRUNE: margin=-20.000000, optimistic_rem(widened)=0.000000 -> cannot exceed 0.
[5085.897s] PRUNE: margin=-20.000000, optimistic_rem(widened)=0.000000 -> cannot exceed 0.
[5093.809s] PRUNE: margin=-20.000000, optimistic_rem(widened)=0.000000 -> cannot exceed 0.
[5101.697s] PRUNE: margin=-20.000000, optimistic_rem(widened)=0.000000 -> cannot exceed 0.
[5109.583s] PRUNE: margin=-20.000000, optimistic_rem(widened)=0.000000 -> cannot exceed 0.
[5125.359s] PRUNE: margin=-12.000000, optimistic_rem(widened)=0.000000 -> cannot exceed 0.
[5132.841s] PRUNE: margin=-20.000000, optimistic_rem(widened)=0.000000 -> cannot exceed 0.
[5140.737s] PRUNE: margin=-20.000000, optimistic_rem(widened)=0.000000 -> cannot exceed 0.
[5148.646s] PRUNE: margin=-20.000000, optimistic_rem(widened)=0.000000 -> cannot exceed 0.
[5155.339s] PRUNE: margin=-20.000000, optimistic_rem(widened)=0.000000 -> cannot exceed 0.
[5163.088s] PRUNE: margin=-20.000000, optimistic_rem(widened)=0.000000 -> cannot exceed 0.
[5170.985s] PRUNE: margin=-20.000000, optimistic_rem(widened)=0.000000 -> cannot exceed 0.
[5176.374s] PRUNE: margin=-20.000000, optimistic_rem(widened)=0.000000 -> cannot exceed 0.
[5181.343s] PRUNE: margin=-20.000000, optimistic_rem(widened)=0.000000 -> cannot exceed 0.
[5197.076s] PRUNE: margin=-20.000000, optimistic_rem(widened)=0.000000 -> cannot exceed 0.
[5204.967s] PRUNE: margin=-20.000000, optimistic_rem(widened)=0.000000 -> cannot exceed 0.
[5212.857s] PRUNE: margin=-20.000000, optimistic_rem(widened)=0.000000 -> cannot exceed 0.
[5220.746s] PRUNE: margin=-20.000000, optimistic_rem(widened)=0.000000 -> cannot exceed 0.
[5228.635s] PRUNE: margin=-20.000000, optimistic_rem(widened)=0.000000 -> cannot exceed 0.
[5236.525s] PRUNE: margin=-20.000000, optimistic_rem(widened)=0.000000 -> cannot exceed 0.
[5244.414s] PRUNE: margin=-20.000000, optimistic_rem(widened)=0.000000 -> cannot exceed 0.
[5252.237s] PRUNE: margin=-20.000000, optimistic_rem(widened)=0.000000 -> cannot exceed 0.
[5264.069s] PRUNE: margin=-20.000000, optimistic_rem(widened)=2.000000 -> cannot exceed 0.
[5271.963s] PRUNE: margin=-20.000000, optimistic_rem(widened)=2.000000 -> cannot exceed 0.
[5279.856s] PRUNE: margin=-20.000000, optimistic_rem(widened)=2.000000 -> cannot exceed 0.
[5287.743s] PRUNE: margin=-20.000000, optimistic_rem(widened)=2.000000 -> cannot exceed 0.
[5295.629s] PRUNE: margin=-20.000000, optimistic_rem(widened)=0.000000 -> cannot exceed 0.
[5303.521s] PRUNE: margin=-20.000000, optimistic_rem(widened)=0.000000 -> cannot exceed 0.
[5315.350s] PRUNE: margin=-12.000000, optimistic_rem(widened)=0.000000 -> cannot exceed 0.
[5346.691s] PRUNE: margin=-12.000000, optimistic_rem(widened)=0.000000 -> cannot exceed 0.
[5354.608s] PRUNE: margin=-20.000000, optimistic_rem(widened)=0.000000 -> cannot exceed 0.
[5362.513s] PRUNE: margin=-20.000000, optimistic_rem(widened)=0.000000 -> cannot exceed 0.
[5370.404s] PRUNE: margin=-20.000000, optimistic_rem(widened)=0.000000 -> cannot exceed 0.
[5378.342s] PRUNE: margin=-20.000000, optimistic_rem(widened)=0.000000 -> cannot exceed 0.
[5386.008s] PRUNE: margin=-20.000000, optimistic_rem(widened)=0.000000 -> cannot exceed 0.
[5393.902s] PRUNE: margin=-20.000000, optimistic_rem(widened)=0.000000 -> cannot exceed 0.
[5401.794s] PRUNE: margin=-20.000000, optimistic_rem(widened)=0.000000 -> cannot exceed 0.
[5409.684s] PRUNE: margin=-20.000000, optimistic_rem(widened)=0.000000 -> cannot exceed 0.
[5425.461s] PRUNE: margin=-12.000000, optimistic_rem(widened)=0.000000 -> cannot exceed 0.
[5433.352s] PRUNE: margin=-20.000000, optimistic_rem(widened)=0.000000 -> cannot exceed 0.
[5441.245s] PRUNE: margin=-20.000000, optimistic_rem(widened)=0.000000 -> cannot exceed 0.
[5449.140s] PRUNE: margin=-20.000000, optimistic_rem(widened)=0.000000 -> cannot exceed 0.
[5457.033s] PRUNE: margin=-20.000000, optimistic_rem(widened)=0.000000 -> cannot exceed 0.
[5464.778s] PRUNE: margin=-20.000000, optimistic_rem(widened)=0.000000 -> cannot exceed 0.
[5471.651s] PRUNE: margin=-20.000000, optimistic_rem(widened)=0.000000 -> cannot exceed 0.
[5479.554s] PRUNE: margin=-20.000000, optimistic_rem(widened)=0.000000 -> cannot exceed 0.
[5491.404s] PRUNE: margin=-20.000000, optimistic_rem(widened)=2.000000 -> cannot exceed 0.
[5499.306s] PRUNE: margin=-20.000000, optimistic_rem(widened)=2.000000 -> cannot exceed 0.
[5507.205s] PRUNE: margin=-20.000000, optimistic_rem(widened)=2.000000 -> cannot exceed 0.
[5515.104s] PRUNE: margin=-20.000000, optimistic_rem(widened)=2.000000 -> cannot exceed 0.
[5523.001s] PRUNE: margin=-20.000000, optimistic_rem(widened)=0.000000 -> cannot exceed 0.
[5530.898s] PRUNE: margin=-20.000000, optimistic_rem(widened)=0.000000 -> cannot exceed 0.
[5542.743s] PRUNE: margin=-12.000000, optimistic_rem(widened)=0.000000 -> cannot exceed 0.
[5570.401s] PRUNE: margin=-12.000000, optimistic_rem(widened)=0.000000 -> cannot exceed 0.
[5582.250s] PRUNE: margin=-20.000000, optimistic_rem(widened)=0.000000 -> cannot exceed 0.
[5590.151s] PRUNE: margin=-20.000000, optimistic_rem(widened)=0.000000 -> cannot exceed 0.
[5598.056s] PRUNE: margin=-20.000000, optimistic_rem(widened)=0.000000 -> cannot exceed 0.
[5605.956s] PRUNE: margin=-20.000000, optimistic_rem(widened)=0.000000 -> cannot exceed 0.
[5613.860s] PRUNE: margin=-20.000000, optimistic_rem(widened)=0.000000 -> cannot exceed 0.
[5621.760s] PRUNE: margin=-20.000000, optimistic_rem(widened)=0.000000 -> cannot exceed 0.
[5629.659s] PRUNE: margin=-20.000000, optimistic_rem(widened)=0.000000 -> cannot exceed 0.
[5645.462s] PRUNE: margin=-20.000000, optimistic_rem(widened)=0.000000 -> cannot exceed 0.
[5653.361s] PRUNE: margin=-20.000000, optimistic_rem(widened)=0.000000 -> cannot exceed 0.
[5661.261s] PRUNE: margin=-20.000000, optimistic_rem(widened)=0.000000 -> cannot exceed 0.
[5669.160s] PRUNE: margin=-20.000000, optimistic_rem(widened)=0.000000 -> cannot exceed 0.
[5677.063s] PRUNE: margin=-20.000000, optimistic_rem(widened)=0.000000 -> cannot exceed 0.
[5684.966s] PRUNE: margin=-20.000000, optimistic_rem(widened)=0.000000 -> cannot exceed 0.
[5700.768s] PRUNE: margin=-20.000000, optimistic_rem(widened)=0.000000 -> cannot exceed 0.
[5708.671s] PRUNE: margin=-20.000000, optimistic_rem(widened)=0.000000 -> cannot exceed 0.
[5716.569s] PRUNE: margin=-20.000000, optimistic_rem(widened)=0.000000 -> cannot exceed 0.
[5724.473s] PRUNE: margin=-20.000000, optimistic_rem(widened)=0.000000 -> cannot exceed 0.
[5732.373s] PRUNE: margin=-20.000000, optimistic_rem(widened)=0.000000 -> cannot exceed 0.
[5748.173s] PRUNE: margin=-20.000000, optimistic_rem(widened)=0.000000 -> cannot exceed 0.
[5756.072s] PRUNE: margin=-20.000000, optimistic_rem(widened)=0.000000 -> cannot exceed 0.
[5763.970s] PRUNE: margin=-20.000000, optimistic_rem(widened)=0.000000 -> cannot exceed 0.
[5771.870s] PRUNE: margin=-20.000000, optimistic_rem(widened)=0.000000 -> cannot exceed 0.
[5787.674s] PRUNE: margin=-20.000000, optimistic_rem(widened)=0.000000 -> cannot exceed 0.
[5795.572s] PRUNE: margin=-20.000000, optimistic_rem(widened)=0.000000 -> cannot exceed 0.
[5803.472s] PRUNE: margin=-20.000000, optimistic_rem(widened)=0.000000 -> cannot exceed 0.
[5819.267s] PRUNE: margin=-20.000000, optimistic_rem(widened)=0.000000 -> cannot exceed 0.
[5827.167s] PRUNE: margin=-20.000000, optimistic_rem(widened)=0.000000 -> cannot exceed 0.
[5839.012s] PRUNE: margin=-12.000000, optimistic_rem(widened)=0.000000 -> cannot exceed 0.
[5861.966s] PRUNE: margin=-12.000000, optimistic_rem(widened)=0.000000 -> cannot exceed 0.
[5873.810s] PRUNE: margin=-20.000000, optimistic_rem(widened)=0.000000 -> cannot exceed 0.
[5881.709s] PRUNE: margin=-20.000000, optimistic_rem(widened)=0.000000 -> cannot exceed 0.
[5889.606s] PRUNE: margin=-20.000000, optimistic_rem(widened)=0.000000 -> cannot exceed 0.
[5897.501s] PRUNE: margin=-20.000000, optimistic_rem(widened)=0.000000 -> cannot exceed 0.
[5905.400s] PRUNE: margin=-20.000000, optimistic_rem(widened)=0.000000 -> cannot exceed 0.
[5913.208s] PRUNE: margin=-20.000000, optimistic_rem(widened)=0.000000 -> cannot exceed 0.
[5926.797s] PRUNE: margin=-20.000000, optimistic_rem(widened)=0.000000 -> cannot exceed 0.
[5933.164s] PRUNE: margin=-20.000000, optimistic_rem(widened)=0.000000 -> cannot exceed 0.
[5938.674s] PRUNE: margin=-20.000000, optimistic_rem(widened)=0.000000 -> cannot exceed 0.
[5945.484s] PRUNE: margin=-20.000000, optimistic_rem(widened)=0.000000 -> cannot exceed 0.
[5953.372s] PRUNE: margin=-20.000000, optimistic_rem(widened)=0.000000 -> cannot exceed 0.
[5968.379s] PRUNE: margin=-20.000000, optimistic_rem(widened)=0.000000 -> cannot exceed 0.
[5976.281s] PRUNE: margin=-20.000000, optimistic_rem(widened)=0.000000 -> cannot exceed 0.
[5984.181s] PRUNE: margin=-20.000000, optimistic_rem(widened)=0.000000 -> cannot exceed 0.
[5992.081s] PRUNE: margin=-20.000000, optimistic_rem(widened)=0.000000 -> cannot exceed 0.
[6007.805s] PRUNE: margin=-20.000000, optimistic_rem(widened)=0.000000 -> cannot exceed 0.
[6014.179s] PRUNE: margin=-20.000000, optimistic_rem(widened)=0.000000 -> cannot exceed 0.
[6019.853s] PRUNE: margin=-20.000000, optimistic_rem(widened)=0.000000 -> cannot exceed 0.
[6033.950s] PRUNE: margin=-20.000000, optimistic_rem(widened)=0.000000 -> cannot exceed 0.
[6041.838s] PRUNE: margin=-20.000000, optimistic_rem(widened)=0.000000 -> cannot exceed 0.
[6057.331s] PRUNE: margin=-20.000000, optimistic_rem(widened)=0.000000 -> cannot exceed 0.
[6081.005s] PRUNE: margin=-18.000000, optimistic_rem(widened)=0.000000 -> cannot exceed 0.
[6088.708s] PRUNE: margin=-18.000000, optimistic_rem(widened)=0.000000 -> cannot exceed 0.
[6095.301s] PRUNE: margin=-18.000000, optimistic_rem(widened)=0.000000 -> cannot exceed 0.
[6101.421s] PRUNE: margin=-18.000000, optimistic_rem(widened)=0.000000 -> cannot exceed 0.
[6109.344s] PRUNE: margin=-20.000000, optimistic_rem(widened)=2.000000 -> cannot exceed 0.
[6117.429s] PRUNE: margin=-20.000000, optimistic_rem(widened)=2.000000 -> cannot exceed 0.
[6128.965s] PRUNE: margin=-12.000000, optimistic_rem(widened)=0.000000 -> cannot exceed 0.
[6287.969s] PRUNE: margin=-20.000000, optimistic_rem(widened)=0.000000 -> cannot exceed 0.
[6295.862s] PRUNE: margin=-20.000000, optimistic_rem(widened)=0.000000 -> cannot exceed 0.
[6303.751s] PRUNE: margin=-20.000000, optimistic_rem(widened)=0.000000 -> cannot exceed 0.
[6311.638s] PRUNE: margin=-20.000000, optimistic_rem(widened)=0.000000 -> cannot exceed 0.
[6319.527s] PRUNE: margin=-20.000000, optimistic_rem(widened)=0.000000 -> cannot exceed 0.
[6327.414s] PRUNE: margin=-20.000000, optimistic_rem(widened)=0.000000 -> cannot exceed 0.
[6335.303s] PRUNE: margin=-20.000000, optimistic_rem(widened)=0.000000 -> cannot exceed 0.
[6343.189s] PRUNE: margin=-20.000000, optimistic_rem(widened)=0.000000 -> cannot exceed 0.
[6441.561s] PRUNE: margin=-20.000000, optimistic_rem(widened)=0.000000 -> cannot exceed 0.
[6449.463s] PRUNE: margin=-20.000000, optimistic_rem(widened)=0.000000 -> cannot exceed 0.
[6457.354s] PRUNE: margin=-20.000000, optimistic_rem(widened)=0.000000 -> cannot exceed 0.
[6465.244s] PRUNE: margin=-20.000000, optimistic_rem(widened)=0.000000 -> cannot exceed 0.
[6473.135s] PRUNE: margin=-20.000000, optimistic_rem(widened)=0.000000 -> cannot exceed 0.
[6481.027s] PRUNE: margin=-20.000000, optimistic_rem(widened)=0.000000 -> cannot exceed 0.
[6488.179s] PRUNE: margin=-20.000000, optimistic_rem(widened)=0.000000 -> cannot exceed 0.
[6495.880s] PRUNE: margin=-20.000000, optimistic_rem(widened)=0.000000 -> cannot exceed 0.
[6509.051s] PRUNE: margin=-12.000000, optimistic_rem(widened)=0.000000 -> cannot exceed 0.
[6514.420s] PRUNE: margin=-20.000000, optimistic_rem(widened)=0.000000 -> cannot exceed 0.
[6520.396s] PRUNE: margin=-20.000000, optimistic_rem(widened)=0.000000 -> cannot exceed 0.
[6528.281s] PRUNE: margin=-20.000000, optimistic_rem(widened)=0.000000 -> cannot exceed 0.
[6536.171s] PRUNE: margin=-20.000000, optimistic_rem(widened)=0.000000 -> cannot exceed 0.
[6544.055s] PRUNE: margin=-20.000000, optimistic_rem(widened)=0.000000 -> cannot exceed 0.
[6551.941s] PRUNE: margin=-20.000000, optimistic_rem(widened)=0.000000 -> cannot exceed 0.
[6559.826s] PRUNE: margin=-20.000000, optimistic_rem(widened)=0.000000 -> cannot exceed 0.
[6567.711s] PRUNE: margin=-20.000000, optimistic_rem(widened)=0.000000 -> cannot exceed 0.
[6583.484s] PRUNE: margin=-12.000000, optimistic_rem(widened)=0.000000 -> cannot exceed 0.
[6591.375s] PRUNE: margin=-20.000000, optimistic_rem(widened)=0.000000 -> cannot exceed 0.
[6599.266s] PRUNE: margin=-20.000000, optimistic_rem(widened)=0.000000 -> cannot exceed 0.
[6607.157s] PRUNE: margin=-20.000000, optimistic_rem(widened)=0.000000 -> cannot exceed 0.
[6615.050s] PRUNE: margin=-20.000000, optimistic_rem(widened)=0.000000 -> cannot exceed 0.
[6622.941s] PRUNE: margin=-20.000000, optimistic_rem(widened)=0.000000 -> cannot exceed 0.
[6630.833s] PRUNE: margin=-20.000000, optimistic_rem(widened)=0.000000 -> cannot exceed 0.
[6638.723s] PRUNE: margin=-20.000000, optimistic_rem(widened)=0.000000 -> cannot exceed 0.
[6650.554s] PRUNE: margin=-18.000000, optimistic_rem(widened)=0.000000 -> cannot exceed 0.
[6658.439s] PRUNE: margin=-18.000000, optimistic_rem(widened)=0.000000 -> cannot exceed 0.
[6664.940s] PRUNE: margin=-18.000000, optimistic_rem(widened)=0.000000 -> cannot exceed 0.
[6669.775s] PRUNE: margin=-18.000000, optimistic_rem(widened)=0.000000 -> cannot exceed 0.
[6677.315s] PRUNE: margin=-20.000000, optimistic_rem(widened)=2.000000 -> cannot exceed 0.
[6685.204s] PRUNE: margin=-20.000000, optimistic_rem(widened)=2.000000 -> cannot exceed 0.
[6697.034s] PRUNE: margin=-12.000000, optimistic_rem(widened)=0.000000 -> cannot exceed 0.
[6728.586s] PRUNE: margin=-12.000000, optimistic_rem(widened)=0.000000 -> cannot exceed 0.
[6775.935s] PRUNE: margin=-20.000000, optimistic_rem(widened)=0.000000 -> cannot exceed 0.
[6783.825s] PRUNE: margin=-20.000000, optimistic_rem(widened)=0.000000 -> cannot exceed 0.
[6791.713s] PRUNE: margin=-20.000000, optimistic_rem(widened)=0.000000 -> cannot exceed 0.
[6799.602s] PRUNE: margin=-20.000000, optimistic_rem(widened)=0.000000 -> cannot exceed 0.
[6807.490s] PRUNE: margin=-20.000000, optimistic_rem(widened)=0.000000 -> cannot exceed 0.
[6815.385s] PRUNE: margin=-20.000000, optimistic_rem(widened)=0.000000 -> cannot exceed 0.
[6823.272s] PRUNE: margin=-20.000000, optimistic_rem(widened)=0.000000 -> cannot exceed 0.
[6831.157s] PRUNE: margin=-20.000000, optimistic_rem(widened)=0.000000 -> cannot exceed 0.
[6846.930s] PRUNE: margin=-12.000000, optimistic_rem(widened)=0.000000 -> cannot exceed 0.
[6852.631s] PRUNE: margin=-20.000000, optimistic_rem(widened)=0.000000 -> cannot exceed 0.
[6860.072s] PRUNE: margin=-20.000000, optimistic_rem(widened)=0.000000 -> cannot exceed 0.
[6867.968s] PRUNE: margin=-20.000000, optimistic_rem(widened)=0.000000 -> cannot exceed 0.
[6875.866s] PRUNE: margin=-20.000000, optimistic_rem(widened)=0.000000 -> cannot exceed 0.
[6883.766s] PRUNE: margin=-20.000000, optimistic_rem(widened)=0.000000 -> cannot exceed 0.
[6891.663s] PRUNE: margin=-20.000000, optimistic_rem(widened)=0.000000 -> cannot exceed 0.
[6899.560s] PRUNE: margin=-20.000000, optimistic_rem(widened)=0.000000 -> cannot exceed 0.
[6907.458s] PRUNE: margin=-20.000000, optimistic_rem(widened)=0.000000 -> cannot exceed 0.
[6923.252s] PRUNE: margin=-20.000000, optimistic_rem(widened)=0.000000 -> cannot exceed 0.
[6931.155s] PRUNE: margin=-20.000000, optimistic_rem(widened)=0.000000 -> cannot exceed 0.
[6937.981s] PRUNE: margin=-20.000000, optimistic_rem(widened)=0.000000 -> cannot exceed 0.
[6943.601s] PRUNE: margin=-20.000000, optimistic_rem(widened)=0.000000 -> cannot exceed 0.
[6951.510s] PRUNE: margin=-20.000000, optimistic_rem(widened)=0.000000 -> cannot exceed 0.
[6958.510s] PRUNE: margin=-20.000000, optimistic_rem(widened)=0.000000 -> cannot exceed 0.
[6966.408s] PRUNE: margin=-20.000000, optimistic_rem(widened)=0.000000 -> cannot exceed 0.
[6974.302s] PRUNE: margin=-20.000000, optimistic_rem(widened)=0.000000 -> cannot exceed 0.
[6986.145s] PRUNE: margin=-20.000000, optimistic_rem(widened)=2.000000 -> cannot exceed 0.
[6994.038s] PRUNE: margin=-20.000000, optimistic_rem(widened)=2.000000 -> cannot exceed 0.
[7001.930s] PRUNE: margin=-20.000000, optimistic_rem(widened)=2.000000 -> cannot exceed 0.
[7009.825s] PRUNE: margin=-20.000000, optimistic_rem(widened)=2.000000 -> cannot exceed 0.
[7016.430s] PRUNE: margin=-20.000000, optimistic_rem(widened)=0.000000 -> cannot exceed 0.
[7021.813s] PRUNE: margin=-20.000000, optimistic_rem(widened)=0.000000 -> cannot exceed 0.
[7033.644s] PRUNE: margin=-12.000000, optimistic_rem(widened)=0.000000 -> cannot exceed 0.
[7065.200s] PRUNE: margin=-12.000000, optimistic_rem(widened)=0.000000 -> cannot exceed 0.
[7073.088s] PRUNE: margin=-20.000000, optimistic_rem(widened)=0.000000 -> cannot exceed 0.
[7080.978s] PRUNE: margin=-20.000000, optimistic_rem(widened)=0.000000 -> cannot exceed 0.
[7088.866s] PRUNE: margin=-20.000000, optimistic_rem(widened)=0.000000 -> cannot exceed 0.
[7096.755s] PRUNE: margin=-20.000000, optimistic_rem(widened)=0.000000 -> cannot exceed 0.
[7104.644s] PRUNE: margin=-20.000000, optimistic_rem(widened)=0.000000 -> cannot exceed 0.
[7112.533s] PRUNE: margin=-20.000000, optimistic_rem(widened)=0.000000 -> cannot exceed 0.
[7120.425s] PRUNE: margin=-20.000000, optimistic_rem(widened)=0.000000 -> cannot exceed 0.
[7128.318s] PRUNE: margin=-20.000000, optimistic_rem(widened)=0.000000 -> cannot exceed 0.
[7143.404s] PRUNE: margin=-12.000000, optimistic_rem(widened)=0.000000 -> cannot exceed 0.
[7148.928s] PRUNE: margin=-20.000000, optimistic_rem(widened)=0.000000 -> cannot exceed 0.
[7154.504s] PRUNE: margin=-20.000000, optimistic_rem(widened)=0.000000 -> cannot exceed 0.
[7162.392s] PRUNE: margin=-20.000000, optimistic_rem(widened)=0.000000 -> cannot exceed 0.
[7170.280s] PRUNE: margin=-20.000000, optimistic_rem(widened)=0.000000 -> cannot exceed 0.
[7178.169s] PRUNE: margin=-20.000000, optimistic_rem(widened)=0.000000 -> cannot exceed 0.
[7186.060s] PRUNE: margin=-20.000000, optimistic_rem(widened)=0.000000 -> cannot exceed 0.
[7193.952s] PRUNE: margin=-20.000000, optimistic_rem(widened)=0.000000 -> cannot exceed 0.
[7205.797s] PRUNE: margin=-20.000000, optimistic_rem(widened)=2.000000 -> cannot exceed 0.
[7213.697s] PRUNE: margin=-20.000000, optimistic_rem(widened)=2.000000 -> cannot exceed 0.
[7221.587s] PRUNE: margin=-20.000000, optimistic_rem(widened)=2.000000 -> cannot exceed 0.
[7229.501s] PRUNE: margin=-20.000000, optimistic_rem(widened)=2.000000 -> cannot exceed 0.
[7237.391s] PRUNE: margin=-20.000000, optimistic_rem(widened)=0.000000 -> cannot exceed 0.
[7245.281s] PRUNE: margin=-20.000000, optimistic_rem(widened)=0.000000 -> cannot exceed 0.
[7257.115s] PRUNE: margin=-12.000000, optimistic_rem(widened)=0.000000 -> cannot exceed 0.
[7284.730s] PRUNE: margin=-12.000000, optimistic_rem(widened)=0.000000 -> cannot exceed 0.
[7296.589s] PRUNE: margin=-20.000000, optimistic_rem(widened)=0.000000 -> cannot exceed 0.
[7304.426s] PRUNE: margin=-20.000000, optimistic_rem(widened)=0.000000 -> cannot exceed 0.
[7312.319s] PRUNE: margin=-20.000000, optimistic_rem(widened)=0.000000 -> cannot exceed 0.
[7318.920s] PRUNE: margin=-20.000000, optimistic_rem(widened)=0.000000 -> cannot exceed 0.
[7326.806s] PRUNE: margin=-20.000000, optimistic_rem(widened)=0.000000 -> cannot exceed 0.
[7334.694s] PRUNE: margin=-20.000000, optimistic_rem(widened)=0.000000 -> cannot exceed 0.
[7342.579s] PRUNE: margin=-20.000000, optimistic_rem(widened)=0.000000 -> cannot exceed 0.
[7358.349s] PRUNE: margin=-20.000000, optimistic_rem(widened)=0.000000 -> cannot exceed 0.
[7366.254s] PRUNE: margin=-20.000000, optimistic_rem(widened)=0.000000 -> cannot exceed 0.
[7374.148s] PRUNE: margin=-20.000000, optimistic_rem(widened)=0.000000 -> cannot exceed 0.
[7381.984s] PRUNE: margin=-20.000000, optimistic_rem(widened)=0.000000 -> cannot exceed 0.
[7389.879s] PRUNE: margin=-20.000000, optimistic_rem(widened)=0.000000 -> cannot exceed 0.
[7397.776s] PRUNE: margin=-20.000000, optimistic_rem(widened)=0.000000 -> cannot exceed 0.
[7413.563s] PRUNE: margin=-20.000000, optimistic_rem(widened)=0.000000 -> cannot exceed 0.
[7420.988s] PRUNE: margin=-20.000000, optimistic_rem(widened)=0.000000 -> cannot exceed 0.
[7428.889s] PRUNE: margin=-20.000000, optimistic_rem(widened)=0.000000 -> cannot exceed 0.
[7436.790s] PRUNE: margin=-20.000000, optimistic_rem(widened)=0.000000 -> cannot exceed 0.
[7444.700s] PRUNE: margin=-20.000000, optimistic_rem(widened)=0.000000 -> cannot exceed 0.
[7460.500s] PRUNE: margin=-20.000000, optimistic_rem(widened)=0.000000 -> cannot exceed 0.
[7467.724s] PRUNE: margin=-20.000000, optimistic_rem(widened)=0.000000 -> cannot exceed 0.
[7475.619s] PRUNE: margin=-20.000000, optimistic_rem(widened)=0.000000 -> cannot exceed 0.
[7483.512s] PRUNE: margin=-20.000000, optimistic_rem(widened)=0.000000 -> cannot exceed 0.
[7499.300s] PRUNE: margin=-20.000000, optimistic_rem(widened)=0.000000 -> cannot exceed 0.
[7507.191s] PRUNE: margin=-20.000000, optimistic_rem(widened)=0.000000 -> cannot exceed 0.
[7515.084s] PRUNE: margin=-20.000000, optimistic_rem(widened)=0.000000 -> cannot exceed 0.
[7530.867s] PRUNE: margin=-20.000000, optimistic_rem(widened)=0.000000 -> cannot exceed 0.
[7538.758s] PRUNE: margin=-20.000000, optimistic_rem(widened)=0.000000 -> cannot exceed 0.
[7553.853s] PRUNE: margin=-12.000000, optimistic_rem(widened)=0.000000 -> cannot exceed 0.
[7581.475s] PRUNE: margin=-12.000000, optimistic_rem(widened)=0.000000 -> cannot exceed 0.
[7593.314s] PRUNE: margin=-20.000000, optimistic_rem(widened)=0.000000 -> cannot exceed 0.
[7599.337s] PRUNE: margin=-20.000000, optimistic_rem(widened)=0.000000 -> cannot exceed 0.
[7604.549s] PRUNE: margin=-20.000000, optimistic_rem(widened)=0.000000 -> cannot exceed 0.
[7612.412s] PRUNE: margin=-20.000000, optimistic_rem(widened)=0.000000 -> cannot exceed 0.
[7620.343s] PRUNE: margin=-20.000000, optimistic_rem(widened)=0.000000 -> cannot exceed 0.
[7628.160s] PRUNE: margin=-20.000000, optimistic_rem(widened)=0.000000 -> cannot exceed 0.
[7643.964s] PRUNE: margin=-20.000000, optimistic_rem(widened)=0.000000 -> cannot exceed 0.
[7651.863s] PRUNE: margin=-20.000000, optimistic_rem(widened)=0.000000 -> cannot exceed 0.
[7658.129s] PRUNE: margin=-20.000000, optimistic_rem(widened)=0.000000 -> cannot exceed 0.
[7663.118s] PRUNE: margin=-20.000000, optimistic_rem(widened)=0.000000 -> cannot exceed 0.
[7668.079s] PRUNE: margin=-20.000000, optimistic_rem(widened)=0.000000 -> cannot exceed 0.
[7681.345s] PRUNE: margin=-20.000000, optimistic_rem(widened)=0.000000 -> cannot exceed 0.
[7689.024s] PRUNE: margin=-20.000000, optimistic_rem(widened)=0.000000 -> cannot exceed 0.
[7696.873s] PRUNE: margin=-20.000000, optimistic_rem(widened)=0.000000 -> cannot exceed 0.
[7704.768s] PRUNE: margin=-20.000000, optimistic_rem(widened)=0.000000 -> cannot exceed 0.
[7720.028s] PRUNE: margin=-20.000000, optimistic_rem(widened)=0.000000 -> cannot exceed 0.
[7727.921s] PRUNE: margin=-20.000000, optimistic_rem(widened)=0.000000 -> cannot exceed 0.
[7735.814s] PRUNE: margin=-20.000000, optimistic_rem(widened)=0.000000 -> cannot exceed 0.
[7750.922s] PRUNE: margin=-20.000000, optimistic_rem(widened)=0.000000 -> cannot exceed 0.
[7758.817s] PRUNE: margin=-20.000000, optimistic_rem(widened)=0.000000 -> cannot exceed 0.
[7774.576s] PRUNE: margin=-20.000000, optimistic_rem(widened)=0.000000 -> cannot exceed 0.
[7796.342s] PRUNE: margin=-18.000000, optimistic_rem(widened)=0.000000 -> cannot exceed 0.
[7802.110s] PRUNE: margin=-18.000000, optimistic_rem(widened)=0.000000 -> cannot exceed 0.
[7810.009s] PRUNE: margin=-18.000000, optimistic_rem(widened)=0.000000 -> cannot exceed 0.
[7817.801s] PRUNE: margin=-18.000000, optimistic_rem(widened)=0.000000 -> cannot exceed 0.
[7825.185s] PRUNE: margin=-20.000000, optimistic_rem(widened)=2.000000 -> cannot exceed 0.
[7833.069s] PRUNE: margin=-20.000000, optimistic_rem(widened)=2.000000 -> cannot exceed 0.
[7844.889s] PRUNE: margin=-12.000000, optimistic_rem(widened)=0.000000 -> cannot exceed 0.
[7880.326s] PRUNE: margin=-12.000000, optimistic_rem(widened)=0.000000 -> cannot exceed 0.
[7924.449s] PRUNE: margin=-20.000000, optimistic_rem(widened)=0.000000 -> cannot exceed 0.
[7930.391s] PRUNE: margin=-20.000000, optimistic_rem(widened)=0.000000 -> cannot exceed 0.
[7938.282s] PRUNE: margin=-20.000000, optimistic_rem(widened)=0.000000 -> cannot exceed 0.
[7945.645s] PRUNE: margin=-20.000000, optimistic_rem(widened)=0.000000 -> cannot exceed 0.
[7951.050s] PRUNE: margin=-20.000000, optimistic_rem(widened)=0.000000 -> cannot exceed 0.
[7955.803s] PRUNE: margin=-20.000000, optimistic_rem(widened)=0.000000 -> cannot exceed 0.
[7962.663s] PRUNE: margin=-20.000000, optimistic_rem(widened)=0.000000 -> cannot exceed 0.
[7970.554s] PRUNE: margin=-20.000000, optimistic_rem(widened)=0.000000 -> cannot exceed 0.
[7985.045s] PRUNE: margin=-12.000000, optimistic_rem(widened)=0.000000 -> cannot exceed 0.
[7992.512s] PRUNE: margin=-20.000000, optimistic_rem(widened)=0.000000 -> cannot exceed 0.
[8000.426s] PRUNE: margin=-20.000000, optimistic_rem(widened)=0.000000 -> cannot exceed 0.
[8008.333s] PRUNE: margin=-20.000000, optimistic_rem(widened)=0.000000 -> cannot exceed 0.
[8016.242s] PRUNE: margin=-20.000000, optimistic_rem(widened)=0.000000 -> cannot exceed 0.
[8024.156s] PRUNE: margin=-20.000000, optimistic_rem(widened)=0.000000 -> cannot exceed 0.
[8032.043s] PRUNE: margin=-20.000000, optimistic_rem(widened)=0.000000 -> cannot exceed 0.
[8039.929s] PRUNE: margin=-20.000000, optimistic_rem(widened)=0.000000 -> cannot exceed 0.
[8047.815s] PRUNE: margin=-20.000000, optimistic_rem(widened)=0.000000 -> cannot exceed 0.
[8063.295s] PRUNE: margin=-12.000000, optimistic_rem(widened)=0.000000 -> cannot exceed 0.
[8070.775s] PRUNE: margin=-20.000000, optimistic_rem(widened)=0.000000 -> cannot exceed 0.
[8078.676s] PRUNE: margin=-20.000000, optimistic_rem(widened)=0.000000 -> cannot exceed 0.
[8086.577s] PRUNE: margin=-20.000000, optimistic_rem(widened)=0.000000 -> cannot exceed 0.
[8094.477s] PRUNE: margin=-20.000000, optimistic_rem(widened)=0.000000 -> cannot exceed 0.
[8102.377s] PRUNE: margin=-20.000000, optimistic_rem(widened)=0.000000 -> cannot exceed 0.
[8110.278s] PRUNE: margin=-20.000000, optimistic_rem(widened)=0.000000 -> cannot exceed 0.
[8118.177s] PRUNE: margin=-20.000000, optimistic_rem(widened)=0.000000 -> cannot exceed 0.
[8130.019s] PRUNE: margin=-20.000000, optimistic_rem(widened)=2.000000 -> cannot exceed 0.
[8137.911s] PRUNE: margin=-20.000000, optimistic_rem(widened)=2.000000 -> cannot exceed 0.
[8145.816s] PRUNE: margin=-20.000000, optimistic_rem(widened)=2.000000 -> cannot exceed 0.
[8153.720s] PRUNE: margin=-20.000000, optimistic_rem(widened)=2.000000 -> cannot exceed 0.
[8161.619s] PRUNE: margin=-20.000000, optimistic_rem(widened)=0.000000 -> cannot exceed 0.
[8169.533s] PRUNE: margin=-20.000000, optimistic_rem(widened)=0.000000 -> cannot exceed 0.
[8181.434s] PRUNE: margin=-12.000000, optimistic_rem(widened)=0.000000 -> cannot exceed 0.
[8212.948s] PRUNE: margin=-12.000000, optimistic_rem(widened)=0.000000 -> cannot exceed 0.
[8220.842s] PRUNE: margin=-20.000000, optimistic_rem(widened)=0.000000 -> cannot exceed 0.
[8228.736s] PRUNE: margin=-20.000000, optimistic_rem(widened)=0.000000 -> cannot exceed 0.
[8236.628s] PRUNE: margin=-20.000000, optimistic_rem(widened)=0.000000 -> cannot exceed 0.
[8244.520s] PRUNE: margin=-20.000000, optimistic_rem(widened)=0.000000 -> cannot exceed 0.
[8252.419s] PRUNE: margin=-20.000000, optimistic_rem(widened)=0.000000 -> cannot exceed 0.
[8260.318s] PRUNE: margin=-20.000000, optimistic_rem(widened)=0.000000 -> cannot exceed 0.
[8268.217s] PRUNE: margin=-20.000000, optimistic_rem(widened)=0.000000 -> cannot exceed 0.
[8276.115s] PRUNE: margin=-20.000000, optimistic_rem(widened)=0.000000 -> cannot exceed 0.
[8291.914s] PRUNE: margin=-12.000000, optimistic_rem(widened)=0.000000 -> cannot exceed 0.
[8299.504s] PRUNE: margin=-20.000000, optimistic_rem(widened)=0.000000 -> cannot exceed 0.
[8307.405s] PRUNE: margin=-20.000000, optimistic_rem(widened)=0.000000 -> cannot exceed 0.
[8315.306s] PRUNE: margin=-20.000000, optimistic_rem(widened)=0.000000 -> cannot exceed 0.
[8323.207s] PRUNE: margin=-20.000000, optimistic_rem(widened)=0.000000 -> cannot exceed 0.
[8331.107s] PRUNE: margin=-20.000000, optimistic_rem(widened)=0.000000 -> cannot exceed 0.
[8338.962s] PRUNE: margin=-20.000000, optimistic_rem(widened)=0.000000 -> cannot exceed 0.
[8346.867s] PRUNE: margin=-20.000000, optimistic_rem(widened)=0.000000 -> cannot exceed 0.
[8358.701s] PRUNE: margin=-20.000000, optimistic_rem(widened)=2.000000 -> cannot exceed 0.
[8366.590s] PRUNE: margin=-20.000000, optimistic_rem(widened)=2.000000 -> cannot exceed 0.
[8374.479s] PRUNE: margin=-20.000000, optimistic_rem(widened)=2.000000 -> cannot exceed 0.
[8382.079s] PRUNE: margin=-20.000000, optimistic_rem(widened)=2.000000 -> cannot exceed 0.
[8387.869s] PRUNE: margin=-20.000000, optimistic_rem(widened)=0.000000 -> cannot exceed 0.
[8395.438s] PRUNE: margin=-20.000000, optimistic_rem(widened)=0.000000 -> cannot exceed 0.
[8407.376s] PRUNE: margin=-12.000000, optimistic_rem(widened)=0.000000 -> cannot exceed 0.
[8435.005s] PRUNE: margin=-12.000000, optimistic_rem(widened)=0.000000 -> cannot exceed 0.
[8446.874s] PRUNE: margin=-20.000000, optimistic_rem(widened)=0.000000 -> cannot exceed 0.
[8454.708s] PRUNE: margin=-20.000000, optimistic_rem(widened)=0.000000 -> cannot exceed 0.
[8462.564s] PRUNE: margin=-20.000000, optimistic_rem(widened)=0.000000 -> cannot exceed 0.
[8469.947s] PRUNE: margin=-20.000000, optimistic_rem(widened)=0.000000 -> cannot exceed 0.
[8477.872s] PRUNE: margin=-20.000000, optimistic_rem(widened)=0.000000 -> cannot exceed 0.
[8485.826s] PRUNE: margin=-20.000000, optimistic_rem(widened)=0.000000 -> cannot exceed 0.
[8493.741s] PRUNE: margin=-20.000000, optimistic_rem(widened)=0.000000 -> cannot exceed 0.
[8509.539s] PRUNE: margin=-20.000000, optimistic_rem(widened)=0.000000 -> cannot exceed 0.
[8517.428s] PRUNE: margin=-20.000000, optimistic_rem(widened)=0.000000 -> cannot exceed 0.
[8525.315s] PRUNE: margin=-20.000000, optimistic_rem(widened)=0.000000 -> cannot exceed 0.
[8533.202s] PRUNE: margin=-20.000000, optimistic_rem(widened)=0.000000 -> cannot exceed 0.
[8541.090s] PRUNE: margin=-20.000000, optimistic_rem(widened)=0.000000 -> cannot exceed 0.
[8548.978s] PRUNE: margin=-20.000000, optimistic_rem(widened)=0.000000 -> cannot exceed 0.
[8564.714s] PRUNE: margin=-20.000000, optimistic_rem(widened)=0.000000 -> cannot exceed 0.
[8572.252s] PRUNE: margin=-20.000000, optimistic_rem(widened)=0.000000 -> cannot exceed 0.
[8580.148s] PRUNE: margin=-20.000000, optimistic_rem(widened)=0.000000 -> cannot exceed 0.
[8588.047s] PRUNE: margin=-20.000000, optimistic_rem(widened)=0.000000 -> cannot exceed 0.
[8595.864s] PRUNE: margin=-20.000000, optimistic_rem(widened)=0.000000 -> cannot exceed 0.
[8611.655s] PRUNE: margin=-20.000000, optimistic_rem(widened)=0.000000 -> cannot exceed 0.
[8619.551s] PRUNE: margin=-20.000000, optimistic_rem(widened)=0.000000 -> cannot exceed 0.
[8627.445s] PRUNE: margin=-20.000000, optimistic_rem(widened)=0.000000 -> cannot exceed 0.
[8635.339s] PRUNE: margin=-20.000000, optimistic_rem(widened)=0.000000 -> cannot exceed 0.
[8651.142s] PRUNE: margin=-20.000000, optimistic_rem(widened)=0.000000 -> cannot exceed 0.
[8659.026s] PRUNE: margin=-20.000000, optimistic_rem(widened)=0.000000 -> cannot exceed 0.
[8666.912s] PRUNE: margin=-20.000000, optimistic_rem(widened)=0.000000 -> cannot exceed 0.
[8682.682s] PRUNE: margin=-20.000000, optimistic_rem(widened)=0.000000 -> cannot exceed 0.
[8690.568s] PRUNE: margin=-20.000000, optimistic_rem(widened)=0.000000 -> cannot exceed 0.
[8706.340s] PRUNE: margin=-12.000000, optimistic_rem(widened)=0.000000 -> cannot exceed 0.
[8733.951s] PRUNE: margin=-12.000000, optimistic_rem(widened)=0.000000 -> cannot exceed 0.
[8745.822s] PRUNE: margin=-20.000000, optimistic_rem(widened)=0.000000 -> cannot exceed 0.
[8753.724s] PRUNE: margin=-20.000000, optimistic_rem(widened)=0.000000 -> cannot exceed 0.
[8760.430s] PRUNE: margin=-20.000000, optimistic_rem(widened)=0.000000 -> cannot exceed 0.
[8768.333s] PRUNE: margin=-20.000000, optimistic_rem(widened)=0.000000 -> cannot exceed 0.
[8776.234s] PRUNE: margin=-20.000000, optimistic_rem(widened)=0.000000 -> cannot exceed 0.
[8783.942s] PRUNE: margin=-20.000000, optimistic_rem(widened)=0.000000 -> cannot exceed 0.
[8795.114s] PRUNE: margin=-20.000000, optimistic_rem(widened)=0.000000 -> cannot exceed 0.
[8803.082s] PRUNE: margin=-20.000000, optimistic_rem(widened)=0.000000 -> cannot exceed 0.
[8810.979s] PRUNE: margin=-20.000000, optimistic_rem(widened)=0.000000 -> cannot exceed 0.
[8818.874s] PRUNE: margin=-20.000000, optimistic_rem(widened)=0.000000 -> cannot exceed 0.
[8826.863s] PRUNE: margin=-20.000000, optimistic_rem(widened)=0.000000 -> cannot exceed 0.
[8843.118s] PRUNE: margin=-20.000000, optimistic_rem(widened)=0.000000 -> cannot exceed 0.
[8851.247s] PRUNE: margin=-20.000000, optimistic_rem(widened)=0.000000 -> cannot exceed 0.
[8859.369s] PRUNE: margin=-20.000000, optimistic_rem(widened)=0.000000 -> cannot exceed 0.
[8867.476s] PRUNE: margin=-20.000000, optimistic_rem(widened)=0.000000 -> cannot exceed 0.
[8883.698s] PRUNE: margin=-20.000000, optimistic_rem(widened)=0.000000 -> cannot exceed 0.
[8891.588s] PRUNE: margin=-20.000000, optimistic_rem(widened)=0.000000 -> cannot exceed 0.
[8897.622s] PRUNE: margin=-20.000000, optimistic_rem(widened)=0.000000 -> cannot exceed 0.
[8913.343s] PRUNE: margin=-20.000000, optimistic_rem(widened)=0.000000 -> cannot exceed 0.
[8921.232s] PRUNE: margin=-20.000000, optimistic_rem(widened)=0.000000 -> cannot exceed 0.
[8936.939s] PRUNE: margin=-20.000000, optimistic_rem(widened)=0.000000 -> cannot exceed 0.
[8957.687s] PRUNE: margin=-18.000000, optimistic_rem(widened)=0.000000 -> cannot exceed 0.
[8962.378s] PRUNE: margin=-18.000000, optimistic_rem(widened)=0.000000 -> cannot exceed 0.
[8969.722s] PRUNE: margin=-18.000000, optimistic_rem(widened)=0.000000 -> cannot exceed 0.
[8977.379s] PRUNE: margin=-18.000000, optimistic_rem(widened)=0.000000 -> cannot exceed 0.
[8985.279s] PRUNE: margin=-20.000000, optimistic_rem(widened)=2.000000 -> cannot exceed 0.
[8992.862s] PRUNE: margin=-20.000000, optimistic_rem(widened)=2.000000 -> cannot exceed 0.
[9004.669s] PRUNE: margin=-12.000000, optimistic_rem(widened)=0.000000 -> cannot exceed 0.
[9040.181s] PRUNE: margin=-12.000000, optimistic_rem(widened)=0.000000 -> cannot exceed 0.
[9048.069s] PRUNE: margin=-12.000000, optimistic_rem(widened)=0.000000 -> cannot exceed 0.
[9055.963s] PRUNE: margin=-20.000000, optimistic_rem(widened)=0.000000 -> cannot exceed 0.
[9063.853s] PRUNE: margin=-20.000000, optimistic_rem(widened)=0.000000 -> cannot exceed 0.
[9071.743s] PRUNE: margin=-20.000000, optimistic_rem(widened)=0.000000 -> cannot exceed 0.
[9079.633s] PRUNE: margin=-20.000000, optimistic_rem(widened)=0.000000 -> cannot exceed 0.
[9087.523s] PRUNE: margin=-20.000000, optimistic_rem(widened)=0.000000 -> cannot exceed 0.
[9094.866s] PRUNE: margin=-20.000000, optimistic_rem(widened)=0.000000 -> cannot exceed 0.
[9101.413s] PRUNE: margin=-20.000000, optimistic_rem(widened)=0.000000 -> cannot exceed 0.
[9117.189s] PRUNE: margin=-12.000000, optimistic_rem(widened)=0.000000 -> cannot exceed 0.
[9125.096s] PRUNE: margin=-20.000000, optimistic_rem(widened)=0.000000 -> cannot exceed 0.
[9133.006s] PRUNE: margin=-20.000000, optimistic_rem(widened)=0.000000 -> cannot exceed 0.
[9140.908s] PRUNE: margin=-20.000000, optimistic_rem(widened)=0.000000 -> cannot exceed 0.
[9148.800s] PRUNE: margin=-20.000000, optimistic_rem(widened)=0.000000 -> cannot exceed 0.
[9156.691s] PRUNE: margin=-20.000000, optimistic_rem(widened)=0.000000 -> cannot exceed 0.
[9163.528s] PRUNE: margin=-20.000000, optimistic_rem(widened)=0.000000 -> cannot exceed 0.
[9168.585s] PRUNE: margin=-20.000000, optimistic_rem(widened)=0.000000 -> cannot exceed 0.
[9179.784s] PRUNE: margin=-20.000000, optimistic_rem(widened)=0.000000 -> cannot exceed 0.
[9187.686s] PRUNE: margin=-20.000000, optimistic_rem(widened)=0.000000 -> cannot exceed 0.
[9195.589s] PRUNE: margin=-20.000000, optimistic_rem(widened)=0.000000 -> cannot exceed 0.
[9203.486s] PRUNE: margin=-20.000000, optimistic_rem(widened)=0.000000 -> cannot exceed 0.
[9211.381s] PRUNE: margin=-20.000000, optimistic_rem(widened)=0.000000 -> cannot exceed 0.
[9219.288s] PRUNE: margin=-20.000000, optimistic_rem(widened)=0.000000 -> cannot exceed 0.
[9231.126s] PRUNE: margin=-12.000000, optimistic_rem(widened)=0.000000 -> cannot exceed 0.
[9258.753s] PRUNE: margin=-12.000000, optimistic_rem(widened)=0.000000 -> cannot exceed 0.
[9270.590s] PRUNE: margin=-20.000000, optimistic_rem(widened)=0.000000 -> cannot exceed 0.
[9278.483s] PRUNE: margin=-20.000000, optimistic_rem(widened)=0.000000 -> cannot exceed 0.
[9286.381s] PRUNE: margin=-20.000000, optimistic_rem(widened)=0.000000 -> cannot exceed 0.
[9294.425s] PRUNE: margin=-20.000000, optimistic_rem(widened)=0.000000 -> cannot exceed 0.
[9302.204s] PRUNE: margin=-20.000000, optimistic_rem(widened)=0.000000 -> cannot exceed 0.
[9310.340s] PRUNE: margin=-20.000000, optimistic_rem(widened)=0.000000 -> cannot exceed 0.
[9318.471s] PRUNE: margin=-20.000000, optimistic_rem(widened)=0.000000 -> cannot exceed 0.
[9334.622s] PRUNE: margin=-20.000000, optimistic_rem(widened)=0.000000 -> cannot exceed 0.
[9342.573s] PRUNE: margin=-20.000000, optimistic_rem(widened)=0.000000 -> cannot exceed 0.
[9350.473s] PRUNE: margin=-20.000000, optimistic_rem(widened)=0.000000 -> cannot exceed 0.
[9358.598s] PRUNE: margin=-20.000000, optimistic_rem(widened)=0.000000 -> cannot exceed 0.
[9366.751s] PRUNE: margin=-20.000000, optimistic_rem(widened)=0.000000 -> cannot exceed 0.
[9374.918s] PRUNE: margin=-20.000000, optimistic_rem(widened)=0.000000 -> cannot exceed 0.
[9391.226s] PRUNE: margin=-20.000000, optimistic_rem(widened)=0.000000 -> cannot exceed 0.
[9397.609s] PRUNE: margin=-20.000000, optimistic_rem(widened)=0.000000 -> cannot exceed 0.
[9402.559s] PRUNE: margin=-20.000000, optimistic_rem(widened)=0.000000 -> cannot exceed 0.
[9409.901s] PRUNE: margin=-20.000000, optimistic_rem(widened)=0.000000 -> cannot exceed 0.
[9417.787s] PRUNE: margin=-20.000000, optimistic_rem(widened)=0.000000 -> cannot exceed 0.
[9433.728s] PRUNE: margin=-20.000000, optimistic_rem(widened)=0.000000 -> cannot exceed 0.
[9441.802s] PRUNE: margin=-20.000000, optimistic_rem(widened)=0.000000 -> cannot exceed 0.
[9449.877s] PRUNE: margin=-20.000000, optimistic_rem(widened)=0.000000 -> cannot exceed 0.
[9457.967s] PRUNE: margin=-20.000000, optimistic_rem(widened)=0.000000 -> cannot exceed 0.
[9474.100s] PRUNE: margin=-20.000000, optimistic_rem(widened)=0.000000 -> cannot exceed 0.
[9482.169s] PRUNE: margin=-20.000000, optimistic_rem(widened)=0.000000 -> cannot exceed 0.
[9490.234s] PRUNE: margin=-20.000000, optimistic_rem(widened)=0.000000 -> cannot exceed 0.
[9506.184s] PRUNE: margin=-20.000000, optimistic_rem(widened)=0.000000 -> cannot exceed 0.
[9514.053s] PRUNE: margin=-20.000000, optimistic_rem(widened)=0.000000 -> cannot exceed 0.
[9529.781s] PRUNE: margin=-12.000000, optimistic_rem(widened)=0.000000 -> cannot exceed 0.
[9556.626s] PRUNE: margin=-20.000000, optimistic_rem(widened)=8.000000 -> cannot exceed 0.
[9568.742s] PRUNE: margin=-20.000000, optimistic_rem(widened)=0.000000 -> cannot exceed 0.
[9576.661s] PRUNE: margin=-20.000000, optimistic_rem(widened)=0.000000 -> cannot exceed 0.
[9584.563s] PRUNE: margin=-20.000000, optimistic_rem(widened)=0.000000 -> cannot exceed 0.
[9591.998s] PRUNE: margin=-20.000000, optimistic_rem(widened)=0.000000 -> cannot exceed 0.
[9597.190s] PRUNE: margin=-20.000000, optimistic_rem(widened)=0.000000 -> cannot exceed 0.
[9605.094s] PRUNE: margin=-20.000000, optimistic_rem(widened)=0.000000 -> cannot exceed 0.
[9620.771s] PRUNE: margin=-20.000000, optimistic_rem(widened)=0.000000 -> cannot exceed 0.
[9628.663s] PRUNE: margin=-20.000000, optimistic_rem(widened)=0.000000 -> cannot exceed 0.
[9636.575s] PRUNE: margin=-20.000000, optimistic_rem(widened)=0.000000 -> cannot exceed 0.
[9644.471s] PRUNE: margin=-20.000000, optimistic_rem(widened)=0.000000 -> cannot exceed 0.
[9652.366s] PRUNE: margin=-20.000000, optimistic_rem(widened)=0.000000 -> cannot exceed 0.
[9668.153s] PRUNE: margin=-20.000000, optimistic_rem(widened)=0.000000 -> cannot exceed 0.
[9676.044s] PRUNE: margin=-20.000000, optimistic_rem(widened)=0.000000 -> cannot exceed 0.
[9683.937s] PRUNE: margin=-20.000000, optimistic_rem(widened)=0.000000 -> cannot exceed 0.
[9691.821s] PRUNE: margin=-20.000000, optimistic_rem(widened)=0.000000 -> cannot exceed 0.
[9707.608s] PRUNE: margin=-20.000000, optimistic_rem(widened)=0.000000 -> cannot exceed 0.
[9715.497s] PRUNE: margin=-20.000000, optimistic_rem(widened)=0.000000 -> cannot exceed 0.
[9723.404s] PRUNE: margin=-20.000000, optimistic_rem(widened)=0.000000 -> cannot exceed 0.
[9739.214s] PRUNE: margin=-20.000000, optimistic_rem(widened)=0.000000 -> cannot exceed 0.
[9746.806s] PRUNE: margin=-20.000000, optimistic_rem(widened)=0.000000 -> cannot exceed 0.
[9761.895s] PRUNE: margin=-20.000000, optimistic_rem(widened)=0.000000 -> cannot exceed 0.
[9785.553s] PRUNE: margin=-20.000000, optimistic_rem(widened)=2.000000 -> cannot exceed 0.
[9793.433s] PRUNE: margin=-20.000000, optimistic_rem(widened)=2.000000 -> cannot exceed 0.
[9799.737s] PRUNE: margin=-20.000000, optimistic_rem(widened)=2.000000 -> cannot exceed 0.
[9807.011s] PRUNE: margin=-20.000000, optimistic_rem(widened)=2.000000 -> cannot exceed 0.
[9814.868s] PRUNE: margin=-20.000000, optimistic_rem(widened)=0.000000 -> cannot exceed 0.
[9822.689s] PRUNE: margin=-20.000000, optimistic_rem(widened)=0.000000 -> cannot exceed 0.
[9832.538s] PRUNE: margin=-12.000000, optimistic_rem(widened)=0.000000 -> cannot exceed 0.
[9863.850s] PRUNE: margin=-12.000000, optimistic_rem(widened)=0.000000 -> cannot exceed 0.
[9875.682s] PRUNE: margin=-20.000000, optimistic_rem(widened)=0.000000 -> cannot exceed 0.
[9883.571s] PRUNE: margin=-20.000000, optimistic_rem(widened)=0.000000 -> cannot exceed 0.
[9889.903s] PRUNE: margin=-20.000000, optimistic_rem(widened)=0.000000 -> cannot exceed 0.
[9895.707s] PRUNE: margin=-20.000000, optimistic_rem(widened)=0.000000 -> cannot exceed 0.
[9901.061s] PRUNE: margin=-20.000000, optimistic_rem(widened)=0.000000 -> cannot exceed 0.
[9906.114s] PRUNE: margin=-20.000000, optimistic_rem(widened)=0.000000 -> cannot exceed 0.
[9912.201s] PRUNE: margin=-20.000000, optimistic_rem(widened)=0.000000 -> cannot exceed 0.
[9927.994s] PRUNE: margin=-20.000000, optimistic_rem(widened)=0.000000 -> cannot exceed 0.
[9935.922s] PRUNE: margin=-20.000000, optimistic_rem(widened)=0.000000 -> cannot exceed 0.
[9943.813s] PRUNE: margin=-20.000000, optimistic_rem(widened)=0.000000 -> cannot exceed 0.
[9951.702s] PRUNE: margin=-20.000000, optimistic_rem(widened)=0.000000 -> cannot exceed 0.
[9959.590s] PRUNE: margin=-20.000000, optimistic_rem(widened)=0.000000 -> cannot exceed 0.
[9967.479s] PRUNE: margin=-20.000000, optimistic_rem(widened)=0.000000 -> cannot exceed 0.
[9983.262s] PRUNE: margin=-20.000000, optimistic_rem(widened)=0.000000 -> cannot exceed 0.
[9990.840s] PRUNE: margin=-20.000000, optimistic_rem(widened)=0.000000 -> cannot exceed 0.
[9998.729s] PRUNE: margin=-20.000000, optimistic_rem(widened)=0.000000 -> cannot exceed 0.
[10006.619s] PRUNE: margin=-20.000000, optimistic_rem(widened)=0.000000 -> cannot exceed 0.
[10014.507s] PRUNE: margin=-20.000000, optimistic_rem(widened)=0.000000 -> cannot exceed 0.
[10030.280s] PRUNE: margin=-20.000000, optimistic_rem(widened)=0.000000 -> cannot exceed 0.
[10038.170s] PRUNE: margin=-20.000000, optimistic_rem(widened)=0.000000 -> cannot exceed 0.
[10046.060s] PRUNE: margin=-20.000000, optimistic_rem(widened)=0.000000 -> cannot exceed 0.
[10054.050s] PRUNE: margin=-20.000000, optimistic_rem(widened)=0.000000 -> cannot exceed 0.
[10067.446s] PRUNE: margin=-20.000000, optimistic_rem(widened)=0.000000 -> cannot exceed 0.
[10075.329s] PRUNE: margin=-20.000000, optimistic_rem(widened)=0.000000 -> cannot exceed 0.
[10083.214s] PRUNE: margin=-20.000000, optimistic_rem(widened)=0.000000 -> cannot exceed 0.
[10098.984s] PRUNE: margin=-12.000000, optimistic_rem(widened)=0.000000 -> cannot exceed 0.
[10106.811s] PRUNE: margin=-20.000000, optimistic_rem(widened)=0.000000 -> cannot exceed 0.
[10122.581s] PRUNE: margin=-12.000000, optimistic_rem(widened)=0.000000 -> cannot exceed 0.
[10147.677s] PRUNE: margin=-12.000000, optimistic_rem(widened)=0.000000 -> cannot exceed 0.
[10157.117s] PRUNE: margin=-20.000000, optimistic_rem(widened)=0.000000 -> cannot exceed 0.
[10164.605s] PRUNE: margin=-20.000000, optimistic_rem(widened)=0.000000 -> cannot exceed 0.
[10172.196s] PRUNE: margin=-20.000000, optimistic_rem(widened)=0.000000 -> cannot exceed 0.
[10180.147s] PRUNE: margin=-20.000000, optimistic_rem(widened)=0.000000 -> cannot exceed 0.
[10188.100s] PRUNE: margin=-20.000000, optimistic_rem(widened)=0.000000 -> cannot exceed 0.
[10196.066s] PRUNE: margin=-20.000000, optimistic_rem(widened)=0.000000 -> cannot exceed 0.
[10212.090s] PRUNE: margin=-20.000000, optimistic_rem(widened)=0.000000 -> cannot exceed 0.
[10219.992s] PRUNE: margin=-20.000000, optimistic_rem(widened)=0.000000 -> cannot exceed 0.
[10227.884s] PRUNE: margin=-20.000000, optimistic_rem(widened)=0.000000 -> cannot exceed 0.
[10235.779s] PRUNE: margin=-20.000000, optimistic_rem(widened)=0.000000 -> cannot exceed 0.
[10243.673s] PRUNE: margin=-20.000000, optimistic_rem(widened)=0.000000 -> cannot exceed 0.
[10259.506s] PRUNE: margin=-20.000000, optimistic_rem(widened)=0.000000 -> cannot exceed 0.
[10267.397s] PRUNE: margin=-20.000000, optimistic_rem(widened)=0.000000 -> cannot exceed 0.
[10275.294s] PRUNE: margin=-20.000000, optimistic_rem(widened)=0.000000 -> cannot exceed 0.
[10283.188s] PRUNE: margin=-20.000000, optimistic_rem(widened)=0.000000 -> cannot exceed 0.
[10298.971s] PRUNE: margin=-20.000000, optimistic_rem(widened)=0.000000 -> cannot exceed 0.
[10306.865s] PRUNE: margin=-20.000000, optimistic_rem(widened)=0.000000 -> cannot exceed 0.
[10314.759s] PRUNE: margin=-20.000000, optimistic_rem(widened)=0.000000 -> cannot exceed 0.
[10330.662s] PRUNE: margin=-20.000000, optimistic_rem(widened)=0.000000 -> cannot exceed 0.
[10338.203s] PRUNE: margin=-20.000000, optimistic_rem(widened)=0.000000 -> cannot exceed 0.
[10353.290s] PRUNE: margin=-20.000000, optimistic_rem(widened)=0.000000 -> cannot exceed 0.
[10375.913s] PRUNE: margin=-20.000000, optimistic_rem(widened)=2.000000 -> cannot exceed 0.
[10383.449s] PRUNE: margin=-20.000000, optimistic_rem(widened)=2.000000 -> cannot exceed 0.
[10390.986s] PRUNE: margin=-20.000000, optimistic_rem(widened)=2.000000 -> cannot exceed 0.
[10398.525s] PRUNE: margin=-20.000000, optimistic_rem(widened)=2.000000 -> cannot exceed 0.
[10406.063s] PRUNE: margin=-20.000000, optimistic_rem(widened)=0.000000 -> cannot exceed 0.
[10413.601s] PRUNE: margin=-20.000000, optimistic_rem(widened)=0.000000 -> cannot exceed 0.
[10424.904s] PRUNE: margin=-12.000000, optimistic_rem(widened)=0.000000 -> cannot exceed 0.
[10451.274s] PRUNE: margin=-12.000000, optimistic_rem(widened)=0.000000 -> cannot exceed 0.
[10465.383s] PRUNE: margin=-20.000000, optimistic_rem(widened)=0.000000 -> cannot exceed 0.
[10473.080s] PRUNE: margin=-20.000000, optimistic_rem(widened)=0.000000 -> cannot exceed 0.
[10480.984s] PRUNE: margin=-20.000000, optimistic_rem(widened)=0.000000 -> cannot exceed 0.
[10488.886s] PRUNE: margin=-20.000000, optimistic_rem(widened)=0.000000 -> cannot exceed 0.
[10496.789s] PRUNE: margin=-20.000000, optimistic_rem(widened)=0.000000 -> cannot exceed 0.
[10504.688s] PRUNE: margin=-20.000000, optimistic_rem(widened)=0.000000 -> cannot exceed 0.
[10520.485s] PRUNE: margin=-20.000000, optimistic_rem(widened)=0.000000 -> cannot exceed 0.
[10528.382s] PRUNE: margin=-20.000000, optimistic_rem(widened)=0.000000 -> cannot exceed 0.
[10536.278s] PRUNE: margin=-20.000000, optimistic_rem(widened)=0.000000 -> cannot exceed 0.
[10544.180s] PRUNE: margin=-20.000000, optimistic_rem(widened)=0.000000 -> cannot exceed 0.
[10552.107s] PRUNE: margin=-20.000000, optimistic_rem(widened)=0.000000 -> cannot exceed 0.
[10567.927s] PRUNE: margin=-20.000000, optimistic_rem(widened)=0.000000 -> cannot exceed 0.
[10575.070s] PRUNE: margin=-20.000000, optimistic_rem(widened)=0.000000 -> cannot exceed 0.
[10580.583s] PRUNE: margin=-20.000000, optimistic_rem(widened)=0.000000 -> cannot exceed 0.
[10588.319s] PRUNE: margin=-20.000000, optimistic_rem(widened)=0.000000 -> cannot exceed 0.
[10603.712s] PRUNE: margin=-20.000000, optimistic_rem(widened)=0.000000 -> cannot exceed 0.
[10611.691s] PRUNE: margin=-20.000000, optimistic_rem(widened)=0.000000 -> cannot exceed 0.
[10619.604s] PRUNE: margin=-20.000000, optimistic_rem(widened)=0.000000 -> cannot exceed 0.
[10635.003s] PRUNE: margin=-20.000000, optimistic_rem(widened)=0.000000 -> cannot exceed 0.
[10642.669s] PRUNE: margin=-20.000000, optimistic_rem(widened)=0.000000 -> cannot exceed 0.
[10657.661s] PRUNE: margin=-12.000000, optimistic_rem(widened)=0.000000 -> cannot exceed 0.
[10689.006s] PRUNE: margin=-20.000000, optimistic_rem(widened)=0.000000 -> cannot exceed 0.
[10696.991s] PRUNE: margin=-20.000000, optimistic_rem(widened)=0.000000 -> cannot exceed 0.
[10704.166s] PRUNE: margin=-20.000000, optimistic_rem(widened)=0.000000 -> cannot exceed 0.
[10711.850s] PRUNE: margin=-20.000000, optimistic_rem(widened)=0.000000 -> cannot exceed 0.
[10719.754s] PRUNE: margin=-20.000000, optimistic_rem(widened)=0.000000 -> cannot exceed 0.
[10735.561s] PRUNE: margin=-20.000000, optimistic_rem(widened)=0.000000 -> cannot exceed 0.
[10743.461s] PRUNE: margin=-20.000000, optimistic_rem(widened)=0.000000 -> cannot exceed 0.
[10751.355s] PRUNE: margin=-20.000000, optimistic_rem(widened)=0.000000 -> cannot exceed 0.
[10759.225s] PRUNE: margin=-20.000000, optimistic_rem(widened)=0.000000 -> cannot exceed 0.
[10773.105s] PRUNE: margin=-20.000000, optimistic_rem(widened)=0.000000 -> cannot exceed 0.
[10780.188s] PRUNE: margin=-20.000000, optimistic_rem(widened)=0.000000 -> cannot exceed 0.
[10788.087s] PRUNE: margin=-20.000000, optimistic_rem(widened)=0.000000 -> cannot exceed 0.
[10803.707s] PRUNE: margin=-20.000000, optimistic_rem(widened)=0.000000 -> cannot exceed 0.
[10811.423s] PRUNE: margin=-20.000000, optimistic_rem(widened)=0.000000 -> cannot exceed 0.
[10826.056s] PRUNE: margin=-12.000000, optimistic_rem(widened)=0.000000 -> cannot exceed 0.
[10850.529s] PRUNE: margin=-20.000000, optimistic_rem(widened)=0.000000 -> cannot exceed 0.
[10857.710s] PRUNE: margin=-20.000000, optimistic_rem(widened)=0.000000 -> cannot exceed 0.
[10865.604s] PRUNE: margin=-20.000000, optimistic_rem(widened)=0.000000 -> cannot exceed 0.
[10873.498s] PRUNE: margin=-20.000000, optimistic_rem(widened)=0.000000 -> cannot exceed 0.
[10889.115s] PRUNE: margin=-20.000000, optimistic_rem(widened)=0.000000 -> cannot exceed 0.
[10896.848s] PRUNE: margin=-20.000000, optimistic_rem(widened)=0.000000 -> cannot exceed 0.
[10904.747s] PRUNE: margin=-20.000000, optimistic_rem(widened)=0.000000 -> cannot exceed 0.
[10920.538s] PRUNE: margin=-20.000000, optimistic_rem(widened)=0.000000 -> cannot exceed 0.
[10928.432s] PRUNE: margin=-20.000000, optimistic_rem(widened)=0.000000 -> cannot exceed 0.
[10944.227s] PRUNE: margin=-12.000000, optimistic_rem(widened)=0.000000 -> cannot exceed 0.
[10973.774s] PRUNE: margin=-20.000000, optimistic_rem(widened)=0.000000 -> cannot exceed 0.
[10981.651s] PRUNE: margin=-20.000000, optimistic_rem(widened)=0.000000 -> cannot exceed 0.
[10989.530s] PRUNE: margin=-20.000000, optimistic_rem(widened)=0.000000 -> cannot exceed 0.
[11005.318s] PRUNE: margin=-20.000000, optimistic_rem(widened)=0.000000 -> cannot exceed 0.
[11013.218s] PRUNE: margin=-20.000000, optimistic_rem(widened)=0.000000 -> cannot exceed 0.
[11029.004s] PRUNE: margin=-12.000000, optimistic_rem(widened)=0.000000 -> cannot exceed 0.
[11060.236s] PRUNE: margin=-12.000000, optimistic_rem(widened)=0.000000 -> cannot exceed 0.
[11068.154s] PRUNE: margin=-20.000000, optimistic_rem(widened)=0.000000 -> cannot exceed 0.
[11083.091s] PRUNE: margin=-12.000000, optimistic_rem(widened)=0.000000 -> cannot exceed 0.
[11114.670s] PRUNE: margin=-12.000000, optimistic_rem(widened)=0.000000 -> cannot exceed 0.
[11142.288s] PRUNE: margin=-12.000000, optimistic_rem(widened)=0.000000 -> cannot exceed 0.
[11169.918s] PRUNE: margin=-12.000000, optimistic_rem(widened)=0.000000 -> cannot exceed 0.
[11185.707s] PRUNE: margin=-20.000000, optimistic_rem(widened)=0.000000 -> cannot exceed 0.
[11193.606s] PRUNE: margin=-20.000000, optimistic_rem(widened)=0.000000 -> cannot exceed 0.
[11201.499s] PRUNE: margin=-20.000000, optimistic_rem(widened)=0.000000 -> cannot exceed 0.
[11209.394s] PRUNE: margin=-20.000000, optimistic_rem(widened)=0.000000 -> cannot exceed 0.
[11217.286s] PRUNE: margin=-20.000000, optimistic_rem(widened)=0.000000 -> cannot exceed 0.
[11233.075s] PRUNE: margin=-20.000000, optimistic_rem(widened)=0.000000 -> cannot exceed 0.
[11240.970s] PRUNE: margin=-20.000000, optimistic_rem(widened)=0.000000 -> cannot exceed 0.
[11248.864s] PRUNE: margin=-20.000000, optimistic_rem(widened)=0.000000 -> cannot exceed 0.
[11256.757s] PRUNE: margin=-20.000000, optimistic_rem(widened)=0.000000 -> cannot exceed 0.
[11272.550s] PRUNE: margin=-20.000000, optimistic_rem(widened)=0.000000 -> cannot exceed 0.
[11280.440s] PRUNE: margin=-20.000000, optimistic_rem(widened)=0.000000 -> cannot exceed 0.
[11288.334s] PRUNE: margin=-20.000000, optimistic_rem(widened)=0.000000 -> cannot exceed 0.
[11304.120s] PRUNE: margin=-20.000000, optimistic_rem(widened)=0.000000 -> cannot exceed 0.
[11312.010s] PRUNE: margin=-20.000000, optimistic_rem(widened)=0.000000 -> cannot exceed 0.
[11327.814s] PRUNE: margin=-20.000000, optimistic_rem(widened)=0.000000 -> cannot exceed 0.
[11358.726s] PRUNE: margin=-20.000000, optimistic_rem(widened)=0.000000 -> cannot exceed 0.
[11366.619s] PRUNE: margin=-20.000000, optimistic_rem(widened)=0.000000 -> cannot exceed 0.
[11374.514s] PRUNE: margin=-20.000000, optimistic_rem(widened)=0.000000 -> cannot exceed 0.
[11382.405s] PRUNE: margin=-20.000000, optimistic_rem(widened)=0.000000 -> cannot exceed 0.
[11398.190s] PRUNE: margin=-20.000000, optimistic_rem(widened)=0.000000 -> cannot exceed 0.
[11406.084s] PRUNE: margin=-20.000000, optimistic_rem(widened)=0.000000 -> cannot exceed 0.
[11413.977s] PRUNE: margin=-20.000000, optimistic_rem(widened)=0.000000 -> cannot exceed 0.
[11429.765s] PRUNE: margin=-20.000000, optimistic_rem(widened)=0.000000 -> cannot exceed 0.
[11437.662s] PRUNE: margin=-20.000000, optimistic_rem(widened)=0.000000 -> cannot exceed 0.
[11453.447s] PRUNE: margin=-20.000000, optimistic_rem(widened)=0.000000 -> cannot exceed 0.
[11485.021s] PRUNE: margin=-20.000000, optimistic_rem(widened)=0.000000 -> cannot exceed 0.
[11492.979s] PRUNE: margin=-20.000000, optimistic_rem(widened)=0.000000 -> cannot exceed 0.
[11500.910s] PRUNE: margin=-20.000000, optimistic_rem(widened)=0.000000 -> cannot exceed 0.
[11516.756s] PRUNE: margin=-20.000000, optimistic_rem(widened)=0.000000 -> cannot exceed 0.
[11524.680s] PRUNE: margin=-20.000000, optimistic_rem(widened)=0.000000 -> cannot exceed 0.
[11540.481s] PRUNE: margin=-20.000000, optimistic_rem(widened)=0.000000 -> cannot exceed 0.
[11572.045s] PRUNE: margin=-20.000000, optimistic_rem(widened)=0.000000 -> cannot exceed 0.
[11579.966s] PRUNE: margin=-20.000000, optimistic_rem(widened)=0.000000 -> cannot exceed 0.
[11594.656s] PRUNE: margin=-20.000000, optimistic_rem(widened)=0.000000 -> cannot exceed 0.
[11623.541s] PRUNE: margin=-12.000000, optimistic_rem(widened)=0.000000 -> cannot exceed 0.
[11905.438s] PRUNE: margin=-12.000000, optimistic_rem(widened)=0.000000 -> cannot exceed 0.
[12062.947s] PRUNE: margin=-12.000000, optimistic_rem(widened)=0.000000 -> cannot exceed 0.
[12158.859s] PRUNE: margin=-12.000000, optimistic_rem(widened)=0.000000 -> cannot exceed 0.
[12217.137s] PRUNE: margin=-12.000000, optimistic_rem(widened)=0.000000 -> cannot exceed 0.
[12248.688s] PRUNE: margin=-12.000000, optimistic_rem(widened)=0.000000 -> cannot exceed 0.
[12276.290s] PRUNE: margin=-12.000000, optimistic_rem(widened)=0.000000 -> cannot exceed 0.
[12423.625s] PRUNE: margin=-12.000000, optimistic_rem(widened)=0.000000 -> cannot exceed 0.
[12526.185s] PRUNE: margin=-12.000000, optimistic_rem(widened)=0.000000 -> cannot exceed 0.
[12585.355s] PRUNE: margin=-12.000000, optimistic_rem(widened)=0.000000 -> cannot exceed 0.
[12616.915s] PRUNE: margin=-12.000000, optimistic_rem(widened)=0.000000 -> cannot exceed 0.
[12644.529s] PRUNE: margin=-12.000000, optimistic_rem(widened)=0.000000 -> cannot exceed 0.
[12750.668s] PRUNE: margin=-12.000000, optimistic_rem(widened)=0.000000 -> cannot exceed 0.
[12809.694s] PRUNE: margin=-12.000000, optimistic_rem(widened)=0.000000 -> cannot exceed 0.
[12841.232s] PRUNE: margin=-12.000000, optimistic_rem(widened)=0.000000 -> cannot exceed 0.
[12868.818s] PRUNE: margin=-12.000000, optimistic_rem(widened)=0.000000 -> cannot exceed 0.
[12927.791s] PRUNE: margin=-12.000000, optimistic_rem(widened)=0.000000 -> cannot exceed 0.
[12957.035s] PRUNE: margin=-12.000000, optimistic_rem(widened)=0.000000 -> cannot exceed 0.
[12984.645s] PRUNE: margin=-12.000000, optimistic_rem(widened)=0.000000 -> cannot exceed 0.
[13020.153s] PRUNE: margin=-12.000000, optimistic_rem(widened)=0.000000 -> cannot exceed 0.
[13047.738s] PRUNE: margin=-12.000000, optimistic_rem(widened)=0.000000 -> cannot exceed 0.
[13077.315s] PRUNE: margin=-12.000000, optimistic_rem(widened)=0.000000 -> cannot exceed 0.
[13103.060s] PRUNE: margin=-12.000000, optimistic_rem(widened)=0.000000 -> cannot exceed 0.
[13118.450s] No counterexample within budgets (BaB): no misclassification found.
STATUS: No counterexample | best_upper_margin=46.000000 | elapsed=13118.451s | pixels_changed=0 | total_bit_flips=0 | avg_hamming_per_pixel=0.000000 | patch_rows=5-5 | patch_cols=24-25 | note=no_counterexample_within_budgets
