[  0.000s] init: idx=4691 kmax=2 bmax=4 topx=2 widen=1.000 rank_fast=off
clean logits (hex):  0x82  0x8a  0x83  0x82  0x83  0x83  0x83  0x83  0x83  0x83
clean logits (bits): 10000010 10001010 10000011 10000010 10000011 10000011 10000011 10000011 10000011 10000011
clean logits (double): -32.000000 -7.000000 -24.000000 -32.000000 -24.000000 -24.000000 -24.000000 -24.000000 -24.000000 -24.000000
[  0.016s] clean prediction: 1 (true label 1)
[ 11.875s] heuristic ROI: 2x2 block at rows 7-8, cols 15-16
[ 19.841s] selection: nSym=2 (from 4), topx=2, rank_fast=off
[ 19.841s] active patch: rows 7-8, cols 16-16 (derived from symPix)
[ 37.871s] Proceeding to BaB (greedy enabled).
[ 37.871s] Skipping root bound check (--no-root-bound).
[ 37.872s] BaB search starting (K<=2, B<=4, nSym=2, depth_limit=500000000, widen=1.00)...
[ 45.847s] PRUNE: margin=-17.000000, optimistic_rem(widened)=10.000000 -> cannot exceed 0.
[ 53.819s] PRUNE: margin=-17.500000, optimistic_rem(widened)=11.500000 -> cannot exceed 0.
[ 61.792s] PRUNE: margin=-17.500000, optimistic_rem(widened)=15.500000 -> cannot exceed 0.
[ 69.765s] PRUNE: margin=-17.500000, optimistic_rem(widened)=8.500000 -> cannot exceed 0.
[ 77.732s] PRUNE: margin=-18.000000, optimistic_rem(widened)=16.000000 -> cannot exceed 0.
[ 89.673s] PRUNE: margin=-10.500000, optimistic_rem(widened)=8.500000 -> cannot exceed 0.
[ 97.633s] PRUNE: margin=-10.500000, optimistic_rem(widened)=8.500000 -> cannot exceed 0.
[105.592s] PRUNE: margin=-10.500000, optimistic_rem(widened)=8.500000 -> cannot exceed 0.
[113.551s] PRUNE: margin=-10.500000, optimistic_rem(widened)=9.000000 -> cannot exceed 0.
[121.578s] PRUNE: margin=-10.500000, optimistic_rem(widened)=8.500000 -> cannot exceed 0.
[129.336s] PRUNE: margin=-11.000000, optimistic_rem(widened)=10.000000 -> cannot exceed 0.
[144.614s] PRUNE: margin=-10.500000, optimistic_rem(widened)=8.500000 -> cannot exceed 0.
[152.255s] PRUNE: margin=-10.500000, optimistic_rem(widened)=8.500000 -> cannot exceed 0.
[167.537s] PRUNE: margin=-10.500000, optimistic_rem(widened)=8.000000 -> cannot exceed 0.
[198.088s] PRUNE: margin=-10.500000, optimistic_rem(widened)=8.000000 -> cannot exceed 0.
[251.956s] PRUNE: margin=-16.500000, optimistic_rem(widened)=14.500000 -> cannot exceed 0.
[259.925s] PRUNE: margin=-16.500000, optimistic_rem(widened)=14.500000 -> cannot exceed 0.
[267.893s] PRUNE: margin=-16.500000, optimistic_rem(widened)=14.500000 -> cannot exceed 0.
[275.865s] PRUNE: margin=-17.000000, optimistic_rem(widened)=15.500000 -> cannot exceed 0.
[283.892s] PRUNE: margin=-17.000000, optimistic_rem(widened)=16.000000 -> cannot exceed 0.
[291.856s] PRUNE: margin=-16.500000, optimistic_rem(widened)=16.000000 -> cannot exceed 0.
[303.803s] PRUNE: margin=-17.000000, optimistic_rem(widened)=16.500000 -> cannot exceed 0.
[311.768s] PRUNE: margin=-17.000000, optimistic_rem(widened)=16.500000 -> cannot exceed 0.
[327.696s] PRUNE: margin=-17.000000, optimistic_rem(widened)=16.500000 -> cannot exceed 0.
[355.569s] PRUNE: margin=-16.500000, optimistic_rem(widened)=14.500000 -> cannot exceed 0.
[363.519s] PRUNE: margin=-16.500000, optimistic_rem(widened)=14.500000 -> cannot exceed 0.
[371.493s] PRUNE: margin=-16.500000, optimistic_rem(widened)=14.500000 -> cannot exceed 0.
[376.877s] PRUNE: margin=-17.000000, optimistic_rem(widened)=15.500000 -> cannot exceed 0.
[384.203s] PRUNE: margin=-17.000000, optimistic_rem(widened)=16.000000 -> cannot exceed 0.
[392.180s] PRUNE: margin=-16.500000, optimistic_rem(widened)=16.000000 -> cannot exceed 0.
[404.146s] PRUNE: margin=-17.000000, optimistic_rem(widened)=16.500000 -> cannot exceed 0.
[436.048s] PRUNE: margin=-16.500000, optimistic_rem(widened)=7.500000 -> cannot exceed 0.
[442.977s] PRUNE: margin=-17.000000, optimistic_rem(widened)=16.500000 -> cannot exceed 0.
[450.568s] PRUNE: margin=-17.000000, optimistic_rem(widened)=16.500000 -> cannot exceed 0.
[457.447s] PRUNE: margin=-17.000000, optimistic_rem(widened)=16.500000 -> cannot exceed 0.
[465.413s] PRUNE: margin=-17.000000, optimistic_rem(widened)=17.000000 -> cannot exceed 0.
[473.380s] PRUNE: margin=-17.000000, optimistic_rem(widened)=8.000000 -> cannot exceed 0.
[488.239s] PRUNE: margin=-17.000000, optimistic_rem(widened)=16.000000 -> cannot exceed 0.
[496.165s] PRUNE: margin=-17.000000, optimistic_rem(widened)=17.000000 -> cannot exceed 0.
[504.129s] PRUNE: margin=-17.000000, optimistic_rem(widened)=17.000000 -> cannot exceed 0.
[512.095s] PRUNE: margin=-17.000000, optimistic_rem(widened)=8.000000 -> cannot exceed 0.
[520.066s] PRUNE: margin=-17.000000, optimistic_rem(widened)=8.000000 -> cannot exceed 0.
[536.002s] PRUNE: margin=-17.500000, optimistic_rem(widened)=10.000000 -> cannot exceed 0.
[543.971s] PRUNE: margin=-17.000000, optimistic_rem(widened)=17.000000 -> cannot exceed 0.
[551.940s] PRUNE: margin=-17.000000, optimistic_rem(widened)=8.000000 -> cannot exceed 0.
[559.906s] PRUNE: margin=-17.000000, optimistic_rem(widened)=8.000000 -> cannot exceed 0.
[575.837s] PRUNE: margin=-17.500000, optimistic_rem(widened)=10.000000 -> cannot exceed 0.
[583.809s] PRUNE: margin=-17.000000, optimistic_rem(widened)=8.000000 -> cannot exceed 0.
[591.776s] PRUNE: margin=-17.000000, optimistic_rem(widened)=8.000000 -> cannot exceed 0.
[607.708s] PRUNE: margin=-17.500000, optimistic_rem(widened)=6.500000 -> cannot exceed 0.
[615.673s] PRUNE: margin=-17.000000, optimistic_rem(widened)=8.500000 -> cannot exceed 0.
[627.623s] PRUNE: margin=-17.000000, optimistic_rem(widened)=15.500000 -> cannot exceed 0.
[635.590s] PRUNE: margin=-17.000000, optimistic_rem(widened)=15.500000 -> cannot exceed 0.
[655.523s] PRUNE: margin=-17.000000, optimistic_rem(widened)=16.000000 -> cannot exceed 0.
[663.495s] PRUNE: margin=-17.000000, optimistic_rem(widened)=17.000000 -> cannot exceed 0.
[671.470s] PRUNE: margin=-17.000000, optimistic_rem(widened)=17.000000 -> cannot exceed 0.
[679.444s] PRUNE: margin=-17.000000, optimistic_rem(widened)=8.000000 -> cannot exceed 0.
[687.425s] PRUNE: margin=-17.000000, optimistic_rem(widened)=8.000000 -> cannot exceed 0.
[703.378s] PRUNE: margin=-17.500000, optimistic_rem(widened)=10.000000 -> cannot exceed 0.
[711.354s] PRUNE: margin=-17.000000, optimistic_rem(widened)=17.000000 -> cannot exceed 0.
[719.329s] PRUNE: margin=-17.000000, optimistic_rem(widened)=8.000000 -> cannot exceed 0.
[727.301s] PRUNE: margin=-17.000000, optimistic_rem(widened)=8.000000 -> cannot exceed 0.
[743.249s] PRUNE: margin=-17.500000, optimistic_rem(widened)=10.000000 -> cannot exceed 0.
[751.162s] PRUNE: margin=-17.000000, optimistic_rem(widened)=8.000000 -> cannot exceed 0.
[759.136s] PRUNE: margin=-17.000000, optimistic_rem(widened)=8.000000 -> cannot exceed 0.
[774.020s] PRUNE: margin=-17.500000, optimistic_rem(widened)=6.500000 -> cannot exceed 0.
[779.781s] PRUNE: margin=-17.000000, optimistic_rem(widened)=8.500000 -> cannot exceed 0.
[790.477s] PRUNE: margin=-17.000000, optimistic_rem(widened)=15.500000 -> cannot exceed 0.
[798.443s] PRUNE: margin=-17.000000, optimistic_rem(widened)=15.500000 -> cannot exceed 0.
[813.173s] PRUNE: margin=-17.500000, optimistic_rem(widened)=10.500000 -> cannot exceed 0.
[823.171s] PRUNE: margin=-17.000000, optimistic_rem(widened)=17.000000 -> cannot exceed 0.
[830.104s] PRUNE: margin=-17.000000, optimistic_rem(widened)=8.000000 -> cannot exceed 0.
[838.070s] PRUNE: margin=-17.000000, optimistic_rem(widened)=8.000000 -> cannot exceed 0.
[852.517s] PRUNE: margin=-17.000000, optimistic_rem(widened)=8.500000 -> cannot exceed 0.
[859.392s] PRUNE: margin=-17.000000, optimistic_rem(widened)=8.500000 -> cannot exceed 0.
[869.889s] PRUNE: margin=-17.000000, optimistic_rem(widened)=15.500000 -> cannot exceed 0.
[877.865s] PRUNE: margin=-17.000000, optimistic_rem(widened)=15.500000 -> cannot exceed 0.
[892.245s] PRUNE: margin=-17.500000, optimistic_rem(widened)=10.500000 -> cannot exceed 0.
[904.199s] PRUNE: margin=-17.000000, optimistic_rem(widened)=8.500000 -> cannot exceed 0.
[912.166s] PRUNE: margin=-17.000000, optimistic_rem(widened)=8.500000 -> cannot exceed 0.
[923.470s] PRUNE: margin=-17.000000, optimistic_rem(widened)=15.500000 -> cannot exceed 0.
[931.447s] PRUNE: margin=-17.000000, optimistic_rem(widened)=15.500000 -> cannot exceed 0.
[947.384s] PRUNE: margin=-17.500000, optimistic_rem(widened)=11.000000 -> cannot exceed 0.
[955.350s] PRUNE: margin=-17.000000, optimistic_rem(widened)=16.000000 -> cannot exceed 0.
[963.316s] PRUNE: margin=-17.000000, optimistic_rem(widened)=15.500000 -> cannot exceed 0.
[979.244s] PRUNE: margin=-17.500000, optimistic_rem(widened)=7.000000 -> cannot exceed 0.
[986.740s] PRUNE: margin=-17.500000, optimistic_rem(widened)=7.000000 -> cannot exceed 0.
[1002.682s] PRUNE: margin=-17.500000, optimistic_rem(widened)=8.500000 -> cannot exceed 0.
[1018.619s] No counterexample within budgets (BaB): no misclassification found.
STATUS: No counterexample | best_upper_margin=15.000000 | elapsed=1018.619s | pixels_changed=0 | total_bit_flips=0 | avg_hamming_per_pixel=0.000000 | patch_rows=7-8 | patch_cols=16-16 | note=no_counterexample_within_budgets
