[  0.000s] init: idx=4657 kmax=2 bmax=4 topx=2 widen=1.000 rank_fast=off
clean logits (hex):  0x82  0x82  0x83  0x85  0x81  0x83  0x82  0x83  0x83  0x82
clean logits (bits): 10000010 10000010 10000011 10000101 10000001 10000011 10000010 10000011 10000011 10000010
clean logits (double): -32.000000 -32.000000 -24.000000 -14.000000 -64.000000 -24.000000 -32.000000 -24.000000 -24.000000 -32.000000
[  0.019s] clean prediction: 3 (true label 3)
[ 10.547s] heuristic ROI: 2x2 block at rows 5-6, cols 5-6
[ 18.129s] selection: nSym=2 (from 4), topx=2, rank_fast=off
[ 18.129s] active patch: rows 5-6, cols 5-6 (derived from symPix)
[ 38.006s] Proceeding to BaB (greedy enabled).
[ 38.007s] Skipping root bound check (--no-root-bound).
[ 38.007s] BaB search starting (K<=2, B<=4, nSym=2, depth_limit=500000000, widen=1.00)...
[ 46.644s] PRUNE: margin=-12.000000, optimistic_rem(widened)=10.000000 -> cannot exceed 0.
[172.808s] PRUNE: margin=-10.000000, optimistic_rem(widened)=2.000000 -> cannot exceed 0.
[181.436s] PRUNE: margin=-10.000000, optimistic_rem(widened)=2.000000 -> cannot exceed 0.
[190.058s] PRUNE: margin=-12.000000, optimistic_rem(widened)=0.000000 -> cannot exceed 0.
[198.680s] PRUNE: margin=-12.000000, optimistic_rem(widened)=0.000000 -> cannot exceed 0.
[207.315s] PRUNE: margin=-10.000000, optimistic_rem(widened)=0.000000 -> cannot exceed 0.
[215.340s] PRUNE: margin=-10.000000, optimistic_rem(widened)=0.000000 -> cannot exceed 0.
[221.248s] PRUNE: margin=-10.000000, optimistic_rem(widened)=0.000000 -> cannot exceed 0.
[229.407s] PRUNE: margin=-12.000000, optimistic_rem(widened)=0.000000 -> cannot exceed 0.
[238.020s] PRUNE: margin=-12.000000, optimistic_rem(widened)=0.000000 -> cannot exceed 0.
[245.155s] PRUNE: margin=-10.000000, optimistic_rem(widened)=0.000000 -> cannot exceed 0.
[314.202s] PRUNE: margin=-10.000000, optimistic_rem(widened)=2.000000 -> cannot exceed 0.
[322.851s] PRUNE: margin=-10.000000, optimistic_rem(widened)=2.000000 -> cannot exceed 0.
[331.493s] PRUNE: margin=-10.000000, optimistic_rem(widened)=0.000000 -> cannot exceed 0.
[340.137s] PRUNE: margin=-10.000000, optimistic_rem(widened)=0.000000 -> cannot exceed 0.
[348.778s] PRUNE: margin=-10.000000, optimistic_rem(widened)=0.000000 -> cannot exceed 0.
[357.422s] PRUNE: margin=-10.000000, optimistic_rem(widened)=0.000000 -> cannot exceed 0.
[364.348s] PRUNE: margin=-10.000000, optimistic_rem(widened)=0.000000 -> cannot exceed 0.
[370.750s] PRUNE: margin=-12.000000, optimistic_rem(widened)=0.000000 -> cannot exceed 0.
[379.322s] PRUNE: margin=-12.000000, optimistic_rem(widened)=0.000000 -> cannot exceed 0.
[387.968s] PRUNE: margin=-10.000000, optimistic_rem(widened)=0.000000 -> cannot exceed 0.
[401.498s] PRUNE: margin=-12.000000, optimistic_rem(widened)=0.000000 -> cannot exceed 0.
[408.138s] PRUNE: margin=-10.000000, optimistic_rem(widened)=2.000000 -> cannot exceed 0.
[416.792s] PRUNE: margin=-10.000000, optimistic_rem(widened)=2.000000 -> cannot exceed 0.
[425.429s] PRUNE: margin=-10.000000, optimistic_rem(widened)=0.000000 -> cannot exceed 0.
[434.064s] PRUNE: margin=-10.000000, optimistic_rem(widened)=0.000000 -> cannot exceed 0.
[442.698s] PRUNE: margin=-12.000000, optimistic_rem(widened)=0.000000 -> cannot exceed 0.
[451.334s] PRUNE: margin=-10.000000, optimistic_rem(widened)=0.000000 -> cannot exceed 0.
[459.969s] PRUNE: margin=-10.000000, optimistic_rem(widened)=0.000000 -> cannot exceed 0.
[468.603s] PRUNE: margin=-12.000000, optimistic_rem(widened)=0.000000 -> cannot exceed 0.
[477.233s] PRUNE: margin=-10.000000, optimistic_rem(widened)=0.000000 -> cannot exceed 0.
[490.171s] PRUNE: margin=-10.000000, optimistic_rem(widened)=2.000000 -> cannot exceed 0.
[503.124s] PRUNE: margin=-10.000000, optimistic_rem(widened)=0.000000 -> cannot exceed 0.
[509.589s] PRUNE: margin=-10.000000, optimistic_rem(widened)=0.000000 -> cannot exceed 0.
[517.733s] PRUNE: margin=-10.000000, optimistic_rem(widened)=0.000000 -> cannot exceed 0.
[526.374s] PRUNE: margin=-10.000000, optimistic_rem(widened)=0.000000 -> cannot exceed 0.
[535.009s] PRUNE: margin=-10.000000, optimistic_rem(widened)=0.000000 -> cannot exceed 0.
[543.681s] PRUNE: margin=-10.000000, optimistic_rem(widened)=0.000000 -> cannot exceed 0.
[552.332s] PRUNE: margin=-10.000000, optimistic_rem(widened)=0.000000 -> cannot exceed 0.
[560.974s] PRUNE: margin=-10.000000, optimistic_rem(widened)=0.000000 -> cannot exceed 0.
[577.907s] PRUNE: margin=-10.000000, optimistic_rem(widened)=0.000000 -> cannot exceed 0.
[586.528s] PRUNE: margin=-10.000000, optimistic_rem(widened)=0.000000 -> cannot exceed 0.
[594.181s] PRUNE: margin=-12.000000, optimistic_rem(widened)=0.000000 -> cannot exceed 0.
[602.297s] PRUNE: margin=-10.000000, optimistic_rem(widened)=0.000000 -> cannot exceed 0.
[610.922s] PRUNE: margin=-12.000000, optimistic_rem(widened)=0.000000 -> cannot exceed 0.
[619.547s] PRUNE: margin=-12.000000, optimistic_rem(widened)=0.000000 -> cannot exceed 0.
[628.176s] PRUNE: margin=-10.000000, optimistic_rem(widened)=0.000000 -> cannot exceed 0.
[645.424s] PRUNE: margin=-10.000000, optimistic_rem(widened)=0.000000 -> cannot exceed 0.
[654.050s] PRUNE: margin=-12.000000, optimistic_rem(widened)=0.000000 -> cannot exceed 0.
[662.675s] PRUNE: margin=-10.000000, optimistic_rem(widened)=0.000000 -> cannot exceed 0.
[671.329s] PRUNE: margin=-12.000000, optimistic_rem(widened)=0.000000 -> cannot exceed 0.
[679.956s] PRUNE: margin=-12.000000, optimistic_rem(widened)=0.000000 -> cannot exceed 0.
[688.587s] PRUNE: margin=-10.000000, optimistic_rem(widened)=0.000000 -> cannot exceed 0.
[705.851s] PRUNE: margin=-10.000000, optimistic_rem(widened)=0.000000 -> cannot exceed 0.
[714.487s] PRUNE: margin=-10.000000, optimistic_rem(widened)=0.000000 -> cannot exceed 0.
[723.124s] PRUNE: margin=-12.000000, optimistic_rem(widened)=0.000000 -> cannot exceed 0.
[729.736s] PRUNE: margin=-12.000000, optimistic_rem(widened)=0.000000 -> cannot exceed 0.
[735.707s] PRUNE: margin=-10.000000, optimistic_rem(widened)=0.000000 -> cannot exceed 0.
[747.110s] PRUNE: margin=-10.000000, optimistic_rem(widened)=0.000000 -> cannot exceed 0.
[753.119s] PRUNE: margin=-10.000000, optimistic_rem(widened)=0.000000 -> cannot exceed 0.
[758.759s] PRUNE: margin=-12.000000, optimistic_rem(widened)=0.000000 -> cannot exceed 0.
[764.596s] PRUNE: margin=-12.000000, optimistic_rem(widened)=0.000000 -> cannot exceed 0.
[779.452s] PRUNE: margin=-12.000000, optimistic_rem(widened)=0.000000 -> cannot exceed 0.
[788.095s] PRUNE: margin=-12.000000, optimistic_rem(widened)=0.000000 -> cannot exceed 0.
[796.735s] PRUNE: margin=-10.000000, optimistic_rem(widened)=0.000000 -> cannot exceed 0.
[814.005s] PRUNE: margin=-10.000000, optimistic_rem(widened)=0.000000 -> cannot exceed 0.
[822.647s] PRUNE: margin=-10.000000, optimistic_rem(widened)=0.000000 -> cannot exceed 0.
[839.336s] PRUNE: margin=-10.000000, optimistic_rem(widened)=0.000000 -> cannot exceed 0.
[851.310s] PRUNE: margin=-10.000000, optimistic_rem(widened)=0.000000 -> cannot exceed 0.
[917.967s] PRUNE: margin=-10.000000, optimistic_rem(widened)=2.000000 -> cannot exceed 0.
[926.607s] PRUNE: margin=-10.000000, optimistic_rem(widened)=2.000000 -> cannot exceed 0.
[935.243s] PRUNE: margin=-10.000000, optimistic_rem(widened)=0.000000 -> cannot exceed 0.
[943.877s] PRUNE: margin=-10.000000, optimistic_rem(widened)=0.000000 -> cannot exceed 0.
[952.452s] PRUNE: margin=-10.000000, optimistic_rem(widened)=0.000000 -> cannot exceed 0.
[961.094s] PRUNE: margin=-10.000000, optimistic_rem(widened)=0.000000 -> cannot exceed 0.
[969.736s] PRUNE: margin=-10.000000, optimistic_rem(widened)=0.000000 -> cannot exceed 0.
[977.250s] PRUNE: margin=-12.000000, optimistic_rem(widened)=0.000000 -> cannot exceed 0.
[985.710s] PRUNE: margin=-12.000000, optimistic_rem(widened)=0.000000 -> cannot exceed 0.
[994.334s] PRUNE: margin=-10.000000, optimistic_rem(widened)=0.000000 -> cannot exceed 0.
[1011.578s] PRUNE: margin=-10.000000, optimistic_rem(widened)=2.000000 -> cannot exceed 0.
[1020.207s] PRUNE: margin=-10.000000, optimistic_rem(widened)=2.000000 -> cannot exceed 0.
[1028.829s] PRUNE: margin=-10.000000, optimistic_rem(widened)=0.000000 -> cannot exceed 0.
[1037.257s] PRUNE: margin=-10.000000, optimistic_rem(widened)=0.000000 -> cannot exceed 0.
[1044.385s] PRUNE: margin=-10.000000, optimistic_rem(widened)=0.000000 -> cannot exceed 0.
[1053.003s] PRUNE: margin=-10.000000, optimistic_rem(widened)=0.000000 -> cannot exceed 0.
[1059.276s] PRUNE: margin=-10.000000, optimistic_rem(widened)=0.000000 -> cannot exceed 0.
[1067.902s] PRUNE: margin=-10.000000, optimistic_rem(widened)=0.000000 -> cannot exceed 0.
[1076.527s] PRUNE: margin=-12.000000, optimistic_rem(widened)=0.000000 -> cannot exceed 0.
[1083.418s] PRUNE: margin=-10.000000, optimistic_rem(widened)=0.000000 -> cannot exceed 0.
[1095.150s] PRUNE: margin=-10.000000, optimistic_rem(widened)=2.000000 -> cannot exceed 0.
[1108.099s] PRUNE: margin=-10.000000, optimistic_rem(widened)=0.000000 -> cannot exceed 0.
[1116.735s] PRUNE: margin=-10.000000, optimistic_rem(widened)=0.000000 -> cannot exceed 0.
[1125.375s] PRUNE: margin=-10.000000, optimistic_rem(widened)=0.000000 -> cannot exceed 0.
[1134.013s] PRUNE: margin=-10.000000, optimistic_rem(widened)=0.000000 -> cannot exceed 0.
[1142.651s] PRUNE: margin=-10.000000, optimistic_rem(widened)=0.000000 -> cannot exceed 0.
[1151.291s] PRUNE: margin=-10.000000, optimistic_rem(widened)=0.000000 -> cannot exceed 0.
[1159.931s] PRUNE: margin=-10.000000, optimistic_rem(widened)=0.000000 -> cannot exceed 0.
[1168.574s] PRUNE: margin=-10.000000, optimistic_rem(widened)=0.000000 -> cannot exceed 0.
[1185.833s] PRUNE: margin=-10.000000, optimistic_rem(widened)=0.000000 -> cannot exceed 0.
[1194.465s] PRUNE: margin=-10.000000, optimistic_rem(widened)=0.000000 -> cannot exceed 0.
[1203.093s] PRUNE: margin=-10.000000, optimistic_rem(widened)=0.000000 -> cannot exceed 0.
[1210.076s] PRUNE: margin=-10.000000, optimistic_rem(widened)=0.000000 -> cannot exceed 0.
[1218.187s] PRUNE: margin=-12.000000, optimistic_rem(widened)=0.000000 -> cannot exceed 0.
[1226.360s] PRUNE: margin=-12.000000, optimistic_rem(widened)=0.000000 -> cannot exceed 0.
[1233.437s] PRUNE: margin=-12.000000, optimistic_rem(widened)=0.000000 -> cannot exceed 0.
[1246.151s] PRUNE: margin=-10.000000, optimistic_rem(widened)=0.000000 -> cannot exceed 0.
[1254.774s] PRUNE: margin=-10.000000, optimistic_rem(widened)=0.000000 -> cannot exceed 0.
[1263.402s] PRUNE: margin=-10.000000, optimistic_rem(widened)=0.000000 -> cannot exceed 0.
[1272.044s] PRUNE: margin=-12.000000, optimistic_rem(widened)=0.000000 -> cannot exceed 0.
[1280.687s] PRUNE: margin=-12.000000, optimistic_rem(widened)=0.000000 -> cannot exceed 0.
[1289.327s] PRUNE: margin=-12.000000, optimistic_rem(widened)=0.000000 -> cannot exceed 0.
[1305.636s] PRUNE: margin=-10.000000, optimistic_rem(widened)=0.000000 -> cannot exceed 0.
[1314.266s] PRUNE: margin=-10.000000, optimistic_rem(widened)=0.000000 -> cannot exceed 0.
[1322.896s] PRUNE: margin=-12.000000, optimistic_rem(widened)=0.000000 -> cannot exceed 0.
[1331.526s] PRUNE: margin=-12.000000, optimistic_rem(widened)=0.000000 -> cannot exceed 0.
[1340.158s] PRUNE: margin=-10.000000, optimistic_rem(widened)=0.000000 -> cannot exceed 0.
[1357.296s] PRUNE: margin=-10.000000, optimistic_rem(widened)=0.000000 -> cannot exceed 0.
[1365.919s] PRUNE: margin=-10.000000, optimistic_rem(widened)=0.000000 -> cannot exceed 0.
[1374.548s] PRUNE: margin=-12.000000, optimistic_rem(widened)=0.000000 -> cannot exceed 0.
[1383.172s] PRUNE: margin=-12.000000, optimistic_rem(widened)=0.000000 -> cannot exceed 0.
[1400.442s] PRUNE: margin=-12.000000, optimistic_rem(widened)=0.000000 -> cannot exceed 0.
[1409.063s] PRUNE: margin=-12.000000, optimistic_rem(widened)=0.000000 -> cannot exceed 0.
[1417.690s] PRUNE: margin=-10.000000, optimistic_rem(widened)=0.000000 -> cannot exceed 0.
[1434.931s] PRUNE: margin=-10.000000, optimistic_rem(widened)=0.000000 -> cannot exceed 0.
[1443.134s] PRUNE: margin=-10.000000, optimistic_rem(widened)=0.000000 -> cannot exceed 0.
[1460.409s] PRUNE: margin=-10.000000, optimistic_rem(widened)=0.000000 -> cannot exceed 0.
[1473.363s] PRUNE: margin=-10.000000, optimistic_rem(widened)=0.000000 -> cannot exceed 0.
[1494.945s] PRUNE: margin=-12.000000, optimistic_rem(widened)=0.000000 -> cannot exceed 0.
[1503.585s] PRUNE: margin=-10.000000, optimistic_rem(widened)=2.000000 -> cannot exceed 0.
[1512.230s] PRUNE: margin=-10.000000, optimistic_rem(widened)=2.000000 -> cannot exceed 0.
[1520.185s] PRUNE: margin=-10.000000, optimistic_rem(widened)=0.000000 -> cannot exceed 0.
[1528.830s] PRUNE: margin=-10.000000, optimistic_rem(widened)=0.000000 -> cannot exceed 0.
[1537.460s] PRUNE: margin=-10.000000, optimistic_rem(widened)=0.000000 -> cannot exceed 0.
[1545.627s] PRUNE: margin=-10.000000, optimistic_rem(widened)=0.000000 -> cannot exceed 0.
[1554.199s] PRUNE: margin=-10.000000, optimistic_rem(widened)=0.000000 -> cannot exceed 0.
[1562.826s] PRUNE: margin=-10.000000, optimistic_rem(widened)=0.000000 -> cannot exceed 0.
[1571.456s] PRUNE: margin=-10.000000, optimistic_rem(widened)=0.000000 -> cannot exceed 0.
[1584.396s] PRUNE: margin=-10.000000, optimistic_rem(widened)=2.000000 -> cannot exceed 0.
[1597.351s] PRUNE: margin=-10.000000, optimistic_rem(widened)=0.000000 -> cannot exceed 0.
[1605.993s] PRUNE: margin=-10.000000, optimistic_rem(widened)=0.000000 -> cannot exceed 0.
[1614.639s] PRUNE: margin=-10.000000, optimistic_rem(widened)=0.000000 -> cannot exceed 0.
[1623.280s] PRUNE: margin=-10.000000, optimistic_rem(widened)=0.000000 -> cannot exceed 0.
[1631.921s] PRUNE: margin=-10.000000, optimistic_rem(widened)=0.000000 -> cannot exceed 0.
[1640.564s] PRUNE: margin=-10.000000, optimistic_rem(widened)=0.000000 -> cannot exceed 0.
[1649.256s] PRUNE: margin=-10.000000, optimistic_rem(widened)=0.000000 -> cannot exceed 0.
[1657.898s] PRUNE: margin=-10.000000, optimistic_rem(widened)=0.000000 -> cannot exceed 0.
[1675.083s] PRUNE: margin=-10.000000, optimistic_rem(widened)=0.000000 -> cannot exceed 0.
[1682.634s] PRUNE: margin=-10.000000, optimistic_rem(widened)=0.000000 -> cannot exceed 0.
[1690.295s] PRUNE: margin=-10.000000, optimistic_rem(widened)=0.000000 -> cannot exceed 0.
[1695.769s] PRUNE: margin=-10.000000, optimistic_rem(widened)=0.000000 -> cannot exceed 0.
[1704.409s] PRUNE: margin=-10.000000, optimistic_rem(widened)=0.000000 -> cannot exceed 0.
[1713.050s] PRUNE: margin=-12.000000, optimistic_rem(widened)=0.000000 -> cannot exceed 0.
[1721.693s] PRUNE: margin=-10.000000, optimistic_rem(widened)=0.000000 -> cannot exceed 0.
[1738.972s] PRUNE: margin=-10.000000, optimistic_rem(widened)=0.000000 -> cannot exceed 0.
[1747.613s] PRUNE: margin=-10.000000, optimistic_rem(widened)=0.000000 -> cannot exceed 0.
[1756.256s] PRUNE: margin=-10.000000, optimistic_rem(widened)=0.000000 -> cannot exceed 0.
[1764.896s] PRUNE: margin=-10.000000, optimistic_rem(widened)=0.000000 -> cannot exceed 0.
[1773.546s] PRUNE: margin=-12.000000, optimistic_rem(widened)=0.000000 -> cannot exceed 0.
[1782.191s] PRUNE: margin=-10.000000, optimistic_rem(widened)=0.000000 -> cannot exceed 0.
[1799.474s] PRUNE: margin=-12.000000, optimistic_rem(widened)=0.000000 -> cannot exceed 0.
[1808.118s] PRUNE: margin=-10.000000, optimistic_rem(widened)=0.000000 -> cannot exceed 0.
[1816.763s] PRUNE: margin=-10.000000, optimistic_rem(widened)=0.000000 -> cannot exceed 0.
[1825.413s] PRUNE: margin=-12.000000, optimistic_rem(widened)=0.000000 -> cannot exceed 0.
[1834.060s] PRUNE: margin=-10.000000, optimistic_rem(widened)=0.000000 -> cannot exceed 0.
[1851.353s] PRUNE: margin=-10.000000, optimistic_rem(widened)=0.000000 -> cannot exceed 0.
[1859.999s] PRUNE: margin=-12.000000, optimistic_rem(widened)=0.000000 -> cannot exceed 0.
[1868.645s] PRUNE: margin=-12.000000, optimistic_rem(widened)=0.000000 -> cannot exceed 0.
[1877.293s] PRUNE: margin=-10.000000, optimistic_rem(widened)=0.000000 -> cannot exceed 0.
[1894.583s] PRUNE: margin=-12.000000, optimistic_rem(widened)=0.000000 -> cannot exceed 0.
[1903.229s] PRUNE: margin=-12.000000, optimistic_rem(widened)=0.000000 -> cannot exceed 0.
[1911.881s] PRUNE: margin=-10.000000, optimistic_rem(widened)=0.000000 -> cannot exceed 0.
[1922.878s] PRUNE: margin=-12.000000, optimistic_rem(widened)=2.000000 -> cannot exceed 0.
[1930.948s] PRUNE: margin=-10.000000, optimistic_rem(widened)=0.000000 -> cannot exceed 0.
[1943.095s] PRUNE: margin=-10.000000, optimistic_rem(widened)=0.000000 -> cannot exceed 0.
[1960.353s] PRUNE: margin=-12.000000, optimistic_rem(widened)=2.000000 -> cannot exceed 0.
[1968.987s] PRUNE: margin=-10.000000, optimistic_rem(widened)=2.000000 -> cannot exceed 0.
[1981.949s] PRUNE: margin=-10.000000, optimistic_rem(widened)=0.000000 -> cannot exceed 0.
[1990.596s] PRUNE: margin=-10.000000, optimistic_rem(widened)=0.000000 -> cannot exceed 0.
[1999.245s] PRUNE: margin=-10.000000, optimistic_rem(widened)=0.000000 -> cannot exceed 0.
[2007.891s] PRUNE: margin=-10.000000, optimistic_rem(widened)=0.000000 -> cannot exceed 0.
[2016.508s] PRUNE: margin=-10.000000, optimistic_rem(widened)=0.000000 -> cannot exceed 0.
[2025.154s] PRUNE: margin=-10.000000, optimistic_rem(widened)=0.000000 -> cannot exceed 0.
[2033.799s] PRUNE: margin=-10.000000, optimistic_rem(widened)=0.000000 -> cannot exceed 0.
[2051.070s] PRUNE: margin=-10.000000, optimistic_rem(widened)=0.000000 -> cannot exceed 0.
[2059.705s] PRUNE: margin=-10.000000, optimistic_rem(widened)=0.000000 -> cannot exceed 0.
[2068.337s] PRUNE: margin=-10.000000, optimistic_rem(widened)=0.000000 -> cannot exceed 0.
[2076.970s] PRUNE: margin=-10.000000, optimistic_rem(widened)=0.000000 -> cannot exceed 0.
[2085.602s] PRUNE: margin=-12.000000, optimistic_rem(widened)=0.000000 -> cannot exceed 0.
[2094.241s] PRUNE: margin=-10.000000, optimistic_rem(widened)=0.000000 -> cannot exceed 0.
[2111.508s] PRUNE: margin=-10.000000, optimistic_rem(widened)=0.000000 -> cannot exceed 0.
[2119.651s] PRUNE: margin=-10.000000, optimistic_rem(widened)=0.000000 -> cannot exceed 0.
[2128.278s] PRUNE: margin=-10.000000, optimistic_rem(widened)=0.000000 -> cannot exceed 0.
[2136.905s] PRUNE: margin=-12.000000, optimistic_rem(widened)=0.000000 -> cannot exceed 0.
[2145.533s] PRUNE: margin=-10.000000, optimistic_rem(widened)=0.000000 -> cannot exceed 0.
[2162.781s] PRUNE: margin=-10.000000, optimistic_rem(widened)=0.000000 -> cannot exceed 0.
[2171.405s] PRUNE: margin=-10.000000, optimistic_rem(widened)=0.000000 -> cannot exceed 0.
[2180.029s] PRUNE: margin=-12.000000, optimistic_rem(widened)=0.000000 -> cannot exceed 0.
[2187.313s] PRUNE: margin=-10.000000, optimistic_rem(widened)=0.000000 -> cannot exceed 0.
[2202.727s] PRUNE: margin=-10.000000, optimistic_rem(widened)=0.000000 -> cannot exceed 0.
[2211.357s] PRUNE: margin=-10.000000, optimistic_rem(widened)=0.000000 -> cannot exceed 0.
[2219.988s] PRUNE: margin=-10.000000, optimistic_rem(widened)=0.000000 -> cannot exceed 0.
[2237.243s] PRUNE: margin=-12.000000, optimistic_rem(widened)=0.000000 -> cannot exceed 0.
[2245.875s] PRUNE: margin=-10.000000, optimistic_rem(widened)=0.000000 -> cannot exceed 0.
[2263.150s] PRUNE: margin=-10.000000, optimistic_rem(widened)=0.000000 -> cannot exceed 0.
[2275.712s] PRUNE: margin=-10.000000, optimistic_rem(widened)=0.000000 -> cannot exceed 0.
[2292.702s] PRUNE: margin=-12.000000, optimistic_rem(widened)=2.000000 -> cannot exceed 0.
[2305.662s] PRUNE: margin=-10.000000, optimistic_rem(widened)=0.000000 -> cannot exceed 0.
[2314.321s] PRUNE: margin=-10.000000, optimistic_rem(widened)=0.000000 -> cannot exceed 0.
[2322.973s] PRUNE: margin=-10.000000, optimistic_rem(widened)=0.000000 -> cannot exceed 0.
[2331.625s] PRUNE: margin=-10.000000, optimistic_rem(widened)=0.000000 -> cannot exceed 0.
[2340.277s] PRUNE: margin=-10.000000, optimistic_rem(widened)=0.000000 -> cannot exceed 0.
[2348.930s] PRUNE: margin=-10.000000, optimistic_rem(widened)=0.000000 -> cannot exceed 0.
[2357.583s] PRUNE: margin=-10.000000, optimistic_rem(widened)=0.000000 -> cannot exceed 0.
[2374.874s] PRUNE: margin=-10.000000, optimistic_rem(widened)=0.000000 -> cannot exceed 0.
[2383.514s] PRUNE: margin=-10.000000, optimistic_rem(widened)=0.000000 -> cannot exceed 0.
[2392.164s] PRUNE: margin=-10.000000, optimistic_rem(widened)=0.000000 -> cannot exceed 0.
[2400.804s] PRUNE: margin=-10.000000, optimistic_rem(widened)=0.000000 -> cannot exceed 0.
[2409.458s] PRUNE: margin=-10.000000, optimistic_rem(widened)=0.000000 -> cannot exceed 0.
[2418.102s] PRUNE: margin=-10.000000, optimistic_rem(widened)=0.000000 -> cannot exceed 0.
[2435.404s] PRUNE: margin=-10.000000, optimistic_rem(widened)=0.000000 -> cannot exceed 0.
[2444.063s] PRUNE: margin=-10.000000, optimistic_rem(widened)=0.000000 -> cannot exceed 0.
[2452.706s] PRUNE: margin=-10.000000, optimistic_rem(widened)=0.000000 -> cannot exceed 0.
[2461.389s] PRUNE: margin=-10.000000, optimistic_rem(widened)=0.000000 -> cannot exceed 0.
[2470.036s] PRUNE: margin=-10.000000, optimistic_rem(widened)=0.000000 -> cannot exceed 0.
[2487.328s] PRUNE: margin=-12.000000, optimistic_rem(widened)=0.000000 -> cannot exceed 0.
[2495.881s] PRUNE: margin=-10.000000, optimistic_rem(widened)=0.000000 -> cannot exceed 0.
[2501.919s] PRUNE: margin=-10.000000, optimistic_rem(widened)=0.000000 -> cannot exceed 0.
[2509.960s] PRUNE: margin=-10.000000, optimistic_rem(widened)=0.000000 -> cannot exceed 0.
[2527.231s] PRUNE: margin=-10.000000, optimistic_rem(widened)=0.000000 -> cannot exceed 0.
[2535.869s] PRUNE: margin=-10.000000, optimistic_rem(widened)=0.000000 -> cannot exceed 0.
[2544.508s] PRUNE: margin=-10.000000, optimistic_rem(widened)=0.000000 -> cannot exceed 0.
[2561.779s] PRUNE: margin=-10.000000, optimistic_rem(widened)=0.000000 -> cannot exceed 0.
[2570.420s] PRUNE: margin=-10.000000, optimistic_rem(widened)=0.000000 -> cannot exceed 0.
[2583.334s] PRUNE: margin=-10.000000, optimistic_rem(widened)=0.000000 -> cannot exceed 0.
[2591.974s] PRUNE: margin=-10.000000, optimistic_rem(widened)=0.000000 -> cannot exceed 0.
[2609.838s] PRUNE: margin=-10.000000, optimistic_rem(widened)=0.000000 -> cannot exceed 0.
[2618.447s] PRUNE: margin=-10.000000, optimistic_rem(widened)=0.000000 -> cannot exceed 0.
[2627.101s] PRUNE: margin=-10.000000, optimistic_rem(widened)=0.000000 -> cannot exceed 0.
[2635.754s] PRUNE: margin=-10.000000, optimistic_rem(widened)=0.000000 -> cannot exceed 0.
[2644.406s] PRUNE: margin=-10.000000, optimistic_rem(widened)=0.000000 -> cannot exceed 0.
[2653.058s] PRUNE: margin=-10.000000, optimistic_rem(widened)=0.000000 -> cannot exceed 0.
[2661.712s] PRUNE: margin=-10.000000, optimistic_rem(widened)=0.000000 -> cannot exceed 0.
[2679.016s] PRUNE: margin=-10.000000, optimistic_rem(widened)=0.000000 -> cannot exceed 0.
[2687.667s] PRUNE: margin=-10.000000, optimistic_rem(widened)=0.000000 -> cannot exceed 0.
[2696.319s] PRUNE: margin=-10.000000, optimistic_rem(widened)=0.000000 -> cannot exceed 0.
[2704.971s] PRUNE: margin=-10.000000, optimistic_rem(widened)=0.000000 -> cannot exceed 0.
[2713.623s] PRUNE: margin=-10.000000, optimistic_rem(widened)=0.000000 -> cannot exceed 0.
[2722.277s] PRUNE: margin=-10.000000, optimistic_rem(widened)=0.000000 -> cannot exceed 0.
[2739.580s] PRUNE: margin=-10.000000, optimistic_rem(widened)=0.000000 -> cannot exceed 0.
[2748.227s] PRUNE: margin=-10.000000, optimistic_rem(widened)=0.000000 -> cannot exceed 0.
[2756.874s] PRUNE: margin=-10.000000, optimistic_rem(widened)=0.000000 -> cannot exceed 0.
[2765.525s] PRUNE: margin=-10.000000, optimistic_rem(widened)=0.000000 -> cannot exceed 0.
[2774.176s] PRUNE: margin=-10.000000, optimistic_rem(widened)=0.000000 -> cannot exceed 0.
[2791.465s] PRUNE: margin=-10.000000, optimistic_rem(widened)=0.000000 -> cannot exceed 0.
[2800.112s] PRUNE: margin=-10.000000, optimistic_rem(widened)=0.000000 -> cannot exceed 0.
[2808.824s] PRUNE: margin=-10.000000, optimistic_rem(widened)=0.000000 -> cannot exceed 0.
[2817.476s] PRUNE: margin=-10.000000, optimistic_rem(widened)=0.000000 -> cannot exceed 0.
[2834.776s] PRUNE: margin=-10.000000, optimistic_rem(widened)=0.000000 -> cannot exceed 0.
[2843.422s] PRUNE: margin=-10.000000, optimistic_rem(widened)=0.000000 -> cannot exceed 0.
[2852.076s] PRUNE: margin=-10.000000, optimistic_rem(widened)=0.000000 -> cannot exceed 0.
[2869.379s] PRUNE: margin=-10.000000, optimistic_rem(widened)=0.000000 -> cannot exceed 0.
[2878.034s] PRUNE: margin=-10.000000, optimistic_rem(widened)=0.000000 -> cannot exceed 0.
[2895.337s] PRUNE: margin=-10.000000, optimistic_rem(widened)=0.000000 -> cannot exceed 0.
[2929.879s] PRUNE: margin=-10.000000, optimistic_rem(widened)=0.000000 -> cannot exceed 0.
[2938.515s] PRUNE: margin=-12.000000, optimistic_rem(widened)=0.000000 -> cannot exceed 0.
[2947.145s] PRUNE: margin=-10.000000, optimistic_rem(widened)=0.000000 -> cannot exceed 0.
[2955.775s] PRUNE: margin=-12.000000, optimistic_rem(widened)=0.000000 -> cannot exceed 0.
[2964.405s] PRUNE: margin=-12.000000, optimistic_rem(widened)=0.000000 -> cannot exceed 0.
[2973.038s] PRUNE: margin=-10.000000, optimistic_rem(widened)=0.000000 -> cannot exceed 0.
[2990.322s] PRUNE: margin=-10.000000, optimistic_rem(widened)=0.000000 -> cannot exceed 0.
[2998.946s] PRUNE: margin=-12.000000, optimistic_rem(widened)=0.000000 -> cannot exceed 0.
[3007.572s] PRUNE: margin=-12.000000, optimistic_rem(widened)=0.000000 -> cannot exceed 0.
[3016.198s] PRUNE: margin=-12.000000, optimistic_rem(widened)=0.000000 -> cannot exceed 0.
[3023.451s] PRUNE: margin=-10.000000, optimistic_rem(widened)=0.000000 -> cannot exceed 0.
[3039.543s] PRUNE: margin=-12.000000, optimistic_rem(widened)=0.000000 -> cannot exceed 0.
[3048.168s] PRUNE: margin=-10.000000, optimistic_rem(widened)=0.000000 -> cannot exceed 0.
[3056.798s] PRUNE: margin=-10.000000, optimistic_rem(widened)=0.000000 -> cannot exceed 0.
[3064.463s] PRUNE: margin=-12.000000, optimistic_rem(widened)=0.000000 -> cannot exceed 0.
[3081.664s] PRUNE: margin=-12.000000, optimistic_rem(widened)=0.000000 -> cannot exceed 0.
[3090.306s] PRUNE: margin=-12.000000, optimistic_rem(widened)=0.000000 -> cannot exceed 0.
[3098.734s] PRUNE: margin=-10.000000, optimistic_rem(widened)=0.000000 -> cannot exceed 0.
[3115.405s] PRUNE: margin=-10.000000, optimistic_rem(widened)=0.000000 -> cannot exceed 0.
[3124.050s] PRUNE: margin=-10.000000, optimistic_rem(widened)=0.000000 -> cannot exceed 0.
[3141.326s] PRUNE: margin=-10.000000, optimistic_rem(widened)=0.000000 -> cannot exceed 0.
[3154.280s] PRUNE: margin=-10.000000, optimistic_rem(widened)=0.000000 -> cannot exceed 0.
[3175.870s] PRUNE: margin=-10.000000, optimistic_rem(widened)=0.000000 -> cannot exceed 0.
[3184.503s] PRUNE: margin=-12.000000, optimistic_rem(widened)=0.000000 -> cannot exceed 0.
[3193.138s] PRUNE: margin=-12.000000, optimistic_rem(widened)=0.000000 -> cannot exceed 0.
[3201.773s] PRUNE: margin=-12.000000, optimistic_rem(widened)=0.000000 -> cannot exceed 0.
[3210.411s] PRUNE: margin=-10.000000, optimistic_rem(widened)=0.000000 -> cannot exceed 0.
[3227.320s] PRUNE: margin=-12.000000, optimistic_rem(widened)=0.000000 -> cannot exceed 0.
[3235.570s] PRUNE: margin=-10.000000, optimistic_rem(widened)=0.000000 -> cannot exceed 0.
[3244.197s] PRUNE: margin=-10.000000, optimistic_rem(widened)=0.000000 -> cannot exceed 0.
[3252.826s] PRUNE: margin=-12.000000, optimistic_rem(widened)=0.000000 -> cannot exceed 0.
[3270.075s] PRUNE: margin=-12.000000, optimistic_rem(widened)=0.000000 -> cannot exceed 0.
[3278.701s] PRUNE: margin=-12.000000, optimistic_rem(widened)=0.000000 -> cannot exceed 0.
[3287.330s] PRUNE: margin=-10.000000, optimistic_rem(widened)=0.000000 -> cannot exceed 0.
[3304.583s] PRUNE: margin=-10.000000, optimistic_rem(widened)=0.000000 -> cannot exceed 0.
[3312.592s] PRUNE: margin=-10.000000, optimistic_rem(widened)=0.000000 -> cannot exceed 0.
[3329.850s] PRUNE: margin=-10.000000, optimistic_rem(widened)=0.000000 -> cannot exceed 0.
[3342.790s] PRUNE: margin=-10.000000, optimistic_rem(widened)=0.000000 -> cannot exceed 0.
[3364.363s] PRUNE: margin=-10.000000, optimistic_rem(widened)=0.000000 -> cannot exceed 0.
[3372.990s] PRUNE: margin=-10.000000, optimistic_rem(widened)=0.000000 -> cannot exceed 0.
[3381.614s] PRUNE: margin=-12.000000, optimistic_rem(widened)=0.000000 -> cannot exceed 0.
[3390.239s] PRUNE: margin=-12.000000, optimistic_rem(widened)=0.000000 -> cannot exceed 0.
[3407.484s] PRUNE: margin=-12.000000, optimistic_rem(widened)=0.000000 -> cannot exceed 0.
[3416.108s] PRUNE: margin=-12.000000, optimistic_rem(widened)=0.000000 -> cannot exceed 0.
[3424.737s] PRUNE: margin=-10.000000, optimistic_rem(widened)=0.000000 -> cannot exceed 0.
[3441.986s] PRUNE: margin=-10.000000, optimistic_rem(widened)=0.000000 -> cannot exceed 0.
[3450.614s] PRUNE: margin=-10.000000, optimistic_rem(widened)=0.000000 -> cannot exceed 0.
[3467.868s] PRUNE: margin=-10.000000, optimistic_rem(widened)=0.000000 -> cannot exceed 0.
[3480.808s] PRUNE: margin=-10.000000, optimistic_rem(widened)=0.000000 -> cannot exceed 0.
[3498.057s] PRUNE: margin=-12.000000, optimistic_rem(widened)=2.000000 -> cannot exceed 0.
[3506.683s] PRUNE: margin=-12.000000, optimistic_rem(widened)=2.000000 -> cannot exceed 0.
[3515.326s] PRUNE: margin=-12.000000, optimistic_rem(widened)=2.000000 -> cannot exceed 0.
[3523.644s] PRUNE: margin=-10.000000, optimistic_rem(widened)=0.000000 -> cannot exceed 0.
[3538.223s] PRUNE: margin=-12.000000, optimistic_rem(widened)=2.000000 -> cannot exceed 0.
[3546.380s] PRUNE: margin=-12.000000, optimistic_rem(widened)=2.000000 -> cannot exceed 0.
[3566.056s] PRUNE: margin=-10.000000, optimistic_rem(widened)=0.000000 -> cannot exceed 0.
[3603.682s] PRUNE: margin=-10.000000, optimistic_rem(widened)=0.000000 -> cannot exceed 0.
[3676.637s] PRUNE: margin=-10.000000, optimistic_rem(widened)=2.000000 -> cannot exceed 0.
[3683.209s] PRUNE: margin=-10.000000, optimistic_rem(widened)=2.000000 -> cannot exceed 0.
[3688.594s] PRUNE: margin=-10.000000, optimistic_rem(widened)=0.000000 -> cannot exceed 0.
[3695.212s] PRUNE: margin=-10.000000, optimistic_rem(widened)=0.000000 -> cannot exceed 0.
[3703.855s] PRUNE: margin=-10.000000, optimistic_rem(widened)=0.000000 -> cannot exceed 0.
[3712.488s] PRUNE: margin=-10.000000, optimistic_rem(widened)=0.000000 -> cannot exceed 0.
[3721.038s] PRUNE: margin=-10.000000, optimistic_rem(widened)=0.000000 -> cannot exceed 0.
[3729.675s] PRUNE: margin=-12.000000, optimistic_rem(widened)=0.000000 -> cannot exceed 0.
[3738.310s] PRUNE: margin=-12.000000, optimistic_rem(widened)=0.000000 -> cannot exceed 0.
[3746.949s] PRUNE: margin=-10.000000, optimistic_rem(widened)=0.000000 -> cannot exceed 0.
[3764.217s] PRUNE: margin=-10.000000, optimistic_rem(widened)=2.000000 -> cannot exceed 0.
[3772.854s] PRUNE: margin=-10.000000, optimistic_rem(widened)=2.000000 -> cannot exceed 0.
[3781.487s] PRUNE: margin=-10.000000, optimistic_rem(widened)=0.000000 -> cannot exceed 0.
[3790.120s] PRUNE: margin=-10.000000, optimistic_rem(widened)=0.000000 -> cannot exceed 0.
[3798.753s] PRUNE: margin=-10.000000, optimistic_rem(widened)=0.000000 -> cannot exceed 0.
[3807.387s] PRUNE: margin=-10.000000, optimistic_rem(widened)=0.000000 -> cannot exceed 0.
[3816.018s] PRUNE: margin=-10.000000, optimistic_rem(widened)=0.000000 -> cannot exceed 0.
[3824.649s] PRUNE: margin=-10.000000, optimistic_rem(widened)=0.000000 -> cannot exceed 0.
[3833.287s] PRUNE: margin=-12.000000, optimistic_rem(widened)=0.000000 -> cannot exceed 0.
[3841.907s] PRUNE: margin=-10.000000, optimistic_rem(widened)=0.000000 -> cannot exceed 0.
[3854.838s] PRUNE: margin=-10.000000, optimistic_rem(widened)=2.000000 -> cannot exceed 0.
[3867.779s] PRUNE: margin=-10.000000, optimistic_rem(widened)=0.000000 -> cannot exceed 0.
[3876.414s] PRUNE: margin=-10.000000, optimistic_rem(widened)=0.000000 -> cannot exceed 0.
[3885.048s] PRUNE: margin=-10.000000, optimistic_rem(widened)=0.000000 -> cannot exceed 0.
[3893.682s] PRUNE: margin=-10.000000, optimistic_rem(widened)=0.000000 -> cannot exceed 0.
[3902.313s] PRUNE: margin=-10.000000, optimistic_rem(widened)=0.000000 -> cannot exceed 0.
[3910.953s] PRUNE: margin=-10.000000, optimistic_rem(widened)=0.000000 -> cannot exceed 0.
[3919.595s] PRUNE: margin=-10.000000, optimistic_rem(widened)=0.000000 -> cannot exceed 0.
[3928.247s] PRUNE: margin=-10.000000, optimistic_rem(widened)=0.000000 -> cannot exceed 0.
[3943.796s] PRUNE: margin=-10.000000, optimistic_rem(widened)=0.000000 -> cannot exceed 0.
[3952.430s] PRUNE: margin=-10.000000, optimistic_rem(widened)=0.000000 -> cannot exceed 0.
[3961.074s] PRUNE: margin=-10.000000, optimistic_rem(widened)=0.000000 -> cannot exceed 0.
[3969.720s] PRUNE: margin=-10.000000, optimistic_rem(widened)=0.000000 -> cannot exceed 0.
[3978.365s] PRUNE: margin=-12.000000, optimistic_rem(widened)=0.000000 -> cannot exceed 0.
[3987.013s] PRUNE: margin=-12.000000, optimistic_rem(widened)=0.000000 -> cannot exceed 0.
[3995.641s] PRUNE: margin=-12.000000, optimistic_rem(widened)=0.000000 -> cannot exceed 0.
[4012.891s] PRUNE: margin=-10.000000, optimistic_rem(widened)=0.000000 -> cannot exceed 0.
[4021.517s] PRUNE: margin=-10.000000, optimistic_rem(widened)=0.000000 -> cannot exceed 0.
[4030.145s] PRUNE: margin=-10.000000, optimistic_rem(widened)=0.000000 -> cannot exceed 0.
[4038.770s] PRUNE: margin=-12.000000, optimistic_rem(widened)=0.000000 -> cannot exceed 0.
[4047.415s] PRUNE: margin=-12.000000, optimistic_rem(widened)=0.000000 -> cannot exceed 0.
[4054.863s] PRUNE: margin=-12.000000, optimistic_rem(widened)=0.000000 -> cannot exceed 0.
[4068.189s] PRUNE: margin=-10.000000, optimistic_rem(widened)=0.000000 -> cannot exceed 0.
[4076.824s] PRUNE: margin=-10.000000, optimistic_rem(widened)=0.000000 -> cannot exceed 0.
[4085.001s] PRUNE: margin=-12.000000, optimistic_rem(widened)=0.000000 -> cannot exceed 0.
[4093.629s] PRUNE: margin=-12.000000, optimistic_rem(widened)=0.000000 -> cannot exceed 0.
[4102.260s] PRUNE: margin=-10.000000, optimistic_rem(widened)=0.000000 -> cannot exceed 0.
[4119.548s] PRUNE: margin=-10.000000, optimistic_rem(widened)=0.000000 -> cannot exceed 0.
[4128.196s] PRUNE: margin=-10.000000, optimistic_rem(widened)=0.000000 -> cannot exceed 0.
[4136.836s] PRUNE: margin=-12.000000, optimistic_rem(widened)=0.000000 -> cannot exceed 0.
[4145.466s] PRUNE: margin=-12.000000, optimistic_rem(widened)=0.000000 -> cannot exceed 0.
[4162.711s] PRUNE: margin=-12.000000, optimistic_rem(widened)=0.000000 -> cannot exceed 0.
[4171.334s] PRUNE: margin=-12.000000, optimistic_rem(widened)=0.000000 -> cannot exceed 0.
[4179.960s] PRUNE: margin=-10.000000, optimistic_rem(widened)=0.000000 -> cannot exceed 0.
[4197.202s] PRUNE: margin=-10.000000, optimistic_rem(widened)=0.000000 -> cannot exceed 0.
[4205.829s] PRUNE: margin=-10.000000, optimistic_rem(widened)=0.000000 -> cannot exceed 0.
[4220.140s] PRUNE: margin=-10.000000, optimistic_rem(widened)=0.000000 -> cannot exceed 0.
[4229.358s] PRUNE: margin=-10.000000, optimistic_rem(widened)=0.000000 -> cannot exceed 0.
[4246.777s] PRUNE: margin=-12.000000, optimistic_rem(widened)=0.000000 -> cannot exceed 0.
[4255.084s] PRUNE: margin=-10.000000, optimistic_rem(widened)=2.000000 -> cannot exceed 0.
[4262.818s] PRUNE: margin=-10.000000, optimistic_rem(widened)=2.000000 -> cannot exceed 0.
[4271.180s] PRUNE: margin=-10.000000, optimistic_rem(widened)=0.000000 -> cannot exceed 0.
[4279.819s] PRUNE: margin=-10.000000, optimistic_rem(widened)=0.000000 -> cannot exceed 0.
[4287.203s] PRUNE: margin=-10.000000, optimistic_rem(widened)=0.000000 -> cannot exceed 0.
[4295.516s] PRUNE: margin=-10.000000, optimistic_rem(widened)=0.000000 -> cannot exceed 0.
[4302.170s] PRUNE: margin=-10.000000, optimistic_rem(widened)=0.000000 -> cannot exceed 0.
[4308.655s] PRUNE: margin=-10.000000, optimistic_rem(widened)=0.000000 -> cannot exceed 0.
[4317.290s] PRUNE: margin=-10.000000, optimistic_rem(widened)=0.000000 -> cannot exceed 0.
[4330.244s] PRUNE: margin=-10.000000, optimistic_rem(widened)=2.000000 -> cannot exceed 0.
[4343.196s] PRUNE: margin=-10.000000, optimistic_rem(widened)=0.000000 -> cannot exceed 0.
[4351.834s] PRUNE: margin=-10.000000, optimistic_rem(widened)=0.000000 -> cannot exceed 0.
[4360.472s] PRUNE: margin=-10.000000, optimistic_rem(widened)=0.000000 -> cannot exceed 0.
[4369.110s] PRUNE: margin=-10.000000, optimistic_rem(widened)=0.000000 -> cannot exceed 0.
[4377.409s] PRUNE: margin=-10.000000, optimistic_rem(widened)=0.000000 -> cannot exceed 0.
[4383.218s] PRUNE: margin=-10.000000, optimistic_rem(widened)=0.000000 -> cannot exceed 0.
[4389.835s] PRUNE: margin=-10.000000, optimistic_rem(widened)=0.000000 -> cannot exceed 0.
[4395.946s] PRUNE: margin=-10.000000, optimistic_rem(widened)=0.000000 -> cannot exceed 0.
[4410.019s] PRUNE: margin=-10.000000, optimistic_rem(widened)=0.000000 -> cannot exceed 0.
[4418.648s] PRUNE: margin=-10.000000, optimistic_rem(widened)=0.000000 -> cannot exceed 0.
[4427.277s] PRUNE: margin=-10.000000, optimistic_rem(widened)=0.000000 -> cannot exceed 0.
[4435.906s] PRUNE: margin=-10.000000, optimistic_rem(widened)=0.000000 -> cannot exceed 0.
[4444.535s] PRUNE: margin=-10.000000, optimistic_rem(widened)=0.000000 -> cannot exceed 0.
[4453.167s] PRUNE: margin=-12.000000, optimistic_rem(widened)=0.000000 -> cannot exceed 0.
[4461.801s] PRUNE: margin=-10.000000, optimistic_rem(widened)=0.000000 -> cannot exceed 0.
[4479.067s] PRUNE: margin=-10.000000, optimistic_rem(widened)=0.000000 -> cannot exceed 0.
[4487.700s] PRUNE: margin=-10.000000, optimistic_rem(widened)=0.000000 -> cannot exceed 0.
[4496.321s] PRUNE: margin=-10.000000, optimistic_rem(widened)=0.000000 -> cannot exceed 0.
[4504.439s] PRUNE: margin=-10.000000, optimistic_rem(widened)=0.000000 -> cannot exceed 0.
[4511.614s] PRUNE: margin=-12.000000, optimistic_rem(widened)=0.000000 -> cannot exceed 0.
[4520.253s] PRUNE: margin=-10.000000, optimistic_rem(widened)=0.000000 -> cannot exceed 0.
[4537.518s] PRUNE: margin=-12.000000, optimistic_rem(widened)=0.000000 -> cannot exceed 0.
[4546.175s] PRUNE: margin=-10.000000, optimistic_rem(widened)=0.000000 -> cannot exceed 0.
[4553.525s] PRUNE: margin=-10.000000, optimistic_rem(widened)=0.000000 -> cannot exceed 0.
[4561.698s] PRUNE: margin=-12.000000, optimistic_rem(widened)=0.000000 -> cannot exceed 0.
[4570.328s] PRUNE: margin=-10.000000, optimistic_rem(widened)=0.000000 -> cannot exceed 0.
[4587.573s] PRUNE: margin=-10.000000, optimistic_rem(widened)=0.000000 -> cannot exceed 0.
[4596.221s] PRUNE: margin=-12.000000, optimistic_rem(widened)=0.000000 -> cannot exceed 0.
[4604.843s] PRUNE: margin=-12.000000, optimistic_rem(widened)=0.000000 -> cannot exceed 0.
[4613.475s] PRUNE: margin=-10.000000, optimistic_rem(widened)=0.000000 -> cannot exceed 0.
[4630.715s] PRUNE: margin=-12.000000, optimistic_rem(widened)=0.000000 -> cannot exceed 0.
[4639.335s] PRUNE: margin=-12.000000, optimistic_rem(widened)=0.000000 -> cannot exceed 0.
[4647.335s] PRUNE: margin=-10.000000, optimistic_rem(widened)=0.000000 -> cannot exceed 0.
[4658.506s] PRUNE: margin=-12.000000, optimistic_rem(widened)=2.000000 -> cannot exceed 0.
[4669.288s] PRUNE: margin=-10.000000, optimistic_rem(widened)=0.000000 -> cannot exceed 0.
[4682.231s] PRUNE: margin=-10.000000, optimistic_rem(widened)=0.000000 -> cannot exceed 0.
[4699.484s] PRUNE: margin=-12.000000, optimistic_rem(widened)=2.000000 -> cannot exceed 0.
[4708.143s] PRUNE: margin=-10.000000, optimistic_rem(widened)=2.000000 -> cannot exceed 0.
[4721.106s] PRUNE: margin=-10.000000, optimistic_rem(widened)=0.000000 -> cannot exceed 0.
[4729.754s] PRUNE: margin=-10.000000, optimistic_rem(widened)=0.000000 -> cannot exceed 0.
[4738.337s] PRUNE: margin=-10.000000, optimistic_rem(widened)=0.000000 -> cannot exceed 0.
[4746.991s] PRUNE: margin=-10.000000, optimistic_rem(widened)=0.000000 -> cannot exceed 0.
[4755.644s] PRUNE: margin=-10.000000, optimistic_rem(widened)=0.000000 -> cannot exceed 0.
[4764.307s] PRUNE: margin=-10.000000, optimistic_rem(widened)=0.000000 -> cannot exceed 0.
[4772.961s] PRUNE: margin=-10.000000, optimistic_rem(widened)=0.000000 -> cannot exceed 0.
[4788.837s] PRUNE: margin=-10.000000, optimistic_rem(widened)=0.000000 -> cannot exceed 0.
[4797.478s] PRUNE: margin=-10.000000, optimistic_rem(widened)=0.000000 -> cannot exceed 0.
[4806.110s] PRUNE: margin=-10.000000, optimistic_rem(widened)=0.000000 -> cannot exceed 0.
[4813.871s] PRUNE: margin=-10.000000, optimistic_rem(widened)=0.000000 -> cannot exceed 0.
[4821.361s] PRUNE: margin=-12.000000, optimistic_rem(widened)=0.000000 -> cannot exceed 0.
[4829.996s] PRUNE: margin=-10.000000, optimistic_rem(widened)=0.000000 -> cannot exceed 0.
[4847.269s] PRUNE: margin=-10.000000, optimistic_rem(widened)=0.000000 -> cannot exceed 0.
[4855.894s] PRUNE: margin=-10.000000, optimistic_rem(widened)=0.000000 -> cannot exceed 0.
[4864.520s] PRUNE: margin=-10.000000, optimistic_rem(widened)=0.000000 -> cannot exceed 0.
[4873.147s] PRUNE: margin=-12.000000, optimistic_rem(widened)=0.000000 -> cannot exceed 0.
[4881.776s] PRUNE: margin=-10.000000, optimistic_rem(widened)=0.000000 -> cannot exceed 0.
[4899.026s] PRUNE: margin=-10.000000, optimistic_rem(widened)=0.000000 -> cannot exceed 0.
[4907.653s] PRUNE: margin=-10.000000, optimistic_rem(widened)=0.000000 -> cannot exceed 0.
[4916.281s] PRUNE: margin=-12.000000, optimistic_rem(widened)=0.000000 -> cannot exceed 0.
[4924.909s] PRUNE: margin=-10.000000, optimistic_rem(widened)=0.000000 -> cannot exceed 0.
[4942.162s] PRUNE: margin=-10.000000, optimistic_rem(widened)=0.000000 -> cannot exceed 0.
[4950.513s] PRUNE: margin=-10.000000, optimistic_rem(widened)=0.000000 -> cannot exceed 0.
[4957.199s] PRUNE: margin=-10.000000, optimistic_rem(widened)=0.000000 -> cannot exceed 0.
[4974.044s] PRUNE: margin=-12.000000, optimistic_rem(widened)=0.000000 -> cannot exceed 0.
[4982.672s] PRUNE: margin=-10.000000, optimistic_rem(widened)=0.000000 -> cannot exceed 0.
[4999.926s] PRUNE: margin=-10.000000, optimistic_rem(widened)=0.000000 -> cannot exceed 0.
[5012.516s] PRUNE: margin=-10.000000, optimistic_rem(widened)=0.000000 -> cannot exceed 0.
[5029.293s] PRUNE: margin=-12.000000, optimistic_rem(widened)=2.000000 -> cannot exceed 0.
[5042.241s] PRUNE: margin=-10.000000, optimistic_rem(widened)=0.000000 -> cannot exceed 0.
[5050.875s] PRUNE: margin=-10.000000, optimistic_rem(widened)=0.000000 -> cannot exceed 0.
[5059.543s] PRUNE: margin=-10.000000, optimistic_rem(widened)=0.000000 -> cannot exceed 0.
[5068.191s] PRUNE: margin=-10.000000, optimistic_rem(widened)=0.000000 -> cannot exceed 0.
[5076.844s] PRUNE: margin=-10.000000, optimistic_rem(widened)=0.000000 -> cannot exceed 0.
[5085.508s] PRUNE: margin=-10.000000, optimistic_rem(widened)=0.000000 -> cannot exceed 0.
[5093.340s] PRUNE: margin=-10.000000, optimistic_rem(widened)=0.000000 -> cannot exceed 0.
[5109.540s] PRUNE: margin=-10.000000, optimistic_rem(widened)=0.000000 -> cannot exceed 0.
[5118.182s] PRUNE: margin=-10.000000, optimistic_rem(widened)=0.000000 -> cannot exceed 0.
[5125.133s] PRUNE: margin=-10.000000, optimistic_rem(widened)=0.000000 -> cannot exceed 0.
[5131.732s] PRUNE: margin=-10.000000, optimistic_rem(widened)=0.000000 -> cannot exceed 0.
[5137.876s] PRUNE: margin=-10.000000, optimistic_rem(widened)=0.000000 -> cannot exceed 0.
[5146.421s] PRUNE: margin=-10.000000, optimistic_rem(widened)=0.000000 -> cannot exceed 0.
[5163.683s] PRUNE: margin=-10.000000, optimistic_rem(widened)=0.000000 -> cannot exceed 0.
[5172.318s] PRUNE: margin=-10.000000, optimistic_rem(widened)=0.000000 -> cannot exceed 0.
[5180.951s] PRUNE: margin=-10.000000, optimistic_rem(widened)=0.000000 -> cannot exceed 0.
[5189.585s] PRUNE: margin=-10.000000, optimistic_rem(widened)=0.000000 -> cannot exceed 0.
[5198.223s] PRUNE: margin=-10.000000, optimistic_rem(widened)=0.000000 -> cannot exceed 0.
[5214.384s] PRUNE: margin=-12.000000, optimistic_rem(widened)=0.000000 -> cannot exceed 0.
[5222.085s] PRUNE: margin=-10.000000, optimistic_rem(widened)=0.000000 -> cannot exceed 0.
[5229.856s] PRUNE: margin=-10.000000, optimistic_rem(widened)=0.000000 -> cannot exceed 0.
[5238.207s] PRUNE: margin=-10.000000, optimistic_rem(widened)=0.000000 -> cannot exceed 0.
[5253.760s] PRUNE: margin=-10.000000, optimistic_rem(widened)=0.000000 -> cannot exceed 0.
[5262.405s] PRUNE: margin=-10.000000, optimistic_rem(widened)=0.000000 -> cannot exceed 0.
[5270.033s] PRUNE: margin=-10.000000, optimistic_rem(widened)=0.000000 -> cannot exceed 0.
[5287.204s] PRUNE: margin=-10.000000, optimistic_rem(widened)=0.000000 -> cannot exceed 0.
[5295.854s] PRUNE: margin=-10.000000, optimistic_rem(widened)=0.000000 -> cannot exceed 0.
[5308.832s] PRUNE: margin=-10.000000, optimistic_rem(widened)=0.000000 -> cannot exceed 0.
[5317.462s] PRUNE: margin=-10.000000, optimistic_rem(widened)=0.000000 -> cannot exceed 0.
[5339.045s] PRUNE: margin=-10.000000, optimistic_rem(widened)=0.000000 -> cannot exceed 0.
[5347.684s] PRUNE: margin=-10.000000, optimistic_rem(widened)=0.000000 -> cannot exceed 0.
[5356.338s] PRUNE: margin=-10.000000, optimistic_rem(widened)=0.000000 -> cannot exceed 0.
[5362.776s] PRUNE: margin=-10.000000, optimistic_rem(widened)=0.000000 -> cannot exceed 0.
[5371.335s] PRUNE: margin=-10.000000, optimistic_rem(widened)=0.000000 -> cannot exceed 0.
[5379.976s] PRUNE: margin=-10.000000, optimistic_rem(widened)=0.000000 -> cannot exceed 0.
[5388.618s] PRUNE: margin=-10.000000, optimistic_rem(widened)=0.000000 -> cannot exceed 0.
[5405.898s] PRUNE: margin=-10.000000, optimistic_rem(widened)=0.000000 -> cannot exceed 0.
[5414.532s] PRUNE: margin=-10.000000, optimistic_rem(widened)=0.000000 -> cannot exceed 0.
[5423.174s] PRUNE: margin=-10.000000, optimistic_rem(widened)=0.000000 -> cannot exceed 0.
[5431.814s] PRUNE: margin=-10.000000, optimistic_rem(widened)=0.000000 -> cannot exceed 0.
[5440.457s] PRUNE: margin=-10.000000, optimistic_rem(widened)=0.000000 -> cannot exceed 0.
[5449.101s] PRUNE: margin=-10.000000, optimistic_rem(widened)=0.000000 -> cannot exceed 0.
[5466.380s] PRUNE: margin=-10.000000, optimistic_rem(widened)=0.000000 -> cannot exceed 0.
[5475.021s] PRUNE: margin=-10.000000, optimistic_rem(widened)=0.000000 -> cannot exceed 0.
[5483.661s] PRUNE: margin=-10.000000, optimistic_rem(widened)=0.000000 -> cannot exceed 0.
[5492.307s] PRUNE: margin=-10.000000, optimistic_rem(widened)=0.000000 -> cannot exceed 0.
[5500.960s] PRUNE: margin=-10.000000, optimistic_rem(widened)=0.000000 -> cannot exceed 0.
[5518.255s] PRUNE: margin=-10.000000, optimistic_rem(widened)=0.000000 -> cannot exceed 0.
[5525.410s] PRUNE: margin=-10.000000, optimistic_rem(widened)=0.000000 -> cannot exceed 0.
[5533.662s] PRUNE: margin=-10.000000, optimistic_rem(widened)=0.000000 -> cannot exceed 0.
[5542.304s] PRUNE: margin=-10.000000, optimistic_rem(widened)=0.000000 -> cannot exceed 0.
[5559.582s] PRUNE: margin=-10.000000, optimistic_rem(widened)=0.000000 -> cannot exceed 0.
[5568.251s] PRUNE: margin=-10.000000, optimistic_rem(widened)=0.000000 -> cannot exceed 0.
[5576.904s] PRUNE: margin=-10.000000, optimistic_rem(widened)=0.000000 -> cannot exceed 0.
[5594.207s] PRUNE: margin=-10.000000, optimistic_rem(widened)=0.000000 -> cannot exceed 0.
[5601.174s] PRUNE: margin=-10.000000, optimistic_rem(widened)=0.000000 -> cannot exceed 0.
[5617.660s] PRUNE: margin=-10.000000, optimistic_rem(widened)=0.000000 -> cannot exceed 0.
[5647.121s] PRUNE: margin=-10.000000, optimistic_rem(widened)=0.000000 -> cannot exceed 0.
[5654.263s] PRUNE: margin=-12.000000, optimistic_rem(widened)=0.000000 -> cannot exceed 0.
[5662.136s] PRUNE: margin=-10.000000, optimistic_rem(widened)=0.000000 -> cannot exceed 0.
[5668.638s] PRUNE: margin=-12.000000, optimistic_rem(widened)=0.000000 -> cannot exceed 0.
[5675.402s] PRUNE: margin=-12.000000, optimistic_rem(widened)=0.000000 -> cannot exceed 0.
[5683.522s] PRUNE: margin=-10.000000, optimistic_rem(widened)=0.000000 -> cannot exceed 0.
[5700.780s] PRUNE: margin=-10.000000, optimistic_rem(widened)=0.000000 -> cannot exceed 0.
[5709.408s] PRUNE: margin=-12.000000, optimistic_rem(widened)=0.000000 -> cannot exceed 0.
[5718.038s] PRUNE: margin=-12.000000, optimistic_rem(widened)=0.000000 -> cannot exceed 0.
[5726.669s] PRUNE: margin=-12.000000, optimistic_rem(widened)=0.000000 -> cannot exceed 0.
[5735.300s] PRUNE: margin=-10.000000, optimistic_rem(widened)=0.000000 -> cannot exceed 0.
[5752.581s] PRUNE: margin=-12.000000, optimistic_rem(widened)=0.000000 -> cannot exceed 0.
[5761.211s] PRUNE: margin=-10.000000, optimistic_rem(widened)=0.000000 -> cannot exceed 0.
[5768.776s] PRUNE: margin=-10.000000, optimistic_rem(widened)=0.000000 -> cannot exceed 0.
[5775.370s] PRUNE: margin=-12.000000, optimistic_rem(widened)=0.000000 -> cannot exceed 0.
[5789.423s] PRUNE: margin=-12.000000, optimistic_rem(widened)=0.000000 -> cannot exceed 0.
[5798.059s] PRUNE: margin=-12.000000, optimistic_rem(widened)=0.000000 -> cannot exceed 0.
[5806.691s] PRUNE: margin=-10.000000, optimistic_rem(widened)=0.000000 -> cannot exceed 0.
[5823.959s] PRUNE: margin=-10.000000, optimistic_rem(widened)=0.000000 -> cannot exceed 0.
[5832.597s] PRUNE: margin=-10.000000, optimistic_rem(widened)=0.000000 -> cannot exceed 0.
[5849.886s] PRUNE: margin=-10.000000, optimistic_rem(widened)=0.000000 -> cannot exceed 0.
[5862.849s] PRUNE: margin=-10.000000, optimistic_rem(widened)=0.000000 -> cannot exceed 0.
[5883.233s] PRUNE: margin=-10.000000, optimistic_rem(widened)=0.000000 -> cannot exceed 0.
[5890.245s] PRUNE: margin=-12.000000, optimistic_rem(widened)=0.000000 -> cannot exceed 0.
[5898.491s] PRUNE: margin=-12.000000, optimistic_rem(widened)=0.000000 -> cannot exceed 0.
[5907.119s] PRUNE: margin=-12.000000, optimistic_rem(widened)=0.000000 -> cannot exceed 0.
[5915.764s] PRUNE: margin=-10.000000, optimistic_rem(widened)=0.000000 -> cannot exceed 0.
[5933.069s] PRUNE: margin=-12.000000, optimistic_rem(widened)=0.000000 -> cannot exceed 0.
[5941.732s] PRUNE: margin=-10.000000, optimistic_rem(widened)=0.000000 -> cannot exceed 0.
[5949.912s] PRUNE: margin=-10.000000, optimistic_rem(widened)=0.000000 -> cannot exceed 0.
[5956.326s] PRUNE: margin=-12.000000, optimistic_rem(widened)=0.000000 -> cannot exceed 0.
[5973.146s] PRUNE: margin=-12.000000, optimistic_rem(widened)=0.000000 -> cannot exceed 0.
[5981.770s] PRUNE: margin=-12.000000, optimistic_rem(widened)=0.000000 -> cannot exceed 0.
[5990.397s] PRUNE: margin=-10.000000, optimistic_rem(widened)=0.000000 -> cannot exceed 0.
[6007.643s] PRUNE: margin=-10.000000, optimistic_rem(widened)=0.000000 -> cannot exceed 0.
[6016.273s] PRUNE: margin=-10.000000, optimistic_rem(widened)=0.000000 -> cannot exceed 0.
[6033.460s] PRUNE: margin=-10.000000, optimistic_rem(widened)=0.000000 -> cannot exceed 0.
[6045.214s] PRUNE: margin=-10.000000, optimistic_rem(widened)=0.000000 -> cannot exceed 0.
[6066.290s] PRUNE: margin=-10.000000, optimistic_rem(widened)=0.000000 -> cannot exceed 0.
[6074.732s] PRUNE: margin=-10.000000, optimistic_rem(widened)=0.000000 -> cannot exceed 0.
[6083.378s] PRUNE: margin=-12.000000, optimistic_rem(widened)=0.000000 -> cannot exceed 0.
[6092.025s] PRUNE: margin=-12.000000, optimistic_rem(widened)=0.000000 -> cannot exceed 0.
[6108.657s] PRUNE: margin=-12.000000, optimistic_rem(widened)=0.000000 -> cannot exceed 0.
[6116.636s] PRUNE: margin=-12.000000, optimistic_rem(widened)=0.000000 -> cannot exceed 0.
[6125.305s] PRUNE: margin=-10.000000, optimistic_rem(widened)=0.000000 -> cannot exceed 0.
[6142.458s] PRUNE: margin=-10.000000, optimistic_rem(widened)=0.000000 -> cannot exceed 0.
[6151.087s] PRUNE: margin=-10.000000, optimistic_rem(widened)=0.000000 -> cannot exceed 0.
[6167.960s] PRUNE: margin=-10.000000, optimistic_rem(widened)=0.000000 -> cannot exceed 0.
[6180.898s] PRUNE: margin=-10.000000, optimistic_rem(widened)=0.000000 -> cannot exceed 0.
[6198.143s] PRUNE: margin=-12.000000, optimistic_rem(widened)=2.000000 -> cannot exceed 0.
[6206.769s] PRUNE: margin=-12.000000, optimistic_rem(widened)=2.000000 -> cannot exceed 0.
[6215.409s] PRUNE: margin=-12.000000, optimistic_rem(widened)=2.000000 -> cannot exceed 0.
[6224.050s] PRUNE: margin=-10.000000, optimistic_rem(widened)=0.000000 -> cannot exceed 0.
[6241.309s] PRUNE: margin=-12.000000, optimistic_rem(widened)=2.000000 -> cannot exceed 0.
[6249.948s] PRUNE: margin=-12.000000, optimistic_rem(widened)=2.000000 -> cannot exceed 0.
[6275.886s] PRUNE: margin=-10.000000, optimistic_rem(widened)=0.000000 -> cannot exceed 0.
[6313.791s] PRUNE: margin=-10.000000, optimistic_rem(widened)=0.000000 -> cannot exceed 0.
[6339.684s] PRUNE: margin=-12.000000, optimistic_rem(widened)=0.000000 -> cannot exceed 0.
[6348.315s] PRUNE: margin=-12.000000, optimistic_rem(widened)=0.000000 -> cannot exceed 0.
[6356.948s] PRUNE: margin=-12.000000, optimistic_rem(widened)=0.000000 -> cannot exceed 0.
[6365.583s] PRUNE: margin=-10.000000, optimistic_rem(widened)=2.000000 -> cannot exceed 0.
[6374.223s] PRUNE: margin=-10.000000, optimistic_rem(widened)=2.000000 -> cannot exceed 0.
[6382.851s] PRUNE: margin=-10.000000, optimistic_rem(widened)=0.000000 -> cannot exceed 0.
[6391.469s] PRUNE: margin=-10.000000, optimistic_rem(widened)=0.000000 -> cannot exceed 0.
[6400.088s] PRUNE: margin=-10.000000, optimistic_rem(widened)=0.000000 -> cannot exceed 0.
[6408.710s] PRUNE: margin=-10.000000, optimistic_rem(widened)=0.000000 -> cannot exceed 0.
[6417.331s] PRUNE: margin=-10.000000, optimistic_rem(widened)=0.000000 -> cannot exceed 0.
[6430.272s] PRUNE: margin=-10.000000, optimistic_rem(widened)=2.000000 -> cannot exceed 0.
[6443.228s] PRUNE: margin=-10.000000, optimistic_rem(widened)=0.000000 -> cannot exceed 0.
[6451.026s] PRUNE: margin=-10.000000, optimistic_rem(widened)=0.000000 -> cannot exceed 0.
[6459.690s] PRUNE: margin=-10.000000, optimistic_rem(widened)=0.000000 -> cannot exceed 0.
[6468.339s] PRUNE: margin=-10.000000, optimistic_rem(widened)=0.000000 -> cannot exceed 0.
[6476.989s] PRUNE: margin=-10.000000, optimistic_rem(widened)=0.000000 -> cannot exceed 0.
[6484.676s] PRUNE: margin=-10.000000, optimistic_rem(widened)=0.000000 -> cannot exceed 0.
[6490.803s] PRUNE: margin=-10.000000, optimistic_rem(widened)=0.000000 -> cannot exceed 0.
[6499.348s] PRUNE: margin=-10.000000, optimistic_rem(widened)=0.000000 -> cannot exceed 0.
[6516.624s] PRUNE: margin=-12.000000, optimistic_rem(widened)=0.000000 -> cannot exceed 0.
[6525.262s] PRUNE: margin=-10.000000, optimistic_rem(widened)=0.000000 -> cannot exceed 0.
[6533.899s] PRUNE: margin=-10.000000, optimistic_rem(widened)=0.000000 -> cannot exceed 0.
[6542.535s] PRUNE: margin=-10.000000, optimistic_rem(widened)=0.000000 -> cannot exceed 0.
[6550.988s] PRUNE: margin=-10.000000, optimistic_rem(widened)=0.000000 -> cannot exceed 0.
[6557.311s] PRUNE: margin=-12.000000, optimistic_rem(widened)=0.000000 -> cannot exceed 0.
[6565.938s] PRUNE: margin=-10.000000, optimistic_rem(widened)=0.000000 -> cannot exceed 0.
[6581.807s] PRUNE: margin=-12.000000, optimistic_rem(widened)=0.000000 -> cannot exceed 0.
[6590.440s] PRUNE: margin=-10.000000, optimistic_rem(widened)=0.000000 -> cannot exceed 0.
[6597.548s] PRUNE: margin=-10.000000, optimistic_rem(widened)=0.000000 -> cannot exceed 0.
[6603.750s] PRUNE: margin=-10.000000, optimistic_rem(widened)=0.000000 -> cannot exceed 0.
[6609.596s] PRUNE: margin=-12.000000, optimistic_rem(widened)=0.000000 -> cannot exceed 0.
[6616.339s] PRUNE: margin=-10.000000, optimistic_rem(widened)=0.000000 -> cannot exceed 0.
[6632.993s] PRUNE: margin=-12.000000, optimistic_rem(widened)=0.000000 -> cannot exceed 0.
[6641.622s] PRUNE: margin=-10.000000, optimistic_rem(widened)=0.000000 -> cannot exceed 0.
[6650.252s] PRUNE: margin=-10.000000, optimistic_rem(widened)=0.000000 -> cannot exceed 0.
[6658.882s] PRUNE: margin=-12.000000, optimistic_rem(widened)=0.000000 -> cannot exceed 0.
[6665.692s] PRUNE: margin=-10.000000, optimistic_rem(widened)=0.000000 -> cannot exceed 0.
[6680.561s] PRUNE: margin=-10.000000, optimistic_rem(widened)=0.000000 -> cannot exceed 0.
[6686.342s] PRUNE: margin=-10.000000, optimistic_rem(widened)=0.000000 -> cannot exceed 0.
[6692.519s] PRUNE: margin=-10.000000, optimistic_rem(widened)=0.000000 -> cannot exceed 0.
[6701.123s] PRUNE: margin=-10.000000, optimistic_rem(widened)=0.000000 -> cannot exceed 0.
[6718.391s] PRUNE: margin=-12.000000, optimistic_rem(widened)=0.000000 -> cannot exceed 0.
[6727.024s] PRUNE: margin=-12.000000, optimistic_rem(widened)=0.000000 -> cannot exceed 0.
[6735.665s] PRUNE: margin=-10.000000, optimistic_rem(widened)=0.000000 -> cannot exceed 0.
[6748.617s] PRUNE: margin=-12.000000, optimistic_rem(widened)=2.000000 -> cannot exceed 0.
[6761.385s] PRUNE: margin=-10.000000, optimistic_rem(widened)=0.000000 -> cannot exceed 0.
[6774.338s] PRUNE: margin=-10.000000, optimistic_rem(widened)=0.000000 -> cannot exceed 0.
[6791.613s] PRUNE: margin=-12.000000, optimistic_rem(widened)=2.000000 -> cannot exceed 0.
[6800.225s] PRUNE: margin=-10.000000, optimistic_rem(widened)=2.000000 -> cannot exceed 0.
[6813.187s] PRUNE: margin=-10.000000, optimistic_rem(widened)=0.000000 -> cannot exceed 0.
[6821.831s] PRUNE: margin=-10.000000, optimistic_rem(widened)=0.000000 -> cannot exceed 0.
[6830.472s] PRUNE: margin=-10.000000, optimistic_rem(widened)=0.000000 -> cannot exceed 0.
[6837.027s] PRUNE: margin=-10.000000, optimistic_rem(widened)=0.000000 -> cannot exceed 0.
[6845.683s] PRUNE: margin=-10.000000, optimistic_rem(widened)=0.000000 -> cannot exceed 0.
[6853.233s] PRUNE: margin=-10.000000, optimistic_rem(widened)=0.000000 -> cannot exceed 0.
[6860.348s] PRUNE: margin=-10.000000, optimistic_rem(widened)=0.000000 -> cannot exceed 0.
[6875.836s] PRUNE: margin=-12.000000, optimistic_rem(widened)=0.000000 -> cannot exceed 0.
[6884.450s] PRUNE: margin=-12.000000, optimistic_rem(widened)=0.000000 -> cannot exceed 0.
[6893.050s] PRUNE: margin=-10.000000, optimistic_rem(widened)=0.000000 -> cannot exceed 0.
[6899.219s] PRUNE: margin=-10.000000, optimistic_rem(widened)=0.000000 -> cannot exceed 0.
[6904.922s] PRUNE: margin=-12.000000, optimistic_rem(widened)=0.000000 -> cannot exceed 0.
[6912.320s] PRUNE: margin=-10.000000, optimistic_rem(widened)=0.000000 -> cannot exceed 0.
[6929.588s] PRUNE: margin=-12.000000, optimistic_rem(widened)=0.000000 -> cannot exceed 0.
[6937.848s] PRUNE: margin=-10.000000, optimistic_rem(widened)=0.000000 -> cannot exceed 0.
[6945.670s] PRUNE: margin=-10.000000, optimistic_rem(widened)=0.000000 -> cannot exceed 0.
[6954.301s] PRUNE: margin=-12.000000, optimistic_rem(widened)=0.000000 -> cannot exceed 0.
[6961.734s] PRUNE: margin=-10.000000, optimistic_rem(widened)=0.000000 -> cannot exceed 0.
[6978.714s] PRUNE: margin=-10.000000, optimistic_rem(widened)=0.000000 -> cannot exceed 0.
[6987.165s] PRUNE: margin=-10.000000, optimistic_rem(widened)=0.000000 -> cannot exceed 0.
[6995.814s] PRUNE: margin=-10.000000, optimistic_rem(widened)=0.000000 -> cannot exceed 0.
[7004.442s] PRUNE: margin=-10.000000, optimistic_rem(widened)=0.000000 -> cannot exceed 0.
[7021.728s] PRUNE: margin=-10.000000, optimistic_rem(widened)=0.000000 -> cannot exceed 0.
[7030.355s] PRUNE: margin=-10.000000, optimistic_rem(widened)=0.000000 -> cannot exceed 0.
[7038.452s] PRUNE: margin=-10.000000, optimistic_rem(widened)=0.000000 -> cannot exceed 0.
[7055.690s] PRUNE: margin=-12.000000, optimistic_rem(widened)=0.000000 -> cannot exceed 0.
[7064.344s] PRUNE: margin=-10.000000, optimistic_rem(widened)=0.000000 -> cannot exceed 0.
[7081.656s] PRUNE: margin=-10.000000, optimistic_rem(widened)=0.000000 -> cannot exceed 0.
[7094.596s] PRUNE: margin=-10.000000, optimistic_rem(widened)=0.000000 -> cannot exceed 0.
[7107.577s] PRUNE: margin=-10.000000, optimistic_rem(widened)=2.000000 -> cannot exceed 0.
[7123.539s] PRUNE: margin=-10.000000, optimistic_rem(widened)=0.000000 -> cannot exceed 0.
[7132.041s] PRUNE: margin=-10.000000, optimistic_rem(widened)=0.000000 -> cannot exceed 0.
[7138.297s] PRUNE: margin=-10.000000, optimistic_rem(widened)=0.000000 -> cannot exceed 0.
[7144.188s] PRUNE: margin=-10.000000, optimistic_rem(widened)=0.000000 -> cannot exceed 0.
[7151.619s] PRUNE: margin=-10.000000, optimistic_rem(widened)=0.000000 -> cannot exceed 0.
[7159.112s] PRUNE: margin=-10.000000, optimistic_rem(widened)=0.000000 -> cannot exceed 0.
[7165.368s] PRUNE: margin=-10.000000, optimistic_rem(widened)=0.000000 -> cannot exceed 0.
[7180.332s] PRUNE: margin=-10.000000, optimistic_rem(widened)=0.000000 -> cannot exceed 0.
[7186.640s] PRUNE: margin=-10.000000, optimistic_rem(widened)=0.000000 -> cannot exceed 0.
[7192.993s] PRUNE: margin=-10.000000, optimistic_rem(widened)=0.000000 -> cannot exceed 0.
[7198.721s] PRUNE: margin=-10.000000, optimistic_rem(widened)=0.000000 -> cannot exceed 0.
[7204.775s] PRUNE: margin=-10.000000, optimistic_rem(widened)=0.000000 -> cannot exceed 0.
[7210.829s] PRUNE: margin=-10.000000, optimistic_rem(widened)=0.000000 -> cannot exceed 0.
[7222.234s] PRUNE: margin=-10.000000, optimistic_rem(widened)=0.000000 -> cannot exceed 0.
[7228.489s] PRUNE: margin=-10.000000, optimistic_rem(widened)=0.000000 -> cannot exceed 0.
[7234.970s] PRUNE: margin=-10.000000, optimistic_rem(widened)=0.000000 -> cannot exceed 0.
[7242.334s] PRUNE: margin=-10.000000, optimistic_rem(widened)=0.000000 -> cannot exceed 0.
[7249.914s] PRUNE: margin=-10.000000, optimistic_rem(widened)=0.000000 -> cannot exceed 0.
[7265.861s] PRUNE: margin=-10.000000, optimistic_rem(widened)=0.000000 -> cannot exceed 0.
[7273.141s] PRUNE: margin=-10.000000, optimistic_rem(widened)=0.000000 -> cannot exceed 0.
[7279.499s] PRUNE: margin=-10.000000, optimistic_rem(widened)=0.000000 -> cannot exceed 0.
[7285.071s] PRUNE: margin=-10.000000, optimistic_rem(widened)=0.000000 -> cannot exceed 0.
[7297.001s] PRUNE: margin=-10.000000, optimistic_rem(widened)=0.000000 -> cannot exceed 0.
[7305.593s] PRUNE: margin=-10.000000, optimistic_rem(widened)=0.000000 -> cannot exceed 0.
[7314.239s] PRUNE: margin=-10.000000, optimistic_rem(widened)=0.000000 -> cannot exceed 0.
[7331.526s] PRUNE: margin=-10.000000, optimistic_rem(widened)=0.000000 -> cannot exceed 0.
[7340.173s] PRUNE: margin=-10.000000, optimistic_rem(widened)=0.000000 -> cannot exceed 0.
[7357.466s] PRUNE: margin=-10.000000, optimistic_rem(widened)=0.000000 -> cannot exceed 0.
[7392.024s] PRUNE: margin=-12.000000, optimistic_rem(widened)=0.000000 -> cannot exceed 0.
[7400.654s] PRUNE: margin=-10.000000, optimistic_rem(widened)=0.000000 -> cannot exceed 0.
[7407.806s] PRUNE: margin=-10.000000, optimistic_rem(widened)=0.000000 -> cannot exceed 0.
[7416.431s] PRUNE: margin=-12.000000, optimistic_rem(widened)=0.000000 -> cannot exceed 0.
[7425.058s] PRUNE: margin=-12.000000, optimistic_rem(widened)=0.000000 -> cannot exceed 0.
[7433.685s] PRUNE: margin=-10.000000, optimistic_rem(widened)=0.000000 -> cannot exceed 0.
[7450.940s] PRUNE: margin=-10.000000, optimistic_rem(widened)=0.000000 -> cannot exceed 0.
[7459.400s] PRUNE: margin=-10.000000, optimistic_rem(widened)=0.000000 -> cannot exceed 0.
[7467.319s] PRUNE: margin=-12.000000, optimistic_rem(widened)=0.000000 -> cannot exceed 0.
[7475.800s] PRUNE: margin=-12.000000, optimistic_rem(widened)=0.000000 -> cannot exceed 0.
[7484.428s] PRUNE: margin=-10.000000, optimistic_rem(widened)=0.000000 -> cannot exceed 0.
[7501.689s] PRUNE: margin=-10.000000, optimistic_rem(widened)=0.000000 -> cannot exceed 0.
[7510.328s] PRUNE: margin=-10.000000, optimistic_rem(widened)=0.000000 -> cannot exceed 0.
[7518.968s] PRUNE: margin=-10.000000, optimistic_rem(widened)=0.000000 -> cannot exceed 0.
[7527.606s] PRUNE: margin=-12.000000, optimistic_rem(widened)=0.000000 -> cannot exceed 0.
[7544.863s] PRUNE: margin=-12.000000, optimistic_rem(widened)=0.000000 -> cannot exceed 0.
[7553.501s] PRUNE: margin=-12.000000, optimistic_rem(widened)=0.000000 -> cannot exceed 0.
[7561.157s] PRUNE: margin=-10.000000, optimistic_rem(widened)=0.000000 -> cannot exceed 0.
[7578.223s] PRUNE: margin=-10.000000, optimistic_rem(widened)=0.000000 -> cannot exceed 0.
[7586.858s] PRUNE: margin=-10.000000, optimistic_rem(widened)=0.000000 -> cannot exceed 0.
[7599.052s] PRUNE: margin=-10.000000, optimistic_rem(widened)=0.000000 -> cannot exceed 0.
[7607.607s] PRUNE: margin=-10.000000, optimistic_rem(widened)=0.000000 -> cannot exceed 0.
[7624.095s] PRUNE: margin=-10.000000, optimistic_rem(widened)=0.000000 -> cannot exceed 0.
[7632.727s] PRUNE: margin=-10.000000, optimistic_rem(widened)=0.000000 -> cannot exceed 0.
[7641.356s] PRUNE: margin=-12.000000, optimistic_rem(widened)=0.000000 -> cannot exceed 0.
[7649.988s] PRUNE: margin=-12.000000, optimistic_rem(widened)=0.000000 -> cannot exceed 0.
[7658.503s] PRUNE: margin=-10.000000, optimistic_rem(widened)=0.000000 -> cannot exceed 0.
[7671.074s] PRUNE: margin=-10.000000, optimistic_rem(widened)=0.000000 -> cannot exceed 0.
[7676.974s] PRUNE: margin=-10.000000, optimistic_rem(widened)=0.000000 -> cannot exceed 0.
[7683.442s] PRUNE: margin=-10.000000, optimistic_rem(widened)=0.000000 -> cannot exceed 0.
[7690.856s] PRUNE: margin=-12.000000, optimistic_rem(widened)=0.000000 -> cannot exceed 0.
[7708.101s] PRUNE: margin=-12.000000, optimistic_rem(widened)=0.000000 -> cannot exceed 0.
[7715.646s] PRUNE: margin=-12.000000, optimistic_rem(widened)=0.000000 -> cannot exceed 0.
[7722.279s] PRUNE: margin=-10.000000, optimistic_rem(widened)=0.000000 -> cannot exceed 0.
[7739.569s] PRUNE: margin=-10.000000, optimistic_rem(widened)=0.000000 -> cannot exceed 0.
[7748.209s] PRUNE: margin=-10.000000, optimistic_rem(widened)=0.000000 -> cannot exceed 0.
[7764.994s] PRUNE: margin=-10.000000, optimistic_rem(widened)=0.000000 -> cannot exceed 0.
[7777.951s] PRUNE: margin=-10.000000, optimistic_rem(widened)=0.000000 -> cannot exceed 0.
[7799.537s] PRUNE: margin=-12.000000, optimistic_rem(widened)=0.000000 -> cannot exceed 0.
[7808.169s] PRUNE: margin=-10.000000, optimistic_rem(widened)=0.000000 -> cannot exceed 0.
[7816.797s] PRUNE: margin=-10.000000, optimistic_rem(widened)=0.000000 -> cannot exceed 0.
[7825.427s] PRUNE: margin=-10.000000, optimistic_rem(widened)=0.000000 -> cannot exceed 0.
[7842.558s] PRUNE: margin=-12.000000, optimistic_rem(widened)=0.000000 -> cannot exceed 0.
[7850.981s] PRUNE: margin=-12.000000, optimistic_rem(widened)=0.000000 -> cannot exceed 0.
[7859.621s] PRUNE: margin=-10.000000, optimistic_rem(widened)=0.000000 -> cannot exceed 0.
[7872.574s] PRUNE: margin=-12.000000, optimistic_rem(widened)=2.000000 -> cannot exceed 0.
[7885.530s] PRUNE: margin=-10.000000, optimistic_rem(widened)=0.000000 -> cannot exceed 0.
[7898.479s] PRUNE: margin=-10.000000, optimistic_rem(widened)=0.000000 -> cannot exceed 0.
[7914.381s] PRUNE: margin=-10.000000, optimistic_rem(widened)=0.000000 -> cannot exceed 0.
[7923.011s] PRUNE: margin=-10.000000, optimistic_rem(widened)=0.000000 -> cannot exceed 0.
[7931.638s] PRUNE: margin=-12.000000, optimistic_rem(widened)=2.000000 -> cannot exceed 0.
[7940.265s] PRUNE: margin=-12.000000, optimistic_rem(widened)=2.000000 -> cannot exceed 0.
[7955.021s] PRUNE: margin=-12.000000, optimistic_rem(widened)=2.000000 -> cannot exceed 0.
[7963.491s] PRUNE: margin=-12.000000, optimistic_rem(widened)=2.000000 -> cannot exceed 0.
[7988.318s] PRUNE: margin=-10.000000, optimistic_rem(widened)=0.000000 -> cannot exceed 0.
[8026.723s] PRUNE: margin=-10.000000, optimistic_rem(widened)=0.000000 -> cannot exceed 0.
[8048.302s] PRUNE: margin=-12.000000, optimistic_rem(widened)=2.000000 -> cannot exceed 0.
[8056.947s] PRUNE: margin=-10.000000, optimistic_rem(widened)=2.000000 -> cannot exceed 0.
[8069.913s] PRUNE: margin=-10.000000, optimistic_rem(widened)=0.000000 -> cannot exceed 0.
[8078.561s] PRUNE: margin=-10.000000, optimistic_rem(widened)=0.000000 -> cannot exceed 0.
[8087.215s] PRUNE: margin=-10.000000, optimistic_rem(widened)=0.000000 -> cannot exceed 0.
[8095.862s] PRUNE: margin=-10.000000, optimistic_rem(widened)=0.000000 -> cannot exceed 0.
[8104.512s] PRUNE: margin=-10.000000, optimistic_rem(widened)=0.000000 -> cannot exceed 0.
[8113.164s] PRUNE: margin=-10.000000, optimistic_rem(widened)=0.000000 -> cannot exceed 0.
[8121.815s] PRUNE: margin=-10.000000, optimistic_rem(widened)=0.000000 -> cannot exceed 0.
[8139.092s] PRUNE: margin=-12.000000, optimistic_rem(widened)=0.000000 -> cannot exceed 0.
[8147.730s] PRUNE: margin=-10.000000, optimistic_rem(widened)=0.000000 -> cannot exceed 0.
[8156.361s] PRUNE: margin=-10.000000, optimistic_rem(widened)=0.000000 -> cannot exceed 0.
[8164.997s] PRUNE: margin=-12.000000, optimistic_rem(widened)=0.000000 -> cannot exceed 0.
[8173.650s] PRUNE: margin=-12.000000, optimistic_rem(widened)=0.000000 -> cannot exceed 0.
[8182.293s] PRUNE: margin=-10.000000, optimistic_rem(widened)=0.000000 -> cannot exceed 0.
[8197.259s] PRUNE: margin=-10.000000, optimistic_rem(widened)=0.000000 -> cannot exceed 0.
[8205.894s] PRUNE: margin=-10.000000, optimistic_rem(widened)=0.000000 -> cannot exceed 0.
[8214.555s] PRUNE: margin=-12.000000, optimistic_rem(widened)=0.000000 -> cannot exceed 0.
[8223.185s] PRUNE: margin=-12.000000, optimistic_rem(widened)=0.000000 -> cannot exceed 0.
[8231.814s] PRUNE: margin=-10.000000, optimistic_rem(widened)=0.000000 -> cannot exceed 0.
[8249.108s] PRUNE: margin=-10.000000, optimistic_rem(widened)=0.000000 -> cannot exceed 0.
[8257.741s] PRUNE: margin=-12.000000, optimistic_rem(widened)=0.000000 -> cannot exceed 0.
[8266.377s] PRUNE: margin=-10.000000, optimistic_rem(widened)=0.000000 -> cannot exceed 0.
[8275.025s] PRUNE: margin=-10.000000, optimistic_rem(widened)=0.000000 -> cannot exceed 0.
[8292.292s] PRUNE: margin=-12.000000, optimistic_rem(widened)=0.000000 -> cannot exceed 0.
[8300.925s] PRUNE: margin=-12.000000, optimistic_rem(widened)=0.000000 -> cannot exceed 0.
[8309.562s] PRUNE: margin=-10.000000, optimistic_rem(widened)=0.000000 -> cannot exceed 0.
[8325.900s] PRUNE: margin=-10.000000, optimistic_rem(widened)=0.000000 -> cannot exceed 0.
[8334.549s] PRUNE: margin=-10.000000, optimistic_rem(widened)=0.000000 -> cannot exceed 0.
[8351.831s] PRUNE: margin=-10.000000, optimistic_rem(widened)=0.000000 -> cannot exceed 0.
[8364.794s] PRUNE: margin=-10.000000, optimistic_rem(widened)=0.000000 -> cannot exceed 0.
[8377.750s] PRUNE: margin=-10.000000, optimistic_rem(widened)=2.000000 -> cannot exceed 0.
[8395.029s] PRUNE: margin=-10.000000, optimistic_rem(widened)=0.000000 -> cannot exceed 0.
[8403.673s] PRUNE: margin=-10.000000, optimistic_rem(widened)=0.000000 -> cannot exceed 0.
[8412.314s] PRUNE: margin=-10.000000, optimistic_rem(widened)=0.000000 -> cannot exceed 0.
[8420.956s] PRUNE: margin=-10.000000, optimistic_rem(widened)=0.000000 -> cannot exceed 0.
[8429.597s] PRUNE: margin=-10.000000, optimistic_rem(widened)=0.000000 -> cannot exceed 0.
[8438.238s] PRUNE: margin=-10.000000, optimistic_rem(widened)=0.000000 -> cannot exceed 0.
[8446.877s] PRUNE: margin=-10.000000, optimistic_rem(widened)=0.000000 -> cannot exceed 0.
[8464.149s] PRUNE: margin=-10.000000, optimistic_rem(widened)=0.000000 -> cannot exceed 0.
[8472.786s] PRUNE: margin=-10.000000, optimistic_rem(widened)=0.000000 -> cannot exceed 0.
[8481.434s] PRUNE: margin=-10.000000, optimistic_rem(widened)=0.000000 -> cannot exceed 0.
[8490.078s] PRUNE: margin=-10.000000, optimistic_rem(widened)=0.000000 -> cannot exceed 0.
[8498.726s] PRUNE: margin=-10.000000, optimistic_rem(widened)=0.000000 -> cannot exceed 0.
[8507.372s] PRUNE: margin=-10.000000, optimistic_rem(widened)=0.000000 -> cannot exceed 0.
[8523.887s] PRUNE: margin=-10.000000, optimistic_rem(widened)=0.000000 -> cannot exceed 0.
[8532.529s] PRUNE: margin=-10.000000, optimistic_rem(widened)=0.000000 -> cannot exceed 0.
[8540.689s] PRUNE: margin=-10.000000, optimistic_rem(widened)=0.000000 -> cannot exceed 0.
[8549.327s] PRUNE: margin=-10.000000, optimistic_rem(widened)=0.000000 -> cannot exceed 0.
[8557.965s] PRUNE: margin=-10.000000, optimistic_rem(widened)=0.000000 -> cannot exceed 0.
[8575.241s] PRUNE: margin=-10.000000, optimistic_rem(widened)=0.000000 -> cannot exceed 0.
[8583.880s] PRUNE: margin=-10.000000, optimistic_rem(widened)=0.000000 -> cannot exceed 0.
[8592.519s] PRUNE: margin=-10.000000, optimistic_rem(widened)=0.000000 -> cannot exceed 0.
[8601.163s] PRUNE: margin=-10.000000, optimistic_rem(widened)=0.000000 -> cannot exceed 0.
[8618.441s] PRUNE: margin=-10.000000, optimistic_rem(widened)=0.000000 -> cannot exceed 0.
[8627.085s] PRUNE: margin=-10.000000, optimistic_rem(widened)=0.000000 -> cannot exceed 0.
[8635.730s] PRUNE: margin=-10.000000, optimistic_rem(widened)=0.000000 -> cannot exceed 0.
[8653.009s] PRUNE: margin=-10.000000, optimistic_rem(widened)=0.000000 -> cannot exceed 0.
[8661.652s] PRUNE: margin=-10.000000, optimistic_rem(widened)=0.000000 -> cannot exceed 0.
[8678.944s] PRUNE: margin=-10.000000, optimistic_rem(widened)=0.000000 -> cannot exceed 0.
[8713.473s] PRUNE: margin=-12.000000, optimistic_rem(widened)=0.000000 -> cannot exceed 0.
[8720.717s] PRUNE: margin=-10.000000, optimistic_rem(widened)=0.000000 -> cannot exceed 0.
[8729.104s] PRUNE: margin=-10.000000, optimistic_rem(widened)=0.000000 -> cannot exceed 0.
[8737.727s] PRUNE: margin=-12.000000, optimistic_rem(widened)=0.000000 -> cannot exceed 0.
[8746.353s] PRUNE: margin=-12.000000, optimistic_rem(widened)=0.000000 -> cannot exceed 0.
[8754.978s] PRUNE: margin=-10.000000, optimistic_rem(widened)=0.000000 -> cannot exceed 0.
[8772.225s] PRUNE: margin=-10.000000, optimistic_rem(widened)=0.000000 -> cannot exceed 0.
[8780.849s] PRUNE: margin=-10.000000, optimistic_rem(widened)=0.000000 -> cannot exceed 0.
[8789.472s] PRUNE: margin=-12.000000, optimistic_rem(widened)=0.000000 -> cannot exceed 0.
[8798.097s] PRUNE: margin=-12.000000, optimistic_rem(widened)=0.000000 -> cannot exceed 0.
[8806.724s] PRUNE: margin=-10.000000, optimistic_rem(widened)=0.000000 -> cannot exceed 0.
[8823.972s] PRUNE: margin=-10.000000, optimistic_rem(widened)=0.000000 -> cannot exceed 0.
[8832.594s] PRUNE: margin=-12.000000, optimistic_rem(widened)=0.000000 -> cannot exceed 0.
[8841.220s] PRUNE: margin=-10.000000, optimistic_rem(widened)=0.000000 -> cannot exceed 0.
[8848.640s] PRUNE: margin=-10.000000, optimistic_rem(widened)=0.000000 -> cannot exceed 0.
[8865.901s] PRUNE: margin=-12.000000, optimistic_rem(widened)=0.000000 -> cannot exceed 0.
[8873.877s] PRUNE: margin=-12.000000, optimistic_rem(widened)=0.000000 -> cannot exceed 0.
[8882.505s] PRUNE: margin=-10.000000, optimistic_rem(widened)=0.000000 -> cannot exceed 0.
[8895.444s] PRUNE: margin=-10.000000, optimistic_rem(widened)=0.000000 -> cannot exceed 0.
[8904.068s] PRUNE: margin=-10.000000, optimistic_rem(widened)=0.000000 -> cannot exceed 0.
[8934.031s] PRUNE: margin=-10.000000, optimistic_rem(widened)=0.000000 -> cannot exceed 0.
[8942.655s] PRUNE: margin=-10.000000, optimistic_rem(widened)=0.000000 -> cannot exceed 0.
[8951.276s] PRUNE: margin=-12.000000, optimistic_rem(widened)=0.000000 -> cannot exceed 0.
[8959.899s] PRUNE: margin=-12.000000, optimistic_rem(widened)=0.000000 -> cannot exceed 0.
[8968.523s] PRUNE: margin=-10.000000, optimistic_rem(widened)=0.000000 -> cannot exceed 0.
[8985.765s] PRUNE: margin=-10.000000, optimistic_rem(widened)=0.000000 -> cannot exceed 0.
[8994.387s] PRUNE: margin=-12.000000, optimistic_rem(widened)=0.000000 -> cannot exceed 0.
[9003.009s] PRUNE: margin=-10.000000, optimistic_rem(widened)=0.000000 -> cannot exceed 0.
[9011.640s] PRUNE: margin=-10.000000, optimistic_rem(widened)=0.000000 -> cannot exceed 0.
[9028.910s] PRUNE: margin=-12.000000, optimistic_rem(widened)=0.000000 -> cannot exceed 0.
[9037.546s] PRUNE: margin=-12.000000, optimistic_rem(widened)=0.000000 -> cannot exceed 0.
[9046.186s] PRUNE: margin=-10.000000, optimistic_rem(widened)=0.000000 -> cannot exceed 0.
[9059.144s] PRUNE: margin=-10.000000, optimistic_rem(widened)=0.000000 -> cannot exceed 0.
[9067.785s] PRUNE: margin=-10.000000, optimistic_rem(widened)=0.000000 -> cannot exceed 0.
[9093.685s] PRUNE: margin=-12.000000, optimistic_rem(widened)=2.000000 -> cannot exceed 0.
[9106.637s] PRUNE: margin=-12.000000, optimistic_rem(widened)=0.000000 -> cannot exceed 0.
[9115.271s] PRUNE: margin=-12.000000, optimistic_rem(widened)=0.000000 -> cannot exceed 0.
[9123.908s] PRUNE: margin=-10.000000, optimistic_rem(widened)=0.000000 -> cannot exceed 0.
[9141.172s] PRUNE: margin=-10.000000, optimistic_rem(widened)=0.000000 -> cannot exceed 0.
[9149.810s] PRUNE: margin=-10.000000, optimistic_rem(widened)=0.000000 -> cannot exceed 0.
[9167.084s] PRUNE: margin=-10.000000, optimistic_rem(widened)=0.000000 -> cannot exceed 0.
[9180.036s] PRUNE: margin=-10.000000, optimistic_rem(widened)=0.000000 -> cannot exceed 0.
[9201.617s] PRUNE: margin=-12.000000, optimistic_rem(widened)=0.000000 -> cannot exceed 0.
[9210.253s] PRUNE: margin=-10.000000, optimistic_rem(widened)=0.000000 -> cannot exceed 0.
[9218.891s] PRUNE: margin=-10.000000, optimistic_rem(widened)=0.000000 -> cannot exceed 0.
[9236.159s] PRUNE: margin=-10.000000, optimistic_rem(widened)=0.000000 -> cannot exceed 0.
[9244.800s] PRUNE: margin=-10.000000, optimistic_rem(widened)=0.000000 -> cannot exceed 0.
[9262.073s] PRUNE: margin=-10.000000, optimistic_rem(widened)=0.000000 -> cannot exceed 0.
[9275.026s] PRUNE: margin=-10.000000, optimistic_rem(widened)=0.000000 -> cannot exceed 0.
[9292.289s] PRUNE: margin=-12.000000, optimistic_rem(widened)=2.000000 -> cannot exceed 0.
[9305.232s] PRUNE: margin=-10.000000, optimistic_rem(widened)=0.000000 -> cannot exceed 0.
[9329.460s] PRUNE: margin=-12.000000, optimistic_rem(widened)=4.000000 -> cannot exceed 0.
[9354.617s] PRUNE: margin=-10.000000, optimistic_rem(widened)=0.000000 -> cannot exceed 0.
[9365.588s] PRUNE: margin=-12.000000, optimistic_rem(widened)=4.000000 -> cannot exceed 0.
[9371.248s] PRUNE: margin=-12.000000, optimistic_rem(widened)=4.000000 -> cannot exceed 0.
[9376.572s] PRUNE: margin=-10.000000, optimistic_rem(widened)=2.000000 -> cannot exceed 0.
[9391.184s] PRUNE: margin=-10.000000, optimistic_rem(widened)=0.000000 -> cannot exceed 0.
[9397.361s] PRUNE: margin=-10.000000, optimistic_rem(widened)=0.000000 -> cannot exceed 0.
[9402.875s] PRUNE: margin=-10.000000, optimistic_rem(widened)=0.000000 -> cannot exceed 0.
[9408.642s] PRUNE: margin=-10.000000, optimistic_rem(widened)=0.000000 -> cannot exceed 0.
[9414.552s] PRUNE: margin=-10.000000, optimistic_rem(widened)=0.000000 -> cannot exceed 0.
[9429.240s] PRUNE: margin=-10.000000, optimistic_rem(widened)=0.000000 -> cannot exceed 0.
[9436.263s] PRUNE: margin=-10.000000, optimistic_rem(widened)=0.000000 -> cannot exceed 0.
[9444.570s] PRUNE: margin=-10.000000, optimistic_rem(widened)=0.000000 -> cannot exceed 0.
[9452.067s] PRUNE: margin=-10.000000, optimistic_rem(widened)=0.000000 -> cannot exceed 0.
[9469.023s] PRUNE: margin=-10.000000, optimistic_rem(widened)=0.000000 -> cannot exceed 0.
[9477.666s] PRUNE: margin=-10.000000, optimistic_rem(widened)=0.000000 -> cannot exceed 0.
[9486.310s] PRUNE: margin=-10.000000, optimistic_rem(widened)=0.000000 -> cannot exceed 0.
[9503.593s] PRUNE: margin=-10.000000, optimistic_rem(widened)=0.000000 -> cannot exceed 0.
[9512.238s] PRUNE: margin=-10.000000, optimistic_rem(widened)=0.000000 -> cannot exceed 0.
[9529.524s] PRUNE: margin=-8.000000, optimistic_rem(widened)=0.000000 -> cannot exceed 0.
[9564.062s] PRUNE: margin=-12.000000, optimistic_rem(widened)=0.000000 -> cannot exceed 0.
[9572.689s] PRUNE: margin=-10.000000, optimistic_rem(widened)=0.000000 -> cannot exceed 0.
[9581.319s] PRUNE: margin=-12.000000, optimistic_rem(widened)=0.000000 -> cannot exceed 0.
[9589.950s] PRUNE: margin=-10.000000, optimistic_rem(widened)=0.000000 -> cannot exceed 0.
[9607.205s] PRUNE: margin=-10.000000, optimistic_rem(widened)=0.000000 -> cannot exceed 0.
[9615.833s] PRUNE: margin=-10.000000, optimistic_rem(widened)=0.000000 -> cannot exceed 0.
[9624.462s] PRUNE: margin=-10.000000, optimistic_rem(widened)=0.000000 -> cannot exceed 0.
[9641.716s] PRUNE: margin=-12.000000, optimistic_rem(widened)=0.000000 -> cannot exceed 0.
[9650.347s] PRUNE: margin=-10.000000, optimistic_rem(widened)=0.000000 -> cannot exceed 0.
[9667.607s] PRUNE: margin=-10.000000, optimistic_rem(widened)=0.000000 -> cannot exceed 0.
[9680.551s] PRUNE: margin=-10.000000, optimistic_rem(widened)=0.000000 -> cannot exceed 0.
[9702.120s] PRUNE: margin=-10.000000, optimistic_rem(widened)=0.000000 -> cannot exceed 0.
[9710.749s] PRUNE: margin=-10.000000, optimistic_rem(widened)=0.000000 -> cannot exceed 0.
[9719.379s] PRUNE: margin=-10.000000, optimistic_rem(widened)=0.000000 -> cannot exceed 0.
[9736.635s] PRUNE: margin=-12.000000, optimistic_rem(widened)=0.000000 -> cannot exceed 0.
[9745.267s] PRUNE: margin=-10.000000, optimistic_rem(widened)=0.000000 -> cannot exceed 0.
[9762.543s] PRUNE: margin=-10.000000, optimistic_rem(widened)=0.000000 -> cannot exceed 0.
[9775.491s] PRUNE: margin=-10.000000, optimistic_rem(widened)=0.000000 -> cannot exceed 0.
[9797.070s] PRUNE: margin=-12.000000, optimistic_rem(widened)=0.000000 -> cannot exceed 0.
[9805.705s] PRUNE: margin=-10.000000, optimistic_rem(widened)=0.000000 -> cannot exceed 0.
[9822.989s] PRUNE: margin=-10.000000, optimistic_rem(widened)=0.000000 -> cannot exceed 0.
[9835.963s] PRUNE: margin=-10.000000, optimistic_rem(widened)=0.000000 -> cannot exceed 0.
[9853.272s] PRUNE: margin=-12.000000, optimistic_rem(widened)=2.000000 -> cannot exceed 0.
[9892.186s] PRUNE: margin=-10.000000, optimistic_rem(widened)=0.000000 -> cannot exceed 0.
[9908.797s] PRUNE: margin=-12.000000, optimistic_rem(widened)=4.000000 -> cannot exceed 0.
[9917.426s] PRUNE: margin=-12.000000, optimistic_rem(widened)=4.000000 -> cannot exceed 0.
[9934.701s] PRUNE: margin=-8.000000, optimistic_rem(widened)=0.000000 -> cannot exceed 0.
[9943.343s] PRUNE: margin=-10.000000, optimistic_rem(widened)=0.000000 -> cannot exceed 0.
[9951.984s] PRUNE: margin=-10.000000, optimistic_rem(widened)=0.000000 -> cannot exceed 0.
[9960.626s] PRUNE: margin=-10.000000, optimistic_rem(widened)=0.000000 -> cannot exceed 0.
[9969.273s] PRUNE: margin=-10.000000, optimistic_rem(widened)=0.000000 -> cannot exceed 0.
[9986.534s] PRUNE: margin=-8.000000, optimistic_rem(widened)=0.000000 -> cannot exceed 0.
[9995.177s] PRUNE: margin=-10.000000, optimistic_rem(widened)=0.000000 -> cannot exceed 0.
[10003.821s] PRUNE: margin=-10.000000, optimistic_rem(widened)=0.000000 -> cannot exceed 0.
[10012.465s] PRUNE: margin=-10.000000, optimistic_rem(widened)=0.000000 -> cannot exceed 0.
[10029.763s] PRUNE: margin=-8.000000, optimistic_rem(widened)=0.000000 -> cannot exceed 0.
[10037.810s] PRUNE: margin=-8.000000, optimistic_rem(widened)=0.000000 -> cannot exceed 0.
[10046.451s] PRUNE: margin=-8.000000, optimistic_rem(widened)=0.000000 -> cannot exceed 0.
[10063.743s] PRUNE: margin=-10.000000, optimistic_rem(widened)=0.000000 -> cannot exceed 0.
[10072.381s] PRUNE: margin=-10.000000, optimistic_rem(widened)=0.000000 -> cannot exceed 0.
[10089.654s] PRUNE: margin=-10.000000, optimistic_rem(widened)=0.000000 -> cannot exceed 0.
[10124.183s] PRUNE: margin=-12.000000, optimistic_rem(widened)=0.000000 -> cannot exceed 0.
[10132.815s] PRUNE: margin=-10.000000, optimistic_rem(widened)=0.000000 -> cannot exceed 0.
[10141.459s] PRUNE: margin=-10.000000, optimistic_rem(widened)=0.000000 -> cannot exceed 0.
[10150.105s] PRUNE: margin=-10.000000, optimistic_rem(widened)=0.000000 -> cannot exceed 0.
[10167.359s] PRUNE: margin=-12.000000, optimistic_rem(widened)=0.000000 -> cannot exceed 0.
[10175.987s] PRUNE: margin=-10.000000, optimistic_rem(widened)=0.000000 -> cannot exceed 0.
[10184.619s] PRUNE: margin=-10.000000, optimistic_rem(widened)=0.000000 -> cannot exceed 0.
[10201.875s] PRUNE: margin=-10.000000, optimistic_rem(widened)=0.000000 -> cannot exceed 0.
[10210.505s] PRUNE: margin=-10.000000, optimistic_rem(widened)=0.000000 -> cannot exceed 0.
[10223.447s] PRUNE: margin=-10.000000, optimistic_rem(widened)=0.000000 -> cannot exceed 0.
[10232.078s] PRUNE: margin=-10.000000, optimistic_rem(widened)=2.000000 -> cannot exceed 0.
[10253.700s] PRUNE: margin=-12.000000, optimistic_rem(widened)=0.000000 -> cannot exceed 0.
[10262.344s] PRUNE: margin=-10.000000, optimistic_rem(widened)=0.000000 -> cannot exceed 0.
[10270.536s] PRUNE: margin=-10.000000, optimistic_rem(widened)=0.000000 -> cannot exceed 0.
[10287.807s] PRUNE: margin=-10.000000, optimistic_rem(widened)=0.000000 -> cannot exceed 0.
[10296.441s] PRUNE: margin=-10.000000, optimistic_rem(widened)=0.000000 -> cannot exceed 0.
[10309.401s] PRUNE: margin=-10.000000, optimistic_rem(widened)=0.000000 -> cannot exceed 0.
[10318.038s] PRUNE: margin=-10.000000, optimistic_rem(widened)=2.000000 -> cannot exceed 0.
[10335.310s] PRUNE: margin=-12.000000, optimistic_rem(widened)=2.000000 -> cannot exceed 0.
[10343.956s] PRUNE: margin=-10.000000, optimistic_rem(widened)=0.000000 -> cannot exceed 0.
[10369.888s] PRUNE: margin=-10.000000, optimistic_rem(widened)=0.000000 -> cannot exceed 0.
[10391.473s] PRUNE: margin=-10.000000, optimistic_rem(widened)=0.000000 -> cannot exceed 0.
[10400.183s] PRUNE: margin=-10.000000, optimistic_rem(widened)=2.000000 -> cannot exceed 0.
[10426.097s] PRUNE: margin=-10.000000, optimistic_rem(widened)=0.000000 -> cannot exceed 0.
[10433.892s] PRUNE: margin=-10.000000, optimistic_rem(widened)=0.000000 -> cannot exceed 0.
[10441.184s] PRUNE: margin=-10.000000, optimistic_rem(widened)=0.000000 -> cannot exceed 0.
[10449.830s] PRUNE: margin=-10.000000, optimistic_rem(widened)=0.000000 -> cannot exceed 0.
[10458.477s] PRUNE: margin=-10.000000, optimistic_rem(widened)=0.000000 -> cannot exceed 0.
[10467.124s] PRUNE: margin=-10.000000, optimistic_rem(widened)=0.000000 -> cannot exceed 0.
[10484.414s] PRUNE: margin=-10.000000, optimistic_rem(widened)=0.000000 -> cannot exceed 0.
[10493.004s] PRUNE: margin=-10.000000, optimistic_rem(widened)=0.000000 -> cannot exceed 0.
[10501.656s] PRUNE: margin=-10.000000, optimistic_rem(widened)=0.000000 -> cannot exceed 0.
[10510.302s] PRUNE: margin=-10.000000, optimistic_rem(widened)=0.000000 -> cannot exceed 0.
[10518.948s] PRUNE: margin=-10.000000, optimistic_rem(widened)=0.000000 -> cannot exceed 0.
[10536.235s] PRUNE: margin=-10.000000, optimistic_rem(widened)=0.000000 -> cannot exceed 0.
[10544.880s] PRUNE: margin=-10.000000, optimistic_rem(widened)=0.000000 -> cannot exceed 0.
[10553.525s] PRUNE: margin=-10.000000, optimistic_rem(widened)=0.000000 -> cannot exceed 0.
[10562.171s] PRUNE: margin=-10.000000, optimistic_rem(widened)=0.000000 -> cannot exceed 0.
[10577.505s] PRUNE: margin=-10.000000, optimistic_rem(widened)=0.000000 -> cannot exceed 0.
[10583.295s] PRUNE: margin=-10.000000, optimistic_rem(widened)=0.000000 -> cannot exceed 0.
[10591.044s] PRUNE: margin=-10.000000, optimistic_rem(widened)=0.000000 -> cannot exceed 0.
[10608.342s] PRUNE: margin=-10.000000, optimistic_rem(widened)=0.000000 -> cannot exceed 0.
[10616.986s] PRUNE: margin=-10.000000, optimistic_rem(widened)=0.000000 -> cannot exceed 0.
[10634.270s] PRUNE: margin=-10.000000, optimistic_rem(widened)=0.000000 -> cannot exceed 0.
[10668.839s] PRUNE: margin=-10.000000, optimistic_rem(widened)=0.000000 -> cannot exceed 0.
[10677.478s] PRUNE: margin=-10.000000, optimistic_rem(widened)=0.000000 -> cannot exceed 0.
[10686.119s] PRUNE: margin=-10.000000, optimistic_rem(widened)=0.000000 -> cannot exceed 0.
[10694.774s] PRUNE: margin=-10.000000, optimistic_rem(widened)=0.000000 -> cannot exceed 0.
[10703.418s] PRUNE: margin=-10.000000, optimistic_rem(widened)=0.000000 -> cannot exceed 0.
[10720.724s] PRUNE: margin=-10.000000, optimistic_rem(widened)=0.000000 -> cannot exceed 0.
[10729.365s] PRUNE: margin=-10.000000, optimistic_rem(widened)=0.000000 -> cannot exceed 0.
[10737.627s] PRUNE: margin=-10.000000, optimistic_rem(widened)=0.000000 -> cannot exceed 0.
[10746.286s] PRUNE: margin=-10.000000, optimistic_rem(widened)=0.000000 -> cannot exceed 0.
[10762.266s] PRUNE: margin=-10.000000, optimistic_rem(widened)=0.000000 -> cannot exceed 0.
[10770.944s] PRUNE: margin=-10.000000, optimistic_rem(widened)=0.000000 -> cannot exceed 0.
[10779.589s] PRUNE: margin=-10.000000, optimistic_rem(widened)=0.000000 -> cannot exceed 0.
[10793.187s] PRUNE: margin=-10.000000, optimistic_rem(widened)=0.000000 -> cannot exceed 0.
[10799.764s] PRUNE: margin=-10.000000, optimistic_rem(widened)=0.000000 -> cannot exceed 0.
[10814.500s] PRUNE: margin=-10.000000, optimistic_rem(widened)=0.000000 -> cannot exceed 0.
[10849.093s] PRUNE: margin=-10.000000, optimistic_rem(widened)=0.000000 -> cannot exceed 0.
[10857.738s] PRUNE: margin=-10.000000, optimistic_rem(widened)=0.000000 -> cannot exceed 0.
[10866.384s] PRUNE: margin=-10.000000, optimistic_rem(widened)=0.000000 -> cannot exceed 0.
[10875.038s] PRUNE: margin=-10.000000, optimistic_rem(widened)=0.000000 -> cannot exceed 0.
[10892.265s] PRUNE: margin=-10.000000, optimistic_rem(widened)=0.000000 -> cannot exceed 0.
[10900.895s] PRUNE: margin=-10.000000, optimistic_rem(widened)=0.000000 -> cannot exceed 0.
[10909.550s] PRUNE: margin=-10.000000, optimistic_rem(widened)=0.000000 -> cannot exceed 0.
[10926.848s] PRUNE: margin=-10.000000, optimistic_rem(widened)=0.000000 -> cannot exceed 0.
[10935.500s] PRUNE: margin=-10.000000, optimistic_rem(widened)=0.000000 -> cannot exceed 0.
[10952.850s] PRUNE: margin=-10.000000, optimistic_rem(widened)=0.000000 -> cannot exceed 0.
[10985.668s] PRUNE: margin=-10.000000, optimistic_rem(widened)=0.000000 -> cannot exceed 0.
[10994.309s] PRUNE: margin=-10.000000, optimistic_rem(widened)=0.000000 -> cannot exceed 0.
[11002.956s] PRUNE: margin=-10.000000, optimistic_rem(widened)=0.000000 -> cannot exceed 0.
[11020.237s] PRUNE: margin=-10.000000, optimistic_rem(widened)=0.000000 -> cannot exceed 0.
[11028.881s] PRUNE: margin=-10.000000, optimistic_rem(widened)=0.000000 -> cannot exceed 0.
[11046.167s] PRUNE: margin=-10.000000, optimistic_rem(widened)=0.000000 -> cannot exceed 0.
[11076.838s] PRUNE: margin=-10.000000, optimistic_rem(widened)=0.000000 -> cannot exceed 0.
[11085.498s] PRUNE: margin=-10.000000, optimistic_rem(widened)=0.000000 -> cannot exceed 0.
[11102.779s] PRUNE: margin=-10.000000, optimistic_rem(widened)=0.000000 -> cannot exceed 0.
[11115.742s] PRUNE: margin=-10.000000, optimistic_rem(widened)=8.000000 -> cannot exceed 0.
[11137.215s] PRUNE: margin=-8.000000, optimistic_rem(widened)=0.000000 -> cannot exceed 0.
[11148.565s] PRUNE: margin=-10.000000, optimistic_rem(widened)=8.000000 -> cannot exceed 0.
[11165.847s] PRUNE: margin=-10.000000, optimistic_rem(widened)=2.000000 -> cannot exceed 0.
[11199.240s] PRUNE: margin=-12.000000, optimistic_rem(widened)=6.000000 -> cannot exceed 0.
[11233.751s] PRUNE: margin=-12.000000, optimistic_rem(widened)=4.000000 -> cannot exceed 0.
[11255.327s] PRUNE: margin=-10.000000, optimistic_rem(widened)=2.000000 -> cannot exceed 0.
[11288.866s] PRUNE: margin=-10.000000, optimistic_rem(widened)=2.000000 -> cannot exceed 0.
[11312.257s] PRUNE: margin=-10.000000, optimistic_rem(widened)=2.000000 -> cannot exceed 0.
[11320.891s] PRUNE: margin=-10.000000, optimistic_rem(widened)=2.000000 -> cannot exceed 0.
[11338.154s] PRUNE: margin=-10.000000, optimistic_rem(widened)=2.000000 -> cannot exceed 0.
[11351.099s] PRUNE: margin=-10.000000, optimistic_rem(widened)=2.000000 -> cannot exceed 0.
[11368.357s] PRUNE: margin=-12.000000, optimistic_rem(widened)=6.000000 -> cannot exceed 0.
[11411.514s] PRUNE: margin=-10.000000, optimistic_rem(widened)=2.000000 -> cannot exceed 0.
[11428.782s] PRUNE: margin=-10.000000, optimistic_rem(widened)=2.000000 -> cannot exceed 0.
[11437.394s] PRUNE: margin=-10.000000, optimistic_rem(widened)=2.000000 -> cannot exceed 0.
[11454.640s] PRUNE: margin=-10.000000, optimistic_rem(widened)=2.000000 -> cannot exceed 0.
[11467.573s] PRUNE: margin=-10.000000, optimistic_rem(widened)=2.000000 -> cannot exceed 0.
[11484.814s] PRUNE: margin=-12.000000, optimistic_rem(widened)=6.000000 -> cannot exceed 0.
[11493.434s] PRUNE: margin=-10.000000, optimistic_rem(widened)=2.000000 -> cannot exceed 0.
[11506.378s] PRUNE: margin=-10.000000, optimistic_rem(widened)=2.000000 -> cannot exceed 0.
[11519.307s] PRUNE: margin=-10.000000, optimistic_rem(widened)=2.000000 -> cannot exceed 0.
[11536.628s] PRUNE: margin=-12.000000, optimistic_rem(widened)=6.000000 -> cannot exceed 0.
[11545.283s] PRUNE: margin=-12.000000, optimistic_rem(widened)=6.000000 -> cannot exceed 0.
[11571.208s] PRUNE: margin=-10.000000, optimistic_rem(widened)=2.000000 -> cannot exceed 0.
[11610.025s] PRUNE: margin=-10.000000, optimistic_rem(widened)=2.000000 -> cannot exceed 0.
[11631.605s] PRUNE: margin=-12.000000, optimistic_rem(widened)=6.000000 -> cannot exceed 0.
[11674.457s] PRUNE: margin=-10.000000, optimistic_rem(widened)=2.000000 -> cannot exceed 0.
[11691.749s] PRUNE: margin=-10.000000, optimistic_rem(widened)=2.000000 -> cannot exceed 0.
[11700.413s] PRUNE: margin=-10.000000, optimistic_rem(widened)=2.000000 -> cannot exceed 0.
[11717.734s] PRUNE: margin=-10.000000, optimistic_rem(widened)=2.000000 -> cannot exceed 0.
[11729.070s] PRUNE: margin=-10.000000, optimistic_rem(widened)=2.000000 -> cannot exceed 0.
[11744.813s] PRUNE: margin=-12.000000, optimistic_rem(widened)=6.000000 -> cannot exceed 0.
[11753.444s] PRUNE: margin=-10.000000, optimistic_rem(widened)=2.000000 -> cannot exceed 0.
[11766.386s] PRUNE: margin=-10.000000, optimistic_rem(widened)=2.000000 -> cannot exceed 0.
[11779.326s] PRUNE: margin=-10.000000, optimistic_rem(widened)=2.000000 -> cannot exceed 0.
[11793.000s] PRUNE: margin=-12.000000, optimistic_rem(widened)=6.000000 -> cannot exceed 0.
[11798.679s] PRUNE: margin=-12.000000, optimistic_rem(widened)=6.000000 -> cannot exceed 0.
[11823.999s] PRUNE: margin=-10.000000, optimistic_rem(widened)=2.000000 -> cannot exceed 0.
[11862.798s] PRUNE: margin=-10.000000, optimistic_rem(widened)=2.000000 -> cannot exceed 0.
[11880.034s] PRUNE: margin=-12.000000, optimistic_rem(widened)=8.000000 -> cannot exceed 0.
[11897.272s] PRUNE: margin=-10.000000, optimistic_rem(widened)=2.000000 -> cannot exceed 0.
[11905.912s] PRUNE: margin=-10.000000, optimistic_rem(widened)=2.000000 -> cannot exceed 0.
[11918.861s] PRUNE: margin=-10.000000, optimistic_rem(widened)=2.000000 -> cannot exceed 0.
[11942.946s] PRUNE: margin=-10.000000, optimistic_rem(widened)=2.000000 -> cannot exceed 0.
[11978.449s] PRUNE: margin=-10.000000, optimistic_rem(widened)=2.000000 -> cannot exceed 0.
[11995.748s] PRUNE: margin=-12.000000, optimistic_rem(widened)=8.000000 -> cannot exceed 0.
[12004.398s] PRUNE: margin=-12.000000, optimistic_rem(widened)=8.000000 -> cannot exceed 0.
[12030.357s] PRUNE: margin=-10.000000, optimistic_rem(widened)=2.000000 -> cannot exceed 0.
[12047.631s] PRUNE: margin=-12.000000, optimistic_rem(widened)=8.000000 -> cannot exceed 0.
[12056.264s] PRUNE: margin=-12.000000, optimistic_rem(widened)=8.000000 -> cannot exceed 0.
[12082.149s] PRUNE: margin=-10.000000, optimistic_rem(widened)=2.000000 -> cannot exceed 0.
[12120.951s] PRUNE: margin=-10.000000, optimistic_rem(widened)=2.000000 -> cannot exceed 0.
[12125.261s] No counterexample within budgets (BaB): no misclassification found.
STATUS: No counterexample | best_upper_margin=114.000000 | elapsed=12125.261s | pixels_changed=0 | total_bit_flips=0 | avg_hamming_per_pixel=0.000000 | patch_rows=5-6 | patch_cols=5-6 | note=no_counterexample_within_budgets
