[  0.000s] init: idx=5290 kmax=2 bmax=4 topx=2 widen=1.000 rank_fast=off
clean logits (hex):  0x85  0x81  0x82  0x82  0x81  0x82  0x82  0x82  0x82  0x82
clean logits (bits): 10000101 10000001 10000010 10000010 10000001 10000010 10000010 10000010 10000010 10000010
clean logits (double): -14.000000 -64.000000 -32.000000 -32.000000 -64.000000 -32.000000 -32.000000 -32.000000 -32.000000 -32.000000
[  0.018s] clean prediction: 0 (true label 0)
[ 13.116s] heuristic ROI: 2x2 block at rows 13-14, cols 13-14
[ 21.936s] selection: nSym=2 (from 4), topx=2, rank_fast=off
[ 21.936s] active patch: rows 13-13, cols 13-14 (derived from symPix)
[ 42.735s] Proceeding to BaB (greedy enabled).
[ 42.736s] Skipping root bound check (--no-root-bound).
[ 42.736s] BaB search starting (K<=2, B<=4, nSym=2, depth_limit=500000000, widen=1.00)...
[ 51.566s] PRUNE: margin=-20.000000, optimistic_rem(widened)=4.000000 -> cannot exceed 0.
[ 60.393s] PRUNE: margin=-20.000000, optimistic_rem(widened)=4.000000 -> cannot exceed 0.
[ 82.194s] PRUNE: margin=-18.000000, optimistic_rem(widened)=0.000000 -> cannot exceed 0.
[183.729s] PRUNE: margin=-18.000000, optimistic_rem(widened)=0.000000 -> cannot exceed 0.
[192.558s] PRUNE: margin=-18.000000, optimistic_rem(widened)=0.000000 -> cannot exceed 0.
[201.385s] PRUNE: margin=-18.000000, optimistic_rem(widened)=0.000000 -> cannot exceed 0.
[210.213s] PRUNE: margin=-18.000000, optimistic_rem(widened)=0.000000 -> cannot exceed 0.
[219.042s] PRUNE: margin=-18.000000, optimistic_rem(widened)=0.000000 -> cannot exceed 0.
[227.871s] PRUNE: margin=-18.000000, optimistic_rem(widened)=0.000000 -> cannot exceed 0.
[236.700s] PRUNE: margin=-18.000000, optimistic_rem(widened)=0.000000 -> cannot exceed 0.
[245.538s] PRUNE: margin=-18.000000, optimistic_rem(widened)=0.000000 -> cannot exceed 0.
[352.530s] PRUNE: margin=-18.000000, optimistic_rem(widened)=0.000000 -> cannot exceed 0.
[359.894s] PRUNE: margin=-18.000000, optimistic_rem(widened)=0.000000 -> cannot exceed 0.
[365.785s] PRUNE: margin=-18.000000, optimistic_rem(widened)=0.000000 -> cannot exceed 0.
[372.909s] PRUNE: margin=-18.000000, optimistic_rem(widened)=0.000000 -> cannot exceed 0.
[381.748s] PRUNE: margin=-18.000000, optimistic_rem(widened)=0.000000 -> cannot exceed 0.
[390.588s] PRUNE: margin=-18.000000, optimistic_rem(widened)=0.000000 -> cannot exceed 0.
[399.432s] PRUNE: margin=-18.000000, optimistic_rem(widened)=0.000000 -> cannot exceed 0.
[408.282s] PRUNE: margin=-18.000000, optimistic_rem(widened)=0.000000 -> cannot exceed 0.
[425.742s] PRUNE: margin=-20.000000, optimistic_rem(widened)=0.000000 -> cannot exceed 0.
[473.683s] PRUNE: margin=-18.000000, optimistic_rem(widened)=0.000000 -> cannot exceed 0.
[480.349s] PRUNE: margin=-18.000000, optimistic_rem(widened)=0.000000 -> cannot exceed 0.
[486.666s] PRUNE: margin=-18.000000, optimistic_rem(widened)=0.000000 -> cannot exceed 0.
[494.589s] PRUNE: margin=-18.000000, optimistic_rem(widened)=0.000000 -> cannot exceed 0.
[503.418s] PRUNE: margin=-18.000000, optimistic_rem(widened)=0.000000 -> cannot exceed 0.
[512.250s] PRUNE: margin=-18.000000, optimistic_rem(widened)=0.000000 -> cannot exceed 0.
[521.087s] PRUNE: margin=-18.000000, optimistic_rem(widened)=0.000000 -> cannot exceed 0.
[538.752s] PRUNE: margin=-20.000000, optimistic_rem(widened)=0.000000 -> cannot exceed 0.
[545.634s] PRUNE: margin=-18.000000, optimistic_rem(widened)=0.000000 -> cannot exceed 0.
[554.452s] PRUNE: margin=-18.000000, optimistic_rem(widened)=0.000000 -> cannot exceed 0.
[563.263s] PRUNE: margin=-18.000000, optimistic_rem(widened)=0.000000 -> cannot exceed 0.
[572.077s] PRUNE: margin=-18.000000, optimistic_rem(widened)=0.000000 -> cannot exceed 0.
[580.891s] PRUNE: margin=-18.000000, optimistic_rem(widened)=0.000000 -> cannot exceed 0.
[588.535s] PRUNE: margin=-18.000000, optimistic_rem(widened)=0.000000 -> cannot exceed 0.
[595.486s] PRUNE: margin=-20.000000, optimistic_rem(widened)=0.000000 -> cannot exceed 0.
[613.154s] PRUNE: margin=-18.000000, optimistic_rem(widened)=0.000000 -> cannot exceed 0.
[621.980s] PRUNE: margin=-18.000000, optimistic_rem(widened)=0.000000 -> cannot exceed 0.
[630.818s] PRUNE: margin=-18.000000, optimistic_rem(widened)=0.000000 -> cannot exceed 0.
[639.657s] PRUNE: margin=-18.000000, optimistic_rem(widened)=0.000000 -> cannot exceed 0.
[648.494s] PRUNE: margin=-18.000000, optimistic_rem(widened)=0.000000 -> cannot exceed 0.
[656.853s] PRUNE: margin=-18.000000, optimistic_rem(widened)=0.000000 -> cannot exceed 0.
[664.700s] PRUNE: margin=-18.000000, optimistic_rem(widened)=0.000000 -> cannot exceed 0.
[680.970s] PRUNE: margin=-18.000000, optimistic_rem(widened)=0.000000 -> cannot exceed 0.
[688.356s] PRUNE: margin=-18.000000, optimistic_rem(widened)=0.000000 -> cannot exceed 0.
[697.183s] PRUNE: margin=-18.000000, optimistic_rem(widened)=0.000000 -> cannot exceed 0.
[706.009s] PRUNE: margin=-18.000000, optimistic_rem(widened)=0.000000 -> cannot exceed 0.
[714.840s] PRUNE: margin=-18.000000, optimistic_rem(widened)=0.000000 -> cannot exceed 0.
[722.580s] PRUNE: margin=-18.000000, optimistic_rem(widened)=0.000000 -> cannot exceed 0.
[737.283s] PRUNE: margin=-18.000000, optimistic_rem(widened)=0.000000 -> cannot exceed 0.
[743.761s] PRUNE: margin=-18.000000, optimistic_rem(widened)=0.000000 -> cannot exceed 0.
[749.899s] PRUNE: margin=-18.000000, optimistic_rem(widened)=0.000000 -> cannot exceed 0.
[756.833s] PRUNE: margin=-18.000000, optimistic_rem(widened)=0.000000 -> cannot exceed 0.
[765.448s] PRUNE: margin=-18.000000, optimistic_rem(widened)=0.000000 -> cannot exceed 0.
[783.113s] PRUNE: margin=-18.000000, optimistic_rem(widened)=0.000000 -> cannot exceed 0.
[791.944s] PRUNE: margin=-18.000000, optimistic_rem(widened)=0.000000 -> cannot exceed 0.
[800.782s] PRUNE: margin=-18.000000, optimistic_rem(widened)=0.000000 -> cannot exceed 0.
[809.633s] PRUNE: margin=-18.000000, optimistic_rem(widened)=0.000000 -> cannot exceed 0.
[827.264s] PRUNE: margin=-20.000000, optimistic_rem(widened)=0.000000 -> cannot exceed 0.
[836.092s] PRUNE: margin=-18.000000, optimistic_rem(widened)=0.000000 -> cannot exceed 0.
[844.865s] PRUNE: margin=-18.000000, optimistic_rem(widened)=0.000000 -> cannot exceed 0.
[858.914s] PRUNE: margin=-18.000000, optimistic_rem(widened)=0.000000 -> cannot exceed 0.
[867.182s] PRUNE: margin=-18.000000, optimistic_rem(widened)=0.000000 -> cannot exceed 0.
[883.684s] PRUNE: margin=-18.000000, optimistic_rem(widened)=0.000000 -> cannot exceed 0.
[1007.829s] PRUNE: margin=-18.000000, optimistic_rem(widened)=0.000000 -> cannot exceed 0.
[1016.664s] PRUNE: margin=-18.000000, optimistic_rem(widened)=0.000000 -> cannot exceed 0.
[1025.496s] PRUNE: margin=-18.000000, optimistic_rem(widened)=0.000000 -> cannot exceed 0.
[1034.332s] PRUNE: margin=-18.000000, optimistic_rem(widened)=0.000000 -> cannot exceed 0.
[1043.166s] PRUNE: margin=-18.000000, optimistic_rem(widened)=0.000000 -> cannot exceed 0.
[1051.998s] PRUNE: margin=-18.000000, optimistic_rem(widened)=0.000000 -> cannot exceed 0.
[1060.833s] PRUNE: margin=-18.000000, optimistic_rem(widened)=0.000000 -> cannot exceed 0.
[1069.674s] PRUNE: margin=-18.000000, optimistic_rem(widened)=0.000000 -> cannot exceed 0.
[1087.332s] PRUNE: margin=-20.000000, optimistic_rem(widened)=2.000000 -> cannot exceed 0.
[1096.159s] PRUNE: margin=-18.000000, optimistic_rem(widened)=0.000000 -> cannot exceed 0.
[1104.991s] PRUNE: margin=-18.000000, optimistic_rem(widened)=0.000000 -> cannot exceed 0.
[1113.817s] PRUNE: margin=-18.000000, optimistic_rem(widened)=0.000000 -> cannot exceed 0.
[1122.643s] PRUNE: margin=-18.000000, optimistic_rem(widened)=0.000000 -> cannot exceed 0.
[1131.471s] PRUNE: margin=-18.000000, optimistic_rem(widened)=0.000000 -> cannot exceed 0.
[1140.301s] PRUNE: margin=-18.000000, optimistic_rem(widened)=0.000000 -> cannot exceed 0.
[1149.131s] PRUNE: margin=-18.000000, optimistic_rem(widened)=0.000000 -> cannot exceed 0.
[1157.966s] PRUNE: margin=-18.000000, optimistic_rem(widened)=0.000000 -> cannot exceed 0.
[1175.623s] PRUNE: margin=-20.000000, optimistic_rem(widened)=0.000000 -> cannot exceed 0.
[1184.449s] PRUNE: margin=-18.000000, optimistic_rem(widened)=0.000000 -> cannot exceed 0.
[1193.275s] PRUNE: margin=-18.000000, optimistic_rem(widened)=0.000000 -> cannot exceed 0.
[1202.097s] PRUNE: margin=-18.000000, optimistic_rem(widened)=0.000000 -> cannot exceed 0.
[1210.919s] PRUNE: margin=-18.000000, optimistic_rem(widened)=0.000000 -> cannot exceed 0.
[1219.745s] PRUNE: margin=-18.000000, optimistic_rem(widened)=0.000000 -> cannot exceed 0.
[1228.577s] PRUNE: margin=-18.000000, optimistic_rem(widened)=0.000000 -> cannot exceed 0.
[1237.273s] PRUNE: margin=-20.000000, optimistic_rem(widened)=0.000000 -> cannot exceed 0.
[1254.643s] PRUNE: margin=-18.000000, optimistic_rem(widened)=0.000000 -> cannot exceed 0.
[1262.877s] PRUNE: margin=-18.000000, optimistic_rem(widened)=0.000000 -> cannot exceed 0.
[1271.268s] PRUNE: margin=-18.000000, optimistic_rem(widened)=0.000000 -> cannot exceed 0.
[1280.097s] PRUNE: margin=-18.000000, optimistic_rem(widened)=0.000000 -> cannot exceed 0.
[1288.469s] PRUNE: margin=-18.000000, optimistic_rem(widened)=0.000000 -> cannot exceed 0.
[1297.309s] PRUNE: margin=-18.000000, optimistic_rem(widened)=0.000000 -> cannot exceed 0.
[1305.896s] PRUNE: margin=-18.000000, optimistic_rem(widened)=0.000000 -> cannot exceed 0.
[1320.620s] PRUNE: margin=-18.000000, optimistic_rem(widened)=0.000000 -> cannot exceed 0.
[1329.209s] PRUNE: margin=-18.000000, optimistic_rem(widened)=0.000000 -> cannot exceed 0.
[1338.038s] PRUNE: margin=-18.000000, optimistic_rem(widened)=0.000000 -> cannot exceed 0.
[1346.868s] PRUNE: margin=-18.000000, optimistic_rem(widened)=0.000000 -> cannot exceed 0.
[1355.700s] PRUNE: margin=-18.000000, optimistic_rem(widened)=0.000000 -> cannot exceed 0.
[1364.539s] PRUNE: margin=-18.000000, optimistic_rem(widened)=0.000000 -> cannot exceed 0.
[1382.234s] PRUNE: margin=-18.000000, optimistic_rem(widened)=0.000000 -> cannot exceed 0.
[1390.692s] PRUNE: margin=-18.000000, optimistic_rem(widened)=0.000000 -> cannot exceed 0.
[1397.109s] PRUNE: margin=-18.000000, optimistic_rem(widened)=0.000000 -> cannot exceed 0.
[1403.191s] PRUNE: margin=-18.000000, optimistic_rem(widened)=0.000000 -> cannot exceed 0.
[1409.866s] PRUNE: margin=-18.000000, optimistic_rem(widened)=0.000000 -> cannot exceed 0.
[1425.157s] PRUNE: margin=-18.000000, optimistic_rem(widened)=0.000000 -> cannot exceed 0.
[1433.994s] PRUNE: margin=-18.000000, optimistic_rem(widened)=0.000000 -> cannot exceed 0.
[1442.757s] PRUNE: margin=-18.000000, optimistic_rem(widened)=0.000000 -> cannot exceed 0.
[1451.600s] PRUNE: margin=-18.000000, optimistic_rem(widened)=0.000000 -> cannot exceed 0.
[1469.283s] PRUNE: margin=-20.000000, optimistic_rem(widened)=0.000000 -> cannot exceed 0.
[1477.772s] PRUNE: margin=-18.000000, optimistic_rem(widened)=0.000000 -> cannot exceed 0.
[1486.618s] PRUNE: margin=-18.000000, optimistic_rem(widened)=0.000000 -> cannot exceed 0.
[1504.297s] PRUNE: margin=-18.000000, optimistic_rem(widened)=0.000000 -> cannot exceed 0.
[1513.143s] PRUNE: margin=-18.000000, optimistic_rem(widened)=0.000000 -> cannot exceed 0.
[1530.843s] PRUNE: margin=-18.000000, optimistic_rem(widened)=0.000000 -> cannot exceed 0.
[1566.169s] PRUNE: margin=-20.000000, optimistic_rem(widened)=2.000000 -> cannot exceed 0.
[1574.998s] PRUNE: margin=-18.000000, optimistic_rem(widened)=0.000000 -> cannot exceed 0.
[1583.829s] PRUNE: margin=-18.000000, optimistic_rem(widened)=0.000000 -> cannot exceed 0.
[1592.659s] PRUNE: margin=-18.000000, optimistic_rem(widened)=0.000000 -> cannot exceed 0.
[1601.487s] PRUNE: margin=-18.000000, optimistic_rem(widened)=0.000000 -> cannot exceed 0.
[1610.313s] PRUNE: margin=-18.000000, optimistic_rem(widened)=0.000000 -> cannot exceed 0.
[1619.145s] PRUNE: margin=-18.000000, optimistic_rem(widened)=0.000000 -> cannot exceed 0.
[1627.973s] PRUNE: margin=-18.000000, optimistic_rem(widened)=0.000000 -> cannot exceed 0.
[1636.810s] PRUNE: margin=-18.000000, optimistic_rem(widened)=0.000000 -> cannot exceed 0.
[1654.169s] PRUNE: margin=-20.000000, optimistic_rem(widened)=0.000000 -> cannot exceed 0.
[1662.989s] PRUNE: margin=-18.000000, optimistic_rem(widened)=0.000000 -> cannot exceed 0.
[1670.503s] PRUNE: margin=-18.000000, optimistic_rem(widened)=0.000000 -> cannot exceed 0.
[1678.089s] PRUNE: margin=-18.000000, optimistic_rem(widened)=0.000000 -> cannot exceed 0.
[1686.907s] PRUNE: margin=-18.000000, optimistic_rem(widened)=0.000000 -> cannot exceed 0.
[1695.724s] PRUNE: margin=-18.000000, optimistic_rem(widened)=0.000000 -> cannot exceed 0.
[1704.544s] PRUNE: margin=-18.000000, optimistic_rem(widened)=0.000000 -> cannot exceed 0.
[1713.370s] PRUNE: margin=-18.000000, optimistic_rem(widened)=0.000000 -> cannot exceed 0.
[1727.055s] PRUNE: margin=-18.000000, optimistic_rem(widened)=0.000000 -> cannot exceed 0.
[1735.534s] PRUNE: margin=-18.000000, optimistic_rem(widened)=0.000000 -> cannot exceed 0.
[1744.368s] PRUNE: margin=-18.000000, optimistic_rem(widened)=0.000000 -> cannot exceed 0.
[1753.198s] PRUNE: margin=-18.000000, optimistic_rem(widened)=0.000000 -> cannot exceed 0.
[1762.029s] PRUNE: margin=-18.000000, optimistic_rem(widened)=0.000000 -> cannot exceed 0.
[1770.855s] PRUNE: margin=-18.000000, optimistic_rem(widened)=0.000000 -> cannot exceed 0.
[1779.694s] PRUNE: margin=-18.000000, optimistic_rem(widened)=0.000000 -> cannot exceed 0.
[1796.042s] PRUNE: margin=-18.000000, optimistic_rem(widened)=0.000000 -> cannot exceed 0.
[1803.743s] PRUNE: margin=-18.000000, optimistic_rem(widened)=0.000000 -> cannot exceed 0.
[1812.579s] PRUNE: margin=-18.000000, optimistic_rem(widened)=0.000000 -> cannot exceed 0.
[1821.421s] PRUNE: margin=-18.000000, optimistic_rem(widened)=0.000000 -> cannot exceed 0.
[1830.262s] PRUNE: margin=-18.000000, optimistic_rem(widened)=0.000000 -> cannot exceed 0.
[1839.108s] PRUNE: margin=-18.000000, optimistic_rem(widened)=0.000000 -> cannot exceed 0.
[1856.784s] PRUNE: margin=-18.000000, optimistic_rem(widened)=0.000000 -> cannot exceed 0.
[1865.619s] PRUNE: margin=-18.000000, optimistic_rem(widened)=0.000000 -> cannot exceed 0.
[1872.970s] PRUNE: margin=-18.000000, optimistic_rem(widened)=0.000000 -> cannot exceed 0.
[1880.228s] PRUNE: margin=-18.000000, optimistic_rem(widened)=0.000000 -> cannot exceed 0.
[1889.035s] PRUNE: margin=-18.000000, optimistic_rem(widened)=0.000000 -> cannot exceed 0.
[1906.550s] PRUNE: margin=-18.000000, optimistic_rem(widened)=0.000000 -> cannot exceed 0.
[1913.938s] PRUNE: margin=-18.000000, optimistic_rem(widened)=0.000000 -> cannot exceed 0.
[1920.559s] PRUNE: margin=-18.000000, optimistic_rem(widened)=0.000000 -> cannot exceed 0.
[1928.256s] PRUNE: margin=-18.000000, optimistic_rem(widened)=0.000000 -> cannot exceed 0.
[1942.955s] PRUNE: margin=-18.000000, optimistic_rem(widened)=0.000000 -> cannot exceed 0.
[1950.990s] PRUNE: margin=-20.000000, optimistic_rem(widened)=0.000000 -> cannot exceed 0.
[1959.289s] PRUNE: margin=-18.000000, optimistic_rem(widened)=0.000000 -> cannot exceed 0.
[1975.855s] PRUNE: margin=-18.000000, optimistic_rem(widened)=0.000000 -> cannot exceed 0.
[1984.700s] PRUNE: margin=-18.000000, optimistic_rem(widened)=0.000000 -> cannot exceed 0.
[2002.382s] PRUNE: margin=-18.000000, optimistic_rem(widened)=0.000000 -> cannot exceed 0.
[2030.584s] PRUNE: margin=-20.000000, optimistic_rem(widened)=4.000000 -> cannot exceed 0.
[2039.454s] PRUNE: margin=-20.000000, optimistic_rem(widened)=2.000000 -> cannot exceed 0.
[2052.742s] PRUNE: margin=-18.000000, optimistic_rem(widened)=0.000000 -> cannot exceed 0.
[2061.586s] PRUNE: margin=-18.000000, optimistic_rem(widened)=0.000000 -> cannot exceed 0.
[2069.389s] PRUNE: margin=-18.000000, optimistic_rem(widened)=0.000000 -> cannot exceed 0.
[2078.215s] PRUNE: margin=-18.000000, optimistic_rem(widened)=0.000000 -> cannot exceed 0.
[2087.042s] PRUNE: margin=-18.000000, optimistic_rem(widened)=0.000000 -> cannot exceed 0.
[2095.874s] PRUNE: margin=-18.000000, optimistic_rem(widened)=0.000000 -> cannot exceed 0.
[2113.296s] PRUNE: margin=-18.000000, optimistic_rem(widened)=0.000000 -> cannot exceed 0.
[2122.119s] PRUNE: margin=-18.000000, optimistic_rem(widened)=0.000000 -> cannot exceed 0.
[2130.940s] PRUNE: margin=-18.000000, optimistic_rem(widened)=0.000000 -> cannot exceed 0.
[2139.765s] PRUNE: margin=-18.000000, optimistic_rem(widened)=0.000000 -> cannot exceed 0.
[2148.594s] PRUNE: margin=-18.000000, optimistic_rem(widened)=0.000000 -> cannot exceed 0.
[2166.223s] PRUNE: margin=-18.000000, optimistic_rem(widened)=0.000000 -> cannot exceed 0.
[2174.128s] PRUNE: margin=-18.000000, optimistic_rem(widened)=0.000000 -> cannot exceed 0.
[2180.153s] PRUNE: margin=-18.000000, optimistic_rem(widened)=0.000000 -> cannot exceed 0.
[2188.573s] PRUNE: margin=-18.000000, optimistic_rem(widened)=0.000000 -> cannot exceed 0.
[2206.231s] PRUNE: margin=-18.000000, optimistic_rem(widened)=0.000000 -> cannot exceed 0.
[2215.058s] PRUNE: margin=-18.000000, optimistic_rem(widened)=0.000000 -> cannot exceed 0.
[2223.893s] PRUNE: margin=-18.000000, optimistic_rem(widened)=0.000000 -> cannot exceed 0.
[2241.553s] PRUNE: margin=-18.000000, optimistic_rem(widened)=0.000000 -> cannot exceed 0.
[2250.253s] PRUNE: margin=-18.000000, optimistic_rem(widened)=0.000000 -> cannot exceed 0.
[2267.907s] PRUNE: margin=-18.000000, optimistic_rem(widened)=0.000000 -> cannot exceed 0.
[2296.652s] PRUNE: margin=-18.000000, optimistic_rem(widened)=0.000000 -> cannot exceed 0.
[2302.394s] PRUNE: margin=-20.000000, optimistic_rem(widened)=2.000000 -> cannot exceed 0.
[2310.721s] PRUNE: margin=-18.000000, optimistic_rem(widened)=0.000000 -> cannot exceed 0.
[2316.350s] PRUNE: margin=-18.000000, optimistic_rem(widened)=0.000000 -> cannot exceed 0.
[2325.022s] PRUNE: margin=-18.000000, optimistic_rem(widened)=0.000000 -> cannot exceed 0.
[2333.035s] PRUNE: margin=-18.000000, optimistic_rem(widened)=0.000000 -> cannot exceed 0.
[2341.794s] PRUNE: margin=-20.000000, optimistic_rem(widened)=0.000000 -> cannot exceed 0.
[2359.182s] PRUNE: margin=-18.000000, optimistic_rem(widened)=0.000000 -> cannot exceed 0.
[2366.998s] PRUNE: margin=-18.000000, optimistic_rem(widened)=0.000000 -> cannot exceed 0.
[2375.821s] PRUNE: margin=-18.000000, optimistic_rem(widened)=0.000000 -> cannot exceed 0.
[2384.648s] PRUNE: margin=-20.000000, optimistic_rem(widened)=0.000000 -> cannot exceed 0.
[2402.287s] PRUNE: margin=-18.000000, optimistic_rem(widened)=0.000000 -> cannot exceed 0.
[2411.111s] PRUNE: margin=-18.000000, optimistic_rem(widened)=0.000000 -> cannot exceed 0.
[2419.940s] PRUNE: margin=-20.000000, optimistic_rem(widened)=0.000000 -> cannot exceed 0.
[2437.581s] PRUNE: margin=-18.000000, optimistic_rem(widened)=0.000000 -> cannot exceed 0.
[2445.994s] PRUNE: margin=-18.000000, optimistic_rem(widened)=0.000000 -> cannot exceed 0.
[2459.564s] PRUNE: margin=-18.000000, optimistic_rem(widened)=0.000000 -> cannot exceed 0.
[2492.189s] PRUNE: margin=-18.000000, optimistic_rem(widened)=0.000000 -> cannot exceed 0.
[2501.025s] PRUNE: margin=-18.000000, optimistic_rem(widened)=0.000000 -> cannot exceed 0.
[2509.864s] PRUNE: margin=-18.000000, optimistic_rem(widened)=0.000000 -> cannot exceed 0.
[2518.477s] PRUNE: margin=-18.000000, optimistic_rem(widened)=0.000000 -> cannot exceed 0.
[2527.304s] PRUNE: margin=-18.000000, optimistic_rem(widened)=0.000000 -> cannot exceed 0.
[2536.135s] PRUNE: margin=-18.000000, optimistic_rem(widened)=0.000000 -> cannot exceed 0.
[2553.780s] PRUNE: margin=-18.000000, optimistic_rem(widened)=0.000000 -> cannot exceed 0.
[2562.604s] PRUNE: margin=-18.000000, optimistic_rem(widened)=0.000000 -> cannot exceed 0.
[2571.429s] PRUNE: margin=-18.000000, optimistic_rem(widened)=0.000000 -> cannot exceed 0.
[2580.255s] PRUNE: margin=-18.000000, optimistic_rem(widened)=0.000000 -> cannot exceed 0.
[2589.089s] PRUNE: margin=-18.000000, optimistic_rem(widened)=0.000000 -> cannot exceed 0.
[2606.206s] PRUNE: margin=-18.000000, optimistic_rem(widened)=0.000000 -> cannot exceed 0.
[2614.864s] PRUNE: margin=-18.000000, optimistic_rem(widened)=0.000000 -> cannot exceed 0.
[2622.469s] PRUNE: margin=-18.000000, optimistic_rem(widened)=0.000000 -> cannot exceed 0.
[2631.098s] PRUNE: margin=-18.000000, optimistic_rem(widened)=0.000000 -> cannot exceed 0.
[2648.846s] PRUNE: margin=-20.000000, optimistic_rem(widened)=0.000000 -> cannot exceed 0.
[2656.866s] PRUNE: margin=-18.000000, optimistic_rem(widened)=0.000000 -> cannot exceed 0.
[2664.779s] PRUNE: margin=-18.000000, optimistic_rem(widened)=0.000000 -> cannot exceed 0.
[2681.643s] PRUNE: margin=-18.000000, optimistic_rem(widened)=0.000000 -> cannot exceed 0.
[2689.691s] PRUNE: margin=-18.000000, optimistic_rem(widened)=0.000000 -> cannot exceed 0.
[2703.865s] PRUNE: margin=-18.000000, optimistic_rem(widened)=0.000000 -> cannot exceed 0.
[2739.185s] PRUNE: margin=-18.000000, optimistic_rem(widened)=0.000000 -> cannot exceed 0.
[2747.934s] PRUNE: margin=-18.000000, optimistic_rem(widened)=0.000000 -> cannot exceed 0.
[2756.769s] PRUNE: margin=-18.000000, optimistic_rem(widened)=0.000000 -> cannot exceed 0.
[2765.542s] PRUNE: margin=-18.000000, optimistic_rem(widened)=0.000000 -> cannot exceed 0.
[2774.385s] PRUNE: margin=-18.000000, optimistic_rem(widened)=0.000000 -> cannot exceed 0.
[2792.053s] PRUNE: margin=-18.000000, optimistic_rem(widened)=0.000000 -> cannot exceed 0.
[2800.886s] PRUNE: margin=-18.000000, optimistic_rem(widened)=0.000000 -> cannot exceed 0.
[2809.723s] PRUNE: margin=-18.000000, optimistic_rem(widened)=0.000000 -> cannot exceed 0.
[2818.565s] PRUNE: margin=-18.000000, optimistic_rem(widened)=0.000000 -> cannot exceed 0.
[2836.238s] PRUNE: margin=-20.000000, optimistic_rem(widened)=0.000000 -> cannot exceed 0.
[2845.076s] PRUNE: margin=-18.000000, optimistic_rem(widened)=0.000000 -> cannot exceed 0.
[2853.920s] PRUNE: margin=-18.000000, optimistic_rem(widened)=0.000000 -> cannot exceed 0.
[2871.596s] PRUNE: margin=-18.000000, optimistic_rem(widened)=0.000000 -> cannot exceed 0.
[2880.440s] PRUNE: margin=-18.000000, optimistic_rem(widened)=0.000000 -> cannot exceed 0.
[2898.137s] PRUNE: margin=-18.000000, optimistic_rem(widened)=0.000000 -> cannot exceed 0.
[2933.411s] PRUNE: margin=-18.000000, optimistic_rem(widened)=0.000000 -> cannot exceed 0.
[2942.243s] PRUNE: margin=-18.000000, optimistic_rem(widened)=0.000000 -> cannot exceed 0.
[2951.079s] PRUNE: margin=-18.000000, optimistic_rem(widened)=0.000000 -> cannot exceed 0.
[2959.918s] PRUNE: margin=-18.000000, optimistic_rem(widened)=0.000000 -> cannot exceed 0.
[2977.582s] PRUNE: margin=-18.000000, optimistic_rem(widened)=0.000000 -> cannot exceed 0.
[2986.416s] PRUNE: margin=-18.000000, optimistic_rem(widened)=0.000000 -> cannot exceed 0.
[2995.256s] PRUNE: margin=-18.000000, optimistic_rem(widened)=0.000000 -> cannot exceed 0.
[3012.924s] PRUNE: margin=-18.000000, optimistic_rem(widened)=0.000000 -> cannot exceed 0.
[3021.769s] PRUNE: margin=-18.000000, optimistic_rem(widened)=0.000000 -> cannot exceed 0.
[3039.449s] PRUNE: margin=-18.000000, optimistic_rem(widened)=0.000000 -> cannot exceed 0.
[3074.789s] PRUNE: margin=-18.000000, optimistic_rem(widened)=0.000000 -> cannot exceed 0.
[3083.624s] PRUNE: margin=-18.000000, optimistic_rem(widened)=0.000000 -> cannot exceed 0.
[3092.464s] PRUNE: margin=-18.000000, optimistic_rem(widened)=0.000000 -> cannot exceed 0.
[3110.131s] PRUNE: margin=-18.000000, optimistic_rem(widened)=0.000000 -> cannot exceed 0.
[3118.978s] PRUNE: margin=-18.000000, optimistic_rem(widened)=0.000000 -> cannot exceed 0.
[3136.651s] PRUNE: margin=-18.000000, optimistic_rem(widened)=0.000000 -> cannot exceed 0.
[3167.617s] PRUNE: margin=-20.000000, optimistic_rem(widened)=2.000000 -> cannot exceed 0.
[3180.875s] PRUNE: margin=-18.000000, optimistic_rem(widened)=0.000000 -> cannot exceed 0.
[3216.245s] PRUNE: margin=-18.000000, optimistic_rem(widened)=0.000000 -> cannot exceed 0.
[3229.313s] PRUNE: margin=-18.000000, optimistic_rem(widened)=0.000000 -> cannot exceed 0.
[3244.325s] PRUNE: margin=-18.000000, optimistic_rem(widened)=0.000000 -> cannot exceed 0.
[3365.201s] PRUNE: margin=-18.000000, optimistic_rem(widened)=0.000000 -> cannot exceed 0.
[3371.650s] PRUNE: margin=-18.000000, optimistic_rem(widened)=0.000000 -> cannot exceed 0.
[3377.763s] PRUNE: margin=-18.000000, optimistic_rem(widened)=0.000000 -> cannot exceed 0.
[3383.442s] PRUNE: margin=-18.000000, optimistic_rem(widened)=0.000000 -> cannot exceed 0.
[3391.725s] PRUNE: margin=-18.000000, optimistic_rem(widened)=0.000000 -> cannot exceed 0.
[3400.528s] PRUNE: margin=-18.000000, optimistic_rem(widened)=0.000000 -> cannot exceed 0.
[3409.318s] PRUNE: margin=-18.000000, optimistic_rem(widened)=0.000000 -> cannot exceed 0.
[3418.156s] PRUNE: margin=-18.000000, optimistic_rem(widened)=0.000000 -> cannot exceed 0.
[3435.712s] PRUNE: margin=-20.000000, optimistic_rem(widened)=2.000000 -> cannot exceed 0.
[3444.538s] PRUNE: margin=-18.000000, optimistic_rem(widened)=0.000000 -> cannot exceed 0.
[3453.364s] PRUNE: margin=-18.000000, optimistic_rem(widened)=0.000000 -> cannot exceed 0.
[3462.189s] PRUNE: margin=-18.000000, optimistic_rem(widened)=0.000000 -> cannot exceed 0.
[3471.016s] PRUNE: margin=-18.000000, optimistic_rem(widened)=0.000000 -> cannot exceed 0.
[3476.524s] PRUNE: margin=-18.000000, optimistic_rem(widened)=0.000000 -> cannot exceed 0.
[3483.269s] PRUNE: margin=-18.000000, optimistic_rem(widened)=0.000000 -> cannot exceed 0.
[3488.936s] PRUNE: margin=-18.000000, optimistic_rem(widened)=0.000000 -> cannot exceed 0.
[3496.170s] PRUNE: margin=-18.000000, optimistic_rem(widened)=0.000000 -> cannot exceed 0.
[3513.824s] PRUNE: margin=-20.000000, optimistic_rem(widened)=0.000000 -> cannot exceed 0.
[3522.649s] PRUNE: margin=-18.000000, optimistic_rem(widened)=0.000000 -> cannot exceed 0.
[3531.476s] PRUNE: margin=-18.000000, optimistic_rem(widened)=0.000000 -> cannot exceed 0.
[3540.299s] PRUNE: margin=-18.000000, optimistic_rem(widened)=0.000000 -> cannot exceed 0.
[3549.122s] PRUNE: margin=-18.000000, optimistic_rem(widened)=0.000000 -> cannot exceed 0.
[3557.945s] PRUNE: margin=-18.000000, optimistic_rem(widened)=0.000000 -> cannot exceed 0.
[3566.772s] PRUNE: margin=-18.000000, optimistic_rem(widened)=0.000000 -> cannot exceed 0.
[3575.601s] PRUNE: margin=-20.000000, optimistic_rem(widened)=0.000000 -> cannot exceed 0.
[3593.260s] PRUNE: margin=-18.000000, optimistic_rem(widened)=0.000000 -> cannot exceed 0.
[3602.092s] PRUNE: margin=-18.000000, optimistic_rem(widened)=0.000000 -> cannot exceed 0.
[3610.926s] PRUNE: margin=-18.000000, optimistic_rem(widened)=0.000000 -> cannot exceed 0.
[3619.756s] PRUNE: margin=-18.000000, optimistic_rem(widened)=0.000000 -> cannot exceed 0.
[3628.595s] PRUNE: margin=-18.000000, optimistic_rem(widened)=0.000000 -> cannot exceed 0.
[3637.445s] PRUNE: margin=-18.000000, optimistic_rem(widened)=0.000000 -> cannot exceed 0.
[3646.298s] PRUNE: margin=-18.000000, optimistic_rem(widened)=0.000000 -> cannot exceed 0.
[3663.851s] PRUNE: margin=-18.000000, optimistic_rem(widened)=0.000000 -> cannot exceed 0.
[3672.715s] PRUNE: margin=-18.000000, optimistic_rem(widened)=0.000000 -> cannot exceed 0.
[3681.546s] PRUNE: margin=-18.000000, optimistic_rem(widened)=0.000000 -> cannot exceed 0.
[3690.379s] PRUNE: margin=-18.000000, optimistic_rem(widened)=0.000000 -> cannot exceed 0.
[3699.220s] PRUNE: margin=-18.000000, optimistic_rem(widened)=0.000000 -> cannot exceed 0.
[3708.051s] PRUNE: margin=-18.000000, optimistic_rem(widened)=0.000000 -> cannot exceed 0.
[3725.489s] PRUNE: margin=-18.000000, optimistic_rem(widened)=0.000000 -> cannot exceed 0.
[3734.328s] PRUNE: margin=-18.000000, optimistic_rem(widened)=0.000000 -> cannot exceed 0.
[3743.176s] PRUNE: margin=-18.000000, optimistic_rem(widened)=0.000000 -> cannot exceed 0.
[3752.017s] PRUNE: margin=-18.000000, optimistic_rem(widened)=0.000000 -> cannot exceed 0.
[3760.865s] PRUNE: margin=-18.000000, optimistic_rem(widened)=0.000000 -> cannot exceed 0.
[3778.577s] PRUNE: margin=-18.000000, optimistic_rem(widened)=0.000000 -> cannot exceed 0.
[3787.420s] PRUNE: margin=-18.000000, optimistic_rem(widened)=0.000000 -> cannot exceed 0.
[3796.259s] PRUNE: margin=-18.000000, optimistic_rem(widened)=0.000000 -> cannot exceed 0.
[3805.106s] PRUNE: margin=-18.000000, optimistic_rem(widened)=0.000000 -> cannot exceed 0.
[3822.265s] PRUNE: margin=-20.000000, optimistic_rem(widened)=0.000000 -> cannot exceed 0.
[3829.798s] PRUNE: margin=-18.000000, optimistic_rem(widened)=0.000000 -> cannot exceed 0.
[3838.635s] PRUNE: margin=-18.000000, optimistic_rem(widened)=0.000000 -> cannot exceed 0.
[3856.302s] PRUNE: margin=-18.000000, optimistic_rem(widened)=0.000000 -> cannot exceed 0.
[3865.139s] PRUNE: margin=-18.000000, optimistic_rem(widened)=0.000000 -> cannot exceed 0.
[3882.805s] PRUNE: margin=-18.000000, optimistic_rem(widened)=0.000000 -> cannot exceed 0.
[3918.126s] PRUNE: margin=-20.000000, optimistic_rem(widened)=2.000000 -> cannot exceed 0.
[3926.954s] PRUNE: margin=-18.000000, optimistic_rem(widened)=0.000000 -> cannot exceed 0.
[3935.781s] PRUNE: margin=-18.000000, optimistic_rem(widened)=0.000000 -> cannot exceed 0.
[3944.610s] PRUNE: margin=-18.000000, optimistic_rem(widened)=0.000000 -> cannot exceed 0.
[3953.439s] PRUNE: margin=-18.000000, optimistic_rem(widened)=0.000000 -> cannot exceed 0.
[3962.267s] PRUNE: margin=-18.000000, optimistic_rem(widened)=0.000000 -> cannot exceed 0.
[3971.090s] PRUNE: margin=-18.000000, optimistic_rem(widened)=0.000000 -> cannot exceed 0.
[3979.915s] PRUNE: margin=-18.000000, optimistic_rem(widened)=0.000000 -> cannot exceed 0.
[3988.745s] PRUNE: margin=-18.000000, optimistic_rem(widened)=0.000000 -> cannot exceed 0.
[4006.390s] PRUNE: margin=-20.000000, optimistic_rem(widened)=0.000000 -> cannot exceed 0.
[4015.211s] PRUNE: margin=-18.000000, optimistic_rem(widened)=0.000000 -> cannot exceed 0.
[4024.029s] PRUNE: margin=-18.000000, optimistic_rem(widened)=0.000000 -> cannot exceed 0.
[4032.851s] PRUNE: margin=-18.000000, optimistic_rem(widened)=0.000000 -> cannot exceed 0.
[4041.671s] PRUNE: margin=-18.000000, optimistic_rem(widened)=0.000000 -> cannot exceed 0.
[4050.490s] PRUNE: margin=-18.000000, optimistic_rem(widened)=0.000000 -> cannot exceed 0.
[4059.313s] PRUNE: margin=-18.000000, optimistic_rem(widened)=0.000000 -> cannot exceed 0.
[4068.139s] PRUNE: margin=-18.000000, optimistic_rem(widened)=0.000000 -> cannot exceed 0.
[4085.791s] PRUNE: margin=-18.000000, optimistic_rem(widened)=0.000000 -> cannot exceed 0.
[4094.621s] PRUNE: margin=-18.000000, optimistic_rem(widened)=0.000000 -> cannot exceed 0.
[4103.452s] PRUNE: margin=-18.000000, optimistic_rem(widened)=0.000000 -> cannot exceed 0.
[4112.278s] PRUNE: margin=-18.000000, optimistic_rem(widened)=0.000000 -> cannot exceed 0.
[4121.111s] PRUNE: margin=-18.000000, optimistic_rem(widened)=0.000000 -> cannot exceed 0.
[4129.944s] PRUNE: margin=-18.000000, optimistic_rem(widened)=0.000000 -> cannot exceed 0.
[4138.796s] PRUNE: margin=-18.000000, optimistic_rem(widened)=0.000000 -> cannot exceed 0.
[4156.458s] PRUNE: margin=-18.000000, optimistic_rem(widened)=0.000000 -> cannot exceed 0.
[4165.289s] PRUNE: margin=-18.000000, optimistic_rem(widened)=0.000000 -> cannot exceed 0.
[4174.120s] PRUNE: margin=-18.000000, optimistic_rem(widened)=0.000000 -> cannot exceed 0.
[4182.955s] PRUNE: margin=-18.000000, optimistic_rem(widened)=0.000000 -> cannot exceed 0.
[4191.620s] PRUNE: margin=-18.000000, optimistic_rem(widened)=0.000000 -> cannot exceed 0.
[4198.040s] PRUNE: margin=-18.000000, optimistic_rem(widened)=0.000000 -> cannot exceed 0.
[4213.051s] PRUNE: margin=-18.000000, optimistic_rem(widened)=0.000000 -> cannot exceed 0.
[4221.880s] PRUNE: margin=-18.000000, optimistic_rem(widened)=0.000000 -> cannot exceed 0.
[4230.706s] PRUNE: margin=-18.000000, optimistic_rem(widened)=0.000000 -> cannot exceed 0.
[4239.536s] PRUNE: margin=-18.000000, optimistic_rem(widened)=0.000000 -> cannot exceed 0.
[4248.372s] PRUNE: margin=-18.000000, optimistic_rem(widened)=0.000000 -> cannot exceed 0.
[4266.031s] PRUNE: margin=-18.000000, optimistic_rem(widened)=0.000000 -> cannot exceed 0.
[4274.862s] PRUNE: margin=-18.000000, optimistic_rem(widened)=0.000000 -> cannot exceed 0.
[4283.700s] PRUNE: margin=-18.000000, optimistic_rem(widened)=0.000000 -> cannot exceed 0.
[4292.548s] PRUNE: margin=-18.000000, optimistic_rem(widened)=0.000000 -> cannot exceed 0.
[4310.215s] PRUNE: margin=-18.000000, optimistic_rem(widened)=0.000000 -> cannot exceed 0.
[4319.050s] PRUNE: margin=-20.000000, optimistic_rem(widened)=0.000000 -> cannot exceed 0.
[4327.890s] PRUNE: margin=-18.000000, optimistic_rem(widened)=0.000000 -> cannot exceed 0.
[4345.560s] PRUNE: margin=-18.000000, optimistic_rem(widened)=0.000000 -> cannot exceed 0.
[4353.596s] PRUNE: margin=-18.000000, optimistic_rem(widened)=0.000000 -> cannot exceed 0.
[4370.455s] PRUNE: margin=-18.000000, optimistic_rem(widened)=0.000000 -> cannot exceed 0.
[4400.722s] PRUNE: margin=-20.000000, optimistic_rem(widened)=4.000000 -> cannot exceed 0.
[4409.547s] PRUNE: margin=-20.000000, optimistic_rem(widened)=2.000000 -> cannot exceed 0.
[4422.788s] PRUNE: margin=-18.000000, optimistic_rem(widened)=0.000000 -> cannot exceed 0.
[4431.614s] PRUNE: margin=-18.000000, optimistic_rem(widened)=0.000000 -> cannot exceed 0.
[4440.442s] PRUNE: margin=-18.000000, optimistic_rem(widened)=0.000000 -> cannot exceed 0.
[4449.264s] PRUNE: margin=-18.000000, optimistic_rem(widened)=0.000000 -> cannot exceed 0.
[4458.087s] PRUNE: margin=-18.000000, optimistic_rem(widened)=0.000000 -> cannot exceed 0.
[4466.915s] PRUNE: margin=-18.000000, optimistic_rem(widened)=0.000000 -> cannot exceed 0.
[4481.278s] PRUNE: margin=-18.000000, optimistic_rem(widened)=0.000000 -> cannot exceed 0.
[4489.182s] PRUNE: margin=-18.000000, optimistic_rem(widened)=0.000000 -> cannot exceed 0.
[4497.007s] PRUNE: margin=-18.000000, optimistic_rem(widened)=0.000000 -> cannot exceed 0.
[4505.836s] PRUNE: margin=-18.000000, optimistic_rem(widened)=0.000000 -> cannot exceed 0.
[4514.670s] PRUNE: margin=-18.000000, optimistic_rem(widened)=0.000000 -> cannot exceed 0.
[4531.260s] PRUNE: margin=-18.000000, optimistic_rem(widened)=0.000000 -> cannot exceed 0.
[4538.275s] PRUNE: margin=-18.000000, optimistic_rem(widened)=0.000000 -> cannot exceed 0.
[4547.102s] PRUNE: margin=-18.000000, optimistic_rem(widened)=0.000000 -> cannot exceed 0.
[4555.932s] PRUNE: margin=-18.000000, optimistic_rem(widened)=0.000000 -> cannot exceed 0.
[4573.580s] PRUNE: margin=-18.000000, optimistic_rem(widened)=0.000000 -> cannot exceed 0.
[4582.406s] PRUNE: margin=-18.000000, optimistic_rem(widened)=0.000000 -> cannot exceed 0.
[4591.237s] PRUNE: margin=-18.000000, optimistic_rem(widened)=0.000000 -> cannot exceed 0.
[4608.882s] PRUNE: margin=-18.000000, optimistic_rem(widened)=0.000000 -> cannot exceed 0.
[4617.714s] PRUNE: margin=-18.000000, optimistic_rem(widened)=0.000000 -> cannot exceed 0.
[4635.365s] PRUNE: margin=-18.000000, optimistic_rem(widened)=0.000000 -> cannot exceed 0.
[4666.244s] PRUNE: margin=-18.000000, optimistic_rem(widened)=0.000000 -> cannot exceed 0.
[4675.073s] PRUNE: margin=-20.000000, optimistic_rem(widened)=2.000000 -> cannot exceed 0.
[4688.297s] PRUNE: margin=-18.000000, optimistic_rem(widened)=0.000000 -> cannot exceed 0.
[4697.112s] PRUNE: margin=-18.000000, optimistic_rem(widened)=0.000000 -> cannot exceed 0.
[4705.949s] PRUNE: margin=-18.000000, optimistic_rem(widened)=0.000000 -> cannot exceed 0.
[4712.796s] PRUNE: margin=-18.000000, optimistic_rem(widened)=0.000000 -> cannot exceed 0.
[4719.282s] PRUNE: margin=-20.000000, optimistic_rem(widened)=0.000000 -> cannot exceed 0.
[4733.788s] PRUNE: margin=-18.000000, optimistic_rem(widened)=0.000000 -> cannot exceed 0.
[4742.604s] PRUNE: margin=-18.000000, optimistic_rem(widened)=0.000000 -> cannot exceed 0.
[4751.425s] PRUNE: margin=-18.000000, optimistic_rem(widened)=0.000000 -> cannot exceed 0.
[4760.247s] PRUNE: margin=-20.000000, optimistic_rem(widened)=0.000000 -> cannot exceed 0.
[4776.706s] PRUNE: margin=-18.000000, optimistic_rem(widened)=0.000000 -> cannot exceed 0.
[4785.527s] PRUNE: margin=-18.000000, optimistic_rem(widened)=0.000000 -> cannot exceed 0.
[4794.353s] PRUNE: margin=-20.000000, optimistic_rem(widened)=0.000000 -> cannot exceed 0.
[4811.997s] PRUNE: margin=-18.000000, optimistic_rem(widened)=0.000000 -> cannot exceed 0.
[4820.825s] PRUNE: margin=-18.000000, optimistic_rem(widened)=0.000000 -> cannot exceed 0.
[4838.468s] PRUNE: margin=-18.000000, optimistic_rem(widened)=0.000000 -> cannot exceed 0.
[4873.767s] PRUNE: margin=-18.000000, optimistic_rem(widened)=0.000000 -> cannot exceed 0.
[4882.594s] PRUNE: margin=-18.000000, optimistic_rem(widened)=0.000000 -> cannot exceed 0.
[4891.420s] PRUNE: margin=-18.000000, optimistic_rem(widened)=0.000000 -> cannot exceed 0.
[4900.247s] PRUNE: margin=-18.000000, optimistic_rem(widened)=0.000000 -> cannot exceed 0.
[4909.078s] PRUNE: margin=-18.000000, optimistic_rem(widened)=0.000000 -> cannot exceed 0.
[4917.913s] PRUNE: margin=-18.000000, optimistic_rem(widened)=0.000000 -> cannot exceed 0.
[4935.582s] PRUNE: margin=-18.000000, optimistic_rem(widened)=0.000000 -> cannot exceed 0.
[4944.411s] PRUNE: margin=-18.000000, optimistic_rem(widened)=0.000000 -> cannot exceed 0.
[4953.241s] PRUNE: margin=-18.000000, optimistic_rem(widened)=0.000000 -> cannot exceed 0.
[4962.077s] PRUNE: margin=-18.000000, optimistic_rem(widened)=0.000000 -> cannot exceed 0.
[4970.915s] PRUNE: margin=-18.000000, optimistic_rem(widened)=0.000000 -> cannot exceed 0.
[4988.414s] PRUNE: margin=-18.000000, optimistic_rem(widened)=0.000000 -> cannot exceed 0.
[4997.243s] PRUNE: margin=-18.000000, optimistic_rem(widened)=0.000000 -> cannot exceed 0.
[5006.073s] PRUNE: margin=-18.000000, optimistic_rem(widened)=0.000000 -> cannot exceed 0.
[5014.908s] PRUNE: margin=-18.000000, optimistic_rem(widened)=0.000000 -> cannot exceed 0.
[5032.564s] PRUNE: margin=-20.000000, optimistic_rem(widened)=0.000000 -> cannot exceed 0.
[5041.385s] PRUNE: margin=-18.000000, optimistic_rem(widened)=0.000000 -> cannot exceed 0.
[5050.222s] PRUNE: margin=-18.000000, optimistic_rem(widened)=0.000000 -> cannot exceed 0.
[5067.889s] PRUNE: margin=-18.000000, optimistic_rem(widened)=0.000000 -> cannot exceed 0.
[5076.509s] PRUNE: margin=-18.000000, optimistic_rem(widened)=0.000000 -> cannot exceed 0.
[5094.177s] PRUNE: margin=-18.000000, optimistic_rem(widened)=0.000000 -> cannot exceed 0.
[5129.499s] PRUNE: margin=-18.000000, optimistic_rem(widened)=0.000000 -> cannot exceed 0.
[5138.328s] PRUNE: margin=-18.000000, optimistic_rem(widened)=0.000000 -> cannot exceed 0.
[5147.156s] PRUNE: margin=-18.000000, optimistic_rem(widened)=0.000000 -> cannot exceed 0.
[5155.986s] PRUNE: margin=-18.000000, optimistic_rem(widened)=0.000000 -> cannot exceed 0.
[5163.248s] PRUNE: margin=-18.000000, optimistic_rem(widened)=0.000000 -> cannot exceed 0.
[5180.456s] PRUNE: margin=-18.000000, optimistic_rem(widened)=0.000000 -> cannot exceed 0.
[5189.286s] PRUNE: margin=-18.000000, optimistic_rem(widened)=0.000000 -> cannot exceed 0.
[5198.116s] PRUNE: margin=-18.000000, optimistic_rem(widened)=0.000000 -> cannot exceed 0.
[5206.951s] PRUNE: margin=-18.000000, optimistic_rem(widened)=0.000000 -> cannot exceed 0.
[5224.609s] PRUNE: margin=-20.000000, optimistic_rem(widened)=0.000000 -> cannot exceed 0.
[5232.745s] PRUNE: margin=-18.000000, optimistic_rem(widened)=0.000000 -> cannot exceed 0.
[5240.964s] PRUNE: margin=-18.000000, optimistic_rem(widened)=0.000000 -> cannot exceed 0.
[5257.659s] PRUNE: margin=-18.000000, optimistic_rem(widened)=0.000000 -> cannot exceed 0.
[5263.463s] PRUNE: margin=-18.000000, optimistic_rem(widened)=0.000000 -> cannot exceed 0.
[5281.073s] PRUNE: margin=-18.000000, optimistic_rem(widened)=0.000000 -> cannot exceed 0.
[5315.451s] PRUNE: margin=-18.000000, optimistic_rem(widened)=0.000000 -> cannot exceed 0.
[5324.275s] PRUNE: margin=-18.000000, optimistic_rem(widened)=0.000000 -> cannot exceed 0.
[5333.105s] PRUNE: margin=-18.000000, optimistic_rem(widened)=0.000000 -> cannot exceed 0.
[5341.936s] PRUNE: margin=-18.000000, optimistic_rem(widened)=0.000000 -> cannot exceed 0.
[5359.557s] PRUNE: margin=-18.000000, optimistic_rem(widened)=0.000000 -> cannot exceed 0.
[5368.358s] PRUNE: margin=-18.000000, optimistic_rem(widened)=0.000000 -> cannot exceed 0.
[5377.162s] PRUNE: margin=-18.000000, optimistic_rem(widened)=0.000000 -> cannot exceed 0.
[5392.922s] PRUNE: margin=-18.000000, optimistic_rem(widened)=0.000000 -> cannot exceed 0.
[5398.834s] PRUNE: margin=-18.000000, optimistic_rem(widened)=0.000000 -> cannot exceed 0.
[5413.727s] PRUNE: margin=-18.000000, optimistic_rem(widened)=0.000000 -> cannot exceed 0.
[5449.070s] PRUNE: margin=-18.000000, optimistic_rem(widened)=0.000000 -> cannot exceed 0.
[5457.908s] PRUNE: margin=-18.000000, optimistic_rem(widened)=0.000000 -> cannot exceed 0.
[5466.750s] PRUNE: margin=-18.000000, optimistic_rem(widened)=0.000000 -> cannot exceed 0.
[5484.435s] PRUNE: margin=-18.000000, optimistic_rem(widened)=0.000000 -> cannot exceed 0.
[5493.006s] PRUNE: margin=-18.000000, optimistic_rem(widened)=0.000000 -> cannot exceed 0.
[5510.362s] PRUNE: margin=-18.000000, optimistic_rem(widened)=0.000000 -> cannot exceed 0.
[5541.276s] PRUNE: margin=-20.000000, optimistic_rem(widened)=2.000000 -> cannot exceed 0.
[5551.751s] PRUNE: margin=-18.000000, optimistic_rem(widened)=0.000000 -> cannot exceed 0.
[5586.922s] PRUNE: margin=-18.000000, optimistic_rem(widened)=0.000000 -> cannot exceed 0.
[5600.169s] PRUNE: margin=-18.000000, optimistic_rem(widened)=0.000000 -> cannot exceed 0.
[5617.831s] PRUNE: margin=-18.000000, optimistic_rem(widened)=0.000000 -> cannot exceed 0.
[5657.560s] PRUNE: margin=-20.000000, optimistic_rem(widened)=2.000000 -> cannot exceed 0.
[5666.388s] PRUNE: margin=-18.000000, optimistic_rem(widened)=0.000000 -> cannot exceed 0.
[5675.213s] PRUNE: margin=-18.000000, optimistic_rem(widened)=0.000000 -> cannot exceed 0.
[5684.041s] PRUNE: margin=-18.000000, optimistic_rem(widened)=0.000000 -> cannot exceed 0.
[5692.893s] PRUNE: margin=-18.000000, optimistic_rem(widened)=0.000000 -> cannot exceed 0.
[5701.630s] PRUNE: margin=-18.000000, optimistic_rem(widened)=0.000000 -> cannot exceed 0.
[5710.317s] PRUNE: margin=-18.000000, optimistic_rem(widened)=0.000000 -> cannot exceed 0.
[5719.153s] PRUNE: margin=-18.000000, optimistic_rem(widened)=0.000000 -> cannot exceed 0.
[5727.550s] PRUNE: margin=-18.000000, optimistic_rem(widened)=0.000000 -> cannot exceed 0.
[5742.659s] PRUNE: margin=-20.000000, optimistic_rem(widened)=0.000000 -> cannot exceed 0.
[5749.791s] PRUNE: margin=-18.000000, optimistic_rem(widened)=0.000000 -> cannot exceed 0.
[5756.595s] PRUNE: margin=-18.000000, optimistic_rem(widened)=0.000000 -> cannot exceed 0.
[5765.363s] PRUNE: margin=-18.000000, optimistic_rem(widened)=0.000000 -> cannot exceed 0.
[5774.186s] PRUNE: margin=-18.000000, optimistic_rem(widened)=0.000000 -> cannot exceed 0.
[5783.006s] PRUNE: margin=-18.000000, optimistic_rem(widened)=0.000000 -> cannot exceed 0.
[5791.829s] PRUNE: margin=-18.000000, optimistic_rem(widened)=0.000000 -> cannot exceed 0.
[5800.000s] PRUNE: margin=-18.000000, optimistic_rem(widened)=0.000000 -> cannot exceed 0.
[5817.660s] PRUNE: margin=-18.000000, optimistic_rem(widened)=0.000000 -> cannot exceed 0.
[5826.494s] PRUNE: margin=-18.000000, optimistic_rem(widened)=0.000000 -> cannot exceed 0.
[5835.341s] PRUNE: margin=-18.000000, optimistic_rem(widened)=0.000000 -> cannot exceed 0.
[5844.174s] PRUNE: margin=-18.000000, optimistic_rem(widened)=0.000000 -> cannot exceed 0.
[5853.006s] PRUNE: margin=-18.000000, optimistic_rem(widened)=0.000000 -> cannot exceed 0.
[5860.687s] PRUNE: margin=-18.000000, optimistic_rem(widened)=0.000000 -> cannot exceed 0.
[5868.152s] PRUNE: margin=-18.000000, optimistic_rem(widened)=0.000000 -> cannot exceed 0.
[5885.117s] PRUNE: margin=-18.000000, optimistic_rem(widened)=0.000000 -> cannot exceed 0.
[5893.952s] PRUNE: margin=-18.000000, optimistic_rem(widened)=0.000000 -> cannot exceed 0.
[5902.166s] PRUNE: margin=-18.000000, optimistic_rem(widened)=0.000000 -> cannot exceed 0.
[5911.002s] PRUNE: margin=-18.000000, optimistic_rem(widened)=0.000000 -> cannot exceed 0.
[5919.837s] PRUNE: margin=-18.000000, optimistic_rem(widened)=0.000000 -> cannot exceed 0.
[5928.677s] PRUNE: margin=-18.000000, optimistic_rem(widened)=0.000000 -> cannot exceed 0.
[5946.347s] PRUNE: margin=-18.000000, optimistic_rem(widened)=0.000000 -> cannot exceed 0.
[5955.177s] PRUNE: margin=-18.000000, optimistic_rem(widened)=0.000000 -> cannot exceed 0.
[5964.010s] PRUNE: margin=-18.000000, optimistic_rem(widened)=0.000000 -> cannot exceed 0.
[5972.841s] PRUNE: margin=-18.000000, optimistic_rem(widened)=0.000000 -> cannot exceed 0.
[5981.728s] PRUNE: margin=-18.000000, optimistic_rem(widened)=0.000000 -> cannot exceed 0.
[5999.415s] PRUNE: margin=-18.000000, optimistic_rem(widened)=0.000000 -> cannot exceed 0.
[6006.906s] PRUNE: margin=-18.000000, optimistic_rem(widened)=0.000000 -> cannot exceed 0.
[6014.959s] PRUNE: margin=-18.000000, optimistic_rem(widened)=0.000000 -> cannot exceed 0.
[6022.520s] PRUNE: margin=-18.000000, optimistic_rem(widened)=0.000000 -> cannot exceed 0.
[6040.182s] PRUNE: margin=-18.000000, optimistic_rem(widened)=0.000000 -> cannot exceed 0.
[6049.017s] PRUNE: margin=-20.000000, optimistic_rem(widened)=0.000000 -> cannot exceed 0.
[6057.847s] PRUNE: margin=-18.000000, optimistic_rem(widened)=0.000000 -> cannot exceed 0.
[6075.500s] PRUNE: margin=-18.000000, optimistic_rem(widened)=0.000000 -> cannot exceed 0.
[6084.332s] PRUNE: margin=-18.000000, optimistic_rem(widened)=0.000000 -> cannot exceed 0.
[6100.374s] PRUNE: margin=-18.000000, optimistic_rem(widened)=0.000000 -> cannot exceed 0.
[6129.574s] PRUNE: margin=-20.000000, optimistic_rem(widened)=2.000000 -> cannot exceed 0.
[6142.804s] PRUNE: margin=-20.000000, optimistic_rem(widened)=0.000000 -> cannot exceed 0.
[6150.388s] PRUNE: margin=-20.000000, optimistic_rem(widened)=0.000000 -> cannot exceed 0.
[6156.396s] PRUNE: margin=-20.000000, optimistic_rem(widened)=0.000000 -> cannot exceed 0.
[6165.218s] PRUNE: margin=-18.000000, optimistic_rem(widened)=0.000000 -> cannot exceed 0.
[6174.041s] PRUNE: margin=-18.000000, optimistic_rem(widened)=0.000000 -> cannot exceed 0.
[6182.861s] PRUNE: margin=-18.000000, optimistic_rem(widened)=0.000000 -> cannot exceed 0.
[6191.677s] PRUNE: margin=-18.000000, optimistic_rem(widened)=0.000000 -> cannot exceed 0.
[6209.320s] PRUNE: margin=-18.000000, optimistic_rem(widened)=0.000000 -> cannot exceed 0.
[6218.143s] PRUNE: margin=-18.000000, optimistic_rem(widened)=0.000000 -> cannot exceed 0.
[6226.966s] PRUNE: margin=-18.000000, optimistic_rem(widened)=0.000000 -> cannot exceed 0.
[6235.788s] PRUNE: margin=-18.000000, optimistic_rem(widened)=0.000000 -> cannot exceed 0.
[6244.613s] PRUNE: margin=-18.000000, optimistic_rem(widened)=0.000000 -> cannot exceed 0.
[6253.442s] PRUNE: margin=-18.000000, optimistic_rem(widened)=0.000000 -> cannot exceed 0.
[6271.077s] PRUNE: margin=-18.000000, optimistic_rem(widened)=0.000000 -> cannot exceed 0.
[6278.777s] PRUNE: margin=-18.000000, optimistic_rem(widened)=0.000000 -> cannot exceed 0.
[6287.032s] PRUNE: margin=-18.000000, optimistic_rem(widened)=0.000000 -> cannot exceed 0.
[6294.623s] PRUNE: margin=-18.000000, optimistic_rem(widened)=0.000000 -> cannot exceed 0.
[6302.304s] PRUNE: margin=-18.000000, optimistic_rem(widened)=0.000000 -> cannot exceed 0.
[6317.263s] PRUNE: margin=-18.000000, optimistic_rem(widened)=0.000000 -> cannot exceed 0.
[6323.441s] PRUNE: margin=-18.000000, optimistic_rem(widened)=0.000000 -> cannot exceed 0.
[6329.701s] PRUNE: margin=-18.000000, optimistic_rem(widened)=0.000000 -> cannot exceed 0.
[6337.629s] PRUNE: margin=-18.000000, optimistic_rem(widened)=0.000000 -> cannot exceed 0.
[6355.281s] PRUNE: margin=-18.000000, optimistic_rem(widened)=0.000000 -> cannot exceed 0.
[6364.108s] PRUNE: margin=-18.000000, optimistic_rem(widened)=0.000000 -> cannot exceed 0.
[6371.016s] PRUNE: margin=-18.000000, optimistic_rem(widened)=0.000000 -> cannot exceed 0.
[6387.791s] PRUNE: margin=-18.000000, optimistic_rem(widened)=0.000000 -> cannot exceed 0.
[6396.621s] PRUNE: margin=-18.000000, optimistic_rem(widened)=0.000000 -> cannot exceed 0.
[6414.284s] PRUNE: margin=-18.000000, optimistic_rem(widened)=0.000000 -> cannot exceed 0.
[6445.161s] PRUNE: margin=-20.000000, optimistic_rem(widened)=2.000000 -> cannot exceed 0.
[6458.388s] PRUNE: margin=-18.000000, optimistic_rem(widened)=0.000000 -> cannot exceed 0.
[6467.204s] PRUNE: margin=-18.000000, optimistic_rem(widened)=0.000000 -> cannot exceed 0.
[6476.036s] PRUNE: margin=-18.000000, optimistic_rem(widened)=0.000000 -> cannot exceed 0.
[6484.857s] PRUNE: margin=-18.000000, optimistic_rem(widened)=0.000000 -> cannot exceed 0.
[6493.681s] PRUNE: margin=-18.000000, optimistic_rem(widened)=0.000000 -> cannot exceed 0.
[6502.510s] PRUNE: margin=-20.000000, optimistic_rem(widened)=0.000000 -> cannot exceed 0.
[6520.152s] PRUNE: margin=-18.000000, optimistic_rem(widened)=0.000000 -> cannot exceed 0.
[6528.976s] PRUNE: margin=-18.000000, optimistic_rem(widened)=0.000000 -> cannot exceed 0.
[6537.797s] PRUNE: margin=-18.000000, optimistic_rem(widened)=0.000000 -> cannot exceed 0.
[6546.623s] PRUNE: margin=-18.000000, optimistic_rem(widened)=0.000000 -> cannot exceed 0.
[6555.448s] PRUNE: margin=-20.000000, optimistic_rem(widened)=0.000000 -> cannot exceed 0.
[6573.115s] PRUNE: margin=-18.000000, optimistic_rem(widened)=0.000000 -> cannot exceed 0.
[6581.940s] PRUNE: margin=-18.000000, optimistic_rem(widened)=0.000000 -> cannot exceed 0.
[6590.766s] PRUNE: margin=-18.000000, optimistic_rem(widened)=0.000000 -> cannot exceed 0.
[6599.599s] PRUNE: margin=-20.000000, optimistic_rem(widened)=0.000000 -> cannot exceed 0.
[6617.247s] PRUNE: margin=-18.000000, optimistic_rem(widened)=0.000000 -> cannot exceed 0.
[6626.027s] PRUNE: margin=-18.000000, optimistic_rem(widened)=0.000000 -> cannot exceed 0.
[6634.858s] PRUNE: margin=-18.000000, optimistic_rem(widened)=0.000000 -> cannot exceed 0.
[6652.497s] PRUNE: margin=-20.000000, optimistic_rem(widened)=0.000000 -> cannot exceed 0.
[6661.323s] PRUNE: margin=-18.000000, optimistic_rem(widened)=0.000000 -> cannot exceed 0.
[6673.868s] PRUNE: margin=-18.000000, optimistic_rem(widened)=0.000000 -> cannot exceed 0.
[6703.076s] PRUNE: margin=-18.000000, optimistic_rem(widened)=0.000000 -> cannot exceed 0.
[6711.910s] PRUNE: margin=-18.000000, optimistic_rem(widened)=0.000000 -> cannot exceed 0.
[6720.657s] PRUNE: margin=-18.000000, optimistic_rem(widened)=0.000000 -> cannot exceed 0.
[6729.492s] PRUNE: margin=-18.000000, optimistic_rem(widened)=0.000000 -> cannot exceed 0.
[6736.489s] PRUNE: margin=-18.000000, optimistic_rem(widened)=0.000000 -> cannot exceed 0.
[6744.311s] PRUNE: margin=-18.000000, optimistic_rem(widened)=0.000000 -> cannot exceed 0.
[6761.973s] PRUNE: margin=-18.000000, optimistic_rem(widened)=0.000000 -> cannot exceed 0.
[6770.803s] PRUNE: margin=-18.000000, optimistic_rem(widened)=0.000000 -> cannot exceed 0.
[6779.630s] PRUNE: margin=-18.000000, optimistic_rem(widened)=0.000000 -> cannot exceed 0.
[6788.465s] PRUNE: margin=-18.000000, optimistic_rem(widened)=0.000000 -> cannot exceed 0.
[6797.299s] PRUNE: margin=-18.000000, optimistic_rem(widened)=0.000000 -> cannot exceed 0.
[6814.949s] PRUNE: margin=-18.000000, optimistic_rem(widened)=0.000000 -> cannot exceed 0.
[6823.775s] PRUNE: margin=-18.000000, optimistic_rem(widened)=0.000000 -> cannot exceed 0.
[6831.369s] PRUNE: margin=-18.000000, optimistic_rem(widened)=0.000000 -> cannot exceed 0.
[6837.880s] PRUNE: margin=-18.000000, optimistic_rem(widened)=0.000000 -> cannot exceed 0.
[6852.814s] PRUNE: margin=-18.000000, optimistic_rem(widened)=0.000000 -> cannot exceed 0.
[6861.652s] PRUNE: margin=-20.000000, optimistic_rem(widened)=0.000000 -> cannot exceed 0.
[6870.481s] PRUNE: margin=-18.000000, optimistic_rem(widened)=0.000000 -> cannot exceed 0.
[6888.142s] PRUNE: margin=-18.000000, optimistic_rem(widened)=0.000000 -> cannot exceed 0.
[6896.980s] PRUNE: margin=-18.000000, optimistic_rem(widened)=0.000000 -> cannot exceed 0.
[6914.648s] PRUNE: margin=-18.000000, optimistic_rem(widened)=0.000000 -> cannot exceed 0.
[6949.987s] PRUNE: margin=-18.000000, optimistic_rem(widened)=0.000000 -> cannot exceed 0.
[6958.813s] PRUNE: margin=-18.000000, optimistic_rem(widened)=0.000000 -> cannot exceed 0.
[6967.639s] PRUNE: margin=-18.000000, optimistic_rem(widened)=0.000000 -> cannot exceed 0.
[6976.474s] PRUNE: margin=-18.000000, optimistic_rem(widened)=0.000000 -> cannot exceed 0.
[6985.311s] PRUNE: margin=-18.000000, optimistic_rem(widened)=0.000000 -> cannot exceed 0.
[7002.968s] PRUNE: margin=-18.000000, optimistic_rem(widened)=0.000000 -> cannot exceed 0.
[7011.797s] PRUNE: margin=-18.000000, optimistic_rem(widened)=0.000000 -> cannot exceed 0.
[7020.624s] PRUNE: margin=-18.000000, optimistic_rem(widened)=0.000000 -> cannot exceed 0.
[7029.552s] PRUNE: margin=-18.000000, optimistic_rem(widened)=0.000000 -> cannot exceed 0.
[7047.292s] PRUNE: margin=-18.000000, optimistic_rem(widened)=0.000000 -> cannot exceed 0.
[7056.167s] PRUNE: margin=-20.000000, optimistic_rem(widened)=0.000000 -> cannot exceed 0.
[7064.859s] PRUNE: margin=-18.000000, optimistic_rem(widened)=0.000000 -> cannot exceed 0.
[7079.694s] PRUNE: margin=-18.000000, optimistic_rem(widened)=0.000000 -> cannot exceed 0.
[7087.955s] PRUNE: margin=-18.000000, optimistic_rem(widened)=0.000000 -> cannot exceed 0.
[7105.508s] PRUNE: margin=-18.000000, optimistic_rem(widened)=0.000000 -> cannot exceed 0.
[7140.791s] PRUNE: margin=-18.000000, optimistic_rem(widened)=0.000000 -> cannot exceed 0.
[7149.588s] PRUNE: margin=-18.000000, optimistic_rem(widened)=0.000000 -> cannot exceed 0.
[7158.387s] PRUNE: margin=-18.000000, optimistic_rem(widened)=0.000000 -> cannot exceed 0.
[7167.189s] PRUNE: margin=-18.000000, optimistic_rem(widened)=0.000000 -> cannot exceed 0.
[7184.789s] PRUNE: margin=-18.000000, optimistic_rem(widened)=0.000000 -> cannot exceed 0.
[7193.594s] PRUNE: margin=-18.000000, optimistic_rem(widened)=0.000000 -> cannot exceed 0.
[7202.403s] PRUNE: margin=-18.000000, optimistic_rem(widened)=0.000000 -> cannot exceed 0.
[7220.008s] PRUNE: margin=-18.000000, optimistic_rem(widened)=0.000000 -> cannot exceed 0.
[7227.620s] PRUNE: margin=-18.000000, optimistic_rem(widened)=0.000000 -> cannot exceed 0.
[7239.723s] PRUNE: margin=-18.000000, optimistic_rem(widened)=0.000000 -> cannot exceed 0.
[7271.680s] PRUNE: margin=-18.000000, optimistic_rem(widened)=0.000000 -> cannot exceed 0.
[7278.584s] PRUNE: margin=-18.000000, optimistic_rem(widened)=0.000000 -> cannot exceed 0.
[7287.409s] PRUNE: margin=-18.000000, optimistic_rem(widened)=0.000000 -> cannot exceed 0.
[7302.126s] PRUNE: margin=-18.000000, optimistic_rem(widened)=0.000000 -> cannot exceed 0.
[7310.274s] PRUNE: margin=-18.000000, optimistic_rem(widened)=0.000000 -> cannot exceed 0.
[7328.010s] PRUNE: margin=-18.000000, optimistic_rem(widened)=0.000000 -> cannot exceed 0.
[7358.255s] PRUNE: margin=-20.000000, optimistic_rem(widened)=2.000000 -> cannot exceed 0.
[7371.492s] PRUNE: margin=-18.000000, optimistic_rem(widened)=0.000000 -> cannot exceed 0.
[7407.263s] PRUNE: margin=-18.000000, optimistic_rem(widened)=0.000000 -> cannot exceed 0.
[7420.588s] PRUNE: margin=-18.000000, optimistic_rem(widened)=0.000000 -> cannot exceed 0.
[7437.895s] PRUNE: margin=-18.000000, optimistic_rem(widened)=0.000000 -> cannot exceed 0.
[7467.567s] PRUNE: margin=-20.000000, optimistic_rem(widened)=4.000000 -> cannot exceed 0.
[7477.324s] PRUNE: margin=-20.000000, optimistic_rem(widened)=0.000000 -> cannot exceed 0.
[7486.169s] PRUNE: margin=-18.000000, optimistic_rem(widened)=0.000000 -> cannot exceed 0.
[7494.992s] PRUNE: margin=-18.000000, optimistic_rem(widened)=0.000000 -> cannot exceed 0.
[7503.815s] PRUNE: margin=-18.000000, optimistic_rem(widened)=0.000000 -> cannot exceed 0.
[7512.637s] PRUNE: margin=-18.000000, optimistic_rem(widened)=0.000000 -> cannot exceed 0.
[7521.460s] PRUNE: margin=-18.000000, optimistic_rem(widened)=0.000000 -> cannot exceed 0.
[7530.292s] PRUNE: margin=-18.000000, optimistic_rem(widened)=0.000000 -> cannot exceed 0.
[7543.516s] PRUNE: margin=-20.000000, optimistic_rem(widened)=0.000000 -> cannot exceed 0.
[7552.005s] PRUNE: margin=-18.000000, optimistic_rem(widened)=0.000000 -> cannot exceed 0.
[7560.826s] PRUNE: margin=-18.000000, optimistic_rem(widened)=0.000000 -> cannot exceed 0.
[7569.647s] PRUNE: margin=-18.000000, optimistic_rem(widened)=0.000000 -> cannot exceed 0.
[7577.622s] PRUNE: margin=-18.000000, optimistic_rem(widened)=0.000000 -> cannot exceed 0.
[7585.353s] PRUNE: margin=-18.000000, optimistic_rem(widened)=0.000000 -> cannot exceed 0.
[7602.086s] PRUNE: margin=-18.000000, optimistic_rem(widened)=0.000000 -> cannot exceed 0.
[7610.924s] PRUNE: margin=-18.000000, optimistic_rem(widened)=0.000000 -> cannot exceed 0.
[7618.451s] PRUNE: margin=-18.000000, optimistic_rem(widened)=0.000000 -> cannot exceed 0.
[7627.283s] PRUNE: margin=-18.000000, optimistic_rem(widened)=0.000000 -> cannot exceed 0.
[7634.961s] PRUNE: margin=-18.000000, optimistic_rem(widened)=0.000000 -> cannot exceed 0.
[7652.650s] PRUNE: margin=-20.000000, optimistic_rem(widened)=0.000000 -> cannot exceed 0.
[7661.499s] PRUNE: margin=-18.000000, optimistic_rem(widened)=0.000000 -> cannot exceed 0.
[7670.348s] PRUNE: margin=-18.000000, optimistic_rem(widened)=0.000000 -> cannot exceed 0.
[7679.206s] PRUNE: margin=-18.000000, optimistic_rem(widened)=0.000000 -> cannot exceed 0.
[7696.865s] PRUNE: margin=-20.000000, optimistic_rem(widened)=0.000000 -> cannot exceed 0.
[7705.691s] PRUNE: margin=-18.000000, optimistic_rem(widened)=0.000000 -> cannot exceed 0.
[7714.520s] PRUNE: margin=-18.000000, optimistic_rem(widened)=0.000000 -> cannot exceed 0.
[7732.174s] PRUNE: margin=-20.000000, optimistic_rem(widened)=0.000000 -> cannot exceed 0.
[7741.005s] PRUNE: margin=-18.000000, optimistic_rem(widened)=0.000000 -> cannot exceed 0.
[7758.658s] PRUNE: margin=-18.000000, optimistic_rem(widened)=0.000000 -> cannot exceed 0.
[7789.544s] PRUNE: margin=-20.000000, optimistic_rem(widened)=2.000000 -> cannot exceed 0.
[7802.778s] PRUNE: margin=-18.000000, optimistic_rem(widened)=0.000000 -> cannot exceed 0.
[7811.602s] PRUNE: margin=-18.000000, optimistic_rem(widened)=0.000000 -> cannot exceed 0.
[7820.421s] PRUNE: margin=-18.000000, optimistic_rem(widened)=0.000000 -> cannot exceed 0.
[7829.240s] PRUNE: margin=-18.000000, optimistic_rem(widened)=0.000000 -> cannot exceed 0.
[7838.064s] PRUNE: margin=-18.000000, optimistic_rem(widened)=0.000000 -> cannot exceed 0.
[7846.891s] PRUNE: margin=-20.000000, optimistic_rem(widened)=0.000000 -> cannot exceed 0.
[7864.184s] PRUNE: margin=-18.000000, optimistic_rem(widened)=0.000000 -> cannot exceed 0.
[7871.891s] PRUNE: margin=-18.000000, optimistic_rem(widened)=0.000000 -> cannot exceed 0.
[7880.711s] PRUNE: margin=-18.000000, optimistic_rem(widened)=0.000000 -> cannot exceed 0.
[7889.536s] PRUNE: margin=-18.000000, optimistic_rem(widened)=0.000000 -> cannot exceed 0.
[7898.365s] PRUNE: margin=-20.000000, optimistic_rem(widened)=0.000000 -> cannot exceed 0.
[7914.477s] PRUNE: margin=-18.000000, optimistic_rem(widened)=0.000000 -> cannot exceed 0.
[7920.822s] PRUNE: margin=-18.000000, optimistic_rem(widened)=0.000000 -> cannot exceed 0.
[7929.473s] PRUNE: margin=-18.000000, optimistic_rem(widened)=0.000000 -> cannot exceed 0.
[7938.299s] PRUNE: margin=-18.000000, optimistic_rem(widened)=0.000000 -> cannot exceed 0.
[7955.966s] PRUNE: margin=-18.000000, optimistic_rem(widened)=0.000000 -> cannot exceed 0.
[7964.341s] PRUNE: margin=-18.000000, optimistic_rem(widened)=0.000000 -> cannot exceed 0.
[7972.291s] PRUNE: margin=-18.000000, optimistic_rem(widened)=0.000000 -> cannot exceed 0.
[7985.960s] PRUNE: margin=-18.000000, optimistic_rem(widened)=0.000000 -> cannot exceed 0.
[7995.005s] PRUNE: margin=-18.000000, optimistic_rem(widened)=0.000000 -> cannot exceed 0.
[8013.202s] PRUNE: margin=-18.000000, optimistic_rem(widened)=0.000000 -> cannot exceed 0.
[8046.651s] PRUNE: margin=-18.000000, optimistic_rem(widened)=0.000000 -> cannot exceed 0.
[8055.478s] PRUNE: margin=-18.000000, optimistic_rem(widened)=0.000000 -> cannot exceed 0.
[8064.306s] PRUNE: margin=-18.000000, optimistic_rem(widened)=0.000000 -> cannot exceed 0.
[8073.137s] PRUNE: margin=-18.000000, optimistic_rem(widened)=0.000000 -> cannot exceed 0.
[8081.977s] PRUNE: margin=-18.000000, optimistic_rem(widened)=0.000000 -> cannot exceed 0.
[8090.826s] PRUNE: margin=-18.000000, optimistic_rem(widened)=0.000000 -> cannot exceed 0.
[8108.156s] PRUNE: margin=-18.000000, optimistic_rem(widened)=0.000000 -> cannot exceed 0.
[8116.991s] PRUNE: margin=-18.000000, optimistic_rem(widened)=0.000000 -> cannot exceed 0.
[8125.829s] PRUNE: margin=-18.000000, optimistic_rem(widened)=0.000000 -> cannot exceed 0.
[8134.665s] PRUNE: margin=-18.000000, optimistic_rem(widened)=0.000000 -> cannot exceed 0.
[8141.261s] PRUNE: margin=-18.000000, optimistic_rem(widened)=0.000000 -> cannot exceed 0.
[8158.612s] PRUNE: margin=-18.000000, optimistic_rem(widened)=0.000000 -> cannot exceed 0.
[8167.448s] PRUNE: margin=-18.000000, optimistic_rem(widened)=0.000000 -> cannot exceed 0.
[8176.281s] PRUNE: margin=-18.000000, optimistic_rem(widened)=0.000000 -> cannot exceed 0.
[8185.119s] PRUNE: margin=-18.000000, optimistic_rem(widened)=0.000000 -> cannot exceed 0.
[8202.784s] PRUNE: margin=-18.000000, optimistic_rem(widened)=0.000000 -> cannot exceed 0.
[8211.624s] PRUNE: margin=-20.000000, optimistic_rem(widened)=0.000000 -> cannot exceed 0.
[8220.471s] PRUNE: margin=-18.000000, optimistic_rem(widened)=0.000000 -> cannot exceed 0.
[8237.889s] PRUNE: margin=-18.000000, optimistic_rem(widened)=0.000000 -> cannot exceed 0.
[8245.489s] PRUNE: margin=-18.000000, optimistic_rem(widened)=0.000000 -> cannot exceed 0.
[8258.553s] PRUNE: margin=-18.000000, optimistic_rem(widened)=0.000000 -> cannot exceed 0.
[8289.203s] PRUNE: margin=-18.000000, optimistic_rem(widened)=0.000000 -> cannot exceed 0.
[8298.035s] PRUNE: margin=-18.000000, optimistic_rem(widened)=0.000000 -> cannot exceed 0.
[8306.878s] PRUNE: margin=-18.000000, optimistic_rem(widened)=0.000000 -> cannot exceed 0.
[8315.711s] PRUNE: margin=-18.000000, optimistic_rem(widened)=0.000000 -> cannot exceed 0.
[8324.548s] PRUNE: margin=-18.000000, optimistic_rem(widened)=0.000000 -> cannot exceed 0.
[8342.214s] PRUNE: margin=-18.000000, optimistic_rem(widened)=0.000000 -> cannot exceed 0.
[8348.725s] PRUNE: margin=-18.000000, optimistic_rem(widened)=0.000000 -> cannot exceed 0.
[8357.557s] PRUNE: margin=-18.000000, optimistic_rem(widened)=0.000000 -> cannot exceed 0.
[8366.397s] PRUNE: margin=-18.000000, optimistic_rem(widened)=0.000000 -> cannot exceed 0.
[8384.073s] PRUNE: margin=-18.000000, optimistic_rem(widened)=0.000000 -> cannot exceed 0.
[8392.911s] PRUNE: margin=-20.000000, optimistic_rem(widened)=0.000000 -> cannot exceed 0.
[8401.753s] PRUNE: margin=-18.000000, optimistic_rem(widened)=0.000000 -> cannot exceed 0.
[8419.424s] PRUNE: margin=-18.000000, optimistic_rem(widened)=0.000000 -> cannot exceed 0.
[8428.264s] PRUNE: margin=-18.000000, optimistic_rem(widened)=0.000000 -> cannot exceed 0.
[8445.939s] PRUNE: margin=-18.000000, optimistic_rem(widened)=0.000000 -> cannot exceed 0.
[8481.502s] PRUNE: margin=-18.000000, optimistic_rem(widened)=0.000000 -> cannot exceed 0.
[8490.303s] PRUNE: margin=-18.000000, optimistic_rem(widened)=0.000000 -> cannot exceed 0.
[8498.519s] PRUNE: margin=-18.000000, optimistic_rem(widened)=0.000000 -> cannot exceed 0.
[8507.308s] PRUNE: margin=-18.000000, optimistic_rem(widened)=0.000000 -> cannot exceed 0.
[8520.851s] PRUNE: margin=-18.000000, optimistic_rem(widened)=0.000000 -> cannot exceed 0.
[8529.651s] PRUNE: margin=-18.000000, optimistic_rem(widened)=0.000000 -> cannot exceed 0.
[8538.455s] PRUNE: margin=-18.000000, optimistic_rem(widened)=0.000000 -> cannot exceed 0.
[8552.659s] PRUNE: margin=-18.000000, optimistic_rem(widened)=0.000000 -> cannot exceed 0.
[8561.460s] PRUNE: margin=-18.000000, optimistic_rem(widened)=0.000000 -> cannot exceed 0.
[8579.109s] PRUNE: margin=-18.000000, optimistic_rem(widened)=0.000000 -> cannot exceed 0.
[8614.418s] PRUNE: margin=-18.000000, optimistic_rem(widened)=0.000000 -> cannot exceed 0.
[8623.246s] PRUNE: margin=-18.000000, optimistic_rem(widened)=0.000000 -> cannot exceed 0.
[8632.078s] PRUNE: margin=-18.000000, optimistic_rem(widened)=0.000000 -> cannot exceed 0.
[8649.736s] PRUNE: margin=-18.000000, optimistic_rem(widened)=0.000000 -> cannot exceed 0.
[8658.570s] PRUNE: margin=-18.000000, optimistic_rem(widened)=0.000000 -> cannot exceed 0.
[8676.232s] PRUNE: margin=-18.000000, optimistic_rem(widened)=0.000000 -> cannot exceed 0.
[8711.553s] PRUNE: margin=-18.000000, optimistic_rem(widened)=0.000000 -> cannot exceed 0.
[8720.385s] PRUNE: margin=-18.000000, optimistic_rem(widened)=0.000000 -> cannot exceed 0.
[8738.046s] PRUNE: margin=-18.000000, optimistic_rem(widened)=0.000000 -> cannot exceed 0.
[8773.368s] PRUNE: margin=-18.000000, optimistic_rem(widened)=0.000000 -> cannot exceed 0.
[8786.617s] PRUNE: margin=-18.000000, optimistic_rem(widened)=0.000000 -> cannot exceed 0.
[8804.278s] PRUNE: margin=-18.000000, optimistic_rem(widened)=0.000000 -> cannot exceed 0.
[8835.082s] PRUNE: margin=-20.000000, optimistic_rem(widened)=6.000000 -> cannot exceed 0.
[8843.903s] PRUNE: margin=-20.000000, optimistic_rem(widened)=4.000000 -> cannot exceed 0.
[8861.551s] PRUNE: margin=-18.000000, optimistic_rem(widened)=0.000000 -> cannot exceed 0.
[8870.376s] PRUNE: margin=-18.000000, optimistic_rem(widened)=0.000000 -> cannot exceed 0.
[8879.200s] PRUNE: margin=-18.000000, optimistic_rem(widened)=0.000000 -> cannot exceed 0.
[8888.026s] PRUNE: margin=-18.000000, optimistic_rem(widened)=0.000000 -> cannot exceed 0.
[8896.858s] PRUNE: margin=-18.000000, optimistic_rem(widened)=0.000000 -> cannot exceed 0.
[8913.929s] PRUNE: margin=-18.000000, optimistic_rem(widened)=0.000000 -> cannot exceed 0.
[8922.759s] PRUNE: margin=-18.000000, optimistic_rem(widened)=0.000000 -> cannot exceed 0.
[8931.593s] PRUNE: margin=-18.000000, optimistic_rem(widened)=0.000000 -> cannot exceed 0.
[8940.428s] PRUNE: margin=-18.000000, optimistic_rem(widened)=0.000000 -> cannot exceed 0.
[8957.818s] PRUNE: margin=-18.000000, optimistic_rem(widened)=0.000000 -> cannot exceed 0.
[8966.640s] PRUNE: margin=-18.000000, optimistic_rem(widened)=0.000000 -> cannot exceed 0.
[8975.465s] PRUNE: margin=-18.000000, optimistic_rem(widened)=0.000000 -> cannot exceed 0.
[8993.105s] PRUNE: margin=-18.000000, optimistic_rem(widened)=0.000000 -> cannot exceed 0.
[9001.932s] PRUNE: margin=-18.000000, optimistic_rem(widened)=0.000000 -> cannot exceed 0.
[9018.912s] PRUNE: margin=-18.000000, optimistic_rem(widened)=0.000000 -> cannot exceed 0.
[9053.999s] PRUNE: margin=-18.000000, optimistic_rem(widened)=0.000000 -> cannot exceed 0.
[9062.815s] PRUNE: margin=-18.000000, optimistic_rem(widened)=0.000000 -> cannot exceed 0.
[9071.646s] PRUNE: margin=-18.000000, optimistic_rem(widened)=0.000000 -> cannot exceed 0.
[9080.552s] PRUNE: margin=-18.000000, optimistic_rem(widened)=0.000000 -> cannot exceed 0.
[9097.980s] PRUNE: margin=-18.000000, optimistic_rem(widened)=0.000000 -> cannot exceed 0.
[9106.798s] PRUNE: margin=-18.000000, optimistic_rem(widened)=0.000000 -> cannot exceed 0.
[9115.633s] PRUNE: margin=-18.000000, optimistic_rem(widened)=0.000000 -> cannot exceed 0.
[9133.299s] PRUNE: margin=-18.000000, optimistic_rem(widened)=0.000000 -> cannot exceed 0.
[9142.125s] PRUNE: margin=-18.000000, optimistic_rem(widened)=0.000000 -> cannot exceed 0.
[9159.778s] PRUNE: margin=-18.000000, optimistic_rem(widened)=0.000000 -> cannot exceed 0.
[9194.711s] PRUNE: margin=-18.000000, optimistic_rem(widened)=0.000000 -> cannot exceed 0.
[9200.746s] PRUNE: margin=-18.000000, optimistic_rem(widened)=0.000000 -> cannot exceed 0.
[9209.591s] PRUNE: margin=-18.000000, optimistic_rem(widened)=0.000000 -> cannot exceed 0.
[9225.975s] PRUNE: margin=-18.000000, optimistic_rem(widened)=0.000000 -> cannot exceed 0.
[9234.569s] PRUNE: margin=-18.000000, optimistic_rem(widened)=0.000000 -> cannot exceed 0.
[9252.221s] PRUNE: margin=-18.000000, optimistic_rem(widened)=0.000000 -> cannot exceed 0.
[9287.008s] PRUNE: margin=-20.000000, optimistic_rem(widened)=0.000000 -> cannot exceed 0.
[9295.812s] PRUNE: margin=-18.000000, optimistic_rem(widened)=0.000000 -> cannot exceed 0.
[9313.597s] PRUNE: margin=-18.000000, optimistic_rem(widened)=0.000000 -> cannot exceed 0.
[9348.919s] PRUNE: margin=-18.000000, optimistic_rem(widened)=0.000000 -> cannot exceed 0.
[9379.824s] PRUNE: margin=-18.000000, optimistic_rem(widened)=0.000000 -> cannot exceed 0.
[9409.832s] PRUNE: margin=-18.000000, optimistic_rem(widened)=0.000000 -> cannot exceed 0.
[9417.181s] PRUNE: margin=-20.000000, optimistic_rem(widened)=4.000000 -> cannot exceed 0.
[9432.557s] PRUNE: margin=-18.000000, optimistic_rem(widened)=0.000000 -> cannot exceed 0.
[9441.374s] PRUNE: margin=-18.000000, optimistic_rem(widened)=0.000000 -> cannot exceed 0.
[9450.192s] PRUNE: margin=-18.000000, optimistic_rem(widened)=0.000000 -> cannot exceed 0.
[9458.858s] PRUNE: margin=-20.000000, optimistic_rem(widened)=0.000000 -> cannot exceed 0.
[9476.453s] PRUNE: margin=-18.000000, optimistic_rem(widened)=0.000000 -> cannot exceed 0.
[9485.254s] PRUNE: margin=-18.000000, optimistic_rem(widened)=0.000000 -> cannot exceed 0.
[9494.054s] PRUNE: margin=-20.000000, optimistic_rem(widened)=0.000000 -> cannot exceed 0.
[9511.657s] PRUNE: margin=-18.000000, optimistic_rem(widened)=0.000000 -> cannot exceed 0.
[9520.366s] PRUNE: margin=-18.000000, optimistic_rem(widened)=0.000000 -> cannot exceed 0.
[9535.894s] PRUNE: margin=-18.000000, optimistic_rem(widened)=0.000000 -> cannot exceed 0.
[9571.167s] PRUNE: margin=-18.000000, optimistic_rem(widened)=0.000000 -> cannot exceed 0.
[9579.991s] PRUNE: margin=-18.000000, optimistic_rem(widened)=0.000000 -> cannot exceed 0.
[9588.814s] PRUNE: margin=-20.000000, optimistic_rem(widened)=0.000000 -> cannot exceed 0.
[9606.449s] PRUNE: margin=-18.000000, optimistic_rem(widened)=0.000000 -> cannot exceed 0.
[9615.284s] PRUNE: margin=-18.000000, optimistic_rem(widened)=0.000000 -> cannot exceed 0.
[9632.926s] PRUNE: margin=-18.000000, optimistic_rem(widened)=0.000000 -> cannot exceed 0.
[9668.210s] PRUNE: margin=-18.000000, optimistic_rem(widened)=0.000000 -> cannot exceed 0.
[9676.965s] PRUNE: margin=-18.000000, optimistic_rem(widened)=0.000000 -> cannot exceed 0.
[9694.630s] PRUNE: margin=-18.000000, optimistic_rem(widened)=0.000000 -> cannot exceed 0.
[9728.085s] PRUNE: margin=-18.000000, optimistic_rem(widened)=0.000000 -> cannot exceed 0.
[11398.197s] No counterexample within budgets (BaB): no misclassification found.
STATUS: No counterexample | best_upper_margin=104.000000 | elapsed=11398.197s | pixels_changed=0 | total_bit_flips=0 | avg_hamming_per_pixel=0.000000 | patch_rows=13-13 | patch_cols=13-14 | note=no_counterexample_within_budgets
