[  0.000s] init: idx=2234 kmax=2 bmax=4 topx=2 widen=1.000 rank_fast=off
clean logits (hex):  0x82  0x82  0x83  0x83  0x82  0x82  0x81  0x86  0x82  0x83
clean logits (bits): 10000010 10000010 10000011 10000011 10000010 10000010 10000001 10000110 10000010 10000011
clean logits (double): -32.000000 -32.000000 -24.000000 -24.000000 -32.000000 -32.000000 -64.000000 -12.000000 -32.000000 -24.000000
[  0.016s] clean prediction: 7 (true label 7)
[ 12.489s] heuristic ROI: 2x2 block at rows 13-14, cols 13-14
[ 20.900s] selection: nSym=2 (from 4), topx=2, rank_fast=off
[ 20.900s] active patch: rows 13-14, cols 14-14 (derived from symPix)
[ 27.727s] Proceeding to BaB (greedy enabled).
[ 27.727s] Skipping root bound check (--no-root-bound).
[ 27.727s] BaB search starting (K<=2, B<=4, nSym=2, depth_limit=500000000, widen=1.00)...
[ 38.814s] PRUNE: margin=-14.000000, optimistic_rem(widened)=4.000000 -> cannot exceed 0.
[ 51.464s] PRUNE: margin=-12.000000, optimistic_rem(widened)=8.000000 -> cannot exceed 0.
[ 59.896s] PRUNE: margin=-12.000000, optimistic_rem(widened)=8.000000 -> cannot exceed 0.
[157.650s] PRUNE: margin=-12.000000, optimistic_rem(widened)=8.000000 -> cannot exceed 0.
[165.780s] PRUNE: margin=-12.000000, optimistic_rem(widened)=0.000000 -> cannot exceed 0.
[174.227s] PRUNE: margin=-12.000000, optimistic_rem(widened)=0.000000 -> cannot exceed 0.
[182.673s] PRUNE: margin=-12.000000, optimistic_rem(widened)=0.000000 -> cannot exceed 0.
[191.119s] PRUNE: margin=-12.000000, optimistic_rem(widened)=0.000000 -> cannot exceed 0.
[199.567s] PRUNE: margin=-12.000000, optimistic_rem(widened)=0.000000 -> cannot exceed 0.
[208.013s] PRUNE: margin=-12.000000, optimistic_rem(widened)=0.000000 -> cannot exceed 0.
[216.459s] PRUNE: margin=-12.000000, optimistic_rem(widened)=0.000000 -> cannot exceed 0.
[271.272s] PRUNE: margin=-12.000000, optimistic_rem(widened)=0.000000 -> cannot exceed 0.
[279.425s] PRUNE: margin=-12.000000, optimistic_rem(widened)=0.000000 -> cannot exceed 0.
[287.854s] PRUNE: margin=-12.000000, optimistic_rem(widened)=0.000000 -> cannot exceed 0.
[295.797s] PRUNE: margin=-12.000000, optimistic_rem(widened)=0.000000 -> cannot exceed 0.
[304.036s] PRUNE: margin=-12.000000, optimistic_rem(widened)=0.000000 -> cannot exceed 0.
[310.446s] PRUNE: margin=-12.000000, optimistic_rem(widened)=0.000000 -> cannot exceed 0.
[318.829s] PRUNE: margin=-14.000000, optimistic_rem(widened)=10.000000 -> cannot exceed 0.
[326.591s] PRUNE: margin=-12.000000, optimistic_rem(widened)=0.000000 -> cannot exceed 0.
[343.464s] PRUNE: margin=-12.000000, optimistic_rem(widened)=8.000000 -> cannot exceed 0.
[351.891s] PRUNE: margin=-12.000000, optimistic_rem(widened)=0.000000 -> cannot exceed 0.
[360.320s] PRUNE: margin=-12.000000, optimistic_rem(widened)=0.000000 -> cannot exceed 0.
[368.744s] PRUNE: margin=-12.000000, optimistic_rem(widened)=0.000000 -> cannot exceed 0.
[377.170s] PRUNE: margin=-12.000000, optimistic_rem(widened)=0.000000 -> cannot exceed 0.
[385.601s] PRUNE: margin=-12.000000, optimistic_rem(widened)=0.000000 -> cannot exceed 0.
[394.032s] PRUNE: margin=-12.000000, optimistic_rem(widened)=0.000000 -> cannot exceed 0.
[402.459s] PRUNE: margin=-12.000000, optimistic_rem(widened)=0.000000 -> cannot exceed 0.
[417.971s] PRUNE: margin=-12.000000, optimistic_rem(widened)=0.000000 -> cannot exceed 0.
[426.407s] PRUNE: margin=-12.000000, optimistic_rem(widened)=0.000000 -> cannot exceed 0.
[434.846s] PRUNE: margin=-12.000000, optimistic_rem(widened)=0.000000 -> cannot exceed 0.
[440.544s] PRUNE: margin=-12.000000, optimistic_rem(widened)=0.000000 -> cannot exceed 0.
[448.965s] PRUNE: margin=-12.000000, optimistic_rem(widened)=0.000000 -> cannot exceed 0.
[457.396s] PRUNE: margin=-12.000000, optimistic_rem(widened)=0.000000 -> cannot exceed 0.
[465.828s] PRUNE: margin=-12.000000, optimistic_rem(widened)=0.000000 -> cannot exceed 0.
[477.327s] PRUNE: margin=-12.000000, optimistic_rem(widened)=6.000000 -> cannot exceed 0.
[485.532s] PRUNE: margin=-12.000000, optimistic_rem(widened)=0.000000 -> cannot exceed 0.
[493.966s] PRUNE: margin=-12.000000, optimistic_rem(widened)=6.000000 -> cannot exceed 0.
[502.398s] PRUNE: margin=-12.000000, optimistic_rem(widened)=0.000000 -> cannot exceed 0.
[510.830s] PRUNE: margin=-12.000000, optimistic_rem(widened)=6.000000 -> cannot exceed 0.
[518.751s] PRUNE: margin=-12.000000, optimistic_rem(widened)=6.000000 -> cannot exceed 0.
[527.192s] PRUNE: margin=-12.000000, optimistic_rem(widened)=8.000000 -> cannot exceed 0.
[544.067s] PRUNE: margin=-12.000000, optimistic_rem(widened)=8.000000 -> cannot exceed 0.
[603.193s] PRUNE: margin=-12.000000, optimistic_rem(widened)=8.000000 -> cannot exceed 0.
[611.661s] PRUNE: margin=-12.000000, optimistic_rem(widened)=0.000000 -> cannot exceed 0.
[620.142s] PRUNE: margin=-12.000000, optimistic_rem(widened)=0.000000 -> cannot exceed 0.
[628.602s] PRUNE: margin=-12.000000, optimistic_rem(widened)=0.000000 -> cannot exceed 0.
[655.632s] PRUNE: margin=-12.000000, optimistic_rem(widened)=0.000000 -> cannot exceed 0.
[662.841s] PRUNE: margin=-12.000000, optimistic_rem(widened)=0.000000 -> cannot exceed 0.
[670.801s] PRUNE: margin=-12.000000, optimistic_rem(widened)=0.000000 -> cannot exceed 0.
[678.832s] PRUNE: margin=-12.000000, optimistic_rem(widened)=0.000000 -> cannot exceed 0.
[737.863s] PRUNE: margin=-12.000000, optimistic_rem(widened)=8.000000 -> cannot exceed 0.
[746.295s] PRUNE: margin=-12.000000, optimistic_rem(widened)=0.000000 -> cannot exceed 0.
[754.725s] PRUNE: margin=-12.000000, optimistic_rem(widened)=0.000000 -> cannot exceed 0.
[763.155s] PRUNE: margin=-12.000000, optimistic_rem(widened)=0.000000 -> cannot exceed 0.
[771.585s] PRUNE: margin=-12.000000, optimistic_rem(widened)=0.000000 -> cannot exceed 0.
[780.023s] PRUNE: margin=-12.000000, optimistic_rem(widened)=0.000000 -> cannot exceed 0.
[788.453s] PRUNE: margin=-12.000000, optimistic_rem(widened)=0.000000 -> cannot exceed 0.
[794.832s] PRUNE: margin=-12.000000, optimistic_rem(widened)=0.000000 -> cannot exceed 0.
[811.704s] PRUNE: margin=-12.000000, optimistic_rem(widened)=8.000000 -> cannot exceed 0.
[820.135s] PRUNE: margin=-12.000000, optimistic_rem(widened)=0.000000 -> cannot exceed 0.
[826.895s] PRUNE: margin=-12.000000, optimistic_rem(widened)=0.000000 -> cannot exceed 0.
[835.326s] PRUNE: margin=-12.000000, optimistic_rem(widened)=0.000000 -> cannot exceed 0.
[843.396s] PRUNE: margin=-12.000000, optimistic_rem(widened)=0.000000 -> cannot exceed 0.
[851.820s] PRUNE: margin=-12.000000, optimistic_rem(widened)=0.000000 -> cannot exceed 0.
[860.243s] PRUNE: margin=-12.000000, optimistic_rem(widened)=0.000000 -> cannot exceed 0.
[868.667s] PRUNE: margin=-12.000000, optimistic_rem(widened)=0.000000 -> cannot exceed 0.
[883.476s] PRUNE: margin=-12.000000, optimistic_rem(widened)=0.000000 -> cannot exceed 0.
[891.498s] PRUNE: margin=-12.000000, optimistic_rem(widened)=0.000000 -> cannot exceed 0.
[899.543s] PRUNE: margin=-12.000000, optimistic_rem(widened)=0.000000 -> cannot exceed 0.
[907.992s] PRUNE: margin=-12.000000, optimistic_rem(widened)=0.000000 -> cannot exceed 0.
[916.425s] PRUNE: margin=-12.000000, optimistic_rem(widened)=0.000000 -> cannot exceed 0.
[924.856s] PRUNE: margin=-12.000000, optimistic_rem(widened)=0.000000 -> cannot exceed 0.
[933.314s] PRUNE: margin=-12.000000, optimistic_rem(widened)=0.000000 -> cannot exceed 0.
[945.965s] PRUNE: margin=-12.000000, optimistic_rem(widened)=6.000000 -> cannot exceed 0.
[954.421s] PRUNE: margin=-12.000000, optimistic_rem(widened)=0.000000 -> cannot exceed 0.
[962.743s] PRUNE: margin=-12.000000, optimistic_rem(widened)=6.000000 -> cannot exceed 0.
[971.173s] PRUNE: margin=-12.000000, optimistic_rem(widened)=0.000000 -> cannot exceed 0.
[979.602s] PRUNE: margin=-12.000000, optimistic_rem(widened)=6.000000 -> cannot exceed 0.
[988.047s] PRUNE: margin=-12.000000, optimistic_rem(widened)=6.000000 -> cannot exceed 0.
[996.491s] PRUNE: margin=-12.000000, optimistic_rem(widened)=8.000000 -> cannot exceed 0.
[1009.151s] PRUNE: margin=-12.000000, optimistic_rem(widened)=8.000000 -> cannot exceed 0.
[1015.980s] PRUNE: margin=-12.000000, optimistic_rem(widened)=8.000000 -> cannot exceed 0.
[1070.192s] PRUNE: margin=-14.000000, optimistic_rem(widened)=0.000000 -> cannot exceed 0.
[1078.623s] PRUNE: margin=-12.000000, optimistic_rem(widened)=0.000000 -> cannot exceed 0.
[1087.052s] PRUNE: margin=-12.000000, optimistic_rem(widened)=0.000000 -> cannot exceed 0.
[1095.479s] PRUNE: margin=-12.000000, optimistic_rem(widened)=0.000000 -> cannot exceed 0.
[1103.905s] PRUNE: margin=-12.000000, optimistic_rem(widened)=0.000000 -> cannot exceed 0.
[1112.331s] PRUNE: margin=-12.000000, optimistic_rem(widened)=0.000000 -> cannot exceed 0.
[1120.761s] PRUNE: margin=-12.000000, optimistic_rem(widened)=0.000000 -> cannot exceed 0.
[1133.396s] PRUNE: margin=-12.000000, optimistic_rem(widened)=6.000000 -> cannot exceed 0.
[1141.819s] PRUNE: margin=-12.000000, optimistic_rem(widened)=0.000000 -> cannot exceed 0.
[1150.240s] PRUNE: margin=-12.000000, optimistic_rem(widened)=6.000000 -> cannot exceed 0.
[1158.664s] PRUNE: margin=-12.000000, optimistic_rem(widened)=6.000000 -> cannot exceed 0.
[1167.088s] PRUNE: margin=-12.000000, optimistic_rem(widened)=8.000000 -> cannot exceed 0.
[1179.731s] PRUNE: margin=-14.000000, optimistic_rem(widened)=0.000000 -> cannot exceed 0.
[1188.160s] PRUNE: margin=-14.000000, optimistic_rem(widened)=0.000000 -> cannot exceed 0.
[1200.806s] PRUNE: margin=-12.000000, optimistic_rem(widened)=8.000000 -> cannot exceed 0.
[1209.234s] PRUNE: margin=-12.000000, optimistic_rem(widened)=8.000000 -> cannot exceed 0.
[1230.309s] PRUNE: margin=-12.000000, optimistic_rem(widened)=0.000000 -> cannot exceed 0.
[1238.745s] PRUNE: margin=-12.000000, optimistic_rem(widened)=0.000000 -> cannot exceed 0.
[1247.181s] PRUNE: margin=-12.000000, optimistic_rem(widened)=0.000000 -> cannot exceed 0.
[1255.616s] PRUNE: margin=-12.000000, optimistic_rem(widened)=0.000000 -> cannot exceed 0.
[1264.052s] PRUNE: margin=-12.000000, optimistic_rem(widened)=0.000000 -> cannot exceed 0.
[1272.495s] PRUNE: margin=-12.000000, optimistic_rem(widened)=0.000000 -> cannot exceed 0.
[1280.941s] PRUNE: margin=-12.000000, optimistic_rem(widened)=0.000000 -> cannot exceed 0.
[1293.601s] PRUNE: margin=-12.000000, optimistic_rem(widened)=8.000000 -> cannot exceed 0.
[1302.038s] PRUNE: margin=-12.000000, optimistic_rem(widened)=8.000000 -> cannot exceed 0.
[1310.473s] PRUNE: margin=-12.000000, optimistic_rem(widened)=6.000000 -> cannot exceed 0.
[1318.911s] PRUNE: margin=-12.000000, optimistic_rem(widened)=8.000000 -> cannot exceed 0.
[1327.346s] PRUNE: margin=-12.000000, optimistic_rem(widened)=8.000000 -> cannot exceed 0.
[1335.816s] PRUNE: margin=-12.000000, optimistic_rem(widened)=8.000000 -> cannot exceed 0.
[1344.251s] PRUNE: margin=-12.000000, optimistic_rem(widened)=8.000000 -> cannot exceed 0.
[1361.127s] PRUNE: margin=-12.000000, optimistic_rem(widened)=8.000000 -> cannot exceed 0.
[1369.574s] PRUNE: margin=-12.000000, optimistic_rem(widened)=8.000000 -> cannot exceed 0.
[1378.014s] PRUNE: margin=-12.000000, optimistic_rem(widened)=8.000000 -> cannot exceed 0.
[1386.454s] PRUNE: margin=-12.000000, optimistic_rem(widened)=8.000000 -> cannot exceed 0.
[1394.894s] PRUNE: margin=-12.000000, optimistic_rem(widened)=8.000000 -> cannot exceed 0.
[1403.331s] PRUNE: margin=-12.000000, optimistic_rem(widened)=8.000000 -> cannot exceed 0.
[1411.771s] PRUNE: margin=-12.000000, optimistic_rem(widened)=8.000000 -> cannot exceed 0.
[1424.432s] PRUNE: margin=-12.000000, optimistic_rem(widened)=6.000000 -> cannot exceed 0.
[1432.869s] PRUNE: margin=-12.000000, optimistic_rem(widened)=0.000000 -> cannot exceed 0.
[1441.305s] PRUNE: margin=-12.000000, optimistic_rem(widened)=6.000000 -> cannot exceed 0.
[1449.743s] PRUNE: margin=-12.000000, optimistic_rem(widened)=0.000000 -> cannot exceed 0.
[1458.180s] PRUNE: margin=-12.000000, optimistic_rem(widened)=6.000000 -> cannot exceed 0.
[1466.625s] PRUNE: margin=-12.000000, optimistic_rem(widened)=6.000000 -> cannot exceed 0.
[1491.956s] PRUNE: margin=-14.000000, optimistic_rem(widened)=4.000000 -> cannot exceed 0.
[1504.618s] PRUNE: margin=-12.000000, optimistic_rem(widened)=8.000000 -> cannot exceed 0.
[1561.744s] PRUNE: margin=-12.000000, optimistic_rem(widened)=8.000000 -> cannot exceed 0.
[1570.180s] PRUNE: margin=-12.000000, optimistic_rem(widened)=0.000000 -> cannot exceed 0.
[1578.620s] PRUNE: margin=-12.000000, optimistic_rem(widened)=0.000000 -> cannot exceed 0.
[1587.058s] PRUNE: margin=-12.000000, optimistic_rem(widened)=0.000000 -> cannot exceed 0.
[1618.850s] PRUNE: margin=-12.000000, optimistic_rem(widened)=0.000000 -> cannot exceed 0.
[1627.284s] PRUNE: margin=-12.000000, optimistic_rem(widened)=0.000000 -> cannot exceed 0.
[1635.722s] PRUNE: margin=-12.000000, optimistic_rem(widened)=0.000000 -> cannot exceed 0.
[1644.154s] PRUNE: margin=-12.000000, optimistic_rem(widened)=0.000000 -> cannot exceed 0.
[1697.222s] PRUNE: margin=-12.000000, optimistic_rem(widened)=8.000000 -> cannot exceed 0.
[1704.694s] PRUNE: margin=-12.000000, optimistic_rem(widened)=0.000000 -> cannot exceed 0.
[1712.584s] PRUNE: margin=-12.000000, optimistic_rem(widened)=0.000000 -> cannot exceed 0.
[1721.020s] PRUNE: margin=-12.000000, optimistic_rem(widened)=0.000000 -> cannot exceed 0.
[1727.405s] PRUNE: margin=-12.000000, optimistic_rem(widened)=0.000000 -> cannot exceed 0.
[1735.830s] PRUNE: margin=-12.000000, optimistic_rem(widened)=0.000000 -> cannot exceed 0.
[1744.154s] PRUNE: margin=-12.000000, optimistic_rem(widened)=0.000000 -> cannot exceed 0.
[1752.522s] PRUNE: margin=-12.000000, optimistic_rem(widened)=0.000000 -> cannot exceed 0.
[1769.370s] PRUNE: margin=-12.000000, optimistic_rem(widened)=8.000000 -> cannot exceed 0.
[1777.793s] PRUNE: margin=-12.000000, optimistic_rem(widened)=0.000000 -> cannot exceed 0.
[1786.219s] PRUNE: margin=-12.000000, optimistic_rem(widened)=0.000000 -> cannot exceed 0.
[1794.648s] PRUNE: margin=-12.000000, optimistic_rem(widened)=0.000000 -> cannot exceed 0.
[1803.084s] PRUNE: margin=-12.000000, optimistic_rem(widened)=0.000000 -> cannot exceed 0.
[1811.519s] PRUNE: margin=-12.000000, optimistic_rem(widened)=0.000000 -> cannot exceed 0.
[1819.956s] PRUNE: margin=-12.000000, optimistic_rem(widened)=0.000000 -> cannot exceed 0.
[1826.413s] PRUNE: margin=-12.000000, optimistic_rem(widened)=0.000000 -> cannot exceed 0.
[1843.251s] PRUNE: margin=-12.000000, optimistic_rem(widened)=0.000000 -> cannot exceed 0.
[1851.206s] PRUNE: margin=-12.000000, optimistic_rem(widened)=0.000000 -> cannot exceed 0.
[1858.648s] PRUNE: margin=-12.000000, optimistic_rem(widened)=0.000000 -> cannot exceed 0.
[1867.083s] PRUNE: margin=-12.000000, optimistic_rem(widened)=0.000000 -> cannot exceed 0.
[1875.513s] PRUNE: margin=-12.000000, optimistic_rem(widened)=0.000000 -> cannot exceed 0.
[1883.942s] PRUNE: margin=-12.000000, optimistic_rem(widened)=0.000000 -> cannot exceed 0.
[1892.375s] PRUNE: margin=-12.000000, optimistic_rem(widened)=0.000000 -> cannot exceed 0.
[1905.021s] PRUNE: margin=-12.000000, optimistic_rem(widened)=6.000000 -> cannot exceed 0.
[1913.452s] PRUNE: margin=-12.000000, optimistic_rem(widened)=0.000000 -> cannot exceed 0.
[1921.890s] PRUNE: margin=-12.000000, optimistic_rem(widened)=6.000000 -> cannot exceed 0.
[1930.328s] PRUNE: margin=-12.000000, optimistic_rem(widened)=0.000000 -> cannot exceed 0.
[1938.759s] PRUNE: margin=-12.000000, optimistic_rem(widened)=6.000000 -> cannot exceed 0.
[1947.190s] PRUNE: margin=-12.000000, optimistic_rem(widened)=6.000000 -> cannot exceed 0.
[1954.936s] PRUNE: margin=-12.000000, optimistic_rem(widened)=8.000000 -> cannot exceed 0.
[1967.589s] PRUNE: margin=-12.000000, optimistic_rem(widened)=8.000000 -> cannot exceed 0.
[1975.342s] PRUNE: margin=-12.000000, optimistic_rem(widened)=8.000000 -> cannot exceed 0.
[2026.831s] PRUNE: margin=-14.000000, optimistic_rem(widened)=0.000000 -> cannot exceed 0.
[2033.862s] PRUNE: margin=-12.000000, optimistic_rem(widened)=0.000000 -> cannot exceed 0.
[2041.612s] PRUNE: margin=-12.000000, optimistic_rem(widened)=0.000000 -> cannot exceed 0.
[2048.611s] PRUNE: margin=-12.000000, optimistic_rem(widened)=0.000000 -> cannot exceed 0.
[2053.967s] PRUNE: margin=-12.000000, optimistic_rem(widened)=0.000000 -> cannot exceed 0.
[2058.994s] PRUNE: margin=-12.000000, optimistic_rem(widened)=0.000000 -> cannot exceed 0.
[2065.758s] PRUNE: margin=-12.000000, optimistic_rem(widened)=0.000000 -> cannot exceed 0.
[2078.407s] PRUNE: margin=-12.000000, optimistic_rem(widened)=6.000000 -> cannot exceed 0.
[2086.183s] PRUNE: margin=-12.000000, optimistic_rem(widened)=0.000000 -> cannot exceed 0.
[2094.447s] PRUNE: margin=-12.000000, optimistic_rem(widened)=6.000000 -> cannot exceed 0.
[2100.717s] PRUNE: margin=-12.000000, optimistic_rem(widened)=6.000000 -> cannot exceed 0.
[2109.125s] PRUNE: margin=-12.000000, optimistic_rem(widened)=8.000000 -> cannot exceed 0.
[2121.770s] PRUNE: margin=-14.000000, optimistic_rem(widened)=0.000000 -> cannot exceed 0.
[2130.246s] PRUNE: margin=-14.000000, optimistic_rem(widened)=0.000000 -> cannot exceed 0.
[2142.894s] PRUNE: margin=-12.000000, optimistic_rem(widened)=8.000000 -> cannot exceed 0.
[2149.744s] PRUNE: margin=-12.000000, optimistic_rem(widened)=8.000000 -> cannot exceed 0.
[2167.506s] PRUNE: margin=-12.000000, optimistic_rem(widened)=0.000000 -> cannot exceed 0.
[2175.952s] PRUNE: margin=-12.000000, optimistic_rem(widened)=0.000000 -> cannot exceed 0.
[2184.397s] PRUNE: margin=-12.000000, optimistic_rem(widened)=0.000000 -> cannot exceed 0.
[2192.860s] PRUNE: margin=-12.000000, optimistic_rem(widened)=0.000000 -> cannot exceed 0.
[2201.303s] PRUNE: margin=-12.000000, optimistic_rem(widened)=0.000000 -> cannot exceed 0.
[2209.752s] PRUNE: margin=-12.000000, optimistic_rem(widened)=0.000000 -> cannot exceed 0.
[2218.288s] PRUNE: margin=-12.000000, optimistic_rem(widened)=0.000000 -> cannot exceed 0.
[2230.946s] PRUNE: margin=-12.000000, optimistic_rem(widened)=8.000000 -> cannot exceed 0.
[2239.382s] PRUNE: margin=-12.000000, optimistic_rem(widened)=8.000000 -> cannot exceed 0.
[2247.834s] PRUNE: margin=-12.000000, optimistic_rem(widened)=6.000000 -> cannot exceed 0.
[2256.272s] PRUNE: margin=-12.000000, optimistic_rem(widened)=8.000000 -> cannot exceed 0.
[2264.706s] PRUNE: margin=-12.000000, optimistic_rem(widened)=8.000000 -> cannot exceed 0.
[2273.166s] PRUNE: margin=-12.000000, optimistic_rem(widened)=8.000000 -> cannot exceed 0.
[2281.600s] PRUNE: margin=-12.000000, optimistic_rem(widened)=8.000000 -> cannot exceed 0.
[2298.475s] PRUNE: margin=-12.000000, optimistic_rem(widened)=8.000000 -> cannot exceed 0.
[2307.003s] PRUNE: margin=-12.000000, optimistic_rem(widened)=8.000000 -> cannot exceed 0.
[2315.442s] PRUNE: margin=-12.000000, optimistic_rem(widened)=8.000000 -> cannot exceed 0.
[2323.883s] PRUNE: margin=-12.000000, optimistic_rem(widened)=8.000000 -> cannot exceed 0.
[2332.322s] PRUNE: margin=-12.000000, optimistic_rem(widened)=8.000000 -> cannot exceed 0.
[2340.767s] PRUNE: margin=-12.000000, optimistic_rem(widened)=8.000000 -> cannot exceed 0.
[2348.785s] PRUNE: margin=-12.000000, optimistic_rem(widened)=8.000000 -> cannot exceed 0.
[2361.443s] PRUNE: margin=-12.000000, optimistic_rem(widened)=6.000000 -> cannot exceed 0.
[2369.881s] PRUNE: margin=-12.000000, optimistic_rem(widened)=0.000000 -> cannot exceed 0.
[2375.474s] PRUNE: margin=-12.000000, optimistic_rem(widened)=6.000000 -> cannot exceed 0.
[2383.610s] PRUNE: margin=-12.000000, optimistic_rem(widened)=0.000000 -> cannot exceed 0.
[2392.041s] PRUNE: margin=-12.000000, optimistic_rem(widened)=6.000000 -> cannot exceed 0.
[2400.475s] PRUNE: margin=-12.000000, optimistic_rem(widened)=6.000000 -> cannot exceed 0.
[2425.784s] PRUNE: margin=-14.000000, optimistic_rem(widened)=4.000000 -> cannot exceed 0.
[2432.236s] PRUNE: margin=-12.000000, optimistic_rem(widened)=8.000000 -> cannot exceed 0.
[2448.416s] PRUNE: margin=-12.000000, optimistic_rem(widened)=8.000000 -> cannot exceed 0.
[2456.859s] PRUNE: margin=-12.000000, optimistic_rem(widened)=8.000000 -> cannot exceed 0.
[2463.102s] PRUNE: margin=-12.000000, optimistic_rem(widened)=0.000000 -> cannot exceed 0.
[2468.955s] PRUNE: margin=-12.000000, optimistic_rem(widened)=0.000000 -> cannot exceed 0.
[2474.256s] PRUNE: margin=-12.000000, optimistic_rem(widened)=0.000000 -> cannot exceed 0.
[2479.270s] PRUNE: margin=-12.000000, optimistic_rem(widened)=0.000000 -> cannot exceed 0.
[2484.300s] PRUNE: margin=-12.000000, optimistic_rem(widened)=0.000000 -> cannot exceed 0.
[2489.994s] PRUNE: margin=-12.000000, optimistic_rem(widened)=0.000000 -> cannot exceed 0.
[2498.413s] PRUNE: margin=-12.000000, optimistic_rem(widened)=0.000000 -> cannot exceed 0.
[2515.188s] PRUNE: margin=-12.000000, optimistic_rem(widened)=0.000000 -> cannot exceed 0.
[2523.644s] PRUNE: margin=-12.000000, optimistic_rem(widened)=0.000000 -> cannot exceed 0.
[2532.066s] PRUNE: margin=-12.000000, optimistic_rem(widened)=0.000000 -> cannot exceed 0.
[2540.493s] PRUNE: margin=-12.000000, optimistic_rem(widened)=0.000000 -> cannot exceed 0.
[2548.933s] PRUNE: margin=-12.000000, optimistic_rem(widened)=0.000000 -> cannot exceed 0.
[2557.365s] PRUNE: margin=-12.000000, optimistic_rem(widened)=0.000000 -> cannot exceed 0.
[2565.791s] PRUNE: margin=-12.000000, optimistic_rem(widened)=0.000000 -> cannot exceed 0.
[2574.215s] PRUNE: margin=-12.000000, optimistic_rem(widened)=0.000000 -> cannot exceed 0.
[2591.083s] PRUNE: margin=-12.000000, optimistic_rem(widened)=0.000000 -> cannot exceed 0.
[2599.511s] PRUNE: margin=-12.000000, optimistic_rem(widened)=0.000000 -> cannot exceed 0.
[2607.949s] PRUNE: margin=-12.000000, optimistic_rem(widened)=0.000000 -> cannot exceed 0.
[2616.391s] PRUNE: margin=-12.000000, optimistic_rem(widened)=0.000000 -> cannot exceed 0.
[2624.828s] PRUNE: margin=-12.000000, optimistic_rem(widened)=0.000000 -> cannot exceed 0.
[2633.258s] PRUNE: margin=-12.000000, optimistic_rem(widened)=0.000000 -> cannot exceed 0.
[2641.689s] PRUNE: margin=-12.000000, optimistic_rem(widened)=0.000000 -> cannot exceed 0.
[2653.753s] PRUNE: margin=-12.000000, optimistic_rem(widened)=0.000000 -> cannot exceed 0.
[2660.808s] PRUNE: margin=-12.000000, optimistic_rem(widened)=8.000000 -> cannot exceed 0.
[2669.235s] PRUNE: margin=-12.000000, optimistic_rem(widened)=6.000000 -> cannot exceed 0.
[2677.658s] PRUNE: margin=-12.000000, optimistic_rem(widened)=8.000000 -> cannot exceed 0.
[2686.081s] PRUNE: margin=-12.000000, optimistic_rem(widened)=6.000000 -> cannot exceed 0.
[2694.508s] PRUNE: margin=-12.000000, optimistic_rem(widened)=8.000000 -> cannot exceed 0.
[2702.927s] PRUNE: margin=-12.000000, optimistic_rem(widened)=8.000000 -> cannot exceed 0.
[2758.826s] PRUNE: margin=-14.000000, optimistic_rem(widened)=0.000000 -> cannot exceed 0.
[2767.293s] PRUNE: margin=-12.000000, optimistic_rem(widened)=0.000000 -> cannot exceed 0.
[2775.311s] PRUNE: margin=-12.000000, optimistic_rem(widened)=0.000000 -> cannot exceed 0.
[2782.835s] PRUNE: margin=-12.000000, optimistic_rem(widened)=0.000000 -> cannot exceed 0.
[2790.868s] PRUNE: margin=-12.000000, optimistic_rem(widened)=0.000000 -> cannot exceed 0.
[2799.303s] PRUNE: margin=-12.000000, optimistic_rem(widened)=0.000000 -> cannot exceed 0.
[2807.739s] PRUNE: margin=-12.000000, optimistic_rem(widened)=0.000000 -> cannot exceed 0.
[2819.140s] PRUNE: margin=-12.000000, optimistic_rem(widened)=6.000000 -> cannot exceed 0.
[2826.750s] PRUNE: margin=-12.000000, optimistic_rem(widened)=6.000000 -> cannot exceed 0.
[2835.174s] PRUNE: margin=-12.000000, optimistic_rem(widened)=0.000000 -> cannot exceed 0.
[2843.594s] PRUNE: margin=-12.000000, optimistic_rem(widened)=6.000000 -> cannot exceed 0.
[2852.036s] PRUNE: margin=-12.000000, optimistic_rem(widened)=6.000000 -> cannot exceed 0.
[2859.270s] PRUNE: margin=-12.000000, optimistic_rem(widened)=8.000000 -> cannot exceed 0.
[2869.760s] PRUNE: margin=-14.000000, optimistic_rem(widened)=0.000000 -> cannot exceed 0.
[2880.070s] PRUNE: margin=-12.000000, optimistic_rem(widened)=8.000000 -> cannot exceed 0.
[2900.586s] PRUNE: margin=-12.000000, optimistic_rem(widened)=0.000000 -> cannot exceed 0.
[2908.984s] PRUNE: margin=-12.000000, optimistic_rem(widened)=0.000000 -> cannot exceed 0.
[2916.297s] PRUNE: margin=-12.000000, optimistic_rem(widened)=0.000000 -> cannot exceed 0.
[2923.978s] PRUNE: margin=-12.000000, optimistic_rem(widened)=0.000000 -> cannot exceed 0.
[2932.430s] PRUNE: margin=-12.000000, optimistic_rem(widened)=0.000000 -> cannot exceed 0.
[2940.883s] PRUNE: margin=-12.000000, optimistic_rem(widened)=0.000000 -> cannot exceed 0.
[2949.327s] PRUNE: margin=-12.000000, optimistic_rem(widened)=0.000000 -> cannot exceed 0.
[2961.541s] PRUNE: margin=-12.000000, optimistic_rem(widened)=8.000000 -> cannot exceed 0.
[2968.595s] PRUNE: margin=-12.000000, optimistic_rem(widened)=8.000000 -> cannot exceed 0.
[2976.609s] PRUNE: margin=-12.000000, optimistic_rem(widened)=8.000000 -> cannot exceed 0.
[2984.203s] PRUNE: margin=-12.000000, optimistic_rem(widened)=8.000000 -> cannot exceed 0.
[2992.632s] PRUNE: margin=-12.000000, optimistic_rem(widened)=8.000000 -> cannot exceed 0.
[3001.062s] PRUNE: margin=-12.000000, optimistic_rem(widened)=8.000000 -> cannot exceed 0.
[3009.169s] PRUNE: margin=-12.000000, optimistic_rem(widened)=8.000000 -> cannot exceed 0.
[3026.045s] PRUNE: margin=-12.000000, optimistic_rem(widened)=8.000000 -> cannot exceed 0.
[3034.485s] PRUNE: margin=-12.000000, optimistic_rem(widened)=8.000000 -> cannot exceed 0.
[3042.924s] PRUNE: margin=-12.000000, optimistic_rem(widened)=8.000000 -> cannot exceed 0.
[3051.364s] PRUNE: margin=-12.000000, optimistic_rem(widened)=0.000000 -> cannot exceed 0.
[3059.804s] PRUNE: margin=-12.000000, optimistic_rem(widened)=8.000000 -> cannot exceed 0.
[3068.244s] PRUNE: margin=-12.000000, optimistic_rem(widened)=8.000000 -> cannot exceed 0.
[3076.687s] PRUNE: margin=-12.000000, optimistic_rem(widened)=8.000000 -> cannot exceed 0.
[3089.347s] PRUNE: margin=-12.000000, optimistic_rem(widened)=6.000000 -> cannot exceed 0.
[3097.789s] PRUNE: margin=-12.000000, optimistic_rem(widened)=0.000000 -> cannot exceed 0.
[3106.230s] PRUNE: margin=-12.000000, optimistic_rem(widened)=6.000000 -> cannot exceed 0.
[3114.668s] PRUNE: margin=-12.000000, optimistic_rem(widened)=0.000000 -> cannot exceed 0.
[3123.109s] PRUNE: margin=-12.000000, optimistic_rem(widened)=6.000000 -> cannot exceed 0.
[3131.550s] PRUNE: margin=-12.000000, optimistic_rem(widened)=6.000000 -> cannot exceed 0.
[3152.657s] PRUNE: margin=-12.000000, optimistic_rem(widened)=8.000000 -> cannot exceed 0.
[3161.100s] PRUNE: margin=-12.000000, optimistic_rem(widened)=8.000000 -> cannot exceed 0.
[3182.230s] PRUNE: margin=-6.000000, optimistic_rem(widened)=0.000000 -> cannot exceed 0.
[3190.688s] PRUNE: margin=-6.000000, optimistic_rem(widened)=0.000000 -> cannot exceed 0.
[3199.149s] PRUNE: margin=-12.000000, optimistic_rem(widened)=0.000000 -> cannot exceed 0.
[3206.220s] PRUNE: margin=-12.000000, optimistic_rem(widened)=0.000000 -> cannot exceed 0.
[3211.857s] PRUNE: margin=-6.000000, optimistic_rem(widened)=0.000000 -> cannot exceed 0.
[3220.312s] PRUNE: margin=-6.000000, optimistic_rem(widened)=0.000000 -> cannot exceed 0.
[3228.768s] PRUNE: margin=-6.000000, optimistic_rem(widened)=0.000000 -> cannot exceed 0.
[3237.222s] PRUNE: margin=-14.000000, optimistic_rem(widened)=0.000000 -> cannot exceed 0.
[3249.885s] PRUNE: margin=-14.000000, optimistic_rem(widened)=8.000000 -> cannot exceed 0.
[3258.332s] PRUNE: margin=-14.000000, optimistic_rem(widened)=8.000000 -> cannot exceed 0.
[3266.769s] PRUNE: margin=-12.000000, optimistic_rem(widened)=6.000000 -> cannot exceed 0.
[3275.210s] PRUNE: margin=-12.000000, optimistic_rem(widened)=6.000000 -> cannot exceed 0.
[3283.644s] PRUNE: margin=-12.000000, optimistic_rem(widened)=6.000000 -> cannot exceed 0.
[3292.082s] PRUNE: margin=-12.000000, optimistic_rem(widened)=8.000000 -> cannot exceed 0.
[3300.517s] PRUNE: margin=-12.000000, optimistic_rem(widened)=6.000000 -> cannot exceed 0.
[3308.953s] PRUNE: margin=-12.000000, optimistic_rem(widened)=8.000000 -> cannot exceed 0.
[3321.606s] PRUNE: margin=-12.000000, optimistic_rem(widened)=6.000000 -> cannot exceed 0.
[3330.044s] PRUNE: margin=-12.000000, optimistic_rem(widened)=6.000000 -> cannot exceed 0.
[3338.480s] PRUNE: margin=-12.000000, optimistic_rem(widened)=0.000000 -> cannot exceed 0.
[3346.933s] PRUNE: margin=-12.000000, optimistic_rem(widened)=12.000000 -> cannot exceed 0.
[3354.684s] PRUNE: margin=-12.000000, optimistic_rem(widened)=12.000000 -> cannot exceed 0.
[3360.678s] PRUNE: margin=-12.000000, optimistic_rem(widened)=12.000000 -> cannot exceed 0.
[3372.793s] PRUNE: margin=-14.000000, optimistic_rem(widened)=8.000000 -> cannot exceed 0.
[3379.938s] PRUNE: margin=-14.000000, optimistic_rem(widened)=8.000000 -> cannot exceed 0.
[3392.427s] PRUNE: margin=-14.000000, optimistic_rem(widened)=8.000000 -> cannot exceed 0.
[3425.483s] PRUNE: margin=-12.000000, optimistic_rem(widened)=6.000000 -> cannot exceed 0.
[3433.239s] PRUNE: margin=-12.000000, optimistic_rem(widened)=6.000000 -> cannot exceed 0.
[3441.691s] PRUNE: margin=-12.000000, optimistic_rem(widened)=6.000000 -> cannot exceed 0.
[3450.149s] PRUNE: margin=-12.000000, optimistic_rem(widened)=6.000000 -> cannot exceed 0.
[3458.608s] PRUNE: margin=-12.000000, optimistic_rem(widened)=6.000000 -> cannot exceed 0.
[3467.069s] PRUNE: margin=-12.000000, optimistic_rem(widened)=8.000000 -> cannot exceed 0.
[3475.529s] PRUNE: margin=-12.000000, optimistic_rem(widened)=8.000000 -> cannot exceed 0.
[3483.995s] PRUNE: margin=-12.000000, optimistic_rem(widened)=8.000000 -> cannot exceed 0.
[3500.906s] PRUNE: margin=-14.000000, optimistic_rem(widened)=8.000000 -> cannot exceed 0.
[3508.859s] PRUNE: margin=-12.000000, optimistic_rem(widened)=8.000000 -> cannot exceed 0.
[3517.121s] PRUNE: margin=-12.000000, optimistic_rem(widened)=6.000000 -> cannot exceed 0.
[3525.574s] PRUNE: margin=-12.000000, optimistic_rem(widened)=8.000000 -> cannot exceed 0.
[3531.246s] PRUNE: margin=-12.000000, optimistic_rem(widened)=8.000000 -> cannot exceed 0.
[3539.655s] PRUNE: margin=-12.000000, optimistic_rem(widened)=6.000000 -> cannot exceed 0.
[3548.066s] PRUNE: margin=-12.000000, optimistic_rem(widened)=6.000000 -> cannot exceed 0.
[3564.915s] PRUNE: margin=-14.000000, optimistic_rem(widened)=8.000000 -> cannot exceed 0.
[3573.350s] PRUNE: margin=-14.000000, optimistic_rem(widened)=10.000000 -> cannot exceed 0.
[3581.782s] PRUNE: margin=-12.000000, optimistic_rem(widened)=8.000000 -> cannot exceed 0.
[3590.254s] PRUNE: margin=-12.000000, optimistic_rem(widened)=8.000000 -> cannot exceed 0.
[3598.689s] PRUNE: margin=-12.000000, optimistic_rem(widened)=8.000000 -> cannot exceed 0.
[3607.124s] PRUNE: margin=-12.000000, optimistic_rem(widened)=8.000000 -> cannot exceed 0.
[3619.775s] PRUNE: margin=-12.000000, optimistic_rem(widened)=12.000000 -> cannot exceed 0.
[3628.213s] PRUNE: margin=-14.000000, optimistic_rem(widened)=10.000000 -> cannot exceed 0.
[3640.862s] PRUNE: margin=-12.000000, optimistic_rem(widened)=8.000000 -> cannot exceed 0.
[3649.296s] PRUNE: margin=-12.000000, optimistic_rem(widened)=8.000000 -> cannot exceed 0.
[3657.730s] PRUNE: margin=-12.000000, optimistic_rem(widened)=8.000000 -> cannot exceed 0.
[3674.596s] PRUNE: margin=-12.000000, optimistic_rem(widened)=8.000000 -> cannot exceed 0.
[3683.032s] PRUNE: margin=-12.000000, optimistic_rem(widened)=8.000000 -> cannot exceed 0.
[3699.346s] PRUNE: margin=-12.000000, optimistic_rem(widened)=8.000000 -> cannot exceed 0.
[3728.874s] PRUNE: margin=-12.000000, optimistic_rem(widened)=6.000000 -> cannot exceed 0.
[3741.531s] PRUNE: margin=-12.000000, optimistic_rem(widened)=8.000000 -> cannot exceed 0.
[3749.968s] PRUNE: margin=-12.000000, optimistic_rem(widened)=8.000000 -> cannot exceed 0.
[3758.406s] PRUNE: margin=-12.000000, optimistic_rem(widened)=8.000000 -> cannot exceed 0.
[3766.819s] PRUNE: margin=-12.000000, optimistic_rem(widened)=8.000000 -> cannot exceed 0.
[3771.873s] PRUNE: margin=-12.000000, optimistic_rem(widened)=8.000000 -> cannot exceed 0.
[3777.004s] PRUNE: margin=-12.000000, optimistic_rem(widened)=8.000000 -> cannot exceed 0.
[3793.855s] PRUNE: margin=-12.000000, optimistic_rem(widened)=8.000000 -> cannot exceed 0.
[3802.284s] PRUNE: margin=-12.000000, optimistic_rem(widened)=8.000000 -> cannot exceed 0.
[3810.709s] PRUNE: margin=-12.000000, optimistic_rem(widened)=6.000000 -> cannot exceed 0.
[3819.133s] PRUNE: margin=-12.000000, optimistic_rem(widened)=8.000000 -> cannot exceed 0.
[3827.559s] PRUNE: margin=-12.000000, optimistic_rem(widened)=8.000000 -> cannot exceed 0.
[3844.414s] PRUNE: margin=-12.000000, optimistic_rem(widened)=8.000000 -> cannot exceed 0.
[3852.852s] PRUNE: margin=-12.000000, optimistic_rem(widened)=8.000000 -> cannot exceed 0.
[3861.302s] PRUNE: margin=-12.000000, optimistic_rem(widened)=8.000000 -> cannot exceed 0.
[3869.725s] PRUNE: margin=-12.000000, optimistic_rem(widened)=8.000000 -> cannot exceed 0.
[3882.360s] PRUNE: margin=-12.000000, optimistic_rem(widened)=8.000000 -> cannot exceed 0.
[3894.996s] PRUNE: margin=-12.000000, optimistic_rem(widened)=8.000000 -> cannot exceed 0.
[3903.419s] PRUNE: margin=-12.000000, optimistic_rem(widened)=6.000000 -> cannot exceed 0.
[3919.590s] PRUNE: margin=-12.000000, optimistic_rem(widened)=6.000000 -> cannot exceed 0.
[3944.261s] PRUNE: margin=-12.000000, optimistic_rem(widened)=8.000000 -> cannot exceed 0.
[3951.348s] PRUNE: margin=-12.000000, optimistic_rem(widened)=8.000000 -> cannot exceed 0.
[3956.415s] PRUNE: margin=-12.000000, optimistic_rem(widened)=8.000000 -> cannot exceed 0.
[3964.130s] PRUNE: margin=-12.000000, optimistic_rem(widened)=8.000000 -> cannot exceed 0.
[4048.483s] PRUNE: margin=-6.000000, optimistic_rem(widened)=6.000000 -> cannot exceed 0.
[4091.574s] No counterexample within budgets (BaB): no misclassification found.
STATUS: No counterexample | best_upper_margin=44.000000 | elapsed=4091.575s | pixels_changed=0 | total_bit_flips=0 | avg_hamming_per_pixel=0.000000 | patch_rows=13-14 | patch_cols=14-14 | note=no_counterexample_within_budgets
