[  0.000s] init: idx=8181 kmax=2 bmax=4 topx=2 widen=1.000 rank_fast=off
clean logits (hex):  0x82  0x82  0x82  0x83  0x83  0x84  0x82  0x83  0x83  0x84
clean logits (bits): 10000010 10000010 10000010 10000011 10000011 10000100 10000010 10000011 10000011 10000100
clean logits (double): -32.000000 -32.000000 -32.000000 -24.000000 -24.000000 -16.000000 -32.000000 -24.000000 -24.000000 -16.000000
[  0.016s] clean prediction: 5 (true label 9)
[ 12.716s] heuristic ROI: 2x2 block at rows 12-13, cols 9-10
[ 21.278s] selection: nSym=2 (from 4), topx=2, rank_fast=off
[ 21.279s] active patch: rows 12-13, cols 9-10 (derived from symPix)
[ 23.929s] Greedy BYTE warm start: SAT (K=1,B=4).
clean logits (hex):  0x82  0x82  0x82  0x83  0x83  0x84  0x82  0x83  0x83  0x84
clean logits (bits): 10000010 10000010 10000010 10000011 10000011 10000100 10000010 10000011 10000011 10000100
clean logits (double): -32.000000 -32.000000 -32.000000 -24.000000 -24.000000 -16.000000 -32.000000 -24.000000 -24.000000 -16.000000
post-perturb logits (hex):  0x81  0x81  0x82  0x82  0x82  0x82  0x81  0x82  0x82  0x84
post-perturb logits (bits): 10000001 10000001 10000010 10000010 10000010 10000010 10000001 10000010 10000010 10000100
post-perturb logits (double): -64.000000 -64.000000 -32.000000 -32.000000 -32.000000 -32.000000 -64.000000 -32.000000 -32.000000 -16.000000
changes: 1 bytes, 4 bit flips
  idx  pix  row col    old_hex        old_bits     old_double     new_hex        new_bits     new_double  ham
    0  374   13  10    0xed        11101101   +0.858824     0x05        00000101   -0.960784    4
new prediction: 9 (clean ref 5, true 9)
----- REPLAY FORWARD PASS (stage-2) -----
replay logits (hex):  0x81  0x81  0x82  0x82  0x82  0x82  0x81  0x82  0x82  0x84
replay logits (bits): 10000001 10000001 10000010 10000010 10000010 10000010 10000001 10000010 10000010 10000100
replay logits (double): -64.000000 -64.000000 -32.000000 -32.000000 -32.000000 -32.000000 -64.000000 -32.000000 -32.000000 -16.000000
[ 23.938s] replay prediction: 9 (clean ref 5, true label 9) | note=witness_found_greedy_byte
----- END REPLAY -----
STATUS: Counterexample | best_upper_margin=-1000000000000000052504760255204420248704468581108159154915854115511802457988908195786371375080447864043704443832883878176942523235360430575644792184786706982848387200926575803737830233794788090059368953234970799945081119038967640880074652742780142494579258788820056842838115669472196386865459400540160.000000 | elapsed=23.938s | pixels_changed=1 | total_bit_flips=4 | avg_hamming_per_pixel=4.000000 | patch_rows=12-13 | patch_cols=9-10 | note=witness_found_greedy_byte
