[  0.000s] init: idx=5614 kmax=2 bmax=4 topx=2 widen=1.000 rank_fast=off
clean logits (hex):  0x87  0xa0  0x87  0x86  0x88  0x87  0x87  0x87  0x88  0x88
clean logits (bits): 10000111 10100000 10000111 10000110 10001000 10000111 10000111 10000111 10001000 10001000
clean logits (double): -10.000000 -2.000000 -10.000000 -12.000000 -8.000000 -10.000000 -10.000000 -10.000000 -8.000000 -8.000000
[  0.016s] clean prediction: 1 (true label 1)
[ 11.785s] heuristic ROI: 2x2 block at rows 10-11, cols 16-17
[ 19.731s] selection: nSym=2 (from 4), topx=2, rank_fast=off
[ 19.731s] active patch: rows 11-11, cols 16-17 (derived from symPix)
[ 38.016s] Proceeding to BaB (greedy enabled).
[ 38.016s] Skipping root bound check (--no-root-bound).
[ 38.016s] BaB search starting (K<=2, B<=4, nSym=2, depth_limit=500000000, widen=1.00)...
[ 45.937s] PRUNE: margin=-4.125000, optimistic_rem(widened)=0.875000 -> cannot exceed 0.
[ 53.834s] PRUNE: margin=-4.125000, optimistic_rem(widened)=1.250000 -> cannot exceed 0.
[ 73.560s] PRUNE: margin=-6.000000, optimistic_rem(widened)=3.375000 -> cannot exceed 0.
[ 81.447s] PRUNE: margin=-6.000000, optimistic_rem(widened)=3.500000 -> cannot exceed 0.
[ 89.341s] PRUNE: margin=-6.000000, optimistic_rem(widened)=3.250000 -> cannot exceed 0.
[ 97.239s] PRUNE: margin=-6.000000, optimistic_rem(widened)=3.250000 -> cannot exceed 0.
[105.128s] PRUNE: margin=-6.000000, optimistic_rem(widened)=0.000000 -> cannot exceed 0.
[113.027s] PRUNE: margin=-6.000000, optimistic_rem(widened)=0.000000 -> cannot exceed 0.
[120.918s] PRUNE: margin=-6.000000, optimistic_rem(widened)=0.000000 -> cannot exceed 0.
[128.813s] PRUNE: margin=-6.000000, optimistic_rem(widened)=0.000000 -> cannot exceed 0.
[136.709s] PRUNE: margin=-6.000000, optimistic_rem(widened)=0.000000 -> cannot exceed 0.
[144.604s] PRUNE: margin=-6.000000, optimistic_rem(widened)=0.000000 -> cannot exceed 0.
[152.497s] PRUNE: margin=-6.000000, optimistic_rem(widened)=0.000000 -> cannot exceed 0.
[168.311s] PRUNE: margin=-6.000000, optimistic_rem(widened)=3.375000 -> cannot exceed 0.
[176.205s] PRUNE: margin=-6.000000, optimistic_rem(widened)=3.250000 -> cannot exceed 0.
[184.105s] PRUNE: margin=-6.000000, optimistic_rem(widened)=3.375000 -> cannot exceed 0.
[191.999s] PRUNE: margin=-6.000000, optimistic_rem(widened)=0.000000 -> cannot exceed 0.
[199.898s] PRUNE: margin=-6.000000, optimistic_rem(widened)=0.000000 -> cannot exceed 0.
[207.796s] PRUNE: margin=-6.000000, optimistic_rem(widened)=0.000000 -> cannot exceed 0.
[214.502s] PRUNE: margin=-6.000000, optimistic_rem(widened)=0.000000 -> cannot exceed 0.
[222.368s] PRUNE: margin=-6.000000, optimistic_rem(widened)=0.000000 -> cannot exceed 0.
[230.256s] PRUNE: margin=-6.000000, optimistic_rem(widened)=0.000000 -> cannot exceed 0.
[238.320s] PRUNE: margin=-6.000000, optimistic_rem(widened)=0.000000 -> cannot exceed 0.
[254.104s] PRUNE: margin=-6.000000, optimistic_rem(widened)=3.250000 -> cannot exceed 0.
[262.008s] PRUNE: margin=-6.000000, optimistic_rem(widened)=3.250000 -> cannot exceed 0.
[269.894s] PRUNE: margin=-6.000000, optimistic_rem(widened)=0.000000 -> cannot exceed 0.
[276.358s] PRUNE: margin=-6.000000, optimistic_rem(widened)=0.000000 -> cannot exceed 0.
[284.175s] PRUNE: margin=-6.000000, optimistic_rem(widened)=0.000000 -> cannot exceed 0.
[292.036s] PRUNE: margin=-6.000000, optimistic_rem(widened)=0.000000 -> cannot exceed 0.
[297.786s] PRUNE: margin=-6.000000, optimistic_rem(widened)=0.000000 -> cannot exceed 0.
[304.988s] PRUNE: margin=-6.000000, optimistic_rem(widened)=0.000000 -> cannot exceed 0.
[312.414s] PRUNE: margin=-6.000000, optimistic_rem(widened)=0.000000 -> cannot exceed 0.
[327.552s] PRUNE: margin=-4.125000, optimistic_rem(widened)=0.500000 -> cannot exceed 0.
[334.319s] PRUNE: margin=-6.000000, optimistic_rem(widened)=0.000000 -> cannot exceed 0.
[342.052s] PRUNE: margin=-6.000000, optimistic_rem(widened)=0.000000 -> cannot exceed 0.
[349.121s] PRUNE: margin=-6.000000, optimistic_rem(widened)=0.000000 -> cannot exceed 0.
[357.010s] PRUNE: margin=-6.000000, optimistic_rem(widened)=0.000000 -> cannot exceed 0.
[364.894s] PRUNE: margin=-6.000000, optimistic_rem(widened)=0.000000 -> cannot exceed 0.
[370.971s] PRUNE: margin=-6.000000, optimistic_rem(widened)=0.000000 -> cannot exceed 0.
[378.622s] PRUNE: margin=-6.000000, optimistic_rem(widened)=0.000000 -> cannot exceed 0.
[393.972s] PRUNE: margin=-6.000000, optimistic_rem(widened)=0.000000 -> cannot exceed 0.
[402.132s] PRUNE: margin=-6.000000, optimistic_rem(widened)=0.000000 -> cannot exceed 0.
[408.396s] PRUNE: margin=-6.000000, optimistic_rem(widened)=0.000000 -> cannot exceed 0.
[414.896s] PRUNE: margin=-6.000000, optimistic_rem(widened)=0.000000 -> cannot exceed 0.
[422.788s] PRUNE: margin=-6.000000, optimistic_rem(widened)=0.000000 -> cannot exceed 0.
[430.567s] PRUNE: margin=-6.000000, optimistic_rem(widened)=0.000000 -> cannot exceed 0.
[438.468s] PRUNE: margin=-6.000000, optimistic_rem(widened)=0.000000 -> cannot exceed 0.
[450.294s] PRUNE: margin=-6.000000, optimistic_rem(widened)=3.000000 -> cannot exceed 0.
[458.176s] PRUNE: margin=-6.000000, optimistic_rem(widened)=3.000000 -> cannot exceed 0.
[466.037s] PRUNE: margin=-6.000000, optimistic_rem(widened)=3.000000 -> cannot exceed 0.
[473.904s] PRUNE: margin=-6.000000, optimistic_rem(widened)=2.875000 -> cannot exceed 0.
[481.675s] PRUNE: margin=-6.000000, optimistic_rem(widened)=2.875000 -> cannot exceed 0.
[488.431s] PRUNE: margin=-6.000000, optimistic_rem(widened)=3.000000 -> cannot exceed 0.
[496.262s] PRUNE: margin=-6.000000, optimistic_rem(widened)=3.125000 -> cannot exceed 0.
[515.958s] PRUNE: margin=-6.000000, optimistic_rem(widened)=3.375000 -> cannot exceed 0.
[523.617s] PRUNE: margin=-6.000000, optimistic_rem(widened)=3.250000 -> cannot exceed 0.
[531.512s] PRUNE: margin=-6.000000, optimistic_rem(widened)=3.375000 -> cannot exceed 0.
[539.401s] PRUNE: margin=-6.000000, optimistic_rem(widened)=0.000000 -> cannot exceed 0.
[546.641s] PRUNE: margin=-6.000000, optimistic_rem(widened)=0.000000 -> cannot exceed 0.
[554.251s] PRUNE: margin=-6.000000, optimistic_rem(widened)=0.000000 -> cannot exceed 0.
[562.168s] PRUNE: margin=-6.000000, optimistic_rem(widened)=0.000000 -> cannot exceed 0.
[570.082s] PRUNE: margin=-6.000000, optimistic_rem(widened)=0.000000 -> cannot exceed 0.
[578.004s] PRUNE: margin=-6.000000, optimistic_rem(widened)=0.000000 -> cannot exceed 0.
[585.932s] PRUNE: margin=-6.000000, optimistic_rem(widened)=0.000000 -> cannot exceed 0.
[600.753s] PRUNE: margin=-6.000000, optimistic_rem(widened)=3.250000 -> cannot exceed 0.
[606.446s] PRUNE: margin=-6.000000, optimistic_rem(widened)=3.250000 -> cannot exceed 0.
[613.911s] PRUNE: margin=-6.000000, optimistic_rem(widened)=0.000000 -> cannot exceed 0.
[621.299s] PRUNE: margin=-6.000000, optimistic_rem(widened)=0.000000 -> cannot exceed 0.
[627.713s] PRUNE: margin=-6.000000, optimistic_rem(widened)=0.000000 -> cannot exceed 0.
[635.604s] PRUNE: margin=-6.000000, optimistic_rem(widened)=0.000000 -> cannot exceed 0.
[643.493s] PRUNE: margin=-6.000000, optimistic_rem(widened)=0.000000 -> cannot exceed 0.
[651.378s] PRUNE: margin=-6.000000, optimistic_rem(widened)=0.000000 -> cannot exceed 0.
[659.273s] PRUNE: margin=-6.000000, optimistic_rem(widened)=0.000000 -> cannot exceed 0.
[672.416s] PRUNE: margin=-4.125000, optimistic_rem(widened)=0.500000 -> cannot exceed 0.
[677.668s] PRUNE: margin=-6.000000, optimistic_rem(widened)=0.000000 -> cannot exceed 0.
[683.420s] PRUNE: margin=-6.000000, optimistic_rem(widened)=0.000000 -> cannot exceed 0.
[688.463s] PRUNE: margin=-6.000000, optimistic_rem(widened)=0.000000 -> cannot exceed 0.
[694.016s] PRUNE: margin=-6.000000, optimistic_rem(widened)=0.000000 -> cannot exceed 0.
[701.196s] PRUNE: margin=-6.000000, optimistic_rem(widened)=0.000000 -> cannot exceed 0.
[709.086s] PRUNE: margin=-6.000000, optimistic_rem(widened)=0.000000 -> cannot exceed 0.
[717.017s] PRUNE: margin=-6.000000, optimistic_rem(widened)=0.000000 -> cannot exceed 0.
[732.865s] PRUNE: margin=-6.000000, optimistic_rem(widened)=0.000000 -> cannot exceed 0.
[740.791s] PRUNE: margin=-6.000000, optimistic_rem(widened)=0.000000 -> cannot exceed 0.
[748.718s] PRUNE: margin=-6.000000, optimistic_rem(widened)=0.000000 -> cannot exceed 0.
[756.646s] PRUNE: margin=-6.000000, optimistic_rem(widened)=0.000000 -> cannot exceed 0.
[764.573s] PRUNE: margin=-6.000000, optimistic_rem(widened)=0.000000 -> cannot exceed 0.
[772.502s] PRUNE: margin=-6.000000, optimistic_rem(widened)=0.000000 -> cannot exceed 0.
[780.434s] PRUNE: margin=-6.000000, optimistic_rem(widened)=0.000000 -> cannot exceed 0.
[792.216s] PRUNE: margin=-6.000000, optimistic_rem(widened)=3.000000 -> cannot exceed 0.
[800.106s] PRUNE: margin=-6.000000, optimistic_rem(widened)=3.000000 -> cannot exceed 0.
[807.130s] PRUNE: margin=-6.000000, optimistic_rem(widened)=3.000000 -> cannot exceed 0.
[812.691s] PRUNE: margin=-6.000000, optimistic_rem(widened)=2.875000 -> cannot exceed 0.
[819.776s] PRUNE: margin=-6.000000, optimistic_rem(widened)=2.875000 -> cannot exceed 0.
[827.732s] PRUNE: margin=-6.000000, optimistic_rem(widened)=3.000000 -> cannot exceed 0.
[835.618s] PRUNE: margin=-6.000000, optimistic_rem(widened)=3.125000 -> cannot exceed 0.
[855.314s] PRUNE: margin=-6.000000, optimistic_rem(widened)=3.250000 -> cannot exceed 0.
[863.210s] PRUNE: margin=-6.000000, optimistic_rem(widened)=3.250000 -> cannot exceed 0.
[870.989s] PRUNE: margin=-6.000000, optimistic_rem(widened)=0.000000 -> cannot exceed 0.
[878.919s] PRUNE: margin=-6.000000, optimistic_rem(widened)=0.000000 -> cannot exceed 0.
[886.840s] PRUNE: margin=-6.000000, optimistic_rem(widened)=0.000000 -> cannot exceed 0.
[894.753s] PRUNE: margin=-6.000000, optimistic_rem(widened)=0.000000 -> cannot exceed 0.
[902.630s] PRUNE: margin=-6.000000, optimistic_rem(widened)=0.000000 -> cannot exceed 0.
[910.508s] PRUNE: margin=-6.000000, optimistic_rem(widened)=0.000000 -> cannot exceed 0.
[918.394s] PRUNE: margin=-6.000000, optimistic_rem(widened)=0.000000 -> cannot exceed 0.
[932.760s] PRUNE: margin=-4.125000, optimistic_rem(widened)=0.500000 -> cannot exceed 0.
[939.607s] PRUNE: margin=-6.000000, optimistic_rem(widened)=0.000000 -> cannot exceed 0.
[947.553s] PRUNE: margin=-6.000000, optimistic_rem(widened)=0.000000 -> cannot exceed 0.
[955.438s] PRUNE: margin=-6.000000, optimistic_rem(widened)=0.000000 -> cannot exceed 0.
[963.321s] PRUNE: margin=-6.000000, optimistic_rem(widened)=0.000000 -> cannot exceed 0.
[971.374s] PRUNE: margin=-6.000000, optimistic_rem(widened)=0.000000 -> cannot exceed 0.
[979.489s] PRUNE: margin=-6.000000, optimistic_rem(widened)=0.000000 -> cannot exceed 0.
[987.395s] PRUNE: margin=-6.000000, optimistic_rem(widened)=0.000000 -> cannot exceed 0.
[1002.507s] PRUNE: margin=-6.000000, optimistic_rem(widened)=0.000000 -> cannot exceed 0.
[1010.073s] PRUNE: margin=-6.000000, optimistic_rem(widened)=0.000000 -> cannot exceed 0.
[1017.632s] PRUNE: margin=-6.000000, optimistic_rem(widened)=0.000000 -> cannot exceed 0.
[1025.193s] PRUNE: margin=-6.000000, optimistic_rem(widened)=0.000000 -> cannot exceed 0.
[1032.752s] PRUNE: margin=-6.000000, optimistic_rem(widened)=0.000000 -> cannot exceed 0.
[1039.154s] PRUNE: margin=-6.000000, optimistic_rem(widened)=0.000000 -> cannot exceed 0.
[1045.300s] PRUNE: margin=-6.000000, optimistic_rem(widened)=0.000000 -> cannot exceed 0.
[1057.010s] PRUNE: margin=-6.000000, optimistic_rem(widened)=3.000000 -> cannot exceed 0.
[1064.893s] PRUNE: margin=-6.000000, optimistic_rem(widened)=3.000000 -> cannot exceed 0.
[1072.342s] PRUNE: margin=-6.000000, optimistic_rem(widened)=3.000000 -> cannot exceed 0.
[1080.142s] PRUNE: margin=-6.000000, optimistic_rem(widened)=2.875000 -> cannot exceed 0.
[1088.075s] PRUNE: margin=-6.000000, optimistic_rem(widened)=3.000000 -> cannot exceed 0.
[1096.027s] PRUNE: margin=-6.000000, optimistic_rem(widened)=3.000000 -> cannot exceed 0.
[1103.978s] PRUNE: margin=-6.000000, optimistic_rem(widened)=3.125000 -> cannot exceed 0.
[1123.879s] PRUNE: margin=-4.125000, optimistic_rem(widened)=0.750000 -> cannot exceed 0.
[1131.827s] PRUNE: margin=-6.000000, optimistic_rem(widened)=0.000000 -> cannot exceed 0.
[1139.724s] PRUNE: margin=-6.000000, optimistic_rem(widened)=0.000000 -> cannot exceed 0.
[1147.625s] PRUNE: margin=-6.000000, optimistic_rem(widened)=0.000000 -> cannot exceed 0.
[1155.516s] PRUNE: margin=-6.000000, optimistic_rem(widened)=0.000000 -> cannot exceed 0.
[1163.408s] PRUNE: margin=-6.000000, optimistic_rem(widened)=0.000000 -> cannot exceed 0.
[1171.304s] PRUNE: margin=-6.000000, optimistic_rem(widened)=0.000000 -> cannot exceed 0.
[1179.204s] PRUNE: margin=-6.000000, optimistic_rem(widened)=0.000000 -> cannot exceed 0.
[1192.449s] PRUNE: margin=-4.125000, optimistic_rem(widened)=0.000000 -> cannot exceed 0.
[1198.672s] PRUNE: margin=-6.000000, optimistic_rem(widened)=0.000000 -> cannot exceed 0.
[1206.353s] PRUNE: margin=-6.000000, optimistic_rem(widened)=0.000000 -> cannot exceed 0.
[1214.204s] PRUNE: margin=-6.000000, optimistic_rem(widened)=0.000000 -> cannot exceed 0.
[1220.944s] PRUNE: margin=-6.000000, optimistic_rem(widened)=0.000000 -> cannot exceed 0.
[1228.108s] PRUNE: margin=-6.000000, optimistic_rem(widened)=0.000000 -> cannot exceed 0.
[1236.201s] PRUNE: margin=-6.000000, optimistic_rem(widened)=0.000000 -> cannot exceed 0.
[1247.958s] PRUNE: margin=-6.000000, optimistic_rem(widened)=3.000000 -> cannot exceed 0.
[1253.387s] PRUNE: margin=-6.000000, optimistic_rem(widened)=3.000000 -> cannot exceed 0.
[1258.680s] PRUNE: margin=-6.000000, optimistic_rem(widened)=3.000000 -> cannot exceed 0.
[1266.554s] PRUNE: margin=-6.000000, optimistic_rem(widened)=3.000000 -> cannot exceed 0.
[1274.441s] PRUNE: margin=-6.000000, optimistic_rem(widened)=3.000000 -> cannot exceed 0.
[1282.331s] PRUNE: margin=-6.000000, optimistic_rem(widened)=3.000000 -> cannot exceed 0.
[1290.241s] PRUNE: margin=-6.000000, optimistic_rem(widened)=3.250000 -> cannot exceed 0.
[1306.428s] PRUNE: margin=-4.125000, optimistic_rem(widened)=1.000000 -> cannot exceed 0.
[1312.844s] PRUNE: margin=-6.000000, optimistic_rem(widened)=3.000000 -> cannot exceed 0.
[1320.712s] PRUNE: margin=-6.000000, optimistic_rem(widened)=3.000000 -> cannot exceed 0.
[1328.576s] PRUNE: margin=-6.000000, optimistic_rem(widened)=3.000000 -> cannot exceed 0.
[1336.425s] PRUNE: margin=-6.000000, optimistic_rem(widened)=2.875000 -> cannot exceed 0.
[1342.294s] PRUNE: margin=-6.000000, optimistic_rem(widened)=3.000000 -> cannot exceed 0.
[1348.717s] PRUNE: margin=-6.000000, optimistic_rem(widened)=3.000000 -> cannot exceed 0.
[1355.637s] PRUNE: margin=-6.000000, optimistic_rem(widened)=3.250000 -> cannot exceed 0.
[1369.427s] PRUNE: margin=-6.000000, optimistic_rem(widened)=3.125000 -> cannot exceed 0.
[1374.770s] PRUNE: margin=-6.000000, optimistic_rem(widened)=3.125000 -> cannot exceed 0.
[1380.841s] PRUNE: margin=-6.000000, optimistic_rem(widened)=3.125000 -> cannot exceed 0.
[1387.538s] PRUNE: margin=-6.000000, optimistic_rem(widened)=3.125000 -> cannot exceed 0.
[1395.401s] PRUNE: margin=-6.000000, optimistic_rem(widened)=3.000000 -> cannot exceed 0.
[1401.073s] PRUNE: margin=-6.000000, optimistic_rem(widened)=3.250000 -> cannot exceed 0.
[1406.284s] PRUNE: margin=-6.000000, optimistic_rem(widened)=3.250000 -> cannot exceed 0.
[1417.127s] PRUNE: margin=-6.000000, optimistic_rem(widened)=5.750000 -> cannot exceed 0.
[1423.272s] PRUNE: margin=-6.000000, optimistic_rem(widened)=5.750000 -> cannot exceed 0.
[1431.161s] PRUNE: margin=-6.000000, optimistic_rem(widened)=5.750000 -> cannot exceed 0.
[1439.048s] PRUNE: margin=-6.000000, optimistic_rem(widened)=4.875000 -> cannot exceed 0.
[1444.595s] PRUNE: margin=-6.000000, optimistic_rem(widened)=4.875000 -> cannot exceed 0.
[1452.018s] PRUNE: margin=-6.000000, optimistic_rem(widened)=6.000000 -> cannot exceed 0.
[1483.562s] PRUNE: margin=-6.000000, optimistic_rem(widened)=3.375000 -> cannot exceed 0.
[1491.478s] PRUNE: margin=-6.000000, optimistic_rem(widened)=3.250000 -> cannot exceed 0.
[1499.390s] PRUNE: margin=-6.000000, optimistic_rem(widened)=3.250000 -> cannot exceed 0.
[1507.278s] PRUNE: margin=-6.000000, optimistic_rem(widened)=0.000000 -> cannot exceed 0.
[1515.250s] PRUNE: margin=-6.000000, optimistic_rem(widened)=0.000000 -> cannot exceed 0.
[1523.204s] PRUNE: margin=-6.000000, optimistic_rem(widened)=0.000000 -> cannot exceed 0.
[1531.147s] PRUNE: margin=-6.000000, optimistic_rem(widened)=0.000000 -> cannot exceed 0.
[1539.285s] PRUNE: margin=-6.000000, optimistic_rem(widened)=0.000000 -> cannot exceed 0.
[1547.294s] PRUNE: margin=-6.000000, optimistic_rem(widened)=0.000000 -> cannot exceed 0.
[1555.215s] PRUNE: margin=-6.000000, optimistic_rem(widened)=0.000000 -> cannot exceed 0.
[1569.497s] PRUNE: margin=-6.000000, optimistic_rem(widened)=3.250000 -> cannot exceed 0.
[1577.397s] PRUNE: margin=-6.000000, optimistic_rem(widened)=3.250000 -> cannot exceed 0.
[1585.289s] PRUNE: margin=-6.000000, optimistic_rem(widened)=0.000000 -> cannot exceed 0.
[1593.091s] PRUNE: margin=-6.000000, optimistic_rem(widened)=0.000000 -> cannot exceed 0.
[1600.559s] PRUNE: margin=-6.000000, optimistic_rem(widened)=0.000000 -> cannot exceed 0.
[1608.446s] PRUNE: margin=-6.000000, optimistic_rem(widened)=0.000000 -> cannot exceed 0.
[1615.636s] PRUNE: margin=-6.000000, optimistic_rem(widened)=0.000000 -> cannot exceed 0.
[1621.203s] PRUNE: margin=-6.000000, optimistic_rem(widened)=0.000000 -> cannot exceed 0.
[1626.589s] PRUNE: margin=-6.000000, optimistic_rem(widened)=0.000000 -> cannot exceed 0.
[1637.129s] PRUNE: margin=-4.125000, optimistic_rem(widened)=0.500000 -> cannot exceed 0.
[1642.833s] PRUNE: margin=-6.000000, optimistic_rem(widened)=0.000000 -> cannot exceed 0.
[1648.635s] PRUNE: margin=-6.000000, optimistic_rem(widened)=0.000000 -> cannot exceed 0.
[1653.698s] PRUNE: margin=-6.000000, optimistic_rem(widened)=0.000000 -> cannot exceed 0.
[1660.256s] PRUNE: margin=-6.000000, optimistic_rem(widened)=0.000000 -> cannot exceed 0.
[1666.134s] PRUNE: margin=-6.000000, optimistic_rem(widened)=0.000000 -> cannot exceed 0.
[1671.375s] PRUNE: margin=-6.000000, optimistic_rem(widened)=0.000000 -> cannot exceed 0.
[1678.772s] PRUNE: margin=-6.000000, optimistic_rem(widened)=0.000000 -> cannot exceed 0.
[1694.592s] PRUNE: margin=-4.125000, optimistic_rem(widened)=0.000000 -> cannot exceed 0.
[1702.508s] PRUNE: margin=-5.875000, optimistic_rem(widened)=0.000000 -> cannot exceed 0.
[1710.421s] PRUNE: margin=-6.000000, optimistic_rem(widened)=0.000000 -> cannot exceed 0.
[1718.337s] PRUNE: margin=-6.000000, optimistic_rem(widened)=0.000000 -> cannot exceed 0.
[1726.245s] PRUNE: margin=-6.000000, optimistic_rem(widened)=0.000000 -> cannot exceed 0.
[1734.155s] PRUNE: margin=-6.000000, optimistic_rem(widened)=0.000000 -> cannot exceed 0.
[1742.096s] PRUNE: margin=-6.000000, optimistic_rem(widened)=0.000000 -> cannot exceed 0.
[1753.956s] PRUNE: margin=-6.000000, optimistic_rem(widened)=2.875000 -> cannot exceed 0.
[1761.845s] PRUNE: margin=-6.000000, optimistic_rem(widened)=2.875000 -> cannot exceed 0.
[1769.282s] PRUNE: margin=-6.000000, optimistic_rem(widened)=2.875000 -> cannot exceed 0.
[1776.951s] PRUNE: margin=-6.000000, optimistic_rem(widened)=3.000000 -> cannot exceed 0.
[1784.834s] PRUNE: margin=-6.000000, optimistic_rem(widened)=3.000000 -> cannot exceed 0.
[1792.721s] PRUNE: margin=-6.000000, optimistic_rem(widened)=3.000000 -> cannot exceed 0.
[1798.510s] PRUNE: margin=-6.000000, optimistic_rem(widened)=3.250000 -> cannot exceed 0.
[1817.407s] PRUNE: margin=-6.000000, optimistic_rem(widened)=3.250000 -> cannot exceed 0.
[1825.305s] PRUNE: margin=-6.000000, optimistic_rem(widened)=3.250000 -> cannot exceed 0.
[1833.195s] PRUNE: margin=-6.000000, optimistic_rem(widened)=0.000000 -> cannot exceed 0.
[1841.088s] PRUNE: margin=-6.000000, optimistic_rem(widened)=0.000000 -> cannot exceed 0.
[1848.192s] PRUNE: margin=-6.000000, optimistic_rem(widened)=0.000000 -> cannot exceed 0.
[1853.457s] PRUNE: margin=-6.000000, optimistic_rem(widened)=0.000000 -> cannot exceed 0.
[1860.183s] PRUNE: margin=-6.000000, optimistic_rem(widened)=0.000000 -> cannot exceed 0.
[1867.145s] PRUNE: margin=-6.000000, optimistic_rem(widened)=0.000000 -> cannot exceed 0.
[1875.155s] PRUNE: margin=-6.000000, optimistic_rem(widened)=0.000000 -> cannot exceed 0.
[1890.939s] PRUNE: margin=-4.125000, optimistic_rem(widened)=0.500000 -> cannot exceed 0.
[1898.727s] PRUNE: margin=-6.000000, optimistic_rem(widened)=0.000000 -> cannot exceed 0.
[1906.665s] PRUNE: margin=-6.000000, optimistic_rem(widened)=0.000000 -> cannot exceed 0.
[1913.592s] PRUNE: margin=-6.000000, optimistic_rem(widened)=0.000000 -> cannot exceed 0.
[1921.152s] PRUNE: margin=-6.000000, optimistic_rem(widened)=0.000000 -> cannot exceed 0.
[1927.800s] PRUNE: margin=-6.000000, optimistic_rem(widened)=0.000000 -> cannot exceed 0.
[1933.813s] PRUNE: margin=-6.000000, optimistic_rem(widened)=0.000000 -> cannot exceed 0.
[1940.225s] PRUNE: margin=-6.000000, optimistic_rem(widened)=0.000000 -> cannot exceed 0.
[1952.611s] PRUNE: margin=-4.125000, optimistic_rem(widened)=0.000000 -> cannot exceed 0.
[1957.642s] PRUNE: margin=-5.875000, optimistic_rem(widened)=0.000000 -> cannot exceed 0.
[1963.297s] PRUNE: margin=-6.000000, optimistic_rem(widened)=0.000000 -> cannot exceed 0.
[1968.447s] PRUNE: margin=-6.000000, optimistic_rem(widened)=0.000000 -> cannot exceed 0.
[1973.787s] PRUNE: margin=-6.000000, optimistic_rem(widened)=0.000000 -> cannot exceed 0.
[1979.252s] PRUNE: margin=-6.000000, optimistic_rem(widened)=0.000000 -> cannot exceed 0.
[1984.458s] PRUNE: margin=-6.000000, optimistic_rem(widened)=0.000000 -> cannot exceed 0.
[1995.338s] PRUNE: margin=-6.000000, optimistic_rem(widened)=2.875000 -> cannot exceed 0.
[2003.224s] PRUNE: margin=-6.000000, optimistic_rem(widened)=2.875000 -> cannot exceed 0.
[2011.107s] PRUNE: margin=-6.000000, optimistic_rem(widened)=2.875000 -> cannot exceed 0.
[2019.013s] PRUNE: margin=-6.000000, optimistic_rem(widened)=3.000000 -> cannot exceed 0.
[2025.207s] PRUNE: margin=-6.000000, optimistic_rem(widened)=3.000000 -> cannot exceed 0.
[2033.087s] PRUNE: margin=-6.000000, optimistic_rem(widened)=3.000000 -> cannot exceed 0.
[2040.968s] PRUNE: margin=-6.000000, optimistic_rem(widened)=3.250000 -> cannot exceed 0.
[2060.795s] PRUNE: margin=-4.125000, optimistic_rem(widened)=0.500000 -> cannot exceed 0.
[2068.742s] PRUNE: margin=-6.000000, optimistic_rem(widened)=0.000000 -> cannot exceed 0.
[2075.752s] PRUNE: margin=-6.000000, optimistic_rem(widened)=0.000000 -> cannot exceed 0.
[2083.469s] PRUNE: margin=-6.000000, optimistic_rem(widened)=0.000000 -> cannot exceed 0.
[2091.366s] PRUNE: margin=-6.000000, optimistic_rem(widened)=0.000000 -> cannot exceed 0.
[2099.257s] PRUNE: margin=-6.000000, optimistic_rem(widened)=0.000000 -> cannot exceed 0.
[2107.153s] PRUNE: margin=-6.000000, optimistic_rem(widened)=0.000000 -> cannot exceed 0.
[2115.050s] PRUNE: margin=-6.000000, optimistic_rem(widened)=0.000000 -> cannot exceed 0.
[2129.623s] PRUNE: margin=-4.125000, optimistic_rem(widened)=0.000000 -> cannot exceed 0.
[2137.135s] PRUNE: margin=-6.000000, optimistic_rem(widened)=0.000000 -> cannot exceed 0.
[2143.898s] PRUNE: margin=-6.000000, optimistic_rem(widened)=0.000000 -> cannot exceed 0.
[2151.802s] PRUNE: margin=-6.000000, optimistic_rem(widened)=0.000000 -> cannot exceed 0.
[2159.705s] PRUNE: margin=-6.000000, optimistic_rem(widened)=0.000000 -> cannot exceed 0.
[2165.610s] PRUNE: margin=-6.000000, optimistic_rem(widened)=0.000000 -> cannot exceed 0.
[2172.857s] PRUNE: margin=-6.000000, optimistic_rem(widened)=0.000000 -> cannot exceed 0.
[2180.826s] PRUNE: margin=-6.000000, optimistic_rem(widened)=2.875000 -> cannot exceed 0.
[2188.686s] PRUNE: margin=-6.000000, optimistic_rem(widened)=2.875000 -> cannot exceed 0.
[2194.355s] PRUNE: margin=-6.000000, optimistic_rem(widened)=2.875000 -> cannot exceed 0.
[2199.368s] PRUNE: margin=-6.000000, optimistic_rem(widened)=3.000000 -> cannot exceed 0.
[2204.371s] PRUNE: margin=-6.000000, optimistic_rem(widened)=3.000000 -> cannot exceed 0.
[2209.692s] PRUNE: margin=-6.000000, optimistic_rem(widened)=3.000000 -> cannot exceed 0.
[2215.146s] PRUNE: margin=-6.000000, optimistic_rem(widened)=3.250000 -> cannot exceed 0.
[2228.054s] PRUNE: margin=-4.125000, optimistic_rem(widened)=1.000000 -> cannot exceed 0.
[2235.626s] PRUNE: margin=-6.000000, optimistic_rem(widened)=3.000000 -> cannot exceed 0.
[2243.158s] PRUNE: margin=-6.000000, optimistic_rem(widened)=3.000000 -> cannot exceed 0.
[2250.020s] PRUNE: margin=-6.000000, optimistic_rem(widened)=3.000000 -> cannot exceed 0.
[2255.527s] PRUNE: margin=-6.000000, optimistic_rem(widened)=3.000000 -> cannot exceed 0.
[2263.445s] PRUNE: margin=-6.000000, optimistic_rem(widened)=3.000000 -> cannot exceed 0.
[2271.358s] PRUNE: margin=-6.000000, optimistic_rem(widened)=3.000000 -> cannot exceed 0.
[2278.916s] PRUNE: margin=-6.000000, optimistic_rem(widened)=3.125000 -> cannot exceed 0.
[2290.757s] PRUNE: margin=-4.125000, optimistic_rem(widened)=0.500000 -> cannot exceed 0.
[2297.887s] PRUNE: margin=-5.875000, optimistic_rem(widened)=3.125000 -> cannot exceed 0.
[2305.799s] PRUNE: margin=-6.000000, optimistic_rem(widened)=3.125000 -> cannot exceed 0.
[2313.709s] PRUNE: margin=-6.000000, optimistic_rem(widened)=3.125000 -> cannot exceed 0.
[2321.618s] PRUNE: margin=-6.000000, optimistic_rem(widened)=3.125000 -> cannot exceed 0.
[2329.526s] PRUNE: margin=-6.000000, optimistic_rem(widened)=3.125000 -> cannot exceed 0.
[2337.435s] PRUNE: margin=-6.000000, optimistic_rem(widened)=3.125000 -> cannot exceed 0.
[2349.273s] PRUNE: margin=-6.000000, optimistic_rem(widened)=5.750000 -> cannot exceed 0.
[2357.159s] PRUNE: margin=-6.000000, optimistic_rem(widened)=5.750000 -> cannot exceed 0.
[2365.049s] PRUNE: margin=-6.000000, optimistic_rem(widened)=5.750000 -> cannot exceed 0.
[2372.939s] PRUNE: margin=-6.000000, optimistic_rem(widened)=3.000000 -> cannot exceed 0.
[2380.825s] PRUNE: margin=-6.000000, optimistic_rem(widened)=5.000000 -> cannot exceed 0.
[2388.716s] PRUNE: margin=-6.000000, optimistic_rem(widened)=6.000000 -> cannot exceed 0.
[2396.157s] PRUNE: margin=-6.000000, optimistic_rem(widened)=6.000000 -> cannot exceed 0.
[2415.255s] PRUNE: margin=-6.000000, optimistic_rem(widened)=3.250000 -> cannot exceed 0.
[2420.664s] PRUNE: margin=-6.000000, optimistic_rem(widened)=3.375000 -> cannot exceed 0.
[2426.519s] PRUNE: margin=-6.000000, optimistic_rem(widened)=0.000000 -> cannot exceed 0.
[2433.018s] PRUNE: margin=-6.000000, optimistic_rem(widened)=0.000000 -> cannot exceed 0.
[2440.898s] PRUNE: margin=-6.000000, optimistic_rem(widened)=0.000000 -> cannot exceed 0.
[2448.783s] PRUNE: margin=-6.000000, optimistic_rem(widened)=0.000000 -> cannot exceed 0.
[2456.169s] PRUNE: margin=-6.000000, optimistic_rem(widened)=0.000000 -> cannot exceed 0.
[2464.074s] PRUNE: margin=-6.000000, optimistic_rem(widened)=0.000000 -> cannot exceed 0.
[2471.985s] PRUNE: margin=-6.000000, optimistic_rem(widened)=0.000000 -> cannot exceed 0.
[2487.807s] PRUNE: margin=-4.125000, optimistic_rem(widened)=0.500000 -> cannot exceed 0.
[2495.712s] PRUNE: margin=-6.000000, optimistic_rem(widened)=0.000000 -> cannot exceed 0.
[2503.618s] PRUNE: margin=-6.000000, optimistic_rem(widened)=0.000000 -> cannot exceed 0.
[2511.524s] PRUNE: margin=-6.000000, optimistic_rem(widened)=0.000000 -> cannot exceed 0.
[2519.430s] PRUNE: margin=-6.000000, optimistic_rem(widened)=0.000000 -> cannot exceed 0.
[2527.222s] PRUNE: margin=-6.000000, optimistic_rem(widened)=0.000000 -> cannot exceed 0.
[2535.129s] PRUNE: margin=-6.000000, optimistic_rem(widened)=0.000000 -> cannot exceed 0.
[2543.041s] PRUNE: margin=-6.000000, optimistic_rem(widened)=0.000000 -> cannot exceed 0.
[2558.459s] PRUNE: margin=-6.000000, optimistic_rem(widened)=0.000000 -> cannot exceed 0.
[2566.374s] PRUNE: margin=-6.000000, optimistic_rem(widened)=0.000000 -> cannot exceed 0.
[2574.291s] PRUNE: margin=-6.000000, optimistic_rem(widened)=0.000000 -> cannot exceed 0.
[2581.560s] PRUNE: margin=-6.000000, optimistic_rem(widened)=0.000000 -> cannot exceed 0.
[2589.385s] PRUNE: margin=-6.000000, optimistic_rem(widened)=0.000000 -> cannot exceed 0.
[2597.287s] PRUNE: margin=-6.000000, optimistic_rem(widened)=0.000000 -> cannot exceed 0.
[2605.190s] PRUNE: margin=-6.000000, optimistic_rem(widened)=0.000000 -> cannot exceed 0.
[2617.040s] PRUNE: margin=-6.000000, optimistic_rem(widened)=2.875000 -> cannot exceed 0.
[2624.940s] PRUNE: margin=-6.000000, optimistic_rem(widened)=2.875000 -> cannot exceed 0.
[2632.837s] PRUNE: margin=-6.000000, optimistic_rem(widened)=2.875000 -> cannot exceed 0.
[2640.733s] PRUNE: margin=-6.000000, optimistic_rem(widened)=2.875000 -> cannot exceed 0.
[2648.625s] PRUNE: margin=-6.000000, optimistic_rem(widened)=2.875000 -> cannot exceed 0.
[2656.520s] PRUNE: margin=-6.000000, optimistic_rem(widened)=3.000000 -> cannot exceed 0.
[2664.415s] PRUNE: margin=-6.000000, optimistic_rem(widened)=3.125000 -> cannot exceed 0.
[2680.209s] PRUNE: margin=-6.000000, optimistic_rem(widened)=2.875000 -> cannot exceed 0.
[2688.105s] PRUNE: margin=-6.000000, optimistic_rem(widened)=2.875000 -> cannot exceed 0.
[2695.127s] PRUNE: margin=-6.000000, optimistic_rem(widened)=2.875000 -> cannot exceed 0.
[2706.217s] PRUNE: margin=-6.000000, optimistic_rem(widened)=3.250000 -> cannot exceed 0.
[2712.017s] PRUNE: margin=-6.000000, optimistic_rem(widened)=0.000000 -> cannot exceed 0.
[2717.404s] PRUNE: margin=-6.000000, optimistic_rem(widened)=0.000000 -> cannot exceed 0.
[2722.634s] PRUNE: margin=-6.000000, optimistic_rem(widened)=0.000000 -> cannot exceed 0.
[2727.991s] PRUNE: margin=-6.000000, optimistic_rem(widened)=0.000000 -> cannot exceed 0.
[2741.158s] PRUNE: margin=-6.000000, optimistic_rem(widened)=0.000000 -> cannot exceed 0.
[2748.249s] PRUNE: margin=-6.000000, optimistic_rem(widened)=0.000000 -> cannot exceed 0.
[2756.258s] PRUNE: margin=-6.000000, optimistic_rem(widened)=0.000000 -> cannot exceed 0.
[2764.176s] PRUNE: margin=-6.000000, optimistic_rem(widened)=0.000000 -> cannot exceed 0.
[2775.972s] PRUNE: margin=-6.000000, optimistic_rem(widened)=2.875000 -> cannot exceed 0.
[2782.141s] PRUNE: margin=-6.000000, optimistic_rem(widened)=2.875000 -> cannot exceed 0.
[2788.181s] PRUNE: margin=-6.000000, optimistic_rem(widened)=3.000000 -> cannot exceed 0.
[2796.311s] PRUNE: margin=-6.000000, optimistic_rem(widened)=3.125000 -> cannot exceed 0.
[2815.470s] PRUNE: margin=-4.125000, optimistic_rem(widened)=0.000000 -> cannot exceed 0.
[2823.619s] PRUNE: margin=-4.125000, optimistic_rem(widened)=0.000000 -> cannot exceed 0.
[2831.753s] PRUNE: margin=-6.000000, optimistic_rem(widened)=0.000000 -> cannot exceed 0.
[2839.923s] PRUNE: margin=-6.000000, optimistic_rem(widened)=0.000000 -> cannot exceed 0.
[2847.457s] PRUNE: margin=-6.000000, optimistic_rem(widened)=0.000000 -> cannot exceed 0.
[2855.316s] PRUNE: margin=-6.000000, optimistic_rem(widened)=0.000000 -> cannot exceed 0.
[2863.482s] PRUNE: margin=-6.000000, optimistic_rem(widened)=0.000000 -> cannot exceed 0.
[2875.687s] PRUNE: margin=-6.000000, optimistic_rem(widened)=2.875000 -> cannot exceed 0.
[2883.800s] PRUNE: margin=-6.000000, optimistic_rem(widened)=2.875000 -> cannot exceed 0.
[2891.770s] PRUNE: margin=-6.000000, optimistic_rem(widened)=2.875000 -> cannot exceed 0.
[2897.575s] PRUNE: margin=-6.000000, optimistic_rem(widened)=3.000000 -> cannot exceed 0.
[2903.516s] PRUNE: margin=-6.000000, optimistic_rem(widened)=3.000000 -> cannot exceed 0.
[2908.317s] PRUNE: margin=-6.000000, optimistic_rem(widened)=3.000000 -> cannot exceed 0.
[2913.118s] PRUNE: margin=-6.000000, optimistic_rem(widened)=3.125000 -> cannot exceed 0.
[2927.830s] PRUNE: margin=-6.000000, optimistic_rem(widened)=3.000000 -> cannot exceed 0.
[2935.713s] PRUNE: margin=-6.000000, optimistic_rem(widened)=3.000000 -> cannot exceed 0.
[2943.601s] PRUNE: margin=-6.000000, optimistic_rem(widened)=3.125000 -> cannot exceed 0.
[2949.993s] PRUNE: margin=-6.000000, optimistic_rem(widened)=3.000000 -> cannot exceed 0.
[2956.910s] PRUNE: margin=-6.000000, optimistic_rem(widened)=3.000000 -> cannot exceed 0.
[2964.510s] PRUNE: margin=-6.000000, optimistic_rem(widened)=3.125000 -> cannot exceed 0.
[2970.472s] PRUNE: margin=-6.000000, optimistic_rem(widened)=3.125000 -> cannot exceed 0.
[2977.818s] PRUNE: margin=-6.000000, optimistic_rem(widened)=5.750000 -> cannot exceed 0.
[2982.919s] PRUNE: margin=-6.000000, optimistic_rem(widened)=5.750000 -> cannot exceed 0.
[2989.513s] PRUNE: margin=-6.000000, optimistic_rem(widened)=5.750000 -> cannot exceed 0.
[2997.303s] PRUNE: margin=-6.000000, optimistic_rem(widened)=5.750000 -> cannot exceed 0.
[3005.180s] PRUNE: margin=-6.000000, optimistic_rem(widened)=4.875000 -> cannot exceed 0.
[3013.054s] PRUNE: margin=-6.000000, optimistic_rem(widened)=6.000000 -> cannot exceed 0.
[3020.933s] PRUNE: margin=-6.000000, optimistic_rem(widened)=6.000000 -> cannot exceed 0.
[3044.501s] PRUNE: margin=-4.125000, optimistic_rem(widened)=0.500000 -> cannot exceed 0.
[3051.805s] PRUNE: margin=-6.000000, optimistic_rem(widened)=0.000000 -> cannot exceed 0.
[3059.676s] PRUNE: margin=-6.000000, optimistic_rem(widened)=0.000000 -> cannot exceed 0.
[3067.565s] PRUNE: margin=-6.000000, optimistic_rem(widened)=0.000000 -> cannot exceed 0.
[3075.452s] PRUNE: margin=-6.000000, optimistic_rem(widened)=0.000000 -> cannot exceed 0.
[3083.454s] PRUNE: margin=-6.000000, optimistic_rem(widened)=0.000000 -> cannot exceed 0.
[3091.424s] PRUNE: margin=-6.000000, optimistic_rem(widened)=0.000000 -> cannot exceed 0.
[3099.338s] PRUNE: margin=-6.000000, optimistic_rem(widened)=0.000000 -> cannot exceed 0.
[3115.164s] PRUNE: margin=-6.000000, optimistic_rem(widened)=0.000000 -> cannot exceed 0.
[3123.085s] PRUNE: margin=-6.000000, optimistic_rem(widened)=0.000000 -> cannot exceed 0.
[3131.008s] PRUNE: margin=-6.000000, optimistic_rem(widened)=0.000000 -> cannot exceed 0.
[3138.925s] PRUNE: margin=-6.000000, optimistic_rem(widened)=0.000000 -> cannot exceed 0.
[3146.850s] PRUNE: margin=-6.000000, optimistic_rem(widened)=0.000000 -> cannot exceed 0.
[3154.783s] PRUNE: margin=-6.000000, optimistic_rem(widened)=0.000000 -> cannot exceed 0.
[3162.716s] PRUNE: margin=-6.000000, optimistic_rem(widened)=0.000000 -> cannot exceed 0.
[3174.580s] PRUNE: margin=-6.000000, optimistic_rem(widened)=2.875000 -> cannot exceed 0.
[3182.497s] PRUNE: margin=-6.000000, optimistic_rem(widened)=2.875000 -> cannot exceed 0.
[3190.409s] PRUNE: margin=-6.000000, optimistic_rem(widened)=2.875000 -> cannot exceed 0.
[3198.305s] PRUNE: margin=-6.000000, optimistic_rem(widened)=2.875000 -> cannot exceed 0.
[3206.232s] PRUNE: margin=-6.000000, optimistic_rem(widened)=2.875000 -> cannot exceed 0.
[3214.279s] PRUNE: margin=-6.000000, optimistic_rem(widened)=3.000000 -> cannot exceed 0.
[3222.316s] PRUNE: margin=-6.000000, optimistic_rem(widened)=3.125000 -> cannot exceed 0.
[3242.043s] PRUNE: margin=-4.125000, optimistic_rem(widened)=0.000000 -> cannot exceed 0.
[3249.945s] PRUNE: margin=-4.125000, optimistic_rem(widened)=0.000000 -> cannot exceed 0.
[3257.844s] PRUNE: margin=-6.000000, optimistic_rem(widened)=0.000000 -> cannot exceed 0.
[3265.747s] PRUNE: margin=-6.000000, optimistic_rem(widened)=0.000000 -> cannot exceed 0.
[3273.654s] PRUNE: margin=-6.000000, optimistic_rem(widened)=0.000000 -> cannot exceed 0.
[3281.569s] PRUNE: margin=-6.000000, optimistic_rem(widened)=0.000000 -> cannot exceed 0.
[3289.489s] PRUNE: margin=-6.000000, optimistic_rem(widened)=0.000000 -> cannot exceed 0.
[3301.349s] PRUNE: margin=-6.000000, optimistic_rem(widened)=2.875000 -> cannot exceed 0.
[3309.250s] PRUNE: margin=-6.000000, optimistic_rem(widened)=2.875000 -> cannot exceed 0.
[3317.147s] PRUNE: margin=-6.000000, optimistic_rem(widened)=2.875000 -> cannot exceed 0.
[3325.048s] PRUNE: margin=-6.000000, optimistic_rem(widened)=3.000000 -> cannot exceed 0.
[3332.950s] PRUNE: margin=-6.000000, optimistic_rem(widened)=3.000000 -> cannot exceed 0.
[3340.855s] PRUNE: margin=-6.000000, optimistic_rem(widened)=3.000000 -> cannot exceed 0.
[3348.759s] PRUNE: margin=-6.000000, optimistic_rem(widened)=3.125000 -> cannot exceed 0.
[3364.487s] PRUNE: margin=-6.000000, optimistic_rem(widened)=3.000000 -> cannot exceed 0.
[3372.375s] PRUNE: margin=-6.000000, optimistic_rem(widened)=3.000000 -> cannot exceed 0.
[3379.194s] PRUNE: margin=-6.000000, optimistic_rem(widened)=3.125000 -> cannot exceed 0.
[3387.339s] PRUNE: margin=-6.000000, optimistic_rem(widened)=3.000000 -> cannot exceed 0.
[3395.251s] PRUNE: margin=-6.000000, optimistic_rem(widened)=3.000000 -> cannot exceed 0.
[3403.164s] PRUNE: margin=-6.000000, optimistic_rem(widened)=3.125000 -> cannot exceed 0.
[3411.087s] PRUNE: margin=-6.000000, optimistic_rem(widened)=3.125000 -> cannot exceed 0.
[3422.836s] PRUNE: margin=-6.000000, optimistic_rem(widened)=5.750000 -> cannot exceed 0.
[3430.357s] PRUNE: margin=-6.000000, optimistic_rem(widened)=5.750000 -> cannot exceed 0.
[3438.239s] PRUNE: margin=-6.000000, optimistic_rem(widened)=5.750000 -> cannot exceed 0.
[3446.127s] PRUNE: margin=-6.000000, optimistic_rem(widened)=5.750000 -> cannot exceed 0.
[3454.050s] PRUNE: margin=-6.000000, optimistic_rem(widened)=4.875000 -> cannot exceed 0.
[3461.929s] PRUNE: margin=-6.000000, optimistic_rem(widened)=6.000000 -> cannot exceed 0.
[3469.844s] PRUNE: margin=-6.000000, optimistic_rem(widened)=6.000000 -> cannot exceed 0.
[3485.743s] PRUNE: margin=-6.000000, optimistic_rem(widened)=5.750000 -> cannot exceed 0.
[3493.242s] PRUNE: margin=-6.000000, optimistic_rem(widened)=5.750000 -> cannot exceed 0.
[3499.128s] PRUNE: margin=-6.000000, optimistic_rem(widened)=5.750000 -> cannot exceed 0.
[3514.956s] PRUNE: margin=-4.125000, optimistic_rem(widened)=0.000000 -> cannot exceed 0.
[3522.879s] PRUNE: margin=-4.125000, optimistic_rem(widened)=0.000000 -> cannot exceed 0.
[3530.794s] PRUNE: margin=-6.000000, optimistic_rem(widened)=0.000000 -> cannot exceed 0.
[3538.637s] PRUNE: margin=-6.000000, optimistic_rem(widened)=0.000000 -> cannot exceed 0.
[3550.351s] PRUNE: margin=-6.000000, optimistic_rem(widened)=3.000000 -> cannot exceed 0.
[3558.245s] PRUNE: margin=-6.000000, optimistic_rem(widened)=3.000000 -> cannot exceed 0.
[3566.190s] PRUNE: margin=-6.000000, optimistic_rem(widened)=3.000000 -> cannot exceed 0.
[3574.176s] PRUNE: margin=-6.000000, optimistic_rem(widened)=3.125000 -> cannot exceed 0.
[3589.955s] PRUNE: margin=-6.000000, optimistic_rem(widened)=3.000000 -> cannot exceed 0.
[3597.851s] PRUNE: margin=-6.000000, optimistic_rem(widened)=3.000000 -> cannot exceed 0.
[3605.748s] PRUNE: margin=-6.000000, optimistic_rem(widened)=3.125000 -> cannot exceed 0.
[3613.646s] PRUNE: margin=-6.000000, optimistic_rem(widened)=3.125000 -> cannot exceed 0.
[3625.476s] PRUNE: margin=-6.000000, optimistic_rem(widened)=5.750000 -> cannot exceed 0.
[3632.205s] PRUNE: margin=-6.000000, optimistic_rem(widened)=4.875000 -> cannot exceed 0.
[3639.506s] PRUNE: margin=-6.000000, optimistic_rem(widened)=6.000000 -> cannot exceed 0.
[3647.406s] PRUNE: margin=-6.000000, optimistic_rem(widened)=6.000000 -> cannot exceed 0.
[3667.163s] PRUNE: margin=-4.125000, optimistic_rem(widened)=0.500000 -> cannot exceed 0.
[3675.083s] PRUNE: margin=-4.125000, optimistic_rem(widened)=0.375000 -> cannot exceed 0.
[3682.996s] PRUNE: margin=-6.000000, optimistic_rem(widened)=3.375000 -> cannot exceed 0.
[3690.923s] PRUNE: margin=-6.000000, optimistic_rem(widened)=3.375000 -> cannot exceed 0.
[3698.842s] PRUNE: margin=-6.000000, optimistic_rem(widened)=3.375000 -> cannot exceed 0.
[3703.780s] PRUNE: margin=-6.000000, optimistic_rem(widened)=3.250000 -> cannot exceed 0.
[3711.077s] PRUNE: margin=-6.000000, optimistic_rem(widened)=3.250000 -> cannot exceed 0.
[3722.333s] PRUNE: margin=-6.000000, optimistic_rem(widened)=5.750000 -> cannot exceed 0.
[3730.225s] PRUNE: margin=-6.000000, optimistic_rem(widened)=5.750000 -> cannot exceed 0.
[3738.126s] PRUNE: margin=-6.000000, optimistic_rem(widened)=5.750000 -> cannot exceed 0.
[3746.026s] PRUNE: margin=-6.000000, optimistic_rem(widened)=3.000000 -> cannot exceed 0.
[3753.966s] PRUNE: margin=-6.000000, optimistic_rem(widened)=3.000000 -> cannot exceed 0.
[3761.898s] PRUNE: margin=-6.000000, optimistic_rem(widened)=5.875000 -> cannot exceed 0.
[3785.301s] PRUNE: margin=-6.000000, optimistic_rem(widened)=5.875000 -> cannot exceed 0.
[3793.252s] PRUNE: margin=-6.000000, optimistic_rem(widened)=5.875000 -> cannot exceed 0.
[3801.184s] PRUNE: margin=-6.000000, optimistic_rem(widened)=5.875000 -> cannot exceed 0.
[3806.850s] PRUNE: margin=-6.000000, optimistic_rem(widened)=6.000000 -> cannot exceed 0.
[3812.953s] PRUNE: margin=-6.000000, optimistic_rem(widened)=5.875000 -> cannot exceed 0.
[3820.868s] PRUNE: margin=-6.000000, optimistic_rem(widened)=3.375000 -> cannot exceed 0.
[3850.404s] PRUNE: margin=-6.000000, optimistic_rem(widened)=3.500000 -> cannot exceed 0.
[3858.163s] PRUNE: margin=-6.000000, optimistic_rem(widened)=3.375000 -> cannot exceed 0.
[3865.628s] PRUNE: margin=-6.000000, optimistic_rem(widened)=3.625000 -> cannot exceed 0.
[3873.494s] PRUNE: margin=-6.000000, optimistic_rem(widened)=3.625000 -> cannot exceed 0.
[3884.870s] PRUNE: margin=-6.000000, optimistic_rem(widened)=3.500000 -> cannot exceed 0.
[3892.792s] PRUNE: margin=-6.000000, optimistic_rem(widened)=3.625000 -> cannot exceed 0.
[3900.709s] PRUNE: margin=-6.000000, optimistic_rem(widened)=3.625000 -> cannot exceed 0.
[3910.530s] PRUNE: margin=-6.000000, optimistic_rem(widened)=5.375000 -> cannot exceed 0.
[3922.360s] PRUNE: margin=-6.000000, optimistic_rem(widened)=3.625000 -> cannot exceed 0.
[3953.314s] PRUNE: margin=-6.000000, optimistic_rem(widened)=3.500000 -> cannot exceed 0.
[3957.966s] PRUNE: margin=-6.000000, optimistic_rem(widened)=3.625000 -> cannot exceed 0.
[3965.080s] PRUNE: margin=-6.000000, optimistic_rem(widened)=3.625000 -> cannot exceed 0.
[3975.819s] PRUNE: margin=-6.000000, optimistic_rem(widened)=3.375000 -> cannot exceed 0.
[3987.654s] PRUNE: margin=-6.000000, optimistic_rem(widened)=3.625000 -> cannot exceed 0.
[4009.580s] PRUNE: margin=-6.000000, optimistic_rem(widened)=3.500000 -> cannot exceed 0.
[4018.713s] PRUNE: margin=-6.000000, optimistic_rem(widened)=3.625000 -> cannot exceed 0.
[4042.356s] PRUNE: margin=-6.000000, optimistic_rem(widened)=5.375000 -> cannot exceed 0.
[4089.621s] PRUNE: margin=-6.000000, optimistic_rem(widened)=3.500000 -> cannot exceed 0.
[4096.449s] PRUNE: margin=-6.000000, optimistic_rem(widened)=3.625000 -> cannot exceed 0.
[4104.335s] PRUNE: margin=-6.000000, optimistic_rem(widened)=3.625000 -> cannot exceed 0.
[4114.147s] PRUNE: margin=-6.000000, optimistic_rem(widened)=3.375000 -> cannot exceed 0.
[4125.766s] PRUNE: margin=-6.000000, optimistic_rem(widened)=3.625000 -> cannot exceed 0.
[4152.686s] PRUNE: margin=-6.000000, optimistic_rem(widened)=3.500000 -> cannot exceed 0.
[4164.638s] PRUNE: margin=-6.000000, optimistic_rem(widened)=3.625000 -> cannot exceed 0.
[4187.419s] PRUNE: margin=-6.000000, optimistic_rem(widened)=5.375000 -> cannot exceed 0.
[4224.011s] PRUNE: margin=-6.000000, optimistic_rem(widened)=5.500000 -> cannot exceed 0.
[4235.838s] PRUNE: margin=-6.000000, optimistic_rem(widened)=3.625000 -> cannot exceed 0.
[4259.873s] PRUNE: margin=-6.000000, optimistic_rem(widened)=5.375000 -> cannot exceed 0.
[4298.765s] PRUNE: margin=-6.000000, optimistic_rem(widened)=3.500000 -> cannot exceed 0.
[4333.916s] PRUNE: margin=-6.000000, optimistic_rem(widened)=5.375000 -> cannot exceed 0.
[4361.363s] No counterexample within budgets (BaB): no misclassification found.
STATUS: No counterexample | best_upper_margin=4.250000 | elapsed=4361.363s | pixels_changed=0 | total_bit_flips=0 | avg_hamming_per_pixel=0.000000 | patch_rows=11-11 | patch_cols=16-17 | note=no_counterexample_within_budgets
