[  0.000s] init: idx=6684 kmax=2 bmax=4 topx=2 widen=1.000 rank_fast=off
clean logits (hex):  0x87  0x89  0x9a  0xc2  0x87  0x92  0x86  0x73  0x8d  0x38
clean logits (bits): 10000111 10001001 10011010 11000010 10000111 10010010 10000110 01110011 10001101 00111000
clean logits (double): -10.000000 -7.500000 -2.750000 -0.968750 -10.000000 -3.750000 -12.000000 +5.500000 -5.500000 +0.875000
[  0.009s] clean prediction: 7 (true label 7)
[  0.297s] heuristic ROI: 2x2 block at rows 13-14, cols 12-13
[  0.491s] selection: nSym=2 (from 4), topx=2, rank_fast=off
[  0.491s] active patch: rows 13-14, cols 12-13 (derived from symPix)
[  1.037s] Proceeding to BaB (greedy enabled).
[  1.037s] Skipping root bound check (--no-root-bound).
[  1.037s] BaB search starting (K≤2, B≤4, nSym=2, depth_limit=500000000, widen=1.00)...
[  1.524s] PRUNE: margin=-3.187500, optimistic_rem(widened)=2.500000 → cannot exceed 0.
[  1.720s] PRUNE: margin=-3.187500, optimistic_rem(widened)=0.000000 → cannot exceed 0.
[  1.915s] PRUNE: margin=-3.125000, optimistic_rem(widened)=0.000000 → cannot exceed 0.
[  2.110s] PRUNE: margin=-3.125000, optimistic_rem(widened)=2.500000 → cannot exceed 0.
[  2.322s] PRUNE: margin=-3.125000, optimistic_rem(widened)=2.500000 → cannot exceed 0.
[  2.523s] PRUNE: margin=-3.125000, optimistic_rem(widened)=2.500000 → cannot exceed 0.
[  2.723s] PRUNE: margin=-3.125000, optimistic_rem(widened)=2.500000 → cannot exceed 0.
[  2.924s] PRUNE: margin=-3.125000, optimistic_rem(widened)=0.000000 → cannot exceed 0.
[  3.126s] PRUNE: margin=-3.125000, optimistic_rem(widened)=0.000000 → cannot exceed 0.
[  3.327s] PRUNE: margin=-3.125000, optimistic_rem(widened)=0.000000 → cannot exceed 0.
[  3.526s] PRUNE: margin=-3.125000, optimistic_rem(widened)=0.000000 → cannot exceed 0.
[  3.728s] PRUNE: margin=-3.125000, optimistic_rem(widened)=0.000000 → cannot exceed 0.
[  3.928s] PRUNE: margin=-3.125000, optimistic_rem(widened)=0.000000 → cannot exceed 0.
[  4.330s] PRUNE: margin=-3.187500, optimistic_rem(widened)=0.000000 → cannot exceed 0.
[  4.531s] PRUNE: margin=-3.187500, optimistic_rem(widened)=0.000000 → cannot exceed 0.
[  4.732s] PRUNE: margin=-3.125000, optimistic_rem(widened)=0.000000 → cannot exceed 0.
[  4.932s] PRUNE: margin=-3.250000, optimistic_rem(widened)=0.750000 → cannot exceed 0.
[  5.132s] PRUNE: margin=-3.125000, optimistic_rem(widened)=2.500000 → cannot exceed 0.
[  5.331s] PRUNE: margin=-3.125000, optimistic_rem(widened)=2.500000 → cannot exceed 0.
[  5.530s] PRUNE: margin=-3.125000, optimistic_rem(widened)=2.500000 → cannot exceed 0.
[  5.724s] PRUNE: margin=-3.125000, optimistic_rem(widened)=0.000000 → cannot exceed 0.
[  5.919s] PRUNE: margin=-3.125000, optimistic_rem(widened)=0.000000 → cannot exceed 0.
[  6.113s] PRUNE: margin=-3.125000, optimistic_rem(widened)=0.000000 → cannot exceed 0.
[  6.307s] PRUNE: margin=-3.125000, optimistic_rem(widened)=0.000000 → cannot exceed 0.
[  6.501s] PRUNE: margin=-3.125000, optimistic_rem(widened)=0.000000 → cannot exceed 0.
[  6.889s] PRUNE: margin=-2.750000, optimistic_rem(widened)=0.000000 → cannot exceed 0.
[  7.083s] PRUNE: margin=-3.187500, optimistic_rem(widened)=2.500000 → cannot exceed 0.
[  7.277s] PRUNE: margin=-3.187500, optimistic_rem(widened)=2.500000 → cannot exceed 0.
[  7.471s] PRUNE: margin=-3.187500, optimistic_rem(widened)=2.500000 → cannot exceed 0.
[  7.666s] PRUNE: margin=-3.187500, optimistic_rem(widened)=0.000000 → cannot exceed 0.
[  7.861s] PRUNE: margin=-3.187500, optimistic_rem(widened)=0.000000 → cannot exceed 0.
[  8.064s] PRUNE: margin=-3.187500, optimistic_rem(widened)=0.000000 → cannot exceed 0.
[  8.266s] PRUNE: margin=-3.187500, optimistic_rem(widened)=0.000000 → cannot exceed 0.
[  8.461s] PRUNE: margin=-3.187500, optimistic_rem(widened)=0.000000 → cannot exceed 0.
[  8.655s] PRUNE: margin=-3.187500, optimistic_rem(widened)=0.000000 → cannot exceed 0.
[  8.849s] PRUNE: margin=-3.187500, optimistic_rem(widened)=0.000000 → cannot exceed 0.
[  9.140s] PRUNE: margin=-3.125000, optimistic_rem(widened)=1.500000 → cannot exceed 0.
[  9.334s] PRUNE: margin=-3.125000, optimistic_rem(widened)=1.500000 → cannot exceed 0.
[  9.528s] PRUNE: margin=-3.125000, optimistic_rem(widened)=1.500000 → cannot exceed 0.
[  9.724s] PRUNE: margin=-3.125000, optimistic_rem(widened)=2.500000 → cannot exceed 0.
[  9.918s] PRUNE: margin=-3.125000, optimistic_rem(widened)=2.500000 → cannot exceed 0.
[ 10.209s] PRUNE: margin=-3.125000, optimistic_rem(widened)=2.500000 → cannot exceed 0.
[ 10.403s] PRUNE: margin=-3.125000, optimistic_rem(widened)=2.500000 → cannot exceed 0.
[ 10.598s] PRUNE: margin=-3.125000, optimistic_rem(widened)=0.000000 → cannot exceed 0.
[ 10.795s] PRUNE: margin=-3.125000, optimistic_rem(widened)=0.000000 → cannot exceed 0.
[ 10.999s] PRUNE: margin=-3.125000, optimistic_rem(widened)=0.000000 → cannot exceed 0.
[ 11.387s] PRUNE: margin=-3.125000, optimistic_rem(widened)=2.500000 → cannot exceed 0.
[ 11.582s] PRUNE: margin=-3.125000, optimistic_rem(widened)=0.000000 → cannot exceed 0.
[ 11.776s] PRUNE: margin=-3.125000, optimistic_rem(widened)=0.000000 → cannot exceed 0.
[ 11.969s] PRUNE: margin=-3.125000, optimistic_rem(widened)=0.000000 → cannot exceed 0.
[ 12.357s] PRUNE: margin=-3.125000, optimistic_rem(widened)=0.000000 → cannot exceed 0.
[ 12.550s] PRUNE: margin=-3.125000, optimistic_rem(widened)=0.000000 → cannot exceed 0.
[ 12.745s] PRUNE: margin=-3.125000, optimistic_rem(widened)=0.000000 → cannot exceed 0.
[ 13.036s] PRUNE: margin=-3.125000, optimistic_rem(widened)=1.500000 → cannot exceed 0.
[ 13.229s] PRUNE: margin=-3.125000, optimistic_rem(widened)=1.500000 → cannot exceed 0.
[ 13.423s] PRUNE: margin=-3.125000, optimistic_rem(widened)=1.500000 → cannot exceed 0.
[ 13.714s] PRUNE: margin=-3.000000, optimistic_rem(widened)=2.500000 → cannot exceed 0.
[ 13.908s] PRUNE: margin=-3.000000, optimistic_rem(widened)=2.500000 → cannot exceed 0.
[ 14.295s] PRUNE: margin=-3.125000, optimistic_rem(widened)=2.500000 → cannot exceed 0.
[ 14.489s] PRUNE: margin=-3.125000, optimistic_rem(widened)=2.500000 → cannot exceed 0.
[ 14.682s] PRUNE: margin=-3.125000, optimistic_rem(widened)=2.500000 → cannot exceed 0.
[ 14.876s] PRUNE: margin=-3.062500, optimistic_rem(widened)=2.500000 → cannot exceed 0.
[ 15.070s] PRUNE: margin=-3.062500, optimistic_rem(widened)=0.000000 → cannot exceed 0.
[ 15.263s] PRUNE: margin=-3.062500, optimistic_rem(widened)=0.000000 → cannot exceed 0.
[ 15.457s] PRUNE: margin=-3.062500, optimistic_rem(widened)=0.000000 → cannot exceed 0.
[ 15.651s] PRUNE: margin=-3.062500, optimistic_rem(widened)=0.000000 → cannot exceed 0.
[ 15.847s] PRUNE: margin=-3.062500, optimistic_rem(widened)=0.000000 → cannot exceed 0.
[ 16.040s] PRUNE: margin=-3.062500, optimistic_rem(widened)=0.000000 → cannot exceed 0.
[ 16.428s] PRUNE: margin=-3.125000, optimistic_rem(widened)=2.500000 → cannot exceed 0.
[ 16.622s] PRUNE: margin=-3.125000, optimistic_rem(widened)=2.500000 → cannot exceed 0.
[ 16.817s] PRUNE: margin=-3.125000, optimistic_rem(widened)=2.500000 → cannot exceed 0.
[ 17.010s] PRUNE: margin=-3.062500, optimistic_rem(widened)=0.000000 → cannot exceed 0.
[ 17.204s] PRUNE: margin=-3.062500, optimistic_rem(widened)=0.000000 → cannot exceed 0.
[ 17.398s] PRUNE: margin=-3.062500, optimistic_rem(widened)=0.000000 → cannot exceed 0.
[ 17.592s] PRUNE: margin=-3.062500, optimistic_rem(widened)=0.000000 → cannot exceed 0.
[ 17.785s] PRUNE: margin=-3.062500, optimistic_rem(widened)=0.000000 → cannot exceed 0.
[ 17.979s] PRUNE: margin=-3.062500, optimistic_rem(widened)=0.000000 → cannot exceed 0.
[ 18.366s] PRUNE: margin=-3.062500, optimistic_rem(widened)=0.000000 → cannot exceed 0.
[ 18.560s] PRUNE: margin=-3.125000, optimistic_rem(widened)=2.500000 → cannot exceed 0.
[ 18.754s] PRUNE: margin=-3.125000, optimistic_rem(widened)=2.500000 → cannot exceed 0.
[ 18.947s] PRUNE: margin=-3.062500, optimistic_rem(widened)=0.000000 → cannot exceed 0.
[ 19.141s] PRUNE: margin=-3.062500, optimistic_rem(widened)=0.000000 → cannot exceed 0.
[ 19.335s] PRUNE: margin=-3.062500, optimistic_rem(widened)=0.000000 → cannot exceed 0.
[ 19.529s] PRUNE: margin=-3.062500, optimistic_rem(widened)=0.000000 → cannot exceed 0.
[ 19.722s] PRUNE: margin=-3.062500, optimistic_rem(widened)=0.000000 → cannot exceed 0.
[ 20.110s] PRUNE: margin=-3.062500, optimistic_rem(widened)=0.000000 → cannot exceed 0.
[ 20.304s] PRUNE: margin=-3.062500, optimistic_rem(widened)=0.000000 → cannot exceed 0.
[ 20.497s] PRUNE: margin=-3.062500, optimistic_rem(widened)=0.000000 → cannot exceed 0.
[ 20.691s] PRUNE: margin=-3.125000, optimistic_rem(widened)=2.500000 → cannot exceed 0.
[ 20.886s] PRUNE: margin=-3.125000, optimistic_rem(widened)=0.000000 → cannot exceed 0.
[ 21.079s] PRUNE: margin=-3.125000, optimistic_rem(widened)=0.000000 → cannot exceed 0.
[ 21.273s] PRUNE: margin=-3.125000, optimistic_rem(widened)=0.000000 → cannot exceed 0.
[ 21.660s] PRUNE: margin=-3.062500, optimistic_rem(widened)=0.000000 → cannot exceed 0.
[ 21.854s] PRUNE: margin=-3.125000, optimistic_rem(widened)=0.000000 → cannot exceed 0.
[ 22.048s] PRUNE: margin=-3.125000, optimistic_rem(widened)=0.000000 → cannot exceed 0.
[ 22.242s] PRUNE: margin=-3.125000, optimistic_rem(widened)=0.000000 → cannot exceed 0.
[ 22.435s] PRUNE: margin=-3.125000, optimistic_rem(widened)=0.000000 → cannot exceed 0.
[ 22.629s] PRUNE: margin=-3.125000, optimistic_rem(widened)=0.000000 → cannot exceed 0.
[ 22.920s] PRUNE: margin=-3.062500, optimistic_rem(widened)=1.500000 → cannot exceed 0.
[ 23.113s] PRUNE: margin=-3.062500, optimistic_rem(widened)=1.500000 → cannot exceed 0.
[ 23.307s] PRUNE: margin=-3.062500, optimistic_rem(widened)=1.500000 → cannot exceed 0.
[ 23.501s] PRUNE: margin=-3.062500, optimistic_rem(widened)=1.500000 → cannot exceed 0.
[ 23.695s] PRUNE: margin=-3.062500, optimistic_rem(widened)=1.500000 → cannot exceed 0.
[ 23.888s] PRUNE: margin=-3.062500, optimistic_rem(widened)=2.000000 → cannot exceed 0.
[ 24.373s] PRUNE: margin=-4.312500, optimistic_rem(widened)=2.500000 → cannot exceed 0.
[ 24.566s] PRUNE: margin=-4.312500, optimistic_rem(widened)=2.500000 → cannot exceed 0.
[ 24.760s] PRUNE: margin=-4.312500, optimistic_rem(widened)=2.500000 → cannot exceed 0.
[ 24.954s] PRUNE: margin=-4.312500, optimistic_rem(widened)=0.000000 → cannot exceed 0.
[ 25.148s] PRUNE: margin=-4.312500, optimistic_rem(widened)=0.000000 → cannot exceed 0.
[ 25.342s] PRUNE: margin=-4.312500, optimistic_rem(widened)=0.000000 → cannot exceed 0.
[ 25.539s] PRUNE: margin=-4.312500, optimistic_rem(widened)=0.000000 → cannot exceed 0.
[ 25.733s] PRUNE: margin=-4.312500, optimistic_rem(widened)=0.000000 → cannot exceed 0.
[ 25.927s] PRUNE: margin=-4.312500, optimistic_rem(widened)=0.000000 → cannot exceed 0.
[ 26.314s] PRUNE: margin=-4.312500, optimistic_rem(widened)=2.500000 → cannot exceed 0.
[ 26.508s] PRUNE: margin=-4.312500, optimistic_rem(widened)=2.500000 → cannot exceed 0.
[ 26.706s] PRUNE: margin=-4.312500, optimistic_rem(widened)=0.000000 → cannot exceed 0.
[ 26.900s] PRUNE: margin=-4.312500, optimistic_rem(widened)=0.000000 → cannot exceed 0.
[ 27.093s] PRUNE: margin=-4.312500, optimistic_rem(widened)=0.000000 → cannot exceed 0.
[ 27.287s] PRUNE: margin=-4.312500, optimistic_rem(widened)=0.000000 → cannot exceed 0.
[ 27.481s] PRUNE: margin=-4.312500, optimistic_rem(widened)=0.000000 → cannot exceed 0.
[ 27.675s] PRUNE: margin=-4.312500, optimistic_rem(widened)=0.000000 → cannot exceed 0.
[ 28.062s] PRUNE: margin=-3.000000, optimistic_rem(widened)=0.000000 → cannot exceed 0.
[ 28.256s] PRUNE: margin=-4.312500, optimistic_rem(widened)=2.500000 → cannot exceed 0.
[ 28.450s] PRUNE: margin=-4.312500, optimistic_rem(widened)=0.000000 → cannot exceed 0.
[ 28.644s] PRUNE: margin=-4.312500, optimistic_rem(widened)=0.000000 → cannot exceed 0.
[ 28.838s] PRUNE: margin=-4.312500, optimistic_rem(widened)=0.000000 → cannot exceed 0.
[ 29.032s] PRUNE: margin=-4.312500, optimistic_rem(widened)=0.000000 → cannot exceed 0.
[ 29.225s] PRUNE: margin=-4.312500, optimistic_rem(widened)=0.000000 → cannot exceed 0.
[ 29.613s] PRUNE: margin=-3.062500, optimistic_rem(widened)=0.000000 → cannot exceed 0.
[ 29.807s] PRUNE: margin=-4.312500, optimistic_rem(widened)=0.000000 → cannot exceed 0.
[ 30.000s] PRUNE: margin=-4.312500, optimistic_rem(widened)=0.000000 → cannot exceed 0.
[ 30.194s] PRUNE: margin=-4.312500, optimistic_rem(widened)=0.000000 → cannot exceed 0.
[ 30.389s] PRUNE: margin=-4.312500, optimistic_rem(widened)=0.000000 → cannot exceed 0.
[ 30.583s] PRUNE: margin=-4.312500, optimistic_rem(widened)=0.000000 → cannot exceed 0.
[ 30.874s] PRUNE: margin=-4.312500, optimistic_rem(widened)=2.500000 → cannot exceed 0.
[ 31.069s] PRUNE: margin=-4.312500, optimistic_rem(widened)=2.500000 → cannot exceed 0.
[ 31.263s] PRUNE: margin=-4.312500, optimistic_rem(widened)=2.500000 → cannot exceed 0.
[ 31.457s] PRUNE: margin=-4.312500, optimistic_rem(widened)=2.500000 → cannot exceed 0.
[ 31.651s] PRUNE: margin=-4.312500, optimistic_rem(widened)=2.500000 → cannot exceed 0.
[ 31.845s] PRUNE: margin=-4.312500, optimistic_rem(widened)=2.500000 → cannot exceed 0.
[ 32.330s] PRUNE: margin=-4.312500, optimistic_rem(widened)=2.500000 → cannot exceed 0.
[ 32.524s] PRUNE: margin=-4.312500, optimistic_rem(widened)=2.500000 → cannot exceed 0.
[ 32.717s] PRUNE: margin=-4.312500, optimistic_rem(widened)=0.000000 → cannot exceed 0.
[ 32.911s] PRUNE: margin=-4.312500, optimistic_rem(widened)=0.000000 → cannot exceed 0.
[ 33.105s] PRUNE: margin=-4.312500, optimistic_rem(widened)=0.000000 → cannot exceed 0.
[ 33.298s] PRUNE: margin=-4.312500, optimistic_rem(widened)=0.000000 → cannot exceed 0.
[ 33.492s] PRUNE: margin=-4.312500, optimistic_rem(widened)=0.000000 → cannot exceed 0.
[ 33.686s] PRUNE: margin=-4.312500, optimistic_rem(widened)=0.000000 → cannot exceed 0.
[ 34.073s] PRUNE: margin=-3.000000, optimistic_rem(widened)=0.000000 → cannot exceed 0.
[ 34.267s] PRUNE: margin=-4.312500, optimistic_rem(widened)=2.500000 → cannot exceed 0.
[ 34.461s] PRUNE: margin=-4.312500, optimistic_rem(widened)=0.000000 → cannot exceed 0.
[ 34.657s] PRUNE: margin=-4.312500, optimistic_rem(widened)=0.000000 → cannot exceed 0.
[ 34.853s] PRUNE: margin=-4.312500, optimistic_rem(widened)=0.000000 → cannot exceed 0.
[ 35.057s] PRUNE: margin=-4.312500, optimistic_rem(widened)=0.000000 → cannot exceed 0.
[ 35.263s] PRUNE: margin=-4.312500, optimistic_rem(widened)=0.000000 → cannot exceed 0.
[ 35.675s] PRUNE: margin=-3.062500, optimistic_rem(widened)=0.000000 → cannot exceed 0.
[ 35.868s] PRUNE: margin=-4.312500, optimistic_rem(widened)=0.000000 → cannot exceed 0.
[ 36.040s] PRUNE: margin=-4.312500, optimistic_rem(widened)=0.000000 → cannot exceed 0.
[ 36.160s] PRUNE: margin=-4.312500, optimistic_rem(widened)=0.000000 → cannot exceed 0.
[ 36.276s] PRUNE: margin=-4.312500, optimistic_rem(widened)=0.000000 → cannot exceed 0.
[ 36.409s] PRUNE: margin=-4.312500, optimistic_rem(widened)=0.000000 → cannot exceed 0.
[ 36.590s] PRUNE: margin=-4.312500, optimistic_rem(widened)=2.500000 → cannot exceed 0.
[ 36.717s] PRUNE: margin=-4.312500, optimistic_rem(widened)=2.500000 → cannot exceed 0.
[ 36.847s] PRUNE: margin=-4.312500, optimistic_rem(widened)=2.500000 → cannot exceed 0.
[ 36.970s] PRUNE: margin=-4.312500, optimistic_rem(widened)=2.500000 → cannot exceed 0.
[ 37.097s] PRUNE: margin=-4.312500, optimistic_rem(widened)=2.500000 → cannot exceed 0.
[ 37.222s] PRUNE: margin=-4.312500, optimistic_rem(widened)=2.500000 → cannot exceed 0.
[ 37.541s] PRUNE: margin=-3.000000, optimistic_rem(widened)=0.000000 → cannot exceed 0.
[ 37.661s] PRUNE: margin=-4.312500, optimistic_rem(widened)=2.500000 → cannot exceed 0.
[ 37.783s] PRUNE: margin=-4.312500, optimistic_rem(widened)=0.000000 → cannot exceed 0.
[ 37.901s] PRUNE: margin=-4.312500, optimistic_rem(widened)=0.000000 → cannot exceed 0.
[ 38.036s] PRUNE: margin=-4.312500, optimistic_rem(widened)=0.000000 → cannot exceed 0.
[ 38.199s] PRUNE: margin=-4.312500, optimistic_rem(widened)=0.000000 → cannot exceed 0.
[ 38.380s] PRUNE: margin=-4.312500, optimistic_rem(widened)=0.000000 → cannot exceed 0.
[ 38.649s] PRUNE: margin=-3.062500, optimistic_rem(widened)=0.000000 → cannot exceed 0.
[ 38.775s] PRUNE: margin=-4.312500, optimistic_rem(widened)=0.000000 → cannot exceed 0.
[ 38.915s] PRUNE: margin=-4.312500, optimistic_rem(widened)=0.000000 → cannot exceed 0.
[ 39.103s] PRUNE: margin=-4.312500, optimistic_rem(widened)=0.000000 → cannot exceed 0.
[ 39.297s] PRUNE: margin=-4.312500, optimistic_rem(widened)=0.000000 → cannot exceed 0.
[ 39.425s] PRUNE: margin=-4.312500, optimistic_rem(widened)=0.000000 → cannot exceed 0.
[ 39.690s] PRUNE: margin=-4.312500, optimistic_rem(widened)=2.500000 → cannot exceed 0.
[ 39.885s] PRUNE: margin=-4.312500, optimistic_rem(widened)=2.500000 → cannot exceed 0.
[ 40.079s] PRUNE: margin=-4.312500, optimistic_rem(widened)=2.500000 → cannot exceed 0.
[ 40.274s] PRUNE: margin=-4.312500, optimistic_rem(widened)=2.500000 → cannot exceed 0.
[ 40.468s] PRUNE: margin=-4.312500, optimistic_rem(widened)=2.500000 → cannot exceed 0.
[ 40.662s] PRUNE: margin=-4.312500, optimistic_rem(widened)=2.500000 → cannot exceed 0.
[ 41.051s] PRUNE: margin=-3.000000, optimistic_rem(widened)=1.500000 → cannot exceed 0.
[ 41.343s] PRUNE: margin=-3.000000, optimistic_rem(widened)=0.000000 → cannot exceed 0.
[ 41.537s] PRUNE: margin=-4.312500, optimistic_rem(widened)=0.000000 → cannot exceed 0.
[ 41.731s] PRUNE: margin=-4.312500, optimistic_rem(widened)=0.000000 → cannot exceed 0.
[ 41.926s] PRUNE: margin=-4.312500, optimistic_rem(widened)=0.000000 → cannot exceed 0.
[ 42.120s] PRUNE: margin=-4.312500, optimistic_rem(widened)=0.000000 → cannot exceed 0.
[ 42.412s] PRUNE: margin=-4.312500, optimistic_rem(widened)=2.500000 → cannot exceed 0.
[ 42.606s] PRUNE: margin=-4.312500, optimistic_rem(widened)=2.500000 → cannot exceed 0.
[ 42.800s] PRUNE: margin=-4.312500, optimistic_rem(widened)=2.500000 → cannot exceed 0.
[ 42.994s] PRUNE: margin=-4.312500, optimistic_rem(widened)=2.500000 → cannot exceed 0.
[ 43.190s] PRUNE: margin=-4.312500, optimistic_rem(widened)=2.500000 → cannot exceed 0.
[ 43.579s] PRUNE: margin=-3.000000, optimistic_rem(widened)=1.500000 → cannot exceed 0.
[ 43.773s] PRUNE: margin=-4.312500, optimistic_rem(widened)=2.500000 → cannot exceed 0.
[ 43.968s] PRUNE: margin=-4.312500, optimistic_rem(widened)=2.500000 → cannot exceed 0.
[ 44.162s] PRUNE: margin=-4.312500, optimistic_rem(widened)=2.500000 → cannot exceed 0.
[ 44.356s] PRUNE: margin=-4.312500, optimistic_rem(widened)=2.500000 → cannot exceed 0.
[ 44.551s] PRUNE: margin=-4.312500, optimistic_rem(widened)=2.500000 → cannot exceed 0.
[ 44.851s] PRUNE: margin=-4.312500, optimistic_rem(widened)=2.500000 → cannot exceed 0.
[ 44.978s] PRUNE: margin=-4.312500, optimistic_rem(widened)=2.500000 → cannot exceed 0.
[ 45.157s] PRUNE: margin=-4.312500, optimistic_rem(widened)=2.500000 → cannot exceed 0.
[ 45.329s] PRUNE: margin=-4.312500, optimistic_rem(widened)=2.500000 → cannot exceed 0.
[ 45.478s] PRUNE: margin=-4.312500, optimistic_rem(widened)=2.500000 → cannot exceed 0.
[ 45.757s] PRUNE: margin=-4.312500, optimistic_rem(widened)=2.500000 → cannot exceed 0.
[ 45.878s] PRUNE: margin=-4.312500, optimistic_rem(widened)=2.500000 → cannot exceed 0.
[ 45.995s] PRUNE: margin=-4.312500, optimistic_rem(widened)=2.500000 → cannot exceed 0.
[ 46.152s] PRUNE: margin=-4.312500, optimistic_rem(widened)=2.500000 → cannot exceed 0.
[ 46.435s] PRUNE: margin=-4.312500, optimistic_rem(widened)=2.500000 → cannot exceed 0.
[ 46.577s] PRUNE: margin=-4.312500, optimistic_rem(widened)=2.500000 → cannot exceed 0.
[ 46.713s] PRUNE: margin=-4.312500, optimistic_rem(widened)=2.500000 → cannot exceed 0.
[ 47.024s] PRUNE: margin=-3.000000, optimistic_rem(widened)=1.500000 → cannot exceed 0.
[ 47.200s] PRUNE: margin=-4.312500, optimistic_rem(widened)=2.500000 → cannot exceed 0.
[ 47.512s] PRUNE: margin=-3.000000, optimistic_rem(widened)=1.500000 → cannot exceed 0.
[ 48.086s] PRUNE: margin=-2.875000, optimistic_rem(widened)=0.078125 → cannot exceed 0.
[ 48.378s] PRUNE: margin=-4.234375, optimistic_rem(widened)=2.500000 → cannot exceed 0.
[ 48.572s] PRUNE: margin=-4.234375, optimistic_rem(widened)=2.500000 → cannot exceed 0.
[ 48.767s] PRUNE: margin=-4.234375, optimistic_rem(widened)=2.500000 → cannot exceed 0.
[ 49.059s] PRUNE: margin=-4.312500, optimistic_rem(widened)=2.500000 → cannot exceed 0.
[ 49.253s] PRUNE: margin=-4.312500, optimistic_rem(widened)=2.500000 → cannot exceed 0.
[ 49.448s] PRUNE: margin=-4.312500, optimistic_rem(widened)=2.500000 → cannot exceed 0.
[ 49.642s] PRUNE: margin=-4.312500, optimistic_rem(widened)=2.500000 → cannot exceed 0.
[ 49.837s] PRUNE: margin=-4.312500, optimistic_rem(widened)=0.000000 → cannot exceed 0.
[ 50.031s] PRUNE: margin=-4.312500, optimistic_rem(widened)=0.000000 → cannot exceed 0.
[ 50.226s] PRUNE: margin=-4.312500, optimistic_rem(widened)=0.000000 → cannot exceed 0.
[ 50.421s] PRUNE: margin=-4.312500, optimistic_rem(widened)=0.000000 → cannot exceed 0.
[ 50.810s] PRUNE: margin=-4.312500, optimistic_rem(widened)=2.500000 → cannot exceed 0.
[ 51.004s] PRUNE: margin=-4.312500, optimistic_rem(widened)=2.500000 → cannot exceed 0.
[ 51.199s] PRUNE: margin=-4.312500, optimistic_rem(widened)=2.500000 → cannot exceed 0.
[ 51.393s] PRUNE: margin=-4.312500, optimistic_rem(widened)=0.000000 → cannot exceed 0.
[ 51.588s] PRUNE: margin=-4.312500, optimistic_rem(widened)=0.000000 → cannot exceed 0.
[ 51.782s] PRUNE: margin=-4.312500, optimistic_rem(widened)=0.000000 → cannot exceed 0.
[ 51.977s] PRUNE: margin=-4.312500, optimistic_rem(widened)=0.000000 → cannot exceed 0.
[ 52.366s] PRUNE: margin=-4.765625, optimistic_rem(widened)=3.000000 → cannot exceed 0.
[ 52.561s] PRUNE: margin=-4.765625, optimistic_rem(widened)=3.000000 → cannot exceed 0.
[ 52.755s] PRUNE: margin=-4.765625, optimistic_rem(widened)=0.000000 → cannot exceed 0.
[ 52.950s] PRUNE: margin=-4.765625, optimistic_rem(widened)=0.000000 → cannot exceed 0.
[ 53.145s] PRUNE: margin=-4.765625, optimistic_rem(widened)=0.000000 → cannot exceed 0.
[ 53.339s] PRUNE: margin=-4.765625, optimistic_rem(widened)=0.000000 → cannot exceed 0.
[ 53.728s] PRUNE: margin=-4.765625, optimistic_rem(widened)=3.000000 → cannot exceed 0.
[ 53.923s] PRUNE: margin=-4.765625, optimistic_rem(widened)=0.000000 → cannot exceed 0.
[ 54.117s] PRUNE: margin=-4.765625, optimistic_rem(widened)=0.000000 → cannot exceed 0.
[ 54.312s] PRUNE: margin=-4.765625, optimistic_rem(widened)=0.000000 → cannot exceed 0.
[ 54.506s] PRUNE: margin=-4.765625, optimistic_rem(widened)=0.000000 → cannot exceed 0.
[ 54.895s] PRUNE: margin=-4.312500, optimistic_rem(widened)=0.000000 → cannot exceed 0.
[ 55.090s] PRUNE: margin=-4.765625, optimistic_rem(widened)=0.000000 → cannot exceed 0.
[ 55.284s] PRUNE: margin=-4.765625, optimistic_rem(widened)=0.000000 → cannot exceed 0.
[ 55.479s] PRUNE: margin=-4.765625, optimistic_rem(widened)=0.000000 → cannot exceed 0.
[ 55.772s] PRUNE: margin=-4.765625, optimistic_rem(widened)=3.000000 → cannot exceed 0.
[ 55.967s] PRUNE: margin=-4.765625, optimistic_rem(widened)=3.000000 → cannot exceed 0.
[ 56.162s] PRUNE: margin=-4.765625, optimistic_rem(widened)=3.000000 → cannot exceed 0.
[ 56.357s] PRUNE: margin=-4.765625, optimistic_rem(widened)=3.000000 → cannot exceed 0.
[ 56.844s] PRUNE: margin=-4.687500, optimistic_rem(widened)=3.000000 → cannot exceed 0.
[ 57.038s] PRUNE: margin=-4.687500, optimistic_rem(widened)=3.000000 → cannot exceed 0.
[ 57.234s] PRUNE: margin=-4.687500, optimistic_rem(widened)=3.000000 → cannot exceed 0.
[ 57.428s] PRUNE: margin=-4.687500, optimistic_rem(widened)=0.000000 → cannot exceed 0.
[ 57.640s] PRUNE: margin=-4.687500, optimistic_rem(widened)=0.000000 → cannot exceed 0.
[ 57.845s] PRUNE: margin=-4.687500, optimistic_rem(widened)=0.000000 → cannot exceed 0.
[ 58.039s] PRUNE: margin=-4.687500, optimistic_rem(widened)=0.000000 → cannot exceed 0.
[ 58.235s] PRUNE: margin=-4.687500, optimistic_rem(widened)=0.000000 → cannot exceed 0.
[ 58.429s] PRUNE: margin=-4.687500, optimistic_rem(widened)=0.000000 → cannot exceed 0.
[ 58.623s] PRUNE: margin=-4.687500, optimistic_rem(widened)=0.000000 → cannot exceed 0.
[ 59.010s] PRUNE: margin=-4.687500, optimistic_rem(widened)=3.000000 → cannot exceed 0.
[ 59.204s] PRUNE: margin=-4.687500, optimistic_rem(widened)=3.000000 → cannot exceed 0.
[ 59.397s] PRUNE: margin=-4.687500, optimistic_rem(widened)=0.000000 → cannot exceed 0.
[ 59.591s] PRUNE: margin=-4.687500, optimistic_rem(widened)=0.000000 → cannot exceed 0.
[ 59.785s] PRUNE: margin=-4.687500, optimistic_rem(widened)=0.000000 → cannot exceed 0.
[ 59.978s] PRUNE: margin=-4.687500, optimistic_rem(widened)=0.000000 → cannot exceed 0.
[ 60.172s] PRUNE: margin=-4.687500, optimistic_rem(widened)=0.000000 → cannot exceed 0.
[ 60.366s] PRUNE: margin=-4.687500, optimistic_rem(widened)=0.000000 → cannot exceed 0.
[ 60.559s] PRUNE: margin=-4.687500, optimistic_rem(widened)=0.000000 → cannot exceed 0.
[ 60.947s] PRUNE: margin=-4.234375, optimistic_rem(widened)=0.000000 → cannot exceed 0.
[ 61.141s] PRUNE: margin=-4.687500, optimistic_rem(widened)=3.000000 → cannot exceed 0.
[ 61.334s] PRUNE: margin=-4.687500, optimistic_rem(widened)=0.000000 → cannot exceed 0.
[ 61.528s] PRUNE: margin=-4.687500, optimistic_rem(widened)=0.000000 → cannot exceed 0.
[ 61.722s] PRUNE: margin=-4.687500, optimistic_rem(widened)=0.000000 → cannot exceed 0.
[ 61.915s] PRUNE: margin=-4.687500, optimistic_rem(widened)=0.000000 → cannot exceed 0.
[ 62.109s] PRUNE: margin=-4.687500, optimistic_rem(widened)=0.000000 → cannot exceed 0.
[ 62.303s] PRUNE: margin=-4.687500, optimistic_rem(widened)=0.000000 → cannot exceed 0.
[ 62.690s] PRUNE: margin=-4.234375, optimistic_rem(widened)=0.000000 → cannot exceed 0.
[ 62.884s] PRUNE: margin=-4.687500, optimistic_rem(widened)=0.000000 → cannot exceed 0.
[ 63.079s] PRUNE: margin=-4.687500, optimistic_rem(widened)=0.000000 → cannot exceed 0.
[ 63.272s] PRUNE: margin=-4.687500, optimistic_rem(widened)=0.000000 → cannot exceed 0.
[ 63.466s] PRUNE: margin=-4.687500, optimistic_rem(widened)=0.000000 → cannot exceed 0.
[ 63.660s] PRUNE: margin=-4.687500, optimistic_rem(widened)=0.000000 → cannot exceed 0.
[ 63.854s] PRUNE: margin=-4.687500, optimistic_rem(widened)=0.000000 → cannot exceed 0.
[ 64.144s] PRUNE: margin=-4.687500, optimistic_rem(widened)=3.000000 → cannot exceed 0.
[ 64.338s] PRUNE: margin=-4.687500, optimistic_rem(widened)=3.000000 → cannot exceed 0.
[ 64.531s] PRUNE: margin=-4.687500, optimistic_rem(widened)=3.000000 → cannot exceed 0.
[ 64.725s] PRUNE: margin=-4.687500, optimistic_rem(widened)=3.000000 → cannot exceed 0.
[ 64.919s] PRUNE: margin=-4.687500, optimistic_rem(widened)=3.000000 → cannot exceed 0.
[ 65.113s] PRUNE: margin=-4.687500, optimistic_rem(widened)=3.000000 → cannot exceed 0.
[ 65.306s] PRUNE: margin=-4.687500, optimistic_rem(widened)=3.000000 → cannot exceed 0.
[ 65.790s] PRUNE: margin=-4.687500, optimistic_rem(widened)=3.000000 → cannot exceed 0.
[ 65.984s] PRUNE: margin=-4.687500, optimistic_rem(widened)=3.000000 → cannot exceed 0.
[ 66.177s] PRUNE: margin=-4.687500, optimistic_rem(widened)=0.000000 → cannot exceed 0.
[ 66.371s] PRUNE: margin=-4.687500, optimistic_rem(widened)=0.000000 → cannot exceed 0.
[ 66.565s] PRUNE: margin=-4.687500, optimistic_rem(widened)=0.000000 → cannot exceed 0.
[ 66.759s] PRUNE: margin=-4.687500, optimistic_rem(widened)=0.000000 → cannot exceed 0.
[ 66.952s] PRUNE: margin=-4.687500, optimistic_rem(widened)=0.000000 → cannot exceed 0.
[ 67.146s] PRUNE: margin=-4.687500, optimistic_rem(widened)=0.000000 → cannot exceed 0.
[ 67.340s] PRUNE: margin=-4.687500, optimistic_rem(widened)=0.000000 → cannot exceed 0.
[ 67.727s] PRUNE: margin=-4.234375, optimistic_rem(widened)=0.000000 → cannot exceed 0.
[ 67.921s] PRUNE: margin=-4.687500, optimistic_rem(widened)=3.000000 → cannot exceed 0.
[ 68.114s] PRUNE: margin=-4.687500, optimistic_rem(widened)=0.000000 → cannot exceed 0.
[ 68.308s] PRUNE: margin=-4.687500, optimistic_rem(widened)=0.000000 → cannot exceed 0.
[ 68.502s] PRUNE: margin=-4.687500, optimistic_rem(widened)=0.000000 → cannot exceed 0.
[ 68.696s] PRUNE: margin=-4.687500, optimistic_rem(widened)=0.000000 → cannot exceed 0.
[ 68.889s] PRUNE: margin=-4.687500, optimistic_rem(widened)=0.000000 → cannot exceed 0.
[ 69.083s] PRUNE: margin=-4.687500, optimistic_rem(widened)=0.000000 → cannot exceed 0.
[ 69.471s] PRUNE: margin=-4.234375, optimistic_rem(widened)=0.000000 → cannot exceed 0.
[ 69.664s] PRUNE: margin=-4.687500, optimistic_rem(widened)=0.000000 → cannot exceed 0.
[ 69.858s] PRUNE: margin=-4.687500, optimistic_rem(widened)=0.000000 → cannot exceed 0.
[ 70.052s] PRUNE: margin=-4.687500, optimistic_rem(widened)=0.000000 → cannot exceed 0.
[ 70.245s] PRUNE: margin=-4.687500, optimistic_rem(widened)=0.000000 → cannot exceed 0.
[ 70.439s] PRUNE: margin=-4.687500, optimistic_rem(widened)=0.000000 → cannot exceed 0.
[ 70.632s] PRUNE: margin=-4.687500, optimistic_rem(widened)=0.000000 → cannot exceed 0.
[ 70.923s] PRUNE: margin=-4.687500, optimistic_rem(widened)=3.000000 → cannot exceed 0.
[ 71.117s] PRUNE: margin=-4.687500, optimistic_rem(widened)=3.000000 → cannot exceed 0.
[ 71.310s] PRUNE: margin=-4.687500, optimistic_rem(widened)=3.000000 → cannot exceed 0.
[ 71.504s] PRUNE: margin=-4.687500, optimistic_rem(widened)=3.000000 → cannot exceed 0.
[ 71.697s] PRUNE: margin=-4.687500, optimistic_rem(widened)=3.000000 → cannot exceed 0.
[ 71.891s] PRUNE: margin=-4.687500, optimistic_rem(widened)=3.000000 → cannot exceed 0.
[ 72.085s] PRUNE: margin=-4.687500, optimistic_rem(widened)=3.000000 → cannot exceed 0.
[ 72.569s] PRUNE: margin=-4.234375, optimistic_rem(widened)=0.000000 → cannot exceed 0.
[ 72.762s] PRUNE: margin=-4.687500, optimistic_rem(widened)=3.000000 → cannot exceed 0.
[ 72.956s] PRUNE: margin=-4.687500, optimistic_rem(widened)=0.000000 → cannot exceed 0.
[ 73.150s] PRUNE: margin=-4.687500, optimistic_rem(widened)=0.000000 → cannot exceed 0.
[ 73.343s] PRUNE: margin=-4.687500, optimistic_rem(widened)=0.000000 → cannot exceed 0.
[ 73.537s] PRUNE: margin=-4.687500, optimistic_rem(widened)=0.000000 → cannot exceed 0.
[ 73.731s] PRUNE: margin=-4.687500, optimistic_rem(widened)=0.000000 → cannot exceed 0.
[ 73.924s] PRUNE: margin=-4.687500, optimistic_rem(widened)=0.000000 → cannot exceed 0.
[ 74.311s] PRUNE: margin=-4.234375, optimistic_rem(widened)=0.000000 → cannot exceed 0.
[ 74.505s] PRUNE: margin=-4.687500, optimistic_rem(widened)=0.000000 → cannot exceed 0.
[ 74.698s] PRUNE: margin=-4.687500, optimistic_rem(widened)=0.000000 → cannot exceed 0.
[ 74.892s] PRUNE: margin=-4.687500, optimistic_rem(widened)=0.000000 → cannot exceed 0.
[ 75.086s] PRUNE: margin=-4.687500, optimistic_rem(widened)=0.000000 → cannot exceed 0.
[ 75.279s] PRUNE: margin=-4.687500, optimistic_rem(widened)=0.000000 → cannot exceed 0.
[ 75.473s] PRUNE: margin=-4.687500, optimistic_rem(widened)=0.000000 → cannot exceed 0.
[ 75.763s] PRUNE: margin=-4.687500, optimistic_rem(widened)=3.000000 → cannot exceed 0.
[ 75.957s] PRUNE: margin=-4.687500, optimistic_rem(widened)=3.000000 → cannot exceed 0.
[ 76.151s] PRUNE: margin=-4.687500, optimistic_rem(widened)=3.000000 → cannot exceed 0.
[ 76.344s] PRUNE: margin=-4.687500, optimistic_rem(widened)=3.000000 → cannot exceed 0.
[ 76.537s] PRUNE: margin=-4.687500, optimistic_rem(widened)=3.000000 → cannot exceed 0.
[ 76.694s] PRUNE: margin=-4.687500, optimistic_rem(widened)=3.000000 → cannot exceed 0.
[ 76.852s] PRUNE: margin=-4.687500, optimistic_rem(widened)=3.000000 → cannot exceed 0.
[ 77.205s] PRUNE: margin=-4.234375, optimistic_rem(widened)=0.000000 → cannot exceed 0.
[ 77.372s] PRUNE: margin=-4.687500, optimistic_rem(widened)=0.000000 → cannot exceed 0.
[ 77.525s] PRUNE: margin=-4.687500, optimistic_rem(widened)=0.000000 → cannot exceed 0.
[ 77.668s] PRUNE: margin=-4.687500, optimistic_rem(widened)=0.000000 → cannot exceed 0.
[ 77.809s] PRUNE: margin=-4.687500, optimistic_rem(widened)=0.000000 → cannot exceed 0.
[ 77.940s] PRUNE: margin=-4.687500, optimistic_rem(widened)=0.000000 → cannot exceed 0.
[ 78.083s] PRUNE: margin=-4.687500, optimistic_rem(widened)=0.000000 → cannot exceed 0.
[ 78.278s] PRUNE: margin=-4.687500, optimistic_rem(widened)=3.000000 → cannot exceed 0.
[ 78.419s] PRUNE: margin=-4.687500, optimistic_rem(widened)=3.000000 → cannot exceed 0.
[ 78.550s] PRUNE: margin=-4.687500, optimistic_rem(widened)=3.000000 → cannot exceed 0.
[ 78.697s] PRUNE: margin=-4.687500, optimistic_rem(widened)=3.000000 → cannot exceed 0.
[ 78.830s] PRUNE: margin=-4.687500, optimistic_rem(widened)=3.000000 → cannot exceed 0.
[ 78.970s] PRUNE: margin=-4.687500, optimistic_rem(widened)=3.000000 → cannot exceed 0.
[ 79.123s] PRUNE: margin=-4.687500, optimistic_rem(widened)=3.000000 → cannot exceed 0.
[ 79.427s] PRUNE: margin=-4.234375, optimistic_rem(widened)=2.500000 → cannot exceed 0.
[ 79.621s] PRUNE: margin=-4.687500, optimistic_rem(widened)=3.000000 → cannot exceed 0.
[ 79.815s] PRUNE: margin=-4.687500, optimistic_rem(widened)=3.000000 → cannot exceed 0.
[ 80.010s] PRUNE: margin=-4.687500, optimistic_rem(widened)=3.000000 → cannot exceed 0.
[ 80.204s] PRUNE: margin=-4.687500, optimistic_rem(widened)=3.000000 → cannot exceed 0.
[ 80.398s] PRUNE: margin=-4.687500, optimistic_rem(widened)=3.000000 → cannot exceed 0.
[ 80.593s] PRUNE: margin=-4.687500, optimistic_rem(widened)=3.000000 → cannot exceed 0.
[ 80.981s] PRUNE: margin=-4.687500, optimistic_rem(widened)=3.000000 → cannot exceed 0.
[ 81.175s] PRUNE: margin=-4.687500, optimistic_rem(widened)=3.000000 → cannot exceed 0.
[ 81.369s] PRUNE: margin=-4.687500, optimistic_rem(widened)=3.000000 → cannot exceed 0.
[ 81.563s] PRUNE: margin=-4.687500, optimistic_rem(widened)=3.000000 → cannot exceed 0.
[ 81.757s] PRUNE: margin=-4.687500, optimistic_rem(widened)=3.000000 → cannot exceed 0.
[ 81.952s] PRUNE: margin=-4.687500, optimistic_rem(widened)=3.000000 → cannot exceed 0.
[ 82.340s] PRUNE: margin=-4.687500, optimistic_rem(widened)=3.000000 → cannot exceed 0.
[ 82.534s] PRUNE: margin=-4.687500, optimistic_rem(widened)=3.000000 → cannot exceed 0.
[ 82.728s] PRUNE: margin=-4.687500, optimistic_rem(widened)=3.000000 → cannot exceed 0.
[ 82.922s] PRUNE: margin=-4.687500, optimistic_rem(widened)=3.000000 → cannot exceed 0.
[ 83.116s] PRUNE: margin=-4.687500, optimistic_rem(widened)=3.000000 → cannot exceed 0.
[ 83.505s] PRUNE: margin=-4.687500, optimistic_rem(widened)=3.000000 → cannot exceed 0.
[ 83.699s] PRUNE: margin=-4.687500, optimistic_rem(widened)=3.000000 → cannot exceed 0.
[ 83.893s] PRUNE: margin=-4.687500, optimistic_rem(widened)=3.000000 → cannot exceed 0.
[ 84.087s] PRUNE: margin=-4.687500, optimistic_rem(widened)=3.000000 → cannot exceed 0.
[ 84.475s] PRUNE: margin=-4.687500, optimistic_rem(widened)=3.000000 → cannot exceed 0.
[ 84.670s] PRUNE: margin=-4.687500, optimistic_rem(widened)=3.000000 → cannot exceed 0.
[ 84.864s] PRUNE: margin=-4.687500, optimistic_rem(widened)=3.000000 → cannot exceed 0.
[ 85.252s] PRUNE: margin=-4.687500, optimistic_rem(widened)=3.000000 → cannot exceed 0.
[ 85.461s] PRUNE: margin=-4.687500, optimistic_rem(widened)=3.000000 → cannot exceed 0.
[ 85.851s] PRUNE: margin=-4.234375, optimistic_rem(widened)=2.500000 → cannot exceed 0.
[ 86.436s] PRUNE: margin=-4.687500, optimistic_rem(widened)=4.000000 → cannot exceed 0.
[ 86.630s] PRUNE: margin=-4.546875, optimistic_rem(widened)=3.625000 → cannot exceed 0.
[ 86.825s] PRUNE: margin=-4.625000, optimistic_rem(widened)=4.031250 → cannot exceed 0.
[ 87.020s] PRUNE: margin=-4.625000, optimistic_rem(widened)=4.031250 → cannot exceed 0.
[ 87.214s] PRUNE: margin=-4.625000, optimistic_rem(widened)=4.031250 → cannot exceed 0.
[ 87.410s] PRUNE: margin=-4.625000, optimistic_rem(widened)=4.031250 → cannot exceed 0.
[ 87.604s] PRUNE: margin=-4.625000, optimistic_rem(widened)=4.031250 → cannot exceed 0.
[ 87.799s] PRUNE: margin=-4.625000, optimistic_rem(widened)=3.125000 → cannot exceed 0.
[ 87.994s] PRUNE: margin=-4.625000, optimistic_rem(widened)=3.125000 → cannot exceed 0.
[ 88.188s] PRUNE: margin=-4.625000, optimistic_rem(widened)=3.125000 → cannot exceed 0.
[ 88.368s] PRUNE: margin=-4.625000, optimistic_rem(widened)=3.125000 → cannot exceed 0.
[ 88.523s] PRUNE: margin=-4.625000, optimistic_rem(widened)=3.125000 → cannot exceed 0.
[ 88.686s] PRUNE: margin=-4.625000, optimistic_rem(widened)=3.250000 → cannot exceed 0.
[ 88.848s] PRUNE: margin=-4.625000, optimistic_rem(widened)=3.750000 → cannot exceed 0.
[ 88.934s] No counterexample within budgets (BaB): no misclassification found.
STATUS: No counterexample | best_upper_margin=3.640625 | elapsed=88.934s | pixels_changed=0 | total_bit_flips=0 | avg_hamming_per_pixel=0.000000 | patch_rows=13-14 | patch_cols=12-13 | note=no_counterexample_within_budgets
