[  0.000s] init: idx=3824 kmax=2 bmax=4 topx=2 widen=1.000 rank_fast=off
clean logits (hex):  0x83  0x95  0xaa  0x72  0x8b  0x98  0x86  0x92  0xa8  0xe8
clean logits (bits): 10000011 10010101 10101010 01110010 10001011 10011000 10000110 10010010 10101000 11101000
clean logits (double): -24.000000 -3.375000 -1.687500 +5.000000 -6.500000 -3.000000 -12.000000 -3.750000 -1.750000 -0.375000
[  0.010s] clean prediction: 3 (true label 3)
[  0.304s] heuristic ROI: 2x2 block at rows 12-13, cols 21-22
[  0.503s] selection: nSym=2 (from 4), topx=2, rank_fast=off
[  0.503s] active patch: rows 12-13, cols 22-22 (derived from symPix)
[  1.061s] Proceeding to BaB (greedy enabled).
[  1.061s] Skipping root bound check (--no-root-bound).
[  1.062s] BaB search starting (K≤2, B≤4, nSym=2, depth_limit=500000000, widen=1.00)...
[  1.260s] PRUNE: margin=-5.046875, optimistic_rem(widened)=4.187500 → cannot exceed 0.
[  1.459s] PRUNE: margin=-4.953125, optimistic_rem(widened)=4.156250 → cannot exceed 0.
[  1.857s] PRUNE: margin=-2.781250, optimistic_rem(widened)=0.281250 → cannot exceed 0.
[  2.057s] PRUNE: margin=-2.828125, optimistic_rem(widened)=0.890625 → cannot exceed 0.
[  2.356s] PRUNE: margin=-2.828125, optimistic_rem(widened)=0.000000 → cannot exceed 0.
[  2.554s] PRUNE: margin=-2.828125, optimistic_rem(widened)=0.000000 → cannot exceed 0.
[  2.754s] PRUNE: margin=-2.828125, optimistic_rem(widened)=0.000000 → cannot exceed 0.
[  2.953s] PRUNE: margin=-2.828125, optimistic_rem(widened)=0.750000 → cannot exceed 0.
[  3.152s] PRUNE: margin=-2.828125, optimistic_rem(widened)=0.750000 → cannot exceed 0.
[  3.351s] PRUNE: margin=-4.015625, optimistic_rem(widened)=0.000000 → cannot exceed 0.
[  3.550s] PRUNE: margin=-4.015625, optimistic_rem(widened)=0.000000 → cannot exceed 0.
[  3.749s] PRUNE: margin=-4.015625, optimistic_rem(widened)=2.875000 → cannot exceed 0.
[  3.948s] PRUNE: margin=-4.015625, optimistic_rem(widened)=2.875000 → cannot exceed 0.
[  4.247s] PRUNE: margin=-4.015625, optimistic_rem(widened)=2.750000 → cannot exceed 0.
[  4.447s] PRUNE: margin=-4.015625, optimistic_rem(widened)=2.750000 → cannot exceed 0.
[  4.646s] PRUNE: margin=-4.015625, optimistic_rem(widened)=2.750000 → cannot exceed 0.
[  4.845s] PRUNE: margin=-4.015625, optimistic_rem(widened)=2.750000 → cannot exceed 0.
[  5.044s] PRUNE: margin=-4.015625, optimistic_rem(widened)=2.750000 → cannot exceed 0.
[  5.343s] PRUNE: margin=-4.015625, optimistic_rem(widened)=2.875000 → cannot exceed 0.
[  5.541s] PRUNE: margin=-4.015625, optimistic_rem(widened)=2.875000 → cannot exceed 0.
[  5.741s] PRUNE: margin=-4.015625, optimistic_rem(widened)=2.875000 → cannot exceed 0.
[  6.139s] PRUNE: margin=-4.015625, optimistic_rem(widened)=2.875000 → cannot exceed 0.
[  6.338s] PRUNE: margin=-4.015625, optimistic_rem(widened)=2.875000 → cannot exceed 0.
[  6.711s] PRUNE: margin=-4.015625, optimistic_rem(widened)=2.875000 → cannot exceed 0.
[  7.279s] PRUNE: margin=-5.046875, optimistic_rem(widened)=2.093750 → cannot exceed 0.
[  7.477s] PRUNE: margin=-5.046875, optimistic_rem(widened)=2.093750 → cannot exceed 0.
[  7.674s] PRUNE: margin=-5.046875, optimistic_rem(widened)=2.093750 → cannot exceed 0.
[  7.872s] PRUNE: margin=-5.046875, optimistic_rem(widened)=2.093750 → cannot exceed 0.
[  8.073s] PRUNE: margin=-5.046875, optimistic_rem(widened)=2.093750 → cannot exceed 0.
[  8.248s] PRUNE: margin=-5.046875, optimistic_rem(widened)=3.500000 → cannot exceed 0.
[  8.480s] PRUNE: margin=-5.046875, optimistic_rem(widened)=5.000000 → cannot exceed 0.
[  8.637s] PRUNE: margin=-5.046875, optimistic_rem(widened)=4.968750 → cannot exceed 0.
[  8.772s] PRUNE: margin=-5.046875, optimistic_rem(widened)=5.000000 → cannot exceed 0.
[  8.998s] PRUNE: margin=-5.046875, optimistic_rem(widened)=3.781250 → cannot exceed 0.
[  9.437s] PRUNE: margin=-5.046875, optimistic_rem(widened)=4.968750 → cannot exceed 0.
[  9.558s] PRUNE: margin=-5.046875, optimistic_rem(widened)=5.000000 → cannot exceed 0.
[  9.742s] PRUNE: margin=-5.046875, optimistic_rem(widened)=3.781250 → cannot exceed 0.
[ 10.240s] PRUNE: margin=-5.046875, optimistic_rem(widened)=3.656250 → cannot exceed 0.
[ 10.363s] PRUNE: margin=-5.046875, optimistic_rem(widened)=3.781250 → cannot exceed 0.
[ 10.608s] PRUNE: margin=-5.046875, optimistic_rem(widened)=3.781250 → cannot exceed 0.
[ 11.139s] PRUNE: margin=-5.046875, optimistic_rem(widened)=3.781250 → cannot exceed 0.
[ 12.522s] PRUNE: margin=-5.015625, optimistic_rem(widened)=3.500000 → cannot exceed 0.
[ 12.664s] PRUNE: margin=-5.015625, optimistic_rem(widened)=3.500000 → cannot exceed 0.
[ 12.784s] PRUNE: margin=-5.015625, optimistic_rem(widened)=3.500000 → cannot exceed 0.
[ 12.936s] PRUNE: margin=-5.015625, optimistic_rem(widened)=3.500000 → cannot exceed 0.
[ 13.122s] PRUNE: margin=-5.015625, optimistic_rem(widened)=3.500000 → cannot exceed 0.
[ 13.268s] PRUNE: margin=-5.015625, optimistic_rem(widened)=3.500000 → cannot exceed 0.
[ 13.453s] PRUNE: margin=-5.015625, optimistic_rem(widened)=3.500000 → cannot exceed 0.
[ 13.640s] PRUNE: margin=-5.015625, optimistic_rem(widened)=3.500000 → cannot exceed 0.
[ 13.782s] PRUNE: margin=-5.015625, optimistic_rem(widened)=3.500000 → cannot exceed 0.
[ 13.916s] PRUNE: margin=-5.015625, optimistic_rem(widened)=3.500000 → cannot exceed 0.
[ 14.089s] PRUNE: margin=-5.015625, optimistic_rem(widened)=3.500000 → cannot exceed 0.
[ 14.421s] PRUNE: margin=-5.015625, optimistic_rem(widened)=3.500000 → cannot exceed 0.
[ 14.592s] PRUNE: margin=-5.015625, optimistic_rem(widened)=3.500000 → cannot exceed 0.
[ 14.750s] PRUNE: margin=-5.015625, optimistic_rem(widened)=3.500000 → cannot exceed 0.
[ 14.898s] PRUNE: margin=-5.015625, optimistic_rem(widened)=3.500000 → cannot exceed 0.
[ 15.056s] PRUNE: margin=-5.015625, optimistic_rem(widened)=3.500000 → cannot exceed 0.
[ 15.219s] PRUNE: margin=-5.015625, optimistic_rem(widened)=3.500000 → cannot exceed 0.
[ 15.374s] PRUNE: margin=-5.015625, optimistic_rem(widened)=3.500000 → cannot exceed 0.
[ 15.525s] PRUNE: margin=-5.015625, optimistic_rem(widened)=3.500000 → cannot exceed 0.
[ 15.691s] PRUNE: margin=-5.015625, optimistic_rem(widened)=3.500000 → cannot exceed 0.
[ 15.850s] PRUNE: margin=-5.015625, optimistic_rem(widened)=3.500000 → cannot exceed 0.
[ 16.160s] PRUNE: margin=-5.015625, optimistic_rem(widened)=3.500000 → cannot exceed 0.
[ 16.329s] PRUNE: margin=-5.015625, optimistic_rem(widened)=3.500000 → cannot exceed 0.
[ 16.474s] PRUNE: margin=-5.015625, optimistic_rem(widened)=3.500000 → cannot exceed 0.
[ 16.595s] PRUNE: margin=-5.015625, optimistic_rem(widened)=3.500000 → cannot exceed 0.
[ 16.729s] PRUNE: margin=-5.015625, optimistic_rem(widened)=3.500000 → cannot exceed 0.
[ 16.874s] PRUNE: margin=-5.015625, optimistic_rem(widened)=3.500000 → cannot exceed 0.
[ 17.017s] PRUNE: margin=-5.015625, optimistic_rem(widened)=3.500000 → cannot exceed 0.
[ 17.171s] PRUNE: margin=-5.015625, optimistic_rem(widened)=3.500000 → cannot exceed 0.
[ 17.318s] PRUNE: margin=-5.015625, optimistic_rem(widened)=3.500000 → cannot exceed 0.
[ 17.636s] PRUNE: margin=-5.015625, optimistic_rem(widened)=3.500000 → cannot exceed 0.
[ 17.819s] PRUNE: margin=-5.015625, optimistic_rem(widened)=3.500000 → cannot exceed 0.
[ 17.980s] PRUNE: margin=-5.015625, optimistic_rem(widened)=3.500000 → cannot exceed 0.
[ 18.116s] PRUNE: margin=-5.015625, optimistic_rem(widened)=3.500000 → cannot exceed 0.
[ 18.242s] PRUNE: margin=-5.015625, optimistic_rem(widened)=3.500000 → cannot exceed 0.
[ 18.367s] PRUNE: margin=-5.015625, optimistic_rem(widened)=3.500000 → cannot exceed 0.
[ 18.532s] PRUNE: margin=-5.015625, optimistic_rem(widened)=3.500000 → cannot exceed 0.
[ 18.667s] PRUNE: margin=-5.015625, optimistic_rem(widened)=3.500000 → cannot exceed 0.
[ 18.948s] PRUNE: margin=-5.015625, optimistic_rem(widened)=3.500000 → cannot exceed 0.
[ 19.110s] PRUNE: margin=-5.015625, optimistic_rem(widened)=3.500000 → cannot exceed 0.
[ 19.274s] PRUNE: margin=-5.015625, optimistic_rem(widened)=3.500000 → cannot exceed 0.
[ 19.431s] PRUNE: margin=-5.015625, optimistic_rem(widened)=3.500000 → cannot exceed 0.
[ 19.613s] PRUNE: margin=-5.015625, optimistic_rem(widened)=3.500000 → cannot exceed 0.
[ 19.768s] PRUNE: margin=-5.015625, optimistic_rem(widened)=3.500000 → cannot exceed 0.
[ 19.933s] PRUNE: margin=-5.015625, optimistic_rem(widened)=3.500000 → cannot exceed 0.
[ 20.273s] PRUNE: margin=-5.015625, optimistic_rem(widened)=3.500000 → cannot exceed 0.
[ 20.461s] PRUNE: margin=-5.015625, optimistic_rem(widened)=3.500000 → cannot exceed 0.
[ 20.647s] PRUNE: margin=-5.015625, optimistic_rem(widened)=3.500000 → cannot exceed 0.
[ 20.833s] PRUNE: margin=-5.015625, optimistic_rem(widened)=3.500000 → cannot exceed 0.
[ 21.018s] PRUNE: margin=-5.015625, optimistic_rem(widened)=3.500000 → cannot exceed 0.
[ 21.204s] PRUNE: margin=-5.015625, optimistic_rem(widened)=3.500000 → cannot exceed 0.
[ 21.661s] PRUNE: margin=-5.015625, optimistic_rem(widened)=3.906250 → cannot exceed 0.
[ 21.778s] PRUNE: margin=-5.015625, optimistic_rem(widened)=3.906250 → cannot exceed 0.
[ 21.894s] PRUNE: margin=-5.015625, optimistic_rem(widened)=3.906250 → cannot exceed 0.
[ 22.029s] PRUNE: margin=-5.015625, optimistic_rem(widened)=3.625000 → cannot exceed 0.
[ 22.318s] PRUNE: margin=-5.015625, optimistic_rem(widened)=3.906250 → cannot exceed 0.
[ 22.461s] PRUNE: margin=-5.015625, optimistic_rem(widened)=3.906250 → cannot exceed 0.
[ 22.608s] PRUNE: margin=-5.015625, optimistic_rem(widened)=3.625000 → cannot exceed 0.
[ 22.896s] PRUNE: margin=-5.015625, optimistic_rem(widened)=3.906250 → cannot exceed 0.
[ 23.038s] PRUNE: margin=-5.015625, optimistic_rem(widened)=3.625000 → cannot exceed 0.
[ 23.337s] PRUNE: margin=-5.015625, optimistic_rem(widened)=3.625000 → cannot exceed 0.
[ 23.945s] PRUNE: margin=-5.015625, optimistic_rem(widened)=3.906250 → cannot exceed 0.
[ 24.095s] PRUNE: margin=-5.015625, optimistic_rem(widened)=3.906250 → cannot exceed 0.
[ 24.256s] PRUNE: margin=-5.015625, optimistic_rem(widened)=3.625000 → cannot exceed 0.
[ 24.570s] PRUNE: margin=-5.015625, optimistic_rem(widened)=3.906250 → cannot exceed 0.
[ 24.725s] PRUNE: margin=-5.015625, optimistic_rem(widened)=3.625000 → cannot exceed 0.
[ 25.028s] PRUNE: margin=-5.015625, optimistic_rem(widened)=3.625000 → cannot exceed 0.
[ 25.628s] PRUNE: margin=-5.015625, optimistic_rem(widened)=3.906250 → cannot exceed 0.
[ 25.773s] PRUNE: margin=-5.015625, optimistic_rem(widened)=3.625000 → cannot exceed 0.
[ 26.076s] PRUNE: margin=-5.015625, optimistic_rem(widened)=3.625000 → cannot exceed 0.
[ 26.702s] PRUNE: margin=-5.015625, optimistic_rem(widened)=3.625000 → cannot exceed 0.
[ 27.688s] PRUNE: margin=-5.328125, optimistic_rem(widened)=4.750000 → cannot exceed 0.
[ 27.844s] PRUNE: margin=-5.328125, optimistic_rem(widened)=4.750000 → cannot exceed 0.
[ 27.989s] PRUNE: margin=-5.328125, optimistic_rem(widened)=4.375000 → cannot exceed 0.
[ 28.151s] PRUNE: margin=-5.375000, optimistic_rem(widened)=4.218750 → cannot exceed 0.
[ 28.301s] PRUNE: margin=-5.375000, optimistic_rem(widened)=4.218750 → cannot exceed 0.
[ 28.449s] PRUNE: margin=-5.375000, optimistic_rem(widened)=4.625000 → cannot exceed 0.
[ 28.597s] PRUNE: margin=-5.375000, optimistic_rem(widened)=4.625000 → cannot exceed 0.
[ 28.742s] PRUNE: margin=-5.375000, optimistic_rem(widened)=4.343750 → cannot exceed 0.
[ 28.924s] PRUNE: margin=-5.375000, optimistic_rem(widened)=4.343750 → cannot exceed 0.
[ 29.110s] PRUNE: margin=-5.375000, optimistic_rem(widened)=4.343750 → cannot exceed 0.
[ 29.295s] PRUNE: margin=-5.375000, optimistic_rem(widened)=4.343750 → cannot exceed 0.
[ 29.481s] PRUNE: margin=-5.375000, optimistic_rem(widened)=4.343750 → cannot exceed 0.
[ 29.574s] No counterexample within budgets (BaB): no misclassification found.
STATUS: No counterexample | best_upper_margin=2.515625 | elapsed=29.574s | pixels_changed=0 | total_bit_flips=0 | avg_hamming_per_pixel=0.000000 | patch_rows=12-13 | patch_cols=22-22 | note=no_counterexample_within_budgets
