[  0.000s] init: idx=2132 kmax=2 bmax=4 topx=2 widen=1.000 rank_fast=off
clean logits (hex):  0x84  0x9c  0x90  0xbc  0x8e  0x98  0x87  0x77  0x90  0x66
clean logits (bits): 10000100 10011100 10010000 10111100 10001110 10011000 10000111 01110111 10010000 01100110
clean logits (double): -16.000000 -2.500000 -4.000000 -1.125000 -5.000000 -3.000000 -10.000000 +7.500000 -4.000000 +2.750000
[  0.009s] clean prediction: 7 (true label 7)
[  0.320s] heuristic ROI: 2x2 block at rows 12-13, cols 12-13
[  0.524s] selection: nSym=2 (from 4), topx=2, rank_fast=off
[  0.524s] active patch: rows 12-13, cols 12-12 (derived from symPix)
[  0.993s] Proceeding to BaB (greedy enabled).
[  0.993s] Skipping root bound check (--no-root-bound).
[  0.993s] BaB search starting (K≤2, B≤4, nSym=2, depth_limit=500000000, widen=1.00)...
[  1.202s] PRUNE: margin=-2.500000, optimistic_rem(widened)=1.812500 → cannot exceed 0.
[  1.501s] PRUNE: margin=-2.500000, optimistic_rem(widened)=2.000000 → cannot exceed 0.
[  1.698s] PRUNE: margin=-2.375000, optimistic_rem(widened)=1.000000 → cannot exceed 0.
[  1.895s] PRUNE: margin=-2.375000, optimistic_rem(widened)=1.000000 → cannot exceed 0.
[  2.190s] PRUNE: margin=-2.375000, optimistic_rem(widened)=0.750000 → cannot exceed 0.
[  2.386s] PRUNE: margin=-2.750000, optimistic_rem(widened)=2.500000 → cannot exceed 0.
[  2.699s] PRUNE: margin=-2.250000, optimistic_rem(widened)=0.000000 → cannot exceed 0.
[  2.896s] PRUNE: margin=-2.250000, optimistic_rem(widened)=0.000000 → cannot exceed 0.
[  3.093s] PRUNE: margin=-2.250000, optimistic_rem(widened)=0.000000 → cannot exceed 0.
[  3.289s] PRUNE: margin=-2.250000, optimistic_rem(widened)=0.000000 → cannot exceed 0.
[  3.486s] PRUNE: margin=-2.750000, optimistic_rem(widened)=2.000000 → cannot exceed 0.
[  3.683s] PRUNE: margin=-2.750000, optimistic_rem(widened)=2.000000 → cannot exceed 0.
[  3.881s] PRUNE: margin=-2.750000, optimistic_rem(widened)=2.000000 → cannot exceed 0.
[  4.175s] PRUNE: margin=-2.750000, optimistic_rem(widened)=1.250000 → cannot exceed 0.
[  4.470s] PRUNE: margin=-2.750000, optimistic_rem(widened)=1.750000 → cannot exceed 0.
[  4.666s] PRUNE: margin=-2.750000, optimistic_rem(widened)=0.000000 → cannot exceed 0.
[  4.863s] PRUNE: margin=-2.750000, optimistic_rem(widened)=2.000000 → cannot exceed 0.
[  5.073s] PRUNE: margin=-2.750000, optimistic_rem(widened)=0.000000 → cannot exceed 0.
[  5.270s] PRUNE: margin=-2.750000, optimistic_rem(widened)=0.000000 → cannot exceed 0.
[  5.662s] PRUNE: margin=-2.750000, optimistic_rem(widened)=1.750000 → cannot exceed 0.
[  5.858s] PRUNE: margin=-2.750000, optimistic_rem(widened)=0.000000 → cannot exceed 0.
[  6.055s] PRUNE: margin=-2.750000, optimistic_rem(widened)=0.000000 → cannot exceed 0.
[  6.251s] PRUNE: margin=-2.750000, optimistic_rem(widened)=0.000000 → cannot exceed 0.
[  6.643s] PRUNE: margin=-2.750000, optimistic_rem(widened)=0.000000 → cannot exceed 0.
[  6.840s] PRUNE: margin=-2.750000, optimistic_rem(widened)=0.000000 → cannot exceed 0.
[  7.036s] PRUNE: margin=-2.750000, optimistic_rem(widened)=0.000000 → cannot exceed 0.
[  7.331s] PRUNE: margin=-2.750000, optimistic_rem(widened)=1.500000 → cannot exceed 0.
[  7.527s] PRUNE: margin=-2.750000, optimistic_rem(widened)=1.500000 → cannot exceed 0.
[  7.723s] PRUNE: margin=-2.750000, optimistic_rem(widened)=1.500000 → cannot exceed 0.
[  8.116s] PRUNE: margin=-2.250000, optimistic_rem(widened)=0.750000 → cannot exceed 0.
[  8.312s] PRUNE: margin=-2.250000, optimistic_rem(widened)=0.750000 → cannot exceed 0.
[  8.606s] PRUNE: margin=-2.750000, optimistic_rem(widened)=2.000000 → cannot exceed 0.
[  8.802s] PRUNE: margin=-2.750000, optimistic_rem(widened)=2.000000 → cannot exceed 0.
[  8.999s] PRUNE: margin=-2.750000, optimistic_rem(widened)=2.000000 → cannot exceed 0.
[  9.195s] PRUNE: margin=-2.750000, optimistic_rem(widened)=0.000000 → cannot exceed 0.
[  9.391s] PRUNE: margin=-2.750000, optimistic_rem(widened)=0.000000 → cannot exceed 0.
[  9.587s] PRUNE: margin=-2.750000, optimistic_rem(widened)=0.000000 → cannot exceed 0.
[  9.980s] PRUNE: margin=-2.750000, optimistic_rem(widened)=2.000000 → cannot exceed 0.
[ 10.176s] PRUNE: margin=-2.750000, optimistic_rem(widened)=2.000000 → cannot exceed 0.
[ 10.373s] PRUNE: margin=-2.750000, optimistic_rem(widened)=0.000000 → cannot exceed 0.
[ 10.569s] PRUNE: margin=-2.750000, optimistic_rem(widened)=0.000000 → cannot exceed 0.
[ 10.765s] PRUNE: margin=-2.750000, optimistic_rem(widened)=0.000000 → cannot exceed 0.
[ 11.158s] PRUNE: margin=-2.750000, optimistic_rem(widened)=2.000000 → cannot exceed 0.
[ 11.355s] PRUNE: margin=-2.750000, optimistic_rem(widened)=0.000000 → cannot exceed 0.
[ 11.551s] PRUNE: margin=-2.750000, optimistic_rem(widened)=0.000000 → cannot exceed 0.
[ 11.747s] PRUNE: margin=-2.750000, optimistic_rem(widened)=0.000000 → cannot exceed 0.
[ 12.140s] PRUNE: margin=-2.750000, optimistic_rem(widened)=0.000000 → cannot exceed 0.
[ 12.336s] PRUNE: margin=-2.750000, optimistic_rem(widened)=0.000000 → cannot exceed 0.
[ 12.532s] PRUNE: margin=-2.750000, optimistic_rem(widened)=0.000000 → cannot exceed 0.
[ 12.826s] PRUNE: margin=-2.750000, optimistic_rem(widened)=1.250000 → cannot exceed 0.
[ 13.023s] PRUNE: margin=-2.750000, optimistic_rem(widened)=1.250000 → cannot exceed 0.
[ 13.219s] PRUNE: margin=-2.750000, optimistic_rem(widened)=1.250000 → cannot exceed 0.
[ 13.513s] PRUNE: margin=-2.750000, optimistic_rem(widened)=2.500000 → cannot exceed 0.
[ 13.905s] PRUNE: margin=-2.750000, optimistic_rem(widened)=2.000000 → cannot exceed 0.
[ 14.103s] PRUNE: margin=-2.750000, optimistic_rem(widened)=2.000000 → cannot exceed 0.
[ 14.299s] PRUNE: margin=-2.750000, optimistic_rem(widened)=0.000000 → cannot exceed 0.
[ 14.495s] PRUNE: margin=-2.750000, optimistic_rem(widened)=0.000000 → cannot exceed 0.
[ 14.691s] PRUNE: margin=-2.750000, optimistic_rem(widened)=0.000000 → cannot exceed 0.
[ 14.888s] PRUNE: margin=-2.750000, optimistic_rem(widened)=0.000000 → cannot exceed 0.
[ 15.280s] PRUNE: margin=-2.750000, optimistic_rem(widened)=2.000000 → cannot exceed 0.
[ 15.476s] PRUNE: margin=-2.750000, optimistic_rem(widened)=0.000000 → cannot exceed 0.
[ 15.673s] PRUNE: margin=-2.750000, optimistic_rem(widened)=0.000000 → cannot exceed 0.
[ 15.869s] PRUNE: margin=-2.750000, optimistic_rem(widened)=0.000000 → cannot exceed 0.
[ 16.065s] PRUNE: margin=-2.750000, optimistic_rem(widened)=0.000000 → cannot exceed 0.
[ 16.458s] PRUNE: margin=-2.750000, optimistic_rem(widened)=0.000000 → cannot exceed 0.
[ 16.654s] PRUNE: margin=-2.750000, optimistic_rem(widened)=0.000000 → cannot exceed 0.
[ 16.850s] PRUNE: margin=-2.750000, optimistic_rem(widened)=0.000000 → cannot exceed 0.
[ 17.047s] PRUNE: margin=-2.750000, optimistic_rem(widened)=0.000000 → cannot exceed 0.
[ 17.341s] PRUNE: margin=-2.750000, optimistic_rem(widened)=1.000000 → cannot exceed 0.
[ 17.537s] PRUNE: margin=-2.750000, optimistic_rem(widened)=1.000000 → cannot exceed 0.
[ 17.734s] PRUNE: margin=-2.750000, optimistic_rem(widened)=1.000000 → cannot exceed 0.
[ 17.930s] PRUNE: margin=-2.750000, optimistic_rem(widened)=1.000000 → cannot exceed 0.
[ 18.421s] PRUNE: margin=-2.750000, optimistic_rem(widened)=2.000000 → cannot exceed 0.
[ 18.617s] PRUNE: margin=-2.750000, optimistic_rem(widened)=0.000000 → cannot exceed 0.
[ 18.813s] PRUNE: margin=-2.750000, optimistic_rem(widened)=0.000000 → cannot exceed 0.
[ 19.010s] PRUNE: margin=-2.750000, optimistic_rem(widened)=0.000000 → cannot exceed 0.
[ 19.206s] PRUNE: margin=-2.750000, optimistic_rem(widened)=0.000000 → cannot exceed 0.
[ 19.598s] PRUNE: margin=-2.750000, optimistic_rem(widened)=0.000000 → cannot exceed 0.
[ 19.795s] PRUNE: margin=-2.750000, optimistic_rem(widened)=0.000000 → cannot exceed 0.
[ 19.992s] PRUNE: margin=-2.750000, optimistic_rem(widened)=0.000000 → cannot exceed 0.
[ 20.191s] PRUNE: margin=-2.750000, optimistic_rem(widened)=0.000000 → cannot exceed 0.
[ 20.486s] PRUNE: margin=-2.750000, optimistic_rem(widened)=1.000000 → cannot exceed 0.
[ 20.683s] PRUNE: margin=-2.750000, optimistic_rem(widened)=1.000000 → cannot exceed 0.
[ 20.880s] PRUNE: margin=-2.750000, optimistic_rem(widened)=1.000000 → cannot exceed 0.
[ 21.077s] PRUNE: margin=-2.750000, optimistic_rem(widened)=1.000000 → cannot exceed 0.
[ 21.569s] PRUNE: margin=-2.750000, optimistic_rem(widened)=0.000000 → cannot exceed 0.
[ 21.766s] PRUNE: margin=-2.750000, optimistic_rem(widened)=0.000000 → cannot exceed 0.
[ 21.963s] PRUNE: margin=-2.750000, optimistic_rem(widened)=0.000000 → cannot exceed 0.
[ 22.160s] PRUNE: margin=-2.750000, optimistic_rem(widened)=0.000000 → cannot exceed 0.
[ 22.455s] PRUNE: margin=-2.750000, optimistic_rem(widened)=1.000000 → cannot exceed 0.
[ 22.651s] PRUNE: margin=-2.750000, optimistic_rem(widened)=1.000000 → cannot exceed 0.
[ 22.848s] PRUNE: margin=-2.750000, optimistic_rem(widened)=1.000000 → cannot exceed 0.
[ 23.045s] PRUNE: margin=-2.750000, optimistic_rem(widened)=1.500000 → cannot exceed 0.
[ 23.439s] PRUNE: margin=-2.750000, optimistic_rem(widened)=1.500000 → cannot exceed 0.
[ 23.636s] PRUNE: margin=-2.750000, optimistic_rem(widened)=1.500000 → cannot exceed 0.
[ 23.833s] PRUNE: margin=-2.750000, optimistic_rem(widened)=1.500000 → cannot exceed 0.
[ 24.030s] PRUNE: margin=-2.750000, optimistic_rem(widened)=1.500000 → cannot exceed 0.
[ 24.325s] PRUNE: margin=-2.750000, optimistic_rem(widened)=1.750000 → cannot exceed 0.
[ 24.522s] PRUNE: margin=-2.750000, optimistic_rem(widened)=1.750000 → cannot exceed 0.
[ 24.719s] PRUNE: margin=-2.750000, optimistic_rem(widened)=1.750000 → cannot exceed 0.
[ 24.916s] PRUNE: margin=-2.750000, optimistic_rem(widened)=1.750000 → cannot exceed 0.
[ 25.408s] PRUNE: margin=-2.875000, optimistic_rem(widened)=1.250000 → cannot exceed 0.
[ 25.703s] PRUNE: margin=-4.125000, optimistic_rem(widened)=3.000000 → cannot exceed 0.
[ 25.900s] PRUNE: margin=-4.125000, optimistic_rem(widened)=3.000000 → cannot exceed 0.
[ 26.097s] PRUNE: margin=-4.125000, optimistic_rem(widened)=3.500000 → cannot exceed 0.
[ 26.294s] PRUNE: margin=-4.125000, optimistic_rem(widened)=3.500000 → cannot exceed 0.
[ 26.491s] PRUNE: margin=-4.125000, optimistic_rem(widened)=0.000000 → cannot exceed 0.
[ 26.688s] PRUNE: margin=-4.125000, optimistic_rem(widened)=0.000000 → cannot exceed 0.
[ 26.885s] PRUNE: margin=-4.125000, optimistic_rem(widened)=0.000000 → cannot exceed 0.
[ 27.082s] PRUNE: margin=-4.125000, optimistic_rem(widened)=0.000000 → cannot exceed 0.
[ 27.279s] PRUNE: margin=-4.125000, optimistic_rem(widened)=0.000000 → cannot exceed 0.
[ 27.476s] PRUNE: margin=-4.250000, optimistic_rem(widened)=0.000000 → cannot exceed 0.
[ 27.869s] PRUNE: margin=-2.875000, optimistic_rem(widened)=0.000000 → cannot exceed 0.
[ 28.066s] PRUNE: margin=-4.125000, optimistic_rem(widened)=0.000000 → cannot exceed 0.
[ 28.263s] PRUNE: margin=-4.125000, optimistic_rem(widened)=0.000000 → cannot exceed 0.
[ 28.460s] PRUNE: margin=-4.125000, optimistic_rem(widened)=0.000000 → cannot exceed 0.
[ 28.657s] PRUNE: margin=-4.125000, optimistic_rem(widened)=3.500000 → cannot exceed 0.
[ 28.853s] PRUNE: margin=-4.125000, optimistic_rem(widened)=3.500000 → cannot exceed 0.
[ 29.050s] PRUNE: margin=-4.125000, optimistic_rem(widened)=3.500000 → cannot exceed 0.
[ 29.247s] PRUNE: margin=-4.125000, optimistic_rem(widened)=0.000000 → cannot exceed 0.
[ 29.444s] PRUNE: margin=-4.125000, optimistic_rem(widened)=0.000000 → cannot exceed 0.
[ 29.837s] PRUNE: margin=-2.750000, optimistic_rem(widened)=0.000000 → cannot exceed 0.
[ 30.034s] PRUNE: margin=-4.125000, optimistic_rem(widened)=0.000000 → cannot exceed 0.
[ 30.231s] PRUNE: margin=-4.125000, optimistic_rem(widened)=0.000000 → cannot exceed 0.
[ 30.428s] PRUNE: margin=-4.125000, optimistic_rem(widened)=3.500000 → cannot exceed 0.
[ 30.624s] PRUNE: margin=-4.125000, optimistic_rem(widened)=3.500000 → cannot exceed 0.
[ 30.821s] PRUNE: margin=-4.125000, optimistic_rem(widened)=0.000000 → cannot exceed 0.
[ 31.018s] PRUNE: margin=-4.125000, optimistic_rem(widened)=0.000000 → cannot exceed 0.
[ 31.215s] PRUNE: margin=-4.125000, optimistic_rem(widened)=0.000000 → cannot exceed 0.
[ 31.510s] PRUNE: margin=-4.125000, optimistic_rem(widened)=2.500000 → cannot exceed 0.
[ 31.707s] PRUNE: margin=-4.125000, optimistic_rem(widened)=2.500000 → cannot exceed 0.
[ 31.904s] PRUNE: margin=-4.125000, optimistic_rem(widened)=2.500000 → cannot exceed 0.
[ 32.101s] PRUNE: margin=-4.250000, optimistic_rem(widened)=2.500000 → cannot exceed 0.
[ 32.297s] PRUNE: margin=-4.125000, optimistic_rem(widened)=2.500000 → cannot exceed 0.
[ 32.494s] PRUNE: margin=-4.125000, optimistic_rem(widened)=2.500000 → cannot exceed 0.
[ 32.789s] PRUNE: margin=-4.125000, optimistic_rem(widened)=3.000000 → cannot exceed 0.
[ 33.478s] PRUNE: margin=-3.000000, optimistic_rem(widened)=1.250000 → cannot exceed 0.
[ 33.675s] PRUNE: margin=-4.250000, optimistic_rem(widened)=2.250000 → cannot exceed 0.
[ 33.872s] PRUNE: margin=-4.250000, optimistic_rem(widened)=2.250000 → cannot exceed 0.
[ 34.069s] PRUNE: margin=-4.250000, optimistic_rem(widened)=2.750000 → cannot exceed 0.
[ 34.266s] PRUNE: margin=-4.250000, optimistic_rem(widened)=2.250000 → cannot exceed 0.
[ 34.462s] PRUNE: margin=-4.250000, optimistic_rem(widened)=2.500000 → cannot exceed 0.
[ 34.659s] PRUNE: margin=-4.250000, optimistic_rem(widened)=2.750000 → cannot exceed 0.
[ 34.856s] PRUNE: margin=-4.250000, optimistic_rem(widened)=2.750000 → cannot exceed 0.
[ 35.053s] PRUNE: margin=-4.250000, optimistic_rem(widened)=2.750000 → cannot exceed 0.
[ 35.250s] PRUNE: margin=-4.250000, optimistic_rem(widened)=2.750000 → cannot exceed 0.
[ 35.447s] PRUNE: margin=-4.250000, optimistic_rem(widened)=2.750000 → cannot exceed 0.
[ 35.840s] PRUNE: margin=-4.250000, optimistic_rem(widened)=4.250000 → cannot exceed 0.
[ 36.135s] PRUNE: margin=-4.250000, optimistic_rem(widened)=0.000000 → cannot exceed 0.
[ 36.332s] PRUNE: margin=-4.250000, optimistic_rem(widened)=2.750000 → cannot exceed 0.
[ 36.529s] PRUNE: margin=-4.250000, optimistic_rem(widened)=2.750000 → cannot exceed 0.
[ 36.726s] PRUNE: margin=-4.250000, optimistic_rem(widened)=0.000000 → cannot exceed 0.
[ 36.922s] PRUNE: margin=-4.250000, optimistic_rem(widened)=0.000000 → cannot exceed 0.
[ 37.119s] PRUNE: margin=-4.250000, optimistic_rem(widened)=0.000000 → cannot exceed 0.
[ 37.316s] PRUNE: margin=-4.250000, optimistic_rem(widened)=0.000000 → cannot exceed 0.
[ 37.512s] PRUNE: margin=-4.250000, optimistic_rem(widened)=0.000000 → cannot exceed 0.
[ 37.906s] PRUNE: margin=-4.250000, optimistic_rem(widened)=0.000000 → cannot exceed 0.
[ 38.103s] PRUNE: margin=-4.250000, optimistic_rem(widened)=2.750000 → cannot exceed 0.
[ 38.299s] PRUNE: margin=-4.250000, optimistic_rem(widened)=0.000000 → cannot exceed 0.
[ 38.496s] PRUNE: margin=-4.250000, optimistic_rem(widened)=0.000000 → cannot exceed 0.
[ 38.693s] PRUNE: margin=-4.250000, optimistic_rem(widened)=0.000000 → cannot exceed 0.
[ 38.890s] PRUNE: margin=-4.250000, optimistic_rem(widened)=0.000000 → cannot exceed 0.
[ 39.086s] PRUNE: margin=-4.250000, optimistic_rem(widened)=0.000000 → cannot exceed 0.
[ 39.480s] PRUNE: margin=-4.250000, optimistic_rem(widened)=0.000000 → cannot exceed 0.
[ 39.677s] PRUNE: margin=-4.250000, optimistic_rem(widened)=0.000000 → cannot exceed 0.
[ 39.873s] PRUNE: margin=-4.250000, optimistic_rem(widened)=0.000000 → cannot exceed 0.
[ 40.070s] PRUNE: margin=-4.250000, optimistic_rem(widened)=0.000000 → cannot exceed 0.
[ 40.267s] PRUNE: margin=-4.250000, optimistic_rem(widened)=0.000000 → cannot exceed 0.
[ 40.464s] PRUNE: margin=-4.250000, optimistic_rem(widened)=0.000000 → cannot exceed 0.
[ 40.759s] PRUNE: margin=-4.250000, optimistic_rem(widened)=2.250000 → cannot exceed 0.
[ 40.956s] PRUNE: margin=-4.250000, optimistic_rem(widened)=2.250000 → cannot exceed 0.
[ 41.152s] PRUNE: margin=-4.250000, optimistic_rem(widened)=2.250000 → cannot exceed 0.
[ 41.349s] PRUNE: margin=-4.250000, optimistic_rem(widened)=2.250000 → cannot exceed 0.
[ 41.546s] PRUNE: margin=-4.250000, optimistic_rem(widened)=2.250000 → cannot exceed 0.
[ 41.743s] PRUNE: margin=-4.250000, optimistic_rem(widened)=2.250000 → cannot exceed 0.
[ 42.234s] PRUNE: margin=-4.250000, optimistic_rem(widened)=0.000000 → cannot exceed 0.
[ 42.431s] PRUNE: margin=-4.250000, optimistic_rem(widened)=2.750000 → cannot exceed 0.
[ 42.628s] PRUNE: margin=-4.250000, optimistic_rem(widened)=2.750000 → cannot exceed 0.
[ 42.825s] PRUNE: margin=-4.250000, optimistic_rem(widened)=0.000000 → cannot exceed 0.
[ 43.021s] PRUNE: margin=-4.250000, optimistic_rem(widened)=0.000000 → cannot exceed 0.
[ 43.218s] PRUNE: margin=-4.250000, optimistic_rem(widened)=0.000000 → cannot exceed 0.
[ 43.415s] PRUNE: margin=-4.250000, optimistic_rem(widened)=0.000000 → cannot exceed 0.
[ 43.612s] PRUNE: margin=-4.250000, optimistic_rem(widened)=0.000000 → cannot exceed 0.
[ 44.005s] PRUNE: margin=-4.250000, optimistic_rem(widened)=0.000000 → cannot exceed 0.
[ 44.202s] PRUNE: margin=-4.250000, optimistic_rem(widened)=2.750000 → cannot exceed 0.
[ 44.398s] PRUNE: margin=-4.250000, optimistic_rem(widened)=0.000000 → cannot exceed 0.
[ 44.595s] PRUNE: margin=-4.250000, optimistic_rem(widened)=0.000000 → cannot exceed 0.
[ 44.792s] PRUNE: margin=-4.250000, optimistic_rem(widened)=0.000000 → cannot exceed 0.
[ 44.989s] PRUNE: margin=-4.250000, optimistic_rem(widened)=0.000000 → cannot exceed 0.
[ 45.185s] PRUNE: margin=-4.250000, optimistic_rem(widened)=0.000000 → cannot exceed 0.
[ 45.579s] PRUNE: margin=-4.250000, optimistic_rem(widened)=0.000000 → cannot exceed 0.
[ 45.775s] PRUNE: margin=-4.250000, optimistic_rem(widened)=0.000000 → cannot exceed 0.
[ 45.972s] PRUNE: margin=-4.250000, optimistic_rem(widened)=0.000000 → cannot exceed 0.
[ 46.169s] PRUNE: margin=-4.250000, optimistic_rem(widened)=0.000000 → cannot exceed 0.
[ 46.366s] PRUNE: margin=-4.250000, optimistic_rem(widened)=0.000000 → cannot exceed 0.
[ 46.563s] PRUNE: margin=-4.250000, optimistic_rem(widened)=0.000000 → cannot exceed 0.
[ 46.858s] PRUNE: margin=-4.250000, optimistic_rem(widened)=2.250000 → cannot exceed 0.
[ 47.055s] PRUNE: margin=-4.250000, optimistic_rem(widened)=2.250000 → cannot exceed 0.
[ 47.251s] PRUNE: margin=-4.250000, optimistic_rem(widened)=2.250000 → cannot exceed 0.
[ 47.448s] PRUNE: margin=-4.250000, optimistic_rem(widened)=2.250000 → cannot exceed 0.
[ 47.645s] PRUNE: margin=-4.250000, optimistic_rem(widened)=2.250000 → cannot exceed 0.
[ 47.842s] PRUNE: margin=-4.250000, optimistic_rem(widened)=2.250000 → cannot exceed 0.
[ 48.333s] PRUNE: margin=-4.125000, optimistic_rem(widened)=3.000000 → cannot exceed 0.
[ 48.530s] PRUNE: margin=-4.250000, optimistic_rem(widened)=0.000000 → cannot exceed 0.
[ 48.727s] PRUNE: margin=-4.250000, optimistic_rem(widened)=0.000000 → cannot exceed 0.
[ 48.924s] PRUNE: margin=-4.250000, optimistic_rem(widened)=0.000000 → cannot exceed 0.
[ 49.120s] PRUNE: margin=-4.250000, optimistic_rem(widened)=0.000000 → cannot exceed 0.
[ 49.317s] PRUNE: margin=-4.250000, optimistic_rem(widened)=0.000000 → cannot exceed 0.
[ 49.514s] PRUNE: margin=-4.250000, optimistic_rem(widened)=0.000000 → cannot exceed 0.
[ 49.907s] PRUNE: margin=-4.250000, optimistic_rem(widened)=0.000000 → cannot exceed 0.
[ 50.104s] PRUNE: margin=-4.250000, optimistic_rem(widened)=0.000000 → cannot exceed 0.
[ 50.301s] PRUNE: margin=-4.250000, optimistic_rem(widened)=0.000000 → cannot exceed 0.
[ 50.498s] PRUNE: margin=-4.250000, optimistic_rem(widened)=0.000000 → cannot exceed 0.
[ 50.694s] PRUNE: margin=-4.250000, optimistic_rem(widened)=0.000000 → cannot exceed 0.
[ 50.891s] PRUNE: margin=-4.250000, optimistic_rem(widened)=0.000000 → cannot exceed 0.
[ 51.187s] PRUNE: margin=-4.250000, optimistic_rem(widened)=2.250000 → cannot exceed 0.
[ 51.383s] PRUNE: margin=-4.250000, optimistic_rem(widened)=2.250000 → cannot exceed 0.
[ 51.580s] PRUNE: margin=-4.250000, optimistic_rem(widened)=2.250000 → cannot exceed 0.
[ 51.777s] PRUNE: margin=-4.250000, optimistic_rem(widened)=2.250000 → cannot exceed 0.
[ 51.974s] PRUNE: margin=-4.250000, optimistic_rem(widened)=2.250000 → cannot exceed 0.
[ 52.171s] PRUNE: margin=-4.250000, optimistic_rem(widened)=2.250000 → cannot exceed 0.
[ 52.564s] PRUNE: margin=-4.250000, optimistic_rem(widened)=2.250000 → cannot exceed 0.
[ 52.859s] PRUNE: margin=-4.250000, optimistic_rem(widened)=0.000000 → cannot exceed 0.
[ 53.056s] PRUNE: margin=-4.250000, optimistic_rem(widened)=0.000000 → cannot exceed 0.
[ 53.253s] PRUNE: margin=-4.250000, optimistic_rem(widened)=0.000000 → cannot exceed 0.
[ 53.450s] PRUNE: margin=-4.250000, optimistic_rem(widened)=0.000000 → cannot exceed 0.
[ 53.647s] PRUNE: margin=-4.250000, optimistic_rem(widened)=0.000000 → cannot exceed 0.
[ 53.942s] PRUNE: margin=-4.250000, optimistic_rem(widened)=2.250000 → cannot exceed 0.
[ 54.139s] PRUNE: margin=-4.250000, optimistic_rem(widened)=2.250000 → cannot exceed 0.
[ 54.335s] PRUNE: margin=-4.250000, optimistic_rem(widened)=2.250000 → cannot exceed 0.
[ 54.532s] PRUNE: margin=-4.250000, optimistic_rem(widened)=2.250000 → cannot exceed 0.
[ 54.729s] PRUNE: margin=-4.250000, optimistic_rem(widened)=2.250000 → cannot exceed 0.
[ 55.122s] PRUNE: margin=-4.250000, optimistic_rem(widened)=2.250000 → cannot exceed 0.
[ 55.319s] PRUNE: margin=-4.250000, optimistic_rem(widened)=2.250000 → cannot exceed 0.
[ 55.516s] PRUNE: margin=-4.250000, optimistic_rem(widened)=2.250000 → cannot exceed 0.
[ 55.712s] PRUNE: margin=-4.250000, optimistic_rem(widened)=2.250000 → cannot exceed 0.
[ 55.909s] PRUNE: margin=-4.250000, optimistic_rem(widened)=2.250000 → cannot exceed 0.
[ 56.106s] PRUNE: margin=-4.250000, optimistic_rem(widened)=2.250000 → cannot exceed 0.
[ 56.401s] PRUNE: margin=-4.250000, optimistic_rem(widened)=3.750000 → cannot exceed 0.
[ 56.598s] PRUNE: margin=-4.250000, optimistic_rem(widened)=3.750000 → cannot exceed 0.
[ 56.795s] PRUNE: margin=-4.250000, optimistic_rem(widened)=3.750000 → cannot exceed 0.
[ 56.992s] PRUNE: margin=-4.250000, optimistic_rem(widened)=3.750000 → cannot exceed 0.
[ 57.188s] PRUNE: margin=-4.250000, optimistic_rem(widened)=4.250000 → cannot exceed 0.
[ 57.877s] PRUNE: margin=-2.875000, optimistic_rem(widened)=1.250000 → cannot exceed 0.
[ 58.173s] PRUNE: margin=-4.125000, optimistic_rem(widened)=3.000000 → cannot exceed 0.
[ 58.370s] PRUNE: margin=-4.125000, optimistic_rem(widened)=3.500000 → cannot exceed 0.
[ 58.567s] PRUNE: margin=-4.125000, optimistic_rem(widened)=3.500000 → cannot exceed 0.
[ 58.764s] PRUNE: margin=-4.125000, optimistic_rem(widened)=0.000000 → cannot exceed 0.
[ 58.960s] PRUNE: margin=-4.125000, optimistic_rem(widened)=0.000000 → cannot exceed 0.
[ 59.157s] PRUNE: margin=-4.125000, optimistic_rem(widened)=0.000000 → cannot exceed 0.
[ 59.354s] PRUNE: margin=-4.125000, optimistic_rem(widened)=0.000000 → cannot exceed 0.
[ 59.551s] PRUNE: margin=-4.125000, optimistic_rem(widened)=0.000000 → cannot exceed 0.
[ 59.748s] PRUNE: margin=-4.250000, optimistic_rem(widened)=0.000000 → cannot exceed 0.
[ 60.141s] PRUNE: margin=-4.125000, optimistic_rem(widened)=3.500000 → cannot exceed 0.
[ 60.338s] PRUNE: margin=-4.125000, optimistic_rem(widened)=3.500000 → cannot exceed 0.
[ 60.535s] PRUNE: margin=-4.125000, optimistic_rem(widened)=0.000000 → cannot exceed 0.
[ 60.731s] PRUNE: margin=-4.125000, optimistic_rem(widened)=0.000000 → cannot exceed 0.
[ 60.928s] PRUNE: margin=-4.125000, optimistic_rem(widened)=0.000000 → cannot exceed 0.
[ 61.125s] PRUNE: margin=-4.125000, optimistic_rem(widened)=0.000000 → cannot exceed 0.
[ 61.322s] PRUNE: margin=-4.125000, optimistic_rem(widened)=0.000000 → cannot exceed 0.
[ 61.519s] PRUNE: margin=-4.250000, optimistic_rem(widened)=0.000000 → cannot exceed 0.
[ 61.912s] PRUNE: margin=-2.875000, optimistic_rem(widened)=0.000000 → cannot exceed 0.
[ 62.106s] PRUNE: margin=-4.125000, optimistic_rem(widened)=0.000000 → cannot exceed 0.
[ 62.303s] PRUNE: margin=-4.125000, optimistic_rem(widened)=0.000000 → cannot exceed 0.
[ 62.500s] PRUNE: margin=-4.125000, optimistic_rem(widened)=0.000000 → cannot exceed 0.
[ 62.697s] PRUNE: margin=-4.125000, optimistic_rem(widened)=0.000000 → cannot exceed 0.
[ 62.894s] PRUNE: margin=-4.125000, optimistic_rem(widened)=0.000000 → cannot exceed 0.
[ 63.090s] PRUNE: margin=-4.125000, optimistic_rem(widened)=3.500000 → cannot exceed 0.
[ 63.484s] PRUNE: margin=-2.750000, optimistic_rem(widened)=0.000000 → cannot exceed 0.
[ 63.681s] PRUNE: margin=-2.875000, optimistic_rem(widened)=0.000000 → cannot exceed 0.
[ 63.877s] PRUNE: margin=-4.125000, optimistic_rem(widened)=0.000000 → cannot exceed 0.
[ 64.025s] PRUNE: margin=-4.125000, optimistic_rem(widened)=0.000000 → cannot exceed 0.
[ 64.145s] PRUNE: margin=-4.125000, optimistic_rem(widened)=0.000000 → cannot exceed 0.
[ 64.261s] PRUNE: margin=-4.125000, optimistic_rem(widened)=0.000000 → cannot exceed 0.
[ 64.436s] PRUNE: margin=-4.125000, optimistic_rem(widened)=2.500000 → cannot exceed 0.
[ 64.552s] PRUNE: margin=-4.125000, optimistic_rem(widened)=2.500000 → cannot exceed 0.
[ 64.668s] PRUNE: margin=-4.125000, optimistic_rem(widened)=2.500000 → cannot exceed 0.
[ 64.784s] PRUNE: margin=-4.250000, optimistic_rem(widened)=2.500000 → cannot exceed 0.
[ 64.924s] PRUNE: margin=-4.125000, optimistic_rem(widened)=2.500000 → cannot exceed 0.
[ 65.065s] PRUNE: margin=-4.250000, optimistic_rem(widened)=2.500000 → cannot exceed 0.
[ 65.459s] PRUNE: margin=-3.000000, optimistic_rem(widened)=1.250000 → cannot exceed 0.
[ 65.655s] PRUNE: margin=-4.250000, optimistic_rem(widened)=3.000000 → cannot exceed 0.
[ 65.852s] PRUNE: margin=-4.250000, optimistic_rem(widened)=2.750000 → cannot exceed 0.
[ 66.028s] PRUNE: margin=-4.250000, optimistic_rem(widened)=2.750000 → cannot exceed 0.
[ 66.214s] PRUNE: margin=-4.250000, optimistic_rem(widened)=2.250000 → cannot exceed 0.
[ 66.400s] PRUNE: margin=-4.250000, optimistic_rem(widened)=2.500000 → cannot exceed 0.
[ 66.584s] PRUNE: margin=-4.250000, optimistic_rem(widened)=2.750000 → cannot exceed 0.
[ 66.768s] PRUNE: margin=-4.250000, optimistic_rem(widened)=2.750000 → cannot exceed 0.
[ 66.952s] PRUNE: margin=-4.250000, optimistic_rem(widened)=2.750000 → cannot exceed 0.
[ 67.136s] PRUNE: margin=-4.250000, optimistic_rem(widened)=2.750000 → cannot exceed 0.
[ 67.594s] PRUNE: margin=-4.250000, optimistic_rem(widened)=2.750000 → cannot exceed 0.
[ 67.780s] PRUNE: margin=-4.250000, optimistic_rem(widened)=2.750000 → cannot exceed 0.
[ 67.962s] PRUNE: margin=-4.250000, optimistic_rem(widened)=0.000000 → cannot exceed 0.
[ 68.078s] PRUNE: margin=-4.250000, optimistic_rem(widened)=0.000000 → cannot exceed 0.
[ 68.238s] PRUNE: margin=-4.250000, optimistic_rem(widened)=0.000000 → cannot exceed 0.
[ 68.436s] PRUNE: margin=-4.250000, optimistic_rem(widened)=0.000000 → cannot exceed 0.
[ 68.632s] PRUNE: margin=-4.250000, optimistic_rem(widened)=0.000000 → cannot exceed 0.
[ 68.829s] PRUNE: margin=-4.250000, optimistic_rem(widened)=0.000000 → cannot exceed 0.
[ 69.221s] PRUNE: margin=-4.125000, optimistic_rem(widened)=3.000000 → cannot exceed 0.
[ 69.417s] PRUNE: margin=-4.250000, optimistic_rem(widened)=0.000000 → cannot exceed 0.
[ 69.613s] PRUNE: margin=-4.250000, optimistic_rem(widened)=0.000000 → cannot exceed 0.
[ 69.810s] PRUNE: margin=-4.250000, optimistic_rem(widened)=0.000000 → cannot exceed 0.
[ 70.006s] PRUNE: margin=-4.250000, optimistic_rem(widened)=0.000000 → cannot exceed 0.
[ 70.202s] PRUNE: margin=-4.250000, optimistic_rem(widened)=0.000000 → cannot exceed 0.
[ 70.398s] PRUNE: margin=-4.250000, optimistic_rem(widened)=0.000000 → cannot exceed 0.
[ 70.791s] PRUNE: margin=-4.250000, optimistic_rem(widened)=0.000000 → cannot exceed 0.
[ 70.987s] PRUNE: margin=-4.250000, optimistic_rem(widened)=0.000000 → cannot exceed 0.
[ 71.183s] PRUNE: margin=-4.250000, optimistic_rem(widened)=0.000000 → cannot exceed 0.
[ 71.380s] PRUNE: margin=-4.250000, optimistic_rem(widened)=0.000000 → cannot exceed 0.
[ 71.576s] PRUNE: margin=-4.250000, optimistic_rem(widened)=0.000000 → cannot exceed 0.
[ 71.772s] PRUNE: margin=-4.250000, optimistic_rem(widened)=0.000000 → cannot exceed 0.
[ 72.066s] PRUNE: margin=-4.250000, optimistic_rem(widened)=2.250000 → cannot exceed 0.
[ 72.263s] PRUNE: margin=-4.250000, optimistic_rem(widened)=2.250000 → cannot exceed 0.
[ 72.459s] PRUNE: margin=-4.250000, optimistic_rem(widened)=2.250000 → cannot exceed 0.
[ 72.655s] PRUNE: margin=-4.250000, optimistic_rem(widened)=2.250000 → cannot exceed 0.
[ 72.851s] PRUNE: margin=-4.250000, optimistic_rem(widened)=2.250000 → cannot exceed 0.
[ 73.048s] PRUNE: margin=-4.250000, optimistic_rem(widened)=2.250000 → cannot exceed 0.
[ 73.538s] PRUNE: margin=-4.125000, optimistic_rem(widened)=3.000000 → cannot exceed 0.
[ 73.735s] PRUNE: margin=-4.250000, optimistic_rem(widened)=0.000000 → cannot exceed 0.
[ 73.931s] PRUNE: margin=-4.250000, optimistic_rem(widened)=0.000000 → cannot exceed 0.
[ 74.127s] PRUNE: margin=-4.250000, optimistic_rem(widened)=0.000000 → cannot exceed 0.
[ 74.323s] PRUNE: margin=-4.250000, optimistic_rem(widened)=0.000000 → cannot exceed 0.
[ 74.520s] PRUNE: margin=-4.250000, optimistic_rem(widened)=0.000000 → cannot exceed 0.
[ 74.716s] PRUNE: margin=-4.250000, optimistic_rem(widened)=0.000000 → cannot exceed 0.
[ 75.108s] PRUNE: margin=-4.250000, optimistic_rem(widened)=0.000000 → cannot exceed 0.
[ 75.304s] PRUNE: margin=-4.250000, optimistic_rem(widened)=0.000000 → cannot exceed 0.
[ 75.501s] PRUNE: margin=-4.250000, optimistic_rem(widened)=0.000000 → cannot exceed 0.
[ 75.697s] PRUNE: margin=-4.250000, optimistic_rem(widened)=0.000000 → cannot exceed 0.
[ 75.893s] PRUNE: margin=-4.250000, optimistic_rem(widened)=0.000000 → cannot exceed 0.
[ 76.089s] PRUNE: margin=-4.250000, optimistic_rem(widened)=0.000000 → cannot exceed 0.
[ 76.383s] PRUNE: margin=-4.250000, optimistic_rem(widened)=2.250000 → cannot exceed 0.
[ 76.580s] PRUNE: margin=-4.250000, optimistic_rem(widened)=2.250000 → cannot exceed 0.
[ 76.776s] PRUNE: margin=-4.250000, optimistic_rem(widened)=2.250000 → cannot exceed 0.
[ 76.972s] PRUNE: margin=-4.250000, optimistic_rem(widened)=2.250000 → cannot exceed 0.
[ 77.168s] PRUNE: margin=-4.250000, optimistic_rem(widened)=2.250000 → cannot exceed 0.
[ 77.364s] PRUNE: margin=-4.250000, optimistic_rem(widened)=2.250000 → cannot exceed 0.
[ 77.757s] PRUNE: margin=-4.250000, optimistic_rem(widened)=2.250000 → cannot exceed 0.
[ 78.051s] PRUNE: margin=-4.125000, optimistic_rem(widened)=0.000000 → cannot exceed 0.
[ 78.247s] PRUNE: margin=-4.125000, optimistic_rem(widened)=0.000000 → cannot exceed 0.
[ 78.443s] PRUNE: margin=-4.125000, optimistic_rem(widened)=0.000000 → cannot exceed 0.
[ 78.639s] PRUNE: margin=-4.125000, optimistic_rem(widened)=0.000000 → cannot exceed 0.
[ 78.836s] PRUNE: margin=-4.250000, optimistic_rem(widened)=0.000000 → cannot exceed 0.
[ 79.130s] PRUNE: margin=-4.250000, optimistic_rem(widened)=2.250000 → cannot exceed 0.
[ 79.326s] PRUNE: margin=-4.250000, optimistic_rem(widened)=2.250000 → cannot exceed 0.
[ 79.522s] PRUNE: margin=-4.250000, optimistic_rem(widened)=2.250000 → cannot exceed 0.
[ 79.718s] PRUNE: margin=-4.250000, optimistic_rem(widened)=2.250000 → cannot exceed 0.
[ 79.915s] PRUNE: margin=-4.250000, optimistic_rem(widened)=2.250000 → cannot exceed 0.
[ 80.307s] PRUNE: margin=-4.250000, optimistic_rem(widened)=2.250000 → cannot exceed 0.
[ 80.503s] PRUNE: margin=-4.250000, optimistic_rem(widened)=2.250000 → cannot exceed 0.
[ 80.699s] PRUNE: margin=-4.250000, optimistic_rem(widened)=2.250000 → cannot exceed 0.
[ 80.895s] PRUNE: margin=-4.250000, optimistic_rem(widened)=2.250000 → cannot exceed 0.
[ 81.091s] PRUNE: margin=-4.250000, optimistic_rem(widened)=2.250000 → cannot exceed 0.
[ 81.288s] PRUNE: margin=-4.250000, optimistic_rem(widened)=2.250000 → cannot exceed 0.
[ 81.582s] PRUNE: margin=-4.250000, optimistic_rem(widened)=3.750000 → cannot exceed 0.
[ 81.778s] PRUNE: margin=-4.250000, optimistic_rem(widened)=3.750000 → cannot exceed 0.
[ 81.974s] PRUNE: margin=-4.250000, optimistic_rem(widened)=3.750000 → cannot exceed 0.
[ 82.192s] PRUNE: margin=-4.250000, optimistic_rem(widened)=4.250000 → cannot exceed 0.
[ 82.388s] PRUNE: margin=-4.250000, optimistic_rem(widened)=4.000000 → cannot exceed 0.
[ 83.075s] PRUNE: margin=-2.875000, optimistic_rem(widened)=1.250000 → cannot exceed 0.
[ 83.271s] PRUNE: margin=-4.125000, optimistic_rem(widened)=2.500000 → cannot exceed 0.
[ 83.467s] PRUNE: margin=-4.125000, optimistic_rem(widened)=2.500000 → cannot exceed 0.
[ 83.666s] PRUNE: margin=-4.125000, optimistic_rem(widened)=2.500000 → cannot exceed 0.
[ 83.881s] PRUNE: margin=-4.125000, optimistic_rem(widened)=2.500000 → cannot exceed 0.
[ 84.175s] PRUNE: margin=-4.125000, optimistic_rem(widened)=3.500000 → cannot exceed 0.
[ 84.371s] PRUNE: margin=-4.125000, optimistic_rem(widened)=3.500000 → cannot exceed 0.
[ 84.567s] PRUNE: margin=-4.125000, optimistic_rem(widened)=0.000000 → cannot exceed 0.
[ 84.763s] PRUNE: margin=-4.125000, optimistic_rem(widened)=0.000000 → cannot exceed 0.
[ 85.156s] PRUNE: margin=-4.125000, optimistic_rem(widened)=3.500000 → cannot exceed 0.
[ 85.352s] PRUNE: margin=-4.125000, optimistic_rem(widened)=0.000000 → cannot exceed 0.
[ 85.548s] PRUNE: margin=-4.125000, optimistic_rem(widened)=0.000000 → cannot exceed 0.
[ 85.941s] PRUNE: margin=-4.125000, optimistic_rem(widened)=0.000000 → cannot exceed 0.
[ 86.137s] PRUNE: margin=-4.125000, optimistic_rem(widened)=0.000000 → cannot exceed 0.
[ 86.432s] PRUNE: margin=-4.125000, optimistic_rem(widened)=2.500000 → cannot exceed 0.
[ 86.628s] PRUNE: margin=-4.125000, optimistic_rem(widened)=2.500000 → cannot exceed 0.
[ 87.020s] PRUNE: margin=-2.875000, optimistic_rem(widened)=1.250000 → cannot exceed 0.
[ 87.216s] PRUNE: margin=-3.000000, optimistic_rem(widened)=1.250000 → cannot exceed 0.
[ 87.413s] PRUNE: margin=-4.250000, optimistic_rem(widened)=2.250000 → cannot exceed 0.
[ 87.609s] PRUNE: margin=-4.250000, optimistic_rem(widened)=2.750000 → cannot exceed 0.
[ 87.805s] PRUNE: margin=-4.250000, optimistic_rem(widened)=2.750000 → cannot exceed 0.
[ 88.001s] PRUNE: margin=-4.250000, optimistic_rem(widened)=2.750000 → cannot exceed 0.
[ 88.198s] PRUNE: margin=-4.250000, optimistic_rem(widened)=2.750000 → cannot exceed 0.
[ 88.394s] PRUNE: margin=-4.250000, optimistic_rem(widened)=2.750000 → cannot exceed 0.
[ 88.590s] PRUNE: margin=-4.250000, optimistic_rem(widened)=2.750000 → cannot exceed 0.
[ 88.983s] PRUNE: margin=-4.250000, optimistic_rem(widened)=2.250000 → cannot exceed 0.
[ 89.179s] PRUNE: margin=-4.250000, optimistic_rem(widened)=2.250000 → cannot exceed 0.
[ 89.375s] PRUNE: margin=-4.250000, optimistic_rem(widened)=2.500000 → cannot exceed 0.
[ 89.572s] PRUNE: margin=-4.250000, optimistic_rem(widened)=2.250000 → cannot exceed 0.
[ 89.768s] PRUNE: margin=-4.250000, optimistic_rem(widened)=2.250000 → cannot exceed 0.
[ 89.964s] PRUNE: margin=-4.250000, optimistic_rem(widened)=2.250000 → cannot exceed 0.
[ 90.160s] PRUNE: margin=-4.250000, optimistic_rem(widened)=2.250000 → cannot exceed 0.
[ 90.357s] PRUNE: margin=-4.250000, optimistic_rem(widened)=2.250000 → cannot exceed 0.
[ 90.847s] PRUNE: margin=-4.250000, optimistic_rem(widened)=2.750000 → cannot exceed 0.
[ 91.043s] PRUNE: margin=-4.250000, optimistic_rem(widened)=0.000000 → cannot exceed 0.
[ 91.240s] PRUNE: margin=-4.250000, optimistic_rem(widened)=0.000000 → cannot exceed 0.
[ 91.436s] PRUNE: margin=-4.250000, optimistic_rem(widened)=0.000000 → cannot exceed 0.
[ 91.632s] PRUNE: margin=-4.250000, optimistic_rem(widened)=0.000000 → cannot exceed 0.
[ 91.828s] PRUNE: margin=-4.250000, optimistic_rem(widened)=0.000000 → cannot exceed 0.
[ 92.202s] PRUNE: margin=-4.250000, optimistic_rem(widened)=0.000000 → cannot exceed 0.
[ 92.398s] PRUNE: margin=-4.250000, optimistic_rem(widened)=0.000000 → cannot exceed 0.
[ 92.594s] PRUNE: margin=-4.250000, optimistic_rem(widened)=0.000000 → cannot exceed 0.
[ 92.791s] PRUNE: margin=-4.250000, optimistic_rem(widened)=0.000000 → cannot exceed 0.
[ 92.987s] PRUNE: margin=-4.250000, optimistic_rem(widened)=0.000000 → cannot exceed 0.
[ 93.281s] PRUNE: margin=-4.250000, optimistic_rem(widened)=2.250000 → cannot exceed 0.
[ 93.477s] PRUNE: margin=-4.250000, optimistic_rem(widened)=2.250000 → cannot exceed 0.
[ 93.674s] PRUNE: margin=-4.250000, optimistic_rem(widened)=2.250000 → cannot exceed 0.
[ 93.870s] PRUNE: margin=-4.250000, optimistic_rem(widened)=2.250000 → cannot exceed 0.
[ 94.066s] PRUNE: margin=-4.250000, optimistic_rem(widened)=2.250000 → cannot exceed 0.
[ 94.556s] PRUNE: margin=-4.250000, optimistic_rem(widened)=0.000000 → cannot exceed 0.
[ 94.753s] PRUNE: margin=-4.250000, optimistic_rem(widened)=0.000000 → cannot exceed 0.
[ 94.949s] PRUNE: margin=-4.250000, optimistic_rem(widened)=0.000000 → cannot exceed 0.
[ 95.145s] PRUNE: margin=-4.250000, optimistic_rem(widened)=0.000000 → cannot exceed 0.
[ 95.341s] PRUNE: margin=-4.250000, optimistic_rem(widened)=0.000000 → cannot exceed 0.
[ 95.636s] PRUNE: margin=-4.250000, optimistic_rem(widened)=2.250000 → cannot exceed 0.
[ 95.832s] PRUNE: margin=-4.250000, optimistic_rem(widened)=2.250000 → cannot exceed 0.
[ 96.028s] PRUNE: margin=-4.250000, optimistic_rem(widened)=2.250000 → cannot exceed 0.
[ 96.224s] PRUNE: margin=-4.250000, optimistic_rem(widened)=2.250000 → cannot exceed 0.
[ 96.420s] PRUNE: margin=-4.250000, optimistic_rem(widened)=2.250000 → cannot exceed 0.
[ 96.813s] PRUNE: margin=-4.250000, optimistic_rem(widened)=2.250000 → cannot exceed 0.
[ 97.009s] PRUNE: margin=-4.250000, optimistic_rem(widened)=2.250000 → cannot exceed 0.
[ 97.205s] PRUNE: margin=-4.250000, optimistic_rem(widened)=2.250000 → cannot exceed 0.
[ 97.401s] PRUNE: margin=-4.250000, optimistic_rem(widened)=2.250000 → cannot exceed 0.
[ 97.597s] PRUNE: margin=-4.250000, optimistic_rem(widened)=2.250000 → cannot exceed 0.
[ 97.891s] PRUNE: margin=-4.250000, optimistic_rem(widened)=4.000000 → cannot exceed 0.
[ 98.088s] PRUNE: margin=-4.250000, optimistic_rem(widened)=4.000000 → cannot exceed 0.
[ 98.284s] PRUNE: margin=-4.250000, optimistic_rem(widened)=4.000000 → cannot exceed 0.
[ 98.480s] PRUNE: margin=-4.250000, optimistic_rem(widened)=4.000000 → cannot exceed 0.
[ 99.167s] PRUNE: margin=-2.375000, optimistic_rem(widened)=0.750000 → cannot exceed 0.
[ 99.363s] PRUNE: margin=-2.875000, optimistic_rem(widened)=1.000000 → cannot exceed 0.
[ 99.657s] PRUNE: margin=-4.125000, optimistic_rem(widened)=0.000000 → cannot exceed 0.
[ 99.853s] PRUNE: margin=-4.125000, optimistic_rem(widened)=3.500000 → cannot exceed 0.
[100.050s] PRUNE: margin=-4.125000, optimistic_rem(widened)=0.000000 → cannot exceed 0.
[100.246s] PRUNE: margin=-4.125000, optimistic_rem(widened)=0.000000 → cannot exceed 0.
[100.442s] PRUNE: margin=-4.125000, optimistic_rem(widened)=0.000000 → cannot exceed 0.
[100.638s] PRUNE: margin=-4.125000, optimistic_rem(widened)=0.000000 → cannot exceed 0.
[101.031s] PRUNE: margin=-4.125000, optimistic_rem(widened)=0.000000 → cannot exceed 0.
[101.227s] PRUNE: margin=-4.125000, optimistic_rem(widened)=0.000000 → cannot exceed 0.
[101.423s] PRUNE: margin=-4.125000, optimistic_rem(widened)=0.000000 → cannot exceed 0.
[101.619s] PRUNE: margin=-4.125000, optimistic_rem(widened)=0.000000 → cannot exceed 0.
[101.816s] PRUNE: margin=-4.125000, optimistic_rem(widened)=0.000000 → cannot exceed 0.
[102.110s] PRUNE: margin=-4.125000, optimistic_rem(widened)=2.750000 → cannot exceed 0.
[102.306s] PRUNE: margin=-4.125000, optimistic_rem(widened)=2.750000 → cannot exceed 0.
[102.502s] PRUNE: margin=-4.125000, optimistic_rem(widened)=2.500000 → cannot exceed 0.
[102.699s] PRUNE: margin=-4.125000, optimistic_rem(widened)=2.750000 → cannot exceed 0.
[102.895s] PRUNE: margin=-4.125000, optimistic_rem(widened)=2.750000 → cannot exceed 0.
[103.287s] PRUNE: margin=-2.500000, optimistic_rem(widened)=1.250000 → cannot exceed 0.
[103.485s] PRUNE: margin=-4.250000, optimistic_rem(widened)=2.250000 → cannot exceed 0.
[103.682s] PRUNE: margin=-4.250000, optimistic_rem(widened)=2.250000 → cannot exceed 0.
[103.878s] PRUNE: margin=-4.250000, optimistic_rem(widened)=2.250000 → cannot exceed 0.
[104.074s] PRUNE: margin=-4.250000, optimistic_rem(widened)=2.250000 → cannot exceed 0.
[104.270s] PRUNE: margin=-4.250000, optimistic_rem(widened)=2.250000 → cannot exceed 0.
[104.467s] PRUNE: margin=-4.250000, optimistic_rem(widened)=2.250000 → cannot exceed 0.
[104.663s] PRUNE: margin=-4.250000, optimistic_rem(widened)=2.250000 → cannot exceed 0.
[105.055s] PRUNE: margin=-2.875000, optimistic_rem(widened)=1.250000 → cannot exceed 0.
[105.252s] PRUNE: margin=-3.000000, optimistic_rem(widened)=1.250000 → cannot exceed 0.
[105.448s] PRUNE: margin=-4.250000, optimistic_rem(widened)=2.500000 → cannot exceed 0.
[105.644s] PRUNE: margin=-4.250000, optimistic_rem(widened)=2.500000 → cannot exceed 0.
[105.840s] PRUNE: margin=-4.250000, optimistic_rem(widened)=2.500000 → cannot exceed 0.
[106.037s] PRUNE: margin=-4.250000, optimistic_rem(widened)=2.500000 → cannot exceed 0.
[106.233s] PRUNE: margin=-4.250000, optimistic_rem(widened)=2.500000 → cannot exceed 0.
[106.723s] PRUNE: margin=-4.250000, optimistic_rem(widened)=0.000000 → cannot exceed 0.
[106.920s] PRUNE: margin=-4.250000, optimistic_rem(widened)=0.000000 → cannot exceed 0.
[107.116s] PRUNE: margin=-4.250000, optimistic_rem(widened)=0.000000 → cannot exceed 0.
[107.312s] PRUNE: margin=-4.250000, optimistic_rem(widened)=0.000000 → cannot exceed 0.
[107.508s] PRUNE: margin=-4.250000, optimistic_rem(widened)=0.000000 → cannot exceed 0.
[107.803s] PRUNE: margin=-4.250000, optimistic_rem(widened)=2.250000 → cannot exceed 0.
[107.999s] PRUNE: margin=-4.250000, optimistic_rem(widened)=2.250000 → cannot exceed 0.
[108.195s] PRUNE: margin=-4.250000, optimistic_rem(widened)=2.250000 → cannot exceed 0.
[108.391s] PRUNE: margin=-4.250000, optimistic_rem(widened)=2.250000 → cannot exceed 0.
[108.587s] PRUNE: margin=-4.250000, optimistic_rem(widened)=2.250000 → cannot exceed 0.
[108.980s] PRUNE: margin=-4.250000, optimistic_rem(widened)=2.250000 → cannot exceed 0.
[109.176s] PRUNE: margin=-4.250000, optimistic_rem(widened)=2.250000 → cannot exceed 0.
[109.372s] PRUNE: margin=-4.250000, optimistic_rem(widened)=2.250000 → cannot exceed 0.
[109.568s] PRUNE: margin=-4.250000, optimistic_rem(widened)=2.250000 → cannot exceed 0.
[109.765s] PRUNE: margin=-4.250000, optimistic_rem(widened)=2.250000 → cannot exceed 0.
[110.059s] PRUNE: margin=-4.250000, optimistic_rem(widened)=4.000000 → cannot exceed 0.
[110.255s] PRUNE: margin=-4.250000, optimistic_rem(widened)=4.000000 → cannot exceed 0.
[110.451s] PRUNE: margin=-4.250000, optimistic_rem(widened)=4.000000 → cannot exceed 0.
[110.745s] PRUNE: margin=-4.250000, optimistic_rem(widened)=2.250000 → cannot exceed 0.
[111.432s] PRUNE: margin=-2.875000, optimistic_rem(widened)=2.250000 → cannot exceed 0.
[111.726s] PRUNE: margin=-4.125000, optimistic_rem(widened)=2.500000 → cannot exceed 0.
[111.923s] PRUNE: margin=-4.125000, optimistic_rem(widened)=2.500000 → cannot exceed 0.
[112.119s] PRUNE: margin=-4.125000, optimistic_rem(widened)=2.500000 → cannot exceed 0.
[112.316s] PRUNE: margin=-4.125000, optimistic_rem(widened)=2.500000 → cannot exceed 0.
[112.512s] PRUNE: margin=-4.250000, optimistic_rem(widened)=2.500000 → cannot exceed 0.
[112.710s] PRUNE: margin=-4.250000, optimistic_rem(widened)=2.500000 → cannot exceed 0.
[112.906s] PRUNE: margin=-4.250000, optimistic_rem(widened)=2.500000 → cannot exceed 0.
[113.300s] PRUNE: margin=-4.125000, optimistic_rem(widened)=2.500000 → cannot exceed 0.
[113.496s] PRUNE: margin=-4.250000, optimistic_rem(widened)=2.500000 → cannot exceed 0.
[113.693s] PRUNE: margin=-4.250000, optimistic_rem(widened)=2.500000 → cannot exceed 0.
[113.889s] PRUNE: margin=-4.250000, optimistic_rem(widened)=2.500000 → cannot exceed 0.
[114.085s] PRUNE: margin=-4.250000, optimistic_rem(widened)=2.500000 → cannot exceed 0.
[114.281s] PRUNE: margin=-4.250000, optimistic_rem(widened)=2.500000 → cannot exceed 0.
[114.674s] PRUNE: margin=-2.875000, optimistic_rem(widened)=1.000000 → cannot exceed 0.
[114.870s] PRUNE: margin=-4.250000, optimistic_rem(widened)=2.500000 → cannot exceed 0.
[115.067s] PRUNE: margin=-4.250000, optimistic_rem(widened)=2.500000 → cannot exceed 0.
[115.263s] PRUNE: margin=-4.250000, optimistic_rem(widened)=2.500000 → cannot exceed 0.
[115.459s] PRUNE: margin=-4.250000, optimistic_rem(widened)=2.500000 → cannot exceed 0.
[115.848s] PRUNE: margin=-4.125000, optimistic_rem(widened)=2.500000 → cannot exceed 0.
[116.044s] PRUNE: margin=-4.125000, optimistic_rem(widened)=2.500000 → cannot exceed 0.
[116.240s] PRUNE: margin=-4.250000, optimistic_rem(widened)=2.500000 → cannot exceed 0.
[116.437s] PRUNE: margin=-4.250000, optimistic_rem(widened)=2.500000 → cannot exceed 0.
[116.823s] PRUNE: margin=-4.125000, optimistic_rem(widened)=2.500000 → cannot exceed 0.
[117.019s] PRUNE: margin=-4.125000, optimistic_rem(widened)=2.500000 → cannot exceed 0.
[117.610s] PRUNE: margin=-4.125000, optimistic_rem(widened)=2.500000 → cannot exceed 0.
[117.807s] PRUNE: margin=-4.125000, optimistic_rem(widened)=2.500000 → cannot exceed 0.
[118.201s] PRUNE: margin=-4.125000, optimistic_rem(widened)=2.500000 → cannot exceed 0.
[119.087s] PRUNE: margin=-2.500000, optimistic_rem(widened)=1.500000 → cannot exceed 0.
[119.284s] PRUNE: margin=-2.500000, optimistic_rem(widened)=1.500000 → cannot exceed 0.
[119.481s] PRUNE: margin=-3.000000, optimistic_rem(widened)=0.000000 → cannot exceed 0.
[119.678s] PRUNE: margin=-3.000000, optimistic_rem(widened)=0.000000 → cannot exceed 0.
[119.875s] PRUNE: margin=-3.000000, optimistic_rem(widened)=2.000000 → cannot exceed 0.
[120.071s] PRUNE: margin=-3.000000, optimistic_rem(widened)=2.000000 → cannot exceed 0.
[120.465s] PRUNE: margin=-4.250000, optimistic_rem(widened)=0.000000 → cannot exceed 0.
[120.662s] PRUNE: margin=-4.250000, optimistic_rem(widened)=0.000000 → cannot exceed 0.
[120.859s] PRUNE: margin=-4.250000, optimistic_rem(widened)=3.750000 → cannot exceed 0.
[121.056s] PRUNE: margin=-4.250000, optimistic_rem(widened)=3.750000 → cannot exceed 0.
[121.253s] PRUNE: margin=-4.250000, optimistic_rem(widened)=3.750000 → cannot exceed 0.
[121.548s] PRUNE: margin=-4.250000, optimistic_rem(widened)=2.750000 → cannot exceed 0.
[121.745s] PRUNE: margin=-4.250000, optimistic_rem(widened)=2.750000 → cannot exceed 0.
[122.041s] PRUNE: margin=-4.250000, optimistic_rem(widened)=3.750000 → cannot exceed 0.
[122.238s] PRUNE: margin=-4.250000, optimistic_rem(widened)=3.750000 → cannot exceed 0.
[122.631s] PRUNE: margin=-4.250000, optimistic_rem(widened)=3.750000 → cannot exceed 0.
[123.419s] PRUNE: margin=-4.250000, optimistic_rem(widened)=0.000000 → cannot exceed 0.
[123.616s] PRUNE: margin=-4.250000, optimistic_rem(widened)=0.000000 → cannot exceed 0.
[123.812s] PRUNE: margin=-4.250000, optimistic_rem(widened)=3.750000 → cannot exceed 0.
[124.009s] PRUNE: margin=-4.250000, optimistic_rem(widened)=3.750000 → cannot exceed 0.
[124.206s] PRUNE: margin=-4.250000, optimistic_rem(widened)=3.750000 → cannot exceed 0.
[124.501s] PRUNE: margin=-4.250000, optimistic_rem(widened)=2.750000 → cannot exceed 0.
[124.698s] PRUNE: margin=-4.250000, optimistic_rem(widened)=2.750000 → cannot exceed 0.
[124.993s] PRUNE: margin=-4.250000, optimistic_rem(widened)=3.750000 → cannot exceed 0.
[125.190s] PRUNE: margin=-4.250000, optimistic_rem(widened)=3.750000 → cannot exceed 0.
[125.584s] PRUNE: margin=-4.250000, optimistic_rem(widened)=3.750000 → cannot exceed 0.
[126.174s] PRUNE: margin=-4.250000, optimistic_rem(widened)=3.750000 → cannot exceed 0.
[126.371s] PRUNE: margin=-4.250000, optimistic_rem(widened)=3.750000 → cannot exceed 0.
[126.765s] PRUNE: margin=-4.250000, optimistic_rem(widened)=3.750000 → cannot exceed 0.
[126.962s] PRUNE: margin=-4.250000, optimistic_rem(widened)=3.750000 → cannot exceed 0.
[127.355s] PRUNE: margin=-4.250000, optimistic_rem(widened)=3.250000 → cannot exceed 0.
[128.143s] PRUNE: margin=-4.250000, optimistic_rem(widened)=3.250000 → cannot exceed 0.
[129.619s] PRUNE: margin=-2.500000, optimistic_rem(widened)=2.250000 → cannot exceed 0.
[129.914s] PRUNE: margin=-4.250000, optimistic_rem(widened)=0.000000 → cannot exceed 0.
[130.111s] PRUNE: margin=-4.250000, optimistic_rem(widened)=0.000000 → cannot exceed 0.
[130.308s] PRUNE: margin=-4.250000, optimistic_rem(widened)=3.750000 → cannot exceed 0.
[130.505s] PRUNE: margin=-4.250000, optimistic_rem(widened)=3.750000 → cannot exceed 0.
[130.800s] PRUNE: margin=-4.250000, optimistic_rem(widened)=2.750000 → cannot exceed 0.
[130.997s] PRUNE: margin=-4.250000, optimistic_rem(widened)=2.750000 → cannot exceed 0.
[131.293s] PRUNE: margin=-4.250000, optimistic_rem(widened)=3.750000 → cannot exceed 0.
[132.080s] PRUNE: margin=-4.250000, optimistic_rem(widened)=0.000000 → cannot exceed 0.
[132.277s] PRUNE: margin=-4.250000, optimistic_rem(widened)=0.000000 → cannot exceed 0.
[132.474s] PRUNE: margin=-4.250000, optimistic_rem(widened)=3.750000 → cannot exceed 0.
[132.671s] PRUNE: margin=-4.250000, optimistic_rem(widened)=3.750000 → cannot exceed 0.
[132.966s] PRUNE: margin=-4.250000, optimistic_rem(widened)=2.750000 → cannot exceed 0.
[133.163s] PRUNE: margin=-4.250000, optimistic_rem(widened)=2.750000 → cannot exceed 0.
[133.458s] PRUNE: margin=-4.250000, optimistic_rem(widened)=3.750000 → cannot exceed 0.
[134.049s] PRUNE: margin=-4.250000, optimistic_rem(widened)=3.750000 → cannot exceed 0.
[134.246s] PRUNE: margin=-4.250000, optimistic_rem(widened)=3.750000 → cannot exceed 0.
[134.639s] PRUNE: margin=-4.250000, optimistic_rem(widened)=3.250000 → cannot exceed 0.
[136.115s] PRUNE: margin=-2.500000, optimistic_rem(widened)=2.250000 → cannot exceed 0.
[136.313s] PRUNE: margin=-3.000000, optimistic_rem(widened)=1.250000 → cannot exceed 0.
[136.509s] PRUNE: margin=-3.000000, optimistic_rem(widened)=1.250000 → cannot exceed 0.
[136.806s] PRUNE: margin=-3.000000, optimistic_rem(widened)=2.000000 → cannot exceed 0.
[137.495s] PRUNE: margin=-4.250000, optimistic_rem(widened)=2.750000 → cannot exceed 0.
[137.692s] PRUNE: margin=-4.250000, optimistic_rem(widened)=2.750000 → cannot exceed 0.
[137.987s] PRUNE: margin=-4.250000, optimistic_rem(widened)=3.750000 → cannot exceed 0.
[138.676s] PRUNE: margin=-4.250000, optimistic_rem(widened)=2.250000 → cannot exceed 0.
[138.873s] PRUNE: margin=-4.250000, optimistic_rem(widened)=2.250000 → cannot exceed 0.
[139.070s] PRUNE: margin=-4.250000, optimistic_rem(widened)=2.250000 → cannot exceed 0.
[139.464s] PRUNE: margin=-4.250000, optimistic_rem(widened)=2.250000 → cannot exceed 0.
[139.661s] PRUNE: margin=-4.250000, optimistic_rem(widened)=2.250000 → cannot exceed 0.
[140.842s] PRUNE: margin=-4.250000, optimistic_rem(widened)=2.250000 → cannot exceed 0.
[141.039s] PRUNE: margin=-4.250000, optimistic_rem(widened)=2.750000 → cannot exceed 0.
[141.236s] PRUNE: margin=-4.250000, optimistic_rem(widened)=2.750000 → cannot exceed 0.
[141.433s] PRUNE: margin=-4.250000, optimistic_rem(widened)=2.750000 → cannot exceed 0.
[141.827s] PRUNE: margin=-4.250000, optimistic_rem(widened)=2.750000 → cannot exceed 0.
[142.024s] PRUNE: margin=-4.250000, optimistic_rem(widened)=2.750000 → cannot exceed 0.
[142.221s] PRUNE: margin=-4.250000, optimistic_rem(widened)=2.750000 → cannot exceed 0.
[142.713s] PRUNE: margin=-4.250000, optimistic_rem(widened)=3.750000 → cannot exceed 0.
[144.092s] PRUNE: margin=-4.250000, optimistic_rem(widened)=4.250000 → cannot exceed 0.
[144.289s] PRUNE: margin=-4.250000, optimistic_rem(widened)=4.250000 → cannot exceed 0.
[145.371s] PRUNE: margin=-4.250000, optimistic_rem(widened)=2.250000 → cannot exceed 0.
[145.568s] PRUNE: margin=-4.250000, optimistic_rem(widened)=2.250000 → cannot exceed 0.
[145.864s] PRUNE: margin=-4.250000, optimistic_rem(widened)=3.750000 → cannot exceed 0.
[146.060s] PRUNE: margin=-4.250000, optimistic_rem(widened)=3.750000 → cannot exceed 0.
[146.454s] PRUNE: margin=-4.250000, optimistic_rem(widened)=3.750000 → cannot exceed 0.
[146.651s] PRUNE: margin=-4.250000, optimistic_rem(widened)=3.750000 → cannot exceed 0.
[147.439s] No counterexample within budgets (BaB): no misclassification found.
STATUS: No counterexample | best_upper_margin=4.250000 | elapsed=147.439s | pixels_changed=0 | total_bit_flips=0 | avg_hamming_per_pixel=0.000000 | patch_rows=12-13 | patch_cols=12-12 | note=no_counterexample_within_budgets
