[  0.000s] init: idx=6739 kmax=2 bmax=4 topx=2 widen=1.000 rank_fast=off
clean logits (hex):  0x84  0x86  0x6c  0x66  0x85  0x88  0x85  0x96  0xc1  0x94
clean logits (bits): 10000100 10000110 01101100 01100110 10000101 10001000 10000101 10010110 11000001 10010100
clean logits (double): -16.000000 -12.000000 +3.500000 +2.750000 -14.000000 -8.000000 -14.000000 -3.250000 -0.984375 -3.500000
[  0.009s] clean prediction: 2 (true label 3)
[  0.314s] heuristic ROI: 2x2 block at rows 8-9, cols 24-25
[  0.520s] selection: nSym=2 (from 4), topx=2, rank_fast=off
[  0.520s] active patch: rows 8-9, cols 24-24 (derived from symPix)
[  0.583s] Greedy BYTE warm start: SAT (K=1,B=4).
clean logits (hex):  0x84  0x86  0x6c  0x66  0x85  0x88  0x85  0x96  0xc1  0x94
clean logits (bits): 10000100 10000110 01101100 01100110 10000101 10001000 10000101 10010110 11000001 10010100
clean logits (double): -16.000000 -12.000000 +3.500000 +2.750000 -14.000000 -8.000000 -14.000000 -3.250000 -0.984375 -3.500000
post-perturb logits (hex):  0x84  0x8b  0x67  0x6e  0x85  0x8b  0x85  0x98  0xd5  0x8f
post-perturb logits (bits): 10000100 10001011 01100111 01101110 10000101 10001011 10000101 10011000 11010101 10001111
post-perturb logits (double): -16.000000 -6.500000 +2.875000 +3.750000 -14.000000 -6.500000 -14.000000 -3.000000 -0.671875 -4.500000
changes: 1 bytes, 4 bit flips
  idx  pix  row col    old_hex        old_bits     old_double     new_hex        new_bits     new_double  ham
    1  276    9  24    0x00        00000000   -1.000000     0xf0        11110000   +0.882353    4
new prediction: 3 (true 2)
----- REPLAY FORWARD PASS (stage-2) -----
replay logits (hex):  0x84  0x8b  0x67  0x6e  0x85  0x8b  0x85  0x98  0xd5  0x8f
replay logits (bits): 10000100 10001011 01100111 01101110 10000101 10001011 10000101 10011000 11010101 10001111
replay logits (double): -16.000000 -6.500000 +2.875000 +3.750000 -14.000000 -6.500000 -14.000000 -3.000000 -0.671875 -4.500000
[  0.584s] replay prediction: 3 (true label 2) | note=witness_found_greedy_byte
----- END REPLAY -----
STATUS: Counterexample | best_upper_margin=-1000000000000000052504760255204420248704468581108159154915854115511802457988908195786371375080447864043704443832883878176942523235360430575644792184786706982848387200926575803737830233794788090059368953234970799945081119038967640880074652742780142494579258788820056842838115669472196386865459400540160.000000 | elapsed=0.584s | pixels_changed=1 | total_bit_flips=4 | avg_hamming_per_pixel=4.000000 | patch_rows=8-9 | patch_cols=24-24 | note=witness_found_greedy_byte
