[  0.000s] init: idx=6294 kmax=2 bmax=4 topx=2 widen=1.000 rank_fast=off
clean logits (hex):  0x87  0x87  0x63  0x88  0x98  0xaa  0x78  0x8e  0x9a  0x87
clean logits (bits): 10000111 10000111 01100011 10001000 10011000 10101010 01111000 10001110 10011010 10000111
clean logits (double): -10.000000 -10.000000 +2.375000 -8.000000 -3.000000 -1.687500 +8.000000 -5.000000 -2.750000 -10.000000
[  0.008s] clean prediction: 6 (true label 6)
[  0.304s] heuristic ROI: 2x2 block at rows 7-8, cols 15-16
[  0.502s] selection: nSym=2 (from 4), topx=2, rank_fast=off
[  0.502s] active patch: rows 7-7, cols 15-16 (derived from symPix)
[  0.959s] Proceeding to BaB (greedy enabled).
[  0.959s] Skipping root bound check (--no-root-bound).
[  0.959s] BaB search starting (K≤2, B≤4, nSym=2, depth_limit=500000000, widen=1.00)...
[  1.157s] PRUNE: margin=-1.375000, optimistic_rem(widened)=1.000000 → cannot exceed 0.
[  1.554s] PRUNE: margin=-1.000000, optimistic_rem(widened)=0.500000 → cannot exceed 0.
[  1.753s] PRUNE: margin=-1.375000, optimistic_rem(widened)=1.000000 → cannot exceed 0.
[  1.951s] PRUNE: margin=-1.375000, optimistic_rem(widened)=1.000000 → cannot exceed 0.
[  2.149s] PRUNE: margin=-1.375000, optimistic_rem(widened)=1.000000 → cannot exceed 0.
[  2.347s] PRUNE: margin=-1.500000, optimistic_rem(widened)=1.000000 → cannot exceed 0.
[  2.545s] PRUNE: margin=-1.375000, optimistic_rem(widened)=1.000000 → cannot exceed 0.
[  2.743s] PRUNE: margin=-1.375000, optimistic_rem(widened)=1.000000 → cannot exceed 0.
[  2.941s] PRUNE: margin=-1.375000, optimistic_rem(widened)=1.000000 → cannot exceed 0.
[  3.239s] PRUNE: margin=-1.375000, optimistic_rem(widened)=1.000000 → cannot exceed 0.
[  3.437s] PRUNE: margin=-1.375000, optimistic_rem(widened)=1.000000 → cannot exceed 0.
[  3.635s] PRUNE: margin=-1.375000, optimistic_rem(widened)=1.000000 → cannot exceed 0.
[  3.833s] PRUNE: margin=-1.375000, optimistic_rem(widened)=1.000000 → cannot exceed 0.
[  4.230s] PRUNE: margin=-1.375000, optimistic_rem(widened)=1.000000 → cannot exceed 0.
[  4.427s] PRUNE: margin=-1.375000, optimistic_rem(widened)=1.000000 → cannot exceed 0.
[  4.625s] PRUNE: margin=-1.375000, optimistic_rem(widened)=1.000000 → cannot exceed 0.
[  5.023s] PRUNE: margin=-1.375000, optimistic_rem(widened)=1.000000 → cannot exceed 0.
[  5.220s] PRUNE: margin=-1.375000, optimistic_rem(widened)=1.000000 → cannot exceed 0.
[  5.617s] PRUNE: margin=-1.500000, optimistic_rem(widened)=1.000000 → cannot exceed 0.
[  6.309s] PRUNE: margin=-1.000000, optimistic_rem(widened)=0.500000 → cannot exceed 0.
[  6.507s] PRUNE: margin=-1.375000, optimistic_rem(widened)=1.000000 → cannot exceed 0.
[  6.706s] PRUNE: margin=-1.500000, optimistic_rem(widened)=1.000000 → cannot exceed 0.
[  6.904s] PRUNE: margin=-1.375000, optimistic_rem(widened)=1.000000 → cannot exceed 0.
[  7.102s] PRUNE: margin=-1.375000, optimistic_rem(widened)=1.000000 → cannot exceed 0.
[  7.300s] PRUNE: margin=-1.375000, optimistic_rem(widened)=1.000000 → cannot exceed 0.
[  7.497s] PRUNE: margin=-1.375000, optimistic_rem(widened)=1.000000 → cannot exceed 0.
[  7.695s] PRUNE: margin=-1.375000, optimistic_rem(widened)=1.000000 → cannot exceed 0.
[  7.993s] PRUNE: margin=-1.375000, optimistic_rem(widened)=1.000000 → cannot exceed 0.
[  8.191s] PRUNE: margin=-1.375000, optimistic_rem(widened)=1.000000 → cannot exceed 0.
[  8.389s] PRUNE: margin=-1.375000, optimistic_rem(widened)=1.000000 → cannot exceed 0.
[  8.785s] PRUNE: margin=-1.375000, optimistic_rem(widened)=1.000000 → cannot exceed 0.
[  8.983s] PRUNE: margin=-1.375000, optimistic_rem(widened)=1.000000 → cannot exceed 0.
[  9.379s] PRUNE: margin=-1.500000, optimistic_rem(widened)=1.000000 → cannot exceed 0.
[  9.923s] PRUNE: margin=-1.000000, optimistic_rem(widened)=0.500000 → cannot exceed 0.
[ 10.064s] PRUNE: margin=-1.000000, optimistic_rem(widened)=0.500000 → cannot exceed 0.
[ 10.215s] PRUNE: margin=-1.500000, optimistic_rem(widened)=1.000000 → cannot exceed 0.
[ 10.350s] PRUNE: margin=-1.375000, optimistic_rem(widened)=1.000000 → cannot exceed 0.
[ 10.482s] PRUNE: margin=-1.375000, optimistic_rem(widened)=1.000000 → cannot exceed 0.
[ 10.621s] PRUNE: margin=-1.375000, optimistic_rem(widened)=1.000000 → cannot exceed 0.
[ 10.763s] PRUNE: margin=-1.375000, optimistic_rem(widened)=1.000000 → cannot exceed 0.
[ 10.895s] PRUNE: margin=-1.375000, optimistic_rem(widened)=1.000000 → cannot exceed 0.
[ 11.121s] PRUNE: margin=-1.375000, optimistic_rem(widened)=1.000000 → cannot exceed 0.
[ 11.290s] PRUNE: margin=-1.500000, optimistic_rem(widened)=1.000000 → cannot exceed 0.
[ 11.629s] PRUNE: margin=-1.500000, optimistic_rem(widened)=1.000000 → cannot exceed 0.
[ 11.906s] PRUNE: margin=-1.500000, optimistic_rem(widened)=1.500000 → cannot exceed 0.
[ 12.303s] PRUNE: margin=-1.000000, optimistic_rem(widened)=0.500000 → cannot exceed 0.
[ 12.599s] PRUNE: margin=-1.000000, optimistic_rem(widened)=0.000000 → cannot exceed 0.
[ 12.797s] PRUNE: margin=-1.000000, optimistic_rem(widened)=0.000000 → cannot exceed 0.
[ 12.996s] PRUNE: margin=-1.000000, optimistic_rem(widened)=0.000000 → cannot exceed 0.
[ 13.193s] PRUNE: margin=-1.000000, optimistic_rem(widened)=0.000000 → cannot exceed 0.
[ 13.391s] PRUNE: margin=-1.000000, optimistic_rem(widened)=0.000000 → cannot exceed 0.
[ 13.588s] PRUNE: margin=-1.000000, optimistic_rem(widened)=0.000000 → cannot exceed 0.
[ 14.380s] PRUNE: margin=-1.375000, optimistic_rem(widened)=0.625000 → cannot exceed 0.
[ 14.577s] PRUNE: margin=-1.375000, optimistic_rem(widened)=0.625000 → cannot exceed 0.
[ 14.775s] PRUNE: margin=-1.375000, optimistic_rem(widened)=0.625000 → cannot exceed 0.
[ 14.972s] PRUNE: margin=-1.375000, optimistic_rem(widened)=1.000000 → cannot exceed 0.
[ 15.170s] PRUNE: margin=-1.500000, optimistic_rem(widened)=1.000000 → cannot exceed 0.
[ 15.367s] PRUNE: margin=-1.500000, optimistic_rem(widened)=1.000000 → cannot exceed 0.
[ 15.664s] PRUNE: margin=-1.375000, optimistic_rem(widened)=1.000000 → cannot exceed 0.
[ 16.356s] PRUNE: margin=-1.000000, optimistic_rem(widened)=0.500000 → cannot exceed 0.
[ 16.553s] PRUNE: margin=-1.000000, optimistic_rem(widened)=0.500000 → cannot exceed 0.
[ 16.752s] PRUNE: margin=-1.000000, optimistic_rem(widened)=0.500000 → cannot exceed 0.
[ 16.950s] PRUNE: margin=-1.000000, optimistic_rem(widened)=0.500000 → cannot exceed 0.
[ 17.147s] PRUNE: margin=-1.500000, optimistic_rem(widened)=0.625000 → cannot exceed 0.
[ 17.345s] PRUNE: margin=-1.500000, optimistic_rem(widened)=0.625000 → cannot exceed 0.
[ 17.542s] PRUNE: margin=-1.500000, optimistic_rem(widened)=1.000000 → cannot exceed 0.
[ 17.740s] PRUNE: margin=-1.500000, optimistic_rem(widened)=1.500000 → cannot exceed 0.
[ 17.937s] PRUNE: margin=-1.500000, optimistic_rem(widened)=1.500000 → cannot exceed 0.
[ 18.334s] PRUNE: margin=-1.000000, optimistic_rem(widened)=0.500000 → cannot exceed 0.
[ 18.532s] PRUNE: margin=-1.500000, optimistic_rem(widened)=1.000000 → cannot exceed 0.
[ 18.729s] PRUNE: margin=-1.500000, optimistic_rem(widened)=1.000000 → cannot exceed 0.
[ 18.927s] PRUNE: margin=-1.500000, optimistic_rem(widened)=1.000000 → cannot exceed 0.
[ 19.125s] PRUNE: margin=-1.500000, optimistic_rem(widened)=1.000000 → cannot exceed 0.
[ 19.323s] PRUNE: margin=-1.500000, optimistic_rem(widened)=1.000000 → cannot exceed 0.
[ 19.521s] PRUNE: margin=-1.500000, optimistic_rem(widened)=1.000000 → cannot exceed 0.
[ 19.719s] PRUNE: margin=-1.500000, optimistic_rem(widened)=1.000000 → cannot exceed 0.
[ 20.116s] PRUNE: margin=-1.375000, optimistic_rem(widened)=1.000000 → cannot exceed 0.
[ 20.313s] PRUNE: margin=-1.375000, optimistic_rem(widened)=1.000000 → cannot exceed 0.
[ 20.514s] PRUNE: margin=-1.375000, optimistic_rem(widened)=1.000000 → cannot exceed 0.
[ 20.720s] PRUNE: margin=-1.375000, optimistic_rem(widened)=1.000000 → cannot exceed 0.
[ 20.918s] PRUNE: margin=-1.375000, optimistic_rem(widened)=1.000000 → cannot exceed 0.
[ 21.116s] PRUNE: margin=-1.375000, optimistic_rem(widened)=1.000000 → cannot exceed 0.
[ 21.315s] PRUNE: margin=-1.375000, optimistic_rem(widened)=1.000000 → cannot exceed 0.
[ 21.711s] PRUNE: margin=-1.375000, optimistic_rem(widened)=1.000000 → cannot exceed 0.
[ 21.910s] PRUNE: margin=-1.375000, optimistic_rem(widened)=1.000000 → cannot exceed 0.
[ 22.108s] PRUNE: margin=-1.375000, optimistic_rem(widened)=1.000000 → cannot exceed 0.
[ 22.306s] PRUNE: margin=-1.375000, optimistic_rem(widened)=1.000000 → cannot exceed 0.
[ 22.505s] PRUNE: margin=-1.375000, optimistic_rem(widened)=1.000000 → cannot exceed 0.
[ 22.703s] PRUNE: margin=-1.375000, optimistic_rem(widened)=1.000000 → cannot exceed 0.
[ 23.100s] PRUNE: margin=-1.375000, optimistic_rem(widened)=1.000000 → cannot exceed 0.
[ 23.298s] PRUNE: margin=-1.375000, optimistic_rem(widened)=1.000000 → cannot exceed 0.
[ 23.497s] PRUNE: margin=-1.375000, optimistic_rem(widened)=1.000000 → cannot exceed 0.
[ 23.695s] PRUNE: margin=-1.375000, optimistic_rem(widened)=1.000000 → cannot exceed 0.
[ 23.893s] PRUNE: margin=-1.375000, optimistic_rem(widened)=1.000000 → cannot exceed 0.
[ 24.290s] PRUNE: margin=-1.375000, optimistic_rem(widened)=1.000000 → cannot exceed 0.
[ 24.489s] PRUNE: margin=-1.375000, optimistic_rem(widened)=1.000000 → cannot exceed 0.
[ 24.687s] PRUNE: margin=-1.375000, optimistic_rem(widened)=1.000000 → cannot exceed 0.
[ 24.885s] PRUNE: margin=-1.375000, optimistic_rem(widened)=1.000000 → cannot exceed 0.
[ 25.282s] PRUNE: margin=-1.500000, optimistic_rem(widened)=1.000000 → cannot exceed 0.
[ 25.481s] PRUNE: margin=-1.375000, optimistic_rem(widened)=1.000000 → cannot exceed 0.
[ 25.679s] PRUNE: margin=-1.375000, optimistic_rem(widened)=1.000000 → cannot exceed 0.
[ 26.076s] PRUNE: margin=-1.375000, optimistic_rem(widened)=1.000000 → cannot exceed 0.
[ 26.274s] PRUNE: margin=-1.375000, optimistic_rem(widened)=1.000000 → cannot exceed 0.
[ 27.365s] PRUNE: margin=-1.375000, optimistic_rem(widened)=1.000000 → cannot exceed 0.
[ 27.564s] PRUNE: margin=-1.375000, optimistic_rem(widened)=1.000000 → cannot exceed 0.
[ 27.762s] PRUNE: margin=-1.375000, optimistic_rem(widened)=0.750000 → cannot exceed 0.
[ 27.961s] PRUNE: margin=-1.375000, optimistic_rem(widened)=0.750000 → cannot exceed 0.
[ 28.258s] PRUNE: margin=-1.375000, optimistic_rem(widened)=1.000000 → cannot exceed 0.
[ 28.457s] PRUNE: margin=-1.375000, optimistic_rem(widened)=1.000000 → cannot exceed 0.
[ 28.655s] PRUNE: margin=-1.375000, optimistic_rem(widened)=1.000000 → cannot exceed 0.
[ 28.854s] PRUNE: margin=-1.375000, optimistic_rem(widened)=1.000000 → cannot exceed 0.
[ 29.052s] PRUNE: margin=-1.375000, optimistic_rem(widened)=1.000000 → cannot exceed 0.
[ 29.251s] PRUNE: margin=-1.375000, optimistic_rem(widened)=1.000000 → cannot exceed 0.
[ 29.449s] PRUNE: margin=-1.375000, optimistic_rem(widened)=1.000000 → cannot exceed 0.
[ 29.648s] PRUNE: margin=-1.375000, optimistic_rem(widened)=1.000000 → cannot exceed 0.
[ 30.144s] PRUNE: margin=-1.375000, optimistic_rem(widened)=1.000000 → cannot exceed 0.
[ 30.937s] PRUNE: margin=-5.750000, optimistic_rem(widened)=0.000000 → cannot exceed 0.
[ 31.136s] PRUNE: margin=-5.750000, optimistic_rem(widened)=0.000000 → cannot exceed 0.
[ 31.335s] PRUNE: margin=-5.750000, optimistic_rem(widened)=0.000000 → cannot exceed 0.
[ 31.533s] PRUNE: margin=-5.750000, optimistic_rem(widened)=0.000000 → cannot exceed 0.
[ 31.930s] PRUNE: margin=-1.375000, optimistic_rem(widened)=1.000000 → cannot exceed 0.
[ 32.128s] PRUNE: margin=-1.375000, optimistic_rem(widened)=0.000000 → cannot exceed 0.
[ 32.327s] PRUNE: margin=-5.750000, optimistic_rem(widened)=0.000000 → cannot exceed 0.
[ 32.525s] PRUNE: margin=-5.750000, optimistic_rem(widened)=0.000000 → cannot exceed 0.
[ 32.723s] PRUNE: margin=-5.750000, optimistic_rem(widened)=0.000000 → cannot exceed 0.
[ 33.120s] PRUNE: margin=-1.375000, optimistic_rem(widened)=0.000000 → cannot exceed 0.
[ 33.319s] PRUNE: margin=-1.375000, optimistic_rem(widened)=0.000000 → cannot exceed 0.
[ 33.517s] PRUNE: margin=-1.375000, optimistic_rem(widened)=0.000000 → cannot exceed 0.
[ 33.715s] PRUNE: margin=-1.375000, optimistic_rem(widened)=0.000000 → cannot exceed 0.
[ 34.112s] PRUNE: margin=-5.750000, optimistic_rem(widened)=0.000000 → cannot exceed 0.
[ 34.311s] PRUNE: margin=-5.750000, optimistic_rem(widened)=0.000000 → cannot exceed 0.
[ 34.510s] PRUNE: margin=-5.750000, optimistic_rem(widened)=0.000000 → cannot exceed 0.
[ 34.906s] PRUNE: margin=-5.750000, optimistic_rem(widened)=0.000000 → cannot exceed 0.
[ 35.105s] PRUNE: margin=-5.750000, optimistic_rem(widened)=0.000000 → cannot exceed 0.
[ 35.502s] PRUNE: margin=-1.375000, optimistic_rem(widened)=0.000000 → cannot exceed 0.
[ 36.296s] PRUNE: margin=-1.375000, optimistic_rem(widened)=1.000000 → cannot exceed 0.
[ 36.494s] PRUNE: margin=-1.375000, optimistic_rem(widened)=0.000000 → cannot exceed 0.
[ 36.693s] PRUNE: margin=-5.750000, optimistic_rem(widened)=0.000000 → cannot exceed 0.
[ 36.891s] PRUNE: margin=-5.750000, optimistic_rem(widened)=0.000000 → cannot exceed 0.
[ 37.090s] PRUNE: margin=-5.750000, optimistic_rem(widened)=0.000000 → cannot exceed 0.
[ 37.487s] PRUNE: margin=-1.375000, optimistic_rem(widened)=0.000000 → cannot exceed 0.
[ 37.685s] PRUNE: margin=-1.375000, optimistic_rem(widened)=0.000000 → cannot exceed 0.
[ 37.884s] PRUNE: margin=-1.375000, optimistic_rem(widened)=0.000000 → cannot exceed 0.
[ 38.082s] PRUNE: margin=-1.375000, optimistic_rem(widened)=0.000000 → cannot exceed 0.
[ 38.479s] PRUNE: margin=-5.750000, optimistic_rem(widened)=0.000000 → cannot exceed 0.
[ 38.678s] PRUNE: margin=-5.750000, optimistic_rem(widened)=0.000000 → cannot exceed 0.
[ 38.876s] PRUNE: margin=-5.750000, optimistic_rem(widened)=0.000000 → cannot exceed 0.
[ 39.273s] PRUNE: margin=-5.750000, optimistic_rem(widened)=0.000000 → cannot exceed 0.
[ 39.472s] PRUNE: margin=-5.750000, optimistic_rem(widened)=0.000000 → cannot exceed 0.
[ 39.869s] PRUNE: margin=-1.375000, optimistic_rem(widened)=0.000000 → cannot exceed 0.
[ 40.564s] PRUNE: margin=-1.375000, optimistic_rem(widened)=1.000000 → cannot exceed 0.
[ 40.862s] PRUNE: margin=-1.375000, optimistic_rem(widened)=0.000000 → cannot exceed 0.
[ 41.060s] PRUNE: margin=-5.750000, optimistic_rem(widened)=0.000000 → cannot exceed 0.
[ 41.259s] PRUNE: margin=-5.750000, optimistic_rem(widened)=0.000000 → cannot exceed 0.
[ 41.656s] PRUNE: margin=-1.375000, optimistic_rem(widened)=0.000000 → cannot exceed 0.
[ 41.855s] PRUNE: margin=-5.750000, optimistic_rem(widened)=0.000000 → cannot exceed 0.
[ 42.252s] PRUNE: margin=-1.375000, optimistic_rem(widened)=0.000000 → cannot exceed 0.
[ 42.947s] PRUNE: margin=-1.375000, optimistic_rem(widened)=0.125000 → cannot exceed 0.
[ 43.145s] PRUNE: margin=-1.375000, optimistic_rem(widened)=0.125000 → cannot exceed 0.
[ 43.443s] PRUNE: margin=-1.375000, optimistic_rem(widened)=0.000000 → cannot exceed 0.
[ 44.243s] PRUNE: margin=-5.750000, optimistic_rem(widened)=0.000000 → cannot exceed 0.
[ 44.442s] PRUNE: margin=-5.750000, optimistic_rem(widened)=0.000000 → cannot exceed 0.
[ 44.838s] PRUNE: margin=-5.750000, optimistic_rem(widened)=0.000000 → cannot exceed 0.
[ 45.632s] PRUNE: margin=-5.750000, optimistic_rem(widened)=0.000000 → cannot exceed 0.
[ 50.197s] PRUNE: margin=-5.625000, optimistic_rem(widened)=0.000000 → cannot exceed 0.
[ 50.395s] PRUNE: margin=-5.625000, optimistic_rem(widened)=0.000000 → cannot exceed 0.
[ 50.594s] PRUNE: margin=-5.625000, optimistic_rem(widened)=0.000000 → cannot exceed 0.
[ 50.793s] PRUNE: margin=-5.625000, optimistic_rem(widened)=0.000000 → cannot exceed 0.
[ 50.991s] PRUNE: margin=-5.750000, optimistic_rem(widened)=0.000000 → cannot exceed 0.
[ 51.190s] PRUNE: margin=-5.750000, optimistic_rem(widened)=0.000000 → cannot exceed 0.
[ 51.388s] PRUNE: margin=-5.750000, optimistic_rem(widened)=0.000000 → cannot exceed 0.
[ 53.671s] PRUNE: margin=-5.625000, optimistic_rem(widened)=0.000000 → cannot exceed 0.
[ 53.870s] PRUNE: margin=-5.625000, optimistic_rem(widened)=0.000000 → cannot exceed 0.
[ 54.068s] PRUNE: margin=-5.625000, optimistic_rem(widened)=0.000000 → cannot exceed 0.
[ 54.267s] PRUNE: margin=-5.625000, optimistic_rem(widened)=0.000000 → cannot exceed 0.
[ 54.465s] PRUNE: margin=-5.750000, optimistic_rem(widened)=0.000000 → cannot exceed 0.
[ 54.664s] PRUNE: margin=-5.750000, optimistic_rem(widened)=0.000000 → cannot exceed 0.
[ 54.862s] PRUNE: margin=-5.750000, optimistic_rem(widened)=0.000000 → cannot exceed 0.
[ 56.153s] PRUNE: margin=-5.625000, optimistic_rem(widened)=0.000000 → cannot exceed 0.
[ 56.352s] PRUNE: margin=-5.625000, optimistic_rem(widened)=0.000000 → cannot exceed 0.
[ 56.550s] PRUNE: margin=-5.750000, optimistic_rem(widened)=0.000000 → cannot exceed 0.
[ 56.749s] PRUNE: margin=-5.750000, optimistic_rem(widened)=0.000000 → cannot exceed 0.
[ 56.947s] PRUNE: margin=-5.750000, optimistic_rem(widened)=0.000000 → cannot exceed 0.
[ 57.146s] PRUNE: margin=-5.750000, optimistic_rem(widened)=0.000000 → cannot exceed 0.
[ 57.345s] PRUNE: margin=-5.750000, optimistic_rem(widened)=0.000000 → cannot exceed 0.
[ 57.730s] PRUNE: margin=-1.375000, optimistic_rem(widened)=0.000000 → cannot exceed 0.
[ 57.887s] PRUNE: margin=-5.750000, optimistic_rem(widened)=0.000000 → cannot exceed 0.
[ 58.008s] PRUNE: margin=-5.750000, optimistic_rem(widened)=0.000000 → cannot exceed 0.
[ 58.131s] PRUNE: margin=-5.750000, optimistic_rem(widened)=0.000000 → cannot exceed 0.
[ 58.267s] PRUNE: margin=-5.750000, optimistic_rem(widened)=0.000000 → cannot exceed 0.
[ 58.410s] PRUNE: margin=-5.750000, optimistic_rem(widened)=0.000000 → cannot exceed 0.
[ 58.533s] PRUNE: margin=-5.750000, optimistic_rem(widened)=0.000000 → cannot exceed 0.
[ 58.782s] PRUNE: margin=-5.625000, optimistic_rem(widened)=0.000000 → cannot exceed 0.
[ 58.924s] PRUNE: margin=-5.625000, optimistic_rem(widened)=0.000000 → cannot exceed 0.
[ 59.058s] PRUNE: margin=-5.625000, optimistic_rem(widened)=0.000000 → cannot exceed 0.
[ 59.201s] PRUNE: margin=-5.750000, optimistic_rem(widened)=0.000000 → cannot exceed 0.
[ 59.329s] PRUNE: margin=-5.750000, optimistic_rem(widened)=0.000000 → cannot exceed 0.
[ 59.458s] PRUNE: margin=-5.750000, optimistic_rem(widened)=0.000000 → cannot exceed 0.
[ 59.731s] PRUNE: margin=-5.625000, optimistic_rem(widened)=0.000000 → cannot exceed 0.
[ 59.866s] PRUNE: margin=-5.625000, optimistic_rem(widened)=0.000000 → cannot exceed 0.
[ 60.000s] PRUNE: margin=-5.750000, optimistic_rem(widened)=0.000000 → cannot exceed 0.
[ 60.188s] PRUNE: margin=-5.750000, optimistic_rem(widened)=0.000000 → cannot exceed 0.
[ 60.349s] PRUNE: margin=-5.750000, optimistic_rem(widened)=0.000000 → cannot exceed 0.
[ 60.666s] PRUNE: margin=-5.625000, optimistic_rem(widened)=0.000000 → cannot exceed 0.
[ 60.830s] PRUNE: margin=-5.750000, optimistic_rem(widened)=0.000000 → cannot exceed 0.
[ 61.009s] PRUNE: margin=-5.750000, optimistic_rem(widened)=0.000000 → cannot exceed 0.
[ 61.194s] PRUNE: margin=-5.750000, optimistic_rem(widened)=0.000000 → cannot exceed 0.
[ 61.492s] PRUNE: margin=-5.750000, optimistic_rem(widened)=0.000000 → cannot exceed 0.
[ 61.622s] PRUNE: margin=-5.750000, optimistic_rem(widened)=0.000000 → cannot exceed 0.
[ 61.742s] PRUNE: margin=-5.750000, optimistic_rem(widened)=0.000000 → cannot exceed 0.
[ 62.053s] PRUNE: margin=-5.750000, optimistic_rem(widened)=0.000000 → cannot exceed 0.
[ 62.250s] PRUNE: margin=-5.750000, optimistic_rem(widened)=0.000000 → cannot exceed 0.
[ 62.646s] PRUNE: margin=-1.375000, optimistic_rem(widened)=0.000000 → cannot exceed 0.
[ 65.314s] PRUNE: margin=-5.625000, optimistic_rem(widened)=0.000000 → cannot exceed 0.
[ 65.512s] PRUNE: margin=-5.625000, optimistic_rem(widened)=0.000000 → cannot exceed 0.
[ 65.710s] PRUNE: margin=-5.625000, optimistic_rem(widened)=0.000000 → cannot exceed 0.
[ 65.907s] PRUNE: margin=-5.750000, optimistic_rem(widened)=0.000000 → cannot exceed 0.
[ 66.105s] PRUNE: margin=-5.750000, optimistic_rem(widened)=0.000000 → cannot exceed 0.
[ 66.302s] PRUNE: margin=-5.750000, optimistic_rem(widened)=0.000000 → cannot exceed 0.
[ 66.500s] PRUNE: margin=-5.750000, optimistic_rem(widened)=0.000000 → cannot exceed 0.
[ 67.566s] PRUNE: margin=-5.625000, optimistic_rem(widened)=0.000000 → cannot exceed 0.
[ 67.687s] PRUNE: margin=-5.625000, optimistic_rem(widened)=0.000000 → cannot exceed 0.
[ 67.811s] PRUNE: margin=-5.750000, optimistic_rem(widened)=0.000000 → cannot exceed 0.
[ 67.934s] PRUNE: margin=-5.750000, optimistic_rem(widened)=0.000000 → cannot exceed 0.
[ 68.059s] PRUNE: margin=-5.750000, optimistic_rem(widened)=0.000000 → cannot exceed 0.
[ 68.184s] PRUNE: margin=-5.750000, optimistic_rem(widened)=0.000000 → cannot exceed 0.
[ 68.310s] PRUNE: margin=-5.750000, optimistic_rem(widened)=0.000000 → cannot exceed 0.
[ 68.564s] PRUNE: margin=-1.375000, optimistic_rem(widened)=0.000000 → cannot exceed 0.
[ 68.692s] PRUNE: margin=-5.750000, optimistic_rem(widened)=0.000000 → cannot exceed 0.
[ 68.814s] PRUNE: margin=-5.750000, optimistic_rem(widened)=0.000000 → cannot exceed 0.
[ 68.940s] PRUNE: margin=-5.750000, optimistic_rem(widened)=0.000000 → cannot exceed 0.
[ 69.065s] PRUNE: margin=-5.750000, optimistic_rem(widened)=0.000000 → cannot exceed 0.
[ 69.192s] PRUNE: margin=-5.750000, optimistic_rem(widened)=0.000000 → cannot exceed 0.
[ 69.390s] PRUNE: margin=-5.750000, optimistic_rem(widened)=0.000000 → cannot exceed 0.
[ 69.785s] PRUNE: margin=-5.625000, optimistic_rem(widened)=0.000000 → cannot exceed 0.
[ 69.982s] PRUNE: margin=-5.625000, optimistic_rem(widened)=0.000000 → cannot exceed 0.
[ 70.180s] PRUNE: margin=-5.625000, optimistic_rem(widened)=0.000000 → cannot exceed 0.
[ 70.377s] PRUNE: margin=-5.750000, optimistic_rem(widened)=0.000000 → cannot exceed 0.
[ 70.575s] PRUNE: margin=-5.750000, optimistic_rem(widened)=0.000000 → cannot exceed 0.
[ 70.773s] PRUNE: margin=-5.750000, optimistic_rem(widened)=0.000000 → cannot exceed 0.
[ 71.168s] PRUNE: margin=-5.625000, optimistic_rem(widened)=0.000000 → cannot exceed 0.
[ 71.365s] PRUNE: margin=-5.625000, optimistic_rem(widened)=0.000000 → cannot exceed 0.
[ 71.563s] PRUNE: margin=-5.750000, optimistic_rem(widened)=0.000000 → cannot exceed 0.
[ 71.760s] PRUNE: margin=-5.750000, optimistic_rem(widened)=0.000000 → cannot exceed 0.
[ 71.957s] PRUNE: margin=-5.750000, optimistic_rem(widened)=0.000000 → cannot exceed 0.
[ 72.352s] PRUNE: margin=-5.750000, optimistic_rem(widened)=0.000000 → cannot exceed 0.
[ 72.549s] PRUNE: margin=-5.625000, optimistic_rem(widened)=0.000000 → cannot exceed 0.
[ 72.747s] PRUNE: margin=-5.750000, optimistic_rem(widened)=0.000000 → cannot exceed 0.
[ 72.945s] PRUNE: margin=-5.750000, optimistic_rem(widened)=0.000000 → cannot exceed 0.
[ 73.339s] PRUNE: margin=-5.750000, optimistic_rem(widened)=0.000000 → cannot exceed 0.
[ 73.537s] PRUNE: margin=-5.750000, optimistic_rem(widened)=0.000000 → cannot exceed 0.
[ 73.734s] PRUNE: margin=-5.750000, optimistic_rem(widened)=0.000000 → cannot exceed 0.
[ 74.129s] PRUNE: margin=-5.750000, optimistic_rem(widened)=0.000000 → cannot exceed 0.
[ 74.327s] PRUNE: margin=-5.750000, optimistic_rem(widened)=0.000000 → cannot exceed 0.
[ 74.721s] PRUNE: margin=-1.375000, optimistic_rem(widened)=0.000000 → cannot exceed 0.
[ 75.511s] PRUNE: margin=-5.750000, optimistic_rem(widened)=0.000000 → cannot exceed 0.
[ 76.497s] PRUNE: margin=-5.750000, optimistic_rem(widened)=0.000000 → cannot exceed 0.
[ 76.696s] PRUNE: margin=-5.750000, optimistic_rem(widened)=0.000000 → cannot exceed 0.
[ 76.893s] PRUNE: margin=-5.750000, optimistic_rem(widened)=0.000000 → cannot exceed 0.
[ 77.091s] PRUNE: margin=-5.750000, optimistic_rem(widened)=0.000000 → cannot exceed 0.
[ 77.288s] PRUNE: margin=-5.750000, optimistic_rem(widened)=0.000000 → cannot exceed 0.
[ 77.486s] PRUNE: margin=-5.750000, optimistic_rem(widened)=0.000000 → cannot exceed 0.
[ 77.881s] PRUNE: margin=-1.375000, optimistic_rem(widened)=0.000000 → cannot exceed 0.
[ 78.078s] PRUNE: margin=-5.750000, optimistic_rem(widened)=0.000000 → cannot exceed 0.
[ 78.276s] PRUNE: margin=-5.750000, optimistic_rem(widened)=0.000000 → cannot exceed 0.
[ 78.473s] PRUNE: margin=-5.750000, optimistic_rem(widened)=0.000000 → cannot exceed 0.
[ 78.670s] PRUNE: margin=-5.750000, optimistic_rem(widened)=0.000000 → cannot exceed 0.
[ 78.868s] PRUNE: margin=-5.750000, optimistic_rem(widened)=0.000000 → cannot exceed 0.
[ 79.065s] PRUNE: margin=-5.750000, optimistic_rem(widened)=0.000000 → cannot exceed 0.
[ 79.460s] PRUNE: margin=-5.625000, optimistic_rem(widened)=0.000000 → cannot exceed 0.
[ 79.657s] PRUNE: margin=-5.625000, optimistic_rem(widened)=0.000000 → cannot exceed 0.
[ 79.855s] PRUNE: margin=-5.625000, optimistic_rem(widened)=0.000000 → cannot exceed 0.
[ 80.052s] PRUNE: margin=-5.750000, optimistic_rem(widened)=0.000000 → cannot exceed 0.
[ 80.249s] PRUNE: margin=-5.750000, optimistic_rem(widened)=0.000000 → cannot exceed 0.
[ 80.447s] PRUNE: margin=-5.750000, optimistic_rem(widened)=0.000000 → cannot exceed 0.
[ 80.843s] PRUNE: margin=-5.625000, optimistic_rem(widened)=0.000000 → cannot exceed 0.
[ 81.040s] PRUNE: margin=-5.625000, optimistic_rem(widened)=0.000000 → cannot exceed 0.
[ 81.237s] PRUNE: margin=-5.750000, optimistic_rem(widened)=0.000000 → cannot exceed 0.
[ 81.435s] PRUNE: margin=-5.750000, optimistic_rem(widened)=0.000000 → cannot exceed 0.
[ 81.632s] PRUNE: margin=-5.750000, optimistic_rem(widened)=0.000000 → cannot exceed 0.
[ 82.027s] PRUNE: margin=-5.750000, optimistic_rem(widened)=0.000000 → cannot exceed 0.
[ 82.224s] PRUNE: margin=-5.750000, optimistic_rem(widened)=0.000000 → cannot exceed 0.
[ 82.422s] PRUNE: margin=-5.750000, optimistic_rem(widened)=0.000000 → cannot exceed 0.
[ 82.619s] PRUNE: margin=-5.750000, optimistic_rem(widened)=0.000000 → cannot exceed 0.
[ 83.014s] PRUNE: margin=-5.750000, optimistic_rem(widened)=0.000000 → cannot exceed 0.
[ 83.211s] PRUNE: margin=-5.750000, optimistic_rem(widened)=0.000000 → cannot exceed 0.
[ 83.408s] PRUNE: margin=-5.750000, optimistic_rem(widened)=0.000000 → cannot exceed 0.
[ 83.803s] PRUNE: margin=-5.750000, optimistic_rem(widened)=0.000000 → cannot exceed 0.
[ 84.000s] PRUNE: margin=-5.750000, optimistic_rem(widened)=0.000000 → cannot exceed 0.
[ 84.395s] PRUNE: margin=-1.375000, optimistic_rem(widened)=0.000000 → cannot exceed 0.
[ 85.184s] PRUNE: margin=-1.375000, optimistic_rem(widened)=0.000000 → cannot exceed 0.
[ 85.381s] PRUNE: margin=-5.750000, optimistic_rem(widened)=0.000000 → cannot exceed 0.
[ 85.579s] PRUNE: margin=-5.750000, optimistic_rem(widened)=0.000000 → cannot exceed 0.
[ 85.776s] PRUNE: margin=-5.750000, optimistic_rem(widened)=0.000000 → cannot exceed 0.
[ 85.974s] PRUNE: margin=-5.750000, optimistic_rem(widened)=0.000000 → cannot exceed 0.
[ 86.171s] PRUNE: margin=-5.750000, optimistic_rem(widened)=0.000000 → cannot exceed 0.
[ 86.368s] PRUNE: margin=-5.750000, optimistic_rem(widened)=0.000000 → cannot exceed 0.
[ 86.763s] PRUNE: margin=-5.750000, optimistic_rem(widened)=0.000000 → cannot exceed 0.
[ 86.960s] PRUNE: margin=-5.625000, optimistic_rem(widened)=0.000000 → cannot exceed 0.
[ 87.158s] PRUNE: margin=-5.750000, optimistic_rem(widened)=0.000000 → cannot exceed 0.
[ 87.355s] PRUNE: margin=-5.750000, optimistic_rem(widened)=0.000000 → cannot exceed 0.
[ 87.552s] PRUNE: margin=-5.750000, optimistic_rem(widened)=0.000000 → cannot exceed 0.
[ 87.750s] PRUNE: margin=-5.750000, optimistic_rem(widened)=0.000000 → cannot exceed 0.
[ 88.145s] PRUNE: margin=-5.750000, optimistic_rem(widened)=0.000000 → cannot exceed 0.
[ 88.342s] PRUNE: margin=-5.750000, optimistic_rem(widened)=0.000000 → cannot exceed 0.
[ 88.540s] PRUNE: margin=-5.750000, optimistic_rem(widened)=0.000000 → cannot exceed 0.
[ 88.737s] PRUNE: margin=-5.750000, optimistic_rem(widened)=0.000000 → cannot exceed 0.
[ 88.934s] PRUNE: margin=-5.750000, optimistic_rem(widened)=0.000000 → cannot exceed 0.
[ 89.329s] PRUNE: margin=-5.750000, optimistic_rem(widened)=0.000000 → cannot exceed 0.
[ 89.527s] PRUNE: margin=-5.750000, optimistic_rem(widened)=0.000000 → cannot exceed 0.
[ 89.724s] PRUNE: margin=-5.750000, optimistic_rem(widened)=0.000000 → cannot exceed 0.
[ 89.921s] PRUNE: margin=-5.750000, optimistic_rem(widened)=0.000000 → cannot exceed 0.
[ 90.316s] PRUNE: margin=-5.750000, optimistic_rem(widened)=0.000000 → cannot exceed 0.
[ 90.514s] PRUNE: margin=-5.750000, optimistic_rem(widened)=0.000000 → cannot exceed 0.
[ 90.711s] PRUNE: margin=-5.750000, optimistic_rem(widened)=0.000000 → cannot exceed 0.
[ 91.106s] PRUNE: margin=-1.375000, optimistic_rem(widened)=0.000000 → cannot exceed 0.
[ 91.303s] PRUNE: margin=-5.750000, optimistic_rem(widened)=0.000000 → cannot exceed 0.
[ 91.698s] PRUNE: margin=-1.375000, optimistic_rem(widened)=0.000000 → cannot exceed 0.
[ 92.389s] PRUNE: margin=-1.375000, optimistic_rem(widened)=1.000000 → cannot exceed 0.
[ 92.685s] PRUNE: margin=-5.750000, optimistic_rem(widened)=0.000000 → cannot exceed 0.
[ 92.882s] PRUNE: margin=-5.750000, optimistic_rem(widened)=0.000000 → cannot exceed 0.
[ 93.079s] PRUNE: margin=-5.750000, optimistic_rem(widened)=0.000000 → cannot exceed 0.
[ 93.277s] PRUNE: margin=-5.750000, optimistic_rem(widened)=0.000000 → cannot exceed 0.
[ 93.474s] PRUNE: margin=-5.750000, optimistic_rem(widened)=0.000000 → cannot exceed 0.
[ 93.869s] PRUNE: margin=-5.750000, optimistic_rem(widened)=0.000000 → cannot exceed 0.
[ 94.066s] PRUNE: margin=-5.750000, optimistic_rem(widened)=0.000000 → cannot exceed 0.
[ 94.264s] PRUNE: margin=-5.750000, optimistic_rem(widened)=0.000000 → cannot exceed 0.
[ 94.461s] PRUNE: margin=-5.750000, optimistic_rem(widened)=0.000000 → cannot exceed 0.
[ 94.856s] PRUNE: margin=-5.750000, optimistic_rem(widened)=0.000000 → cannot exceed 0.
[ 95.053s] PRUNE: margin=-5.750000, optimistic_rem(widened)=0.000000 → cannot exceed 0.
[ 95.250s] PRUNE: margin=-5.750000, optimistic_rem(widened)=0.000000 → cannot exceed 0.
[ 95.645s] PRUNE: margin=-5.750000, optimistic_rem(widened)=0.000000 → cannot exceed 0.
[ 95.843s] PRUNE: margin=-5.750000, optimistic_rem(widened)=0.000000 → cannot exceed 0.
[ 96.238s] PRUNE: margin=-5.750000, optimistic_rem(widened)=0.000000 → cannot exceed 0.
[ 97.027s] PRUNE: margin=-5.625000, optimistic_rem(widened)=0.000000 → cannot exceed 0.
[ 97.224s] PRUNE: margin=-5.625000, optimistic_rem(widened)=0.000000 → cannot exceed 0.
[ 97.422s] PRUNE: margin=-5.750000, optimistic_rem(widened)=0.000000 → cannot exceed 0.
[ 97.619s] PRUNE: margin=-5.750000, optimistic_rem(widened)=0.000000 → cannot exceed 0.
[ 97.817s] PRUNE: margin=-5.750000, optimistic_rem(widened)=0.000000 → cannot exceed 0.
[ 98.212s] PRUNE: margin=-5.625000, optimistic_rem(widened)=0.000000 → cannot exceed 0.
[ 98.410s] PRUNE: margin=-5.750000, optimistic_rem(widened)=0.000000 → cannot exceed 0.
[ 98.608s] PRUNE: margin=-5.750000, optimistic_rem(widened)=0.000000 → cannot exceed 0.
[ 98.807s] PRUNE: margin=-5.750000, optimistic_rem(widened)=0.000000 → cannot exceed 0.
[ 99.204s] PRUNE: margin=-5.750000, optimistic_rem(widened)=0.000000 → cannot exceed 0.
[ 99.402s] PRUNE: margin=-5.750000, optimistic_rem(widened)=0.000000 → cannot exceed 0.
[ 99.601s] PRUNE: margin=-5.750000, optimistic_rem(widened)=0.000000 → cannot exceed 0.
[ 99.998s] PRUNE: margin=-5.750000, optimistic_rem(widened)=0.000000 → cannot exceed 0.
[100.197s] PRUNE: margin=-5.750000, optimistic_rem(widened)=0.000000 → cannot exceed 0.
[100.594s] PRUNE: margin=-5.750000, optimistic_rem(widened)=0.000000 → cannot exceed 0.
[101.387s] PRUNE: margin=-5.625000, optimistic_rem(widened)=0.000000 → cannot exceed 0.
[101.586s] PRUNE: margin=-5.750000, optimistic_rem(widened)=0.000000 → cannot exceed 0.
[101.784s] PRUNE: margin=-5.750000, optimistic_rem(widened)=0.000000 → cannot exceed 0.
[101.983s] PRUNE: margin=-5.750000, optimistic_rem(widened)=0.000000 → cannot exceed 0.
[102.325s] PRUNE: margin=-5.750000, optimistic_rem(widened)=0.000000 → cannot exceed 0.
[102.515s] PRUNE: margin=-5.750000, optimistic_rem(widened)=0.000000 → cannot exceed 0.
[102.702s] PRUNE: margin=-5.750000, optimistic_rem(widened)=0.000000 → cannot exceed 0.
[103.088s] PRUNE: margin=-5.750000, optimistic_rem(widened)=0.000000 → cannot exceed 0.
[103.273s] PRUNE: margin=-5.750000, optimistic_rem(widened)=0.000000 → cannot exceed 0.
[103.644s] PRUNE: margin=-5.750000, optimistic_rem(widened)=0.000000 → cannot exceed 0.
[104.356s] PRUNE: margin=-5.750000, optimistic_rem(widened)=0.000000 → cannot exceed 0.
[104.554s] PRUNE: margin=-5.750000, optimistic_rem(widened)=0.000000 → cannot exceed 0.
[104.752s] PRUNE: margin=-5.750000, optimistic_rem(widened)=0.000000 → cannot exceed 0.
[105.148s] PRUNE: margin=-5.750000, optimistic_rem(widened)=0.000000 → cannot exceed 0.
[105.282s] PRUNE: margin=-5.750000, optimistic_rem(widened)=0.000000 → cannot exceed 0.
[105.549s] PRUNE: margin=-1.375000, optimistic_rem(widened)=0.000000 → cannot exceed 0.
[106.283s] PRUNE: margin=-1.375000, optimistic_rem(widened)=0.000000 → cannot exceed 0.
[106.480s] PRUNE: margin=-5.750000, optimistic_rem(widened)=0.000000 → cannot exceed 0.
[106.876s] PRUNE: margin=-5.750000, optimistic_rem(widened)=0.000000 → cannot exceed 0.
[107.667s] PRUNE: margin=-1.375000, optimistic_rem(widened)=0.000000 → cannot exceed 0.
[111.132s] PRUNE: margin=-5.625000, optimistic_rem(widened)=0.000000 → cannot exceed 0.
[111.330s] PRUNE: margin=-5.625000, optimistic_rem(widened)=0.000000 → cannot exceed 0.
[111.528s] PRUNE: margin=-5.625000, optimistic_rem(widened)=0.000000 → cannot exceed 0.
[111.726s] PRUNE: margin=-5.750000, optimistic_rem(widened)=0.000000 → cannot exceed 0.
[111.924s] PRUNE: margin=-5.750000, optimistic_rem(widened)=0.000000 → cannot exceed 0.
[112.122s] PRUNE: margin=-5.750000, optimistic_rem(widened)=0.000000 → cannot exceed 0.
[112.320s] PRUNE: margin=-5.750000, optimistic_rem(widened)=0.000000 → cannot exceed 0.
[113.607s] PRUNE: margin=-5.625000, optimistic_rem(widened)=0.000000 → cannot exceed 0.
[113.805s] PRUNE: margin=-5.625000, optimistic_rem(widened)=0.000000 → cannot exceed 0.
[114.002s] PRUNE: margin=-5.750000, optimistic_rem(widened)=0.000000 → cannot exceed 0.
[114.200s] PRUNE: margin=-5.750000, optimistic_rem(widened)=0.000000 → cannot exceed 0.
[114.398s] PRUNE: margin=-5.750000, optimistic_rem(widened)=0.000000 → cannot exceed 0.
[114.596s] PRUNE: margin=-5.750000, optimistic_rem(widened)=0.000000 → cannot exceed 0.
[114.794s] PRUNE: margin=-5.750000, optimistic_rem(widened)=0.000000 → cannot exceed 0.
[115.190s] PRUNE: margin=-1.375000, optimistic_rem(widened)=0.000000 → cannot exceed 0.
[115.388s] PRUNE: margin=-5.750000, optimistic_rem(widened)=0.000000 → cannot exceed 0.
[115.586s] PRUNE: margin=-5.750000, optimistic_rem(widened)=0.000000 → cannot exceed 0.
[115.783s] PRUNE: margin=-5.750000, optimistic_rem(widened)=0.000000 → cannot exceed 0.
[115.982s] PRUNE: margin=-5.750000, optimistic_rem(widened)=0.000000 → cannot exceed 0.
[116.179s] PRUNE: margin=-5.750000, optimistic_rem(widened)=0.000000 → cannot exceed 0.
[116.377s] PRUNE: margin=-5.750000, optimistic_rem(widened)=0.000000 → cannot exceed 0.
[116.774s] PRUNE: margin=-5.625000, optimistic_rem(widened)=0.000000 → cannot exceed 0.
[116.972s] PRUNE: margin=-5.625000, optimistic_rem(widened)=0.000000 → cannot exceed 0.
[117.170s] PRUNE: margin=-5.625000, optimistic_rem(widened)=0.000000 → cannot exceed 0.
[117.367s] PRUNE: margin=-5.750000, optimistic_rem(widened)=0.000000 → cannot exceed 0.
[117.565s] PRUNE: margin=-5.750000, optimistic_rem(widened)=0.000000 → cannot exceed 0.
[117.763s] PRUNE: margin=-5.750000, optimistic_rem(widened)=0.000000 → cannot exceed 0.
[118.159s] PRUNE: margin=-5.625000, optimistic_rem(widened)=0.000000 → cannot exceed 0.
[118.357s] PRUNE: margin=-5.625000, optimistic_rem(widened)=0.000000 → cannot exceed 0.
[118.555s] PRUNE: margin=-5.750000, optimistic_rem(widened)=0.000000 → cannot exceed 0.
[118.753s] PRUNE: margin=-5.750000, optimistic_rem(widened)=0.000000 → cannot exceed 0.
[118.950s] PRUNE: margin=-5.750000, optimistic_rem(widened)=0.000000 → cannot exceed 0.
[119.346s] PRUNE: margin=-5.750000, optimistic_rem(widened)=0.000000 → cannot exceed 0.
[119.544s] PRUNE: margin=-5.625000, optimistic_rem(widened)=0.000000 → cannot exceed 0.
[119.741s] PRUNE: margin=-5.750000, optimistic_rem(widened)=0.000000 → cannot exceed 0.
[119.939s] PRUNE: margin=-5.750000, optimistic_rem(widened)=0.000000 → cannot exceed 0.
[120.335s] PRUNE: margin=-5.750000, optimistic_rem(widened)=0.000000 → cannot exceed 0.
[120.533s] PRUNE: margin=-5.750000, optimistic_rem(widened)=0.000000 → cannot exceed 0.
[120.730s] PRUNE: margin=-5.750000, optimistic_rem(widened)=0.000000 → cannot exceed 0.
[121.126s] PRUNE: margin=-5.750000, optimistic_rem(widened)=0.000000 → cannot exceed 0.
[121.324s] PRUNE: margin=-5.750000, optimistic_rem(widened)=0.000000 → cannot exceed 0.
[121.719s] PRUNE: margin=-1.375000, optimistic_rem(widened)=0.000000 → cannot exceed 0.
[122.511s] PRUNE: margin=-5.750000, optimistic_rem(widened)=0.000000 → cannot exceed 0.
[123.501s] PRUNE: margin=-5.750000, optimistic_rem(widened)=0.000000 → cannot exceed 0.
[123.699s] PRUNE: margin=-5.750000, optimistic_rem(widened)=0.000000 → cannot exceed 0.
[123.899s] PRUNE: margin=-5.750000, optimistic_rem(widened)=0.000000 → cannot exceed 0.
[124.097s] PRUNE: margin=-5.750000, optimistic_rem(widened)=0.000000 → cannot exceed 0.
[124.295s] PRUNE: margin=-5.750000, optimistic_rem(widened)=0.000000 → cannot exceed 0.
[124.492s] PRUNE: margin=-5.750000, optimistic_rem(widened)=0.000000 → cannot exceed 0.
[124.888s] PRUNE: margin=-1.375000, optimistic_rem(widened)=0.000000 → cannot exceed 0.
[125.086s] PRUNE: margin=-5.750000, optimistic_rem(widened)=0.000000 → cannot exceed 0.
[125.284s] PRUNE: margin=-5.750000, optimistic_rem(widened)=0.000000 → cannot exceed 0.
[125.482s] PRUNE: margin=-5.750000, optimistic_rem(widened)=0.000000 → cannot exceed 0.
[125.680s] PRUNE: margin=-5.750000, optimistic_rem(widened)=0.000000 → cannot exceed 0.
[125.878s] PRUNE: margin=-5.750000, optimistic_rem(widened)=0.000000 → cannot exceed 0.
[126.076s] PRUNE: margin=-5.750000, optimistic_rem(widened)=0.000000 → cannot exceed 0.
[126.472s] PRUNE: margin=-5.625000, optimistic_rem(widened)=0.000000 → cannot exceed 0.
[126.670s] PRUNE: margin=-5.625000, optimistic_rem(widened)=0.000000 → cannot exceed 0.
[126.868s] PRUNE: margin=-5.625000, optimistic_rem(widened)=0.000000 → cannot exceed 0.
[127.066s] PRUNE: margin=-5.750000, optimistic_rem(widened)=0.000000 → cannot exceed 0.
[127.264s] PRUNE: margin=-5.750000, optimistic_rem(widened)=0.000000 → cannot exceed 0.
[127.461s] PRUNE: margin=-5.750000, optimistic_rem(widened)=0.000000 → cannot exceed 0.
[127.857s] PRUNE: margin=-5.625000, optimistic_rem(widened)=0.000000 → cannot exceed 0.
[128.055s] PRUNE: margin=-5.625000, optimistic_rem(widened)=0.000000 → cannot exceed 0.
[128.252s] PRUNE: margin=-5.750000, optimistic_rem(widened)=0.000000 → cannot exceed 0.
[128.450s] PRUNE: margin=-5.750000, optimistic_rem(widened)=0.000000 → cannot exceed 0.
[128.660s] PRUNE: margin=-5.750000, optimistic_rem(widened)=0.000000 → cannot exceed 0.
[129.056s] PRUNE: margin=-5.750000, optimistic_rem(widened)=0.000000 → cannot exceed 0.
[129.254s] PRUNE: margin=-5.750000, optimistic_rem(widened)=0.000000 → cannot exceed 0.
[129.451s] PRUNE: margin=-5.750000, optimistic_rem(widened)=0.000000 → cannot exceed 0.
[129.649s] PRUNE: margin=-5.750000, optimistic_rem(widened)=0.000000 → cannot exceed 0.
[130.046s] PRUNE: margin=-5.750000, optimistic_rem(widened)=0.000000 → cannot exceed 0.
[130.244s] PRUNE: margin=-5.750000, optimistic_rem(widened)=0.000000 → cannot exceed 0.
[130.442s] PRUNE: margin=-5.750000, optimistic_rem(widened)=0.000000 → cannot exceed 0.
[130.837s] PRUNE: margin=-5.750000, optimistic_rem(widened)=0.000000 → cannot exceed 0.
[131.035s] PRUNE: margin=-5.750000, optimistic_rem(widened)=0.000000 → cannot exceed 0.
[131.431s] PRUNE: margin=-1.375000, optimistic_rem(widened)=0.000000 → cannot exceed 0.
[132.222s] PRUNE: margin=-1.375000, optimistic_rem(widened)=0.000000 → cannot exceed 0.
[132.420s] PRUNE: margin=-5.750000, optimistic_rem(widened)=0.000000 → cannot exceed 0.
[132.618s] PRUNE: margin=-5.750000, optimistic_rem(widened)=0.000000 → cannot exceed 0.
[132.816s] PRUNE: margin=-5.750000, optimistic_rem(widened)=0.000000 → cannot exceed 0.
[133.014s] PRUNE: margin=-5.750000, optimistic_rem(widened)=0.000000 → cannot exceed 0.
[133.212s] PRUNE: margin=-5.750000, optimistic_rem(widened)=0.000000 → cannot exceed 0.
[133.410s] PRUNE: margin=-5.750000, optimistic_rem(widened)=0.000000 → cannot exceed 0.
[133.805s] PRUNE: margin=-5.750000, optimistic_rem(widened)=0.000000 → cannot exceed 0.
[134.003s] PRUNE: margin=-5.625000, optimistic_rem(widened)=0.000000 → cannot exceed 0.
[134.201s] PRUNE: margin=-5.750000, optimistic_rem(widened)=0.000000 → cannot exceed 0.
[134.399s] PRUNE: margin=-5.750000, optimistic_rem(widened)=0.000000 → cannot exceed 0.
[134.597s] PRUNE: margin=-5.750000, optimistic_rem(widened)=0.000000 → cannot exceed 0.
[134.795s] PRUNE: margin=-5.750000, optimistic_rem(widened)=0.000000 → cannot exceed 0.
[135.051s] PRUNE: margin=-5.750000, optimistic_rem(widened)=0.000000 → cannot exceed 0.
[135.171s] PRUNE: margin=-5.750000, optimistic_rem(widened)=0.000000 → cannot exceed 0.
[135.290s] PRUNE: margin=-5.750000, optimistic_rem(widened)=0.000000 → cannot exceed 0.
[135.461s] PRUNE: margin=-5.750000, optimistic_rem(widened)=0.000000 → cannot exceed 0.
[135.649s] PRUNE: margin=-5.750000, optimistic_rem(widened)=0.000000 → cannot exceed 0.
[135.895s] PRUNE: margin=-5.750000, optimistic_rem(widened)=0.000000 → cannot exceed 0.
[136.019s] PRUNE: margin=-5.750000, optimistic_rem(widened)=0.000000 → cannot exceed 0.
[136.137s] PRUNE: margin=-5.750000, optimistic_rem(widened)=0.000000 → cannot exceed 0.
[136.256s] PRUNE: margin=-5.750000, optimistic_rem(widened)=0.000000 → cannot exceed 0.
[136.553s] PRUNE: margin=-5.750000, optimistic_rem(widened)=0.000000 → cannot exceed 0.
[136.759s] PRUNE: margin=-5.750000, optimistic_rem(widened)=0.000000 → cannot exceed 0.
[136.962s] PRUNE: margin=-5.750000, optimistic_rem(widened)=0.000000 → cannot exceed 0.
[137.358s] PRUNE: margin=-1.375000, optimistic_rem(widened)=0.000000 → cannot exceed 0.
[137.556s] PRUNE: margin=-5.750000, optimistic_rem(widened)=0.000000 → cannot exceed 0.
[137.952s] PRUNE: margin=-1.375000, optimistic_rem(widened)=0.000000 → cannot exceed 0.
[138.644s] PRUNE: margin=-1.375000, optimistic_rem(widened)=1.000000 → cannot exceed 0.
[138.941s] PRUNE: margin=-5.750000, optimistic_rem(widened)=0.000000 → cannot exceed 0.
[139.139s] PRUNE: margin=-5.750000, optimistic_rem(widened)=0.000000 → cannot exceed 0.
[139.337s] PRUNE: margin=-5.750000, optimistic_rem(widened)=0.000000 → cannot exceed 0.
[139.535s] PRUNE: margin=-5.750000, optimistic_rem(widened)=0.000000 → cannot exceed 0.
[139.733s] PRUNE: margin=-5.750000, optimistic_rem(widened)=0.000000 → cannot exceed 0.
[140.129s] PRUNE: margin=-5.750000, optimistic_rem(widened)=0.000000 → cannot exceed 0.
[140.327s] PRUNE: margin=-5.750000, optimistic_rem(widened)=0.000000 → cannot exceed 0.
[140.525s] PRUNE: margin=-5.750000, optimistic_rem(widened)=0.000000 → cannot exceed 0.
[140.723s] PRUNE: margin=-5.750000, optimistic_rem(widened)=0.000000 → cannot exceed 0.
[141.119s] PRUNE: margin=-5.750000, optimistic_rem(widened)=0.000000 → cannot exceed 0.
[141.317s] PRUNE: margin=-5.750000, optimistic_rem(widened)=0.000000 → cannot exceed 0.
[141.515s] PRUNE: margin=-5.750000, optimistic_rem(widened)=0.000000 → cannot exceed 0.
[141.911s] PRUNE: margin=-5.750000, optimistic_rem(widened)=0.000000 → cannot exceed 0.
[142.109s] PRUNE: margin=-5.750000, optimistic_rem(widened)=0.000000 → cannot exceed 0.
[142.505s] PRUNE: margin=-5.750000, optimistic_rem(widened)=0.000000 → cannot exceed 0.
[143.297s] PRUNE: margin=-5.625000, optimistic_rem(widened)=0.000000 → cannot exceed 0.
[143.495s] PRUNE: margin=-5.625000, optimistic_rem(widened)=0.000000 → cannot exceed 0.
[143.693s] PRUNE: margin=-5.750000, optimistic_rem(widened)=0.000000 → cannot exceed 0.
[143.891s] PRUNE: margin=-5.750000, optimistic_rem(widened)=0.000000 → cannot exceed 0.
[144.089s] PRUNE: margin=-5.750000, optimistic_rem(widened)=0.000000 → cannot exceed 0.
[144.485s] PRUNE: margin=-5.625000, optimistic_rem(widened)=0.000000 → cannot exceed 0.
[144.683s] PRUNE: margin=-5.750000, optimistic_rem(widened)=0.000000 → cannot exceed 0.
[144.881s] PRUNE: margin=-5.750000, optimistic_rem(widened)=0.000000 → cannot exceed 0.
[145.079s] PRUNE: margin=-5.750000, optimistic_rem(widened)=0.000000 → cannot exceed 0.
[145.475s] PRUNE: margin=-5.750000, optimistic_rem(widened)=0.000000 → cannot exceed 0.
[145.673s] PRUNE: margin=-5.750000, optimistic_rem(widened)=0.000000 → cannot exceed 0.
[145.871s] PRUNE: margin=-5.750000, optimistic_rem(widened)=0.000000 → cannot exceed 0.
[146.267s] PRUNE: margin=-5.750000, optimistic_rem(widened)=0.000000 → cannot exceed 0.
[146.466s] PRUNE: margin=-5.750000, optimistic_rem(widened)=0.000000 → cannot exceed 0.
[146.862s] PRUNE: margin=-5.750000, optimistic_rem(widened)=0.000000 → cannot exceed 0.
[147.654s] PRUNE: margin=-5.625000, optimistic_rem(widened)=0.000000 → cannot exceed 0.
[147.851s] PRUNE: margin=-5.750000, optimistic_rem(widened)=0.000000 → cannot exceed 0.
[148.049s] PRUNE: margin=-5.750000, optimistic_rem(widened)=0.000000 → cannot exceed 0.
[148.247s] PRUNE: margin=-5.750000, optimistic_rem(widened)=0.000000 → cannot exceed 0.
[148.643s] PRUNE: margin=-5.750000, optimistic_rem(widened)=0.000000 → cannot exceed 0.
[148.842s] PRUNE: margin=-5.750000, optimistic_rem(widened)=0.000000 → cannot exceed 0.
[149.040s] PRUNE: margin=-5.750000, optimistic_rem(widened)=0.000000 → cannot exceed 0.
[149.436s] PRUNE: margin=-5.750000, optimistic_rem(widened)=0.000000 → cannot exceed 0.
[149.634s] PRUNE: margin=-5.750000, optimistic_rem(widened)=0.000000 → cannot exceed 0.
[150.030s] PRUNE: margin=-5.750000, optimistic_rem(widened)=0.000000 → cannot exceed 0.
[150.822s] PRUNE: margin=-5.750000, optimistic_rem(widened)=0.000000 → cannot exceed 0.
[151.020s] PRUNE: margin=-5.750000, optimistic_rem(widened)=0.000000 → cannot exceed 0.
[151.218s] PRUNE: margin=-5.750000, optimistic_rem(widened)=0.000000 → cannot exceed 0.
[151.614s] PRUNE: margin=-5.750000, optimistic_rem(widened)=0.000000 → cannot exceed 0.
[151.812s] PRUNE: margin=-5.750000, optimistic_rem(widened)=0.000000 → cannot exceed 0.
[152.208s] PRUNE: margin=-1.375000, optimistic_rem(widened)=0.000000 → cannot exceed 0.
[153.000s] PRUNE: margin=-1.375000, optimistic_rem(widened)=0.000000 → cannot exceed 0.
[153.198s] PRUNE: margin=-5.750000, optimistic_rem(widened)=0.000000 → cannot exceed 0.
[153.594s] PRUNE: margin=-5.750000, optimistic_rem(widened)=0.000000 → cannot exceed 0.
[154.386s] PRUNE: margin=-1.375000, optimistic_rem(widened)=0.000000 → cannot exceed 0.
[155.970s] PRUNE: margin=-1.375000, optimistic_rem(widened)=0.000000 → cannot exceed 0.
[156.960s] PRUNE: margin=-5.750000, optimistic_rem(widened)=0.000000 → cannot exceed 0.
[157.158s] PRUNE: margin=-5.750000, optimistic_rem(widened)=0.000000 → cannot exceed 0.
[157.356s] PRUNE: margin=-5.750000, optimistic_rem(widened)=0.000000 → cannot exceed 0.
[157.554s] PRUNE: margin=-5.750000, optimistic_rem(widened)=0.000000 → cannot exceed 0.
[157.752s] PRUNE: margin=-5.750000, optimistic_rem(widened)=0.000000 → cannot exceed 0.
[157.950s] PRUNE: margin=-5.750000, optimistic_rem(widened)=0.000000 → cannot exceed 0.
[158.348s] PRUNE: margin=-1.375000, optimistic_rem(widened)=0.000000 → cannot exceed 0.
[158.546s] PRUNE: margin=-5.750000, optimistic_rem(widened)=0.000000 → cannot exceed 0.
[158.744s] PRUNE: margin=-5.750000, optimistic_rem(widened)=0.000000 → cannot exceed 0.
[158.942s] PRUNE: margin=-5.750000, optimistic_rem(widened)=0.000000 → cannot exceed 0.
[159.140s] PRUNE: margin=-5.750000, optimistic_rem(widened)=0.000000 → cannot exceed 0.
[159.338s] PRUNE: margin=-5.750000, optimistic_rem(widened)=0.000000 → cannot exceed 0.
[159.536s] PRUNE: margin=-5.750000, optimistic_rem(widened)=0.000000 → cannot exceed 0.
[159.932s] PRUNE: margin=-5.625000, optimistic_rem(widened)=0.000000 → cannot exceed 0.
[160.130s] PRUNE: margin=-5.625000, optimistic_rem(widened)=0.000000 → cannot exceed 0.
[160.328s] PRUNE: margin=-5.750000, optimistic_rem(widened)=0.000000 → cannot exceed 0.
[160.527s] PRUNE: margin=-5.750000, optimistic_rem(widened)=0.000000 → cannot exceed 0.
[160.725s] PRUNE: margin=-5.750000, optimistic_rem(widened)=0.000000 → cannot exceed 0.
[160.923s] PRUNE: margin=-5.750000, optimistic_rem(widened)=0.000000 → cannot exceed 0.
[161.319s] PRUNE: margin=-5.625000, optimistic_rem(widened)=0.000000 → cannot exceed 0.
[161.517s] PRUNE: margin=-5.750000, optimistic_rem(widened)=0.000000 → cannot exceed 0.
[161.714s] PRUNE: margin=-5.750000, optimistic_rem(widened)=0.000000 → cannot exceed 0.
[161.913s] PRUNE: margin=-5.750000, optimistic_rem(widened)=0.000000 → cannot exceed 0.
[162.111s] PRUNE: margin=-5.750000, optimistic_rem(widened)=0.000000 → cannot exceed 0.
[162.507s] PRUNE: margin=-5.750000, optimistic_rem(widened)=0.000000 → cannot exceed 0.
[162.705s] PRUNE: margin=-5.750000, optimistic_rem(widened)=0.000000 → cannot exceed 0.
[162.903s] PRUNE: margin=-5.750000, optimistic_rem(widened)=0.000000 → cannot exceed 0.
[163.101s] PRUNE: margin=-5.750000, optimistic_rem(widened)=0.000000 → cannot exceed 0.
[163.497s] PRUNE: margin=-5.750000, optimistic_rem(widened)=0.000000 → cannot exceed 0.
[163.695s] PRUNE: margin=-5.750000, optimistic_rem(widened)=0.000000 → cannot exceed 0.
[163.893s] PRUNE: margin=-5.750000, optimistic_rem(widened)=0.000000 → cannot exceed 0.
[164.289s] PRUNE: margin=-5.750000, optimistic_rem(widened)=0.000000 → cannot exceed 0.
[164.486s] PRUNE: margin=-5.750000, optimistic_rem(widened)=0.000000 → cannot exceed 0.
[164.882s] PRUNE: margin=-1.375000, optimistic_rem(widened)=0.000000 → cannot exceed 0.
[165.674s] PRUNE: margin=-1.375000, optimistic_rem(widened)=0.000000 → cannot exceed 0.
[165.872s] PRUNE: margin=-1.375000, optimistic_rem(widened)=0.000000 → cannot exceed 0.
[166.070s] PRUNE: margin=-5.750000, optimistic_rem(widened)=0.000000 → cannot exceed 0.
[166.268s] PRUNE: margin=-5.750000, optimistic_rem(widened)=0.000000 → cannot exceed 0.
[166.466s] PRUNE: margin=-5.750000, optimistic_rem(widened)=0.000000 → cannot exceed 0.
[166.664s] PRUNE: margin=-5.750000, optimistic_rem(widened)=0.000000 → cannot exceed 0.
[166.862s] PRUNE: margin=-5.750000, optimistic_rem(widened)=0.000000 → cannot exceed 0.
[167.263s] PRUNE: margin=-5.750000, optimistic_rem(widened)=0.000000 → cannot exceed 0.
[167.461s] PRUNE: margin=-5.750000, optimistic_rem(widened)=0.000000 → cannot exceed 0.
[167.659s] PRUNE: margin=-5.750000, optimistic_rem(widened)=0.000000 → cannot exceed 0.
[167.857s] PRUNE: margin=-5.750000, optimistic_rem(widened)=0.000000 → cannot exceed 0.
[168.055s] PRUNE: margin=-5.750000, optimistic_rem(widened)=0.000000 → cannot exceed 0.
[168.253s] PRUNE: margin=-5.750000, optimistic_rem(widened)=0.000000 → cannot exceed 0.
[168.649s] PRUNE: margin=-5.750000, optimistic_rem(widened)=0.000000 → cannot exceed 0.
[168.847s] PRUNE: margin=-5.750000, optimistic_rem(widened)=0.000000 → cannot exceed 0.
[169.044s] PRUNE: margin=-5.750000, optimistic_rem(widened)=0.000000 → cannot exceed 0.
[169.242s] PRUNE: margin=-5.750000, optimistic_rem(widened)=0.000000 → cannot exceed 0.
[169.440s] PRUNE: margin=-5.750000, optimistic_rem(widened)=0.000000 → cannot exceed 0.
[169.836s] PRUNE: margin=-5.750000, optimistic_rem(widened)=0.000000 → cannot exceed 0.
[170.034s] PRUNE: margin=-5.750000, optimistic_rem(widened)=0.000000 → cannot exceed 0.
[170.232s] PRUNE: margin=-5.750000, optimistic_rem(widened)=0.000000 → cannot exceed 0.
[170.430s] PRUNE: margin=-5.750000, optimistic_rem(widened)=0.000000 → cannot exceed 0.
[170.826s] PRUNE: margin=-5.750000, optimistic_rem(widened)=0.000000 → cannot exceed 0.
[171.024s] PRUNE: margin=-5.750000, optimistic_rem(widened)=0.000000 → cannot exceed 0.
[171.222s] PRUNE: margin=-5.750000, optimistic_rem(widened)=0.000000 → cannot exceed 0.
[171.618s] PRUNE: margin=-1.375000, optimistic_rem(widened)=0.000000 → cannot exceed 0.
[171.816s] PRUNE: margin=-5.750000, optimistic_rem(widened)=0.000000 → cannot exceed 0.
[172.212s] PRUNE: margin=-1.375000, optimistic_rem(widened)=0.000000 → cannot exceed 0.
[172.905s] PRUNE: margin=-1.375000, optimistic_rem(widened)=1.000000 → cannot exceed 0.
[173.202s] PRUNE: margin=-5.750000, optimistic_rem(widened)=0.000000 → cannot exceed 0.
[173.400s] PRUNE: margin=-5.750000, optimistic_rem(widened)=0.000000 → cannot exceed 0.
[173.598s] PRUNE: margin=-5.750000, optimistic_rem(widened)=0.000000 → cannot exceed 0.
[173.796s] PRUNE: margin=-5.750000, optimistic_rem(widened)=0.000000 → cannot exceed 0.
[173.994s] PRUNE: margin=-5.750000, optimistic_rem(widened)=0.000000 → cannot exceed 0.
[174.390s] PRUNE: margin=-5.750000, optimistic_rem(widened)=0.000000 → cannot exceed 0.
[174.588s] PRUNE: margin=-5.750000, optimistic_rem(widened)=0.000000 → cannot exceed 0.
[174.786s] PRUNE: margin=-5.750000, optimistic_rem(widened)=0.000000 → cannot exceed 0.
[174.984s] PRUNE: margin=-5.750000, optimistic_rem(widened)=0.000000 → cannot exceed 0.
[175.380s] PRUNE: margin=-5.750000, optimistic_rem(widened)=0.000000 → cannot exceed 0.
[175.579s] PRUNE: margin=-5.750000, optimistic_rem(widened)=0.000000 → cannot exceed 0.
[175.777s] PRUNE: margin=-5.750000, optimistic_rem(widened)=0.000000 → cannot exceed 0.
[176.173s] PRUNE: margin=-5.750000, optimistic_rem(widened)=0.000000 → cannot exceed 0.
[176.371s] PRUNE: margin=-5.750000, optimistic_rem(widened)=0.000000 → cannot exceed 0.
[176.767s] PRUNE: margin=-5.750000, optimistic_rem(widened)=0.000000 → cannot exceed 0.
[177.560s] PRUNE: margin=-5.625000, optimistic_rem(widened)=0.000000 → cannot exceed 0.
[177.758s] PRUNE: margin=-5.625000, optimistic_rem(widened)=0.000000 → cannot exceed 0.
[177.956s] PRUNE: margin=-5.750000, optimistic_rem(widened)=0.000000 → cannot exceed 0.
[178.156s] PRUNE: margin=-5.750000, optimistic_rem(widened)=0.000000 → cannot exceed 0.
[178.354s] PRUNE: margin=-5.750000, optimistic_rem(widened)=0.000000 → cannot exceed 0.
[178.750s] PRUNE: margin=-5.750000, optimistic_rem(widened)=0.000000 → cannot exceed 0.
[178.948s] PRUNE: margin=-5.625000, optimistic_rem(widened)=0.000000 → cannot exceed 0.
[179.146s] PRUNE: margin=-5.750000, optimistic_rem(widened)=0.000000 → cannot exceed 0.
[179.344s] PRUNE: margin=-5.750000, optimistic_rem(widened)=0.000000 → cannot exceed 0.
[179.740s] PRUNE: margin=-5.750000, optimistic_rem(widened)=0.000000 → cannot exceed 0.
[179.938s] PRUNE: margin=-5.750000, optimistic_rem(widened)=0.000000 → cannot exceed 0.
[180.136s] PRUNE: margin=-5.750000, optimistic_rem(widened)=0.000000 → cannot exceed 0.
[180.532s] PRUNE: margin=-5.750000, optimistic_rem(widened)=0.000000 → cannot exceed 0.
[180.730s] PRUNE: margin=-5.750000, optimistic_rem(widened)=0.000000 → cannot exceed 0.
[181.126s] PRUNE: margin=-1.375000, optimistic_rem(widened)=0.000000 → cannot exceed 0.
[181.918s] PRUNE: margin=-5.750000, optimistic_rem(widened)=0.000000 → cannot exceed 0.
[182.116s] PRUNE: margin=-5.625000, optimistic_rem(widened)=0.000000 → cannot exceed 0.
[182.314s] PRUNE: margin=-5.750000, optimistic_rem(widened)=0.000000 → cannot exceed 0.
[182.512s] PRUNE: margin=-5.750000, optimistic_rem(widened)=0.000000 → cannot exceed 0.
[182.908s] PRUNE: margin=-5.750000, optimistic_rem(widened)=0.000000 → cannot exceed 0.
[183.106s] PRUNE: margin=-5.750000, optimistic_rem(widened)=0.000000 → cannot exceed 0.
[183.304s] PRUNE: margin=-5.750000, optimistic_rem(widened)=0.000000 → cannot exceed 0.
[183.700s] PRUNE: margin=-5.750000, optimistic_rem(widened)=0.000000 → cannot exceed 0.
[183.898s] PRUNE: margin=-5.750000, optimistic_rem(widened)=0.000000 → cannot exceed 0.
[184.294s] PRUNE: margin=-1.375000, optimistic_rem(widened)=0.000000 → cannot exceed 0.
[185.085s] PRUNE: margin=-5.750000, optimistic_rem(widened)=0.000000 → cannot exceed 0.
[185.283s] PRUNE: margin=-5.750000, optimistic_rem(widened)=0.000000 → cannot exceed 0.
[185.482s] PRUNE: margin=-5.750000, optimistic_rem(widened)=0.000000 → cannot exceed 0.
[185.878s] PRUNE: margin=-5.750000, optimistic_rem(widened)=0.000000 → cannot exceed 0.
[186.076s] PRUNE: margin=-5.750000, optimistic_rem(widened)=0.000000 → cannot exceed 0.
[186.472s] PRUNE: margin=-1.375000, optimistic_rem(widened)=0.000000 → cannot exceed 0.
[187.263s] PRUNE: margin=-1.375000, optimistic_rem(widened)=0.000000 → cannot exceed 0.
[187.462s] PRUNE: margin=-5.750000, optimistic_rem(widened)=0.000000 → cannot exceed 0.
[187.858s] PRUNE: margin=-5.750000, optimistic_rem(widened)=0.000000 → cannot exceed 0.
[188.650s] PRUNE: margin=-1.375000, optimistic_rem(widened)=0.000000 → cannot exceed 0.
[189.342s] PRUNE: margin=-1.375000, optimistic_rem(widened)=1.000000 → cannot exceed 0.
[190.233s] PRUNE: margin=-1.375000, optimistic_rem(widened)=0.000000 → cannot exceed 0.
[190.431s] PRUNE: margin=-1.375000, optimistic_rem(widened)=0.000000 → cannot exceed 0.
[190.629s] PRUNE: margin=-5.750000, optimistic_rem(widened)=0.000000 → cannot exceed 0.
[190.826s] PRUNE: margin=-5.750000, optimistic_rem(widened)=0.000000 → cannot exceed 0.
[191.024s] PRUNE: margin=-5.750000, optimistic_rem(widened)=0.000000 → cannot exceed 0.
[191.222s] PRUNE: margin=-5.750000, optimistic_rem(widened)=0.000000 → cannot exceed 0.
[191.419s] PRUNE: margin=-5.750000, optimistic_rem(widened)=0.000000 → cannot exceed 0.
[191.814s] PRUNE: margin=-5.750000, optimistic_rem(widened)=0.000000 → cannot exceed 0.
[192.012s] PRUNE: margin=-5.750000, optimistic_rem(widened)=0.000000 → cannot exceed 0.
[192.210s] PRUNE: margin=-5.750000, optimistic_rem(widened)=0.000000 → cannot exceed 0.
[192.407s] PRUNE: margin=-5.750000, optimistic_rem(widened)=0.000000 → cannot exceed 0.
[192.605s] PRUNE: margin=-5.750000, optimistic_rem(widened)=0.000000 → cannot exceed 0.
[192.803s] PRUNE: margin=-5.750000, optimistic_rem(widened)=0.000000 → cannot exceed 0.
[193.198s] PRUNE: margin=-5.750000, optimistic_rem(widened)=0.000000 → cannot exceed 0.
[193.396s] PRUNE: margin=-5.750000, optimistic_rem(widened)=0.000000 → cannot exceed 0.
[193.593s] PRUNE: margin=-5.750000, optimistic_rem(widened)=0.000000 → cannot exceed 0.
[193.791s] PRUNE: margin=-5.750000, optimistic_rem(widened)=0.000000 → cannot exceed 0.
[193.988s] PRUNE: margin=-5.750000, optimistic_rem(widened)=0.000000 → cannot exceed 0.
[194.383s] PRUNE: margin=-5.750000, optimistic_rem(widened)=0.000000 → cannot exceed 0.
[194.581s] PRUNE: margin=-5.750000, optimistic_rem(widened)=0.000000 → cannot exceed 0.
[194.779s] PRUNE: margin=-5.750000, optimistic_rem(widened)=0.000000 → cannot exceed 0.
[194.977s] PRUNE: margin=-5.750000, optimistic_rem(widened)=0.000000 → cannot exceed 0.
[195.372s] PRUNE: margin=-1.375000, optimistic_rem(widened)=0.000000 → cannot exceed 0.
[195.569s] PRUNE: margin=-5.750000, optimistic_rem(widened)=0.000000 → cannot exceed 0.
[195.767s] PRUNE: margin=-5.750000, optimistic_rem(widened)=0.000000 → cannot exceed 0.
[196.163s] PRUNE: margin=-1.375000, optimistic_rem(widened)=0.000000 → cannot exceed 0.
[196.360s] PRUNE: margin=-5.750000, optimistic_rem(widened)=0.000000 → cannot exceed 0.
[196.755s] PRUNE: margin=-1.375000, optimistic_rem(widened)=0.000000 → cannot exceed 0.
[197.447s] PRUNE: margin=-1.375000, optimistic_rem(widened)=1.000000 → cannot exceed 0.
[197.743s] PRUNE: margin=-5.750000, optimistic_rem(widened)=0.000000 → cannot exceed 0.
[197.941s] PRUNE: margin=-5.750000, optimistic_rem(widened)=0.000000 → cannot exceed 0.
[198.138s] PRUNE: margin=-5.750000, optimistic_rem(widened)=0.000000 → cannot exceed 0.
[198.336s] PRUNE: margin=-5.750000, optimistic_rem(widened)=0.000000 → cannot exceed 0.
[198.533s] PRUNE: margin=-5.750000, optimistic_rem(widened)=0.000000 → cannot exceed 0.
[198.929s] PRUNE: margin=-5.750000, optimistic_rem(widened)=0.000000 → cannot exceed 0.
[199.126s] PRUNE: margin=-5.750000, optimistic_rem(widened)=0.000000 → cannot exceed 0.
[199.324s] PRUNE: margin=-5.750000, optimistic_rem(widened)=0.000000 → cannot exceed 0.
[199.521s] PRUNE: margin=-5.750000, optimistic_rem(widened)=0.000000 → cannot exceed 0.
[199.916s] PRUNE: margin=-5.750000, optimistic_rem(widened)=0.000000 → cannot exceed 0.
[200.114s] PRUNE: margin=-5.750000, optimistic_rem(widened)=0.000000 → cannot exceed 0.
[200.311s] PRUNE: margin=-5.750000, optimistic_rem(widened)=0.000000 → cannot exceed 0.
[200.707s] PRUNE: margin=-5.750000, optimistic_rem(widened)=0.000000 → cannot exceed 0.
[200.904s] PRUNE: margin=-5.750000, optimistic_rem(widened)=0.000000 → cannot exceed 0.
[201.300s] PRUNE: margin=-1.375000, optimistic_rem(widened)=0.000000 → cannot exceed 0.
[202.090s] PRUNE: margin=-5.625000, optimistic_rem(widened)=0.000000 → cannot exceed 0.
[202.288s] PRUNE: margin=-5.750000, optimistic_rem(widened)=0.000000 → cannot exceed 0.
[202.486s] PRUNE: margin=-5.750000, optimistic_rem(widened)=0.000000 → cannot exceed 0.
[202.683s] PRUNE: margin=-5.750000, optimistic_rem(widened)=0.000000 → cannot exceed 0.
[202.881s] PRUNE: margin=-5.750000, optimistic_rem(widened)=0.000000 → cannot exceed 0.
[203.276s] PRUNE: margin=-5.750000, optimistic_rem(widened)=0.000000 → cannot exceed 0.
[203.474s] PRUNE: margin=-5.750000, optimistic_rem(widened)=0.000000 → cannot exceed 0.
[203.671s] PRUNE: margin=-5.750000, optimistic_rem(widened)=0.000000 → cannot exceed 0.
[203.869s] PRUNE: margin=-5.750000, optimistic_rem(widened)=0.000000 → cannot exceed 0.
[204.264s] PRUNE: margin=-5.750000, optimistic_rem(widened)=0.000000 → cannot exceed 0.
[204.462s] PRUNE: margin=-5.750000, optimistic_rem(widened)=0.000000 → cannot exceed 0.
[204.660s] PRUNE: margin=-5.750000, optimistic_rem(widened)=0.000000 → cannot exceed 0.
[205.055s] PRUNE: margin=-5.750000, optimistic_rem(widened)=0.000000 → cannot exceed 0.
[205.252s] PRUNE: margin=-5.750000, optimistic_rem(widened)=0.000000 → cannot exceed 0.
[205.647s] PRUNE: margin=-1.375000, optimistic_rem(widened)=0.000000 → cannot exceed 0.
[206.438s] PRUNE: margin=-5.750000, optimistic_rem(widened)=0.000000 → cannot exceed 0.
[206.635s] PRUNE: margin=-5.750000, optimistic_rem(widened)=0.000000 → cannot exceed 0.
[206.833s] PRUNE: margin=-5.750000, optimistic_rem(widened)=0.000000 → cannot exceed 0.
[207.031s] PRUNE: margin=-5.750000, optimistic_rem(widened)=0.000000 → cannot exceed 0.
[207.426s] PRUNE: margin=-5.750000, optimistic_rem(widened)=0.000000 → cannot exceed 0.
[207.623s] PRUNE: margin=-5.750000, optimistic_rem(widened)=0.000000 → cannot exceed 0.
[207.821s] PRUNE: margin=-5.750000, optimistic_rem(widened)=0.000000 → cannot exceed 0.
[208.216s] PRUNE: margin=-5.750000, optimistic_rem(widened)=0.000000 → cannot exceed 0.
[208.414s] PRUNE: margin=-5.750000, optimistic_rem(widened)=0.000000 → cannot exceed 0.
[208.809s] PRUNE: margin=-1.375000, optimistic_rem(widened)=0.000000 → cannot exceed 0.
[209.599s] PRUNE: margin=-5.750000, optimistic_rem(widened)=0.000000 → cannot exceed 0.
[209.797s] PRUNE: margin=-5.750000, optimistic_rem(widened)=0.000000 → cannot exceed 0.
[209.994s] PRUNE: margin=-5.750000, optimistic_rem(widened)=0.000000 → cannot exceed 0.
[210.389s] PRUNE: margin=-5.750000, optimistic_rem(widened)=0.000000 → cannot exceed 0.
[210.587s] PRUNE: margin=-5.750000, optimistic_rem(widened)=0.000000 → cannot exceed 0.
[210.982s] PRUNE: margin=-1.375000, optimistic_rem(widened)=0.000000 → cannot exceed 0.
[211.773s] PRUNE: margin=-1.375000, optimistic_rem(widened)=0.000000 → cannot exceed 0.
[211.970s] PRUNE: margin=-5.750000, optimistic_rem(widened)=0.000000 → cannot exceed 0.
[212.365s] PRUNE: margin=-5.750000, optimistic_rem(widened)=0.000000 → cannot exceed 0.
[213.156s] PRUNE: margin=-1.375000, optimistic_rem(widened)=0.000000 → cannot exceed 0.
[213.847s] PRUNE: margin=-1.375000, optimistic_rem(widened)=1.000000 → cannot exceed 0.
[214.638s] PRUNE: margin=-1.375000, optimistic_rem(widened)=1.000000 → cannot exceed 0.
[214.934s] PRUNE: margin=-1.375000, optimistic_rem(widened)=0.000000 → cannot exceed 0.
[215.132s] PRUNE: margin=-5.750000, optimistic_rem(widened)=0.000000 → cannot exceed 0.
[215.330s] PRUNE: margin=-5.750000, optimistic_rem(widened)=0.000000 → cannot exceed 0.
[215.527s] PRUNE: margin=-5.750000, optimistic_rem(widened)=0.000000 → cannot exceed 0.
[215.725s] PRUNE: margin=-5.750000, optimistic_rem(widened)=0.000000 → cannot exceed 0.
[216.120s] PRUNE: margin=-1.375000, optimistic_rem(widened)=0.000000 → cannot exceed 0.
[216.318s] PRUNE: margin=-5.750000, optimistic_rem(widened)=0.000000 → cannot exceed 0.
[216.515s] PRUNE: margin=-5.750000, optimistic_rem(widened)=0.000000 → cannot exceed 0.
[216.713s] PRUNE: margin=-5.750000, optimistic_rem(widened)=0.000000 → cannot exceed 0.
[217.108s] PRUNE: margin=-5.750000, optimistic_rem(widened)=0.000000 → cannot exceed 0.
[217.305s] PRUNE: margin=-5.750000, optimistic_rem(widened)=0.000000 → cannot exceed 0.
[217.503s] PRUNE: margin=-5.750000, optimistic_rem(widened)=0.000000 → cannot exceed 0.
[217.898s] PRUNE: margin=-5.750000, optimistic_rem(widened)=0.000000 → cannot exceed 0.
[218.096s] PRUNE: margin=-5.750000, optimistic_rem(widened)=0.000000 → cannot exceed 0.
[218.491s] PRUNE: margin=-5.750000, optimistic_rem(widened)=0.000000 → cannot exceed 0.
[219.281s] PRUNE: margin=-1.375000, optimistic_rem(widened)=0.000000 → cannot exceed 0.
[219.479s] PRUNE: margin=-1.375000, optimistic_rem(widened)=0.000000 → cannot exceed 0.
[219.677s] PRUNE: margin=-5.750000, optimistic_rem(widened)=0.000000 → cannot exceed 0.
[219.874s] PRUNE: margin=-5.750000, optimistic_rem(widened)=0.000000 → cannot exceed 0.
[220.072s] PRUNE: margin=-5.750000, optimistic_rem(widened)=0.000000 → cannot exceed 0.
[220.467s] PRUNE: margin=-5.750000, optimistic_rem(widened)=0.000000 → cannot exceed 0.
[220.664s] PRUNE: margin=-5.750000, optimistic_rem(widened)=0.000000 → cannot exceed 0.
[220.862s] PRUNE: margin=-5.750000, optimistic_rem(widened)=0.000000 → cannot exceed 0.
[221.060s] PRUNE: margin=-5.750000, optimistic_rem(widened)=0.000000 → cannot exceed 0.
[221.455s] PRUNE: margin=-5.750000, optimistic_rem(widened)=0.000000 → cannot exceed 0.
[221.653s] PRUNE: margin=-5.750000, optimistic_rem(widened)=0.000000 → cannot exceed 0.
[221.850s] PRUNE: margin=-5.750000, optimistic_rem(widened)=0.000000 → cannot exceed 0.
[222.245s] PRUNE: margin=-5.750000, optimistic_rem(widened)=0.000000 → cannot exceed 0.
[222.443s] PRUNE: margin=-5.750000, optimistic_rem(widened)=0.000000 → cannot exceed 0.
[222.838s] PRUNE: margin=-5.750000, optimistic_rem(widened)=0.000000 → cannot exceed 0.
[223.629s] PRUNE: margin=-1.375000, optimistic_rem(widened)=0.000000 → cannot exceed 0.
[223.827s] PRUNE: margin=-1.375000, optimistic_rem(widened)=0.000000 → cannot exceed 0.
[224.024s] PRUNE: margin=-5.750000, optimistic_rem(widened)=0.000000 → cannot exceed 0.
[224.222s] PRUNE: margin=-5.750000, optimistic_rem(widened)=0.000000 → cannot exceed 0.
[224.617s] PRUNE: margin=-5.750000, optimistic_rem(widened)=0.000000 → cannot exceed 0.
[224.815s] PRUNE: margin=-5.750000, optimistic_rem(widened)=0.000000 → cannot exceed 0.
[225.012s] PRUNE: margin=-5.750000, optimistic_rem(widened)=0.000000 → cannot exceed 0.
[225.407s] PRUNE: margin=-5.750000, optimistic_rem(widened)=0.000000 → cannot exceed 0.
[225.605s] PRUNE: margin=-5.750000, optimistic_rem(widened)=0.000000 → cannot exceed 0.
[226.000s] PRUNE: margin=-5.750000, optimistic_rem(widened)=0.000000 → cannot exceed 0.
[226.790s] PRUNE: margin=-1.375000, optimistic_rem(widened)=0.000000 → cannot exceed 0.
[226.988s] PRUNE: margin=-1.375000, optimistic_rem(widened)=0.000000 → cannot exceed 0.
[227.185s] PRUNE: margin=-5.750000, optimistic_rem(widened)=0.000000 → cannot exceed 0.
[227.581s] PRUNE: margin=-5.750000, optimistic_rem(widened)=0.000000 → cannot exceed 0.
[227.779s] PRUNE: margin=-5.750000, optimistic_rem(widened)=0.000000 → cannot exceed 0.
[228.174s] PRUNE: margin=-5.750000, optimistic_rem(widened)=0.000000 → cannot exceed 0.
[228.965s] PRUNE: margin=-1.375000, optimistic_rem(widened)=0.000000 → cannot exceed 0.
[229.197s] PRUNE: margin=-1.375000, optimistic_rem(widened)=0.000000 → cannot exceed 0.
[229.592s] PRUNE: margin=-5.750000, optimistic_rem(widened)=0.000000 → cannot exceed 0.
[230.283s] PRUNE: margin=-1.375000, optimistic_rem(widened)=1.000000 → cannot exceed 0.
[230.876s] PRUNE: margin=-1.375000, optimistic_rem(widened)=1.000000 → cannot exceed 0.
[231.667s] PRUNE: margin=-1.375000, optimistic_rem(widened)=1.000000 → cannot exceed 0.
[231.864s] PRUNE: margin=-1.375000, optimistic_rem(widened)=1.000000 → cannot exceed 0.
[232.062s] PRUNE: margin=-1.375000, optimistic_rem(widened)=1.000000 → cannot exceed 0.
[232.259s] PRUNE: margin=-1.375000, optimistic_rem(widened)=1.000000 → cannot exceed 0.
[232.457s] PRUNE: margin=-1.375000, optimistic_rem(widened)=1.000000 → cannot exceed 0.
[232.655s] PRUNE: margin=-1.375000, optimistic_rem(widened)=1.000000 → cannot exceed 0.
[233.148s] PRUNE: margin=-5.750000, optimistic_rem(widened)=0.000000 → cannot exceed 0.
[233.346s] PRUNE: margin=-5.750000, optimistic_rem(widened)=0.000000 → cannot exceed 0.
[233.544s] PRUNE: margin=-5.750000, optimistic_rem(widened)=0.000000 → cannot exceed 0.
[233.742s] PRUNE: margin=-5.750000, optimistic_rem(widened)=0.000000 → cannot exceed 0.
[234.137s] PRUNE: margin=-5.750000, optimistic_rem(widened)=0.000000 → cannot exceed 0.
[234.334s] PRUNE: margin=-5.750000, optimistic_rem(widened)=0.000000 → cannot exceed 0.
[234.532s] PRUNE: margin=-5.750000, optimistic_rem(widened)=0.000000 → cannot exceed 0.
[234.930s] PRUNE: margin=-5.750000, optimistic_rem(widened)=0.000000 → cannot exceed 0.
[235.128s] PRUNE: margin=-5.750000, optimistic_rem(widened)=0.000000 → cannot exceed 0.
[235.525s] PRUNE: margin=-5.750000, optimistic_rem(widened)=0.000000 → cannot exceed 0.
[236.317s] PRUNE: margin=-5.750000, optimistic_rem(widened)=0.000000 → cannot exceed 0.
[236.515s] PRUNE: margin=-5.750000, optimistic_rem(widened)=0.000000 → cannot exceed 0.
[236.713s] PRUNE: margin=-5.750000, optimistic_rem(widened)=0.000000 → cannot exceed 0.
[237.109s] PRUNE: margin=-5.750000, optimistic_rem(widened)=0.000000 → cannot exceed 0.
[237.307s] PRUNE: margin=-5.750000, optimistic_rem(widened)=0.000000 → cannot exceed 0.
[237.703s] PRUNE: margin=-5.750000, optimistic_rem(widened)=0.000000 → cannot exceed 0.
[238.496s] PRUNE: margin=-5.750000, optimistic_rem(widened)=0.000000 → cannot exceed 0.
[238.694s] PRUNE: margin=-5.750000, optimistic_rem(widened)=0.000000 → cannot exceed 0.
[239.090s] PRUNE: margin=-5.750000, optimistic_rem(widened)=0.000000 → cannot exceed 0.
[239.882s] PRUNE: margin=-5.750000, optimistic_rem(widened)=0.000000 → cannot exceed 0.
[247.417s] PRUNE: margin=-1.375000, optimistic_rem(widened)=1.000000 → cannot exceed 0.
[248.212s] PRUNE: margin=-1.375000, optimistic_rem(widened)=1.000000 → cannot exceed 0.
[249.599s] PRUNE: margin=-1.375000, optimistic_rem(widened)=1.000000 → cannot exceed 0.
[252.965s] PRUNE: margin=-1.375000, optimistic_rem(widened)=1.000000 → cannot exceed 0.
[253.757s] PRUNE: margin=-1.375000, optimistic_rem(widened)=1.000000 → cannot exceed 0.
[255.143s] PRUNE: margin=-1.375000, optimistic_rem(widened)=1.000000 → cannot exceed 0.
[256.727s] PRUNE: margin=-1.375000, optimistic_rem(widened)=1.000000 → cannot exceed 0.
[258.113s] PRUNE: margin=-1.375000, optimistic_rem(widened)=1.000000 → cannot exceed 0.
[259.699s] PRUNE: margin=-1.375000, optimistic_rem(widened)=1.000000 → cannot exceed 0.
[262.274s] No counterexample within budgets (BaB): no misclassification found.
STATUS: No counterexample | best_upper_margin=18.750000 | elapsed=262.274s | pixels_changed=0 | total_bit_flips=0 | avg_hamming_per_pixel=0.000000 | patch_rows=7-7 | patch_cols=15-16 | note=no_counterexample_within_budgets
