[  0.000s] init: idx=9676 kmax=2 bmax=4 topx=2 widen=1.000 rank_fast=off
clean logits (hex):  0x84  0x87  0x8f  0x9a  0xf6  0x92  0x87  0x70  0xc4  0x74
clean logits (bits): 10000100 10000111 10001111 10011010 11110110 10010010 10000111 01110000 11000100 01110100
clean logits (double): -16.000000 -10.000000 -4.500000 -2.750000 -0.156250 -3.750000 -10.000000 +4.000000 -0.937500 +6.000000
[  0.008s] clean prediction: 9 (true label 9)
[  0.300s] heuristic ROI: 2x2 block at rows 14-15, cols 23-24
[  0.496s] selection: nSym=2 (from 4), topx=2, rank_fast=off
[  0.496s] active patch: rows 14-15, cols 23-24 (derived from symPix)
[  1.052s] Proceeding to BaB (greedy enabled).
[  1.052s] Skipping root bound check (--no-root-bound).
[  1.052s] BaB search starting (K≤2, B≤4, nSym=2, depth_limit=500000000, widen=1.00)...
[  1.250s] PRUNE: margin=-1.250000, optimistic_rem(widened)=0.437500 → cannot exceed 0.
[  1.447s] PRUNE: margin=-1.250000, optimistic_rem(widened)=0.562500 → cannot exceed 0.
[  1.643s] PRUNE: margin=-1.375000, optimistic_rem(widened)=0.375000 → cannot exceed 0.
[  1.840s] PRUNE: margin=-1.500000, optimistic_rem(widened)=0.500000 → cannot exceed 0.
[  2.141s] PRUNE: margin=-1.375000, optimistic_rem(widened)=0.375000 → cannot exceed 0.
[  2.437s] PRUNE: margin=-1.375000, optimistic_rem(widened)=0.125000 → cannot exceed 0.
[  2.634s] PRUNE: margin=-1.375000, optimistic_rem(widened)=0.375000 → cannot exceed 0.
[  4.160s] PRUNE: margin=-2.000000, optimistic_rem(widened)=0.000000 → cannot exceed 0.
[  4.375s] PRUNE: margin=-2.000000, optimistic_rem(widened)=0.000000 → cannot exceed 0.
[  4.585s] PRUNE: margin=-2.000000, optimistic_rem(widened)=0.000000 → cannot exceed 0.
[  4.806s] PRUNE: margin=-2.000000, optimistic_rem(widened)=0.000000 → cannot exceed 0.
[  5.795s] PRUNE: margin=-2.000000, optimistic_rem(widened)=0.000000 → cannot exceed 0.
[  5.992s] PRUNE: margin=-2.000000, optimistic_rem(widened)=0.000000 → cannot exceed 0.
[  6.190s] PRUNE: margin=-2.000000, optimistic_rem(widened)=0.000000 → cannot exceed 0.
[  6.387s] PRUNE: margin=-2.000000, optimistic_rem(widened)=0.000000 → cannot exceed 0.
[  6.782s] PRUNE: margin=-2.000000, optimistic_rem(widened)=0.000000 → cannot exceed 0.
[  6.980s] PRUNE: margin=-2.000000, optimistic_rem(widened)=0.000000 → cannot exceed 0.
[  7.177s] PRUNE: margin=-2.000000, optimistic_rem(widened)=0.000000 → cannot exceed 0.
[  7.374s] PRUNE: margin=-2.000000, optimistic_rem(widened)=0.000000 → cannot exceed 0.
[  7.769s] PRUNE: margin=-2.000000, optimistic_rem(widened)=0.000000 → cannot exceed 0.
[  7.967s] PRUNE: margin=-2.000000, optimistic_rem(widened)=0.000000 → cannot exceed 0.
[  8.164s] PRUNE: margin=-2.000000, optimistic_rem(widened)=0.000000 → cannot exceed 0.
[  8.559s] PRUNE: margin=-2.000000, optimistic_rem(widened)=0.000000 → cannot exceed 0.
[  8.756s] PRUNE: margin=-2.000000, optimistic_rem(widened)=0.000000 → cannot exceed 0.
[  9.151s] PRUNE: margin=-2.000000, optimistic_rem(widened)=0.000000 → cannot exceed 0.
[  9.942s] PRUNE: margin=-1.375000, optimistic_rem(widened)=0.000000 → cannot exceed 0.
[ 10.139s] PRUNE: margin=-2.000000, optimistic_rem(widened)=0.000000 → cannot exceed 0.
[ 10.337s] PRUNE: margin=-2.000000, optimistic_rem(widened)=0.000000 → cannot exceed 0.
[ 10.535s] PRUNE: margin=-2.000000, optimistic_rem(widened)=0.000000 → cannot exceed 0.
[ 10.732s] PRUNE: margin=-2.000000, optimistic_rem(widened)=0.000000 → cannot exceed 0.
[ 10.930s] PRUNE: margin=-2.000000, optimistic_rem(widened)=0.000000 → cannot exceed 0.
[ 11.127s] PRUNE: margin=-2.000000, optimistic_rem(widened)=0.000000 → cannot exceed 0.
[ 11.522s] PRUNE: margin=-1.375000, optimistic_rem(widened)=0.000000 → cannot exceed 0.
[ 11.720s] PRUNE: margin=-2.000000, optimistic_rem(widened)=0.000000 → cannot exceed 0.
[ 11.917s] PRUNE: margin=-2.000000, optimistic_rem(widened)=0.000000 → cannot exceed 0.
[ 12.115s] PRUNE: margin=-2.000000, optimistic_rem(widened)=0.000000 → cannot exceed 0.
[ 12.313s] PRUNE: margin=-2.000000, optimistic_rem(widened)=0.000000 → cannot exceed 0.
[ 12.510s] PRUNE: margin=-2.000000, optimistic_rem(widened)=0.000000 → cannot exceed 0.
[ 12.905s] PRUNE: margin=-1.375000, optimistic_rem(widened)=0.000000 → cannot exceed 0.
[ 13.103s] PRUNE: margin=-2.000000, optimistic_rem(widened)=0.000000 → cannot exceed 0.
[ 13.300s] PRUNE: margin=-2.000000, optimistic_rem(widened)=0.000000 → cannot exceed 0.
[ 13.497s] PRUNE: margin=-2.000000, optimistic_rem(widened)=0.000000 → cannot exceed 0.
[ 13.695s] PRUNE: margin=-2.000000, optimistic_rem(widened)=0.000000 → cannot exceed 0.
[ 14.090s] PRUNE: margin=-1.375000, optimistic_rem(widened)=0.000000 → cannot exceed 0.
[ 14.287s] PRUNE: margin=-2.000000, optimistic_rem(widened)=0.000000 → cannot exceed 0.
[ 14.485s] PRUNE: margin=-2.000000, optimistic_rem(widened)=0.000000 → cannot exceed 0.
[ 14.706s] PRUNE: margin=-2.000000, optimistic_rem(widened)=0.000000 → cannot exceed 0.
[ 15.106s] PRUNE: margin=-1.375000, optimistic_rem(widened)=0.000000 → cannot exceed 0.
[ 15.304s] PRUNE: margin=-2.000000, optimistic_rem(widened)=0.000000 → cannot exceed 0.
[ 15.501s] PRUNE: margin=-2.000000, optimistic_rem(widened)=0.000000 → cannot exceed 0.
[ 15.896s] PRUNE: margin=-1.375000, optimistic_rem(widened)=0.000000 → cannot exceed 0.
[ 16.094s] PRUNE: margin=-2.000000, optimistic_rem(widened)=0.000000 → cannot exceed 0.
[ 16.490s] PRUNE: margin=-1.375000, optimistic_rem(widened)=0.000000 → cannot exceed 0.
[ 17.181s] PRUNE: margin=-1.375000, optimistic_rem(widened)=0.125000 → cannot exceed 0.
[ 17.477s] PRUNE: margin=-2.000000, optimistic_rem(widened)=0.000000 → cannot exceed 0.
[ 17.675s] PRUNE: margin=-2.000000, optimistic_rem(widened)=0.000000 → cannot exceed 0.
[ 17.872s] PRUNE: margin=-2.000000, optimistic_rem(widened)=0.000000 → cannot exceed 0.
[ 18.070s] PRUNE: margin=-2.000000, optimistic_rem(widened)=0.000000 → cannot exceed 0.
[ 18.267s] PRUNE: margin=-2.000000, optimistic_rem(widened)=0.000000 → cannot exceed 0.
[ 18.664s] PRUNE: margin=-2.000000, optimistic_rem(widened)=0.000000 → cannot exceed 0.
[ 18.861s] PRUNE: margin=-2.000000, optimistic_rem(widened)=0.000000 → cannot exceed 0.
[ 19.058s] PRUNE: margin=-2.000000, optimistic_rem(widened)=0.000000 → cannot exceed 0.
[ 19.256s] PRUNE: margin=-2.000000, optimistic_rem(widened)=0.000000 → cannot exceed 0.
[ 19.650s] PRUNE: margin=-2.000000, optimistic_rem(widened)=0.000000 → cannot exceed 0.
[ 19.848s] PRUNE: margin=-2.000000, optimistic_rem(widened)=0.000000 → cannot exceed 0.
[ 20.045s] PRUNE: margin=-2.000000, optimistic_rem(widened)=0.000000 → cannot exceed 0.
[ 20.441s] PRUNE: margin=-2.000000, optimistic_rem(widened)=0.000000 → cannot exceed 0.
[ 20.638s] PRUNE: margin=-2.000000, optimistic_rem(widened)=0.000000 → cannot exceed 0.
[ 21.059s] PRUNE: margin=-2.000000, optimistic_rem(widened)=0.000000 → cannot exceed 0.
[ 21.742s] PRUNE: margin=-1.375000, optimistic_rem(widened)=0.375000 → cannot exceed 0.
[ 22.039s] PRUNE: margin=-2.000000, optimistic_rem(widened)=0.000000 → cannot exceed 0.
[ 22.236s] PRUNE: margin=-2.000000, optimistic_rem(widened)=0.000000 → cannot exceed 0.
[ 22.433s] PRUNE: margin=-2.000000, optimistic_rem(widened)=0.000000 → cannot exceed 0.
[ 22.631s] PRUNE: margin=-2.000000, optimistic_rem(widened)=0.000000 → cannot exceed 0.
[ 23.026s] PRUNE: margin=-2.000000, optimistic_rem(widened)=0.000000 → cannot exceed 0.
[ 23.223s] PRUNE: margin=-2.000000, optimistic_rem(widened)=0.000000 → cannot exceed 0.
[ 23.421s] PRUNE: margin=-2.000000, optimistic_rem(widened)=0.000000 → cannot exceed 0.
[ 23.816s] PRUNE: margin=-2.000000, optimistic_rem(widened)=0.000000 → cannot exceed 0.
[ 24.013s] PRUNE: margin=-2.000000, optimistic_rem(widened)=0.000000 → cannot exceed 0.
[ 24.408s] PRUNE: margin=-2.000000, optimistic_rem(widened)=0.000000 → cannot exceed 0.
[ 25.099s] PRUNE: margin=-1.375000, optimistic_rem(widened)=0.125000 → cannot exceed 0.
[ 25.395s] PRUNE: margin=-1.375000, optimistic_rem(widened)=0.000000 → cannot exceed 0.
[ 25.592s] PRUNE: margin=-2.000000, optimistic_rem(widened)=0.000000 → cannot exceed 0.
[ 25.792s] PRUNE: margin=-2.000000, optimistic_rem(widened)=0.000000 → cannot exceed 0.
[ 26.187s] PRUNE: margin=-2.000000, optimistic_rem(widened)=0.000000 → cannot exceed 0.
[ 26.384s] PRUNE: margin=-2.000000, optimistic_rem(widened)=0.000000 → cannot exceed 0.
[ 26.780s] PRUNE: margin=-2.000000, optimistic_rem(widened)=0.000000 → cannot exceed 0.
[ 27.964s] PRUNE: margin=-2.000000, optimistic_rem(widened)=0.000000 → cannot exceed 0.
[ 28.161s] PRUNE: margin=-2.000000, optimistic_rem(widened)=0.000000 → cannot exceed 0.
[ 28.556s] PRUNE: margin=-2.000000, optimistic_rem(widened)=0.000000 → cannot exceed 0.
[ 28.753s] PRUNE: margin=-2.000000, optimistic_rem(widened)=0.000000 → cannot exceed 0.
[ 29.168s] PRUNE: margin=-2.000000, optimistic_rem(widened)=0.000000 → cannot exceed 0.
[ 29.957s] PRUNE: margin=-2.000000, optimistic_rem(widened)=0.000000 → cannot exceed 0.
[ 30.155s] PRUNE: margin=-2.000000, optimistic_rem(widened)=0.000000 → cannot exceed 0.
[ 30.550s] PRUNE: margin=-2.000000, optimistic_rem(widened)=0.000000 → cannot exceed 0.
[ 31.137s] PRUNE: margin=-2.000000, optimistic_rem(widened)=0.000000 → cannot exceed 0.
[ 32.312s] PRUNE: margin=-1.375000, optimistic_rem(widened)=0.250000 → cannot exceed 0.
[ 33.347s] PRUNE: margin=-2.000000, optimistic_rem(widened)=0.000000 → cannot exceed 0.
[ 33.544s] PRUNE: margin=-2.000000, optimistic_rem(widened)=0.000000 → cannot exceed 0.
[ 33.741s] PRUNE: margin=-2.000000, optimistic_rem(widened)=0.000000 → cannot exceed 0.
[ 33.939s] PRUNE: margin=-2.000000, optimistic_rem(widened)=0.000000 → cannot exceed 0.
[ 34.136s] PRUNE: margin=-2.000000, optimistic_rem(widened)=0.000000 → cannot exceed 0.
[ 34.333s] PRUNE: margin=-2.000000, optimistic_rem(widened)=0.000000 → cannot exceed 0.
[ 34.728s] PRUNE: margin=-1.375000, optimistic_rem(widened)=0.000000 → cannot exceed 0.
[ 34.925s] PRUNE: margin=-2.000000, optimistic_rem(widened)=0.000000 → cannot exceed 0.
[ 35.122s] PRUNE: margin=-2.000000, optimistic_rem(widened)=0.000000 → cannot exceed 0.
[ 35.319s] PRUNE: margin=-2.000000, optimistic_rem(widened)=0.000000 → cannot exceed 0.
[ 35.516s] PRUNE: margin=-2.000000, optimistic_rem(widened)=0.000000 → cannot exceed 0.
[ 35.713s] PRUNE: margin=-2.000000, optimistic_rem(widened)=0.000000 → cannot exceed 0.
[ 36.107s] PRUNE: margin=-2.000000, optimistic_rem(widened)=0.000000 → cannot exceed 0.
[ 36.305s] PRUNE: margin=-2.000000, optimistic_rem(widened)=0.000000 → cannot exceed 0.
[ 36.502s] PRUNE: margin=-2.000000, optimistic_rem(widened)=0.000000 → cannot exceed 0.
[ 36.699s] PRUNE: margin=-2.000000, optimistic_rem(widened)=0.000000 → cannot exceed 0.
[ 36.896s] PRUNE: margin=-2.000000, optimistic_rem(widened)=0.000000 → cannot exceed 0.
[ 37.290s] PRUNE: margin=-2.000000, optimistic_rem(widened)=0.000000 → cannot exceed 0.
[ 37.487s] PRUNE: margin=-2.000000, optimistic_rem(widened)=0.000000 → cannot exceed 0.
[ 37.685s] PRUNE: margin=-2.000000, optimistic_rem(widened)=0.000000 → cannot exceed 0.
[ 37.882s] PRUNE: margin=-2.000000, optimistic_rem(widened)=0.000000 → cannot exceed 0.
[ 38.276s] PRUNE: margin=-2.000000, optimistic_rem(widened)=0.000000 → cannot exceed 0.
[ 38.473s] PRUNE: margin=-2.000000, optimistic_rem(widened)=0.000000 → cannot exceed 0.
[ 38.671s] PRUNE: margin=-2.000000, optimistic_rem(widened)=0.000000 → cannot exceed 0.
[ 39.065s] PRUNE: margin=-2.000000, optimistic_rem(widened)=0.000000 → cannot exceed 0.
[ 39.262s] PRUNE: margin=-2.000000, optimistic_rem(widened)=0.000000 → cannot exceed 0.
[ 39.656s] PRUNE: margin=-1.375000, optimistic_rem(widened)=0.000000 → cannot exceed 0.
[ 40.301s] PRUNE: margin=-1.375000, optimistic_rem(widened)=0.250000 → cannot exceed 0.
[ 40.597s] PRUNE: margin=-1.375000, optimistic_rem(widened)=0.000000 → cannot exceed 0.
[ 40.794s] PRUNE: margin=-2.000000, optimistic_rem(widened)=0.000000 → cannot exceed 0.
[ 40.986s] PRUNE: margin=-2.000000, optimistic_rem(widened)=0.000000 → cannot exceed 0.
[ 41.120s] PRUNE: margin=-2.000000, optimistic_rem(widened)=0.000000 → cannot exceed 0.
[ 41.253s] PRUNE: margin=-2.000000, optimistic_rem(widened)=0.000000 → cannot exceed 0.
[ 41.396s] PRUNE: margin=-2.000000, optimistic_rem(widened)=0.000000 → cannot exceed 0.
[ 41.702s] PRUNE: margin=-2.000000, optimistic_rem(widened)=0.000000 → cannot exceed 0.
[ 41.845s] PRUNE: margin=-2.000000, optimistic_rem(widened)=0.000000 → cannot exceed 0.
[ 41.999s] PRUNE: margin=-2.000000, optimistic_rem(widened)=0.000000 → cannot exceed 0.
[ 42.179s] PRUNE: margin=-2.000000, optimistic_rem(widened)=0.000000 → cannot exceed 0.
[ 42.363s] PRUNE: margin=-2.000000, optimistic_rem(widened)=0.000000 → cannot exceed 0.
[ 42.735s] PRUNE: margin=-2.000000, optimistic_rem(widened)=0.000000 → cannot exceed 0.
[ 42.921s] PRUNE: margin=-2.000000, optimistic_rem(widened)=0.000000 → cannot exceed 0.
[ 43.106s] PRUNE: margin=-2.000000, optimistic_rem(widened)=0.000000 → cannot exceed 0.
[ 43.291s] PRUNE: margin=-2.000000, optimistic_rem(widened)=0.000000 → cannot exceed 0.
[ 43.651s] PRUNE: margin=-2.000000, optimistic_rem(widened)=0.000000 → cannot exceed 0.
[ 43.856s] PRUNE: margin=-2.000000, optimistic_rem(widened)=0.000000 → cannot exceed 0.
[ 44.005s] PRUNE: margin=-2.000000, optimistic_rem(widened)=0.000000 → cannot exceed 0.
[ 44.283s] PRUNE: margin=-1.375000, optimistic_rem(widened)=0.000000 → cannot exceed 0.
[ 44.460s] PRUNE: margin=-2.000000, optimistic_rem(widened)=0.000000 → cannot exceed 0.
[ 44.821s] PRUNE: margin=-1.375000, optimistic_rem(widened)=0.000000 → cannot exceed 0.
[ 45.423s] PRUNE: margin=-1.250000, optimistic_rem(widened)=0.375000 → cannot exceed 0.
[ 45.620s] PRUNE: margin=-1.375000, optimistic_rem(widened)=0.375000 → cannot exceed 0.
[ 45.916s] PRUNE: margin=-2.000000, optimistic_rem(widened)=0.000000 → cannot exceed 0.
[ 46.114s] PRUNE: margin=-2.000000, optimistic_rem(widened)=0.000000 → cannot exceed 0.
[ 46.311s] PRUNE: margin=-2.000000, optimistic_rem(widened)=0.000000 → cannot exceed 0.
[ 46.511s] PRUNE: margin=-2.000000, optimistic_rem(widened)=0.000000 → cannot exceed 0.
[ 46.907s] PRUNE: margin=-2.000000, optimistic_rem(widened)=0.000000 → cannot exceed 0.
[ 47.105s] PRUNE: margin=-2.000000, optimistic_rem(widened)=0.000000 → cannot exceed 0.
[ 47.302s] PRUNE: margin=-2.000000, optimistic_rem(widened)=0.000000 → cannot exceed 0.
[ 47.696s] PRUNE: margin=-2.000000, optimistic_rem(widened)=0.000000 → cannot exceed 0.
[ 47.895s] PRUNE: margin=-2.000000, optimistic_rem(widened)=0.000000 → cannot exceed 0.
[ 48.273s] PRUNE: margin=-1.375000, optimistic_rem(widened)=0.000000 → cannot exceed 0.
[ 48.862s] PRUNE: margin=-1.375000, optimistic_rem(widened)=0.125000 → cannot exceed 0.
[ 49.059s] PRUNE: margin=-1.375000, optimistic_rem(widened)=0.125000 → cannot exceed 0.
[ 49.256s] PRUNE: margin=-1.375000, optimistic_rem(widened)=0.125000 → cannot exceed 0.
[ 49.454s] PRUNE: margin=-1.375000, optimistic_rem(widened)=0.125000 → cannot exceed 0.
[ 49.651s] PRUNE: margin=-1.375000, optimistic_rem(widened)=0.375000 → cannot exceed 0.
[ 49.848s] PRUNE: margin=-1.375000, optimistic_rem(widened)=0.375000 → cannot exceed 0.
[ 50.341s] PRUNE: margin=-2.000000, optimistic_rem(widened)=0.000000 → cannot exceed 0.
[ 50.538s] PRUNE: margin=-2.000000, optimistic_rem(widened)=0.000000 → cannot exceed 0.
[ 50.735s] PRUNE: margin=-2.000000, optimistic_rem(widened)=0.000000 → cannot exceed 0.
[ 50.971s] PRUNE: margin=-2.000000, optimistic_rem(widened)=0.000000 → cannot exceed 0.
[ 51.378s] PRUNE: margin=-2.000000, optimistic_rem(widened)=0.000000 → cannot exceed 0.
[ 51.575s] PRUNE: margin=-2.000000, optimistic_rem(widened)=0.000000 → cannot exceed 0.
[ 51.773s] PRUNE: margin=-2.000000, optimistic_rem(widened)=0.000000 → cannot exceed 0.
[ 52.168s] PRUNE: margin=-2.000000, optimistic_rem(widened)=0.000000 → cannot exceed 0.
[ 52.365s] PRUNE: margin=-2.000000, optimistic_rem(widened)=0.000000 → cannot exceed 0.
[ 52.760s] PRUNE: margin=-1.375000, optimistic_rem(widened)=0.000000 → cannot exceed 0.
[ 53.549s] PRUNE: margin=-2.000000, optimistic_rem(widened)=0.000000 → cannot exceed 0.
[ 53.747s] PRUNE: margin=-2.000000, optimistic_rem(widened)=0.000000 → cannot exceed 0.
[ 53.945s] PRUNE: margin=-2.000000, optimistic_rem(widened)=0.000000 → cannot exceed 0.
[ 54.339s] PRUNE: margin=-2.000000, optimistic_rem(widened)=0.000000 → cannot exceed 0.
[ 54.537s] PRUNE: margin=-2.000000, optimistic_rem(widened)=0.000000 → cannot exceed 0.
[ 54.932s] PRUNE: margin=-1.375000, optimistic_rem(widened)=0.000000 → cannot exceed 0.
[ 55.721s] PRUNE: margin=-2.000000, optimistic_rem(widened)=0.000000 → cannot exceed 0.
[ 55.919s] PRUNE: margin=-2.000000, optimistic_rem(widened)=0.000000 → cannot exceed 0.
[ 56.313s] PRUNE: margin=-1.375000, optimistic_rem(widened)=0.000000 → cannot exceed 0.
[ 57.103s] PRUNE: margin=-1.375000, optimistic_rem(widened)=0.000000 → cannot exceed 0.
[ 57.794s] PRUNE: margin=-1.375000, optimistic_rem(widened)=0.125000 → cannot exceed 0.
[ 58.415s] PRUNE: margin=-1.375000, optimistic_rem(widened)=0.250000 → cannot exceed 0.
[ 58.694s] PRUNE: margin=-1.375000, optimistic_rem(widened)=0.000000 → cannot exceed 0.
[ 58.879s] PRUNE: margin=-2.000000, optimistic_rem(widened)=0.000000 → cannot exceed 0.
[ 59.064s] PRUNE: margin=-2.000000, optimistic_rem(widened)=0.000000 → cannot exceed 0.
[ 59.250s] PRUNE: margin=-2.000000, optimistic_rem(widened)=0.000000 → cannot exceed 0.
[ 59.435s] PRUNE: margin=-2.000000, optimistic_rem(widened)=0.000000 → cannot exceed 0.
[ 59.621s] PRUNE: margin=-2.000000, optimistic_rem(widened)=0.000000 → cannot exceed 0.
[ 59.895s] PRUNE: margin=-2.000000, optimistic_rem(widened)=0.000000 → cannot exceed 0.
[ 60.014s] PRUNE: margin=-2.000000, optimistic_rem(widened)=0.000000 → cannot exceed 0.
[ 60.142s] PRUNE: margin=-2.000000, optimistic_rem(widened)=0.000000 → cannot exceed 0.
[ 60.283s] PRUNE: margin=-2.000000, optimistic_rem(widened)=0.000000 → cannot exceed 0.
[ 60.419s] PRUNE: margin=-2.000000, optimistic_rem(widened)=0.000000 → cannot exceed 0.
[ 60.705s] PRUNE: margin=-2.000000, optimistic_rem(widened)=0.000000 → cannot exceed 0.
[ 60.844s] PRUNE: margin=-2.000000, optimistic_rem(widened)=0.000000 → cannot exceed 0.
[ 60.993s] PRUNE: margin=-2.000000, optimistic_rem(widened)=0.000000 → cannot exceed 0.
[ 61.159s] PRUNE: margin=-2.000000, optimistic_rem(widened)=0.000000 → cannot exceed 0.
[ 61.451s] PRUNE: margin=-2.000000, optimistic_rem(widened)=0.000000 → cannot exceed 0.
[ 61.593s] PRUNE: margin=-2.000000, optimistic_rem(widened)=0.000000 → cannot exceed 0.
[ 61.755s] PRUNE: margin=-2.000000, optimistic_rem(widened)=0.000000 → cannot exceed 0.
[ 62.149s] PRUNE: margin=-1.375000, optimistic_rem(widened)=0.000000 → cannot exceed 0.
[ 62.319s] PRUNE: margin=-2.000000, optimistic_rem(widened)=0.000000 → cannot exceed 0.
[ 62.616s] PRUNE: margin=-1.375000, optimistic_rem(widened)=0.000000 → cannot exceed 0.
[ 63.230s] PRUNE: margin=-1.250000, optimistic_rem(widened)=0.375000 → cannot exceed 0.
[ 63.427s] PRUNE: margin=-1.375000, optimistic_rem(widened)=0.375000 → cannot exceed 0.
[ 63.723s] PRUNE: margin=-2.000000, optimistic_rem(widened)=0.000000 → cannot exceed 0.
[ 63.920s] PRUNE: margin=-2.000000, optimistic_rem(widened)=0.000000 → cannot exceed 0.
[ 64.117s] PRUNE: margin=-2.000000, optimistic_rem(widened)=0.000000 → cannot exceed 0.
[ 64.314s] PRUNE: margin=-2.000000, optimistic_rem(widened)=0.000000 → cannot exceed 0.
[ 64.709s] PRUNE: margin=-2.000000, optimistic_rem(widened)=0.000000 → cannot exceed 0.
[ 64.906s] PRUNE: margin=-2.000000, optimistic_rem(widened)=0.000000 → cannot exceed 0.
[ 65.104s] PRUNE: margin=-2.000000, optimistic_rem(widened)=0.000000 → cannot exceed 0.
[ 65.499s] PRUNE: margin=-2.000000, optimistic_rem(widened)=0.000000 → cannot exceed 0.
[ 65.696s] PRUNE: margin=-2.000000, optimistic_rem(widened)=0.000000 → cannot exceed 0.
[ 66.090s] PRUNE: margin=-1.375000, optimistic_rem(widened)=0.000000 → cannot exceed 0.
[ 66.781s] PRUNE: margin=-1.375000, optimistic_rem(widened)=0.125000 → cannot exceed 0.
[ 66.978s] PRUNE: margin=-1.375000, optimistic_rem(widened)=0.125000 → cannot exceed 0.
[ 67.175s] PRUNE: margin=-1.375000, optimistic_rem(widened)=0.125000 → cannot exceed 0.
[ 67.372s] PRUNE: margin=-1.375000, optimistic_rem(widened)=0.125000 → cannot exceed 0.
[ 67.569s] PRUNE: margin=-1.375000, optimistic_rem(widened)=0.375000 → cannot exceed 0.
[ 67.767s] PRUNE: margin=-1.375000, optimistic_rem(widened)=0.375000 → cannot exceed 0.
[ 68.260s] PRUNE: margin=-2.000000, optimistic_rem(widened)=0.000000 → cannot exceed 0.
[ 68.457s] PRUNE: margin=-2.000000, optimistic_rem(widened)=0.000000 → cannot exceed 0.
[ 68.654s] PRUNE: margin=-2.000000, optimistic_rem(widened)=0.000000 → cannot exceed 0.
[ 68.851s] PRUNE: margin=-2.000000, optimistic_rem(widened)=0.000000 → cannot exceed 0.
[ 69.246s] PRUNE: margin=-2.000000, optimistic_rem(widened)=0.000000 → cannot exceed 0.
[ 69.443s] PRUNE: margin=-2.000000, optimistic_rem(widened)=0.000000 → cannot exceed 0.
[ 69.640s] PRUNE: margin=-2.000000, optimistic_rem(widened)=0.000000 → cannot exceed 0.
[ 70.035s] PRUNE: margin=-2.000000, optimistic_rem(widened)=0.000000 → cannot exceed 0.
[ 70.232s] PRUNE: margin=-2.000000, optimistic_rem(widened)=0.000000 → cannot exceed 0.
[ 70.626s] PRUNE: margin=-1.375000, optimistic_rem(widened)=0.000000 → cannot exceed 0.
[ 71.417s] PRUNE: margin=-2.000000, optimistic_rem(widened)=0.000000 → cannot exceed 0.
[ 71.631s] PRUNE: margin=-2.000000, optimistic_rem(widened)=0.000000 → cannot exceed 0.
[ 71.828s] PRUNE: margin=-2.000000, optimistic_rem(widened)=0.000000 → cannot exceed 0.
[ 72.215s] PRUNE: margin=-2.000000, optimistic_rem(widened)=0.000000 → cannot exceed 0.
[ 72.412s] PRUNE: margin=-2.000000, optimistic_rem(widened)=0.000000 → cannot exceed 0.
[ 72.806s] PRUNE: margin=-1.375000, optimistic_rem(widened)=0.000000 → cannot exceed 0.
[ 73.595s] PRUNE: margin=-2.000000, optimistic_rem(widened)=0.000000 → cannot exceed 0.
[ 73.792s] PRUNE: margin=-2.000000, optimistic_rem(widened)=0.000000 → cannot exceed 0.
[ 74.187s] PRUNE: margin=-1.375000, optimistic_rem(widened)=0.000000 → cannot exceed 0.
[ 74.976s] PRUNE: margin=-1.375000, optimistic_rem(widened)=0.000000 → cannot exceed 0.
[ 75.666s] PRUNE: margin=-1.375000, optimistic_rem(widened)=0.125000 → cannot exceed 0.
[ 76.355s] PRUNE: margin=-1.375000, optimistic_rem(widened)=0.375000 → cannot exceed 0.
[ 76.654s] PRUNE: margin=-1.375000, optimistic_rem(widened)=0.375000 → cannot exceed 0.
[ 76.950s] PRUNE: margin=-2.000000, optimistic_rem(widened)=0.000000 → cannot exceed 0.
[ 77.147s] PRUNE: margin=-2.000000, optimistic_rem(widened)=0.000000 → cannot exceed 0.
[ 77.344s] PRUNE: margin=-2.000000, optimistic_rem(widened)=0.000000 → cannot exceed 0.
[ 77.541s] PRUNE: margin=-2.000000, optimistic_rem(widened)=0.000000 → cannot exceed 0.
[ 77.935s] PRUNE: margin=-2.000000, optimistic_rem(widened)=0.000000 → cannot exceed 0.
[ 78.133s] PRUNE: margin=-2.000000, optimistic_rem(widened)=0.000000 → cannot exceed 0.
[ 78.330s] PRUNE: margin=-2.000000, optimistic_rem(widened)=0.000000 → cannot exceed 0.
[ 78.724s] PRUNE: margin=-2.000000, optimistic_rem(widened)=0.000000 → cannot exceed 0.
[ 78.921s] PRUNE: margin=-2.000000, optimistic_rem(widened)=0.000000 → cannot exceed 0.
[ 79.316s] PRUNE: margin=-1.375000, optimistic_rem(widened)=0.000000 → cannot exceed 0.
[ 80.104s] PRUNE: margin=-2.000000, optimistic_rem(widened)=0.000000 → cannot exceed 0.
[ 80.301s] PRUNE: margin=-2.000000, optimistic_rem(widened)=0.000000 → cannot exceed 0.
[ 80.499s] PRUNE: margin=-2.000000, optimistic_rem(widened)=0.000000 → cannot exceed 0.
[ 80.696s] PRUNE: margin=-2.000000, optimistic_rem(widened)=0.000000 → cannot exceed 0.
[ 81.090s] PRUNE: margin=-2.000000, optimistic_rem(widened)=0.000000 → cannot exceed 0.
[ 81.289s] PRUNE: margin=-2.000000, optimistic_rem(widened)=0.000000 → cannot exceed 0.
[ 81.487s] PRUNE: margin=-2.000000, optimistic_rem(widened)=0.000000 → cannot exceed 0.
[ 81.882s] PRUNE: margin=-2.000000, optimistic_rem(widened)=0.000000 → cannot exceed 0.
[ 82.079s] PRUNE: margin=-2.000000, optimistic_rem(widened)=0.000000 → cannot exceed 0.
[ 82.474s] PRUNE: margin=-1.375000, optimistic_rem(widened)=0.000000 → cannot exceed 0.
[ 83.262s] PRUNE: margin=-2.000000, optimistic_rem(widened)=0.000000 → cannot exceed 0.
[ 83.460s] PRUNE: margin=-2.000000, optimistic_rem(widened)=0.000000 → cannot exceed 0.
[ 83.657s] PRUNE: margin=-2.000000, optimistic_rem(widened)=0.000000 → cannot exceed 0.
[ 84.056s] PRUNE: margin=-2.000000, optimistic_rem(widened)=0.000000 → cannot exceed 0.
[ 84.253s] PRUNE: margin=-2.000000, optimistic_rem(widened)=0.000000 → cannot exceed 0.
[ 84.648s] PRUNE: margin=-1.375000, optimistic_rem(widened)=0.000000 → cannot exceed 0.
[ 85.436s] PRUNE: margin=-1.375000, optimistic_rem(widened)=0.000000 → cannot exceed 0.
[ 85.634s] PRUNE: margin=-2.000000, optimistic_rem(widened)=0.000000 → cannot exceed 0.
[ 86.030s] PRUNE: margin=-1.375000, optimistic_rem(widened)=0.000000 → cannot exceed 0.
[ 86.821s] PRUNE: margin=-1.375000, optimistic_rem(widened)=0.000000 → cannot exceed 0.
[ 87.512s] PRUNE: margin=-1.375000, optimistic_rem(widened)=0.375000 → cannot exceed 0.
[ 88.202s] PRUNE: margin=-1.250000, optimistic_rem(widened)=0.437500 → cannot exceed 0.
[ 88.399s] PRUNE: margin=-1.375000, optimistic_rem(widened)=0.250000 → cannot exceed 0.
[ 88.794s] PRUNE: margin=-2.000000, optimistic_rem(widened)=0.000000 → cannot exceed 0.
[ 88.992s] PRUNE: margin=-2.000000, optimistic_rem(widened)=0.000000 → cannot exceed 0.
[ 89.185s] PRUNE: margin=-2.000000, optimistic_rem(widened)=0.000000 → cannot exceed 0.
[ 89.543s] PRUNE: margin=-2.000000, optimistic_rem(widened)=0.000000 → cannot exceed 0.
[ 89.728s] PRUNE: margin=-2.000000, optimistic_rem(widened)=0.000000 → cannot exceed 0.
[ 90.099s] PRUNE: margin=-2.000000, optimistic_rem(widened)=0.000000 → cannot exceed 0.
[ 90.864s] PRUNE: margin=-2.000000, optimistic_rem(widened)=0.000000 → cannot exceed 0.
[ 91.061s] PRUNE: margin=-2.000000, optimistic_rem(widened)=0.000000 → cannot exceed 0.
[ 91.454s] PRUNE: margin=-2.000000, optimistic_rem(widened)=0.000000 → cannot exceed 0.
[ 92.241s] PRUNE: margin=-1.375000, optimistic_rem(widened)=0.000000 → cannot exceed 0.
[ 93.618s] PRUNE: margin=-1.375000, optimistic_rem(widened)=0.250000 → cannot exceed 0.
[ 93.814s] PRUNE: margin=-1.375000, optimistic_rem(widened)=0.500000 → cannot exceed 0.
[ 94.011s] PRUNE: margin=-1.375000, optimistic_rem(widened)=0.500000 → cannot exceed 0.
[ 94.306s] PRUNE: margin=-1.375000, optimistic_rem(widened)=0.125000 → cannot exceed 0.
[ 94.896s] PRUNE: margin=-1.375000, optimistic_rem(widened)=0.125000 → cannot exceed 0.
[ 97.552s] PRUNE: margin=-1.375000, optimistic_rem(widened)=0.375000 → cannot exceed 0.
[ 99.026s] PRUNE: margin=-1.375000, optimistic_rem(widened)=0.375000 → cannot exceed 0.
[ 99.815s] PRUNE: margin=-1.375000, optimistic_rem(widened)=0.375000 → cannot exceed 0.
[100.503s] PRUNE: margin=-1.375000, optimistic_rem(widened)=0.375000 → cannot exceed 0.
[101.905s] PRUNE: margin=-1.375000, optimistic_rem(widened)=0.375000 → cannot exceed 0.
[102.626s] PRUNE: margin=-1.375000, optimistic_rem(widened)=0.375000 → cannot exceed 0.
[103.305s] PRUNE: margin=-1.375000, optimistic_rem(widened)=0.375000 → cannot exceed 0.
[104.129s] PRUNE: margin=-1.375000, optimistic_rem(widened)=0.375000 → cannot exceed 0.
[104.818s] PRUNE: margin=-1.375000, optimistic_rem(widened)=0.375000 → cannot exceed 0.
[105.605s] PRUNE: margin=-1.375000, optimistic_rem(widened)=0.375000 → cannot exceed 0.
[106.294s] PRUNE: margin=-1.375000, optimistic_rem(widened)=0.375000 → cannot exceed 0.
[106.688s] No counterexample within budgets (BaB): no misclassification found.
STATUS: No counterexample | best_upper_margin=10.000000 | elapsed=106.688s | pixels_changed=0 | total_bit_flips=0 | avg_hamming_per_pixel=0.000000 | patch_rows=14-15 | patch_cols=23-24 | note=no_counterexample_within_budgets
