[  0.000s] init: idx=215 kmax=2 bmax=4 topx=2 widen=1.000 rank_fast=off
clean logits (hex):  0x71  0x84  0x9e  0x92  0x87  0x01  0x8a  0x8a  0x94  0x94
clean logits (bits): 01110001 10000100 10011110 10010010 10000111 00000001 10001010 10001010 10010100 10010100
clean logits (double): +4.500000 -16.000000 -2.250000 -3.750000 -10.000000 +0.015625 -7.000000 -7.000000 -3.500000 -3.500000
[  0.007s] clean prediction: 0 (true label 0)
[  0.199s] heuristic ROI: 2x2 block at rows 15-16, cols 13-14
[  0.324s] selection: nSym=2 (from 4), topx=2, rank_fast=off
[  0.324s] active patch: rows 15-16, cols 13-14 (derived from symPix)
[  0.617s] Proceeding to BaB (greedy enabled).
[  0.617s] Skipping root bound check (--no-root-bound).
[  0.617s] BaB search starting (K≤2, B≤4, nSym=2, depth_limit=500000000, widen=1.00)...
[  0.750s] PRUNE: margin=-3.484375, optimistic_rem(widened)=3.437500 → cannot exceed 0.
[  0.877s] PRUNE: margin=-3.437500, optimistic_rem(widened)=3.125000 → cannot exceed 0.
[  1.129s] PRUNE: margin=-3.234375, optimistic_rem(widened)=1.250000 → cannot exceed 0.
[  1.259s] PRUNE: margin=-3.453125, optimistic_rem(widened)=3.250000 → cannot exceed 0.
[  1.383s] PRUNE: margin=-3.437500, optimistic_rem(widened)=1.250000 → cannot exceed 0.
[  1.576s] PRUNE: margin=-3.750000, optimistic_rem(widened)=2.750000 → cannot exceed 0.
[  1.705s] PRUNE: margin=-3.750000, optimistic_rem(widened)=2.750000 → cannot exceed 0.
[  1.830s] PRUNE: margin=-3.765625, optimistic_rem(widened)=2.843750 → cannot exceed 0.
[  1.954s] PRUNE: margin=-3.750000, optimistic_rem(widened)=0.000000 → cannot exceed 0.
[  2.082s] PRUNE: margin=-3.750000, optimistic_rem(widened)=0.000000 → cannot exceed 0.
[  2.209s] PRUNE: margin=-3.750000, optimistic_rem(widened)=0.000000 → cannot exceed 0.
[  2.340s] PRUNE: margin=-3.765625, optimistic_rem(widened)=0.000000 → cannot exceed 0.
[  2.475s] PRUNE: margin=-3.765625, optimistic_rem(widened)=0.000000 → cannot exceed 0.
[  2.736s] PRUNE: margin=-3.437500, optimistic_rem(widened)=0.000000 → cannot exceed 0.
[  2.879s] PRUNE: margin=-3.765625, optimistic_rem(widened)=2.843750 → cannot exceed 0.
[  3.010s] PRUNE: margin=-3.765625, optimistic_rem(widened)=2.843750 → cannot exceed 0.
[  3.144s] PRUNE: margin=-3.765625, optimistic_rem(widened)=0.000000 → cannot exceed 0.
[  3.285s] PRUNE: margin=-3.765625, optimistic_rem(widened)=0.000000 → cannot exceed 0.
[  3.418s] PRUNE: margin=-3.765625, optimistic_rem(widened)=0.000000 → cannot exceed 0.
[  3.553s] PRUNE: margin=-3.765625, optimistic_rem(widened)=0.000000 → cannot exceed 0.
[  3.769s] PRUNE: margin=-3.750000, optimistic_rem(widened)=2.000000 → cannot exceed 0.
[  3.897s] PRUNE: margin=-3.750000, optimistic_rem(widened)=2.000000 → cannot exceed 0.
[  4.023s] PRUNE: margin=-3.765625, optimistic_rem(widened)=2.000000 → cannot exceed 0.
[  4.213s] PRUNE: margin=-3.750000, optimistic_rem(widened)=2.750000 → cannot exceed 0.
[  4.360s] PRUNE: margin=-3.750000, optimistic_rem(widened)=0.000000 → cannot exceed 0.
[  4.519s] PRUNE: margin=-3.750000, optimistic_rem(widened)=0.000000 → cannot exceed 0.
[  4.829s] PRUNE: margin=-3.750000, optimistic_rem(widened)=0.000000 → cannot exceed 0.
[  4.970s] PRUNE: margin=-3.750000, optimistic_rem(widened)=0.000000 → cannot exceed 0.
[  5.179s] PRUNE: margin=-3.750000, optimistic_rem(widened)=2.000000 → cannot exceed 0.
[  5.313s] PRUNE: margin=-3.750000, optimistic_rem(widened)=2.000000 → cannot exceed 0.
[  5.671s] PRUNE: margin=-3.437500, optimistic_rem(widened)=0.000000 → cannot exceed 0.
[  5.797s] PRUNE: margin=-3.734375, optimistic_rem(widened)=0.000000 → cannot exceed 0.
[  5.954s] PRUNE: margin=-4.062500, optimistic_rem(widened)=2.750000 → cannot exceed 0.
[  6.084s] PRUNE: margin=-4.062500, optimistic_rem(widened)=2.750000 → cannot exceed 0.
[  6.206s] PRUNE: margin=-4.062500, optimistic_rem(widened)=2.750000 → cannot exceed 0.
[  6.343s] PRUNE: margin=-4.062500, optimistic_rem(widened)=0.000000 → cannot exceed 0.
[  6.502s] PRUNE: margin=-4.062500, optimistic_rem(widened)=0.000000 → cannot exceed 0.
[  6.623s] PRUNE: margin=-4.062500, optimistic_rem(widened)=0.000000 → cannot exceed 0.
[  6.749s] PRUNE: margin=-4.062500, optimistic_rem(widened)=0.000000 → cannot exceed 0.
[  6.881s] PRUNE: margin=-4.062500, optimistic_rem(widened)=0.000000 → cannot exceed 0.
[  7.068s] PRUNE: margin=-4.031250, optimistic_rem(widened)=2.000000 → cannot exceed 0.
[  7.191s] PRUNE: margin=-4.078125, optimistic_rem(widened)=2.250000 → cannot exceed 0.
[  7.380s] PRUNE: margin=-4.000000, optimistic_rem(widened)=2.500000 → cannot exceed 0.
[  7.504s] PRUNE: margin=-4.015625, optimistic_rem(widened)=2.750000 → cannot exceed 0.
[  7.634s] PRUNE: margin=-4.000000, optimistic_rem(widened)=0.000000 → cannot exceed 0.
[  7.777s] PRUNE: margin=-4.000000, optimistic_rem(widened)=0.000000 → cannot exceed 0.
[  7.901s] PRUNE: margin=-4.000000, optimistic_rem(widened)=0.000000 → cannot exceed 0.
[  8.027s] PRUNE: margin=-4.015625, optimistic_rem(widened)=0.000000 → cannot exceed 0.
[  8.157s] PRUNE: margin=-4.015625, optimistic_rem(widened)=0.000000 → cannot exceed 0.
[  8.403s] PRUNE: margin=-4.015625, optimistic_rem(widened)=2.750000 → cannot exceed 0.
[  8.531s] PRUNE: margin=-4.000000, optimistic_rem(widened)=0.000000 → cannot exceed 0.
[  8.657s] PRUNE: margin=-4.000000, optimistic_rem(widened)=0.000000 → cannot exceed 0.
[  8.796s] PRUNE: margin=-4.000000, optimistic_rem(widened)=0.000000 → cannot exceed 0.
[  8.936s] PRUNE: margin=-4.015625, optimistic_rem(widened)=0.000000 → cannot exceed 0.
[  9.125s] PRUNE: margin=-4.015625, optimistic_rem(widened)=0.000000 → cannot exceed 0.
[  9.501s] PRUNE: margin=-4.015625, optimistic_rem(widened)=0.000000 → cannot exceed 0.
[  9.688s] PRUNE: margin=-4.015625, optimistic_rem(widened)=0.000000 → cannot exceed 0.
[  9.875s] PRUNE: margin=-4.015625, optimistic_rem(widened)=0.000000 → cannot exceed 0.
[ 10.063s] PRUNE: margin=-4.015625, optimistic_rem(widened)=0.000000 → cannot exceed 0.
[ 10.250s] PRUNE: margin=-4.031250, optimistic_rem(widened)=0.000000 → cannot exceed 0.
[ 10.504s] PRUNE: margin=-4.000000, optimistic_rem(widened)=2.000000 → cannot exceed 0.
[ 10.661s] PRUNE: margin=-4.000000, optimistic_rem(widened)=2.000000 → cannot exceed 0.
[ 10.821s] PRUNE: margin=-4.000000, optimistic_rem(widened)=2.000000 → cannot exceed 0.
[ 10.992s] PRUNE: margin=-4.000000, optimistic_rem(widened)=2.000000 → cannot exceed 0.
[ 11.179s] PRUNE: margin=-4.015625, optimistic_rem(widened)=2.000000 → cannot exceed 0.
[ 11.478s] PRUNE: margin=-3.437500, optimistic_rem(widened)=0.000000 → cannot exceed 0.
[ 11.597s] PRUNE: margin=-3.750000, optimistic_rem(widened)=0.000000 → cannot exceed 0.
[ 11.719s] PRUNE: margin=-3.968750, optimistic_rem(widened)=0.000000 → cannot exceed 0.
[ 11.896s] PRUNE: margin=-4.062500, optimistic_rem(widened)=2.750000 → cannot exceed 0.
[ 12.101s] PRUNE: margin=-4.062500, optimistic_rem(widened)=2.750000 → cannot exceed 0.
[ 12.251s] PRUNE: margin=-4.062500, optimistic_rem(widened)=0.000000 → cannot exceed 0.
[ 12.379s] PRUNE: margin=-4.062500, optimistic_rem(widened)=0.000000 → cannot exceed 0.
[ 12.547s] PRUNE: margin=-4.062500, optimistic_rem(widened)=0.000000 → cannot exceed 0.
[ 12.734s] PRUNE: margin=-4.062500, optimistic_rem(widened)=0.000000 → cannot exceed 0.
[ 13.030s] PRUNE: margin=-4.031250, optimistic_rem(widened)=2.000000 → cannot exceed 0.
[ 13.229s] PRUNE: margin=-4.078125, optimistic_rem(widened)=2.250000 → cannot exceed 0.
[ 13.528s] PRUNE: margin=-4.000000, optimistic_rem(widened)=2.750000 → cannot exceed 0.
[ 13.727s] PRUNE: margin=-4.000000, optimistic_rem(widened)=0.000000 → cannot exceed 0.
[ 13.926s] PRUNE: margin=-4.000000, optimistic_rem(widened)=0.000000 → cannot exceed 0.
[ 14.125s] PRUNE: margin=-4.015625, optimistic_rem(widened)=0.000000 → cannot exceed 0.
[ 14.324s] PRUNE: margin=-4.015625, optimistic_rem(widened)=0.000000 → cannot exceed 0.
[ 14.523s] PRUNE: margin=-4.015625, optimistic_rem(widened)=0.000000 → cannot exceed 0.
[ 14.922s] PRUNE: margin=-4.000000, optimistic_rem(widened)=0.000000 → cannot exceed 0.
[ 15.121s] PRUNE: margin=-4.000000, optimistic_rem(widened)=0.000000 → cannot exceed 0.
[ 15.320s] PRUNE: margin=-4.015625, optimistic_rem(widened)=0.000000 → cannot exceed 0.
[ 15.520s] PRUNE: margin=-4.015625, optimistic_rem(widened)=0.000000 → cannot exceed 0.
[ 15.719s] PRUNE: margin=-4.015625, optimistic_rem(widened)=0.000000 → cannot exceed 0.
[ 16.017s] PRUNE: margin=-4.000000, optimistic_rem(widened)=2.000000 → cannot exceed 0.
[ 16.217s] PRUNE: margin=-4.000000, optimistic_rem(widened)=2.000000 → cannot exceed 0.
[ 16.416s] PRUNE: margin=-4.000000, optimistic_rem(widened)=2.000000 → cannot exceed 0.
[ 16.615s] PRUNE: margin=-4.015625, optimistic_rem(widened)=2.000000 → cannot exceed 0.
[ 16.814s] PRUNE: margin=-4.015625, optimistic_rem(widened)=2.000000 → cannot exceed 0.
[ 17.214s] PRUNE: margin=-3.421875, optimistic_rem(widened)=1.000000 → cannot exceed 0.
[ 17.415s] PRUNE: margin=-3.968750, optimistic_rem(widened)=2.000000 → cannot exceed 0.
[ 17.714s] PRUNE: margin=-4.031250, optimistic_rem(widened)=2.750000 → cannot exceed 0.
[ 17.913s] PRUNE: margin=-4.031250, optimistic_rem(widened)=0.000000 → cannot exceed 0.
[ 18.112s] PRUNE: margin=-4.031250, optimistic_rem(widened)=0.000000 → cannot exceed 0.
[ 18.311s] PRUNE: margin=-4.062500, optimistic_rem(widened)=0.000000 → cannot exceed 0.
[ 18.510s] PRUNE: margin=-4.062500, optimistic_rem(widened)=0.000000 → cannot exceed 0.
[ 18.709s] PRUNE: margin=-4.062500, optimistic_rem(widened)=0.000000 → cannot exceed 0.
[ 19.107s] PRUNE: margin=-4.031250, optimistic_rem(widened)=0.000000 → cannot exceed 0.
[ 19.306s] PRUNE: margin=-4.031250, optimistic_rem(widened)=0.000000 → cannot exceed 0.
[ 19.506s] PRUNE: margin=-4.062500, optimistic_rem(widened)=0.000000 → cannot exceed 0.
[ 19.705s] PRUNE: margin=-4.062500, optimistic_rem(widened)=0.000000 → cannot exceed 0.
[ 19.904s] PRUNE: margin=-4.062500, optimistic_rem(widened)=0.000000 → cannot exceed 0.
[ 20.202s] PRUNE: margin=-4.031250, optimistic_rem(widened)=2.000000 → cannot exceed 0.
[ 20.401s] PRUNE: margin=-4.031250, optimistic_rem(widened)=2.000000 → cannot exceed 0.
[ 20.586s] PRUNE: margin=-4.031250, optimistic_rem(widened)=2.000000 → cannot exceed 0.
[ 20.715s] PRUNE: margin=-4.062500, optimistic_rem(widened)=2.250000 → cannot exceed 0.
[ 20.860s] PRUNE: margin=-4.062500, optimistic_rem(widened)=2.000000 → cannot exceed 0.
[ 21.074s] PRUNE: margin=-4.000000, optimistic_rem(widened)=4.000000 → cannot exceed 0.
[ 21.215s] PRUNE: margin=-4.000000, optimistic_rem(widened)=4.000000 → cannot exceed 0.
[ 21.352s] PRUNE: margin=-4.015625, optimistic_rem(widened)=4.000000 → cannot exceed 0.
[ 21.500s] PRUNE: margin=-4.031250, optimistic_rem(widened)=4.000000 → cannot exceed 0.
[ 21.634s] PRUNE: margin=-4.062500, optimistic_rem(widened)=4.000000 → cannot exceed 0.
[ 21.912s] PRUNE: margin=-4.000000, optimistic_rem(widened)=0.000000 → cannot exceed 0.
[ 22.047s] PRUNE: margin=-4.000000, optimistic_rem(widened)=0.000000 → cannot exceed 0.
[ 22.243s] PRUNE: margin=-4.000000, optimistic_rem(widened)=2.000000 → cannot exceed 0.
[ 22.364s] PRUNE: margin=-4.000000, optimistic_rem(widened)=2.000000 → cannot exceed 0.
[ 22.604s] PRUNE: margin=-4.000000, optimistic_rem(widened)=2.000000 → cannot exceed 0.
[ 22.736s] PRUNE: margin=-4.000000, optimistic_rem(widened)=2.000000 → cannot exceed 0.
[ 22.940s] PRUNE: margin=-4.000000, optimistic_rem(widened)=4.000000 → cannot exceed 0.
[ 23.079s] PRUNE: margin=-4.000000, optimistic_rem(widened)=4.000000 → cannot exceed 0.
[ 23.390s] PRUNE: margin=-3.250000, optimistic_rem(widened)=1.250000 → cannot exceed 0.
[ 23.513s] PRUNE: margin=-3.437500, optimistic_rem(widened)=2.875000 → cannot exceed 0.
[ 23.634s] PRUNE: margin=-3.437500, optimistic_rem(widened)=1.000000 → cannot exceed 0.
[ 23.756s] PRUNE: margin=-3.437500, optimistic_rem(widened)=1.250000 → cannot exceed 0.
[ 23.879s] PRUNE: margin=-3.468750, optimistic_rem(widened)=1.250000 → cannot exceed 0.
[ 24.068s] PRUNE: margin=-3.437500, optimistic_rem(widened)=1.875000 → cannot exceed 0.
[ 24.228s] PRUNE: margin=-3.437500, optimistic_rem(widened)=0.000000 → cannot exceed 0.
[ 24.427s] PRUNE: margin=-3.781250, optimistic_rem(widened)=2.843750 → cannot exceed 0.
[ 24.626s] PRUNE: margin=-3.781250, optimistic_rem(widened)=0.000000 → cannot exceed 0.
[ 24.825s] PRUNE: margin=-3.781250, optimistic_rem(widened)=0.000000 → cannot exceed 0.
[ 25.223s] PRUNE: margin=-3.437500, optimistic_rem(widened)=1.875000 → cannot exceed 0.
[ 25.422s] PRUNE: margin=-3.437500, optimistic_rem(widened)=0.000000 → cannot exceed 0.
[ 25.620s] PRUNE: margin=-3.781250, optimistic_rem(widened)=0.000000 → cannot exceed 0.
[ 25.749s] PRUNE: margin=-3.781250, optimistic_rem(widened)=0.000000 → cannot exceed 0.
[ 26.043s] PRUNE: margin=-3.437500, optimistic_rem(widened)=0.000000 → cannot exceed 0.
[ 26.189s] PRUNE: margin=-3.437500, optimistic_rem(widened)=0.000000 → cannot exceed 0.
[ 26.332s] PRUNE: margin=-3.437500, optimistic_rem(widened)=0.000000 → cannot exceed 0.
[ 26.540s] PRUNE: margin=-3.765625, optimistic_rem(widened)=2.000000 → cannot exceed 0.
[ 26.676s] PRUNE: margin=-3.765625, optimistic_rem(widened)=2.000000 → cannot exceed 0.
[ 26.815s] PRUNE: margin=-3.781250, optimistic_rem(widened)=2.000000 → cannot exceed 0.
[ 27.037s] PRUNE: margin=-3.750000, optimistic_rem(widened)=3.750000 → cannot exceed 0.
[ 27.260s] PRUNE: margin=-4.031250, optimistic_rem(widened)=2.250000 → cannot exceed 0.
[ 27.395s] PRUNE: margin=-4.031250, optimistic_rem(widened)=2.250000 → cannot exceed 0.
[ 27.531s] PRUNE: margin=-4.031250, optimistic_rem(widened)=2.000000 → cannot exceed 0.
[ 27.667s] PRUNE: margin=-4.031250, optimistic_rem(widened)=2.250000 → cannot exceed 0.
[ 27.800s] PRUNE: margin=-4.031250, optimistic_rem(widened)=2.250000 → cannot exceed 0.
[ 27.949s] PRUNE: margin=-4.031250, optimistic_rem(widened)=2.250000 → cannot exceed 0.
[ 28.086s] PRUNE: margin=-4.031250, optimistic_rem(widened)=2.000000 → cannot exceed 0.
[ 28.232s] PRUNE: margin=-4.031250, optimistic_rem(widened)=2.000000 → cannot exceed 0.
[ 28.372s] PRUNE: margin=-4.078125, optimistic_rem(widened)=2.000000 → cannot exceed 0.
[ 28.654s] PRUNE: margin=-4.062500, optimistic_rem(widened)=2.250000 → cannot exceed 0.
[ 28.786s] PRUNE: margin=-4.062500, optimistic_rem(widened)=2.250000 → cannot exceed 0.
[ 28.954s] PRUNE: margin=-4.062500, optimistic_rem(widened)=2.000000 → cannot exceed 0.
[ 29.141s] PRUNE: margin=-4.062500, optimistic_rem(widened)=2.000000 → cannot exceed 0.
[ 29.315s] PRUNE: margin=-4.062500, optimistic_rem(widened)=2.250000 → cannot exceed 0.
[ 29.465s] PRUNE: margin=-4.062500, optimistic_rem(widened)=2.250000 → cannot exceed 0.
[ 29.643s] PRUNE: margin=-4.062500, optimistic_rem(widened)=2.000000 → cannot exceed 0.
[ 29.820s] PRUNE: margin=-4.062500, optimistic_rem(widened)=2.000000 → cannot exceed 0.
[ 30.256s] PRUNE: margin=-4.031250, optimistic_rem(widened)=2.750000 → cannot exceed 0.
[ 30.406s] PRUNE: margin=-4.031250, optimistic_rem(widened)=2.750000 → cannot exceed 0.
[ 30.573s] PRUNE: margin=-4.031250, optimistic_rem(widened)=0.000000 → cannot exceed 0.
[ 30.706s] PRUNE: margin=-4.031250, optimistic_rem(widened)=0.000000 → cannot exceed 0.
[ 30.845s] PRUNE: margin=-4.031250, optimistic_rem(widened)=0.000000 → cannot exceed 0.
[ 30.989s] PRUNE: margin=-4.031250, optimistic_rem(widened)=0.000000 → cannot exceed 0.
[ 31.279s] PRUNE: margin=-4.031250, optimistic_rem(widened)=0.000000 → cannot exceed 0.
[ 31.409s] PRUNE: margin=-4.031250, optimistic_rem(widened)=2.750000 → cannot exceed 0.
[ 31.549s] PRUNE: margin=-4.015625, optimistic_rem(widened)=0.000000 → cannot exceed 0.
[ 31.690s] PRUNE: margin=-4.015625, optimistic_rem(widened)=0.000000 → cannot exceed 0.
[ 31.825s] PRUNE: margin=-4.031250, optimistic_rem(widened)=0.000000 → cannot exceed 0.
[ 32.098s] PRUNE: margin=-4.031250, optimistic_rem(widened)=0.000000 → cannot exceed 0.
[ 32.229s] PRUNE: margin=-4.031250, optimistic_rem(widened)=0.000000 → cannot exceed 0.
[ 32.373s] PRUNE: margin=-4.031250, optimistic_rem(widened)=0.000000 → cannot exceed 0.
[ 32.510s] PRUNE: margin=-4.031250, optimistic_rem(widened)=0.000000 → cannot exceed 0.
[ 32.716s] PRUNE: margin=-4.015625, optimistic_rem(widened)=2.000000 → cannot exceed 0.
[ 32.851s] PRUNE: margin=-4.015625, optimistic_rem(widened)=2.000000 → cannot exceed 0.
[ 32.996s] PRUNE: margin=-4.015625, optimistic_rem(widened)=2.000000 → cannot exceed 0.
[ 33.129s] PRUNE: margin=-4.031250, optimistic_rem(widened)=2.000000 → cannot exceed 0.
[ 33.476s] PRUNE: margin=-4.031250, optimistic_rem(widened)=2.750000 → cannot exceed 0.
[ 33.610s] PRUNE: margin=-4.031250, optimistic_rem(widened)=0.000000 → cannot exceed 0.
[ 33.743s] PRUNE: margin=-4.031250, optimistic_rem(widened)=0.000000 → cannot exceed 0.
[ 33.894s] PRUNE: margin=-4.031250, optimistic_rem(widened)=0.000000 → cannot exceed 0.
[ 34.093s] PRUNE: margin=-4.031250, optimistic_rem(widened)=0.000000 → cannot exceed 0.
[ 34.476s] PRUNE: margin=-4.031250, optimistic_rem(widened)=0.000000 → cannot exceed 0.
[ 34.607s] PRUNE: margin=-4.031250, optimistic_rem(widened)=0.000000 → cannot exceed 0.
[ 34.735s] PRUNE: margin=-4.031250, optimistic_rem(widened)=0.000000 → cannot exceed 0.
[ 34.874s] PRUNE: margin=-4.031250, optimistic_rem(widened)=0.000000 → cannot exceed 0.
[ 35.065s] PRUNE: margin=-4.015625, optimistic_rem(widened)=2.000000 → cannot exceed 0.
[ 35.239s] PRUNE: margin=-4.015625, optimistic_rem(widened)=2.000000 → cannot exceed 0.
[ 35.437s] PRUNE: margin=-4.015625, optimistic_rem(widened)=2.000000 → cannot exceed 0.
[ 35.635s] PRUNE: margin=-4.031250, optimistic_rem(widened)=2.000000 → cannot exceed 0.
[ 36.130s] PRUNE: margin=-4.031250, optimistic_rem(widened)=0.000000 → cannot exceed 0.
[ 36.328s] PRUNE: margin=-4.031250, optimistic_rem(widened)=0.000000 → cannot exceed 0.
[ 36.526s] PRUNE: margin=-4.031250, optimistic_rem(widened)=0.000000 → cannot exceed 0.
[ 36.724s] PRUNE: margin=-4.031250, optimistic_rem(widened)=0.000000 → cannot exceed 0.
[ 37.021s] PRUNE: margin=-4.031250, optimistic_rem(widened)=2.250000 → cannot exceed 0.
[ 37.219s] PRUNE: margin=-4.015625, optimistic_rem(widened)=2.000000 → cannot exceed 0.
[ 37.417s] PRUNE: margin=-4.015625, optimistic_rem(widened)=2.000000 → cannot exceed 0.
[ 37.615s] PRUNE: margin=-4.031250, optimistic_rem(widened)=2.000000 → cannot exceed 0.
[ 38.012s] PRUNE: margin=-4.031250, optimistic_rem(widened)=2.250000 → cannot exceed 0.
[ 38.210s] PRUNE: margin=-4.031250, optimistic_rem(widened)=2.250000 → cannot exceed 0.
[ 38.408s] PRUNE: margin=-4.031250, optimistic_rem(widened)=2.250000 → cannot exceed 0.
[ 38.606s] PRUNE: margin=-4.031250, optimistic_rem(widened)=2.250000 → cannot exceed 0.
[ 38.903s] PRUNE: margin=-4.015625, optimistic_rem(widened)=4.000000 → cannot exceed 0.
[ 39.101s] PRUNE: margin=-4.015625, optimistic_rem(widened)=4.000000 → cannot exceed 0.
[ 39.299s] PRUNE: margin=-4.015625, optimistic_rem(widened)=4.000000 → cannot exceed 0.
[ 39.497s] PRUNE: margin=-4.015625, optimistic_rem(widened)=4.000000 → cannot exceed 0.
[ 39.893s] PRUNE: margin=-3.453125, optimistic_rem(widened)=2.250000 → cannot exceed 0.
[ 40.190s] PRUNE: margin=-3.421875, optimistic_rem(widened)=1.000000 → cannot exceed 0.
[ 40.388s] PRUNE: margin=-3.421875, optimistic_rem(widened)=1.000000 → cannot exceed 0.
[ 40.586s] PRUNE: margin=-3.437500, optimistic_rem(widened)=1.000000 → cannot exceed 0.
[ 40.784s] PRUNE: margin=-3.765625, optimistic_rem(widened)=2.000000 → cannot exceed 0.
[ 40.982s] PRUNE: margin=-3.765625, optimistic_rem(widened)=2.000000 → cannot exceed 0.
[ 41.181s] PRUNE: margin=-3.765625, optimistic_rem(widened)=2.000000 → cannot exceed 0.
[ 41.379s] PRUNE: margin=-3.765625, optimistic_rem(widened)=2.000000 → cannot exceed 0.
[ 41.577s] PRUNE: margin=-3.765625, optimistic_rem(widened)=2.000000 → cannot exceed 0.
[ 41.775s] PRUNE: margin=-3.765625, optimistic_rem(widened)=2.000000 → cannot exceed 0.
[ 42.171s] PRUNE: margin=-3.750000, optimistic_rem(widened)=1.750000 → cannot exceed 0.
[ 42.468s] PRUNE: margin=-3.984375, optimistic_rem(widened)=3.000000 → cannot exceed 0.
[ 42.666s] PRUNE: margin=-3.984375, optimistic_rem(widened)=3.000000 → cannot exceed 0.
[ 42.865s] PRUNE: margin=-3.968750, optimistic_rem(widened)=0.000000 → cannot exceed 0.
[ 43.063s] PRUNE: margin=-3.968750, optimistic_rem(widened)=0.000000 → cannot exceed 0.
[ 43.261s] PRUNE: margin=-3.968750, optimistic_rem(widened)=0.000000 → cannot exceed 0.
[ 43.459s] PRUNE: margin=-3.984375, optimistic_rem(widened)=0.000000 → cannot exceed 0.
[ 43.855s] PRUNE: margin=-3.984375, optimistic_rem(widened)=3.000000 → cannot exceed 0.
[ 44.053s] PRUNE: margin=-3.968750, optimistic_rem(widened)=0.000000 → cannot exceed 0.
[ 44.251s] PRUNE: margin=-3.968750, optimistic_rem(widened)=0.000000 → cannot exceed 0.
[ 44.449s] PRUNE: margin=-3.984375, optimistic_rem(widened)=0.000000 → cannot exceed 0.
[ 44.648s] PRUNE: margin=-3.984375, optimistic_rem(widened)=0.000000 → cannot exceed 0.
[ 45.044s] PRUNE: margin=-3.750000, optimistic_rem(widened)=0.000000 → cannot exceed 0.
[ 45.242s] PRUNE: margin=-3.984375, optimistic_rem(widened)=0.000000 → cannot exceed 0.
[ 45.440s] PRUNE: margin=-3.984375, optimistic_rem(widened)=0.000000 → cannot exceed 0.
[ 45.638s] PRUNE: margin=-3.984375, optimistic_rem(widened)=0.000000 → cannot exceed 0.
[ 45.935s] PRUNE: margin=-3.968750, optimistic_rem(widened)=2.000000 → cannot exceed 0.
[ 46.133s] PRUNE: margin=-3.968750, optimistic_rem(widened)=2.000000 → cannot exceed 0.
[ 46.329s] PRUNE: margin=-3.968750, optimistic_rem(widened)=2.000000 → cannot exceed 0.
[ 46.449s] PRUNE: margin=-3.984375, optimistic_rem(widened)=2.000000 → cannot exceed 0.
[ 46.699s] PRUNE: margin=-3.750000, optimistic_rem(widened)=1.750000 → cannot exceed 0.
[ 46.897s] PRUNE: margin=-3.984375, optimistic_rem(widened)=3.000000 → cannot exceed 0.
[ 47.073s] PRUNE: margin=-3.968750, optimistic_rem(widened)=0.000000 → cannot exceed 0.
[ 47.273s] PRUNE: margin=-3.968750, optimistic_rem(widened)=0.000000 → cannot exceed 0.
[ 47.415s] PRUNE: margin=-3.984375, optimistic_rem(widened)=0.000000 → cannot exceed 0.
[ 47.550s] PRUNE: margin=-3.984375, optimistic_rem(widened)=0.000000 → cannot exceed 0.
[ 47.816s] PRUNE: margin=-3.750000, optimistic_rem(widened)=0.000000 → cannot exceed 0.
[ 47.967s] PRUNE: margin=-3.984375, optimistic_rem(widened)=0.000000 → cannot exceed 0.
[ 48.133s] PRUNE: margin=-3.984375, optimistic_rem(widened)=0.000000 → cannot exceed 0.
[ 48.293s] PRUNE: margin=-3.984375, optimistic_rem(widened)=0.000000 → cannot exceed 0.
[ 48.537s] PRUNE: margin=-3.968750, optimistic_rem(widened)=2.000000 → cannot exceed 0.
[ 48.716s] PRUNE: margin=-3.968750, optimistic_rem(widened)=2.000000 → cannot exceed 0.
[ 48.877s] PRUNE: margin=-3.968750, optimistic_rem(widened)=2.000000 → cannot exceed 0.
[ 49.076s] PRUNE: margin=-3.984375, optimistic_rem(widened)=2.000000 → cannot exceed 0.
[ 49.473s] PRUNE: margin=-3.750000, optimistic_rem(widened)=1.750000 → cannot exceed 0.
[ 49.771s] PRUNE: margin=-3.750000, optimistic_rem(widened)=0.000000 → cannot exceed 0.
[ 49.970s] PRUNE: margin=-3.984375, optimistic_rem(widened)=0.000000 → cannot exceed 0.
[ 50.168s] PRUNE: margin=-3.984375, optimistic_rem(widened)=0.000000 → cannot exceed 0.
[ 50.367s] PRUNE: margin=-3.984375, optimistic_rem(widened)=0.000000 → cannot exceed 0.
[ 50.665s] PRUNE: margin=-3.968750, optimistic_rem(widened)=2.000000 → cannot exceed 0.
[ 50.863s] PRUNE: margin=-3.968750, optimistic_rem(widened)=2.000000 → cannot exceed 0.
[ 51.062s] PRUNE: margin=-3.968750, optimistic_rem(widened)=2.000000 → cannot exceed 0.
[ 51.260s] PRUNE: margin=-3.984375, optimistic_rem(widened)=2.000000 → cannot exceed 0.
[ 51.657s] PRUNE: margin=-3.734375, optimistic_rem(widened)=1.750000 → cannot exceed 0.
[ 51.855s] PRUNE: margin=-3.984375, optimistic_rem(widened)=2.000000 → cannot exceed 0.
[ 52.054s] PRUNE: margin=-3.968750, optimistic_rem(widened)=2.000000 → cannot exceed 0.
[ 52.253s] PRUNE: margin=-3.968750, optimistic_rem(widened)=2.000000 → cannot exceed 0.
[ 52.451s] PRUNE: margin=-3.968750, optimistic_rem(widened)=2.000000 → cannot exceed 0.
[ 52.849s] PRUNE: margin=-3.734375, optimistic_rem(widened)=1.750000 → cannot exceed 0.
[ 53.047s] PRUNE: margin=-3.984375, optimistic_rem(widened)=2.000000 → cannot exceed 0.
[ 53.246s] PRUNE: margin=-3.968750, optimistic_rem(widened)=2.000000 → cannot exceed 0.
[ 53.393s] PRUNE: margin=-3.968750, optimistic_rem(widened)=2.000000 → cannot exceed 0.
[ 53.753s] PRUNE: margin=-3.750000, optimistic_rem(widened)=1.750000 → cannot exceed 0.
[ 53.953s] PRUNE: margin=-3.984375, optimistic_rem(widened)=2.000000 → cannot exceed 0.
[ 54.096s] PRUNE: margin=-3.984375, optimistic_rem(widened)=2.000000 → cannot exceed 0.
[ 54.341s] PRUNE: margin=-3.750000, optimistic_rem(widened)=2.000000 → cannot exceed 0.
[ 54.463s] PRUNE: margin=-3.984375, optimistic_rem(widened)=2.000000 → cannot exceed 0.
[ 54.800s] PRUNE: margin=-3.750000, optimistic_rem(widened)=2.000000 → cannot exceed 0.
[ 55.277s] PRUNE: margin=-4.000000, optimistic_rem(widened)=4.000000 → cannot exceed 0.
[ 55.400s] PRUNE: margin=-4.000000, optimistic_rem(widened)=4.000000 → cannot exceed 0.
[ 55.677s] PRUNE: margin=-3.515625, optimistic_rem(widened)=2.000000 → cannot exceed 0.
[ 55.828s] PRUNE: margin=-4.078125, optimistic_rem(widened)=0.000000 → cannot exceed 0.
[ 55.980s] PRUNE: margin=-4.078125, optimistic_rem(widened)=0.000000 → cannot exceed 0.
[ 56.141s] PRUNE: margin=-4.078125, optimistic_rem(widened)=3.437500 → cannot exceed 0.
[ 56.321s] PRUNE: margin=-4.078125, optimistic_rem(widened)=3.437500 → cannot exceed 0.
[ 56.500s] PRUNE: margin=-4.078125, optimistic_rem(widened)=3.437500 → cannot exceed 0.
[ 56.728s] PRUNE: margin=-4.000000, optimistic_rem(widened)=2.000000 → cannot exceed 0.
[ 56.873s] PRUNE: margin=-4.000000, optimistic_rem(widened)=2.000000 → cannot exceed 0.
[ 57.143s] PRUNE: margin=-4.000000, optimistic_rem(widened)=2.750000 → cannot exceed 0.
[ 57.331s] PRUNE: margin=-4.000000, optimistic_rem(widened)=2.750000 → cannot exceed 0.
[ 57.518s] PRUNE: margin=-4.031250, optimistic_rem(widened)=3.000000 → cannot exceed 0.
[ 57.838s] PRUNE: margin=-4.000000, optimistic_rem(widened)=2.750000 → cannot exceed 0.
[ 58.004s] PRUNE: margin=-4.031250, optimistic_rem(widened)=3.000000 → cannot exceed 0.
[ 58.343s] PRUNE: margin=-4.031250, optimistic_rem(widened)=3.000000 → cannot exceed 0.
[ 59.002s] PRUNE: margin=-3.515625, optimistic_rem(widened)=2.093750 → cannot exceed 0.
[ 59.195s] PRUNE: margin=-4.078125, optimistic_rem(widened)=0.000000 → cannot exceed 0.
[ 59.393s] PRUNE: margin=-4.078125, optimistic_rem(widened)=0.000000 → cannot exceed 0.
[ 59.593s] PRUNE: margin=-4.078125, optimistic_rem(widened)=3.437500 → cannot exceed 0.
[ 59.792s] PRUNE: margin=-4.078125, optimistic_rem(widened)=3.437500 → cannot exceed 0.
[ 60.090s] PRUNE: margin=-4.000000, optimistic_rem(widened)=2.000000 → cannot exceed 0.
[ 60.288s] PRUNE: margin=-4.000000, optimistic_rem(widened)=2.000000 → cannot exceed 0.
[ 60.586s] PRUNE: margin=-4.031250, optimistic_rem(widened)=3.000000 → cannot exceed 0.
[ 60.784s] PRUNE: margin=-4.000000, optimistic_rem(widened)=2.750000 → cannot exceed 0.
[ 61.182s] PRUNE: margin=-4.031250, optimistic_rem(widened)=3.000000 → cannot exceed 0.
[ 61.876s] PRUNE: margin=-3.515625, optimistic_rem(widened)=2.875000 → cannot exceed 0.
[ 62.074s] PRUNE: margin=-4.031250, optimistic_rem(widened)=2.000000 → cannot exceed 0.
[ 62.273s] PRUNE: margin=-4.031250, optimistic_rem(widened)=2.000000 → cannot exceed 0.
[ 62.571s] PRUNE: margin=-4.031250, optimistic_rem(widened)=3.000000 → cannot exceed 0.
[ 63.265s] PRUNE: margin=-4.062500, optimistic_rem(widened)=2.000000 → cannot exceed 0.
[ 63.464s] PRUNE: margin=-4.062500, optimistic_rem(widened)=2.000000 → cannot exceed 0.
[ 63.762s] PRUNE: margin=-4.062500, optimistic_rem(widened)=3.437500 → cannot exceed 0.
[ 64.357s] PRUNE: margin=-4.000000, optimistic_rem(widened)=4.000000 → cannot exceed 0.
[ 64.556s] PRUNE: margin=-4.000000, optimistic_rem(widened)=4.000000 → cannot exceed 0.
[ 65.647s] PRUNE: margin=-3.500000, optimistic_rem(widened)=0.937500 → cannot exceed 0.
[ 65.846s] PRUNE: margin=-3.500000, optimistic_rem(widened)=2.625000 → cannot exceed 0.
[ 66.044s] PRUNE: margin=-4.078125, optimistic_rem(widened)=2.500000 → cannot exceed 0.
[ 66.243s] PRUNE: margin=-4.078125, optimistic_rem(widened)=2.500000 → cannot exceed 0.
[ 66.441s] PRUNE: margin=-4.093750, optimistic_rem(widened)=2.500000 → cannot exceed 0.
[ 66.739s] PRUNE: margin=-3.750000, optimistic_rem(widened)=2.218750 → cannot exceed 0.
[ 66.938s] PRUNE: margin=-4.093750, optimistic_rem(widened)=3.437500 → cannot exceed 0.
[ 67.335s] PRUNE: margin=-3.750000, optimistic_rem(widened)=2.218750 → cannot exceed 0.
[ 67.930s] PRUNE: margin=-4.000000, optimistic_rem(widened)=4.000000 → cannot exceed 0.
[ 68.129s] PRUNE: margin=-4.000000, optimistic_rem(widened)=4.000000 → cannot exceed 0.
[ 68.327s] PRUNE: margin=-4.000000, optimistic_rem(widened)=4.000000 → cannot exceed 0.
[ 68.526s] PRUNE: margin=-4.015625, optimistic_rem(widened)=4.000000 → cannot exceed 0.
[ 68.922s] PRUNE: margin=-4.015625, optimistic_rem(widened)=3.000000 → cannot exceed 0.
[ 69.121s] PRUNE: margin=-4.015625, optimistic_rem(widened)=3.000000 → cannot exceed 0.
[ 69.518s] PRUNE: margin=-4.015625, optimistic_rem(widened)=3.000000 → cannot exceed 0.
[ 70.311s] PRUNE: margin=-4.015625, optimistic_rem(widened)=3.000000 → cannot exceed 0.
[ 71.799s] PRUNE: margin=-4.062500, optimistic_rem(widened)=2.250000 → cannot exceed 0.
[ 71.998s] PRUNE: margin=-4.062500, optimistic_rem(widened)=2.250000 → cannot exceed 0.
[ 72.196s] PRUNE: margin=-4.062500, optimistic_rem(widened)=2.250000 → cannot exceed 0.
[ 72.395s] PRUNE: margin=-4.062500, optimistic_rem(widened)=2.250000 → cannot exceed 0.
[ 72.594s] PRUNE: margin=-4.062500, optimistic_rem(widened)=2.250000 → cannot exceed 0.
[ 72.792s] PRUNE: margin=-4.062500, optimistic_rem(widened)=2.250000 → cannot exceed 0.
[ 72.991s] PRUNE: margin=-4.062500, optimistic_rem(widened)=2.250000 → cannot exceed 0.
[ 73.387s] PRUNE: margin=-4.062500, optimistic_rem(widened)=2.250000 → cannot exceed 0.
[ 73.586s] PRUNE: margin=-4.062500, optimistic_rem(widened)=2.250000 → cannot exceed 0.
[ 73.785s] PRUNE: margin=-4.062500, optimistic_rem(widened)=2.250000 → cannot exceed 0.
[ 73.983s] PRUNE: margin=-4.062500, optimistic_rem(widened)=2.250000 → cannot exceed 0.
[ 74.182s] PRUNE: margin=-4.062500, optimistic_rem(widened)=2.250000 → cannot exceed 0.
[ 74.380s] PRUNE: margin=-4.062500, optimistic_rem(widened)=2.250000 → cannot exceed 0.
[ 74.777s] PRUNE: margin=-4.062500, optimistic_rem(widened)=2.000000 → cannot exceed 0.
[ 74.976s] PRUNE: margin=-4.062500, optimistic_rem(widened)=2.250000 → cannot exceed 0.
[ 75.175s] PRUNE: margin=-4.062500, optimistic_rem(widened)=2.250000 → cannot exceed 0.
[ 75.373s] PRUNE: margin=-4.062500, optimistic_rem(widened)=2.250000 → cannot exceed 0.
[ 75.572s] PRUNE: margin=-4.062500, optimistic_rem(widened)=2.250000 → cannot exceed 0.
[ 75.969s] PRUNE: margin=-4.062500, optimistic_rem(widened)=2.250000 → cannot exceed 0.
[ 76.167s] PRUNE: margin=-4.062500, optimistic_rem(widened)=2.250000 → cannot exceed 0.
[ 76.366s] PRUNE: margin=-4.062500, optimistic_rem(widened)=2.250000 → cannot exceed 0.
[ 76.565s] PRUNE: margin=-4.062500, optimistic_rem(widened)=2.000000 → cannot exceed 0.
[ 77.061s] PRUNE: margin=-4.062500, optimistic_rem(widened)=3.093750 → cannot exceed 0.
[ 77.259s] PRUNE: margin=-4.062500, optimistic_rem(widened)=3.093750 → cannot exceed 0.
[ 77.656s] PRUNE: margin=-4.062500, optimistic_rem(widened)=3.093750 → cannot exceed 0.
[ 78.450s] PRUNE: margin=-4.062500, optimistic_rem(widened)=3.093750 → cannot exceed 0.
[ 80.037s] PRUNE: margin=-4.000000, optimistic_rem(widened)=0.000000 → cannot exceed 0.
[ 80.235s] PRUNE: margin=-4.000000, optimistic_rem(widened)=2.500000 → cannot exceed 0.
[ 80.434s] PRUNE: margin=-4.000000, optimistic_rem(widened)=0.000000 → cannot exceed 0.
[ 80.633s] PRUNE: margin=-4.000000, optimistic_rem(widened)=0.000000 → cannot exceed 0.
[ 80.831s] PRUNE: margin=-4.000000, optimistic_rem(widened)=0.000000 → cannot exceed 0.
[ 81.129s] PRUNE: margin=-4.000000, optimistic_rem(widened)=2.000000 → cannot exceed 0.
[ 81.327s] PRUNE: margin=-4.000000, optimistic_rem(widened)=2.000000 → cannot exceed 0.
[ 81.625s] PRUNE: margin=-4.000000, optimistic_rem(widened)=0.000000 → cannot exceed 0.
[ 81.823s] PRUNE: margin=-4.000000, optimistic_rem(widened)=0.000000 → cannot exceed 0.
[ 82.121s] PRUNE: margin=-4.500000, optimistic_rem(widened)=2.500000 → cannot exceed 0.
[ 82.319s] PRUNE: margin=-4.500000, optimistic_rem(widened)=2.500000 → cannot exceed 0.
[ 82.716s] PRUNE: margin=-4.000000, optimistic_rem(widened)=2.000000 → cannot exceed 0.
[ 82.915s] PRUNE: margin=-4.000000, optimistic_rem(widened)=2.000000 → cannot exceed 0.
[ 83.113s] PRUNE: margin=-4.500000, optimistic_rem(widened)=2.500000 → cannot exceed 0.
[ 83.312s] PRUNE: margin=-4.500000, optimistic_rem(widened)=2.500000 → cannot exceed 0.
[ 83.510s] PRUNE: margin=-4.500000, optimistic_rem(widened)=2.500000 → cannot exceed 0.
[ 84.007s] PRUNE: margin=-4.500000, optimistic_rem(widened)=0.000000 → cannot exceed 0.
[ 84.205s] PRUNE: margin=-4.500000, optimistic_rem(widened)=0.000000 → cannot exceed 0.
[ 84.403s] PRUNE: margin=-4.500000, optimistic_rem(widened)=0.000000 → cannot exceed 0.
[ 84.701s] PRUNE: margin=-4.500000, optimistic_rem(widened)=2.500000 → cannot exceed 0.
[ 84.900s] PRUNE: margin=-4.500000, optimistic_rem(widened)=2.500000 → cannot exceed 0.
[ 85.099s] PRUNE: margin=-4.500000, optimistic_rem(widened)=2.500000 → cannot exceed 0.
[ 85.497s] PRUNE: margin=-4.500000, optimistic_rem(widened)=2.500000 → cannot exceed 0.
[ 85.696s] PRUNE: margin=-4.500000, optimistic_rem(widened)=2.500000 → cannot exceed 0.
[ 85.898s] PRUNE: margin=-4.500000, optimistic_rem(widened)=2.500000 → cannot exceed 0.
[ 86.295s] PRUNE: margin=-4.500000, optimistic_rem(widened)=2.500000 → cannot exceed 0.
[ 86.494s] PRUNE: margin=-4.500000, optimistic_rem(widened)=2.500000 → cannot exceed 0.
[ 86.891s] PRUNE: margin=-4.500000, optimistic_rem(widened)=2.500000 → cannot exceed 0.
[ 87.784s] PRUNE: margin=-4.000000, optimistic_rem(widened)=0.000000 → cannot exceed 0.
[ 87.982s] PRUNE: margin=-4.000000, optimistic_rem(widened)=0.000000 → cannot exceed 0.
[ 88.180s] PRUNE: margin=-4.000000, optimistic_rem(widened)=0.000000 → cannot exceed 0.
[ 88.379s] PRUNE: margin=-4.000000, optimistic_rem(widened)=0.000000 → cannot exceed 0.
[ 88.677s] PRUNE: margin=-4.000000, optimistic_rem(widened)=2.000000 → cannot exceed 0.
[ 88.875s] PRUNE: margin=-4.000000, optimistic_rem(widened)=2.000000 → cannot exceed 0.
[ 89.074s] PRUNE: margin=-4.500000, optimistic_rem(widened)=2.500000 → cannot exceed 0.
[ 89.272s] PRUNE: margin=-4.500000, optimistic_rem(widened)=2.500000 → cannot exceed 0.
[ 89.669s] PRUNE: margin=-4.000000, optimistic_rem(widened)=2.000000 → cannot exceed 0.
[ 89.868s] PRUNE: margin=-4.000000, optimistic_rem(widened)=2.000000 → cannot exceed 0.
[ 90.066s] PRUNE: margin=-4.500000, optimistic_rem(widened)=2.500000 → cannot exceed 0.
[ 90.265s] PRUNE: margin=-4.500000, optimistic_rem(widened)=2.500000 → cannot exceed 0.
[ 90.662s] PRUNE: margin=-4.500000, optimistic_rem(widened)=2.500000 → cannot exceed 0.
[ 90.860s] PRUNE: margin=-4.500000, optimistic_rem(widened)=2.500000 → cannot exceed 0.
[ 91.059s] PRUNE: margin=-4.500000, optimistic_rem(widened)=2.500000 → cannot exceed 0.
[ 91.456s] PRUNE: margin=-4.500000, optimistic_rem(widened)=2.500000 → cannot exceed 0.
[ 91.655s] PRUNE: margin=-4.500000, optimistic_rem(widened)=2.500000 → cannot exceed 0.
[ 92.052s] PRUNE: margin=-4.500000, optimistic_rem(widened)=2.500000 → cannot exceed 0.
[ 92.845s] PRUNE: margin=-4.000000, optimistic_rem(widened)=2.000000 → cannot exceed 0.
[ 93.044s] PRUNE: margin=-4.000000, optimistic_rem(widened)=2.000000 → cannot exceed 0.
[ 93.242s] PRUNE: margin=-4.000000, optimistic_rem(widened)=2.000000 → cannot exceed 0.
[ 93.441s] PRUNE: margin=-4.000000, optimistic_rem(widened)=2.000000 → cannot exceed 0.
[ 93.837s] PRUNE: margin=-4.000000, optimistic_rem(widened)=2.000000 → cannot exceed 0.
[ 94.036s] PRUNE: margin=-4.000000, optimistic_rem(widened)=2.000000 → cannot exceed 0.
[ 94.234s] PRUNE: margin=-4.000000, optimistic_rem(widened)=2.000000 → cannot exceed 0.
[ 94.631s] PRUNE: margin=-4.500000, optimistic_rem(widened)=2.500000 → cannot exceed 0.
[ 94.830s] PRUNE: margin=-4.500000, optimistic_rem(widened)=2.500000 → cannot exceed 0.
[ 95.227s] PRUNE: margin=-4.500000, optimistic_rem(widened)=2.500000 → cannot exceed 0.
[ 95.921s] PRUNE: margin=-4.000000, optimistic_rem(widened)=3.750000 → cannot exceed 0.
[ 96.219s] PRUNE: margin=-4.000000, optimistic_rem(widened)=2.000000 → cannot exceed 0.
[ 96.419s] PRUNE: margin=-4.500000, optimistic_rem(widened)=2.500000 → cannot exceed 0.
[ 96.816s] PRUNE: margin=-4.000000, optimistic_rem(widened)=2.000000 → cannot exceed 0.
[ 97.634s] PRUNE: margin=-4.000000, optimistic_rem(widened)=2.750000 → cannot exceed 0.
[100.043s] No counterexample within budgets (BaB): no misclassification found.
STATUS: No counterexample | best_upper_margin=3.359375 | elapsed=100.043s | pixels_changed=0 | total_bit_flips=0 | avg_hamming_per_pixel=0.000000 | patch_rows=15-16 | patch_cols=13-14 | note=no_counterexample_within_budgets
