[  0.000s] init: idx=7146 kmax=2 bmax=4 topx=2 widen=1.000 rank_fast=off
clean logits (hex):  0x86  0x87  0xa4  0x90  0x88  0xb4  0x8a  0x88  0x70  0x98
clean logits (bits): 10000110 10000111 10100100 10010000 10001000 10110100 10001010 10001000 01110000 10011000
clean logits (double): -12.000000 -10.000000 -1.875000 -4.000000 -8.000000 -1.375000 -7.000000 -8.000000 +4.000000 -3.000000
[  0.008s] clean prediction: 8 (true label 8)
[  0.304s] heuristic ROI: 2x2 block at rows 14-15, cols 22-23
[  0.504s] selection: nSym=2 (from 4), topx=2, rank_fast=off
[  0.504s] active patch: rows 14-14, cols 22-23 (derived from symPix)
[  0.966s] Proceeding to BaB (greedy enabled).
[  0.966s] Skipping root bound check (--no-root-bound).
[  0.966s] BaB search starting (K≤2, B≤4, nSym=2, depth_limit=500000000, widen=1.00)...
[  1.166s] PRUNE: margin=-5.187500, optimistic_rem(widened)=3.625000 → cannot exceed 0.
[  1.467s] PRUNE: margin=-4.437500, optimistic_rem(widened)=0.375000 → cannot exceed 0.
[  1.667s] PRUNE: margin=-4.437500, optimistic_rem(widened)=0.375000 → cannot exceed 0.
[  1.867s] PRUNE: margin=-4.437500, optimistic_rem(widened)=0.375000 → cannot exceed 0.
[  2.068s] PRUNE: margin=-4.437500, optimistic_rem(widened)=0.312500 → cannot exceed 0.
[  2.268s] PRUNE: margin=-4.437500, optimistic_rem(widened)=0.312500 → cannot exceed 0.
[  2.394s] PRUNE: margin=-4.437500, optimistic_rem(widened)=1.609375 → cannot exceed 0.
[  2.521s] PRUNE: margin=-4.437500, optimistic_rem(widened)=1.609375 → cannot exceed 0.
[  2.697s] PRUNE: margin=-4.437500, optimistic_rem(widened)=1.609375 → cannot exceed 0.
[  2.906s] PRUNE: margin=-4.437500, optimistic_rem(widened)=2.437500 → cannot exceed 0.
[  3.107s] PRUNE: margin=-4.375000, optimistic_rem(widened)=2.375000 → cannot exceed 0.
[  3.308s] PRUNE: margin=-5.125000, optimistic_rem(widened)=5.000000 → cannot exceed 0.
[  3.509s] PRUNE: margin=-5.125000, optimistic_rem(widened)=5.000000 → cannot exceed 0.
[  3.810s] PRUNE: margin=-4.437500, optimistic_rem(widened)=1.484375 → cannot exceed 0.
[  4.413s] PRUNE: margin=-5.375000, optimistic_rem(widened)=3.250000 → cannot exceed 0.
[  4.614s] PRUNE: margin=-5.375000, optimistic_rem(widened)=3.250000 → cannot exceed 0.
[  4.814s] PRUNE: margin=-5.375000, optimistic_rem(widened)=3.250000 → cannot exceed 0.
[  5.015s] PRUNE: margin=-5.375000, optimistic_rem(widened)=3.250000 → cannot exceed 0.
[  5.216s] PRUNE: margin=-5.375000, optimistic_rem(widened)=3.250000 → cannot exceed 0.
[  5.417s] PRUNE: margin=-5.375000, optimistic_rem(widened)=3.375000 → cannot exceed 0.
[  5.618s] PRUNE: margin=-5.375000, optimistic_rem(widened)=4.250000 → cannot exceed 0.
[  5.819s] PRUNE: margin=-5.375000, optimistic_rem(widened)=3.500000 → cannot exceed 0.
[  6.019s] PRUNE: margin=-5.375000, optimistic_rem(widened)=3.500000 → cannot exceed 0.
[  6.522s] PRUNE: margin=-5.375000, optimistic_rem(widened)=3.250000 → cannot exceed 0.
[  6.722s] PRUNE: margin=-5.375000, optimistic_rem(widened)=3.500000 → cannot exceed 0.
[  7.124s] PRUNE: margin=-5.125000, optimistic_rem(widened)=3.250000 → cannot exceed 0.
[  7.927s] PRUNE: margin=-5.125000, optimistic_rem(widened)=3.250000 → cannot exceed 0.
[  9.532s] PRUNE: margin=-5.125000, optimistic_rem(widened)=3.250000 → cannot exceed 0.
[ 12.141s] No counterexample within budgets (BaB): no misclassification found.
STATUS: No counterexample | best_upper_margin=5.625000 | elapsed=12.141s | pixels_changed=0 | total_bit_flips=0 | avg_hamming_per_pixel=0.000000 | patch_rows=14-14 | patch_cols=22-23 | note=no_counterexample_within_budgets
