[  0.000s] init: idx=3091 kmax=2 bmax=4 topx=2 widen=1.000 rank_fast=off
clean logits (hex):  0x96  0x86  0x99  0x9b  0x87  0x19  0x87  0x86  0x6e  0x9e
clean logits (bits): 10010110 10000110 10011001 10011011 10000111 00011001 10000111 10000110 01101110 10011110
clean logits (double): -3.250000 -12.000000 -2.875000 -2.625000 -10.000000 +0.390625 -10.000000 -12.000000 +3.750000 -2.250000
[  0.011s] clean prediction: 8 (true label 8)
[  0.283s] heuristic ROI: 2x2 block at rows 17-18, cols 9-10
[  0.442s] selection: nSym=2 (from 4), topx=2, rank_fast=off
[  0.442s] active patch: rows 17-17, cols 9-10 (derived from symPix)
[  0.762s] Proceeding to BaB (greedy enabled).
[  0.762s] Skipping root bound check (--no-root-bound).
[  0.762s] BaB search starting (K≤2, B≤4, nSym=2, depth_limit=500000000, widen=1.00)...
[  0.931s] PRUNE: margin=-3.125000, optimistic_rem(widened)=2.531250 → cannot exceed 0.
[  1.252s] PRUNE: margin=-2.500000, optimistic_rem(widened)=2.000000 → cannot exceed 0.
[  1.390s] PRUNE: margin=-2.578125, optimistic_rem(widened)=2.250000 → cannot exceed 0.
[  1.559s] PRUNE: margin=-2.578125, optimistic_rem(widened)=2.250000 → cannot exceed 0.
[  1.719s] PRUNE: margin=-2.578125, optimistic_rem(widened)=2.250000 → cannot exceed 0.
[  1.888s] PRUNE: margin=-2.578125, optimistic_rem(widened)=2.250000 → cannot exceed 0.
[  2.057s] PRUNE: margin=-2.562500, optimistic_rem(widened)=1.750000 → cannot exceed 0.
[  2.259s] PRUNE: margin=-2.562500, optimistic_rem(widened)=1.750000 → cannot exceed 0.
[  2.460s] PRUNE: margin=-2.562500, optimistic_rem(widened)=1.750000 → cannot exceed 0.
[  2.662s] PRUNE: margin=-2.562500, optimistic_rem(widened)=1.750000 → cannot exceed 0.
[  2.864s] PRUNE: margin=-2.562500, optimistic_rem(widened)=1.750000 → cannot exceed 0.
[  3.065s] PRUNE: margin=-2.562500, optimistic_rem(widened)=1.750000 → cannot exceed 0.
[  3.274s] PRUNE: margin=-2.562500, optimistic_rem(widened)=1.750000 → cannot exceed 0.
[  3.477s] PRUNE: margin=-2.562500, optimistic_rem(widened)=1.750000 → cannot exceed 0.
[  3.780s] PRUNE: margin=-2.890625, optimistic_rem(widened)=0.921875 → cannot exceed 0.
[  3.983s] PRUNE: margin=-2.890625, optimistic_rem(widened)=0.921875 → cannot exceed 0.
[  4.185s] PRUNE: margin=-2.890625, optimistic_rem(widened)=1.859375 → cannot exceed 0.
[  4.388s] PRUNE: margin=-2.890625, optimistic_rem(widened)=1.859375 → cannot exceed 0.
[  4.590s] PRUNE: margin=-3.046875, optimistic_rem(widened)=2.718750 → cannot exceed 0.
[  4.792s] PRUNE: margin=-3.421875, optimistic_rem(widened)=2.031250 → cannot exceed 0.
[  4.995s] PRUNE: margin=-3.421875, optimistic_rem(widened)=2.031250 → cannot exceed 0.
[  5.197s] PRUNE: margin=-3.421875, optimistic_rem(widened)=2.031250 → cannot exceed 0.
[  5.400s] PRUNE: margin=-3.421875, optimistic_rem(widened)=2.031250 → cannot exceed 0.
[  5.602s] PRUNE: margin=-3.421875, optimistic_rem(widened)=2.984375 → cannot exceed 0.
[  5.805s] PRUNE: margin=-3.421875, optimistic_rem(widened)=2.875000 → cannot exceed 0.
[  6.007s] PRUNE: margin=-3.421875, optimistic_rem(widened)=2.984375 → cannot exceed 0.
[  6.210s] PRUNE: margin=-3.421875, optimistic_rem(widened)=2.984375 → cannot exceed 0.
[  6.817s] PRUNE: margin=-3.375000, optimistic_rem(widened)=2.500000 → cannot exceed 0.
[  7.019s] PRUNE: margin=-3.375000, optimistic_rem(widened)=2.500000 → cannot exceed 0.
[  7.221s] PRUNE: margin=-3.375000, optimistic_rem(widened)=2.500000 → cannot exceed 0.
[  7.424s] PRUNE: margin=-3.390625, optimistic_rem(widened)=2.500000 → cannot exceed 0.
[  7.635s] PRUNE: margin=-3.375000, optimistic_rem(widened)=0.000000 → cannot exceed 0.
[  7.838s] PRUNE: margin=-3.375000, optimistic_rem(widened)=0.000000 → cannot exceed 0.
[  8.041s] PRUNE: margin=-3.375000, optimistic_rem(widened)=0.000000 → cannot exceed 0.
[  8.244s] PRUNE: margin=-3.375000, optimistic_rem(widened)=0.000000 → cannot exceed 0.
[  8.449s] PRUNE: margin=-3.390625, optimistic_rem(widened)=0.000000 → cannot exceed 0.
[  8.652s] PRUNE: margin=-3.406250, optimistic_rem(widened)=0.000000 → cannot exceed 0.
[  8.855s] PRUNE: margin=-3.359375, optimistic_rem(widened)=0.000000 → cannot exceed 0.
[  9.160s] PRUNE: margin=-3.359375, optimistic_rem(widened)=2.500000 → cannot exceed 0.
[  9.465s] PRUNE: margin=-3.375000, optimistic_rem(widened)=2.500000 → cannot exceed 0.
[  9.669s] PRUNE: margin=-3.390625, optimistic_rem(widened)=2.500000 → cannot exceed 0.
[  9.872s] PRUNE: margin=-3.406250, optimistic_rem(widened)=2.500000 → cannot exceed 0.
[ 10.075s] PRUNE: margin=-3.375000, optimistic_rem(widened)=0.000000 → cannot exceed 0.
[ 10.278s] PRUNE: margin=-3.375000, optimistic_rem(widened)=0.000000 → cannot exceed 0.
[ 10.481s] PRUNE: margin=-3.375000, optimistic_rem(widened)=0.000000 → cannot exceed 0.
[ 10.684s] PRUNE: margin=-3.375000, optimistic_rem(widened)=0.000000 → cannot exceed 0.
[ 10.888s] PRUNE: margin=-3.390625, optimistic_rem(widened)=0.000000 → cannot exceed 0.
[ 11.091s] PRUNE: margin=-3.406250, optimistic_rem(widened)=0.000000 → cannot exceed 0.
[ 11.497s] PRUNE: margin=-3.390625, optimistic_rem(widened)=2.500000 → cannot exceed 0.
[ 11.700s] PRUNE: margin=-3.406250, optimistic_rem(widened)=2.500000 → cannot exceed 0.
[ 11.903s] PRUNE: margin=-3.375000, optimistic_rem(widened)=0.000000 → cannot exceed 0.
[ 12.107s] PRUNE: margin=-3.375000, optimistic_rem(widened)=0.000000 → cannot exceed 0.
[ 12.310s] PRUNE: margin=-3.375000, optimistic_rem(widened)=0.000000 → cannot exceed 0.
[ 12.514s] PRUNE: margin=-3.375000, optimistic_rem(widened)=0.000000 → cannot exceed 0.
[ 12.717s] PRUNE: margin=-3.390625, optimistic_rem(widened)=0.000000 → cannot exceed 0.
[ 12.920s] PRUNE: margin=-3.406250, optimistic_rem(widened)=0.000000 → cannot exceed 0.
[ 13.327s] PRUNE: margin=-3.421875, optimistic_rem(widened)=0.000000 → cannot exceed 0.
[ 13.530s] PRUNE: margin=-3.406250, optimistic_rem(widened)=2.500000 → cannot exceed 0.
[ 13.733s] PRUNE: margin=-3.390625, optimistic_rem(widened)=0.000000 → cannot exceed 0.
[ 13.936s] PRUNE: margin=-3.390625, optimistic_rem(widened)=0.000000 → cannot exceed 0.
[ 14.139s] PRUNE: margin=-3.390625, optimistic_rem(widened)=0.000000 → cannot exceed 0.
[ 14.342s] PRUNE: margin=-3.390625, optimistic_rem(widened)=0.000000 → cannot exceed 0.
[ 14.545s] PRUNE: margin=-3.406250, optimistic_rem(widened)=0.000000 → cannot exceed 0.
[ 14.951s] PRUNE: margin=-2.890625, optimistic_rem(widened)=0.000000 → cannot exceed 0.
[ 15.154s] PRUNE: margin=-3.406250, optimistic_rem(widened)=0.000000 → cannot exceed 0.
[ 15.357s] PRUNE: margin=-3.406250, optimistic_rem(widened)=0.000000 → cannot exceed 0.
[ 15.561s] PRUNE: margin=-3.406250, optimistic_rem(widened)=0.000000 → cannot exceed 0.
[ 15.764s] PRUNE: margin=-3.406250, optimistic_rem(widened)=0.000000 → cannot exceed 0.
[ 15.967s] PRUNE: margin=-3.406250, optimistic_rem(widened)=0.000000 → cannot exceed 0.
[ 16.272s] PRUNE: margin=-3.375000, optimistic_rem(widened)=2.500000 → cannot exceed 0.
[ 16.475s] PRUNE: margin=-3.375000, optimistic_rem(widened)=2.500000 → cannot exceed 0.
[ 16.679s] PRUNE: margin=-3.375000, optimistic_rem(widened)=2.500000 → cannot exceed 0.
[ 16.882s] PRUNE: margin=-3.375000, optimistic_rem(widened)=2.500000 → cannot exceed 0.
[ 17.085s] PRUNE: margin=-3.390625, optimistic_rem(widened)=2.500000 → cannot exceed 0.
[ 17.288s] PRUNE: margin=-3.406250, optimistic_rem(widened)=2.500000 → cannot exceed 0.
[ 17.796s] PRUNE: margin=-3.406250, optimistic_rem(widened)=0.000000 → cannot exceed 0.
[ 17.999s] PRUNE: margin=-3.375000, optimistic_rem(widened)=2.500000 → cannot exceed 0.
[ 18.202s] PRUNE: margin=-3.375000, optimistic_rem(widened)=2.500000 → cannot exceed 0.
[ 18.405s] PRUNE: margin=-3.406250, optimistic_rem(widened)=2.500000 → cannot exceed 0.
[ 18.608s] PRUNE: margin=-3.375000, optimistic_rem(widened)=0.000000 → cannot exceed 0.
[ 18.812s] PRUNE: margin=-3.375000, optimistic_rem(widened)=0.000000 → cannot exceed 0.
[ 19.015s] PRUNE: margin=-3.375000, optimistic_rem(widened)=0.000000 → cannot exceed 0.
[ 19.218s] PRUNE: margin=-3.375000, optimistic_rem(widened)=0.000000 → cannot exceed 0.
[ 19.421s] PRUNE: margin=-3.390625, optimistic_rem(widened)=0.000000 → cannot exceed 0.
[ 19.624s] PRUNE: margin=-3.390625, optimistic_rem(widened)=0.000000 → cannot exceed 0.
[ 19.929s] PRUNE: margin=-3.375000, optimistic_rem(widened)=2.500000 → cannot exceed 0.
[ 20.234s] PRUNE: margin=-2.890625, optimistic_rem(widened)=0.000000 → cannot exceed 0.
[ 20.437s] PRUNE: margin=-3.125000, optimistic_rem(widened)=0.000000 → cannot exceed 0.
[ 20.640s] PRUNE: margin=-3.406250, optimistic_rem(widened)=2.500000 → cannot exceed 0.
[ 20.843s] PRUNE: margin=-3.406250, optimistic_rem(widened)=2.500000 → cannot exceed 0.
[ 21.046s] PRUNE: margin=-3.406250, optimistic_rem(widened)=0.000000 → cannot exceed 0.
[ 21.249s] PRUNE: margin=-3.406250, optimistic_rem(widened)=0.000000 → cannot exceed 0.
[ 21.453s] PRUNE: margin=-3.406250, optimistic_rem(widened)=0.000000 → cannot exceed 0.
[ 21.656s] PRUNE: margin=-3.406250, optimistic_rem(widened)=0.000000 → cannot exceed 0.
[ 21.961s] PRUNE: margin=-3.406250, optimistic_rem(widened)=2.500000 → cannot exceed 0.
[ 22.265s] PRUNE: margin=-3.375000, optimistic_rem(widened)=2.500000 → cannot exceed 0.
[ 22.468s] PRUNE: margin=-3.375000, optimistic_rem(widened)=0.000000 → cannot exceed 0.
[ 22.672s] PRUNE: margin=-3.375000, optimistic_rem(widened)=0.000000 → cannot exceed 0.
[ 22.875s] PRUNE: margin=-3.375000, optimistic_rem(widened)=0.000000 → cannot exceed 0.
[ 23.078s] PRUNE: margin=-3.390625, optimistic_rem(widened)=0.000000 → cannot exceed 0.
[ 23.281s] PRUNE: margin=-3.390625, optimistic_rem(widened)=0.000000 → cannot exceed 0.
[ 23.687s] PRUNE: margin=-3.375000, optimistic_rem(widened)=0.000000 → cannot exceed 0.
[ 23.890s] PRUNE: margin=-3.375000, optimistic_rem(widened)=0.000000 → cannot exceed 0.
[ 24.094s] PRUNE: margin=-3.390625, optimistic_rem(widened)=0.000000 → cannot exceed 0.
[ 24.297s] PRUNE: margin=-3.390625, optimistic_rem(widened)=0.000000 → cannot exceed 0.
[ 24.500s] PRUNE: margin=-3.390625, optimistic_rem(widened)=0.000000 → cannot exceed 0.
[ 24.805s] PRUNE: margin=-3.375000, optimistic_rem(widened)=2.500000 → cannot exceed 0.
[ 25.008s] PRUNE: margin=-3.375000, optimistic_rem(widened)=2.500000 → cannot exceed 0.
[ 25.211s] PRUNE: margin=-3.375000, optimistic_rem(widened)=2.500000 → cannot exceed 0.
[ 25.414s] PRUNE: margin=-3.390625, optimistic_rem(widened)=2.500000 → cannot exceed 0.
[ 25.617s] PRUNE: margin=-3.390625, optimistic_rem(widened)=2.250000 → cannot exceed 0.
[ 26.024s] PRUNE: margin=-3.125000, optimistic_rem(widened)=0.812500 → cannot exceed 0.
[ 26.227s] PRUNE: margin=-3.406250, optimistic_rem(widened)=2.500000 → cannot exceed 0.
[ 26.532s] PRUNE: margin=-3.390625, optimistic_rem(widened)=2.500000 → cannot exceed 0.
[ 26.735s] PRUNE: margin=-3.390625, optimistic_rem(widened)=2.500000 → cannot exceed 0.
[ 26.938s] PRUNE: margin=-3.390625, optimistic_rem(widened)=0.000000 → cannot exceed 0.
[ 27.141s] PRUNE: margin=-3.390625, optimistic_rem(widened)=0.000000 → cannot exceed 0.
[ 27.345s] PRUNE: margin=-3.390625, optimistic_rem(widened)=0.000000 → cannot exceed 0.
[ 27.548s] PRUNE: margin=-3.390625, optimistic_rem(widened)=0.000000 → cannot exceed 0.
[ 27.752s] PRUNE: margin=-3.406250, optimistic_rem(widened)=0.000000 → cannot exceed 0.
[ 28.158s] PRUNE: margin=-3.390625, optimistic_rem(widened)=2.500000 → cannot exceed 0.
[ 28.361s] PRUNE: margin=-3.390625, optimistic_rem(widened)=0.000000 → cannot exceed 0.
[ 28.564s] PRUNE: margin=-3.390625, optimistic_rem(widened)=0.000000 → cannot exceed 0.
[ 28.767s] PRUNE: margin=-3.390625, optimistic_rem(widened)=0.000000 → cannot exceed 0.
[ 28.971s] PRUNE: margin=-3.390625, optimistic_rem(widened)=0.000000 → cannot exceed 0.
[ 29.174s] PRUNE: margin=-3.406250, optimistic_rem(widened)=0.000000 → cannot exceed 0.
[ 29.580s] PRUNE: margin=-3.390625, optimistic_rem(widened)=0.000000 → cannot exceed 0.
[ 29.783s] PRUNE: margin=-3.390625, optimistic_rem(widened)=0.000000 → cannot exceed 0.
[ 29.986s] PRUNE: margin=-3.390625, optimistic_rem(widened)=0.000000 → cannot exceed 0.
[ 30.190s] PRUNE: margin=-3.406250, optimistic_rem(widened)=0.000000 → cannot exceed 0.
[ 30.393s] PRUNE: margin=-3.406250, optimistic_rem(widened)=0.000000 → cannot exceed 0.
[ 30.698s] PRUNE: margin=-3.390625, optimistic_rem(widened)=2.250000 → cannot exceed 0.
[ 30.901s] PRUNE: margin=-3.390625, optimistic_rem(widened)=2.250000 → cannot exceed 0.
[ 31.104s] PRUNE: margin=-3.390625, optimistic_rem(widened)=2.250000 → cannot exceed 0.
[ 31.307s] PRUNE: margin=-3.390625, optimistic_rem(widened)=2.250000 → cannot exceed 0.
[ 31.510s] PRUNE: margin=-3.406250, optimistic_rem(widened)=2.500000 → cannot exceed 0.
[ 31.917s] PRUNE: margin=-3.375000, optimistic_rem(widened)=2.500000 → cannot exceed 0.
[ 32.120s] PRUNE: margin=-3.375000, optimistic_rem(widened)=2.500000 → cannot exceed 0.
[ 32.323s] PRUNE: margin=-3.375000, optimistic_rem(widened)=2.500000 → cannot exceed 0.
[ 32.531s] PRUNE: margin=-3.375000, optimistic_rem(widened)=2.500000 → cannot exceed 0.
[ 32.746s] PRUNE: margin=-3.375000, optimistic_rem(widened)=2.500000 → cannot exceed 0.
[ 32.959s] PRUNE: margin=-3.375000, optimistic_rem(widened)=2.500000 → cannot exceed 0.
[ 33.170s] PRUNE: margin=-3.375000, optimistic_rem(widened)=2.500000 → cannot exceed 0.
[ 33.382s] PRUNE: margin=-3.390625, optimistic_rem(widened)=2.500000 → cannot exceed 0.
[ 33.596s] PRUNE: margin=-3.406250, optimistic_rem(widened)=2.500000 → cannot exceed 0.
[ 34.023s] PRUNE: margin=-3.406250, optimistic_rem(widened)=2.500000 → cannot exceed 0.
[ 34.237s] PRUNE: margin=-3.375000, optimistic_rem(widened)=2.500000 → cannot exceed 0.
[ 34.453s] PRUNE: margin=-3.375000, optimistic_rem(widened)=2.500000 → cannot exceed 0.
[ 34.670s] PRUNE: margin=-3.375000, optimistic_rem(widened)=2.500000 → cannot exceed 0.
[ 34.883s] PRUNE: margin=-3.375000, optimistic_rem(widened)=2.500000 → cannot exceed 0.
[ 35.094s] PRUNE: margin=-3.375000, optimistic_rem(widened)=2.500000 → cannot exceed 0.
[ 35.296s] PRUNE: margin=-3.375000, optimistic_rem(widened)=2.500000 → cannot exceed 0.
[ 35.498s] PRUNE: margin=-3.375000, optimistic_rem(widened)=2.500000 → cannot exceed 0.
[ 35.801s] PRUNE: margin=-3.390625, optimistic_rem(widened)=3.343750 → cannot exceed 0.
[ 36.205s] PRUNE: margin=-3.359375, optimistic_rem(widened)=2.500000 → cannot exceed 0.
[ 36.401s] PRUNE: margin=-3.359375, optimistic_rem(widened)=0.000000 → cannot exceed 0.
[ 36.604s] PRUNE: margin=-3.359375, optimistic_rem(widened)=0.000000 → cannot exceed 0.
[ 36.806s] PRUNE: margin=-3.359375, optimistic_rem(widened)=0.000000 → cannot exceed 0.
[ 37.009s] PRUNE: margin=-3.359375, optimistic_rem(widened)=0.000000 → cannot exceed 0.
[ 37.411s] PRUNE: margin=-3.375000, optimistic_rem(widened)=0.000000 → cannot exceed 0.
[ 37.595s] PRUNE: margin=-3.359375, optimistic_rem(widened)=0.000000 → cannot exceed 0.
[ 37.799s] PRUNE: margin=-3.359375, optimistic_rem(widened)=0.000000 → cannot exceed 0.
[ 38.002s] PRUNE: margin=-3.359375, optimistic_rem(widened)=0.000000 → cannot exceed 0.
[ 38.307s] PRUNE: margin=-3.359375, optimistic_rem(widened)=2.250000 → cannot exceed 0.
[ 38.510s] PRUNE: margin=-3.359375, optimistic_rem(widened)=2.250000 → cannot exceed 0.
[ 38.715s] PRUNE: margin=-3.359375, optimistic_rem(widened)=2.250000 → cannot exceed 0.
[ 38.918s] PRUNE: margin=-3.359375, optimistic_rem(widened)=2.250000 → cannot exceed 0.
[ 39.423s] PRUNE: margin=-3.359375, optimistic_rem(widened)=0.000000 → cannot exceed 0.
[ 39.626s] PRUNE: margin=-3.359375, optimistic_rem(widened)=0.000000 → cannot exceed 0.
[ 39.828s] PRUNE: margin=-3.359375, optimistic_rem(widened)=0.000000 → cannot exceed 0.
[ 40.030s] PRUNE: margin=-3.359375, optimistic_rem(widened)=0.000000 → cannot exceed 0.
[ 40.335s] PRUNE: margin=-3.359375, optimistic_rem(widened)=2.250000 → cannot exceed 0.
[ 40.537s] PRUNE: margin=-3.359375, optimistic_rem(widened)=2.250000 → cannot exceed 0.
[ 40.739s] PRUNE: margin=-3.359375, optimistic_rem(widened)=2.250000 → cannot exceed 0.
[ 40.942s] PRUNE: margin=-3.359375, optimistic_rem(widened)=2.250000 → cannot exceed 0.
[ 41.347s] PRUNE: margin=-3.375000, optimistic_rem(widened)=2.500000 → cannot exceed 0.
[ 41.549s] PRUNE: margin=-3.359375, optimistic_rem(widened)=2.250000 → cannot exceed 0.
[ 41.751s] PRUNE: margin=-3.359375, optimistic_rem(widened)=2.250000 → cannot exceed 0.
[ 41.954s] PRUNE: margin=-3.359375, optimistic_rem(widened)=2.500000 → cannot exceed 0.
[ 42.371s] PRUNE: margin=-3.359375, optimistic_rem(widened)=2.250000 → cannot exceed 0.
[ 42.581s] PRUNE: margin=-3.359375, optimistic_rem(widened)=2.250000 → cannot exceed 0.
[ 42.790s] PRUNE: margin=-3.359375, optimistic_rem(widened)=2.500000 → cannot exceed 0.
[ 43.210s] PRUNE: margin=-3.359375, optimistic_rem(widened)=2.250000 → cannot exceed 0.
[ 43.420s] PRUNE: margin=-3.359375, optimistic_rem(widened)=2.250000 → cannot exceed 0.
[ 43.838s] PRUNE: margin=-3.359375, optimistic_rem(widened)=2.500000 → cannot exceed 0.
[ 44.776s] PRUNE: margin=-3.375000, optimistic_rem(widened)=2.500000 → cannot exceed 0.
[ 44.986s] PRUNE: margin=-3.390625, optimistic_rem(widened)=2.500000 → cannot exceed 0.
[ 45.194s] PRUNE: margin=-3.406250, optimistic_rem(widened)=2.500000 → cannot exceed 0.
[ 45.401s] PRUNE: margin=-3.375000, optimistic_rem(widened)=0.000000 → cannot exceed 0.
[ 45.610s] PRUNE: margin=-3.375000, optimistic_rem(widened)=0.000000 → cannot exceed 0.
[ 45.818s] PRUNE: margin=-3.375000, optimistic_rem(widened)=0.000000 → cannot exceed 0.
[ 46.024s] PRUNE: margin=-3.375000, optimistic_rem(widened)=0.000000 → cannot exceed 0.
[ 46.231s] PRUNE: margin=-3.375000, optimistic_rem(widened)=0.000000 → cannot exceed 0.
[ 46.438s] PRUNE: margin=-3.390625, optimistic_rem(widened)=0.000000 → cannot exceed 0.
[ 46.649s] PRUNE: margin=-3.406250, optimistic_rem(widened)=0.000000 → cannot exceed 0.
[ 47.067s] PRUNE: margin=-3.390625, optimistic_rem(widened)=2.500000 → cannot exceed 0.
[ 47.276s] PRUNE: margin=-3.406250, optimistic_rem(widened)=2.500000 → cannot exceed 0.
[ 47.485s] PRUNE: margin=-3.375000, optimistic_rem(widened)=0.000000 → cannot exceed 0.
[ 47.695s] PRUNE: margin=-3.375000, optimistic_rem(widened)=0.000000 → cannot exceed 0.
[ 47.904s] PRUNE: margin=-3.375000, optimistic_rem(widened)=0.000000 → cannot exceed 0.
[ 48.113s] PRUNE: margin=-3.375000, optimistic_rem(widened)=0.000000 → cannot exceed 0.
[ 48.323s] PRUNE: margin=-3.375000, optimistic_rem(widened)=0.000000 → cannot exceed 0.
[ 48.532s] PRUNE: margin=-3.390625, optimistic_rem(widened)=0.000000 → cannot exceed 0.
[ 48.741s] PRUNE: margin=-3.406250, optimistic_rem(widened)=0.000000 → cannot exceed 0.
[ 49.158s] PRUNE: margin=-3.125000, optimistic_rem(widened)=1.156250 → cannot exceed 0.
[ 49.367s] PRUNE: margin=-3.421875, optimistic_rem(widened)=0.000000 → cannot exceed 0.
[ 49.573s] PRUNE: margin=-3.390625, optimistic_rem(widened)=0.000000 → cannot exceed 0.
[ 49.782s] PRUNE: margin=-3.390625, optimistic_rem(widened)=0.000000 → cannot exceed 0.
[ 49.990s] PRUNE: margin=-3.390625, optimistic_rem(widened)=0.000000 → cannot exceed 0.
[ 50.198s] PRUNE: margin=-3.390625, optimistic_rem(widened)=0.000000 → cannot exceed 0.
[ 50.407s] PRUNE: margin=-3.390625, optimistic_rem(widened)=0.000000 → cannot exceed 0.
[ 50.616s] PRUNE: margin=-3.406250, optimistic_rem(widened)=0.000000 → cannot exceed 0.
[ 51.034s] PRUNE: margin=-2.890625, optimistic_rem(widened)=0.000000 → cannot exceed 0.
[ 51.241s] PRUNE: margin=-3.421875, optimistic_rem(widened)=0.000000 → cannot exceed 0.
[ 51.447s] PRUNE: margin=-3.406250, optimistic_rem(widened)=0.000000 → cannot exceed 0.
[ 51.654s] PRUNE: margin=-3.406250, optimistic_rem(widened)=0.000000 → cannot exceed 0.
[ 51.861s] PRUNE: margin=-3.406250, optimistic_rem(widened)=0.000000 → cannot exceed 0.
[ 52.070s] PRUNE: margin=-3.406250, optimistic_rem(widened)=0.000000 → cannot exceed 0.
[ 52.279s] PRUNE: margin=-3.406250, optimistic_rem(widened)=0.000000 → cannot exceed 0.
[ 52.591s] PRUNE: margin=-3.375000, optimistic_rem(widened)=2.500000 → cannot exceed 0.
[ 52.799s] PRUNE: margin=-3.375000, optimistic_rem(widened)=2.500000 → cannot exceed 0.
[ 53.006s] PRUNE: margin=-3.375000, optimistic_rem(widened)=2.500000 → cannot exceed 0.
[ 53.212s] PRUNE: margin=-3.375000, optimistic_rem(widened)=2.500000 → cannot exceed 0.
[ 53.419s] PRUNE: margin=-3.375000, optimistic_rem(widened)=2.500000 → cannot exceed 0.
[ 53.626s] PRUNE: margin=-3.390625, optimistic_rem(widened)=2.500000 → cannot exceed 0.
[ 53.835s] PRUNE: margin=-3.406250, optimistic_rem(widened)=2.500000 → cannot exceed 0.
[ 54.353s] PRUNE: margin=-2.890625, optimistic_rem(widened)=0.000000 → cannot exceed 0.
[ 54.561s] PRUNE: margin=-3.125000, optimistic_rem(widened)=0.000000 → cannot exceed 0.
[ 54.769s] PRUNE: margin=-3.421875, optimistic_rem(widened)=0.000000 → cannot exceed 0.
[ 54.978s] PRUNE: margin=-3.406250, optimistic_rem(widened)=2.500000 → cannot exceed 0.
[ 55.186s] PRUNE: margin=-3.406250, optimistic_rem(widened)=2.500000 → cannot exceed 0.
[ 55.392s] PRUNE: margin=-3.406250, optimistic_rem(widened)=0.000000 → cannot exceed 0.
[ 55.598s] PRUNE: margin=-3.406250, optimistic_rem(widened)=0.000000 → cannot exceed 0.
[ 55.807s] PRUNE: margin=-3.406250, optimistic_rem(widened)=0.000000 → cannot exceed 0.
[ 56.015s] PRUNE: margin=-3.406250, optimistic_rem(widened)=0.000000 → cannot exceed 0.
[ 56.326s] PRUNE: margin=-3.406250, optimistic_rem(widened)=2.500000 → cannot exceed 0.
[ 56.638s] PRUNE: margin=-3.375000, optimistic_rem(widened)=2.500000 → cannot exceed 0.
[ 56.847s] PRUNE: margin=-3.375000, optimistic_rem(widened)=0.000000 → cannot exceed 0.
[ 57.055s] PRUNE: margin=-3.375000, optimistic_rem(widened)=0.000000 → cannot exceed 0.
[ 57.263s] PRUNE: margin=-3.375000, optimistic_rem(widened)=0.000000 → cannot exceed 0.
[ 57.470s] PRUNE: margin=-3.375000, optimistic_rem(widened)=0.000000 → cannot exceed 0.
[ 57.679s] PRUNE: margin=-3.390625, optimistic_rem(widened)=0.000000 → cannot exceed 0.
[ 57.883s] PRUNE: margin=-3.390625, optimistic_rem(widened)=0.000000 → cannot exceed 0.
[ 58.291s] PRUNE: margin=-3.375000, optimistic_rem(widened)=0.000000 → cannot exceed 0.
[ 58.506s] PRUNE: margin=-3.375000, optimistic_rem(widened)=0.000000 → cannot exceed 0.
[ 58.718s] PRUNE: margin=-3.375000, optimistic_rem(widened)=0.000000 → cannot exceed 0.
[ 58.930s] PRUNE: margin=-3.375000, optimistic_rem(widened)=0.000000 → cannot exceed 0.
[ 59.141s] PRUNE: margin=-3.390625, optimistic_rem(widened)=0.000000 → cannot exceed 0.
[ 59.352s] PRUNE: margin=-3.390625, optimistic_rem(widened)=0.000000 → cannot exceed 0.
[ 59.676s] PRUNE: margin=-3.375000, optimistic_rem(widened)=2.500000 → cannot exceed 0.
[ 59.887s] PRUNE: margin=-3.375000, optimistic_rem(widened)=2.500000 → cannot exceed 0.
[ 60.099s] PRUNE: margin=-3.375000, optimistic_rem(widened)=2.500000 → cannot exceed 0.
[ 60.311s] PRUNE: margin=-3.375000, optimistic_rem(widened)=2.500000 → cannot exceed 0.
[ 60.522s] PRUNE: margin=-3.390625, optimistic_rem(widened)=2.500000 → cannot exceed 0.
[ 60.734s] PRUNE: margin=-3.390625, optimistic_rem(widened)=2.250000 → cannot exceed 0.
[ 61.156s] PRUNE: margin=-3.125000, optimistic_rem(widened)=0.812500 → cannot exceed 0.
[ 61.367s] PRUNE: margin=-3.406250, optimistic_rem(widened)=2.500000 → cannot exceed 0.
[ 61.691s] PRUNE: margin=-3.390625, optimistic_rem(widened)=2.500000 → cannot exceed 0.
[ 61.903s] PRUNE: margin=-3.390625, optimistic_rem(widened)=0.000000 → cannot exceed 0.
[ 62.116s] PRUNE: margin=-3.390625, optimistic_rem(widened)=0.000000 → cannot exceed 0.
[ 62.330s] PRUNE: margin=-3.390625, optimistic_rem(widened)=0.000000 → cannot exceed 0.
[ 62.543s] PRUNE: margin=-3.390625, optimistic_rem(widened)=0.000000 → cannot exceed 0.
[ 62.754s] PRUNE: margin=-3.406250, optimistic_rem(widened)=0.000000 → cannot exceed 0.
[ 63.117s] PRUNE: margin=-3.390625, optimistic_rem(widened)=0.000000 → cannot exceed 0.
[ 63.252s] PRUNE: margin=-3.390625, optimistic_rem(widened)=0.000000 → cannot exceed 0.
[ 63.390s] PRUNE: margin=-3.390625, optimistic_rem(widened)=0.000000 → cannot exceed 0.
[ 63.562s] PRUNE: margin=-3.390625, optimistic_rem(widened)=0.000000 → cannot exceed 0.
[ 63.748s] PRUNE: margin=-3.406250, optimistic_rem(widened)=0.000000 → cannot exceed 0.
[ 64.050s] PRUNE: margin=-3.390625, optimistic_rem(widened)=2.250000 → cannot exceed 0.
[ 64.252s] PRUNE: margin=-3.390625, optimistic_rem(widened)=2.250000 → cannot exceed 0.
[ 64.453s] PRUNE: margin=-3.390625, optimistic_rem(widened)=2.250000 → cannot exceed 0.
[ 64.655s] PRUNE: margin=-3.390625, optimistic_rem(widened)=2.250000 → cannot exceed 0.
[ 64.856s] PRUNE: margin=-3.406250, optimistic_rem(widened)=2.500000 → cannot exceed 0.
[ 65.259s] PRUNE: margin=-3.375000, optimistic_rem(widened)=2.500000 → cannot exceed 0.
[ 65.460s] PRUNE: margin=-3.375000, optimistic_rem(widened)=2.500000 → cannot exceed 0.
[ 65.636s] PRUNE: margin=-3.375000, optimistic_rem(widened)=2.500000 → cannot exceed 0.
[ 65.800s] PRUNE: margin=-3.375000, optimistic_rem(widened)=2.500000 → cannot exceed 0.
[ 65.970s] PRUNE: margin=-3.375000, optimistic_rem(widened)=2.500000 → cannot exceed 0.
[ 66.137s] PRUNE: margin=-3.375000, optimistic_rem(widened)=2.500000 → cannot exceed 0.
[ 66.303s] PRUNE: margin=-3.390625, optimistic_rem(widened)=2.500000 → cannot exceed 0.
[ 66.467s] PRUNE: margin=-3.406250, optimistic_rem(widened)=2.500000 → cannot exceed 0.
[ 66.794s] PRUNE: margin=-3.406250, optimistic_rem(widened)=2.500000 → cannot exceed 0.
[ 66.966s] PRUNE: margin=-3.375000, optimistic_rem(widened)=2.500000 → cannot exceed 0.
[ 67.131s] PRUNE: margin=-3.375000, optimistic_rem(widened)=2.500000 → cannot exceed 0.
[ 67.297s] PRUNE: margin=-3.375000, optimistic_rem(widened)=2.500000 → cannot exceed 0.
[ 67.472s] PRUNE: margin=-3.375000, optimistic_rem(widened)=2.500000 → cannot exceed 0.
[ 67.638s] PRUNE: margin=-3.375000, optimistic_rem(widened)=2.500000 → cannot exceed 0.
[ 67.805s] PRUNE: margin=-3.375000, optimistic_rem(widened)=2.500000 → cannot exceed 0.
[ 68.054s] PRUNE: margin=-3.390625, optimistic_rem(widened)=3.343750 → cannot exceed 0.
[ 68.382s] PRUNE: margin=-3.359375, optimistic_rem(widened)=0.000000 → cannot exceed 0.
[ 68.548s] PRUNE: margin=-3.359375, optimistic_rem(widened)=0.000000 → cannot exceed 0.
[ 68.715s] PRUNE: margin=-3.359375, optimistic_rem(widened)=0.000000 → cannot exceed 0.
[ 68.870s] PRUNE: margin=-3.359375, optimistic_rem(widened)=0.000000 → cannot exceed 0.
[ 69.096s] PRUNE: margin=-3.359375, optimistic_rem(widened)=2.250000 → cannot exceed 0.
[ 69.241s] PRUNE: margin=-3.359375, optimistic_rem(widened)=2.250000 → cannot exceed 0.
[ 69.385s] PRUNE: margin=-3.359375, optimistic_rem(widened)=2.250000 → cannot exceed 0.
[ 69.528s] PRUNE: margin=-3.359375, optimistic_rem(widened)=2.500000 → cannot exceed 0.
[ 69.833s] PRUNE: margin=-3.359375, optimistic_rem(widened)=2.250000 → cannot exceed 0.
[ 70.033s] PRUNE: margin=-3.359375, optimistic_rem(widened)=2.250000 → cannot exceed 0.
[ 70.234s] PRUNE: margin=-3.359375, optimistic_rem(widened)=2.250000 → cannot exceed 0.
[ 70.435s] PRUNE: margin=-3.359375, optimistic_rem(widened)=2.250000 → cannot exceed 0.
[ 70.837s] PRUNE: margin=-3.375000, optimistic_rem(widened)=2.500000 → cannot exceed 0.
[ 71.037s] PRUNE: margin=-3.359375, optimistic_rem(widened)=2.250000 → cannot exceed 0.
[ 71.238s] PRUNE: margin=-3.359375, optimistic_rem(widened)=2.250000 → cannot exceed 0.
[ 71.639s] PRUNE: margin=-3.359375, optimistic_rem(widened)=2.250000 → cannot exceed 0.
[ 71.840s] PRUNE: margin=-3.359375, optimistic_rem(widened)=2.250000 → cannot exceed 0.
[ 72.241s] PRUNE: margin=-3.375000, optimistic_rem(widened)=2.500000 → cannot exceed 0.
[ 73.100s] PRUNE: margin=-2.890625, optimistic_rem(widened)=0.000000 → cannot exceed 0.
[ 73.237s] PRUNE: margin=-3.125000, optimistic_rem(widened)=0.000000 → cannot exceed 0.
[ 73.387s] PRUNE: margin=-3.125000, optimistic_rem(widened)=0.000000 → cannot exceed 0.
[ 73.526s] PRUNE: margin=-3.421875, optimistic_rem(widened)=0.000000 → cannot exceed 0.
[ 73.674s] PRUNE: margin=-3.406250, optimistic_rem(widened)=2.500000 → cannot exceed 0.
[ 73.817s] PRUNE: margin=-3.406250, optimistic_rem(widened)=2.500000 → cannot exceed 0.
[ 73.965s] PRUNE: margin=-3.406250, optimistic_rem(widened)=0.000000 → cannot exceed 0.
[ 74.097s] PRUNE: margin=-3.406250, optimistic_rem(widened)=0.000000 → cannot exceed 0.
[ 74.240s] PRUNE: margin=-3.406250, optimistic_rem(widened)=0.000000 → cannot exceed 0.
[ 74.523s] PRUNE: margin=-3.406250, optimistic_rem(widened)=2.500000 → cannot exceed 0.
[ 74.824s] PRUNE: margin=-3.375000, optimistic_rem(widened)=2.500000 → cannot exceed 0.
[ 75.024s] PRUNE: margin=-3.390625, optimistic_rem(widened)=0.000000 → cannot exceed 0.
[ 75.224s] PRUNE: margin=-3.375000, optimistic_rem(widened)=0.000000 → cannot exceed 0.
[ 75.425s] PRUNE: margin=-3.390625, optimistic_rem(widened)=0.000000 → cannot exceed 0.
[ 75.626s] PRUNE: margin=-3.390625, optimistic_rem(widened)=0.000000 → cannot exceed 0.
[ 75.827s] PRUNE: margin=-3.390625, optimistic_rem(widened)=0.000000 → cannot exceed 0.
[ 76.017s] PRUNE: margin=-3.406250, optimistic_rem(widened)=0.000000 → cannot exceed 0.
[ 76.404s] PRUNE: margin=-3.375000, optimistic_rem(widened)=0.000000 → cannot exceed 0.
[ 76.605s] PRUNE: margin=-3.375000, optimistic_rem(widened)=0.000000 → cannot exceed 0.
[ 76.807s] PRUNE: margin=-3.375000, optimistic_rem(widened)=0.000000 → cannot exceed 0.
[ 76.998s] PRUNE: margin=-3.390625, optimistic_rem(widened)=0.000000 → cannot exceed 0.
[ 77.200s] PRUNE: margin=-3.390625, optimistic_rem(widened)=0.000000 → cannot exceed 0.
[ 77.401s] PRUNE: margin=-3.390625, optimistic_rem(widened)=0.000000 → cannot exceed 0.
[ 77.704s] PRUNE: margin=-3.375000, optimistic_rem(widened)=2.500000 → cannot exceed 0.
[ 77.853s] PRUNE: margin=-3.375000, optimistic_rem(widened)=2.500000 → cannot exceed 0.
[ 78.015s] PRUNE: margin=-3.390625, optimistic_rem(widened)=2.500000 → cannot exceed 0.
[ 78.167s] PRUNE: margin=-3.390625, optimistic_rem(widened)=2.500000 → cannot exceed 0.
[ 78.314s] PRUNE: margin=-3.390625, optimistic_rem(widened)=2.250000 → cannot exceed 0.
[ 78.457s] PRUNE: margin=-3.390625, optimistic_rem(widened)=2.250000 → cannot exceed 0.
[ 78.844s] PRUNE: margin=-3.125000, optimistic_rem(widened)=0.812500 → cannot exceed 0.
[ 79.033s] PRUNE: margin=-3.406250, optimistic_rem(widened)=2.500000 → cannot exceed 0.
[ 79.333s] PRUNE: margin=-3.406250, optimistic_rem(widened)=0.000000 → cannot exceed 0.
[ 79.534s] PRUNE: margin=-3.390625, optimistic_rem(widened)=2.500000 → cannot exceed 0.
[ 79.735s] PRUNE: margin=-3.406250, optimistic_rem(widened)=0.000000 → cannot exceed 0.
[ 79.936s] PRUNE: margin=-3.390625, optimistic_rem(widened)=0.000000 → cannot exceed 0.
[ 80.137s] PRUNE: margin=-3.406250, optimistic_rem(widened)=0.000000 → cannot exceed 0.
[ 80.338s] PRUNE: margin=-3.406250, optimistic_rem(widened)=0.000000 → cannot exceed 0.
[ 80.739s] PRUNE: margin=-3.390625, optimistic_rem(widened)=0.000000 → cannot exceed 0.
[ 80.914s] PRUNE: margin=-3.390625, optimistic_rem(widened)=0.000000 → cannot exceed 0.
[ 81.067s] PRUNE: margin=-3.390625, optimistic_rem(widened)=0.000000 → cannot exceed 0.
[ 81.203s] PRUNE: margin=-3.406250, optimistic_rem(widened)=0.000000 → cannot exceed 0.
[ 81.359s] PRUNE: margin=-3.406250, optimistic_rem(widened)=0.000000 → cannot exceed 0.
[ 81.570s] PRUNE: margin=-3.390625, optimistic_rem(widened)=2.250000 → cannot exceed 0.
[ 81.706s] PRUNE: margin=-3.390625, optimistic_rem(widened)=2.250000 → cannot exceed 0.
[ 81.856s] PRUNE: margin=-3.406250, optimistic_rem(widened)=2.500000 → cannot exceed 0.
[ 82.003s] PRUNE: margin=-3.406250, optimistic_rem(widened)=2.500000 → cannot exceed 0.
[ 82.150s] PRUNE: margin=-3.406250, optimistic_rem(widened)=2.500000 → cannot exceed 0.
[ 82.427s] PRUNE: margin=-3.359375, optimistic_rem(widened)=2.500000 → cannot exceed 0.
[ 82.574s] PRUNE: margin=-3.359375, optimistic_rem(widened)=2.500000 → cannot exceed 0.
[ 82.713s] PRUNE: margin=-3.375000, optimistic_rem(widened)=2.500000 → cannot exceed 0.
[ 82.867s] PRUNE: margin=-3.375000, optimistic_rem(widened)=2.500000 → cannot exceed 0.
[ 83.011s] PRUNE: margin=-3.375000, optimistic_rem(widened)=2.500000 → cannot exceed 0.
[ 83.161s] PRUNE: margin=-3.375000, optimistic_rem(widened)=2.500000 → cannot exceed 0.
[ 83.301s] PRUNE: margin=-3.390625, optimistic_rem(widened)=2.500000 → cannot exceed 0.
[ 83.446s] PRUNE: margin=-3.406250, optimistic_rem(widened)=2.500000 → cannot exceed 0.
[ 83.729s] PRUNE: margin=-3.375000, optimistic_rem(widened)=2.500000 → cannot exceed 0.
[ 83.875s] PRUNE: margin=-3.375000, optimistic_rem(widened)=2.500000 → cannot exceed 0.
[ 84.015s] PRUNE: margin=-3.375000, optimistic_rem(widened)=2.500000 → cannot exceed 0.
[ 84.163s] PRUNE: margin=-3.375000, optimistic_rem(widened)=2.500000 → cannot exceed 0.
[ 84.301s] PRUNE: margin=-3.375000, optimistic_rem(widened)=2.500000 → cannot exceed 0.
[ 84.474s] PRUNE: margin=-3.390625, optimistic_rem(widened)=2.500000 → cannot exceed 0.
[ 84.675s] PRUNE: margin=-3.406250, optimistic_rem(widened)=2.500000 → cannot exceed 0.
[ 85.076s] PRUNE: margin=-3.406250, optimistic_rem(widened)=2.500000 → cannot exceed 0.
[ 85.276s] PRUNE: margin=-3.375000, optimistic_rem(widened)=2.500000 → cannot exceed 0.
[ 85.477s] PRUNE: margin=-3.375000, optimistic_rem(widened)=2.500000 → cannot exceed 0.
[ 85.678s] PRUNE: margin=-3.375000, optimistic_rem(widened)=2.500000 → cannot exceed 0.
[ 85.848s] PRUNE: margin=-3.375000, optimistic_rem(widened)=2.500000 → cannot exceed 0.
[ 86.050s] PRUNE: margin=-3.390625, optimistic_rem(widened)=2.250000 → cannot exceed 0.
[ 86.386s] PRUNE: margin=-3.406250, optimistic_rem(widened)=2.500000 → cannot exceed 0.
[ 86.558s] PRUNE: margin=-3.390625, optimistic_rem(widened)=2.500000 → cannot exceed 0.
[ 86.734s] PRUNE: margin=-3.375000, optimistic_rem(widened)=2.500000 → cannot exceed 0.
[ 86.916s] PRUNE: margin=-3.390625, optimistic_rem(widened)=2.500000 → cannot exceed 0.
[ 87.104s] PRUNE: margin=-3.375000, optimistic_rem(widened)=2.500000 → cannot exceed 0.
[ 87.340s] PRUNE: margin=-3.406250, optimistic_rem(widened)=3.343750 → cannot exceed 0.
[ 87.577s] PRUNE: margin=-3.375000, optimistic_rem(widened)=2.500000 → cannot exceed 0.
[ 87.789s] PRUNE: margin=-3.359375, optimistic_rem(widened)=0.000000 → cannot exceed 0.
[ 88.011s] PRUNE: margin=-3.359375, optimistic_rem(widened)=2.500000 → cannot exceed 0.
[ 88.325s] PRUNE: margin=-3.359375, optimistic_rem(widened)=2.500000 → cannot exceed 0.
[ 88.468s] PRUNE: margin=-3.359375, optimistic_rem(widened)=2.250000 → cannot exceed 0.
[ 88.863s] PRUNE: margin=-3.359375, optimistic_rem(widened)=2.500000 → cannot exceed 0.
[ 89.668s] PRUNE: margin=-2.890625, optimistic_rem(widened)=0.468750 → cannot exceed 0.
[ 89.869s] PRUNE: margin=-3.421875, optimistic_rem(widened)=1.062500 → cannot exceed 0.
[ 90.070s] PRUNE: margin=-3.406250, optimistic_rem(widened)=2.500000 → cannot exceed 0.
[ 90.272s] PRUNE: margin=-3.406250, optimistic_rem(widened)=2.500000 → cannot exceed 0.
[ 90.473s] PRUNE: margin=-3.406250, optimistic_rem(widened)=2.500000 → cannot exceed 0.
[ 90.674s] PRUNE: margin=-3.406250, optimistic_rem(widened)=2.500000 → cannot exceed 0.
[ 90.876s] PRUNE: margin=-3.406250, optimistic_rem(widened)=2.500000 → cannot exceed 0.
[ 91.077s] PRUNE: margin=-3.406250, optimistic_rem(widened)=2.500000 → cannot exceed 0.
[ 91.278s] PRUNE: margin=-3.406250, optimistic_rem(widened)=2.500000 → cannot exceed 0.
[ 91.781s] PRUNE: margin=-3.406250, optimistic_rem(widened)=2.500000 → cannot exceed 0.
[ 91.982s] PRUNE: margin=-3.375000, optimistic_rem(widened)=0.000000 → cannot exceed 0.
[ 92.183s] PRUNE: margin=-3.375000, optimistic_rem(widened)=0.000000 → cannot exceed 0.
[ 92.385s] PRUNE: margin=-3.375000, optimistic_rem(widened)=0.000000 → cannot exceed 0.
[ 92.586s] PRUNE: margin=-3.375000, optimistic_rem(widened)=0.000000 → cannot exceed 0.
[ 92.787s] PRUNE: margin=-3.375000, optimistic_rem(widened)=0.000000 → cannot exceed 0.
[ 92.995s] PRUNE: margin=-3.390625, optimistic_rem(widened)=0.000000 → cannot exceed 0.
[ 93.420s] PRUNE: margin=-3.125000, optimistic_rem(widened)=0.000000 → cannot exceed 0.
[ 93.635s] PRUNE: margin=-3.406250, optimistic_rem(widened)=0.000000 → cannot exceed 0.
[ 93.854s] PRUNE: margin=-3.406250, optimistic_rem(widened)=0.000000 → cannot exceed 0.
[ 94.068s] PRUNE: margin=-3.406250, optimistic_rem(widened)=0.000000 → cannot exceed 0.
[ 94.280s] PRUNE: margin=-3.406250, optimistic_rem(widened)=0.000000 → cannot exceed 0.
[ 94.494s] PRUNE: margin=-3.406250, optimistic_rem(widened)=0.000000 → cannot exceed 0.
[ 94.815s] PRUNE: margin=-3.375000, optimistic_rem(widened)=2.500000 → cannot exceed 0.
[ 95.030s] PRUNE: margin=-3.375000, optimistic_rem(widened)=2.500000 → cannot exceed 0.
[ 95.243s] PRUNE: margin=-3.375000, optimistic_rem(widened)=2.500000 → cannot exceed 0.
[ 95.457s] PRUNE: margin=-3.375000, optimistic_rem(widened)=2.500000 → cannot exceed 0.
[ 95.670s] PRUNE: margin=-3.390625, optimistic_rem(widened)=2.500000 → cannot exceed 0.
[ 95.883s] PRUNE: margin=-3.390625, optimistic_rem(widened)=2.250000 → cannot exceed 0.
[ 96.417s] PRUNE: margin=-3.125000, optimistic_rem(widened)=0.000000 → cannot exceed 0.
[ 96.631s] PRUNE: margin=-3.406250, optimistic_rem(widened)=0.000000 → cannot exceed 0.
[ 96.851s] PRUNE: margin=-3.406250, optimistic_rem(widened)=0.000000 → cannot exceed 0.
[ 97.055s] PRUNE: margin=-3.406250, optimistic_rem(widened)=0.000000 → cannot exceed 0.
[ 97.257s] PRUNE: margin=-3.406250, optimistic_rem(widened)=0.000000 → cannot exceed 0.
[ 97.458s] PRUNE: margin=-3.406250, optimistic_rem(widened)=0.000000 → cannot exceed 0.
[ 97.760s] PRUNE: margin=-3.375000, optimistic_rem(widened)=2.500000 → cannot exceed 0.
[ 97.962s] PRUNE: margin=-3.375000, optimistic_rem(widened)=2.500000 → cannot exceed 0.
[ 98.164s] PRUNE: margin=-3.375000, optimistic_rem(widened)=2.500000 → cannot exceed 0.
[ 98.365s] PRUNE: margin=-3.375000, optimistic_rem(widened)=2.500000 → cannot exceed 0.
[ 98.567s] PRUNE: margin=-3.375000, optimistic_rem(widened)=2.500000 → cannot exceed 0.
[ 98.768s] PRUNE: margin=-3.390625, optimistic_rem(widened)=2.250000 → cannot exceed 0.
[ 99.159s] PRUNE: margin=-3.125000, optimistic_rem(widened)=0.812500 → cannot exceed 0.
[ 99.338s] PRUNE: margin=-3.406250, optimistic_rem(widened)=2.500000 → cannot exceed 0.
[ 99.500s] PRUNE: margin=-3.406250, optimistic_rem(widened)=2.500000 → cannot exceed 0.
[ 99.675s] PRUNE: margin=-3.406250, optimistic_rem(widened)=2.500000 → cannot exceed 0.
[ 99.829s] PRUNE: margin=-3.406250, optimistic_rem(widened)=2.500000 → cannot exceed 0.
[ 99.982s] PRUNE: margin=-3.406250, optimistic_rem(widened)=2.500000 → cannot exceed 0.
[100.282s] PRUNE: margin=-3.375000, optimistic_rem(widened)=2.500000 → cannot exceed 0.
[100.436s] PRUNE: margin=-3.375000, optimistic_rem(widened)=2.500000 → cannot exceed 0.
[100.609s] PRUNE: margin=-3.375000, optimistic_rem(widened)=2.500000 → cannot exceed 0.
[100.747s] PRUNE: margin=-3.390625, optimistic_rem(widened)=2.500000 → cannot exceed 0.
[100.876s] PRUNE: margin=-3.390625, optimistic_rem(widened)=2.250000 → cannot exceed 0.
[101.186s] PRUNE: margin=-3.375000, optimistic_rem(widened)=2.500000 → cannot exceed 0.
[101.361s] PRUNE: margin=-3.375000, optimistic_rem(widened)=2.500000 → cannot exceed 0.
[101.508s] PRUNE: margin=-3.375000, optimistic_rem(widened)=2.500000 → cannot exceed 0.
[101.659s] PRUNE: margin=-3.390625, optimistic_rem(widened)=2.250000 → cannot exceed 0.
[101.968s] PRUNE: margin=-3.375000, optimistic_rem(widened)=2.500000 → cannot exceed 0.
[102.121s] PRUNE: margin=-3.390625, optimistic_rem(widened)=2.500000 → cannot exceed 0.
[102.272s] PRUNE: margin=-3.390625, optimistic_rem(widened)=2.250000 → cannot exceed 0.
[102.564s] PRUNE: margin=-3.390625, optimistic_rem(widened)=2.500000 → cannot exceed 0.
[102.743s] PRUNE: margin=-3.390625, optimistic_rem(widened)=2.250000 → cannot exceed 0.
[103.166s] PRUNE: margin=-3.406250, optimistic_rem(widened)=2.500000 → cannot exceed 0.
[103.898s] PRUNE: margin=-3.421875, optimistic_rem(widened)=2.062500 → cannot exceed 0.
[104.210s] PRUNE: margin=-3.406250, optimistic_rem(widened)=2.500000 → cannot exceed 0.
[104.522s] PRUNE: margin=-3.390625, optimistic_rem(widened)=0.000000 → cannot exceed 0.
[104.731s] PRUNE: margin=-3.390625, optimistic_rem(widened)=0.000000 → cannot exceed 0.
[104.940s] PRUNE: margin=-3.390625, optimistic_rem(widened)=0.000000 → cannot exceed 0.
[105.148s] PRUNE: margin=-3.390625, optimistic_rem(widened)=0.000000 → cannot exceed 0.
[105.357s] PRUNE: margin=-3.390625, optimistic_rem(widened)=0.000000 → cannot exceed 0.
[105.670s] PRUNE: margin=-3.390625, optimistic_rem(widened)=2.250000 → cannot exceed 0.
[105.879s] PRUNE: margin=-3.390625, optimistic_rem(widened)=2.000000 → cannot exceed 0.
[106.087s] PRUNE: margin=-3.390625, optimistic_rem(widened)=2.250000 → cannot exceed 0.
[106.296s] PRUNE: margin=-3.390625, optimistic_rem(widened)=2.250000 → cannot exceed 0.
[106.504s] PRUNE: margin=-3.406250, optimistic_rem(widened)=2.500000 → cannot exceed 0.
[106.921s] PRUNE: margin=-3.390625, optimistic_rem(widened)=2.000000 → cannot exceed 0.
[107.128s] PRUNE: margin=-3.390625, optimistic_rem(widened)=2.000000 → cannot exceed 0.
[107.337s] PRUNE: margin=-3.390625, optimistic_rem(widened)=2.250000 → cannot exceed 0.
[107.546s] PRUNE: margin=-3.390625, optimistic_rem(widened)=2.250000 → cannot exceed 0.
[107.754s] PRUNE: margin=-3.390625, optimistic_rem(widened)=2.250000 → cannot exceed 0.
[107.963s] PRUNE: margin=-3.406250, optimistic_rem(widened)=2.500000 → cannot exceed 0.
[108.275s] PRUNE: margin=-3.390625, optimistic_rem(widened)=3.343750 → cannot exceed 0.
[108.483s] PRUNE: margin=-3.390625, optimistic_rem(widened)=3.093750 → cannot exceed 0.
[108.691s] PRUNE: margin=-3.390625, optimistic_rem(widened)=3.343750 → cannot exceed 0.
[108.900s] PRUNE: margin=-3.390625, optimistic_rem(widened)=3.343750 → cannot exceed 0.
[109.214s] PRUNE: margin=-3.406250, optimistic_rem(widened)=2.500000 → cannot exceed 0.
[110.049s] PRUNE: margin=-3.375000, optimistic_rem(widened)=2.500000 → cannot exceed 0.
[110.256s] PRUNE: margin=-3.375000, optimistic_rem(widened)=2.500000 → cannot exceed 0.
[110.569s] PRUNE: margin=-3.375000, optimistic_rem(widened)=2.500000 → cannot exceed 0.
[110.778s] PRUNE: margin=-3.375000, optimistic_rem(widened)=2.500000 → cannot exceed 0.
[110.987s] PRUNE: margin=-3.390625, optimistic_rem(widened)=2.500000 → cannot exceed 0.
[111.155s] PRUNE: margin=-3.406250, optimistic_rem(widened)=2.500000 → cannot exceed 0.
[111.533s] PRUNE: margin=-3.375000, optimistic_rem(widened)=2.500000 → cannot exceed 0.
[111.735s] PRUNE: margin=-3.390625, optimistic_rem(widened)=2.500000 → cannot exceed 0.
[111.937s] PRUNE: margin=-3.406250, optimistic_rem(widened)=2.500000 → cannot exceed 0.
[112.340s] PRUNE: margin=-3.390625, optimistic_rem(widened)=2.500000 → cannot exceed 0.
[112.542s] PRUNE: margin=-3.406250, optimistic_rem(widened)=2.500000 → cannot exceed 0.
[112.946s] PRUNE: margin=-3.421875, optimistic_rem(widened)=1.500000 → cannot exceed 0.
[113.734s] PRUNE: margin=-3.406250, optimistic_rem(widened)=0.000000 → cannot exceed 0.
[113.936s] PRUNE: margin=-3.406250, optimistic_rem(widened)=0.000000 → cannot exceed 0.
[114.123s] PRUNE: margin=-3.406250, optimistic_rem(widened)=2.500000 → cannot exceed 0.
[114.263s] PRUNE: margin=-3.406250, optimistic_rem(widened)=2.500000 → cannot exceed 0.
[114.406s] PRUNE: margin=-3.406250, optimistic_rem(widened)=2.500000 → cannot exceed 0.
[114.620s] PRUNE: margin=-3.375000, optimistic_rem(widened)=2.500000 → cannot exceed 0.
[114.758s] PRUNE: margin=-3.375000, optimistic_rem(widened)=2.500000 → cannot exceed 0.
[114.978s] PRUNE: margin=-3.375000, optimistic_rem(widened)=2.500000 → cannot exceed 0.
[115.138s] PRUNE: margin=-3.375000, optimistic_rem(widened)=2.500000 → cannot exceed 0.
[115.472s] PRUNE: margin=-3.375000, optimistic_rem(widened)=2.500000 → cannot exceed 0.
[116.144s] PRUNE: margin=-3.390625, optimistic_rem(widened)=2.250000 → cannot exceed 0.
[116.314s] PRUNE: margin=-3.390625, optimistic_rem(widened)=2.250000 → cannot exceed 0.
[116.481s] PRUNE: margin=-3.390625, optimistic_rem(widened)=3.281250 → cannot exceed 0.
[116.625s] PRUNE: margin=-3.390625, optimistic_rem(widened)=3.281250 → cannot exceed 0.
[117.102s] PRUNE: margin=-3.359375, optimistic_rem(widened)=2.250000 → cannot exceed 0.
[117.273s] PRUNE: margin=-3.359375, optimistic_rem(widened)=2.250000 → cannot exceed 0.
[117.468s] PRUNE: margin=-3.359375, optimistic_rem(widened)=2.250000 → cannot exceed 0.
[117.669s] PRUNE: margin=-3.359375, optimistic_rem(widened)=2.500000 → cannot exceed 0.
[118.073s] PRUNE: margin=-3.359375, optimistic_rem(widened)=2.250000 → cannot exceed 0.
[118.275s] PRUNE: margin=-3.359375, optimistic_rem(widened)=2.250000 → cannot exceed 0.
[118.478s] PRUNE: margin=-3.359375, optimistic_rem(widened)=2.250000 → cannot exceed 0.
[118.982s] PRUNE: margin=-3.359375, optimistic_rem(widened)=2.500000 → cannot exceed 0.
[120.496s] PRUNE: margin=-3.375000, optimistic_rem(widened)=2.500000 → cannot exceed 0.
[120.698s] PRUNE: margin=-3.375000, optimistic_rem(widened)=2.500000 → cannot exceed 0.
[121.001s] PRUNE: margin=-3.375000, optimistic_rem(widened)=2.500000 → cannot exceed 0.
[121.203s] PRUNE: margin=-3.390625, optimistic_rem(widened)=2.500000 → cannot exceed 0.
[121.406s] PRUNE: margin=-3.406250, optimistic_rem(widened)=2.500000 → cannot exceed 0.
[121.810s] PRUNE: margin=-3.390625, optimistic_rem(widened)=2.500000 → cannot exceed 0.
[122.012s] PRUNE: margin=-3.406250, optimistic_rem(widened)=2.500000 → cannot exceed 0.
[122.415s] PRUNE: margin=-3.421875, optimistic_rem(widened)=1.500000 → cannot exceed 0.
[123.225s] PRUNE: margin=-3.406250, optimistic_rem(widened)=0.000000 → cannot exceed 0.
[123.427s] PRUNE: margin=-3.406250, optimistic_rem(widened)=0.000000 → cannot exceed 0.
[123.629s] PRUNE: margin=-3.406250, optimistic_rem(widened)=2.500000 → cannot exceed 0.
[123.831s] PRUNE: margin=-3.406250, optimistic_rem(widened)=2.500000 → cannot exceed 0.
[124.134s] PRUNE: margin=-3.375000, optimistic_rem(widened)=2.500000 → cannot exceed 0.
[124.336s] PRUNE: margin=-3.375000, optimistic_rem(widened)=2.500000 → cannot exceed 0.
[124.640s] PRUNE: margin=-3.375000, optimistic_rem(widened)=2.500000 → cannot exceed 0.
[125.347s] PRUNE: margin=-3.390625, optimistic_rem(widened)=2.250000 → cannot exceed 0.
[125.549s] PRUNE: margin=-3.390625, optimistic_rem(widened)=2.250000 → cannot exceed 0.
[125.853s] PRUNE: margin=-3.390625, optimistic_rem(widened)=2.500000 → cannot exceed 0.
[126.156s] PRUNE: margin=-3.390625, optimistic_rem(widened)=3.281250 → cannot exceed 0.
[126.561s] PRUNE: margin=-3.359375, optimistic_rem(widened)=2.250000 → cannot exceed 0.
[126.763s] PRUNE: margin=-3.359375, optimistic_rem(widened)=2.250000 → cannot exceed 0.
[126.966s] PRUNE: margin=-3.359375, optimistic_rem(widened)=2.250000 → cannot exceed 0.
[127.370s] PRUNE: margin=-3.359375, optimistic_rem(widened)=2.250000 → cannot exceed 0.
[127.572s] PRUNE: margin=-3.359375, optimistic_rem(widened)=2.250000 → cannot exceed 0.
[128.785s] PRUNE: margin=-3.359375, optimistic_rem(widened)=2.500000 → cannot exceed 0.
[128.987s] PRUNE: margin=-3.359375, optimistic_rem(widened)=2.500000 → cannot exceed 0.
[129.189s] PRUNE: margin=-3.375000, optimistic_rem(widened)=2.500000 → cannot exceed 0.
[129.391s] PRUNE: margin=-3.390625, optimistic_rem(widened)=2.500000 → cannot exceed 0.
[129.594s] PRUNE: margin=-3.406250, optimistic_rem(widened)=2.500000 → cannot exceed 0.
[129.998s] PRUNE: margin=-3.359375, optimistic_rem(widened)=2.500000 → cannot exceed 0.
[130.301s] PRUNE: margin=-3.390625, optimistic_rem(widened)=2.500000 → cannot exceed 0.
[130.504s] PRUNE: margin=-3.406250, optimistic_rem(widened)=2.500000 → cannot exceed 0.
[130.908s] PRUNE: margin=-3.421875, optimistic_rem(widened)=1.500000 → cannot exceed 0.
[131.615s] PRUNE: margin=-3.421875, optimistic_rem(widened)=2.468750 → cannot exceed 0.
[131.818s] PRUNE: margin=-3.375000, optimistic_rem(widened)=2.500000 → cannot exceed 0.
[132.424s] PRUNE: margin=-3.406250, optimistic_rem(widened)=2.250000 → cannot exceed 0.
[133.014s] PRUNE: margin=-3.359375, optimistic_rem(widened)=2.250000 → cannot exceed 0.
[133.591s] PRUNE: margin=-3.406250, optimistic_rem(widened)=2.500000 → cannot exceed 0.
[133.793s] PRUNE: margin=-3.406250, optimistic_rem(widened)=2.500000 → cannot exceed 0.
[134.097s] PRUNE: margin=-3.406250, optimistic_rem(widened)=2.500000 → cannot exceed 0.
[134.805s] PRUNE: margin=-3.375000, optimistic_rem(widened)=2.500000 → cannot exceed 0.
[135.007s] PRUNE: margin=-3.375000, optimistic_rem(widened)=2.500000 → cannot exceed 0.
[135.209s] PRUNE: margin=-3.375000, optimistic_rem(widened)=2.500000 → cannot exceed 0.
[135.613s] PRUNE: margin=-3.375000, optimistic_rem(widened)=2.500000 → cannot exceed 0.
[135.815s] PRUNE: margin=-3.375000, optimistic_rem(widened)=2.500000 → cannot exceed 0.
[136.927s] PRUNE: margin=-3.390625, optimistic_rem(widened)=3.343750 → cannot exceed 0.
[137.230s] PRUNE: margin=-3.390625, optimistic_rem(widened)=2.250000 → cannot exceed 0.
[137.433s] PRUNE: margin=-3.390625, optimistic_rem(widened)=2.250000 → cannot exceed 0.
[138.647s] PRUNE: margin=-3.359375, optimistic_rem(widened)=2.250000 → cannot exceed 0.
[138.849s] PRUNE: margin=-3.359375, optimistic_rem(widened)=2.250000 → cannot exceed 0.
[139.253s] PRUNE: margin=-3.359375, optimistic_rem(widened)=2.250000 → cannot exceed 0.
[140.062s] PRUNE: margin=-3.359375, optimistic_rem(widened)=2.250000 → cannot exceed 0.
[141.174s] No counterexample within budgets (BaB): no misclassification found.
STATUS: No counterexample | best_upper_margin=3.609375 | elapsed=141.174s | pixels_changed=0 | total_bit_flips=0 | avg_hamming_per_pixel=0.000000 | patch_rows=17-17 | patch_cols=9-10 | note=no_counterexample_within_budgets
