[  0.000s] init: idx=7971 kmax=2 bmax=4 topx=2 widen=1.000 rank_fast=off
clean logits (hex):  0x89  0x85  0x97  0x8a  0x87  0x90  0x86  0x9b  0x75  0x6a
clean logits (bits): 10001001 10000101 10010111 10001010 10000111 10010000 10000110 10011011 01110101 01101010
clean logits (double): -7.500000 -14.000000 -3.125000 -7.000000 -10.000000 -4.000000 -12.000000 -2.625000 +6.500000 +3.250000
[  0.009s] clean prediction: 8 (true label 8)
[  0.315s] heuristic ROI: 2x2 block at rows 9-10, cols 15-16
[  0.520s] selection: nSym=2 (from 4), topx=2, rank_fast=off
[  0.520s] active patch: rows 10-10, cols 15-16 (derived from symPix)
[  1.098s] Proceeding to BaB (greedy enabled).
[  1.098s] Skipping root bound check (--no-root-bound).
[  1.098s] BaB search starting (K≤2, B≤4, nSym=2, depth_limit=500000000, widen=1.00)...
[  1.305s] PRUNE: margin=-2.375000, optimistic_rem(widened)=2.000000 → cannot exceed 0.
[  1.613s] PRUNE: margin=-2.250000, optimistic_rem(widened)=1.750000 → cannot exceed 0.
[  2.023s] PRUNE: margin=-2.250000, optimistic_rem(widened)=2.000000 → cannot exceed 0.
[  2.228s] PRUNE: margin=-2.250000, optimistic_rem(widened)=2.000000 → cannot exceed 0.
[  2.432s] PRUNE: margin=-2.250000, optimistic_rem(widened)=0.000000 → cannot exceed 0.
[  2.638s] PRUNE: margin=-2.250000, optimistic_rem(widened)=0.000000 → cannot exceed 0.
[  2.843s] PRUNE: margin=-2.250000, optimistic_rem(widened)=0.000000 → cannot exceed 0.
[  3.049s] PRUNE: margin=-2.250000, optimistic_rem(widened)=0.000000 → cannot exceed 0.
[  3.255s] PRUNE: margin=-2.250000, optimistic_rem(widened)=0.000000 → cannot exceed 0.
[  3.462s] PRUNE: margin=-2.250000, optimistic_rem(widened)=0.000000 → cannot exceed 0.
[  3.667s] PRUNE: margin=-2.250000, optimistic_rem(widened)=2.000000 → cannot exceed 0.
[  3.872s] PRUNE: margin=-2.250000, optimistic_rem(widened)=2.000000 → cannot exceed 0.
[  4.078s] PRUNE: margin=-2.250000, optimistic_rem(widened)=2.000000 → cannot exceed 0.
[  4.490s] PRUNE: margin=-2.250000, optimistic_rem(widened)=2.000000 → cannot exceed 0.
[  4.695s] PRUNE: margin=-2.250000, optimistic_rem(widened)=2.000000 → cannot exceed 0.
[  4.901s] PRUNE: margin=-2.250000, optimistic_rem(widened)=0.000000 → cannot exceed 0.
[  5.107s] PRUNE: margin=-2.250000, optimistic_rem(widened)=0.000000 → cannot exceed 0.
[  5.313s] PRUNE: margin=-2.250000, optimistic_rem(widened)=0.000000 → cannot exceed 0.
[  5.517s] PRUNE: margin=-2.250000, optimistic_rem(widened)=0.000000 → cannot exceed 0.
[  5.723s] PRUNE: margin=-2.250000, optimistic_rem(widened)=2.000000 → cannot exceed 0.
[  5.929s] PRUNE: margin=-2.250000, optimistic_rem(widened)=2.000000 → cannot exceed 0.
[  6.133s] PRUNE: margin=-2.250000, optimistic_rem(widened)=0.000000 → cannot exceed 0.
[  6.338s] PRUNE: margin=-2.250000, optimistic_rem(widened)=0.000000 → cannot exceed 0.
[  6.750s] PRUNE: margin=-2.250000, optimistic_rem(widened)=2.000000 → cannot exceed 0.
[  6.955s] PRUNE: margin=-2.250000, optimistic_rem(widened)=2.000000 → cannot exceed 0.
[  7.160s] PRUNE: margin=-2.250000, optimistic_rem(widened)=0.000000 → cannot exceed 0.
[  7.366s] PRUNE: margin=-2.250000, optimistic_rem(widened)=0.000000 → cannot exceed 0.
[  7.573s] PRUNE: margin=-2.250000, optimistic_rem(widened)=2.000000 → cannot exceed 0.
[  7.779s] PRUNE: margin=-2.250000, optimistic_rem(widened)=0.000000 → cannot exceed 0.
[  7.985s] PRUNE: margin=-2.250000, optimistic_rem(widened)=0.000000 → cannot exceed 0.
[  8.190s] PRUNE: margin=-2.250000, optimistic_rem(widened)=0.000000 → cannot exceed 0.
[  8.333s] PRUNE: margin=-2.250000, optimistic_rem(widened)=0.000000 → cannot exceed 0.
[  8.715s] PRUNE: margin=-2.250000, optimistic_rem(widened)=2.000000 → cannot exceed 0.
[  8.914s] PRUNE: margin=-2.250000, optimistic_rem(widened)=2.000000 → cannot exceed 0.
[  9.113s] PRUNE: margin=-2.250000, optimistic_rem(widened)=0.000000 → cannot exceed 0.
[  9.313s] PRUNE: margin=-2.250000, optimistic_rem(widened)=0.000000 → cannot exceed 0.
[  9.511s] PRUNE: margin=-2.250000, optimistic_rem(widened)=0.000000 → cannot exceed 0.
[  9.710s] PRUNE: margin=-2.250000, optimistic_rem(widened)=0.000000 → cannot exceed 0.
[  9.909s] PRUNE: margin=-2.250000, optimistic_rem(widened)=0.000000 → cannot exceed 0.
[ 10.108s] PRUNE: margin=-2.250000, optimistic_rem(widened)=0.000000 → cannot exceed 0.
[ 10.507s] PRUNE: margin=-2.125000, optimistic_rem(widened)=2.000000 → cannot exceed 0.
[ 10.706s] PRUNE: margin=-2.250000, optimistic_rem(widened)=0.000000 → cannot exceed 0.
[ 10.905s] PRUNE: margin=-2.250000, optimistic_rem(widened)=0.000000 → cannot exceed 0.
[ 11.104s] PRUNE: margin=-2.250000, optimistic_rem(widened)=0.000000 → cannot exceed 0.
[ 11.303s] PRUNE: margin=-2.250000, optimistic_rem(widened)=0.000000 → cannot exceed 0.
[ 11.504s] PRUNE: margin=-2.250000, optimistic_rem(widened)=0.000000 → cannot exceed 0.
[ 11.702s] PRUNE: margin=-2.250000, optimistic_rem(widened)=0.000000 → cannot exceed 0.
[ 12.100s] PRUNE: margin=-2.250000, optimistic_rem(widened)=0.000000 → cannot exceed 0.
[ 12.299s] PRUNE: margin=-2.250000, optimistic_rem(widened)=0.000000 → cannot exceed 0.
[ 12.498s] PRUNE: margin=-2.250000, optimistic_rem(widened)=0.000000 → cannot exceed 0.
[ 12.697s] PRUNE: margin=-2.250000, optimistic_rem(widened)=0.000000 → cannot exceed 0.
[ 12.895s] PRUNE: margin=-2.250000, optimistic_rem(widened)=0.000000 → cannot exceed 0.
[ 13.094s] PRUNE: margin=-2.250000, optimistic_rem(widened)=0.000000 → cannot exceed 0.
[ 13.394s] PRUNE: margin=-2.250000, optimistic_rem(widened)=1.500000 → cannot exceed 0.
[ 13.593s] PRUNE: margin=-2.250000, optimistic_rem(widened)=1.500000 → cannot exceed 0.
[ 13.792s] PRUNE: margin=-2.250000, optimistic_rem(widened)=1.500000 → cannot exceed 0.
[ 13.991s] PRUNE: margin=-2.250000, optimistic_rem(widened)=1.500000 → cannot exceed 0.
[ 14.190s] PRUNE: margin=-2.250000, optimistic_rem(widened)=1.500000 → cannot exceed 0.
[ 14.389s] PRUNE: margin=-2.250000, optimistic_rem(widened)=1.500000 → cannot exceed 0.
[ 14.885s] PRUNE: margin=-2.250000, optimistic_rem(widened)=2.000000 → cannot exceed 0.
[ 15.085s] PRUNE: margin=-2.250000, optimistic_rem(widened)=2.000000 → cannot exceed 0.
[ 15.292s] PRUNE: margin=-2.250000, optimistic_rem(widened)=0.000000 → cannot exceed 0.
[ 15.499s] PRUNE: margin=-2.250000, optimistic_rem(widened)=0.000000 → cannot exceed 0.
[ 15.706s] PRUNE: margin=-2.250000, optimistic_rem(widened)=0.000000 → cannot exceed 0.
[ 15.912s] PRUNE: margin=-2.250000, optimistic_rem(widened)=0.000000 → cannot exceed 0.
[ 16.119s] PRUNE: margin=-2.250000, optimistic_rem(widened)=2.000000 → cannot exceed 0.
[ 16.325s] PRUNE: margin=-2.250000, optimistic_rem(widened)=2.000000 → cannot exceed 0.
[ 16.539s] PRUNE: margin=-2.250000, optimistic_rem(widened)=0.000000 → cannot exceed 0.
[ 16.742s] PRUNE: margin=-2.250000, optimistic_rem(widened)=0.000000 → cannot exceed 0.
[ 17.140s] PRUNE: margin=-2.250000, optimistic_rem(widened)=2.000000 → cannot exceed 0.
[ 17.340s] PRUNE: margin=-2.250000, optimistic_rem(widened)=2.000000 → cannot exceed 0.
[ 17.539s] PRUNE: margin=-2.250000, optimistic_rem(widened)=0.000000 → cannot exceed 0.
[ 17.738s] PRUNE: margin=-2.250000, optimistic_rem(widened)=0.000000 → cannot exceed 0.
[ 17.937s] PRUNE: margin=-2.250000, optimistic_rem(widened)=2.000000 → cannot exceed 0.
[ 18.136s] PRUNE: margin=-2.250000, optimistic_rem(widened)=0.000000 → cannot exceed 0.
[ 18.337s] PRUNE: margin=-2.250000, optimistic_rem(widened)=0.000000 → cannot exceed 0.
[ 18.537s] PRUNE: margin=-2.250000, optimistic_rem(widened)=0.000000 → cannot exceed 0.
[ 18.736s] PRUNE: margin=-2.250000, optimistic_rem(widened)=0.000000 → cannot exceed 0.
[ 19.134s] PRUNE: margin=-2.250000, optimistic_rem(widened)=2.000000 → cannot exceed 0.
[ 19.333s] PRUNE: margin=-2.250000, optimistic_rem(widened)=2.000000 → cannot exceed 0.
[ 19.533s] PRUNE: margin=-2.250000, optimistic_rem(widened)=0.000000 → cannot exceed 0.
[ 19.732s] PRUNE: margin=-2.250000, optimistic_rem(widened)=0.000000 → cannot exceed 0.
[ 19.932s] PRUNE: margin=-2.250000, optimistic_rem(widened)=0.000000 → cannot exceed 0.
[ 20.131s] PRUNE: margin=-2.250000, optimistic_rem(widened)=0.000000 → cannot exceed 0.
[ 20.330s] PRUNE: margin=-2.250000, optimistic_rem(widened)=0.000000 → cannot exceed 0.
[ 20.529s] PRUNE: margin=-2.250000, optimistic_rem(widened)=0.000000 → cannot exceed 0.
[ 20.928s] PRUNE: margin=-2.125000, optimistic_rem(widened)=2.000000 → cannot exceed 0.
[ 21.127s] PRUNE: margin=-2.250000, optimistic_rem(widened)=0.000000 → cannot exceed 0.
[ 21.326s] PRUNE: margin=-2.250000, optimistic_rem(widened)=0.000000 → cannot exceed 0.
[ 21.526s] PRUNE: margin=-2.250000, optimistic_rem(widened)=0.000000 → cannot exceed 0.
[ 21.725s] PRUNE: margin=-2.250000, optimistic_rem(widened)=0.000000 → cannot exceed 0.
[ 21.924s] PRUNE: margin=-2.250000, optimistic_rem(widened)=0.000000 → cannot exceed 0.
[ 22.123s] PRUNE: margin=-2.250000, optimistic_rem(widened)=0.000000 → cannot exceed 0.
[ 22.522s] PRUNE: margin=-2.250000, optimistic_rem(widened)=0.000000 → cannot exceed 0.
[ 22.721s] PRUNE: margin=-2.250000, optimistic_rem(widened)=0.000000 → cannot exceed 0.
[ 22.920s] PRUNE: margin=-2.250000, optimistic_rem(widened)=0.000000 → cannot exceed 0.
[ 23.119s] PRUNE: margin=-2.250000, optimistic_rem(widened)=0.000000 → cannot exceed 0.
[ 23.318s] PRUNE: margin=-2.250000, optimistic_rem(widened)=0.000000 → cannot exceed 0.
[ 23.518s] PRUNE: margin=-2.250000, optimistic_rem(widened)=0.000000 → cannot exceed 0.
[ 23.817s] PRUNE: margin=-2.250000, optimistic_rem(widened)=1.500000 → cannot exceed 0.
[ 24.017s] PRUNE: margin=-2.250000, optimistic_rem(widened)=1.500000 → cannot exceed 0.
[ 24.216s] PRUNE: margin=-2.250000, optimistic_rem(widened)=1.500000 → cannot exceed 0.
[ 24.416s] PRUNE: margin=-2.250000, optimistic_rem(widened)=1.500000 → cannot exceed 0.
[ 24.615s] PRUNE: margin=-2.250000, optimistic_rem(widened)=1.500000 → cannot exceed 0.
[ 24.814s] PRUNE: margin=-2.250000, optimistic_rem(widened)=1.500000 → cannot exceed 0.
[ 25.313s] PRUNE: margin=-2.125000, optimistic_rem(widened)=2.000000 → cannot exceed 0.
[ 25.512s] PRUNE: margin=-2.250000, optimistic_rem(widened)=2.000000 → cannot exceed 0.
[ 25.711s] PRUNE: margin=-2.250000, optimistic_rem(widened)=2.000000 → cannot exceed 0.
[ 25.910s] PRUNE: margin=-2.250000, optimistic_rem(widened)=0.000000 → cannot exceed 0.
[ 26.110s] PRUNE: margin=-2.250000, optimistic_rem(widened)=0.000000 → cannot exceed 0.
[ 26.309s] PRUNE: margin=-2.250000, optimistic_rem(widened)=0.000000 → cannot exceed 0.
[ 26.508s] PRUNE: margin=-2.250000, optimistic_rem(widened)=0.000000 → cannot exceed 0.
[ 26.708s] PRUNE: margin=-2.250000, optimistic_rem(widened)=0.000000 → cannot exceed 0.
[ 26.907s] PRUNE: margin=-2.250000, optimistic_rem(widened)=0.000000 → cannot exceed 0.
[ 27.306s] PRUNE: margin=-2.125000, optimistic_rem(widened)=2.000000 → cannot exceed 0.
[ 27.505s] PRUNE: margin=-2.250000, optimistic_rem(widened)=2.000000 → cannot exceed 0.
[ 27.704s] PRUNE: margin=-2.250000, optimistic_rem(widened)=0.000000 → cannot exceed 0.
[ 27.904s] PRUNE: margin=-2.250000, optimistic_rem(widened)=0.000000 → cannot exceed 0.
[ 28.103s] PRUNE: margin=-2.250000, optimistic_rem(widened)=0.000000 → cannot exceed 0.
[ 28.303s] PRUNE: margin=-2.250000, optimistic_rem(widened)=0.000000 → cannot exceed 0.
[ 28.502s] PRUNE: margin=-2.250000, optimistic_rem(widened)=0.000000 → cannot exceed 0.
[ 28.701s] PRUNE: margin=-2.250000, optimistic_rem(widened)=0.000000 → cannot exceed 0.
[ 29.000s] PRUNE: margin=-2.250000, optimistic_rem(widened)=1.500000 → cannot exceed 0.
[ 29.199s] PRUNE: margin=-2.250000, optimistic_rem(widened)=1.500000 → cannot exceed 0.
[ 29.399s] PRUNE: margin=-2.250000, optimistic_rem(widened)=1.500000 → cannot exceed 0.
[ 29.598s] PRUNE: margin=-2.250000, optimistic_rem(widened)=1.500000 → cannot exceed 0.
[ 29.797s] PRUNE: margin=-2.250000, optimistic_rem(widened)=1.500000 → cannot exceed 0.
[ 29.996s] PRUNE: margin=-2.250000, optimistic_rem(widened)=1.500000 → cannot exceed 0.
[ 30.295s] PRUNE: margin=-2.250000, optimistic_rem(widened)=2.000000 → cannot exceed 0.
[ 31.092s] PRUNE: margin=-2.125000, optimistic_rem(widened)=2.000000 → cannot exceed 0.
[ 31.291s] PRUNE: margin=-2.250000, optimistic_rem(widened)=2.000000 → cannot exceed 0.
[ 31.490s] PRUNE: margin=-2.250000, optimistic_rem(widened)=0.000000 → cannot exceed 0.
[ 31.689s] PRUNE: margin=-2.250000, optimistic_rem(widened)=0.000000 → cannot exceed 0.
[ 31.888s] PRUNE: margin=-2.250000, optimistic_rem(widened)=0.000000 → cannot exceed 0.
[ 32.088s] PRUNE: margin=-2.250000, optimistic_rem(widened)=0.000000 → cannot exceed 0.
[ 32.287s] PRUNE: margin=-2.250000, optimistic_rem(widened)=0.000000 → cannot exceed 0.
[ 32.486s] PRUNE: margin=-2.250000, optimistic_rem(widened)=0.000000 → cannot exceed 0.
[ 32.884s] PRUNE: margin=-2.125000, optimistic_rem(widened)=2.000000 → cannot exceed 0.
[ 33.084s] PRUNE: margin=-2.250000, optimistic_rem(widened)=0.000000 → cannot exceed 0.
[ 33.283s] PRUNE: margin=-2.250000, optimistic_rem(widened)=0.000000 → cannot exceed 0.
[ 33.482s] PRUNE: margin=-2.250000, optimistic_rem(widened)=0.000000 → cannot exceed 0.
[ 33.681s] PRUNE: margin=-2.250000, optimistic_rem(widened)=0.000000 → cannot exceed 0.
[ 33.881s] PRUNE: margin=-2.250000, optimistic_rem(widened)=0.000000 → cannot exceed 0.
[ 34.080s] PRUNE: margin=-2.250000, optimistic_rem(widened)=0.000000 → cannot exceed 0.
[ 34.379s] PRUNE: margin=-2.250000, optimistic_rem(widened)=1.500000 → cannot exceed 0.
[ 34.578s] PRUNE: margin=-2.250000, optimistic_rem(widened)=1.500000 → cannot exceed 0.
[ 34.777s] PRUNE: margin=-2.250000, optimistic_rem(widened)=1.500000 → cannot exceed 0.
[ 35.076s] PRUNE: margin=-2.250000, optimistic_rem(widened)=0.000000 → cannot exceed 0.
[ 35.275s] PRUNE: margin=-2.250000, optimistic_rem(widened)=0.000000 → cannot exceed 0.
[ 35.474s] PRUNE: margin=-2.250000, optimistic_rem(widened)=0.000000 → cannot exceed 0.
[ 35.773s] PRUNE: margin=-2.250000, optimistic_rem(widened)=1.500000 → cannot exceed 0.
[ 35.972s] PRUNE: margin=-2.250000, optimistic_rem(widened)=1.500000 → cannot exceed 0.
[ 36.171s] PRUNE: margin=-2.250000, optimistic_rem(widened)=1.500000 → cannot exceed 0.
[ 36.669s] PRUNE: margin=-2.250000, optimistic_rem(widened)=0.000000 → cannot exceed 0.
[ 36.868s] PRUNE: margin=-2.250000, optimistic_rem(widened)=0.000000 → cannot exceed 0.
[ 37.068s] PRUNE: margin=-2.250000, optimistic_rem(widened)=0.000000 → cannot exceed 0.
[ 37.267s] PRUNE: margin=-2.125000, optimistic_rem(widened)=2.000000 → cannot exceed 0.
[ 37.466s] PRUNE: margin=-2.250000, optimistic_rem(widened)=0.000000 → cannot exceed 0.
[ 37.665s] PRUNE: margin=-2.250000, optimistic_rem(widened)=0.000000 → cannot exceed 0.
[ 37.865s] PRUNE: margin=-2.250000, optimistic_rem(widened)=0.000000 → cannot exceed 0.
[ 38.264s] PRUNE: margin=-2.250000, optimistic_rem(widened)=0.000000 → cannot exceed 0.
[ 38.463s] PRUNE: margin=-2.250000, optimistic_rem(widened)=0.000000 → cannot exceed 0.
[ 38.662s] PRUNE: margin=-2.250000, optimistic_rem(widened)=0.000000 → cannot exceed 0.
[ 38.862s] PRUNE: margin=-2.250000, optimistic_rem(widened)=0.000000 → cannot exceed 0.
[ 39.061s] PRUNE: margin=-2.250000, optimistic_rem(widened)=0.000000 → cannot exceed 0.
[ 39.260s] PRUNE: margin=-2.250000, optimistic_rem(widened)=0.000000 → cannot exceed 0.
[ 39.560s] PRUNE: margin=-2.250000, optimistic_rem(widened)=1.500000 → cannot exceed 0.
[ 39.759s] PRUNE: margin=-2.250000, optimistic_rem(widened)=1.500000 → cannot exceed 0.
[ 39.959s] PRUNE: margin=-2.250000, optimistic_rem(widened)=1.500000 → cannot exceed 0.
[ 40.158s] PRUNE: margin=-2.250000, optimistic_rem(widened)=1.500000 → cannot exceed 0.
[ 40.357s] PRUNE: margin=-2.250000, optimistic_rem(widened)=1.500000 → cannot exceed 0.
[ 40.556s] PRUNE: margin=-2.250000, optimistic_rem(widened)=1.500000 → cannot exceed 0.
[ 41.054s] PRUNE: margin=-2.125000, optimistic_rem(widened)=0.000000 → cannot exceed 0.
[ 41.253s] PRUNE: margin=-2.125000, optimistic_rem(widened)=0.000000 → cannot exceed 0.
[ 41.453s] PRUNE: margin=-2.125000, optimistic_rem(widened)=0.000000 → cannot exceed 0.
[ 41.652s] PRUNE: margin=-2.125000, optimistic_rem(widened)=0.000000 → cannot exceed 0.
[ 41.851s] PRUNE: margin=-2.125000, optimistic_rem(widened)=0.000000 → cannot exceed 0.
[ 42.050s] PRUNE: margin=-2.250000, optimistic_rem(widened)=0.000000 → cannot exceed 0.
[ 42.349s] PRUNE: margin=-2.250000, optimistic_rem(widened)=1.500000 → cannot exceed 0.
[ 42.548s] PRUNE: margin=-2.250000, optimistic_rem(widened)=1.500000 → cannot exceed 0.
[ 42.747s] PRUNE: margin=-2.250000, optimistic_rem(widened)=1.500000 → cannot exceed 0.
[ 42.947s] PRUNE: margin=-2.250000, optimistic_rem(widened)=1.500000 → cannot exceed 0.
[ 43.146s] PRUNE: margin=-2.250000, optimistic_rem(widened)=1.500000 → cannot exceed 0.
[ 43.345s] PRUNE: margin=-2.250000, optimistic_rem(widened)=1.500000 → cannot exceed 0.
[ 43.744s] PRUNE: margin=-2.250000, optimistic_rem(widened)=0.500000 → cannot exceed 0.
[ 43.943s] PRUNE: margin=-2.250000, optimistic_rem(widened)=1.500000 → cannot exceed 0.
[ 44.142s] PRUNE: margin=-2.250000, optimistic_rem(widened)=1.500000 → cannot exceed 0.
[ 44.341s] PRUNE: margin=-2.250000, optimistic_rem(widened)=1.500000 → cannot exceed 0.
[ 44.541s] PRUNE: margin=-2.250000, optimistic_rem(widened)=1.500000 → cannot exceed 0.
[ 44.740s] PRUNE: margin=-2.250000, optimistic_rem(widened)=1.500000 → cannot exceed 0.
[ 45.039s] PRUNE: margin=-2.250000, optimistic_rem(widened)=1.531250 → cannot exceed 0.
[ 45.238s] PRUNE: margin=-2.250000, optimistic_rem(widened)=1.531250 → cannot exceed 0.
[ 45.437s] PRUNE: margin=-2.250000, optimistic_rem(widened)=1.531250 → cannot exceed 0.
[ 45.637s] PRUNE: margin=-2.250000, optimistic_rem(widened)=1.531250 → cannot exceed 0.
[ 45.836s] PRUNE: margin=-2.250000, optimistic_rem(widened)=1.531250 → cannot exceed 0.
[ 46.035s] PRUNE: margin=-2.250000, optimistic_rem(widened)=1.531250 → cannot exceed 0.
[ 46.534s] PRUNE: margin=-2.375000, optimistic_rem(widened)=1.500000 → cannot exceed 0.
[ 46.733s] PRUNE: margin=-2.375000, optimistic_rem(widened)=1.500000 → cannot exceed 0.
[ 46.932s] PRUNE: margin=-2.375000, optimistic_rem(widened)=1.500000 → cannot exceed 0.
[ 47.131s] PRUNE: margin=-2.375000, optimistic_rem(widened)=1.500000 → cannot exceed 0.
[ 47.320s] PRUNE: margin=-2.375000, optimistic_rem(widened)=1.500000 → cannot exceed 0.
[ 47.450s] PRUNE: margin=-2.375000, optimistic_rem(widened)=1.500000 → cannot exceed 0.
[ 47.567s] PRUNE: margin=-2.375000, optimistic_rem(widened)=0.250000 → cannot exceed 0.
[ 47.773s] PRUNE: margin=-2.375000, optimistic_rem(widened)=2.000000 → cannot exceed 0.
[ 47.926s] PRUNE: margin=-2.375000, optimistic_rem(widened)=2.000000 → cannot exceed 0.
[ 48.070s] PRUNE: margin=-2.375000, optimistic_rem(widened)=2.000000 → cannot exceed 0.
[ 48.208s] PRUNE: margin=-2.375000, optimistic_rem(widened)=2.000000 → cannot exceed 0.
[ 48.486s] PRUNE: margin=-2.375000, optimistic_rem(widened)=2.000000 → cannot exceed 0.
[ 48.618s] PRUNE: margin=-2.375000, optimistic_rem(widened)=2.000000 → cannot exceed 0.
[ 48.771s] PRUNE: margin=-2.375000, optimistic_rem(widened)=2.000000 → cannot exceed 0.
[ 49.104s] PRUNE: margin=-2.375000, optimistic_rem(widened)=2.000000 → cannot exceed 0.
[ 49.289s] PRUNE: margin=-2.375000, optimistic_rem(widened)=2.000000 → cannot exceed 0.
[ 49.535s] PRUNE: margin=-2.375000, optimistic_rem(widened)=2.000000 → cannot exceed 0.
[ 50.027s] PRUNE: margin=-2.375000, optimistic_rem(widened)=1.500000 → cannot exceed 0.
[ 50.225s] PRUNE: margin=-2.375000, optimistic_rem(widened)=1.500000 → cannot exceed 0.
[ 50.424s] PRUNE: margin=-2.375000, optimistic_rem(widened)=1.500000 → cannot exceed 0.
[ 50.622s] PRUNE: margin=-2.375000, optimistic_rem(widened)=1.500000 → cannot exceed 0.
[ 50.821s] PRUNE: margin=-2.375000, optimistic_rem(widened)=1.500000 → cannot exceed 0.
[ 51.019s] PRUNE: margin=-2.375000, optimistic_rem(widened)=0.125000 → cannot exceed 0.
[ 51.218s] PRUNE: margin=-2.375000, optimistic_rem(widened)=1.500000 → cannot exceed 0.
[ 51.416s] PRUNE: margin=-2.375000, optimistic_rem(widened)=1.500000 → cannot exceed 0.
[ 51.615s] PRUNE: margin=-2.375000, optimistic_rem(widened)=1.500000 → cannot exceed 0.
[ 51.814s] PRUNE: margin=-2.375000, optimistic_rem(widened)=1.500000 → cannot exceed 0.
[ 52.012s] PRUNE: margin=-2.375000, optimistic_rem(widened)=1.500000 → cannot exceed 0.
[ 52.409s] PRUNE: margin=-2.375000, optimistic_rem(widened)=1.500000 → cannot exceed 0.
[ 52.608s] PRUNE: margin=-2.375000, optimistic_rem(widened)=1.500000 → cannot exceed 0.
[ 52.806s] PRUNE: margin=-2.375000, optimistic_rem(widened)=1.500000 → cannot exceed 0.
[ 53.005s] PRUNE: margin=-2.375000, optimistic_rem(widened)=1.500000 → cannot exceed 0.
[ 53.204s] PRUNE: margin=-2.375000, optimistic_rem(widened)=1.500000 → cannot exceed 0.
[ 53.403s] PRUNE: margin=-2.375000, optimistic_rem(widened)=1.500000 → cannot exceed 0.
[ 53.663s] PRUNE: margin=-2.375000, optimistic_rem(widened)=1.500000 → cannot exceed 0.
[ 53.866s] PRUNE: margin=-2.375000, optimistic_rem(widened)=1.500000 → cannot exceed 0.
[ 54.064s] PRUNE: margin=-2.375000, optimistic_rem(widened)=1.500000 → cannot exceed 0.
[ 54.263s] PRUNE: margin=-2.375000, optimistic_rem(widened)=1.500000 → cannot exceed 0.
[ 54.662s] PRUNE: margin=-2.375000, optimistic_rem(widened)=1.500000 → cannot exceed 0.
[ 54.860s] PRUNE: margin=-2.375000, optimistic_rem(widened)=1.500000 → cannot exceed 0.
[ 55.017s] PRUNE: margin=-2.375000, optimistic_rem(widened)=1.500000 → cannot exceed 0.
[ 55.216s] PRUNE: margin=-2.375000, optimistic_rem(widened)=1.500000 → cannot exceed 0.
[ 55.417s] PRUNE: margin=-2.375000, optimistic_rem(widened)=1.500000 → cannot exceed 0.
[ 55.616s] PRUNE: margin=-2.375000, optimistic_rem(widened)=2.000000 → cannot exceed 0.
[ 55.816s] PRUNE: margin=-2.375000, optimistic_rem(widened)=2.000000 → cannot exceed 0.
[ 56.015s] PRUNE: margin=-2.375000, optimistic_rem(widened)=2.000000 → cannot exceed 0.
[ 56.513s] PRUNE: margin=-3.000000, optimistic_rem(widened)=2.031250 → cannot exceed 0.
[ 56.712s] PRUNE: margin=-3.000000, optimistic_rem(widened)=2.031250 → cannot exceed 0.
[ 56.911s] PRUNE: margin=-3.000000, optimistic_rem(widened)=2.031250 → cannot exceed 0.
[ 57.110s] PRUNE: margin=-3.000000, optimistic_rem(widened)=2.031250 → cannot exceed 0.
[ 57.309s] PRUNE: margin=-3.000000, optimistic_rem(widened)=2.031250 → cannot exceed 0.
[ 57.608s] PRUNE: margin=-3.000000, optimistic_rem(widened)=2.531250 → cannot exceed 0.
[ 57.807s] PRUNE: margin=-3.000000, optimistic_rem(widened)=2.531250 → cannot exceed 0.
[ 58.007s] PRUNE: margin=-3.000000, optimistic_rem(widened)=2.531250 → cannot exceed 0.
[ 58.405s] PRUNE: margin=-3.000000, optimistic_rem(widened)=2.531250 → cannot exceed 0.
[ 58.604s] PRUNE: margin=-3.000000, optimistic_rem(widened)=2.531250 → cannot exceed 0.
[ 59.002s] PRUNE: margin=-3.000000, optimistic_rem(widened)=2.531250 → cannot exceed 0.
[ 59.798s] PRUNE: margin=-3.000000, optimistic_rem(widened)=1.125000 → cannot exceed 0.
[ 59.998s] PRUNE: margin=-2.250000, optimistic_rem(widened)=1.500000 → cannot exceed 0.
[ 60.197s] PRUNE: margin=-3.000000, optimistic_rem(widened)=2.000000 → cannot exceed 0.
[ 60.396s] PRUNE: margin=-3.000000, optimistic_rem(widened)=2.000000 → cannot exceed 0.
[ 60.595s] PRUNE: margin=-3.000000, optimistic_rem(widened)=1.156250 → cannot exceed 0.
[ 60.794s] PRUNE: margin=-3.000000, optimistic_rem(widened)=1.156250 → cannot exceed 0.
[ 60.993s] PRUNE: margin=-3.000000, optimistic_rem(widened)=2.000000 → cannot exceed 0.
[ 61.192s] PRUNE: margin=-3.000000, optimistic_rem(widened)=2.000000 → cannot exceed 0.
[ 61.391s] PRUNE: margin=-3.000000, optimistic_rem(widened)=1.156250 → cannot exceed 0.
[ 61.590s] PRUNE: margin=-3.000000, optimistic_rem(widened)=1.156250 → cannot exceed 0.
[ 61.789s] PRUNE: margin=-3.000000, optimistic_rem(widened)=1.156250 → cannot exceed 0.
[ 62.287s] PRUNE: margin=-3.000000, optimistic_rem(widened)=1.640625 → cannot exceed 0.
[ 62.486s] PRUNE: margin=-3.125000, optimistic_rem(widened)=1.656250 → cannot exceed 0.
[ 62.685s] PRUNE: margin=-3.125000, optimistic_rem(widened)=1.656250 → cannot exceed 0.
[ 62.884s] PRUNE: margin=-3.125000, optimistic_rem(widened)=2.500000 → cannot exceed 0.
[ 63.083s] PRUNE: margin=-3.125000, optimistic_rem(widened)=0.000000 → cannot exceed 0.
[ 63.283s] PRUNE: margin=-3.125000, optimistic_rem(widened)=0.000000 → cannot exceed 0.
[ 63.482s] PRUNE: margin=-3.125000, optimistic_rem(widened)=0.000000 → cannot exceed 0.
[ 63.680s] PRUNE: margin=-3.125000, optimistic_rem(widened)=0.000000 → cannot exceed 0.
[ 63.880s] PRUNE: margin=-3.250000, optimistic_rem(widened)=0.000000 → cannot exceed 0.
[ 64.278s] PRUNE: margin=-2.250000, optimistic_rem(widened)=0.578125 → cannot exceed 0.
[ 64.477s] PRUNE: margin=-3.125000, optimistic_rem(widened)=2.500000 → cannot exceed 0.
[ 64.676s] PRUNE: margin=-3.125000, optimistic_rem(widened)=2.500000 → cannot exceed 0.
[ 64.875s] PRUNE: margin=-3.125000, optimistic_rem(widened)=0.000000 → cannot exceed 0.
[ 65.075s] PRUNE: margin=-3.125000, optimistic_rem(widened)=0.000000 → cannot exceed 0.
[ 65.274s] PRUNE: margin=-3.125000, optimistic_rem(widened)=0.000000 → cannot exceed 0.
[ 65.473s] PRUNE: margin=-3.125000, optimistic_rem(widened)=0.000000 → cannot exceed 0.
[ 65.672s] PRUNE: margin=-3.250000, optimistic_rem(widened)=0.000000 → cannot exceed 0.
[ 66.070s] PRUNE: margin=-2.250000, optimistic_rem(widened)=0.578125 → cannot exceed 0.
[ 66.269s] PRUNE: margin=-3.125000, optimistic_rem(widened)=2.500000 → cannot exceed 0.
[ 66.470s] PRUNE: margin=-3.125000, optimistic_rem(widened)=0.000000 → cannot exceed 0.
[ 66.669s] PRUNE: margin=-3.125000, optimistic_rem(widened)=0.000000 → cannot exceed 0.
[ 66.868s] PRUNE: margin=-3.125000, optimistic_rem(widened)=0.000000 → cannot exceed 0.
[ 67.068s] PRUNE: margin=-3.125000, optimistic_rem(widened)=0.000000 → cannot exceed 0.
[ 67.267s] PRUNE: margin=-3.125000, optimistic_rem(widened)=0.000000 → cannot exceed 0.
[ 67.682s] PRUNE: margin=-3.000000, optimistic_rem(widened)=0.000000 → cannot exceed 0.
[ 67.881s] PRUNE: margin=-2.250000, optimistic_rem(widened)=2.000000 → cannot exceed 0.
[ 68.080s] PRUNE: margin=-3.125000, optimistic_rem(widened)=0.000000 → cannot exceed 0.
[ 68.280s] PRUNE: margin=-3.125000, optimistic_rem(widened)=0.000000 → cannot exceed 0.
[ 68.479s] PRUNE: margin=-3.125000, optimistic_rem(widened)=0.000000 → cannot exceed 0.
[ 68.678s] PRUNE: margin=-3.125000, optimistic_rem(widened)=0.000000 → cannot exceed 0.
[ 69.076s] PRUNE: margin=-3.000000, optimistic_rem(widened)=0.000000 → cannot exceed 0.
[ 69.275s] PRUNE: margin=-3.000000, optimistic_rem(widened)=0.000000 → cannot exceed 0.
[ 69.474s] PRUNE: margin=-2.250000, optimistic_rem(widened)=0.000000 → cannot exceed 0.
[ 69.674s] PRUNE: margin=-2.250000, optimistic_rem(widened)=0.000000 → cannot exceed 0.
[ 69.873s] PRUNE: margin=-2.250000, optimistic_rem(widened)=0.000000 → cannot exceed 0.
[ 70.172s] PRUNE: margin=-3.125000, optimistic_rem(widened)=2.000000 → cannot exceed 0.
[ 70.371s] PRUNE: margin=-3.125000, optimistic_rem(widened)=2.000000 → cannot exceed 0.
[ 70.570s] PRUNE: margin=-3.125000, optimistic_rem(widened)=1.656250 → cannot exceed 0.
[ 70.769s] PRUNE: margin=-3.250000, optimistic_rem(widened)=1.656250 → cannot exceed 0.
[ 70.968s] PRUNE: margin=-3.250000, optimistic_rem(widened)=2.000000 → cannot exceed 0.
[ 71.466s] PRUNE: margin=-2.250000, optimistic_rem(widened)=0.578125 → cannot exceed 0.
[ 71.665s] PRUNE: margin=-3.125000, optimistic_rem(widened)=2.500000 → cannot exceed 0.
[ 71.864s] PRUNE: margin=-3.125000, optimistic_rem(widened)=2.500000 → cannot exceed 0.
[ 72.064s] PRUNE: margin=-3.125000, optimistic_rem(widened)=0.000000 → cannot exceed 0.
[ 72.264s] PRUNE: margin=-3.125000, optimistic_rem(widened)=0.000000 → cannot exceed 0.
[ 72.463s] PRUNE: margin=-3.125000, optimistic_rem(widened)=0.000000 → cannot exceed 0.
[ 72.662s] PRUNE: margin=-3.125000, optimistic_rem(widened)=0.000000 → cannot exceed 0.
[ 72.861s] PRUNE: margin=-3.250000, optimistic_rem(widened)=0.000000 → cannot exceed 0.
[ 73.259s] PRUNE: margin=-2.250000, optimistic_rem(widened)=0.578125 → cannot exceed 0.
[ 73.458s] PRUNE: margin=-3.125000, optimistic_rem(widened)=2.500000 → cannot exceed 0.
[ 73.657s] PRUNE: margin=-3.125000, optimistic_rem(widened)=0.000000 → cannot exceed 0.
[ 73.856s] PRUNE: margin=-3.125000, optimistic_rem(widened)=0.000000 → cannot exceed 0.
[ 74.055s] PRUNE: margin=-3.125000, optimistic_rem(widened)=0.000000 → cannot exceed 0.
[ 74.254s] PRUNE: margin=-3.125000, optimistic_rem(widened)=0.000000 → cannot exceed 0.
[ 74.453s] PRUNE: margin=-3.125000, optimistic_rem(widened)=0.000000 → cannot exceed 0.
[ 74.851s] PRUNE: margin=-3.000000, optimistic_rem(widened)=0.000000 → cannot exceed 0.
[ 75.050s] PRUNE: margin=-2.250000, optimistic_rem(widened)=2.000000 → cannot exceed 0.
[ 75.249s] PRUNE: margin=-3.125000, optimistic_rem(widened)=0.000000 → cannot exceed 0.
[ 75.448s] PRUNE: margin=-3.125000, optimistic_rem(widened)=0.000000 → cannot exceed 0.
[ 75.647s] PRUNE: margin=-3.125000, optimistic_rem(widened)=0.000000 → cannot exceed 0.
[ 75.846s] PRUNE: margin=-3.125000, optimistic_rem(widened)=0.000000 → cannot exceed 0.
[ 76.244s] PRUNE: margin=-3.000000, optimistic_rem(widened)=0.000000 → cannot exceed 0.
[ 76.443s] PRUNE: margin=-3.000000, optimistic_rem(widened)=0.000000 → cannot exceed 0.
[ 76.642s] PRUNE: margin=-2.250000, optimistic_rem(widened)=0.000000 → cannot exceed 0.
[ 76.841s] PRUNE: margin=-2.250000, optimistic_rem(widened)=0.000000 → cannot exceed 0.
[ 77.041s] PRUNE: margin=-2.250000, optimistic_rem(widened)=0.000000 → cannot exceed 0.
[ 77.339s] PRUNE: margin=-3.125000, optimistic_rem(widened)=2.000000 → cannot exceed 0.
[ 77.539s] PRUNE: margin=-3.125000, optimistic_rem(widened)=2.000000 → cannot exceed 0.
[ 77.738s] PRUNE: margin=-3.125000, optimistic_rem(widened)=1.656250 → cannot exceed 0.
[ 77.937s] PRUNE: margin=-3.250000, optimistic_rem(widened)=1.656250 → cannot exceed 0.
[ 78.120s] PRUNE: margin=-3.250000, optimistic_rem(widened)=2.000000 → cannot exceed 0.
[ 78.506s] PRUNE: margin=-3.000000, optimistic_rem(widened)=2.703125 → cannot exceed 0.
[ 78.805s] PRUNE: margin=-3.125000, optimistic_rem(widened)=2.500000 → cannot exceed 0.
[ 79.004s] PRUNE: margin=-3.125000, optimistic_rem(widened)=0.000000 → cannot exceed 0.
[ 79.203s] PRUNE: margin=-3.125000, optimistic_rem(widened)=0.000000 → cannot exceed 0.
[ 79.402s] PRUNE: margin=-3.125000, optimistic_rem(widened)=0.000000 → cannot exceed 0.
[ 79.601s] PRUNE: margin=-3.125000, optimistic_rem(widened)=0.000000 → cannot exceed 0.
[ 79.801s] PRUNE: margin=-3.125000, optimistic_rem(widened)=0.000000 → cannot exceed 0.
[ 80.199s] PRUNE: margin=-3.000000, optimistic_rem(widened)=0.000000 → cannot exceed 0.
[ 80.398s] PRUNE: margin=-3.125000, optimistic_rem(widened)=0.000000 → cannot exceed 0.
[ 80.597s] PRUNE: margin=-3.125000, optimistic_rem(widened)=0.000000 → cannot exceed 0.
[ 80.797s] PRUNE: margin=-3.125000, optimistic_rem(widened)=0.000000 → cannot exceed 0.
[ 80.996s] PRUNE: margin=-3.125000, optimistic_rem(widened)=0.000000 → cannot exceed 0.
[ 81.295s] PRUNE: margin=-3.125000, optimistic_rem(widened)=1.656250 → cannot exceed 0.
[ 81.494s] PRUNE: margin=-3.125000, optimistic_rem(widened)=1.656250 → cannot exceed 0.
[ 81.693s] PRUNE: margin=-3.125000, optimistic_rem(widened)=1.656250 → cannot exceed 0.
[ 81.893s] PRUNE: margin=-3.125000, optimistic_rem(widened)=1.656250 → cannot exceed 0.
[ 82.092s] PRUNE: margin=-3.250000, optimistic_rem(widened)=2.000000 → cannot exceed 0.
[ 82.491s] PRUNE: margin=-2.250000, optimistic_rem(widened)=2.078125 → cannot exceed 0.
[ 82.789s] PRUNE: margin=-3.000000, optimistic_rem(widened)=0.000000 → cannot exceed 0.
[ 82.989s] PRUNE: margin=-3.125000, optimistic_rem(widened)=0.000000 → cannot exceed 0.
[ 83.188s] PRUNE: margin=-3.125000, optimistic_rem(widened)=0.000000 → cannot exceed 0.
[ 83.387s] PRUNE: margin=-3.125000, optimistic_rem(widened)=0.000000 → cannot exceed 0.
[ 83.586s] PRUNE: margin=-3.125000, optimistic_rem(widened)=0.000000 → cannot exceed 0.
[ 83.885s] PRUNE: margin=-3.125000, optimistic_rem(widened)=1.656250 → cannot exceed 0.
[ 84.085s] PRUNE: margin=-3.125000, optimistic_rem(widened)=1.656250 → cannot exceed 0.
[ 84.284s] PRUNE: margin=-3.125000, optimistic_rem(widened)=1.656250 → cannot exceed 0.
[ 84.483s] PRUNE: margin=-3.125000, optimistic_rem(widened)=1.656250 → cannot exceed 0.
[ 84.682s] PRUNE: margin=-3.250000, optimistic_rem(widened)=2.000000 → cannot exceed 0.
[ 85.080s] PRUNE: margin=-3.000000, optimistic_rem(widened)=1.125000 → cannot exceed 0.
[ 85.379s] PRUNE: margin=-2.250000, optimistic_rem(widened)=0.000000 → cannot exceed 0.
[ 85.579s] PRUNE: margin=-2.250000, optimistic_rem(widened)=0.000000 → cannot exceed 0.
[ 85.778s] PRUNE: margin=-2.250000, optimistic_rem(widened)=0.000000 → cannot exceed 0.
[ 85.977s] PRUNE: margin=-2.250000, optimistic_rem(widened)=0.000000 → cannot exceed 0.
[ 86.277s] PRUNE: margin=-3.125000, optimistic_rem(widened)=2.000000 → cannot exceed 0.
[ 86.476s] PRUNE: margin=-3.125000, optimistic_rem(widened)=2.000000 → cannot exceed 0.
[ 86.675s] PRUNE: margin=-3.125000, optimistic_rem(widened)=2.000000 → cannot exceed 0.
[ 86.874s] PRUNE: margin=-3.125000, optimistic_rem(widened)=2.000000 → cannot exceed 0.
[ 87.273s] PRUNE: margin=-3.000000, optimistic_rem(widened)=1.125000 → cannot exceed 0.
[ 87.472s] PRUNE: margin=-3.000000, optimistic_rem(widened)=1.125000 → cannot exceed 0.
[ 87.672s] PRUNE: margin=-3.000000, optimistic_rem(widened)=1.125000 → cannot exceed 0.
[ 87.871s] PRUNE: margin=-2.250000, optimistic_rem(widened)=1.500000 → cannot exceed 0.
[ 88.070s] PRUNE: margin=-2.250000, optimistic_rem(widened)=1.500000 → cannot exceed 0.
[ 88.469s] PRUNE: margin=-3.250000, optimistic_rem(widened)=2.000000 → cannot exceed 0.
[ 88.668s] PRUNE: margin=-3.250000, optimistic_rem(widened)=1.656250 → cannot exceed 0.
[ 88.867s] PRUNE: margin=-3.250000, optimistic_rem(widened)=1.656250 → cannot exceed 0.
[ 89.066s] PRUNE: margin=-3.250000, optimistic_rem(widened)=2.000000 → cannot exceed 0.
[ 89.465s] PRUNE: margin=-3.250000, optimistic_rem(widened)=1.656250 → cannot exceed 0.
[ 89.664s] PRUNE: margin=-3.250000, optimistic_rem(widened)=1.656250 → cannot exceed 0.
[ 89.863s] PRUNE: margin=-3.250000, optimistic_rem(widened)=2.000000 → cannot exceed 0.
[ 90.262s] PRUNE: margin=-3.250000, optimistic_rem(widened)=1.656250 → cannot exceed 0.
[ 90.462s] PRUNE: margin=-3.250000, optimistic_rem(widened)=2.000000 → cannot exceed 0.
[ 90.860s] PRUNE: margin=-3.250000, optimistic_rem(widened)=2.000000 → cannot exceed 0.
[ 91.657s] PRUNE: margin=-2.250000, optimistic_rem(widened)=1.500000 → cannot exceed 0.
[ 91.856s] PRUNE: margin=-2.250000, optimistic_rem(widened)=1.500000 → cannot exceed 0.
[ 92.055s] PRUNE: margin=-2.250000, optimistic_rem(widened)=1.500000 → cannot exceed 0.
[ 92.254s] PRUNE: margin=-2.250000, optimistic_rem(widened)=2.078125 → cannot exceed 0.
[ 92.454s] PRUNE: margin=-2.250000, optimistic_rem(widened)=2.078125 → cannot exceed 0.
[ 92.752s] PRUNE: margin=-2.250000, optimistic_rem(widened)=2.000000 → cannot exceed 0.
[ 92.952s] PRUNE: margin=-2.250000, optimistic_rem(widened)=0.000000 → cannot exceed 0.
[ 93.151s] PRUNE: margin=-2.250000, optimistic_rem(widened)=0.000000 → cannot exceed 0.
[ 93.350s] PRUNE: margin=-2.250000, optimistic_rem(widened)=0.000000 → cannot exceed 0.
[ 93.749s] PRUNE: margin=-2.250000, optimistic_rem(widened)=0.000000 → cannot exceed 0.
[ 93.948s] PRUNE: margin=-2.250000, optimistic_rem(widened)=0.000000 → cannot exceed 0.
[ 94.147s] PRUNE: margin=-2.250000, optimistic_rem(widened)=0.000000 → cannot exceed 0.
[ 94.446s] PRUNE: margin=-2.250000, optimistic_rem(widened)=1.500000 → cannot exceed 0.
[ 94.645s] PRUNE: margin=-2.250000, optimistic_rem(widened)=1.500000 → cannot exceed 0.
[ 94.845s] PRUNE: margin=-2.250000, optimistic_rem(widened)=1.500000 → cannot exceed 0.
[ 95.252s] PRUNE: margin=-3.000000, optimistic_rem(widened)=1.156250 → cannot exceed 0.
[ 95.451s] PRUNE: margin=-3.000000, optimistic_rem(widened)=1.156250 → cannot exceed 0.
[ 95.651s] PRUNE: margin=-3.000000, optimistic_rem(widened)=2.000000 → cannot exceed 0.
[ 95.850s] PRUNE: margin=-3.000000, optimistic_rem(widened)=2.000000 → cannot exceed 0.
[ 96.049s] PRUNE: margin=-3.000000, optimistic_rem(widened)=2.000000 → cannot exceed 0.
[ 96.249s] PRUNE: margin=-3.000000, optimistic_rem(widened)=2.000000 → cannot exceed 0.
[ 96.448s] PRUNE: margin=-3.000000, optimistic_rem(widened)=2.000000 → cannot exceed 0.
[ 96.647s] PRUNE: margin=-3.000000, optimistic_rem(widened)=1.156250 → cannot exceed 0.
[ 96.846s] PRUNE: margin=-3.000000, optimistic_rem(widened)=1.156250 → cannot exceed 0.
[ 97.344s] PRUNE: margin=-3.125000, optimistic_rem(widened)=2.500000 → cannot exceed 0.
[ 97.543s] PRUNE: margin=-3.125000, optimistic_rem(widened)=2.500000 → cannot exceed 0.
[ 97.743s] PRUNE: margin=-3.125000, optimistic_rem(widened)=0.000000 → cannot exceed 0.
[ 97.942s] PRUNE: margin=-3.125000, optimistic_rem(widened)=0.000000 → cannot exceed 0.
[ 98.141s] PRUNE: margin=-3.125000, optimistic_rem(widened)=0.000000 → cannot exceed 0.
[ 98.340s] PRUNE: margin=-3.125000, optimistic_rem(widened)=0.000000 → cannot exceed 0.
[ 98.539s] PRUNE: margin=-3.125000, optimistic_rem(widened)=0.000000 → cannot exceed 0.
[ 98.937s] PRUNE: margin=-3.125000, optimistic_rem(widened)=2.500000 → cannot exceed 0.
[ 99.136s] PRUNE: margin=-3.125000, optimistic_rem(widened)=0.000000 → cannot exceed 0.
[ 99.335s] PRUNE: margin=-3.125000, optimistic_rem(widened)=0.000000 → cannot exceed 0.
[ 99.534s] PRUNE: margin=-3.125000, optimistic_rem(widened)=0.000000 → cannot exceed 0.
[ 99.733s] PRUNE: margin=-3.125000, optimistic_rem(widened)=0.000000 → cannot exceed 0.
[ 99.932s] PRUNE: margin=-3.125000, optimistic_rem(widened)=0.000000 → cannot exceed 0.
[100.330s] PRUNE: margin=-3.125000, optimistic_rem(widened)=0.000000 → cannot exceed 0.
[100.529s] PRUNE: margin=-3.125000, optimistic_rem(widened)=0.000000 → cannot exceed 0.
[100.728s] PRUNE: margin=-3.125000, optimistic_rem(widened)=0.000000 → cannot exceed 0.
[100.927s] PRUNE: margin=-3.125000, optimistic_rem(widened)=0.000000 → cannot exceed 0.
[101.126s] PRUNE: margin=-3.125000, optimistic_rem(widened)=0.000000 → cannot exceed 0.
[101.425s] PRUNE: margin=-3.125000, optimistic_rem(widened)=1.625000 → cannot exceed 0.
[101.624s] PRUNE: margin=-3.125000, optimistic_rem(widened)=1.625000 → cannot exceed 0.
[101.823s] PRUNE: margin=-3.125000, optimistic_rem(widened)=1.625000 → cannot exceed 0.
[102.022s] PRUNE: margin=-3.125000, optimistic_rem(widened)=2.000000 → cannot exceed 0.
[102.221s] PRUNE: margin=-3.125000, optimistic_rem(widened)=2.000000 → cannot exceed 0.
[102.719s] PRUNE: margin=-3.125000, optimistic_rem(widened)=2.500000 → cannot exceed 0.
[102.918s] PRUNE: margin=-3.125000, optimistic_rem(widened)=0.000000 → cannot exceed 0.
[103.117s] PRUNE: margin=-3.125000, optimistic_rem(widened)=0.000000 → cannot exceed 0.
[103.316s] PRUNE: margin=-3.125000, optimistic_rem(widened)=0.000000 → cannot exceed 0.
[103.515s] PRUNE: margin=-3.125000, optimistic_rem(widened)=0.000000 → cannot exceed 0.
[103.714s] PRUNE: margin=-3.125000, optimistic_rem(widened)=0.000000 → cannot exceed 0.
[104.112s] PRUNE: margin=-3.125000, optimistic_rem(widened)=0.000000 → cannot exceed 0.
[104.311s] PRUNE: margin=-3.125000, optimistic_rem(widened)=0.000000 → cannot exceed 0.
[104.511s] PRUNE: margin=-3.125000, optimistic_rem(widened)=0.000000 → cannot exceed 0.
[104.710s] PRUNE: margin=-3.125000, optimistic_rem(widened)=0.000000 → cannot exceed 0.
[104.909s] PRUNE: margin=-3.125000, optimistic_rem(widened)=0.000000 → cannot exceed 0.
[105.207s] PRUNE: margin=-3.125000, optimistic_rem(widened)=1.625000 → cannot exceed 0.
[105.406s] PRUNE: margin=-3.125000, optimistic_rem(widened)=1.625000 → cannot exceed 0.
[105.606s] PRUNE: margin=-3.125000, optimistic_rem(widened)=1.625000 → cannot exceed 0.
[105.805s] PRUNE: margin=-3.125000, optimistic_rem(widened)=2.000000 → cannot exceed 0.
[106.004s] PRUNE: margin=-3.125000, optimistic_rem(widened)=2.000000 → cannot exceed 0.
[106.501s] PRUNE: margin=-3.125000, optimistic_rem(widened)=0.000000 → cannot exceed 0.
[106.700s] PRUNE: margin=-3.125000, optimistic_rem(widened)=0.000000 → cannot exceed 0.
[106.899s] PRUNE: margin=-3.125000, optimistic_rem(widened)=0.000000 → cannot exceed 0.
[107.098s] PRUNE: margin=-3.125000, optimistic_rem(widened)=0.000000 → cannot exceed 0.
[107.297s] PRUNE: margin=-3.125000, optimistic_rem(widened)=0.000000 → cannot exceed 0.
[107.596s] PRUNE: margin=-3.125000, optimistic_rem(widened)=1.625000 → cannot exceed 0.
[107.795s] PRUNE: margin=-3.125000, optimistic_rem(widened)=1.625000 → cannot exceed 0.
[107.994s] PRUNE: margin=-3.125000, optimistic_rem(widened)=2.000000 → cannot exceed 0.
[108.193s] PRUNE: margin=-3.125000, optimistic_rem(widened)=2.000000 → cannot exceed 0.
[108.393s] PRUNE: margin=-3.125000, optimistic_rem(widened)=2.000000 → cannot exceed 0.
[108.791s] PRUNE: margin=-3.125000, optimistic_rem(widened)=2.000000 → cannot exceed 0.
[108.990s] PRUNE: margin=-3.125000, optimistic_rem(widened)=2.000000 → cannot exceed 0.
[109.189s] PRUNE: margin=-3.125000, optimistic_rem(widened)=2.000000 → cannot exceed 0.
[109.388s] PRUNE: margin=-3.125000, optimistic_rem(widened)=2.000000 → cannot exceed 0.
[109.587s] PRUNE: margin=-3.125000, optimistic_rem(widened)=2.000000 → cannot exceed 0.
[109.985s] PRUNE: margin=-3.125000, optimistic_rem(widened)=1.625000 → cannot exceed 0.
[110.184s] PRUNE: margin=-3.125000, optimistic_rem(widened)=2.000000 → cannot exceed 0.
[110.384s] PRUNE: margin=-3.125000, optimistic_rem(widened)=2.000000 → cannot exceed 0.
[110.583s] PRUNE: margin=-3.125000, optimistic_rem(widened)=2.000000 → cannot exceed 0.
[110.981s] PRUNE: margin=-3.125000, optimistic_rem(widened)=2.000000 → cannot exceed 0.
[111.180s] PRUNE: margin=-3.125000, optimistic_rem(widened)=2.000000 → cannot exceed 0.
[111.379s] PRUNE: margin=-3.125000, optimistic_rem(widened)=2.000000 → cannot exceed 0.
[111.777s] PRUNE: margin=-3.125000, optimistic_rem(widened)=1.625000 → cannot exceed 0.
[111.976s] PRUNE: margin=-3.125000, optimistic_rem(widened)=2.000000 → cannot exceed 0.
[112.374s] PRUNE: margin=-3.000000, optimistic_rem(widened)=1.156250 → cannot exceed 0.
[113.071s] PRUNE: margin=-3.000000, optimistic_rem(widened)=2.218750 → cannot exceed 0.
[113.270s] PRUNE: margin=-3.000000, optimistic_rem(widened)=2.250000 → cannot exceed 0.
[113.569s] PRUNE: margin=-2.375000, optimistic_rem(widened)=1.500000 → cannot exceed 0.
[113.768s] PRUNE: margin=-2.375000, optimistic_rem(widened)=1.500000 → cannot exceed 0.
[113.967s] PRUNE: margin=-2.375000, optimistic_rem(widened)=1.500000 → cannot exceed 0.
[114.166s] PRUNE: margin=-2.375000, optimistic_rem(widened)=1.500000 → cannot exceed 0.
[114.365s] PRUNE: margin=-2.375000, optimistic_rem(widened)=1.500000 → cannot exceed 0.
[114.564s] PRUNE: margin=-2.375000, optimistic_rem(widened)=1.500000 → cannot exceed 0.
[114.763s] PRUNE: margin=-2.375000, optimistic_rem(widened)=1.500000 → cannot exceed 0.
[115.261s] PRUNE: margin=-3.125000, optimistic_rem(widened)=2.500000 → cannot exceed 0.
[115.460s] PRUNE: margin=-3.125000, optimistic_rem(widened)=2.500000 → cannot exceed 0.
[115.660s] PRUNE: margin=-3.125000, optimistic_rem(widened)=0.000000 → cannot exceed 0.
[115.859s] PRUNE: margin=-3.125000, optimistic_rem(widened)=0.000000 → cannot exceed 0.
[116.058s] PRUNE: margin=-3.125000, optimistic_rem(widened)=0.000000 → cannot exceed 0.
[116.456s] PRUNE: margin=-3.125000, optimistic_rem(widened)=2.500000 → cannot exceed 0.
[116.655s] PRUNE: margin=-3.125000, optimistic_rem(widened)=0.000000 → cannot exceed 0.
[116.855s] PRUNE: margin=-3.125000, optimistic_rem(widened)=0.000000 → cannot exceed 0.
[117.054s] PRUNE: margin=-3.125000, optimistic_rem(widened)=0.000000 → cannot exceed 0.
[117.452s] PRUNE: margin=-3.000000, optimistic_rem(widened)=0.000000 → cannot exceed 0.
[117.651s] PRUNE: margin=-3.125000, optimistic_rem(widened)=0.000000 → cannot exceed 0.
[117.850s] PRUNE: margin=-3.125000, optimistic_rem(widened)=0.000000 → cannot exceed 0.
[118.149s] PRUNE: margin=-3.125000, optimistic_rem(widened)=2.000000 → cannot exceed 0.
[118.348s] PRUNE: margin=-3.125000, optimistic_rem(widened)=2.000000 → cannot exceed 0.
[118.547s] PRUNE: margin=-3.125000, optimistic_rem(widened)=2.000000 → cannot exceed 0.
[119.045s] PRUNE: margin=-3.125000, optimistic_rem(widened)=2.500000 → cannot exceed 0.
[119.244s] PRUNE: margin=-3.125000, optimistic_rem(widened)=0.000000 → cannot exceed 0.
[119.443s] PRUNE: margin=-3.125000, optimistic_rem(widened)=0.000000 → cannot exceed 0.
[119.643s] PRUNE: margin=-3.125000, optimistic_rem(widened)=0.000000 → cannot exceed 0.
[120.041s] PRUNE: margin=-3.000000, optimistic_rem(widened)=0.000000 → cannot exceed 0.
[120.240s] PRUNE: margin=-3.125000, optimistic_rem(widened)=0.000000 → cannot exceed 0.
[120.439s] PRUNE: margin=-3.125000, optimistic_rem(widened)=0.000000 → cannot exceed 0.
[120.738s] PRUNE: margin=-3.125000, optimistic_rem(widened)=2.000000 → cannot exceed 0.
[120.937s] PRUNE: margin=-3.125000, optimistic_rem(widened)=2.000000 → cannot exceed 0.
[121.136s] PRUNE: margin=-3.125000, optimistic_rem(widened)=2.000000 → cannot exceed 0.
[121.634s] PRUNE: margin=-3.000000, optimistic_rem(widened)=0.000000 → cannot exceed 0.
[121.833s] PRUNE: margin=-3.125000, optimistic_rem(widened)=0.000000 → cannot exceed 0.
[122.032s] PRUNE: margin=-3.125000, optimistic_rem(widened)=0.000000 → cannot exceed 0.
[122.331s] PRUNE: margin=-3.125000, optimistic_rem(widened)=2.000000 → cannot exceed 0.
[122.530s] PRUNE: margin=-3.125000, optimistic_rem(widened)=2.000000 → cannot exceed 0.
[122.729s] PRUNE: margin=-3.125000, optimistic_rem(widened)=2.000000 → cannot exceed 0.
[123.127s] PRUNE: margin=-3.125000, optimistic_rem(widened)=2.000000 → cannot exceed 0.
[123.326s] PRUNE: margin=-3.125000, optimistic_rem(widened)=2.000000 → cannot exceed 0.
[123.525s] PRUNE: margin=-3.125000, optimistic_rem(widened)=2.000000 → cannot exceed 0.
[123.924s] PRUNE: margin=-3.125000, optimistic_rem(widened)=2.000000 → cannot exceed 0.
[124.123s] PRUNE: margin=-3.125000, optimistic_rem(widened)=2.000000 → cannot exceed 0.
[124.521s] PRUNE: margin=-3.125000, optimistic_rem(widened)=2.000000 → cannot exceed 0.
[125.317s] PRUNE: margin=-3.250000, optimistic_rem(widened)=3.218750 → cannot exceed 0.
[125.516s] PRUNE: margin=-3.250000, optimistic_rem(widened)=3.218750 → cannot exceed 0.
[125.715s] PRUNE: margin=-3.250000, optimistic_rem(widened)=1.656250 → cannot exceed 0.
[125.914s] PRUNE: margin=-3.250000, optimistic_rem(widened)=1.656250 → cannot exceed 0.
[126.113s] PRUNE: margin=-3.250000, optimistic_rem(widened)=1.656250 → cannot exceed 0.
[126.312s] PRUNE: margin=-3.250000, optimistic_rem(widened)=2.000000 → cannot exceed 0.
[126.512s] PRUNE: margin=-3.250000, optimistic_rem(widened)=1.656250 → cannot exceed 0.
[126.711s] PRUNE: margin=-3.250000, optimistic_rem(widened)=2.000000 → cannot exceed 0.
[127.109s] PRUNE: margin=-3.000000, optimistic_rem(widened)=2.000000 → cannot exceed 0.
[127.308s] PRUNE: margin=-3.250000, optimistic_rem(widened)=3.218750 → cannot exceed 0.
[127.507s] PRUNE: margin=-3.250000, optimistic_rem(widened)=1.656250 → cannot exceed 0.
[127.706s] PRUNE: margin=-3.250000, optimistic_rem(widened)=1.656250 → cannot exceed 0.
[127.905s] PRUNE: margin=-3.250000, optimistic_rem(widened)=1.656250 → cannot exceed 0.
[128.104s] PRUNE: margin=-3.250000, optimistic_rem(widened)=2.000000 → cannot exceed 0.
[128.303s] PRUNE: margin=-3.250000, optimistic_rem(widened)=1.656250 → cannot exceed 0.
[128.701s] PRUNE: margin=-3.000000, optimistic_rem(widened)=2.000000 → cannot exceed 0.
[128.900s] PRUNE: margin=-3.250000, optimistic_rem(widened)=1.656250 → cannot exceed 0.
[129.099s] PRUNE: margin=-3.250000, optimistic_rem(widened)=1.656250 → cannot exceed 0.
[129.298s] PRUNE: margin=-3.250000, optimistic_rem(widened)=2.000000 → cannot exceed 0.
[129.497s] PRUNE: margin=-3.250000, optimistic_rem(widened)=2.000000 → cannot exceed 0.
[129.696s] PRUNE: margin=-3.250000, optimistic_rem(widened)=1.656250 → cannot exceed 0.
[129.995s] PRUNE: margin=-3.250000, optimistic_rem(widened)=3.218750 → cannot exceed 0.
[130.194s] PRUNE: margin=-3.250000, optimistic_rem(widened)=3.218750 → cannot exceed 0.
[130.393s] PRUNE: margin=-3.250000, optimistic_rem(widened)=3.218750 → cannot exceed 0.
[130.691s] PRUNE: margin=-3.000000, optimistic_rem(widened)=1.156250 → cannot exceed 0.
[130.890s] PRUNE: margin=-3.250000, optimistic_rem(widened)=2.000000 → cannot exceed 0.
[131.288s] PRUNE: margin=-3.000000, optimistic_rem(widened)=1.031250 → cannot exceed 0.
[132.085s] PRUNE: margin=-3.000000, optimistic_rem(widened)=2.000000 → cannot exceed 0.
[132.284s] PRUNE: margin=-3.250000, optimistic_rem(widened)=3.218750 → cannot exceed 0.
[132.483s] PRUNE: margin=-3.250000, optimistic_rem(widened)=1.656250 → cannot exceed 0.
[132.682s] PRUNE: margin=-3.250000, optimistic_rem(widened)=1.656250 → cannot exceed 0.
[132.881s] PRUNE: margin=-3.250000, optimistic_rem(widened)=1.656250 → cannot exceed 0.
[133.080s] PRUNE: margin=-3.250000, optimistic_rem(widened)=2.000000 → cannot exceed 0.
[133.279s] PRUNE: margin=-3.250000, optimistic_rem(widened)=1.656250 → cannot exceed 0.
[133.677s] PRUNE: margin=-3.000000, optimistic_rem(widened)=2.000000 → cannot exceed 0.
[133.876s] PRUNE: margin=-3.250000, optimistic_rem(widened)=1.656250 → cannot exceed 0.
[134.075s] PRUNE: margin=-3.250000, optimistic_rem(widened)=1.656250 → cannot exceed 0.
[134.275s] PRUNE: margin=-3.250000, optimistic_rem(widened)=2.000000 → cannot exceed 0.
[134.474s] PRUNE: margin=-3.250000, optimistic_rem(widened)=2.000000 → cannot exceed 0.
[134.673s] PRUNE: margin=-3.250000, optimistic_rem(widened)=1.656250 → cannot exceed 0.
[134.971s] PRUNE: margin=-3.250000, optimistic_rem(widened)=3.218750 → cannot exceed 0.
[135.170s] PRUNE: margin=-3.250000, optimistic_rem(widened)=3.218750 → cannot exceed 0.
[135.369s] PRUNE: margin=-3.250000, optimistic_rem(widened)=3.218750 → cannot exceed 0.
[135.668s] PRUNE: margin=-3.000000, optimistic_rem(widened)=1.156250 → cannot exceed 0.
[135.867s] PRUNE: margin=-3.250000, optimistic_rem(widened)=2.000000 → cannot exceed 0.
[136.265s] PRUNE: margin=-3.000000, optimistic_rem(widened)=1.031250 → cannot exceed 0.
[137.061s] PRUNE: margin=-3.000000, optimistic_rem(widened)=2.000000 → cannot exceed 0.
[137.260s] PRUNE: margin=-3.250000, optimistic_rem(widened)=1.656250 → cannot exceed 0.
[137.459s] PRUNE: margin=-3.250000, optimistic_rem(widened)=1.656250 → cannot exceed 0.
[137.658s] PRUNE: margin=-3.250000, optimistic_rem(widened)=2.000000 → cannot exceed 0.
[137.857s] PRUNE: margin=-3.250000, optimistic_rem(widened)=1.656250 → cannot exceed 0.
[138.056s] PRUNE: margin=-3.250000, optimistic_rem(widened)=1.656250 → cannot exceed 0.
[138.355s] PRUNE: margin=-3.250000, optimistic_rem(widened)=3.218750 → cannot exceed 0.
[138.554s] PRUNE: margin=-3.250000, optimistic_rem(widened)=3.218750 → cannot exceed 0.
[138.753s] PRUNE: margin=-3.250000, optimistic_rem(widened)=3.218750 → cannot exceed 0.
[139.051s] PRUNE: margin=-3.000000, optimistic_rem(widened)=1.156250 → cannot exceed 0.
[139.250s] PRUNE: margin=-3.250000, optimistic_rem(widened)=2.000000 → cannot exceed 0.
[139.648s] PRUNE: margin=-3.000000, optimistic_rem(widened)=1.031250 → cannot exceed 0.
[140.444s] PRUNE: margin=-3.000000, optimistic_rem(widened)=2.000000 → cannot exceed 0.
[140.643s] PRUNE: margin=-3.000000, optimistic_rem(widened)=2.000000 → cannot exceed 0.
[140.842s] PRUNE: margin=-3.000000, optimistic_rem(widened)=2.000000 → cannot exceed 0.
[141.041s] PRUNE: margin=-3.000000, optimistic_rem(widened)=1.156250 → cannot exceed 0.
[141.240s] PRUNE: margin=-3.000000, optimistic_rem(widened)=1.156250 → cannot exceed 0.
[141.539s] PRUNE: margin=-3.250000, optimistic_rem(widened)=3.187500 → cannot exceed 0.
[141.738s] PRUNE: margin=-3.250000, optimistic_rem(widened)=3.187500 → cannot exceed 0.
[141.937s] PRUNE: margin=-3.250000, optimistic_rem(widened)=3.187500 → cannot exceed 0.
[142.235s] PRUNE: margin=-3.250000, optimistic_rem(widened)=2.000000 → cannot exceed 0.
[143.134s] PRUNE: margin=-3.000000, optimistic_rem(widened)=2.500000 → cannot exceed 0.
[143.333s] PRUNE: margin=-3.000000, optimistic_rem(widened)=1.000000 → cannot exceed 0.
[143.532s] PRUNE: margin=-3.000000, optimistic_rem(widened)=1.000000 → cannot exceed 0.
[143.930s] PRUNE: margin=-3.250000, optimistic_rem(widened)=2.500000 → cannot exceed 0.
[144.129s] PRUNE: margin=-3.250000, optimistic_rem(widened)=2.500000 → cannot exceed 0.
[144.527s] PRUNE: margin=-3.250000, optimistic_rem(widened)=2.500000 → cannot exceed 0.
[145.323s] PRUNE: margin=-3.000000, optimistic_rem(widened)=1.000000 → cannot exceed 0.
[145.522s] PRUNE: margin=-3.000000, optimistic_rem(widened)=1.000000 → cannot exceed 0.
[145.920s] PRUNE: margin=-3.250000, optimistic_rem(widened)=2.500000 → cannot exceed 0.
[146.617s] PRUNE: margin=-3.000000, optimistic_rem(widened)=2.031250 → cannot exceed 0.
[147.215s] PRUNE: margin=-3.000000, optimistic_rem(widened)=2.031250 → cannot exceed 0.
[148.111s] PRUNE: margin=-3.000000, optimistic_rem(widened)=1.000000 → cannot exceed 0.
[148.310s] PRUNE: margin=-3.000000, optimistic_rem(widened)=1.000000 → cannot exceed 0.
[148.708s] PRUNE: margin=-3.250000, optimistic_rem(widened)=2.500000 → cannot exceed 0.
[149.405s] PRUNE: margin=-3.000000, optimistic_rem(widened)=2.031250 → cannot exceed 0.
[150.002s] PRUNE: margin=-3.000000, optimistic_rem(widened)=2.031250 → cannot exceed 0.
[150.798s] PRUNE: margin=-3.000000, optimistic_rem(widened)=2.031250 → cannot exceed 0.
[150.998s] PRUNE: margin=-3.000000, optimistic_rem(widened)=2.031250 → cannot exceed 0.
[152.192s] PRUNE: margin=-3.000000, optimistic_rem(widened)=2.031250 → cannot exceed 0.
[153.287s] No counterexample within budgets (BaB): no misclassification found.
STATUS: No counterexample | best_upper_margin=3.187500 | elapsed=153.287s | pixels_changed=0 | total_bit_flips=0 | avg_hamming_per_pixel=0.000000 | patch_rows=10-10 | patch_cols=15-16 | note=no_counterexample_within_budgets
