[  0.000s] init: idx=3369 kmax=2 bmax=4 topx=2 widen=1.000 rank_fast=off
clean logits (hex):  0x83  0x67  0x91  0xe8  0x8e  0xb2  0x88  0x4d  0xf7  0xf8
clean logits (bits): 10000011 01100111 10010001 11101000 10001110 10110010 10001000 01001101 11110111 11111000
clean logits (double): -24.000000 +2.875000 -3.875000 -0.375000 -5.000000 -1.437500 -8.000000 +1.406250 -0.140625 -0.125000
[  0.009s] clean prediction: 1 (true label 9)
[  0.295s] heuristic ROI: 2x2 block at rows 11-12, cols 21-22
[  0.489s] selection: nSym=2 (from 4), topx=2, rank_fast=off
[  0.489s] active patch: rows 11-12, cols 21-21 (derived from symPix)
[  0.940s] Proceeding to BaB (greedy enabled).
[  0.940s] Skipping root bound check (--no-root-bound).
[  0.940s] BaB search starting (K≤2, B≤4, nSym=2, depth_limit=500000000, widen=1.00)...
[  1.328s] Counterexample found: BaB witness (K=2, B=4).
clean logits (hex):  0x83  0x67  0x91  0xe8  0x8e  0xb2  0x88  0x4d  0xf7  0xf8
clean logits (bits): 10000011 01100111 10010001 11101000 10001110 10110010 10001000 01001101 11110111 11111000
clean logits (double): -24.000000 +2.875000 -3.875000 -0.375000 -5.000000 -1.437500 -8.000000 +1.406250 -0.140625 -0.125000
post-perturb logits (hex):  0x83  0x72  0x8d  0xed  0x8b  0x99  0x85  0x73  0x5a  0x6e
post-perturb logits (bits): 10000011 01110010 10001101 11101101 10001011 10011001 10000101 01110011 01011010 01101110
post-perturb logits (double): -24.000000 +5.000000 -5.500000 -0.296875 -6.500000 -2.875000 -14.000000 +5.500000 +1.812500 +3.750000
changes: 2 bytes, 4 bit flips
  idx  pix  row col    old_hex        old_bits     old_double     new_hex        new_bits     new_double  ham
    0  329   11  21    0x00        00000000   -1.000000     0xc0        11000000   +0.505882    2
    1  357   12  21    0x00        00000000   -1.000000     0xc0        11000000   +0.505882    2
new prediction: 7 (true 1)
----- REPLAY FORWARD PASS (stage-2) -----
replay logits (hex):  0x83  0x72  0x8d  0xed  0x8b  0x99  0x85  0x73  0x5a  0x6e
replay logits (bits): 10000011 01110010 10001101 11101101 10001011 10011001 10000101 01110011 01011010 01101110
replay logits (double): -24.000000 +5.000000 -5.500000 -0.296875 -6.500000 -2.875000 -14.000000 +5.500000 +1.812500 +3.750000
[  1.329s] replay prediction: 7 (true label 1) | note=witness_found_bab
----- END REPLAY -----
STATUS: Counterexample | best_upper_margin=15.125000 | elapsed=1.329s | pixels_changed=2 | total_bit_flips=4 | avg_hamming_per_pixel=2.000000 | patch_rows=11-12 | patch_cols=21-21 | note=witness_found_bab
