[  0.000s] init: idx=9192 kmax=2 bmax=4 topx=2 widen=1.000 rank_fast=off
clean logits (hex):  0x84  0x87  0x9a  0x74  0x84  0xc5  0x84  0x8b  0x8a  0x8d
clean logits (bits): 10000100 10000111 10011010 01110100 10000100 11000101 10000100 10001011 10001010 10001101
clean logits (double): -16.000000 -10.000000 -2.750000 +6.000000 -16.000000 -0.921875 -16.000000 -6.500000 -7.000000 -5.500000
[  0.009s] clean prediction: 3 (true label 3)
[  0.309s] heuristic ROI: 2x2 block at rows 12-13, cols 22-23
[  0.511s] selection: nSym=2 (from 4), topx=2, rank_fast=off
[  0.511s] active patch: rows 12-12, cols 22-23 (derived from symPix)
[  1.044s] Proceeding to BaB (greedy enabled).
[  1.044s] Skipping root bound check (--no-root-bound).
[  1.044s] BaB search starting (K≤2, B≤4, nSym=2, depth_limit=500000000, widen=1.00)...
[  1.236s] PRUNE: margin=-6.906250, optimistic_rem(widened)=3.640625 → cannot exceed 0.
[  1.426s] PRUNE: margin=-6.906250, optimistic_rem(widened)=3.140625 → cannot exceed 0.
[  1.723s] PRUNE: margin=-5.578125, optimistic_rem(widened)=0.062500 → cannot exceed 0.
[  1.926s] PRUNE: margin=-5.656250, optimistic_rem(widened)=1.000000 → cannot exceed 0.
[  2.231s] PRUNE: margin=-6.875000, optimistic_rem(widened)=5.000000 → cannot exceed 0.
[  2.434s] PRUNE: margin=-6.843750, optimistic_rem(widened)=5.000000 → cannot exceed 0.
[  2.637s] PRUNE: margin=-6.843750, optimistic_rem(widened)=5.000000 → cannot exceed 0.
[  2.840s] PRUNE: margin=-6.843750, optimistic_rem(widened)=5.000000 → cannot exceed 0.
[  3.043s] PRUNE: margin=-6.843750, optimistic_rem(widened)=5.000000 → cannot exceed 0.
[  3.246s] PRUNE: margin=-6.843750, optimistic_rem(widened)=5.000000 → cannot exceed 0.
[  3.449s] PRUNE: margin=-6.843750, optimistic_rem(widened)=5.000000 → cannot exceed 0.
[  3.652s] PRUNE: margin=-6.843750, optimistic_rem(widened)=5.000000 → cannot exceed 0.
[  3.855s] PRUNE: margin=-6.843750, optimistic_rem(widened)=5.000000 → cannot exceed 0.
[  4.058s] PRUNE: margin=-6.843750, optimistic_rem(widened)=5.000000 → cannot exceed 0.
[  4.565s] PRUNE: margin=-6.875000, optimistic_rem(widened)=3.000000 → cannot exceed 0.
[  4.768s] PRUNE: margin=-6.875000, optimistic_rem(widened)=3.000000 → cannot exceed 0.
[  4.971s] PRUNE: margin=-6.875000, optimistic_rem(widened)=0.000000 → cannot exceed 0.
[  5.174s] PRUNE: margin=-6.875000, optimistic_rem(widened)=0.000000 → cannot exceed 0.
[  5.376s] PRUNE: margin=-6.875000, optimistic_rem(widened)=0.000000 → cannot exceed 0.
[  5.579s] PRUNE: margin=-6.875000, optimistic_rem(widened)=0.000000 → cannot exceed 0.
[  5.782s] PRUNE: margin=-6.875000, optimistic_rem(widened)=0.000000 → cannot exceed 0.
[  5.985s] PRUNE: margin=-6.875000, optimistic_rem(widened)=0.000000 → cannot exceed 0.
[  6.390s] PRUNE: margin=-6.875000, optimistic_rem(widened)=3.000000 → cannot exceed 0.
[  6.593s] PRUNE: margin=-6.875000, optimistic_rem(widened)=0.000000 → cannot exceed 0.
[  6.796s] PRUNE: margin=-6.875000, optimistic_rem(widened)=0.000000 → cannot exceed 0.
[  6.999s] PRUNE: margin=-6.875000, optimistic_rem(widened)=0.000000 → cannot exceed 0.
[  7.202s] PRUNE: margin=-6.875000, optimistic_rem(widened)=0.000000 → cannot exceed 0.
[  7.404s] PRUNE: margin=-6.875000, optimistic_rem(widened)=0.000000 → cannot exceed 0.
[  7.607s] PRUNE: margin=-6.875000, optimistic_rem(widened)=0.000000 → cannot exceed 0.
[  8.013s] PRUNE: margin=-6.875000, optimistic_rem(widened)=0.000000 → cannot exceed 0.
[  8.215s] PRUNE: margin=-6.875000, optimistic_rem(widened)=0.000000 → cannot exceed 0.
[  8.418s] PRUNE: margin=-6.875000, optimistic_rem(widened)=0.000000 → cannot exceed 0.
[  8.621s] PRUNE: margin=-6.875000, optimistic_rem(widened)=0.000000 → cannot exceed 0.
[  8.824s] PRUNE: margin=-6.875000, optimistic_rem(widened)=0.000000 → cannot exceed 0.
[  9.027s] PRUNE: margin=-6.875000, optimistic_rem(widened)=0.000000 → cannot exceed 0.
[  9.331s] PRUNE: margin=-6.875000, optimistic_rem(widened)=5.000000 → cannot exceed 0.
[  9.534s] PRUNE: margin=-6.875000, optimistic_rem(widened)=5.000000 → cannot exceed 0.
[  9.736s] PRUNE: margin=-6.875000, optimistic_rem(widened)=5.000000 → cannot exceed 0.
[  9.939s] PRUNE: margin=-6.875000, optimistic_rem(widened)=5.000000 → cannot exceed 0.
[ 10.142s] PRUNE: margin=-6.875000, optimistic_rem(widened)=5.000000 → cannot exceed 0.
[ 10.345s] PRUNE: margin=-6.875000, optimistic_rem(widened)=5.000000 → cannot exceed 0.
[ 10.852s] PRUNE: margin=-6.875000, optimistic_rem(widened)=3.000000 → cannot exceed 0.
[ 11.055s] PRUNE: margin=-6.875000, optimistic_rem(widened)=0.000000 → cannot exceed 0.
[ 11.258s] PRUNE: margin=-6.875000, optimistic_rem(widened)=0.000000 → cannot exceed 0.
[ 11.460s] PRUNE: margin=-6.875000, optimistic_rem(widened)=0.000000 → cannot exceed 0.
[ 11.663s] PRUNE: margin=-6.875000, optimistic_rem(widened)=0.000000 → cannot exceed 0.
[ 11.866s] PRUNE: margin=-6.875000, optimistic_rem(widened)=0.000000 → cannot exceed 0.
[ 12.069s] PRUNE: margin=-6.875000, optimistic_rem(widened)=0.000000 → cannot exceed 0.
[ 12.475s] PRUNE: margin=-6.875000, optimistic_rem(widened)=0.000000 → cannot exceed 0.
[ 12.677s] PRUNE: margin=-6.875000, optimistic_rem(widened)=0.000000 → cannot exceed 0.
[ 12.882s] PRUNE: margin=-6.875000, optimistic_rem(widened)=0.000000 → cannot exceed 0.
[ 13.085s] PRUNE: margin=-6.875000, optimistic_rem(widened)=0.000000 → cannot exceed 0.
[ 13.287s] PRUNE: margin=-6.875000, optimistic_rem(widened)=0.000000 → cannot exceed 0.
[ 13.490s] PRUNE: margin=-6.875000, optimistic_rem(widened)=0.000000 → cannot exceed 0.
[ 13.795s] PRUNE: margin=-6.875000, optimistic_rem(widened)=5.000000 → cannot exceed 0.
[ 13.997s] PRUNE: margin=-6.875000, optimistic_rem(widened)=5.000000 → cannot exceed 0.
[ 14.200s] PRUNE: margin=-6.875000, optimistic_rem(widened)=5.000000 → cannot exceed 0.
[ 14.403s] PRUNE: margin=-6.875000, optimistic_rem(widened)=5.000000 → cannot exceed 0.
[ 14.606s] PRUNE: margin=-6.875000, optimistic_rem(widened)=5.000000 → cannot exceed 0.
[ 14.809s] PRUNE: margin=-6.875000, optimistic_rem(widened)=5.000000 → cannot exceed 0.
[ 15.316s] PRUNE: margin=-6.875000, optimistic_rem(widened)=0.000000 → cannot exceed 0.
[ 15.519s] PRUNE: margin=-6.875000, optimistic_rem(widened)=0.000000 → cannot exceed 0.
[ 15.722s] PRUNE: margin=-6.875000, optimistic_rem(widened)=0.000000 → cannot exceed 0.
[ 15.924s] PRUNE: margin=-6.875000, optimistic_rem(widened)=0.000000 → cannot exceed 0.
[ 16.127s] PRUNE: margin=-6.875000, optimistic_rem(widened)=0.000000 → cannot exceed 0.
[ 16.330s] PRUNE: margin=-6.875000, optimistic_rem(widened)=0.000000 → cannot exceed 0.
[ 16.634s] PRUNE: margin=-6.875000, optimistic_rem(widened)=5.000000 → cannot exceed 0.
[ 16.837s] PRUNE: margin=-6.875000, optimistic_rem(widened)=5.000000 → cannot exceed 0.
[ 17.041s] PRUNE: margin=-6.875000, optimistic_rem(widened)=5.000000 → cannot exceed 0.
[ 17.244s] PRUNE: margin=-6.875000, optimistic_rem(widened)=5.000000 → cannot exceed 0.
[ 17.447s] PRUNE: margin=-6.875000, optimistic_rem(widened)=5.000000 → cannot exceed 0.
[ 17.649s] PRUNE: margin=-6.875000, optimistic_rem(widened)=5.000000 → cannot exceed 0.
[ 18.055s] PRUNE: margin=-6.875000, optimistic_rem(widened)=5.000000 → cannot exceed 0.
[ 18.258s] PRUNE: margin=-6.875000, optimistic_rem(widened)=5.000000 → cannot exceed 0.
[ 18.461s] PRUNE: margin=-6.875000, optimistic_rem(widened)=5.000000 → cannot exceed 0.
[ 18.664s] PRUNE: margin=-6.875000, optimistic_rem(widened)=5.000000 → cannot exceed 0.
[ 18.867s] PRUNE: margin=-6.875000, optimistic_rem(widened)=5.000000 → cannot exceed 0.
[ 19.070s] PRUNE: margin=-6.875000, optimistic_rem(widened)=5.000000 → cannot exceed 0.
[ 19.475s] PRUNE: margin=-6.875000, optimistic_rem(widened)=5.000000 → cannot exceed 0.
[ 19.678s] PRUNE: margin=-6.875000, optimistic_rem(widened)=5.000000 → cannot exceed 0.
[ 19.881s] PRUNE: margin=-6.875000, optimistic_rem(widened)=5.000000 → cannot exceed 0.
[ 20.084s] PRUNE: margin=-6.875000, optimistic_rem(widened)=5.000000 → cannot exceed 0.
[ 20.287s] PRUNE: margin=-6.875000, optimistic_rem(widened)=5.000000 → cannot exceed 0.
[ 20.692s] PRUNE: margin=-6.875000, optimistic_rem(widened)=5.000000 → cannot exceed 0.
[ 20.895s] PRUNE: margin=-6.875000, optimistic_rem(widened)=5.000000 → cannot exceed 0.
[ 21.098s] PRUNE: margin=-6.875000, optimistic_rem(widened)=5.000000 → cannot exceed 0.
[ 21.301s] PRUNE: margin=-6.875000, optimistic_rem(widened)=5.000000 → cannot exceed 0.
[ 21.706s] PRUNE: margin=-6.875000, optimistic_rem(widened)=5.000000 → cannot exceed 0.
[ 21.911s] PRUNE: margin=-6.875000, optimistic_rem(widened)=5.000000 → cannot exceed 0.
[ 22.133s] PRUNE: margin=-6.875000, optimistic_rem(widened)=5.000000 → cannot exceed 0.
[ 22.543s] PRUNE: margin=-6.875000, optimistic_rem(widened)=5.000000 → cannot exceed 0.
[ 22.742s] PRUNE: margin=-6.875000, optimistic_rem(widened)=5.000000 → cannot exceed 0.
[ 23.093s] PRUNE: margin=-6.875000, optimistic_rem(widened)=5.000000 → cannot exceed 0.
[ 23.603s] PRUNE: margin=-5.625000, optimistic_rem(widened)=4.000000 → cannot exceed 0.
[ 23.734s] PRUNE: margin=-5.609375, optimistic_rem(widened)=0.062500 → cannot exceed 0.
[ 24.012s] PRUNE: margin=-6.828125, optimistic_rem(widened)=3.000000 → cannot exceed 0.
[ 24.169s] PRUNE: margin=-6.828125, optimistic_rem(widened)=5.000000 → cannot exceed 0.
[ 24.371s] PRUNE: margin=-6.828125, optimistic_rem(widened)=0.000000 → cannot exceed 0.
[ 24.555s] PRUNE: margin=-6.828125, optimistic_rem(widened)=0.000000 → cannot exceed 0.
[ 24.683s] PRUNE: margin=-6.828125, optimistic_rem(widened)=0.000000 → cannot exceed 0.
[ 24.844s] PRUNE: margin=-6.828125, optimistic_rem(widened)=0.000000 → cannot exceed 0.
[ 24.992s] PRUNE: margin=-6.828125, optimistic_rem(widened)=0.000000 → cannot exceed 0.
[ 25.138s] PRUNE: margin=-6.843750, optimistic_rem(widened)=0.000000 → cannot exceed 0.
[ 25.441s] PRUNE: margin=-6.828125, optimistic_rem(widened)=5.000000 → cannot exceed 0.
[ 25.595s] PRUNE: margin=-6.828125, optimistic_rem(widened)=0.000000 → cannot exceed 0.
[ 25.765s] PRUNE: margin=-6.828125, optimistic_rem(widened)=0.000000 → cannot exceed 0.
[ 25.928s] PRUNE: margin=-6.828125, optimistic_rem(widened)=0.000000 → cannot exceed 0.
[ 26.129s] PRUNE: margin=-6.828125, optimistic_rem(widened)=0.000000 → cannot exceed 0.
[ 26.333s] PRUNE: margin=-6.828125, optimistic_rem(widened)=0.000000 → cannot exceed 0.
[ 26.527s] PRUNE: margin=-6.843750, optimistic_rem(widened)=0.000000 → cannot exceed 0.
[ 26.841s] PRUNE: margin=-6.828125, optimistic_rem(widened)=0.000000 → cannot exceed 0.
[ 26.978s] PRUNE: margin=-6.828125, optimistic_rem(widened)=0.000000 → cannot exceed 0.
[ 27.145s] PRUNE: margin=-6.828125, optimistic_rem(widened)=0.000000 → cannot exceed 0.
[ 27.348s] PRUNE: margin=-6.828125, optimistic_rem(widened)=0.000000 → cannot exceed 0.
[ 27.551s] PRUNE: margin=-6.828125, optimistic_rem(widened)=0.000000 → cannot exceed 0.
[ 27.755s] PRUNE: margin=-6.828125, optimistic_rem(widened)=0.000000 → cannot exceed 0.
[ 28.061s] PRUNE: margin=-6.828125, optimistic_rem(widened)=5.000000 → cannot exceed 0.
[ 28.264s] PRUNE: margin=-6.828125, optimistic_rem(widened)=5.000000 → cannot exceed 0.
[ 28.467s] PRUNE: margin=-6.828125, optimistic_rem(widened)=5.000000 → cannot exceed 0.
[ 28.670s] PRUNE: margin=-6.828125, optimistic_rem(widened)=5.000000 → cannot exceed 0.
[ 28.873s] PRUNE: margin=-6.828125, optimistic_rem(widened)=5.000000 → cannot exceed 0.
[ 29.077s] PRUNE: margin=-6.843750, optimistic_rem(widened)=5.000000 → cannot exceed 0.
[ 29.584s] PRUNE: margin=-6.828125, optimistic_rem(widened)=5.000000 → cannot exceed 0.
[ 29.787s] PRUNE: margin=-6.828125, optimistic_rem(widened)=0.000000 → cannot exceed 0.
[ 29.991s] PRUNE: margin=-6.828125, optimistic_rem(widened)=0.000000 → cannot exceed 0.
[ 30.194s] PRUNE: margin=-6.828125, optimistic_rem(widened)=0.000000 → cannot exceed 0.
[ 30.398s] PRUNE: margin=-6.828125, optimistic_rem(widened)=0.000000 → cannot exceed 0.
[ 30.601s] PRUNE: margin=-6.828125, optimistic_rem(widened)=0.000000 → cannot exceed 0.
[ 30.804s] PRUNE: margin=-6.843750, optimistic_rem(widened)=0.000000 → cannot exceed 0.
[ 31.210s] PRUNE: margin=-6.828125, optimistic_rem(widened)=0.000000 → cannot exceed 0.
[ 31.413s] PRUNE: margin=-6.828125, optimistic_rem(widened)=0.000000 → cannot exceed 0.
[ 31.617s] PRUNE: margin=-6.828125, optimistic_rem(widened)=0.000000 → cannot exceed 0.
[ 31.820s] PRUNE: margin=-6.828125, optimistic_rem(widened)=0.000000 → cannot exceed 0.
[ 32.023s] PRUNE: margin=-6.828125, optimistic_rem(widened)=0.000000 → cannot exceed 0.
[ 32.226s] PRUNE: margin=-6.828125, optimistic_rem(widened)=0.000000 → cannot exceed 0.
[ 32.531s] PRUNE: margin=-6.828125, optimistic_rem(widened)=5.000000 → cannot exceed 0.
[ 32.735s] PRUNE: margin=-6.828125, optimistic_rem(widened)=5.000000 → cannot exceed 0.
[ 32.939s] PRUNE: margin=-6.828125, optimistic_rem(widened)=5.000000 → cannot exceed 0.
[ 33.142s] PRUNE: margin=-6.828125, optimistic_rem(widened)=5.000000 → cannot exceed 0.
[ 33.345s] PRUNE: margin=-6.828125, optimistic_rem(widened)=5.000000 → cannot exceed 0.
[ 33.548s] PRUNE: margin=-6.843750, optimistic_rem(widened)=5.000000 → cannot exceed 0.
[ 34.056s] PRUNE: margin=-6.828125, optimistic_rem(widened)=0.000000 → cannot exceed 0.
[ 34.259s] PRUNE: margin=-6.828125, optimistic_rem(widened)=0.000000 → cannot exceed 0.
[ 34.463s] PRUNE: margin=-6.828125, optimistic_rem(widened)=0.000000 → cannot exceed 0.
[ 34.666s] PRUNE: margin=-6.828125, optimistic_rem(widened)=0.000000 → cannot exceed 0.
[ 34.869s] PRUNE: margin=-6.828125, optimistic_rem(widened)=0.000000 → cannot exceed 0.
[ 35.072s] PRUNE: margin=-6.828125, optimistic_rem(widened)=0.000000 → cannot exceed 0.
[ 35.377s] PRUNE: margin=-6.828125, optimistic_rem(widened)=5.000000 → cannot exceed 0.
[ 35.580s] PRUNE: margin=-6.828125, optimistic_rem(widened)=5.000000 → cannot exceed 0.
[ 35.783s] PRUNE: margin=-6.828125, optimistic_rem(widened)=5.000000 → cannot exceed 0.
[ 35.986s] PRUNE: margin=-6.828125, optimistic_rem(widened)=5.000000 → cannot exceed 0.
[ 36.189s] PRUNE: margin=-6.828125, optimistic_rem(widened)=5.000000 → cannot exceed 0.
[ 36.392s] PRUNE: margin=-6.843750, optimistic_rem(widened)=5.000000 → cannot exceed 0.
[ 36.799s] PRUNE: margin=-6.828125, optimistic_rem(widened)=5.000000 → cannot exceed 0.
[ 37.003s] PRUNE: margin=-6.828125, optimistic_rem(widened)=5.000000 → cannot exceed 0.
[ 37.206s] PRUNE: margin=-6.828125, optimistic_rem(widened)=5.000000 → cannot exceed 0.
[ 37.409s] PRUNE: margin=-6.828125, optimistic_rem(widened)=5.000000 → cannot exceed 0.
[ 37.612s] PRUNE: margin=-6.828125, optimistic_rem(widened)=5.000000 → cannot exceed 0.
[ 37.816s] PRUNE: margin=-6.828125, optimistic_rem(widened)=5.000000 → cannot exceed 0.
[ 38.222s] PRUNE: margin=-6.828125, optimistic_rem(widened)=5.000000 → cannot exceed 0.
[ 38.425s] PRUNE: margin=-6.828125, optimistic_rem(widened)=5.000000 → cannot exceed 0.
[ 38.628s] PRUNE: margin=-6.828125, optimistic_rem(widened)=5.000000 → cannot exceed 0.
[ 38.831s] PRUNE: margin=-6.828125, optimistic_rem(widened)=5.000000 → cannot exceed 0.
[ 39.035s] PRUNE: margin=-6.843750, optimistic_rem(widened)=5.000000 → cannot exceed 0.
[ 39.441s] PRUNE: margin=-6.828125, optimistic_rem(widened)=5.000000 → cannot exceed 0.
[ 39.644s] PRUNE: margin=-6.828125, optimistic_rem(widened)=5.000000 → cannot exceed 0.
[ 39.847s] PRUNE: margin=-6.828125, optimistic_rem(widened)=5.000000 → cannot exceed 0.
[ 40.050s] PRUNE: margin=-6.843750, optimistic_rem(widened)=5.000000 → cannot exceed 0.
[ 40.456s] PRUNE: margin=-6.828125, optimistic_rem(widened)=5.000000 → cannot exceed 0.
[ 40.659s] PRUNE: margin=-6.828125, optimistic_rem(widened)=5.000000 → cannot exceed 0.
[ 40.862s] PRUNE: margin=-6.843750, optimistic_rem(widened)=5.000000 → cannot exceed 0.
[ 41.269s] PRUNE: margin=-6.828125, optimistic_rem(widened)=5.000000 → cannot exceed 0.
[ 41.472s] PRUNE: margin=-6.843750, optimistic_rem(widened)=5.000000 → cannot exceed 0.
[ 41.879s] PRUNE: margin=-6.843750, optimistic_rem(widened)=5.000000 → cannot exceed 0.
[ 42.691s] PRUNE: margin=-5.687500, optimistic_rem(widened)=2.000000 → cannot exceed 0.
[ 42.895s] PRUNE: margin=-5.687500, optimistic_rem(widened)=2.000000 → cannot exceed 0.
[ 43.098s] PRUNE: margin=-6.906250, optimistic_rem(widened)=3.000000 → cannot exceed 0.
[ 43.301s] PRUNE: margin=-6.906250, optimistic_rem(widened)=3.000000 → cannot exceed 0.
[ 43.504s] PRUNE: margin=-6.906250, optimistic_rem(widened)=3.000000 → cannot exceed 0.
[ 43.707s] PRUNE: margin=-6.906250, optimistic_rem(widened)=3.000000 → cannot exceed 0.
[ 43.910s] PRUNE: margin=-6.906250, optimistic_rem(widened)=6.000000 → cannot exceed 0.
[ 44.114s] PRUNE: margin=-6.906250, optimistic_rem(widened)=6.000000 → cannot exceed 0.
[ 44.317s] PRUNE: margin=-6.906250, optimistic_rem(widened)=6.000000 → cannot exceed 0.
[ 44.520s] PRUNE: margin=-6.906250, optimistic_rem(widened)=6.000000 → cannot exceed 0.
[ 44.824s] PRUNE: margin=-6.906250, optimistic_rem(widened)=5.500000 → cannot exceed 0.
[ 45.027s] PRUNE: margin=-6.906250, optimistic_rem(widened)=5.500000 → cannot exceed 0.
[ 45.230s] PRUNE: margin=-6.906250, optimistic_rem(widened)=5.500000 → cannot exceed 0.
[ 45.434s] PRUNE: margin=-6.906250, optimistic_rem(widened)=5.500000 → cannot exceed 0.
[ 45.839s] PRUNE: margin=-6.906250, optimistic_rem(widened)=5.000000 → cannot exceed 0.
[ 46.042s] PRUNE: margin=-6.906250, optimistic_rem(widened)=5.000000 → cannot exceed 0.
[ 46.245s] PRUNE: margin=-6.906250, optimistic_rem(widened)=5.000000 → cannot exceed 0.
[ 46.448s] PRUNE: margin=-6.906250, optimistic_rem(widened)=5.000000 → cannot exceed 0.
[ 46.846s] PRUNE: margin=-6.906250, optimistic_rem(widened)=5.000000 → cannot exceed 0.
[ 47.011s] PRUNE: margin=-6.906250, optimistic_rem(widened)=5.000000 → cannot exceed 0.
[ 47.214s] PRUNE: margin=-6.906250, optimistic_rem(widened)=5.000000 → cannot exceed 0.
[ 47.620s] PRUNE: margin=-6.906250, optimistic_rem(widened)=5.000000 → cannot exceed 0.
[ 47.824s] PRUNE: margin=-6.906250, optimistic_rem(widened)=5.000000 → cannot exceed 0.
[ 48.230s] PRUNE: margin=-6.906250, optimistic_rem(widened)=5.000000 → cannot exceed 0.
[ 49.043s] PRUNE: margin=-6.906250, optimistic_rem(widened)=5.000000 → cannot exceed 0.
[ 49.246s] PRUNE: margin=-6.906250, optimistic_rem(widened)=5.000000 → cannot exceed 0.
[ 49.449s] PRUNE: margin=-6.906250, optimistic_rem(widened)=5.000000 → cannot exceed 0.
[ 49.854s] PRUNE: margin=-6.906250, optimistic_rem(widened)=5.000000 → cannot exceed 0.
[ 50.057s] PRUNE: margin=-6.906250, optimistic_rem(widened)=5.000000 → cannot exceed 0.
[ 50.464s] PRUNE: margin=-6.906250, optimistic_rem(widened)=5.000000 → cannot exceed 0.
[ 51.278s] PRUNE: margin=-6.906250, optimistic_rem(widened)=5.000000 → cannot exceed 0.
[ 51.481s] PRUNE: margin=-6.906250, optimistic_rem(widened)=5.000000 → cannot exceed 0.
[ 51.887s] PRUNE: margin=-6.906250, optimistic_rem(widened)=5.000000 → cannot exceed 0.
[ 52.700s] PRUNE: margin=-6.906250, optimistic_rem(widened)=5.000000 → cannot exceed 0.
[ 54.224s] PRUNE: margin=-6.875000, optimistic_rem(widened)=3.000000 → cannot exceed 0.
[ 54.427s] PRUNE: margin=-6.906250, optimistic_rem(widened)=3.000000 → cannot exceed 0.
[ 54.630s] PRUNE: margin=-6.906250, optimistic_rem(widened)=3.000000 → cannot exceed 0.
[ 54.832s] PRUNE: margin=-6.906250, optimistic_rem(widened)=3.000000 → cannot exceed 0.
[ 55.035s] PRUNE: margin=-6.906250, optimistic_rem(widened)=6.000000 → cannot exceed 0.
[ 55.238s] PRUNE: margin=-6.906250, optimistic_rem(widened)=6.000000 → cannot exceed 0.
[ 55.442s] PRUNE: margin=-6.906250, optimistic_rem(widened)=6.000000 → cannot exceed 0.
[ 55.645s] PRUNE: margin=-6.906250, optimistic_rem(widened)=6.000000 → cannot exceed 0.
[ 55.848s] PRUNE: margin=-6.906250, optimistic_rem(widened)=6.000000 → cannot exceed 0.
[ 56.153s] PRUNE: margin=-6.875000, optimistic_rem(widened)=6.000000 → cannot exceed 0.
[ 56.356s] PRUNE: margin=-6.875000, optimistic_rem(widened)=6.000000 → cannot exceed 0.
[ 56.560s] PRUNE: margin=-6.875000, optimistic_rem(widened)=6.000000 → cannot exceed 0.
[ 56.773s] PRUNE: margin=-6.875000, optimistic_rem(widened)=6.000000 → cannot exceed 0.
[ 57.192s] PRUNE: margin=-6.906250, optimistic_rem(widened)=5.000000 → cannot exceed 0.
[ 57.397s] PRUNE: margin=-6.906250, optimistic_rem(widened)=5.000000 → cannot exceed 0.
[ 57.599s] PRUNE: margin=-6.906250, optimistic_rem(widened)=5.000000 → cannot exceed 0.
[ 58.004s] PRUNE: margin=-6.875000, optimistic_rem(widened)=5.000000 → cannot exceed 0.
[ 58.210s] PRUNE: margin=-6.875000, optimistic_rem(widened)=5.000000 → cannot exceed 0.
[ 58.616s] PRUNE: margin=-6.875000, optimistic_rem(widened)=5.000000 → cannot exceed 0.
[ 59.429s] PRUNE: margin=-6.906250, optimistic_rem(widened)=5.000000 → cannot exceed 0.
[ 59.632s] PRUNE: margin=-6.875000, optimistic_rem(widened)=5.000000 → cannot exceed 0.
[ 60.039s] PRUNE: margin=-6.906250, optimistic_rem(widened)=5.000000 → cannot exceed 0.
[ 60.851s] PRUNE: margin=-6.875000, optimistic_rem(widened)=5.000000 → cannot exceed 0.
[ 62.171s] PRUNE: margin=-6.921875, optimistic_rem(widened)=5.000000 → cannot exceed 0.
[ 62.374s] PRUNE: margin=-6.921875, optimistic_rem(widened)=5.000000 → cannot exceed 0.
[ 62.579s] PRUNE: margin=-6.921875, optimistic_rem(widened)=5.000000 → cannot exceed 0.
[ 62.782s] PRUNE: margin=-6.921875, optimistic_rem(widened)=5.000000 → cannot exceed 0.
[ 62.984s] PRUNE: margin=-6.921875, optimistic_rem(widened)=5.031250 → cannot exceed 0.
[ 63.188s] PRUNE: margin=-6.921875, optimistic_rem(widened)=5.031250 → cannot exceed 0.
[ 63.391s] PRUNE: margin=-6.921875, optimistic_rem(widened)=5.031250 → cannot exceed 0.
[ 63.594s] PRUNE: margin=-6.921875, optimistic_rem(widened)=5.078125 → cannot exceed 0.
[ 63.797s] PRUNE: margin=-6.921875, optimistic_rem(widened)=5.078125 → cannot exceed 0.
[ 64.102s] No counterexample within budgets (BaB): no misclassification found.
STATUS: No counterexample | best_upper_margin=3.625000 | elapsed=64.102s | pixels_changed=0 | total_bit_flips=0 | avg_hamming_per_pixel=0.000000 | patch_rows=12-12 | patch_cols=22-23 | note=no_counterexample_within_budgets
