[  0.000s] init: idx=2045 kmax=2 bmax=4 topx=2 widen=1.000 rank_fast=off
clean logits (hex):  0x83  0xb2  0x8f  0x78  0x84  0xac  0x83  0x97  0x90  0xa1
clean logits (bits): 10000011 10110010 10001111 01111000 10000100 10101100 10000011 10010111 10010000 10100001
clean logits (double): -24.000000 -1.437500 -4.500000 +8.000000 -16.000000 -1.625000 -24.000000 -3.125000 -4.000000 -1.968750
[  0.011s] clean prediction: 3 (true label 3)
[  0.306s] heuristic ROI: 2x2 block at rows 14-15, cols 14-15
[  0.505s] selection: nSym=2 (from 4), topx=2, rank_fast=off
[  0.505s] active patch: rows 14-15, cols 14-15 (derived from symPix)
[  1.066s] Proceeding to BaB (greedy enabled).
[  1.066s] Skipping root bound check (--no-root-bound).
[  1.066s] BaB search starting (K≤2, B≤4, nSym=2, depth_limit=500000000, widen=1.00)...
[  1.363s] PRUNE: margin=-8.546875, optimistic_rem(widened)=8.406250 → cannot exceed 0.
[  1.562s] PRUNE: margin=-8.546875, optimistic_rem(widened)=7.406250 → cannot exceed 0.
[  1.761s] PRUNE: margin=-8.546875, optimistic_rem(widened)=7.750000 → cannot exceed 0.
[  2.058s] PRUNE: margin=-8.546875, optimistic_rem(widened)=8.531250 → cannot exceed 0.
[  2.257s] PRUNE: margin=-8.546875, optimistic_rem(widened)=8.531250 → cannot exceed 0.
[  2.455s] PRUNE: margin=-8.546875, optimistic_rem(widened)=4.156250 → cannot exceed 0.
[  2.752s] PRUNE: margin=-8.812500, optimistic_rem(widened)=8.000000 → cannot exceed 0.
[  2.950s] PRUNE: margin=-8.812500, optimistic_rem(widened)=8.000000 → cannot exceed 0.
[  3.148s] PRUNE: margin=-8.812500, optimistic_rem(widened)=0.000000 → cannot exceed 0.
[  3.346s] PRUNE: margin=-8.812500, optimistic_rem(widened)=0.000000 → cannot exceed 0.
[  3.545s] PRUNE: margin=-8.812500, optimistic_rem(widened)=0.000000 → cannot exceed 0.
[  3.743s] PRUNE: margin=-9.500000, optimistic_rem(widened)=0.000000 → cannot exceed 0.
[  3.941s] PRUNE: margin=-9.500000, optimistic_rem(widened)=0.000000 → cannot exceed 0.
[  4.337s] PRUNE: margin=-8.812500, optimistic_rem(widened)=8.000000 → cannot exceed 0.
[  4.535s] PRUNE: margin=-8.812500, optimistic_rem(widened)=0.000000 → cannot exceed 0.
[  4.733s] PRUNE: margin=-8.812500, optimistic_rem(widened)=0.000000 → cannot exceed 0.
[  4.931s] PRUNE: margin=-8.812500, optimistic_rem(widened)=0.000000 → cannot exceed 0.
[  5.130s] PRUNE: margin=-9.500000, optimistic_rem(widened)=0.000000 → cannot exceed 0.
[  5.328s] PRUNE: margin=-9.500000, optimistic_rem(widened)=0.000000 → cannot exceed 0.
[  5.724s] PRUNE: margin=-8.546875, optimistic_rem(widened)=0.000000 → cannot exceed 0.
[  5.923s] PRUNE: margin=-8.546875, optimistic_rem(widened)=0.000000 → cannot exceed 0.
[  6.121s] PRUNE: margin=-8.812500, optimistic_rem(widened)=0.000000 → cannot exceed 0.
[  6.319s] PRUNE: margin=-8.812500, optimistic_rem(widened)=0.000000 → cannot exceed 0.
[  6.517s] PRUNE: margin=-9.500000, optimistic_rem(widened)=0.000000 → cannot exceed 0.
[  6.814s] PRUNE: margin=-8.812500, optimistic_rem(widened)=8.000000 → cannot exceed 0.
[  7.012s] PRUNE: margin=-8.812500, optimistic_rem(widened)=8.000000 → cannot exceed 0.
[  7.211s] PRUNE: margin=-8.812500, optimistic_rem(widened)=8.000000 → cannot exceed 0.
[  7.409s] PRUNE: margin=-8.812500, optimistic_rem(widened)=8.000000 → cannot exceed 0.
[  7.607s] PRUNE: margin=-9.500000, optimistic_rem(widened)=8.500000 → cannot exceed 0.
[  8.004s] PRUNE: margin=-8.546875, optimistic_rem(widened)=4.156250 → cannot exceed 0.
[  8.202s] PRUNE: margin=-8.812500, optimistic_rem(widened)=8.000000 → cannot exceed 0.
[  8.400s] PRUNE: margin=-8.812500, optimistic_rem(widened)=8.000000 → cannot exceed 0.
[  8.599s] PRUNE: margin=-8.812500, optimistic_rem(widened)=8.000000 → cannot exceed 0.
[  8.797s] PRUNE: margin=-8.812500, optimistic_rem(widened)=8.000000 → cannot exceed 0.
[  8.995s] PRUNE: margin=-8.812500, optimistic_rem(widened)=8.000000 → cannot exceed 0.
[  9.194s] PRUNE: margin=-8.812500, optimistic_rem(widened)=8.000000 → cannot exceed 0.
[  9.392s] PRUNE: margin=-8.812500, optimistic_rem(widened)=8.000000 → cannot exceed 0.
[  9.590s] PRUNE: margin=-8.812500, optimistic_rem(widened)=8.000000 → cannot exceed 0.
[  9.788s] PRUNE: margin=-9.500000, optimistic_rem(widened)=8.000000 → cannot exceed 0.
[ 10.285s] PRUNE: margin=-9.500000, optimistic_rem(widened)=8.500000 → cannot exceed 0.
[ 10.483s] PRUNE: margin=-9.500000, optimistic_rem(widened)=8.500000 → cannot exceed 0.
[ 10.682s] PRUNE: margin=-9.500000, optimistic_rem(widened)=8.500000 → cannot exceed 0.
[ 10.881s] PRUNE: margin=-9.500000, optimistic_rem(widened)=0.000000 → cannot exceed 0.
[ 11.079s] PRUNE: margin=-9.500000, optimistic_rem(widened)=0.000000 → cannot exceed 0.
[ 11.277s] PRUNE: margin=-9.500000, optimistic_rem(widened)=0.000000 → cannot exceed 0.
[ 11.476s] PRUNE: margin=-9.500000, optimistic_rem(widened)=0.000000 → cannot exceed 0.
[ 11.675s] PRUNE: margin=-9.500000, optimistic_rem(widened)=0.000000 → cannot exceed 0.
[ 12.071s] PRUNE: margin=-9.500000, optimistic_rem(widened)=8.500000 → cannot exceed 0.
[ 12.269s] PRUNE: margin=-9.500000, optimistic_rem(widened)=8.500000 → cannot exceed 0.
[ 12.467s] PRUNE: margin=-9.500000, optimistic_rem(widened)=0.000000 → cannot exceed 0.
[ 12.665s] PRUNE: margin=-9.500000, optimistic_rem(widened)=0.000000 → cannot exceed 0.
[ 12.863s] PRUNE: margin=-9.500000, optimistic_rem(widened)=0.000000 → cannot exceed 0.
[ 13.061s] PRUNE: margin=-9.500000, optimistic_rem(widened)=0.000000 → cannot exceed 0.
[ 13.259s] PRUNE: margin=-9.500000, optimistic_rem(widened)=0.000000 → cannot exceed 0.
[ 13.657s] PRUNE: margin=-9.500000, optimistic_rem(widened)=8.500000 → cannot exceed 0.
[ 13.855s] PRUNE: margin=-9.500000, optimistic_rem(widened)=0.000000 → cannot exceed 0.
[ 14.053s] PRUNE: margin=-9.500000, optimistic_rem(widened)=0.000000 → cannot exceed 0.
[ 14.251s] PRUNE: margin=-9.500000, optimistic_rem(widened)=0.000000 → cannot exceed 0.
[ 14.449s] PRUNE: margin=-9.500000, optimistic_rem(widened)=0.000000 → cannot exceed 0.
[ 14.647s] PRUNE: margin=-9.500000, optimistic_rem(widened)=0.000000 → cannot exceed 0.
[ 15.043s] PRUNE: margin=-9.500000, optimistic_rem(widened)=0.000000 → cannot exceed 0.
[ 15.241s] PRUNE: margin=-9.500000, optimistic_rem(widened)=0.000000 → cannot exceed 0.
[ 15.439s] PRUNE: margin=-9.500000, optimistic_rem(widened)=0.000000 → cannot exceed 0.
[ 15.637s] PRUNE: margin=-9.500000, optimistic_rem(widened)=0.000000 → cannot exceed 0.
[ 15.835s] PRUNE: margin=-9.500000, optimistic_rem(widened)=0.000000 → cannot exceed 0.
[ 16.133s] PRUNE: margin=-9.500000, optimistic_rem(widened)=8.000000 → cannot exceed 0.
[ 16.330s] PRUNE: margin=-9.500000, optimistic_rem(widened)=8.000000 → cannot exceed 0.
[ 16.528s] PRUNE: margin=-9.500000, optimistic_rem(widened)=8.000000 → cannot exceed 0.
[ 16.727s] PRUNE: margin=-9.500000, optimistic_rem(widened)=8.000000 → cannot exceed 0.
[ 16.925s] PRUNE: margin=-9.500000, optimistic_rem(widened)=8.000000 → cannot exceed 0.
[ 17.420s] PRUNE: margin=-9.500000, optimistic_rem(widened)=8.500000 → cannot exceed 0.
[ 17.618s] PRUNE: margin=-9.500000, optimistic_rem(widened)=8.500000 → cannot exceed 0.
[ 17.816s] PRUNE: margin=-9.500000, optimistic_rem(widened)=0.000000 → cannot exceed 0.
[ 18.014s] PRUNE: margin=-9.500000, optimistic_rem(widened)=0.000000 → cannot exceed 0.
[ 18.212s] PRUNE: margin=-9.500000, optimistic_rem(widened)=0.000000 → cannot exceed 0.
[ 18.410s] PRUNE: margin=-9.500000, optimistic_rem(widened)=0.000000 → cannot exceed 0.
[ 18.608s] PRUNE: margin=-9.500000, optimistic_rem(widened)=0.000000 → cannot exceed 0.
[ 19.004s] PRUNE: margin=-9.500000, optimistic_rem(widened)=8.500000 → cannot exceed 0.
[ 19.202s] PRUNE: margin=-9.500000, optimistic_rem(widened)=0.000000 → cannot exceed 0.
[ 19.400s] PRUNE: margin=-9.500000, optimistic_rem(widened)=0.000000 → cannot exceed 0.
[ 19.599s] PRUNE: margin=-9.500000, optimistic_rem(widened)=0.000000 → cannot exceed 0.
[ 19.797s] PRUNE: margin=-9.500000, optimistic_rem(widened)=0.000000 → cannot exceed 0.
[ 19.996s] PRUNE: margin=-9.500000, optimistic_rem(widened)=0.000000 → cannot exceed 0.
[ 20.392s] PRUNE: margin=-9.500000, optimistic_rem(widened)=0.000000 → cannot exceed 0.
[ 20.590s] PRUNE: margin=-9.500000, optimistic_rem(widened)=0.000000 → cannot exceed 0.
[ 20.788s] PRUNE: margin=-9.500000, optimistic_rem(widened)=0.000000 → cannot exceed 0.
[ 20.987s] PRUNE: margin=-9.500000, optimistic_rem(widened)=0.000000 → cannot exceed 0.
[ 21.185s] PRUNE: margin=-9.500000, optimistic_rem(widened)=0.000000 → cannot exceed 0.
[ 21.482s] PRUNE: margin=-9.500000, optimistic_rem(widened)=8.000000 → cannot exceed 0.
[ 21.680s] PRUNE: margin=-9.500000, optimistic_rem(widened)=8.000000 → cannot exceed 0.
[ 21.878s] PRUNE: margin=-9.500000, optimistic_rem(widened)=8.000000 → cannot exceed 0.
[ 22.076s] PRUNE: margin=-9.500000, optimistic_rem(widened)=8.000000 → cannot exceed 0.
[ 22.275s] PRUNE: margin=-9.500000, optimistic_rem(widened)=8.000000 → cannot exceed 0.
[ 22.770s] PRUNE: margin=-8.812500, optimistic_rem(widened)=8.000000 → cannot exceed 0.
[ 22.968s] PRUNE: margin=-9.500000, optimistic_rem(widened)=0.000000 → cannot exceed 0.
[ 23.166s] PRUNE: margin=-9.500000, optimistic_rem(widened)=0.000000 → cannot exceed 0.
[ 23.364s] PRUNE: margin=-9.500000, optimistic_rem(widened)=0.000000 → cannot exceed 0.
[ 23.562s] PRUNE: margin=-9.500000, optimistic_rem(widened)=0.000000 → cannot exceed 0.
[ 23.758s] PRUNE: margin=-9.500000, optimistic_rem(widened)=0.000000 → cannot exceed 0.
[ 24.048s] PRUNE: margin=-8.812500, optimistic_rem(widened)=0.000000 → cannot exceed 0.
[ 24.190s] PRUNE: margin=-9.500000, optimistic_rem(widened)=0.000000 → cannot exceed 0.
[ 24.329s] PRUNE: margin=-9.500000, optimistic_rem(widened)=0.000000 → cannot exceed 0.
[ 24.475s] PRUNE: margin=-9.500000, optimistic_rem(widened)=0.000000 → cannot exceed 0.
[ 24.620s] PRUNE: margin=-9.500000, optimistic_rem(widened)=0.000000 → cannot exceed 0.
[ 24.907s] PRUNE: margin=-9.500000, optimistic_rem(widened)=8.000000 → cannot exceed 0.
[ 25.106s] PRUNE: margin=-9.500000, optimistic_rem(widened)=8.000000 → cannot exceed 0.
[ 25.304s] PRUNE: margin=-9.500000, optimistic_rem(widened)=8.000000 → cannot exceed 0.
[ 25.503s] PRUNE: margin=-9.500000, optimistic_rem(widened)=8.000000 → cannot exceed 0.
[ 25.701s] PRUNE: margin=-9.500000, optimistic_rem(widened)=8.000000 → cannot exceed 0.
[ 26.197s] PRUNE: margin=-8.812500, optimistic_rem(widened)=0.000000 → cannot exceed 0.
[ 26.395s] PRUNE: margin=-9.500000, optimistic_rem(widened)=0.000000 → cannot exceed 0.
[ 26.594s] PRUNE: margin=-8.812500, optimistic_rem(widened)=0.000000 → cannot exceed 0.
[ 26.792s] PRUNE: margin=-9.500000, optimistic_rem(widened)=0.000000 → cannot exceed 0.
[ 26.990s] PRUNE: margin=-9.500000, optimistic_rem(widened)=0.000000 → cannot exceed 0.
[ 27.288s] PRUNE: margin=-9.500000, optimistic_rem(widened)=8.000000 → cannot exceed 0.
[ 27.486s] PRUNE: margin=-9.500000, optimistic_rem(widened)=8.000000 → cannot exceed 0.
[ 27.685s] PRUNE: margin=-9.500000, optimistic_rem(widened)=8.000000 → cannot exceed 0.
[ 27.883s] PRUNE: margin=-9.500000, optimistic_rem(widened)=8.000000 → cannot exceed 0.
[ 28.082s] PRUNE: margin=-9.500000, optimistic_rem(widened)=8.000000 → cannot exceed 0.
[ 28.478s] PRUNE: margin=-9.500000, optimistic_rem(widened)=8.500000 → cannot exceed 0.
[ 28.677s] PRUNE: margin=-9.500000, optimistic_rem(widened)=8.500000 → cannot exceed 0.
[ 28.875s] PRUNE: margin=-9.500000, optimistic_rem(widened)=8.500000 → cannot exceed 0.
[ 29.073s] PRUNE: margin=-9.500000, optimistic_rem(widened)=8.000000 → cannot exceed 0.
[ 29.272s] PRUNE: margin=-9.500000, optimistic_rem(widened)=8.000000 → cannot exceed 0.
[ 29.668s] PRUNE: margin=-9.500000, optimistic_rem(widened)=8.000000 → cannot exceed 0.
[ 29.867s] PRUNE: margin=-9.500000, optimistic_rem(widened)=8.000000 → cannot exceed 0.
[ 30.065s] PRUNE: margin=-9.500000, optimistic_rem(widened)=8.000000 → cannot exceed 0.
[ 30.264s] PRUNE: margin=-9.500000, optimistic_rem(widened)=8.000000 → cannot exceed 0.
[ 30.661s] PRUNE: margin=-9.500000, optimistic_rem(widened)=8.000000 → cannot exceed 0.
[ 30.859s] PRUNE: margin=-9.500000, optimistic_rem(widened)=8.000000 → cannot exceed 0.
[ 31.057s] PRUNE: margin=-9.500000, optimistic_rem(widened)=8.000000 → cannot exceed 0.
[ 31.454s] PRUNE: margin=-9.500000, optimistic_rem(widened)=8.000000 → cannot exceed 0.
[ 31.653s] PRUNE: margin=-9.500000, optimistic_rem(widened)=8.000000 → cannot exceed 0.
[ 32.050s] PRUNE: margin=-9.500000, optimistic_rem(widened)=8.000000 → cannot exceed 0.
[ 32.744s] PRUNE: margin=-8.546875, optimistic_rem(widened)=8.031250 → cannot exceed 0.
[ 33.041s] PRUNE: margin=-8.546875, optimistic_rem(widened)=4.156250 → cannot exceed 0.
[ 33.240s] PRUNE: margin=-8.546875, optimistic_rem(widened)=4.156250 → cannot exceed 0.
[ 33.438s] PRUNE: margin=-8.812500, optimistic_rem(widened)=8.000000 → cannot exceed 0.
[ 33.637s] PRUNE: margin=-8.812500, optimistic_rem(widened)=8.000000 → cannot exceed 0.
[ 33.835s] PRUNE: margin=-8.812500, optimistic_rem(widened)=8.000000 → cannot exceed 0.
[ 34.033s] PRUNE: margin=-8.812500, optimistic_rem(widened)=8.000000 → cannot exceed 0.
[ 34.232s] PRUNE: margin=-8.812500, optimistic_rem(widened)=8.000000 → cannot exceed 0.
[ 34.430s] PRUNE: margin=-8.812500, optimistic_rem(widened)=8.000000 → cannot exceed 0.
[ 34.628s] PRUNE: margin=-8.812500, optimistic_rem(widened)=8.000000 → cannot exceed 0.
[ 34.827s] PRUNE: margin=-8.812500, optimistic_rem(widened)=8.000000 → cannot exceed 0.
[ 35.025s] PRUNE: margin=-8.812500, optimistic_rem(widened)=8.000000 → cannot exceed 0.
[ 35.224s] PRUNE: margin=-9.500000, optimistic_rem(widened)=8.500000 → cannot exceed 0.
[ 35.620s] PRUNE: margin=-8.546875, optimistic_rem(widened)=5.156250 → cannot exceed 0.
[ 35.819s] PRUNE: margin=-8.812500, optimistic_rem(widened)=8.000000 → cannot exceed 0.
[ 36.017s] PRUNE: margin=-8.812500, optimistic_rem(widened)=8.000000 → cannot exceed 0.
[ 36.215s] PRUNE: margin=-8.812500, optimistic_rem(widened)=8.000000 → cannot exceed 0.
[ 36.414s] PRUNE: margin=-8.812500, optimistic_rem(widened)=8.000000 → cannot exceed 0.
[ 36.612s] PRUNE: margin=-8.812500, optimistic_rem(widened)=8.000000 → cannot exceed 0.
[ 36.909s] PRUNE: margin=-8.812500, optimistic_rem(widened)=8.000000 → cannot exceed 0.
[ 37.108s] PRUNE: margin=-8.812500, optimistic_rem(widened)=8.000000 → cannot exceed 0.
[ 37.306s] PRUNE: margin=-8.812500, optimistic_rem(widened)=8.000000 → cannot exceed 0.
[ 37.504s] PRUNE: margin=-9.500000, optimistic_rem(widened)=8.500000 → cannot exceed 0.
[ 37.901s] PRUNE: margin=-8.812500, optimistic_rem(widened)=8.000000 → cannot exceed 0.
[ 38.099s] PRUNE: margin=-9.500000, optimistic_rem(widened)=8.500000 → cannot exceed 0.
[ 38.297s] PRUNE: margin=-9.500000, optimistic_rem(widened)=8.500000 → cannot exceed 0.
[ 38.694s] PRUNE: margin=-8.812500, optimistic_rem(widened)=8.000000 → cannot exceed 0.
[ 38.892s] PRUNE: margin=-9.500000, optimistic_rem(widened)=8.500000 → cannot exceed 0.
[ 39.289s] PRUNE: margin=-9.500000, optimistic_rem(widened)=8.500000 → cannot exceed 0.
[ 39.983s] PRUNE: margin=-8.546875, optimistic_rem(widened)=4.156250 → cannot exceed 0.
[ 40.182s] PRUNE: margin=-8.546875, optimistic_rem(widened)=4.156250 → cannot exceed 0.
[ 40.380s] PRUNE: margin=-8.546875, optimistic_rem(widened)=4.156250 → cannot exceed 0.
[ 40.580s] PRUNE: margin=-8.546875, optimistic_rem(widened)=8.312500 → cannot exceed 0.
[ 40.779s] PRUNE: margin=-8.546875, optimistic_rem(widened)=8.312500 → cannot exceed 0.
[ 40.977s] PRUNE: margin=-8.812500, optimistic_rem(widened)=8.000000 → cannot exceed 0.
[ 41.175s] PRUNE: margin=-8.812500, optimistic_rem(widened)=8.000000 → cannot exceed 0.
[ 41.473s] PRUNE: margin=-8.812500, optimistic_rem(widened)=8.000000 → cannot exceed 0.
[ 41.672s] PRUNE: margin=-8.812500, optimistic_rem(widened)=8.000000 → cannot exceed 0.
[ 42.069s] PRUNE: margin=-8.812500, optimistic_rem(widened)=8.000000 → cannot exceed 0.
[ 42.764s] PRUNE: margin=-9.437500, optimistic_rem(widened)=8.000000 → cannot exceed 0.
[ 42.962s] PRUNE: margin=-9.500000, optimistic_rem(widened)=8.000000 → cannot exceed 0.
[ 43.161s] PRUNE: margin=-9.500000, optimistic_rem(widened)=8.000000 → cannot exceed 0.
[ 43.360s] PRUNE: margin=-9.500000, optimistic_rem(widened)=8.000000 → cannot exceed 0.
[ 43.558s] PRUNE: margin=-9.500000, optimistic_rem(widened)=8.500000 → cannot exceed 0.
[ 43.757s] PRUNE: margin=-9.500000, optimistic_rem(widened)=8.000000 → cannot exceed 0.
[ 43.955s] PRUNE: margin=-9.500000, optimistic_rem(widened)=8.000000 → cannot exceed 0.
[ 44.154s] PRUNE: margin=-9.500000, optimistic_rem(widened)=8.000000 → cannot exceed 0.
[ 44.353s] PRUNE: margin=-9.500000, optimistic_rem(widened)=8.000000 → cannot exceed 0.
[ 44.750s] PRUNE: margin=-9.437500, optimistic_rem(widened)=8.000000 → cannot exceed 0.
[ 44.948s] PRUNE: margin=-9.500000, optimistic_rem(widened)=8.000000 → cannot exceed 0.
[ 45.147s] PRUNE: margin=-9.500000, optimistic_rem(widened)=8.000000 → cannot exceed 0.
[ 45.346s] PRUNE: margin=-9.500000, optimistic_rem(widened)=8.500000 → cannot exceed 0.
[ 45.544s] PRUNE: margin=-9.500000, optimistic_rem(widened)=8.000000 → cannot exceed 0.
[ 45.743s] PRUNE: margin=-9.500000, optimistic_rem(widened)=8.000000 → cannot exceed 0.
[ 45.942s] PRUNE: margin=-9.500000, optimistic_rem(widened)=8.000000 → cannot exceed 0.
[ 46.140s] PRUNE: margin=-9.500000, optimistic_rem(widened)=8.000000 → cannot exceed 0.
[ 46.537s] PRUNE: margin=-9.500000, optimistic_rem(widened)=8.000000 → cannot exceed 0.
[ 46.736s] PRUNE: margin=-9.500000, optimistic_rem(widened)=8.500000 → cannot exceed 0.
[ 46.934s] PRUNE: margin=-9.500000, optimistic_rem(widened)=8.000000 → cannot exceed 0.
[ 47.133s] PRUNE: margin=-9.500000, optimistic_rem(widened)=8.000000 → cannot exceed 0.
[ 47.332s] PRUNE: margin=-9.500000, optimistic_rem(widened)=8.000000 → cannot exceed 0.
[ 47.530s] PRUNE: margin=-9.500000, optimistic_rem(widened)=8.000000 → cannot exceed 0.
[ 47.731s] PRUNE: margin=-9.500000, optimistic_rem(widened)=8.000000 → cannot exceed 0.
[ 48.128s] PRUNE: margin=-8.812500, optimistic_rem(widened)=8.000000 → cannot exceed 0.
[ 48.327s] PRUNE: margin=-9.500000, optimistic_rem(widened)=8.000000 → cannot exceed 0.
[ 48.525s] PRUNE: margin=-9.500000, optimistic_rem(widened)=8.000000 → cannot exceed 0.
[ 48.724s] PRUNE: margin=-9.500000, optimistic_rem(widened)=8.000000 → cannot exceed 0.
[ 48.922s] PRUNE: margin=-9.500000, optimistic_rem(widened)=8.000000 → cannot exceed 0.
[ 49.121s] PRUNE: margin=-9.500000, optimistic_rem(widened)=8.000000 → cannot exceed 0.
[ 49.518s] PRUNE: margin=-9.500000, optimistic_rem(widened)=8.500000 → cannot exceed 0.
[ 49.717s] PRUNE: margin=-9.500000, optimistic_rem(widened)=8.500000 → cannot exceed 0.
[ 49.915s] PRUNE: margin=-9.500000, optimistic_rem(widened)=8.500000 → cannot exceed 0.
[ 50.114s] PRUNE: margin=-9.500000, optimistic_rem(widened)=8.000000 → cannot exceed 0.
[ 50.312s] PRUNE: margin=-9.500000, optimistic_rem(widened)=8.000000 → cannot exceed 0.
[ 50.710s] PRUNE: margin=-9.500000, optimistic_rem(widened)=9.500000 → cannot exceed 0.
[ 51.007s] PRUNE: margin=-9.500000, optimistic_rem(widened)=8.500000 → cannot exceed 0.
[ 51.206s] PRUNE: margin=-9.500000, optimistic_rem(widened)=8.500000 → cannot exceed 0.
[ 51.504s] PRUNE: margin=-9.500000, optimistic_rem(widened)=9.500000 → cannot exceed 0.
[ 51.703s] PRUNE: margin=-9.500000, optimistic_rem(widened)=9.500000 → cannot exceed 0.
[ 52.199s] PRUNE: margin=-9.500000, optimistic_rem(widened)=8.500000 → cannot exceed 0.
[ 52.398s] PRUNE: margin=-9.437500, optimistic_rem(widened)=8.500000 → cannot exceed 0.
[ 52.795s] PRUNE: margin=-9.500000, optimistic_rem(widened)=8.500000 → cannot exceed 0.
[ 53.093s] PRUNE: margin=-9.500000, optimistic_rem(widened)=9.500000 → cannot exceed 0.
[ 53.490s] PRUNE: margin=-9.500000, optimistic_rem(widened)=9.500000 → cannot exceed 0.
[ 53.689s] PRUNE: margin=-9.500000, optimistic_rem(widened)=9.500000 → cannot exceed 0.
[ 54.681s] PRUNE: margin=-9.437500, optimistic_rem(widened)=8.843750 → cannot exceed 0.
[ 54.880s] PRUNE: margin=-9.437500, optimistic_rem(widened)=8.843750 → cannot exceed 0.
[ 55.078s] PRUNE: margin=-9.437500, optimistic_rem(widened)=8.843750 → cannot exceed 0.
[ 55.277s] PRUNE: margin=-9.437500, optimistic_rem(widened)=8.843750 → cannot exceed 0.
[ 55.476s] PRUNE: margin=-9.437500, optimistic_rem(widened)=9.187500 → cannot exceed 0.
[ 55.873s] PRUNE: margin=-8.812500, optimistic_rem(widened)=8.000000 → cannot exceed 0.
[ 56.072s] PRUNE: margin=-9.500000, optimistic_rem(widened)=8.000000 → cannot exceed 0.
[ 56.271s] PRUNE: margin=-9.500000, optimistic_rem(widened)=8.000000 → cannot exceed 0.
[ 56.470s] PRUNE: margin=-9.500000, optimistic_rem(widened)=8.500000 → cannot exceed 0.
[ 56.668s] PRUNE: margin=-9.500000, optimistic_rem(widened)=8.000000 → cannot exceed 0.
[ 56.867s] PRUNE: margin=-9.500000, optimistic_rem(widened)=8.000000 → cannot exceed 0.
[ 57.066s] PRUNE: margin=-9.500000, optimistic_rem(widened)=8.500000 → cannot exceed 0.
[ 57.463s] PRUNE: margin=-9.437500, optimistic_rem(widened)=8.000000 → cannot exceed 0.
[ 57.662s] PRUNE: margin=-9.437500, optimistic_rem(widened)=8.000000 → cannot exceed 0.
[ 57.860s] PRUNE: margin=-9.437500, optimistic_rem(widened)=8.000000 → cannot exceed 0.
[ 58.059s] PRUNE: margin=-9.500000, optimistic_rem(widened)=8.000000 → cannot exceed 0.
[ 58.258s] PRUNE: margin=-9.500000, optimistic_rem(widened)=8.000000 → cannot exceed 0.
[ 58.457s] PRUNE: margin=-9.500000, optimistic_rem(widened)=8.000000 → cannot exceed 0.
[ 58.754s] PRUNE: margin=-9.437500, optimistic_rem(widened)=2.000000 → cannot exceed 0.
[ 58.953s] PRUNE: margin=-9.437500, optimistic_rem(widened)=2.000000 → cannot exceed 0.
[ 59.152s] PRUNE: margin=-9.437500, optimistic_rem(widened)=2.000000 → cannot exceed 0.
[ 59.350s] PRUNE: margin=-9.437500, optimistic_rem(widened)=2.000000 → cannot exceed 0.
[ 59.549s] PRUNE: margin=-9.437500, optimistic_rem(widened)=0.687500 → cannot exceed 0.
[ 60.244s] PRUNE: margin=-8.812500, optimistic_rem(widened)=8.000000 → cannot exceed 0.
[ 60.443s] PRUNE: margin=-9.500000, optimistic_rem(widened)=8.000000 → cannot exceed 0.
[ 60.641s] PRUNE: margin=-9.500000, optimistic_rem(widened)=8.000000 → cannot exceed 0.
[ 60.840s] PRUNE: margin=-9.500000, optimistic_rem(widened)=8.000000 → cannot exceed 0.
[ 61.039s] PRUNE: margin=-9.500000, optimistic_rem(widened)=8.000000 → cannot exceed 0.
[ 61.237s] PRUNE: margin=-9.500000, optimistic_rem(widened)=8.000000 → cannot exceed 0.
[ 61.635s] PRUNE: margin=-9.500000, optimistic_rem(widened)=8.500000 → cannot exceed 0.
[ 61.834s] PRUNE: margin=-9.500000, optimistic_rem(widened)=8.500000 → cannot exceed 0.
[ 62.033s] PRUNE: margin=-9.500000, optimistic_rem(widened)=8.500000 → cannot exceed 0.
[ 62.232s] PRUNE: margin=-9.500000, optimistic_rem(widened)=8.500000 → cannot exceed 0.
[ 62.431s] PRUNE: margin=-9.500000, optimistic_rem(widened)=8.000000 → cannot exceed 0.
[ 62.827s] PRUNE: margin=-9.437500, optimistic_rem(widened)=8.000000 → cannot exceed 0.
[ 63.024s] PRUNE: margin=-9.437500, optimistic_rem(widened)=8.000000 → cannot exceed 0.
[ 63.201s] PRUNE: margin=-9.437500, optimistic_rem(widened)=8.000000 → cannot exceed 0.
[ 63.345s] PRUNE: margin=-9.437500, optimistic_rem(widened)=8.000000 → cannot exceed 0.
[ 63.619s] PRUNE: margin=-9.437500, optimistic_rem(widened)=8.000000 → cannot exceed 0.
[ 63.767s] PRUNE: margin=-9.437500, optimistic_rem(widened)=8.000000 → cannot exceed 0.
[ 63.906s] PRUNE: margin=-9.437500, optimistic_rem(widened)=8.000000 → cannot exceed 0.
[ 64.190s] PRUNE: margin=-9.437500, optimistic_rem(widened)=8.000000 → cannot exceed 0.
[ 64.338s] PRUNE: margin=-9.437500, optimistic_rem(widened)=8.000000 → cannot exceed 0.
[ 64.619s] PRUNE: margin=-9.437500, optimistic_rem(widened)=8.000000 → cannot exceed 0.
[ 64.829s] PRUNE: margin=-9.437500, optimistic_rem(widened)=9.000000 → cannot exceed 0.
[ 65.061s] PRUNE: margin=-9.437500, optimistic_rem(widened)=8.843750 → cannot exceed 0.
[ 65.219s] PRUNE: margin=-9.437500, optimistic_rem(widened)=8.843750 → cannot exceed 0.
[ 65.367s] PRUNE: margin=-9.437500, optimistic_rem(widened)=8.843750 → cannot exceed 0.
[ 65.541s] PRUNE: margin=-9.437500, optimistic_rem(widened)=8.843750 → cannot exceed 0.
[ 65.727s] PRUNE: margin=-9.437500, optimistic_rem(widened)=8.843750 → cannot exceed 0.
[ 66.396s] No counterexample within budgets (BaB): no misclassification found.
STATUS: No counterexample | best_upper_margin=15.000000 | elapsed=66.397s | pixels_changed=0 | total_bit_flips=0 | avg_hamming_per_pixel=0.000000 | patch_rows=14-15 | patch_cols=14-15 | note=no_counterexample_within_budgets
