[  0.000s] init: idx=4697 kmax=2 bmax=4 topx=2 widen=1.000 rank_fast=off
clean logits (hex):  0x87  0x86  0xf2  0xf4  0x85  0x8c  0x86  0x75  0x88  0xab
clean logits (bits): 10000111 10000110 11110010 11110100 10000101 10001100 10000110 01110101 10001000 10101011
clean logits (double): -10.000000 -12.000000 -0.218750 -0.187500 -14.000000 -6.000000 -12.000000 +6.500000 -8.000000 -1.656250
[  0.008s] clean prediction: 7 (true label 7)
[  0.299s] heuristic ROI: 2x2 block at rows 19-20, cols 5-6
[  0.495s] selection: nSym=2 (from 4), topx=2, rank_fast=off
[  0.495s] active patch: rows 19-20, cols 6-6 (derived from symPix)
[  0.953s] Proceeding to BaB (greedy enabled).
[  0.953s] Skipping root bound check (--no-root-bound).
[  0.953s] BaB search starting (K≤2, B≤4, nSym=2, depth_limit=500000000, widen=1.00)...
[  1.149s] PRUNE: margin=-5.531250, optimistic_rem(widened)=4.000000 → cannot exceed 0.
[  1.345s] PRUNE: margin=-6.109375, optimistic_rem(widened)=5.125000 → cannot exceed 0.
[  1.639s] PRUNE: margin=-5.500000, optimistic_rem(widened)=2.812500 → cannot exceed 0.
[  1.835s] PRUNE: margin=-5.968750, optimistic_rem(widened)=5.500000 → cannot exceed 0.
[  2.032s] PRUNE: margin=-5.968750, optimistic_rem(widened)=5.500000 → cannot exceed 0.
[  2.229s] PRUNE: margin=-5.968750, optimistic_rem(widened)=5.500000 → cannot exceed 0.
[  2.426s] PRUNE: margin=-5.968750, optimistic_rem(widened)=5.500000 → cannot exceed 0.
[  2.720s] PRUNE: margin=-5.968750, optimistic_rem(widened)=3.000000 → cannot exceed 0.
[  2.917s] PRUNE: margin=-5.968750, optimistic_rem(widened)=3.000000 → cannot exceed 0.
[  3.113s] PRUNE: margin=-5.968750, optimistic_rem(widened)=3.000000 → cannot exceed 0.
[  3.310s] PRUNE: margin=-5.968750, optimistic_rem(widened)=3.000000 → cannot exceed 0.
[  3.507s] PRUNE: margin=-5.968750, optimistic_rem(widened)=3.000000 → cannot exceed 0.
[  3.703s] PRUNE: margin=-5.968750, optimistic_rem(widened)=3.000000 → cannot exceed 0.
[  3.899s] PRUNE: margin=-5.968750, optimistic_rem(widened)=3.000000 → cannot exceed 0.
[  4.291s] PRUNE: margin=-5.500000, optimistic_rem(widened)=0.656250 → cannot exceed 0.
[  4.489s] PRUNE: margin=-5.968750, optimistic_rem(widened)=3.000000 → cannot exceed 0.
[  4.685s] PRUNE: margin=-5.968750, optimistic_rem(widened)=3.000000 → cannot exceed 0.
[  4.881s] PRUNE: margin=-5.968750, optimistic_rem(widened)=3.000000 → cannot exceed 0.
[  5.077s] PRUNE: margin=-5.968750, optimistic_rem(widened)=3.000000 → cannot exceed 0.
[  5.275s] PRUNE: margin=-5.968750, optimistic_rem(widened)=3.000000 → cannot exceed 0.
[  5.758s] PRUNE: margin=-5.968750, optimistic_rem(widened)=3.500000 → cannot exceed 0.
[  5.955s] PRUNE: margin=-5.968750, optimistic_rem(widened)=3.500000 → cannot exceed 0.
[  6.130s] PRUNE: margin=-5.968750, optimistic_rem(widened)=3.500000 → cannot exceed 0.
[  6.275s] PRUNE: margin=-5.968750, optimistic_rem(widened)=3.500000 → cannot exceed 0.
[  6.566s] PRUNE: margin=-5.968750, optimistic_rem(widened)=3.500000 → cannot exceed 0.
[  6.703s] PRUNE: margin=-5.968750, optimistic_rem(widened)=3.500000 → cannot exceed 0.
[  6.847s] PRUNE: margin=-5.968750, optimistic_rem(widened)=3.500000 → cannot exceed 0.
[  7.148s] PRUNE: margin=-5.968750, optimistic_rem(widened)=3.500000 → cannot exceed 0.
[  7.291s] PRUNE: margin=-5.968750, optimistic_rem(widened)=3.500000 → cannot exceed 0.
[  7.661s] PRUNE: margin=-5.968750, optimistic_rem(widened)=3.500000 → cannot exceed 0.
[  8.320s] PRUNE: margin=-5.968750, optimistic_rem(widened)=3.500000 → cannot exceed 0.
[  8.482s] PRUNE: margin=-5.968750, optimistic_rem(widened)=3.500000 → cannot exceed 0.
[  8.632s] PRUNE: margin=-5.968750, optimistic_rem(widened)=3.500000 → cannot exceed 0.
[  8.950s] PRUNE: margin=-5.968750, optimistic_rem(widened)=3.500000 → cannot exceed 0.
[  9.117s] PRUNE: margin=-5.968750, optimistic_rem(widened)=3.500000 → cannot exceed 0.
[  9.439s] PRUNE: margin=-5.968750, optimistic_rem(widened)=3.500000 → cannot exceed 0.
[ 10.082s] PRUNE: margin=-5.968750, optimistic_rem(widened)=3.500000 → cannot exceed 0.
[ 10.216s] PRUNE: margin=-5.968750, optimistic_rem(widened)=3.500000 → cannot exceed 0.
[ 10.492s] PRUNE: margin=-5.968750, optimistic_rem(widened)=3.500000 → cannot exceed 0.
[ 11.074s] PRUNE: margin=-5.500000, optimistic_rem(widened)=1.500000 → cannot exceed 0.
[ 12.162s] PRUNE: margin=-6.031250, optimistic_rem(widened)=3.218750 → cannot exceed 0.
[ 12.327s] PRUNE: margin=-6.031250, optimistic_rem(widened)=5.593750 → cannot exceed 0.
[ 12.499s] PRUNE: margin=-6.140625, optimistic_rem(widened)=6.000000 → cannot exceed 0.
[ 12.670s] PRUNE: margin=-6.140625, optimistic_rem(widened)=6.000000 → cannot exceed 0.
[ 12.927s] PRUNE: margin=-6.140625, optimistic_rem(widened)=3.500000 → cannot exceed 0.
[ 13.080s] PRUNE: margin=-6.140625, optimistic_rem(widened)=3.500000 → cannot exceed 0.
[ 13.231s] PRUNE: margin=-6.140625, optimistic_rem(widened)=3.500000 → cannot exceed 0.
[ 13.355s] PRUNE: margin=-6.140625, optimistic_rem(widened)=3.500000 → cannot exceed 0.
[ 13.560s] PRUNE: margin=-6.140625, optimistic_rem(widened)=5.000000 → cannot exceed 0.
[ 13.694s] PRUNE: margin=-6.140625, optimistic_rem(widened)=5.000000 → cannot exceed 0.
[ 13.860s] PRUNE: margin=-6.140625, optimistic_rem(widened)=5.000000 → cannot exceed 0.
[ 14.130s] PRUNE: margin=-6.140625, optimistic_rem(widened)=5.000000 → cannot exceed 0.
[ 14.295s] PRUNE: margin=-6.140625, optimistic_rem(widened)=5.000000 → cannot exceed 0.
[ 14.714s] PRUNE: margin=-6.031250, optimistic_rem(widened)=3.281250 → cannot exceed 0.
[ 15.400s] PRUNE: margin=-6.140625, optimistic_rem(widened)=3.500000 → cannot exceed 0.
[ 15.596s] PRUNE: margin=-6.140625, optimistic_rem(widened)=3.500000 → cannot exceed 0.
[ 15.792s] PRUNE: margin=-6.140625, optimistic_rem(widened)=3.500000 → cannot exceed 0.
[ 15.989s] PRUNE: margin=-6.140625, optimistic_rem(widened)=3.500000 → cannot exceed 0.
[ 16.283s] PRUNE: margin=-6.140625, optimistic_rem(widened)=5.000000 → cannot exceed 0.
[ 16.480s] PRUNE: margin=-6.140625, optimistic_rem(widened)=5.000000 → cannot exceed 0.
[ 16.873s] PRUNE: margin=-6.140625, optimistic_rem(widened)=5.000000 → cannot exceed 0.
[ 17.462s] PRUNE: margin=-6.687500, optimistic_rem(widened)=6.546875 → cannot exceed 0.
[ 17.658s] PRUNE: margin=-6.687500, optimistic_rem(widened)=6.546875 → cannot exceed 0.
[ 17.855s] PRUNE: margin=-6.687500, optimistic_rem(widened)=6.546875 → cannot exceed 0.
[ 18.051s] PRUNE: margin=-6.687500, optimistic_rem(widened)=6.546875 → cannot exceed 0.
[ 18.247s] PRUNE: margin=-6.687500, optimistic_rem(widened)=5.593750 → cannot exceed 0.
[ 18.444s] PRUNE: margin=-6.687500, optimistic_rem(widened)=5.593750 → cannot exceed 0.
[ 18.640s] PRUNE: margin=-6.687500, optimistic_rem(widened)=5.593750 → cannot exceed 0.
[ 18.738s] No counterexample within budgets (BaB): no misclassification found.
STATUS: No counterexample | best_upper_margin=2.531250 | elapsed=18.738s | pixels_changed=0 | total_bit_flips=0 | avg_hamming_per_pixel=0.000000 | patch_rows=19-20 | patch_cols=6-6 | note=no_counterexample_within_budgets
