[  0.000s] init: idx=8805 kmax=2 bmax=4 topx=2 widen=1.000 rank_fast=off
clean logits (hex):  0x86  0x8a  0xb2  0xac  0x88  0x8d  0x86  0x76  0x92  0x58
clean logits (bits): 10000110 10001010 10110010 10101100 10001000 10001101 10000110 01110110 10010010 01011000
clean logits (double): -12.000000 -7.000000 -1.437500 -1.625000 -8.000000 -5.500000 -12.000000 +7.000000 -3.750000 +1.750000
[  0.007s] clean prediction: 7 (true label 7)
[  0.278s] heuristic ROI: 2x2 block at rows 8-9, cols 23-24
[  0.470s] selection: nSym=2 (from 4), topx=2, rank_fast=off
[  0.470s] active patch: rows 8-8, cols 23-24 (derived from symPix)
[  0.917s] Proceeding to BaB (greedy enabled).
[  0.917s] Skipping root bound check (--no-root-bound).
[  0.917s] BaB search starting (K≤2, B≤4, nSym=2, depth_limit=500000000, widen=1.00)...
[  1.206s] PRUNE: margin=-4.093750, optimistic_rem(widened)=1.062500 → cannot exceed 0.
[  1.398s] PRUNE: margin=-4.750000, optimistic_rem(widened)=3.093750 → cannot exceed 0.
[  1.591s] PRUNE: margin=-4.750000, optimistic_rem(widened)=2.500000 → cannot exceed 0.
[  1.879s] PRUNE: margin=-4.687500, optimistic_rem(widened)=1.000000 → cannot exceed 0.
[  2.168s] PRUNE: margin=-4.656250, optimistic_rem(widened)=3.500000 → cannot exceed 0.
[  2.360s] PRUNE: margin=-4.656250, optimistic_rem(widened)=3.500000 → cannot exceed 0.
[  2.553s] PRUNE: margin=-4.687500, optimistic_rem(widened)=3.500000 → cannot exceed 0.
[  2.745s] PRUNE: margin=-4.687500, optimistic_rem(widened)=3.500000 → cannot exceed 0.
[  2.938s] PRUNE: margin=-4.656250, optimistic_rem(widened)=0.000000 → cannot exceed 0.
[  3.130s] PRUNE: margin=-4.656250, optimistic_rem(widened)=0.000000 → cannot exceed 0.
[  3.323s] PRUNE: margin=-4.656250, optimistic_rem(widened)=0.000000 → cannot exceed 0.
[  3.515s] PRUNE: margin=-4.656250, optimistic_rem(widened)=0.000000 → cannot exceed 0.
[  3.708s] PRUNE: margin=-4.718750, optimistic_rem(widened)=0.000000 → cannot exceed 0.
[  4.093s] PRUNE: margin=-4.656250, optimistic_rem(widened)=3.500000 → cannot exceed 0.
[  4.286s] PRUNE: margin=-4.687500, optimistic_rem(widened)=3.500000 → cannot exceed 0.
[  4.479s] PRUNE: margin=-4.687500, optimistic_rem(widened)=3.500000 → cannot exceed 0.
[  4.671s] PRUNE: margin=-4.656250, optimistic_rem(widened)=0.000000 → cannot exceed 0.
[  4.864s] PRUNE: margin=-4.656250, optimistic_rem(widened)=0.000000 → cannot exceed 0.
[  5.057s] PRUNE: margin=-4.656250, optimistic_rem(widened)=0.000000 → cannot exceed 0.
[  5.250s] PRUNE: margin=-4.656250, optimistic_rem(widened)=0.000000 → cannot exceed 0.
[  5.442s] PRUNE: margin=-4.718750, optimistic_rem(widened)=0.000000 → cannot exceed 0.
[  5.828s] PRUNE: margin=-4.687500, optimistic_rem(widened)=3.500000 → cannot exceed 0.
[  6.020s] PRUNE: margin=-4.718750, optimistic_rem(widened)=3.500000 → cannot exceed 0.
[  6.213s] PRUNE: margin=-4.656250, optimistic_rem(widened)=0.000000 → cannot exceed 0.
[  6.406s] PRUNE: margin=-4.656250, optimistic_rem(widened)=0.000000 → cannot exceed 0.
[  6.599s] PRUNE: margin=-4.656250, optimistic_rem(widened)=0.000000 → cannot exceed 0.
[  6.791s] PRUNE: margin=-4.687500, optimistic_rem(widened)=0.000000 → cannot exceed 0.
[  6.984s] PRUNE: margin=-4.718750, optimistic_rem(widened)=0.000000 → cannot exceed 0.
[  7.369s] PRUNE: margin=-4.687500, optimistic_rem(widened)=0.000000 → cannot exceed 0.
[  7.562s] PRUNE: margin=-4.750000, optimistic_rem(widened)=0.000000 → cannot exceed 0.
[  7.755s] PRUNE: margin=-4.718750, optimistic_rem(widened)=3.500000 → cannot exceed 0.
[  7.948s] PRUNE: margin=-4.687500, optimistic_rem(widened)=0.000000 → cannot exceed 0.
[  8.140s] PRUNE: margin=-4.687500, optimistic_rem(widened)=0.000000 → cannot exceed 0.
[  8.333s] PRUNE: margin=-4.687500, optimistic_rem(widened)=0.000000 → cannot exceed 0.
[  8.719s] PRUNE: margin=-4.750000, optimistic_rem(widened)=0.000000 → cannot exceed 0.
[  8.911s] PRUNE: margin=-4.687500, optimistic_rem(widened)=0.000000 → cannot exceed 0.
[  9.104s] PRUNE: margin=-4.687500, optimistic_rem(widened)=0.000000 → cannot exceed 0.
[  9.297s] PRUNE: margin=-4.718750, optimistic_rem(widened)=0.000000 → cannot exceed 0.
[  9.490s] PRUNE: margin=-4.718750, optimistic_rem(widened)=0.000000 → cannot exceed 0.
[  9.779s] PRUNE: margin=-4.656250, optimistic_rem(widened)=2.500000 → cannot exceed 0.
[  9.972s] PRUNE: margin=-4.656250, optimistic_rem(widened)=2.500000 → cannot exceed 0.
[ 10.164s] PRUNE: margin=-4.656250, optimistic_rem(widened)=2.500000 → cannot exceed 0.
[ 10.357s] PRUNE: margin=-4.656250, optimistic_rem(widened)=2.500000 → cannot exceed 0.
[ 10.550s] PRUNE: margin=-4.718750, optimistic_rem(widened)=3.000000 → cannot exceed 0.
[ 11.032s] PRUNE: margin=-4.656250, optimistic_rem(widened)=3.500000 → cannot exceed 0.
[ 11.225s] PRUNE: margin=-4.687500, optimistic_rem(widened)=3.500000 → cannot exceed 0.
[ 11.418s] PRUNE: margin=-4.718750, optimistic_rem(widened)=3.500000 → cannot exceed 0.
[ 11.610s] PRUNE: margin=-4.656250, optimistic_rem(widened)=0.000000 → cannot exceed 0.
[ 11.803s] PRUNE: margin=-4.656250, optimistic_rem(widened)=0.000000 → cannot exceed 0.
[ 11.996s] PRUNE: margin=-4.687500, optimistic_rem(widened)=0.000000 → cannot exceed 0.
[ 12.189s] PRUNE: margin=-4.687500, optimistic_rem(widened)=0.000000 → cannot exceed 0.
[ 12.381s] PRUNE: margin=-4.687500, optimistic_rem(widened)=0.000000 → cannot exceed 0.
[ 12.574s] PRUNE: margin=-4.718750, optimistic_rem(widened)=0.000000 → cannot exceed 0.
[ 12.960s] PRUNE: margin=-4.687500, optimistic_rem(widened)=3.500000 → cannot exceed 0.
[ 13.153s] PRUNE: margin=-4.718750, optimistic_rem(widened)=3.500000 → cannot exceed 0.
[ 13.345s] PRUNE: margin=-4.656250, optimistic_rem(widened)=0.000000 → cannot exceed 0.
[ 13.538s] PRUNE: margin=-4.656250, optimistic_rem(widened)=0.000000 → cannot exceed 0.
[ 13.731s] PRUNE: margin=-4.687500, optimistic_rem(widened)=0.000000 → cannot exceed 0.
[ 13.924s] PRUNE: margin=-4.687500, optimistic_rem(widened)=0.000000 → cannot exceed 0.
[ 14.117s] PRUNE: margin=-4.687500, optimistic_rem(widened)=0.000000 → cannot exceed 0.
[ 14.309s] PRUNE: margin=-4.718750, optimistic_rem(widened)=0.000000 → cannot exceed 0.
[ 14.695s] PRUNE: margin=-4.687500, optimistic_rem(widened)=0.000000 → cannot exceed 0.
[ 14.888s] PRUNE: margin=-4.718750, optimistic_rem(widened)=3.500000 → cannot exceed 0.
[ 15.081s] PRUNE: margin=-4.687500, optimistic_rem(widened)=0.000000 → cannot exceed 0.
[ 15.274s] PRUNE: margin=-4.687500, optimistic_rem(widened)=0.000000 → cannot exceed 0.
[ 15.467s] PRUNE: margin=-4.687500, optimistic_rem(widened)=0.000000 → cannot exceed 0.
[ 15.659s] PRUNE: margin=-4.687500, optimistic_rem(widened)=0.000000 → cannot exceed 0.
[ 15.852s] PRUNE: margin=-4.718750, optimistic_rem(widened)=0.000000 → cannot exceed 0.
[ 16.238s] PRUNE: margin=-4.750000, optimistic_rem(widened)=0.000000 → cannot exceed 0.
[ 16.431s] PRUNE: margin=-4.750000, optimistic_rem(widened)=0.000000 → cannot exceed 0.
[ 16.624s] PRUNE: margin=-4.718750, optimistic_rem(widened)=0.000000 → cannot exceed 0.
[ 16.817s] PRUNE: margin=-4.718750, optimistic_rem(widened)=0.000000 → cannot exceed 0.
[ 17.009s] PRUNE: margin=-4.718750, optimistic_rem(widened)=0.000000 → cannot exceed 0.
[ 17.202s] PRUNE: margin=-4.718750, optimistic_rem(widened)=0.000000 → cannot exceed 0.
[ 17.491s] PRUNE: margin=-4.656250, optimistic_rem(widened)=2.500000 → cannot exceed 0.
[ 17.684s] PRUNE: margin=-4.656250, optimistic_rem(widened)=2.500000 → cannot exceed 0.
[ 17.877s] PRUNE: margin=-4.687500, optimistic_rem(widened)=2.500000 → cannot exceed 0.
[ 18.069s] PRUNE: margin=-4.687500, optimistic_rem(widened)=2.500000 → cannot exceed 0.
[ 18.262s] PRUNE: margin=-4.687500, optimistic_rem(widened)=2.500000 → cannot exceed 0.
[ 18.449s] PRUNE: margin=-4.718750, optimistic_rem(widened)=3.000000 → cannot exceed 0.
[ 18.676s] PRUNE: margin=-4.656250, optimistic_rem(widened)=4.500000 → cannot exceed 0.
[ 18.797s] PRUNE: margin=-4.656250, optimistic_rem(widened)=4.500000 → cannot exceed 0.
[ 18.916s] PRUNE: margin=-4.656250, optimistic_rem(widened)=4.500000 → cannot exceed 0.
[ 19.160s] PRUNE: margin=-4.656250, optimistic_rem(widened)=2.500000 → cannot exceed 0.
[ 19.342s] PRUNE: margin=-4.656250, optimistic_rem(widened)=2.500000 → cannot exceed 0.
[ 19.535s] PRUNE: margin=-4.656250, optimistic_rem(widened)=2.500000 → cannot exceed 0.
[ 19.728s] PRUNE: margin=-4.687500, optimistic_rem(widened)=2.500000 → cannot exceed 0.
[ 19.920s] PRUNE: margin=-4.687500, optimistic_rem(widened)=2.500000 → cannot exceed 0.
[ 20.113s] PRUNE: margin=-4.718750, optimistic_rem(widened)=3.000000 → cannot exceed 0.
[ 20.498s] PRUNE: margin=-4.750000, optimistic_rem(widened)=1.500000 → cannot exceed 0.
[ 20.690s] PRUNE: margin=-4.687500, optimistic_rem(widened)=2.500000 → cannot exceed 0.
[ 20.883s] PRUNE: margin=-4.687500, optimistic_rem(widened)=2.500000 → cannot exceed 0.
[ 21.076s] PRUNE: margin=-4.687500, optimistic_rem(widened)=2.500000 → cannot exceed 0.
[ 21.268s] PRUNE: margin=-4.718750, optimistic_rem(widened)=3.000000 → cannot exceed 0.
[ 21.663s] PRUNE: margin=-4.656250, optimistic_rem(widened)=3.500000 → cannot exceed 0.
[ 21.825s] PRUNE: margin=-4.687500, optimistic_rem(widened)=3.500000 → cannot exceed 0.
[ 21.999s] PRUNE: margin=-4.718750, optimistic_rem(widened)=0.000000 → cannot exceed 0.
[ 22.321s] PRUNE: margin=-4.687500, optimistic_rem(widened)=3.500000 → cannot exceed 0.
[ 22.480s] PRUNE: margin=-4.718750, optimistic_rem(widened)=0.000000 → cannot exceed 0.
[ 22.864s] PRUNE: margin=-4.750000, optimistic_rem(widened)=0.000000 → cannot exceed 0.
[ 23.060s] PRUNE: margin=-4.687500, optimistic_rem(widened)=2.500000 → cannot exceed 0.
[ 23.357s] PRUNE: margin=-4.687500, optimistic_rem(widened)=3.500000 → cannot exceed 0.
[ 23.480s] PRUNE: margin=-4.718750, optimistic_rem(widened)=0.000000 → cannot exceed 0.
[ 23.755s] PRUNE: margin=-4.750000, optimistic_rem(widened)=0.000000 → cannot exceed 0.
[ 23.961s] PRUNE: margin=-4.687500, optimistic_rem(widened)=2.500000 → cannot exceed 0.
[ 24.321s] PRUNE: margin=-4.750000, optimistic_rem(widened)=0.000000 → cannot exceed 0.
[ 24.528s] PRUNE: margin=-4.718750, optimistic_rem(widened)=2.500000 → cannot exceed 0.
[ 24.820s] PRUNE: margin=-4.750000, optimistic_rem(widened)=1.500000 → cannot exceed 0.
[ 25.262s] PRUNE: margin=-4.281250, optimistic_rem(widened)=1.500000 → cannot exceed 0.
[ 25.384s] PRUNE: margin=-4.281250, optimistic_rem(widened)=2.250000 → cannot exceed 0.
[ 25.540s] PRUNE: margin=-4.750000, optimistic_rem(widened)=1.500000 → cannot exceed 0.
[ 25.732s] PRUNE: margin=-4.750000, optimistic_rem(widened)=3.250000 → cannot exceed 0.
[ 25.973s] PRUNE: margin=-4.687500, optimistic_rem(widened)=2.500000 → cannot exceed 0.
[ 26.112s] PRUNE: margin=-4.687500, optimistic_rem(widened)=2.500000 → cannot exceed 0.
[ 26.242s] PRUNE: margin=-4.718750, optimistic_rem(widened)=2.500000 → cannot exceed 0.
[ 26.367s] PRUNE: margin=-4.718750, optimistic_rem(widened)=2.500000 → cannot exceed 0.
[ 26.560s] PRUNE: margin=-4.687500, optimistic_rem(widened)=2.500000 → cannot exceed 0.
[ 26.757s] PRUNE: margin=-4.687500, optimistic_rem(widened)=2.500000 → cannot exceed 0.
[ 26.950s] PRUNE: margin=-4.687500, optimistic_rem(widened)=2.500000 → cannot exceed 0.
[ 27.117s] PRUNE: margin=-4.718750, optimistic_rem(widened)=2.500000 → cannot exceed 0.
[ 27.316s] PRUNE: margin=-4.718750, optimistic_rem(widened)=2.500000 → cannot exceed 0.
[ 27.724s] PRUNE: margin=-4.687500, optimistic_rem(widened)=2.500000 → cannot exceed 0.
[ 27.927s] PRUNE: margin=-4.718750, optimistic_rem(widened)=2.500000 → cannot exceed 0.
[ 28.130s] PRUNE: margin=-4.718750, optimistic_rem(widened)=2.500000 → cannot exceed 0.
[ 28.332s] PRUNE: margin=-4.687500, optimistic_rem(widened)=2.500000 → cannot exceed 0.
[ 28.535s] PRUNE: margin=-4.687500, optimistic_rem(widened)=2.500000 → cannot exceed 0.
[ 28.740s] PRUNE: margin=-4.687500, optimistic_rem(widened)=2.500000 → cannot exceed 0.
[ 28.941s] PRUNE: margin=-4.718750, optimistic_rem(widened)=2.500000 → cannot exceed 0.
[ 29.144s] PRUNE: margin=-4.718750, optimistic_rem(widened)=2.500000 → cannot exceed 0.
[ 29.545s] PRUNE: margin=-4.718750, optimistic_rem(widened)=1.000000 → cannot exceed 0.
[ 29.748s] PRUNE: margin=-4.718750, optimistic_rem(widened)=2.500000 → cannot exceed 0.
[ 29.950s] PRUNE: margin=-4.718750, optimistic_rem(widened)=2.500000 → cannot exceed 0.
[ 30.152s] PRUNE: margin=-4.687500, optimistic_rem(widened)=2.500000 → cannot exceed 0.
[ 30.354s] PRUNE: margin=-4.687500, optimistic_rem(widened)=2.500000 → cannot exceed 0.
[ 30.555s] PRUNE: margin=-4.687500, optimistic_rem(widened)=2.500000 → cannot exceed 0.
[ 30.755s] PRUNE: margin=-4.718750, optimistic_rem(widened)=2.500000 → cannot exceed 0.
[ 31.161s] PRUNE: margin=-4.750000, optimistic_rem(widened)=1.000000 → cannot exceed 0.
[ 31.363s] PRUNE: margin=-4.750000, optimistic_rem(widened)=1.000000 → cannot exceed 0.
[ 31.562s] PRUNE: margin=-4.718750, optimistic_rem(widened)=2.500000 → cannot exceed 0.
[ 31.767s] PRUNE: margin=-4.718750, optimistic_rem(widened)=2.500000 → cannot exceed 0.
[ 31.972s] PRUNE: margin=-4.718750, optimistic_rem(widened)=2.500000 → cannot exceed 0.
[ 32.170s] PRUNE: margin=-4.718750, optimistic_rem(widened)=2.500000 → cannot exceed 0.
[ 32.555s] PRUNE: margin=-4.718750, optimistic_rem(widened)=1.000000 → cannot exceed 0.
[ 32.747s] PRUNE: margin=-4.750000, optimistic_rem(widened)=1.000000 → cannot exceed 0.
[ 32.939s] PRUNE: margin=-4.718750, optimistic_rem(widened)=2.500000 → cannot exceed 0.
[ 33.132s] PRUNE: margin=-4.718750, optimistic_rem(widened)=2.500000 → cannot exceed 0.
[ 33.324s] PRUNE: margin=-4.718750, optimistic_rem(widened)=2.500000 → cannot exceed 0.
[ 33.805s] PRUNE: margin=-4.718750, optimistic_rem(widened)=1.500000 → cannot exceed 0.
[ 33.997s] PRUNE: margin=-4.718750, optimistic_rem(widened)=3.000000 → cannot exceed 0.
[ 34.190s] PRUNE: margin=-4.718750, optimistic_rem(widened)=3.000000 → cannot exceed 0.
[ 34.574s] PRUNE: margin=-4.750000, optimistic_rem(widened)=1.500000 → cannot exceed 0.
[ 34.766s] PRUNE: margin=-4.718750, optimistic_rem(widened)=3.000000 → cannot exceed 0.
[ 35.151s] PRUNE: margin=-4.750000, optimistic_rem(widened)=2.000000 → cannot exceed 0.
[ 35.919s] PRUNE: margin=-4.750000, optimistic_rem(widened)=1.500000 → cannot exceed 0.
[ 36.112s] PRUNE: margin=-4.718750, optimistic_rem(widened)=3.000000 → cannot exceed 0.
[ 36.496s] PRUNE: margin=-4.750000, optimistic_rem(widened)=2.000000 → cannot exceed 0.
[ 37.169s] PRUNE: margin=-4.718750, optimistic_rem(widened)=2.000000 → cannot exceed 0.
[ 37.746s] PRUNE: margin=-4.750000, optimistic_rem(widened)=2.500000 → cannot exceed 0.
[ 38.323s] PRUNE: margin=-5.250000, optimistic_rem(widened)=4.000000 → cannot exceed 0.
[ 38.515s] PRUNE: margin=-5.250000, optimistic_rem(widened)=4.000000 → cannot exceed 0.
[ 38.707s] PRUNE: margin=-5.250000, optimistic_rem(widened)=4.000000 → cannot exceed 0.
[ 38.900s] PRUNE: margin=-5.250000, optimistic_rem(widened)=4.031250 → cannot exceed 0.
[ 39.092s] PRUNE: margin=-5.281250, optimistic_rem(widened)=4.562500 → cannot exceed 0.
[ 39.284s] PRUNE: margin=-5.312500, optimistic_rem(widened)=4.593750 → cannot exceed 0.
[ 39.669s] PRUNE: margin=-4.687500, optimistic_rem(widened)=1.000000 → cannot exceed 0.
[ 39.861s] PRUNE: margin=-4.656250, optimistic_rem(widened)=2.500000 → cannot exceed 0.
[ 40.053s] PRUNE: margin=-4.656250, optimistic_rem(widened)=2.500000 → cannot exceed 0.
[ 40.245s] PRUNE: margin=-4.687500, optimistic_rem(widened)=2.500000 → cannot exceed 0.
[ 40.438s] PRUNE: margin=-4.687500, optimistic_rem(widened)=2.500000 → cannot exceed 0.
[ 40.630s] PRUNE: margin=-4.718750, optimistic_rem(widened)=3.000000 → cannot exceed 0.
[ 41.014s] PRUNE: margin=-4.656250, optimistic_rem(widened)=2.500000 → cannot exceed 0.
[ 41.207s] PRUNE: margin=-4.906250, optimistic_rem(widened)=2.500000 → cannot exceed 0.
[ 41.399s] PRUNE: margin=-4.906250, optimistic_rem(widened)=2.500000 → cannot exceed 0.
[ 41.591s] PRUNE: margin=-4.906250, optimistic_rem(widened)=2.500000 → cannot exceed 0.
[ 41.783s] PRUNE: margin=-4.906250, optimistic_rem(widened)=2.500000 → cannot exceed 0.
[ 42.168s] PRUNE: margin=-5.343750, optimistic_rem(widened)=3.000000 → cannot exceed 0.
[ 42.360s] PRUNE: margin=-5.343750, optimistic_rem(widened)=3.000000 → cannot exceed 0.
[ 42.553s] PRUNE: margin=-5.343750, optimistic_rem(widened)=3.000000 → cannot exceed 0.
[ 42.746s] PRUNE: margin=-5.375000, optimistic_rem(widened)=3.000000 → cannot exceed 0.
[ 43.130s] PRUNE: margin=-5.343750, optimistic_rem(widened)=3.000000 → cannot exceed 0.
[ 43.322s] PRUNE: margin=-5.343750, optimistic_rem(widened)=3.000000 → cannot exceed 0.
[ 43.515s] PRUNE: margin=-5.375000, optimistic_rem(widened)=3.000000 → cannot exceed 0.
[ 43.899s] PRUNE: margin=-5.343750, optimistic_rem(widened)=3.000000 → cannot exceed 0.
[ 44.091s] PRUNE: margin=-5.375000, optimistic_rem(widened)=3.000000 → cannot exceed 0.
[ 44.476s] PRUNE: margin=-5.375000, optimistic_rem(widened)=3.000000 → cannot exceed 0.
[ 45.052s] PRUNE: margin=-5.250000, optimistic_rem(widened)=4.031250 → cannot exceed 0.
[ 45.244s] PRUNE: margin=-5.250000, optimistic_rem(widened)=4.031250 → cannot exceed 0.
[ 45.437s] PRUNE: margin=-5.250000, optimistic_rem(widened)=4.000000 → cannot exceed 0.
[ 45.629s] PRUNE: margin=-5.250000, optimistic_rem(widened)=4.000000 → cannot exceed 0.
[ 45.821s] PRUNE: margin=-5.281250, optimistic_rem(widened)=4.531250 → cannot exceed 0.
[ 46.109s] PRUNE: margin=-4.937500, optimistic_rem(widened)=3.000000 → cannot exceed 0.
[ 46.494s] No counterexample within budgets (BaB): no misclassification found.
STATUS: No counterexample | best_upper_margin=4.156250 | elapsed=46.494s | pixels_changed=0 | total_bit_flips=0 | avg_hamming_per_pixel=0.000000 | patch_rows=8-8 | patch_cols=23-24 | note=no_counterexample_within_budgets
