[  0.000s] init: idx=7095 kmax=2 bmax=4 topx=2 widen=1.000 rank_fast=off
clean logits (hex):  0x84  0x8f  0x8f  0xcd  0x07  0x9f  0x87  0x15  0x03  0x70
clean logits (bits): 10000100 10001111 10001111 11001101 00000111 10011111 10000111 00010101 00000011 01110000
clean logits (double): -16.000000 -4.500000 -4.500000 -0.796875 +0.109375 -2.125000 -10.000000 +0.328125 +0.046875 +4.000000
[  0.009s] clean prediction: 9 (true label 9)
[  0.299s] heuristic ROI: 2x2 block at rows 12-13, cols 11-12
[  0.495s] selection: nSym=2 (from 4), topx=2, rank_fast=off
[  0.495s] active patch: rows 12-13, cols 11-12 (derived from symPix)
[  1.058s] Proceeding to BaB (greedy enabled).
[  1.058s] Skipping root bound check (--no-root-bound).
[  1.058s] BaB search starting (K≤2, B≤4, nSym=2, depth_limit=500000000, widen=1.00)...
[  1.553s] PRUNE: margin=-2.250000, optimistic_rem(widened)=0.000000 → cannot exceed 0.
[  1.751s] PRUNE: margin=-2.500000, optimistic_rem(widened)=0.000000 → cannot exceed 0.
[  1.948s] PRUNE: margin=-2.500000, optimistic_rem(widened)=0.000000 → cannot exceed 0.
[  2.145s] PRUNE: margin=-2.500000, optimistic_rem(widened)=0.000000 → cannot exceed 0.
[  2.342s] PRUNE: margin=-2.500000, optimistic_rem(widened)=0.000000 → cannot exceed 0.
[  2.539s] PRUNE: margin=-2.500000, optimistic_rem(widened)=0.000000 → cannot exceed 0.
[  2.736s] PRUNE: margin=-2.750000, optimistic_rem(widened)=0.000000 → cannot exceed 0.
[  2.933s] PRUNE: margin=-2.500000, optimistic_rem(widened)=0.000000 → cannot exceed 0.
[  3.131s] PRUNE: margin=-2.500000, optimistic_rem(widened)=0.000000 → cannot exceed 0.
[  3.327s] PRUNE: margin=-2.500000, optimistic_rem(widened)=0.000000 → cannot exceed 0.
[  3.526s] PRUNE: margin=-2.500000, optimistic_rem(widened)=0.000000 → cannot exceed 0.
[  3.723s] PRUNE: margin=-2.500000, optimistic_rem(widened)=0.000000 → cannot exceed 0.
[  3.919s] PRUNE: margin=-2.750000, optimistic_rem(widened)=0.000000 → cannot exceed 0.
[  4.313s] PRUNE: margin=-2.250000, optimistic_rem(widened)=0.000000 → cannot exceed 0.
[  4.510s] PRUNE: margin=-2.500000, optimistic_rem(widened)=0.000000 → cannot exceed 0.
[  4.707s] PRUNE: margin=-2.500000, optimistic_rem(widened)=0.000000 → cannot exceed 0.
[  4.904s] PRUNE: margin=-2.500000, optimistic_rem(widened)=0.000000 → cannot exceed 0.
[  5.100s] PRUNE: margin=-2.500000, optimistic_rem(widened)=0.000000 → cannot exceed 0.
[  5.297s] PRUNE: margin=-2.500000, optimistic_rem(widened)=0.000000 → cannot exceed 0.
[  5.494s] PRUNE: margin=-2.500000, optimistic_rem(widened)=0.000000 → cannot exceed 0.
[  5.691s] PRUNE: margin=-2.500000, optimistic_rem(widened)=0.000000 → cannot exceed 0.
[  5.888s] PRUNE: margin=-2.500000, optimistic_rem(widened)=0.000000 → cannot exceed 0.
[  6.085s] PRUNE: margin=-2.500000, optimistic_rem(widened)=0.000000 → cannot exceed 0.
[  6.282s] PRUNE: margin=-2.500000, optimistic_rem(widened)=0.000000 → cannot exceed 0.
[  6.478s] PRUNE: margin=-2.750000, optimistic_rem(widened)=0.000000 → cannot exceed 0.
[  6.873s] PRUNE: margin=-2.250000, optimistic_rem(widened)=0.000000 → cannot exceed 0.
[  7.070s] PRUNE: margin=-2.500000, optimistic_rem(widened)=0.000000 → cannot exceed 0.
[  7.266s] PRUNE: margin=-2.500000, optimistic_rem(widened)=0.000000 → cannot exceed 0.
[  7.463s] PRUNE: margin=-2.500000, optimistic_rem(widened)=0.000000 → cannot exceed 0.
[  7.660s] PRUNE: margin=-2.750000, optimistic_rem(widened)=0.000000 → cannot exceed 0.
[  7.856s] PRUNE: margin=-2.500000, optimistic_rem(widened)=0.000000 → cannot exceed 0.
[  8.053s] PRUNE: margin=-2.500000, optimistic_rem(widened)=0.000000 → cannot exceed 0.
[  8.250s] PRUNE: margin=-2.500000, optimistic_rem(widened)=0.000000 → cannot exceed 0.
[  8.447s] PRUNE: margin=-2.500000, optimistic_rem(widened)=0.000000 → cannot exceed 0.
[  8.643s] PRUNE: margin=-2.500000, optimistic_rem(widened)=0.000000 → cannot exceed 0.
[  8.840s] PRUNE: margin=-2.750000, optimistic_rem(widened)=0.000000 → cannot exceed 0.
[  9.234s] PRUNE: margin=-2.250000, optimistic_rem(widened)=0.000000 → cannot exceed 0.
[  9.431s] PRUNE: margin=-2.500000, optimistic_rem(widened)=0.000000 → cannot exceed 0.
[  9.629s] PRUNE: margin=-2.500000, optimistic_rem(widened)=0.000000 → cannot exceed 0.
[  9.826s] PRUNE: margin=-2.500000, optimistic_rem(widened)=0.000000 → cannot exceed 0.
[ 10.023s] PRUNE: margin=-2.500000, optimistic_rem(widened)=0.000000 → cannot exceed 0.
[ 10.220s] PRUNE: margin=-2.500000, optimistic_rem(widened)=0.000000 → cannot exceed 0.
[ 10.416s] PRUNE: margin=-2.500000, optimistic_rem(widened)=0.000000 → cannot exceed 0.
[ 10.614s] PRUNE: margin=-2.500000, optimistic_rem(widened)=0.000000 → cannot exceed 0.
[ 10.811s] PRUNE: margin=-2.500000, optimistic_rem(widened)=0.000000 → cannot exceed 0.
[ 11.007s] PRUNE: margin=-2.750000, optimistic_rem(widened)=0.000000 → cannot exceed 0.
[ 11.401s] PRUNE: margin=-2.250000, optimistic_rem(widened)=0.000000 → cannot exceed 0.
[ 11.597s] PRUNE: margin=-2.500000, optimistic_rem(widened)=0.000000 → cannot exceed 0.
[ 11.795s] PRUNE: margin=-2.750000, optimistic_rem(widened)=0.000000 → cannot exceed 0.
[ 11.991s] PRUNE: margin=-2.500000, optimistic_rem(widened)=0.000000 → cannot exceed 0.
[ 12.188s] PRUNE: margin=-2.500000, optimistic_rem(widened)=0.000000 → cannot exceed 0.
[ 12.385s] PRUNE: margin=-2.500000, optimistic_rem(widened)=0.000000 → cannot exceed 0.
[ 12.582s] PRUNE: margin=-2.500000, optimistic_rem(widened)=0.000000 → cannot exceed 0.
[ 12.779s] PRUNE: margin=-2.500000, optimistic_rem(widened)=0.000000 → cannot exceed 0.
[ 12.976s] PRUNE: margin=-2.750000, optimistic_rem(widened)=0.000000 → cannot exceed 0.
[ 13.370s] PRUNE: margin=-2.250000, optimistic_rem(widened)=0.000000 → cannot exceed 0.
[ 13.566s] PRUNE: margin=-2.750000, optimistic_rem(widened)=0.000000 → cannot exceed 0.
[ 13.763s] PRUNE: margin=-2.500000, optimistic_rem(widened)=0.000000 → cannot exceed 0.
[ 13.960s] PRUNE: margin=-2.500000, optimistic_rem(widened)=0.000000 → cannot exceed 0.
[ 14.156s] PRUNE: margin=-2.500000, optimistic_rem(widened)=0.000000 → cannot exceed 0.
[ 14.354s] PRUNE: margin=-2.500000, optimistic_rem(widened)=0.000000 → cannot exceed 0.
[ 14.550s] PRUNE: margin=-2.750000, optimistic_rem(widened)=0.000000 → cannot exceed 0.
[ 14.747s] PRUNE: margin=-2.750000, optimistic_rem(widened)=0.000000 → cannot exceed 0.
[ 15.140s] PRUNE: margin=-2.250000, optimistic_rem(widened)=0.000000 → cannot exceed 0.
[ 15.337s] PRUNE: margin=-2.750000, optimistic_rem(widened)=0.000000 → cannot exceed 0.
[ 15.535s] PRUNE: margin=-2.750000, optimistic_rem(widened)=0.000000 → cannot exceed 0.
[ 15.732s] PRUNE: margin=-2.750000, optimistic_rem(widened)=0.000000 → cannot exceed 0.
[ 15.928s] PRUNE: margin=-2.750000, optimistic_rem(widened)=0.000000 → cannot exceed 0.
[ 16.125s] PRUNE: margin=-2.750000, optimistic_rem(widened)=0.000000 → cannot exceed 0.
[ 16.321s] PRUNE: margin=-2.750000, optimistic_rem(widened)=0.000000 → cannot exceed 0.
[ 16.716s] PRUNE: margin=-2.250000, optimistic_rem(widened)=0.000000 → cannot exceed 0.
[ 16.913s] PRUNE: margin=-2.500000, optimistic_rem(widened)=0.000000 → cannot exceed 0.
[ 17.109s] PRUNE: margin=-2.500000, optimistic_rem(widened)=0.000000 → cannot exceed 0.
[ 17.306s] PRUNE: margin=-2.500000, optimistic_rem(widened)=0.000000 → cannot exceed 0.
[ 17.502s] PRUNE: margin=-2.500000, optimistic_rem(widened)=0.000000 → cannot exceed 0.
[ 17.700s] PRUNE: margin=-2.750000, optimistic_rem(widened)=0.000000 → cannot exceed 0.
[ 18.095s] PRUNE: margin=-2.250000, optimistic_rem(widened)=0.000000 → cannot exceed 0.
[ 18.291s] PRUNE: margin=-2.500000, optimistic_rem(widened)=0.000000 → cannot exceed 0.
[ 18.488s] PRUNE: margin=-2.500000, optimistic_rem(widened)=0.000000 → cannot exceed 0.
[ 18.685s] PRUNE: margin=-2.500000, optimistic_rem(widened)=0.000000 → cannot exceed 0.
[ 18.882s] PRUNE: margin=-2.750000, optimistic_rem(widened)=0.000000 → cannot exceed 0.
[ 19.276s] PRUNE: margin=-2.500000, optimistic_rem(widened)=0.000000 → cannot exceed 0.
[ 19.473s] PRUNE: margin=-2.500000, optimistic_rem(widened)=0.000000 → cannot exceed 0.
[ 19.670s] PRUNE: margin=-2.500000, optimistic_rem(widened)=0.000000 → cannot exceed 0.
[ 19.866s] PRUNE: margin=-2.750000, optimistic_rem(widened)=0.000000 → cannot exceed 0.
[ 20.259s] PRUNE: margin=-2.250000, optimistic_rem(widened)=0.000000 → cannot exceed 0.
[ 20.456s] PRUNE: margin=-2.500000, optimistic_rem(widened)=0.000000 → cannot exceed 0.
[ 20.653s] PRUNE: margin=-2.750000, optimistic_rem(widened)=0.000000 → cannot exceed 0.
[ 21.046s] PRUNE: margin=-2.250000, optimistic_rem(widened)=0.000000 → cannot exceed 0.
[ 21.243s] PRUNE: margin=-2.750000, optimistic_rem(widened)=0.000000 → cannot exceed 0.
[ 21.538s] PRUNE: margin=-2.500000, optimistic_rem(widened)=0.765625 → cannot exceed 0.
[ 21.741s] PRUNE: margin=-2.750000, optimistic_rem(widened)=0.750000 → cannot exceed 0.
[ 22.101s] PRUNE: margin=-2.250000, optimistic_rem(widened)=0.000000 → cannot exceed 0.
[ 22.242s] PRUNE: margin=-2.250000, optimistic_rem(widened)=0.000000 → cannot exceed 0.
[ 22.414s] PRUNE: margin=-2.250000, optimistic_rem(widened)=0.000000 → cannot exceed 0.
[ 22.570s] PRUNE: margin=-2.500000, optimistic_rem(widened)=0.000000 → cannot exceed 0.
[ 22.733s] PRUNE: margin=-2.500000, optimistic_rem(widened)=0.000000 → cannot exceed 0.
[ 22.872s] PRUNE: margin=-2.500000, optimistic_rem(widened)=0.000000 → cannot exceed 0.
[ 23.035s] PRUNE: margin=-2.500000, optimistic_rem(widened)=0.000000 → cannot exceed 0.
[ 23.198s] PRUNE: margin=-2.500000, optimistic_rem(widened)=0.000000 → cannot exceed 0.
[ 23.369s] PRUNE: margin=-2.500000, optimistic_rem(widened)=0.000000 → cannot exceed 0.
[ 23.537s] PRUNE: margin=-2.500000, optimistic_rem(widened)=0.000000 → cannot exceed 0.
[ 23.698s] PRUNE: margin=-2.500000, optimistic_rem(widened)=0.000000 → cannot exceed 0.
[ 23.854s] PRUNE: margin=-2.500000, optimistic_rem(widened)=0.000000 → cannot exceed 0.
[ 24.172s] PRUNE: margin=-2.500000, optimistic_rem(widened)=0.000000 → cannot exceed 0.
[ 24.335s] PRUNE: margin=-2.500000, optimistic_rem(widened)=0.000000 → cannot exceed 0.
[ 24.493s] PRUNE: margin=-2.500000, optimistic_rem(widened)=0.500000 → cannot exceed 0.
[ 24.653s] PRUNE: margin=-2.500000, optimistic_rem(widened)=0.500000 → cannot exceed 0.
[ 24.815s] PRUNE: margin=-2.500000, optimistic_rem(widened)=0.000000 → cannot exceed 0.
[ 24.978s] PRUNE: margin=-2.500000, optimistic_rem(widened)=0.000000 → cannot exceed 0.
[ 25.138s] PRUNE: margin=-2.500000, optimistic_rem(widened)=0.000000 → cannot exceed 0.
[ 25.295s] PRUNE: margin=-2.562500, optimistic_rem(widened)=0.000000 → cannot exceed 0.
[ 25.469s] PRUNE: margin=-2.500000, optimistic_rem(widened)=0.500000 → cannot exceed 0.
[ 25.622s] PRUNE: margin=-2.500000, optimistic_rem(widened)=0.500000 → cannot exceed 0.
[ 25.782s] PRUNE: margin=-2.500000, optimistic_rem(widened)=0.500000 → cannot exceed 0.
[ 26.176s] PRUNE: margin=-2.562500, optimistic_rem(widened)=0.000000 → cannot exceed 0.
[ 26.371s] PRUNE: margin=-2.562500, optimistic_rem(widened)=0.000000 → cannot exceed 0.
[ 26.565s] PRUNE: margin=-2.562500, optimistic_rem(widened)=0.000000 → cannot exceed 0.
[ 26.760s] PRUNE: margin=-2.562500, optimistic_rem(widened)=0.000000 → cannot exceed 0.
[ 26.955s] PRUNE: margin=-2.562500, optimistic_rem(widened)=0.000000 → cannot exceed 0.
[ 27.150s] PRUNE: margin=-2.562500, optimistic_rem(widened)=0.000000 → cannot exceed 0.
[ 27.346s] PRUNE: margin=-2.562500, optimistic_rem(widened)=0.000000 → cannot exceed 0.
[ 27.541s] PRUNE: margin=-2.562500, optimistic_rem(widened)=0.000000 → cannot exceed 0.
[ 27.736s] PRUNE: margin=-2.562500, optimistic_rem(widened)=0.000000 → cannot exceed 0.
[ 27.931s] PRUNE: margin=-2.562500, optimistic_rem(widened)=0.000000 → cannot exceed 0.
[ 28.321s] PRUNE: margin=-2.562500, optimistic_rem(widened)=0.000000 → cannot exceed 0.
[ 28.516s] PRUNE: margin=-2.593750, optimistic_rem(widened)=0.000000 → cannot exceed 0.
[ 28.712s] PRUNE: margin=-2.562500, optimistic_rem(widened)=0.000000 → cannot exceed 0.
[ 28.907s] PRUNE: margin=-2.562500, optimistic_rem(widened)=0.000000 → cannot exceed 0.
[ 29.102s] PRUNE: margin=-2.562500, optimistic_rem(widened)=0.000000 → cannot exceed 0.
[ 29.297s] PRUNE: margin=-2.562500, optimistic_rem(widened)=0.000000 → cannot exceed 0.
[ 29.492s] PRUNE: margin=-2.562500, optimistic_rem(widened)=0.000000 → cannot exceed 0.
[ 29.687s] PRUNE: margin=-2.562500, optimistic_rem(widened)=0.000000 → cannot exceed 0.
[ 29.883s] PRUNE: margin=-2.562500, optimistic_rem(widened)=0.000000 → cannot exceed 0.
[ 30.273s] PRUNE: margin=-2.500000, optimistic_rem(widened)=0.000000 → cannot exceed 0.
[ 30.469s] PRUNE: margin=-2.562500, optimistic_rem(widened)=0.000000 → cannot exceed 0.
[ 30.668s] PRUNE: margin=-2.562500, optimistic_rem(widened)=0.000000 → cannot exceed 0.
[ 30.853s] PRUNE: margin=-2.562500, optimistic_rem(widened)=0.000000 → cannot exceed 0.
[ 30.997s] PRUNE: margin=-2.562500, optimistic_rem(widened)=0.000000 → cannot exceed 0.
[ 31.133s] PRUNE: margin=-2.562500, optimistic_rem(widened)=0.000000 → cannot exceed 0.
[ 31.273s] PRUNE: margin=-2.562500, optimistic_rem(widened)=0.000000 → cannot exceed 0.
[ 31.419s] PRUNE: margin=-2.562500, optimistic_rem(widened)=0.000000 → cannot exceed 0.
[ 31.701s] PRUNE: margin=-2.562500, optimistic_rem(widened)=0.000000 → cannot exceed 0.
[ 31.843s] PRUNE: margin=-2.562500, optimistic_rem(widened)=0.000000 → cannot exceed 0.
[ 31.984s] PRUNE: margin=-2.562500, optimistic_rem(widened)=0.000000 → cannot exceed 0.
[ 32.146s] PRUNE: margin=-2.562500, optimistic_rem(widened)=0.000000 → cannot exceed 0.
[ 32.317s] PRUNE: margin=-2.593750, optimistic_rem(widened)=0.000000 → cannot exceed 0.
[ 32.475s] PRUNE: margin=-2.562500, optimistic_rem(widened)=0.000000 → cannot exceed 0.
[ 32.647s] PRUNE: margin=-2.562500, optimistic_rem(widened)=0.000000 → cannot exceed 0.
[ 32.987s] PRUNE: margin=-2.500000, optimistic_rem(widened)=0.000000 → cannot exceed 0.
[ 33.145s] PRUNE: margin=-2.500000, optimistic_rem(widened)=0.000000 → cannot exceed 0.
[ 33.298s] PRUNE: margin=-2.562500, optimistic_rem(widened)=0.000000 → cannot exceed 0.
[ 33.454s] PRUNE: margin=-2.562500, optimistic_rem(widened)=0.000000 → cannot exceed 0.
[ 33.624s] PRUNE: margin=-2.562500, optimistic_rem(widened)=0.000000 → cannot exceed 0.
[ 33.782s] PRUNE: margin=-2.562500, optimistic_rem(widened)=0.000000 → cannot exceed 0.
[ 34.065s] PRUNE: margin=-2.500000, optimistic_rem(widened)=0.000000 → cannot exceed 0.
[ 34.204s] PRUNE: margin=-2.500000, optimistic_rem(widened)=0.000000 → cannot exceed 0.
[ 34.338s] PRUNE: margin=-2.562500, optimistic_rem(widened)=0.000000 → cannot exceed 0.
[ 34.498s] PRUNE: margin=-2.562500, optimistic_rem(widened)=0.000000 → cannot exceed 0.
[ 34.667s] PRUNE: margin=-2.562500, optimistic_rem(widened)=0.000000 → cannot exceed 0.
[ 34.990s] PRUNE: margin=-2.562500, optimistic_rem(widened)=0.562500 → cannot exceed 0.
[ 35.151s] PRUNE: margin=-2.562500, optimistic_rem(widened)=0.562500 → cannot exceed 0.
[ 35.310s] PRUNE: margin=-2.562500, optimistic_rem(widened)=0.562500 → cannot exceed 0.
[ 35.468s] PRUNE: margin=-2.562500, optimistic_rem(widened)=0.562500 → cannot exceed 0.
[ 35.794s] PRUNE: margin=-2.562500, optimistic_rem(widened)=0.562500 → cannot exceed 0.
[ 35.952s] PRUNE: margin=-2.562500, optimistic_rem(widened)=0.562500 → cannot exceed 0.
[ 36.114s] PRUNE: margin=-2.562500, optimistic_rem(widened)=0.562500 → cannot exceed 0.
[ 36.435s] PRUNE: margin=-2.562500, optimistic_rem(widened)=0.562500 → cannot exceed 0.
[ 36.596s] PRUNE: margin=-2.562500, optimistic_rem(widened)=0.562500 → cannot exceed 0.
[ 36.956s] PRUNE: margin=-2.562500, optimistic_rem(widened)=0.562500 → cannot exceed 0.
[ 37.737s] PRUNE: margin=-2.500000, optimistic_rem(widened)=0.000000 → cannot exceed 0.
[ 37.932s] PRUNE: margin=-2.562500, optimistic_rem(widened)=0.000000 → cannot exceed 0.
[ 38.128s] PRUNE: margin=-2.562500, optimistic_rem(widened)=0.000000 → cannot exceed 0.
[ 38.323s] PRUNE: margin=-2.562500, optimistic_rem(widened)=0.000000 → cannot exceed 0.
[ 38.519s] PRUNE: margin=-2.562500, optimistic_rem(widened)=0.000000 → cannot exceed 0.
[ 38.714s] PRUNE: margin=-2.562500, optimistic_rem(widened)=0.000000 → cannot exceed 0.
[ 38.910s] PRUNE: margin=-2.562500, optimistic_rem(widened)=0.000000 → cannot exceed 0.
[ 39.105s] PRUNE: margin=-2.562500, optimistic_rem(widened)=0.000000 → cannot exceed 0.
[ 39.301s] PRUNE: margin=-2.562500, optimistic_rem(widened)=0.000000 → cannot exceed 0.
[ 39.497s] PRUNE: margin=-2.562500, optimistic_rem(widened)=0.000000 → cannot exceed 0.
[ 39.692s] PRUNE: margin=-2.562500, optimistic_rem(widened)=0.000000 → cannot exceed 0.
[ 40.013s] PRUNE: margin=-2.500000, optimistic_rem(widened)=0.000000 → cannot exceed 0.
[ 40.135s] PRUNE: margin=-2.500000, optimistic_rem(widened)=0.000000 → cannot exceed 0.
[ 40.275s] PRUNE: margin=-2.562500, optimistic_rem(widened)=0.000000 → cannot exceed 0.
[ 40.416s] PRUNE: margin=-2.562500, optimistic_rem(widened)=0.000000 → cannot exceed 0.
[ 40.568s] PRUNE: margin=-2.562500, optimistic_rem(widened)=0.000000 → cannot exceed 0.
[ 40.705s] PRUNE: margin=-2.562500, optimistic_rem(widened)=0.000000 → cannot exceed 0.
[ 40.855s] PRUNE: margin=-2.562500, optimistic_rem(widened)=0.000000 → cannot exceed 0.
[ 40.996s] PRUNE: margin=-2.562500, optimistic_rem(widened)=0.000000 → cannot exceed 0.
[ 41.132s] PRUNE: margin=-2.562500, optimistic_rem(widened)=0.000000 → cannot exceed 0.
[ 41.280s] PRUNE: margin=-2.562500, optimistic_rem(widened)=0.000000 → cannot exceed 0.
[ 41.621s] PRUNE: margin=-2.562500, optimistic_rem(widened)=0.000000 → cannot exceed 0.
[ 41.817s] PRUNE: margin=-2.562500, optimistic_rem(widened)=0.000000 → cannot exceed 0.
[ 42.013s] PRUNE: margin=-2.562500, optimistic_rem(widened)=0.000000 → cannot exceed 0.
[ 42.209s] PRUNE: margin=-2.593750, optimistic_rem(widened)=0.000000 → cannot exceed 0.
[ 42.405s] PRUNE: margin=-2.562500, optimistic_rem(widened)=0.000000 → cannot exceed 0.
[ 42.601s] PRUNE: margin=-2.562500, optimistic_rem(widened)=0.000000 → cannot exceed 0.
[ 42.796s] PRUNE: margin=-2.593750, optimistic_rem(widened)=0.000000 → cannot exceed 0.
[ 42.992s] PRUNE: margin=-2.562500, optimistic_rem(widened)=0.000000 → cannot exceed 0.
[ 43.188s] PRUNE: margin=-2.562500, optimistic_rem(widened)=0.000000 → cannot exceed 0.
[ 43.580s] PRUNE: margin=-2.500000, optimistic_rem(widened)=0.000000 → cannot exceed 0.
[ 43.776s] PRUNE: margin=-2.562500, optimistic_rem(widened)=0.000000 → cannot exceed 0.
[ 43.971s] PRUNE: margin=-2.562500, optimistic_rem(widened)=0.000000 → cannot exceed 0.
[ 44.167s] PRUNE: margin=-2.562500, optimistic_rem(widened)=0.000000 → cannot exceed 0.
[ 44.363s] PRUNE: margin=-2.562500, optimistic_rem(widened)=0.000000 → cannot exceed 0.
[ 44.559s] PRUNE: margin=-2.562500, optimistic_rem(widened)=0.000000 → cannot exceed 0.
[ 44.755s] PRUNE: margin=-2.562500, optimistic_rem(widened)=0.000000 → cannot exceed 0.
[ 44.951s] PRUNE: margin=-2.562500, optimistic_rem(widened)=0.000000 → cannot exceed 0.
[ 45.343s] PRUNE: margin=-2.562500, optimistic_rem(widened)=0.000000 → cannot exceed 0.
[ 45.538s] PRUNE: margin=-2.562500, optimistic_rem(widened)=0.000000 → cannot exceed 0.
[ 45.734s] PRUNE: margin=-2.562500, optimistic_rem(widened)=0.000000 → cannot exceed 0.
[ 45.930s] PRUNE: margin=-2.562500, optimistic_rem(widened)=0.000000 → cannot exceed 0.
[ 46.126s] PRUNE: margin=-2.562500, optimistic_rem(widened)=0.000000 → cannot exceed 0.
[ 46.321s] PRUNE: margin=-2.562500, optimistic_rem(widened)=0.000000 → cannot exceed 0.
[ 46.517s] PRUNE: margin=-2.562500, optimistic_rem(widened)=0.000000 → cannot exceed 0.
[ 46.909s] PRUNE: margin=-2.593750, optimistic_rem(widened)=0.000000 → cannot exceed 0.
[ 47.105s] PRUNE: margin=-2.593750, optimistic_rem(widened)=0.000000 → cannot exceed 0.
[ 47.301s] PRUNE: margin=-2.593750, optimistic_rem(widened)=0.000000 → cannot exceed 0.
[ 47.497s] PRUNE: margin=-2.593750, optimistic_rem(widened)=0.000000 → cannot exceed 0.
[ 47.693s] PRUNE: margin=-2.593750, optimistic_rem(widened)=0.000000 → cannot exceed 0.
[ 47.889s] PRUNE: margin=-2.593750, optimistic_rem(widened)=0.000000 → cannot exceed 0.
[ 48.178s] PRUNE: margin=-2.593750, optimistic_rem(widened)=0.000000 → cannot exceed 0.
[ 48.328s] PRUNE: margin=-2.593750, optimistic_rem(widened)=0.000000 → cannot exceed 0.
[ 48.464s] PRUNE: margin=-2.593750, optimistic_rem(widened)=0.000000 → cannot exceed 0.
[ 48.610s] PRUNE: margin=-2.593750, optimistic_rem(widened)=0.000000 → cannot exceed 0.
[ 48.748s] PRUNE: margin=-2.593750, optimistic_rem(widened)=0.000000 → cannot exceed 0.
[ 49.032s] PRUNE: margin=-2.593750, optimistic_rem(widened)=0.000000 → cannot exceed 0.
[ 49.167s] PRUNE: margin=-2.593750, optimistic_rem(widened)=0.000000 → cannot exceed 0.
[ 49.305s] PRUNE: margin=-2.593750, optimistic_rem(widened)=0.000000 → cannot exceed 0.
[ 49.444s] PRUNE: margin=-2.593750, optimistic_rem(widened)=0.000000 → cannot exceed 0.
[ 49.724s] PRUNE: margin=-2.593750, optimistic_rem(widened)=0.000000 → cannot exceed 0.
[ 49.867s] PRUNE: margin=-2.593750, optimistic_rem(widened)=0.000000 → cannot exceed 0.
[ 50.038s] PRUNE: margin=-2.593750, optimistic_rem(widened)=0.000000 → cannot exceed 0.
[ 50.374s] PRUNE: margin=-2.562500, optimistic_rem(widened)=0.000000 → cannot exceed 0.
[ 50.541s] PRUNE: margin=-2.562500, optimistic_rem(widened)=0.000000 → cannot exceed 0.
[ 50.877s] PRUNE: margin=-2.593750, optimistic_rem(widened)=0.000000 → cannot exceed 0.
[ 51.596s] PRUNE: margin=-2.562500, optimistic_rem(widened)=0.000000 → cannot exceed 0.
[ 51.793s] PRUNE: margin=-2.593750, optimistic_rem(widened)=0.000000 → cannot exceed 0.
[ 51.990s] PRUNE: margin=-2.562500, optimistic_rem(widened)=0.000000 → cannot exceed 0.
[ 52.187s] PRUNE: margin=-2.593750, optimistic_rem(widened)=0.000000 → cannot exceed 0.
[ 52.383s] PRUNE: margin=-2.562500, optimistic_rem(widened)=0.000000 → cannot exceed 0.
[ 52.580s] PRUNE: margin=-2.562500, optimistic_rem(widened)=0.000000 → cannot exceed 0.
[ 52.776s] PRUNE: margin=-2.562500, optimistic_rem(widened)=0.000000 → cannot exceed 0.
[ 52.974s] PRUNE: margin=-2.593750, optimistic_rem(widened)=0.000000 → cannot exceed 0.
[ 53.170s] PRUNE: margin=-2.562500, optimistic_rem(widened)=0.000000 → cannot exceed 0.
[ 53.367s] PRUNE: margin=-2.562500, optimistic_rem(widened)=0.000000 → cannot exceed 0.
[ 53.760s] PRUNE: margin=-2.562500, optimistic_rem(widened)=0.000000 → cannot exceed 0.
[ 53.957s] PRUNE: margin=-2.593750, optimistic_rem(widened)=0.000000 → cannot exceed 0.
[ 54.154s] PRUNE: margin=-2.593750, optimistic_rem(widened)=0.000000 → cannot exceed 0.
[ 54.351s] PRUNE: margin=-2.593750, optimistic_rem(widened)=0.000000 → cannot exceed 0.
[ 54.548s] PRUNE: margin=-2.625000, optimistic_rem(widened)=0.000000 → cannot exceed 0.
[ 54.744s] PRUNE: margin=-2.593750, optimistic_rem(widened)=0.000000 → cannot exceed 0.
[ 54.941s] PRUNE: margin=-2.593750, optimistic_rem(widened)=0.000000 → cannot exceed 0.
[ 55.138s] PRUNE: margin=-2.593750, optimistic_rem(widened)=0.000000 → cannot exceed 0.
[ 55.335s] PRUNE: margin=-2.593750, optimistic_rem(widened)=0.000000 → cannot exceed 0.
[ 55.728s] PRUNE: margin=-2.593750, optimistic_rem(widened)=0.000000 → cannot exceed 0.
[ 55.925s] PRUNE: margin=-2.593750, optimistic_rem(widened)=0.000000 → cannot exceed 0.
[ 56.122s] PRUNE: margin=-2.593750, optimistic_rem(widened)=0.000000 → cannot exceed 0.
[ 56.318s] PRUNE: margin=-2.593750, optimistic_rem(widened)=0.000000 → cannot exceed 0.
[ 56.515s] PRUNE: margin=-2.593750, optimistic_rem(widened)=0.593750 → cannot exceed 0.
[ 56.711s] PRUNE: margin=-2.593750, optimistic_rem(widened)=0.593750 → cannot exceed 0.
[ 56.908s] PRUNE: margin=-2.593750, optimistic_rem(widened)=0.593750 → cannot exceed 0.
[ 57.105s] PRUNE: margin=-2.593750, optimistic_rem(widened)=0.593750 → cannot exceed 0.
[ 57.498s] PRUNE: margin=-2.687500, optimistic_rem(widened)=0.000000 → cannot exceed 0.
[ 57.695s] PRUNE: margin=-2.718750, optimistic_rem(widened)=0.000000 → cannot exceed 0.
[ 57.891s] PRUNE: margin=-2.718750, optimistic_rem(widened)=0.000000 → cannot exceed 0.
[ 58.088s] PRUNE: margin=-2.593750, optimistic_rem(widened)=0.000000 → cannot exceed 0.
[ 58.284s] PRUNE: margin=-2.625000, optimistic_rem(widened)=0.000000 → cannot exceed 0.
[ 58.481s] PRUNE: margin=-2.625000, optimistic_rem(widened)=0.000000 → cannot exceed 0.
[ 58.677s] PRUNE: margin=-2.625000, optimistic_rem(widened)=0.000000 → cannot exceed 0.
[ 59.070s] PRUNE: margin=-2.718750, optimistic_rem(widened)=0.000000 → cannot exceed 0.
[ 59.267s] PRUNE: margin=-2.687500, optimistic_rem(widened)=0.000000 → cannot exceed 0.
[ 59.463s] PRUNE: margin=-2.593750, optimistic_rem(widened)=0.000000 → cannot exceed 0.
[ 59.660s] PRUNE: margin=-2.625000, optimistic_rem(widened)=0.000000 → cannot exceed 0.
[ 59.857s] PRUNE: margin=-2.625000, optimistic_rem(widened)=0.000000 → cannot exceed 0.
[ 60.054s] PRUNE: margin=-2.625000, optimistic_rem(widened)=0.000000 → cannot exceed 0.
[ 60.447s] PRUNE: margin=-2.718750, optimistic_rem(widened)=0.000000 → cannot exceed 0.
[ 60.644s] PRUNE: margin=-2.718750, optimistic_rem(widened)=0.468750 → cannot exceed 0.
[ 60.840s] PRUNE: margin=-2.593750, optimistic_rem(widened)=0.593750 → cannot exceed 0.
[ 61.037s] PRUNE: margin=-2.625000, optimistic_rem(widened)=0.000000 → cannot exceed 0.
[ 61.234s] PRUNE: margin=-2.625000, optimistic_rem(widened)=0.375000 → cannot exceed 0.
[ 61.627s] PRUNE: margin=-2.718750, optimistic_rem(widened)=0.000000 → cannot exceed 0.
[ 61.823s] PRUNE: margin=-2.718750, optimistic_rem(widened)=0.468750 → cannot exceed 0.
[ 62.020s] PRUNE: margin=-2.593750, optimistic_rem(widened)=0.593750 → cannot exceed 0.
[ 62.216s] PRUNE: margin=-2.625000, optimistic_rem(widened)=0.000000 → cannot exceed 0.
[ 62.610s] PRUNE: margin=-2.625000, optimistic_rem(widened)=0.000000 → cannot exceed 0.
[ 62.806s] PRUNE: margin=-2.625000, optimistic_rem(widened)=0.000000 → cannot exceed 0.
[ 63.003s] PRUNE: margin=-2.625000, optimistic_rem(widened)=0.375000 → cannot exceed 0.
[ 63.396s] PRUNE: margin=-2.718750, optimistic_rem(widened)=0.000000 → cannot exceed 0.
[ 63.592s] PRUNE: margin=-2.718750, optimistic_rem(widened)=0.000000 → cannot exceed 0.
[ 63.985s] PRUNE: margin=-2.718750, optimistic_rem(widened)=0.000000 → cannot exceed 0.
[ 64.772s] PRUNE: margin=-2.687500, optimistic_rem(widened)=0.000000 → cannot exceed 0.
[ 64.969s] PRUNE: margin=-2.593750, optimistic_rem(widened)=0.000000 → cannot exceed 0.
[ 65.165s] PRUNE: margin=-2.625000, optimistic_rem(widened)=0.000000 → cannot exceed 0.
[ 65.363s] PRUNE: margin=-2.593750, optimistic_rem(widened)=0.000000 → cannot exceed 0.
[ 65.559s] PRUNE: margin=-2.593750, optimistic_rem(widened)=0.000000 → cannot exceed 0.
[ 65.756s] PRUNE: margin=-2.593750, optimistic_rem(widened)=0.000000 → cannot exceed 0.
[ 65.953s] PRUNE: margin=-2.593750, optimistic_rem(widened)=0.000000 → cannot exceed 0.
[ 66.150s] PRUNE: margin=-2.625000, optimistic_rem(widened)=0.000000 → cannot exceed 0.
[ 66.346s] PRUNE: margin=-2.593750, optimistic_rem(widened)=0.000000 → cannot exceed 0.
[ 66.739s] PRUNE: margin=-2.593750, optimistic_rem(widened)=0.000000 → cannot exceed 0.
[ 66.936s] PRUNE: margin=-2.593750, optimistic_rem(widened)=0.000000 → cannot exceed 0.
[ 67.133s] PRUNE: margin=-2.625000, optimistic_rem(widened)=0.000000 → cannot exceed 0.
[ 67.330s] PRUNE: margin=-2.625000, optimistic_rem(widened)=0.000000 → cannot exceed 0.
[ 67.527s] PRUNE: margin=-2.625000, optimistic_rem(widened)=0.000000 → cannot exceed 0.
[ 67.723s] PRUNE: margin=-2.687500, optimistic_rem(widened)=0.000000 → cannot exceed 0.
[ 67.920s] PRUNE: margin=-2.687500, optimistic_rem(widened)=0.000000 → cannot exceed 0.
[ 68.117s] PRUNE: margin=-2.687500, optimistic_rem(widened)=0.000000 → cannot exceed 0.
[ 68.510s] PRUNE: margin=-2.687500, optimistic_rem(widened)=0.000000 → cannot exceed 0.
[ 68.707s] PRUNE: margin=-2.687500, optimistic_rem(widened)=0.000000 → cannot exceed 0.
[ 68.904s] PRUNE: margin=-2.687500, optimistic_rem(widened)=0.000000 → cannot exceed 0.
[ 69.100s] PRUNE: margin=-2.718750, optimistic_rem(widened)=0.000000 → cannot exceed 0.
[ 69.297s] PRUNE: margin=-2.687500, optimistic_rem(widened)=0.000000 → cannot exceed 0.
[ 69.494s] PRUNE: margin=-2.687500, optimistic_rem(widened)=0.000000 → cannot exceed 0.
[ 69.690s] PRUNE: margin=-2.718750, optimistic_rem(widened)=0.000000 → cannot exceed 0.
[ 70.084s] PRUNE: margin=-2.718750, optimistic_rem(widened)=0.000000 → cannot exceed 0.
[ 70.281s] PRUNE: margin=-2.718750, optimistic_rem(widened)=0.000000 → cannot exceed 0.
[ 70.478s] PRUNE: margin=-2.750000, optimistic_rem(widened)=0.000000 → cannot exceed 0.
[ 70.675s] PRUNE: margin=-2.718750, optimistic_rem(widened)=0.000000 → cannot exceed 0.
[ 70.871s] PRUNE: margin=-2.718750, optimistic_rem(widened)=0.000000 → cannot exceed 0.
[ 71.068s] PRUNE: margin=-2.718750, optimistic_rem(widened)=0.000000 → cannot exceed 0.
[ 71.461s] PRUNE: margin=-2.718750, optimistic_rem(widened)=0.000000 → cannot exceed 0.
[ 71.658s] PRUNE: margin=-2.718750, optimistic_rem(widened)=0.000000 → cannot exceed 0.
[ 71.855s] PRUNE: margin=-2.718750, optimistic_rem(widened)=0.000000 → cannot exceed 0.
[ 72.051s] PRUNE: margin=-2.718750, optimistic_rem(widened)=0.000000 → cannot exceed 0.
[ 72.248s] PRUNE: margin=-2.750000, optimistic_rem(widened)=0.000000 → cannot exceed 0.
[ 72.641s] PRUNE: margin=-2.718750, optimistic_rem(widened)=0.000000 → cannot exceed 0.
[ 72.838s] PRUNE: margin=-2.718750, optimistic_rem(widened)=0.000000 → cannot exceed 0.
[ 73.035s] PRUNE: margin=-2.718750, optimistic_rem(widened)=0.000000 → cannot exceed 0.
[ 73.232s] PRUNE: margin=-2.718750, optimistic_rem(widened)=0.000000 → cannot exceed 0.
[ 73.625s] PRUNE: margin=-2.718750, optimistic_rem(widened)=0.000000 → cannot exceed 0.
[ 73.822s] PRUNE: margin=-2.718750, optimistic_rem(widened)=0.000000 → cannot exceed 0.
[ 74.018s] PRUNE: margin=-2.718750, optimistic_rem(widened)=0.000000 → cannot exceed 0.
[ 74.412s] PRUNE: margin=-2.687500, optimistic_rem(widened)=0.000000 → cannot exceed 0.
[ 74.608s] PRUNE: margin=-2.687500, optimistic_rem(widened)=0.000000 → cannot exceed 0.
[ 75.002s] PRUNE: margin=-2.718750, optimistic_rem(widened)=0.000000 → cannot exceed 0.
[ 75.788s] PRUNE: margin=-2.718750, optimistic_rem(widened)=0.000000 → cannot exceed 0.
[ 75.985s] PRUNE: margin=-2.750000, optimistic_rem(widened)=0.000000 → cannot exceed 0.
[ 76.182s] PRUNE: margin=-2.750000, optimistic_rem(widened)=0.000000 → cannot exceed 0.
[ 76.378s] PRUNE: margin=-2.750000, optimistic_rem(widened)=0.000000 → cannot exceed 0.
[ 76.575s] PRUNE: margin=-2.750000, optimistic_rem(widened)=0.000000 → cannot exceed 0.
[ 76.772s] PRUNE: margin=-2.750000, optimistic_rem(widened)=0.000000 → cannot exceed 0.
[ 76.968s] PRUNE: margin=-3.375000, optimistic_rem(widened)=0.000000 → cannot exceed 0.
[ 77.165s] PRUNE: margin=-3.375000, optimistic_rem(widened)=0.000000 → cannot exceed 0.
[ 77.558s] PRUNE: margin=-2.625000, optimistic_rem(widened)=0.000000 → cannot exceed 0.
[ 77.755s] PRUNE: margin=-2.718750, optimistic_rem(widened)=0.000000 → cannot exceed 0.
[ 77.951s] PRUNE: margin=-2.750000, optimistic_rem(widened)=0.000000 → cannot exceed 0.
[ 78.148s] PRUNE: margin=-2.718750, optimistic_rem(widened)=0.000000 → cannot exceed 0.
[ 78.345s] PRUNE: margin=-2.718750, optimistic_rem(widened)=0.000000 → cannot exceed 0.
[ 78.541s] PRUNE: margin=-2.718750, optimistic_rem(widened)=0.000000 → cannot exceed 0.
[ 78.738s] PRUNE: margin=-2.750000, optimistic_rem(widened)=0.000000 → cannot exceed 0.
[ 79.131s] PRUNE: margin=-2.687500, optimistic_rem(widened)=0.000000 → cannot exceed 0.
[ 79.328s] PRUNE: margin=-2.687500, optimistic_rem(widened)=0.000000 → cannot exceed 0.
[ 79.525s] PRUNE: margin=-2.687500, optimistic_rem(widened)=0.000000 → cannot exceed 0.
[ 79.721s] PRUNE: margin=-2.718750, optimistic_rem(widened)=0.000000 → cannot exceed 0.
[ 79.918s] PRUNE: margin=-2.718750, optimistic_rem(widened)=0.000000 → cannot exceed 0.
[ 80.115s] PRUNE: margin=-2.718750, optimistic_rem(widened)=0.000000 → cannot exceed 0.
[ 80.508s] PRUNE: margin=-2.750000, optimistic_rem(widened)=0.000000 → cannot exceed 0.
[ 80.705s] PRUNE: margin=-2.750000, optimistic_rem(widened)=0.000000 → cannot exceed 0.
[ 80.902s] PRUNE: margin=-2.750000, optimistic_rem(widened)=0.000000 → cannot exceed 0.
[ 81.098s] PRUNE: margin=-2.750000, optimistic_rem(widened)=0.000000 → cannot exceed 0.
[ 81.295s] PRUNE: margin=-2.750000, optimistic_rem(widened)=0.000000 → cannot exceed 0.
[ 81.643s] PRUNE: margin=-2.750000, optimistic_rem(widened)=0.000000 → cannot exceed 0.
[ 81.782s] PRUNE: margin=-2.750000, optimistic_rem(widened)=0.000000 → cannot exceed 0.
[ 81.913s] PRUNE: margin=-2.750000, optimistic_rem(widened)=0.000000 → cannot exceed 0.
[ 82.039s] PRUNE: margin=-2.750000, optimistic_rem(widened)=0.000000 → cannot exceed 0.
[ 82.433s] PRUNE: margin=-2.750000, optimistic_rem(widened)=0.000000 → cannot exceed 0.
[ 82.629s] PRUNE: margin=-2.750000, optimistic_rem(widened)=0.000000 → cannot exceed 0.
[ 82.826s] PRUNE: margin=-2.750000, optimistic_rem(widened)=0.000000 → cannot exceed 0.
[ 83.219s] PRUNE: margin=-2.750000, optimistic_rem(widened)=0.000000 → cannot exceed 0.
[ 83.416s] PRUNE: margin=-2.750000, optimistic_rem(widened)=0.000000 → cannot exceed 0.
[ 83.809s] PRUNE: margin=-2.750000, optimistic_rem(widened)=0.000000 → cannot exceed 0.
[ 84.596s] PRUNE: margin=-2.750000, optimistic_rem(widened)=0.000000 → cannot exceed 0.
[ 84.793s] PRUNE: margin=-3.375000, optimistic_rem(widened)=0.000000 → cannot exceed 0.
[ 84.989s] PRUNE: margin=-3.375000, optimistic_rem(widened)=0.000000 → cannot exceed 0.
[ 85.186s] PRUNE: margin=-3.375000, optimistic_rem(widened)=0.000000 → cannot exceed 0.
[ 85.383s] PRUNE: margin=-3.375000, optimistic_rem(widened)=0.000000 → cannot exceed 0.
[ 85.579s] PRUNE: margin=-3.375000, optimistic_rem(widened)=0.000000 → cannot exceed 0.
[ 85.776s] PRUNE: margin=-3.375000, optimistic_rem(widened)=0.000000 → cannot exceed 0.
[ 86.169s] PRUNE: margin=-2.750000, optimistic_rem(widened)=0.000000 → cannot exceed 0.
[ 86.366s] PRUNE: margin=-2.750000, optimistic_rem(widened)=0.500000 → cannot exceed 0.
[ 86.562s] PRUNE: margin=-3.343750, optimistic_rem(widened)=0.000000 → cannot exceed 0.
[ 86.759s] PRUNE: margin=-3.343750, optimistic_rem(widened)=1.093750 → cannot exceed 0.
[ 86.956s] PRUNE: margin=-3.343750, optimistic_rem(widened)=1.093750 → cannot exceed 0.
[ 87.152s] PRUNE: margin=-3.375000, optimistic_rem(widened)=0.000000 → cannot exceed 0.
[ 87.545s] PRUNE: margin=-2.718750, optimistic_rem(widened)=0.000000 → cannot exceed 0.
[ 87.742s] PRUNE: margin=-2.718750, optimistic_rem(widened)=0.000000 → cannot exceed 0.
[ 87.939s] PRUNE: margin=-2.718750, optimistic_rem(widened)=0.000000 → cannot exceed 0.
[ 88.135s] PRUNE: margin=-2.718750, optimistic_rem(widened)=0.468750 → cannot exceed 0.
[ 88.332s] PRUNE: margin=-2.718750, optimistic_rem(widened)=0.468750 → cannot exceed 0.
[ 88.725s] PRUNE: margin=-2.750000, optimistic_rem(widened)=0.000000 → cannot exceed 0.
[ 88.922s] PRUNE: margin=-2.750000, optimistic_rem(widened)=0.000000 → cannot exceed 0.
[ 89.118s] PRUNE: margin=-2.750000, optimistic_rem(widened)=0.000000 → cannot exceed 0.
[ 89.315s] PRUNE: margin=-2.750000, optimistic_rem(widened)=0.000000 → cannot exceed 0.
[ 89.708s] PRUNE: margin=-2.750000, optimistic_rem(widened)=0.000000 → cannot exceed 0.
[ 89.905s] PRUNE: margin=-2.750000, optimistic_rem(widened)=0.000000 → cannot exceed 0.
[ 90.102s] PRUNE: margin=-2.750000, optimistic_rem(widened)=0.000000 → cannot exceed 0.
[ 90.495s] PRUNE: margin=-2.750000, optimistic_rem(widened)=0.000000 → cannot exceed 0.
[ 90.692s] PRUNE: margin=-2.750000, optimistic_rem(widened)=0.000000 → cannot exceed 0.
[ 91.085s] PRUNE: margin=-2.750000, optimistic_rem(widened)=0.750000 → cannot exceed 0.
[ 91.871s] PRUNE: margin=-2.750000, optimistic_rem(widened)=0.000000 → cannot exceed 0.
[ 92.067s] PRUNE: margin=-2.750000, optimistic_rem(widened)=0.000000 → cannot exceed 0.
[ 92.264s] PRUNE: margin=-2.750000, optimistic_rem(widened)=0.000000 → cannot exceed 0.
[ 92.461s] PRUNE: margin=-2.750000, optimistic_rem(widened)=0.000000 → cannot exceed 0.
[ 92.657s] PRUNE: margin=-2.750000, optimistic_rem(widened)=0.000000 → cannot exceed 0.
[ 92.854s] PRUNE: margin=-2.750000, optimistic_rem(widened)=0.000000 → cannot exceed 0.
[ 93.247s] PRUNE: margin=-2.718750, optimistic_rem(widened)=0.000000 → cannot exceed 0.
[ 93.444s] PRUNE: margin=-2.750000, optimistic_rem(widened)=0.000000 → cannot exceed 0.
[ 93.640s] PRUNE: margin=-2.750000, optimistic_rem(widened)=0.000000 → cannot exceed 0.
[ 93.837s] PRUNE: margin=-2.750000, optimistic_rem(widened)=0.000000 → cannot exceed 0.
[ 94.034s] PRUNE: margin=-2.750000, optimistic_rem(widened)=0.000000 → cannot exceed 0.
[ 94.428s] PRUNE: margin=-2.750000, optimistic_rem(widened)=0.000000 → cannot exceed 0.
[ 94.625s] PRUNE: margin=-2.750000, optimistic_rem(widened)=0.000000 → cannot exceed 0.
[ 94.822s] PRUNE: margin=-2.750000, optimistic_rem(widened)=0.000000 → cannot exceed 0.
[ 95.019s] PRUNE: margin=-2.750000, optimistic_rem(widened)=0.000000 → cannot exceed 0.
[ 95.303s] PRUNE: margin=-2.718750, optimistic_rem(widened)=0.000000 → cannot exceed 0.
[ 95.490s] PRUNE: margin=-2.718750, optimistic_rem(widened)=0.000000 → cannot exceed 0.
[ 95.687s] PRUNE: margin=-2.750000, optimistic_rem(widened)=0.000000 → cannot exceed 0.
[ 96.081s] PRUNE: margin=-2.750000, optimistic_rem(widened)=0.500000 → cannot exceed 0.
[ 96.278s] PRUNE: margin=-2.750000, optimistic_rem(widened)=0.500000 → cannot exceed 0.
[ 96.671s] PRUNE: margin=-2.750000, optimistic_rem(widened)=0.500000 → cannot exceed 0.
[ 97.460s] PRUNE: margin=-3.375000, optimistic_rem(widened)=0.000000 → cannot exceed 0.
[ 97.659s] PRUNE: margin=-3.375000, optimistic_rem(widened)=0.000000 → cannot exceed 0.
[ 97.855s] PRUNE: margin=-3.375000, optimistic_rem(widened)=0.000000 → cannot exceed 0.
[ 98.051s] PRUNE: margin=-3.375000, optimistic_rem(widened)=0.000000 → cannot exceed 0.
[ 98.248s] PRUNE: margin=-3.375000, optimistic_rem(widened)=0.000000 → cannot exceed 0.
[ 98.641s] PRUNE: margin=-2.750000, optimistic_rem(widened)=0.000000 → cannot exceed 0.
[ 98.837s] PRUNE: margin=-2.750000, optimistic_rem(widened)=0.000000 → cannot exceed 0.
[ 99.033s] PRUNE: margin=-3.375000, optimistic_rem(widened)=0.000000 → cannot exceed 0.
[ 99.230s] PRUNE: margin=-3.375000, optimistic_rem(widened)=0.000000 → cannot exceed 0.
[ 99.622s] PRUNE: margin=-3.375000, optimistic_rem(widened)=0.000000 → cannot exceed 0.
[ 99.818s] PRUNE: margin=-3.375000, optimistic_rem(widened)=0.000000 → cannot exceed 0.
[100.015s] PRUNE: margin=-3.375000, optimistic_rem(widened)=0.000000 → cannot exceed 0.
[100.407s] PRUNE: margin=-3.343750, optimistic_rem(widened)=0.000000 → cannot exceed 0.
[100.604s] PRUNE: margin=-3.375000, optimistic_rem(widened)=0.000000 → cannot exceed 0.
[100.996s] PRUNE: margin=-3.375000, optimistic_rem(widened)=0.000000 → cannot exceed 0.
[101.781s] PRUNE: margin=-3.375000, optimistic_rem(widened)=0.000000 → cannot exceed 0.
[101.977s] PRUNE: margin=-3.375000, optimistic_rem(widened)=0.000000 → cannot exceed 0.
[102.174s] PRUNE: margin=-3.375000, optimistic_rem(widened)=0.000000 → cannot exceed 0.
[102.370s] PRUNE: margin=-3.375000, optimistic_rem(widened)=0.000000 → cannot exceed 0.
[102.762s] PRUNE: margin=-3.375000, optimistic_rem(widened)=0.000000 → cannot exceed 0.
[102.959s] PRUNE: margin=-3.375000, optimistic_rem(widened)=0.000000 → cannot exceed 0.
[103.155s] PRUNE: margin=-3.375000, optimistic_rem(widened)=0.000000 → cannot exceed 0.
[103.547s] PRUNE: margin=-3.375000, optimistic_rem(widened)=0.000000 → cannot exceed 0.
[103.744s] PRUNE: margin=-3.375000, optimistic_rem(widened)=0.000000 → cannot exceed 0.
[104.136s] PRUNE: margin=-3.375000, optimistic_rem(widened)=0.000000 → cannot exceed 0.
[104.922s] PRUNE: margin=-2.750000, optimistic_rem(widened)=0.000000 → cannot exceed 0.
[105.119s] PRUNE: margin=-3.375000, optimistic_rem(widened)=0.000000 → cannot exceed 0.
[105.315s] PRUNE: margin=-3.375000, optimistic_rem(widened)=0.000000 → cannot exceed 0.
[105.708s] PRUNE: margin=-3.375000, optimistic_rem(widened)=0.000000 → cannot exceed 0.
[105.904s] PRUNE: margin=-3.375000, optimistic_rem(widened)=0.000000 → cannot exceed 0.
[106.296s] PRUNE: margin=-3.375000, optimistic_rem(widened)=0.000000 → cannot exceed 0.
[107.081s] PRUNE: margin=-3.375000, optimistic_rem(widened)=0.000000 → cannot exceed 0.
[107.278s] PRUNE: margin=-3.375000, optimistic_rem(widened)=0.000000 → cannot exceed 0.
[107.670s] PRUNE: margin=-3.375000, optimistic_rem(widened)=0.000000 → cannot exceed 0.
[108.455s] PRUNE: margin=-3.375000, optimistic_rem(widened)=1.125000 → cannot exceed 0.
[109.731s] PRUNE: margin=-3.687500, optimistic_rem(widened)=2.265625 → cannot exceed 0.
[109.927s] PRUNE: margin=-3.687500, optimistic_rem(widened)=2.296875 → cannot exceed 0.
[110.123s] PRUNE: margin=-3.687500, optimistic_rem(widened)=2.250000 → cannot exceed 0.
[110.614s] PRUNE: margin=-3.250000, optimistic_rem(widened)=0.000000 → cannot exceed 0.
[110.810s] PRUNE: margin=-3.281250, optimistic_rem(widened)=0.000000 → cannot exceed 0.
[111.006s] PRUNE: margin=-3.281250, optimistic_rem(widened)=0.000000 → cannot exceed 0.
[111.202s] PRUNE: margin=-2.562500, optimistic_rem(widened)=0.000000 → cannot exceed 0.
[111.399s] PRUNE: margin=-2.656250, optimistic_rem(widened)=0.000000 → cannot exceed 0.
[111.595s] PRUNE: margin=-2.656250, optimistic_rem(widened)=0.000000 → cannot exceed 0.
[111.791s] PRUNE: margin=-2.656250, optimistic_rem(widened)=0.000000 → cannot exceed 0.
[111.987s] PRUNE: margin=-2.656250, optimistic_rem(widened)=0.000000 → cannot exceed 0.
[112.184s] PRUNE: margin=-2.656250, optimistic_rem(widened)=0.000000 → cannot exceed 0.
[112.576s] PRUNE: margin=-4.093750, optimistic_rem(widened)=0.000000 → cannot exceed 0.
[112.773s] PRUNE: margin=-4.109375, optimistic_rem(widened)=0.000000 → cannot exceed 0.
[112.969s] PRUNE: margin=-4.093750, optimistic_rem(widened)=1.843750 → cannot exceed 0.
[113.165s] PRUNE: margin=-3.312500, optimistic_rem(widened)=1.062500 → cannot exceed 0.
[113.362s] PRUNE: margin=-3.343750, optimistic_rem(widened)=0.000000 → cannot exceed 0.
[113.558s] PRUNE: margin=-3.343750, optimistic_rem(widened)=0.000000 → cannot exceed 0.
[114.343s] PRUNE: margin=-3.687500, optimistic_rem(widened)=1.187500 → cannot exceed 0.
[114.637s] PRUNE: margin=-3.687500, optimistic_rem(widened)=0.000000 → cannot exceed 0.
[114.833s] PRUNE: margin=-3.687500, optimistic_rem(widened)=2.531250 → cannot exceed 0.
[115.030s] PRUNE: margin=-3.687500, optimistic_rem(widened)=2.531250 → cannot exceed 0.
[115.226s] PRUNE: margin=-3.687500, optimistic_rem(widened)=0.000000 → cannot exceed 0.
[115.422s] PRUNE: margin=-3.687500, optimistic_rem(widened)=0.000000 → cannot exceed 0.
[115.618s] PRUNE: margin=-3.687500, optimistic_rem(widened)=2.531250 → cannot exceed 0.
[115.912s] PRUNE: margin=-3.687500, optimistic_rem(widened)=1.203125 → cannot exceed 0.
[116.109s] PRUNE: margin=-3.687500, optimistic_rem(widened)=1.203125 → cannot exceed 0.
[116.305s] PRUNE: margin=-3.687500, optimistic_rem(widened)=1.218750 → cannot exceed 0.
[116.599s] PRUNE: margin=-3.687500, optimistic_rem(widened)=2.531250 → cannot exceed 0.
[116.796s] PRUNE: margin=-3.687500, optimistic_rem(widened)=2.546875 → cannot exceed 0.
[117.188s] PRUNE: margin=-3.687500, optimistic_rem(widened)=2.546875 → cannot exceed 0.
[117.777s] PRUNE: margin=-3.671875, optimistic_rem(widened)=1.281250 → cannot exceed 0.
[118.071s] PRUNE: margin=-3.671875, optimistic_rem(widened)=3.531250 → cannot exceed 0.
[118.267s] PRUNE: margin=-3.687500, optimistic_rem(widened)=1.109375 → cannot exceed 0.
[118.464s] PRUNE: margin=-3.687500, optimistic_rem(widened)=1.109375 → cannot exceed 0.
[118.758s] PRUNE: margin=-3.671875, optimistic_rem(widened)=0.000000 → cannot exceed 0.
[118.954s] PRUNE: margin=-4.078125, optimistic_rem(widened)=0.000000 → cannot exceed 0.
[119.151s] PRUNE: margin=-3.687500, optimistic_rem(widened)=2.609375 → cannot exceed 0.
[119.347s] PRUNE: margin=-3.687500, optimistic_rem(widened)=2.609375 → cannot exceed 0.
[119.739s] PRUNE: margin=-3.671875, optimistic_rem(widened)=0.000000 → cannot exceed 0.
[119.935s] PRUNE: margin=-4.078125, optimistic_rem(widened)=0.000000 → cannot exceed 0.
[120.132s] PRUNE: margin=-3.687500, optimistic_rem(widened)=2.609375 → cannot exceed 0.
[120.524s] PRUNE: margin=-3.687500, optimistic_rem(widened)=0.000000 → cannot exceed 0.
[120.720s] PRUNE: margin=-4.078125, optimistic_rem(widened)=0.000000 → cannot exceed 0.
[121.014s] PRUNE: margin=-3.671875, optimistic_rem(widened)=1.140625 → cannot exceed 0.
[121.211s] PRUNE: margin=-4.078125, optimistic_rem(widened)=1.578125 → cannot exceed 0.
[121.505s] PRUNE: margin=-3.687500, optimistic_rem(widened)=1.218750 → cannot exceed 0.
[121.701s] PRUNE: margin=-3.687500, optimistic_rem(widened)=1.203125 → cannot exceed 0.
[121.897s] PRUNE: margin=-3.687500, optimistic_rem(widened)=1.218750 → cannot exceed 0.
[122.094s] PRUNE: margin=-4.078125, optimistic_rem(widened)=3.093750 → cannot exceed 0.
[122.487s] PRUNE: margin=-3.687500, optimistic_rem(widened)=2.609375 → cannot exceed 0.
[122.683s] PRUNE: margin=-4.156250, optimistic_rem(widened)=2.406250 → cannot exceed 0.
[123.076s] PRUNE: margin=-4.140625, optimistic_rem(widened)=1.890625 → cannot exceed 0.
[123.370s] PRUNE: margin=-4.156250, optimistic_rem(widened)=4.000000 → cannot exceed 0.
[123.860s] PRUNE: margin=-4.140625, optimistic_rem(widened)=1.890625 → cannot exceed 0.
[124.154s] PRUNE: margin=-4.156250, optimistic_rem(widened)=4.000000 → cannot exceed 0.
[124.547s] PRUNE: margin=-4.140625, optimistic_rem(widened)=3.468750 → cannot exceed 0.
[125.332s] PRUNE: margin=-4.046875, optimistic_rem(widened)=1.546875 → cannot exceed 0.
[125.528s] PRUNE: margin=-4.046875, optimistic_rem(widened)=1.546875 → cannot exceed 0.
[125.822s] PRUNE: margin=-2.500000, optimistic_rem(widened)=0.000000 → cannot exceed 0.
[126.019s] PRUNE: margin=-2.500000, optimistic_rem(widened)=0.000000 → cannot exceed 0.
[126.215s] PRUNE: margin=-2.500000, optimistic_rem(widened)=0.000000 → cannot exceed 0.
[126.411s] PRUNE: margin=-2.500000, optimistic_rem(widened)=0.000000 → cannot exceed 0.
[126.608s] PRUNE: margin=-2.500000, optimistic_rem(widened)=0.000000 → cannot exceed 0.
[126.804s] PRUNE: margin=-2.500000, optimistic_rem(widened)=0.000000 → cannot exceed 0.
[127.197s] PRUNE: margin=-3.281250, optimistic_rem(widened)=0.000000 → cannot exceed 0.
[127.393s] PRUNE: margin=-3.281250, optimistic_rem(widened)=0.000000 → cannot exceed 0.
[127.589s] PRUNE: margin=-3.281250, optimistic_rem(widened)=0.000000 → cannot exceed 0.
[127.786s] PRUNE: margin=-3.281250, optimistic_rem(widened)=0.000000 → cannot exceed 0.
[127.982s] PRUNE: margin=-3.281250, optimistic_rem(widened)=0.000000 → cannot exceed 0.
[128.374s] PRUNE: margin=-3.281250, optimistic_rem(widened)=0.000000 → cannot exceed 0.
[128.571s] PRUNE: margin=-3.281250, optimistic_rem(widened)=0.000000 → cannot exceed 0.
[128.767s] PRUNE: margin=-3.281250, optimistic_rem(widened)=0.000000 → cannot exceed 0.
[128.963s] PRUNE: margin=-3.281250, optimistic_rem(widened)=0.000000 → cannot exceed 0.
[129.356s] PRUNE: margin=-3.281250, optimistic_rem(widened)=0.000000 → cannot exceed 0.
[129.552s] PRUNE: margin=-3.281250, optimistic_rem(widened)=0.000000 → cannot exceed 0.
[129.749s] PRUNE: margin=-3.281250, optimistic_rem(widened)=0.000000 → cannot exceed 0.
[130.141s] PRUNE: margin=-3.281250, optimistic_rem(widened)=0.000000 → cannot exceed 0.
[130.337s] PRUNE: margin=-3.281250, optimistic_rem(widened)=0.000000 → cannot exceed 0.
[130.730s] PRUNE: margin=-3.281250, optimistic_rem(widened)=0.000000 → cannot exceed 0.
[131.417s] PRUNE: margin=-3.687500, optimistic_rem(widened)=1.203125 → cannot exceed 0.
[131.613s] PRUNE: margin=-3.687500, optimistic_rem(widened)=1.218750 → cannot exceed 0.
[131.809s] PRUNE: margin=-3.687500, optimistic_rem(widened)=1.187500 → cannot exceed 0.
[132.005s] PRUNE: margin=-3.687500, optimistic_rem(widened)=1.218750 → cannot exceed 0.
[132.300s] PRUNE: margin=-3.687500, optimistic_rem(widened)=2.562500 → cannot exceed 0.
[132.496s] PRUNE: margin=-3.687500, optimistic_rem(widened)=2.562500 → cannot exceed 0.
[132.692s] PRUNE: margin=-4.109375, optimistic_rem(widened)=1.859375 → cannot exceed 0.
[133.085s] PRUNE: margin=-3.687500, optimistic_rem(widened)=2.562500 → cannot exceed 0.
[133.293s] PRUNE: margin=-4.109375, optimistic_rem(widened)=1.859375 → cannot exceed 0.
[133.709s] PRUNE: margin=-4.109375, optimistic_rem(widened)=1.859375 → cannot exceed 0.
[134.044s] PRUNE: margin=-4.109375, optimistic_rem(widened)=3.468750 → cannot exceed 0.
[134.338s] PRUNE: margin=-3.687500, optimistic_rem(widened)=1.750000 → cannot exceed 0.
[134.534s] PRUNE: margin=-3.687500, optimistic_rem(widened)=1.687500 → cannot exceed 0.
[134.736s] PRUNE: margin=-3.687500, optimistic_rem(widened)=1.750000 → cannot exceed 0.
[134.931s] PRUNE: margin=-3.687500, optimistic_rem(widened)=1.265625 → cannot exceed 0.
[135.323s] PRUNE: margin=-3.687500, optimistic_rem(widened)=2.578125 → cannot exceed 0.
[135.518s] PRUNE: margin=-4.109375, optimistic_rem(widened)=1.859375 → cannot exceed 0.
[135.910s] PRUNE: margin=-4.125000, optimistic_rem(widened)=1.875000 → cannot exceed 0.
[136.203s] PRUNE: margin=-4.109375, optimistic_rem(widened)=3.468750 → cannot exceed 0.
[136.693s] PRUNE: margin=-4.125000, optimistic_rem(widened)=1.875000 → cannot exceed 0.
[136.986s] PRUNE: margin=-4.109375, optimistic_rem(widened)=3.468750 → cannot exceed 0.
[137.377s] PRUNE: margin=-4.140625, optimistic_rem(widened)=3.531250 → cannot exceed 0.
[138.257s] PRUNE: margin=-2.625000, optimistic_rem(widened)=0.000000 → cannot exceed 0.
[138.453s] PRUNE: margin=-2.625000, optimistic_rem(widened)=0.000000 → cannot exceed 0.
[138.649s] PRUNE: margin=-2.625000, optimistic_rem(widened)=0.000000 → cannot exceed 0.
[138.845s] PRUNE: margin=-2.593750, optimistic_rem(widened)=0.000000 → cannot exceed 0.
[139.040s] PRUNE: margin=-2.593750, optimistic_rem(widened)=0.000000 → cannot exceed 0.
[139.236s] PRUNE: margin=-2.593750, optimistic_rem(widened)=0.000000 → cannot exceed 0.
[139.432s] PRUNE: margin=-2.593750, optimistic_rem(widened)=0.000000 → cannot exceed 0.
[139.823s] PRUNE: margin=-2.625000, optimistic_rem(widened)=0.000000 → cannot exceed 0.
[140.019s] PRUNE: margin=-2.625000, optimistic_rem(widened)=0.000000 → cannot exceed 0.
[140.215s] PRUNE: margin=-2.625000, optimistic_rem(widened)=0.000000 → cannot exceed 0.
[140.410s] PRUNE: margin=-2.625000, optimistic_rem(widened)=0.000000 → cannot exceed 0.
[140.607s] PRUNE: margin=-2.625000, optimistic_rem(widened)=0.000000 → cannot exceed 0.
[140.802s] PRUNE: margin=-2.625000, optimistic_rem(widened)=0.000000 → cannot exceed 0.
[141.193s] PRUNE: margin=-2.625000, optimistic_rem(widened)=0.000000 → cannot exceed 0.
[141.389s] PRUNE: margin=-2.625000, optimistic_rem(widened)=0.000000 → cannot exceed 0.
[141.579s] PRUNE: margin=-2.625000, optimistic_rem(widened)=0.000000 → cannot exceed 0.
[141.776s] PRUNE: margin=-2.625000, optimistic_rem(widened)=0.000000 → cannot exceed 0.
[141.972s] PRUNE: margin=-2.625000, optimistic_rem(widened)=0.000000 → cannot exceed 0.
[142.365s] PRUNE: margin=-2.625000, optimistic_rem(widened)=0.000000 → cannot exceed 0.
[142.561s] PRUNE: margin=-2.625000, optimistic_rem(widened)=0.000000 → cannot exceed 0.
[142.758s] PRUNE: margin=-2.625000, optimistic_rem(widened)=0.000000 → cannot exceed 0.
[142.954s] PRUNE: margin=-2.625000, optimistic_rem(widened)=0.000000 → cannot exceed 0.
[143.347s] PRUNE: margin=-2.625000, optimistic_rem(widened)=0.000000 → cannot exceed 0.
[143.543s] PRUNE: margin=-2.625000, optimistic_rem(widened)=0.000000 → cannot exceed 0.
[143.739s] PRUNE: margin=-2.656250, optimistic_rem(widened)=0.000000 → cannot exceed 0.
[144.132s] PRUNE: margin=-2.625000, optimistic_rem(widened)=0.000000 → cannot exceed 0.
[144.329s] PRUNE: margin=-2.625000, optimistic_rem(widened)=0.000000 → cannot exceed 0.
[144.721s] PRUNE: margin=-2.625000, optimistic_rem(widened)=0.000000 → cannot exceed 0.
[145.310s] PRUNE: margin=-3.687500, optimistic_rem(widened)=2.312500 → cannot exceed 0.
[145.605s] PRUNE: margin=-3.687500, optimistic_rem(widened)=1.187500 → cannot exceed 0.
[145.807s] PRUNE: margin=-3.687500, optimistic_rem(widened)=1.203125 → cannot exceed 0.
[146.003s] PRUNE: margin=-3.687500, optimistic_rem(widened)=3.687500 → cannot exceed 0.
[146.200s] PRUNE: margin=-3.703125, optimistic_rem(widened)=1.187500 → cannot exceed 0.
[146.396s] PRUNE: margin=-3.703125, optimistic_rem(widened)=3.687500 → cannot exceed 0.
[146.593s] PRUNE: margin=-3.703125, optimistic_rem(widened)=3.687500 → cannot exceed 0.
[146.887s] PRUNE: margin=-3.687500, optimistic_rem(widened)=2.343750 → cannot exceed 0.
[147.083s] PRUNE: margin=-3.687500, optimistic_rem(widened)=2.343750 → cannot exceed 0.
[147.279s] PRUNE: margin=-3.687500, optimistic_rem(widened)=2.375000 → cannot exceed 0.
[147.574s] PRUNE: margin=-3.687500, optimistic_rem(widened)=3.687500 → cannot exceed 0.
[148.751s] PRUNE: margin=-3.671875, optimistic_rem(widened)=2.515625 → cannot exceed 0.
[148.947s] PRUNE: margin=-3.671875, optimistic_rem(widened)=2.406250 → cannot exceed 0.
[149.143s] PRUNE: margin=-3.671875, optimistic_rem(widened)=2.515625 → cannot exceed 0.
[149.339s] PRUNE: margin=-3.671875, optimistic_rem(widened)=2.156250 → cannot exceed 0.
[149.535s] PRUNE: margin=-4.109375, optimistic_rem(widened)=3.218750 → cannot exceed 0.
[149.733s] PRUNE: margin=-3.671875, optimistic_rem(widened)=3.406250 → cannot exceed 0.
[149.930s] PRUNE: margin=-3.671875, optimistic_rem(widened)=3.406250 → cannot exceed 0.
[150.126s] PRUNE: margin=-3.671875, optimistic_rem(widened)=3.156250 → cannot exceed 0.
[150.421s] No counterexample within budgets (BaB): no misclassification found.
STATUS: No counterexample | best_upper_margin=13.875000 | elapsed=150.421s | pixels_changed=0 | total_bit_flips=0 | avg_hamming_per_pixel=0.000000 | patch_rows=12-13 | patch_cols=11-12 | note=no_counterexample_within_budgets
