[  0.000s] init: idx=5809 kmax=2 bmax=4 topx=2 widen=1.000 rank_fast=off
clean logits (hex):  0x82  0x87  0x82  0x82  0x82  0x82  0x82  0x82  0x82  0x82
clean logits (bits): 10000010 10000111 10000010 10000010 10000010 10000010 10000010 10000010 10000010 10000010
clean logits (double): -32.000000 -10.000000 -32.000000 -32.000000 -32.000000 -32.000000 -32.000000 -32.000000 -32.000000 -32.000000
[  0.016s] clean prediction: 1 (true label 1)
[1570.651s] selection: nSym=2 (from 784), topx=2, rank_fast=off
[1570.651s] active patch: rows 9-16, cols 10-19 (derived from symPix)
[1593.390s] Proceeding to BaB (greedy enabled).
[1593.390s] Skipping root bound check (--no-root-bound).
[1593.390s] BaB search starting (K<=2, B<=4, nSym=2, depth_limit=500000000, widen=1.00)...
[1601.435s] PRUNE: margin=-14.000000, optimistic_rem(widened)=14.000000 -> cannot exceed 0.
[1609.478s] PRUNE: margin=-22.000000, optimistic_rem(widened)=20.000000 -> cannot exceed 0.
[1617.521s] PRUNE: margin=-22.000000, optimistic_rem(widened)=20.000000 -> cannot exceed 0.
[1625.564s] PRUNE: margin=-22.000000, optimistic_rem(widened)=20.000000 -> cannot exceed 0.
[1637.629s] PRUNE: margin=-14.000000, optimistic_rem(widened)=4.000000 -> cannot exceed 0.
[1645.676s] PRUNE: margin=-22.000000, optimistic_rem(widened)=18.000000 -> cannot exceed 0.
[1653.729s] PRUNE: margin=-22.000000, optimistic_rem(widened)=8.000000 -> cannot exceed 0.
[1661.774s] PRUNE: margin=-22.000000, optimistic_rem(widened)=16.000000 -> cannot exceed 0.
[1669.820s] PRUNE: margin=-22.000000, optimistic_rem(widened)=16.000000 -> cannot exceed 0.
[1677.862s] PRUNE: margin=-22.000000, optimistic_rem(widened)=16.000000 -> cannot exceed 0.
[1685.904s] PRUNE: margin=-22.000000, optimistic_rem(widened)=16.000000 -> cannot exceed 0.
[1693.953s] PRUNE: margin=-22.000000, optimistic_rem(widened)=16.000000 -> cannot exceed 0.
[1701.999s] PRUNE: margin=-22.000000, optimistic_rem(widened)=8.000000 -> cannot exceed 0.
[1710.047s] PRUNE: margin=-22.000000, optimistic_rem(widened)=0.000000 -> cannot exceed 0.
[1718.091s] PRUNE: margin=-22.000000, optimistic_rem(widened)=0.000000 -> cannot exceed 0.
[1734.180s] PRUNE: margin=-14.000000, optimistic_rem(widened)=10.000000 -> cannot exceed 0.
[1742.229s] PRUNE: margin=-22.000000, optimistic_rem(widened)=8.000000 -> cannot exceed 0.
[1750.272s] PRUNE: margin=-22.000000, optimistic_rem(widened)=16.000000 -> cannot exceed 0.
[1758.318s] PRUNE: margin=-22.000000, optimistic_rem(widened)=16.000000 -> cannot exceed 0.
[1766.365s] PRUNE: margin=-22.000000, optimistic_rem(widened)=16.000000 -> cannot exceed 0.
[1774.407s] PRUNE: margin=-22.000000, optimistic_rem(widened)=16.000000 -> cannot exceed 0.
[1782.455s] PRUNE: margin=-22.000000, optimistic_rem(widened)=16.000000 -> cannot exceed 0.
[1790.501s] PRUNE: margin=-22.000000, optimistic_rem(widened)=8.000000 -> cannot exceed 0.
[1798.545s] PRUNE: margin=-22.000000, optimistic_rem(widened)=8.000000 -> cannot exceed 0.
[1806.589s] PRUNE: margin=-22.000000, optimistic_rem(widened)=16.000000 -> cannot exceed 0.
[1822.688s] PRUNE: margin=-22.000000, optimistic_rem(widened)=8.000000 -> cannot exceed 0.
[1830.735s] PRUNE: margin=-22.000000, optimistic_rem(widened)=16.000000 -> cannot exceed 0.
[1838.785s] PRUNE: margin=-22.000000, optimistic_rem(widened)=16.000000 -> cannot exceed 0.
[1846.843s] PRUNE: margin=-22.000000, optimistic_rem(widened)=16.000000 -> cannot exceed 0.
[1854.890s] PRUNE: margin=-22.000000, optimistic_rem(widened)=16.000000 -> cannot exceed 0.
[1862.942s] PRUNE: margin=-22.000000, optimistic_rem(widened)=16.000000 -> cannot exceed 0.
[1870.993s] PRUNE: margin=-22.000000, optimistic_rem(widened)=8.000000 -> cannot exceed 0.
[1879.039s] PRUNE: margin=-22.000000, optimistic_rem(widened)=0.000000 -> cannot exceed 0.
[1887.088s] PRUNE: margin=-22.000000, optimistic_rem(widened)=8.000000 -> cannot exceed 0.
[1899.166s] PRUNE: margin=-22.000000, optimistic_rem(widened)=6.000000 -> cannot exceed 0.
[1907.210s] PRUNE: margin=-22.000000, optimistic_rem(widened)=12.000000 -> cannot exceed 0.
[1915.251s] PRUNE: margin=-22.000000, optimistic_rem(widened)=12.000000 -> cannot exceed 0.
[1923.295s] PRUNE: margin=-22.000000, optimistic_rem(widened)=12.000000 -> cannot exceed 0.
[1931.337s] PRUNE: margin=-22.000000, optimistic_rem(widened)=12.000000 -> cannot exceed 0.
[1939.382s] PRUNE: margin=-22.000000, optimistic_rem(widened)=12.000000 -> cannot exceed 0.
[1947.425s] PRUNE: margin=-22.000000, optimistic_rem(widened)=12.000000 -> cannot exceed 0.
[1955.474s] PRUNE: margin=-22.000000, optimistic_rem(widened)=4.000000 -> cannot exceed 0.
[1963.525s] PRUNE: margin=-22.000000, optimistic_rem(widened)=12.000000 -> cannot exceed 0.
[1967.546s] No counterexample within budgets (BaB): no misclassification found.
STATUS: No counterexample | best_upper_margin=6.000000 | elapsed=1967.546s | pixels_changed=0 | total_bit_flips=0 | avg_hamming_per_pixel=0.000000 | patch_rows=9-16 | patch_cols=10-19 | note=no_counterexample_within_budgets
