[  0.000s] init: idx=1127 kmax=2 bmax=4 topx=2 widen=1.000 rank_fast=off
clean logits (hex):  0x81  0x81  0x82  0x84  0x81  0x82  0x81  0x82  0x82  0x82
clean logits (bits): 10000001 10000001 10000010 10000100 10000001 10000010 10000001 10000010 10000010 10000010
clean logits (double): -64.000000 -64.000000 -32.000000 -16.000000 -64.000000 -32.000000 -64.000000 -32.000000 -32.000000 -32.000000
[  0.016s] clean prediction: 3 (true label 3)
[1598.317s] selection: nSym=2 (from 784), topx=2, rank_fast=off
[1598.317s] active patch: rows 7-8, cols 21-23 (derived from symPix)
[1602.858s] Proceeding to BaB (greedy enabled).
[1602.858s] Skipping root bound check (--no-root-bound).
[1602.858s] BaB search starting (K<=2, B<=4, nSym=2, depth_limit=500000000, widen=1.00)...
[1863.367s] PRUNE: margin=-16.000000, optimistic_rem(widened)=0.000000 -> cannot exceed 0.
[1871.972s] PRUNE: margin=-16.000000, optimistic_rem(widened)=0.000000 -> cannot exceed 0.
[1880.576s] PRUNE: margin=-16.000000, optimistic_rem(widened)=0.000000 -> cannot exceed 0.
[1889.179s] PRUNE: margin=-16.000000, optimistic_rem(widened)=0.000000 -> cannot exceed 0.
[1897.783s] PRUNE: margin=-16.000000, optimistic_rem(widened)=0.000000 -> cannot exceed 0.
[1906.386s] PRUNE: margin=-16.000000, optimistic_rem(widened)=0.000000 -> cannot exceed 0.
[1914.992s] PRUNE: margin=-16.000000, optimistic_rem(widened)=0.000000 -> cannot exceed 0.
[1923.597s] PRUNE: margin=-16.000000, optimistic_rem(widened)=0.000000 -> cannot exceed 0.
[2138.705s] PRUNE: margin=-16.000000, optimistic_rem(widened)=0.000000 -> cannot exceed 0.
[2147.309s] PRUNE: margin=-16.000000, optimistic_rem(widened)=0.000000 -> cannot exceed 0.
[2155.913s] PRUNE: margin=-16.000000, optimistic_rem(widened)=0.000000 -> cannot exceed 0.
[2164.521s] PRUNE: margin=-16.000000, optimistic_rem(widened)=0.000000 -> cannot exceed 0.
[2173.126s] PRUNE: margin=-16.000000, optimistic_rem(widened)=0.000000 -> cannot exceed 0.
[2181.731s] PRUNE: margin=-16.000000, optimistic_rem(widened)=0.000000 -> cannot exceed 0.
[2190.335s] PRUNE: margin=-16.000000, optimistic_rem(widened)=0.000000 -> cannot exceed 0.
[2198.941s] PRUNE: margin=-16.000000, optimistic_rem(widened)=0.000000 -> cannot exceed 0.
[2358.145s] PRUNE: margin=-16.000000, optimistic_rem(widened)=0.000000 -> cannot exceed 0.
[2366.749s] PRUNE: margin=-16.000000, optimistic_rem(widened)=0.000000 -> cannot exceed 0.
[2375.352s] PRUNE: margin=-16.000000, optimistic_rem(widened)=0.000000 -> cannot exceed 0.
[2383.953s] PRUNE: margin=-16.000000, optimistic_rem(widened)=0.000000 -> cannot exceed 0.
[2392.556s] PRUNE: margin=-16.000000, optimistic_rem(widened)=0.000000 -> cannot exceed 0.
[2401.161s] PRUNE: margin=-16.000000, optimistic_rem(widened)=0.000000 -> cannot exceed 0.
[2409.763s] PRUNE: margin=-16.000000, optimistic_rem(widened)=0.000000 -> cannot exceed 0.
[2418.369s] PRUNE: margin=-16.000000, optimistic_rem(widened)=0.000000 -> cannot exceed 0.
[2525.963s] PRUNE: margin=-16.000000, optimistic_rem(widened)=0.000000 -> cannot exceed 0.
[2534.566s] PRUNE: margin=-16.000000, optimistic_rem(widened)=0.000000 -> cannot exceed 0.
[2543.169s] PRUNE: margin=-16.000000, optimistic_rem(widened)=0.000000 -> cannot exceed 0.
[2551.772s] PRUNE: margin=-16.000000, optimistic_rem(widened)=0.000000 -> cannot exceed 0.
[2560.375s] PRUNE: margin=-16.000000, optimistic_rem(widened)=0.000000 -> cannot exceed 0.
[2568.977s] PRUNE: margin=-16.000000, optimistic_rem(widened)=0.000000 -> cannot exceed 0.
[2577.581s] PRUNE: margin=-16.000000, optimistic_rem(widened)=0.000000 -> cannot exceed 0.
[2586.187s] PRUNE: margin=-16.000000, optimistic_rem(widened)=0.000000 -> cannot exceed 0.
[2646.457s] PRUNE: margin=-16.000000, optimistic_rem(widened)=0.000000 -> cannot exceed 0.
[2655.063s] PRUNE: margin=-16.000000, optimistic_rem(widened)=0.000000 -> cannot exceed 0.
[2663.667s] PRUNE: margin=-16.000000, optimistic_rem(widened)=0.000000 -> cannot exceed 0.
[2672.273s] PRUNE: margin=-16.000000, optimistic_rem(widened)=0.000000 -> cannot exceed 0.
[2680.876s] PRUNE: margin=-16.000000, optimistic_rem(widened)=0.000000 -> cannot exceed 0.
[2689.479s] PRUNE: margin=-18.000000, optimistic_rem(widened)=0.000000 -> cannot exceed 0.
[2698.085s] PRUNE: margin=-16.000000, optimistic_rem(widened)=0.000000 -> cannot exceed 0.
[2706.688s] PRUNE: margin=-18.000000, optimistic_rem(widened)=0.000000 -> cannot exceed 0.
[2723.904s] PRUNE: margin=-18.000000, optimistic_rem(widened)=0.000000 -> cannot exceed 0.
[2732.514s] PRUNE: margin=-18.000000, optimistic_rem(widened)=0.000000 -> cannot exceed 0.
[2741.123s] PRUNE: margin=-18.000000, optimistic_rem(widened)=0.000000 -> cannot exceed 0.
[2749.734s] PRUNE: margin=-18.000000, optimistic_rem(widened)=0.000000 -> cannot exceed 0.
[2758.345s] PRUNE: margin=-18.000000, optimistic_rem(widened)=0.000000 -> cannot exceed 0.
[2766.959s] PRUNE: margin=-18.000000, optimistic_rem(widened)=0.000000 -> cannot exceed 0.
[2775.570s] PRUNE: margin=-18.000000, optimistic_rem(widened)=0.000000 -> cannot exceed 0.
[2784.181s] PRUNE: margin=-18.000000, optimistic_rem(widened)=0.000000 -> cannot exceed 0.
[2797.092s] PRUNE: margin=-16.000000, optimistic_rem(widened)=0.000000 -> cannot exceed 0.
[2805.697s] PRUNE: margin=-16.000000, optimistic_rem(widened)=0.000000 -> cannot exceed 0.
[2814.299s] PRUNE: margin=-16.000000, optimistic_rem(widened)=0.000000 -> cannot exceed 0.
[2822.902s] PRUNE: margin=-16.000000, optimistic_rem(widened)=0.000000 -> cannot exceed 0.
[2831.507s] PRUNE: margin=-16.000000, optimistic_rem(widened)=0.000000 -> cannot exceed 0.
[2840.110s] PRUNE: margin=-16.000000, optimistic_rem(widened)=0.000000 -> cannot exceed 0.
[2848.713s] PRUNE: margin=-16.000000, optimistic_rem(widened)=0.000000 -> cannot exceed 0.
[2857.319s] PRUNE: margin=-16.000000, optimistic_rem(widened)=0.000000 -> cannot exceed 0.
[3076.730s] PRUNE: margin=-16.000000, optimistic_rem(widened)=0.000000 -> cannot exceed 0.
[3085.336s] PRUNE: margin=-16.000000, optimistic_rem(widened)=0.000000 -> cannot exceed 0.
[3093.940s] PRUNE: margin=-16.000000, optimistic_rem(widened)=0.000000 -> cannot exceed 0.
[3102.544s] PRUNE: margin=-16.000000, optimistic_rem(widened)=0.000000 -> cannot exceed 0.
[3111.147s] PRUNE: margin=-16.000000, optimistic_rem(widened)=0.000000 -> cannot exceed 0.
[3119.753s] PRUNE: margin=-16.000000, optimistic_rem(widened)=0.000000 -> cannot exceed 0.
[3128.358s] PRUNE: margin=-16.000000, optimistic_rem(widened)=0.000000 -> cannot exceed 0.
[3136.963s] PRUNE: margin=-16.000000, optimistic_rem(widened)=0.000000 -> cannot exceed 0.
[3296.167s] PRUNE: margin=-16.000000, optimistic_rem(widened)=0.000000 -> cannot exceed 0.
[3304.770s] PRUNE: margin=-16.000000, optimistic_rem(widened)=0.000000 -> cannot exceed 0.
[3313.374s] PRUNE: margin=-16.000000, optimistic_rem(widened)=0.000000 -> cannot exceed 0.
[3321.977s] PRUNE: margin=-16.000000, optimistic_rem(widened)=0.000000 -> cannot exceed 0.
[3330.579s] PRUNE: margin=-16.000000, optimistic_rem(widened)=0.000000 -> cannot exceed 0.
[3339.181s] PRUNE: margin=-16.000000, optimistic_rem(widened)=0.000000 -> cannot exceed 0.
[3347.784s] PRUNE: margin=-16.000000, optimistic_rem(widened)=0.000000 -> cannot exceed 0.
[3356.390s] PRUNE: margin=-16.000000, optimistic_rem(widened)=0.000000 -> cannot exceed 0.
[3463.983s] PRUNE: margin=-16.000000, optimistic_rem(widened)=0.000000 -> cannot exceed 0.
[3472.585s] PRUNE: margin=-16.000000, optimistic_rem(widened)=0.000000 -> cannot exceed 0.
[3481.188s] PRUNE: margin=-16.000000, optimistic_rem(widened)=0.000000 -> cannot exceed 0.
[3489.791s] PRUNE: margin=-16.000000, optimistic_rem(widened)=0.000000 -> cannot exceed 0.
[3498.392s] PRUNE: margin=-16.000000, optimistic_rem(widened)=0.000000 -> cannot exceed 0.
[3506.996s] PRUNE: margin=-16.000000, optimistic_rem(widened)=0.000000 -> cannot exceed 0.
[3515.598s] PRUNE: margin=-16.000000, optimistic_rem(widened)=0.000000 -> cannot exceed 0.
[3524.201s] PRUNE: margin=-16.000000, optimistic_rem(widened)=0.000000 -> cannot exceed 0.
[3584.466s] PRUNE: margin=-16.000000, optimistic_rem(widened)=0.000000 -> cannot exceed 0.
[3593.071s] PRUNE: margin=-16.000000, optimistic_rem(widened)=0.000000 -> cannot exceed 0.
[3601.675s] PRUNE: margin=-16.000000, optimistic_rem(widened)=0.000000 -> cannot exceed 0.
[3610.278s] PRUNE: margin=-16.000000, optimistic_rem(widened)=0.000000 -> cannot exceed 0.
[3618.884s] PRUNE: margin=-16.000000, optimistic_rem(widened)=0.000000 -> cannot exceed 0.
[3627.489s] PRUNE: margin=-18.000000, optimistic_rem(widened)=0.000000 -> cannot exceed 0.
[3636.095s] PRUNE: margin=-16.000000, optimistic_rem(widened)=0.000000 -> cannot exceed 0.
[3644.700s] PRUNE: margin=-18.000000, optimistic_rem(widened)=0.000000 -> cannot exceed 0.
[3661.916s] PRUNE: margin=-18.000000, optimistic_rem(widened)=0.000000 -> cannot exceed 0.
[3670.529s] PRUNE: margin=-18.000000, optimistic_rem(widened)=0.000000 -> cannot exceed 0.
[3679.141s] PRUNE: margin=-18.000000, optimistic_rem(widened)=0.000000 -> cannot exceed 0.
[3687.753s] PRUNE: margin=-18.000000, optimistic_rem(widened)=0.000000 -> cannot exceed 0.
[3696.365s] PRUNE: margin=-18.000000, optimistic_rem(widened)=0.000000 -> cannot exceed 0.
[3704.979s] PRUNE: margin=-18.000000, optimistic_rem(widened)=0.000000 -> cannot exceed 0.
[3713.593s] PRUNE: margin=-18.000000, optimistic_rem(widened)=0.000000 -> cannot exceed 0.
[3722.204s] PRUNE: margin=-18.000000, optimistic_rem(widened)=0.000000 -> cannot exceed 0.
[3735.114s] PRUNE: margin=-16.000000, optimistic_rem(widened)=0.000000 -> cannot exceed 0.
[3743.718s] PRUNE: margin=-16.000000, optimistic_rem(widened)=0.000000 -> cannot exceed 0.
[3752.322s] PRUNE: margin=-16.000000, optimistic_rem(widened)=0.000000 -> cannot exceed 0.
[3760.927s] PRUNE: margin=-16.000000, optimistic_rem(widened)=0.000000 -> cannot exceed 0.
[3769.530s] PRUNE: margin=-16.000000, optimistic_rem(widened)=0.000000 -> cannot exceed 0.
[3778.134s] PRUNE: margin=-16.000000, optimistic_rem(widened)=0.000000 -> cannot exceed 0.
[3786.736s] PRUNE: margin=-16.000000, optimistic_rem(widened)=0.000000 -> cannot exceed 0.
[3795.342s] PRUNE: margin=-16.000000, optimistic_rem(widened)=0.000000 -> cannot exceed 0.
[3958.855s] PRUNE: margin=-16.000000, optimistic_rem(widened)=0.000000 -> cannot exceed 0.
[3967.456s] PRUNE: margin=-16.000000, optimistic_rem(widened)=0.000000 -> cannot exceed 0.
[3976.059s] PRUNE: margin=-16.000000, optimistic_rem(widened)=0.000000 -> cannot exceed 0.
[3984.661s] PRUNE: margin=-16.000000, optimistic_rem(widened)=0.000000 -> cannot exceed 0.
[3993.265s] PRUNE: margin=-16.000000, optimistic_rem(widened)=0.000000 -> cannot exceed 0.
[4001.869s] PRUNE: margin=-16.000000, optimistic_rem(widened)=0.000000 -> cannot exceed 0.
[4010.471s] PRUNE: margin=-16.000000, optimistic_rem(widened)=0.000000 -> cannot exceed 0.
[4019.076s] PRUNE: margin=-16.000000, optimistic_rem(widened)=0.000000 -> cannot exceed 0.
[4126.663s] PRUNE: margin=-16.000000, optimistic_rem(widened)=0.000000 -> cannot exceed 0.
[4135.265s] PRUNE: margin=-16.000000, optimistic_rem(widened)=0.000000 -> cannot exceed 0.
[4143.868s] PRUNE: margin=-16.000000, optimistic_rem(widened)=0.000000 -> cannot exceed 0.
[4152.472s] PRUNE: margin=-16.000000, optimistic_rem(widened)=0.000000 -> cannot exceed 0.
[4161.074s] PRUNE: margin=-16.000000, optimistic_rem(widened)=0.000000 -> cannot exceed 0.
[4169.677s] PRUNE: margin=-16.000000, optimistic_rem(widened)=0.000000 -> cannot exceed 0.
[4178.281s] PRUNE: margin=-16.000000, optimistic_rem(widened)=0.000000 -> cannot exceed 0.
[4186.883s] PRUNE: margin=-18.000000, optimistic_rem(widened)=0.000000 -> cannot exceed 0.
[4247.150s] PRUNE: margin=-16.000000, optimistic_rem(widened)=0.000000 -> cannot exceed 0.
[4255.754s] PRUNE: margin=-16.000000, optimistic_rem(widened)=0.000000 -> cannot exceed 0.
[4264.357s] PRUNE: margin=-16.000000, optimistic_rem(widened)=0.000000 -> cannot exceed 0.
[4272.961s] PRUNE: margin=-16.000000, optimistic_rem(widened)=0.000000 -> cannot exceed 0.
[4281.564s] PRUNE: margin=-16.000000, optimistic_rem(widened)=0.000000 -> cannot exceed 0.
[4290.169s] PRUNE: margin=-18.000000, optimistic_rem(widened)=0.000000 -> cannot exceed 0.
[4298.776s] PRUNE: margin=-16.000000, optimistic_rem(widened)=0.000000 -> cannot exceed 0.
[4307.382s] PRUNE: margin=-18.000000, optimistic_rem(widened)=0.000000 -> cannot exceed 0.
[4324.598s] PRUNE: margin=-18.000000, optimistic_rem(widened)=0.000000 -> cannot exceed 0.
[4333.213s] PRUNE: margin=-18.000000, optimistic_rem(widened)=0.000000 -> cannot exceed 0.
[4341.825s] PRUNE: margin=-18.000000, optimistic_rem(widened)=0.000000 -> cannot exceed 0.
[4350.434s] PRUNE: margin=-18.000000, optimistic_rem(widened)=0.000000 -> cannot exceed 0.
[4359.045s] PRUNE: margin=-18.000000, optimistic_rem(widened)=0.000000 -> cannot exceed 0.
[4367.657s] PRUNE: margin=-18.000000, optimistic_rem(widened)=0.000000 -> cannot exceed 0.
[4376.270s] PRUNE: margin=-18.000000, optimistic_rem(widened)=0.000000 -> cannot exceed 0.
[4384.882s] PRUNE: margin=-18.000000, optimistic_rem(widened)=0.000000 -> cannot exceed 0.
[4397.789s] PRUNE: margin=-16.000000, optimistic_rem(widened)=0.000000 -> cannot exceed 0.
[4406.392s] PRUNE: margin=-16.000000, optimistic_rem(widened)=0.000000 -> cannot exceed 0.
[4414.994s] PRUNE: margin=-16.000000, optimistic_rem(widened)=0.000000 -> cannot exceed 0.
[4423.597s] PRUNE: margin=-16.000000, optimistic_rem(widened)=0.000000 -> cannot exceed 0.
[4432.201s] PRUNE: margin=-16.000000, optimistic_rem(widened)=0.000000 -> cannot exceed 0.
[4440.806s] PRUNE: margin=-16.000000, optimistic_rem(widened)=0.000000 -> cannot exceed 0.
[4449.411s] PRUNE: margin=-16.000000, optimistic_rem(widened)=0.000000 -> cannot exceed 0.
[4458.017s] PRUNE: margin=-16.000000, optimistic_rem(widened)=0.000000 -> cannot exceed 0.
[4569.913s] PRUNE: margin=-16.000000, optimistic_rem(widened)=0.000000 -> cannot exceed 0.
[4578.516s] PRUNE: margin=-16.000000, optimistic_rem(widened)=0.000000 -> cannot exceed 0.
[4587.118s] PRUNE: margin=-16.000000, optimistic_rem(widened)=0.000000 -> cannot exceed 0.
[4595.721s] PRUNE: margin=-16.000000, optimistic_rem(widened)=0.000000 -> cannot exceed 0.
[4604.322s] PRUNE: margin=-16.000000, optimistic_rem(widened)=0.000000 -> cannot exceed 0.
[4612.926s] PRUNE: margin=-18.000000, optimistic_rem(widened)=0.000000 -> cannot exceed 0.
[4621.529s] PRUNE: margin=-16.000000, optimistic_rem(widened)=0.000000 -> cannot exceed 0.
[4630.132s] PRUNE: margin=-18.000000, optimistic_rem(widened)=0.000000 -> cannot exceed 0.
[4690.412s] PRUNE: margin=-16.000000, optimistic_rem(widened)=0.000000 -> cannot exceed 0.
[4699.020s] PRUNE: margin=-16.000000, optimistic_rem(widened)=0.000000 -> cannot exceed 0.
[4707.626s] PRUNE: margin=-16.000000, optimistic_rem(widened)=0.000000 -> cannot exceed 0.
[4716.233s] PRUNE: margin=-18.000000, optimistic_rem(widened)=0.000000 -> cannot exceed 0.
[4724.839s] PRUNE: margin=-18.000000, optimistic_rem(widened)=0.000000 -> cannot exceed 0.
[4733.448s] PRUNE: margin=-18.000000, optimistic_rem(widened)=0.000000 -> cannot exceed 0.
[4742.055s] PRUNE: margin=-16.000000, optimistic_rem(widened)=0.000000 -> cannot exceed 0.
[4750.664s] PRUNE: margin=-18.000000, optimistic_rem(widened)=0.000000 -> cannot exceed 0.
[4767.881s] PRUNE: margin=-18.000000, optimistic_rem(widened)=0.000000 -> cannot exceed 0.
[4776.491s] PRUNE: margin=-18.000000, optimistic_rem(widened)=0.000000 -> cannot exceed 0.
[4785.103s] PRUNE: margin=-18.000000, optimistic_rem(widened)=0.000000 -> cannot exceed 0.
[4793.715s] PRUNE: margin=-18.000000, optimistic_rem(widened)=0.000000 -> cannot exceed 0.
[4802.330s] PRUNE: margin=-18.000000, optimistic_rem(widened)=0.000000 -> cannot exceed 0.
[4810.943s] PRUNE: margin=-18.000000, optimistic_rem(widened)=0.000000 -> cannot exceed 0.
[4819.558s] PRUNE: margin=-18.000000, optimistic_rem(widened)=0.000000 -> cannot exceed 0.
[4828.171s] PRUNE: margin=-18.000000, optimistic_rem(widened)=0.000000 -> cannot exceed 0.
[4841.079s] PRUNE: margin=-16.000000, optimistic_rem(widened)=0.000000 -> cannot exceed 0.
[4849.682s] PRUNE: margin=-16.000000, optimistic_rem(widened)=0.000000 -> cannot exceed 0.
[4858.285s] PRUNE: margin=-16.000000, optimistic_rem(widened)=0.000000 -> cannot exceed 0.
[4866.887s] PRUNE: margin=-16.000000, optimistic_rem(widened)=0.000000 -> cannot exceed 0.
[4875.493s] PRUNE: margin=-16.000000, optimistic_rem(widened)=0.000000 -> cannot exceed 0.
[4884.098s] PRUNE: margin=-16.000000, optimistic_rem(widened)=0.000000 -> cannot exceed 0.
[4892.703s] PRUNE: margin=-16.000000, optimistic_rem(widened)=0.000000 -> cannot exceed 0.
[4901.308s] PRUNE: margin=-16.000000, optimistic_rem(widened)=0.000000 -> cannot exceed 0.
[4922.821s] PRUNE: margin=-16.000000, optimistic_rem(widened)=0.000000 -> cannot exceed 0.
[4970.192s] PRUNE: margin=-18.000000, optimistic_rem(widened)=0.000000 -> cannot exceed 0.
[4978.798s] PRUNE: margin=-18.000000, optimistic_rem(widened)=0.000000 -> cannot exceed 0.
[4987.406s] PRUNE: margin=-18.000000, optimistic_rem(widened)=0.000000 -> cannot exceed 0.
[4996.014s] PRUNE: margin=-18.000000, optimistic_rem(widened)=0.000000 -> cannot exceed 0.
[5004.621s] PRUNE: margin=-18.000000, optimistic_rem(widened)=0.000000 -> cannot exceed 0.
[5013.229s] PRUNE: margin=-18.000000, optimistic_rem(widened)=0.000000 -> cannot exceed 0.
[5021.844s] PRUNE: margin=-18.000000, optimistic_rem(widened)=0.000000 -> cannot exceed 0.
[5039.113s] PRUNE: margin=-18.000000, optimistic_rem(widened)=0.000000 -> cannot exceed 0.
[5047.722s] PRUNE: margin=-18.000000, optimistic_rem(widened)=0.000000 -> cannot exceed 0.
[5056.330s] PRUNE: margin=-18.000000, optimistic_rem(widened)=0.000000 -> cannot exceed 0.
[5064.938s] PRUNE: margin=-18.000000, optimistic_rem(widened)=0.000000 -> cannot exceed 0.
[5073.541s] PRUNE: margin=-18.000000, optimistic_rem(widened)=0.000000 -> cannot exceed 0.
[5082.143s] PRUNE: margin=-18.000000, optimistic_rem(widened)=0.000000 -> cannot exceed 0.
[5090.744s] PRUNE: margin=-18.000000, optimistic_rem(widened)=0.000000 -> cannot exceed 0.
[5099.343s] PRUNE: margin=-18.000000, optimistic_rem(widened)=0.000000 -> cannot exceed 0.
[5112.231s] PRUNE: margin=-16.000000, optimistic_rem(widened)=0.000000 -> cannot exceed 0.
[5120.817s] PRUNE: margin=-16.000000, optimistic_rem(widened)=0.000000 -> cannot exceed 0.
[5129.411s] PRUNE: margin=-16.000000, optimistic_rem(widened)=0.000000 -> cannot exceed 0.
[5138.003s] PRUNE: margin=-16.000000, optimistic_rem(widened)=0.000000 -> cannot exceed 0.
[5146.592s] PRUNE: margin=-16.000000, optimistic_rem(widened)=0.000000 -> cannot exceed 0.
[5155.182s] PRUNE: margin=-16.000000, optimistic_rem(widened)=0.000000 -> cannot exceed 0.
[5163.774s] PRUNE: margin=-16.000000, optimistic_rem(widened)=0.000000 -> cannot exceed 0.
[5172.361s] PRUNE: margin=-16.000000, optimistic_rem(widened)=0.000000 -> cannot exceed 0.
[5193.842s] PRUNE: margin=-18.000000, optimistic_rem(widened)=0.000000 -> cannot exceed 0.
[5202.443s] PRUNE: margin=-18.000000, optimistic_rem(widened)=0.000000 -> cannot exceed 0.
[5211.042s] PRUNE: margin=-18.000000, optimistic_rem(widened)=0.000000 -> cannot exceed 0.
[5219.638s] PRUNE: margin=-18.000000, optimistic_rem(widened)=0.000000 -> cannot exceed 0.
[5228.234s] PRUNE: margin=-18.000000, optimistic_rem(widened)=0.000000 -> cannot exceed 0.
[5236.838s] PRUNE: margin=-18.000000, optimistic_rem(widened)=0.000000 -> cannot exceed 0.
[5245.435s] PRUNE: margin=-18.000000, optimistic_rem(widened)=0.000000 -> cannot exceed 0.
[5254.038s] PRUNE: margin=-18.000000, optimistic_rem(widened)=0.000000 -> cannot exceed 0.
[5266.927s] PRUNE: margin=-16.000000, optimistic_rem(widened)=0.000000 -> cannot exceed 0.
[5275.516s] PRUNE: margin=-16.000000, optimistic_rem(widened)=0.000000 -> cannot exceed 0.
[5284.105s] PRUNE: margin=-16.000000, optimistic_rem(widened)=0.000000 -> cannot exceed 0.
[5292.695s] PRUNE: margin=-16.000000, optimistic_rem(widened)=0.000000 -> cannot exceed 0.
[5301.284s] PRUNE: margin=-16.000000, optimistic_rem(widened)=0.000000 -> cannot exceed 0.
[5309.874s] PRUNE: margin=-18.000000, optimistic_rem(widened)=2.000000 -> cannot exceed 0.
[5318.470s] PRUNE: margin=-16.000000, optimistic_rem(widened)=0.000000 -> cannot exceed 0.
[5344.249s] PRUNE: margin=-18.000000, optimistic_rem(widened)=2.000000 -> cannot exceed 0.
[5352.843s] PRUNE: margin=-18.000000, optimistic_rem(widened)=2.000000 -> cannot exceed 0.
[5361.447s] PRUNE: margin=-18.000000, optimistic_rem(widened)=2.000000 -> cannot exceed 0.
[5370.044s] PRUNE: margin=-18.000000, optimistic_rem(widened)=2.000000 -> cannot exceed 0.
[5378.641s] PRUNE: margin=-18.000000, optimistic_rem(widened)=2.000000 -> cannot exceed 0.
[5387.240s] PRUNE: margin=-18.000000, optimistic_rem(widened)=2.000000 -> cannot exceed 0.
[5395.837s] PRUNE: margin=-18.000000, optimistic_rem(widened)=2.000000 -> cannot exceed 0.
[5417.322s] PRUNE: margin=-16.000000, optimistic_rem(widened)=0.000000 -> cannot exceed 0.
[5425.913s] PRUNE: margin=-16.000000, optimistic_rem(widened)=0.000000 -> cannot exceed 0.
[5434.501s] PRUNE: margin=-16.000000, optimistic_rem(widened)=0.000000 -> cannot exceed 0.
[5443.091s] PRUNE: margin=-16.000000, optimistic_rem(widened)=0.000000 -> cannot exceed 0.
[5451.682s] PRUNE: margin=-16.000000, optimistic_rem(widened)=0.000000 -> cannot exceed 0.
[5460.271s] PRUNE: margin=-16.000000, optimistic_rem(widened)=0.000000 -> cannot exceed 0.
[5468.864s] PRUNE: margin=-16.000000, optimistic_rem(widened)=0.000000 -> cannot exceed 0.
[5477.454s] PRUNE: margin=-16.000000, optimistic_rem(widened)=0.000000 -> cannot exceed 0.
[5700.795s] PRUNE: margin=-16.000000, optimistic_rem(widened)=0.000000 -> cannot exceed 0.
[5709.389s] PRUNE: margin=-16.000000, optimistic_rem(widened)=0.000000 -> cannot exceed 0.
[5717.981s] PRUNE: margin=-16.000000, optimistic_rem(widened)=0.000000 -> cannot exceed 0.
[5726.570s] PRUNE: margin=-16.000000, optimistic_rem(widened)=0.000000 -> cannot exceed 0.
[5735.157s] PRUNE: margin=-16.000000, optimistic_rem(widened)=0.000000 -> cannot exceed 0.
[5743.747s] PRUNE: margin=-16.000000, optimistic_rem(widened)=0.000000 -> cannot exceed 0.
[5752.338s] PRUNE: margin=-16.000000, optimistic_rem(widened)=0.000000 -> cannot exceed 0.
[5760.931s] PRUNE: margin=-16.000000, optimistic_rem(widened)=0.000000 -> cannot exceed 0.
[5919.869s] PRUNE: margin=-16.000000, optimistic_rem(widened)=0.000000 -> cannot exceed 0.
[5928.456s] PRUNE: margin=-16.000000, optimistic_rem(widened)=0.000000 -> cannot exceed 0.
[5937.044s] PRUNE: margin=-16.000000, optimistic_rem(widened)=0.000000 -> cannot exceed 0.
[5945.634s] PRUNE: margin=-16.000000, optimistic_rem(widened)=0.000000 -> cannot exceed 0.
[5954.223s] PRUNE: margin=-16.000000, optimistic_rem(widened)=0.000000 -> cannot exceed 0.
[5962.811s] PRUNE: margin=-16.000000, optimistic_rem(widened)=0.000000 -> cannot exceed 0.
[5971.400s] PRUNE: margin=-16.000000, optimistic_rem(widened)=0.000000 -> cannot exceed 0.
[5979.992s] PRUNE: margin=-16.000000, optimistic_rem(widened)=0.000000 -> cannot exceed 0.
[6087.415s] PRUNE: margin=-16.000000, optimistic_rem(widened)=0.000000 -> cannot exceed 0.
[6096.001s] PRUNE: margin=-16.000000, optimistic_rem(widened)=0.000000 -> cannot exceed 0.
[6104.590s] PRUNE: margin=-16.000000, optimistic_rem(widened)=0.000000 -> cannot exceed 0.
[6113.178s] PRUNE: margin=-16.000000, optimistic_rem(widened)=0.000000 -> cannot exceed 0.
[6121.769s] PRUNE: margin=-16.000000, optimistic_rem(widened)=0.000000 -> cannot exceed 0.
[6130.358s] PRUNE: margin=-16.000000, optimistic_rem(widened)=0.000000 -> cannot exceed 0.
[6138.948s] PRUNE: margin=-16.000000, optimistic_rem(widened)=0.000000 -> cannot exceed 0.
[6147.536s] PRUNE: margin=-16.000000, optimistic_rem(widened)=0.000000 -> cannot exceed 0.
[6207.704s] PRUNE: margin=-16.000000, optimistic_rem(widened)=0.000000 -> cannot exceed 0.
[6216.292s] PRUNE: margin=-16.000000, optimistic_rem(widened)=0.000000 -> cannot exceed 0.
[6224.882s] PRUNE: margin=-16.000000, optimistic_rem(widened)=0.000000 -> cannot exceed 0.
[6233.476s] PRUNE: margin=-16.000000, optimistic_rem(widened)=0.000000 -> cannot exceed 0.
[6242.073s] PRUNE: margin=-16.000000, optimistic_rem(widened)=0.000000 -> cannot exceed 0.
[6250.664s] PRUNE: margin=-18.000000, optimistic_rem(widened)=0.000000 -> cannot exceed 0.
[6259.255s] PRUNE: margin=-16.000000, optimistic_rem(widened)=0.000000 -> cannot exceed 0.
[6267.846s] PRUNE: margin=-18.000000, optimistic_rem(widened)=0.000000 -> cannot exceed 0.
[6285.039s] PRUNE: margin=-18.000000, optimistic_rem(widened)=0.000000 -> cannot exceed 0.
[6293.641s] PRUNE: margin=-18.000000, optimistic_rem(widened)=0.000000 -> cannot exceed 0.
[6302.243s] PRUNE: margin=-18.000000, optimistic_rem(widened)=0.000000 -> cannot exceed 0.
[6310.841s] PRUNE: margin=-18.000000, optimistic_rem(widened)=0.000000 -> cannot exceed 0.
[6319.437s] PRUNE: margin=-18.000000, optimistic_rem(widened)=0.000000 -> cannot exceed 0.
[6328.038s] PRUNE: margin=-18.000000, optimistic_rem(widened)=0.000000 -> cannot exceed 0.
[6336.636s] PRUNE: margin=-18.000000, optimistic_rem(widened)=0.000000 -> cannot exceed 0.
[6345.240s] PRUNE: margin=-18.000000, optimistic_rem(widened)=0.000000 -> cannot exceed 0.
[6358.127s] PRUNE: margin=-16.000000, optimistic_rem(widened)=0.000000 -> cannot exceed 0.
[6366.716s] PRUNE: margin=-16.000000, optimistic_rem(widened)=0.000000 -> cannot exceed 0.
[6375.306s] PRUNE: margin=-16.000000, optimistic_rem(widened)=0.000000 -> cannot exceed 0.
[6383.894s] PRUNE: margin=-16.000000, optimistic_rem(widened)=0.000000 -> cannot exceed 0.
[6392.484s] PRUNE: margin=-16.000000, optimistic_rem(widened)=0.000000 -> cannot exceed 0.
[6401.074s] PRUNE: margin=-16.000000, optimistic_rem(widened)=0.000000 -> cannot exceed 0.
[6409.665s] PRUNE: margin=-16.000000, optimistic_rem(widened)=0.000000 -> cannot exceed 0.
[6418.257s] PRUNE: margin=-16.000000, optimistic_rem(widened)=0.000000 -> cannot exceed 0.
[6581.525s] PRUNE: margin=-16.000000, optimistic_rem(widened)=0.000000 -> cannot exceed 0.
[6590.120s] PRUNE: margin=-16.000000, optimistic_rem(widened)=0.000000 -> cannot exceed 0.
[6598.711s] PRUNE: margin=-16.000000, optimistic_rem(widened)=0.000000 -> cannot exceed 0.
[6607.301s] PRUNE: margin=-16.000000, optimistic_rem(widened)=0.000000 -> cannot exceed 0.
[6615.892s] PRUNE: margin=-16.000000, optimistic_rem(widened)=0.000000 -> cannot exceed 0.
[6624.483s] PRUNE: margin=-16.000000, optimistic_rem(widened)=0.000000 -> cannot exceed 0.
[6633.073s] PRUNE: margin=-16.000000, optimistic_rem(widened)=0.000000 -> cannot exceed 0.
[6641.665s] PRUNE: margin=-16.000000, optimistic_rem(widened)=0.000000 -> cannot exceed 0.
[6749.123s] PRUNE: margin=-16.000000, optimistic_rem(widened)=0.000000 -> cannot exceed 0.
[6757.740s] PRUNE: margin=-16.000000, optimistic_rem(widened)=0.000000 -> cannot exceed 0.
[6766.367s] PRUNE: margin=-16.000000, optimistic_rem(widened)=0.000000 -> cannot exceed 0.
[6774.997s] PRUNE: margin=-16.000000, optimistic_rem(widened)=0.000000 -> cannot exceed 0.
[6783.621s] PRUNE: margin=-16.000000, optimistic_rem(widened)=0.000000 -> cannot exceed 0.
[6792.247s] PRUNE: margin=-16.000000, optimistic_rem(widened)=0.000000 -> cannot exceed 0.
[6800.876s] PRUNE: margin=-16.000000, optimistic_rem(widened)=0.000000 -> cannot exceed 0.
[6809.503s] PRUNE: margin=-18.000000, optimistic_rem(widened)=0.000000 -> cannot exceed 0.
[6869.926s] PRUNE: margin=-16.000000, optimistic_rem(widened)=0.000000 -> cannot exceed 0.
[6878.553s] PRUNE: margin=-16.000000, optimistic_rem(widened)=0.000000 -> cannot exceed 0.
[6887.182s] PRUNE: margin=-16.000000, optimistic_rem(widened)=0.000000 -> cannot exceed 0.
[6895.809s] PRUNE: margin=-16.000000, optimistic_rem(widened)=0.000000 -> cannot exceed 0.
[6904.439s] PRUNE: margin=-16.000000, optimistic_rem(widened)=0.000000 -> cannot exceed 0.
[6913.067s] PRUNE: margin=-18.000000, optimistic_rem(widened)=0.000000 -> cannot exceed 0.
[6921.693s] PRUNE: margin=-16.000000, optimistic_rem(widened)=0.000000 -> cannot exceed 0.
[6930.322s] PRUNE: margin=-18.000000, optimistic_rem(widened)=0.000000 -> cannot exceed 0.
[6947.583s] PRUNE: margin=-18.000000, optimistic_rem(widened)=0.000000 -> cannot exceed 0.
[6956.217s] PRUNE: margin=-18.000000, optimistic_rem(widened)=0.000000 -> cannot exceed 0.
[6964.853s] PRUNE: margin=-18.000000, optimistic_rem(widened)=0.000000 -> cannot exceed 0.
[6973.487s] PRUNE: margin=-18.000000, optimistic_rem(widened)=0.000000 -> cannot exceed 0.
[6982.119s] PRUNE: margin=-18.000000, optimistic_rem(widened)=0.000000 -> cannot exceed 0.
[6990.752s] PRUNE: margin=-18.000000, optimistic_rem(widened)=0.000000 -> cannot exceed 0.
[6999.385s] PRUNE: margin=-18.000000, optimistic_rem(widened)=0.000000 -> cannot exceed 0.
[7008.019s] PRUNE: margin=-18.000000, optimistic_rem(widened)=0.000000 -> cannot exceed 0.
[7020.958s] PRUNE: margin=-16.000000, optimistic_rem(widened)=0.000000 -> cannot exceed 0.
[7029.585s] PRUNE: margin=-16.000000, optimistic_rem(widened)=0.000000 -> cannot exceed 0.
[7038.209s] PRUNE: margin=-16.000000, optimistic_rem(widened)=0.000000 -> cannot exceed 0.
[7046.833s] PRUNE: margin=-16.000000, optimistic_rem(widened)=0.000000 -> cannot exceed 0.
[7055.459s] PRUNE: margin=-16.000000, optimistic_rem(widened)=0.000000 -> cannot exceed 0.
[7064.082s] PRUNE: margin=-16.000000, optimistic_rem(widened)=0.000000 -> cannot exceed 0.
[7072.706s] PRUNE: margin=-16.000000, optimistic_rem(widened)=0.000000 -> cannot exceed 0.
[7081.325s] PRUNE: margin=-16.000000, optimistic_rem(widened)=0.000000 -> cannot exceed 0.
[7193.394s] PRUNE: margin=-16.000000, optimistic_rem(widened)=0.000000 -> cannot exceed 0.
[7202.009s] PRUNE: margin=-16.000000, optimistic_rem(widened)=0.000000 -> cannot exceed 0.
[7210.626s] PRUNE: margin=-16.000000, optimistic_rem(widened)=0.000000 -> cannot exceed 0.
[7219.241s] PRUNE: margin=-16.000000, optimistic_rem(widened)=0.000000 -> cannot exceed 0.
[7227.856s] PRUNE: margin=-16.000000, optimistic_rem(widened)=0.000000 -> cannot exceed 0.
[7236.471s] PRUNE: margin=-18.000000, optimistic_rem(widened)=0.000000 -> cannot exceed 0.
[7245.087s] PRUNE: margin=-16.000000, optimistic_rem(widened)=0.000000 -> cannot exceed 0.
[7253.704s] PRUNE: margin=-18.000000, optimistic_rem(widened)=0.000000 -> cannot exceed 0.
[7314.057s] PRUNE: margin=-16.000000, optimistic_rem(widened)=0.000000 -> cannot exceed 0.
[7322.679s] PRUNE: margin=-16.000000, optimistic_rem(widened)=0.000000 -> cannot exceed 0.
[7331.299s] PRUNE: margin=-16.000000, optimistic_rem(widened)=0.000000 -> cannot exceed 0.
[7339.918s] PRUNE: margin=-18.000000, optimistic_rem(widened)=0.000000 -> cannot exceed 0.
[7348.537s] PRUNE: margin=-18.000000, optimistic_rem(widened)=0.000000 -> cannot exceed 0.
[7357.158s] PRUNE: margin=-18.000000, optimistic_rem(widened)=0.000000 -> cannot exceed 0.
[7365.777s] PRUNE: margin=-16.000000, optimistic_rem(widened)=0.000000 -> cannot exceed 0.
[7374.395s] PRUNE: margin=-18.000000, optimistic_rem(widened)=0.000000 -> cannot exceed 0.
[7391.634s] PRUNE: margin=-18.000000, optimistic_rem(widened)=0.000000 -> cannot exceed 0.
[7400.255s] PRUNE: margin=-18.000000, optimistic_rem(widened)=0.000000 -> cannot exceed 0.
[7408.879s] PRUNE: margin=-18.000000, optimistic_rem(widened)=0.000000 -> cannot exceed 0.
[7417.502s] PRUNE: margin=-18.000000, optimistic_rem(widened)=0.000000 -> cannot exceed 0.
[7426.126s] PRUNE: margin=-18.000000, optimistic_rem(widened)=0.000000 -> cannot exceed 0.
[7434.748s] PRUNE: margin=-18.000000, optimistic_rem(widened)=0.000000 -> cannot exceed 0.
[7443.369s] PRUNE: margin=-18.000000, optimistic_rem(widened)=0.000000 -> cannot exceed 0.
[7451.995s] PRUNE: margin=-18.000000, optimistic_rem(widened)=0.000000 -> cannot exceed 0.
[7464.911s] PRUNE: margin=-16.000000, optimistic_rem(widened)=0.000000 -> cannot exceed 0.
[7473.507s] PRUNE: margin=-16.000000, optimistic_rem(widened)=0.000000 -> cannot exceed 0.
[7482.099s] PRUNE: margin=-16.000000, optimistic_rem(widened)=0.000000 -> cannot exceed 0.
[7490.695s] PRUNE: margin=-16.000000, optimistic_rem(widened)=0.000000 -> cannot exceed 0.
[7499.296s] PRUNE: margin=-16.000000, optimistic_rem(widened)=0.000000 -> cannot exceed 0.
[7507.889s] PRUNE: margin=-16.000000, optimistic_rem(widened)=0.000000 -> cannot exceed 0.
[7516.485s] PRUNE: margin=-16.000000, optimistic_rem(widened)=0.000000 -> cannot exceed 0.
[7525.079s] PRUNE: margin=-16.000000, optimistic_rem(widened)=0.000000 -> cannot exceed 0.
[7546.568s] PRUNE: margin=-16.000000, optimistic_rem(widened)=0.000000 -> cannot exceed 0.
[7593.883s] PRUNE: margin=-18.000000, optimistic_rem(widened)=0.000000 -> cannot exceed 0.
[7602.480s] PRUNE: margin=-18.000000, optimistic_rem(widened)=0.000000 -> cannot exceed 0.
[7611.076s] PRUNE: margin=-18.000000, optimistic_rem(widened)=0.000000 -> cannot exceed 0.
[7619.673s] PRUNE: margin=-18.000000, optimistic_rem(widened)=0.000000 -> cannot exceed 0.
[7628.269s] PRUNE: margin=-18.000000, optimistic_rem(widened)=0.000000 -> cannot exceed 0.
[7636.868s] PRUNE: margin=-18.000000, optimistic_rem(widened)=0.000000 -> cannot exceed 0.
[7645.468s] PRUNE: margin=-18.000000, optimistic_rem(widened)=0.000000 -> cannot exceed 0.
[7662.663s] PRUNE: margin=-18.000000, optimistic_rem(widened)=0.000000 -> cannot exceed 0.
[7671.265s] PRUNE: margin=-18.000000, optimistic_rem(widened)=0.000000 -> cannot exceed 0.
[7679.866s] PRUNE: margin=-18.000000, optimistic_rem(widened)=0.000000 -> cannot exceed 0.
[7688.472s] PRUNE: margin=-18.000000, optimistic_rem(widened)=0.000000 -> cannot exceed 0.
[7697.077s] PRUNE: margin=-18.000000, optimistic_rem(widened)=0.000000 -> cannot exceed 0.
[7705.679s] PRUNE: margin=-18.000000, optimistic_rem(widened)=0.000000 -> cannot exceed 0.
[7714.282s] PRUNE: margin=-18.000000, optimistic_rem(widened)=0.000000 -> cannot exceed 0.
[7722.890s] PRUNE: margin=-18.000000, optimistic_rem(widened)=0.000000 -> cannot exceed 0.
[7735.783s] PRUNE: margin=-16.000000, optimistic_rem(widened)=0.000000 -> cannot exceed 0.
[7744.375s] PRUNE: margin=-16.000000, optimistic_rem(widened)=0.000000 -> cannot exceed 0.
[7752.968s] PRUNE: margin=-16.000000, optimistic_rem(widened)=0.000000 -> cannot exceed 0.
[7761.563s] PRUNE: margin=-16.000000, optimistic_rem(widened)=0.000000 -> cannot exceed 0.
[7770.155s] PRUNE: margin=-16.000000, optimistic_rem(widened)=0.000000 -> cannot exceed 0.
[7778.750s] PRUNE: margin=-16.000000, optimistic_rem(widened)=0.000000 -> cannot exceed 0.
[7787.344s] PRUNE: margin=-16.000000, optimistic_rem(widened)=0.000000 -> cannot exceed 0.
[7795.937s] PRUNE: margin=-16.000000, optimistic_rem(widened)=0.000000 -> cannot exceed 0.
[7817.434s] PRUNE: margin=-18.000000, optimistic_rem(widened)=0.000000 -> cannot exceed 0.
[7826.039s] PRUNE: margin=-18.000000, optimistic_rem(widened)=0.000000 -> cannot exceed 0.
[7834.641s] PRUNE: margin=-18.000000, optimistic_rem(widened)=0.000000 -> cannot exceed 0.
[7843.243s] PRUNE: margin=-18.000000, optimistic_rem(widened)=0.000000 -> cannot exceed 0.
[7851.845s] PRUNE: margin=-18.000000, optimistic_rem(widened)=0.000000 -> cannot exceed 0.
[7860.448s] PRUNE: margin=-18.000000, optimistic_rem(widened)=0.000000 -> cannot exceed 0.
[7869.052s] PRUNE: margin=-18.000000, optimistic_rem(widened)=0.000000 -> cannot exceed 0.
[7877.657s] PRUNE: margin=-18.000000, optimistic_rem(widened)=0.000000 -> cannot exceed 0.
[7890.554s] PRUNE: margin=-16.000000, optimistic_rem(widened)=0.000000 -> cannot exceed 0.
[7899.147s] PRUNE: margin=-16.000000, optimistic_rem(widened)=0.000000 -> cannot exceed 0.
[7907.740s] PRUNE: margin=-16.000000, optimistic_rem(widened)=0.000000 -> cannot exceed 0.
[7916.332s] PRUNE: margin=-16.000000, optimistic_rem(widened)=0.000000 -> cannot exceed 0.
[7924.924s] PRUNE: margin=-16.000000, optimistic_rem(widened)=0.000000 -> cannot exceed 0.
[7933.516s] PRUNE: margin=-18.000000, optimistic_rem(widened)=2.000000 -> cannot exceed 0.
[7942.110s] PRUNE: margin=-16.000000, optimistic_rem(widened)=0.000000 -> cannot exceed 0.
[7967.898s] PRUNE: margin=-18.000000, optimistic_rem(widened)=2.000000 -> cannot exceed 0.
[7976.500s] PRUNE: margin=-18.000000, optimistic_rem(widened)=2.000000 -> cannot exceed 0.
[7985.100s] PRUNE: margin=-18.000000, optimistic_rem(widened)=2.000000 -> cannot exceed 0.
[7993.701s] PRUNE: margin=-18.000000, optimistic_rem(widened)=2.000000 -> cannot exceed 0.
[8002.302s] PRUNE: margin=-18.000000, optimistic_rem(widened)=2.000000 -> cannot exceed 0.
[8010.902s] PRUNE: margin=-18.000000, optimistic_rem(widened)=2.000000 -> cannot exceed 0.
[8019.501s] PRUNE: margin=-18.000000, optimistic_rem(widened)=2.000000 -> cannot exceed 0.
[8040.995s] PRUNE: margin=-16.000000, optimistic_rem(widened)=0.000000 -> cannot exceed 0.
[8049.587s] PRUNE: margin=-16.000000, optimistic_rem(widened)=0.000000 -> cannot exceed 0.
[8058.180s] PRUNE: margin=-16.000000, optimistic_rem(widened)=0.000000 -> cannot exceed 0.
[8066.772s] PRUNE: margin=-16.000000, optimistic_rem(widened)=0.000000 -> cannot exceed 0.
[8075.365s] PRUNE: margin=-16.000000, optimistic_rem(widened)=0.000000 -> cannot exceed 0.
[8083.957s] PRUNE: margin=-16.000000, optimistic_rem(widened)=0.000000 -> cannot exceed 0.
[8092.548s] PRUNE: margin=-16.000000, optimistic_rem(widened)=0.000000 -> cannot exceed 0.
[8101.144s] PRUNE: margin=-16.000000, optimistic_rem(widened)=0.000000 -> cannot exceed 0.
[8268.734s] PRUNE: margin=-16.000000, optimistic_rem(widened)=0.000000 -> cannot exceed 0.
[8277.327s] PRUNE: margin=-16.000000, optimistic_rem(widened)=0.000000 -> cannot exceed 0.
[8285.920s] PRUNE: margin=-16.000000, optimistic_rem(widened)=0.000000 -> cannot exceed 0.
[8294.512s] PRUNE: margin=-16.000000, optimistic_rem(widened)=0.000000 -> cannot exceed 0.
[8303.103s] PRUNE: margin=-16.000000, optimistic_rem(widened)=0.000000 -> cannot exceed 0.
[8311.697s] PRUNE: margin=-16.000000, optimistic_rem(widened)=0.000000 -> cannot exceed 0.
[8320.287s] PRUNE: margin=-16.000000, optimistic_rem(widened)=0.000000 -> cannot exceed 0.
[8328.882s] PRUNE: margin=-18.000000, optimistic_rem(widened)=0.000000 -> cannot exceed 0.
[8436.346s] PRUNE: margin=-16.000000, optimistic_rem(widened)=0.000000 -> cannot exceed 0.
[8444.939s] PRUNE: margin=-16.000000, optimistic_rem(widened)=0.000000 -> cannot exceed 0.
[8453.529s] PRUNE: margin=-16.000000, optimistic_rem(widened)=0.000000 -> cannot exceed 0.
[8462.119s] PRUNE: margin=-16.000000, optimistic_rem(widened)=0.000000 -> cannot exceed 0.
[8470.712s] PRUNE: margin=-16.000000, optimistic_rem(widened)=0.000000 -> cannot exceed 0.
[8479.304s] PRUNE: margin=-16.000000, optimistic_rem(widened)=0.000000 -> cannot exceed 0.
[8487.894s] PRUNE: margin=-16.000000, optimistic_rem(widened)=0.000000 -> cannot exceed 0.
[8496.485s] PRUNE: margin=-18.000000, optimistic_rem(widened)=0.000000 -> cannot exceed 0.
[8556.668s] PRUNE: margin=-16.000000, optimistic_rem(widened)=0.000000 -> cannot exceed 0.
[8565.259s] PRUNE: margin=-16.000000, optimistic_rem(widened)=0.000000 -> cannot exceed 0.
[8573.853s] PRUNE: margin=-16.000000, optimistic_rem(widened)=0.000000 -> cannot exceed 0.
[8582.446s] PRUNE: margin=-18.000000, optimistic_rem(widened)=0.000000 -> cannot exceed 0.
[8591.041s] PRUNE: margin=-16.000000, optimistic_rem(widened)=0.000000 -> cannot exceed 0.
[8599.634s] PRUNE: margin=-18.000000, optimistic_rem(widened)=0.000000 -> cannot exceed 0.
[8608.230s] PRUNE: margin=-16.000000, optimistic_rem(widened)=0.000000 -> cannot exceed 0.
[8616.826s] PRUNE: margin=-18.000000, optimistic_rem(widened)=0.000000 -> cannot exceed 0.
[8634.021s] PRUNE: margin=-18.000000, optimistic_rem(widened)=0.000000 -> cannot exceed 0.
[8642.620s] PRUNE: margin=-18.000000, optimistic_rem(widened)=0.000000 -> cannot exceed 0.
[8651.219s] PRUNE: margin=-18.000000, optimistic_rem(widened)=0.000000 -> cannot exceed 0.
[8659.818s] PRUNE: margin=-18.000000, optimistic_rem(widened)=0.000000 -> cannot exceed 0.
[8668.419s] PRUNE: margin=-18.000000, optimistic_rem(widened)=0.000000 -> cannot exceed 0.
[8677.018s] PRUNE: margin=-18.000000, optimistic_rem(widened)=0.000000 -> cannot exceed 0.
[8685.620s] PRUNE: margin=-18.000000, optimistic_rem(widened)=0.000000 -> cannot exceed 0.
[8694.220s] PRUNE: margin=-18.000000, optimistic_rem(widened)=0.000000 -> cannot exceed 0.
[8707.109s] PRUNE: margin=-16.000000, optimistic_rem(widened)=0.000000 -> cannot exceed 0.
[8715.699s] PRUNE: margin=-16.000000, optimistic_rem(widened)=0.000000 -> cannot exceed 0.
[8724.290s] PRUNE: margin=-16.000000, optimistic_rem(widened)=0.000000 -> cannot exceed 0.
[8732.882s] PRUNE: margin=-16.000000, optimistic_rem(widened)=0.000000 -> cannot exceed 0.
[8741.473s] PRUNE: margin=-16.000000, optimistic_rem(widened)=0.000000 -> cannot exceed 0.
[8750.064s] PRUNE: margin=-16.000000, optimistic_rem(widened)=0.000000 -> cannot exceed 0.
[8758.657s] PRUNE: margin=-16.000000, optimistic_rem(widened)=0.000000 -> cannot exceed 0.
[8767.248s] PRUNE: margin=-16.000000, optimistic_rem(widened)=0.000000 -> cannot exceed 0.
[8879.005s] PRUNE: margin=-16.000000, optimistic_rem(widened)=0.000000 -> cannot exceed 0.
[8887.596s] PRUNE: margin=-16.000000, optimistic_rem(widened)=0.000000 -> cannot exceed 0.
[8896.190s] PRUNE: margin=-16.000000, optimistic_rem(widened)=0.000000 -> cannot exceed 0.
[8904.780s] PRUNE: margin=-16.000000, optimistic_rem(widened)=0.000000 -> cannot exceed 0.
[8913.371s] PRUNE: margin=-16.000000, optimistic_rem(widened)=0.000000 -> cannot exceed 0.
[8921.963s] PRUNE: margin=-18.000000, optimistic_rem(widened)=0.000000 -> cannot exceed 0.
[8930.556s] PRUNE: margin=-16.000000, optimistic_rem(widened)=0.000000 -> cannot exceed 0.
[8939.147s] PRUNE: margin=-18.000000, optimistic_rem(widened)=0.000000 -> cannot exceed 0.
[8999.342s] PRUNE: margin=-16.000000, optimistic_rem(widened)=0.000000 -> cannot exceed 0.
[9007.936s] PRUNE: margin=-16.000000, optimistic_rem(widened)=0.000000 -> cannot exceed 0.
[9016.530s] PRUNE: margin=-16.000000, optimistic_rem(widened)=0.000000 -> cannot exceed 0.
[9025.127s] PRUNE: margin=-18.000000, optimistic_rem(widened)=0.000000 -> cannot exceed 0.
[9033.722s] PRUNE: margin=-18.000000, optimistic_rem(widened)=0.000000 -> cannot exceed 0.
[9042.320s] PRUNE: margin=-18.000000, optimistic_rem(widened)=0.000000 -> cannot exceed 0.
[9050.920s] PRUNE: margin=-16.000000, optimistic_rem(widened)=0.000000 -> cannot exceed 0.
[9059.518s] PRUNE: margin=-18.000000, optimistic_rem(widened)=0.000000 -> cannot exceed 0.
[9076.777s] PRUNE: margin=-18.000000, optimistic_rem(widened)=0.000000 -> cannot exceed 0.
[9085.407s] PRUNE: margin=-18.000000, optimistic_rem(widened)=0.000000 -> cannot exceed 0.
[9094.038s] PRUNE: margin=-18.000000, optimistic_rem(widened)=0.000000 -> cannot exceed 0.
[9102.638s] PRUNE: margin=-18.000000, optimistic_rem(widened)=0.000000 -> cannot exceed 0.
[9111.235s] PRUNE: margin=-18.000000, optimistic_rem(widened)=0.000000 -> cannot exceed 0.
[9119.835s] PRUNE: margin=-18.000000, optimistic_rem(widened)=0.000000 -> cannot exceed 0.
[9128.436s] PRUNE: margin=-18.000000, optimistic_rem(widened)=0.000000 -> cannot exceed 0.
[9137.037s] PRUNE: margin=-18.000000, optimistic_rem(widened)=0.000000 -> cannot exceed 0.
[9149.925s] PRUNE: margin=-16.000000, optimistic_rem(widened)=0.000000 -> cannot exceed 0.
[9158.518s] PRUNE: margin=-16.000000, optimistic_rem(widened)=0.000000 -> cannot exceed 0.
[9167.109s] PRUNE: margin=-16.000000, optimistic_rem(widened)=0.000000 -> cannot exceed 0.
[9175.697s] PRUNE: margin=-16.000000, optimistic_rem(widened)=0.000000 -> cannot exceed 0.
[9184.286s] PRUNE: margin=-16.000000, optimistic_rem(widened)=0.000000 -> cannot exceed 0.
[9192.877s] PRUNE: margin=-16.000000, optimistic_rem(widened)=0.000000 -> cannot exceed 0.
[9201.467s] PRUNE: margin=-16.000000, optimistic_rem(widened)=0.000000 -> cannot exceed 0.
[9210.058s] PRUNE: margin=-16.000000, optimistic_rem(widened)=0.000000 -> cannot exceed 0.
[9231.534s] PRUNE: margin=-16.000000, optimistic_rem(widened)=0.000000 -> cannot exceed 0.
[9278.830s] PRUNE: margin=-18.000000, optimistic_rem(widened)=0.000000 -> cannot exceed 0.
[9287.428s] PRUNE: margin=-18.000000, optimistic_rem(widened)=0.000000 -> cannot exceed 0.
[9296.023s] PRUNE: margin=-18.000000, optimistic_rem(widened)=0.000000 -> cannot exceed 0.
[9304.619s] PRUNE: margin=-18.000000, optimistic_rem(widened)=0.000000 -> cannot exceed 0.
[9313.215s] PRUNE: margin=-18.000000, optimistic_rem(widened)=0.000000 -> cannot exceed 0.
[9321.809s] PRUNE: margin=-18.000000, optimistic_rem(widened)=0.000000 -> cannot exceed 0.
[9330.406s] PRUNE: margin=-18.000000, optimistic_rem(widened)=0.000000 -> cannot exceed 0.
[9347.596s] PRUNE: margin=-18.000000, optimistic_rem(widened)=0.000000 -> cannot exceed 0.
[9356.195s] PRUNE: margin=-18.000000, optimistic_rem(widened)=0.000000 -> cannot exceed 0.
[9364.791s] PRUNE: margin=-18.000000, optimistic_rem(widened)=0.000000 -> cannot exceed 0.
[9373.388s] PRUNE: margin=-18.000000, optimistic_rem(widened)=0.000000 -> cannot exceed 0.
[9381.986s] PRUNE: margin=-18.000000, optimistic_rem(widened)=0.000000 -> cannot exceed 0.
[9390.584s] PRUNE: margin=-18.000000, optimistic_rem(widened)=0.000000 -> cannot exceed 0.
[9399.184s] PRUNE: margin=-18.000000, optimistic_rem(widened)=0.000000 -> cannot exceed 0.
[9407.784s] PRUNE: margin=-18.000000, optimistic_rem(widened)=0.000000 -> cannot exceed 0.
[9420.679s] PRUNE: margin=-16.000000, optimistic_rem(widened)=0.000000 -> cannot exceed 0.
[9429.268s] PRUNE: margin=-16.000000, optimistic_rem(widened)=0.000000 -> cannot exceed 0.
[9437.862s] PRUNE: margin=-16.000000, optimistic_rem(widened)=0.000000 -> cannot exceed 0.
[9446.452s] PRUNE: margin=-16.000000, optimistic_rem(widened)=0.000000 -> cannot exceed 0.
[9455.044s] PRUNE: margin=-16.000000, optimistic_rem(widened)=0.000000 -> cannot exceed 0.
[9463.633s] PRUNE: margin=-16.000000, optimistic_rem(widened)=0.000000 -> cannot exceed 0.
[9472.227s] PRUNE: margin=-16.000000, optimistic_rem(widened)=0.000000 -> cannot exceed 0.
[9480.819s] PRUNE: margin=-16.000000, optimistic_rem(widened)=0.000000 -> cannot exceed 0.
[9502.305s] PRUNE: margin=-18.000000, optimistic_rem(widened)=0.000000 -> cannot exceed 0.
[9510.903s] PRUNE: margin=-18.000000, optimistic_rem(widened)=0.000000 -> cannot exceed 0.
[9519.502s] PRUNE: margin=-18.000000, optimistic_rem(widened)=0.000000 -> cannot exceed 0.
[9528.099s] PRUNE: margin=-18.000000, optimistic_rem(widened)=0.000000 -> cannot exceed 0.
[9536.696s] PRUNE: margin=-18.000000, optimistic_rem(widened)=0.000000 -> cannot exceed 0.
[9545.294s] PRUNE: margin=-18.000000, optimistic_rem(widened)=0.000000 -> cannot exceed 0.
[9553.894s] PRUNE: margin=-18.000000, optimistic_rem(widened)=0.000000 -> cannot exceed 0.
[9562.494s] PRUNE: margin=-18.000000, optimistic_rem(widened)=0.000000 -> cannot exceed 0.
[9575.384s] PRUNE: margin=-16.000000, optimistic_rem(widened)=0.000000 -> cannot exceed 0.
[9583.977s] PRUNE: margin=-16.000000, optimistic_rem(widened)=0.000000 -> cannot exceed 0.
[9592.567s] PRUNE: margin=-16.000000, optimistic_rem(widened)=0.000000 -> cannot exceed 0.
[9601.158s] PRUNE: margin=-16.000000, optimistic_rem(widened)=0.000000 -> cannot exceed 0.
[9609.748s] PRUNE: margin=-16.000000, optimistic_rem(widened)=0.000000 -> cannot exceed 0.
[9618.338s] PRUNE: margin=-18.000000, optimistic_rem(widened)=2.000000 -> cannot exceed 0.
[9626.932s] PRUNE: margin=-16.000000, optimistic_rem(widened)=0.000000 -> cannot exceed 0.
[9652.717s] PRUNE: margin=-18.000000, optimistic_rem(widened)=2.000000 -> cannot exceed 0.
[9661.312s] PRUNE: margin=-18.000000, optimistic_rem(widened)=2.000000 -> cannot exceed 0.
[9669.909s] PRUNE: margin=-18.000000, optimistic_rem(widened)=2.000000 -> cannot exceed 0.
[9678.505s] PRUNE: margin=-18.000000, optimistic_rem(widened)=2.000000 -> cannot exceed 0.
[9687.101s] PRUNE: margin=-18.000000, optimistic_rem(widened)=2.000000 -> cannot exceed 0.
[9695.702s] PRUNE: margin=-18.000000, optimistic_rem(widened)=2.000000 -> cannot exceed 0.
[9704.302s] PRUNE: margin=-18.000000, optimistic_rem(widened)=2.000000 -> cannot exceed 0.
[9725.789s] PRUNE: margin=-16.000000, optimistic_rem(widened)=0.000000 -> cannot exceed 0.
[9734.378s] PRUNE: margin=-16.000000, optimistic_rem(widened)=0.000000 -> cannot exceed 0.
[9742.969s] PRUNE: margin=-16.000000, optimistic_rem(widened)=0.000000 -> cannot exceed 0.
[9751.559s] PRUNE: margin=-16.000000, optimistic_rem(widened)=0.000000 -> cannot exceed 0.
[9760.146s] PRUNE: margin=-16.000000, optimistic_rem(widened)=0.000000 -> cannot exceed 0.
[9768.768s] PRUNE: margin=-16.000000, optimistic_rem(widened)=0.000000 -> cannot exceed 0.
[9777.356s] PRUNE: margin=-16.000000, optimistic_rem(widened)=0.000000 -> cannot exceed 0.
[9785.947s] PRUNE: margin=-16.000000, optimistic_rem(widened)=0.000000 -> cannot exceed 0.
[9901.958s] PRUNE: margin=-16.000000, optimistic_rem(widened)=0.000000 -> cannot exceed 0.
[9910.547s] PRUNE: margin=-16.000000, optimistic_rem(widened)=0.000000 -> cannot exceed 0.
[9919.134s] PRUNE: margin=-16.000000, optimistic_rem(widened)=0.000000 -> cannot exceed 0.
[9927.723s] PRUNE: margin=-16.000000, optimistic_rem(widened)=0.000000 -> cannot exceed 0.
[9936.313s] PRUNE: margin=-16.000000, optimistic_rem(widened)=0.000000 -> cannot exceed 0.
[9944.902s] PRUNE: margin=-18.000000, optimistic_rem(widened)=0.000000 -> cannot exceed 0.
[9953.492s] PRUNE: margin=-16.000000, optimistic_rem(widened)=0.000000 -> cannot exceed 0.
[9962.080s] PRUNE: margin=-18.000000, optimistic_rem(widened)=0.000000 -> cannot exceed 0.
[10022.250s] PRUNE: margin=-16.000000, optimistic_rem(widened)=0.000000 -> cannot exceed 0.
[10030.841s] PRUNE: margin=-16.000000, optimistic_rem(widened)=0.000000 -> cannot exceed 0.
[10039.436s] PRUNE: margin=-16.000000, optimistic_rem(widened)=0.000000 -> cannot exceed 0.
[10048.028s] PRUNE: margin=-18.000000, optimistic_rem(widened)=0.000000 -> cannot exceed 0.
[10056.621s] PRUNE: margin=-18.000000, optimistic_rem(widened)=0.000000 -> cannot exceed 0.
[10065.211s] PRUNE: margin=-18.000000, optimistic_rem(widened)=0.000000 -> cannot exceed 0.
[10073.805s] PRUNE: margin=-16.000000, optimistic_rem(widened)=0.000000 -> cannot exceed 0.
[10082.399s] PRUNE: margin=-18.000000, optimistic_rem(widened)=0.000000 -> cannot exceed 0.
[10099.588s] PRUNE: margin=-18.000000, optimistic_rem(widened)=0.000000 -> cannot exceed 0.
[10108.183s] PRUNE: margin=-18.000000, optimistic_rem(widened)=0.000000 -> cannot exceed 0.
[10116.779s] PRUNE: margin=-18.000000, optimistic_rem(widened)=0.000000 -> cannot exceed 0.
[10125.376s] PRUNE: margin=-18.000000, optimistic_rem(widened)=0.000000 -> cannot exceed 0.
[10133.974s] PRUNE: margin=-18.000000, optimistic_rem(widened)=0.000000 -> cannot exceed 0.
[10142.571s] PRUNE: margin=-18.000000, optimistic_rem(widened)=0.000000 -> cannot exceed 0.
[10151.170s] PRUNE: margin=-18.000000, optimistic_rem(widened)=0.000000 -> cannot exceed 0.
[10159.770s] PRUNE: margin=-18.000000, optimistic_rem(widened)=0.000000 -> cannot exceed 0.
[10172.655s] PRUNE: margin=-16.000000, optimistic_rem(widened)=0.000000 -> cannot exceed 0.
[10181.243s] PRUNE: margin=-16.000000, optimistic_rem(widened)=0.000000 -> cannot exceed 0.
[10189.828s] PRUNE: margin=-16.000000, optimistic_rem(widened)=0.000000 -> cannot exceed 0.
[10198.420s] PRUNE: margin=-16.000000, optimistic_rem(widened)=0.000000 -> cannot exceed 0.
[10207.012s] PRUNE: margin=-16.000000, optimistic_rem(widened)=0.000000 -> cannot exceed 0.
[10215.601s] PRUNE: margin=-16.000000, optimistic_rem(widened)=0.000000 -> cannot exceed 0.
[10224.192s] PRUNE: margin=-16.000000, optimistic_rem(widened)=0.000000 -> cannot exceed 0.
[10232.783s] PRUNE: margin=-16.000000, optimistic_rem(widened)=0.000000 -> cannot exceed 0.
[10254.263s] PRUNE: margin=-16.000000, optimistic_rem(widened)=0.000000 -> cannot exceed 0.
[10301.559s] PRUNE: margin=-18.000000, optimistic_rem(widened)=0.000000 -> cannot exceed 0.
[10310.155s] PRUNE: margin=-18.000000, optimistic_rem(widened)=0.000000 -> cannot exceed 0.
[10318.748s] PRUNE: margin=-18.000000, optimistic_rem(widened)=0.000000 -> cannot exceed 0.
[10327.342s] PRUNE: margin=-18.000000, optimistic_rem(widened)=0.000000 -> cannot exceed 0.
[10335.936s] PRUNE: margin=-18.000000, optimistic_rem(widened)=0.000000 -> cannot exceed 0.
[10344.531s] PRUNE: margin=-18.000000, optimistic_rem(widened)=0.000000 -> cannot exceed 0.
[10353.127s] PRUNE: margin=-18.000000, optimistic_rem(widened)=0.000000 -> cannot exceed 0.
[10370.317s] PRUNE: margin=-18.000000, optimistic_rem(widened)=0.000000 -> cannot exceed 0.
[10378.914s] PRUNE: margin=-18.000000, optimistic_rem(widened)=0.000000 -> cannot exceed 0.
[10387.513s] PRUNE: margin=-18.000000, optimistic_rem(widened)=0.000000 -> cannot exceed 0.
[10396.114s] PRUNE: margin=-18.000000, optimistic_rem(widened)=0.000000 -> cannot exceed 0.
[10404.714s] PRUNE: margin=-18.000000, optimistic_rem(widened)=0.000000 -> cannot exceed 0.
[10413.311s] PRUNE: margin=-18.000000, optimistic_rem(widened)=0.000000 -> cannot exceed 0.
[10421.911s] PRUNE: margin=-18.000000, optimistic_rem(widened)=0.000000 -> cannot exceed 0.
[10430.508s] PRUNE: margin=-18.000000, optimistic_rem(widened)=0.000000 -> cannot exceed 0.
[10443.395s] PRUNE: margin=-16.000000, optimistic_rem(widened)=0.000000 -> cannot exceed 0.
[10451.985s] PRUNE: margin=-16.000000, optimistic_rem(widened)=0.000000 -> cannot exceed 0.
[10460.574s] PRUNE: margin=-16.000000, optimistic_rem(widened)=0.000000 -> cannot exceed 0.
[10469.161s] PRUNE: margin=-16.000000, optimistic_rem(widened)=0.000000 -> cannot exceed 0.
[10477.750s] PRUNE: margin=-16.000000, optimistic_rem(widened)=0.000000 -> cannot exceed 0.
[10486.339s] PRUNE: margin=-16.000000, optimistic_rem(widened)=0.000000 -> cannot exceed 0.
[10494.930s] PRUNE: margin=-16.000000, optimistic_rem(widened)=0.000000 -> cannot exceed 0.
[10503.518s] PRUNE: margin=-18.000000, optimistic_rem(widened)=2.000000 -> cannot exceed 0.
[10524.998s] PRUNE: margin=-18.000000, optimistic_rem(widened)=0.000000 -> cannot exceed 0.
[10533.598s] PRUNE: margin=-18.000000, optimistic_rem(widened)=0.000000 -> cannot exceed 0.
[10542.197s] PRUNE: margin=-18.000000, optimistic_rem(widened)=0.000000 -> cannot exceed 0.
[10550.796s] PRUNE: margin=-18.000000, optimistic_rem(widened)=0.000000 -> cannot exceed 0.
[10559.395s] PRUNE: margin=-18.000000, optimistic_rem(widened)=0.000000 -> cannot exceed 0.
[10567.993s] PRUNE: margin=-18.000000, optimistic_rem(widened)=0.000000 -> cannot exceed 0.
[10576.596s] PRUNE: margin=-18.000000, optimistic_rem(widened)=0.000000 -> cannot exceed 0.
[10585.195s] PRUNE: margin=-18.000000, optimistic_rem(widened)=0.000000 -> cannot exceed 0.
[10598.086s] PRUNE: margin=-16.000000, optimistic_rem(widened)=0.000000 -> cannot exceed 0.
[10606.672s] PRUNE: margin=-16.000000, optimistic_rem(widened)=0.000000 -> cannot exceed 0.
[10615.266s] PRUNE: margin=-16.000000, optimistic_rem(widened)=0.000000 -> cannot exceed 0.
[10623.857s] PRUNE: margin=-16.000000, optimistic_rem(widened)=0.000000 -> cannot exceed 0.
[10632.445s] PRUNE: margin=-16.000000, optimistic_rem(widened)=0.000000 -> cannot exceed 0.
[10641.036s] PRUNE: margin=-18.000000, optimistic_rem(widened)=2.000000 -> cannot exceed 0.
[10649.631s] PRUNE: margin=-16.000000, optimistic_rem(widened)=0.000000 -> cannot exceed 0.
[10675.408s] PRUNE: margin=-18.000000, optimistic_rem(widened)=2.000000 -> cannot exceed 0.
[10684.001s] PRUNE: margin=-18.000000, optimistic_rem(widened)=2.000000 -> cannot exceed 0.
[10692.598s] PRUNE: margin=-18.000000, optimistic_rem(widened)=2.000000 -> cannot exceed 0.
[10701.196s] PRUNE: margin=-18.000000, optimistic_rem(widened)=2.000000 -> cannot exceed 0.
[10709.791s] PRUNE: margin=-18.000000, optimistic_rem(widened)=2.000000 -> cannot exceed 0.
[10718.390s] PRUNE: margin=-18.000000, optimistic_rem(widened)=2.000000 -> cannot exceed 0.
[10726.987s] PRUNE: margin=-18.000000, optimistic_rem(widened)=2.000000 -> cannot exceed 0.
[10748.468s] PRUNE: margin=-16.000000, optimistic_rem(widened)=0.000000 -> cannot exceed 0.
[10757.060s] PRUNE: margin=-16.000000, optimistic_rem(widened)=0.000000 -> cannot exceed 0.
[10765.645s] PRUNE: margin=-16.000000, optimistic_rem(widened)=0.000000 -> cannot exceed 0.
[10774.231s] PRUNE: margin=-16.000000, optimistic_rem(widened)=0.000000 -> cannot exceed 0.
[10782.818s] PRUNE: margin=-16.000000, optimistic_rem(widened)=0.000000 -> cannot exceed 0.
[10791.405s] PRUNE: margin=-16.000000, optimistic_rem(widened)=0.000000 -> cannot exceed 0.
[10799.998s] PRUNE: margin=-16.000000, optimistic_rem(widened)=0.000000 -> cannot exceed 0.
[10808.590s] PRUNE: margin=-16.000000, optimistic_rem(widened)=0.000000 -> cannot exceed 0.
[10877.351s] PRUNE: margin=-18.000000, optimistic_rem(widened)=0.000000 -> cannot exceed 0.
[10883.813s] PRUNE: margin=-18.000000, optimistic_rem(widened)=0.000000 -> cannot exceed 0.
[10888.960s] PRUNE: margin=-18.000000, optimistic_rem(widened)=0.000000 -> cannot exceed 0.
[10894.129s] PRUNE: margin=-18.000000, optimistic_rem(widened)=0.000000 -> cannot exceed 0.
[10899.297s] PRUNE: margin=-18.000000, optimistic_rem(widened)=0.000000 -> cannot exceed 0.
[10904.463s] PRUNE: margin=-18.000000, optimistic_rem(widened)=0.000000 -> cannot exceed 0.
[10909.757s] PRUNE: margin=-18.000000, optimistic_rem(widened)=0.000000 -> cannot exceed 0.
[10915.018s] PRUNE: margin=-18.000000, optimistic_rem(widened)=0.000000 -> cannot exceed 0.
[10925.943s] PRUNE: margin=-18.000000, optimistic_rem(widened)=0.000000 -> cannot exceed 0.
[10931.152s] PRUNE: margin=-18.000000, optimistic_rem(widened)=0.000000 -> cannot exceed 0.
[10936.627s] PRUNE: margin=-18.000000, optimistic_rem(widened)=0.000000 -> cannot exceed 0.
[10941.997s] PRUNE: margin=-18.000000, optimistic_rem(widened)=0.000000 -> cannot exceed 0.
[10947.366s] PRUNE: margin=-18.000000, optimistic_rem(widened)=0.000000 -> cannot exceed 0.
[10952.501s] PRUNE: margin=-18.000000, optimistic_rem(widened)=0.000000 -> cannot exceed 0.
[10957.689s] PRUNE: margin=-18.000000, optimistic_rem(widened)=0.000000 -> cannot exceed 0.
[10962.866s] PRUNE: margin=-18.000000, optimistic_rem(widened)=0.000000 -> cannot exceed 0.
[10970.622s] PRUNE: margin=-16.000000, optimistic_rem(widened)=0.000000 -> cannot exceed 0.
[10975.988s] PRUNE: margin=-16.000000, optimistic_rem(widened)=0.000000 -> cannot exceed 0.
[10981.416s] PRUNE: margin=-16.000000, optimistic_rem(widened)=0.000000 -> cannot exceed 0.
[10986.898s] PRUNE: margin=-16.000000, optimistic_rem(widened)=0.000000 -> cannot exceed 0.
[10992.369s] PRUNE: margin=-16.000000, optimistic_rem(widened)=0.000000 -> cannot exceed 0.
[11000.016s] PRUNE: margin=-18.000000, optimistic_rem(widened)=2.000000 -> cannot exceed 0.
[11008.623s] PRUNE: margin=-16.000000, optimistic_rem(widened)=0.000000 -> cannot exceed 0.
[11017.233s] PRUNE: margin=-18.000000, optimistic_rem(widened)=2.000000 -> cannot exceed 0.
[11038.757s] PRUNE: margin=-18.000000, optimistic_rem(widened)=0.000000 -> cannot exceed 0.
[11047.374s] PRUNE: margin=-18.000000, optimistic_rem(widened)=0.000000 -> cannot exceed 0.
[11055.989s] PRUNE: margin=-18.000000, optimistic_rem(widened)=0.000000 -> cannot exceed 0.
[11064.605s] PRUNE: margin=-18.000000, optimistic_rem(widened)=0.000000 -> cannot exceed 0.
[11073.220s] PRUNE: margin=-18.000000, optimistic_rem(widened)=0.000000 -> cannot exceed 0.
[11081.834s] PRUNE: margin=-18.000000, optimistic_rem(widened)=0.000000 -> cannot exceed 0.
[11090.450s] PRUNE: margin=-18.000000, optimistic_rem(widened)=0.000000 -> cannot exceed 0.
[11099.065s] PRUNE: margin=-18.000000, optimistic_rem(widened)=0.000000 -> cannot exceed 0.
[11111.981s] PRUNE: margin=-16.000000, optimistic_rem(widened)=0.000000 -> cannot exceed 0.
[11120.590s] PRUNE: margin=-16.000000, optimistic_rem(widened)=0.000000 -> cannot exceed 0.
[11129.196s] PRUNE: margin=-16.000000, optimistic_rem(widened)=0.000000 -> cannot exceed 0.
[11137.785s] PRUNE: margin=-18.000000, optimistic_rem(widened)=2.000000 -> cannot exceed 0.
[11146.378s] PRUNE: margin=-18.000000, optimistic_rem(widened)=2.000000 -> cannot exceed 0.
[11159.271s] PRUNE: margin=-16.000000, optimistic_rem(widened)=0.000000 -> cannot exceed 0.
[11167.865s] PRUNE: margin=-18.000000, optimistic_rem(widened)=0.000000 -> cannot exceed 0.
[11180.753s] PRUNE: margin=-16.000000, optimistic_rem(widened)=0.000000 -> cannot exceed 0.
[11206.529s] PRUNE: margin=-18.000000, optimistic_rem(widened)=2.000000 -> cannot exceed 0.
[11215.126s] PRUNE: margin=-18.000000, optimistic_rem(widened)=2.000000 -> cannot exceed 0.
[11223.721s] PRUNE: margin=-18.000000, optimistic_rem(widened)=2.000000 -> cannot exceed 0.
[11232.318s] PRUNE: margin=-18.000000, optimistic_rem(widened)=2.000000 -> cannot exceed 0.
[11240.912s] PRUNE: margin=-18.000000, optimistic_rem(widened)=2.000000 -> cannot exceed 0.
[11253.806s] PRUNE: margin=-18.000000, optimistic_rem(widened)=0.000000 -> cannot exceed 0.
[11262.408s] PRUNE: margin=-18.000000, optimistic_rem(widened)=0.000000 -> cannot exceed 0.
[11275.301s] PRUNE: margin=-18.000000, optimistic_rem(widened)=2.000000 -> cannot exceed 0.
[11296.784s] PRUNE: margin=-16.000000, optimistic_rem(widened)=0.000000 -> cannot exceed 0.
[11305.371s] PRUNE: margin=-16.000000, optimistic_rem(widened)=0.000000 -> cannot exceed 0.
[11313.957s] PRUNE: margin=-16.000000, optimistic_rem(widened)=0.000000 -> cannot exceed 0.
[11322.545s] PRUNE: margin=-16.000000, optimistic_rem(widened)=0.000000 -> cannot exceed 0.
[11331.131s] PRUNE: margin=-16.000000, optimistic_rem(widened)=0.000000 -> cannot exceed 0.
[11339.722s] PRUNE: margin=-16.000000, optimistic_rem(widened)=0.000000 -> cannot exceed 0.
[11348.310s] PRUNE: margin=-16.000000, optimistic_rem(widened)=0.000000 -> cannot exceed 0.
[11356.902s] PRUNE: margin=-16.000000, optimistic_rem(widened)=0.000000 -> cannot exceed 0.
[11378.370s] PRUNE: margin=-16.000000, optimistic_rem(widened)=0.000000 -> cannot exceed 0.
[11391.267s] PRUNE: margin=-18.000000, optimistic_rem(widened)=0.000000 -> cannot exceed 0.
[11399.868s] PRUNE: margin=-18.000000, optimistic_rem(widened)=0.000000 -> cannot exceed 0.
[11408.476s] PRUNE: margin=-18.000000, optimistic_rem(widened)=0.000000 -> cannot exceed 0.
[11417.077s] PRUNE: margin=-18.000000, optimistic_rem(widened)=0.000000 -> cannot exceed 0.
[11425.680s] PRUNE: margin=-18.000000, optimistic_rem(widened)=0.000000 -> cannot exceed 0.
[11434.287s] PRUNE: margin=-18.000000, optimistic_rem(widened)=0.000000 -> cannot exceed 0.
[11442.889s] PRUNE: margin=-18.000000, optimistic_rem(widened)=0.000000 -> cannot exceed 0.
[11455.785s] PRUNE: margin=-18.000000, optimistic_rem(widened)=2.000000 -> cannot exceed 0.
[11464.379s] PRUNE: margin=-18.000000, optimistic_rem(widened)=2.000000 -> cannot exceed 0.
[11472.975s] PRUNE: margin=-18.000000, optimistic_rem(widened)=2.000000 -> cannot exceed 0.
[11481.569s] PRUNE: margin=-18.000000, optimistic_rem(widened)=2.000000 -> cannot exceed 0.
[11490.163s] PRUNE: margin=-18.000000, optimistic_rem(widened)=2.000000 -> cannot exceed 0.
[11498.758s] PRUNE: margin=-18.000000, optimistic_rem(widened)=2.000000 -> cannot exceed 0.
[11524.546s] PRUNE: margin=-18.000000, optimistic_rem(widened)=2.000000 -> cannot exceed 0.
[11533.146s] PRUNE: margin=-18.000000, optimistic_rem(widened)=2.000000 -> cannot exceed 0.
[11541.746s] PRUNE: margin=-18.000000, optimistic_rem(widened)=2.000000 -> cannot exceed 0.
[11550.347s] PRUNE: margin=-18.000000, optimistic_rem(widened)=2.000000 -> cannot exceed 0.
[11558.956s] PRUNE: margin=-18.000000, optimistic_rem(widened)=2.000000 -> cannot exceed 0.
[11567.557s] PRUNE: margin=-18.000000, optimistic_rem(widened)=2.000000 -> cannot exceed 0.
[11576.157s] PRUNE: margin=-18.000000, optimistic_rem(widened)=2.000000 -> cannot exceed 0.
[11597.650s] PRUNE: margin=-16.000000, optimistic_rem(widened)=0.000000 -> cannot exceed 0.
[11606.240s] PRUNE: margin=-16.000000, optimistic_rem(widened)=0.000000 -> cannot exceed 0.
[11614.831s] PRUNE: margin=-16.000000, optimistic_rem(widened)=0.000000 -> cannot exceed 0.
[11623.422s] PRUNE: margin=-16.000000, optimistic_rem(widened)=0.000000 -> cannot exceed 0.
[11632.016s] PRUNE: margin=-16.000000, optimistic_rem(widened)=0.000000 -> cannot exceed 0.
[11640.606s] PRUNE: margin=-16.000000, optimistic_rem(widened)=0.000000 -> cannot exceed 0.
[11649.198s] PRUNE: margin=-16.000000, optimistic_rem(widened)=0.000000 -> cannot exceed 0.
[11657.791s] PRUNE: margin=-16.000000, optimistic_rem(widened)=0.000000 -> cannot exceed 0.
[11679.273s] PRUNE: margin=-18.000000, optimistic_rem(widened)=0.000000 -> cannot exceed 0.
[11692.197s] PRUNE: margin=-18.000000, optimistic_rem(widened)=0.000000 -> cannot exceed 0.
[11700.840s] PRUNE: margin=-18.000000, optimistic_rem(widened)=0.000000 -> cannot exceed 0.
[11709.482s] PRUNE: margin=-18.000000, optimistic_rem(widened)=0.000000 -> cannot exceed 0.
[11718.119s] PRUNE: margin=-18.000000, optimistic_rem(widened)=0.000000 -> cannot exceed 0.
[11726.764s] PRUNE: margin=-18.000000, optimistic_rem(widened)=0.000000 -> cannot exceed 0.
[11735.402s] PRUNE: margin=-18.000000, optimistic_rem(widened)=0.000000 -> cannot exceed 0.
[11752.676s] PRUNE: margin=-18.000000, optimistic_rem(widened)=0.000000 -> cannot exceed 0.
[11761.313s] PRUNE: margin=-18.000000, optimistic_rem(widened)=0.000000 -> cannot exceed 0.
[11769.955s] PRUNE: margin=-18.000000, optimistic_rem(widened)=0.000000 -> cannot exceed 0.
[11778.591s] PRUNE: margin=-18.000000, optimistic_rem(widened)=0.000000 -> cannot exceed 0.
[11787.228s] PRUNE: margin=-18.000000, optimistic_rem(widened)=0.000000 -> cannot exceed 0.
[11804.502s] PRUNE: margin=-18.000000, optimistic_rem(widened)=0.000000 -> cannot exceed 0.
[11813.140s] PRUNE: margin=-18.000000, optimistic_rem(widened)=0.000000 -> cannot exceed 0.
[11821.776s] PRUNE: margin=-18.000000, optimistic_rem(widened)=0.000000 -> cannot exceed 0.
[11830.411s] PRUNE: margin=-18.000000, optimistic_rem(widened)=0.000000 -> cannot exceed 0.
[11847.684s] PRUNE: margin=-18.000000, optimistic_rem(widened)=0.000000 -> cannot exceed 0.
[11856.323s] PRUNE: margin=-18.000000, optimistic_rem(widened)=0.000000 -> cannot exceed 0.
[11864.957s] PRUNE: margin=-18.000000, optimistic_rem(widened)=0.000000 -> cannot exceed 0.
[11876.526s] PRUNE: margin=-18.000000, optimistic_rem(widened)=0.000000 -> cannot exceed 0.
[11881.772s] PRUNE: margin=-18.000000, optimistic_rem(widened)=0.000000 -> cannot exceed 0.
[11892.609s] PRUNE: margin=-18.000000, optimistic_rem(widened)=0.000000 -> cannot exceed 0.
[11908.505s] PRUNE: margin=-16.000000, optimistic_rem(widened)=0.000000 -> cannot exceed 0.
[11913.985s] PRUNE: margin=-16.000000, optimistic_rem(widened)=0.000000 -> cannot exceed 0.
[11919.445s] PRUNE: margin=-16.000000, optimistic_rem(widened)=0.000000 -> cannot exceed 0.
[11924.834s] PRUNE: margin=-16.000000, optimistic_rem(widened)=0.000000 -> cannot exceed 0.
[11930.082s] PRUNE: margin=-16.000000, optimistic_rem(widened)=0.000000 -> cannot exceed 0.
[11935.383s] PRUNE: margin=-18.000000, optimistic_rem(widened)=4.000000 -> cannot exceed 0.
[11940.685s] PRUNE: margin=-16.000000, optimistic_rem(widened)=0.000000 -> cannot exceed 0.
[11956.662s] PRUNE: margin=-18.000000, optimistic_rem(widened)=2.000000 -> cannot exceed 0.
[11961.855s] PRUNE: margin=-18.000000, optimistic_rem(widened)=2.000000 -> cannot exceed 0.
[11967.255s] PRUNE: margin=-18.000000, optimistic_rem(widened)=2.000000 -> cannot exceed 0.
[11972.730s] PRUNE: margin=-18.000000, optimistic_rem(widened)=2.000000 -> cannot exceed 0.
[11978.021s] PRUNE: margin=-18.000000, optimistic_rem(widened)=2.000000 -> cannot exceed 0.
[11983.293s] PRUNE: margin=-18.000000, optimistic_rem(widened)=2.000000 -> cannot exceed 0.
[11988.659s] PRUNE: margin=-18.000000, optimistic_rem(widened)=2.000000 -> cannot exceed 0.
[12061.229s] PRUNE: margin=-16.000000, optimistic_rem(widened)=0.000000 -> cannot exceed 0.
[12125.782s] PRUNE: margin=-16.000000, optimistic_rem(widened)=0.000000 -> cannot exceed 0.
[12151.603s] PRUNE: margin=-16.000000, optimistic_rem(widened)=0.000000 -> cannot exceed 0.
[12160.212s] PRUNE: margin=-16.000000, optimistic_rem(widened)=0.000000 -> cannot exceed 0.
[12199.845s] PRUNE: margin=-16.000000, optimistic_rem(widened)=0.000000 -> cannot exceed 0.
[12245.189s] PRUNE: margin=-16.000000, optimistic_rem(widened)=0.000000 -> cannot exceed 0.
[12283.929s] PRUNE: margin=-16.000000, optimistic_rem(widened)=0.000000 -> cannot exceed 0.
[12292.538s] PRUNE: margin=-16.000000, optimistic_rem(widened)=0.000000 -> cannot exceed 0.
[12344.195s] PRUNE: margin=-16.000000, optimistic_rem(widened)=0.000000 -> cannot exceed 0.
[12374.324s] PRUNE: margin=-16.000000, optimistic_rem(widened)=0.000000 -> cannot exceed 0.
[12438.877s] PRUNE: margin=-16.000000, optimistic_rem(widened)=0.000000 -> cannot exceed 0.
[12464.697s] PRUNE: margin=-16.000000, optimistic_rem(widened)=0.000000 -> cannot exceed 0.
[12473.307s] PRUNE: margin=-16.000000, optimistic_rem(widened)=0.000000 -> cannot exceed 0.
[12510.567s] PRUNE: margin=-16.000000, optimistic_rem(widened)=0.000000 -> cannot exceed 0.
[12545.259s] PRUNE: margin=-16.000000, optimistic_rem(widened)=0.000000 -> cannot exceed 0.
[12568.698s] PRUNE: margin=-16.000000, optimistic_rem(widened)=0.000000 -> cannot exceed 0.
[12574.156s] PRUNE: margin=-16.000000, optimistic_rem(widened)=0.000000 -> cannot exceed 0.
[12605.805s] PRUNE: margin=-16.000000, optimistic_rem(widened)=0.000000 -> cannot exceed 0.
[12624.509s] PRUNE: margin=-16.000000, optimistic_rem(widened)=0.000000 -> cannot exceed 0.
[12663.953s] PRUNE: margin=-16.000000, optimistic_rem(widened)=0.000000 -> cannot exceed 0.
[12679.514s] PRUNE: margin=-16.000000, optimistic_rem(widened)=0.000000 -> cannot exceed 0.
[12684.682s] PRUNE: margin=-16.000000, optimistic_rem(widened)=0.000000 -> cannot exceed 0.
[12718.173s] PRUNE: margin=-16.000000, optimistic_rem(widened)=0.000000 -> cannot exceed 0.
[12739.212s] PRUNE: margin=-16.000000, optimistic_rem(widened)=0.000000 -> cannot exceed 0.
[12780.155s] PRUNE: margin=-16.000000, optimistic_rem(widened)=0.000000 -> cannot exceed 0.
[12796.642s] PRUNE: margin=-16.000000, optimistic_rem(widened)=0.000000 -> cannot exceed 0.
[12802.116s] PRUNE: margin=-16.000000, optimistic_rem(widened)=0.000000 -> cannot exceed 0.
[12835.806s] PRUNE: margin=-16.000000, optimistic_rem(widened)=0.000000 -> cannot exceed 0.
[12854.637s] PRUNE: margin=-16.000000, optimistic_rem(widened)=0.000000 -> cannot exceed 0.
[12860.033s] PRUNE: margin=-16.000000, optimistic_rem(widened)=0.000000 -> cannot exceed 0.
[12895.428s] PRUNE: margin=-16.000000, optimistic_rem(widened)=0.000000 -> cannot exceed 0.
[12911.830s] PRUNE: margin=-16.000000, optimistic_rem(widened)=0.000000 -> cannot exceed 0.
[12917.358s] PRUNE: margin=-16.000000, optimistic_rem(widened)=0.000000 -> cannot exceed 0.
[12952.078s] PRUNE: margin=-16.000000, optimistic_rem(widened)=0.000000 -> cannot exceed 0.
[12959.988s] No counterexample within budgets (BaB): no misclassification found.
STATUS: No counterexample | best_upper_margin=48.000000 | elapsed=12959.988s | pixels_changed=0 | total_bit_flips=0 | avg_hamming_per_pixel=0.000000 | patch_rows=7-8 | patch_cols=21-23 | note=no_counterexample_within_budgets
