[  0.000s] init: idx=1226 kmax=2 bmax=4 topx=2 widen=1.000 rank_fast=off
clean logits (hex):  0x83  0x84  0x87  0x85  0x84  0x83  0x83  0x84  0x84  0x84
clean logits (bits): 10000011 10000100 10000111 10000101 10000100 10000011 10000011 10000100 10000100 10000100
clean logits (double): -24.000000 -16.000000 -10.000000 -14.000000 -16.000000 -24.000000 -24.000000 -16.000000 -16.000000 -16.000000
[  0.016s] clean prediction: 2 (true label 7)
[1339.317s] selection: nSym=2 (from 784), topx=2, rank_fast=off
[1339.317s] active patch: rows 0-0, cols 14-15 (derived from symPix)
[1350.150s] Proceeding to BaB (greedy enabled).
[1350.150s] Skipping root bound check (--no-root-bound).
[1350.150s] BaB search starting (K<=2, B<=4, nSym=2, depth_limit=500000000, widen=1.00)...
[1619.205s] PRUNE: margin=-2.000000, optimistic_rem(widened)=0.000000 -> cannot exceed 0.
[1627.484s] PRUNE: margin=-2.000000, optimistic_rem(widened)=0.000000 -> cannot exceed 0.
[1635.764s] PRUNE: margin=-2.000000, optimistic_rem(widened)=0.000000 -> cannot exceed 0.
[1644.044s] PRUNE: margin=-2.000000, optimistic_rem(widened)=0.000000 -> cannot exceed 0.
[1652.323s] PRUNE: margin=-2.000000, optimistic_rem(widened)=0.000000 -> cannot exceed 0.
[1660.602s] PRUNE: margin=-2.000000, optimistic_rem(widened)=0.000000 -> cannot exceed 0.
[1668.880s] PRUNE: margin=-2.000000, optimistic_rem(widened)=0.000000 -> cannot exceed 0.
[1677.160s] PRUNE: margin=-2.000000, optimistic_rem(widened)=0.000000 -> cannot exceed 0.
[1881.109s] PRUNE: margin=-2.000000, optimistic_rem(widened)=0.000000 -> cannot exceed 0.
[1886.157s] PRUNE: margin=-2.000000, optimistic_rem(widened)=0.000000 -> cannot exceed 0.
[1891.419s] PRUNE: margin=-2.000000, optimistic_rem(widened)=0.000000 -> cannot exceed 0.
[1896.425s] PRUNE: margin=-2.000000, optimistic_rem(widened)=0.000000 -> cannot exceed 0.
[1901.333s] PRUNE: margin=-2.000000, optimistic_rem(widened)=0.000000 -> cannot exceed 0.
[1908.202s] PRUNE: margin=-2.000000, optimistic_rem(widened)=0.000000 -> cannot exceed 0.
[1916.470s] PRUNE: margin=-2.000000, optimistic_rem(widened)=0.000000 -> cannot exceed 0.
[1924.737s] PRUNE: margin=-2.000000, optimistic_rem(widened)=0.000000 -> cannot exceed 0.
[2077.640s] PRUNE: margin=-2.000000, optimistic_rem(widened)=0.000000 -> cannot exceed 0.
[2085.907s] PRUNE: margin=-2.000000, optimistic_rem(widened)=0.000000 -> cannot exceed 0.
[2094.174s] PRUNE: margin=-2.000000, optimistic_rem(widened)=0.000000 -> cannot exceed 0.
[2102.443s] PRUNE: margin=-2.000000, optimistic_rem(widened)=0.000000 -> cannot exceed 0.
[2110.709s] PRUNE: margin=-2.000000, optimistic_rem(widened)=0.000000 -> cannot exceed 0.
[2118.975s] PRUNE: margin=-2.000000, optimistic_rem(widened)=0.000000 -> cannot exceed 0.
[2127.242s] PRUNE: margin=-2.000000, optimistic_rem(widened)=0.000000 -> cannot exceed 0.
[2135.507s] PRUNE: margin=-2.000000, optimistic_rem(widened)=0.000000 -> cannot exceed 0.
[2238.815s] PRUNE: margin=-2.000000, optimistic_rem(widened)=0.000000 -> cannot exceed 0.
[2247.081s] PRUNE: margin=-2.000000, optimistic_rem(widened)=0.000000 -> cannot exceed 0.
[2255.347s] PRUNE: margin=-2.000000, optimistic_rem(widened)=0.000000 -> cannot exceed 0.
[2263.614s] PRUNE: margin=-2.000000, optimistic_rem(widened)=0.000000 -> cannot exceed 0.
[2271.880s] PRUNE: margin=-2.000000, optimistic_rem(widened)=0.000000 -> cannot exceed 0.
[2280.145s] PRUNE: margin=-2.000000, optimistic_rem(widened)=0.000000 -> cannot exceed 0.
[2288.413s] PRUNE: margin=-2.000000, optimistic_rem(widened)=0.000000 -> cannot exceed 0.
[2296.679s] PRUNE: margin=-2.000000, optimistic_rem(widened)=0.000000 -> cannot exceed 0.
[2313.210s] PRUNE: margin=-2.000000, optimistic_rem(widened)=2.000000 -> cannot exceed 0.
[2321.475s] PRUNE: margin=-2.000000, optimistic_rem(widened)=0.000000 -> cannot exceed 0.
[2329.743s] PRUNE: margin=-2.000000, optimistic_rem(widened)=0.000000 -> cannot exceed 0.
[2338.009s] PRUNE: margin=-2.000000, optimistic_rem(widened)=0.000000 -> cannot exceed 0.
[2346.273s] PRUNE: margin=-2.000000, optimistic_rem(widened)=0.000000 -> cannot exceed 0.
[2354.541s] PRUNE: margin=-2.000000, optimistic_rem(widened)=0.000000 -> cannot exceed 0.
[2362.806s] PRUNE: margin=-2.000000, optimistic_rem(widened)=0.000000 -> cannot exceed 0.
[2371.071s] PRUNE: margin=-2.000000, optimistic_rem(widened)=0.000000 -> cannot exceed 0.
[2379.335s] PRUNE: margin=-2.000000, optimistic_rem(widened)=0.000000 -> cannot exceed 0.
[2395.866s] PRUNE: margin=-2.000000, optimistic_rem(widened)=0.000000 -> cannot exceed 0.
[2404.129s] PRUNE: margin=-2.000000, optimistic_rem(widened)=0.000000 -> cannot exceed 0.
[2412.393s] PRUNE: margin=-2.000000, optimistic_rem(widened)=0.000000 -> cannot exceed 0.
[2420.659s] PRUNE: margin=-2.000000, optimistic_rem(widened)=0.000000 -> cannot exceed 0.
[2428.922s] PRUNE: margin=-2.000000, optimistic_rem(widened)=0.000000 -> cannot exceed 0.
[2437.185s] PRUNE: margin=-2.000000, optimistic_rem(widened)=0.000000 -> cannot exceed 0.
[2445.449s] PRUNE: margin=-2.000000, optimistic_rem(widened)=0.000000 -> cannot exceed 0.
[2453.713s] PRUNE: margin=-2.000000, optimistic_rem(widened)=0.000000 -> cannot exceed 0.
[2466.117s] PRUNE: margin=-2.000000, optimistic_rem(widened)=0.000000 -> cannot exceed 0.
[2474.402s] PRUNE: margin=-2.000000, optimistic_rem(widened)=0.000000 -> cannot exceed 0.
[2482.700s] PRUNE: margin=-2.000000, optimistic_rem(widened)=0.000000 -> cannot exceed 0.
[2490.998s] PRUNE: margin=-2.000000, optimistic_rem(widened)=0.000000 -> cannot exceed 0.
[2499.296s] PRUNE: margin=-2.000000, optimistic_rem(widened)=0.000000 -> cannot exceed 0.
[2507.594s] PRUNE: margin=-2.000000, optimistic_rem(widened)=0.000000 -> cannot exceed 0.
[2515.886s] PRUNE: margin=-2.000000, optimistic_rem(widened)=0.000000 -> cannot exceed 0.
[2524.179s] PRUNE: margin=-2.000000, optimistic_rem(widened)=0.000000 -> cannot exceed 0.
[2735.718s] PRUNE: margin=-2.000000, optimistic_rem(widened)=0.000000 -> cannot exceed 0.
[2744.018s] PRUNE: margin=-2.000000, optimistic_rem(widened)=0.000000 -> cannot exceed 0.
[2752.312s] PRUNE: margin=-2.000000, optimistic_rem(widened)=0.000000 -> cannot exceed 0.
[2760.613s] PRUNE: margin=-2.000000, optimistic_rem(widened)=0.000000 -> cannot exceed 0.
[2768.914s] PRUNE: margin=-2.000000, optimistic_rem(widened)=0.000000 -> cannot exceed 0.
[2777.216s] PRUNE: margin=-2.000000, optimistic_rem(widened)=0.000000 -> cannot exceed 0.
[2785.516s] PRUNE: margin=-2.000000, optimistic_rem(widened)=0.000000 -> cannot exceed 0.
[2793.814s] PRUNE: margin=-2.000000, optimistic_rem(widened)=0.000000 -> cannot exceed 0.
[2947.388s] PRUNE: margin=-2.000000, optimistic_rem(widened)=0.000000 -> cannot exceed 0.
[2955.690s] PRUNE: margin=-2.000000, optimistic_rem(widened)=0.000000 -> cannot exceed 0.
[2963.990s] PRUNE: margin=-2.000000, optimistic_rem(widened)=0.000000 -> cannot exceed 0.
[2972.298s] PRUNE: margin=-2.000000, optimistic_rem(widened)=0.000000 -> cannot exceed 0.
[2980.595s] PRUNE: margin=-2.000000, optimistic_rem(widened)=0.000000 -> cannot exceed 0.
[2988.912s] PRUNE: margin=-2.000000, optimistic_rem(widened)=0.000000 -> cannot exceed 0.
[2997.222s] PRUNE: margin=-2.000000, optimistic_rem(widened)=0.000000 -> cannot exceed 0.
[3005.529s] PRUNE: margin=-2.000000, optimistic_rem(widened)=0.000000 -> cannot exceed 0.
[3109.303s] PRUNE: margin=-2.000000, optimistic_rem(widened)=0.000000 -> cannot exceed 0.
[3117.606s] PRUNE: margin=-2.000000, optimistic_rem(widened)=0.000000 -> cannot exceed 0.
[3125.911s] PRUNE: margin=-2.000000, optimistic_rem(widened)=0.000000 -> cannot exceed 0.
[3134.211s] PRUNE: margin=-2.000000, optimistic_rem(widened)=0.000000 -> cannot exceed 0.
[3142.518s] PRUNE: margin=-2.000000, optimistic_rem(widened)=0.000000 -> cannot exceed 0.
[3150.815s] PRUNE: margin=-2.000000, optimistic_rem(widened)=0.000000 -> cannot exceed 0.
[3159.117s] PRUNE: margin=-2.000000, optimistic_rem(widened)=0.000000 -> cannot exceed 0.
[3167.407s] PRUNE: margin=-2.000000, optimistic_rem(widened)=0.000000 -> cannot exceed 0.
[3183.999s] PRUNE: margin=-2.000000, optimistic_rem(widened)=2.000000 -> cannot exceed 0.
[3192.298s] PRUNE: margin=-2.000000, optimistic_rem(widened)=0.000000 -> cannot exceed 0.
[3200.605s] PRUNE: margin=-2.000000, optimistic_rem(widened)=0.000000 -> cannot exceed 0.
[3208.912s] PRUNE: margin=-2.000000, optimistic_rem(widened)=0.000000 -> cannot exceed 0.
[3217.213s] PRUNE: margin=-2.000000, optimistic_rem(widened)=0.000000 -> cannot exceed 0.
[3225.504s] PRUNE: margin=-2.000000, optimistic_rem(widened)=0.000000 -> cannot exceed 0.
[3233.805s] PRUNE: margin=-2.000000, optimistic_rem(widened)=0.000000 -> cannot exceed 0.
[3242.102s] PRUNE: margin=-2.000000, optimistic_rem(widened)=0.000000 -> cannot exceed 0.
[3250.403s] PRUNE: margin=-2.000000, optimistic_rem(widened)=0.000000 -> cannot exceed 0.
[3267.005s] PRUNE: margin=-2.000000, optimistic_rem(widened)=0.000000 -> cannot exceed 0.
[3275.316s] PRUNE: margin=-2.000000, optimistic_rem(widened)=0.000000 -> cannot exceed 0.
[3283.612s] PRUNE: margin=-2.000000, optimistic_rem(widened)=0.000000 -> cannot exceed 0.
[3291.910s] PRUNE: margin=-2.000000, optimistic_rem(widened)=0.000000 -> cannot exceed 0.
[3300.212s] PRUNE: margin=-2.000000, optimistic_rem(widened)=0.000000 -> cannot exceed 0.
[3308.507s] PRUNE: margin=-2.000000, optimistic_rem(widened)=0.000000 -> cannot exceed 0.
[3316.808s] PRUNE: margin=-2.000000, optimistic_rem(widened)=0.000000 -> cannot exceed 0.
[3325.103s] PRUNE: margin=-2.000000, optimistic_rem(widened)=0.000000 -> cannot exceed 0.
[3337.549s] PRUNE: margin=-2.000000, optimistic_rem(widened)=0.000000 -> cannot exceed 0.
[3345.847s] PRUNE: margin=-2.000000, optimistic_rem(widened)=0.000000 -> cannot exceed 0.
[3354.145s] PRUNE: margin=-2.000000, optimistic_rem(widened)=0.000000 -> cannot exceed 0.
[3362.441s] PRUNE: margin=-2.000000, optimistic_rem(widened)=0.000000 -> cannot exceed 0.
[3370.750s] PRUNE: margin=-2.000000, optimistic_rem(widened)=0.000000 -> cannot exceed 0.
[3379.052s] PRUNE: margin=-2.000000, optimistic_rem(widened)=0.000000 -> cannot exceed 0.
[3387.364s] PRUNE: margin=-2.000000, optimistic_rem(widened)=0.000000 -> cannot exceed 0.
[3395.655s] PRUNE: margin=-2.000000, optimistic_rem(widened)=0.000000 -> cannot exceed 0.
[3553.308s] PRUNE: margin=-2.000000, optimistic_rem(widened)=0.000000 -> cannot exceed 0.
[3561.598s] PRUNE: margin=-2.000000, optimistic_rem(widened)=0.000000 -> cannot exceed 0.
[3569.900s] PRUNE: margin=-2.000000, optimistic_rem(widened)=0.000000 -> cannot exceed 0.
[3578.201s] PRUNE: margin=-2.000000, optimistic_rem(widened)=0.000000 -> cannot exceed 0.
[3586.495s] PRUNE: margin=-2.000000, optimistic_rem(widened)=0.000000 -> cannot exceed 0.
[3594.795s] PRUNE: margin=-2.000000, optimistic_rem(widened)=0.000000 -> cannot exceed 0.
[3603.102s] PRUNE: margin=-2.000000, optimistic_rem(widened)=0.000000 -> cannot exceed 0.
[3611.403s] PRUNE: margin=-2.000000, optimistic_rem(widened)=0.000000 -> cannot exceed 0.
[3714.955s] PRUNE: margin=-2.000000, optimistic_rem(widened)=0.000000 -> cannot exceed 0.
[3723.233s] PRUNE: margin=-2.000000, optimistic_rem(widened)=0.000000 -> cannot exceed 0.
[3731.512s] PRUNE: margin=-2.000000, optimistic_rem(widened)=0.000000 -> cannot exceed 0.
[3739.794s] PRUNE: margin=-2.000000, optimistic_rem(widened)=0.000000 -> cannot exceed 0.
[3748.078s] PRUNE: margin=-2.000000, optimistic_rem(widened)=0.000000 -> cannot exceed 0.
[3756.360s] PRUNE: margin=-2.000000, optimistic_rem(widened)=0.000000 -> cannot exceed 0.
[3764.643s] PRUNE: margin=-2.000000, optimistic_rem(widened)=0.000000 -> cannot exceed 0.
[3772.923s] PRUNE: margin=-2.000000, optimistic_rem(widened)=0.000000 -> cannot exceed 0.
[3789.485s] PRUNE: margin=-2.000000, optimistic_rem(widened)=2.000000 -> cannot exceed 0.
[3797.769s] PRUNE: margin=-2.000000, optimistic_rem(widened)=0.000000 -> cannot exceed 0.
[3806.055s] PRUNE: margin=-2.000000, optimistic_rem(widened)=0.000000 -> cannot exceed 0.
[3814.336s] PRUNE: margin=-2.000000, optimistic_rem(widened)=0.000000 -> cannot exceed 0.
[3822.577s] PRUNE: margin=-2.000000, optimistic_rem(widened)=0.000000 -> cannot exceed 0.
[3830.845s] PRUNE: margin=-2.000000, optimistic_rem(widened)=0.000000 -> cannot exceed 0.
[3839.115s] PRUNE: margin=-2.000000, optimistic_rem(widened)=0.000000 -> cannot exceed 0.
[3847.381s] PRUNE: margin=-2.000000, optimistic_rem(widened)=0.000000 -> cannot exceed 0.
[3855.649s] PRUNE: margin=-2.000000, optimistic_rem(widened)=0.000000 -> cannot exceed 0.
[3872.184s] PRUNE: margin=-2.000000, optimistic_rem(widened)=0.000000 -> cannot exceed 0.
[3880.450s] PRUNE: margin=-2.000000, optimistic_rem(widened)=0.000000 -> cannot exceed 0.
[3888.716s] PRUNE: margin=-2.000000, optimistic_rem(widened)=0.000000 -> cannot exceed 0.
[3896.574s] PRUNE: margin=-2.000000, optimistic_rem(widened)=0.000000 -> cannot exceed 0.
[3901.566s] PRUNE: margin=-2.000000, optimistic_rem(widened)=0.000000 -> cannot exceed 0.
[3906.730s] PRUNE: margin=-2.000000, optimistic_rem(widened)=0.000000 -> cannot exceed 0.
[3911.692s] PRUNE: margin=-2.000000, optimistic_rem(widened)=0.000000 -> cannot exceed 0.
[3916.857s] PRUNE: margin=-2.000000, optimistic_rem(widened)=0.000000 -> cannot exceed 0.
[3924.516s] PRUNE: margin=-2.000000, optimistic_rem(widened)=0.000000 -> cannot exceed 0.
[3929.677s] PRUNE: margin=-2.000000, optimistic_rem(widened)=0.000000 -> cannot exceed 0.
[3934.649s] PRUNE: margin=-2.000000, optimistic_rem(widened)=0.000000 -> cannot exceed 0.
[3939.544s] PRUNE: margin=-2.000000, optimistic_rem(widened)=0.000000 -> cannot exceed 0.
[3944.488s] PRUNE: margin=-2.000000, optimistic_rem(widened)=0.000000 -> cannot exceed 0.
[3949.445s] PRUNE: margin=-2.000000, optimistic_rem(widened)=0.000000 -> cannot exceed 0.
[3956.202s] PRUNE: margin=-2.000000, optimistic_rem(widened)=0.000000 -> cannot exceed 0.
[3964.471s] PRUNE: margin=-2.000000, optimistic_rem(widened)=0.000000 -> cannot exceed 0.
[4071.961s] PRUNE: margin=-2.000000, optimistic_rem(widened)=0.000000 -> cannot exceed 0.
[4080.235s] PRUNE: margin=-2.000000, optimistic_rem(widened)=0.000000 -> cannot exceed 0.
[4088.511s] PRUNE: margin=-2.000000, optimistic_rem(widened)=0.000000 -> cannot exceed 0.
[4096.787s] PRUNE: margin=-2.000000, optimistic_rem(widened)=0.000000 -> cannot exceed 0.
[4105.066s] PRUNE: margin=-2.000000, optimistic_rem(widened)=0.000000 -> cannot exceed 0.
[4113.343s] PRUNE: margin=-2.000000, optimistic_rem(widened)=0.000000 -> cannot exceed 0.
[4121.623s] PRUNE: margin=-2.000000, optimistic_rem(widened)=0.000000 -> cannot exceed 0.
[4129.895s] PRUNE: margin=-2.000000, optimistic_rem(widened)=0.000000 -> cannot exceed 0.
[4146.442s] PRUNE: margin=-2.000000, optimistic_rem(widened)=2.000000 -> cannot exceed 0.
[4154.714s] PRUNE: margin=-2.000000, optimistic_rem(widened)=0.000000 -> cannot exceed 0.
[4162.990s] PRUNE: margin=-2.000000, optimistic_rem(widened)=0.000000 -> cannot exceed 0.
[4171.265s] PRUNE: margin=-2.000000, optimistic_rem(widened)=0.000000 -> cannot exceed 0.
[4179.537s] PRUNE: margin=-2.000000, optimistic_rem(widened)=0.000000 -> cannot exceed 0.
[4187.810s] PRUNE: margin=-2.000000, optimistic_rem(widened)=0.000000 -> cannot exceed 0.
[4196.082s] PRUNE: margin=-2.000000, optimistic_rem(widened)=0.000000 -> cannot exceed 0.
[4204.354s] PRUNE: margin=-2.000000, optimistic_rem(widened)=0.000000 -> cannot exceed 0.
[4212.626s] PRUNE: margin=-2.000000, optimistic_rem(widened)=0.000000 -> cannot exceed 0.
[4229.170s] PRUNE: margin=-2.000000, optimistic_rem(widened)=0.000000 -> cannot exceed 0.
[4237.440s] PRUNE: margin=-2.000000, optimistic_rem(widened)=0.000000 -> cannot exceed 0.
[4245.711s] PRUNE: margin=-2.000000, optimistic_rem(widened)=0.000000 -> cannot exceed 0.
[4253.985s] PRUNE: margin=-2.000000, optimistic_rem(widened)=0.000000 -> cannot exceed 0.
[4262.257s] PRUNE: margin=-2.000000, optimistic_rem(widened)=0.000000 -> cannot exceed 0.
[4270.531s] PRUNE: margin=-2.000000, optimistic_rem(widened)=0.000000 -> cannot exceed 0.
[4278.804s] PRUNE: margin=-2.000000, optimistic_rem(widened)=0.000000 -> cannot exceed 0.
[4287.073s] PRUNE: margin=-2.000000, optimistic_rem(widened)=0.000000 -> cannot exceed 0.
[4299.483s] PRUNE: margin=-2.000000, optimistic_rem(widened)=0.000000 -> cannot exceed 0.
[4307.757s] PRUNE: margin=-2.000000, optimistic_rem(widened)=0.000000 -> cannot exceed 0.
[4316.029s] PRUNE: margin=-2.000000, optimistic_rem(widened)=0.000000 -> cannot exceed 0.
[4324.305s] PRUNE: margin=-2.000000, optimistic_rem(widened)=0.000000 -> cannot exceed 0.
[4332.580s] PRUNE: margin=-2.000000, optimistic_rem(widened)=0.000000 -> cannot exceed 0.
[4340.853s] PRUNE: margin=-2.000000, optimistic_rem(widened)=0.000000 -> cannot exceed 0.
[4349.129s] PRUNE: margin=-2.000000, optimistic_rem(widened)=0.000000 -> cannot exceed 0.
[4357.404s] PRUNE: margin=-2.000000, optimistic_rem(widened)=0.000000 -> cannot exceed 0.
[4378.083s] PRUNE: margin=-2.000000, optimistic_rem(widened)=2.000000 -> cannot exceed 0.
[4386.355s] PRUNE: margin=-2.000000, optimistic_rem(widened)=0.000000 -> cannot exceed 0.
[4394.629s] PRUNE: margin=-2.000000, optimistic_rem(widened)=0.000000 -> cannot exceed 0.
[4402.903s] PRUNE: margin=-2.000000, optimistic_rem(widened)=0.000000 -> cannot exceed 0.
[4411.174s] PRUNE: margin=-2.000000, optimistic_rem(widened)=0.000000 -> cannot exceed 0.
[4419.446s] PRUNE: margin=-2.000000, optimistic_rem(widened)=0.000000 -> cannot exceed 0.
[4427.718s] PRUNE: margin=-2.000000, optimistic_rem(widened)=0.000000 -> cannot exceed 0.
[4435.989s] PRUNE: margin=-2.000000, optimistic_rem(widened)=0.000000 -> cannot exceed 0.
[4444.261s] PRUNE: margin=-2.000000, optimistic_rem(widened)=0.000000 -> cannot exceed 0.
[4460.804s] PRUNE: margin=-2.000000, optimistic_rem(widened)=0.000000 -> cannot exceed 0.
[4469.077s] PRUNE: margin=-2.000000, optimistic_rem(widened)=0.000000 -> cannot exceed 0.
[4477.350s] PRUNE: margin=-2.000000, optimistic_rem(widened)=0.000000 -> cannot exceed 0.
[4485.619s] PRUNE: margin=-2.000000, optimistic_rem(widened)=0.000000 -> cannot exceed 0.
[4493.895s] PRUNE: margin=-2.000000, optimistic_rem(widened)=0.000000 -> cannot exceed 0.
[4502.168s] PRUNE: margin=-2.000000, optimistic_rem(widened)=0.000000 -> cannot exceed 0.
[4510.439s] PRUNE: margin=-2.000000, optimistic_rem(widened)=0.000000 -> cannot exceed 0.
[4518.710s] PRUNE: margin=-2.000000, optimistic_rem(widened)=0.000000 -> cannot exceed 0.
[4531.125s] PRUNE: margin=-2.000000, optimistic_rem(widened)=0.000000 -> cannot exceed 0.
[4539.401s] PRUNE: margin=-2.000000, optimistic_rem(widened)=0.000000 -> cannot exceed 0.
[4547.677s] PRUNE: margin=-2.000000, optimistic_rem(widened)=0.000000 -> cannot exceed 0.
[4555.950s] PRUNE: margin=-2.000000, optimistic_rem(widened)=0.000000 -> cannot exceed 0.
[4564.226s] PRUNE: margin=-2.000000, optimistic_rem(widened)=0.000000 -> cannot exceed 0.
[4572.499s] PRUNE: margin=-2.000000, optimistic_rem(widened)=0.000000 -> cannot exceed 0.
[4580.777s] PRUNE: margin=-2.000000, optimistic_rem(widened)=0.000000 -> cannot exceed 0.
[4605.598s] PRUNE: margin=-2.000000, optimistic_rem(widened)=2.000000 -> cannot exceed 0.
[4618.008s] PRUNE: margin=-2.000000, optimistic_rem(widened)=0.000000 -> cannot exceed 0.
[4626.283s] PRUNE: margin=-2.000000, optimistic_rem(widened)=0.000000 -> cannot exceed 0.
[4634.559s] PRUNE: margin=-2.000000, optimistic_rem(widened)=0.000000 -> cannot exceed 0.
[4642.833s] PRUNE: margin=-2.000000, optimistic_rem(widened)=0.000000 -> cannot exceed 0.
[4651.109s] PRUNE: margin=-2.000000, optimistic_rem(widened)=0.000000 -> cannot exceed 0.
[4659.384s] PRUNE: margin=-2.000000, optimistic_rem(widened)=0.000000 -> cannot exceed 0.
[4667.658s] PRUNE: margin=-2.000000, optimistic_rem(widened)=0.000000 -> cannot exceed 0.
[4680.231s] PRUNE: margin=-2.000000, optimistic_rem(widened)=0.000000 -> cannot exceed 0.
[4685.278s] PRUNE: margin=-2.000000, optimistic_rem(widened)=0.000000 -> cannot exceed 0.
[4690.213s] PRUNE: margin=-2.000000, optimistic_rem(widened)=0.000000 -> cannot exceed 0.
[4695.153s] PRUNE: margin=-2.000000, optimistic_rem(widened)=0.000000 -> cannot exceed 0.
[4700.156s] PRUNE: margin=-2.000000, optimistic_rem(widened)=0.000000 -> cannot exceed 0.
[4705.083s] PRUNE: margin=-2.000000, optimistic_rem(widened)=0.000000 -> cannot exceed 0.
[4717.571s] PRUNE: margin=-2.000000, optimistic_rem(widened)=0.000000 -> cannot exceed 0.
[4725.845s] PRUNE: margin=-2.000000, optimistic_rem(widened)=0.000000 -> cannot exceed 0.
[4734.122s] PRUNE: margin=-2.000000, optimistic_rem(widened)=0.000000 -> cannot exceed 0.
[4742.396s] PRUNE: margin=-2.000000, optimistic_rem(widened)=0.000000 -> cannot exceed 0.
[4750.667s] PRUNE: margin=-2.000000, optimistic_rem(widened)=0.000000 -> cannot exceed 0.
[4767.215s] PRUNE: margin=-2.000000, optimistic_rem(widened)=0.000000 -> cannot exceed 0.
[4775.487s] PRUNE: margin=-2.000000, optimistic_rem(widened)=0.000000 -> cannot exceed 0.
[4783.767s] PRUNE: margin=-2.000000, optimistic_rem(widened)=0.000000 -> cannot exceed 0.
[4792.041s] PRUNE: margin=-2.000000, optimistic_rem(widened)=0.000000 -> cannot exceed 0.
[4808.594s] PRUNE: margin=-2.000000, optimistic_rem(widened)=0.000000 -> cannot exceed 0.
[4816.869s] PRUNE: margin=-2.000000, optimistic_rem(widened)=0.000000 -> cannot exceed 0.
[4825.147s] PRUNE: margin=-2.000000, optimistic_rem(widened)=0.000000 -> cannot exceed 0.
[4841.695s] PRUNE: margin=-2.000000, optimistic_rem(widened)=0.000000 -> cannot exceed 0.
[4849.970s] PRUNE: margin=-2.000000, optimistic_rem(widened)=0.000000 -> cannot exceed 0.
[4866.519s] PRUNE: margin=-2.000000, optimistic_rem(widened)=0.000000 -> cannot exceed 0.
[4899.619s] PRUNE: margin=-2.000000, optimistic_rem(widened)=0.000000 -> cannot exceed 0.
[4907.892s] PRUNE: margin=-2.000000, optimistic_rem(widened)=0.000000 -> cannot exceed 0.
[4916.163s] PRUNE: margin=-2.000000, optimistic_rem(widened)=0.000000 -> cannot exceed 0.
[4924.435s] PRUNE: margin=-2.000000, optimistic_rem(widened)=0.000000 -> cannot exceed 0.
[4932.711s] PRUNE: margin=-2.000000, optimistic_rem(widened)=0.000000 -> cannot exceed 0.
[4940.985s] PRUNE: margin=-2.000000, optimistic_rem(widened)=0.000000 -> cannot exceed 0.
[4949.258s] PRUNE: margin=-2.000000, optimistic_rem(widened)=0.000000 -> cannot exceed 0.
[4965.806s] PRUNE: margin=-2.000000, optimistic_rem(widened)=0.000000 -> cannot exceed 0.
[4974.082s] PRUNE: margin=-2.000000, optimistic_rem(widened)=0.000000 -> cannot exceed 0.
[4982.353s] PRUNE: margin=-2.000000, optimistic_rem(widened)=0.000000 -> cannot exceed 0.
[4990.624s] PRUNE: margin=-2.000000, optimistic_rem(widened)=0.000000 -> cannot exceed 0.
[4998.900s] PRUNE: margin=-2.000000, optimistic_rem(widened)=0.000000 -> cannot exceed 0.
[5007.173s] PRUNE: margin=-2.000000, optimistic_rem(widened)=0.000000 -> cannot exceed 0.
[5023.715s] PRUNE: margin=-2.000000, optimistic_rem(widened)=0.000000 -> cannot exceed 0.
[5031.986s] PRUNE: margin=-2.000000, optimistic_rem(widened)=0.000000 -> cannot exceed 0.
[5040.259s] PRUNE: margin=-2.000000, optimistic_rem(widened)=0.000000 -> cannot exceed 0.
[5048.533s] PRUNE: margin=-2.000000, optimistic_rem(widened)=0.000000 -> cannot exceed 0.
[5056.804s] PRUNE: margin=-2.000000, optimistic_rem(widened)=0.000000 -> cannot exceed 0.
[5073.345s] PRUNE: margin=-2.000000, optimistic_rem(widened)=0.000000 -> cannot exceed 0.
[5081.616s] PRUNE: margin=-2.000000, optimistic_rem(widened)=0.000000 -> cannot exceed 0.
[5089.890s] PRUNE: margin=-2.000000, optimistic_rem(widened)=0.000000 -> cannot exceed 0.
[5098.164s] PRUNE: margin=-2.000000, optimistic_rem(widened)=0.000000 -> cannot exceed 0.
[5114.720s] PRUNE: margin=-2.000000, optimistic_rem(widened)=0.000000 -> cannot exceed 0.
[5122.993s] PRUNE: margin=-2.000000, optimistic_rem(widened)=0.000000 -> cannot exceed 0.
[5131.267s] PRUNE: margin=-2.000000, optimistic_rem(widened)=0.000000 -> cannot exceed 0.
[5147.808s] PRUNE: margin=-2.000000, optimistic_rem(widened)=0.000000 -> cannot exceed 0.
[5156.083s] PRUNE: margin=-2.000000, optimistic_rem(widened)=0.000000 -> cannot exceed 0.
[5172.631s] PRUNE: margin=-2.000000, optimistic_rem(widened)=0.000000 -> cannot exceed 0.
[5197.453s] PRUNE: margin=-2.000000, optimistic_rem(widened)=0.000000 -> cannot exceed 0.
[5205.732s] PRUNE: margin=-2.000000, optimistic_rem(widened)=0.000000 -> cannot exceed 0.
[5214.014s] PRUNE: margin=-2.000000, optimistic_rem(widened)=0.000000 -> cannot exceed 0.
[5222.293s] PRUNE: margin=-2.000000, optimistic_rem(widened)=0.000000 -> cannot exceed 0.
[5230.569s] PRUNE: margin=-2.000000, optimistic_rem(widened)=0.000000 -> cannot exceed 0.
[5238.840s] PRUNE: margin=-2.000000, optimistic_rem(widened)=0.000000 -> cannot exceed 0.
[5247.120s] PRUNE: margin=-2.000000, optimistic_rem(widened)=0.000000 -> cannot exceed 0.
[5255.392s] PRUNE: margin=-2.000000, optimistic_rem(widened)=0.000000 -> cannot exceed 0.
[5470.549s] PRUNE: margin=-2.000000, optimistic_rem(widened)=0.000000 -> cannot exceed 0.
[5478.825s] PRUNE: margin=-2.000000, optimistic_rem(widened)=0.000000 -> cannot exceed 0.
[5487.102s] PRUNE: margin=-2.000000, optimistic_rem(widened)=0.000000 -> cannot exceed 0.
[5495.373s] PRUNE: margin=-2.000000, optimistic_rem(widened)=0.000000 -> cannot exceed 0.
[5503.646s] PRUNE: margin=-2.000000, optimistic_rem(widened)=0.000000 -> cannot exceed 0.
[5511.918s] PRUNE: margin=-2.000000, optimistic_rem(widened)=0.000000 -> cannot exceed 0.
[5520.194s] PRUNE: margin=-2.000000, optimistic_rem(widened)=0.000000 -> cannot exceed 0.
[5528.465s] PRUNE: margin=-2.000000, optimistic_rem(widened)=0.000000 -> cannot exceed 0.
[5681.489s] PRUNE: margin=-2.000000, optimistic_rem(widened)=0.000000 -> cannot exceed 0.
[5689.763s] PRUNE: margin=-2.000000, optimistic_rem(widened)=0.000000 -> cannot exceed 0.
[5698.032s] PRUNE: margin=-2.000000, optimistic_rem(widened)=0.000000 -> cannot exceed 0.
[5706.305s] PRUNE: margin=-2.000000, optimistic_rem(widened)=0.000000 -> cannot exceed 0.
[5714.578s] PRUNE: margin=-2.000000, optimistic_rem(widened)=0.000000 -> cannot exceed 0.
[5722.848s] PRUNE: margin=-2.000000, optimistic_rem(widened)=0.000000 -> cannot exceed 0.
[5731.119s] PRUNE: margin=-2.000000, optimistic_rem(widened)=0.000000 -> cannot exceed 0.
[5739.390s] PRUNE: margin=-2.000000, optimistic_rem(widened)=0.000000 -> cannot exceed 0.
[5842.779s] PRUNE: margin=-2.000000, optimistic_rem(widened)=0.000000 -> cannot exceed 0.
[5851.049s] PRUNE: margin=-2.000000, optimistic_rem(widened)=0.000000 -> cannot exceed 0.
[5859.321s] PRUNE: margin=-2.000000, optimistic_rem(widened)=0.000000 -> cannot exceed 0.
[5867.595s] PRUNE: margin=-2.000000, optimistic_rem(widened)=0.000000 -> cannot exceed 0.
[5875.865s] PRUNE: margin=-2.000000, optimistic_rem(widened)=0.000000 -> cannot exceed 0.
[5884.137s] PRUNE: margin=-2.000000, optimistic_rem(widened)=0.000000 -> cannot exceed 0.
[5892.407s] PRUNE: margin=-2.000000, optimistic_rem(widened)=0.000000 -> cannot exceed 0.
[5900.677s] PRUNE: margin=-2.000000, optimistic_rem(widened)=0.000000 -> cannot exceed 0.
[5958.568s] PRUNE: margin=-2.000000, optimistic_rem(widened)=0.000000 -> cannot exceed 0.
[5966.839s] PRUNE: margin=-2.000000, optimistic_rem(widened)=0.000000 -> cannot exceed 0.
[5975.109s] PRUNE: margin=-2.000000, optimistic_rem(widened)=0.000000 -> cannot exceed 0.
[5983.380s] PRUNE: margin=-2.000000, optimistic_rem(widened)=0.000000 -> cannot exceed 0.
[5991.653s] PRUNE: margin=-2.000000, optimistic_rem(widened)=0.000000 -> cannot exceed 0.
[5999.924s] PRUNE: margin=-2.000000, optimistic_rem(widened)=0.000000 -> cannot exceed 0.
[6008.195s] PRUNE: margin=-2.000000, optimistic_rem(widened)=0.000000 -> cannot exceed 0.
[6016.464s] PRUNE: margin=-2.000000, optimistic_rem(widened)=0.000000 -> cannot exceed 0.
[6033.005s] PRUNE: margin=-2.000000, optimistic_rem(widened)=0.000000 -> cannot exceed 0.
[6041.271s] PRUNE: margin=-2.000000, optimistic_rem(widened)=0.000000 -> cannot exceed 0.
[6049.537s] PRUNE: margin=-2.000000, optimistic_rem(widened)=0.000000 -> cannot exceed 0.
[6057.811s] PRUNE: margin=-2.000000, optimistic_rem(widened)=0.000000 -> cannot exceed 0.
[6066.080s] PRUNE: margin=-2.000000, optimistic_rem(widened)=0.000000 -> cannot exceed 0.
[6074.349s] PRUNE: margin=-2.000000, optimistic_rem(widened)=0.000000 -> cannot exceed 0.
[6082.618s] PRUNE: margin=-2.000000, optimistic_rem(widened)=0.000000 -> cannot exceed 0.
[6090.886s] PRUNE: margin=-2.000000, optimistic_rem(widened)=0.000000 -> cannot exceed 0.
[6103.290s] PRUNE: margin=-2.000000, optimistic_rem(widened)=0.000000 -> cannot exceed 0.
[6111.562s] PRUNE: margin=-2.000000, optimistic_rem(widened)=0.000000 -> cannot exceed 0.
[6119.836s] PRUNE: margin=-2.000000, optimistic_rem(widened)=0.000000 -> cannot exceed 0.
[6128.108s] PRUNE: margin=-2.000000, optimistic_rem(widened)=0.000000 -> cannot exceed 0.
[6136.380s] PRUNE: margin=-2.000000, optimistic_rem(widened)=0.000000 -> cannot exceed 0.
[6144.651s] PRUNE: margin=-2.000000, optimistic_rem(widened)=0.000000 -> cannot exceed 0.
[6152.923s] PRUNE: margin=-2.000000, optimistic_rem(widened)=0.000000 -> cannot exceed 0.
[6318.324s] PRUNE: margin=-2.000000, optimistic_rem(widened)=0.000000 -> cannot exceed 0.
[6326.593s] PRUNE: margin=-2.000000, optimistic_rem(widened)=0.000000 -> cannot exceed 0.
[6334.863s] PRUNE: margin=-2.000000, optimistic_rem(widened)=0.000000 -> cannot exceed 0.
[6343.135s] PRUNE: margin=-2.000000, optimistic_rem(widened)=0.000000 -> cannot exceed 0.
[6351.407s] PRUNE: margin=-2.000000, optimistic_rem(widened)=0.000000 -> cannot exceed 0.
[6359.675s] PRUNE: margin=-2.000000, optimistic_rem(widened)=0.000000 -> cannot exceed 0.
[6367.947s] PRUNE: margin=-2.000000, optimistic_rem(widened)=0.000000 -> cannot exceed 0.
[6376.217s] PRUNE: margin=-2.000000, optimistic_rem(widened)=0.000000 -> cannot exceed 0.
[6479.588s] PRUNE: margin=-2.000000, optimistic_rem(widened)=0.000000 -> cannot exceed 0.
[6487.860s] PRUNE: margin=-2.000000, optimistic_rem(widened)=0.000000 -> cannot exceed 0.
[6496.131s] PRUNE: margin=-2.000000, optimistic_rem(widened)=0.000000 -> cannot exceed 0.
[6504.401s] PRUNE: margin=-2.000000, optimistic_rem(widened)=0.000000 -> cannot exceed 0.
[6512.673s] PRUNE: margin=-2.000000, optimistic_rem(widened)=0.000000 -> cannot exceed 0.
[6520.943s] PRUNE: margin=-2.000000, optimistic_rem(widened)=0.000000 -> cannot exceed 0.
[6529.215s] PRUNE: margin=-2.000000, optimistic_rem(widened)=0.000000 -> cannot exceed 0.
[6537.486s] PRUNE: margin=-2.000000, optimistic_rem(widened)=0.000000 -> cannot exceed 0.
[6595.376s] PRUNE: margin=-2.000000, optimistic_rem(widened)=0.000000 -> cannot exceed 0.
[6603.648s] PRUNE: margin=-2.000000, optimistic_rem(widened)=0.000000 -> cannot exceed 0.
[6609.463s] PRUNE: margin=-2.000000, optimistic_rem(widened)=0.000000 -> cannot exceed 0.
[6614.737s] PRUNE: margin=-2.000000, optimistic_rem(widened)=0.000000 -> cannot exceed 0.
[6620.054s] PRUNE: margin=-2.000000, optimistic_rem(widened)=0.000000 -> cannot exceed 0.
[6625.382s] PRUNE: margin=-2.000000, optimistic_rem(widened)=0.000000 -> cannot exceed 0.
[6630.623s] PRUNE: margin=-2.000000, optimistic_rem(widened)=0.000000 -> cannot exceed 0.
[6635.782s] PRUNE: margin=-2.000000, optimistic_rem(widened)=0.000000 -> cannot exceed 0.
[6646.265s] PRUNE: margin=-2.000000, optimistic_rem(widened)=0.000000 -> cannot exceed 0.
[6651.398s] PRUNE: margin=-2.000000, optimistic_rem(widened)=0.000000 -> cannot exceed 0.
[6656.538s] PRUNE: margin=-2.000000, optimistic_rem(widened)=0.000000 -> cannot exceed 0.
[6661.707s] PRUNE: margin=-2.000000, optimistic_rem(widened)=0.000000 -> cannot exceed 0.
[6666.830s] PRUNE: margin=-2.000000, optimistic_rem(widened)=0.000000 -> cannot exceed 0.
[6671.914s] PRUNE: margin=-2.000000, optimistic_rem(widened)=0.000000 -> cannot exceed 0.
[6677.163s] PRUNE: margin=-2.000000, optimistic_rem(widened)=0.000000 -> cannot exceed 0.
[6682.269s] PRUNE: margin=-2.000000, optimistic_rem(widened)=0.000000 -> cannot exceed 0.
[6689.946s] PRUNE: margin=-2.000000, optimistic_rem(widened)=0.000000 -> cannot exceed 0.
[6695.243s] PRUNE: margin=-2.000000, optimistic_rem(widened)=0.000000 -> cannot exceed 0.
[6700.550s] PRUNE: margin=-2.000000, optimistic_rem(widened)=0.000000 -> cannot exceed 0.
[6705.817s] PRUNE: margin=-2.000000, optimistic_rem(widened)=0.000000 -> cannot exceed 0.
[6711.009s] PRUNE: margin=-2.000000, optimistic_rem(widened)=0.000000 -> cannot exceed 0.
[6716.001s] PRUNE: margin=-2.000000, optimistic_rem(widened)=0.000000 -> cannot exceed 0.
[6720.903s] PRUNE: margin=-2.000000, optimistic_rem(widened)=0.000000 -> cannot exceed 0.
[6792.518s] PRUNE: margin=-2.000000, optimistic_rem(widened)=0.000000 -> cannot exceed 0.
[6797.435s] PRUNE: margin=-2.000000, optimistic_rem(widened)=0.000000 -> cannot exceed 0.
[6802.410s] PRUNE: margin=-2.000000, optimistic_rem(widened)=0.000000 -> cannot exceed 0.
[6807.333s] PRUNE: margin=-2.000000, optimistic_rem(widened)=0.000000 -> cannot exceed 0.
[6812.231s] PRUNE: margin=-2.000000, optimistic_rem(widened)=0.000000 -> cannot exceed 0.
[6817.138s] PRUNE: margin=-2.000000, optimistic_rem(widened)=0.000000 -> cannot exceed 0.
[6822.026s] PRUNE: margin=-2.000000, optimistic_rem(widened)=0.000000 -> cannot exceed 0.
[6827.172s] PRUNE: margin=-2.000000, optimistic_rem(widened)=0.000000 -> cannot exceed 0.
[6837.392s] PRUNE: margin=-2.000000, optimistic_rem(widened)=2.000000 -> cannot exceed 0.
[6842.384s] PRUNE: margin=-2.000000, optimistic_rem(widened)=0.000000 -> cannot exceed 0.
[6847.412s] PRUNE: margin=-2.000000, optimistic_rem(widened)=0.000000 -> cannot exceed 0.
[6852.370s] PRUNE: margin=-2.000000, optimistic_rem(widened)=0.000000 -> cannot exceed 0.
[6857.267s] PRUNE: margin=-2.000000, optimistic_rem(widened)=0.000000 -> cannot exceed 0.
[6862.266s] PRUNE: margin=-2.000000, optimistic_rem(widened)=0.000000 -> cannot exceed 0.
[6867.473s] PRUNE: margin=-2.000000, optimistic_rem(widened)=0.000000 -> cannot exceed 0.
[6872.668s] PRUNE: margin=-2.000000, optimistic_rem(widened)=0.000000 -> cannot exceed 0.
[6877.814s] PRUNE: margin=-2.000000, optimistic_rem(widened)=0.000000 -> cannot exceed 0.
[6887.894s] PRUNE: margin=-2.000000, optimistic_rem(widened)=0.000000 -> cannot exceed 0.
[6892.845s] PRUNE: margin=-2.000000, optimistic_rem(widened)=0.000000 -> cannot exceed 0.
[6898.115s] PRUNE: margin=-2.000000, optimistic_rem(widened)=0.000000 -> cannot exceed 0.
[6903.307s] PRUNE: margin=-2.000000, optimistic_rem(widened)=0.000000 -> cannot exceed 0.
[6908.274s] PRUNE: margin=-2.000000, optimistic_rem(widened)=0.000000 -> cannot exceed 0.
[6913.167s] PRUNE: margin=-2.000000, optimistic_rem(widened)=0.000000 -> cannot exceed 0.
[6918.089s] PRUNE: margin=-2.000000, optimistic_rem(widened)=0.000000 -> cannot exceed 0.
[6922.986s] PRUNE: margin=-2.000000, optimistic_rem(widened)=0.000000 -> cannot exceed 0.
[6930.376s] PRUNE: margin=-2.000000, optimistic_rem(widened)=0.000000 -> cannot exceed 0.
[6935.275s] PRUNE: margin=-2.000000, optimistic_rem(widened)=0.000000 -> cannot exceed 0.
[6940.179s] PRUNE: margin=-2.000000, optimistic_rem(widened)=0.000000 -> cannot exceed 0.
[6945.153s] PRUNE: margin=-2.000000, optimistic_rem(widened)=0.000000 -> cannot exceed 0.
[6950.159s] PRUNE: margin=-2.000000, optimistic_rem(widened)=0.000000 -> cannot exceed 0.
[6955.202s] PRUNE: margin=-2.000000, optimistic_rem(widened)=0.000000 -> cannot exceed 0.
[6960.152s] PRUNE: margin=-2.000000, optimistic_rem(widened)=0.000000 -> cannot exceed 0.
[6977.869s] PRUNE: margin=-2.000000, optimistic_rem(widened)=2.000000 -> cannot exceed 0.
[6982.802s] PRUNE: margin=-2.000000, optimistic_rem(widened)=0.000000 -> cannot exceed 0.
[6987.735s] PRUNE: margin=-2.000000, optimistic_rem(widened)=0.000000 -> cannot exceed 0.
[6992.668s] PRUNE: margin=-2.000000, optimistic_rem(widened)=0.000000 -> cannot exceed 0.
[6997.734s] PRUNE: margin=-2.000000, optimistic_rem(widened)=0.000000 -> cannot exceed 0.
[7002.801s] PRUNE: margin=-2.000000, optimistic_rem(widened)=0.000000 -> cannot exceed 0.
[7007.785s] PRUNE: margin=-2.000000, optimistic_rem(widened)=0.000000 -> cannot exceed 0.
[7012.889s] PRUNE: margin=-2.000000, optimistic_rem(widened)=0.000000 -> cannot exceed 0.
[7018.125s] PRUNE: margin=-2.000000, optimistic_rem(widened)=0.000000 -> cannot exceed 0.
[7028.123s] PRUNE: margin=-2.000000, optimistic_rem(widened)=0.000000 -> cannot exceed 0.
[7033.080s] PRUNE: margin=-2.000000, optimistic_rem(widened)=0.000000 -> cannot exceed 0.
[7038.233s] PRUNE: margin=-2.000000, optimistic_rem(widened)=0.000000 -> cannot exceed 0.
[7043.422s] PRUNE: margin=-2.000000, optimistic_rem(widened)=0.000000 -> cannot exceed 0.
[7048.465s] PRUNE: margin=-2.000000, optimistic_rem(widened)=0.000000 -> cannot exceed 0.
[7053.488s] PRUNE: margin=-2.000000, optimistic_rem(widened)=0.000000 -> cannot exceed 0.
[7058.512s] PRUNE: margin=-2.000000, optimistic_rem(widened)=0.000000 -> cannot exceed 0.
[7063.651s] PRUNE: margin=-2.000000, optimistic_rem(widened)=0.000000 -> cannot exceed 0.
[7071.551s] PRUNE: margin=-2.000000, optimistic_rem(widened)=0.000000 -> cannot exceed 0.
[7076.617s] PRUNE: margin=-2.000000, optimistic_rem(widened)=0.000000 -> cannot exceed 0.
[7081.815s] PRUNE: margin=-2.000000, optimistic_rem(widened)=0.000000 -> cannot exceed 0.
[7086.984s] PRUNE: margin=-2.000000, optimistic_rem(widened)=0.000000 -> cannot exceed 0.
[7092.103s] PRUNE: margin=-2.000000, optimistic_rem(widened)=0.000000 -> cannot exceed 0.
[7097.352s] PRUNE: margin=-2.000000, optimistic_rem(widened)=0.000000 -> cannot exceed 0.
[7105.087s] PRUNE: margin=-2.000000, optimistic_rem(widened)=0.000000 -> cannot exceed 0.
[7125.967s] PRUNE: margin=-2.000000, optimistic_rem(widened)=0.000000 -> cannot exceed 0.
[7131.161s] PRUNE: margin=-2.000000, optimistic_rem(widened)=0.000000 -> cannot exceed 0.
[7136.180s] PRUNE: margin=-2.000000, optimistic_rem(widened)=0.000000 -> cannot exceed 0.
[7141.303s] PRUNE: margin=-2.000000, optimistic_rem(widened)=0.000000 -> cannot exceed 0.
[7146.449s] PRUNE: margin=-2.000000, optimistic_rem(widened)=0.000000 -> cannot exceed 0.
[7151.646s] PRUNE: margin=-2.000000, optimistic_rem(widened)=0.000000 -> cannot exceed 0.
[7156.789s] PRUNE: margin=-2.000000, optimistic_rem(widened)=0.000000 -> cannot exceed 0.
[7161.773s] PRUNE: margin=-2.000000, optimistic_rem(widened)=0.000000 -> cannot exceed 0.
[7169.403s] PRUNE: margin=-2.000000, optimistic_rem(widened)=0.000000 -> cannot exceed 0.
[7174.399s] PRUNE: margin=-2.000000, optimistic_rem(widened)=0.000000 -> cannot exceed 0.
[7179.333s] PRUNE: margin=-2.000000, optimistic_rem(widened)=0.000000 -> cannot exceed 0.
[7184.353s] PRUNE: margin=-2.000000, optimistic_rem(widened)=0.000000 -> cannot exceed 0.
[7189.352s] PRUNE: margin=-2.000000, optimistic_rem(widened)=0.000000 -> cannot exceed 0.
[7194.327s] PRUNE: margin=-2.000000, optimistic_rem(widened)=0.000000 -> cannot exceed 0.
[7201.717s] PRUNE: margin=-2.000000, optimistic_rem(widened)=0.000000 -> cannot exceed 0.
[7219.000s] PRUNE: margin=-2.000000, optimistic_rem(widened)=0.000000 -> cannot exceed 0.
[7226.519s] PRUNE: margin=-2.000000, optimistic_rem(widened)=0.000000 -> cannot exceed 0.
[7231.635s] PRUNE: margin=-2.000000, optimistic_rem(widened)=0.000000 -> cannot exceed 0.
[7238.270s] PRUNE: margin=-2.000000, optimistic_rem(widened)=0.000000 -> cannot exceed 0.
[7246.587s] PRUNE: margin=-2.000000, optimistic_rem(widened)=0.000000 -> cannot exceed 0.
[7254.907s] PRUNE: margin=-2.000000, optimistic_rem(widened)=0.000000 -> cannot exceed 0.
[7263.224s] PRUNE: margin=-2.000000, optimistic_rem(widened)=0.000000 -> cannot exceed 0.
[7279.862s] PRUNE: margin=-2.000000, optimistic_rem(widened)=0.000000 -> cannot exceed 0.
[7288.178s] PRUNE: margin=-2.000000, optimistic_rem(widened)=0.000000 -> cannot exceed 0.
[7296.490s] PRUNE: margin=-2.000000, optimistic_rem(widened)=0.000000 -> cannot exceed 0.
[7304.806s] PRUNE: margin=-2.000000, optimistic_rem(widened)=0.000000 -> cannot exceed 0.
[7313.082s] PRUNE: margin=-2.000000, optimistic_rem(widened)=0.000000 -> cannot exceed 0.
[7329.613s] PRUNE: margin=-2.000000, optimistic_rem(widened)=0.000000 -> cannot exceed 0.
[7337.880s] PRUNE: margin=-2.000000, optimistic_rem(widened)=0.000000 -> cannot exceed 0.
[7346.148s] PRUNE: margin=-2.000000, optimistic_rem(widened)=0.000000 -> cannot exceed 0.
[7354.414s] PRUNE: margin=-2.000000, optimistic_rem(widened)=0.000000 -> cannot exceed 0.
[7370.951s] PRUNE: margin=-2.000000, optimistic_rem(widened)=0.000000 -> cannot exceed 0.
[7379.219s] PRUNE: margin=-2.000000, optimistic_rem(widened)=0.000000 -> cannot exceed 0.
[7387.489s] PRUNE: margin=-2.000000, optimistic_rem(widened)=0.000000 -> cannot exceed 0.
[7404.026s] PRUNE: margin=-2.000000, optimistic_rem(widened)=0.000000 -> cannot exceed 0.
[7412.291s] PRUNE: margin=-2.000000, optimistic_rem(widened)=0.000000 -> cannot exceed 0.
[7428.822s] PRUNE: margin=-2.000000, optimistic_rem(widened)=0.000000 -> cannot exceed 0.
[7453.624s] PRUNE: margin=-2.000000, optimistic_rem(widened)=0.000000 -> cannot exceed 0.
[7461.896s] PRUNE: margin=-2.000000, optimistic_rem(widened)=0.000000 -> cannot exceed 0.
[7470.163s] PRUNE: margin=-2.000000, optimistic_rem(widened)=0.000000 -> cannot exceed 0.
[7478.433s] PRUNE: margin=-2.000000, optimistic_rem(widened)=0.000000 -> cannot exceed 0.
[7486.703s] PRUNE: margin=-2.000000, optimistic_rem(widened)=0.000000 -> cannot exceed 0.
[7494.970s] PRUNE: margin=-2.000000, optimistic_rem(widened)=0.000000 -> cannot exceed 0.
[7503.238s] PRUNE: margin=-2.000000, optimistic_rem(widened)=0.000000 -> cannot exceed 0.
[7672.690s] PRUNE: margin=-2.000000, optimistic_rem(widened)=0.000000 -> cannot exceed 0.
[7680.958s] PRUNE: margin=-2.000000, optimistic_rem(widened)=0.000000 -> cannot exceed 0.
[7689.226s] PRUNE: margin=-2.000000, optimistic_rem(widened)=0.000000 -> cannot exceed 0.
[7697.492s] PRUNE: margin=-2.000000, optimistic_rem(widened)=0.000000 -> cannot exceed 0.
[7705.759s] PRUNE: margin=-2.000000, optimistic_rem(widened)=0.000000 -> cannot exceed 0.
[7713.859s] PRUNE: margin=-2.000000, optimistic_rem(widened)=0.000000 -> cannot exceed 0.
[7719.111s] PRUNE: margin=-2.000000, optimistic_rem(widened)=0.000000 -> cannot exceed 0.
[7724.371s] PRUNE: margin=-2.000000, optimistic_rem(widened)=0.000000 -> cannot exceed 0.
[7797.152s] PRUNE: margin=-2.000000, optimistic_rem(widened)=0.000000 -> cannot exceed 0.
[7803.636s] PRUNE: margin=-2.000000, optimistic_rem(widened)=0.000000 -> cannot exceed 0.
[7808.616s] PRUNE: margin=-2.000000, optimistic_rem(widened)=0.000000 -> cannot exceed 0.
[7813.800s] PRUNE: margin=-2.000000, optimistic_rem(widened)=0.000000 -> cannot exceed 0.
[7819.114s] PRUNE: margin=-2.000000, optimistic_rem(widened)=0.000000 -> cannot exceed 0.
[7824.269s] PRUNE: margin=-2.000000, optimistic_rem(widened)=0.000000 -> cannot exceed 0.
[7829.335s] PRUNE: margin=-2.000000, optimistic_rem(widened)=0.000000 -> cannot exceed 0.
[7834.269s] PRUNE: margin=-2.000000, optimistic_rem(widened)=0.000000 -> cannot exceed 0.
[7869.327s] PRUNE: margin=-2.000000, optimistic_rem(widened)=0.000000 -> cannot exceed 0.
[7874.521s] PRUNE: margin=-2.000000, optimistic_rem(widened)=0.000000 -> cannot exceed 0.
[7879.518s] PRUNE: margin=-2.000000, optimistic_rem(widened)=0.000000 -> cannot exceed 0.
[7884.529s] PRUNE: margin=-2.000000, optimistic_rem(widened)=0.000000 -> cannot exceed 0.
[7889.574s] PRUNE: margin=-2.000000, optimistic_rem(widened)=0.000000 -> cannot exceed 0.
[7894.525s] PRUNE: margin=-2.000000, optimistic_rem(widened)=0.000000 -> cannot exceed 0.
[7899.459s] PRUNE: margin=-2.000000, optimistic_rem(widened)=0.000000 -> cannot exceed 0.
[7904.521s] PRUNE: margin=-2.000000, optimistic_rem(widened)=0.000000 -> cannot exceed 0.
[7914.796s] PRUNE: margin=-2.000000, optimistic_rem(widened)=0.000000 -> cannot exceed 0.
[7920.015s] PRUNE: margin=-2.000000, optimistic_rem(widened)=0.000000 -> cannot exceed 0.
[7924.931s] PRUNE: margin=-2.000000, optimistic_rem(widened)=0.000000 -> cannot exceed 0.
[7930.137s] PRUNE: margin=-2.000000, optimistic_rem(widened)=0.000000 -> cannot exceed 0.
[7935.096s] PRUNE: margin=-2.000000, optimistic_rem(widened)=0.000000 -> cannot exceed 0.
[7939.985s] PRUNE: margin=-2.000000, optimistic_rem(widened)=0.000000 -> cannot exceed 0.
[7945.094s] PRUNE: margin=-2.000000, optimistic_rem(widened)=0.000000 -> cannot exceed 0.
[7950.307s] PRUNE: margin=-2.000000, optimistic_rem(widened)=0.000000 -> cannot exceed 0.
[7958.003s] PRUNE: margin=-2.000000, optimistic_rem(widened)=0.000000 -> cannot exceed 0.
[7962.946s] PRUNE: margin=-2.000000, optimistic_rem(widened)=0.000000 -> cannot exceed 0.
[7967.911s] PRUNE: margin=-2.000000, optimistic_rem(widened)=0.000000 -> cannot exceed 0.
[7973.018s] PRUNE: margin=-2.000000, optimistic_rem(widened)=0.000000 -> cannot exceed 0.
[7978.177s] PRUNE: margin=-2.000000, optimistic_rem(widened)=0.000000 -> cannot exceed 0.
[7983.337s] PRUNE: margin=-2.000000, optimistic_rem(widened)=0.000000 -> cannot exceed 0.
[7991.203s] PRUNE: margin=-2.000000, optimistic_rem(widened)=0.000000 -> cannot exceed 0.
[8064.430s] PRUNE: margin=-2.000000, optimistic_rem(widened)=0.000000 -> cannot exceed 0.
[8069.671s] PRUNE: margin=-2.000000, optimistic_rem(widened)=0.000000 -> cannot exceed 0.
[8074.972s] PRUNE: margin=-2.000000, optimistic_rem(widened)=0.000000 -> cannot exceed 0.
[8080.352s] PRUNE: margin=-2.000000, optimistic_rem(widened)=0.000000 -> cannot exceed 0.
[8085.594s] PRUNE: margin=-2.000000, optimistic_rem(widened)=0.000000 -> cannot exceed 0.
[8090.765s] PRUNE: margin=-2.000000, optimistic_rem(widened)=0.000000 -> cannot exceed 0.
[8095.896s] PRUNE: margin=-2.000000, optimistic_rem(widened)=0.000000 -> cannot exceed 0.
[8101.046s] PRUNE: margin=-2.000000, optimistic_rem(widened)=0.000000 -> cannot exceed 0.
[8137.324s] PRUNE: margin=-2.000000, optimistic_rem(widened)=0.000000 -> cannot exceed 0.
[8143.198s] PRUNE: margin=-2.000000, optimistic_rem(widened)=0.000000 -> cannot exceed 0.
[8151.465s] PRUNE: margin=-2.000000, optimistic_rem(widened)=0.000000 -> cannot exceed 0.
[8159.731s] PRUNE: margin=-2.000000, optimistic_rem(widened)=0.000000 -> cannot exceed 0.
[8165.645s] PRUNE: margin=-2.000000, optimistic_rem(widened)=0.000000 -> cannot exceed 0.
[8170.791s] PRUNE: margin=-2.000000, optimistic_rem(widened)=0.000000 -> cannot exceed 0.
[8175.836s] PRUNE: margin=-2.000000, optimistic_rem(widened)=0.000000 -> cannot exceed 0.
[8180.898s] PRUNE: margin=-2.000000, optimistic_rem(widened)=0.000000 -> cannot exceed 0.
[8190.933s] PRUNE: margin=-2.000000, optimistic_rem(widened)=0.000000 -> cannot exceed 0.
[8195.979s] PRUNE: margin=-2.000000, optimistic_rem(widened)=0.000000 -> cannot exceed 0.
[8201.201s] PRUNE: margin=-2.000000, optimistic_rem(widened)=0.000000 -> cannot exceed 0.
[8206.483s] PRUNE: margin=-2.000000, optimistic_rem(widened)=0.000000 -> cannot exceed 0.
[8211.601s] PRUNE: margin=-2.000000, optimistic_rem(widened)=0.000000 -> cannot exceed 0.
[8216.564s] PRUNE: margin=-2.000000, optimistic_rem(widened)=0.000000 -> cannot exceed 0.
[8221.852s] PRUNE: margin=-2.000000, optimistic_rem(widened)=0.000000 -> cannot exceed 0.
[8227.121s] PRUNE: margin=-2.000000, optimistic_rem(widened)=0.000000 -> cannot exceed 0.
[8234.985s] PRUNE: margin=-2.000000, optimistic_rem(widened)=0.000000 -> cannot exceed 0.
[8240.175s] PRUNE: margin=-2.000000, optimistic_rem(widened)=0.000000 -> cannot exceed 0.
[8245.244s] PRUNE: margin=-2.000000, optimistic_rem(widened)=0.000000 -> cannot exceed 0.
[8250.464s] PRUNE: margin=-2.000000, optimistic_rem(widened)=0.000000 -> cannot exceed 0.
[8255.520s] PRUNE: margin=-2.000000, optimistic_rem(widened)=0.000000 -> cannot exceed 0.
[8260.545s] PRUNE: margin=-2.000000, optimistic_rem(widened)=0.000000 -> cannot exceed 0.
[8268.403s] PRUNE: margin=-2.000000, optimistic_rem(widened)=0.000000 -> cannot exceed 0.
[8315.354s] PRUNE: margin=-2.000000, optimistic_rem(widened)=0.000000 -> cannot exceed 0.
[8320.568s] PRUNE: margin=-2.000000, optimistic_rem(widened)=0.000000 -> cannot exceed 0.
[8325.715s] PRUNE: margin=-2.000000, optimistic_rem(widened)=0.000000 -> cannot exceed 0.
[8330.903s] PRUNE: margin=-2.000000, optimistic_rem(widened)=0.000000 -> cannot exceed 0.
[8336.035s] PRUNE: margin=-2.000000, optimistic_rem(widened)=0.000000 -> cannot exceed 0.
[8341.225s] PRUNE: margin=-2.000000, optimistic_rem(widened)=0.000000 -> cannot exceed 0.
[8346.446s] PRUNE: margin=-2.000000, optimistic_rem(widened)=0.000000 -> cannot exceed 0.
[8351.584s] PRUNE: margin=-2.000000, optimistic_rem(widened)=0.000000 -> cannot exceed 0.
[8361.765s] PRUNE: margin=-2.000000, optimistic_rem(widened)=0.000000 -> cannot exceed 0.
[8366.887s] PRUNE: margin=-2.000000, optimistic_rem(widened)=0.000000 -> cannot exceed 0.
[8372.193s] PRUNE: margin=-2.000000, optimistic_rem(widened)=0.000000 -> cannot exceed 0.
[8377.464s] PRUNE: margin=-2.000000, optimistic_rem(widened)=0.000000 -> cannot exceed 0.
[8382.607s] PRUNE: margin=-2.000000, optimistic_rem(widened)=0.000000 -> cannot exceed 0.
[8387.657s] PRUNE: margin=-2.000000, optimistic_rem(widened)=0.000000 -> cannot exceed 0.
[8392.958s] PRUNE: margin=-2.000000, optimistic_rem(widened)=0.000000 -> cannot exceed 0.
[8398.052s] PRUNE: margin=-2.000000, optimistic_rem(widened)=0.000000 -> cannot exceed 0.
[8405.866s] PRUNE: margin=-2.000000, optimistic_rem(widened)=0.000000 -> cannot exceed 0.
[8411.006s] PRUNE: margin=-2.000000, optimistic_rem(widened)=0.000000 -> cannot exceed 0.
[8415.970s] PRUNE: margin=-2.000000, optimistic_rem(widened)=0.000000 -> cannot exceed 0.
[8420.923s] PRUNE: margin=-2.000000, optimistic_rem(widened)=0.000000 -> cannot exceed 0.
[8425.942s] PRUNE: margin=-2.000000, optimistic_rem(widened)=0.000000 -> cannot exceed 0.
[8430.934s] PRUNE: margin=-2.000000, optimistic_rem(widened)=0.000000 -> cannot exceed 0.
[8438.527s] PRUNE: margin=-2.000000, optimistic_rem(widened)=0.000000 -> cannot exceed 0.
[8458.771s] PRUNE: margin=-2.000000, optimistic_rem(widened)=0.000000 -> cannot exceed 0.
[8463.911s] PRUNE: margin=-2.000000, optimistic_rem(widened)=0.000000 -> cannot exceed 0.
[8468.822s] PRUNE: margin=-2.000000, optimistic_rem(widened)=0.000000 -> cannot exceed 0.
[8473.740s] PRUNE: margin=-2.000000, optimistic_rem(widened)=0.000000 -> cannot exceed 0.
[8478.706s] PRUNE: margin=-2.000000, optimistic_rem(widened)=0.000000 -> cannot exceed 0.
[8483.614s] PRUNE: margin=-2.000000, optimistic_rem(widened)=0.000000 -> cannot exceed 0.
[8488.546s] PRUNE: margin=-2.000000, optimistic_rem(widened)=0.000000 -> cannot exceed 0.
[8493.488s] PRUNE: margin=-2.000000, optimistic_rem(widened)=0.000000 -> cannot exceed 0.
[8500.872s] PRUNE: margin=-2.000000, optimistic_rem(widened)=0.000000 -> cannot exceed 0.
[8505.794s] PRUNE: margin=-2.000000, optimistic_rem(widened)=0.000000 -> cannot exceed 0.
[8510.761s] PRUNE: margin=-2.000000, optimistic_rem(widened)=0.000000 -> cannot exceed 0.
[8515.653s] PRUNE: margin=-2.000000, optimistic_rem(widened)=0.000000 -> cannot exceed 0.
[8520.593s] PRUNE: margin=-2.000000, optimistic_rem(widened)=0.000000 -> cannot exceed 0.
[8525.666s] PRUNE: margin=-2.000000, optimistic_rem(widened)=0.000000 -> cannot exceed 0.
[8533.171s] PRUNE: margin=-2.000000, optimistic_rem(widened)=0.000000 -> cannot exceed 0.
[8550.679s] PRUNE: margin=-2.000000, optimistic_rem(widened)=0.000000 -> cannot exceed 0.
[8555.693s] PRUNE: margin=-2.000000, optimistic_rem(widened)=0.000000 -> cannot exceed 0.
[8560.827s] PRUNE: margin=-2.000000, optimistic_rem(widened)=0.000000 -> cannot exceed 0.
[8565.825s] PRUNE: margin=-2.000000, optimistic_rem(widened)=0.000000 -> cannot exceed 0.
[8570.807s] PRUNE: margin=-2.000000, optimistic_rem(widened)=0.000000 -> cannot exceed 0.
[8575.743s] PRUNE: margin=-2.000000, optimistic_rem(widened)=0.000000 -> cannot exceed 0.
[8583.155s] PRUNE: margin=-2.000000, optimistic_rem(widened)=0.000000 -> cannot exceed 0.
[8598.346s] PRUNE: margin=-2.000000, optimistic_rem(widened)=0.000000 -> cannot exceed 0.
[8603.441s] PRUNE: margin=-2.000000, optimistic_rem(widened)=0.000000 -> cannot exceed 0.
[8611.712s] PRUNE: margin=-2.000000, optimistic_rem(widened)=0.000000 -> cannot exceed 0.
[8619.659s] PRUNE: margin=-2.000000, optimistic_rem(widened)=0.000000 -> cannot exceed 0.
[8627.921s] PRUNE: margin=-2.000000, optimistic_rem(widened)=0.000000 -> cannot exceed 0.
[8636.183s] PRUNE: margin=-2.000000, optimistic_rem(widened)=0.000000 -> cannot exceed 0.
[8648.575s] PRUNE: margin=-2.000000, optimistic_rem(widened)=0.000000 -> cannot exceed 0.
[8677.486s] PRUNE: margin=-2.000000, optimistic_rem(widened)=0.000000 -> cannot exceed 0.
[8685.747s] PRUNE: margin=-2.000000, optimistic_rem(widened)=0.000000 -> cannot exceed 0.
[8694.010s] PRUNE: margin=-2.000000, optimistic_rem(widened)=0.000000 -> cannot exceed 0.
[8702.274s] PRUNE: margin=-2.000000, optimistic_rem(widened)=0.000000 -> cannot exceed 0.
[8710.536s] PRUNE: margin=-2.000000, optimistic_rem(widened)=0.000000 -> cannot exceed 0.
[9277.696s] PRUNE: margin=-2.000000, optimistic_rem(widened)=2.000000 -> cannot exceed 0.
[9310.789s] PRUNE: margin=-2.000000, optimistic_rem(widened)=2.000000 -> cannot exceed 0.
[9368.706s] PRUNE: margin=-2.000000, optimistic_rem(widened)=0.000000 -> cannot exceed 0.
[9376.986s] PRUNE: margin=-2.000000, optimistic_rem(widened)=0.000000 -> cannot exceed 0.
[9385.260s] PRUNE: margin=-2.000000, optimistic_rem(widened)=0.000000 -> cannot exceed 0.
[9393.536s] PRUNE: margin=-2.000000, optimistic_rem(widened)=0.000000 -> cannot exceed 0.
[9401.810s] PRUNE: margin=-2.000000, optimistic_rem(widened)=0.000000 -> cannot exceed 0.
[9820.053s] PRUNE: margin=-2.000000, optimistic_rem(widened)=0.000000 -> cannot exceed 0.
[9828.341s] PRUNE: margin=-2.000000, optimistic_rem(widened)=0.000000 -> cannot exceed 0.
[9836.622s] PRUNE: margin=-2.000000, optimistic_rem(widened)=0.000000 -> cannot exceed 0.
[9844.912s] PRUNE: margin=-2.000000, optimistic_rem(widened)=0.000000 -> cannot exceed 0.
[9853.194s] PRUNE: margin=-2.000000, optimistic_rem(widened)=0.000000 -> cannot exceed 0.
[10132.846s] PRUNE: margin=-4.000000, optimistic_rem(widened)=0.000000 -> cannot exceed 0.
[10138.062s] PRUNE: margin=-4.000000, optimistic_rem(widened)=0.000000 -> cannot exceed 0.
[10143.446s] PRUNE: margin=-4.000000, optimistic_rem(widened)=0.000000 -> cannot exceed 0.
[10148.794s] PRUNE: margin=-4.000000, optimistic_rem(widened)=0.000000 -> cannot exceed 0.
[10153.928s] PRUNE: margin=-4.000000, optimistic_rem(widened)=0.000000 -> cannot exceed 0.
[10182.558s] PRUNE: margin=-4.000000, optimistic_rem(widened)=0.000000 -> cannot exceed 0.
[10187.679s] PRUNE: margin=-4.000000, optimistic_rem(widened)=0.000000 -> cannot exceed 0.
[10192.899s] PRUNE: margin=-4.000000, optimistic_rem(widened)=0.000000 -> cannot exceed 0.
[10198.094s] PRUNE: margin=-4.000000, optimistic_rem(widened)=0.000000 -> cannot exceed 0.
[10203.209s] PRUNE: margin=-4.000000, optimistic_rem(widened)=0.000000 -> cannot exceed 0.
[10213.558s] PRUNE: margin=-4.000000, optimistic_rem(widened)=0.000000 -> cannot exceed 0.
[10218.903s] PRUNE: margin=-4.000000, optimistic_rem(widened)=0.000000 -> cannot exceed 0.
[10224.068s] PRUNE: margin=-4.000000, optimistic_rem(widened)=0.000000 -> cannot exceed 0.
[10229.378s] PRUNE: margin=-4.000000, optimistic_rem(widened)=0.000000 -> cannot exceed 0.
[10234.682s] PRUNE: margin=-4.000000, optimistic_rem(widened)=0.000000 -> cannot exceed 0.
[10242.346s] PRUNE: margin=-4.000000, optimistic_rem(widened)=2.000000 -> cannot exceed 0.
[10247.684s] PRUNE: margin=-4.000000, optimistic_rem(widened)=2.000000 -> cannot exceed 0.
[10252.691s] PRUNE: margin=-4.000000, optimistic_rem(widened)=2.000000 -> cannot exceed 0.
[10257.947s] PRUNE: margin=-4.000000, optimistic_rem(widened)=2.000000 -> cannot exceed 0.
[10263.154s] PRUNE: margin=-4.000000, optimistic_rem(widened)=2.000000 -> cannot exceed 0.
[10293.808s] PRUNE: margin=-4.000000, optimistic_rem(widened)=0.000000 -> cannot exceed 0.
[10298.922s] PRUNE: margin=-4.000000, optimistic_rem(widened)=0.000000 -> cannot exceed 0.
[10304.209s] PRUNE: margin=-4.000000, optimistic_rem(widened)=0.000000 -> cannot exceed 0.
[10309.292s] PRUNE: margin=-4.000000, optimistic_rem(widened)=0.000000 -> cannot exceed 0.
[10314.425s] PRUNE: margin=-4.000000, optimistic_rem(widened)=0.000000 -> cannot exceed 0.
[10324.640s] PRUNE: margin=-4.000000, optimistic_rem(widened)=0.000000 -> cannot exceed 0.
[10329.880s] PRUNE: margin=-4.000000, optimistic_rem(widened)=0.000000 -> cannot exceed 0.
[10334.934s] PRUNE: margin=-4.000000, optimistic_rem(widened)=0.000000 -> cannot exceed 0.
[10339.823s] PRUNE: margin=-4.000000, optimistic_rem(widened)=0.000000 -> cannot exceed 0.
[10345.005s] PRUNE: margin=-4.000000, optimistic_rem(widened)=0.000000 -> cannot exceed 0.
[10352.770s] PRUNE: margin=-4.000000, optimistic_rem(widened)=2.000000 -> cannot exceed 0.
[10357.984s] PRUNE: margin=-4.000000, optimistic_rem(widened)=2.000000 -> cannot exceed 0.
[10363.167s] PRUNE: margin=-4.000000, optimistic_rem(widened)=2.000000 -> cannot exceed 0.
[10368.429s] PRUNE: margin=-4.000000, optimistic_rem(widened)=2.000000 -> cannot exceed 0.
[10373.615s] PRUNE: margin=-4.000000, optimistic_rem(widened)=2.000000 -> cannot exceed 0.
[10386.773s] PRUNE: margin=-4.000000, optimistic_rem(widened)=0.000000 -> cannot exceed 0.
[10391.994s] PRUNE: margin=-4.000000, optimistic_rem(widened)=0.000000 -> cannot exceed 0.
[10397.306s] PRUNE: margin=-4.000000, optimistic_rem(widened)=0.000000 -> cannot exceed 0.
[10402.653s] PRUNE: margin=-4.000000, optimistic_rem(widened)=0.000000 -> cannot exceed 0.
[10407.902s] PRUNE: margin=-4.000000, optimistic_rem(widened)=0.000000 -> cannot exceed 0.
[10415.525s] PRUNE: margin=-4.000000, optimistic_rem(widened)=2.000000 -> cannot exceed 0.
[10420.637s] PRUNE: margin=-4.000000, optimistic_rem(widened)=2.000000 -> cannot exceed 0.
[10428.241s] PRUNE: margin=-4.000000, optimistic_rem(widened)=2.000000 -> cannot exceed 0.
[10436.513s] PRUNE: margin=-4.000000, optimistic_rem(widened)=2.000000 -> cannot exceed 0.
[10444.781s] PRUNE: margin=-4.000000, optimistic_rem(widened)=2.000000 -> cannot exceed 0.
[10461.319s] PRUNE: margin=-4.000000, optimistic_rem(widened)=2.000000 -> cannot exceed 0.
[10469.594s] PRUNE: margin=-4.000000, optimistic_rem(widened)=2.000000 -> cannot exceed 0.
[10477.863s] PRUNE: margin=-4.000000, optimistic_rem(widened)=2.000000 -> cannot exceed 0.
[10486.134s] PRUNE: margin=-4.000000, optimistic_rem(widened)=2.000000 -> cannot exceed 0.
[10494.410s] PRUNE: margin=-4.000000, optimistic_rem(widened)=2.000000 -> cannot exceed 0.
[10506.815s] PRUNE: margin=-4.000000, optimistic_rem(widened)=4.000000 -> cannot exceed 0.
[10515.084s] PRUNE: margin=-4.000000, optimistic_rem(widened)=4.000000 -> cannot exceed 0.
[10523.356s] PRUNE: margin=-4.000000, optimistic_rem(widened)=4.000000 -> cannot exceed 0.
[10531.625s] PRUNE: margin=-4.000000, optimistic_rem(widened)=4.000000 -> cannot exceed 0.
[10539.897s] PRUNE: margin=-4.000000, optimistic_rem(widened)=4.000000 -> cannot exceed 0.
[10593.664s] PRUNE: margin=-4.000000, optimistic_rem(widened)=0.000000 -> cannot exceed 0.
[10601.938s] PRUNE: margin=-4.000000, optimistic_rem(widened)=0.000000 -> cannot exceed 0.
[10610.208s] PRUNE: margin=-4.000000, optimistic_rem(widened)=0.000000 -> cannot exceed 0.
[10618.483s] PRUNE: margin=-4.000000, optimistic_rem(widened)=0.000000 -> cannot exceed 0.
[10626.763s] PRUNE: margin=-4.000000, optimistic_rem(widened)=0.000000 -> cannot exceed 0.
[10643.014s] PRUNE: margin=-4.000000, optimistic_rem(widened)=0.000000 -> cannot exceed 0.
[10651.284s] PRUNE: margin=-4.000000, optimistic_rem(widened)=0.000000 -> cannot exceed 0.
[10659.559s] PRUNE: margin=-4.000000, optimistic_rem(widened)=0.000000 -> cannot exceed 0.
[10667.833s] PRUNE: margin=-4.000000, optimistic_rem(widened)=0.000000 -> cannot exceed 0.
[10676.105s] PRUNE: margin=-4.000000, optimistic_rem(widened)=0.000000 -> cannot exceed 0.
[10688.515s] PRUNE: margin=-4.000000, optimistic_rem(widened)=2.000000 -> cannot exceed 0.
[10696.786s] PRUNE: margin=-4.000000, optimistic_rem(widened)=2.000000 -> cannot exceed 0.
[10705.057s] PRUNE: margin=-4.000000, optimistic_rem(widened)=2.000000 -> cannot exceed 0.
[10713.332s] PRUNE: margin=-4.000000, optimistic_rem(widened)=2.000000 -> cannot exceed 0.
[10721.607s] PRUNE: margin=-4.000000, optimistic_rem(widened)=2.000000 -> cannot exceed 0.
[10742.297s] PRUNE: margin=-4.000000, optimistic_rem(widened)=0.000000 -> cannot exceed 0.
[10750.569s] PRUNE: margin=-4.000000, optimistic_rem(widened)=0.000000 -> cannot exceed 0.
[10758.842s] PRUNE: margin=-4.000000, optimistic_rem(widened)=0.000000 -> cannot exceed 0.
[10767.115s] PRUNE: margin=-4.000000, optimistic_rem(widened)=0.000000 -> cannot exceed 0.
[10775.387s] PRUNE: margin=-4.000000, optimistic_rem(widened)=0.000000 -> cannot exceed 0.
[10787.792s] PRUNE: margin=-4.000000, optimistic_rem(widened)=2.000000 -> cannot exceed 0.
[10796.061s] PRUNE: margin=-4.000000, optimistic_rem(widened)=2.000000 -> cannot exceed 0.
[10804.330s] PRUNE: margin=-4.000000, optimistic_rem(widened)=2.000000 -> cannot exceed 0.
[10812.598s] PRUNE: margin=-4.000000, optimistic_rem(widened)=2.000000 -> cannot exceed 0.
[10820.871s] PRUNE: margin=-4.000000, optimistic_rem(widened)=2.000000 -> cannot exceed 0.
[10837.413s] PRUNE: margin=-4.000000, optimistic_rem(widened)=2.000000 -> cannot exceed 0.
[10845.683s] PRUNE: margin=-4.000000, optimistic_rem(widened)=2.000000 -> cannot exceed 0.
[10853.953s] PRUNE: margin=-4.000000, optimistic_rem(widened)=2.000000 -> cannot exceed 0.
[10862.225s] PRUNE: margin=-4.000000, optimistic_rem(widened)=2.000000 -> cannot exceed 0.
[10870.494s] PRUNE: margin=-4.000000, optimistic_rem(widened)=2.000000 -> cannot exceed 0.
[10882.897s] PRUNE: margin=-4.000000, optimistic_rem(widened)=4.000000 -> cannot exceed 0.
[10891.176s] PRUNE: margin=-4.000000, optimistic_rem(widened)=4.000000 -> cannot exceed 0.
[10899.446s] PRUNE: margin=-4.000000, optimistic_rem(widened)=4.000000 -> cannot exceed 0.
[10907.720s] PRUNE: margin=-4.000000, optimistic_rem(widened)=4.000000 -> cannot exceed 0.
[10915.989s] PRUNE: margin=-4.000000, optimistic_rem(widened)=4.000000 -> cannot exceed 0.
[10940.805s] PRUNE: margin=-2.000000, optimistic_rem(widened)=0.000000 -> cannot exceed 0.
[10949.076s] PRUNE: margin=-2.000000, optimistic_rem(widened)=0.000000 -> cannot exceed 0.
[10957.346s] PRUNE: margin=-2.000000, optimistic_rem(widened)=0.000000 -> cannot exceed 0.
[10965.619s] PRUNE: margin=-4.000000, optimistic_rem(widened)=0.000000 -> cannot exceed 0.
[10973.891s] PRUNE: margin=-4.000000, optimistic_rem(widened)=0.000000 -> cannot exceed 0.
[10986.298s] PRUNE: margin=-4.000000, optimistic_rem(widened)=2.000000 -> cannot exceed 0.
[10994.571s] PRUNE: margin=-4.000000, optimistic_rem(widened)=2.000000 -> cannot exceed 0.
[11002.839s] PRUNE: margin=-4.000000, optimistic_rem(widened)=2.000000 -> cannot exceed 0.
[11011.106s] PRUNE: margin=-4.000000, optimistic_rem(widened)=2.000000 -> cannot exceed 0.
[11019.376s] PRUNE: margin=-4.000000, optimistic_rem(widened)=2.000000 -> cannot exceed 0.
[11035.915s] PRUNE: margin=-4.000000, optimistic_rem(widened)=2.000000 -> cannot exceed 0.
[11044.185s] PRUNE: margin=-4.000000, optimistic_rem(widened)=2.000000 -> cannot exceed 0.
[11052.456s] PRUNE: margin=-4.000000, optimistic_rem(widened)=2.000000 -> cannot exceed 0.
[11060.726s] PRUNE: margin=-4.000000, optimistic_rem(widened)=2.000000 -> cannot exceed 0.
[11068.996s] PRUNE: margin=-4.000000, optimistic_rem(widened)=2.000000 -> cannot exceed 0.
[11081.405s] PRUNE: margin=-4.000000, optimistic_rem(widened)=4.000000 -> cannot exceed 0.
[11089.679s] PRUNE: margin=-4.000000, optimistic_rem(widened)=4.000000 -> cannot exceed 0.
[11097.949s] PRUNE: margin=-4.000000, optimistic_rem(widened)=4.000000 -> cannot exceed 0.
[11106.220s] PRUNE: margin=-4.000000, optimistic_rem(widened)=4.000000 -> cannot exceed 0.
[11114.491s] PRUNE: margin=-4.000000, optimistic_rem(widened)=4.000000 -> cannot exceed 0.
[11135.167s] PRUNE: margin=-4.000000, optimistic_rem(widened)=2.000000 -> cannot exceed 0.
[11143.438s] PRUNE: margin=-4.000000, optimistic_rem(widened)=2.000000 -> cannot exceed 0.
[11151.711s] PRUNE: margin=-4.000000, optimistic_rem(widened)=2.000000 -> cannot exceed 0.
[11159.980s] PRUNE: margin=-4.000000, optimistic_rem(widened)=2.000000 -> cannot exceed 0.
[11168.252s] PRUNE: margin=-4.000000, optimistic_rem(widened)=2.000000 -> cannot exceed 0.
[11180.658s] PRUNE: margin=-4.000000, optimistic_rem(widened)=4.000000 -> cannot exceed 0.
[11188.926s] PRUNE: margin=-4.000000, optimistic_rem(widened)=4.000000 -> cannot exceed 0.
[11197.196s] PRUNE: margin=-4.000000, optimistic_rem(widened)=4.000000 -> cannot exceed 0.
[11205.466s] PRUNE: margin=-4.000000, optimistic_rem(widened)=4.000000 -> cannot exceed 0.
[11213.735s] PRUNE: margin=-4.000000, optimistic_rem(widened)=4.000000 -> cannot exceed 0.
[11229.689s] PRUNE: margin=-4.000000, optimistic_rem(widened)=4.000000 -> cannot exceed 0.
[11237.959s] PRUNE: margin=-4.000000, optimistic_rem(widened)=4.000000 -> cannot exceed 0.
[11246.229s] PRUNE: margin=-4.000000, optimistic_rem(widened)=4.000000 -> cannot exceed 0.
[11254.498s] PRUNE: margin=-4.000000, optimistic_rem(widened)=4.000000 -> cannot exceed 0.
[11262.769s] PRUNE: margin=-4.000000, optimistic_rem(widened)=4.000000 -> cannot exceed 0.
[11524.403s] No counterexample within budgets (BaB): no misclassification found.
STATUS: No counterexample | best_upper_margin=14.000000 | elapsed=11524.403s | pixels_changed=0 | total_bit_flips=0 | avg_hamming_per_pixel=0.000000 | patch_rows=0-0 | patch_cols=14-15 | note=no_counterexample_within_budgets
