[  0.000s] init: idx=7716 kmax=2 bmax=4 topx=2 widen=1.000 rank_fast=off
clean logits (hex):  0x82  0x81  0x83  0x82  0x81  0x82  0x82  0x82  0x82  0x82
clean logits (bits): 10000010 10000001 10000011 10000010 10000001 10000010 10000010 10000010 10000010 10000010
clean logits (double): -32.000000 -64.000000 -24.000000 -32.000000 -64.000000 -32.000000 -32.000000 -32.000000 -32.000000 -32.000000
[  0.017s] clean prediction: 2 (true label 2)
[1744.849s] selection: nSym=2 (from 784), topx=2, rank_fast=off
[1744.849s] active patch: rows 0-0, cols 6-9 (derived from symPix)
[1752.102s] Proceeding to BaB (greedy enabled).
[1752.102s] Skipping root bound check (--no-root-bound).
[1752.102s] BaB search starting (K<=2, B<=4, nSym=2, depth_limit=500000000, widen=1.00)...
[1949.599s] PRUNE: margin=-8.000000, optimistic_rem(widened)=0.000000 -> cannot exceed 0.
[1958.583s] PRUNE: margin=-8.000000, optimistic_rem(widened)=0.000000 -> cannot exceed 0.
[1967.559s] PRUNE: margin=-8.000000, optimistic_rem(widened)=0.000000 -> cannot exceed 0.
[1976.538s] PRUNE: margin=-8.000000, optimistic_rem(widened)=0.000000 -> cannot exceed 0.
[1985.518s] PRUNE: margin=-8.000000, optimistic_rem(widened)=0.000000 -> cannot exceed 0.
[1994.499s] PRUNE: margin=-8.000000, optimistic_rem(widened)=0.000000 -> cannot exceed 0.
[2003.479s] PRUNE: margin=-8.000000, optimistic_rem(widened)=0.000000 -> cannot exceed 0.
[2012.463s] PRUNE: margin=-8.000000, optimistic_rem(widened)=0.000000 -> cannot exceed 0.
[2021.438s] PRUNE: margin=-8.000000, optimistic_rem(widened)=0.000000 -> cannot exceed 0.
[2030.421s] PRUNE: margin=-8.000000, optimistic_rem(widened)=0.000000 -> cannot exceed 0.
[2160.595s] PRUNE: margin=-8.000000, optimistic_rem(widened)=0.000000 -> cannot exceed 0.
[2169.574s] PRUNE: margin=-8.000000, optimistic_rem(widened)=0.000000 -> cannot exceed 0.
[2178.550s] PRUNE: margin=-8.000000, optimistic_rem(widened)=0.000000 -> cannot exceed 0.
[2187.529s] PRUNE: margin=-8.000000, optimistic_rem(widened)=0.000000 -> cannot exceed 0.
[2196.511s] PRUNE: margin=-8.000000, optimistic_rem(widened)=0.000000 -> cannot exceed 0.
[2205.491s] PRUNE: margin=-8.000000, optimistic_rem(widened)=0.000000 -> cannot exceed 0.
[2214.469s] PRUNE: margin=-8.000000, optimistic_rem(widened)=0.000000 -> cannot exceed 0.
[2223.450s] PRUNE: margin=-8.000000, optimistic_rem(widened)=0.000000 -> cannot exceed 0.
[2232.426s] PRUNE: margin=-8.000000, optimistic_rem(widened)=0.000000 -> cannot exceed 0.
[2241.405s] PRUNE: margin=-8.000000, optimistic_rem(widened)=0.000000 -> cannot exceed 0.
[2313.201s] PRUNE: margin=-8.000000, optimistic_rem(widened)=0.000000 -> cannot exceed 0.
[2322.174s] PRUNE: margin=-8.000000, optimistic_rem(widened)=0.000000 -> cannot exceed 0.
[2331.151s] PRUNE: margin=-8.000000, optimistic_rem(widened)=0.000000 -> cannot exceed 0.
[2340.127s] PRUNE: margin=-8.000000, optimistic_rem(widened)=0.000000 -> cannot exceed 0.
[2349.106s] PRUNE: margin=-8.000000, optimistic_rem(widened)=0.000000 -> cannot exceed 0.
[2358.087s] PRUNE: margin=-8.000000, optimistic_rem(widened)=0.000000 -> cannot exceed 0.
[2367.064s] PRUNE: margin=-8.000000, optimistic_rem(widened)=0.000000 -> cannot exceed 0.
[2376.043s] PRUNE: margin=-8.000000, optimistic_rem(widened)=0.000000 -> cannot exceed 0.
[2385.019s] PRUNE: margin=-8.000000, optimistic_rem(widened)=0.000000 -> cannot exceed 0.
[2393.991s] PRUNE: margin=-8.000000, optimistic_rem(widened)=0.000000 -> cannot exceed 0.
[2411.933s] PRUNE: margin=-8.000000, optimistic_rem(widened)=0.000000 -> cannot exceed 0.
[2465.783s] PRUNE: margin=-8.000000, optimistic_rem(widened)=0.000000 -> cannot exceed 0.
[2474.760s] PRUNE: margin=-8.000000, optimistic_rem(widened)=0.000000 -> cannot exceed 0.
[2483.736s] PRUNE: margin=-8.000000, optimistic_rem(widened)=0.000000 -> cannot exceed 0.
[2492.716s] PRUNE: margin=-8.000000, optimistic_rem(widened)=0.000000 -> cannot exceed 0.
[2501.699s] PRUNE: margin=-8.000000, optimistic_rem(widened)=0.000000 -> cannot exceed 0.
[2510.680s] PRUNE: margin=-8.000000, optimistic_rem(widened)=0.000000 -> cannot exceed 0.
[2519.656s] PRUNE: margin=-8.000000, optimistic_rem(widened)=0.000000 -> cannot exceed 0.
[2528.627s] PRUNE: margin=-8.000000, optimistic_rem(widened)=0.000000 -> cannot exceed 0.
[2542.081s] PRUNE: margin=-8.000000, optimistic_rem(widened)=0.000000 -> cannot exceed 0.
[2551.052s] PRUNE: margin=-8.000000, optimistic_rem(widened)=0.000000 -> cannot exceed 0.
[2560.023s] PRUNE: margin=-8.000000, optimistic_rem(widened)=0.000000 -> cannot exceed 0.
[2568.995s] PRUNE: margin=-8.000000, optimistic_rem(widened)=0.000000 -> cannot exceed 0.
[2577.961s] PRUNE: margin=-8.000000, optimistic_rem(widened)=0.000000 -> cannot exceed 0.
[2586.929s] PRUNE: margin=-8.000000, optimistic_rem(widened)=0.000000 -> cannot exceed 0.
[2600.382s] PRUNE: margin=-8.000000, optimistic_rem(widened)=0.000000 -> cannot exceed 0.
[2609.353s] PRUNE: margin=-8.000000, optimistic_rem(widened)=0.000000 -> cannot exceed 0.
[2618.319s] PRUNE: margin=-8.000000, optimistic_rem(widened)=0.000000 -> cannot exceed 0.
[2631.765s] PRUNE: margin=-8.000000, optimistic_rem(widened)=0.000000 -> cannot exceed 0.
[2645.216s] PRUNE: margin=-8.000000, optimistic_rem(widened)=0.000000 -> cannot exceed 0.
[2658.666s] PRUNE: margin=-8.000000, optimistic_rem(widened)=0.000000 -> cannot exceed 0.
[2793.171s] PRUNE: margin=-8.000000, optimistic_rem(widened)=0.000000 -> cannot exceed 0.
[2802.141s] PRUNE: margin=-8.000000, optimistic_rem(widened)=0.000000 -> cannot exceed 0.
[2811.105s] PRUNE: margin=-8.000000, optimistic_rem(widened)=0.000000 -> cannot exceed 0.
[2820.078s] PRUNE: margin=-8.000000, optimistic_rem(widened)=0.000000 -> cannot exceed 0.
[2829.049s] PRUNE: margin=-8.000000, optimistic_rem(widened)=0.000000 -> cannot exceed 0.
[2838.019s] PRUNE: margin=-8.000000, optimistic_rem(widened)=0.000000 -> cannot exceed 0.
[2844.234s] PRUNE: margin=-8.000000, optimistic_rem(widened)=0.000000 -> cannot exceed 0.
[2849.881s] PRUNE: margin=-8.000000, optimistic_rem(widened)=0.000000 -> cannot exceed 0.
[2855.595s] PRUNE: margin=-8.000000, optimistic_rem(widened)=0.000000 -> cannot exceed 0.
[2861.265s] PRUNE: margin=-8.000000, optimistic_rem(widened)=0.000000 -> cannot exceed 0.
[2912.422s] PRUNE: margin=-8.000000, optimistic_rem(widened)=0.000000 -> cannot exceed 0.
[2921.384s] PRUNE: margin=-8.000000, optimistic_rem(widened)=0.000000 -> cannot exceed 0.
[2930.344s] PRUNE: margin=-8.000000, optimistic_rem(widened)=0.000000 -> cannot exceed 0.
[2939.311s] PRUNE: margin=-8.000000, optimistic_rem(widened)=0.000000 -> cannot exceed 0.
[2948.271s] PRUNE: margin=-8.000000, optimistic_rem(widened)=0.000000 -> cannot exceed 0.
[2957.230s] PRUNE: margin=-8.000000, optimistic_rem(widened)=0.000000 -> cannot exceed 0.
[2966.188s] PRUNE: margin=-8.000000, optimistic_rem(widened)=0.000000 -> cannot exceed 0.
[2975.152s] PRUNE: margin=-8.000000, optimistic_rem(widened)=0.000000 -> cannot exceed 0.
[2984.109s] PRUNE: margin=-8.000000, optimistic_rem(widened)=0.000000 -> cannot exceed 0.
[2993.066s] PRUNE: margin=-8.000000, optimistic_rem(widened)=0.000000 -> cannot exceed 0.
[3010.981s] PRUNE: margin=-8.000000, optimistic_rem(widened)=0.000000 -> cannot exceed 0.
[3064.754s] PRUNE: margin=-8.000000, optimistic_rem(widened)=0.000000 -> cannot exceed 0.
[3073.721s] PRUNE: margin=-8.000000, optimistic_rem(widened)=0.000000 -> cannot exceed 0.
[3082.688s] PRUNE: margin=-8.000000, optimistic_rem(widened)=0.000000 -> cannot exceed 0.
[3091.651s] PRUNE: margin=-8.000000, optimistic_rem(widened)=0.000000 -> cannot exceed 0.
[3100.610s] PRUNE: margin=-8.000000, optimistic_rem(widened)=0.000000 -> cannot exceed 0.
[3109.571s] PRUNE: margin=-8.000000, optimistic_rem(widened)=0.000000 -> cannot exceed 0.
[3118.537s] PRUNE: margin=-8.000000, optimistic_rem(widened)=0.000000 -> cannot exceed 0.
[3127.500s] PRUNE: margin=-8.000000, optimistic_rem(widened)=0.000000 -> cannot exceed 0.
[3140.946s] PRUNE: margin=-8.000000, optimistic_rem(widened)=0.000000 -> cannot exceed 0.
[3149.906s] PRUNE: margin=-8.000000, optimistic_rem(widened)=0.000000 -> cannot exceed 0.
[3158.865s] PRUNE: margin=-8.000000, optimistic_rem(widened)=0.000000 -> cannot exceed 0.
[3167.824s] PRUNE: margin=-8.000000, optimistic_rem(widened)=0.000000 -> cannot exceed 0.
[3176.786s] PRUNE: margin=-8.000000, optimistic_rem(widened)=0.000000 -> cannot exceed 0.
[3185.745s] PRUNE: margin=-8.000000, optimistic_rem(widened)=0.000000 -> cannot exceed 0.
[3199.005s] PRUNE: margin=-8.000000, optimistic_rem(widened)=0.000000 -> cannot exceed 0.
[3204.705s] PRUNE: margin=-8.000000, optimistic_rem(widened)=0.000000 -> cannot exceed 0.
[3210.355s] PRUNE: margin=-8.000000, optimistic_rem(widened)=0.000000 -> cannot exceed 0.
[3218.671s] PRUNE: margin=-8.000000, optimistic_rem(widened)=0.000000 -> cannot exceed 0.
[3227.009s] PRUNE: margin=-8.000000, optimistic_rem(widened)=0.000000 -> cannot exceed 0.
[3235.291s] PRUNE: margin=-8.000000, optimistic_rem(widened)=0.000000 -> cannot exceed 0.
[3282.150s] PRUNE: margin=-8.000000, optimistic_rem(widened)=0.000000 -> cannot exceed 0.
[3287.701s] PRUNE: margin=-8.000000, optimistic_rem(widened)=0.000000 -> cannot exceed 0.
[3293.264s] PRUNE: margin=-8.000000, optimistic_rem(widened)=0.000000 -> cannot exceed 0.
[3298.710s] PRUNE: margin=-8.000000, optimistic_rem(widened)=0.000000 -> cannot exceed 0.
[3304.247s] PRUNE: margin=-8.000000, optimistic_rem(widened)=0.000000 -> cannot exceed 0.
[3310.329s] PRUNE: margin=-8.000000, optimistic_rem(widened)=0.000000 -> cannot exceed 0.
[3315.868s] PRUNE: margin=-8.000000, optimistic_rem(widened)=0.000000 -> cannot exceed 0.
[3321.380s] PRUNE: margin=-8.000000, optimistic_rem(widened)=0.000000 -> cannot exceed 0.
[3326.983s] PRUNE: margin=-8.000000, optimistic_rem(widened)=0.000000 -> cannot exceed 0.
[3332.506s] PRUNE: margin=-8.000000, optimistic_rem(widened)=0.000000 -> cannot exceed 0.
[3343.714s] PRUNE: margin=-8.000000, optimistic_rem(widened)=0.000000 -> cannot exceed 0.
[3397.471s] PRUNE: margin=-8.000000, optimistic_rem(widened)=0.000000 -> cannot exceed 0.
[3405.818s] PRUNE: margin=-8.000000, optimistic_rem(widened)=0.000000 -> cannot exceed 0.
[3411.279s] PRUNE: margin=-8.000000, optimistic_rem(widened)=0.000000 -> cannot exceed 0.
[3416.776s] PRUNE: margin=-8.000000, optimistic_rem(widened)=0.000000 -> cannot exceed 0.
[3422.255s] PRUNE: margin=-8.000000, optimistic_rem(widened)=0.000000 -> cannot exceed 0.
[3427.774s] PRUNE: margin=-8.000000, optimistic_rem(widened)=0.000000 -> cannot exceed 0.
[3433.342s] PRUNE: margin=-8.000000, optimistic_rem(widened)=0.000000 -> cannot exceed 0.
[3438.854s] PRUNE: margin=-8.000000, optimistic_rem(widened)=0.000000 -> cannot exceed 0.
[3447.191s] PRUNE: margin=-8.000000, optimistic_rem(widened)=0.000000 -> cannot exceed 0.
[3452.779s] PRUNE: margin=-8.000000, optimistic_rem(widened)=0.000000 -> cannot exceed 0.
[3458.403s] PRUNE: margin=-8.000000, optimistic_rem(widened)=0.000000 -> cannot exceed 0.
[3463.947s] PRUNE: margin=-8.000000, optimistic_rem(widened)=0.000000 -> cannot exceed 0.
[3469.505s] PRUNE: margin=-8.000000, optimistic_rem(widened)=0.000000 -> cannot exceed 0.
[3475.008s] PRUNE: margin=-8.000000, optimistic_rem(widened)=0.000000 -> cannot exceed 0.
[3483.245s] PRUNE: margin=-8.000000, optimistic_rem(widened)=0.000000 -> cannot exceed 0.
[3488.879s] PRUNE: margin=-8.000000, optimistic_rem(widened)=0.000000 -> cannot exceed 0.
[3496.022s] PRUNE: margin=-8.000000, optimistic_rem(widened)=0.000000 -> cannot exceed 0.
[3507.585s] PRUNE: margin=-8.000000, optimistic_rem(widened)=0.000000 -> cannot exceed 0.
[3515.914s] PRUNE: margin=-8.000000, optimistic_rem(widened)=0.000000 -> cannot exceed 0.
[3527.098s] PRUNE: margin=-8.000000, optimistic_rem(widened)=0.000000 -> cannot exceed 0.
[3545.525s] PRUNE: margin=-8.000000, optimistic_rem(widened)=0.000000 -> cannot exceed 0.
[3583.554s] PRUNE: margin=-8.000000, optimistic_rem(widened)=0.000000 -> cannot exceed 0.
[3592.514s] PRUNE: margin=-8.000000, optimistic_rem(widened)=0.000000 -> cannot exceed 0.
[3601.476s] PRUNE: margin=-8.000000, optimistic_rem(widened)=0.000000 -> cannot exceed 0.
[3610.437s] PRUNE: margin=-8.000000, optimistic_rem(widened)=0.000000 -> cannot exceed 0.
[3619.400s] PRUNE: margin=-8.000000, optimistic_rem(widened)=0.000000 -> cannot exceed 0.
[3628.364s] PRUNE: margin=-8.000000, optimistic_rem(widened)=0.000000 -> cannot exceed 0.
[3637.325s] PRUNE: margin=-8.000000, optimistic_rem(widened)=0.000000 -> cannot exceed 0.
[3646.289s] PRUNE: margin=-8.000000, optimistic_rem(widened)=0.000000 -> cannot exceed 0.
[3664.213s] PRUNE: margin=-8.000000, optimistic_rem(widened)=0.000000 -> cannot exceed 0.
[3673.173s] PRUNE: margin=-8.000000, optimistic_rem(widened)=0.000000 -> cannot exceed 0.
[3682.138s] PRUNE: margin=-8.000000, optimistic_rem(widened)=0.000000 -> cannot exceed 0.
[3691.101s] PRUNE: margin=-8.000000, optimistic_rem(widened)=0.000000 -> cannot exceed 0.
[3700.061s] PRUNE: margin=-8.000000, optimistic_rem(widened)=0.000000 -> cannot exceed 0.
[3709.023s] PRUNE: margin=-8.000000, optimistic_rem(widened)=0.000000 -> cannot exceed 0.
[3717.988s] PRUNE: margin=-8.000000, optimistic_rem(widened)=0.000000 -> cannot exceed 0.
[3726.949s] PRUNE: margin=-8.000000, optimistic_rem(widened)=0.000000 -> cannot exceed 0.
[3735.911s] PRUNE: margin=-8.000000, optimistic_rem(widened)=0.000000 -> cannot exceed 0.
[3753.832s] PRUNE: margin=-8.000000, optimistic_rem(widened)=0.000000 -> cannot exceed 0.
[3762.793s] PRUNE: margin=-8.000000, optimistic_rem(widened)=0.000000 -> cannot exceed 0.
[3771.755s] PRUNE: margin=-8.000000, optimistic_rem(widened)=0.000000 -> cannot exceed 0.
[3780.717s] PRUNE: margin=-8.000000, optimistic_rem(widened)=0.000000 -> cannot exceed 0.
[3789.682s] PRUNE: margin=-8.000000, optimistic_rem(widened)=0.000000 -> cannot exceed 0.
[3798.645s] PRUNE: margin=-8.000000, optimistic_rem(widened)=0.000000 -> cannot exceed 0.
[3807.610s] PRUNE: margin=-8.000000, optimistic_rem(widened)=0.000000 -> cannot exceed 0.
[3816.574s] PRUNE: margin=-8.000000, optimistic_rem(widened)=0.000000 -> cannot exceed 0.
[3830.012s] PRUNE: margin=-8.000000, optimistic_rem(widened)=0.000000 -> cannot exceed 0.
[3838.973s] PRUNE: margin=-8.000000, optimistic_rem(widened)=0.000000 -> cannot exceed 0.
[3847.936s] PRUNE: margin=-8.000000, optimistic_rem(widened)=0.000000 -> cannot exceed 0.
[3854.267s] PRUNE: margin=-8.000000, optimistic_rem(widened)=0.000000 -> cannot exceed 0.
[3863.291s] PRUNE: margin=-8.000000, optimistic_rem(widened)=0.000000 -> cannot exceed 0.
[3868.905s] PRUNE: margin=-8.000000, optimistic_rem(widened)=0.000000 -> cannot exceed 0.
[3874.440s] PRUNE: margin=-8.000000, optimistic_rem(widened)=0.000000 -> cannot exceed 0.
[3884.108s] PRUNE: margin=-8.000000, optimistic_rem(widened)=0.000000 -> cannot exceed 0.
[3894.987s] PRUNE: margin=-8.000000, optimistic_rem(widened)=0.000000 -> cannot exceed 0.
[3903.259s] PRUNE: margin=-8.000000, optimistic_rem(widened)=0.000000 -> cannot exceed 0.
[3919.106s] PRUNE: margin=-8.000000, optimistic_rem(widened)=0.000000 -> cannot exceed 0.
[3932.553s] PRUNE: margin=-8.000000, optimistic_rem(widened)=0.000000 -> cannot exceed 0.
[3938.797s] PRUNE: margin=-8.000000, optimistic_rem(widened)=0.000000 -> cannot exceed 0.
[3944.355s] PRUNE: margin=-8.000000, optimistic_rem(widened)=0.000000 -> cannot exceed 0.
[3950.010s] PRUNE: margin=-8.000000, optimistic_rem(widened)=0.000000 -> cannot exceed 0.
[3955.621s] PRUNE: margin=-8.000000, optimistic_rem(widened)=0.000000 -> cannot exceed 0.
[3964.478s] PRUNE: margin=-8.000000, optimistic_rem(widened)=0.000000 -> cannot exceed 0.
[3973.012s] PRUNE: margin=-8.000000, optimistic_rem(widened)=0.000000 -> cannot exceed 0.
[3980.203s] PRUNE: margin=-8.000000, optimistic_rem(widened)=0.000000 -> cannot exceed 0.
[3989.803s] PRUNE: margin=-8.000000, optimistic_rem(widened)=0.000000 -> cannot exceed 0.
[3998.763s] PRUNE: margin=-8.000000, optimistic_rem(widened)=0.000000 -> cannot exceed 0.
[4007.722s] PRUNE: margin=-8.000000, optimistic_rem(widened)=0.000000 -> cannot exceed 0.
[4016.683s] PRUNE: margin=-8.000000, optimistic_rem(widened)=0.000000 -> cannot exceed 0.
[4030.127s] PRUNE: margin=-8.000000, optimistic_rem(widened)=0.000000 -> cannot exceed 0.
[4039.095s] PRUNE: margin=-8.000000, optimistic_rem(widened)=0.000000 -> cannot exceed 0.
[4048.061s] PRUNE: margin=-8.000000, optimistic_rem(widened)=0.000000 -> cannot exceed 0.
[4061.506s] PRUNE: margin=-8.000000, optimistic_rem(widened)=0.000000 -> cannot exceed 0.
[4074.950s] PRUNE: margin=-8.000000, optimistic_rem(widened)=0.000000 -> cannot exceed 0.
[4088.391s] PRUNE: margin=-8.000000, optimistic_rem(widened)=0.000000 -> cannot exceed 0.
[4101.828s] PRUNE: margin=-8.000000, optimistic_rem(widened)=0.000000 -> cannot exceed 0.
[4110.786s] PRUNE: margin=-8.000000, optimistic_rem(widened)=0.000000 -> cannot exceed 0.
[4119.752s] PRUNE: margin=-8.000000, optimistic_rem(widened)=0.000000 -> cannot exceed 0.
[4128.718s] PRUNE: margin=-8.000000, optimistic_rem(widened)=0.000000 -> cannot exceed 0.
[4137.678s] PRUNE: margin=-8.000000, optimistic_rem(widened)=0.000000 -> cannot exceed 0.
[4146.638s] PRUNE: margin=-8.000000, optimistic_rem(widened)=0.000000 -> cannot exceed 0.
[4160.079s] PRUNE: margin=-8.000000, optimistic_rem(widened)=0.000000 -> cannot exceed 0.
[4169.042s] PRUNE: margin=-8.000000, optimistic_rem(widened)=0.000000 -> cannot exceed 0.
[4178.005s] PRUNE: margin=-8.000000, optimistic_rem(widened)=0.000000 -> cannot exceed 0.
[4191.441s] PRUNE: margin=-8.000000, optimistic_rem(widened)=0.000000 -> cannot exceed 0.
[4204.879s] PRUNE: margin=-8.000000, optimistic_rem(widened)=0.000000 -> cannot exceed 0.
[4218.317s] PRUNE: margin=-8.000000, optimistic_rem(widened)=0.000000 -> cannot exceed 0.
[4357.161s] PRUNE: margin=-8.000000, optimistic_rem(widened)=0.000000 -> cannot exceed 0.
[4366.119s] PRUNE: margin=-8.000000, optimistic_rem(widened)=0.000000 -> cannot exceed 0.
[4375.080s] PRUNE: margin=-8.000000, optimistic_rem(widened)=0.000000 -> cannot exceed 0.
[4384.042s] PRUNE: margin=-8.000000, optimistic_rem(widened)=0.000000 -> cannot exceed 0.
[4393.003s] PRUNE: margin=-8.000000, optimistic_rem(widened)=0.000000 -> cannot exceed 0.
[4401.964s] PRUNE: margin=-8.000000, optimistic_rem(widened)=0.000000 -> cannot exceed 0.
[4410.928s] PRUNE: margin=-8.000000, optimistic_rem(widened)=0.000000 -> cannot exceed 0.
[4419.888s] PRUNE: margin=-8.000000, optimistic_rem(widened)=0.000000 -> cannot exceed 0.
[4428.847s] PRUNE: margin=-8.000000, optimistic_rem(widened)=0.000000 -> cannot exceed 0.
[4437.806s] PRUNE: margin=-8.000000, optimistic_rem(widened)=0.000000 -> cannot exceed 0.
[4509.470s] PRUNE: margin=-8.000000, optimistic_rem(widened)=0.000000 -> cannot exceed 0.
[4518.428s] PRUNE: margin=-8.000000, optimistic_rem(widened)=0.000000 -> cannot exceed 0.
[4524.372s] PRUNE: margin=-8.000000, optimistic_rem(widened)=0.000000 -> cannot exceed 0.
[4530.082s] PRUNE: margin=-8.000000, optimistic_rem(widened)=0.000000 -> cannot exceed 0.
[4535.702s] PRUNE: margin=-8.000000, optimistic_rem(widened)=0.000000 -> cannot exceed 0.
[4541.319s] PRUNE: margin=-8.000000, optimistic_rem(widened)=0.000000 -> cannot exceed 0.
[4546.974s] PRUNE: margin=-8.000000, optimistic_rem(widened)=0.000000 -> cannot exceed 0.
[4552.635s] PRUNE: margin=-8.000000, optimistic_rem(widened)=0.000000 -> cannot exceed 0.
[4558.420s] PRUNE: margin=-8.000000, optimistic_rem(widened)=0.000000 -> cannot exceed 0.
[4564.557s] PRUNE: margin=-8.000000, optimistic_rem(widened)=0.000000 -> cannot exceed 0.
[4575.684s] PRUNE: margin=-8.000000, optimistic_rem(widened)=0.000000 -> cannot exceed 0.
[4609.301s] PRUNE: margin=-8.000000, optimistic_rem(widened)=0.000000 -> cannot exceed 0.
[4615.057s] PRUNE: margin=-8.000000, optimistic_rem(widened)=0.000000 -> cannot exceed 0.
[4620.752s] PRUNE: margin=-8.000000, optimistic_rem(widened)=0.000000 -> cannot exceed 0.
[4626.446s] PRUNE: margin=-8.000000, optimistic_rem(widened)=0.000000 -> cannot exceed 0.
[4632.127s] PRUNE: margin=-8.000000, optimistic_rem(widened)=0.000000 -> cannot exceed 0.
[4637.721s] PRUNE: margin=-8.000000, optimistic_rem(widened)=0.000000 -> cannot exceed 0.
[4643.402s] PRUNE: margin=-8.000000, optimistic_rem(widened)=0.000000 -> cannot exceed 0.
[4648.988s] PRUNE: margin=-8.000000, optimistic_rem(widened)=0.000000 -> cannot exceed 0.
[4657.570s] PRUNE: margin=-8.000000, optimistic_rem(widened)=0.000000 -> cannot exceed 0.
[4666.285s] PRUNE: margin=-8.000000, optimistic_rem(widened)=0.000000 -> cannot exceed 0.
[4675.272s] PRUNE: margin=-8.000000, optimistic_rem(widened)=0.000000 -> cannot exceed 0.
[4684.256s] PRUNE: margin=-8.000000, optimistic_rem(widened)=0.000000 -> cannot exceed 0.
[4693.238s] PRUNE: margin=-8.000000, optimistic_rem(widened)=0.000000 -> cannot exceed 0.
[4702.207s] PRUNE: margin=-8.000000, optimistic_rem(widened)=0.000000 -> cannot exceed 0.
[4715.659s] PRUNE: margin=-8.000000, optimistic_rem(widened)=0.000000 -> cannot exceed 0.
[4724.627s] PRUNE: margin=-8.000000, optimistic_rem(widened)=0.000000 -> cannot exceed 0.
[4733.595s] PRUNE: margin=-8.000000, optimistic_rem(widened)=0.000000 -> cannot exceed 0.
[4747.048s] PRUNE: margin=-8.000000, optimistic_rem(widened)=0.000000 -> cannot exceed 0.
[4760.502s] PRUNE: margin=-8.000000, optimistic_rem(widened)=0.000000 -> cannot exceed 0.
[4773.952s] PRUNE: margin=-8.000000, optimistic_rem(widened)=0.000000 -> cannot exceed 0.
[4850.187s] PRUNE: margin=-8.000000, optimistic_rem(widened)=0.000000 -> cannot exceed 0.
[4859.155s] PRUNE: margin=-8.000000, optimistic_rem(widened)=0.000000 -> cannot exceed 0.
[4868.123s] PRUNE: margin=-8.000000, optimistic_rem(widened)=0.000000 -> cannot exceed 0.
[4877.090s] PRUNE: margin=-8.000000, optimistic_rem(widened)=0.000000 -> cannot exceed 0.
[4886.058s] PRUNE: margin=-8.000000, optimistic_rem(widened)=0.000000 -> cannot exceed 0.
[4895.029s] PRUNE: margin=-8.000000, optimistic_rem(widened)=0.000000 -> cannot exceed 0.
[4903.996s] PRUNE: margin=-8.000000, optimistic_rem(widened)=0.000000 -> cannot exceed 0.
[4912.963s] PRUNE: margin=-8.000000, optimistic_rem(widened)=0.000000 -> cannot exceed 0.
[4921.931s] PRUNE: margin=-8.000000, optimistic_rem(widened)=0.000000 -> cannot exceed 0.
[4930.898s] PRUNE: margin=-8.000000, optimistic_rem(widened)=0.000000 -> cannot exceed 0.
[4948.836s] PRUNE: margin=-8.000000, optimistic_rem(widened)=0.000000 -> cannot exceed 0.
[5002.645s] PRUNE: margin=-8.000000, optimistic_rem(widened)=0.000000 -> cannot exceed 0.
[5011.619s] PRUNE: margin=-8.000000, optimistic_rem(widened)=0.000000 -> cannot exceed 0.
[5020.591s] PRUNE: margin=-8.000000, optimistic_rem(widened)=0.000000 -> cannot exceed 0.
[5029.559s] PRUNE: margin=-8.000000, optimistic_rem(widened)=0.000000 -> cannot exceed 0.
[5038.528s] PRUNE: margin=-8.000000, optimistic_rem(widened)=0.000000 -> cannot exceed 0.
[5047.496s] PRUNE: margin=-8.000000, optimistic_rem(widened)=0.000000 -> cannot exceed 0.
[5056.469s] PRUNE: margin=-8.000000, optimistic_rem(widened)=0.000000 -> cannot exceed 0.
[5065.441s] PRUNE: margin=-8.000000, optimistic_rem(widened)=0.000000 -> cannot exceed 0.
[5078.896s] PRUNE: margin=-8.000000, optimistic_rem(widened)=0.000000 -> cannot exceed 0.
[5087.869s] PRUNE: margin=-8.000000, optimistic_rem(widened)=0.000000 -> cannot exceed 0.
[5096.838s] PRUNE: margin=-8.000000, optimistic_rem(widened)=0.000000 -> cannot exceed 0.
[5105.808s] PRUNE: margin=-8.000000, optimistic_rem(widened)=0.000000 -> cannot exceed 0.
[5114.779s] PRUNE: margin=-8.000000, optimistic_rem(widened)=0.000000 -> cannot exceed 0.
[5123.750s] PRUNE: margin=-8.000000, optimistic_rem(widened)=0.000000 -> cannot exceed 0.
[5137.205s] PRUNE: margin=-8.000000, optimistic_rem(widened)=0.000000 -> cannot exceed 0.
[5146.175s] PRUNE: margin=-8.000000, optimistic_rem(widened)=0.000000 -> cannot exceed 0.
[5155.144s] PRUNE: margin=-8.000000, optimistic_rem(widened)=0.000000 -> cannot exceed 0.
[5168.597s] PRUNE: margin=-8.000000, optimistic_rem(widened)=0.000000 -> cannot exceed 0.
[5182.050s] PRUNE: margin=-8.000000, optimistic_rem(widened)=0.000000 -> cannot exceed 0.
[5195.502s] PRUNE: margin=-8.000000, optimistic_rem(widened)=0.000000 -> cannot exceed 0.
[5217.924s] PRUNE: margin=-8.000000, optimistic_rem(widened)=0.000000 -> cannot exceed 0.
[5271.739s] PRUNE: margin=-8.000000, optimistic_rem(widened)=0.000000 -> cannot exceed 0.
[5280.710s] PRUNE: margin=-8.000000, optimistic_rem(widened)=0.000000 -> cannot exceed 0.
[5289.678s] PRUNE: margin=-8.000000, optimistic_rem(widened)=0.000000 -> cannot exceed 0.
[5298.648s] PRUNE: margin=-8.000000, optimistic_rem(widened)=0.000000 -> cannot exceed 0.
[5307.618s] PRUNE: margin=-8.000000, optimistic_rem(widened)=0.000000 -> cannot exceed 0.
[5316.589s] PRUNE: margin=-8.000000, optimistic_rem(widened)=0.000000 -> cannot exceed 0.
[5325.557s] PRUNE: margin=-8.000000, optimistic_rem(widened)=0.000000 -> cannot exceed 0.
[5334.526s] PRUNE: margin=-8.000000, optimistic_rem(widened)=0.000000 -> cannot exceed 0.
[5352.460s] PRUNE: margin=-8.000000, optimistic_rem(widened)=0.000000 -> cannot exceed 0.
[5361.429s] PRUNE: margin=-8.000000, optimistic_rem(widened)=0.000000 -> cannot exceed 0.
[5370.398s] PRUNE: margin=-8.000000, optimistic_rem(widened)=0.000000 -> cannot exceed 0.
[5379.367s] PRUNE: margin=-8.000000, optimistic_rem(widened)=0.000000 -> cannot exceed 0.
[5388.335s] PRUNE: margin=-8.000000, optimistic_rem(widened)=0.000000 -> cannot exceed 0.
[5397.302s] PRUNE: margin=-8.000000, optimistic_rem(widened)=0.000000 -> cannot exceed 0.
[5406.273s] PRUNE: margin=-8.000000, optimistic_rem(widened)=0.000000 -> cannot exceed 0.
[5415.240s] PRUNE: margin=-8.000000, optimistic_rem(widened)=0.000000 -> cannot exceed 0.
[5424.210s] PRUNE: margin=-8.000000, optimistic_rem(widened)=0.000000 -> cannot exceed 0.
[5442.146s] PRUNE: margin=-8.000000, optimistic_rem(widened)=0.000000 -> cannot exceed 0.
[5451.118s] PRUNE: margin=-8.000000, optimistic_rem(widened)=0.000000 -> cannot exceed 0.
[5460.088s] PRUNE: margin=-8.000000, optimistic_rem(widened)=0.000000 -> cannot exceed 0.
[5469.058s] PRUNE: margin=-8.000000, optimistic_rem(widened)=0.000000 -> cannot exceed 0.
[5478.030s] PRUNE: margin=-8.000000, optimistic_rem(widened)=0.000000 -> cannot exceed 0.
[5487.002s] PRUNE: margin=-8.000000, optimistic_rem(widened)=0.000000 -> cannot exceed 0.
[5495.974s] PRUNE: margin=-8.000000, optimistic_rem(widened)=0.000000 -> cannot exceed 0.
[5504.949s] PRUNE: margin=-8.000000, optimistic_rem(widened)=0.000000 -> cannot exceed 0.
[5518.403s] PRUNE: margin=-8.000000, optimistic_rem(widened)=0.000000 -> cannot exceed 0.
[5527.370s] PRUNE: margin=-8.000000, optimistic_rem(widened)=0.000000 -> cannot exceed 0.
[5536.339s] PRUNE: margin=-8.000000, optimistic_rem(widened)=0.000000 -> cannot exceed 0.
[5545.306s] PRUNE: margin=-8.000000, optimistic_rem(widened)=0.000000 -> cannot exceed 0.
[5558.761s] PRUNE: margin=-8.000000, optimistic_rem(widened)=0.000000 -> cannot exceed 0.
[5567.731s] PRUNE: margin=-8.000000, optimistic_rem(widened)=0.000000 -> cannot exceed 0.
[5576.702s] PRUNE: margin=-8.000000, optimistic_rem(widened)=0.000000 -> cannot exceed 0.
[5590.158s] PRUNE: margin=-8.000000, optimistic_rem(widened)=0.000000 -> cannot exceed 0.
[5603.611s] PRUNE: margin=-8.000000, optimistic_rem(widened)=0.000000 -> cannot exceed 0.
[5617.067s] PRUNE: margin=-8.000000, optimistic_rem(widened)=0.000000 -> cannot exceed 0.
[5635.004s] PRUNE: margin=-8.000000, optimistic_rem(widened)=0.000000 -> cannot exceed 0.
[5648.458s] PRUNE: margin=-8.000000, optimistic_rem(widened)=0.000000 -> cannot exceed 0.
[5657.429s] PRUNE: margin=-8.000000, optimistic_rem(widened)=0.000000 -> cannot exceed 0.
[5666.398s] PRUNE: margin=-8.000000, optimistic_rem(widened)=0.000000 -> cannot exceed 0.
[5675.373s] PRUNE: margin=-8.000000, optimistic_rem(widened)=0.000000 -> cannot exceed 0.
[5684.344s] PRUNE: margin=-8.000000, optimistic_rem(widened)=0.000000 -> cannot exceed 0.
[5693.313s] PRUNE: margin=-8.000000, optimistic_rem(widened)=0.000000 -> cannot exceed 0.
[5702.286s] PRUNE: margin=-8.000000, optimistic_rem(widened)=0.000000 -> cannot exceed 0.
[5711.256s] PRUNE: margin=-8.000000, optimistic_rem(widened)=0.000000 -> cannot exceed 0.
[5724.709s] PRUNE: margin=-8.000000, optimistic_rem(widened)=0.000000 -> cannot exceed 0.
[5733.676s] PRUNE: margin=-8.000000, optimistic_rem(widened)=0.000000 -> cannot exceed 0.
[5742.644s] PRUNE: margin=-8.000000, optimistic_rem(widened)=0.000000 -> cannot exceed 0.
[5751.612s] PRUNE: margin=-8.000000, optimistic_rem(widened)=0.000000 -> cannot exceed 0.
[5765.061s] PRUNE: margin=-8.000000, optimistic_rem(widened)=0.000000 -> cannot exceed 0.
[5774.030s] PRUNE: margin=-8.000000, optimistic_rem(widened)=0.000000 -> cannot exceed 0.
[5783.001s] PRUNE: margin=-8.000000, optimistic_rem(widened)=0.000000 -> cannot exceed 0.
[5796.457s] PRUNE: margin=-8.000000, optimistic_rem(widened)=0.000000 -> cannot exceed 0.
[5809.913s] PRUNE: margin=-8.000000, optimistic_rem(widened)=0.000000 -> cannot exceed 0.
[5823.363s] PRUNE: margin=-8.000000, optimistic_rem(widened)=0.000000 -> cannot exceed 0.
[5836.817s] PRUNE: margin=-8.000000, optimistic_rem(widened)=0.000000 -> cannot exceed 0.
[5845.783s] PRUNE: margin=-8.000000, optimistic_rem(widened)=0.000000 -> cannot exceed 0.
[5854.749s] PRUNE: margin=-8.000000, optimistic_rem(widened)=0.000000 -> cannot exceed 0.
[5863.716s] PRUNE: margin=-8.000000, optimistic_rem(widened)=0.000000 -> cannot exceed 0.
[5872.683s] PRUNE: margin=-8.000000, optimistic_rem(widened)=0.000000 -> cannot exceed 0.
[5881.648s] PRUNE: margin=-8.000000, optimistic_rem(widened)=0.000000 -> cannot exceed 0.
[5893.115s] PRUNE: margin=-8.000000, optimistic_rem(widened)=0.000000 -> cannot exceed 0.
[5902.083s] PRUNE: margin=-8.000000, optimistic_rem(widened)=0.000000 -> cannot exceed 0.
[5911.051s] PRUNE: margin=-8.000000, optimistic_rem(widened)=0.000000 -> cannot exceed 0.
[5924.501s] PRUNE: margin=-8.000000, optimistic_rem(widened)=0.000000 -> cannot exceed 0.
[5937.951s] PRUNE: margin=-8.000000, optimistic_rem(widened)=0.000000 -> cannot exceed 0.
[5951.407s] PRUNE: margin=-8.000000, optimistic_rem(widened)=0.000000 -> cannot exceed 0.
[5978.301s] PRUNE: margin=-8.000000, optimistic_rem(widened)=0.000000 -> cannot exceed 0.
[5987.266s] PRUNE: margin=-8.000000, optimistic_rem(widened)=0.000000 -> cannot exceed 0.
[6041.074s] PRUNE: margin=-8.000000, optimistic_rem(widened)=0.000000 -> cannot exceed 0.
[6050.040s] PRUNE: margin=-8.000000, optimistic_rem(widened)=0.000000 -> cannot exceed 0.
[6059.012s] PRUNE: margin=-8.000000, optimistic_rem(widened)=0.000000 -> cannot exceed 0.
[6067.981s] PRUNE: margin=-8.000000, optimistic_rem(widened)=0.000000 -> cannot exceed 0.
[6076.947s] PRUNE: margin=-8.000000, optimistic_rem(widened)=0.000000 -> cannot exceed 0.
[6085.913s] PRUNE: margin=-8.000000, optimistic_rem(widened)=0.000000 -> cannot exceed 0.
[6094.879s] PRUNE: margin=-8.000000, optimistic_rem(widened)=0.000000 -> cannot exceed 0.
[6103.847s] PRUNE: margin=-8.000000, optimistic_rem(widened)=0.000000 -> cannot exceed 0.
[6121.782s] PRUNE: margin=-8.000000, optimistic_rem(widened)=0.000000 -> cannot exceed 0.
[6175.590s] PRUNE: margin=-8.000000, optimistic_rem(widened)=0.000000 -> cannot exceed 0.
[6184.558s] PRUNE: margin=-8.000000, optimistic_rem(widened)=0.000000 -> cannot exceed 0.
[6193.529s] PRUNE: margin=-8.000000, optimistic_rem(widened)=0.000000 -> cannot exceed 0.
[6202.497s] PRUNE: margin=-8.000000, optimistic_rem(widened)=0.000000 -> cannot exceed 0.
[6211.467s] PRUNE: margin=-8.000000, optimistic_rem(widened)=0.000000 -> cannot exceed 0.
[6220.437s] PRUNE: margin=-8.000000, optimistic_rem(widened)=0.000000 -> cannot exceed 0.
[6229.408s] PRUNE: margin=-8.000000, optimistic_rem(widened)=0.000000 -> cannot exceed 0.
[6238.382s] PRUNE: margin=-8.000000, optimistic_rem(widened)=0.000000 -> cannot exceed 0.
[6251.837s] PRUNE: margin=-8.000000, optimistic_rem(widened)=0.000000 -> cannot exceed 0.
[6260.809s] PRUNE: margin=-8.000000, optimistic_rem(widened)=0.000000 -> cannot exceed 0.
[6269.782s] PRUNE: margin=-8.000000, optimistic_rem(widened)=0.000000 -> cannot exceed 0.
[6278.751s] PRUNE: margin=-8.000000, optimistic_rem(widened)=0.000000 -> cannot exceed 0.
[6287.724s] PRUNE: margin=-8.000000, optimistic_rem(widened)=0.000000 -> cannot exceed 0.
[6296.692s] PRUNE: margin=-8.000000, optimistic_rem(widened)=0.000000 -> cannot exceed 0.
[6310.145s] PRUNE: margin=-8.000000, optimistic_rem(widened)=0.000000 -> cannot exceed 0.
[6319.115s] PRUNE: margin=-8.000000, optimistic_rem(widened)=0.000000 -> cannot exceed 0.
[6328.088s] PRUNE: margin=-8.000000, optimistic_rem(widened)=0.000000 -> cannot exceed 0.
[6341.547s] PRUNE: margin=-8.000000, optimistic_rem(widened)=0.000000 -> cannot exceed 0.
[6355.005s] PRUNE: margin=-8.000000, optimistic_rem(widened)=0.000000 -> cannot exceed 0.
[6368.462s] PRUNE: margin=-8.000000, optimistic_rem(widened)=0.000000 -> cannot exceed 0.
[6390.886s] PRUNE: margin=-8.000000, optimistic_rem(widened)=0.000000 -> cannot exceed 0.
[6444.713s] PRUNE: margin=-8.000000, optimistic_rem(widened)=0.000000 -> cannot exceed 0.
[6453.683s] PRUNE: margin=-8.000000, optimistic_rem(widened)=0.000000 -> cannot exceed 0.
[6462.654s] PRUNE: margin=-8.000000, optimistic_rem(widened)=0.000000 -> cannot exceed 0.
[6471.626s] PRUNE: margin=-8.000000, optimistic_rem(widened)=0.000000 -> cannot exceed 0.
[6480.599s] PRUNE: margin=-8.000000, optimistic_rem(widened)=0.000000 -> cannot exceed 0.
[6489.570s] PRUNE: margin=-8.000000, optimistic_rem(widened)=0.000000 -> cannot exceed 0.
[6498.532s] PRUNE: margin=-8.000000, optimistic_rem(widened)=0.000000 -> cannot exceed 0.
[6507.494s] PRUNE: margin=-8.000000, optimistic_rem(widened)=0.000000 -> cannot exceed 0.
[6520.935s] PRUNE: margin=-8.000000, optimistic_rem(widened)=0.000000 -> cannot exceed 0.
[6529.897s] PRUNE: margin=-8.000000, optimistic_rem(widened)=0.000000 -> cannot exceed 0.
[6538.864s] PRUNE: margin=-8.000000, optimistic_rem(widened)=0.000000 -> cannot exceed 0.
[6547.826s] PRUNE: margin=-8.000000, optimistic_rem(widened)=0.000000 -> cannot exceed 0.
[6556.788s] PRUNE: margin=-8.000000, optimistic_rem(widened)=0.000000 -> cannot exceed 0.
[6565.747s] PRUNE: margin=-8.000000, optimistic_rem(widened)=0.000000 -> cannot exceed 0.
[6579.187s] PRUNE: margin=-8.000000, optimistic_rem(widened)=0.000000 -> cannot exceed 0.
[6588.148s] PRUNE: margin=-8.000000, optimistic_rem(widened)=0.000000 -> cannot exceed 0.
[6597.110s] PRUNE: margin=-8.000000, optimistic_rem(widened)=0.000000 -> cannot exceed 0.
[6610.551s] PRUNE: margin=-8.000000, optimistic_rem(widened)=0.000000 -> cannot exceed 0.
[6623.995s] PRUNE: margin=-8.000000, optimistic_rem(widened)=0.000000 -> cannot exceed 0.
[6637.436s] PRUNE: margin=-8.000000, optimistic_rem(widened)=0.000000 -> cannot exceed 0.
[6655.356s] PRUNE: margin=-8.000000, optimistic_rem(widened)=0.000000 -> cannot exceed 0.
[6668.805s] PRUNE: margin=-8.000000, optimistic_rem(widened)=0.000000 -> cannot exceed 0.
[6677.768s] PRUNE: margin=-8.000000, optimistic_rem(widened)=0.000000 -> cannot exceed 0.
[6686.737s] PRUNE: margin=-8.000000, optimistic_rem(widened)=0.000000 -> cannot exceed 0.
[6695.702s] PRUNE: margin=-8.000000, optimistic_rem(widened)=0.000000 -> cannot exceed 0.
[6704.666s] PRUNE: margin=-8.000000, optimistic_rem(widened)=0.000000 -> cannot exceed 0.
[6713.630s] PRUNE: margin=-8.000000, optimistic_rem(widened)=0.000000 -> cannot exceed 0.
[6722.594s] PRUNE: margin=-8.000000, optimistic_rem(widened)=0.000000 -> cannot exceed 0.
[6731.557s] PRUNE: margin=-8.000000, optimistic_rem(widened)=0.000000 -> cannot exceed 0.
[6745.003s] PRUNE: margin=-8.000000, optimistic_rem(widened)=0.000000 -> cannot exceed 0.
[6753.963s] PRUNE: margin=-8.000000, optimistic_rem(widened)=0.000000 -> cannot exceed 0.
[6762.922s] PRUNE: margin=-8.000000, optimistic_rem(widened)=0.000000 -> cannot exceed 0.
[6771.886s] PRUNE: margin=-8.000000, optimistic_rem(widened)=0.000000 -> cannot exceed 0.
[6785.326s] PRUNE: margin=-8.000000, optimistic_rem(widened)=0.000000 -> cannot exceed 0.
[6794.294s] PRUNE: margin=-8.000000, optimistic_rem(widened)=0.000000 -> cannot exceed 0.
[6803.257s] PRUNE: margin=-8.000000, optimistic_rem(widened)=0.000000 -> cannot exceed 0.
[6816.704s] PRUNE: margin=-8.000000, optimistic_rem(widened)=0.000000 -> cannot exceed 0.
[6830.140s] PRUNE: margin=-8.000000, optimistic_rem(widened)=0.000000 -> cannot exceed 0.
[6843.574s] PRUNE: margin=-8.000000, optimistic_rem(widened)=0.000000 -> cannot exceed 0.
[6857.002s] PRUNE: margin=-8.000000, optimistic_rem(widened)=0.000000 -> cannot exceed 0.
[6865.956s] PRUNE: margin=-8.000000, optimistic_rem(widened)=0.000000 -> cannot exceed 0.
[6874.909s] PRUNE: margin=-8.000000, optimistic_rem(widened)=0.000000 -> cannot exceed 0.
[6883.862s] PRUNE: margin=-8.000000, optimistic_rem(widened)=0.000000 -> cannot exceed 0.
[6892.816s] PRUNE: margin=-8.000000, optimistic_rem(widened)=0.000000 -> cannot exceed 0.
[6901.770s] PRUNE: margin=-8.000000, optimistic_rem(widened)=0.000000 -> cannot exceed 0.
[6915.203s] PRUNE: margin=-8.000000, optimistic_rem(widened)=0.000000 -> cannot exceed 0.
[6924.157s] PRUNE: margin=-8.000000, optimistic_rem(widened)=0.000000 -> cannot exceed 0.
[6933.108s] PRUNE: margin=-8.000000, optimistic_rem(widened)=0.000000 -> cannot exceed 0.
[6946.537s] PRUNE: margin=-8.000000, optimistic_rem(widened)=0.000000 -> cannot exceed 0.
[6959.969s] PRUNE: margin=-8.000000, optimistic_rem(widened)=0.000000 -> cannot exceed 0.
[6973.399s] PRUNE: margin=-8.000000, optimistic_rem(widened)=0.000000 -> cannot exceed 0.
[7000.255s] PRUNE: margin=-8.000000, optimistic_rem(widened)=0.000000 -> cannot exceed 0.
[7053.971s] PRUNE: margin=-8.000000, optimistic_rem(widened)=0.000000 -> cannot exceed 0.
[7062.924s] PRUNE: margin=-8.000000, optimistic_rem(widened)=0.000000 -> cannot exceed 0.
[7071.878s] PRUNE: margin=-8.000000, optimistic_rem(widened)=0.000000 -> cannot exceed 0.
[7080.832s] PRUNE: margin=-8.000000, optimistic_rem(widened)=0.000000 -> cannot exceed 0.
[7089.786s] PRUNE: margin=-8.000000, optimistic_rem(widened)=0.000000 -> cannot exceed 0.
[7098.739s] PRUNE: margin=-8.000000, optimistic_rem(widened)=0.000000 -> cannot exceed 0.
[7107.692s] PRUNE: margin=-8.000000, optimistic_rem(widened)=0.000000 -> cannot exceed 0.
[7116.645s] PRUNE: margin=-8.000000, optimistic_rem(widened)=0.000000 -> cannot exceed 0.
[7130.073s] PRUNE: margin=-8.000000, optimistic_rem(widened)=0.000000 -> cannot exceed 0.
[7139.025s] PRUNE: margin=-8.000000, optimistic_rem(widened)=0.000000 -> cannot exceed 0.
[7147.977s] PRUNE: margin=-8.000000, optimistic_rem(widened)=0.000000 -> cannot exceed 0.
[7156.933s] PRUNE: margin=-8.000000, optimistic_rem(widened)=0.000000 -> cannot exceed 0.
[7165.885s] PRUNE: margin=-8.000000, optimistic_rem(widened)=0.000000 -> cannot exceed 0.
[7174.839s] PRUNE: margin=-8.000000, optimistic_rem(widened)=0.000000 -> cannot exceed 0.
[7188.270s] PRUNE: margin=-8.000000, optimistic_rem(widened)=0.000000 -> cannot exceed 0.
[7197.225s] PRUNE: margin=-8.000000, optimistic_rem(widened)=0.000000 -> cannot exceed 0.
[7206.182s] PRUNE: margin=-8.000000, optimistic_rem(widened)=0.000000 -> cannot exceed 0.
[7219.611s] PRUNE: margin=-8.000000, optimistic_rem(widened)=0.000000 -> cannot exceed 0.
[7233.044s] PRUNE: margin=-8.000000, optimistic_rem(widened)=0.000000 -> cannot exceed 0.
[7246.475s] PRUNE: margin=-8.000000, optimistic_rem(widened)=0.000000 -> cannot exceed 0.
[7264.379s] PRUNE: margin=-8.000000, optimistic_rem(widened)=0.000000 -> cannot exceed 0.
[7277.813s] PRUNE: margin=-8.000000, optimistic_rem(widened)=0.000000 -> cannot exceed 0.
[7286.766s] PRUNE: margin=-8.000000, optimistic_rem(widened)=0.000000 -> cannot exceed 0.
[7295.719s] PRUNE: margin=-8.000000, optimistic_rem(widened)=0.000000 -> cannot exceed 0.
[7304.673s] PRUNE: margin=-8.000000, optimistic_rem(widened)=0.000000 -> cannot exceed 0.
[7313.626s] PRUNE: margin=-8.000000, optimistic_rem(widened)=0.000000 -> cannot exceed 0.
[7322.580s] PRUNE: margin=-8.000000, optimistic_rem(widened)=0.000000 -> cannot exceed 0.
[7331.536s] PRUNE: margin=-8.000000, optimistic_rem(widened)=0.000000 -> cannot exceed 0.
[7340.489s] PRUNE: margin=-8.000000, optimistic_rem(widened)=0.000000 -> cannot exceed 0.
[7353.919s] PRUNE: margin=-8.000000, optimistic_rem(widened)=0.000000 -> cannot exceed 0.
[7362.871s] PRUNE: margin=-8.000000, optimistic_rem(widened)=0.000000 -> cannot exceed 0.
[7371.823s] PRUNE: margin=-8.000000, optimistic_rem(widened)=0.000000 -> cannot exceed 0.
[7380.778s] PRUNE: margin=-8.000000, optimistic_rem(widened)=0.000000 -> cannot exceed 0.
[7389.729s] PRUNE: margin=-8.000000, optimistic_rem(widened)=0.000000 -> cannot exceed 0.
[7398.680s] PRUNE: margin=-8.000000, optimistic_rem(widened)=0.000000 -> cannot exceed 0.
[7412.109s] PRUNE: margin=-8.000000, optimistic_rem(widened)=0.000000 -> cannot exceed 0.
[7425.539s] PRUNE: margin=-8.000000, optimistic_rem(widened)=0.000000 -> cannot exceed 0.
[7438.966s] PRUNE: margin=-8.000000, optimistic_rem(widened)=0.000000 -> cannot exceed 0.
[7447.919s] PRUNE: margin=-8.000000, optimistic_rem(widened)=0.000000 -> cannot exceed 0.
[7456.869s] PRUNE: margin=-8.000000, optimistic_rem(widened)=0.000000 -> cannot exceed 0.
[7465.824s] PRUNE: margin=-8.000000, optimistic_rem(widened)=0.000000 -> cannot exceed 0.
[7474.777s] PRUNE: margin=-8.000000, optimistic_rem(widened)=0.000000 -> cannot exceed 0.
[7483.732s] PRUNE: margin=-8.000000, optimistic_rem(widened)=0.000000 -> cannot exceed 0.
[7497.162s] PRUNE: margin=-8.000000, optimistic_rem(widened)=0.000000 -> cannot exceed 0.
[7506.117s] PRUNE: margin=-8.000000, optimistic_rem(widened)=0.000000 -> cannot exceed 0.
[7515.068s] PRUNE: margin=-8.000000, optimistic_rem(widened)=0.000000 -> cannot exceed 0.
[7528.497s] PRUNE: margin=-8.000000, optimistic_rem(widened)=0.000000 -> cannot exceed 0.
[7541.927s] PRUNE: margin=-8.000000, optimistic_rem(widened)=0.000000 -> cannot exceed 0.
[7555.356s] PRUNE: margin=-8.000000, optimistic_rem(widened)=0.000000 -> cannot exceed 0.
[7577.730s] PRUNE: margin=-8.000000, optimistic_rem(widened)=0.000000 -> cannot exceed 0.
[7591.163s] PRUNE: margin=-8.000000, optimistic_rem(widened)=0.000000 -> cannot exceed 0.
[7600.116s] PRUNE: margin=-8.000000, optimistic_rem(widened)=0.000000 -> cannot exceed 0.
[7609.069s] PRUNE: margin=-8.000000, optimistic_rem(widened)=0.000000 -> cannot exceed 0.
[7618.025s] PRUNE: margin=-8.000000, optimistic_rem(widened)=0.000000 -> cannot exceed 0.
[7626.982s] PRUNE: margin=-8.000000, optimistic_rem(widened)=0.000000 -> cannot exceed 0.
[7635.938s] PRUNE: margin=-8.000000, optimistic_rem(widened)=0.000000 -> cannot exceed 0.
[7644.894s] PRUNE: margin=-8.000000, optimistic_rem(widened)=0.000000 -> cannot exceed 0.
[7653.849s] PRUNE: margin=-8.000000, optimistic_rem(widened)=0.000000 -> cannot exceed 0.
[7667.277s] PRUNE: margin=-8.000000, optimistic_rem(widened)=0.000000 -> cannot exceed 0.
[7676.229s] PRUNE: margin=-8.000000, optimistic_rem(widened)=0.000000 -> cannot exceed 0.
[7685.183s] PRUNE: margin=-8.000000, optimistic_rem(widened)=0.000000 -> cannot exceed 0.
[7694.137s] PRUNE: margin=-8.000000, optimistic_rem(widened)=0.000000 -> cannot exceed 0.
[7703.091s] PRUNE: margin=-8.000000, optimistic_rem(widened)=0.000000 -> cannot exceed 0.
[7712.044s] PRUNE: margin=-8.000000, optimistic_rem(widened)=0.000000 -> cannot exceed 0.
[7725.473s] PRUNE: margin=-8.000000, optimistic_rem(widened)=0.000000 -> cannot exceed 0.
[7738.899s] PRUNE: margin=-8.000000, optimistic_rem(widened)=0.000000 -> cannot exceed 0.
[7756.805s] PRUNE: margin=-8.000000, optimistic_rem(widened)=0.000000 -> cannot exceed 0.
[7770.236s] PRUNE: margin=-8.000000, optimistic_rem(widened)=0.000000 -> cannot exceed 0.
[7779.190s] PRUNE: margin=-8.000000, optimistic_rem(widened)=0.000000 -> cannot exceed 0.
[7788.142s] PRUNE: margin=-8.000000, optimistic_rem(widened)=0.000000 -> cannot exceed 0.
[7797.097s] PRUNE: margin=-8.000000, optimistic_rem(widened)=0.000000 -> cannot exceed 0.
[7806.051s] PRUNE: margin=-8.000000, optimistic_rem(widened)=0.000000 -> cannot exceed 0.
[7815.007s] PRUNE: margin=-8.000000, optimistic_rem(widened)=0.000000 -> cannot exceed 0.
[7823.961s] PRUNE: margin=-8.000000, optimistic_rem(widened)=0.000000 -> cannot exceed 0.
[7841.867s] PRUNE: margin=-8.000000, optimistic_rem(widened)=0.000000 -> cannot exceed 0.
[7850.822s] PRUNE: margin=-8.000000, optimistic_rem(widened)=0.000000 -> cannot exceed 0.
[7859.776s] PRUNE: margin=-8.000000, optimistic_rem(widened)=0.000000 -> cannot exceed 0.
[7868.729s] PRUNE: margin=-8.000000, optimistic_rem(widened)=0.000000 -> cannot exceed 0.
[7877.682s] PRUNE: margin=-8.000000, optimistic_rem(widened)=0.000000 -> cannot exceed 0.
[7886.636s] PRUNE: margin=-8.000000, optimistic_rem(widened)=0.000000 -> cannot exceed 0.
[7904.540s] PRUNE: margin=-8.000000, optimistic_rem(widened)=0.000000 -> cannot exceed 0.
[7913.496s] PRUNE: margin=-8.000000, optimistic_rem(widened)=0.000000 -> cannot exceed 0.
[7922.450s] PRUNE: margin=-8.000000, optimistic_rem(widened)=0.000000 -> cannot exceed 0.
[7931.402s] PRUNE: margin=-8.000000, optimistic_rem(widened)=0.000000 -> cannot exceed 0.
[7940.357s] PRUNE: margin=-8.000000, optimistic_rem(widened)=0.000000 -> cannot exceed 0.
[7958.266s] PRUNE: margin=-8.000000, optimistic_rem(widened)=0.000000 -> cannot exceed 0.
[7967.220s] PRUNE: margin=-8.000000, optimistic_rem(widened)=0.000000 -> cannot exceed 0.
[7976.174s] PRUNE: margin=-8.000000, optimistic_rem(widened)=0.000000 -> cannot exceed 0.
[7985.130s] PRUNE: margin=-8.000000, optimistic_rem(widened)=0.000000 -> cannot exceed 0.
[7998.560s] PRUNE: margin=-8.000000, optimistic_rem(widened)=0.000000 -> cannot exceed 0.
[8011.991s] PRUNE: margin=-8.000000, optimistic_rem(widened)=0.000000 -> cannot exceed 0.
[8020.946s] PRUNE: margin=-8.000000, optimistic_rem(widened)=0.000000 -> cannot exceed 0.
[8034.375s] PRUNE: margin=-8.000000, optimistic_rem(widened)=0.000000 -> cannot exceed 0.
[8043.329s] PRUNE: margin=-8.000000, optimistic_rem(widened)=0.000000 -> cannot exceed 0.
[8065.710s] PRUNE: margin=-8.000000, optimistic_rem(widened)=0.000000 -> cannot exceed 0.
[8074.665s] PRUNE: margin=-8.000000, optimistic_rem(widened)=0.000000 -> cannot exceed 0.
[8083.617s] PRUNE: margin=-8.000000, optimistic_rem(widened)=0.000000 -> cannot exceed 0.
[8092.569s] PRUNE: margin=-8.000000, optimistic_rem(widened)=0.000000 -> cannot exceed 0.
[8101.522s] PRUNE: margin=-8.000000, optimistic_rem(widened)=0.000000 -> cannot exceed 0.
[8110.478s] PRUNE: margin=-8.000000, optimistic_rem(widened)=0.000000 -> cannot exceed 0.
[8119.433s] PRUNE: margin=-8.000000, optimistic_rem(widened)=0.000000 -> cannot exceed 0.
[8137.342s] PRUNE: margin=-8.000000, optimistic_rem(widened)=0.000000 -> cannot exceed 0.
[8146.294s] PRUNE: margin=-8.000000, optimistic_rem(widened)=0.000000 -> cannot exceed 0.
[8155.248s] PRUNE: margin=-8.000000, optimistic_rem(widened)=0.000000 -> cannot exceed 0.
[8164.202s] PRUNE: margin=-8.000000, optimistic_rem(widened)=0.000000 -> cannot exceed 0.
[8173.155s] PRUNE: margin=-8.000000, optimistic_rem(widened)=0.000000 -> cannot exceed 0.
[8182.111s] PRUNE: margin=-8.000000, optimistic_rem(widened)=0.000000 -> cannot exceed 0.
[8200.021s] PRUNE: margin=-8.000000, optimistic_rem(widened)=0.000000 -> cannot exceed 0.
[8208.978s] PRUNE: margin=-8.000000, optimistic_rem(widened)=0.000000 -> cannot exceed 0.
[8217.934s] PRUNE: margin=-8.000000, optimistic_rem(widened)=0.000000 -> cannot exceed 0.
[8226.887s] PRUNE: margin=-8.000000, optimistic_rem(widened)=0.000000 -> cannot exceed 0.
[8235.842s] PRUNE: margin=-8.000000, optimistic_rem(widened)=0.000000 -> cannot exceed 0.
[8253.748s] PRUNE: margin=-8.000000, optimistic_rem(widened)=0.000000 -> cannot exceed 0.
[8262.701s] PRUNE: margin=-8.000000, optimistic_rem(widened)=0.000000 -> cannot exceed 0.
[8271.656s] PRUNE: margin=-8.000000, optimistic_rem(widened)=0.000000 -> cannot exceed 0.
[8280.613s] PRUNE: margin=-8.000000, optimistic_rem(widened)=0.000000 -> cannot exceed 0.
[8294.042s] PRUNE: margin=-8.000000, optimistic_rem(widened)=0.000000 -> cannot exceed 0.
[8307.470s] PRUNE: margin=-8.000000, optimistic_rem(widened)=0.000000 -> cannot exceed 0.
[8316.425s] PRUNE: margin=-8.000000, optimistic_rem(widened)=0.000000 -> cannot exceed 0.
[8334.331s] PRUNE: margin=-8.000000, optimistic_rem(widened)=0.000000 -> cannot exceed 0.
[8347.762s] PRUNE: margin=-8.000000, optimistic_rem(widened)=0.000000 -> cannot exceed 0.
[8361.193s] PRUNE: margin=-8.000000, optimistic_rem(widened)=0.000000 -> cannot exceed 0.
[8370.143s] PRUNE: margin=-8.000000, optimistic_rem(widened)=0.000000 -> cannot exceed 0.
[8379.092s] PRUNE: margin=-8.000000, optimistic_rem(widened)=0.000000 -> cannot exceed 0.
[8388.043s] PRUNE: margin=-8.000000, optimistic_rem(widened)=0.000000 -> cannot exceed 0.
[8401.476s] PRUNE: margin=-8.000000, optimistic_rem(widened)=0.000000 -> cannot exceed 0.
[8410.431s] PRUNE: margin=-8.000000, optimistic_rem(widened)=0.000000 -> cannot exceed 0.
[8419.384s] PRUNE: margin=-8.000000, optimistic_rem(widened)=0.000000 -> cannot exceed 0.
[8432.813s] PRUNE: margin=-8.000000, optimistic_rem(widened)=0.000000 -> cannot exceed 0.
[8446.242s] PRUNE: margin=-8.000000, optimistic_rem(widened)=0.000000 -> cannot exceed 0.
[8459.673s] PRUNE: margin=-8.000000, optimistic_rem(widened)=0.000000 -> cannot exceed 0.
[8477.572s] PRUNE: margin=-8.000000, optimistic_rem(widened)=0.000000 -> cannot exceed 0.
[8491.001s] PRUNE: margin=-8.000000, optimistic_rem(widened)=0.000000 -> cannot exceed 0.
[8499.955s] PRUNE: margin=-8.000000, optimistic_rem(widened)=0.000000 -> cannot exceed 0.
[8508.908s] PRUNE: margin=-8.000000, optimistic_rem(widened)=0.000000 -> cannot exceed 0.
[8517.861s] PRUNE: margin=-8.000000, optimistic_rem(widened)=0.000000 -> cannot exceed 0.
[8526.814s] PRUNE: margin=-8.000000, optimistic_rem(widened)=0.000000 -> cannot exceed 0.
[8540.241s] PRUNE: margin=-8.000000, optimistic_rem(widened)=0.000000 -> cannot exceed 0.
[8549.194s] PRUNE: margin=-8.000000, optimistic_rem(widened)=0.000000 -> cannot exceed 0.
[8567.102s] PRUNE: margin=-8.000000, optimistic_rem(widened)=0.000000 -> cannot exceed 0.
[8580.531s] PRUNE: margin=-8.000000, optimistic_rem(widened)=0.000000 -> cannot exceed 0.
[8593.959s] PRUNE: margin=-8.000000, optimistic_rem(widened)=0.000000 -> cannot exceed 0.
[8602.913s] PRUNE: margin=-8.000000, optimistic_rem(widened)=0.000000 -> cannot exceed 0.
[8611.869s] PRUNE: margin=-8.000000, optimistic_rem(widened)=0.000000 -> cannot exceed 0.
[8620.822s] PRUNE: margin=-8.000000, optimistic_rem(widened)=0.000000 -> cannot exceed 0.
[8634.251s] PRUNE: margin=-8.000000, optimistic_rem(widened)=0.000000 -> cannot exceed 0.
[8643.205s] PRUNE: margin=-8.000000, optimistic_rem(widened)=0.000000 -> cannot exceed 0.
[8652.157s] PRUNE: margin=-8.000000, optimistic_rem(widened)=0.000000 -> cannot exceed 0.
[8665.589s] PRUNE: margin=-8.000000, optimistic_rem(widened)=0.000000 -> cannot exceed 0.
[8679.017s] PRUNE: margin=-8.000000, optimistic_rem(widened)=0.000000 -> cannot exceed 0.
[8692.446s] PRUNE: margin=-8.000000, optimistic_rem(widened)=0.000000 -> cannot exceed 0.
[8705.872s] PRUNE: margin=-8.000000, optimistic_rem(widened)=0.000000 -> cannot exceed 0.
[8714.821s] PRUNE: margin=-8.000000, optimistic_rem(widened)=0.000000 -> cannot exceed 0.
[8737.195s] PRUNE: margin=-8.000000, optimistic_rem(widened)=0.000000 -> cannot exceed 0.
[8746.145s] PRUNE: margin=-8.000000, optimistic_rem(widened)=0.000000 -> cannot exceed 0.
[8786.425s] PRUNE: margin=-8.000000, optimistic_rem(widened)=0.000000 -> cannot exceed 0.
[8799.851s] PRUNE: margin=-8.000000, optimistic_rem(widened)=0.000000 -> cannot exceed 0.
[8813.275s] PRUNE: margin=-8.000000, optimistic_rem(widened)=0.000000 -> cannot exceed 0.
[8833.266s] PRUNE: margin=-8.000000, optimistic_rem(widened)=0.000000 -> cannot exceed 0.
[8854.658s] PRUNE: margin=-8.000000, optimistic_rem(widened)=0.000000 -> cannot exceed 0.
[8872.567s] PRUNE: margin=-8.000000, optimistic_rem(widened)=0.000000 -> cannot exceed 0.
[8883.880s] PRUNE: margin=-8.000000, optimistic_rem(widened)=0.000000 -> cannot exceed 0.
[8901.787s] PRUNE: margin=-8.000000, optimistic_rem(widened)=0.000000 -> cannot exceed 0.
[8915.222s] PRUNE: margin=-8.000000, optimistic_rem(widened)=0.000000 -> cannot exceed 0.
[8937.606s] PRUNE: margin=-8.000000, optimistic_rem(widened)=0.000000 -> cannot exceed 0.
[8968.946s] PRUNE: margin=-8.000000, optimistic_rem(widened)=0.000000 -> cannot exceed 0.
[8986.853s] PRUNE: margin=-8.000000, optimistic_rem(widened)=0.000000 -> cannot exceed 0.
[9000.283s] PRUNE: margin=-8.000000, optimistic_rem(widened)=0.000000 -> cannot exceed 0.
[9013.713s] PRUNE: margin=-8.000000, optimistic_rem(widened)=0.000000 -> cannot exceed 0.
[9027.147s] PRUNE: margin=-8.000000, optimistic_rem(widened)=0.000000 -> cannot exceed 0.
[9040.576s] PRUNE: margin=-8.000000, optimistic_rem(widened)=0.000000 -> cannot exceed 0.
[9054.006s] PRUNE: margin=-8.000000, optimistic_rem(widened)=0.000000 -> cannot exceed 0.
[9076.398s] PRUNE: margin=-8.000000, optimistic_rem(widened)=0.000000 -> cannot exceed 0.
[9089.829s] PRUNE: margin=-8.000000, optimistic_rem(widened)=0.000000 -> cannot exceed 0.
[9107.736s] PRUNE: margin=-8.000000, optimistic_rem(widened)=0.000000 -> cannot exceed 0.
[9121.169s] PRUNE: margin=-8.000000, optimistic_rem(widened)=0.000000 -> cannot exceed 0.
[9143.555s] PRUNE: margin=-8.000000, optimistic_rem(widened)=0.000000 -> cannot exceed 0.
[9156.989s] PRUNE: margin=-8.000000, optimistic_rem(widened)=0.000000 -> cannot exceed 0.
[9179.374s] PRUNE: margin=-8.000000, optimistic_rem(widened)=0.000000 -> cannot exceed 0.
[9210.719s] PRUNE: margin=-8.000000, optimistic_rem(widened)=0.000000 -> cannot exceed 0.
[9228.626s] PRUNE: margin=-8.000000, optimistic_rem(widened)=0.000000 -> cannot exceed 0.
[9242.058s] PRUNE: margin=-8.000000, optimistic_rem(widened)=0.000000 -> cannot exceed 0.
[9255.489s] PRUNE: margin=-8.000000, optimistic_rem(widened)=0.000000 -> cannot exceed 0.
[9268.924s] PRUNE: margin=-8.000000, optimistic_rem(widened)=0.000000 -> cannot exceed 0.
[9282.353s] PRUNE: margin=-8.000000, optimistic_rem(widened)=0.000000 -> cannot exceed 0.
[9295.787s] PRUNE: margin=-8.000000, optimistic_rem(widened)=0.000000 -> cannot exceed 0.
[9318.177s] PRUNE: margin=-8.000000, optimistic_rem(widened)=0.000000 -> cannot exceed 0.
[9331.609s] PRUNE: margin=-8.000000, optimistic_rem(widened)=0.000000 -> cannot exceed 0.
[9349.516s] PRUNE: margin=-8.000000, optimistic_rem(widened)=0.000000 -> cannot exceed 0.
[9362.951s] PRUNE: margin=-8.000000, optimistic_rem(widened)=0.000000 -> cannot exceed 0.
[9380.858s] PRUNE: margin=-8.000000, optimistic_rem(widened)=0.000000 -> cannot exceed 0.
[9394.291s] PRUNE: margin=-8.000000, optimistic_rem(widened)=0.000000 -> cannot exceed 0.
[9407.723s] PRUNE: margin=-8.000000, optimistic_rem(widened)=0.000000 -> cannot exceed 0.
[9421.152s] PRUNE: margin=-8.000000, optimistic_rem(widened)=0.000000 -> cannot exceed 0.
[9443.539s] PRUNE: margin=-8.000000, optimistic_rem(widened)=0.000000 -> cannot exceed 0.
[9456.974s] PRUNE: margin=-8.000000, optimistic_rem(widened)=0.000000 -> cannot exceed 0.
[9474.883s] PRUNE: margin=-8.000000, optimistic_rem(widened)=0.000000 -> cannot exceed 0.
[9488.314s] PRUNE: margin=-8.000000, optimistic_rem(widened)=0.000000 -> cannot exceed 0.
[9506.221s] PRUNE: margin=-8.000000, optimistic_rem(widened)=0.000000 -> cannot exceed 0.
[9524.130s] PRUNE: margin=-8.000000, optimistic_rem(widened)=0.000000 -> cannot exceed 0.
[9537.560s] PRUNE: margin=-8.000000, optimistic_rem(widened)=0.000000 -> cannot exceed 0.
[9555.471s] PRUNE: margin=-8.000000, optimistic_rem(widened)=0.000000 -> cannot exceed 0.
[9568.904s] PRUNE: margin=-8.000000, optimistic_rem(widened)=0.000000 -> cannot exceed 0.
[9586.819s] PRUNE: margin=-8.000000, optimistic_rem(widened)=0.000000 -> cannot exceed 0.
[9600.251s] PRUNE: margin=-8.000000, optimistic_rem(widened)=0.000000 -> cannot exceed 0.
[9613.685s] PRUNE: margin=-8.000000, optimistic_rem(widened)=0.000000 -> cannot exceed 0.
[9636.075s] PRUNE: margin=-8.000000, optimistic_rem(widened)=0.000000 -> cannot exceed 0.
[9649.508s] PRUNE: margin=-8.000000, optimistic_rem(widened)=0.000000 -> cannot exceed 0.
[9667.414s] PRUNE: margin=-8.000000, optimistic_rem(widened)=0.000000 -> cannot exceed 0.
[9680.843s] PRUNE: margin=-8.000000, optimistic_rem(widened)=0.000000 -> cannot exceed 0.
[9685.320s] No counterexample within budgets (BaB): no misclassification found.
STATUS: No counterexample | best_upper_margin=56.000000 | elapsed=9685.320s | pixels_changed=0 | total_bit_flips=0 | avg_hamming_per_pixel=0.000000 | patch_rows=0-0 | patch_cols=6-9 | note=no_counterexample_within_budgets
