[  0.000s] init: idx=2962 kmax=2 bmax=4 topx=2 widen=1.000 rank_fast=off
clean logits (hex):  0x88  0x83  0x83  0x83  0x83  0x83  0x84  0x83  0x84  0x84
clean logits (bits): 10001000 10000011 10000011 10000011 10000011 10000011 10000100 10000011 10000100 10000100
clean logits (double): -8.000000 -24.000000 -24.000000 -24.000000 -24.000000 -24.000000 -16.000000 -24.000000 -16.000000 -16.000000
[  0.016s] clean prediction: 0 (true label 0)
[1397.153s] selection: nSym=2 (from 784), topx=2, rank_fast=off
[1397.154s] active patch: rows 8-10, cols 15-18 (derived from symPix)
[1404.210s] Proceeding to BaB (greedy enabled).
[1404.210s] Skipping root bound check (--no-root-bound).
[1404.210s] BaB search starting (K<=2, B<=4, nSym=2, depth_limit=500000000, widen=1.00)...
[1421.655s] PRUNE: margin=-8.000000, optimistic_rem(widened)=8.000000 -> cannot exceed 0.
[1430.398s] PRUNE: margin=-14.000000, optimistic_rem(widened)=6.000000 -> cannot exceed 0.
[1439.118s] PRUNE: margin=-8.000000, optimistic_rem(widened)=8.000000 -> cannot exceed 0.
[1447.839s] PRUNE: margin=-8.000000, optimistic_rem(widened)=8.000000 -> cannot exceed 0.
[1456.558s] PRUNE: margin=-8.000000, optimistic_rem(widened)=8.000000 -> cannot exceed 0.
[1465.283s] PRUNE: margin=-8.000000, optimistic_rem(widened)=2.000000 -> cannot exceed 0.
[1474.007s] PRUNE: margin=-8.000000, optimistic_rem(widened)=8.000000 -> cannot exceed 0.
[1482.731s] PRUNE: margin=-8.000000, optimistic_rem(widened)=8.000000 -> cannot exceed 0.
[1491.450s] PRUNE: margin=-8.000000, optimistic_rem(widened)=8.000000 -> cannot exceed 0.
[1500.169s] PRUNE: margin=-8.000000, optimistic_rem(widened)=8.000000 -> cannot exceed 0.
[1508.890s] PRUNE: margin=-8.000000, optimistic_rem(widened)=8.000000 -> cannot exceed 0.
[1517.607s] PRUNE: margin=-8.000000, optimistic_rem(widened)=8.000000 -> cannot exceed 0.
[1526.327s] PRUNE: margin=-8.000000, optimistic_rem(widened)=2.000000 -> cannot exceed 0.
[1535.043s] PRUNE: margin=-8.000000, optimistic_rem(widened)=8.000000 -> cannot exceed 0.
[1797.154s] PRUNE: margin=-8.000000, optimistic_rem(widened)=0.000000 -> cannot exceed 0.
[1805.885s] PRUNE: margin=-8.000000, optimistic_rem(widened)=0.000000 -> cannot exceed 0.
[1814.610s] PRUNE: margin=-8.000000, optimistic_rem(widened)=0.000000 -> cannot exceed 0.
[1823.339s] PRUNE: margin=-8.000000, optimistic_rem(widened)=0.000000 -> cannot exceed 0.
[1830.330s] PRUNE: margin=-8.000000, optimistic_rem(widened)=0.000000 -> cannot exceed 0.
[1835.925s] PRUNE: margin=-8.000000, optimistic_rem(widened)=0.000000 -> cannot exceed 0.
[1841.323s] PRUNE: margin=-8.000000, optimistic_rem(widened)=0.000000 -> cannot exceed 0.
[1998.009s] PRUNE: margin=-8.000000, optimistic_rem(widened)=0.000000 -> cannot exceed 0.
[2006.736s] PRUNE: margin=-8.000000, optimistic_rem(widened)=0.000000 -> cannot exceed 0.
[2015.464s] PRUNE: margin=-8.000000, optimistic_rem(widened)=0.000000 -> cannot exceed 0.
[2024.190s] PRUNE: margin=-8.000000, optimistic_rem(widened)=0.000000 -> cannot exceed 0.
[2032.916s] PRUNE: margin=-8.000000, optimistic_rem(widened)=0.000000 -> cannot exceed 0.
[2041.644s] PRUNE: margin=-8.000000, optimistic_rem(widened)=0.000000 -> cannot exceed 0.
[2050.372s] PRUNE: margin=-8.000000, optimistic_rem(widened)=0.000000 -> cannot exceed 0.
[2136.139s] PRUNE: margin=-8.000000, optimistic_rem(widened)=2.000000 -> cannot exceed 0.
[2141.459s] PRUNE: margin=-8.000000, optimistic_rem(widened)=0.000000 -> cannot exceed 0.
[2146.796s] PRUNE: margin=-8.000000, optimistic_rem(widened)=0.000000 -> cannot exceed 0.
[2152.141s] PRUNE: margin=-8.000000, optimistic_rem(widened)=0.000000 -> cannot exceed 0.
[2157.505s] PRUNE: margin=-8.000000, optimistic_rem(widened)=0.000000 -> cannot exceed 0.
[2162.991s] PRUNE: margin=-8.000000, optimistic_rem(widened)=0.000000 -> cannot exceed 0.
[2168.358s] PRUNE: margin=-8.000000, optimistic_rem(widened)=0.000000 -> cannot exceed 0.
[2173.689s] PRUNE: margin=-8.000000, optimistic_rem(widened)=0.000000 -> cannot exceed 0.
[2241.984s] PRUNE: margin=-8.000000, optimistic_rem(widened)=0.000000 -> cannot exceed 0.
[2250.717s] PRUNE: margin=-8.000000, optimistic_rem(widened)=0.000000 -> cannot exceed 0.
[2259.455s] PRUNE: margin=-8.000000, optimistic_rem(widened)=0.000000 -> cannot exceed 0.
[2268.194s] PRUNE: margin=-8.000000, optimistic_rem(widened)=0.000000 -> cannot exceed 0.
[2276.930s] PRUNE: margin=-8.000000, optimistic_rem(widened)=0.000000 -> cannot exceed 0.
[2285.658s] PRUNE: margin=-8.000000, optimistic_rem(widened)=0.000000 -> cannot exceed 0.
[2294.389s] PRUNE: margin=-8.000000, optimistic_rem(widened)=0.000000 -> cannot exceed 0.
[2311.847s] PRUNE: margin=-8.000000, optimistic_rem(widened)=0.000000 -> cannot exceed 0.
[2355.523s] PRUNE: margin=-8.000000, optimistic_rem(widened)=0.000000 -> cannot exceed 0.
[2364.252s] PRUNE: margin=-8.000000, optimistic_rem(widened)=0.000000 -> cannot exceed 0.
[2372.982s] PRUNE: margin=-8.000000, optimistic_rem(widened)=0.000000 -> cannot exceed 0.
[2381.712s] PRUNE: margin=-8.000000, optimistic_rem(widened)=0.000000 -> cannot exceed 0.
[2390.444s] PRUNE: margin=-8.000000, optimistic_rem(widened)=0.000000 -> cannot exceed 0.
[2399.173s] PRUNE: margin=-8.000000, optimistic_rem(widened)=0.000000 -> cannot exceed 0.
[2416.626s] PRUNE: margin=-8.000000, optimistic_rem(widened)=0.000000 -> cannot exceed 0.
[2425.354s] PRUNE: margin=-8.000000, optimistic_rem(widened)=0.000000 -> cannot exceed 0.
[2434.085s] PRUNE: margin=-8.000000, optimistic_rem(widened)=0.000000 -> cannot exceed 0.
[2442.812s] PRUNE: margin=-8.000000, optimistic_rem(widened)=0.000000 -> cannot exceed 0.
[2451.545s] PRUNE: margin=-8.000000, optimistic_rem(widened)=0.000000 -> cannot exceed 0.
[2460.274s] PRUNE: margin=-8.000000, optimistic_rem(widened)=0.000000 -> cannot exceed 0.
[2469.012s] PRUNE: margin=-8.000000, optimistic_rem(widened)=0.000000 -> cannot exceed 0.
[2482.097s] PRUNE: margin=-8.000000, optimistic_rem(widened)=0.000000 -> cannot exceed 0.
[2490.818s] PRUNE: margin=-8.000000, optimistic_rem(widened)=0.000000 -> cannot exceed 0.
[2499.541s] PRUNE: margin=-8.000000, optimistic_rem(widened)=0.000000 -> cannot exceed 0.
[2508.263s] PRUNE: margin=-8.000000, optimistic_rem(widened)=8.000000 -> cannot exceed 0.
[2516.979s] PRUNE: margin=-8.000000, optimistic_rem(widened)=0.000000 -> cannot exceed 0.
[2525.698s] PRUNE: margin=-8.000000, optimistic_rem(widened)=8.000000 -> cannot exceed 0.
[2534.419s] PRUNE: margin=-8.000000, optimistic_rem(widened)=2.000000 -> cannot exceed 0.
[2700.248s] PRUNE: margin=-8.000000, optimistic_rem(widened)=2.000000 -> cannot exceed 0.
[2708.973s] PRUNE: margin=-8.000000, optimistic_rem(widened)=0.000000 -> cannot exceed 0.
[2717.687s] PRUNE: margin=-8.000000, optimistic_rem(widened)=0.000000 -> cannot exceed 0.
[2726.407s] PRUNE: margin=-8.000000, optimistic_rem(widened)=0.000000 -> cannot exceed 0.
[2735.128s] PRUNE: margin=-8.000000, optimistic_rem(widened)=0.000000 -> cannot exceed 0.
[2743.846s] PRUNE: margin=-8.000000, optimistic_rem(widened)=0.000000 -> cannot exceed 0.
[2752.559s] PRUNE: margin=-8.000000, optimistic_rem(widened)=0.000000 -> cannot exceed 0.
[2761.280s] PRUNE: margin=-8.000000, optimistic_rem(widened)=0.000000 -> cannot exceed 0.
[2826.722s] PRUNE: margin=-8.000000, optimistic_rem(widened)=0.000000 -> cannot exceed 0.
[2874.737s] PRUNE: margin=-8.000000, optimistic_rem(widened)=2.000000 -> cannot exceed 0.
[2883.469s] PRUNE: margin=-8.000000, optimistic_rem(widened)=0.000000 -> cannot exceed 0.
[2892.196s] PRUNE: margin=-8.000000, optimistic_rem(widened)=0.000000 -> cannot exceed 0.
[2900.925s] PRUNE: margin=-8.000000, optimistic_rem(widened)=0.000000 -> cannot exceed 0.
[2909.660s] PRUNE: margin=-8.000000, optimistic_rem(widened)=0.000000 -> cannot exceed 0.
[2918.389s] PRUNE: margin=-8.000000, optimistic_rem(widened)=0.000000 -> cannot exceed 0.
[2927.127s] PRUNE: margin=-8.000000, optimistic_rem(widened)=0.000000 -> cannot exceed 0.
[2944.576s] PRUNE: margin=-8.000000, optimistic_rem(widened)=0.000000 -> cannot exceed 0.
[2992.598s] PRUNE: margin=-8.000000, optimistic_rem(widened)=2.000000 -> cannot exceed 0.
[3001.323s] PRUNE: margin=-8.000000, optimistic_rem(widened)=0.000000 -> cannot exceed 0.
[3010.045s] PRUNE: margin=-8.000000, optimistic_rem(widened)=0.000000 -> cannot exceed 0.
[3018.768s] PRUNE: margin=-8.000000, optimistic_rem(widened)=0.000000 -> cannot exceed 0.
[3027.495s] PRUNE: margin=-8.000000, optimistic_rem(widened)=0.000000 -> cannot exceed 0.
[3036.220s] PRUNE: margin=-8.000000, optimistic_rem(widened)=0.000000 -> cannot exceed 0.
[3044.945s] PRUNE: margin=-8.000000, optimistic_rem(widened)=0.000000 -> cannot exceed 0.
[3101.689s] PRUNE: margin=-8.000000, optimistic_rem(widened)=0.000000 -> cannot exceed 0.
[3110.421s] PRUNE: margin=-8.000000, optimistic_rem(widened)=0.000000 -> cannot exceed 0.
[3119.151s] PRUNE: margin=-8.000000, optimistic_rem(widened)=0.000000 -> cannot exceed 0.
[3127.880s] PRUNE: margin=-8.000000, optimistic_rem(widened)=0.000000 -> cannot exceed 0.
[3136.608s] PRUNE: margin=-8.000000, optimistic_rem(widened)=0.000000 -> cannot exceed 0.
[3145.332s] PRUNE: margin=-8.000000, optimistic_rem(widened)=0.000000 -> cannot exceed 0.
[3154.063s] PRUNE: margin=-8.000000, optimistic_rem(widened)=0.000000 -> cannot exceed 0.
[3171.507s] PRUNE: margin=-8.000000, optimistic_rem(widened)=0.000000 -> cannot exceed 0.
[3180.221s] PRUNE: margin=-8.000000, optimistic_rem(widened)=0.000000 -> cannot exceed 0.
[3188.939s] PRUNE: margin=-8.000000, optimistic_rem(widened)=0.000000 -> cannot exceed 0.
[3197.657s] PRUNE: margin=-8.000000, optimistic_rem(widened)=0.000000 -> cannot exceed 0.
[3206.371s] PRUNE: margin=-8.000000, optimistic_rem(widened)=0.000000 -> cannot exceed 0.
[3215.086s] PRUNE: margin=-8.000000, optimistic_rem(widened)=0.000000 -> cannot exceed 0.
[3223.802s] PRUNE: margin=-8.000000, optimistic_rem(widened)=0.000000 -> cannot exceed 0.
[3236.866s] PRUNE: margin=-8.000000, optimistic_rem(widened)=0.000000 -> cannot exceed 0.
[3245.572s] PRUNE: margin=-8.000000, optimistic_rem(widened)=0.000000 -> cannot exceed 0.
[3254.280s] PRUNE: margin=-8.000000, optimistic_rem(widened)=0.000000 -> cannot exceed 0.
[3262.988s] PRUNE: margin=-8.000000, optimistic_rem(widened)=0.000000 -> cannot exceed 0.
[3271.698s] PRUNE: margin=-8.000000, optimistic_rem(widened)=8.000000 -> cannot exceed 0.
[3280.407s] PRUNE: margin=-8.000000, optimistic_rem(widened)=8.000000 -> cannot exceed 0.
[3289.121s] PRUNE: margin=-8.000000, optimistic_rem(widened)=8.000000 -> cannot exceed 0.
[3402.417s] PRUNE: margin=-8.000000, optimistic_rem(widened)=2.000000 -> cannot exceed 0.
[3411.132s] PRUNE: margin=-8.000000, optimistic_rem(widened)=0.000000 -> cannot exceed 0.
[3419.847s] PRUNE: margin=-8.000000, optimistic_rem(widened)=0.000000 -> cannot exceed 0.
[3428.562s] PRUNE: margin=-8.000000, optimistic_rem(widened)=0.000000 -> cannot exceed 0.
[3437.279s] PRUNE: margin=-8.000000, optimistic_rem(widened)=0.000000 -> cannot exceed 0.
[3445.991s] PRUNE: margin=-8.000000, optimistic_rem(widened)=0.000000 -> cannot exceed 0.
[3454.705s] PRUNE: margin=-8.000000, optimistic_rem(widened)=0.000000 -> cannot exceed 0.
[3463.421s] PRUNE: margin=-8.000000, optimistic_rem(widened)=0.000000 -> cannot exceed 0.
[3480.847s] PRUNE: margin=-8.000000, optimistic_rem(widened)=0.000000 -> cannot exceed 0.
[3528.789s] PRUNE: margin=-8.000000, optimistic_rem(widened)=2.000000 -> cannot exceed 0.
[3537.502s] PRUNE: margin=-8.000000, optimistic_rem(widened)=0.000000 -> cannot exceed 0.
[3546.216s] PRUNE: margin=-8.000000, optimistic_rem(widened)=0.000000 -> cannot exceed 0.
[3554.927s] PRUNE: margin=-8.000000, optimistic_rem(widened)=0.000000 -> cannot exceed 0.
[3563.645s] PRUNE: margin=-8.000000, optimistic_rem(widened)=0.000000 -> cannot exceed 0.
[3572.356s] PRUNE: margin=-8.000000, optimistic_rem(widened)=0.000000 -> cannot exceed 0.
[3581.070s] PRUNE: margin=-8.000000, optimistic_rem(widened)=0.000000 -> cannot exceed 0.
[3635.120s] PRUNE: margin=-8.000000, optimistic_rem(widened)=0.000000 -> cannot exceed 0.
[3643.838s] PRUNE: margin=-8.000000, optimistic_rem(widened)=0.000000 -> cannot exceed 0.
[3652.554s] PRUNE: margin=-8.000000, optimistic_rem(widened)=0.000000 -> cannot exceed 0.
[3661.269s] PRUNE: margin=-8.000000, optimistic_rem(widened)=0.000000 -> cannot exceed 0.
[3669.985s] PRUNE: margin=-8.000000, optimistic_rem(widened)=0.000000 -> cannot exceed 0.
[3678.698s] PRUNE: margin=-8.000000, optimistic_rem(widened)=0.000000 -> cannot exceed 0.
[3687.417s] PRUNE: margin=-8.000000, optimistic_rem(widened)=0.000000 -> cannot exceed 0.
[3704.908s] PRUNE: margin=-8.000000, optimistic_rem(widened)=0.000000 -> cannot exceed 0.
[3713.654s] PRUNE: margin=-8.000000, optimistic_rem(widened)=0.000000 -> cannot exceed 0.
[3722.381s] PRUNE: margin=-8.000000, optimistic_rem(widened)=0.000000 -> cannot exceed 0.
[3731.110s] PRUNE: margin=-8.000000, optimistic_rem(widened)=0.000000 -> cannot exceed 0.
[3739.835s] PRUNE: margin=-8.000000, optimistic_rem(widened)=0.000000 -> cannot exceed 0.
[3748.557s] PRUNE: margin=-8.000000, optimistic_rem(widened)=0.000000 -> cannot exceed 0.
[3757.283s] PRUNE: margin=-8.000000, optimistic_rem(widened)=0.000000 -> cannot exceed 0.
[3770.358s] PRUNE: margin=-8.000000, optimistic_rem(widened)=0.000000 -> cannot exceed 0.
[3779.071s] PRUNE: margin=-8.000000, optimistic_rem(widened)=0.000000 -> cannot exceed 0.
[3787.784s] PRUNE: margin=-8.000000, optimistic_rem(widened)=0.000000 -> cannot exceed 0.
[3796.498s] PRUNE: margin=-8.000000, optimistic_rem(widened)=0.000000 -> cannot exceed 0.
[3805.211s] PRUNE: margin=-8.000000, optimistic_rem(widened)=8.000000 -> cannot exceed 0.
[3813.922s] PRUNE: margin=-8.000000, optimistic_rem(widened)=0.000000 -> cannot exceed 0.
[3822.639s] PRUNE: margin=-8.000000, optimistic_rem(widened)=8.000000 -> cannot exceed 0.
[3927.397s] PRUNE: margin=-8.000000, optimistic_rem(widened)=0.000000 -> cannot exceed 0.
[3936.124s] PRUNE: margin=-8.000000, optimistic_rem(widened)=0.000000 -> cannot exceed 0.
[3944.848s] PRUNE: margin=-8.000000, optimistic_rem(widened)=0.000000 -> cannot exceed 0.
[3953.576s] PRUNE: margin=-8.000000, optimistic_rem(widened)=0.000000 -> cannot exceed 0.
[3962.296s] PRUNE: margin=-8.000000, optimistic_rem(widened)=0.000000 -> cannot exceed 0.
[3971.020s] PRUNE: margin=-8.000000, optimistic_rem(widened)=0.000000 -> cannot exceed 0.
[3979.746s] PRUNE: margin=-8.000000, optimistic_rem(widened)=0.000000 -> cannot exceed 0.
[4036.480s] PRUNE: margin=-8.000000, optimistic_rem(widened)=0.000000 -> cannot exceed 0.
[4045.207s] PRUNE: margin=-8.000000, optimistic_rem(widened)=0.000000 -> cannot exceed 0.
[4053.932s] PRUNE: margin=-8.000000, optimistic_rem(widened)=0.000000 -> cannot exceed 0.
[4062.657s] PRUNE: margin=-8.000000, optimistic_rem(widened)=0.000000 -> cannot exceed 0.
[4071.381s] PRUNE: margin=-8.000000, optimistic_rem(widened)=0.000000 -> cannot exceed 0.
[4080.105s] PRUNE: margin=-8.000000, optimistic_rem(widened)=0.000000 -> cannot exceed 0.
[4088.831s] PRUNE: margin=-8.000000, optimistic_rem(widened)=0.000000 -> cannot exceed 0.
[4101.913s] PRUNE: margin=-8.000000, optimistic_rem(widened)=4.000000 -> cannot exceed 0.
[4110.626s] PRUNE: margin=-8.000000, optimistic_rem(widened)=8.000000 -> cannot exceed 0.
[4119.337s] PRUNE: margin=-8.000000, optimistic_rem(widened)=8.000000 -> cannot exceed 0.
[4128.048s] PRUNE: margin=-8.000000, optimistic_rem(widened)=8.000000 -> cannot exceed 0.
[4136.760s] PRUNE: margin=-8.000000, optimistic_rem(widened)=8.000000 -> cannot exceed 0.
[4145.471s] PRUNE: margin=-8.000000, optimistic_rem(widened)=8.000000 -> cannot exceed 0.
[4154.183s] PRUNE: margin=-8.000000, optimistic_rem(widened)=8.000000 -> cannot exceed 0.
[4162.898s] PRUNE: margin=-8.000000, optimistic_rem(widened)=2.000000 -> cannot exceed 0.
[4180.336s] PRUNE: margin=-8.000000, optimistic_rem(widened)=8.000000 -> cannot exceed 0.
[4193.427s] PRUNE: margin=-14.000000, optimistic_rem(widened)=10.000000 -> cannot exceed 0.
[4202.157s] PRUNE: margin=-8.000000, optimistic_rem(widened)=0.000000 -> cannot exceed 0.
[4210.882s] PRUNE: margin=-8.000000, optimistic_rem(widened)=0.000000 -> cannot exceed 0.
[4219.606s] PRUNE: margin=-8.000000, optimistic_rem(widened)=0.000000 -> cannot exceed 0.
[4228.332s] PRUNE: margin=-8.000000, optimistic_rem(widened)=0.000000 -> cannot exceed 0.
[4237.058s] PRUNE: margin=-8.000000, optimistic_rem(widened)=0.000000 -> cannot exceed 0.
[4245.781s] PRUNE: margin=-8.000000, optimistic_rem(widened)=0.000000 -> cannot exceed 0.
[4258.878s] PRUNE: margin=-8.000000, optimistic_rem(widened)=4.000000 -> cannot exceed 0.
[4267.604s] PRUNE: margin=-8.000000, optimistic_rem(widened)=8.000000 -> cannot exceed 0.
[4276.328s] PRUNE: margin=-8.000000, optimistic_rem(widened)=8.000000 -> cannot exceed 0.
[4285.056s] PRUNE: margin=-8.000000, optimistic_rem(widened)=8.000000 -> cannot exceed 0.
[4293.780s] PRUNE: margin=-8.000000, optimistic_rem(widened)=8.000000 -> cannot exceed 0.
[4302.500s] PRUNE: margin=-8.000000, optimistic_rem(widened)=8.000000 -> cannot exceed 0.
[4311.220s] PRUNE: margin=-8.000000, optimistic_rem(widened)=8.000000 -> cannot exceed 0.
[4333.034s] PRUNE: margin=-6.000000, optimistic_rem(widened)=0.000000 -> cannot exceed 0.
[4341.767s] PRUNE: margin=-6.000000, optimistic_rem(widened)=0.000000 -> cannot exceed 0.
[4350.498s] PRUNE: margin=-6.000000, optimistic_rem(widened)=0.000000 -> cannot exceed 0.
[4359.226s] PRUNE: margin=-6.000000, optimistic_rem(widened)=0.000000 -> cannot exceed 0.
[4367.956s] PRUNE: margin=-6.000000, optimistic_rem(widened)=0.000000 -> cannot exceed 0.
[4376.687s] PRUNE: margin=-6.000000, optimistic_rem(widened)=0.000000 -> cannot exceed 0.
[4385.421s] PRUNE: margin=-14.000000, optimistic_rem(widened)=0.000000 -> cannot exceed 0.
[4398.512s] PRUNE: margin=-8.000000, optimistic_rem(widened)=2.000000 -> cannot exceed 0.
[4407.237s] PRUNE: margin=-8.000000, optimistic_rem(widened)=2.000000 -> cannot exceed 0.
[4415.961s] PRUNE: margin=-8.000000, optimistic_rem(widened)=2.000000 -> cannot exceed 0.
[4424.684s] PRUNE: margin=-8.000000, optimistic_rem(widened)=8.000000 -> cannot exceed 0.
[4433.407s] PRUNE: margin=-8.000000, optimistic_rem(widened)=2.000000 -> cannot exceed 0.
[4442.130s] PRUNE: margin=-8.000000, optimistic_rem(widened)=8.000000 -> cannot exceed 0.
[4450.860s] PRUNE: margin=-8.000000, optimistic_rem(widened)=2.000000 -> cannot exceed 0.
[4468.299s] PRUNE: margin=-8.000000, optimistic_rem(widened)=2.000000 -> cannot exceed 0.
[4477.020s] PRUNE: margin=-8.000000, optimistic_rem(widened)=2.000000 -> cannot exceed 0.
[4485.744s] PRUNE: margin=-8.000000, optimistic_rem(widened)=2.000000 -> cannot exceed 0.
[4494.465s] PRUNE: margin=-8.000000, optimistic_rem(widened)=2.000000 -> cannot exceed 0.
[4503.189s] PRUNE: margin=-8.000000, optimistic_rem(widened)=2.000000 -> cannot exceed 0.
[4511.909s] PRUNE: margin=-8.000000, optimistic_rem(widened)=8.000000 -> cannot exceed 0.
[4520.638s] PRUNE: margin=-8.000000, optimistic_rem(widened)=2.000000 -> cannot exceed 0.
[4533.714s] PRUNE: margin=-8.000000, optimistic_rem(widened)=0.000000 -> cannot exceed 0.
[4542.431s] PRUNE: margin=-8.000000, optimistic_rem(widened)=0.000000 -> cannot exceed 0.
[4551.148s] PRUNE: margin=-8.000000, optimistic_rem(widened)=0.000000 -> cannot exceed 0.
[4559.868s] PRUNE: margin=-8.000000, optimistic_rem(widened)=0.000000 -> cannot exceed 0.
[4568.580s] PRUNE: margin=-8.000000, optimistic_rem(widened)=8.000000 -> cannot exceed 0.
[4577.293s] PRUNE: margin=-8.000000, optimistic_rem(widened)=0.000000 -> cannot exceed 0.
[4607.796s] PRUNE: margin=-8.000000, optimistic_rem(widened)=8.000000 -> cannot exceed 0.
[4804.931s] PRUNE: margin=-8.000000, optimistic_rem(widened)=0.000000 -> cannot exceed 0.
[4813.686s] PRUNE: margin=-8.000000, optimistic_rem(widened)=0.000000 -> cannot exceed 0.
[4822.445s] PRUNE: margin=-8.000000, optimistic_rem(widened)=0.000000 -> cannot exceed 0.
[4831.202s] PRUNE: margin=-8.000000, optimistic_rem(widened)=0.000000 -> cannot exceed 0.
[4839.953s] PRUNE: margin=-8.000000, optimistic_rem(widened)=0.000000 -> cannot exceed 0.
[4848.706s] PRUNE: margin=-8.000000, optimistic_rem(widened)=0.000000 -> cannot exceed 0.
[4857.462s] PRUNE: margin=-8.000000, optimistic_rem(widened)=0.000000 -> cannot exceed 0.
[4967.040s] PRUNE: margin=-8.000000, optimistic_rem(widened)=2.000000 -> cannot exceed 0.
[4975.798s] PRUNE: margin=-8.000000, optimistic_rem(widened)=0.000000 -> cannot exceed 0.
[4984.553s] PRUNE: margin=-8.000000, optimistic_rem(widened)=0.000000 -> cannot exceed 0.
[4993.307s] PRUNE: margin=-8.000000, optimistic_rem(widened)=0.000000 -> cannot exceed 0.
[5002.063s] PRUNE: margin=-8.000000, optimistic_rem(widened)=0.000000 -> cannot exceed 0.
[5010.812s] PRUNE: margin=-8.000000, optimistic_rem(widened)=0.000000 -> cannot exceed 0.
[5019.563s] PRUNE: margin=-8.000000, optimistic_rem(widened)=0.000000 -> cannot exceed 0.
[5028.325s] PRUNE: margin=-8.000000, optimistic_rem(widened)=0.000000 -> cannot exceed 0.
[5045.836s] PRUNE: margin=-8.000000, optimistic_rem(widened)=0.000000 -> cannot exceed 0.
[5094.020s] PRUNE: margin=-8.000000, optimistic_rem(widened)=2.000000 -> cannot exceed 0.
[5102.750s] PRUNE: margin=-8.000000, optimistic_rem(widened)=0.000000 -> cannot exceed 0.
[5111.476s] PRUNE: margin=-8.000000, optimistic_rem(widened)=0.000000 -> cannot exceed 0.
[5120.210s] PRUNE: margin=-8.000000, optimistic_rem(widened)=0.000000 -> cannot exceed 0.
[5128.937s] PRUNE: margin=-8.000000, optimistic_rem(widened)=0.000000 -> cannot exceed 0.
[5137.661s] PRUNE: margin=-8.000000, optimistic_rem(widened)=0.000000 -> cannot exceed 0.
[5146.389s] PRUNE: margin=-8.000000, optimistic_rem(widened)=0.000000 -> cannot exceed 0.
[5203.149s] PRUNE: margin=-8.000000, optimistic_rem(widened)=0.000000 -> cannot exceed 0.
[5211.881s] PRUNE: margin=-8.000000, optimistic_rem(widened)=0.000000 -> cannot exceed 0.
[5220.616s] PRUNE: margin=-8.000000, optimistic_rem(widened)=0.000000 -> cannot exceed 0.
[5229.348s] PRUNE: margin=-8.000000, optimistic_rem(widened)=0.000000 -> cannot exceed 0.
[5238.077s] PRUNE: margin=-8.000000, optimistic_rem(widened)=0.000000 -> cannot exceed 0.
[5246.804s] PRUNE: margin=-8.000000, optimistic_rem(widened)=0.000000 -> cannot exceed 0.
[5255.534s] PRUNE: margin=-8.000000, optimistic_rem(widened)=0.000000 -> cannot exceed 0.
[5272.992s] PRUNE: margin=-8.000000, optimistic_rem(widened)=0.000000 -> cannot exceed 0.
[5281.720s] PRUNE: margin=-8.000000, optimistic_rem(widened)=0.000000 -> cannot exceed 0.
[5290.450s] PRUNE: margin=-8.000000, optimistic_rem(widened)=0.000000 -> cannot exceed 0.
[5299.174s] PRUNE: margin=-8.000000, optimistic_rem(widened)=0.000000 -> cannot exceed 0.
[5307.904s] PRUNE: margin=-8.000000, optimistic_rem(widened)=0.000000 -> cannot exceed 0.
[5316.630s] PRUNE: margin=-8.000000, optimistic_rem(widened)=0.000000 -> cannot exceed 0.
[5325.358s] PRUNE: margin=-8.000000, optimistic_rem(widened)=0.000000 -> cannot exceed 0.
[5338.446s] PRUNE: margin=-8.000000, optimistic_rem(widened)=0.000000 -> cannot exceed 0.
[5347.167s] PRUNE: margin=-8.000000, optimistic_rem(widened)=0.000000 -> cannot exceed 0.
[5355.893s] PRUNE: margin=-8.000000, optimistic_rem(widened)=0.000000 -> cannot exceed 0.
[5364.614s] PRUNE: margin=-8.000000, optimistic_rem(widened)=0.000000 -> cannot exceed 0.
[5373.334s] PRUNE: margin=-8.000000, optimistic_rem(widened)=8.000000 -> cannot exceed 0.
[5382.055s] PRUNE: margin=-8.000000, optimistic_rem(widened)=0.000000 -> cannot exceed 0.
[5390.777s] PRUNE: margin=-8.000000, optimistic_rem(widened)=8.000000 -> cannot exceed 0.
[5408.217s] PRUNE: margin=-8.000000, optimistic_rem(widened)=2.000000 -> cannot exceed 0.
[5469.313s] PRUNE: margin=-8.000000, optimistic_rem(widened)=0.000000 -> cannot exceed 0.
[5517.341s] PRUNE: margin=-8.000000, optimistic_rem(widened)=2.000000 -> cannot exceed 0.
[5526.072s] PRUNE: margin=-8.000000, optimistic_rem(widened)=0.000000 -> cannot exceed 0.
[5534.809s] PRUNE: margin=-8.000000, optimistic_rem(widened)=0.000000 -> cannot exceed 0.
[5543.540s] PRUNE: margin=-8.000000, optimistic_rem(widened)=0.000000 -> cannot exceed 0.
[5552.274s] PRUNE: margin=-8.000000, optimistic_rem(widened)=0.000000 -> cannot exceed 0.
[5561.006s] PRUNE: margin=-8.000000, optimistic_rem(widened)=0.000000 -> cannot exceed 0.
[5569.740s] PRUNE: margin=-8.000000, optimistic_rem(widened)=0.000000 -> cannot exceed 0.
[5587.199s] PRUNE: margin=-8.000000, optimistic_rem(widened)=0.000000 -> cannot exceed 0.
[5635.226s] PRUNE: margin=-8.000000, optimistic_rem(widened)=2.000000 -> cannot exceed 0.
[5643.963s] PRUNE: margin=-8.000000, optimistic_rem(widened)=0.000000 -> cannot exceed 0.
[5652.691s] PRUNE: margin=-8.000000, optimistic_rem(widened)=0.000000 -> cannot exceed 0.
[5661.419s] PRUNE: margin=-8.000000, optimistic_rem(widened)=0.000000 -> cannot exceed 0.
[5670.148s] PRUNE: margin=-8.000000, optimistic_rem(widened)=0.000000 -> cannot exceed 0.
[5678.878s] PRUNE: margin=-8.000000, optimistic_rem(widened)=0.000000 -> cannot exceed 0.
[5687.604s] PRUNE: margin=-8.000000, optimistic_rem(widened)=0.000000 -> cannot exceed 0.
[5744.367s] PRUNE: margin=-8.000000, optimistic_rem(widened)=0.000000 -> cannot exceed 0.
[5753.098s] PRUNE: margin=-8.000000, optimistic_rem(widened)=0.000000 -> cannot exceed 0.
[5761.827s] PRUNE: margin=-8.000000, optimistic_rem(widened)=0.000000 -> cannot exceed 0.
[5770.560s] PRUNE: margin=-8.000000, optimistic_rem(widened)=0.000000 -> cannot exceed 0.
[5779.295s] PRUNE: margin=-8.000000, optimistic_rem(widened)=0.000000 -> cannot exceed 0.
[5788.023s] PRUNE: margin=-8.000000, optimistic_rem(widened)=0.000000 -> cannot exceed 0.
[5796.757s] PRUNE: margin=-8.000000, optimistic_rem(widened)=0.000000 -> cannot exceed 0.
[5814.210s] PRUNE: margin=-8.000000, optimistic_rem(widened)=0.000000 -> cannot exceed 0.
[5822.940s] PRUNE: margin=-8.000000, optimistic_rem(widened)=0.000000 -> cannot exceed 0.
[5831.670s] PRUNE: margin=-8.000000, optimistic_rem(widened)=0.000000 -> cannot exceed 0.
[5840.406s] PRUNE: margin=-8.000000, optimistic_rem(widened)=0.000000 -> cannot exceed 0.
[5849.133s] PRUNE: margin=-8.000000, optimistic_rem(widened)=0.000000 -> cannot exceed 0.
[5857.857s] PRUNE: margin=-8.000000, optimistic_rem(widened)=0.000000 -> cannot exceed 0.
[5866.586s] PRUNE: margin=-8.000000, optimistic_rem(widened)=0.000000 -> cannot exceed 0.
[5879.670s] PRUNE: margin=-8.000000, optimistic_rem(widened)=0.000000 -> cannot exceed 0.
[5888.390s] PRUNE: margin=-8.000000, optimistic_rem(widened)=0.000000 -> cannot exceed 0.
[5897.108s] PRUNE: margin=-8.000000, optimistic_rem(widened)=0.000000 -> cannot exceed 0.
[5905.825s] PRUNE: margin=-8.000000, optimistic_rem(widened)=0.000000 -> cannot exceed 0.
[5914.544s] PRUNE: margin=-8.000000, optimistic_rem(widened)=8.000000 -> cannot exceed 0.
[5923.261s] PRUNE: margin=-8.000000, optimistic_rem(widened)=8.000000 -> cannot exceed 0.
[5931.982s] PRUNE: margin=-8.000000, optimistic_rem(widened)=8.000000 -> cannot exceed 0.
[5949.418s] PRUNE: margin=-8.000000, optimistic_rem(widened)=8.000000 -> cannot exceed 0.
[6045.490s] PRUNE: margin=-8.000000, optimistic_rem(widened)=0.000000 -> cannot exceed 0.
[6054.223s] PRUNE: margin=-8.000000, optimistic_rem(widened)=0.000000 -> cannot exceed 0.
[6062.956s] PRUNE: margin=-8.000000, optimistic_rem(widened)=0.000000 -> cannot exceed 0.
[6071.689s] PRUNE: margin=-8.000000, optimistic_rem(widened)=0.000000 -> cannot exceed 0.
[6080.416s] PRUNE: margin=-8.000000, optimistic_rem(widened)=0.000000 -> cannot exceed 0.
[6089.149s] PRUNE: margin=-8.000000, optimistic_rem(widened)=0.000000 -> cannot exceed 0.
[6097.882s] PRUNE: margin=-8.000000, optimistic_rem(widened)=0.000000 -> cannot exceed 0.
[6154.649s] PRUNE: margin=-8.000000, optimistic_rem(widened)=0.000000 -> cannot exceed 0.
[6163.377s] PRUNE: margin=-8.000000, optimistic_rem(widened)=0.000000 -> cannot exceed 0.
[6172.107s] PRUNE: margin=-8.000000, optimistic_rem(widened)=0.000000 -> cannot exceed 0.
[6180.836s] PRUNE: margin=-8.000000, optimistic_rem(widened)=0.000000 -> cannot exceed 0.
[6189.562s] PRUNE: margin=-8.000000, optimistic_rem(widened)=0.000000 -> cannot exceed 0.
[6198.288s] PRUNE: margin=-8.000000, optimistic_rem(widened)=0.000000 -> cannot exceed 0.
[6207.020s] PRUNE: margin=-8.000000, optimistic_rem(widened)=0.000000 -> cannot exceed 0.
[6220.116s] PRUNE: margin=-8.000000, optimistic_rem(widened)=4.000000 -> cannot exceed 0.
[6228.837s] PRUNE: margin=-8.000000, optimistic_rem(widened)=8.000000 -> cannot exceed 0.
[6237.557s] PRUNE: margin=-8.000000, optimistic_rem(widened)=8.000000 -> cannot exceed 0.
[6246.275s] PRUNE: margin=-8.000000, optimistic_rem(widened)=8.000000 -> cannot exceed 0.
[6254.994s] PRUNE: margin=-8.000000, optimistic_rem(widened)=8.000000 -> cannot exceed 0.
[6263.712s] PRUNE: margin=-8.000000, optimistic_rem(widened)=8.000000 -> cannot exceed 0.
[6272.436s] PRUNE: margin=-8.000000, optimistic_rem(widened)=8.000000 -> cannot exceed 0.
[6281.157s] PRUNE: margin=-8.000000, optimistic_rem(widened)=2.000000 -> cannot exceed 0.
[6298.605s] PRUNE: margin=-8.000000, optimistic_rem(widened)=2.000000 -> cannot exceed 0.
[6311.703s] PRUNE: margin=-14.000000, optimistic_rem(widened)=10.000000 -> cannot exceed 0.
[6320.432s] PRUNE: margin=-8.000000, optimistic_rem(widened)=0.000000 -> cannot exceed 0.
[6329.161s] PRUNE: margin=-8.000000, optimistic_rem(widened)=0.000000 -> cannot exceed 0.
[6337.901s] PRUNE: margin=-8.000000, optimistic_rem(widened)=0.000000 -> cannot exceed 0.
[6346.631s] PRUNE: margin=-8.000000, optimistic_rem(widened)=0.000000 -> cannot exceed 0.
[6355.361s] PRUNE: margin=-8.000000, optimistic_rem(widened)=0.000000 -> cannot exceed 0.
[6364.091s] PRUNE: margin=-8.000000, optimistic_rem(widened)=0.000000 -> cannot exceed 0.
[6372.823s] PRUNE: margin=-8.000000, optimistic_rem(widened)=0.000000 -> cannot exceed 0.
[6390.302s] PRUNE: margin=-8.000000, optimistic_rem(widened)=0.000000 -> cannot exceed 0.
[6399.040s] PRUNE: margin=-8.000000, optimistic_rem(widened)=0.000000 -> cannot exceed 0.
[6407.782s] PRUNE: margin=-8.000000, optimistic_rem(widened)=0.000000 -> cannot exceed 0.
[6416.525s] PRUNE: margin=-8.000000, optimistic_rem(widened)=0.000000 -> cannot exceed 0.
[6425.267s] PRUNE: margin=-8.000000, optimistic_rem(widened)=0.000000 -> cannot exceed 0.
[6434.009s] PRUNE: margin=-8.000000, optimistic_rem(widened)=0.000000 -> cannot exceed 0.
[6442.753s] PRUNE: margin=-8.000000, optimistic_rem(widened)=0.000000 -> cannot exceed 0.
[6455.848s] PRUNE: margin=-8.000000, optimistic_rem(widened)=8.000000 -> cannot exceed 0.
[6464.197s] PRUNE: margin=-8.000000, optimistic_rem(widened)=8.000000 -> cannot exceed 0.
[6469.528s] PRUNE: margin=-8.000000, optimistic_rem(widened)=8.000000 -> cannot exceed 0.
[6474.937s] PRUNE: margin=-8.000000, optimistic_rem(widened)=8.000000 -> cannot exceed 0.
[6480.234s] PRUNE: margin=-8.000000, optimistic_rem(widened)=8.000000 -> cannot exceed 0.
[6485.604s] PRUNE: margin=-8.000000, optimistic_rem(widened)=8.000000 -> cannot exceed 0.
[6490.924s] PRUNE: margin=-8.000000, optimistic_rem(widened)=8.000000 -> cannot exceed 0.
[6501.619s] PRUNE: margin=-8.000000, optimistic_rem(widened)=2.000000 -> cannot exceed 0.
[6507.035s] PRUNE: margin=-8.000000, optimistic_rem(widened)=2.000000 -> cannot exceed 0.
[6512.514s] PRUNE: margin=-8.000000, optimistic_rem(widened)=2.000000 -> cannot exceed 0.
[6518.119s] PRUNE: margin=-8.000000, optimistic_rem(widened)=2.000000 -> cannot exceed 0.
[6526.217s] PRUNE: margin=-6.000000, optimistic_rem(widened)=0.000000 -> cannot exceed 0.
[6531.633s] PRUNE: margin=-6.000000, optimistic_rem(widened)=0.000000 -> cannot exceed 0.
[6536.881s] PRUNE: margin=-6.000000, optimistic_rem(widened)=0.000000 -> cannot exceed 0.
[6542.162s] PRUNE: margin=-6.000000, optimistic_rem(widened)=0.000000 -> cannot exceed 0.
[6550.274s] PRUNE: margin=-8.000000, optimistic_rem(widened)=2.000000 -> cannot exceed 0.
[6555.877s] PRUNE: margin=-8.000000, optimistic_rem(widened)=8.000000 -> cannot exceed 0.
[6561.455s] PRUNE: margin=-8.000000, optimistic_rem(widened)=8.000000 -> cannot exceed 0.
[6567.162s] PRUNE: margin=-8.000000, optimistic_rem(widened)=2.000000 -> cannot exceed 0.
[6578.214s] PRUNE: margin=-8.000000, optimistic_rem(widened)=2.000000 -> cannot exceed 0.
[6583.889s] PRUNE: margin=-8.000000, optimistic_rem(widened)=2.000000 -> cannot exceed 0.
[6589.392s] PRUNE: margin=-8.000000, optimistic_rem(widened)=2.000000 -> cannot exceed 0.
[6595.007s] PRUNE: margin=-8.000000, optimistic_rem(widened)=2.000000 -> cannot exceed 0.
[6600.627s] PRUNE: margin=-8.000000, optimistic_rem(widened)=2.000000 -> cannot exceed 0.
[6606.175s] PRUNE: margin=-8.000000, optimistic_rem(widened)=2.000000 -> cannot exceed 0.
[6611.494s] PRUNE: margin=-8.000000, optimistic_rem(widened)=2.000000 -> cannot exceed 0.
[6617.011s] PRUNE: margin=-8.000000, optimistic_rem(widened)=2.000000 -> cannot exceed 0.
[6625.111s] PRUNE: margin=-8.000000, optimistic_rem(widened)=8.000000 -> cannot exceed 0.
[6630.721s] PRUNE: margin=-8.000000, optimistic_rem(widened)=8.000000 -> cannot exceed 0.
[6636.408s] PRUNE: margin=-8.000000, optimistic_rem(widened)=8.000000 -> cannot exceed 0.
[6642.000s] PRUNE: margin=-8.000000, optimistic_rem(widened)=8.000000 -> cannot exceed 0.
[6647.642s] PRUNE: margin=-8.000000, optimistic_rem(widened)=0.000000 -> cannot exceed 0.
[6653.224s] PRUNE: margin=-8.000000, optimistic_rem(widened)=8.000000 -> cannot exceed 0.
[6665.097s] PRUNE: margin=-14.000000, optimistic_rem(widened)=6.000000 -> cannot exceed 0.
[6678.184s] PRUNE: margin=-8.000000, optimistic_rem(widened)=2.000000 -> cannot exceed 0.
[6695.627s] PRUNE: margin=-8.000000, optimistic_rem(widened)=2.000000 -> cannot exceed 0.
[6804.766s] PRUNE: margin=-8.000000, optimistic_rem(widened)=2.000000 -> cannot exceed 0.
[6813.496s] PRUNE: margin=-8.000000, optimistic_rem(widened)=0.000000 -> cannot exceed 0.
[6819.303s] PRUNE: margin=-8.000000, optimistic_rem(widened)=0.000000 -> cannot exceed 0.
[6824.670s] PRUNE: margin=-8.000000, optimistic_rem(widened)=0.000000 -> cannot exceed 0.
[6830.077s] PRUNE: margin=-8.000000, optimistic_rem(widened)=0.000000 -> cannot exceed 0.
[6835.393s] PRUNE: margin=-8.000000, optimistic_rem(widened)=0.000000 -> cannot exceed 0.
[6840.812s] PRUNE: margin=-8.000000, optimistic_rem(widened)=0.000000 -> cannot exceed 0.
[6846.194s] PRUNE: margin=-8.000000, optimistic_rem(widened)=0.000000 -> cannot exceed 0.
[6943.048s] PRUNE: margin=-8.000000, optimistic_rem(widened)=0.000000 -> cannot exceed 0.
[6951.783s] PRUNE: margin=-8.000000, optimistic_rem(widened)=0.000000 -> cannot exceed 0.
[6960.515s] PRUNE: margin=-8.000000, optimistic_rem(widened)=0.000000 -> cannot exceed 0.
[6969.248s] PRUNE: margin=-8.000000, optimistic_rem(widened)=0.000000 -> cannot exceed 0.
[6977.982s] PRUNE: margin=-8.000000, optimistic_rem(widened)=0.000000 -> cannot exceed 0.
[6986.716s] PRUNE: margin=-8.000000, optimistic_rem(widened)=0.000000 -> cannot exceed 0.
[6995.453s] PRUNE: margin=-8.000000, optimistic_rem(widened)=0.000000 -> cannot exceed 0.
[7052.239s] PRUNE: margin=-8.000000, optimistic_rem(widened)=0.000000 -> cannot exceed 0.
[7060.971s] PRUNE: margin=-8.000000, optimistic_rem(widened)=0.000000 -> cannot exceed 0.
[7069.706s] PRUNE: margin=-8.000000, optimistic_rem(widened)=0.000000 -> cannot exceed 0.
[7078.437s] PRUNE: margin=-8.000000, optimistic_rem(widened)=0.000000 -> cannot exceed 0.
[7087.169s] PRUNE: margin=-8.000000, optimistic_rem(widened)=0.000000 -> cannot exceed 0.
[7095.902s] PRUNE: margin=-8.000000, optimistic_rem(widened)=0.000000 -> cannot exceed 0.
[7104.638s] PRUNE: margin=-8.000000, optimistic_rem(widened)=0.000000 -> cannot exceed 0.
[7117.734s] PRUNE: margin=-8.000000, optimistic_rem(widened)=4.000000 -> cannot exceed 0.
[7126.458s] PRUNE: margin=-8.000000, optimistic_rem(widened)=0.000000 -> cannot exceed 0.
[7135.179s] PRUNE: margin=-8.000000, optimistic_rem(widened)=0.000000 -> cannot exceed 0.
[7143.903s] PRUNE: margin=-8.000000, optimistic_rem(widened)=0.000000 -> cannot exceed 0.
[7152.626s] PRUNE: margin=-8.000000, optimistic_rem(widened)=0.000000 -> cannot exceed 0.
[7161.346s] PRUNE: margin=-8.000000, optimistic_rem(widened)=8.000000 -> cannot exceed 0.
[7170.067s] PRUNE: margin=-8.000000, optimistic_rem(widened)=0.000000 -> cannot exceed 0.
[7178.791s] PRUNE: margin=-8.000000, optimistic_rem(widened)=2.000000 -> cannot exceed 0.
[7196.248s] PRUNE: margin=-8.000000, optimistic_rem(widened)=0.000000 -> cannot exceed 0.
[7283.644s] PRUNE: margin=-8.000000, optimistic_rem(widened)=0.000000 -> cannot exceed 0.
[7292.381s] PRUNE: margin=-8.000000, optimistic_rem(widened)=0.000000 -> cannot exceed 0.
[7301.116s] PRUNE: margin=-8.000000, optimistic_rem(widened)=0.000000 -> cannot exceed 0.
[7309.850s] PRUNE: margin=-8.000000, optimistic_rem(widened)=0.000000 -> cannot exceed 0.
[7318.584s] PRUNE: margin=-8.000000, optimistic_rem(widened)=0.000000 -> cannot exceed 0.
[7327.320s] PRUNE: margin=-8.000000, optimistic_rem(widened)=0.000000 -> cannot exceed 0.
[7344.789s] PRUNE: margin=-14.000000, optimistic_rem(widened)=10.000000 -> cannot exceed 0.
[7353.525s] PRUNE: margin=-8.000000, optimistic_rem(widened)=0.000000 -> cannot exceed 0.
[7362.257s] PRUNE: margin=-8.000000, optimistic_rem(widened)=0.000000 -> cannot exceed 0.
[7370.993s] PRUNE: margin=-8.000000, optimistic_rem(widened)=0.000000 -> cannot exceed 0.
[7379.728s] PRUNE: margin=-8.000000, optimistic_rem(widened)=0.000000 -> cannot exceed 0.
[7388.462s] PRUNE: margin=-8.000000, optimistic_rem(widened)=0.000000 -> cannot exceed 0.
[7397.198s] PRUNE: margin=-8.000000, optimistic_rem(widened)=0.000000 -> cannot exceed 0.
[7410.302s] PRUNE: margin=-8.000000, optimistic_rem(widened)=4.000000 -> cannot exceed 0.
[7419.035s] PRUNE: margin=-8.000000, optimistic_rem(widened)=8.000000 -> cannot exceed 0.
[7427.768s] PRUNE: margin=-8.000000, optimistic_rem(widened)=8.000000 -> cannot exceed 0.
[7436.503s] PRUNE: margin=-8.000000, optimistic_rem(widened)=8.000000 -> cannot exceed 0.
[7445.240s] PRUNE: margin=-8.000000, optimistic_rem(widened)=8.000000 -> cannot exceed 0.
[7453.973s] PRUNE: margin=-8.000000, optimistic_rem(widened)=0.000000 -> cannot exceed 0.
[7462.708s] PRUNE: margin=-8.000000, optimistic_rem(widened)=2.000000 -> cannot exceed 0.
[7480.171s] PRUNE: margin=-8.000000, optimistic_rem(widened)=2.000000 -> cannot exceed 0.
[7493.271s] PRUNE: margin=-14.000000, optimistic_rem(widened)=10.000000 -> cannot exceed 0.
[7502.006s] PRUNE: margin=-8.000000, optimistic_rem(widened)=0.000000 -> cannot exceed 0.
[7510.743s] PRUNE: margin=-8.000000, optimistic_rem(widened)=0.000000 -> cannot exceed 0.
[7519.479s] PRUNE: margin=-8.000000, optimistic_rem(widened)=0.000000 -> cannot exceed 0.
[7528.214s] PRUNE: margin=-8.000000, optimistic_rem(widened)=0.000000 -> cannot exceed 0.
[7536.946s] PRUNE: margin=-8.000000, optimistic_rem(widened)=0.000000 -> cannot exceed 0.
[7545.683s] PRUNE: margin=-8.000000, optimistic_rem(widened)=0.000000 -> cannot exceed 0.
[7558.789s] PRUNE: margin=-8.000000, optimistic_rem(widened)=4.000000 -> cannot exceed 0.
[7567.524s] PRUNE: margin=-8.000000, optimistic_rem(widened)=8.000000 -> cannot exceed 0.
[7576.253s] PRUNE: margin=-8.000000, optimistic_rem(widened)=8.000000 -> cannot exceed 0.
[7584.985s] PRUNE: margin=-8.000000, optimistic_rem(widened)=8.000000 -> cannot exceed 0.
[7593.719s] PRUNE: margin=-8.000000, optimistic_rem(widened)=8.000000 -> cannot exceed 0.
[7602.450s] PRUNE: margin=-8.000000, optimistic_rem(widened)=8.000000 -> cannot exceed 0.
[7611.179s] PRUNE: margin=-8.000000, optimistic_rem(widened)=8.000000 -> cannot exceed 0.
[7633.010s] PRUNE: margin=-6.000000, optimistic_rem(widened)=0.000000 -> cannot exceed 0.
[7641.748s] PRUNE: margin=-6.000000, optimistic_rem(widened)=0.000000 -> cannot exceed 0.
[7650.484s] PRUNE: margin=-6.000000, optimistic_rem(widened)=0.000000 -> cannot exceed 0.
[7659.222s] PRUNE: margin=-6.000000, optimistic_rem(widened)=0.000000 -> cannot exceed 0.
[7667.963s] PRUNE: margin=-6.000000, optimistic_rem(widened)=0.000000 -> cannot exceed 0.
[7676.700s] PRUNE: margin=-6.000000, optimistic_rem(widened)=0.000000 -> cannot exceed 0.
[7685.439s] PRUNE: margin=-14.000000, optimistic_rem(widened)=0.000000 -> cannot exceed 0.
[7698.540s] PRUNE: margin=-8.000000, optimistic_rem(widened)=2.000000 -> cannot exceed 0.
[7707.274s] PRUNE: margin=-8.000000, optimistic_rem(widened)=2.000000 -> cannot exceed 0.
[7716.006s] PRUNE: margin=-8.000000, optimistic_rem(widened)=2.000000 -> cannot exceed 0.
[7724.741s] PRUNE: margin=-8.000000, optimistic_rem(widened)=8.000000 -> cannot exceed 0.
[7733.473s] PRUNE: margin=-8.000000, optimistic_rem(widened)=2.000000 -> cannot exceed 0.
[7742.202s] PRUNE: margin=-8.000000, optimistic_rem(widened)=8.000000 -> cannot exceed 0.
[7750.936s] PRUNE: margin=-8.000000, optimistic_rem(widened)=2.000000 -> cannot exceed 0.
[7768.392s] PRUNE: margin=-8.000000, optimistic_rem(widened)=2.000000 -> cannot exceed 0.
[7777.122s] PRUNE: margin=-8.000000, optimistic_rem(widened)=2.000000 -> cannot exceed 0.
[7785.853s] PRUNE: margin=-8.000000, optimistic_rem(widened)=2.000000 -> cannot exceed 0.
[7794.584s] PRUNE: margin=-8.000000, optimistic_rem(widened)=2.000000 -> cannot exceed 0.
[7803.313s] PRUNE: margin=-8.000000, optimistic_rem(widened)=2.000000 -> cannot exceed 0.
[7812.045s] PRUNE: margin=-8.000000, optimistic_rem(widened)=8.000000 -> cannot exceed 0.
[7820.783s] PRUNE: margin=-8.000000, optimistic_rem(widened)=2.000000 -> cannot exceed 0.
[7833.877s] PRUNE: margin=-8.000000, optimistic_rem(widened)=0.000000 -> cannot exceed 0.
[7842.601s] PRUNE: margin=-8.000000, optimistic_rem(widened)=0.000000 -> cannot exceed 0.
[7851.322s] PRUNE: margin=-8.000000, optimistic_rem(widened)=0.000000 -> cannot exceed 0.
[7860.045s] PRUNE: margin=-8.000000, optimistic_rem(widened)=0.000000 -> cannot exceed 0.
[7868.767s] PRUNE: margin=-8.000000, optimistic_rem(widened)=8.000000 -> cannot exceed 0.
[7877.490s] PRUNE: margin=-8.000000, optimistic_rem(widened)=8.000000 -> cannot exceed 0.
[7903.658s] PRUNE: margin=-8.000000, optimistic_rem(widened)=2.000000 -> cannot exceed 0.
[7916.749s] PRUNE: margin=-8.000000, optimistic_rem(widened)=4.000000 -> cannot exceed 0.
[7925.478s] PRUNE: margin=-8.000000, optimistic_rem(widened)=0.000000 -> cannot exceed 0.
[7938.579s] PRUNE: margin=-14.000000, optimistic_rem(widened)=2.000000 -> cannot exceed 0.
[7947.313s] PRUNE: margin=-8.000000, optimistic_rem(widened)=0.000000 -> cannot exceed 0.
[7956.047s] PRUNE: margin=-8.000000, optimistic_rem(widened)=0.000000 -> cannot exceed 0.
[7964.781s] PRUNE: margin=-8.000000, optimistic_rem(widened)=0.000000 -> cannot exceed 0.
[7973.517s] PRUNE: margin=-8.000000, optimistic_rem(widened)=0.000000 -> cannot exceed 0.
[7982.250s] PRUNE: margin=-8.000000, optimistic_rem(widened)=0.000000 -> cannot exceed 0.
[7990.986s] PRUNE: margin=-8.000000, optimistic_rem(widened)=0.000000 -> cannot exceed 0.
[8002.276s] PRUNE: margin=-8.000000, optimistic_rem(widened)=4.000000 -> cannot exceed 0.
[8007.891s] PRUNE: margin=-8.000000, optimistic_rem(widened)=8.000000 -> cannot exceed 0.
[8013.438s] PRUNE: margin=-8.000000, optimistic_rem(widened)=8.000000 -> cannot exceed 0.
[8018.917s] PRUNE: margin=-8.000000, optimistic_rem(widened)=8.000000 -> cannot exceed 0.
[8024.369s] PRUNE: margin=-8.000000, optimistic_rem(widened)=8.000000 -> cannot exceed 0.
[8029.930s] PRUNE: margin=-8.000000, optimistic_rem(widened)=8.000000 -> cannot exceed 0.
[8035.419s] PRUNE: margin=-8.000000, optimistic_rem(widened)=2.000000 -> cannot exceed 0.
[8046.456s] PRUNE: margin=-8.000000, optimistic_rem(widened)=0.000000 -> cannot exceed 0.
[8056.849s] PRUNE: margin=-14.000000, optimistic_rem(widened)=2.000000 -> cannot exceed 0.
[8062.939s] PRUNE: margin=-8.000000, optimistic_rem(widened)=0.000000 -> cannot exceed 0.
[8068.224s] PRUNE: margin=-8.000000, optimistic_rem(widened)=0.000000 -> cannot exceed 0.
[8073.748s] PRUNE: margin=-8.000000, optimistic_rem(widened)=0.000000 -> cannot exceed 0.
[8079.524s] PRUNE: margin=-8.000000, optimistic_rem(widened)=0.000000 -> cannot exceed 0.
[8085.171s] PRUNE: margin=-8.000000, optimistic_rem(widened)=0.000000 -> cannot exceed 0.
[8090.772s] PRUNE: margin=-8.000000, optimistic_rem(widened)=0.000000 -> cannot exceed 0.
[8098.855s] PRUNE: margin=-8.000000, optimistic_rem(widened)=4.000000 -> cannot exceed 0.
[8104.178s] PRUNE: margin=-8.000000, optimistic_rem(widened)=8.000000 -> cannot exceed 0.
[8109.600s] PRUNE: margin=-8.000000, optimistic_rem(widened)=8.000000 -> cannot exceed 0.
[8114.960s] PRUNE: margin=-8.000000, optimistic_rem(widened)=8.000000 -> cannot exceed 0.
[8120.310s] PRUNE: margin=-8.000000, optimistic_rem(widened)=8.000000 -> cannot exceed 0.
[8125.686s] PRUNE: margin=-8.000000, optimistic_rem(widened)=8.000000 -> cannot exceed 0.
[8130.999s] PRUNE: margin=-8.000000, optimistic_rem(widened)=8.000000 -> cannot exceed 0.
[8144.467s] PRUNE: margin=-6.000000, optimistic_rem(widened)=0.000000 -> cannot exceed 0.
[8150.117s] PRUNE: margin=-6.000000, optimistic_rem(widened)=0.000000 -> cannot exceed 0.
[8155.779s] PRUNE: margin=-6.000000, optimistic_rem(widened)=0.000000 -> cannot exceed 0.
[8161.337s] PRUNE: margin=-6.000000, optimistic_rem(widened)=0.000000 -> cannot exceed 0.
[8167.026s] PRUNE: margin=-6.000000, optimistic_rem(widened)=0.000000 -> cannot exceed 0.
[8172.593s] PRUNE: margin=-6.000000, optimistic_rem(widened)=0.000000 -> cannot exceed 0.
[8178.252s] PRUNE: margin=-14.000000, optimistic_rem(widened)=0.000000 -> cannot exceed 0.
[8186.370s] PRUNE: margin=-8.000000, optimistic_rem(widened)=2.000000 -> cannot exceed 0.
[8191.693s] PRUNE: margin=-8.000000, optimistic_rem(widened)=2.000000 -> cannot exceed 0.
[8197.266s] PRUNE: margin=-8.000000, optimistic_rem(widened)=2.000000 -> cannot exceed 0.
[8202.967s] PRUNE: margin=-8.000000, optimistic_rem(widened)=8.000000 -> cannot exceed 0.
[8208.575s] PRUNE: margin=-8.000000, optimistic_rem(widened)=2.000000 -> cannot exceed 0.
[8214.048s] PRUNE: margin=-8.000000, optimistic_rem(widened)=8.000000 -> cannot exceed 0.
[8219.597s] PRUNE: margin=-8.000000, optimistic_rem(widened)=2.000000 -> cannot exceed 0.
[8230.553s] PRUNE: margin=-8.000000, optimistic_rem(widened)=2.000000 -> cannot exceed 0.
[8235.916s] PRUNE: margin=-8.000000, optimistic_rem(widened)=2.000000 -> cannot exceed 0.
[8241.274s] PRUNE: margin=-8.000000, optimistic_rem(widened)=2.000000 -> cannot exceed 0.
[8246.576s] PRUNE: margin=-8.000000, optimistic_rem(widened)=2.000000 -> cannot exceed 0.
[8252.160s] PRUNE: margin=-8.000000, optimistic_rem(widened)=8.000000 -> cannot exceed 0.
[8257.635s] PRUNE: margin=-8.000000, optimistic_rem(widened)=8.000000 -> cannot exceed 0.
[8263.235s] PRUNE: margin=-8.000000, optimistic_rem(widened)=2.000000 -> cannot exceed 0.
[8271.344s] PRUNE: margin=-8.000000, optimistic_rem(widened)=0.000000 -> cannot exceed 0.
[8276.721s] PRUNE: margin=-8.000000, optimistic_rem(widened)=0.000000 -> cannot exceed 0.
[8282.122s] PRUNE: margin=-8.000000, optimistic_rem(widened)=0.000000 -> cannot exceed 0.
[8287.497s] PRUNE: margin=-8.000000, optimistic_rem(widened)=0.000000 -> cannot exceed 0.
[8292.761s] PRUNE: margin=-8.000000, optimistic_rem(widened)=8.000000 -> cannot exceed 0.
[8298.078s] PRUNE: margin=-8.000000, optimistic_rem(widened)=8.000000 -> cannot exceed 0.
[8316.966s] PRUNE: margin=-8.000000, optimistic_rem(widened)=8.000000 -> cannot exceed 0.
[8322.482s] PRUNE: margin=-14.000000, optimistic_rem(widened)=6.000000 -> cannot exceed 0.
[8328.077s] PRUNE: margin=-8.000000, optimistic_rem(widened)=8.000000 -> cannot exceed 0.
[8333.765s] PRUNE: margin=-8.000000, optimistic_rem(widened)=8.000000 -> cannot exceed 0.
[8339.294s] PRUNE: margin=-8.000000, optimistic_rem(widened)=8.000000 -> cannot exceed 0.
[8344.722s] PRUNE: margin=-8.000000, optimistic_rem(widened)=8.000000 -> cannot exceed 0.
[8350.307s] PRUNE: margin=-8.000000, optimistic_rem(widened)=8.000000 -> cannot exceed 0.
[8355.829s] PRUNE: margin=-8.000000, optimistic_rem(widened)=8.000000 -> cannot exceed 0.
[8361.326s] PRUNE: margin=-8.000000, optimistic_rem(widened)=8.000000 -> cannot exceed 0.
[8369.887s] PRUNE: margin=-8.000000, optimistic_rem(widened)=8.000000 -> cannot exceed 0.
[8391.710s] PRUNE: margin=-14.000000, optimistic_rem(widened)=2.000000 -> cannot exceed 0.
[8400.454s] PRUNE: margin=-6.000000, optimistic_rem(widened)=0.000000 -> cannot exceed 0.
[8409.195s] PRUNE: margin=-6.000000, optimistic_rem(widened)=0.000000 -> cannot exceed 0.
[8417.937s] PRUNE: margin=-6.000000, optimistic_rem(widened)=0.000000 -> cannot exceed 0.
[8426.679s] PRUNE: margin=-6.000000, optimistic_rem(widened)=0.000000 -> cannot exceed 0.
[8435.422s] PRUNE: margin=-6.000000, optimistic_rem(widened)=0.000000 -> cannot exceed 0.
[8444.164s] PRUNE: margin=-6.000000, optimistic_rem(widened)=0.000000 -> cannot exceed 0.
[8452.907s] PRUNE: margin=-6.000000, optimistic_rem(widened)=0.000000 -> cannot exceed 0.
[8470.368s] PRUNE: margin=-8.000000, optimistic_rem(widened)=0.000000 -> cannot exceed 0.
[8479.096s] PRUNE: margin=-8.000000, optimistic_rem(widened)=0.000000 -> cannot exceed 0.
[8487.822s] PRUNE: margin=-8.000000, optimistic_rem(widened)=0.000000 -> cannot exceed 0.
[8496.549s] PRUNE: margin=-8.000000, optimistic_rem(widened)=0.000000 -> cannot exceed 0.
[8505.277s] PRUNE: margin=-8.000000, optimistic_rem(widened)=0.000000 -> cannot exceed 0.
[8514.007s] PRUNE: margin=-8.000000, optimistic_rem(widened)=0.000000 -> cannot exceed 0.
[8522.735s] PRUNE: margin=-8.000000, optimistic_rem(widened)=0.000000 -> cannot exceed 0.
[8535.826s] PRUNE: margin=-8.000000, optimistic_rem(widened)=8.000000 -> cannot exceed 0.
[8544.551s] PRUNE: margin=-8.000000, optimistic_rem(widened)=8.000000 -> cannot exceed 0.
[8553.280s] PRUNE: margin=-8.000000, optimistic_rem(widened)=8.000000 -> cannot exceed 0.
[8562.008s] PRUNE: margin=-8.000000, optimistic_rem(widened)=8.000000 -> cannot exceed 0.
[8570.736s] PRUNE: margin=-8.000000, optimistic_rem(widened)=2.000000 -> cannot exceed 0.
[8579.463s] PRUNE: margin=-8.000000, optimistic_rem(widened)=8.000000 -> cannot exceed 0.
[8588.191s] PRUNE: margin=-8.000000, optimistic_rem(widened)=2.000000 -> cannot exceed 0.
[8610.014s] PRUNE: margin=-6.000000, optimistic_rem(widened)=0.000000 -> cannot exceed 0.
[8618.747s] PRUNE: margin=-6.000000, optimistic_rem(widened)=0.000000 -> cannot exceed 0.
[8627.481s] PRUNE: margin=-6.000000, optimistic_rem(widened)=0.000000 -> cannot exceed 0.
[8636.215s] PRUNE: margin=-6.000000, optimistic_rem(widened)=0.000000 -> cannot exceed 0.
[8644.948s] PRUNE: margin=-6.000000, optimistic_rem(widened)=0.000000 -> cannot exceed 0.
[8653.681s] PRUNE: margin=-6.000000, optimistic_rem(widened)=0.000000 -> cannot exceed 0.
[8662.418s] PRUNE: margin=-14.000000, optimistic_rem(widened)=0.000000 -> cannot exceed 0.
[8675.510s] PRUNE: margin=-8.000000, optimistic_rem(widened)=2.000000 -> cannot exceed 0.
[8684.240s] PRUNE: margin=-8.000000, optimistic_rem(widened)=2.000000 -> cannot exceed 0.
[8692.967s] PRUNE: margin=-8.000000, optimistic_rem(widened)=2.000000 -> cannot exceed 0.
[8701.695s] PRUNE: margin=-8.000000, optimistic_rem(widened)=8.000000 -> cannot exceed 0.
[8710.420s] PRUNE: margin=-8.000000, optimistic_rem(widened)=2.000000 -> cannot exceed 0.
[8719.148s] PRUNE: margin=-8.000000, optimistic_rem(widened)=8.000000 -> cannot exceed 0.
[8727.878s] PRUNE: margin=-8.000000, optimistic_rem(widened)=2.000000 -> cannot exceed 0.
[8740.967s] PRUNE: margin=-8.000000, optimistic_rem(widened)=6.000000 -> cannot exceed 0.
[8749.681s] PRUNE: margin=-8.000000, optimistic_rem(widened)=8.000000 -> cannot exceed 0.
[8758.397s] PRUNE: margin=-8.000000, optimistic_rem(widened)=8.000000 -> cannot exceed 0.
[8767.114s] PRUNE: margin=-8.000000, optimistic_rem(widened)=8.000000 -> cannot exceed 0.
[8775.832s] PRUNE: margin=-8.000000, optimistic_rem(widened)=8.000000 -> cannot exceed 0.
[8784.548s] PRUNE: margin=-8.000000, optimistic_rem(widened)=8.000000 -> cannot exceed 0.
[8797.631s] PRUNE: margin=-8.000000, optimistic_rem(widened)=8.000000 -> cannot exceed 0.
[8810.709s] PRUNE: margin=-8.000000, optimistic_rem(widened)=2.000000 -> cannot exceed 0.
[8828.152s] PRUNE: margin=-8.000000, optimistic_rem(widened)=2.000000 -> cannot exceed 0.
[8841.260s] PRUNE: margin=-8.000000, optimistic_rem(widened)=2.000000 -> cannot exceed 0.
[8850.000s] PRUNE: margin=-8.000000, optimistic_rem(widened)=2.000000 -> cannot exceed 0.
[8858.740s] PRUNE: margin=-8.000000, optimistic_rem(widened)=2.000000 -> cannot exceed 0.
[8867.483s] PRUNE: margin=-8.000000, optimistic_rem(widened)=8.000000 -> cannot exceed 0.
[8880.586s] PRUNE: margin=-14.000000, optimistic_rem(widened)=0.000000 -> cannot exceed 0.
[8889.323s] PRUNE: margin=-14.000000, optimistic_rem(widened)=0.000000 -> cannot exceed 0.
[8898.057s] PRUNE: margin=-14.000000, optimistic_rem(widened)=0.000000 -> cannot exceed 0.
[8911.165s] PRUNE: margin=-8.000000, optimistic_rem(widened)=8.000000 -> cannot exceed 0.
[8919.908s] PRUNE: margin=-8.000000, optimistic_rem(widened)=8.000000 -> cannot exceed 0.
[8928.649s] PRUNE: margin=-8.000000, optimistic_rem(widened)=8.000000 -> cannot exceed 0.
[8946.113s] PRUNE: margin=-8.000000, optimistic_rem(widened)=2.000000 -> cannot exceed 0.
[8954.842s] PRUNE: margin=-8.000000, optimistic_rem(widened)=2.000000 -> cannot exceed 0.
[8963.572s] PRUNE: margin=-8.000000, optimistic_rem(widened)=8.000000 -> cannot exceed 0.
[8972.299s] PRUNE: margin=-8.000000, optimistic_rem(widened)=8.000000 -> cannot exceed 0.
[8981.027s] PRUNE: margin=-8.000000, optimistic_rem(widened)=8.000000 -> cannot exceed 0.
[8989.759s] PRUNE: margin=-8.000000, optimistic_rem(widened)=8.000000 -> cannot exceed 0.
[8998.492s] PRUNE: margin=-8.000000, optimistic_rem(widened)=2.000000 -> cannot exceed 0.
[9011.586s] PRUNE: margin=-8.000000, optimistic_rem(widened)=8.000000 -> cannot exceed 0.
[9020.314s] PRUNE: margin=-8.000000, optimistic_rem(widened)=8.000000 -> cannot exceed 0.
[9029.042s] PRUNE: margin=-8.000000, optimistic_rem(widened)=8.000000 -> cannot exceed 0.
[9042.130s] PRUNE: margin=-8.000000, optimistic_rem(widened)=0.000000 -> cannot exceed 0.
[9050.858s] PRUNE: margin=-8.000000, optimistic_rem(widened)=8.000000 -> cannot exceed 0.
[9059.587s] PRUNE: margin=-8.000000, optimistic_rem(widened)=2.000000 -> cannot exceed 0.
[9077.035s] PRUNE: margin=-8.000000, optimistic_rem(widened)=0.000000 -> cannot exceed 0.
[9085.771s] PRUNE: margin=-8.000000, optimistic_rem(widened)=2.000000 -> cannot exceed 0.
[9103.231s] PRUNE: margin=-8.000000, optimistic_rem(widened)=2.000000 -> cannot exceed 0.
[9133.770s] PRUNE: margin=-8.000000, optimistic_rem(widened)=2.000000 -> cannot exceed 0.
[9146.869s] PRUNE: margin=-6.000000, optimistic_rem(widened)=6.000000 -> cannot exceed 0.
[9159.972s] PRUNE: margin=-6.000000, optimistic_rem(widened)=0.000000 -> cannot exceed 0.
[9168.705s] PRUNE: margin=-8.000000, optimistic_rem(widened)=0.000000 -> cannot exceed 0.
[9177.440s] PRUNE: margin=-6.000000, optimistic_rem(widened)=0.000000 -> cannot exceed 0.
[9186.177s] PRUNE: margin=-6.000000, optimistic_rem(widened)=0.000000 -> cannot exceed 0.
[9194.920s] PRUNE: margin=-14.000000, optimistic_rem(widened)=0.000000 -> cannot exceed 0.
[9208.020s] PRUNE: margin=-6.000000, optimistic_rem(widened)=6.000000 -> cannot exceed 0.
[9216.753s] PRUNE: margin=-6.000000, optimistic_rem(widened)=6.000000 -> cannot exceed 0.
[9229.862s] PRUNE: margin=-6.000000, optimistic_rem(widened)=0.000000 -> cannot exceed 0.
[9238.599s] PRUNE: margin=-6.000000, optimistic_rem(widened)=0.000000 -> cannot exceed 0.
[9256.073s] PRUNE: margin=-6.000000, optimistic_rem(widened)=0.000000 -> cannot exceed 0.
[9269.180s] PRUNE: margin=-6.000000, optimistic_rem(widened)=6.000000 -> cannot exceed 0.
[9286.647s] PRUNE: margin=-8.000000, optimistic_rem(widened)=8.000000 -> cannot exceed 0.
[9295.378s] PRUNE: margin=-8.000000, optimistic_rem(widened)=8.000000 -> cannot exceed 0.
[9304.108s] PRUNE: margin=-8.000000, optimistic_rem(widened)=2.000000 -> cannot exceed 0.
[9312.837s] PRUNE: margin=-8.000000, optimistic_rem(widened)=8.000000 -> cannot exceed 0.
[9321.563s] PRUNE: margin=-8.000000, optimistic_rem(widened)=8.000000 -> cannot exceed 0.
[9330.293s] PRUNE: margin=-8.000000, optimistic_rem(widened)=2.000000 -> cannot exceed 0.
[9347.753s] PRUNE: margin=-8.000000, optimistic_rem(widened)=8.000000 -> cannot exceed 0.
[9356.480s] PRUNE: margin=-8.000000, optimistic_rem(widened)=2.000000 -> cannot exceed 0.
[9365.209s] PRUNE: margin=-8.000000, optimistic_rem(widened)=8.000000 -> cannot exceed 0.
[9373.934s] PRUNE: margin=-8.000000, optimistic_rem(widened)=8.000000 -> cannot exceed 0.
[9382.665s] PRUNE: margin=-8.000000, optimistic_rem(widened)=2.000000 -> cannot exceed 0.
[9400.122s] PRUNE: margin=-8.000000, optimistic_rem(widened)=2.000000 -> cannot exceed 0.
[9408.851s] PRUNE: margin=-8.000000, optimistic_rem(widened)=2.000000 -> cannot exceed 0.
[9417.586s] PRUNE: margin=-8.000000, optimistic_rem(widened)=8.000000 -> cannot exceed 0.
[9426.317s] PRUNE: margin=-8.000000, optimistic_rem(widened)=2.000000 -> cannot exceed 0.
[9439.414s] PRUNE: margin=-8.000000, optimistic_rem(widened)=2.000000 -> cannot exceed 0.
[9452.500s] PRUNE: margin=-8.000000, optimistic_rem(widened)=2.000000 -> cannot exceed 0.
[9461.234s] PRUNE: margin=-8.000000, optimistic_rem(widened)=2.000000 -> cannot exceed 0.
[9478.708s] PRUNE: margin=-16.000000, optimistic_rem(widened)=8.000000 -> cannot exceed 0.
[9491.804s] PRUNE: margin=-8.000000, optimistic_rem(widened)=2.000000 -> cannot exceed 0.
[9509.261s] PRUNE: margin=-8.000000, optimistic_rem(widened)=2.000000 -> cannot exceed 0.
[9517.992s] PRUNE: margin=-8.000000, optimistic_rem(widened)=2.000000 -> cannot exceed 0.
[9526.721s] PRUNE: margin=-8.000000, optimistic_rem(widened)=2.000000 -> cannot exceed 0.
[9535.449s] PRUNE: margin=-8.000000, optimistic_rem(widened)=2.000000 -> cannot exceed 0.
[9544.178s] PRUNE: margin=-8.000000, optimistic_rem(widened)=2.000000 -> cannot exceed 0.
[9552.907s] PRUNE: margin=-8.000000, optimistic_rem(widened)=2.000000 -> cannot exceed 0.
[9561.634s] PRUNE: margin=-8.000000, optimistic_rem(widened)=2.000000 -> cannot exceed 0.
[9570.365s] PRUNE: margin=-8.000000, optimistic_rem(widened)=2.000000 -> cannot exceed 0.
[9596.533s] PRUNE: margin=-8.000000, optimistic_rem(widened)=4.000000 -> cannot exceed 0.
[9657.566s] PRUNE: margin=-8.000000, optimistic_rem(widened)=4.000000 -> cannot exceed 0.
[9670.648s] PRUNE: margin=-8.000000, optimistic_rem(widened)=4.000000 -> cannot exceed 0.
[9762.231s] PRUNE: margin=-14.000000, optimistic_rem(widened)=10.000000 -> cannot exceed 0.
[9775.317s] PRUNE: margin=-8.000000, optimistic_rem(widened)=6.000000 -> cannot exceed 0.
[9792.765s] PRUNE: margin=-8.000000, optimistic_rem(widened)=4.000000 -> cannot exceed 0.
[9884.339s] PRUNE: margin=-14.000000, optimistic_rem(widened)=10.000000 -> cannot exceed 0.
[9897.424s] PRUNE: margin=-8.000000, optimistic_rem(widened)=6.000000 -> cannot exceed 0.
[9910.506s] PRUNE: margin=-8.000000, optimistic_rem(widened)=4.000000 -> cannot exceed 0.
[9919.228s] PRUNE: margin=-8.000000, optimistic_rem(widened)=4.000000 -> cannot exceed 0.
[9936.689s] PRUNE: margin=-14.000000, optimistic_rem(widened)=2.000000 -> cannot exceed 0.
[10002.116s] PRUNE: margin=-8.000000, optimistic_rem(widened)=4.000000 -> cannot exceed 0.
[10093.692s] PRUNE: margin=-14.000000, optimistic_rem(widened)=10.000000 -> cannot exceed 0.
[10106.774s] PRUNE: margin=-8.000000, optimistic_rem(widened)=6.000000 -> cannot exceed 0.
[10119.852s] PRUNE: margin=-8.000000, optimistic_rem(widened)=4.000000 -> cannot exceed 0.
[10128.572s] PRUNE: margin=-8.000000, optimistic_rem(widened)=4.000000 -> cannot exceed 0.
[10146.030s] PRUNE: margin=-14.000000, optimistic_rem(widened)=2.000000 -> cannot exceed 0.
[10207.089s] PRUNE: margin=-8.000000, optimistic_rem(widened)=4.000000 -> cannot exceed 0.
[10255.122s] PRUNE: margin=-14.000000, optimistic_rem(widened)=2.000000 -> cannot exceed 0.
[10290.062s] PRUNE: margin=-14.000000, optimistic_rem(widened)=10.000000 -> cannot exceed 0.
[10333.721s] PRUNE: margin=-8.000000, optimistic_rem(widened)=6.000000 -> cannot exceed 0.
[10390.553s] PRUNE: margin=-14.000000, optimistic_rem(widened)=2.000000 -> cannot exceed 0.
[10425.612s] PRUNE: margin=-14.000000, optimistic_rem(widened)=10.000000 -> cannot exceed 0.
[10469.608s] PRUNE: margin=-8.000000, optimistic_rem(widened)=6.000000 -> cannot exceed 0.
[10482.804s] PRUNE: margin=-8.000000, optimistic_rem(widened)=4.000000 -> cannot exceed 0.
[10500.417s] PRUNE: margin=-14.000000, optimistic_rem(widened)=8.000000 -> cannot exceed 0.
[10548.811s] No counterexample within budgets (BaB): no misclassification found.
STATUS: No counterexample | best_upper_margin=20.000000 | elapsed=10548.811s | pixels_changed=0 | total_bit_flips=0 | avg_hamming_per_pixel=0.000000 | patch_rows=8-10 | patch_cols=15-18 | note=no_counterexample_within_budgets
