[  0.000s] init: idx=566 kmax=2 bmax=4 topx=2 widen=1.000 rank_fast=off
clean logits (hex):  0x84  0x84  0x84  0x84  0x84  0x85  0x8d  0x83  0x85  0x84
clean logits (bits): 10000100 10000100 10000100 10000100 10000100 10000101 10001101 10000011 10000101 10000100
clean logits (double): -16.000000 -16.000000 -16.000000 -16.000000 -16.000000 -14.000000 -5.500000 -24.000000 -14.000000 -16.000000
[  0.016s] clean prediction: 6 (true label 6)
[1409.406s] selection: nSym=2 (from 784), topx=2, rank_fast=off
[1409.406s] active patch: rows 13-15, cols 12-14 (derived from symPix)
[1421.015s] Proceeding to BaB (greedy enabled).
[1421.015s] Skipping root bound check (--no-root-bound).
[1421.015s] BaB search starting (K<=2, B<=4, nSym=2, depth_limit=500000000, widen=1.00)...
[1425.947s] PRUNE: margin=-8.000000, optimistic_rem(widened)=5.000000 -> cannot exceed 0.
[1433.341s] PRUNE: margin=-8.500000, optimistic_rem(widened)=4.500000 -> cannot exceed 0.
[1438.291s] PRUNE: margin=-8.500000, optimistic_rem(widened)=4.000000 -> cannot exceed 0.
[1443.279s] PRUNE: margin=-8.500000, optimistic_rem(widened)=4.000000 -> cannot exceed 0.
[1448.354s] PRUNE: margin=-8.500000, optimistic_rem(widened)=4.000000 -> cannot exceed 0.
[1455.891s] PRUNE: margin=-8.000000, optimistic_rem(widened)=7.500000 -> cannot exceed 0.
[1460.804s] PRUNE: margin=-8.000000, optimistic_rem(widened)=7.500000 -> cannot exceed 0.
[1465.717s] PRUNE: margin=-8.000000, optimistic_rem(widened)=7.500000 -> cannot exceed 0.
[1470.817s] PRUNE: margin=-8.000000, optimistic_rem(widened)=8.000000 -> cannot exceed 0.
[1478.756s] PRUNE: margin=-8.000000, optimistic_rem(widened)=0.000000 -> cannot exceed 0.
[1484.028s] PRUNE: margin=-8.000000, optimistic_rem(widened)=0.000000 -> cannot exceed 0.
[1489.272s] PRUNE: margin=-8.000000, optimistic_rem(widened)=0.000000 -> cannot exceed 0.
[1494.435s] PRUNE: margin=-16.000000, optimistic_rem(widened)=0.000000 -> cannot exceed 0.
[1502.197s] PRUNE: margin=-8.000000, optimistic_rem(widened)=7.500000 -> cannot exceed 0.
[1507.406s] PRUNE: margin=-8.000000, optimistic_rem(widened)=7.500000 -> cannot exceed 0.
[1512.363s] PRUNE: margin=-8.000000, optimistic_rem(widened)=8.000000 -> cannot exceed 0.
[1517.441s] PRUNE: margin=-16.000000, optimistic_rem(widened)=14.000000 -> cannot exceed 0.
[1527.878s] PRUNE: margin=-8.500000, optimistic_rem(widened)=8.000000 -> cannot exceed 0.
[1533.242s] PRUNE: margin=-8.500000, optimistic_rem(widened)=8.000000 -> cannot exceed 0.
[1538.308s] PRUNE: margin=-8.000000, optimistic_rem(widened)=7.500000 -> cannot exceed 0.
[1543.341s] PRUNE: margin=-8.000000, optimistic_rem(widened)=7.500000 -> cannot exceed 0.
[1548.453s] PRUNE: margin=-8.000000, optimistic_rem(widened)=7.500000 -> cannot exceed 0.
[1553.718s] PRUNE: margin=-8.000000, optimistic_rem(widened)=7.500000 -> cannot exceed 0.
[1558.971s] PRUNE: margin=-8.000000, optimistic_rem(widened)=7.500000 -> cannot exceed 0.
[1564.023s] PRUNE: margin=-8.000000, optimistic_rem(widened)=8.000000 -> cannot exceed 0.
[1622.966s] PRUNE: margin=-8.500000, optimistic_rem(widened)=0.000000 -> cannot exceed 0.
[1627.947s] PRUNE: margin=-8.500000, optimistic_rem(widened)=0.000000 -> cannot exceed 0.
[1633.210s] PRUNE: margin=-8.500000, optimistic_rem(widened)=0.000000 -> cannot exceed 0.
[1693.353s] PRUNE: margin=-8.500000, optimistic_rem(widened)=0.000000 -> cannot exceed 0.
[1701.638s] PRUNE: margin=-8.500000, optimistic_rem(widened)=0.000000 -> cannot exceed 0.
[1709.925s] PRUNE: margin=-8.500000, optimistic_rem(widened)=0.000000 -> cannot exceed 0.
[1747.226s] PRUNE: margin=-8.500000, optimistic_rem(widened)=0.000000 -> cannot exceed 0.
[1755.514s] PRUNE: margin=-8.500000, optimistic_rem(widened)=0.000000 -> cannot exceed 0.
[1763.803s] PRUNE: margin=-8.500000, optimistic_rem(widened)=0.000000 -> cannot exceed 0.
[1780.376s] PRUNE: margin=-8.500000, optimistic_rem(widened)=0.000000 -> cannot exceed 0.
[1788.664s] PRUNE: margin=-8.500000, optimistic_rem(widened)=0.000000 -> cannot exceed 0.
[1796.952s] PRUNE: margin=-8.500000, optimistic_rem(widened)=0.000000 -> cannot exceed 0.
[1809.384s] PRUNE: margin=-8.500000, optimistic_rem(widened)=8.000000 -> cannot exceed 0.
[1817.669s] PRUNE: margin=-8.500000, optimistic_rem(widened)=8.000000 -> cannot exceed 0.
[1825.953s] PRUNE: margin=-8.500000, optimistic_rem(widened)=8.000000 -> cannot exceed 0.
[1892.196s] PRUNE: margin=-8.500000, optimistic_rem(widened)=0.000000 -> cannot exceed 0.
[1900.472s] PRUNE: margin=-8.500000, optimistic_rem(widened)=0.000000 -> cannot exceed 0.
[1908.755s] PRUNE: margin=-8.500000, optimistic_rem(widened)=0.000000 -> cannot exceed 0.
[1946.020s] PRUNE: margin=-8.500000, optimistic_rem(widened)=0.000000 -> cannot exceed 0.
[1954.301s] PRUNE: margin=-8.500000, optimistic_rem(widened)=0.000000 -> cannot exceed 0.
[1962.584s] PRUNE: margin=-8.500000, optimistic_rem(widened)=0.000000 -> cannot exceed 0.
[1979.158s] PRUNE: margin=-8.500000, optimistic_rem(widened)=0.000000 -> cannot exceed 0.
[1987.441s] PRUNE: margin=-8.500000, optimistic_rem(widened)=0.000000 -> cannot exceed 0.
[1995.729s] PRUNE: margin=-8.500000, optimistic_rem(widened)=0.000000 -> cannot exceed 0.
[2008.153s] PRUNE: margin=-8.500000, optimistic_rem(widened)=8.000000 -> cannot exceed 0.
[2016.435s] PRUNE: margin=-8.500000, optimistic_rem(widened)=8.000000 -> cannot exceed 0.
[2024.721s] PRUNE: margin=-8.500000, optimistic_rem(widened)=8.000000 -> cannot exceed 0.
[2066.130s] PRUNE: margin=-8.500000, optimistic_rem(widened)=0.000000 -> cannot exceed 0.
[2074.413s] PRUNE: margin=-8.500000, optimistic_rem(widened)=0.000000 -> cannot exceed 0.
[2082.695s] PRUNE: margin=-8.500000, optimistic_rem(widened)=0.000000 -> cannot exceed 0.
[2099.257s] PRUNE: margin=-8.500000, optimistic_rem(widened)=0.000000 -> cannot exceed 0.
[2107.543s] PRUNE: margin=-8.500000, optimistic_rem(widened)=0.000000 -> cannot exceed 0.
[2115.825s] PRUNE: margin=-8.500000, optimistic_rem(widened)=0.000000 -> cannot exceed 0.
[2128.251s] PRUNE: margin=-8.500000, optimistic_rem(widened)=8.000000 -> cannot exceed 0.
[2136.533s] PRUNE: margin=-8.500000, optimistic_rem(widened)=8.000000 -> cannot exceed 0.
[2144.818s] PRUNE: margin=-8.500000, optimistic_rem(widened)=8.000000 -> cannot exceed 0.
[2165.528s] PRUNE: margin=-8.500000, optimistic_rem(widened)=0.000000 -> cannot exceed 0.
[2173.809s] PRUNE: margin=-8.500000, optimistic_rem(widened)=0.000000 -> cannot exceed 0.
[2182.091s] PRUNE: margin=-8.500000, optimistic_rem(widened)=0.000000 -> cannot exceed 0.
[2194.513s] PRUNE: margin=-8.500000, optimistic_rem(widened)=8.000000 -> cannot exceed 0.
[2202.801s] PRUNE: margin=-8.500000, optimistic_rem(widened)=8.000000 -> cannot exceed 0.
[2211.085s] PRUNE: margin=-8.500000, optimistic_rem(widened)=8.000000 -> cannot exceed 0.
[2227.655s] PRUNE: margin=-8.500000, optimistic_rem(widened)=2.000000 -> cannot exceed 0.
[2235.938s] PRUNE: margin=-8.500000, optimistic_rem(widened)=2.000000 -> cannot exceed 0.
[2244.223s] PRUNE: margin=-8.500000, optimistic_rem(widened)=8.000000 -> cannot exceed 0.
[2260.792s] PRUNE: margin=-8.500000, optimistic_rem(widened)=8.000000 -> cannot exceed 0.
[2269.077s] PRUNE: margin=-8.500000, optimistic_rem(widened)=8.000000 -> cannot exceed 0.
[2285.645s] PRUNE: margin=-8.500000, optimistic_rem(widened)=8.000000 -> cannot exceed 0.
[2314.636s] PRUNE: margin=-8.500000, optimistic_rem(widened)=7.000000 -> cannot exceed 0.
[2322.919s] PRUNE: margin=-8.500000, optimistic_rem(widened)=7.000000 -> cannot exceed 0.
[2331.203s] PRUNE: margin=-8.500000, optimistic_rem(widened)=8.500000 -> cannot exceed 0.
[2339.483s] PRUNE: margin=-8.500000, optimistic_rem(widened)=4.000000 -> cannot exceed 0.
[2347.761s] PRUNE: margin=-8.500000, optimistic_rem(widened)=2.500000 -> cannot exceed 0.
[2356.034s] PRUNE: margin=-8.500000, optimistic_rem(widened)=3.500000 -> cannot exceed 0.
[2368.479s] PRUNE: margin=-9.000000, optimistic_rem(widened)=8.500000 -> cannot exceed 0.
[2376.786s] PRUNE: margin=-9.000000, optimistic_rem(widened)=8.000000 -> cannot exceed 0.
[2385.099s] PRUNE: margin=-16.000000, optimistic_rem(widened)=13.500000 -> cannot exceed 0.
[2393.406s] PRUNE: margin=-8.500000, optimistic_rem(widened)=8.000000 -> cannot exceed 0.
[2401.715s] PRUNE: margin=-8.500000, optimistic_rem(widened)=8.000000 -> cannot exceed 0.
[2410.048s] PRUNE: margin=-8.500000, optimistic_rem(widened)=8.000000 -> cannot exceed 0.
[2426.660s] PRUNE: margin=-8.500000, optimistic_rem(widened)=6.500000 -> cannot exceed 0.
[2434.969s] PRUNE: margin=-8.500000, optimistic_rem(widened)=8.000000 -> cannot exceed 0.
[2443.266s] PRUNE: margin=-8.500000, optimistic_rem(widened)=8.000000 -> cannot exceed 0.
[2451.558s] PRUNE: margin=-8.500000, optimistic_rem(widened)=8.000000 -> cannot exceed 0.
[2459.858s] PRUNE: margin=-8.500000, optimistic_rem(widened)=8.000000 -> cannot exceed 0.
[2476.451s] PRUNE: margin=-8.500000, optimistic_rem(widened)=0.000000 -> cannot exceed 0.
[2484.741s] PRUNE: margin=-8.000000, optimistic_rem(widened)=7.500000 -> cannot exceed 0.
[2493.036s] PRUNE: margin=-8.000000, optimistic_rem(widened)=7.500000 -> cannot exceed 0.
[2501.331s] PRUNE: margin=-8.000000, optimistic_rem(widened)=7.500000 -> cannot exceed 0.
[2517.918s] PRUNE: margin=-8.500000, optimistic_rem(widened)=2.000000 -> cannot exceed 0.
[2526.214s] PRUNE: margin=-8.500000, optimistic_rem(widened)=8.000000 -> cannot exceed 0.
[2534.510s] PRUNE: margin=-8.500000, optimistic_rem(widened)=8.000000 -> cannot exceed 0.
[2551.106s] PRUNE: margin=-8.500000, optimistic_rem(widened)=8.000000 -> cannot exceed 0.
[2559.401s] PRUNE: margin=-8.500000, optimistic_rem(widened)=8.000000 -> cannot exceed 0.
[2576.003s] PRUNE: margin=-8.500000, optimistic_rem(widened)=2.000000 -> cannot exceed 0.
[2613.370s] PRUNE: margin=-10.000000, optimistic_rem(widened)=10.000000 -> cannot exceed 0.
[2621.694s] PRUNE: margin=-16.000000, optimistic_rem(widened)=10.000000 -> cannot exceed 0.
[2630.022s] PRUNE: margin=-8.500000, optimistic_rem(widened)=0.000000 -> cannot exceed 0.
[2638.352s] PRUNE: margin=-8.500000, optimistic_rem(widened)=0.000000 -> cannot exceed 0.
[2646.685s] PRUNE: margin=-8.500000, optimistic_rem(widened)=0.000000 -> cannot exceed 0.
[2655.012s] PRUNE: margin=-8.500000, optimistic_rem(widened)=0.000000 -> cannot exceed 0.
[2663.337s] PRUNE: margin=-8.500000, optimistic_rem(widened)=0.000000 -> cannot exceed 0.
[2717.462s] PRUNE: margin=-9.000000, optimistic_rem(widened)=0.000000 -> cannot exceed 0.
[2725.774s] PRUNE: margin=-9.000000, optimistic_rem(widened)=0.000000 -> cannot exceed 0.
[2734.086s] PRUNE: margin=-9.000000, optimistic_rem(widened)=0.000000 -> cannot exceed 0.
[2742.397s] PRUNE: margin=-9.000000, optimistic_rem(widened)=0.000000 -> cannot exceed 0.
[2750.708s] PRUNE: margin=-9.000000, optimistic_rem(widened)=0.000000 -> cannot exceed 0.
[2821.412s] PRUNE: margin=-8.000000, optimistic_rem(widened)=7.500000 -> cannot exceed 0.
[2829.745s] PRUNE: margin=-8.000000, optimistic_rem(widened)=7.500000 -> cannot exceed 0.
[2838.079s] PRUNE: margin=-8.000000, optimistic_rem(widened)=7.500000 -> cannot exceed 0.
[2846.414s] PRUNE: margin=-8.000000, optimistic_rem(widened)=7.500000 -> cannot exceed 0.
[2854.745s] PRUNE: margin=-16.000000, optimistic_rem(widened)=13.500000 -> cannot exceed 0.
[2896.426s] PRUNE: margin=-16.000000, optimistic_rem(widened)=12.000000 -> cannot exceed 0.
[2925.597s] PRUNE: margin=-16.000000, optimistic_rem(widened)=12.000000 -> cannot exceed 0.
[2942.272s] PRUNE: margin=-16.000000, optimistic_rem(widened)=10.000000 -> cannot exceed 0.
[2975.545s] PRUNE: margin=-8.500000, optimistic_rem(widened)=0.000000 -> cannot exceed 0.
[2983.846s] PRUNE: margin=-8.500000, optimistic_rem(widened)=0.000000 -> cannot exceed 0.
[3025.276s] PRUNE: margin=-8.500000, optimistic_rem(widened)=0.000000 -> cannot exceed 0.
[3033.578s] PRUNE: margin=-8.500000, optimistic_rem(widened)=0.000000 -> cannot exceed 0.
[3041.878s] PRUNE: margin=-8.500000, optimistic_rem(widened)=0.000000 -> cannot exceed 0.
[3095.817s] PRUNE: margin=-8.500000, optimistic_rem(widened)=0.000000 -> cannot exceed 0.
[3104.099s] PRUNE: margin=-8.500000, optimistic_rem(widened)=0.000000 -> cannot exceed 0.
[3112.385s] PRUNE: margin=-8.500000, optimistic_rem(widened)=0.000000 -> cannot exceed 0.
[3120.669s] PRUNE: margin=-8.500000, optimistic_rem(widened)=0.000000 -> cannot exceed 0.
[3128.952s] PRUNE: margin=-8.500000, optimistic_rem(widened)=0.000000 -> cannot exceed 0.
[3178.673s] PRUNE: margin=-8.000000, optimistic_rem(widened)=7.500000 -> cannot exceed 0.
[3186.974s] PRUNE: margin=-8.000000, optimistic_rem(widened)=7.500000 -> cannot exceed 0.
[3195.277s] PRUNE: margin=-8.000000, optimistic_rem(widened)=7.500000 -> cannot exceed 0.
[3203.578s] PRUNE: margin=-8.000000, optimistic_rem(widened)=7.500000 -> cannot exceed 0.
[3211.887s] PRUNE: margin=-8.000000, optimistic_rem(widened)=8.000000 -> cannot exceed 0.
[3282.475s] PRUNE: margin=-8.500000, optimistic_rem(widened)=8.000000 -> cannot exceed 0.
[3290.773s] PRUNE: margin=-8.500000, optimistic_rem(widened)=8.000000 -> cannot exceed 0.
[3299.074s] PRUNE: margin=-8.500000, optimistic_rem(widened)=8.000000 -> cannot exceed 0.
[3307.371s] PRUNE: margin=-8.500000, optimistic_rem(widened)=8.000000 -> cannot exceed 0.
[3315.677s] PRUNE: margin=-8.500000, optimistic_rem(widened)=8.000000 -> cannot exceed 0.
[3323.983s] PRUNE: margin=-8.500000, optimistic_rem(widened)=8.000000 -> cannot exceed 0.
[3332.281s] PRUNE: margin=-8.500000, optimistic_rem(widened)=8.000000 -> cannot exceed 0.
[3340.578s] PRUNE: margin=-8.500000, optimistic_rem(widened)=8.500000 -> cannot exceed 0.
[3348.873s] PRUNE: margin=-8.500000, optimistic_rem(widened)=8.000000 -> cannot exceed 0.
[3365.474s] PRUNE: margin=-8.500000, optimistic_rem(widened)=8.000000 -> cannot exceed 0.
[3373.774s] PRUNE: margin=-8.500000, optimistic_rem(widened)=8.000000 -> cannot exceed 0.
[3382.074s] PRUNE: margin=-8.500000, optimistic_rem(widened)=8.000000 -> cannot exceed 0.
[3390.374s] PRUNE: margin=-8.500000, optimistic_rem(widened)=8.000000 -> cannot exceed 0.
[3398.674s] PRUNE: margin=-8.500000, optimistic_rem(widened)=8.000000 -> cannot exceed 0.
[3406.973s] PRUNE: margin=-8.500000, optimistic_rem(widened)=8.000000 -> cannot exceed 0.
[3415.268s] PRUNE: margin=-8.500000, optimistic_rem(widened)=8.500000 -> cannot exceed 0.
[3423.560s] PRUNE: margin=-8.500000, optimistic_rem(widened)=8.000000 -> cannot exceed 0.
[3440.160s] PRUNE: margin=-8.500000, optimistic_rem(widened)=8.000000 -> cannot exceed 0.
[3448.455s] PRUNE: margin=-8.500000, optimistic_rem(widened)=8.000000 -> cannot exceed 0.
[3456.753s] PRUNE: margin=-8.500000, optimistic_rem(widened)=8.000000 -> cannot exceed 0.
[3465.050s] PRUNE: margin=-8.500000, optimistic_rem(widened)=8.000000 -> cannot exceed 0.
[3473.351s] PRUNE: margin=-8.500000, optimistic_rem(widened)=8.000000 -> cannot exceed 0.
[3481.647s] PRUNE: margin=-8.500000, optimistic_rem(widened)=8.500000 -> cannot exceed 0.
[3489.945s] PRUNE: margin=-8.500000, optimistic_rem(widened)=8.000000 -> cannot exceed 0.
[3506.541s] PRUNE: margin=-8.500000, optimistic_rem(widened)=8.000000 -> cannot exceed 0.
[3514.837s] PRUNE: margin=-8.500000, optimistic_rem(widened)=8.000000 -> cannot exceed 0.
[3523.138s] PRUNE: margin=-8.500000, optimistic_rem(widened)=8.000000 -> cannot exceed 0.
[3531.438s] PRUNE: margin=-8.500000, optimistic_rem(widened)=8.000000 -> cannot exceed 0.
[3539.736s] PRUNE: margin=-8.500000, optimistic_rem(widened)=8.500000 -> cannot exceed 0.
[3548.034s] PRUNE: margin=-8.500000, optimistic_rem(widened)=8.000000 -> cannot exceed 0.
[3560.483s] PRUNE: margin=-8.500000, optimistic_rem(widened)=8.500000 -> cannot exceed 0.
[3747.123s] PRUNE: margin=-8.500000, optimistic_rem(widened)=4.000000 -> cannot exceed 0.
[3805.172s] PRUNE: margin=-8.500000, optimistic_rem(widened)=4.500000 -> cannot exceed 0.
[3859.299s] PRUNE: margin=-9.000000, optimistic_rem(widened)=0.000000 -> cannot exceed 0.
[3867.631s] PRUNE: margin=-9.000000, optimistic_rem(widened)=0.000000 -> cannot exceed 0.
[3875.961s] PRUNE: margin=-9.000000, optimistic_rem(widened)=0.000000 -> cannot exceed 0.
[3884.294s] PRUNE: margin=-9.000000, optimistic_rem(widened)=0.000000 -> cannot exceed 0.
[3892.624s] PRUNE: margin=-9.000000, optimistic_rem(widened)=0.000000 -> cannot exceed 0.
[3925.949s] PRUNE: margin=-8.500000, optimistic_rem(widened)=7.500000 -> cannot exceed 0.
[3934.275s] PRUNE: margin=-8.500000, optimistic_rem(widened)=7.500000 -> cannot exceed 0.
[3942.604s] PRUNE: margin=-8.500000, optimistic_rem(widened)=7.500000 -> cannot exceed 0.
[3950.931s] PRUNE: margin=-8.500000, optimistic_rem(widened)=8.000000 -> cannot exceed 0.
[3959.257s] PRUNE: margin=-8.500000, optimistic_rem(widened)=8.000000 -> cannot exceed 0.
[4003.718s] PRUNE: margin=-8.500000, optimistic_rem(widened)=8.000000 -> cannot exceed 0.
[4009.031s] PRUNE: margin=-8.500000, optimistic_rem(widened)=8.000000 -> cannot exceed 0.
[4014.028s] PRUNE: margin=-8.500000, optimistic_rem(widened)=8.000000 -> cannot exceed 0.
[4019.051s] PRUNE: margin=-8.500000, optimistic_rem(widened)=8.500000 -> cannot exceed 0.
[4024.130s] PRUNE: margin=-8.500000, optimistic_rem(widened)=8.000000 -> cannot exceed 0.
[4029.236s] PRUNE: margin=-8.500000, optimistic_rem(widened)=8.000000 -> cannot exceed 0.
[4034.253s] PRUNE: margin=-8.500000, optimistic_rem(widened)=8.000000 -> cannot exceed 0.
[4039.211s] PRUNE: margin=-8.500000, optimistic_rem(widened)=8.500000 -> cannot exceed 0.
[4049.161s] PRUNE: margin=-8.500000, optimistic_rem(widened)=8.000000 -> cannot exceed 0.
[4054.095s] PRUNE: margin=-8.500000, optimistic_rem(widened)=8.000000 -> cannot exceed 0.
[4059.020s] PRUNE: margin=-8.500000, optimistic_rem(widened)=8.500000 -> cannot exceed 0.
[4064.008s] PRUNE: margin=-8.500000, optimistic_rem(widened)=8.000000 -> cannot exceed 0.
[4069.135s] PRUNE: margin=-8.500000, optimistic_rem(widened)=8.000000 -> cannot exceed 0.
[4074.332s] PRUNE: margin=-8.500000, optimistic_rem(widened)=8.000000 -> cannot exceed 0.
[4079.256s] PRUNE: margin=-8.500000, optimistic_rem(widened)=8.500000 -> cannot exceed 0.
[4089.163s] PRUNE: margin=-8.500000, optimistic_rem(widened)=2.000000 -> cannot exceed 0.
[4094.090s] PRUNE: margin=-8.500000, optimistic_rem(widened)=8.000000 -> cannot exceed 0.
[4099.004s] PRUNE: margin=-8.500000, optimistic_rem(widened)=8.000000 -> cannot exceed 0.
[4104.166s] PRUNE: margin=-8.500000, optimistic_rem(widened)=8.000000 -> cannot exceed 0.
[4109.298s] PRUNE: margin=-8.500000, optimistic_rem(widened)=8.000000 -> cannot exceed 0.
[4114.628s] PRUNE: margin=-8.500000, optimistic_rem(widened)=8.500000 -> cannot exceed 0.
[4125.283s] PRUNE: margin=-8.500000, optimistic_rem(widened)=2.000000 -> cannot exceed 0.
[4130.583s] PRUNE: margin=-8.500000, optimistic_rem(widened)=8.000000 -> cannot exceed 0.
[4135.868s] PRUNE: margin=-8.500000, optimistic_rem(widened)=8.000000 -> cannot exceed 0.
[4141.121s] PRUNE: margin=-8.500000, optimistic_rem(widened)=8.000000 -> cannot exceed 0.
[4146.448s] PRUNE: margin=-8.500000, optimistic_rem(widened)=8.000000 -> cannot exceed 0.
[4156.892s] PRUNE: margin=-8.500000, optimistic_rem(widened)=8.500000 -> cannot exceed 0.
[4162.108s] PRUNE: margin=-8.500000, optimistic_rem(widened)=8.500000 -> cannot exceed 0.
[4167.422s] PRUNE: margin=-8.500000, optimistic_rem(widened)=8.500000 -> cannot exceed 0.
[4172.546s] PRUNE: margin=-8.500000, optimistic_rem(widened)=8.000000 -> cannot exceed 0.
[4320.632s] PRUNE: margin=-8.000000, optimistic_rem(widened)=0.000000 -> cannot exceed 0.
[4326.188s] PRUNE: margin=-8.000000, optimistic_rem(widened)=0.000000 -> cannot exceed 0.
[4331.154s] PRUNE: margin=-8.000000, optimistic_rem(widened)=0.000000 -> cannot exceed 0.
[4336.299s] PRUNE: margin=-10.000000, optimistic_rem(widened)=0.000000 -> cannot exceed 0.
[4341.606s] PRUNE: margin=-10.000000, optimistic_rem(widened)=0.000000 -> cannot exceed 0.
[4346.963s] PRUNE: margin=-10.000000, optimistic_rem(widened)=10.000000 -> cannot exceed 0.
[4352.264s] PRUNE: margin=-10.000000, optimistic_rem(widened)=10.000000 -> cannot exceed 0.
[4362.881s] PRUNE: margin=-9.000000, optimistic_rem(widened)=0.000000 -> cannot exceed 0.
[4368.142s] PRUNE: margin=-9.000000, optimistic_rem(widened)=0.000000 -> cannot exceed 0.
[4373.389s] PRUNE: margin=-9.000000, optimistic_rem(widened)=0.000000 -> cannot exceed 0.
[4378.329s] PRUNE: margin=-9.000000, optimistic_rem(widened)=0.000000 -> cannot exceed 0.
[4383.271s] PRUNE: margin=-9.000000, optimistic_rem(widened)=0.000000 -> cannot exceed 0.
[4406.682s] PRUNE: margin=-9.000000, optimistic_rem(widened)=0.000000 -> cannot exceed 0.
[4411.896s] PRUNE: margin=-9.000000, optimistic_rem(widened)=0.000000 -> cannot exceed 0.
[4416.979s] PRUNE: margin=-9.000000, optimistic_rem(widened)=0.000000 -> cannot exceed 0.
[4422.260s] PRUNE: margin=-9.000000, optimistic_rem(widened)=0.000000 -> cannot exceed 0.
[4427.547s] PRUNE: margin=-9.000000, optimistic_rem(widened)=0.000000 -> cannot exceed 0.
[4443.104s] PRUNE: margin=-9.000000, optimistic_rem(widened)=0.000000 -> cannot exceed 0.
[4448.319s] PRUNE: margin=-9.000000, optimistic_rem(widened)=0.000000 -> cannot exceed 0.
[4453.546s] PRUNE: margin=-9.000000, optimistic_rem(widened)=0.000000 -> cannot exceed 0.
[4458.694s] PRUNE: margin=-9.000000, optimistic_rem(widened)=0.000000 -> cannot exceed 0.
[4463.689s] PRUNE: margin=-9.000000, optimistic_rem(widened)=0.000000 -> cannot exceed 0.
[4471.097s] PRUNE: margin=-10.000000, optimistic_rem(widened)=8.000000 -> cannot exceed 0.
[4476.051s] PRUNE: margin=-10.000000, optimistic_rem(widened)=8.000000 -> cannot exceed 0.
[4481.058s] PRUNE: margin=-10.000000, optimistic_rem(widened)=8.000000 -> cannot exceed 0.
[4485.977s] PRUNE: margin=-10.000000, optimistic_rem(widened)=8.000000 -> cannot exceed 0.
[4490.982s] PRUNE: margin=-10.000000, optimistic_rem(widened)=7.500000 -> cannot exceed 0.
[4501.274s] PRUNE: margin=-8.500000, optimistic_rem(widened)=8.000000 -> cannot exceed 0.
[4506.191s] PRUNE: margin=-8.500000, optimistic_rem(widened)=8.000000 -> cannot exceed 0.
[4511.141s] PRUNE: margin=-8.500000, optimistic_rem(widened)=8.000000 -> cannot exceed 0.
[4516.403s] PRUNE: margin=-8.500000, optimistic_rem(widened)=8.000000 -> cannot exceed 0.
[4521.581s] PRUNE: margin=-8.500000, optimistic_rem(widened)=8.000000 -> cannot exceed 0.
[4526.463s] PRUNE: margin=-8.500000, optimistic_rem(widened)=8.000000 -> cannot exceed 0.
[4531.365s] PRUNE: margin=-8.500000, optimistic_rem(widened)=8.000000 -> cannot exceed 0.
[4536.288s] PRUNE: margin=-8.500000, optimistic_rem(widened)=8.000000 -> cannot exceed 0.
[4546.309s] PRUNE: margin=-8.500000, optimistic_rem(widened)=8.000000 -> cannot exceed 0.
[4551.397s] PRUNE: margin=-8.500000, optimistic_rem(widened)=8.000000 -> cannot exceed 0.
[4556.318s] PRUNE: margin=-8.500000, optimistic_rem(widened)=8.000000 -> cannot exceed 0.
[4561.485s] PRUNE: margin=-8.500000, optimistic_rem(widened)=8.000000 -> cannot exceed 0.
[4566.439s] PRUNE: margin=-8.500000, optimistic_rem(widened)=8.000000 -> cannot exceed 0.
[4571.551s] PRUNE: margin=-8.500000, optimistic_rem(widened)=8.000000 -> cannot exceed 0.
[4576.760s] PRUNE: margin=-8.500000, optimistic_rem(widened)=8.000000 -> cannot exceed 0.
[4586.661s] PRUNE: margin=-8.500000, optimistic_rem(widened)=2.000000 -> cannot exceed 0.
[4591.641s] PRUNE: margin=-8.500000, optimistic_rem(widened)=8.000000 -> cannot exceed 0.
[4596.645s] PRUNE: margin=-8.500000, optimistic_rem(widened)=8.000000 -> cannot exceed 0.
[4601.528s] PRUNE: margin=-8.500000, optimistic_rem(widened)=8.000000 -> cannot exceed 0.
[4606.398s] PRUNE: margin=-8.500000, optimistic_rem(widened)=8.000000 -> cannot exceed 0.
[4611.362s] PRUNE: margin=-8.500000, optimistic_rem(widened)=8.000000 -> cannot exceed 0.
[4621.211s] PRUNE: margin=-8.500000, optimistic_rem(widened)=2.000000 -> cannot exceed 0.
[4626.105s] PRUNE: margin=-8.500000, optimistic_rem(widened)=2.000000 -> cannot exceed 0.
[4631.066s] PRUNE: margin=-8.500000, optimistic_rem(widened)=8.000000 -> cannot exceed 0.
[4636.085s] PRUNE: margin=-8.500000, optimistic_rem(widened)=8.000000 -> cannot exceed 0.
[4640.984s] PRUNE: margin=-8.500000, optimistic_rem(widened)=8.000000 -> cannot exceed 0.
[4650.896s] PRUNE: margin=-8.500000, optimistic_rem(widened)=2.000000 -> cannot exceed 0.
[4655.836s] PRUNE: margin=-8.500000, optimistic_rem(widened)=8.500000 -> cannot exceed 0.
[4660.867s] PRUNE: margin=-8.500000, optimistic_rem(widened)=8.500000 -> cannot exceed 0.
[4666.015s] PRUNE: margin=-8.500000, optimistic_rem(widened)=8.000000 -> cannot exceed 0.
[4757.080s] PRUNE: margin=-8.000000, optimistic_rem(widened)=0.000000 -> cannot exceed 0.
[4762.144s] PRUNE: margin=-8.000000, optimistic_rem(widened)=0.000000 -> cannot exceed 0.
[4767.126s] PRUNE: margin=-8.000000, optimistic_rem(widened)=0.000000 -> cannot exceed 0.
[4772.076s] PRUNE: margin=-8.000000, optimistic_rem(widened)=0.000000 -> cannot exceed 0.
[4777.017s] PRUNE: margin=-8.000000, optimistic_rem(widened)=0.000000 -> cannot exceed 0.
[4789.867s] PRUNE: margin=-16.000000, optimistic_rem(widened)=10.000000 -> cannot exceed 0.
[4799.992s] PRUNE: margin=-8.000000, optimistic_rem(widened)=0.000000 -> cannot exceed 0.
[4804.995s] PRUNE: margin=-8.000000, optimistic_rem(widened)=0.000000 -> cannot exceed 0.
[4810.010s] PRUNE: margin=-8.000000, optimistic_rem(widened)=0.000000 -> cannot exceed 0.
[4814.989s] PRUNE: margin=-8.000000, optimistic_rem(widened)=0.000000 -> cannot exceed 0.
[4820.067s] PRUNE: margin=-8.000000, optimistic_rem(widened)=0.000000 -> cannot exceed 0.
[4825.302s] PRUNE: margin=-16.000000, optimistic_rem(widened)=10.000000 -> cannot exceed 0.
[4836.043s] PRUNE: margin=-8.000000, optimistic_rem(widened)=0.000000 -> cannot exceed 0.
[4841.401s] PRUNE: margin=-8.000000, optimistic_rem(widened)=0.000000 -> cannot exceed 0.
[4846.601s] PRUNE: margin=-8.000000, optimistic_rem(widened)=0.000000 -> cannot exceed 0.
[4851.587s] PRUNE: margin=-8.000000, optimistic_rem(widened)=0.000000 -> cannot exceed 0.
[4856.608s] PRUNE: margin=-8.000000, optimistic_rem(widened)=0.000000 -> cannot exceed 0.
[4864.467s] PRUNE: margin=-8.500000, optimistic_rem(widened)=8.000000 -> cannot exceed 0.
[4869.723s] PRUNE: margin=-8.500000, optimistic_rem(widened)=8.000000 -> cannot exceed 0.
[4874.999s] PRUNE: margin=-8.500000, optimistic_rem(widened)=8.000000 -> cannot exceed 0.
[4880.062s] PRUNE: margin=-8.500000, optimistic_rem(widened)=8.000000 -> cannot exceed 0.
[4885.016s] PRUNE: margin=-8.500000, optimistic_rem(widened)=8.000000 -> cannot exceed 0.
[4894.929s] PRUNE: margin=-8.000000, optimistic_rem(widened)=8.000000 -> cannot exceed 0.
[4899.961s] PRUNE: margin=-8.000000, optimistic_rem(widened)=7.500000 -> cannot exceed 0.
[4905.139s] PRUNE: margin=-8.000000, optimistic_rem(widened)=8.000000 -> cannot exceed 0.
[4910.315s] PRUNE: margin=-8.000000, optimistic_rem(widened)=8.000000 -> cannot exceed 0.
[4915.471s] PRUNE: margin=-8.000000, optimistic_rem(widened)=8.000000 -> cannot exceed 0.
[4920.702s] PRUNE: margin=-8.000000, optimistic_rem(widened)=8.000000 -> cannot exceed 0.
[4925.806s] PRUNE: margin=-16.000000, optimistic_rem(widened)=8.000000 -> cannot exceed 0.
[4942.306s] PRUNE: margin=-8.000000, optimistic_rem(widened)=7.500000 -> cannot exceed 0.
[4950.597s] PRUNE: margin=-8.000000, optimistic_rem(widened)=8.000000 -> cannot exceed 0.
[4958.883s] PRUNE: margin=-8.000000, optimistic_rem(widened)=8.000000 -> cannot exceed 0.
[4967.176s] PRUNE: margin=-8.000000, optimistic_rem(widened)=8.000000 -> cannot exceed 0.
[4975.464s] PRUNE: margin=-8.000000, optimistic_rem(widened)=8.000000 -> cannot exceed 0.
[4983.768s] PRUNE: margin=-16.000000, optimistic_rem(widened)=8.000000 -> cannot exceed 0.
[5000.352s] PRUNE: margin=-8.000000, optimistic_rem(widened)=8.000000 -> cannot exceed 0.
[5008.642s] PRUNE: margin=-8.000000, optimistic_rem(widened)=8.000000 -> cannot exceed 0.
[5016.930s] PRUNE: margin=-8.000000, optimistic_rem(widened)=8.000000 -> cannot exceed 0.
[5025.226s] PRUNE: margin=-8.000000, optimistic_rem(widened)=8.000000 -> cannot exceed 0.
[5033.537s] PRUNE: margin=-16.000000, optimistic_rem(widened)=8.000000 -> cannot exceed 0.
[5050.117s] PRUNE: margin=-8.000000, optimistic_rem(widened)=8.000000 -> cannot exceed 0.
[5058.408s] PRUNE: margin=-8.000000, optimistic_rem(widened)=7.500000 -> cannot exceed 0.
[5066.699s] PRUNE: margin=-8.000000, optimistic_rem(widened)=7.500000 -> cannot exceed 0.
[5075.012s] PRUNE: margin=-16.000000, optimistic_rem(widened)=8.000000 -> cannot exceed 0.
[5091.592s] PRUNE: margin=-8.000000, optimistic_rem(widened)=8.000000 -> cannot exceed 0.
[5099.883s] PRUNE: margin=-8.000000, optimistic_rem(widened)=8.000000 -> cannot exceed 0.
[5105.994s] PRUNE: margin=-16.000000, optimistic_rem(widened)=8.000000 -> cannot exceed 0.
[5119.505s] PRUNE: margin=-16.000000, optimistic_rem(widened)=10.000000 -> cannot exceed 0.
[5162.377s] PRUNE: margin=-8.000000, optimistic_rem(widened)=0.000000 -> cannot exceed 0.
[5195.899s] PRUNE: margin=-8.500000, optimistic_rem(widened)=0.000000 -> cannot exceed 0.
[5201.256s] PRUNE: margin=-8.500000, optimistic_rem(widened)=0.000000 -> cannot exceed 0.
[5206.625s] PRUNE: margin=-8.500000, optimistic_rem(widened)=0.000000 -> cannot exceed 0.
[5221.661s] PRUNE: margin=-8.500000, optimistic_rem(widened)=0.000000 -> cannot exceed 0.
[5250.682s] PRUNE: margin=-8.500000, optimistic_rem(widened)=0.000000 -> cannot exceed 0.
[5258.977s] PRUNE: margin=-8.500000, optimistic_rem(widened)=0.000000 -> cannot exceed 0.
[5267.283s] PRUNE: margin=-16.000000, optimistic_rem(widened)=0.000000 -> cannot exceed 0.
[5283.874s] PRUNE: margin=-8.500000, optimistic_rem(widened)=0.000000 -> cannot exceed 0.
[5292.169s] PRUNE: margin=-8.500000, optimistic_rem(widened)=0.000000 -> cannot exceed 0.
[5300.459s] PRUNE: margin=-8.500000, optimistic_rem(widened)=0.000000 -> cannot exceed 0.
[5308.775s] PRUNE: margin=-16.000000, optimistic_rem(widened)=0.000000 -> cannot exceed 0.
[5321.214s] PRUNE: margin=-8.500000, optimistic_rem(widened)=8.500000 -> cannot exceed 0.
[5329.506s] PRUNE: margin=-8.500000, optimistic_rem(widened)=8.500000 -> cannot exceed 0.
[5337.798s] PRUNE: margin=-8.500000, optimistic_rem(widened)=8.500000 -> cannot exceed 0.
[5344.499s] PRUNE: margin=-16.000000, optimistic_rem(widened)=13.500000 -> cannot exceed 0.
[5356.975s] PRUNE: margin=-8.500000, optimistic_rem(widened)=4.500000 -> cannot exceed 0.
[5362.006s] PRUNE: margin=-8.000000, optimistic_rem(widened)=0.000000 -> cannot exceed 0.
[5367.070s] PRUNE: margin=-8.500000, optimistic_rem(widened)=0.000000 -> cannot exceed 0.
[5372.342s] PRUNE: margin=-8.500000, optimistic_rem(widened)=0.000000 -> cannot exceed 0.
[5377.539s] PRUNE: margin=-8.500000, optimistic_rem(widened)=0.000000 -> cannot exceed 0.
[5387.395s] PRUNE: margin=-8.500000, optimistic_rem(widened)=0.000000 -> cannot exceed 0.
[5393.215s] PRUNE: margin=-8.500000, optimistic_rem(widened)=0.000000 -> cannot exceed 0.
[5401.510s] PRUNE: margin=-8.500000, optimistic_rem(widened)=0.000000 -> cannot exceed 0.
[5409.824s] PRUNE: margin=-16.000000, optimistic_rem(widened)=0.000000 -> cannot exceed 0.
[5422.268s] PRUNE: margin=-8.500000, optimistic_rem(widened)=8.500000 -> cannot exceed 0.
[5430.563s] PRUNE: margin=-8.500000, optimistic_rem(widened)=8.500000 -> cannot exceed 0.
[5438.861s] PRUNE: margin=-8.500000, optimistic_rem(widened)=8.500000 -> cannot exceed 0.
[5447.170s] PRUNE: margin=-16.000000, optimistic_rem(widened)=13.500000 -> cannot exceed 0.
[5467.905s] PRUNE: margin=-8.500000, optimistic_rem(widened)=0.000000 -> cannot exceed 0.
[5476.199s] PRUNE: margin=-8.500000, optimistic_rem(widened)=0.000000 -> cannot exceed 0.
[5484.491s] PRUNE: margin=-8.500000, optimistic_rem(widened)=0.000000 -> cannot exceed 0.
[5492.802s] PRUNE: margin=-16.000000, optimistic_rem(widened)=0.000000 -> cannot exceed 0.
[5505.244s] PRUNE: margin=-8.500000, optimistic_rem(widened)=8.500000 -> cannot exceed 0.
[5513.538s] PRUNE: margin=-8.500000, optimistic_rem(widened)=8.000000 -> cannot exceed 0.
[5521.832s] PRUNE: margin=-8.500000, optimistic_rem(widened)=8.000000 -> cannot exceed 0.
[5530.140s] PRUNE: margin=-16.000000, optimistic_rem(widened)=13.500000 -> cannot exceed 0.
[5546.726s] PRUNE: margin=-8.500000, optimistic_rem(widened)=8.000000 -> cannot exceed 0.
[5555.020s] PRUNE: margin=-8.500000, optimistic_rem(widened)=2.500000 -> cannot exceed 0.
[5563.311s] PRUNE: margin=-8.500000, optimistic_rem(widened)=2.500000 -> cannot exceed 0.
[5571.620s] PRUNE: margin=-16.000000, optimistic_rem(widened)=13.500000 -> cannot exceed 0.
[5588.205s] PRUNE: margin=-8.500000, optimistic_rem(widened)=8.000000 -> cannot exceed 0.
[5600.674s] PRUNE: margin=-16.000000, optimistic_rem(widened)=0.000000 -> cannot exceed 0.
[5613.133s] PRUNE: margin=-8.500000, optimistic_rem(widened)=8.500000 -> cannot exceed 0.
[5633.896s] PRUNE: margin=-16.000000, optimistic_rem(widened)=0.000000 -> cannot exceed 0.
[5644.668s] PRUNE: margin=-8.500000, optimistic_rem(widened)=8.500000 -> cannot exceed 0.
[5654.765s] PRUNE: margin=-16.000000, optimistic_rem(widened)=13.500000 -> cannot exceed 0.
[5676.996s] PRUNE: margin=-8.500000, optimistic_rem(widened)=4.500000 -> cannot exceed 0.
[5681.929s] PRUNE: margin=-8.000000, optimistic_rem(widened)=0.000000 -> cannot exceed 0.
[5686.840s] PRUNE: margin=-8.500000, optimistic_rem(widened)=0.000000 -> cannot exceed 0.
[5691.892s] PRUNE: margin=-8.500000, optimistic_rem(widened)=0.000000 -> cannot exceed 0.
[5696.986s] PRUNE: margin=-8.500000, optimistic_rem(widened)=0.000000 -> cannot exceed 0.
[5707.166s] PRUNE: margin=-8.500000, optimistic_rem(widened)=0.000000 -> cannot exceed 0.
[5712.097s] PRUNE: margin=-8.500000, optimistic_rem(widened)=0.000000 -> cannot exceed 0.
[5717.274s] PRUNE: margin=-8.500000, optimistic_rem(widened)=0.000000 -> cannot exceed 0.
[5722.513s] PRUNE: margin=-16.000000, optimistic_rem(widened)=0.000000 -> cannot exceed 0.
[5730.349s] PRUNE: margin=-8.500000, optimistic_rem(widened)=8.500000 -> cannot exceed 0.
[5735.541s] PRUNE: margin=-8.500000, optimistic_rem(widened)=8.500000 -> cannot exceed 0.
[5740.664s] PRUNE: margin=-8.500000, optimistic_rem(widened)=8.500000 -> cannot exceed 0.
[5745.925s] PRUNE: margin=-16.000000, optimistic_rem(widened)=13.500000 -> cannot exceed 0.
[5758.902s] PRUNE: margin=-8.500000, optimistic_rem(widened)=0.000000 -> cannot exceed 0.
[5765.659s] PRUNE: margin=-8.500000, optimistic_rem(widened)=0.000000 -> cannot exceed 0.
[5773.952s] PRUNE: margin=-8.500000, optimistic_rem(widened)=0.000000 -> cannot exceed 0.
[5782.257s] PRUNE: margin=-16.000000, optimistic_rem(widened)=0.000000 -> cannot exceed 0.
[5794.695s] PRUNE: margin=-8.500000, optimistic_rem(widened)=8.500000 -> cannot exceed 0.
[5802.987s] PRUNE: margin=-8.500000, optimistic_rem(widened)=8.000000 -> cannot exceed 0.
[5811.286s] PRUNE: margin=-8.500000, optimistic_rem(widened)=8.000000 -> cannot exceed 0.
[5819.598s] PRUNE: margin=-16.000000, optimistic_rem(widened)=13.500000 -> cannot exceed 0.
[5836.183s] PRUNE: margin=-8.500000, optimistic_rem(widened)=8.000000 -> cannot exceed 0.
[5841.446s] PRUNE: margin=-8.500000, optimistic_rem(widened)=2.500000 -> cannot exceed 0.
[5846.502s] PRUNE: margin=-8.500000, optimistic_rem(widened)=2.500000 -> cannot exceed 0.
[5851.675s] PRUNE: margin=-16.000000, optimistic_rem(widened)=13.500000 -> cannot exceed 0.
[5862.204s] PRUNE: margin=-8.500000, optimistic_rem(widened)=8.000000 -> cannot exceed 0.
[5869.922s] PRUNE: margin=-16.000000, optimistic_rem(widened)=0.000000 -> cannot exceed 0.
[5877.671s] PRUNE: margin=-8.500000, optimistic_rem(widened)=8.500000 -> cannot exceed 0.
[5890.507s] PRUNE: margin=-16.000000, optimistic_rem(widened)=0.000000 -> cannot exceed 0.
[5898.117s] PRUNE: margin=-8.500000, optimistic_rem(widened)=8.500000 -> cannot exceed 0.
[5908.121s] PRUNE: margin=-16.000000, optimistic_rem(widened)=13.500000 -> cannot exceed 0.
[5930.588s] PRUNE: margin=-16.000000, optimistic_rem(widened)=0.000000 -> cannot exceed 0.
[5935.678s] PRUNE: margin=-8.000000, optimistic_rem(widened)=0.000000 -> cannot exceed 0.
[5940.736s] PRUNE: margin=-8.000000, optimistic_rem(widened)=0.000000 -> cannot exceed 0.
[5945.739s] PRUNE: margin=-8.000000, optimistic_rem(widened)=0.000000 -> cannot exceed 0.
[5956.147s] PRUNE: margin=-8.500000, optimistic_rem(widened)=0.000000 -> cannot exceed 0.
[5961.251s] PRUNE: margin=-8.500000, optimistic_rem(widened)=0.000000 -> cannot exceed 0.
[5966.327s] PRUNE: margin=-8.500000, optimistic_rem(widened)=0.000000 -> cannot exceed 0.
[5973.847s] PRUNE: margin=-8.500000, optimistic_rem(widened)=8.000000 -> cannot exceed 0.
[5978.840s] PRUNE: margin=-8.500000, optimistic_rem(widened)=8.000000 -> cannot exceed 0.
[5983.834s] PRUNE: margin=-8.500000, optimistic_rem(widened)=8.000000 -> cannot exceed 0.
[5993.899s] PRUNE: margin=-8.500000, optimistic_rem(widened)=8.500000 -> cannot exceed 0.
[5999.042s] PRUNE: margin=-8.500000, optimistic_rem(widened)=8.000000 -> cannot exceed 0.
[6004.205s] PRUNE: margin=-8.500000, optimistic_rem(widened)=8.000000 -> cannot exceed 0.
[6009.275s] PRUNE: margin=-16.000000, optimistic_rem(widened)=13.500000 -> cannot exceed 0.
[6019.299s] PRUNE: margin=-8.500000, optimistic_rem(widened)=8.000000 -> cannot exceed 0.
[6026.885s] PRUNE: margin=-16.000000, optimistic_rem(widened)=0.000000 -> cannot exceed 0.
[6034.420s] PRUNE: margin=-8.500000, optimistic_rem(widened)=8.500000 -> cannot exceed 0.
[6046.769s] PRUNE: margin=-16.000000, optimistic_rem(widened)=0.000000 -> cannot exceed 0.
[6054.348s] PRUNE: margin=-8.500000, optimistic_rem(widened)=8.500000 -> cannot exceed 0.
[6064.445s] PRUNE: margin=-16.000000, optimistic_rem(widened)=13.500000 -> cannot exceed 0.
[6087.876s] PRUNE: margin=-8.000000, optimistic_rem(widened)=0.000000 -> cannot exceed 0.
[6093.027s] PRUNE: margin=-8.000000, optimistic_rem(widened)=0.000000 -> cannot exceed 0.
[6098.157s] PRUNE: margin=-8.000000, optimistic_rem(widened)=0.000000 -> cannot exceed 0.
[6105.785s] PRUNE: margin=-8.500000, optimistic_rem(widened)=8.000000 -> cannot exceed 0.
[6110.943s] PRUNE: margin=-8.500000, optimistic_rem(widened)=8.000000 -> cannot exceed 0.
[6116.131s] PRUNE: margin=-8.500000, optimistic_rem(widened)=8.000000 -> cannot exceed 0.
[6126.424s] PRUNE: margin=-8.500000, optimistic_rem(widened)=8.000000 -> cannot exceed 0.
[6131.700s] PRUNE: margin=-8.500000, optimistic_rem(widened)=8.000000 -> cannot exceed 0.
[6136.734s] PRUNE: margin=-16.000000, optimistic_rem(widened)=13.500000 -> cannot exceed 0.
[6146.959s] PRUNE: margin=-8.500000, optimistic_rem(widened)=8.000000 -> cannot exceed 0.
[6152.119s] PRUNE: margin=-16.000000, optimistic_rem(widened)=13.500000 -> cannot exceed 0.
[6162.525s] PRUNE: margin=-16.000000, optimistic_rem(widened)=13.500000 -> cannot exceed 0.
[6180.669s] PRUNE: margin=-8.500000, optimistic_rem(widened)=8.500000 -> cannot exceed 0.
[6188.417s] PRUNE: margin=-8.500000, optimistic_rem(widened)=8.000000 -> cannot exceed 0.
[6193.430s] PRUNE: margin=-16.000000, optimistic_rem(widened)=13.500000 -> cannot exceed 0.
[6203.704s] PRUNE: margin=-16.000000, optimistic_rem(widened)=13.500000 -> cannot exceed 0.
[6227.244s] PRUNE: margin=-16.000000, optimistic_rem(widened)=10.000000 -> cannot exceed 0.
[6293.988s] No counterexample within budgets (BaB): no misclassification found.
STATUS: No counterexample | best_upper_margin=26.000000 | elapsed=6293.988s | pixels_changed=0 | total_bit_flips=0 | avg_hamming_per_pixel=0.000000 | patch_rows=13-15 | patch_cols=12-14 | note=no_counterexample_within_budgets
