[  0.000s] init: idx=9735 kmax=2 bmax=4 topx=2 widen=1.000 rank_fast=off
clean logits (hex):  0x82  0x83  0x83  0x83  0x88  0x83  0x83  0x84  0x84  0x84
clean logits (bits): 10000010 10000011 10000011 10000011 10001000 10000011 10000011 10000100 10000100 10000100
clean logits (double): -32.000000 -24.000000 -24.000000 -24.000000 -8.000000 -24.000000 -24.000000 -16.000000 -16.000000 -16.000000
[  0.017s] clean prediction: 4 (true label 4)
[1608.463s] selection: nSym=2 (from 784), topx=2, rank_fast=off
[1608.463s] active patch: rows 6-9, cols 13-14 (derived from symPix)
[1619.587s] Proceeding to BaB (greedy enabled).
[1619.587s] Skipping root bound check (--no-root-bound).
[1619.587s] BaB search starting (K<=2, B<=4, nSym=2, depth_limit=500000000, widen=1.00)...
[1627.990s] PRUNE: margin=-8.000000, optimistic_rem(widened)=2.000000 -> cannot exceed 0.
[1649.011s] PRUNE: margin=-8.000000, optimistic_rem(widened)=4.000000 -> cannot exceed 0.
[1707.942s] PRUNE: margin=-8.000000, optimistic_rem(widened)=4.000000 -> cannot exceed 0.
[1716.365s] PRUNE: margin=-8.000000, optimistic_rem(widened)=8.000000 -> cannot exceed 0.
[1724.796s] PRUNE: margin=-8.000000, optimistic_rem(widened)=8.000000 -> cannot exceed 0.
[1733.214s] PRUNE: margin=-8.000000, optimistic_rem(widened)=0.000000 -> cannot exceed 0.
[1741.636s] PRUNE: margin=-8.000000, optimistic_rem(widened)=0.000000 -> cannot exceed 0.
[1750.057s] PRUNE: margin=-8.000000, optimistic_rem(widened)=0.000000 -> cannot exceed 0.
[1758.478s] PRUNE: margin=-8.000000, optimistic_rem(widened)=0.000000 -> cannot exceed 0.
[1766.897s] PRUNE: margin=-8.000000, optimistic_rem(widened)=0.000000 -> cannot exceed 0.
[1775.318s] PRUNE: margin=-8.000000, optimistic_rem(widened)=0.000000 -> cannot exceed 0.
[1783.743s] PRUNE: margin=-16.000000, optimistic_rem(widened)=0.000000 -> cannot exceed 0.
[1800.586s] PRUNE: margin=-8.000000, optimistic_rem(widened)=4.000000 -> cannot exceed 0.
[1809.012s] PRUNE: margin=-8.000000, optimistic_rem(widened)=4.000000 -> cannot exceed 0.
[1817.441s] PRUNE: margin=-8.000000, optimistic_rem(widened)=8.000000 -> cannot exceed 0.
[1825.873s] PRUNE: margin=-8.000000, optimistic_rem(widened)=8.000000 -> cannot exceed 0.
[1834.291s] PRUNE: margin=-8.000000, optimistic_rem(widened)=0.000000 -> cannot exceed 0.
[1842.712s] PRUNE: margin=-8.000000, optimistic_rem(widened)=0.000000 -> cannot exceed 0.
[1851.130s] PRUNE: margin=-8.000000, optimistic_rem(widened)=0.000000 -> cannot exceed 0.
[1859.550s] PRUNE: margin=-8.000000, optimistic_rem(widened)=0.000000 -> cannot exceed 0.
[1867.971s] PRUNE: margin=-8.000000, optimistic_rem(widened)=0.000000 -> cannot exceed 0.
[1876.402s] PRUNE: margin=-8.000000, optimistic_rem(widened)=0.000000 -> cannot exceed 0.
[1884.825s] PRUNE: margin=-16.000000, optimistic_rem(widened)=0.000000 -> cannot exceed 0.
[1901.662s] PRUNE: margin=-8.000000, optimistic_rem(widened)=6.000000 -> cannot exceed 0.
[1910.092s] PRUNE: margin=-8.000000, optimistic_rem(widened)=8.000000 -> cannot exceed 0.
[1918.530s] PRUNE: margin=-8.000000, optimistic_rem(widened)=8.000000 -> cannot exceed 0.
[1926.951s] PRUNE: margin=-8.000000, optimistic_rem(widened)=0.000000 -> cannot exceed 0.
[1935.371s] PRUNE: margin=-8.000000, optimistic_rem(widened)=0.000000 -> cannot exceed 0.
[1943.788s] PRUNE: margin=-8.000000, optimistic_rem(widened)=0.000000 -> cannot exceed 0.
[1952.211s] PRUNE: margin=-8.000000, optimistic_rem(widened)=0.000000 -> cannot exceed 0.
[1960.637s] PRUNE: margin=-8.000000, optimistic_rem(widened)=0.000000 -> cannot exceed 0.
[1969.060s] PRUNE: margin=-8.000000, optimistic_rem(widened)=0.000000 -> cannot exceed 0.
[1977.489s] PRUNE: margin=-16.000000, optimistic_rem(widened)=0.000000 -> cannot exceed 0.
[2036.501s] PRUNE: margin=-8.000000, optimistic_rem(widened)=8.000000 -> cannot exceed 0.
[2044.920s] PRUNE: margin=-8.000000, optimistic_rem(widened)=0.000000 -> cannot exceed 0.
[2053.337s] PRUNE: margin=-8.000000, optimistic_rem(widened)=0.000000 -> cannot exceed 0.
[2061.757s] PRUNE: margin=-8.000000, optimistic_rem(widened)=0.000000 -> cannot exceed 0.
[2070.177s] PRUNE: margin=-8.000000, optimistic_rem(widened)=0.000000 -> cannot exceed 0.
[2078.600s] PRUNE: margin=-8.000000, optimistic_rem(widened)=0.000000 -> cannot exceed 0.
[2087.018s] PRUNE: margin=-8.000000, optimistic_rem(widened)=0.000000 -> cannot exceed 0.
[2095.443s] PRUNE: margin=-8.000000, optimistic_rem(widened)=0.000000 -> cannot exceed 0.
[2112.299s] PRUNE: margin=-6.000000, optimistic_rem(widened)=6.000000 -> cannot exceed 0.
[2120.728s] PRUNE: margin=-14.000000, optimistic_rem(widened)=0.000000 -> cannot exceed 0.
[2129.155s] PRUNE: margin=-8.000000, optimistic_rem(widened)=0.000000 -> cannot exceed 0.
[2137.578s] PRUNE: margin=-8.000000, optimistic_rem(widened)=0.000000 -> cannot exceed 0.
[2145.998s] PRUNE: margin=-8.000000, optimistic_rem(widened)=0.000000 -> cannot exceed 0.
[2154.422s] PRUNE: margin=-8.000000, optimistic_rem(widened)=0.000000 -> cannot exceed 0.
[2162.849s] PRUNE: margin=-8.000000, optimistic_rem(widened)=0.000000 -> cannot exceed 0.
[2171.275s] PRUNE: margin=-8.000000, optimistic_rem(widened)=0.000000 -> cannot exceed 0.
[2188.135s] PRUNE: margin=-12.000000, optimistic_rem(widened)=0.000000 -> cannot exceed 0.
[2196.576s] PRUNE: margin=-14.000000, optimistic_rem(widened)=0.000000 -> cannot exceed 0.
[2205.019s] PRUNE: margin=-8.000000, optimistic_rem(widened)=0.000000 -> cannot exceed 0.
[2213.462s] PRUNE: margin=-8.000000, optimistic_rem(widened)=0.000000 -> cannot exceed 0.
[2221.905s] PRUNE: margin=-8.000000, optimistic_rem(widened)=0.000000 -> cannot exceed 0.
[2230.346s] PRUNE: margin=-8.000000, optimistic_rem(widened)=0.000000 -> cannot exceed 0.
[2238.784s] PRUNE: margin=-8.000000, optimistic_rem(widened)=0.000000 -> cannot exceed 0.
[2251.417s] PRUNE: margin=-8.000000, optimistic_rem(widened)=8.000000 -> cannot exceed 0.
[2259.830s] PRUNE: margin=-8.000000, optimistic_rem(widened)=8.000000 -> cannot exceed 0.
[2268.240s] PRUNE: margin=-8.000000, optimistic_rem(widened)=7.500000 -> cannot exceed 0.
[2276.657s] PRUNE: margin=-8.000000, optimistic_rem(widened)=7.500000 -> cannot exceed 0.
[2285.071s] PRUNE: margin=-8.000000, optimistic_rem(widened)=2.000000 -> cannot exceed 0.
[2293.489s] PRUNE: margin=-8.000000, optimistic_rem(widened)=8.000000 -> cannot exceed 0.
[2301.907s] PRUNE: margin=-16.000000, optimistic_rem(widened)=8.000000 -> cannot exceed 0.
[2318.744s] PRUNE: margin=-8.000000, optimistic_rem(widened)=4.000000 -> cannot exceed 0.
[2331.377s] PRUNE: margin=-8.000000, optimistic_rem(widened)=4.000000 -> cannot exceed 0.
[2339.806s] PRUNE: margin=-8.000000, optimistic_rem(widened)=8.000000 -> cannot exceed 0.
[2348.242s] PRUNE: margin=-8.000000, optimistic_rem(widened)=8.000000 -> cannot exceed 0.
[2356.668s] PRUNE: margin=-8.000000, optimistic_rem(widened)=0.000000 -> cannot exceed 0.
[2365.088s] PRUNE: margin=-8.000000, optimistic_rem(widened)=0.000000 -> cannot exceed 0.
[2373.512s] PRUNE: margin=-8.000000, optimistic_rem(widened)=0.000000 -> cannot exceed 0.
[2381.935s] PRUNE: margin=-8.000000, optimistic_rem(widened)=0.000000 -> cannot exceed 0.
[2390.355s] PRUNE: margin=-8.000000, optimistic_rem(widened)=0.000000 -> cannot exceed 0.
[2398.781s] PRUNE: margin=-8.000000, optimistic_rem(widened)=0.000000 -> cannot exceed 0.
[2407.204s] PRUNE: margin=-16.000000, optimistic_rem(widened)=0.000000 -> cannot exceed 0.
[2419.835s] PRUNE: margin=-8.000000, optimistic_rem(widened)=4.000000 -> cannot exceed 0.
[2432.490s] PRUNE: margin=-6.000000, optimistic_rem(widened)=6.000000 -> cannot exceed 0.
[2440.924s] PRUNE: margin=-14.000000, optimistic_rem(widened)=0.000000 -> cannot exceed 0.
[2449.354s] PRUNE: margin=-8.000000, optimistic_rem(widened)=0.000000 -> cannot exceed 0.
[2457.788s] PRUNE: margin=-8.000000, optimistic_rem(widened)=0.000000 -> cannot exceed 0.
[2466.214s] PRUNE: margin=-8.000000, optimistic_rem(widened)=0.000000 -> cannot exceed 0.
[2474.649s] PRUNE: margin=-8.000000, optimistic_rem(widened)=0.000000 -> cannot exceed 0.
[2483.083s] PRUNE: margin=-8.000000, optimistic_rem(widened)=0.000000 -> cannot exceed 0.
[2491.514s] PRUNE: margin=-8.000000, optimistic_rem(widened)=0.000000 -> cannot exceed 0.
[2508.391s] PRUNE: margin=-12.000000, optimistic_rem(widened)=0.000000 -> cannot exceed 0.
[2516.837s] PRUNE: margin=-14.000000, optimistic_rem(widened)=0.000000 -> cannot exceed 0.
[2525.282s] PRUNE: margin=-8.000000, optimistic_rem(widened)=0.000000 -> cannot exceed 0.
[2533.726s] PRUNE: margin=-8.000000, optimistic_rem(widened)=0.000000 -> cannot exceed 0.
[2542.168s] PRUNE: margin=-8.000000, optimistic_rem(widened)=0.000000 -> cannot exceed 0.
[2550.607s] PRUNE: margin=-8.000000, optimistic_rem(widened)=0.000000 -> cannot exceed 0.
[2559.054s] PRUNE: margin=-8.000000, optimistic_rem(widened)=0.000000 -> cannot exceed 0.
[2571.701s] PRUNE: margin=-8.000000, optimistic_rem(widened)=7.500000 -> cannot exceed 0.
[2580.122s] PRUNE: margin=-8.000000, optimistic_rem(widened)=7.500000 -> cannot exceed 0.
[2588.543s] PRUNE: margin=-8.000000, optimistic_rem(widened)=7.500000 -> cannot exceed 0.
[2596.964s] PRUNE: margin=-8.000000, optimistic_rem(widened)=7.500000 -> cannot exceed 0.
[2605.389s] PRUNE: margin=-8.000000, optimistic_rem(widened)=2.000000 -> cannot exceed 0.
[2613.811s] PRUNE: margin=-8.000000, optimistic_rem(widened)=8.000000 -> cannot exceed 0.
[2622.236s] PRUNE: margin=-16.000000, optimistic_rem(widened)=8.000000 -> cannot exceed 0.
[2639.088s] PRUNE: margin=-8.000000, optimistic_rem(widened)=4.000000 -> cannot exceed 0.
[2647.513s] PRUNE: margin=-8.000000, optimistic_rem(widened)=6.000000 -> cannot exceed 0.
[2660.166s] PRUNE: margin=-6.000000, optimistic_rem(widened)=6.000000 -> cannot exceed 0.
[2668.601s] PRUNE: margin=-14.000000, optimistic_rem(widened)=0.000000 -> cannot exceed 0.
[2677.030s] PRUNE: margin=-8.000000, optimistic_rem(widened)=0.000000 -> cannot exceed 0.
[2685.459s] PRUNE: margin=-8.000000, optimistic_rem(widened)=0.000000 -> cannot exceed 0.
[2693.892s] PRUNE: margin=-8.000000, optimistic_rem(widened)=0.000000 -> cannot exceed 0.
[2702.326s] PRUNE: margin=-8.000000, optimistic_rem(widened)=0.000000 -> cannot exceed 0.
[2710.754s] PRUNE: margin=-8.000000, optimistic_rem(widened)=0.000000 -> cannot exceed 0.
[2719.188s] PRUNE: margin=-8.000000, optimistic_rem(widened)=0.000000 -> cannot exceed 0.
[2736.061s] PRUNE: margin=-12.000000, optimistic_rem(widened)=0.000000 -> cannot exceed 0.
[2744.515s] PRUNE: margin=-14.000000, optimistic_rem(widened)=0.000000 -> cannot exceed 0.
[2752.958s] PRUNE: margin=-8.000000, optimistic_rem(widened)=0.000000 -> cannot exceed 0.
[2761.405s] PRUNE: margin=-8.000000, optimistic_rem(widened)=0.000000 -> cannot exceed 0.
[2769.851s] PRUNE: margin=-8.000000, optimistic_rem(widened)=0.000000 -> cannot exceed 0.
[2778.300s] PRUNE: margin=-8.000000, optimistic_rem(widened)=0.000000 -> cannot exceed 0.
[2786.746s] PRUNE: margin=-8.000000, optimistic_rem(widened)=0.000000 -> cannot exceed 0.
[2799.388s] PRUNE: margin=-8.000000, optimistic_rem(widened)=7.500000 -> cannot exceed 0.
[2807.811s] PRUNE: margin=-8.000000, optimistic_rem(widened)=7.500000 -> cannot exceed 0.
[2816.231s] PRUNE: margin=-8.000000, optimistic_rem(widened)=7.500000 -> cannot exceed 0.
[2824.650s] PRUNE: margin=-8.000000, optimistic_rem(widened)=0.000000 -> cannot exceed 0.
[2833.073s] PRUNE: margin=-8.000000, optimistic_rem(widened)=2.000000 -> cannot exceed 0.
[2841.496s] PRUNE: margin=-8.000000, optimistic_rem(widened)=8.000000 -> cannot exceed 0.
[2849.923s] PRUNE: margin=-16.000000, optimistic_rem(widened)=8.000000 -> cannot exceed 0.
[2866.743s] PRUNE: margin=-8.000000, optimistic_rem(widened)=8.000000 -> cannot exceed 0.
[2879.376s] PRUNE: margin=-6.000000, optimistic_rem(widened)=6.000000 -> cannot exceed 0.
[2887.799s] PRUNE: margin=-14.000000, optimistic_rem(widened)=0.000000 -> cannot exceed 0.
[2896.220s] PRUNE: margin=-8.000000, optimistic_rem(widened)=0.000000 -> cannot exceed 0.
[2904.641s] PRUNE: margin=-8.000000, optimistic_rem(widened)=0.000000 -> cannot exceed 0.
[2913.067s] PRUNE: margin=-8.000000, optimistic_rem(widened)=0.000000 -> cannot exceed 0.
[2921.516s] PRUNE: margin=-8.000000, optimistic_rem(widened)=0.000000 -> cannot exceed 0.
[2929.941s] PRUNE: margin=-8.000000, optimistic_rem(widened)=0.000000 -> cannot exceed 0.
[2938.389s] PRUNE: margin=-8.000000, optimistic_rem(widened)=0.000000 -> cannot exceed 0.
[2955.245s] PRUNE: margin=-12.000000, optimistic_rem(widened)=0.000000 -> cannot exceed 0.
[2963.678s] PRUNE: margin=-14.000000, optimistic_rem(widened)=0.000000 -> cannot exceed 0.
[2972.110s] PRUNE: margin=-8.000000, optimistic_rem(widened)=0.000000 -> cannot exceed 0.
[2980.541s] PRUNE: margin=-8.000000, optimistic_rem(widened)=0.000000 -> cannot exceed 0.
[2988.971s] PRUNE: margin=-8.000000, optimistic_rem(widened)=0.000000 -> cannot exceed 0.
[2997.401s] PRUNE: margin=-8.000000, optimistic_rem(widened)=0.000000 -> cannot exceed 0.
[3005.834s] PRUNE: margin=-8.000000, optimistic_rem(widened)=0.000000 -> cannot exceed 0.
[3018.448s] PRUNE: margin=-8.000000, optimistic_rem(widened)=0.000000 -> cannot exceed 0.
[3026.846s] PRUNE: margin=-8.000000, optimistic_rem(widened)=0.000000 -> cannot exceed 0.
[3035.244s] PRUNE: margin=-8.000000, optimistic_rem(widened)=0.000000 -> cannot exceed 0.
[3043.641s] PRUNE: margin=-8.000000, optimistic_rem(widened)=0.000000 -> cannot exceed 0.
[3052.039s] PRUNE: margin=-8.000000, optimistic_rem(widened)=2.000000 -> cannot exceed 0.
[3060.437s] PRUNE: margin=-8.000000, optimistic_rem(widened)=8.000000 -> cannot exceed 0.
[3068.839s] PRUNE: margin=-16.000000, optimistic_rem(widened)=8.000000 -> cannot exceed 0.
[3089.864s] PRUNE: margin=-14.000000, optimistic_rem(widened)=14.000000 -> cannot exceed 0.
[3098.279s] PRUNE: margin=-14.000000, optimistic_rem(widened)=0.000000 -> cannot exceed 0.
[3106.692s] PRUNE: margin=-8.000000, optimistic_rem(widened)=0.000000 -> cannot exceed 0.
[3115.105s] PRUNE: margin=-8.000000, optimistic_rem(widened)=0.000000 -> cannot exceed 0.
[3123.516s] PRUNE: margin=-8.000000, optimistic_rem(widened)=0.000000 -> cannot exceed 0.
[3131.930s] PRUNE: margin=-8.000000, optimistic_rem(widened)=0.000000 -> cannot exceed 0.
[3140.346s] PRUNE: margin=-8.000000, optimistic_rem(widened)=0.000000 -> cannot exceed 0.
[3148.768s] PRUNE: margin=-8.000000, optimistic_rem(widened)=0.000000 -> cannot exceed 0.
[3165.612s] PRUNE: margin=-12.000000, optimistic_rem(widened)=0.000000 -> cannot exceed 0.
[3174.047s] PRUNE: margin=-14.000000, optimistic_rem(widened)=0.000000 -> cannot exceed 0.
[3182.482s] PRUNE: margin=-8.000000, optimistic_rem(widened)=0.000000 -> cannot exceed 0.
[3190.918s] PRUNE: margin=-8.000000, optimistic_rem(widened)=0.000000 -> cannot exceed 0.
[3199.354s] PRUNE: margin=-8.000000, optimistic_rem(widened)=0.000000 -> cannot exceed 0.
[3207.788s] PRUNE: margin=-8.000000, optimistic_rem(widened)=0.000000 -> cannot exceed 0.
[3216.222s] PRUNE: margin=-8.000000, optimistic_rem(widened)=0.000000 -> cannot exceed 0.
[3228.843s] PRUNE: margin=-8.000000, optimistic_rem(widened)=8.000000 -> cannot exceed 0.
[3237.244s] PRUNE: margin=-8.000000, optimistic_rem(widened)=8.000000 -> cannot exceed 0.
[3245.650s] PRUNE: margin=-8.000000, optimistic_rem(widened)=8.000000 -> cannot exceed 0.
[3254.054s] PRUNE: margin=-8.000000, optimistic_rem(widened)=2.000000 -> cannot exceed 0.
[3262.460s] PRUNE: margin=-8.000000, optimistic_rem(widened)=2.000000 -> cannot exceed 0.
[3270.864s] PRUNE: margin=-8.000000, optimistic_rem(widened)=8.000000 -> cannot exceed 0.
[3279.272s] PRUNE: margin=-8.000000, optimistic_rem(widened)=8.000000 -> cannot exceed 0.
[3300.311s] PRUNE: margin=-10.000000, optimistic_rem(widened)=0.000000 -> cannot exceed 0.
[3308.746s] PRUNE: margin=-12.000000, optimistic_rem(widened)=0.000000 -> cannot exceed 0.
[3317.177s] PRUNE: margin=-8.000000, optimistic_rem(widened)=0.000000 -> cannot exceed 0.
[3325.607s] PRUNE: margin=-8.000000, optimistic_rem(widened)=0.000000 -> cannot exceed 0.
[3334.042s] PRUNE: margin=-8.000000, optimistic_rem(widened)=0.000000 -> cannot exceed 0.
[3342.475s] PRUNE: margin=-8.000000, optimistic_rem(widened)=0.000000 -> cannot exceed 0.
[3350.912s] PRUNE: margin=-14.000000, optimistic_rem(widened)=0.000000 -> cannot exceed 0.
[3363.538s] PRUNE: margin=-14.000000, optimistic_rem(widened)=6.000000 -> cannot exceed 0.
[3371.945s] PRUNE: margin=-8.000000, optimistic_rem(widened)=2.000000 -> cannot exceed 0.
[3380.352s] PRUNE: margin=-8.000000, optimistic_rem(widened)=2.000000 -> cannot exceed 0.
[3388.757s] PRUNE: margin=-8.000000, optimistic_rem(widened)=2.000000 -> cannot exceed 0.
[3397.168s] PRUNE: margin=-8.000000, optimistic_rem(widened)=2.000000 -> cannot exceed 0.
[3405.580s] PRUNE: margin=-8.000000, optimistic_rem(widened)=8.000000 -> cannot exceed 0.
[3413.994s] PRUNE: margin=-8.000000, optimistic_rem(widened)=8.000000 -> cannot exceed 0.
[3430.824s] PRUNE: margin=-12.000000, optimistic_rem(widened)=6.000000 -> cannot exceed 0.
[3439.247s] PRUNE: margin=-14.000000, optimistic_rem(widened)=6.000000 -> cannot exceed 0.
[3447.668s] PRUNE: margin=-8.000000, optimistic_rem(widened)=8.000000 -> cannot exceed 0.
[3456.089s] PRUNE: margin=-8.000000, optimistic_rem(widened)=8.000000 -> cannot exceed 0.
[3464.510s] PRUNE: margin=-8.000000, optimistic_rem(widened)=8.000000 -> cannot exceed 0.
[3472.933s] PRUNE: margin=-8.000000, optimistic_rem(widened)=8.000000 -> cannot exceed 0.
[3481.356s] PRUNE: margin=-8.000000, optimistic_rem(widened)=8.000000 -> cannot exceed 0.
[3493.964s] PRUNE: margin=-8.000000, optimistic_rem(widened)=8.000000 -> cannot exceed 0.
[3502.363s] PRUNE: margin=-8.000000, optimistic_rem(widened)=8.000000 -> cannot exceed 0.
[3510.760s] PRUNE: margin=-8.000000, optimistic_rem(widened)=8.000000 -> cannot exceed 0.
[3519.157s] PRUNE: margin=-8.000000, optimistic_rem(widened)=7.500000 -> cannot exceed 0.
[3527.557s] PRUNE: margin=-8.000000, optimistic_rem(widened)=2.000000 -> cannot exceed 0.
[3540.165s] PRUNE: margin=-14.000000, optimistic_rem(widened)=6.000000 -> cannot exceed 0.
[3552.766s] PRUNE: margin=-16.000000, optimistic_rem(widened)=16.000000 -> cannot exceed 0.
[3573.769s] PRUNE: margin=-8.000000, optimistic_rem(widened)=4.000000 -> cannot exceed 0.
[3586.373s] PRUNE: margin=-8.000000, optimistic_rem(widened)=4.000000 -> cannot exceed 0.
[3594.778s] PRUNE: margin=-8.000000, optimistic_rem(widened)=8.000000 -> cannot exceed 0.
[3603.188s] PRUNE: margin=-8.000000, optimistic_rem(widened)=8.000000 -> cannot exceed 0.
[3611.585s] PRUNE: margin=-8.000000, optimistic_rem(widened)=0.000000 -> cannot exceed 0.
[3619.985s] PRUNE: margin=-8.000000, optimistic_rem(widened)=0.000000 -> cannot exceed 0.
[3628.386s] PRUNE: margin=-8.000000, optimistic_rem(widened)=0.000000 -> cannot exceed 0.
[3636.785s] PRUNE: margin=-8.000000, optimistic_rem(widened)=0.000000 -> cannot exceed 0.
[3645.188s] PRUNE: margin=-8.000000, optimistic_rem(widened)=0.000000 -> cannot exceed 0.
[3653.589s] PRUNE: margin=-8.000000, optimistic_rem(widened)=0.000000 -> cannot exceed 0.
[3661.992s] PRUNE: margin=-16.000000, optimistic_rem(widened)=0.000000 -> cannot exceed 0.
[3674.591s] PRUNE: margin=-8.000000, optimistic_rem(widened)=4.000000 -> cannot exceed 0.
[3687.214s] PRUNE: margin=-6.000000, optimistic_rem(widened)=6.000000 -> cannot exceed 0.
[3695.624s] PRUNE: margin=-14.000000, optimistic_rem(widened)=0.000000 -> cannot exceed 0.
[3704.031s] PRUNE: margin=-8.000000, optimistic_rem(widened)=0.000000 -> cannot exceed 0.
[3712.439s] PRUNE: margin=-8.000000, optimistic_rem(widened)=0.000000 -> cannot exceed 0.
[3720.849s] PRUNE: margin=-8.000000, optimistic_rem(widened)=0.000000 -> cannot exceed 0.
[3729.260s] PRUNE: margin=-8.000000, optimistic_rem(widened)=0.000000 -> cannot exceed 0.
[3737.667s] PRUNE: margin=-8.000000, optimistic_rem(widened)=0.000000 -> cannot exceed 0.
[3746.075s] PRUNE: margin=-8.000000, optimistic_rem(widened)=0.000000 -> cannot exceed 0.
[3762.903s] PRUNE: margin=-12.000000, optimistic_rem(widened)=0.000000 -> cannot exceed 0.
[3771.328s] PRUNE: margin=-14.000000, optimistic_rem(widened)=0.000000 -> cannot exceed 0.
[3779.750s] PRUNE: margin=-8.000000, optimistic_rem(widened)=0.000000 -> cannot exceed 0.
[3788.172s] PRUNE: margin=-8.000000, optimistic_rem(widened)=0.000000 -> cannot exceed 0.
[3796.594s] PRUNE: margin=-8.000000, optimistic_rem(widened)=0.000000 -> cannot exceed 0.
[3805.019s] PRUNE: margin=-8.000000, optimistic_rem(widened)=0.000000 -> cannot exceed 0.
[3813.446s] PRUNE: margin=-8.000000, optimistic_rem(widened)=0.000000 -> cannot exceed 0.
[3826.055s] PRUNE: margin=-8.000000, optimistic_rem(widened)=7.500000 -> cannot exceed 0.
[3834.455s] PRUNE: margin=-8.000000, optimistic_rem(widened)=7.500000 -> cannot exceed 0.
[3842.892s] PRUNE: margin=-8.000000, optimistic_rem(widened)=7.500000 -> cannot exceed 0.
[3851.320s] PRUNE: margin=-8.000000, optimistic_rem(widened)=7.500000 -> cannot exceed 0.
[3859.745s] PRUNE: margin=-8.000000, optimistic_rem(widened)=2.000000 -> cannot exceed 0.
[3868.167s] PRUNE: margin=-8.000000, optimistic_rem(widened)=8.000000 -> cannot exceed 0.
[3876.580s] PRUNE: margin=-16.000000, optimistic_rem(widened)=8.000000 -> cannot exceed 0.
[3893.403s] PRUNE: margin=-8.000000, optimistic_rem(widened)=4.000000 -> cannot exceed 0.
[3900.323s] PRUNE: margin=-8.000000, optimistic_rem(widened)=6.000000 -> cannot exceed 0.
[3907.877s] PRUNE: margin=-6.000000, optimistic_rem(widened)=6.000000 -> cannot exceed 0.
[3916.063s] PRUNE: margin=-14.000000, optimistic_rem(widened)=0.000000 -> cannot exceed 0.
[3924.481s] PRUNE: margin=-8.000000, optimistic_rem(widened)=0.000000 -> cannot exceed 0.
[3932.900s] PRUNE: margin=-8.000000, optimistic_rem(widened)=0.000000 -> cannot exceed 0.
[3941.321s] PRUNE: margin=-8.000000, optimistic_rem(widened)=0.000000 -> cannot exceed 0.
[3949.739s] PRUNE: margin=-8.000000, optimistic_rem(widened)=0.000000 -> cannot exceed 0.
[3958.162s] PRUNE: margin=-8.000000, optimistic_rem(widened)=0.000000 -> cannot exceed 0.
[3966.584s] PRUNE: margin=-8.000000, optimistic_rem(widened)=0.000000 -> cannot exceed 0.
[3983.440s] PRUNE: margin=-12.000000, optimistic_rem(widened)=0.000000 -> cannot exceed 0.
[3991.875s] PRUNE: margin=-14.000000, optimistic_rem(widened)=0.000000 -> cannot exceed 0.
[4000.305s] PRUNE: margin=-8.000000, optimistic_rem(widened)=0.000000 -> cannot exceed 0.
[4008.738s] PRUNE: margin=-8.000000, optimistic_rem(widened)=0.000000 -> cannot exceed 0.
[4017.175s] PRUNE: margin=-8.000000, optimistic_rem(widened)=0.000000 -> cannot exceed 0.
[4022.593s] PRUNE: margin=-8.000000, optimistic_rem(widened)=0.000000 -> cannot exceed 0.
[4027.626s] PRUNE: margin=-8.000000, optimistic_rem(widened)=0.000000 -> cannot exceed 0.
[4035.187s] PRUNE: margin=-8.000000, optimistic_rem(widened)=7.500000 -> cannot exceed 0.
[4040.195s] PRUNE: margin=-8.000000, optimistic_rem(widened)=7.500000 -> cannot exceed 0.
[4045.223s] PRUNE: margin=-8.000000, optimistic_rem(widened)=7.500000 -> cannot exceed 0.
[4050.233s] PRUNE: margin=-8.000000, optimistic_rem(widened)=0.000000 -> cannot exceed 0.
[4055.285s] PRUNE: margin=-8.000000, optimistic_rem(widened)=2.000000 -> cannot exceed 0.
[4060.272s] PRUNE: margin=-8.000000, optimistic_rem(widened)=8.000000 -> cannot exceed 0.
[4065.324s] PRUNE: margin=-16.000000, optimistic_rem(widened)=8.000000 -> cannot exceed 0.
[4080.586s] PRUNE: margin=-8.000000, optimistic_rem(widened)=8.000000 -> cannot exceed 0.
[4093.259s] PRUNE: margin=-6.000000, optimistic_rem(widened)=6.000000 -> cannot exceed 0.
[4101.720s] PRUNE: margin=-14.000000, optimistic_rem(widened)=0.000000 -> cannot exceed 0.
[4110.171s] PRUNE: margin=-8.000000, optimistic_rem(widened)=0.000000 -> cannot exceed 0.
[4118.623s] PRUNE: margin=-8.000000, optimistic_rem(widened)=0.000000 -> cannot exceed 0.
[4127.073s] PRUNE: margin=-8.000000, optimistic_rem(widened)=0.000000 -> cannot exceed 0.
[4135.531s] PRUNE: margin=-8.000000, optimistic_rem(widened)=0.000000 -> cannot exceed 0.
[4143.992s] PRUNE: margin=-8.000000, optimistic_rem(widened)=0.000000 -> cannot exceed 0.
[4152.460s] PRUNE: margin=-8.000000, optimistic_rem(widened)=0.000000 -> cannot exceed 0.
[4169.376s] PRUNE: margin=-12.000000, optimistic_rem(widened)=0.000000 -> cannot exceed 0.
[4177.852s] PRUNE: margin=-14.000000, optimistic_rem(widened)=0.000000 -> cannot exceed 0.
[4186.314s] PRUNE: margin=-8.000000, optimistic_rem(widened)=0.000000 -> cannot exceed 0.
[4194.776s] PRUNE: margin=-8.000000, optimistic_rem(widened)=0.000000 -> cannot exceed 0.
[4203.220s] PRUNE: margin=-8.000000, optimistic_rem(widened)=0.000000 -> cannot exceed 0.
[4211.659s] PRUNE: margin=-8.000000, optimistic_rem(widened)=0.000000 -> cannot exceed 0.
[4220.097s] PRUNE: margin=-8.000000, optimistic_rem(widened)=0.000000 -> cannot exceed 0.
[4232.715s] PRUNE: margin=-8.000000, optimistic_rem(widened)=0.000000 -> cannot exceed 0.
[4241.115s] PRUNE: margin=-8.000000, optimistic_rem(widened)=0.000000 -> cannot exceed 0.
[4249.523s] PRUNE: margin=-8.000000, optimistic_rem(widened)=0.000000 -> cannot exceed 0.
[4257.925s] PRUNE: margin=-8.000000, optimistic_rem(widened)=0.000000 -> cannot exceed 0.
[4266.328s] PRUNE: margin=-8.000000, optimistic_rem(widened)=2.000000 -> cannot exceed 0.
[4274.729s] PRUNE: margin=-8.000000, optimistic_rem(widened)=8.000000 -> cannot exceed 0.
[4283.139s] PRUNE: margin=-16.000000, optimistic_rem(widened)=8.000000 -> cannot exceed 0.
[4304.186s] PRUNE: margin=-14.000000, optimistic_rem(widened)=14.000000 -> cannot exceed 0.
[4312.609s] PRUNE: margin=-14.000000, optimistic_rem(widened)=0.000000 -> cannot exceed 0.
[4321.032s] PRUNE: margin=-8.000000, optimistic_rem(widened)=0.000000 -> cannot exceed 0.
[4328.199s] PRUNE: margin=-8.000000, optimistic_rem(widened)=0.000000 -> cannot exceed 0.
[4333.196s] PRUNE: margin=-8.000000, optimistic_rem(widened)=0.000000 -> cannot exceed 0.
[4338.177s] PRUNE: margin=-8.000000, optimistic_rem(widened)=0.000000 -> cannot exceed 0.
[4343.194s] PRUNE: margin=-8.000000, optimistic_rem(widened)=0.000000 -> cannot exceed 0.
[4348.246s] PRUNE: margin=-8.000000, optimistic_rem(widened)=0.000000 -> cannot exceed 0.
[4358.339s] PRUNE: margin=-12.000000, optimistic_rem(widened)=0.000000 -> cannot exceed 0.
[4363.360s] PRUNE: margin=-14.000000, optimistic_rem(widened)=0.000000 -> cannot exceed 0.
[4368.434s] PRUNE: margin=-8.000000, optimistic_rem(widened)=0.000000 -> cannot exceed 0.
[4373.465s] PRUNE: margin=-8.000000, optimistic_rem(widened)=0.000000 -> cannot exceed 0.
[4378.529s] PRUNE: margin=-8.000000, optimistic_rem(widened)=0.000000 -> cannot exceed 0.
[4383.567s] PRUNE: margin=-8.000000, optimistic_rem(widened)=0.000000 -> cannot exceed 0.
[4388.672s] PRUNE: margin=-8.000000, optimistic_rem(widened)=0.000000 -> cannot exceed 0.
[4396.213s] PRUNE: margin=-8.000000, optimistic_rem(widened)=8.000000 -> cannot exceed 0.
[4401.263s] PRUNE: margin=-8.000000, optimistic_rem(widened)=8.000000 -> cannot exceed 0.
[4406.374s] PRUNE: margin=-8.000000, optimistic_rem(widened)=8.000000 -> cannot exceed 0.
[4411.481s] PRUNE: margin=-8.000000, optimistic_rem(widened)=2.000000 -> cannot exceed 0.
[4416.545s] PRUNE: margin=-8.000000, optimistic_rem(widened)=2.000000 -> cannot exceed 0.
[4421.630s] PRUNE: margin=-8.000000, optimistic_rem(widened)=8.000000 -> cannot exceed 0.
[4426.748s] PRUNE: margin=-8.000000, optimistic_rem(widened)=8.000000 -> cannot exceed 0.
[4439.426s] PRUNE: margin=-10.000000, optimistic_rem(widened)=0.000000 -> cannot exceed 0.
[4444.549s] PRUNE: margin=-12.000000, optimistic_rem(widened)=0.000000 -> cannot exceed 0.
[4449.589s] PRUNE: margin=-8.000000, optimistic_rem(widened)=0.000000 -> cannot exceed 0.
[4454.688s] PRUNE: margin=-8.000000, optimistic_rem(widened)=0.000000 -> cannot exceed 0.
[4459.708s] PRUNE: margin=-8.000000, optimistic_rem(widened)=0.000000 -> cannot exceed 0.
[4464.811s] PRUNE: margin=-8.000000, optimistic_rem(widened)=0.000000 -> cannot exceed 0.
[4469.856s] PRUNE: margin=-14.000000, optimistic_rem(widened)=0.000000 -> cannot exceed 0.
[4477.469s] PRUNE: margin=-14.000000, optimistic_rem(widened)=6.000000 -> cannot exceed 0.
[4482.505s] PRUNE: margin=-8.000000, optimistic_rem(widened)=2.000000 -> cannot exceed 0.
[4487.545s] PRUNE: margin=-8.000000, optimistic_rem(widened)=2.000000 -> cannot exceed 0.
[4492.663s] PRUNE: margin=-8.000000, optimistic_rem(widened)=2.000000 -> cannot exceed 0.
[4497.725s] PRUNE: margin=-8.000000, optimistic_rem(widened)=2.000000 -> cannot exceed 0.
[4505.348s] PRUNE: margin=-8.000000, optimistic_rem(widened)=8.000000 -> cannot exceed 0.
[4513.760s] PRUNE: margin=-8.000000, optimistic_rem(widened)=8.000000 -> cannot exceed 0.
[4530.591s] PRUNE: margin=-12.000000, optimistic_rem(widened)=6.000000 -> cannot exceed 0.
[4539.018s] PRUNE: margin=-14.000000, optimistic_rem(widened)=6.000000 -> cannot exceed 0.
[4547.438s] PRUNE: margin=-8.000000, optimistic_rem(widened)=8.000000 -> cannot exceed 0.
[4555.858s] PRUNE: margin=-8.000000, optimistic_rem(widened)=8.000000 -> cannot exceed 0.
[4564.280s] PRUNE: margin=-8.000000, optimistic_rem(widened)=8.000000 -> cannot exceed 0.
[4572.709s] PRUNE: margin=-8.000000, optimistic_rem(widened)=8.000000 -> cannot exceed 0.
[4581.131s] PRUNE: margin=-8.000000, optimistic_rem(widened)=8.000000 -> cannot exceed 0.
[4593.741s] PRUNE: margin=-8.000000, optimistic_rem(widened)=8.000000 -> cannot exceed 0.
[4602.144s] PRUNE: margin=-8.000000, optimistic_rem(widened)=8.000000 -> cannot exceed 0.
[4610.545s] PRUNE: margin=-8.000000, optimistic_rem(widened)=8.000000 -> cannot exceed 0.
[4618.951s] PRUNE: margin=-8.000000, optimistic_rem(widened)=7.500000 -> cannot exceed 0.
[4627.351s] PRUNE: margin=-8.000000, optimistic_rem(widened)=2.000000 -> cannot exceed 0.
[4639.960s] PRUNE: margin=-14.000000, optimistic_rem(widened)=6.000000 -> cannot exceed 0.
[4652.569s] PRUNE: margin=-16.000000, optimistic_rem(widened)=16.000000 -> cannot exceed 0.
[4673.567s] PRUNE: margin=-8.000000, optimistic_rem(widened)=4.000000 -> cannot exceed 0.
[4681.969s] PRUNE: margin=-8.000000, optimistic_rem(widened)=6.000000 -> cannot exceed 0.
[4694.590s] PRUNE: margin=-6.000000, optimistic_rem(widened)=6.000000 -> cannot exceed 0.
[4703.003s] PRUNE: margin=-14.000000, optimistic_rem(widened)=0.000000 -> cannot exceed 0.
[4711.412s] PRUNE: margin=-8.000000, optimistic_rem(widened)=0.000000 -> cannot exceed 0.
[4719.826s] PRUNE: margin=-8.000000, optimistic_rem(widened)=0.000000 -> cannot exceed 0.
[4728.235s] PRUNE: margin=-8.000000, optimistic_rem(widened)=0.000000 -> cannot exceed 0.
[4736.645s] PRUNE: margin=-8.000000, optimistic_rem(widened)=0.000000 -> cannot exceed 0.
[4745.064s] PRUNE: margin=-8.000000, optimistic_rem(widened)=0.000000 -> cannot exceed 0.
[4753.479s] PRUNE: margin=-8.000000, optimistic_rem(widened)=0.000000 -> cannot exceed 0.
[4770.313s] PRUNE: margin=-12.000000, optimistic_rem(widened)=0.000000 -> cannot exceed 0.
[4778.739s] PRUNE: margin=-14.000000, optimistic_rem(widened)=0.000000 -> cannot exceed 0.
[4787.167s] PRUNE: margin=-8.000000, optimistic_rem(widened)=0.000000 -> cannot exceed 0.
[4795.592s] PRUNE: margin=-8.000000, optimistic_rem(widened)=0.000000 -> cannot exceed 0.
[4804.015s] PRUNE: margin=-8.000000, optimistic_rem(widened)=0.000000 -> cannot exceed 0.
[4812.443s] PRUNE: margin=-8.000000, optimistic_rem(widened)=0.000000 -> cannot exceed 0.
[4820.869s] PRUNE: margin=-8.000000, optimistic_rem(widened)=0.000000 -> cannot exceed 0.
[4833.483s] PRUNE: margin=-8.000000, optimistic_rem(widened)=7.500000 -> cannot exceed 0.
[4841.886s] PRUNE: margin=-8.000000, optimistic_rem(widened)=7.500000 -> cannot exceed 0.
[4850.296s] PRUNE: margin=-8.000000, optimistic_rem(widened)=7.500000 -> cannot exceed 0.
[4858.697s] PRUNE: margin=-8.000000, optimistic_rem(widened)=0.000000 -> cannot exceed 0.
[4867.105s] PRUNE: margin=-8.000000, optimistic_rem(widened)=2.000000 -> cannot exceed 0.
[4875.511s] PRUNE: margin=-8.000000, optimistic_rem(widened)=8.000000 -> cannot exceed 0.
[4883.921s] PRUNE: margin=-16.000000, optimistic_rem(widened)=8.000000 -> cannot exceed 0.
[4900.730s] PRUNE: margin=-8.000000, optimistic_rem(widened)=8.000000 -> cannot exceed 0.
[4913.353s] PRUNE: margin=-14.000000, optimistic_rem(widened)=14.000000 -> cannot exceed 0.
[4921.768s] PRUNE: margin=-14.000000, optimistic_rem(widened)=0.000000 -> cannot exceed 0.
[4930.182s] PRUNE: margin=-8.000000, optimistic_rem(widened)=0.000000 -> cannot exceed 0.
[4938.594s] PRUNE: margin=-8.000000, optimistic_rem(widened)=0.000000 -> cannot exceed 0.
[4947.004s] PRUNE: margin=-8.000000, optimistic_rem(widened)=0.000000 -> cannot exceed 0.
[4955.414s] PRUNE: margin=-8.000000, optimistic_rem(widened)=0.000000 -> cannot exceed 0.
[4963.826s] PRUNE: margin=-8.000000, optimistic_rem(widened)=0.000000 -> cannot exceed 0.
[4972.244s] PRUNE: margin=-8.000000, optimistic_rem(widened)=0.000000 -> cannot exceed 0.
[4989.092s] PRUNE: margin=-12.000000, optimistic_rem(widened)=0.000000 -> cannot exceed 0.
[4997.527s] PRUNE: margin=-14.000000, optimistic_rem(widened)=0.000000 -> cannot exceed 0.
[5005.961s] PRUNE: margin=-8.000000, optimistic_rem(widened)=0.000000 -> cannot exceed 0.
[5014.392s] PRUNE: margin=-8.000000, optimistic_rem(widened)=0.000000 -> cannot exceed 0.
[5022.822s] PRUNE: margin=-8.000000, optimistic_rem(widened)=0.000000 -> cannot exceed 0.
[5031.251s] PRUNE: margin=-8.000000, optimistic_rem(widened)=0.000000 -> cannot exceed 0.
[5039.686s] PRUNE: margin=-8.000000, optimistic_rem(widened)=0.000000 -> cannot exceed 0.
[5052.307s] PRUNE: margin=-8.000000, optimistic_rem(widened)=0.000000 -> cannot exceed 0.
[5060.706s] PRUNE: margin=-8.000000, optimistic_rem(widened)=0.000000 -> cannot exceed 0.
[5069.104s] PRUNE: margin=-8.000000, optimistic_rem(widened)=0.000000 -> cannot exceed 0.
[5077.505s] PRUNE: margin=-8.000000, optimistic_rem(widened)=0.000000 -> cannot exceed 0.
[5085.904s] PRUNE: margin=-8.000000, optimistic_rem(widened)=2.000000 -> cannot exceed 0.
[5094.305s] PRUNE: margin=-8.000000, optimistic_rem(widened)=8.000000 -> cannot exceed 0.
[5102.708s] PRUNE: margin=-16.000000, optimistic_rem(widened)=8.000000 -> cannot exceed 0.
[5123.737s] PRUNE: margin=-12.000000, optimistic_rem(widened)=0.000000 -> cannot exceed 0.
[5132.164s] PRUNE: margin=-14.000000, optimistic_rem(widened)=14.000000 -> cannot exceed 0.
[5140.582s] PRUNE: margin=-8.000000, optimistic_rem(widened)=0.000000 -> cannot exceed 0.
[5149.000s] PRUNE: margin=-8.000000, optimistic_rem(widened)=0.000000 -> cannot exceed 0.
[5157.415s] PRUNE: margin=-8.000000, optimistic_rem(widened)=0.000000 -> cannot exceed 0.
[5165.831s] PRUNE: margin=-8.000000, optimistic_rem(widened)=0.000000 -> cannot exceed 0.
[5174.252s] PRUNE: margin=-8.000000, optimistic_rem(widened)=0.000000 -> cannot exceed 0.
[5182.673s] PRUNE: margin=-8.000000, optimistic_rem(widened)=0.000000 -> cannot exceed 0.
[5199.525s] PRUNE: margin=-12.000000, optimistic_rem(widened)=0.000000 -> cannot exceed 0.
[5207.966s] PRUNE: margin=-14.000000, optimistic_rem(widened)=0.000000 -> cannot exceed 0.
[5216.404s] PRUNE: margin=-8.000000, optimistic_rem(widened)=0.000000 -> cannot exceed 0.
[5224.839s] PRUNE: margin=-8.000000, optimistic_rem(widened)=0.000000 -> cannot exceed 0.
[5233.275s] PRUNE: margin=-8.000000, optimistic_rem(widened)=0.000000 -> cannot exceed 0.
[5241.712s] PRUNE: margin=-8.000000, optimistic_rem(widened)=0.000000 -> cannot exceed 0.
[5250.157s] PRUNE: margin=-8.000000, optimistic_rem(widened)=0.000000 -> cannot exceed 0.
[5262.783s] PRUNE: margin=-8.000000, optimistic_rem(widened)=8.000000 -> cannot exceed 0.
[5271.190s] PRUNE: margin=-8.000000, optimistic_rem(widened)=8.000000 -> cannot exceed 0.
[5279.595s] PRUNE: margin=-8.000000, optimistic_rem(widened)=2.000000 -> cannot exceed 0.
[5288.000s] PRUNE: margin=-8.000000, optimistic_rem(widened)=2.000000 -> cannot exceed 0.
[5296.412s] PRUNE: margin=-8.000000, optimistic_rem(widened)=2.000000 -> cannot exceed 0.
[5304.823s] PRUNE: margin=-8.000000, optimistic_rem(widened)=8.000000 -> cannot exceed 0.
[5313.233s] PRUNE: margin=-8.000000, optimistic_rem(widened)=8.000000 -> cannot exceed 0.
[5334.285s] PRUNE: margin=-10.000000, optimistic_rem(widened)=0.000000 -> cannot exceed 0.
[5342.724s] PRUNE: margin=-12.000000, optimistic_rem(widened)=0.000000 -> cannot exceed 0.
[5351.157s] PRUNE: margin=-8.000000, optimistic_rem(widened)=0.000000 -> cannot exceed 0.
[5359.594s] PRUNE: margin=-8.000000, optimistic_rem(widened)=0.000000 -> cannot exceed 0.
[5368.025s] PRUNE: margin=-8.000000, optimistic_rem(widened)=0.000000 -> cannot exceed 0.
[5376.461s] PRUNE: margin=-8.000000, optimistic_rem(widened)=0.000000 -> cannot exceed 0.
[5384.900s] PRUNE: margin=-14.000000, optimistic_rem(widened)=0.000000 -> cannot exceed 0.
[5397.537s] PRUNE: margin=-14.000000, optimistic_rem(widened)=6.000000 -> cannot exceed 0.
[5405.947s] PRUNE: margin=-8.000000, optimistic_rem(widened)=2.000000 -> cannot exceed 0.
[5414.357s] PRUNE: margin=-8.000000, optimistic_rem(widened)=2.000000 -> cannot exceed 0.
[5422.766s] PRUNE: margin=-8.000000, optimistic_rem(widened)=2.000000 -> cannot exceed 0.
[5431.177s] PRUNE: margin=-8.000000, optimistic_rem(widened)=2.000000 -> cannot exceed 0.
[5439.589s] PRUNE: margin=-8.000000, optimistic_rem(widened)=8.000000 -> cannot exceed 0.
[5448.002s] PRUNE: margin=-8.000000, optimistic_rem(widened)=8.000000 -> cannot exceed 0.
[5464.834s] PRUNE: margin=-12.000000, optimistic_rem(widened)=6.000000 -> cannot exceed 0.
[5473.264s] PRUNE: margin=-14.000000, optimistic_rem(widened)=6.000000 -> cannot exceed 0.
[5481.687s] PRUNE: margin=-8.000000, optimistic_rem(widened)=8.000000 -> cannot exceed 0.
[5490.119s] PRUNE: margin=-8.000000, optimistic_rem(widened)=8.000000 -> cannot exceed 0.
[5498.546s] PRUNE: margin=-8.000000, optimistic_rem(widened)=8.000000 -> cannot exceed 0.
[5506.969s] PRUNE: margin=-8.000000, optimistic_rem(widened)=8.000000 -> cannot exceed 0.
[5515.394s] PRUNE: margin=-8.000000, optimistic_rem(widened)=8.000000 -> cannot exceed 0.
[5528.012s] PRUNE: margin=-8.000000, optimistic_rem(widened)=8.000000 -> cannot exceed 0.
[5536.416s] PRUNE: margin=-8.000000, optimistic_rem(widened)=8.000000 -> cannot exceed 0.
[5544.816s] PRUNE: margin=-8.000000, optimistic_rem(widened)=7.500000 -> cannot exceed 0.
[5553.221s] PRUNE: margin=-8.000000, optimistic_rem(widened)=7.500000 -> cannot exceed 0.
[5561.621s] PRUNE: margin=-8.000000, optimistic_rem(widened)=2.000000 -> cannot exceed 0.
[5574.228s] PRUNE: margin=-14.000000, optimistic_rem(widened)=6.000000 -> cannot exceed 0.
[5586.835s] PRUNE: margin=-16.000000, optimistic_rem(widened)=16.000000 -> cannot exceed 0.
[5603.635s] PRUNE: margin=-8.000000, optimistic_rem(widened)=4.000000 -> cannot exceed 0.
[5612.039s] PRUNE: margin=-8.000000, optimistic_rem(widened)=6.000000 -> cannot exceed 0.
[5628.885s] PRUNE: margin=-10.000000, optimistic_rem(widened)=0.000000 -> cannot exceed 0.
[5637.323s] PRUNE: margin=-12.000000, optimistic_rem(widened)=0.000000 -> cannot exceed 0.
[5645.755s] PRUNE: margin=-8.000000, optimistic_rem(widened)=0.000000 -> cannot exceed 0.
[5654.191s] PRUNE: margin=-8.000000, optimistic_rem(widened)=0.000000 -> cannot exceed 0.
[5662.624s] PRUNE: margin=-8.000000, optimistic_rem(widened)=0.000000 -> cannot exceed 0.
[5671.058s] PRUNE: margin=-14.000000, optimistic_rem(widened)=0.000000 -> cannot exceed 0.
[5679.499s] PRUNE: margin=-14.000000, optimistic_rem(widened)=0.000000 -> cannot exceed 0.
[5692.150s] PRUNE: margin=-14.000000, optimistic_rem(widened)=6.000000 -> cannot exceed 0.
[5700.568s] PRUNE: margin=-8.000000, optimistic_rem(widened)=2.000000 -> cannot exceed 0.
[5708.982s] PRUNE: margin=-8.000000, optimistic_rem(widened)=2.000000 -> cannot exceed 0.
[5717.405s] PRUNE: margin=-8.000000, optimistic_rem(widened)=2.000000 -> cannot exceed 0.
[5725.829s] PRUNE: margin=-8.000000, optimistic_rem(widened)=8.000000 -> cannot exceed 0.
[5734.257s] PRUNE: margin=-8.000000, optimistic_rem(widened)=8.000000 -> cannot exceed 0.
[5742.682s] PRUNE: margin=-8.000000, optimistic_rem(widened)=8.000000 -> cannot exceed 0.
[5759.533s] PRUNE: margin=-12.000000, optimistic_rem(widened)=6.000000 -> cannot exceed 0.
[5767.965s] PRUNE: margin=-14.000000, optimistic_rem(widened)=6.000000 -> cannot exceed 0.
[5776.399s] PRUNE: margin=-8.000000, optimistic_rem(widened)=8.000000 -> cannot exceed 0.
[5784.825s] PRUNE: margin=-8.000000, optimistic_rem(widened)=8.000000 -> cannot exceed 0.
[5793.251s] PRUNE: margin=-8.000000, optimistic_rem(widened)=8.000000 -> cannot exceed 0.
[5801.679s] PRUNE: margin=-8.000000, optimistic_rem(widened)=8.000000 -> cannot exceed 0.
[5810.114s] PRUNE: margin=-8.000000, optimistic_rem(widened)=8.000000 -> cannot exceed 0.
[5822.737s] PRUNE: margin=-8.000000, optimistic_rem(widened)=7.500000 -> cannot exceed 0.
[5831.139s] PRUNE: margin=-8.000000, optimistic_rem(widened)=7.500000 -> cannot exceed 0.
[5839.543s] PRUNE: margin=-8.000000, optimistic_rem(widened)=7.500000 -> cannot exceed 0.
[5847.948s] PRUNE: margin=-8.000000, optimistic_rem(widened)=0.000000 -> cannot exceed 0.
[5856.351s] PRUNE: margin=-8.000000, optimistic_rem(widened)=2.000000 -> cannot exceed 0.
[5868.964s] PRUNE: margin=-14.000000, optimistic_rem(widened)=6.000000 -> cannot exceed 0.
[5881.577s] PRUNE: margin=-16.000000, optimistic_rem(widened)=16.000000 -> cannot exceed 0.
[5898.375s] PRUNE: margin=-8.000000, optimistic_rem(widened)=6.000000 -> cannot exceed 0.
[5915.225s] PRUNE: margin=-10.000000, optimistic_rem(widened)=0.000000 -> cannot exceed 0.
[5923.667s] PRUNE: margin=-12.000000, optimistic_rem(widened)=0.000000 -> cannot exceed 0.
[5932.103s] PRUNE: margin=-14.000000, optimistic_rem(widened)=0.000000 -> cannot exceed 0.
[5940.539s] PRUNE: margin=-14.000000, optimistic_rem(widened)=0.000000 -> cannot exceed 0.
[5948.980s] PRUNE: margin=-14.000000, optimistic_rem(widened)=0.000000 -> cannot exceed 0.
[5957.422s] PRUNE: margin=-14.000000, optimistic_rem(widened)=0.000000 -> cannot exceed 0.
[5965.865s] PRUNE: margin=-14.000000, optimistic_rem(widened)=0.000000 -> cannot exceed 0.
[5978.505s] PRUNE: margin=-14.000000, optimistic_rem(widened)=6.000000 -> cannot exceed 0.
[5986.919s] PRUNE: margin=-8.000000, optimistic_rem(widened)=8.000000 -> cannot exceed 0.
[5995.344s] PRUNE: margin=-8.000000, optimistic_rem(widened)=8.000000 -> cannot exceed 0.
[6003.766s] PRUNE: margin=-8.000000, optimistic_rem(widened)=8.000000 -> cannot exceed 0.
[6012.185s] PRUNE: margin=-8.000000, optimistic_rem(widened)=8.000000 -> cannot exceed 0.
[6020.615s] PRUNE: margin=-8.000000, optimistic_rem(widened)=8.000000 -> cannot exceed 0.
[6029.035s] PRUNE: margin=-8.000000, optimistic_rem(widened)=8.000000 -> cannot exceed 0.
[6045.881s] PRUNE: margin=-12.000000, optimistic_rem(widened)=6.000000 -> cannot exceed 0.
[6054.319s] PRUNE: margin=-14.000000, optimistic_rem(widened)=6.000000 -> cannot exceed 0.
[6062.756s] PRUNE: margin=-8.000000, optimistic_rem(widened)=8.000000 -> cannot exceed 0.
[6071.192s] PRUNE: margin=-8.000000, optimistic_rem(widened)=8.000000 -> cannot exceed 0.
[6079.629s] PRUNE: margin=-8.000000, optimistic_rem(widened)=8.000000 -> cannot exceed 0.
[6088.068s] PRUNE: margin=-8.000000, optimistic_rem(widened)=8.000000 -> cannot exceed 0.
[6096.500s] PRUNE: margin=-8.000000, optimistic_rem(widened)=8.000000 -> cannot exceed 0.
[6109.121s] PRUNE: margin=-8.000000, optimistic_rem(widened)=0.000000 -> cannot exceed 0.
[6117.529s] PRUNE: margin=-8.000000, optimistic_rem(widened)=0.000000 -> cannot exceed 0.
[6125.937s] PRUNE: margin=-8.000000, optimistic_rem(widened)=0.000000 -> cannot exceed 0.
[6134.343s] PRUNE: margin=-8.000000, optimistic_rem(widened)=0.000000 -> cannot exceed 0.
[6142.744s] PRUNE: margin=-8.000000, optimistic_rem(widened)=2.000000 -> cannot exceed 0.
[6155.357s] PRUNE: margin=-14.000000, optimistic_rem(widened)=6.000000 -> cannot exceed 0.
[6167.967s] PRUNE: margin=-16.000000, optimistic_rem(widened)=16.000000 -> cannot exceed 0.
[6193.228s] PRUNE: margin=-10.000000, optimistic_rem(widened)=0.000000 -> cannot exceed 0.
[6201.675s] PRUNE: margin=-10.000000, optimistic_rem(widened)=0.000000 -> cannot exceed 0.
[6210.115s] PRUNE: margin=-12.000000, optimistic_rem(widened)=0.000000 -> cannot exceed 0.
[6218.556s] PRUNE: margin=-14.000000, optimistic_rem(widened)=0.000000 -> cannot exceed 0.
[6227.001s] PRUNE: margin=-14.000000, optimistic_rem(widened)=0.000000 -> cannot exceed 0.
[6235.445s] PRUNE: margin=-14.000000, optimistic_rem(widened)=0.000000 -> cannot exceed 0.
[6243.889s] PRUNE: margin=-14.000000, optimistic_rem(widened)=0.000000 -> cannot exceed 0.
[6256.530s] PRUNE: margin=-14.000000, optimistic_rem(widened)=6.000000 -> cannot exceed 0.
[6264.947s] PRUNE: margin=-8.000000, optimistic_rem(widened)=8.000000 -> cannot exceed 0.
[6273.360s] PRUNE: margin=-8.000000, optimistic_rem(widened)=8.000000 -> cannot exceed 0.
[6281.774s] PRUNE: margin=-8.000000, optimistic_rem(widened)=8.000000 -> cannot exceed 0.
[6290.193s] PRUNE: margin=-8.000000, optimistic_rem(widened)=8.000000 -> cannot exceed 0.
[6298.610s] PRUNE: margin=-8.000000, optimistic_rem(widened)=8.000000 -> cannot exceed 0.
[6307.029s] PRUNE: margin=-8.000000, optimistic_rem(widened)=8.000000 -> cannot exceed 0.
[6323.890s] PRUNE: margin=-12.000000, optimistic_rem(widened)=4.000000 -> cannot exceed 0.
[6332.331s] PRUNE: margin=-14.000000, optimistic_rem(widened)=8.000000 -> cannot exceed 0.
[6340.770s] PRUNE: margin=-8.000000, optimistic_rem(widened)=8.000000 -> cannot exceed 0.
[6349.208s] PRUNE: margin=-8.000000, optimistic_rem(widened)=8.000000 -> cannot exceed 0.
[6357.648s] PRUNE: margin=-8.000000, optimistic_rem(widened)=8.000000 -> cannot exceed 0.
[6366.089s] PRUNE: margin=-8.000000, optimistic_rem(widened)=8.000000 -> cannot exceed 0.
[6374.533s] PRUNE: margin=-8.000000, optimistic_rem(widened)=8.000000 -> cannot exceed 0.
[6387.161s] PRUNE: margin=-8.000000, optimistic_rem(widened)=8.000000 -> cannot exceed 0.
[6395.567s] PRUNE: margin=-8.000000, optimistic_rem(widened)=8.000000 -> cannot exceed 0.
[6403.981s] PRUNE: margin=-8.000000, optimistic_rem(widened)=8.000000 -> cannot exceed 0.
[6416.602s] PRUNE: margin=-14.000000, optimistic_rem(widened)=6.000000 -> cannot exceed 0.
[6425.008s] PRUNE: margin=-8.000000, optimistic_rem(widened)=8.000000 -> cannot exceed 0.
[6433.415s] PRUNE: margin=-8.000000, optimistic_rem(widened)=8.000000 -> cannot exceed 0.
[6446.022s] PRUNE: margin=-8.000000, optimistic_rem(widened)=2.000000 -> cannot exceed 0.
[6458.642s] PRUNE: margin=-14.000000, optimistic_rem(widened)=6.000000 -> cannot exceed 0.
[6492.306s] PRUNE: margin=-10.000000, optimistic_rem(widened)=6.000000 -> cannot exceed 0.
[6500.748s] PRUNE: margin=-12.000000, optimistic_rem(widened)=6.000000 -> cannot exceed 0.
[6509.193s] PRUNE: margin=-6.000000, optimistic_rem(widened)=6.000000 -> cannot exceed 0.
[6517.633s] PRUNE: margin=-6.000000, optimistic_rem(widened)=6.000000 -> cannot exceed 0.
[6526.075s] PRUNE: margin=-6.000000, optimistic_rem(widened)=6.000000 -> cannot exceed 0.
[6534.511s] PRUNE: margin=-6.000000, optimistic_rem(widened)=6.000000 -> cannot exceed 0.
[6542.958s] PRUNE: margin=-14.000000, optimistic_rem(widened)=8.000000 -> cannot exceed 0.
[6555.591s] PRUNE: margin=-14.000000, optimistic_rem(widened)=12.000000 -> cannot exceed 0.
[6564.003s] PRUNE: margin=-8.000000, optimistic_rem(widened)=4.000000 -> cannot exceed 0.
[6572.412s] PRUNE: margin=-8.000000, optimistic_rem(widened)=4.000000 -> cannot exceed 0.
[6580.818s] PRUNE: margin=-8.000000, optimistic_rem(widened)=4.000000 -> cannot exceed 0.
[6589.225s] PRUNE: margin=-8.000000, optimistic_rem(widened)=4.000000 -> cannot exceed 0.
[6601.836s] PRUNE: margin=-8.000000, optimistic_rem(widened)=4.000000 -> cannot exceed 0.
[6631.280s] PRUNE: margin=-12.000000, optimistic_rem(widened)=10.000000 -> cannot exceed 0.
[6639.707s] PRUNE: margin=-14.000000, optimistic_rem(widened)=12.000000 -> cannot exceed 0.
[6652.341s] PRUNE: margin=-8.000000, optimistic_rem(widened)=8.000000 -> cannot exceed 0.
[6660.761s] PRUNE: margin=-8.000000, optimistic_rem(widened)=8.000000 -> cannot exceed 0.
[6669.185s] PRUNE: margin=-8.000000, optimistic_rem(widened)=8.000000 -> cannot exceed 0.
[6677.610s] PRUNE: margin=-8.000000, optimistic_rem(widened)=8.000000 -> cannot exceed 0.
[6689.657s] PRUNE: margin=-8.000000, optimistic_rem(widened)=8.000000 -> cannot exceed 0.
[6695.100s] PRUNE: margin=-8.000000, optimistic_rem(widened)=8.000000 -> cannot exceed 0.
[6702.041s] PRUNE: margin=-8.000000, optimistic_rem(widened)=8.000000 -> cannot exceed 0.
[6717.516s] PRUNE: margin=-8.000000, optimistic_rem(widened)=8.000000 -> cannot exceed 0.
[6725.945s] PRUNE: margin=-8.000000, optimistic_rem(widened)=8.000000 -> cannot exceed 0.
[6742.800s] PRUNE: margin=-8.000000, optimistic_rem(widened)=8.000000 -> cannot exceed 0.
[6780.658s] PRUNE: margin=-8.000000, optimistic_rem(widened)=4.000000 -> cannot exceed 0.
[6805.870s] PRUNE: margin=-8.000000, optimistic_rem(widened)=6.000000 -> cannot exceed 0.
[6814.275s] PRUNE: margin=-16.000000, optimistic_rem(widened)=8.000000 -> cannot exceed 0.
[6847.879s] PRUNE: margin=-8.000000, optimistic_rem(widened)=6.000000 -> cannot exceed 0.
[6856.284s] PRUNE: margin=-16.000000, optimistic_rem(widened)=8.000000 -> cannot exceed 0.
[6873.095s] PRUNE: margin=-14.000000, optimistic_rem(widened)=6.000000 -> cannot exceed 0.
[6881.497s] PRUNE: margin=-8.000000, optimistic_rem(widened)=6.000000 -> cannot exceed 0.
[6898.312s] PRUNE: margin=-14.000000, optimistic_rem(widened)=6.000000 -> cannot exceed 0.
[6910.920s] PRUNE: margin=-16.000000, optimistic_rem(widened)=16.000000 -> cannot exceed 0.
[6927.718s] PRUNE: margin=-8.000000, optimistic_rem(widened)=4.000000 -> cannot exceed 0.
[6940.327s] PRUNE: margin=-14.000000, optimistic_rem(widened)=6.000000 -> cannot exceed 0.
[6948.729s] PRUNE: margin=-8.000000, optimistic_rem(widened)=6.000000 -> cannot exceed 0.
[6965.538s] PRUNE: margin=-14.000000, optimistic_rem(widened)=6.000000 -> cannot exceed 0.
[6978.146s] PRUNE: margin=-16.000000, optimistic_rem(widened)=16.000000 -> cannot exceed 0.
[6999.153s] PRUNE: margin=-14.000000, optimistic_rem(widened)=6.000000 -> cannot exceed 0.
[7007.555s] PRUNE: margin=-8.000000, optimistic_rem(widened)=6.000000 -> cannot exceed 0.
[7024.363s] PRUNE: margin=-14.000000, optimistic_rem(widened)=6.000000 -> cannot exceed 0.
[7036.971s] PRUNE: margin=-16.000000, optimistic_rem(widened)=16.000000 -> cannot exceed 0.
[7051.115s] PRUNE: margin=-14.000000, optimistic_rem(widened)=12.000000 -> cannot exceed 0.
[7066.267s] PRUNE: margin=-14.000000, optimistic_rem(widened)=12.000000 -> cannot exceed 0.
[7086.382s] PRUNE: margin=-8.000000, optimistic_rem(widened)=4.000000 -> cannot exceed 0.
[7097.603s] PRUNE: margin=-14.000000, optimistic_rem(widened)=6.000000 -> cannot exceed 0.
[7106.011s] PRUNE: margin=-8.000000, optimistic_rem(widened)=6.000000 -> cannot exceed 0.
[7122.821s] PRUNE: margin=-14.000000, optimistic_rem(widened)=6.000000 -> cannot exceed 0.
[7135.427s] PRUNE: margin=-16.000000, optimistic_rem(widened)=16.000000 -> cannot exceed 0.
[7156.430s] PRUNE: margin=-14.000000, optimistic_rem(widened)=6.000000 -> cannot exceed 0.
[7164.834s] PRUNE: margin=-8.000000, optimistic_rem(widened)=6.000000 -> cannot exceed 0.
[7181.315s] PRUNE: margin=-14.000000, optimistic_rem(widened)=6.000000 -> cannot exceed 0.
[7193.916s] PRUNE: margin=-16.000000, optimistic_rem(widened)=16.000000 -> cannot exceed 0.
[7210.724s] PRUNE: margin=-14.000000, optimistic_rem(widened)=12.000000 -> cannot exceed 0.
[7235.939s] PRUNE: margin=-14.000000, optimistic_rem(widened)=12.000000 -> cannot exceed 0.
[7273.781s] PRUNE: margin=-14.000000, optimistic_rem(widened)=6.000000 -> cannot exceed 0.
[7282.191s] PRUNE: margin=-8.000000, optimistic_rem(widened)=6.000000 -> cannot exceed 0.
[7299.011s] PRUNE: margin=-14.000000, optimistic_rem(widened)=6.000000 -> cannot exceed 0.
[7311.629s] PRUNE: margin=-16.000000, optimistic_rem(widened)=16.000000 -> cannot exceed 0.
[7328.560s] PRUNE: margin=-14.000000, optimistic_rem(widened)=12.000000 -> cannot exceed 0.
[7354.011s] PRUNE: margin=-14.000000, optimistic_rem(widened)=12.000000 -> cannot exceed 0.
[7387.662s] PRUNE: margin=-14.000000, optimistic_rem(widened)=12.000000 -> cannot exceed 0.
[7412.895s] PRUNE: margin=-14.000000, optimistic_rem(widened)=12.000000 -> cannot exceed 0.
[7438.122s] PRUNE: margin=-8.000000, optimistic_rem(widened)=8.000000 -> cannot exceed 0.
[7467.557s] No counterexample within budgets (BaB): no misclassification found.
STATUS: No counterexample | best_upper_margin=24.000000 | elapsed=7467.558s | pixels_changed=0 | total_bit_flips=0 | avg_hamming_per_pixel=0.000000 | patch_rows=6-9 | patch_cols=13-14 | note=no_counterexample_within_budgets
