[  0.000s] init: idx=3430 kmax=2 bmax=4 topx=2 widen=1.000 rank_fast=off
clean logits (hex):  0x8a  0xbf  0x8a  0x88  0x8c  0x88  0x88  0x8c  0x8c  0x8c
clean logits (bits): 10001010 10111111 10001010 10001000 10001100 10001000 10001000 10001100 10001100 10001100
clean logits (double): -7.000000 -1.031250 -7.000000 -8.000000 -6.000000 -8.000000 -8.000000 -6.000000 -6.000000 -6.000000
[  0.015s] clean prediction: 1 (true label 1)
[1468.463s] selection: nSym=2 (from 784), topx=2, rank_fast=off
[1468.463s] active patch: rows 12-17, cols 12-13 (derived from symPix)
[1486.288s] Proceeding to BaB (greedy enabled).
[1486.288s] Skipping root bound check (--no-root-bound).
[1486.288s] BaB search starting (K<=2, B<=4, nSym=2, depth_limit=500000000, widen=1.00)...
[1501.735s] PRUNE: margin=-3.625000, optimistic_rem(widened)=1.250000 -> cannot exceed 0.
[1513.360s] PRUNE: margin=-3.375000, optimistic_rem(widened)=0.000000 -> cannot exceed 0.
[1567.616s] PRUNE: margin=-3.500000, optimistic_rem(widened)=0.000000 -> cannot exceed 0.
[1614.101s] PRUNE: margin=-3.750000, optimistic_rem(widened)=0.000000 -> cannot exceed 0.
[1621.848s] PRUNE: margin=-3.750000, optimistic_rem(widened)=0.000000 -> cannot exceed 0.
[1629.593s] PRUNE: margin=-3.750000, optimistic_rem(widened)=0.000000 -> cannot exceed 0.
[1637.342s] PRUNE: margin=-3.750000, optimistic_rem(widened)=0.000000 -> cannot exceed 0.
[1645.087s] PRUNE: margin=-3.750000, optimistic_rem(widened)=0.000000 -> cannot exceed 0.
[1695.447s] PRUNE: margin=-3.375000, optimistic_rem(widened)=0.000000 -> cannot exceed 0.
[1745.845s] PRUNE: margin=-3.500000, optimistic_rem(widened)=0.000000 -> cannot exceed 0.
[1788.472s] PRUNE: margin=-3.750000, optimistic_rem(widened)=0.000000 -> cannot exceed 0.
[1796.229s] PRUNE: margin=-3.750000, optimistic_rem(widened)=0.000000 -> cannot exceed 0.
[1803.974s] PRUNE: margin=-3.750000, optimistic_rem(widened)=0.000000 -> cannot exceed 0.
[1811.727s] PRUNE: margin=-3.750000, optimistic_rem(widened)=0.000000 -> cannot exceed 0.
[1819.478s] PRUNE: margin=-3.750000, optimistic_rem(widened)=0.000000 -> cannot exceed 0.
[1854.339s] PRUNE: margin=-3.375000, optimistic_rem(widened)=0.000000 -> cannot exceed 0.
[1900.870s] PRUNE: margin=-3.500000, optimistic_rem(widened)=0.000000 -> cannot exceed 0.
[1966.755s] PRUNE: margin=-3.750000, optimistic_rem(widened)=0.000000 -> cannot exceed 0.
[1974.503s] PRUNE: margin=-3.750000, optimistic_rem(widened)=0.000000 -> cannot exceed 0.
[1982.253s] PRUNE: margin=-3.750000, optimistic_rem(widened)=0.000000 -> cannot exceed 0.
[1990.003s] PRUNE: margin=-3.750000, optimistic_rem(widened)=0.000000 -> cannot exceed 0.
[1997.748s] PRUNE: margin=-3.750000, optimistic_rem(widened)=0.000000 -> cannot exceed 0.
[2013.249s] PRUNE: margin=-3.375000, optimistic_rem(widened)=0.000000 -> cannot exceed 0.
[2021.001s] PRUNE: margin=-3.125000, optimistic_rem(widened)=3.125000 -> cannot exceed 0.
[2059.755s] PRUNE: margin=-3.500000, optimistic_rem(widened)=0.000000 -> cannot exceed 0.
[2067.503s] PRUNE: margin=-3.750000, optimistic_rem(widened)=0.000000 -> cannot exceed 0.
[2075.265s] PRUNE: margin=-3.750000, optimistic_rem(widened)=0.000000 -> cannot exceed 0.
[2083.016s] PRUNE: margin=-3.750000, optimistic_rem(widened)=0.000000 -> cannot exceed 0.
[2090.764s] PRUNE: margin=-3.750000, optimistic_rem(widened)=0.000000 -> cannot exceed 0.
[2098.511s] PRUNE: margin=-3.750000, optimistic_rem(widened)=0.000000 -> cannot exceed 0.
[2110.130s] PRUNE: margin=-2.875000, optimistic_rem(widened)=1.125000 -> cannot exceed 0.
[2152.776s] PRUNE: margin=-3.125000, optimistic_rem(widened)=0.000000 -> cannot exceed 0.
[2160.527s] PRUNE: margin=-3.125000, optimistic_rem(widened)=0.000000 -> cannot exceed 0.
[2168.281s] PRUNE: margin=-3.250000, optimistic_rem(widened)=0.000000 -> cannot exceed 0.
[2176.035s] PRUNE: margin=-3.250000, optimistic_rem(widened)=0.000000 -> cannot exceed 0.
[2183.789s] PRUNE: margin=-3.250000, optimistic_rem(widened)=0.000000 -> cannot exceed 0.
[2191.545s] PRUNE: margin=-3.250000, optimistic_rem(widened)=0.000000 -> cannot exceed 0.
[2207.044s] PRUNE: margin=-3.500000, optimistic_rem(widened)=0.000000 -> cannot exceed 0.
[2214.795s] PRUNE: margin=-3.500000, optimistic_rem(widened)=0.000000 -> cannot exceed 0.
[2222.546s] PRUNE: margin=-3.500000, optimistic_rem(widened)=0.000000 -> cannot exceed 0.
[2230.296s] PRUNE: margin=-3.500000, optimistic_rem(widened)=0.000000 -> cannot exceed 0.
[2238.050s] PRUNE: margin=-3.625000, optimistic_rem(widened)=0.000000 -> cannot exceed 0.
[2245.801s] PRUNE: margin=-3.500000, optimistic_rem(widened)=0.000000 -> cannot exceed 0.
[2257.416s] PRUNE: margin=-3.625000, optimistic_rem(widened)=2.000000 -> cannot exceed 0.
[2265.166s] PRUNE: margin=-3.625000, optimistic_rem(widened)=2.000000 -> cannot exceed 0.
[2272.919s] PRUNE: margin=-3.875000, optimistic_rem(widened)=1.500000 -> cannot exceed 0.
[2280.663s] PRUNE: margin=-3.875000, optimistic_rem(widened)=1.500000 -> cannot exceed 0.
[2288.407s] PRUNE: margin=-3.875000, optimistic_rem(widened)=1.500000 -> cannot exceed 0.
[2296.154s] PRUNE: margin=-3.875000, optimistic_rem(widened)=1.500000 -> cannot exceed 0.
[2307.739s] PRUNE: margin=-4.125000, optimistic_rem(widened)=3.875000 -> cannot exceed 0.
[2319.321s] PRUNE: margin=-4.187500, optimistic_rem(widened)=2.125000 -> cannot exceed 0.
[2327.046s] PRUNE: margin=-4.375000, optimistic_rem(widened)=1.250000 -> cannot exceed 0.
[2338.623s] PRUNE: margin=-4.437500, optimistic_rem(widened)=0.000000 -> cannot exceed 0.
[2346.342s] PRUNE: margin=-4.500000, optimistic_rem(widened)=0.000000 -> cannot exceed 0.
[2354.060s] PRUNE: margin=-4.500000, optimistic_rem(widened)=0.000000 -> cannot exceed 0.
[2361.782s] PRUNE: margin=-4.500000, optimistic_rem(widened)=0.000000 -> cannot exceed 0.
[2369.508s] PRUNE: margin=-4.500000, optimistic_rem(widened)=0.000000 -> cannot exceed 0.
[2377.228s] PRUNE: margin=-4.500000, optimistic_rem(widened)=0.000000 -> cannot exceed 0.
[2384.948s] PRUNE: margin=-4.500000, optimistic_rem(widened)=3.375000 -> cannot exceed 0.
[2392.678s] PRUNE: margin=-4.562500, optimistic_rem(widened)=2.937500 -> cannot exceed 0.
[2400.398s] PRUNE: margin=-4.562500, optimistic_rem(widened)=2.937500 -> cannot exceed 0.
[2415.848s] PRUNE: margin=-4.437500, optimistic_rem(widened)=0.000000 -> cannot exceed 0.
[2423.571s] PRUNE: margin=-4.500000, optimistic_rem(widened)=0.000000 -> cannot exceed 0.
[2431.302s] PRUNE: margin=-4.500000, optimistic_rem(widened)=0.000000 -> cannot exceed 0.
[2439.025s] PRUNE: margin=-4.500000, optimistic_rem(widened)=0.000000 -> cannot exceed 0.
[2446.742s] PRUNE: margin=-4.500000, optimistic_rem(widened)=0.000000 -> cannot exceed 0.
[2454.460s] PRUNE: margin=-4.500000, optimistic_rem(widened)=0.000000 -> cannot exceed 0.
[2462.180s] PRUNE: margin=-4.562500, optimistic_rem(widened)=2.937500 -> cannot exceed 0.
[2469.906s] PRUNE: margin=-4.562500, optimistic_rem(widened)=2.937500 -> cannot exceed 0.
[2485.345s] PRUNE: margin=-4.437500, optimistic_rem(widened)=0.000000 -> cannot exceed 0.
[2493.063s] PRUNE: margin=-4.500000, optimistic_rem(widened)=0.000000 -> cannot exceed 0.
[2500.783s] PRUNE: margin=-4.500000, optimistic_rem(widened)=0.000000 -> cannot exceed 0.
[2508.502s] PRUNE: margin=-4.500000, optimistic_rem(widened)=0.000000 -> cannot exceed 0.
[2516.228s] PRUNE: margin=-4.500000, optimistic_rem(widened)=0.000000 -> cannot exceed 0.
[2523.947s] PRUNE: margin=-4.500000, optimistic_rem(widened)=0.000000 -> cannot exceed 0.
[2531.675s] PRUNE: margin=-4.500000, optimistic_rem(widened)=2.875000 -> cannot exceed 0.
[2543.260s] PRUNE: margin=-4.062500, optimistic_rem(widened)=1.437500 -> cannot exceed 0.
[2550.977s] PRUNE: margin=-4.562500, optimistic_rem(widened)=1.437500 -> cannot exceed 0.
[2558.699s] PRUNE: margin=-4.562500, optimistic_rem(widened)=4.375000 -> cannot exceed 0.
[2566.416s] PRUNE: margin=-4.125000, optimistic_rem(widened)=1.375000 -> cannot exceed 0.
[2574.138s] PRUNE: margin=-4.125000, optimistic_rem(widened)=1.375000 -> cannot exceed 0.
[2581.856s] PRUNE: margin=-4.125000, optimistic_rem(widened)=1.375000 -> cannot exceed 0.
[2589.579s] PRUNE: margin=-4.125000, optimistic_rem(widened)=1.375000 -> cannot exceed 0.
[2601.147s] PRUNE: margin=-4.375000, optimistic_rem(widened)=2.187500 -> cannot exceed 0.
[2608.854s] PRUNE: margin=-4.625000, optimistic_rem(widened)=1.562500 -> cannot exceed 0.
[2616.558s] PRUNE: margin=-4.687500, optimistic_rem(widened)=2.062500 -> cannot exceed 0.
[2624.261s] PRUNE: margin=-4.687500, optimistic_rem(widened)=3.687500 -> cannot exceed 0.
[2631.963s] PRUNE: margin=-4.687500, optimistic_rem(widened)=3.687500 -> cannot exceed 0.
[2639.664s] PRUNE: margin=-4.687500, optimistic_rem(widened)=3.687500 -> cannot exceed 0.
[2647.368s] PRUNE: margin=-4.687500, optimistic_rem(widened)=3.625000 -> cannot exceed 0.
[2655.070s] PRUNE: margin=-4.250000, optimistic_rem(widened)=1.500000 -> cannot exceed 0.
[2662.770s] PRUNE: margin=-4.250000, optimistic_rem(widened)=1.500000 -> cannot exceed 0.
[2670.476s] PRUNE: margin=-4.250000, optimistic_rem(widened)=1.500000 -> cannot exceed 0.
[2678.190s] PRUNE: margin=-4.250000, optimistic_rem(widened)=1.500000 -> cannot exceed 0.
[2685.897s] PRUNE: margin=-4.750000, optimistic_rem(widened)=1.687500 -> cannot exceed 0.
[2697.458s] PRUNE: margin=-4.312500, optimistic_rem(widened)=3.500000 -> cannot exceed 0.
[2705.176s] PRUNE: margin=-4.375000, optimistic_rem(widened)=4.031250 -> cannot exceed 0.
[2724.482s] PRUNE: margin=-3.875000, optimistic_rem(widened)=3.375000 -> cannot exceed 0.
[2732.226s] PRUNE: margin=-3.875000, optimistic_rem(widened)=3.375000 -> cannot exceed 0.
[2739.973s] PRUNE: margin=-3.875000, optimistic_rem(widened)=3.375000 -> cannot exceed 0.
[2747.717s] PRUNE: margin=-3.875000, optimistic_rem(widened)=3.375000 -> cannot exceed 0.
[2755.466s] PRUNE: margin=-3.750000, optimistic_rem(widened)=0.000000 -> cannot exceed 0.
[2763.206s] PRUNE: margin=-3.750000, optimistic_rem(widened)=0.000000 -> cannot exceed 0.
[2770.957s] PRUNE: margin=-3.750000, optimistic_rem(widened)=0.000000 -> cannot exceed 0.
[2778.700s] PRUNE: margin=-4.062500, optimistic_rem(widened)=0.000000 -> cannot exceed 0.
[2786.447s] PRUNE: margin=-4.000000, optimistic_rem(widened)=0.000000 -> cannot exceed 0.
[2794.201s] PRUNE: margin=-3.875000, optimistic_rem(widened)=0.000000 -> cannot exceed 0.
[2805.799s] PRUNE: margin=-4.125000, optimistic_rem(widened)=3.875000 -> cannot exceed 0.
[2813.525s] PRUNE: margin=-4.125000, optimistic_rem(widened)=3.875000 -> cannot exceed 0.
[2825.124s] PRUNE: margin=-4.062500, optimistic_rem(widened)=0.000000 -> cannot exceed 0.
[2832.853s] PRUNE: margin=-4.625000, optimistic_rem(widened)=0.000000 -> cannot exceed 0.
[2840.587s] PRUNE: margin=-4.187500, optimistic_rem(widened)=3.187500 -> cannot exceed 0.
[2848.322s] PRUNE: margin=-4.187500, optimistic_rem(widened)=0.000000 -> cannot exceed 0.
[2856.063s] PRUNE: margin=-4.187500, optimistic_rem(widened)=0.000000 -> cannot exceed 0.
[2863.794s] PRUNE: margin=-4.187500, optimistic_rem(widened)=0.000000 -> cannot exceed 0.
[2871.514s] PRUNE: margin=-4.187500, optimistic_rem(widened)=0.000000 -> cannot exceed 0.
[2883.091s] PRUNE: margin=-4.187500, optimistic_rem(widened)=4.000000 -> cannot exceed 0.
[2890.803s] PRUNE: margin=-4.125000, optimistic_rem(widened)=0.875000 -> cannot exceed 0.
[2898.517s] PRUNE: margin=-4.125000, optimistic_rem(widened)=0.875000 -> cannot exceed 0.
[2906.239s] PRUNE: margin=-4.125000, optimistic_rem(widened)=0.875000 -> cannot exceed 0.
[2913.960s] PRUNE: margin=-4.625000, optimistic_rem(widened)=0.937500 -> cannot exceed 0.
[2921.675s] PRUNE: margin=-4.125000, optimistic_rem(widened)=1.125000 -> cannot exceed 0.
[2929.393s] PRUNE: margin=-4.625000, optimistic_rem(widened)=1.375000 -> cannot exceed 0.
[2944.826s] PRUNE: margin=-4.062500, optimistic_rem(widened)=1.562500 -> cannot exceed 0.
[2956.407s] PRUNE: margin=-4.000000, optimistic_rem(widened)=3.500000 -> cannot exceed 0.
[2964.124s] PRUNE: margin=-4.062500, optimistic_rem(widened)=3.562500 -> cannot exceed 0.
[2971.841s] PRUNE: margin=-4.062500, optimistic_rem(widened)=3.562500 -> cannot exceed 0.
[2979.565s] PRUNE: margin=-4.125000, optimistic_rem(widened)=0.000000 -> cannot exceed 0.
[2987.280s] PRUNE: margin=-4.125000, optimistic_rem(widened)=0.000000 -> cannot exceed 0.
[2995.007s] PRUNE: margin=-4.125000, optimistic_rem(widened)=0.000000 -> cannot exceed 0.
[3002.727s] PRUNE: margin=-4.125000, optimistic_rem(widened)=0.000000 -> cannot exceed 0.
[3010.449s] PRUNE: margin=-4.125000, optimistic_rem(widened)=0.000000 -> cannot exceed 0.
[3025.882s] PRUNE: margin=-4.187500, optimistic_rem(widened)=3.687500 -> cannot exceed 0.
[3033.600s] PRUNE: margin=-4.187500, optimistic_rem(widened)=3.687500 -> cannot exceed 0.
[3041.322s] PRUNE: margin=-4.187500, optimistic_rem(widened)=0.000000 -> cannot exceed 0.
[3049.046s] PRUNE: margin=-4.187500, optimistic_rem(widened)=0.000000 -> cannot exceed 0.
[3056.767s] PRUNE: margin=-4.187500, optimistic_rem(widened)=0.000000 -> cannot exceed 0.
[3064.512s] PRUNE: margin=-4.187500, optimistic_rem(widened)=0.000000 -> cannot exceed 0.
[3072.256s] PRUNE: margin=-4.187500, optimistic_rem(widened)=0.000000 -> cannot exceed 0.
[3087.713s] PRUNE: margin=-4.187500, optimistic_rem(widened)=3.687500 -> cannot exceed 0.
[3095.440s] PRUNE: margin=-4.187500, optimistic_rem(widened)=0.000000 -> cannot exceed 0.
[3103.173s] PRUNE: margin=-4.187500, optimistic_rem(widened)=0.000000 -> cannot exceed 0.
[3110.912s] PRUNE: margin=-4.187500, optimistic_rem(widened)=0.000000 -> cannot exceed 0.
[3118.645s] PRUNE: margin=-4.187500, optimistic_rem(widened)=0.000000 -> cannot exceed 0.
[3126.377s] PRUNE: margin=-4.187500, optimistic_rem(widened)=0.000000 -> cannot exceed 0.
[3141.836s] PRUNE: margin=-4.187500, optimistic_rem(widened)=0.000000 -> cannot exceed 0.
[3149.569s] PRUNE: margin=-4.187500, optimistic_rem(widened)=0.000000 -> cannot exceed 0.
[3157.311s] PRUNE: margin=-4.187500, optimistic_rem(widened)=0.000000 -> cannot exceed 0.
[3165.040s] PRUNE: margin=-4.187500, optimistic_rem(widened)=0.000000 -> cannot exceed 0.
[3172.768s] PRUNE: margin=-4.187500, optimistic_rem(widened)=0.000000 -> cannot exceed 0.
[3184.362s] PRUNE: margin=-4.187500, optimistic_rem(widened)=1.062500 -> cannot exceed 0.
[3192.092s] PRUNE: margin=-4.187500, optimistic_rem(widened)=1.062500 -> cannot exceed 0.
[3199.822s] PRUNE: margin=-4.187500, optimistic_rem(widened)=1.062500 -> cannot exceed 0.
[3207.553s] PRUNE: margin=-4.187500, optimistic_rem(widened)=1.062500 -> cannot exceed 0.
[3215.282s] PRUNE: margin=-4.187500, optimistic_rem(widened)=1.437500 -> cannot exceed 0.
[3230.719s] PRUNE: margin=-4.625000, optimistic_rem(widened)=4.062500 -> cannot exceed 0.
[3238.432s] PRUNE: margin=-4.625000, optimistic_rem(widened)=4.187500 -> cannot exceed 0.
[3246.141s] PRUNE: margin=-4.687500, optimistic_rem(widened)=4.312500 -> cannot exceed 0.
[3253.857s] PRUNE: margin=-4.625000, optimistic_rem(widened)=1.000000 -> cannot exceed 0.
[3261.577s] PRUNE: margin=-4.625000, optimistic_rem(widened)=1.000000 -> cannot exceed 0.
[3269.296s] PRUNE: margin=-4.625000, optimistic_rem(widened)=1.000000 -> cannot exceed 0.
[3277.016s] PRUNE: margin=-4.625000, optimistic_rem(widened)=1.000000 -> cannot exceed 0.
[3284.732s] PRUNE: margin=-4.625000, optimistic_rem(widened)=1.375000 -> cannot exceed 0.
[3292.453s] PRUNE: margin=-4.625000, optimistic_rem(widened)=1.062500 -> cannot exceed 0.
[3307.890s] PRUNE: margin=-4.625000, optimistic_rem(widened)=4.187500 -> cannot exceed 0.
[3315.609s] PRUNE: margin=-4.687500, optimistic_rem(widened)=4.312500 -> cannot exceed 0.
[3323.324s] PRUNE: margin=-4.625000, optimistic_rem(widened)=1.000000 -> cannot exceed 0.
[3331.047s] PRUNE: margin=-4.625000, optimistic_rem(widened)=1.000000 -> cannot exceed 0.
[3338.760s] PRUNE: margin=-4.625000, optimistic_rem(widened)=1.000000 -> cannot exceed 0.
[3346.479s] PRUNE: margin=-4.625000, optimistic_rem(widened)=1.000000 -> cannot exceed 0.
[3354.194s] PRUNE: margin=-4.625000, optimistic_rem(widened)=1.375000 -> cannot exceed 0.
[3361.907s] PRUNE: margin=-4.625000, optimistic_rem(widened)=1.062500 -> cannot exceed 0.
[3377.341s] PRUNE: margin=-4.687500, optimistic_rem(widened)=4.375000 -> cannot exceed 0.
[3385.057s] PRUNE: margin=-4.625000, optimistic_rem(widened)=0.937500 -> cannot exceed 0.
[3392.773s] PRUNE: margin=-4.625000, optimistic_rem(widened)=0.937500 -> cannot exceed 0.
[3400.494s] PRUNE: margin=-4.625000, optimistic_rem(widened)=0.937500 -> cannot exceed 0.
[3408.221s] PRUNE: margin=-4.625000, optimistic_rem(widened)=1.062500 -> cannot exceed 0.
[3415.941s] PRUNE: margin=-4.625000, optimistic_rem(widened)=1.375000 -> cannot exceed 0.
[3423.655s] PRUNE: margin=-4.625000, optimistic_rem(widened)=1.062500 -> cannot exceed 0.
[3439.090s] PRUNE: margin=-4.625000, optimistic_rem(widened)=1.062500 -> cannot exceed 0.
[3446.805s] PRUNE: margin=-4.625000, optimistic_rem(widened)=1.062500 -> cannot exceed 0.
[3454.523s] PRUNE: margin=-4.625000, optimistic_rem(widened)=1.062500 -> cannot exceed 0.
[3462.244s] PRUNE: margin=-4.625000, optimistic_rem(widened)=1.062500 -> cannot exceed 0.
[3469.968s] PRUNE: margin=-4.625000, optimistic_rem(widened)=1.062500 -> cannot exceed 0.
[3477.686s] PRUNE: margin=-4.625000, optimistic_rem(widened)=1.125000 -> cannot exceed 0.
[3489.260s] PRUNE: margin=-4.625000, optimistic_rem(widened)=1.937500 -> cannot exceed 0.
[3496.973s] PRUNE: margin=-4.625000, optimistic_rem(widened)=1.937500 -> cannot exceed 0.
[3504.696s] PRUNE: margin=-4.625000, optimistic_rem(widened)=1.937500 -> cannot exceed 0.
[3512.421s] PRUNE: margin=-4.625000, optimistic_rem(widened)=2.250000 -> cannot exceed 0.
[3520.135s] PRUNE: margin=-4.625000, optimistic_rem(widened)=2.312500 -> cannot exceed 0.
[3527.850s] PRUNE: margin=-4.625000, optimistic_rem(widened)=2.437500 -> cannot exceed 0.
[3543.265s] PRUNE: margin=-4.312500, optimistic_rem(widened)=0.687500 -> cannot exceed 0.
[3550.967s] PRUNE: margin=-4.875000, optimistic_rem(widened)=1.437500 -> cannot exceed 0.
[3558.671s] PRUNE: margin=-4.875000, optimistic_rem(widened)=3.687500 -> cannot exceed 0.
[3566.367s] PRUNE: margin=-5.000000, optimistic_rem(widened)=3.875000 -> cannot exceed 0.
[3574.073s] PRUNE: margin=-4.937500, optimistic_rem(widened)=2.562500 -> cannot exceed 0.
[3581.780s] PRUNE: margin=-4.937500, optimistic_rem(widened)=2.562500 -> cannot exceed 0.
[3589.485s] PRUNE: margin=-4.937500, optimistic_rem(widened)=2.562500 -> cannot exceed 0.
[3597.188s] PRUNE: margin=-4.937500, optimistic_rem(widened)=2.562500 -> cannot exceed 0.
[3608.742s] PRUNE: margin=-4.937500, optimistic_rem(widened)=4.062500 -> cannot exceed 0.
[3616.442s] PRUNE: margin=-5.000000, optimistic_rem(widened)=4.187500 -> cannot exceed 0.
[3631.851s] PRUNE: margin=-5.000000, optimistic_rem(widened)=4.187500 -> cannot exceed 0.
[3654.960s] PRUNE: margin=-4.968750, optimistic_rem(widened)=3.750000 -> cannot exceed 0.
[3662.661s] PRUNE: margin=-4.968750, optimistic_rem(widened)=3.750000 -> cannot exceed 0.
[3670.364s] PRUNE: margin=-4.968750, optimistic_rem(widened)=3.750000 -> cannot exceed 0.
[3678.067s] PRUNE: margin=-4.968750, optimistic_rem(widened)=4.375000 -> cannot exceed 0.
[3685.772s] PRUNE: margin=-4.968750, optimistic_rem(widened)=4.937500 -> cannot exceed 0.
[3697.337s] PRUNE: margin=-4.250000, optimistic_rem(widened)=1.062500 -> cannot exceed 0.
[3705.038s] PRUNE: margin=-4.875000, optimistic_rem(widened)=1.375000 -> cannot exceed 0.
[3712.743s] PRUNE: margin=-5.000000, optimistic_rem(widened)=2.562500 -> cannot exceed 0.
[3720.449s] PRUNE: margin=-5.000000, optimistic_rem(widened)=2.562500 -> cannot exceed 0.
[3728.156s] PRUNE: margin=-5.000000, optimistic_rem(widened)=2.562500 -> cannot exceed 0.
[3739.704s] PRUNE: margin=-4.968750, optimistic_rem(widened)=3.750000 -> cannot exceed 0.
[3747.404s] PRUNE: margin=-4.968750, optimistic_rem(widened)=3.750000 -> cannot exceed 0.
[3755.113s] PRUNE: margin=-4.968750, optimistic_rem(widened)=3.750000 -> cannot exceed 0.
[3766.664s] PRUNE: margin=-5.000000, optimistic_rem(widened)=4.187500 -> cannot exceed 0.
[3778.216s] PRUNE: margin=-5.000000, optimistic_rem(widened)=4.500000 -> cannot exceed 0.
[3782.068s] No counterexample within budgets (BaB): no misclassification found.
STATUS: No counterexample | best_upper_margin=2.875000 | elapsed=3782.068s | pixels_changed=0 | total_bit_flips=0 | avg_hamming_per_pixel=0.000000 | patch_rows=12-17 | patch_cols=12-13 | note=no_counterexample_within_budgets
