[  0.000s] init: idx=8596 kmax=2 bmax=4 topx=2 widen=1.000 rank_fast=off
clean logits (hex):  0x83  0x82  0x83  0x83  0x84  0x84  0x82  0x83  0x83  0x87
clean logits (bits): 10000011 10000010 10000011 10000011 10000100 10000100 10000010 10000011 10000011 10000111
clean logits (double): -24.000000 -32.000000 -24.000000 -24.000000 -16.000000 -16.000000 -32.000000 -24.000000 -24.000000 -10.000000
[  0.017s] clean prediction: 9 (true label 9)
[1548.011s] selection: nSym=2 (from 784), topx=2, rank_fast=off
[1548.011s] active patch: rows 10-16, cols 9-17 (derived from symPix)
[1559.391s] Proceeding to BaB (greedy enabled).
[1559.391s] Skipping root bound check (--no-root-bound).
[1559.391s] BaB search starting (K<=2, B<=4, nSym=2, depth_limit=500000000, widen=1.00)...
[1568.090s] PRUNE: margin=-6.000000, optimistic_rem(widened)=2.000000 -> cannot exceed 0.
[1576.791s] PRUNE: margin=-6.000000, optimistic_rem(widened)=0.000000 -> cannot exceed 0.
[1589.847s] PRUNE: margin=-6.000000, optimistic_rem(widened)=6.000000 -> cannot exceed 0.
[1602.905s] PRUNE: margin=-14.000000, optimistic_rem(widened)=6.000000 -> cannot exceed 0.
[1611.614s] PRUNE: margin=-14.000000, optimistic_rem(widened)=6.000000 -> cannot exceed 0.
[1620.321s] PRUNE: margin=-14.000000, optimistic_rem(widened)=6.000000 -> cannot exceed 0.
[1629.038s] PRUNE: margin=-14.000000, optimistic_rem(widened)=6.000000 -> cannot exceed 0.
[1637.747s] PRUNE: margin=-14.000000, optimistic_rem(widened)=6.000000 -> cannot exceed 0.
[1646.457s] PRUNE: margin=-14.000000, optimistic_rem(widened)=10.000000 -> cannot exceed 0.
[1655.163s] PRUNE: margin=-14.000000, optimistic_rem(widened)=10.000000 -> cannot exceed 0.
[1663.864s] PRUNE: margin=-14.000000, optimistic_rem(widened)=10.000000 -> cannot exceed 0.
[1672.560s] PRUNE: margin=-14.000000, optimistic_rem(widened)=10.000000 -> cannot exceed 0.
[1681.253s] PRUNE: margin=-14.000000, optimistic_rem(widened)=10.000000 -> cannot exceed 0.
[1689.954s] PRUNE: margin=-14.000000, optimistic_rem(widened)=12.000000 -> cannot exceed 0.
[1702.983s] PRUNE: margin=-8.000000, optimistic_rem(widened)=4.000000 -> cannot exceed 0.
[1711.663s] PRUNE: margin=-8.000000, optimistic_rem(widened)=4.000000 -> cannot exceed 0.
[1720.345s] PRUNE: margin=-8.000000, optimistic_rem(widened)=4.000000 -> cannot exceed 0.
[1729.027s] PRUNE: margin=-8.000000, optimistic_rem(widened)=4.000000 -> cannot exceed 0.
[1737.706s] PRUNE: margin=-8.000000, optimistic_rem(widened)=4.000000 -> cannot exceed 0.
[1755.071s] PRUNE: margin=-8.000000, optimistic_rem(widened)=6.000000 -> cannot exceed 0.
[1794.150s] PRUNE: margin=-8.000000, optimistic_rem(widened)=6.000000 -> cannot exceed 0.
[1807.175s] PRUNE: margin=-8.000000, optimistic_rem(widened)=8.000000 -> cannot exceed 0.
[1833.225s] PRUNE: margin=-8.000000, optimistic_rem(widened)=4.000000 -> cannot exceed 0.
[1850.587s] PRUNE: margin=-8.000000, optimistic_rem(widened)=6.000000 -> cannot exceed 0.
[1880.970s] PRUNE: margin=-8.000000, optimistic_rem(widened)=8.000000 -> cannot exceed 0.
[1907.020s] PRUNE: margin=-8.000000, optimistic_rem(widened)=4.000000 -> cannot exceed 0.
[1920.803s] PRUNE: margin=-8.000000, optimistic_rem(widened)=6.000000 -> cannot exceed 0.
[1942.370s] PRUNE: margin=-8.000000, optimistic_rem(widened)=6.000000 -> cannot exceed 0.
[1958.380s] PRUNE: margin=-8.000000, optimistic_rem(widened)=6.000000 -> cannot exceed 0.
[2022.202s] PRUNE: margin=-6.000000, optimistic_rem(widened)=2.000000 -> cannot exceed 0.
[2077.214s] PRUNE: margin=-6.000000, optimistic_rem(widened)=0.000000 -> cannot exceed 0.
[2082.397s] PRUNE: margin=-6.000000, optimistic_rem(widened)=0.000000 -> cannot exceed 0.
[2087.585s] PRUNE: margin=-6.000000, optimistic_rem(widened)=0.000000 -> cannot exceed 0.
[2092.880s] PRUNE: margin=-6.000000, optimistic_rem(widened)=0.000000 -> cannot exceed 0.
[2098.109s] PRUNE: margin=-6.000000, optimistic_rem(widened)=0.000000 -> cannot exceed 0.
[2103.345s] PRUNE: margin=-6.000000, optimistic_rem(widened)=0.000000 -> cannot exceed 0.
[2108.619s] PRUNE: margin=-8.000000, optimistic_rem(widened)=0.000000 -> cannot exceed 0.
[2119.076s] PRUNE: margin=-6.000000, optimistic_rem(widened)=2.000000 -> cannot exceed 0.
[2155.204s] PRUNE: margin=-6.000000, optimistic_rem(widened)=0.000000 -> cannot exceed 0.
[2163.882s] PRUNE: margin=-6.000000, optimistic_rem(widened)=0.000000 -> cannot exceed 0.
[2172.562s] PRUNE: margin=-6.000000, optimistic_rem(widened)=0.000000 -> cannot exceed 0.
[2181.233s] PRUNE: margin=-6.000000, optimistic_rem(widened)=0.000000 -> cannot exceed 0.
[2189.909s] PRUNE: margin=-6.000000, optimistic_rem(widened)=0.000000 -> cannot exceed 0.
[2198.585s] PRUNE: margin=-6.000000, optimistic_rem(widened)=0.000000 -> cannot exceed 0.
[2207.260s] PRUNE: margin=-8.000000, optimistic_rem(widened)=0.000000 -> cannot exceed 0.
[2262.271s] PRUNE: margin=-6.000000, optimistic_rem(widened)=0.000000 -> cannot exceed 0.
[2267.928s] PRUNE: margin=-6.000000, optimistic_rem(widened)=0.000000 -> cannot exceed 0.
[2273.174s] PRUNE: margin=-6.000000, optimistic_rem(widened)=0.000000 -> cannot exceed 0.
[2278.349s] PRUNE: margin=-6.000000, optimistic_rem(widened)=0.000000 -> cannot exceed 0.
[2283.531s] PRUNE: margin=-6.000000, optimistic_rem(widened)=0.000000 -> cannot exceed 0.
[2288.777s] PRUNE: margin=-6.000000, optimistic_rem(widened)=0.000000 -> cannot exceed 0.
[2294.119s] PRUNE: margin=-8.000000, optimistic_rem(widened)=0.000000 -> cannot exceed 0.
[2304.578s] PRUNE: margin=-6.000000, optimistic_rem(widened)=0.000000 -> cannot exceed 0.
[2309.772s] PRUNE: margin=-6.000000, optimistic_rem(widened)=0.000000 -> cannot exceed 0.
[2314.976s] PRUNE: margin=-6.000000, optimistic_rem(widened)=0.000000 -> cannot exceed 0.
[2320.199s] PRUNE: margin=-6.000000, optimistic_rem(widened)=0.000000 -> cannot exceed 0.
[2325.443s] PRUNE: margin=-6.000000, optimistic_rem(widened)=0.000000 -> cannot exceed 0.
[2330.657s] PRUNE: margin=-6.000000, optimistic_rem(widened)=0.000000 -> cannot exceed 0.
[2335.949s] PRUNE: margin=-14.000000, optimistic_rem(widened)=0.000000 -> cannot exceed 0.
[2349.507s] PRUNE: margin=-6.000000, optimistic_rem(widened)=0.000000 -> cannot exceed 0.
[2358.193s] PRUNE: margin=-6.000000, optimistic_rem(widened)=0.000000 -> cannot exceed 0.
[2366.876s] PRUNE: margin=-6.000000, optimistic_rem(widened)=0.000000 -> cannot exceed 0.
[2375.560s] PRUNE: margin=-6.000000, optimistic_rem(widened)=0.000000 -> cannot exceed 0.
[2384.248s] PRUNE: margin=-6.000000, optimistic_rem(widened)=0.000000 -> cannot exceed 0.
[2392.936s] PRUNE: margin=-8.000000, optimistic_rem(widened)=0.000000 -> cannot exceed 0.
[2410.300s] PRUNE: margin=-6.000000, optimistic_rem(widened)=0.000000 -> cannot exceed 0.
[2418.982s] PRUNE: margin=-6.000000, optimistic_rem(widened)=0.000000 -> cannot exceed 0.
[2427.668s] PRUNE: margin=-6.000000, optimistic_rem(widened)=0.000000 -> cannot exceed 0.
[2436.353s] PRUNE: margin=-6.000000, optimistic_rem(widened)=0.000000 -> cannot exceed 0.
[2445.041s] PRUNE: margin=-8.000000, optimistic_rem(widened)=0.000000 -> cannot exceed 0.
[2462.406s] PRUNE: margin=-6.000000, optimistic_rem(widened)=0.000000 -> cannot exceed 0.
[2471.093s] PRUNE: margin=-6.000000, optimistic_rem(widened)=0.000000 -> cannot exceed 0.
[2479.783s] PRUNE: margin=-6.000000, optimistic_rem(widened)=0.000000 -> cannot exceed 0.
[2488.470s] PRUNE: margin=-8.000000, optimistic_rem(widened)=0.000000 -> cannot exceed 0.
[2501.488s] PRUNE: margin=-6.000000, optimistic_rem(widened)=6.000000 -> cannot exceed 0.
[2510.175s] PRUNE: margin=-6.000000, optimistic_rem(widened)=6.000000 -> cannot exceed 0.
[2523.205s] PRUNE: margin=-8.000000, optimistic_rem(widened)=0.000000 -> cannot exceed 0.
[2557.928s] PRUNE: margin=-6.000000, optimistic_rem(widened)=2.000000 -> cannot exceed 0.
[2605.855s] PRUNE: margin=-6.000000, optimistic_rem(widened)=0.000000 -> cannot exceed 0.
[2614.561s] PRUNE: margin=-6.000000, optimistic_rem(widened)=0.000000 -> cannot exceed 0.
[2623.247s] PRUNE: margin=-6.000000, optimistic_rem(widened)=0.000000 -> cannot exceed 0.
[2631.922s] PRUNE: margin=-6.000000, optimistic_rem(widened)=0.000000 -> cannot exceed 0.
[2640.605s] PRUNE: margin=-6.000000, optimistic_rem(widened)=0.000000 -> cannot exceed 0.
[2649.286s] PRUNE: margin=-6.000000, optimistic_rem(widened)=0.000000 -> cannot exceed 0.
[2657.971s] PRUNE: margin=-8.000000, optimistic_rem(widened)=0.000000 -> cannot exceed 0.
[2675.330s] PRUNE: margin=-6.000000, optimistic_rem(widened)=2.000000 -> cannot exceed 0.
[2684.008s] PRUNE: margin=-6.000000, optimistic_rem(widened)=0.000000 -> cannot exceed 0.
[2692.684s] PRUNE: margin=-6.000000, optimistic_rem(widened)=0.000000 -> cannot exceed 0.
[2701.366s] PRUNE: margin=-6.000000, optimistic_rem(widened)=0.000000 -> cannot exceed 0.
[2710.041s] PRUNE: margin=-6.000000, optimistic_rem(widened)=0.000000 -> cannot exceed 0.
[2718.727s] PRUNE: margin=-6.000000, optimistic_rem(widened)=0.000000 -> cannot exceed 0.
[2727.408s] PRUNE: margin=-6.000000, optimistic_rem(widened)=0.000000 -> cannot exceed 0.
[2736.093s] PRUNE: margin=-8.000000, optimistic_rem(widened)=0.000000 -> cannot exceed 0.
[2753.493s] PRUNE: margin=-6.000000, optimistic_rem(widened)=0.000000 -> cannot exceed 0.
[2762.221s] PRUNE: margin=-6.000000, optimistic_rem(widened)=0.000000 -> cannot exceed 0.
[2770.948s] PRUNE: margin=-6.000000, optimistic_rem(widened)=0.000000 -> cannot exceed 0.
[2779.672s] PRUNE: margin=-6.000000, optimistic_rem(widened)=0.000000 -> cannot exceed 0.
[2788.395s] PRUNE: margin=-6.000000, optimistic_rem(widened)=0.000000 -> cannot exceed 0.
[2797.114s] PRUNE: margin=-6.000000, optimistic_rem(widened)=0.000000 -> cannot exceed 0.
[2805.843s] PRUNE: margin=-14.000000, optimistic_rem(widened)=0.000000 -> cannot exceed 0.
[2823.238s] PRUNE: margin=-6.000000, optimistic_rem(widened)=0.000000 -> cannot exceed 0.
[2831.917s] PRUNE: margin=-6.000000, optimistic_rem(widened)=0.000000 -> cannot exceed 0.
[2840.595s] PRUNE: margin=-6.000000, optimistic_rem(widened)=0.000000 -> cannot exceed 0.
[2849.279s] PRUNE: margin=-6.000000, optimistic_rem(widened)=0.000000 -> cannot exceed 0.
[2858.004s] PRUNE: margin=-6.000000, optimistic_rem(widened)=0.000000 -> cannot exceed 0.
[2866.734s] PRUNE: margin=-8.000000, optimistic_rem(widened)=0.000000 -> cannot exceed 0.
[2884.169s] PRUNE: margin=-6.000000, optimistic_rem(widened)=0.000000 -> cannot exceed 0.
[2892.872s] PRUNE: margin=-6.000000, optimistic_rem(widened)=0.000000 -> cannot exceed 0.
[2901.586s] PRUNE: margin=-6.000000, optimistic_rem(widened)=0.000000 -> cannot exceed 0.
[2910.296s] PRUNE: margin=-6.000000, optimistic_rem(widened)=0.000000 -> cannot exceed 0.
[2919.003s] PRUNE: margin=-8.000000, optimistic_rem(widened)=0.000000 -> cannot exceed 0.
[2936.403s] PRUNE: margin=-6.000000, optimistic_rem(widened)=0.000000 -> cannot exceed 0.
[2945.109s] PRUNE: margin=-6.000000, optimistic_rem(widened)=0.000000 -> cannot exceed 0.
[2953.812s] PRUNE: margin=-6.000000, optimistic_rem(widened)=0.000000 -> cannot exceed 0.
[2962.518s] PRUNE: margin=-8.000000, optimistic_rem(widened)=0.000000 -> cannot exceed 0.
[2975.559s] PRUNE: margin=-6.000000, optimistic_rem(widened)=6.000000 -> cannot exceed 0.
[2984.261s] PRUNE: margin=-6.000000, optimistic_rem(widened)=6.000000 -> cannot exceed 0.
[2997.312s] PRUNE: margin=-8.000000, optimistic_rem(widened)=0.000000 -> cannot exceed 0.
[3027.804s] PRUNE: margin=-6.000000, optimistic_rem(widened)=2.000000 -> cannot exceed 0.
[3040.910s] PRUNE: margin=-6.000000, optimistic_rem(widened)=0.000000 -> cannot exceed 0.
[3049.658s] PRUNE: margin=-6.000000, optimistic_rem(widened)=0.000000 -> cannot exceed 0.
[3058.403s] PRUNE: margin=-6.000000, optimistic_rem(widened)=0.000000 -> cannot exceed 0.
[3067.127s] PRUNE: margin=-6.000000, optimistic_rem(widened)=0.000000 -> cannot exceed 0.
[3075.849s] PRUNE: margin=-6.000000, optimistic_rem(widened)=0.000000 -> cannot exceed 0.
[3084.566s] PRUNE: margin=-6.000000, optimistic_rem(widened)=0.000000 -> cannot exceed 0.
[3093.291s] PRUNE: margin=-14.000000, optimistic_rem(widened)=0.000000 -> cannot exceed 0.
[3110.706s] PRUNE: margin=-6.000000, optimistic_rem(widened)=0.000000 -> cannot exceed 0.
[3119.409s] PRUNE: margin=-6.000000, optimistic_rem(widened)=0.000000 -> cannot exceed 0.
[3128.115s] PRUNE: margin=-6.000000, optimistic_rem(widened)=0.000000 -> cannot exceed 0.
[3136.828s] PRUNE: margin=-6.000000, optimistic_rem(widened)=0.000000 -> cannot exceed 0.
[3145.541s] PRUNE: margin=-6.000000, optimistic_rem(widened)=0.000000 -> cannot exceed 0.
[3154.253s] PRUNE: margin=-8.000000, optimistic_rem(widened)=0.000000 -> cannot exceed 0.
[3171.663s] PRUNE: margin=-6.000000, optimistic_rem(widened)=0.000000 -> cannot exceed 0.
[3180.370s] PRUNE: margin=-6.000000, optimistic_rem(widened)=0.000000 -> cannot exceed 0.
[3189.076s] PRUNE: margin=-6.000000, optimistic_rem(widened)=0.000000 -> cannot exceed 0.
[3197.782s] PRUNE: margin=-6.000000, optimistic_rem(widened)=0.000000 -> cannot exceed 0.
[3206.489s] PRUNE: margin=-8.000000, optimistic_rem(widened)=0.000000 -> cannot exceed 0.
[3223.900s] PRUNE: margin=-6.000000, optimistic_rem(widened)=0.000000 -> cannot exceed 0.
[3232.607s] PRUNE: margin=-6.000000, optimistic_rem(widened)=0.000000 -> cannot exceed 0.
[3241.314s] PRUNE: margin=-6.000000, optimistic_rem(widened)=0.000000 -> cannot exceed 0.
[3250.025s] PRUNE: margin=-8.000000, optimistic_rem(widened)=0.000000 -> cannot exceed 0.
[3263.078s] PRUNE: margin=-6.000000, optimistic_rem(widened)=6.000000 -> cannot exceed 0.
[3271.782s] PRUNE: margin=-6.000000, optimistic_rem(widened)=6.000000 -> cannot exceed 0.
[3284.838s] PRUNE: margin=-8.000000, optimistic_rem(widened)=0.000000 -> cannot exceed 0.
[3319.665s] PRUNE: margin=-6.000000, optimistic_rem(widened)=0.000000 -> cannot exceed 0.
[3328.386s] PRUNE: margin=-6.000000, optimistic_rem(widened)=0.000000 -> cannot exceed 0.
[3337.106s] PRUNE: margin=-6.000000, optimistic_rem(widened)=0.000000 -> cannot exceed 0.
[3345.826s] PRUNE: margin=-6.000000, optimistic_rem(widened)=0.000000 -> cannot exceed 0.
[3354.547s] PRUNE: margin=-6.000000, optimistic_rem(widened)=0.000000 -> cannot exceed 0.
[3363.272s] PRUNE: margin=-6.000000, optimistic_rem(widened)=0.000000 -> cannot exceed 0.
[3371.998s] PRUNE: margin=-14.000000, optimistic_rem(widened)=0.000000 -> cannot exceed 0.
[3389.415s] PRUNE: margin=-6.000000, optimistic_rem(widened)=0.000000 -> cannot exceed 0.
[3398.115s] PRUNE: margin=-6.000000, optimistic_rem(widened)=0.000000 -> cannot exceed 0.
[3406.818s] PRUNE: margin=-6.000000, optimistic_rem(widened)=0.000000 -> cannot exceed 0.
[3415.531s] PRUNE: margin=-6.000000, optimistic_rem(widened)=0.000000 -> cannot exceed 0.
[3424.240s] PRUNE: margin=-6.000000, optimistic_rem(widened)=0.000000 -> cannot exceed 0.
[3432.949s] PRUNE: margin=-8.000000, optimistic_rem(widened)=0.000000 -> cannot exceed 0.
[3450.354s] PRUNE: margin=-6.000000, optimistic_rem(widened)=0.000000 -> cannot exceed 0.
[3459.059s] PRUNE: margin=-6.000000, optimistic_rem(widened)=0.000000 -> cannot exceed 0.
[3467.767s] PRUNE: margin=-6.000000, optimistic_rem(widened)=0.000000 -> cannot exceed 0.
[3476.468s] PRUNE: margin=-6.000000, optimistic_rem(widened)=0.000000 -> cannot exceed 0.
[3485.175s] PRUNE: margin=-8.000000, optimistic_rem(widened)=0.000000 -> cannot exceed 0.
[3502.578s] PRUNE: margin=-6.000000, optimistic_rem(widened)=0.000000 -> cannot exceed 0.
[3510.016s] PRUNE: margin=-6.000000, optimistic_rem(widened)=0.000000 -> cannot exceed 0.
[3515.329s] PRUNE: margin=-6.000000, optimistic_rem(widened)=0.000000 -> cannot exceed 0.
[3520.681s] PRUNE: margin=-8.000000, optimistic_rem(widened)=0.000000 -> cannot exceed 0.
[3531.237s] PRUNE: margin=-6.000000, optimistic_rem(widened)=0.000000 -> cannot exceed 0.
[3536.514s] PRUNE: margin=-6.000000, optimistic_rem(widened)=0.000000 -> cannot exceed 0.
[3541.745s] PRUNE: margin=-8.000000, optimistic_rem(widened)=0.000000 -> cannot exceed 0.
[3552.213s] PRUNE: margin=-8.000000, optimistic_rem(widened)=0.000000 -> cannot exceed 0.
[3557.580s] PRUNE: margin=-14.000000, optimistic_rem(widened)=0.000000 -> cannot exceed 0.
[3568.285s] PRUNE: margin=-8.000000, optimistic_rem(widened)=0.000000 -> cannot exceed 0.
[3589.402s] PRUNE: margin=-6.000000, optimistic_rem(widened)=0.000000 -> cannot exceed 0.
[3594.645s] PRUNE: margin=-6.000000, optimistic_rem(widened)=0.000000 -> cannot exceed 0.
[3599.897s] PRUNE: margin=-6.000000, optimistic_rem(widened)=0.000000 -> cannot exceed 0.
[3605.164s] PRUNE: margin=-6.000000, optimistic_rem(widened)=0.000000 -> cannot exceed 0.
[3610.386s] PRUNE: margin=-6.000000, optimistic_rem(widened)=0.000000 -> cannot exceed 0.
[3615.616s] PRUNE: margin=-14.000000, optimistic_rem(widened)=0.000000 -> cannot exceed 0.
[3626.092s] PRUNE: margin=-6.000000, optimistic_rem(widened)=0.000000 -> cannot exceed 0.
[3631.322s] PRUNE: margin=-6.000000, optimistic_rem(widened)=0.000000 -> cannot exceed 0.
[3636.624s] PRUNE: margin=-6.000000, optimistic_rem(widened)=0.000000 -> cannot exceed 0.
[3641.973s] PRUNE: margin=-6.000000, optimistic_rem(widened)=0.000000 -> cannot exceed 0.
[3647.364s] PRUNE: margin=-14.000000, optimistic_rem(widened)=0.000000 -> cannot exceed 0.
[3657.888s] PRUNE: margin=-6.000000, optimistic_rem(widened)=0.000000 -> cannot exceed 0.
[3663.107s] PRUNE: margin=-6.000000, optimistic_rem(widened)=0.000000 -> cannot exceed 0.
[3668.315s] PRUNE: margin=-6.000000, optimistic_rem(widened)=0.000000 -> cannot exceed 0.
[3673.568s] PRUNE: margin=-14.000000, optimistic_rem(widened)=0.000000 -> cannot exceed 0.
[3683.971s] PRUNE: margin=-6.000000, optimistic_rem(widened)=0.000000 -> cannot exceed 0.
[3689.175s] PRUNE: margin=-6.000000, optimistic_rem(widened)=0.000000 -> cannot exceed 0.
[3694.401s] PRUNE: margin=-14.000000, optimistic_rem(widened)=0.000000 -> cannot exceed 0.
[3704.884s] PRUNE: margin=-6.000000, optimistic_rem(widened)=0.000000 -> cannot exceed 0.
[3710.105s] PRUNE: margin=-14.000000, optimistic_rem(widened)=0.000000 -> cannot exceed 0.
[3720.526s] PRUNE: margin=-14.000000, optimistic_rem(widened)=0.000000 -> cannot exceed 0.
[3728.354s] PRUNE: margin=-14.000000, optimistic_rem(widened)=8.000000 -> cannot exceed 0.
[3738.831s] PRUNE: margin=-6.000000, optimistic_rem(widened)=0.000000 -> cannot exceed 0.
[3746.613s] PRUNE: margin=-6.000000, optimistic_rem(widened)=0.000000 -> cannot exceed 0.
[3751.794s] PRUNE: margin=-6.000000, optimistic_rem(widened)=0.000000 -> cannot exceed 0.
[3756.975s] PRUNE: margin=-6.000000, optimistic_rem(widened)=0.000000 -> cannot exceed 0.
[3762.167s] PRUNE: margin=-8.000000, optimistic_rem(widened)=0.000000 -> cannot exceed 0.
[3772.622s] PRUNE: margin=-6.000000, optimistic_rem(widened)=0.000000 -> cannot exceed 0.
[3777.871s] PRUNE: margin=-6.000000, optimistic_rem(widened)=0.000000 -> cannot exceed 0.
[3784.354s] PRUNE: margin=-8.000000, optimistic_rem(widened)=0.000000 -> cannot exceed 0.
[3797.378s] PRUNE: margin=-6.000000, optimistic_rem(widened)=6.000000 -> cannot exceed 0.
[3810.412s] PRUNE: margin=-14.000000, optimistic_rem(widened)=0.000000 -> cannot exceed 0.
[3840.806s] PRUNE: margin=-6.000000, optimistic_rem(widened)=0.000000 -> cannot exceed 0.
[3853.832s] PRUNE: margin=-6.000000, optimistic_rem(widened)=0.000000 -> cannot exceed 0.
[3862.517s] PRUNE: margin=-6.000000, optimistic_rem(widened)=0.000000 -> cannot exceed 0.
[3871.202s] PRUNE: margin=-8.000000, optimistic_rem(widened)=0.000000 -> cannot exceed 0.
[3884.227s] PRUNE: margin=-6.000000, optimistic_rem(widened)=6.000000 -> cannot exceed 0.
[3897.257s] PRUNE: margin=-14.000000, optimistic_rem(widened)=0.000000 -> cannot exceed 0.
[3927.649s] PRUNE: margin=-6.000000, optimistic_rem(widened)=0.000000 -> cannot exceed 0.
[3936.336s] PRUNE: margin=-6.000000, optimistic_rem(widened)=6.000000 -> cannot exceed 0.
[3949.366s] PRUNE: margin=-14.000000, optimistic_rem(widened)=0.000000 -> cannot exceed 0.
[3975.413s] PRUNE: margin=-6.000000, optimistic_rem(widened)=6.000000 -> cannot exceed 0.
[3984.096s] PRUNE: margin=-6.000000, optimistic_rem(widened)=6.000000 -> cannot exceed 0.
[4036.175s] PRUNE: margin=-6.000000, optimistic_rem(widened)=2.000000 -> cannot exceed 0.
[4083.971s] PRUNE: margin=-6.000000, optimistic_rem(widened)=0.000000 -> cannot exceed 0.
[4092.647s] PRUNE: margin=-6.000000, optimistic_rem(widened)=0.000000 -> cannot exceed 0.
[4101.323s] PRUNE: margin=-6.000000, optimistic_rem(widened)=0.000000 -> cannot exceed 0.
[4110.001s] PRUNE: margin=-6.000000, optimistic_rem(widened)=0.000000 -> cannot exceed 0.
[4118.688s] PRUNE: margin=-6.000000, optimistic_rem(widened)=0.000000 -> cannot exceed 0.
[4127.369s] PRUNE: margin=-6.000000, optimistic_rem(widened)=0.000000 -> cannot exceed 0.
[4136.057s] PRUNE: margin=-8.000000, optimistic_rem(widened)=0.000000 -> cannot exceed 0.
[4153.422s] PRUNE: margin=-6.000000, optimistic_rem(widened)=2.000000 -> cannot exceed 0.
[4162.099s] PRUNE: margin=-6.000000, optimistic_rem(widened)=0.000000 -> cannot exceed 0.
[4170.778s] PRUNE: margin=-6.000000, optimistic_rem(widened)=0.000000 -> cannot exceed 0.
[4179.456s] PRUNE: margin=-6.000000, optimistic_rem(widened)=0.000000 -> cannot exceed 0.
[4188.135s] PRUNE: margin=-6.000000, optimistic_rem(widened)=0.000000 -> cannot exceed 0.
[4196.818s] PRUNE: margin=-6.000000, optimistic_rem(widened)=0.000000 -> cannot exceed 0.
[4205.501s] PRUNE: margin=-6.000000, optimistic_rem(widened)=0.000000 -> cannot exceed 0.
[4214.186s] PRUNE: margin=-8.000000, optimistic_rem(widened)=0.000000 -> cannot exceed 0.
[4231.557s] PRUNE: margin=-6.000000, optimistic_rem(widened)=0.000000 -> cannot exceed 0.
[4240.257s] PRUNE: margin=-6.000000, optimistic_rem(widened)=0.000000 -> cannot exceed 0.
[4248.956s] PRUNE: margin=-6.000000, optimistic_rem(widened)=0.000000 -> cannot exceed 0.
[4257.649s] PRUNE: margin=-6.000000, optimistic_rem(widened)=0.000000 -> cannot exceed 0.
[4266.341s] PRUNE: margin=-6.000000, optimistic_rem(widened)=0.000000 -> cannot exceed 0.
[4275.034s] PRUNE: margin=-6.000000, optimistic_rem(widened)=0.000000 -> cannot exceed 0.
[4283.736s] PRUNE: margin=-14.000000, optimistic_rem(widened)=0.000000 -> cannot exceed 0.
[4296.129s] PRUNE: margin=-6.000000, optimistic_rem(widened)=0.000000 -> cannot exceed 0.
[4301.396s] PRUNE: margin=-6.000000, optimistic_rem(widened)=0.000000 -> cannot exceed 0.
[4306.622s] PRUNE: margin=-6.000000, optimistic_rem(widened)=0.000000 -> cannot exceed 0.
[4311.932s] PRUNE: margin=-6.000000, optimistic_rem(widened)=0.000000 -> cannot exceed 0.
[4317.169s] PRUNE: margin=-6.000000, optimistic_rem(widened)=0.000000 -> cannot exceed 0.
[4322.415s] PRUNE: margin=-8.000000, optimistic_rem(widened)=0.000000 -> cannot exceed 0.
[4332.991s] PRUNE: margin=-6.000000, optimistic_rem(widened)=0.000000 -> cannot exceed 0.
[4338.305s] PRUNE: margin=-6.000000, optimistic_rem(widened)=0.000000 -> cannot exceed 0.
[4343.623s] PRUNE: margin=-6.000000, optimistic_rem(widened)=0.000000 -> cannot exceed 0.
[4348.950s] PRUNE: margin=-6.000000, optimistic_rem(widened)=0.000000 -> cannot exceed 0.
[4354.271s] PRUNE: margin=-8.000000, optimistic_rem(widened)=0.000000 -> cannot exceed 0.
[4364.939s] PRUNE: margin=-6.000000, optimistic_rem(widened)=0.000000 -> cannot exceed 0.
[4370.258s] PRUNE: margin=-6.000000, optimistic_rem(widened)=0.000000 -> cannot exceed 0.
[4375.603s] PRUNE: margin=-6.000000, optimistic_rem(widened)=0.000000 -> cannot exceed 0.
[4380.885s] PRUNE: margin=-8.000000, optimistic_rem(widened)=0.000000 -> cannot exceed 0.
[4388.856s] PRUNE: margin=-6.000000, optimistic_rem(widened)=6.000000 -> cannot exceed 0.
[4394.165s] PRUNE: margin=-6.000000, optimistic_rem(widened)=6.000000 -> cannot exceed 0.
[4402.165s] PRUNE: margin=-8.000000, optimistic_rem(widened)=0.000000 -> cannot exceed 0.
[4430.631s] PRUNE: margin=-6.000000, optimistic_rem(widened)=2.000000 -> cannot exceed 0.
[4443.680s] PRUNE: margin=-6.000000, optimistic_rem(widened)=0.000000 -> cannot exceed 0.
[4452.391s] PRUNE: margin=-6.000000, optimistic_rem(widened)=0.000000 -> cannot exceed 0.
[4461.099s] PRUNE: margin=-6.000000, optimistic_rem(widened)=0.000000 -> cannot exceed 0.
[4469.803s] PRUNE: margin=-6.000000, optimistic_rem(widened)=0.000000 -> cannot exceed 0.
[4478.493s] PRUNE: margin=-6.000000, optimistic_rem(widened)=0.000000 -> cannot exceed 0.
[4487.179s] PRUNE: margin=-6.000000, optimistic_rem(widened)=0.000000 -> cannot exceed 0.
[4495.873s] PRUNE: margin=-14.000000, optimistic_rem(widened)=0.000000 -> cannot exceed 0.
[4513.235s] PRUNE: margin=-6.000000, optimistic_rem(widened)=0.000000 -> cannot exceed 0.
[4521.910s] PRUNE: margin=-6.000000, optimistic_rem(widened)=0.000000 -> cannot exceed 0.
[4530.584s] PRUNE: margin=-6.000000, optimistic_rem(widened)=0.000000 -> cannot exceed 0.
[4539.265s] PRUNE: margin=-6.000000, optimistic_rem(widened)=0.000000 -> cannot exceed 0.
[4547.947s] PRUNE: margin=-6.000000, optimistic_rem(widened)=0.000000 -> cannot exceed 0.
[4556.632s] PRUNE: margin=-8.000000, optimistic_rem(widened)=0.000000 -> cannot exceed 0.
[4573.981s] PRUNE: margin=-6.000000, optimistic_rem(widened)=0.000000 -> cannot exceed 0.
[4582.655s] PRUNE: margin=-6.000000, optimistic_rem(widened)=0.000000 -> cannot exceed 0.
[4591.336s] PRUNE: margin=-6.000000, optimistic_rem(widened)=0.000000 -> cannot exceed 0.
[4600.015s] PRUNE: margin=-6.000000, optimistic_rem(widened)=0.000000 -> cannot exceed 0.
[4608.699s] PRUNE: margin=-8.000000, optimistic_rem(widened)=0.000000 -> cannot exceed 0.
[4626.048s] PRUNE: margin=-6.000000, optimistic_rem(widened)=0.000000 -> cannot exceed 0.
[4634.728s] PRUNE: margin=-6.000000, optimistic_rem(widened)=0.000000 -> cannot exceed 0.
[4643.410s] PRUNE: margin=-6.000000, optimistic_rem(widened)=0.000000 -> cannot exceed 0.
[4652.091s] PRUNE: margin=-8.000000, optimistic_rem(widened)=0.000000 -> cannot exceed 0.
[4665.100s] PRUNE: margin=-6.000000, optimistic_rem(widened)=6.000000 -> cannot exceed 0.
[4673.779s] PRUNE: margin=-6.000000, optimistic_rem(widened)=6.000000 -> cannot exceed 0.
[4686.797s] PRUNE: margin=-8.000000, optimistic_rem(widened)=0.000000 -> cannot exceed 0.
[4721.520s] PRUNE: margin=-6.000000, optimistic_rem(widened)=0.000000 -> cannot exceed 0.
[4730.212s] PRUNE: margin=-6.000000, optimistic_rem(widened)=0.000000 -> cannot exceed 0.
[4738.903s] PRUNE: margin=-6.000000, optimistic_rem(widened)=0.000000 -> cannot exceed 0.
[4747.593s] PRUNE: margin=-6.000000, optimistic_rem(widened)=0.000000 -> cannot exceed 0.
[4756.291s] PRUNE: margin=-6.000000, optimistic_rem(widened)=0.000000 -> cannot exceed 0.
[4764.989s] PRUNE: margin=-6.000000, optimistic_rem(widened)=0.000000 -> cannot exceed 0.
[4773.686s] PRUNE: margin=-14.000000, optimistic_rem(widened)=0.000000 -> cannot exceed 0.
[4791.046s] PRUNE: margin=-6.000000, optimistic_rem(widened)=0.000000 -> cannot exceed 0.
[4799.719s] PRUNE: margin=-6.000000, optimistic_rem(widened)=0.000000 -> cannot exceed 0.
[4808.397s] PRUNE: margin=-6.000000, optimistic_rem(widened)=0.000000 -> cannot exceed 0.
[4817.080s] PRUNE: margin=-6.000000, optimistic_rem(widened)=0.000000 -> cannot exceed 0.
[4825.762s] PRUNE: margin=-6.000000, optimistic_rem(widened)=0.000000 -> cannot exceed 0.
[4834.443s] PRUNE: margin=-8.000000, optimistic_rem(widened)=0.000000 -> cannot exceed 0.
[4851.795s] PRUNE: margin=-6.000000, optimistic_rem(widened)=0.000000 -> cannot exceed 0.
[4860.468s] PRUNE: margin=-6.000000, optimistic_rem(widened)=0.000000 -> cannot exceed 0.
[4869.150s] PRUNE: margin=-6.000000, optimistic_rem(widened)=0.000000 -> cannot exceed 0.
[4877.832s] PRUNE: margin=-6.000000, optimistic_rem(widened)=0.000000 -> cannot exceed 0.
[4886.515s] PRUNE: margin=-8.000000, optimistic_rem(widened)=0.000000 -> cannot exceed 0.
[4903.868s] PRUNE: margin=-6.000000, optimistic_rem(widened)=0.000000 -> cannot exceed 0.
[4912.550s] PRUNE: margin=-6.000000, optimistic_rem(widened)=0.000000 -> cannot exceed 0.
[4921.230s] PRUNE: margin=-6.000000, optimistic_rem(widened)=0.000000 -> cannot exceed 0.
[4929.912s] PRUNE: margin=-8.000000, optimistic_rem(widened)=0.000000 -> cannot exceed 0.
[4947.261s] PRUNE: margin=-6.000000, optimistic_rem(widened)=0.000000 -> cannot exceed 0.
[4955.936s] PRUNE: margin=-6.000000, optimistic_rem(widened)=0.000000 -> cannot exceed 0.
[4964.615s] PRUNE: margin=-8.000000, optimistic_rem(widened)=0.000000 -> cannot exceed 0.
[4981.970s] PRUNE: margin=-8.000000, optimistic_rem(widened)=0.000000 -> cannot exceed 0.
[4990.655s] PRUNE: margin=-14.000000, optimistic_rem(widened)=0.000000 -> cannot exceed 0.
[5008.015s] PRUNE: margin=-8.000000, optimistic_rem(widened)=0.000000 -> cannot exceed 0.
[5042.741s] PRUNE: margin=-6.000000, optimistic_rem(widened)=0.000000 -> cannot exceed 0.
[5051.435s] PRUNE: margin=-6.000000, optimistic_rem(widened)=0.000000 -> cannot exceed 0.
[5060.132s] PRUNE: margin=-6.000000, optimistic_rem(widened)=0.000000 -> cannot exceed 0.
[5068.829s] PRUNE: margin=-6.000000, optimistic_rem(widened)=0.000000 -> cannot exceed 0.
[5077.521s] PRUNE: margin=-6.000000, optimistic_rem(widened)=0.000000 -> cannot exceed 0.
[5086.216s] PRUNE: margin=-14.000000, optimistic_rem(widened)=0.000000 -> cannot exceed 0.
[5103.604s] PRUNE: margin=-6.000000, optimistic_rem(widened)=0.000000 -> cannot exceed 0.
[5112.305s] PRUNE: margin=-6.000000, optimistic_rem(widened)=0.000000 -> cannot exceed 0.
[5121.006s] PRUNE: margin=-6.000000, optimistic_rem(widened)=0.000000 -> cannot exceed 0.
[5129.708s] PRUNE: margin=-6.000000, optimistic_rem(widened)=0.000000 -> cannot exceed 0.
[5138.412s] PRUNE: margin=-14.000000, optimistic_rem(widened)=0.000000 -> cannot exceed 0.
[5155.801s] PRUNE: margin=-6.000000, optimistic_rem(widened)=0.000000 -> cannot exceed 0.
[5164.496s] PRUNE: margin=-6.000000, optimistic_rem(widened)=0.000000 -> cannot exceed 0.
[5173.194s] PRUNE: margin=-6.000000, optimistic_rem(widened)=0.000000 -> cannot exceed 0.
[5181.890s] PRUNE: margin=-14.000000, optimistic_rem(widened)=0.000000 -> cannot exceed 0.
[5199.267s] PRUNE: margin=-6.000000, optimistic_rem(widened)=0.000000 -> cannot exceed 0.
[5207.955s] PRUNE: margin=-6.000000, optimistic_rem(widened)=0.000000 -> cannot exceed 0.
[5216.649s] PRUNE: margin=-14.000000, optimistic_rem(widened)=0.000000 -> cannot exceed 0.
[5234.025s] PRUNE: margin=-6.000000, optimistic_rem(widened)=0.000000 -> cannot exceed 0.
[5242.720s] PRUNE: margin=-14.000000, optimistic_rem(widened)=0.000000 -> cannot exceed 0.
[5260.102s] PRUNE: margin=-14.000000, optimistic_rem(widened)=0.000000 -> cannot exceed 0.
[5273.142s] PRUNE: margin=-14.000000, optimistic_rem(widened)=8.000000 -> cannot exceed 0.
[5290.498s] PRUNE: margin=-6.000000, optimistic_rem(widened)=0.000000 -> cannot exceed 0.
[5303.505s] PRUNE: margin=-6.000000, optimistic_rem(widened)=0.000000 -> cannot exceed 0.
[5312.183s] PRUNE: margin=-6.000000, optimistic_rem(widened)=0.000000 -> cannot exceed 0.
[5320.864s] PRUNE: margin=-6.000000, optimistic_rem(widened)=0.000000 -> cannot exceed 0.
[5329.543s] PRUNE: margin=-8.000000, optimistic_rem(widened)=0.000000 -> cannot exceed 0.
[5346.895s] PRUNE: margin=-6.000000, optimistic_rem(widened)=0.000000 -> cannot exceed 0.
[5355.573s] PRUNE: margin=-6.000000, optimistic_rem(widened)=0.000000 -> cannot exceed 0.
[5364.254s] PRUNE: margin=-8.000000, optimistic_rem(widened)=0.000000 -> cannot exceed 0.
[5377.268s] PRUNE: margin=-6.000000, optimistic_rem(widened)=6.000000 -> cannot exceed 0.
[5390.292s] PRUNE: margin=-14.000000, optimistic_rem(widened)=0.000000 -> cannot exceed 0.
[5420.662s] PRUNE: margin=-6.000000, optimistic_rem(widened)=0.000000 -> cannot exceed 0.
[5433.676s] PRUNE: margin=-6.000000, optimistic_rem(widened)=0.000000 -> cannot exceed 0.
[5442.356s] PRUNE: margin=-6.000000, optimistic_rem(widened)=0.000000 -> cannot exceed 0.
[5451.038s] PRUNE: margin=-8.000000, optimistic_rem(widened)=0.000000 -> cannot exceed 0.
[5464.053s] PRUNE: margin=-6.000000, optimistic_rem(widened)=6.000000 -> cannot exceed 0.
[5477.074s] PRUNE: margin=-14.000000, optimistic_rem(widened)=0.000000 -> cannot exceed 0.
[5507.444s] PRUNE: margin=-6.000000, optimistic_rem(widened)=0.000000 -> cannot exceed 0.
[5516.124s] PRUNE: margin=-6.000000, optimistic_rem(widened)=6.000000 -> cannot exceed 0.
[5529.146s] PRUNE: margin=-14.000000, optimistic_rem(widened)=0.000000 -> cannot exceed 0.
[5555.179s] PRUNE: margin=-6.000000, optimistic_rem(widened)=6.000000 -> cannot exceed 0.
[5563.857s] PRUNE: margin=-6.000000, optimistic_rem(widened)=6.000000 -> cannot exceed 0.
[5611.566s] PRUNE: margin=-6.000000, optimistic_rem(widened)=2.000000 -> cannot exceed 0.
[5624.587s] PRUNE: margin=-6.000000, optimistic_rem(widened)=0.000000 -> cannot exceed 0.
[5633.280s] PRUNE: margin=-6.000000, optimistic_rem(widened)=0.000000 -> cannot exceed 0.
[5641.971s] PRUNE: margin=-6.000000, optimistic_rem(widened)=0.000000 -> cannot exceed 0.
[5650.660s] PRUNE: margin=-6.000000, optimistic_rem(widened)=0.000000 -> cannot exceed 0.
[5659.345s] PRUNE: margin=-6.000000, optimistic_rem(widened)=0.000000 -> cannot exceed 0.
[5668.031s] PRUNE: margin=-6.000000, optimistic_rem(widened)=0.000000 -> cannot exceed 0.
[5676.726s] PRUNE: margin=-14.000000, optimistic_rem(widened)=0.000000 -> cannot exceed 0.
[5694.078s] PRUNE: margin=-6.000000, optimistic_rem(widened)=0.000000 -> cannot exceed 0.
[5702.752s] PRUNE: margin=-6.000000, optimistic_rem(widened)=0.000000 -> cannot exceed 0.
[5711.424s] PRUNE: margin=-6.000000, optimistic_rem(widened)=0.000000 -> cannot exceed 0.
[5720.106s] PRUNE: margin=-6.000000, optimistic_rem(widened)=0.000000 -> cannot exceed 0.
[5728.786s] PRUNE: margin=-6.000000, optimistic_rem(widened)=0.000000 -> cannot exceed 0.
[5737.466s] PRUNE: margin=-8.000000, optimistic_rem(widened)=0.000000 -> cannot exceed 0.
[5754.813s] PRUNE: margin=-6.000000, optimistic_rem(widened)=0.000000 -> cannot exceed 0.
[5763.486s] PRUNE: margin=-6.000000, optimistic_rem(widened)=0.000000 -> cannot exceed 0.
[5772.169s] PRUNE: margin=-6.000000, optimistic_rem(widened)=0.000000 -> cannot exceed 0.
[5780.848s] PRUNE: margin=-6.000000, optimistic_rem(widened)=0.000000 -> cannot exceed 0.
[5789.528s] PRUNE: margin=-8.000000, optimistic_rem(widened)=0.000000 -> cannot exceed 0.
[5806.875s] PRUNE: margin=-6.000000, optimistic_rem(widened)=0.000000 -> cannot exceed 0.
[5815.555s] PRUNE: margin=-6.000000, optimistic_rem(widened)=0.000000 -> cannot exceed 0.
[5824.235s] PRUNE: margin=-6.000000, optimistic_rem(widened)=0.000000 -> cannot exceed 0.
[5832.916s] PRUNE: margin=-8.000000, optimistic_rem(widened)=0.000000 -> cannot exceed 0.
[5845.925s] PRUNE: margin=-6.000000, optimistic_rem(widened)=6.000000 -> cannot exceed 0.
[5854.606s] PRUNE: margin=-6.000000, optimistic_rem(widened)=6.000000 -> cannot exceed 0.
[5867.626s] PRUNE: margin=-8.000000, optimistic_rem(widened)=0.000000 -> cannot exceed 0.
[5902.353s] PRUNE: margin=-6.000000, optimistic_rem(widened)=0.000000 -> cannot exceed 0.
[5911.046s] PRUNE: margin=-6.000000, optimistic_rem(widened)=0.000000 -> cannot exceed 0.
[5919.739s] PRUNE: margin=-6.000000, optimistic_rem(widened)=0.000000 -> cannot exceed 0.
[5928.433s] PRUNE: margin=-6.000000, optimistic_rem(widened)=0.000000 -> cannot exceed 0.
[5937.125s] PRUNE: margin=-6.000000, optimistic_rem(widened)=0.000000 -> cannot exceed 0.
[5945.824s] PRUNE: margin=-6.000000, optimistic_rem(widened)=0.000000 -> cannot exceed 0.
[5954.523s] PRUNE: margin=-14.000000, optimistic_rem(widened)=0.000000 -> cannot exceed 0.
[5971.878s] PRUNE: margin=-6.000000, optimistic_rem(widened)=0.000000 -> cannot exceed 0.
[5980.549s] PRUNE: margin=-6.000000, optimistic_rem(widened)=0.000000 -> cannot exceed 0.
[5989.220s] PRUNE: margin=-6.000000, optimistic_rem(widened)=0.000000 -> cannot exceed 0.
[5997.898s] PRUNE: margin=-6.000000, optimistic_rem(widened)=0.000000 -> cannot exceed 0.
[6006.575s] PRUNE: margin=-6.000000, optimistic_rem(widened)=0.000000 -> cannot exceed 0.
[6015.255s] PRUNE: margin=-8.000000, optimistic_rem(widened)=0.000000 -> cannot exceed 0.
[6032.601s] PRUNE: margin=-6.000000, optimistic_rem(widened)=0.000000 -> cannot exceed 0.
[6041.272s] PRUNE: margin=-6.000000, optimistic_rem(widened)=0.000000 -> cannot exceed 0.
[6049.951s] PRUNE: margin=-6.000000, optimistic_rem(widened)=0.000000 -> cannot exceed 0.
[6058.630s] PRUNE: margin=-6.000000, optimistic_rem(widened)=0.000000 -> cannot exceed 0.
[6067.307s] PRUNE: margin=-8.000000, optimistic_rem(widened)=0.000000 -> cannot exceed 0.
[6084.653s] PRUNE: margin=-6.000000, optimistic_rem(widened)=0.000000 -> cannot exceed 0.
[6093.332s] PRUNE: margin=-6.000000, optimistic_rem(widened)=0.000000 -> cannot exceed 0.
[6102.008s] PRUNE: margin=-6.000000, optimistic_rem(widened)=0.000000 -> cannot exceed 0.
[6110.688s] PRUNE: margin=-8.000000, optimistic_rem(widened)=0.000000 -> cannot exceed 0.
[6128.039s] PRUNE: margin=-6.000000, optimistic_rem(widened)=0.000000 -> cannot exceed 0.
[6136.714s] PRUNE: margin=-6.000000, optimistic_rem(widened)=0.000000 -> cannot exceed 0.
[6145.393s] PRUNE: margin=-8.000000, optimistic_rem(widened)=0.000000 -> cannot exceed 0.
[6162.750s] PRUNE: margin=-8.000000, optimistic_rem(widened)=0.000000 -> cannot exceed 0.
[6171.437s] PRUNE: margin=-14.000000, optimistic_rem(widened)=0.000000 -> cannot exceed 0.
[6188.798s] PRUNE: margin=-8.000000, optimistic_rem(widened)=0.000000 -> cannot exceed 0.
[6223.525s] PRUNE: margin=-6.000000, optimistic_rem(widened)=0.000000 -> cannot exceed 0.
[6232.220s] PRUNE: margin=-6.000000, optimistic_rem(widened)=0.000000 -> cannot exceed 0.
[6240.916s] PRUNE: margin=-6.000000, optimistic_rem(widened)=0.000000 -> cannot exceed 0.
[6249.612s] PRUNE: margin=-6.000000, optimistic_rem(widened)=0.000000 -> cannot exceed 0.
[6258.305s] PRUNE: margin=-6.000000, optimistic_rem(widened)=0.000000 -> cannot exceed 0.
[6267.001s] PRUNE: margin=-14.000000, optimistic_rem(widened)=0.000000 -> cannot exceed 0.
[6284.392s] PRUNE: margin=-6.000000, optimistic_rem(widened)=0.000000 -> cannot exceed 0.
[6293.092s] PRUNE: margin=-6.000000, optimistic_rem(widened)=0.000000 -> cannot exceed 0.
[6301.794s] PRUNE: margin=-6.000000, optimistic_rem(widened)=0.000000 -> cannot exceed 0.
[6310.496s] PRUNE: margin=-6.000000, optimistic_rem(widened)=0.000000 -> cannot exceed 0.
[6319.196s] PRUNE: margin=-14.000000, optimistic_rem(widened)=0.000000 -> cannot exceed 0.
[6336.587s] PRUNE: margin=-6.000000, optimistic_rem(widened)=0.000000 -> cannot exceed 0.
[6345.283s] PRUNE: margin=-6.000000, optimistic_rem(widened)=0.000000 -> cannot exceed 0.
[6353.979s] PRUNE: margin=-6.000000, optimistic_rem(widened)=0.000000 -> cannot exceed 0.
[6362.677s] PRUNE: margin=-14.000000, optimistic_rem(widened)=0.000000 -> cannot exceed 0.
[6380.056s] PRUNE: margin=-6.000000, optimistic_rem(widened)=0.000000 -> cannot exceed 0.
[6388.744s] PRUNE: margin=-6.000000, optimistic_rem(widened)=0.000000 -> cannot exceed 0.
[6397.439s] PRUNE: margin=-14.000000, optimistic_rem(widened)=0.000000 -> cannot exceed 0.
[6414.814s] PRUNE: margin=-6.000000, optimistic_rem(widened)=0.000000 -> cannot exceed 0.
[6423.514s] PRUNE: margin=-14.000000, optimistic_rem(widened)=0.000000 -> cannot exceed 0.
[6440.908s] PRUNE: margin=-14.000000, optimistic_rem(widened)=0.000000 -> cannot exceed 0.
[6453.963s] PRUNE: margin=-14.000000, optimistic_rem(widened)=8.000000 -> cannot exceed 0.
[6471.337s] PRUNE: margin=-6.000000, optimistic_rem(widened)=0.000000 -> cannot exceed 0.
[6484.366s] PRUNE: margin=-6.000000, optimistic_rem(widened)=0.000000 -> cannot exceed 0.
[6493.065s] PRUNE: margin=-6.000000, optimistic_rem(widened)=0.000000 -> cannot exceed 0.
[6501.754s] PRUNE: margin=-6.000000, optimistic_rem(widened)=0.000000 -> cannot exceed 0.
[6510.442s] PRUNE: margin=-8.000000, optimistic_rem(widened)=0.000000 -> cannot exceed 0.
[6527.813s] PRUNE: margin=-6.000000, optimistic_rem(widened)=0.000000 -> cannot exceed 0.
[6536.506s] PRUNE: margin=-6.000000, optimistic_rem(widened)=0.000000 -> cannot exceed 0.
[6545.195s] PRUNE: margin=-8.000000, optimistic_rem(widened)=0.000000 -> cannot exceed 0.
[6558.228s] PRUNE: margin=-6.000000, optimistic_rem(widened)=6.000000 -> cannot exceed 0.
[6568.587s] PRUNE: margin=-14.000000, optimistic_rem(widened)=0.000000 -> cannot exceed 0.
[6587.504s] PRUNE: margin=-6.000000, optimistic_rem(widened)=0.000000 -> cannot exceed 0.
[6595.453s] PRUNE: margin=-6.000000, optimistic_rem(widened)=0.000000 -> cannot exceed 0.
[6600.728s] PRUNE: margin=-6.000000, optimistic_rem(widened)=0.000000 -> cannot exceed 0.
[6606.064s] PRUNE: margin=-8.000000, optimistic_rem(widened)=0.000000 -> cannot exceed 0.
[6614.164s] PRUNE: margin=-6.000000, optimistic_rem(widened)=6.000000 -> cannot exceed 0.
[6622.119s] PRUNE: margin=-14.000000, optimistic_rem(widened)=0.000000 -> cannot exceed 0.
[6640.792s] PRUNE: margin=-6.000000, optimistic_rem(widened)=0.000000 -> cannot exceed 0.
[6646.064s] PRUNE: margin=-6.000000, optimistic_rem(widened)=6.000000 -> cannot exceed 0.
[6653.976s] PRUNE: margin=-14.000000, optimistic_rem(widened)=0.000000 -> cannot exceed 0.
[6669.858s] PRUNE: margin=-6.000000, optimistic_rem(widened)=6.000000 -> cannot exceed 0.
[6675.161s] PRUNE: margin=-6.000000, optimistic_rem(widened)=6.000000 -> cannot exceed 0.
[6702.090s] PRUNE: margin=-6.000000, optimistic_rem(widened)=2.000000 -> cannot exceed 0.
[6716.251s] PRUNE: margin=-6.000000, optimistic_rem(widened)=0.000000 -> cannot exceed 0.
[6724.962s] PRUNE: margin=-6.000000, optimistic_rem(widened)=0.000000 -> cannot exceed 0.
[6733.661s] PRUNE: margin=-6.000000, optimistic_rem(widened)=0.000000 -> cannot exceed 0.
[6742.358s] PRUNE: margin=-6.000000, optimistic_rem(widened)=0.000000 -> cannot exceed 0.
[6751.052s] PRUNE: margin=-6.000000, optimistic_rem(widened)=0.000000 -> cannot exceed 0.
[6759.750s] PRUNE: margin=-14.000000, optimistic_rem(widened)=0.000000 -> cannot exceed 0.
[6777.141s] PRUNE: margin=-6.000000, optimistic_rem(widened)=0.000000 -> cannot exceed 0.
[6785.842s] PRUNE: margin=-6.000000, optimistic_rem(widened)=0.000000 -> cannot exceed 0.
[6794.543s] PRUNE: margin=-6.000000, optimistic_rem(widened)=0.000000 -> cannot exceed 0.
[6803.243s] PRUNE: margin=-6.000000, optimistic_rem(widened)=0.000000 -> cannot exceed 0.
[6811.943s] PRUNE: margin=-14.000000, optimistic_rem(widened)=0.000000 -> cannot exceed 0.
[6829.332s] PRUNE: margin=-6.000000, optimistic_rem(widened)=0.000000 -> cannot exceed 0.
[6838.028s] PRUNE: margin=-6.000000, optimistic_rem(widened)=0.000000 -> cannot exceed 0.
[6846.723s] PRUNE: margin=-6.000000, optimistic_rem(widened)=0.000000 -> cannot exceed 0.
[6855.420s] PRUNE: margin=-14.000000, optimistic_rem(widened)=0.000000 -> cannot exceed 0.
[6872.798s] PRUNE: margin=-6.000000, optimistic_rem(widened)=0.000000 -> cannot exceed 0.
[6881.486s] PRUNE: margin=-6.000000, optimistic_rem(widened)=0.000000 -> cannot exceed 0.
[6890.182s] PRUNE: margin=-14.000000, optimistic_rem(widened)=0.000000 -> cannot exceed 0.
[6907.556s] PRUNE: margin=-6.000000, optimistic_rem(widened)=0.000000 -> cannot exceed 0.
[6916.251s] PRUNE: margin=-14.000000, optimistic_rem(widened)=0.000000 -> cannot exceed 0.
[6933.632s] PRUNE: margin=-14.000000, optimistic_rem(widened)=0.000000 -> cannot exceed 0.
[6946.671s] PRUNE: margin=-14.000000, optimistic_rem(widened)=8.000000 -> cannot exceed 0.
[6964.026s] PRUNE: margin=-6.000000, optimistic_rem(widened)=0.000000 -> cannot exceed 0.
[6977.036s] PRUNE: margin=-6.000000, optimistic_rem(widened)=0.000000 -> cannot exceed 0.
[6985.725s] PRUNE: margin=-6.000000, optimistic_rem(widened)=0.000000 -> cannot exceed 0.
[6994.409s] PRUNE: margin=-6.000000, optimistic_rem(widened)=0.000000 -> cannot exceed 0.
[7003.097s] PRUNE: margin=-8.000000, optimistic_rem(widened)=0.000000 -> cannot exceed 0.
[7020.462s] PRUNE: margin=-6.000000, optimistic_rem(widened)=0.000000 -> cannot exceed 0.
[7029.149s] PRUNE: margin=-6.000000, optimistic_rem(widened)=0.000000 -> cannot exceed 0.
[7037.865s] PRUNE: margin=-8.000000, optimistic_rem(widened)=0.000000 -> cannot exceed 0.
[7050.928s] PRUNE: margin=-6.000000, optimistic_rem(widened)=6.000000 -> cannot exceed 0.
[7063.945s] PRUNE: margin=-14.000000, optimistic_rem(widened)=0.000000 -> cannot exceed 0.
[7094.302s] PRUNE: margin=-6.000000, optimistic_rem(widened)=0.000000 -> cannot exceed 0.
[7107.314s] PRUNE: margin=-6.000000, optimistic_rem(widened)=0.000000 -> cannot exceed 0.
[7115.991s] PRUNE: margin=-6.000000, optimistic_rem(widened)=0.000000 -> cannot exceed 0.
[7124.668s] PRUNE: margin=-8.000000, optimistic_rem(widened)=0.000000 -> cannot exceed 0.
[7137.680s] PRUNE: margin=-6.000000, optimistic_rem(widened)=6.000000 -> cannot exceed 0.
[7150.694s] PRUNE: margin=-14.000000, optimistic_rem(widened)=0.000000 -> cannot exceed 0.
[7181.109s] PRUNE: margin=-6.000000, optimistic_rem(widened)=0.000000 -> cannot exceed 0.
[7189.818s] PRUNE: margin=-6.000000, optimistic_rem(widened)=6.000000 -> cannot exceed 0.
[7202.887s] PRUNE: margin=-14.000000, optimistic_rem(widened)=0.000000 -> cannot exceed 0.
[7229.009s] PRUNE: margin=-6.000000, optimistic_rem(widened)=6.000000 -> cannot exceed 0.
[7237.709s] PRUNE: margin=-6.000000, optimistic_rem(widened)=6.000000 -> cannot exceed 0.
[7289.918s] PRUNE: margin=-6.000000, optimistic_rem(widened)=0.000000 -> cannot exceed 0.
[7298.637s] PRUNE: margin=-6.000000, optimistic_rem(widened)=0.000000 -> cannot exceed 0.
[7307.356s] PRUNE: margin=-6.000000, optimistic_rem(widened)=0.000000 -> cannot exceed 0.
[7316.075s] PRUNE: margin=-6.000000, optimistic_rem(widened)=0.000000 -> cannot exceed 0.
[7324.800s] PRUNE: margin=-6.000000, optimistic_rem(widened)=0.000000 -> cannot exceed 0.
[7333.520s] PRUNE: margin=-14.000000, optimistic_rem(widened)=0.000000 -> cannot exceed 0.
[7350.952s] PRUNE: margin=-6.000000, optimistic_rem(widened)=0.000000 -> cannot exceed 0.
[7359.663s] PRUNE: margin=-6.000000, optimistic_rem(widened)=0.000000 -> cannot exceed 0.
[7368.393s] PRUNE: margin=-6.000000, optimistic_rem(widened)=0.000000 -> cannot exceed 0.
[7377.118s] PRUNE: margin=-6.000000, optimistic_rem(widened)=0.000000 -> cannot exceed 0.
[7385.838s] PRUNE: margin=-14.000000, optimistic_rem(widened)=0.000000 -> cannot exceed 0.
[7403.272s] PRUNE: margin=-6.000000, optimistic_rem(widened)=0.000000 -> cannot exceed 0.
[7411.988s] PRUNE: margin=-6.000000, optimistic_rem(widened)=0.000000 -> cannot exceed 0.
[7420.707s] PRUNE: margin=-6.000000, optimistic_rem(widened)=0.000000 -> cannot exceed 0.
[7429.426s] PRUNE: margin=-14.000000, optimistic_rem(widened)=0.000000 -> cannot exceed 0.
[7446.852s] PRUNE: margin=-6.000000, optimistic_rem(widened)=0.000000 -> cannot exceed 0.
[7455.569s] PRUNE: margin=-6.000000, optimistic_rem(widened)=0.000000 -> cannot exceed 0.
[7464.291s] PRUNE: margin=-14.000000, optimistic_rem(widened)=0.000000 -> cannot exceed 0.
[7481.719s] PRUNE: margin=-6.000000, optimistic_rem(widened)=0.000000 -> cannot exceed 0.
[7490.467s] PRUNE: margin=-14.000000, optimistic_rem(widened)=0.000000 -> cannot exceed 0.
[7507.910s] PRUNE: margin=-14.000000, optimistic_rem(widened)=0.000000 -> cannot exceed 0.
[7520.990s] PRUNE: margin=-14.000000, optimistic_rem(widened)=8.000000 -> cannot exceed 0.
[7538.384s] PRUNE: margin=-6.000000, optimistic_rem(widened)=0.000000 -> cannot exceed 0.
[7551.419s] PRUNE: margin=-6.000000, optimistic_rem(widened)=0.000000 -> cannot exceed 0.
[7560.120s] PRUNE: margin=-6.000000, optimistic_rem(widened)=0.000000 -> cannot exceed 0.
[7568.822s] PRUNE: margin=-6.000000, optimistic_rem(widened)=0.000000 -> cannot exceed 0.
[7577.521s] PRUNE: margin=-8.000000, optimistic_rem(widened)=0.000000 -> cannot exceed 0.
[7594.911s] PRUNE: margin=-6.000000, optimistic_rem(widened)=0.000000 -> cannot exceed 0.
[7603.610s] PRUNE: margin=-6.000000, optimistic_rem(widened)=0.000000 -> cannot exceed 0.
[7612.312s] PRUNE: margin=-8.000000, optimistic_rem(widened)=0.000000 -> cannot exceed 0.
[7629.710s] PRUNE: margin=-6.000000, optimistic_rem(widened)=0.000000 -> cannot exceed 0.
[7638.414s] PRUNE: margin=-14.000000, optimistic_rem(widened)=0.000000 -> cannot exceed 0.
[7655.812s] PRUNE: margin=-14.000000, optimistic_rem(widened)=0.000000 -> cannot exceed 0.
[7686.244s] PRUNE: margin=-6.000000, optimistic_rem(widened)=0.000000 -> cannot exceed 0.
[7699.287s] PRUNE: margin=-6.000000, optimistic_rem(widened)=0.000000 -> cannot exceed 0.
[7707.994s] PRUNE: margin=-6.000000, optimistic_rem(widened)=0.000000 -> cannot exceed 0.
[7716.702s] PRUNE: margin=-8.000000, optimistic_rem(widened)=0.000000 -> cannot exceed 0.
[7734.118s] PRUNE: margin=-6.000000, optimistic_rem(widened)=0.000000 -> cannot exceed 0.
[7742.832s] PRUNE: margin=-14.000000, optimistic_rem(widened)=0.000000 -> cannot exceed 0.
[7760.253s] PRUNE: margin=-14.000000, optimistic_rem(widened)=0.000000 -> cannot exceed 0.
[7790.728s] PRUNE: margin=-6.000000, optimistic_rem(widened)=0.000000 -> cannot exceed 0.
[7803.797s] PRUNE: margin=-6.000000, optimistic_rem(widened)=0.000000 -> cannot exceed 0.
[7812.519s] PRUNE: margin=-14.000000, optimistic_rem(widened)=0.000000 -> cannot exceed 0.
[7829.926s] PRUNE: margin=-14.000000, optimistic_rem(widened)=0.000000 -> cannot exceed 0.
[7864.712s] PRUNE: margin=-6.000000, optimistic_rem(widened)=0.000000 -> cannot exceed 0.
[7873.416s] PRUNE: margin=-14.000000, optimistic_rem(widened)=0.000000 -> cannot exceed 0.
[7890.818s] PRUNE: margin=-6.000000, optimistic_rem(widened)=0.000000 -> cannot exceed 0.
[7925.610s] PRUNE: margin=-14.000000, optimistic_rem(widened)=0.000000 -> cannot exceed 0.
[7938.673s] PRUNE: margin=-14.000000, optimistic_rem(widened)=8.000000 -> cannot exceed 0.
[7995.232s] PRUNE: margin=-6.000000, optimistic_rem(widened)=0.000000 -> cannot exceed 0.
[8003.951s] PRUNE: margin=-6.000000, optimistic_rem(widened)=0.000000 -> cannot exceed 0.
[8012.668s] PRUNE: margin=-6.000000, optimistic_rem(widened)=0.000000 -> cannot exceed 0.
[8021.386s] PRUNE: margin=-6.000000, optimistic_rem(widened)=0.000000 -> cannot exceed 0.
[8030.105s] PRUNE: margin=-14.000000, optimistic_rem(widened)=0.000000 -> cannot exceed 0.
[8047.537s] PRUNE: margin=-6.000000, optimistic_rem(widened)=0.000000 -> cannot exceed 0.
[8056.257s] PRUNE: margin=-6.000000, optimistic_rem(widened)=0.000000 -> cannot exceed 0.
[8064.977s] PRUNE: margin=-6.000000, optimistic_rem(widened)=0.000000 -> cannot exceed 0.
[8073.695s] PRUNE: margin=-14.000000, optimistic_rem(widened)=0.000000 -> cannot exceed 0.
[8091.123s] PRUNE: margin=-6.000000, optimistic_rem(widened)=0.000000 -> cannot exceed 0.
[8099.844s] PRUNE: margin=-6.000000, optimistic_rem(widened)=0.000000 -> cannot exceed 0.
[8108.560s] PRUNE: margin=-14.000000, optimistic_rem(widened)=0.000000 -> cannot exceed 0.
[8125.990s] PRUNE: margin=-6.000000, optimistic_rem(widened)=0.000000 -> cannot exceed 0.
[8134.715s] PRUNE: margin=-14.000000, optimistic_rem(widened)=0.000000 -> cannot exceed 0.
[8152.156s] PRUNE: margin=-14.000000, optimistic_rem(widened)=0.000000 -> cannot exceed 0.
[8165.226s] PRUNE: margin=-14.000000, optimistic_rem(widened)=8.000000 -> cannot exceed 0.
[8187.012s] PRUNE: margin=-6.000000, optimistic_rem(widened)=0.000000 -> cannot exceed 0.
[8195.732s] PRUNE: margin=-6.000000, optimistic_rem(widened)=0.000000 -> cannot exceed 0.
[8204.450s] PRUNE: margin=-6.000000, optimistic_rem(widened)=0.000000 -> cannot exceed 0.
[8213.168s] PRUNE: margin=-14.000000, optimistic_rem(widened)=0.000000 -> cannot exceed 0.
[8230.618s] PRUNE: margin=-6.000000, optimistic_rem(widened)=0.000000 -> cannot exceed 0.
[8239.333s] PRUNE: margin=-6.000000, optimistic_rem(widened)=0.000000 -> cannot exceed 0.
[8248.056s] PRUNE: margin=-14.000000, optimistic_rem(widened)=0.000000 -> cannot exceed 0.
[8265.501s] PRUNE: margin=-14.000000, optimistic_rem(widened)=0.000000 -> cannot exceed 0.
[8274.218s] PRUNE: margin=-14.000000, optimistic_rem(widened)=0.000000 -> cannot exceed 0.
[8291.658s] PRUNE: margin=-14.000000, optimistic_rem(widened)=0.000000 -> cannot exceed 0.
[8304.738s] PRUNE: margin=-14.000000, optimistic_rem(widened)=8.000000 -> cannot exceed 0.
[8326.090s] PRUNE: margin=-6.000000, optimistic_rem(widened)=0.000000 -> cannot exceed 0.
[8331.589s] PRUNE: margin=-6.000000, optimistic_rem(widened)=0.000000 -> cannot exceed 0.
[8336.909s] PRUNE: margin=-14.000000, optimistic_rem(widened)=0.000000 -> cannot exceed 0.
[8347.380s] PRUNE: margin=-6.000000, optimistic_rem(widened)=0.000000 -> cannot exceed 0.
[8352.620s] PRUNE: margin=-14.000000, optimistic_rem(widened)=0.000000 -> cannot exceed 0.
[8363.163s] PRUNE: margin=-14.000000, optimistic_rem(widened)=0.000000 -> cannot exceed 0.
[8371.036s] PRUNE: margin=-14.000000, optimistic_rem(widened)=8.000000 -> cannot exceed 0.
[8384.199s] PRUNE: margin=-6.000000, optimistic_rem(widened)=0.000000 -> cannot exceed 0.
[8389.552s] PRUNE: margin=-14.000000, optimistic_rem(widened)=0.000000 -> cannot exceed 0.
[8400.053s] PRUNE: margin=-14.000000, optimistic_rem(widened)=0.000000 -> cannot exceed 0.
[8407.956s] PRUNE: margin=-14.000000, optimistic_rem(widened)=8.000000 -> cannot exceed 0.
[8421.095s] PRUNE: margin=-14.000000, optimistic_rem(widened)=0.000000 -> cannot exceed 0.
[8428.981s] PRUNE: margin=-14.000000, optimistic_rem(widened)=8.000000 -> cannot exceed 0.
[8439.523s] PRUNE: margin=-14.000000, optimistic_rem(widened)=8.000000 -> cannot exceed 0.
[8447.445s] PRUNE: margin=-14.000000, optimistic_rem(widened)=14.000000 -> cannot exceed 0.
[8457.971s] PRUNE: margin=-6.000000, optimistic_rem(widened)=4.000000 -> cannot exceed 0.
[8487.091s] PRUNE: margin=-8.000000, optimistic_rem(widened)=6.000000 -> cannot exceed 0.
[8505.666s] PRUNE: margin=-14.000000, optimistic_rem(widened)=12.000000 -> cannot exceed 0.
[8516.262s] PRUNE: margin=-14.000000, optimistic_rem(widened)=12.000000 -> cannot exceed 0.
[8545.532s] PRUNE: margin=-14.000000, optimistic_rem(widened)=12.000000 -> cannot exceed 0.
[8556.180s] PRUNE: margin=-14.000000, optimistic_rem(widened)=12.000000 -> cannot exceed 0.
[8586.839s] PRUNE: margin=-14.000000, optimistic_rem(widened)=12.000000 -> cannot exceed 0.
[8647.721s] PRUNE: margin=-6.000000, optimistic_rem(widened)=4.000000 -> cannot exceed 0.
[8678.168s] PRUNE: margin=-14.000000, optimistic_rem(widened)=12.000000 -> cannot exceed 0.
[8695.565s] PRUNE: margin=-14.000000, optimistic_rem(widened)=12.000000 -> cannot exceed 0.
[8730.352s] PRUNE: margin=-14.000000, optimistic_rem(widened)=12.000000 -> cannot exceed 0.
[8791.232s] PRUNE: margin=-6.000000, optimistic_rem(widened)=4.000000 -> cannot exceed 0.
[8808.631s] PRUNE: margin=-14.000000, optimistic_rem(widened)=12.000000 -> cannot exceed 0.
[8878.210s] PRUNE: margin=-14.000000, optimistic_rem(widened)=12.000000 -> cannot exceed 0.
[8943.432s] PRUNE: margin=-14.000000, optimistic_rem(widened)=12.000000 -> cannot exceed 0.
[8991.262s] No counterexample within budgets (BaB): no misclassification found.
STATUS: No counterexample | best_upper_margin=32.000000 | elapsed=8991.262s | pixels_changed=0 | total_bit_flips=0 | avg_hamming_per_pixel=0.000000 | patch_rows=10-16 | patch_cols=9-17 | note=no_counterexample_within_budgets
