[  0.000s] init: idx=9314 kmax=2 bmax=4 topx=2 widen=1.000 rank_fast=off
clean logits (hex):  0x81  0x82  0x82  0x82  0x81  0x82  0x81  0x84  0x82  0x82
clean logits (bits): 10000001 10000010 10000010 10000010 10000001 10000010 10000001 10000100 10000010 10000010
clean logits (double): -64.000000 -32.000000 -32.000000 -32.000000 -64.000000 -32.000000 -64.000000 -16.000000 -32.000000 -32.000000
[  0.016s] clean prediction: 7 (true label 7)
[1584.761s] selection: nSym=2 (from 784), topx=2, rank_fast=off
[1584.761s] active patch: rows 7-7, cols 4-5 (derived from symPix)
[1596.773s] Proceeding to BaB (greedy enabled).
[1596.773s] Skipping root bound check (--no-root-bound).
[1596.773s] BaB search starting (K<=2, B<=4, nSym=2, depth_limit=500000000, widen=1.00)...
[1604.882s] PRUNE: margin=-8.000000, optimistic_rem(widened)=8.000000 -> cannot exceed 0.
[1612.996s] PRUNE: margin=-8.000000, optimistic_rem(widened)=8.000000 -> cannot exceed 0.
[1621.096s] PRUNE: margin=-8.000000, optimistic_rem(widened)=8.000000 -> cannot exceed 0.
[1629.210s] PRUNE: margin=-8.000000, optimistic_rem(widened)=8.000000 -> cannot exceed 0.
[1637.312s] PRUNE: margin=-8.000000, optimistic_rem(widened)=8.000000 -> cannot exceed 0.
[1653.529s] PRUNE: margin=-16.000000, optimistic_rem(widened)=16.000000 -> cannot exceed 0.
[1665.681s] PRUNE: margin=-8.000000, optimistic_rem(widened)=0.000000 -> cannot exceed 0.
[1673.793s] PRUNE: margin=-8.000000, optimistic_rem(widened)=0.000000 -> cannot exceed 0.
[1681.896s] PRUNE: margin=-8.000000, optimistic_rem(widened)=0.000000 -> cannot exceed 0.
[1689.996s] PRUNE: margin=-8.000000, optimistic_rem(widened)=0.000000 -> cannot exceed 0.
[1698.107s] PRUNE: margin=-8.000000, optimistic_rem(widened)=0.000000 -> cannot exceed 0.
[1706.206s] PRUNE: margin=-16.000000, optimistic_rem(widened)=0.000000 -> cannot exceed 0.
[1714.312s] PRUNE: margin=-16.000000, optimistic_rem(widened)=0.000000 -> cannot exceed 0.
[1726.468s] PRUNE: margin=-8.000000, optimistic_rem(widened)=0.000000 -> cannot exceed 0.
[1734.575s] PRUNE: margin=-8.000000, optimistic_rem(widened)=0.000000 -> cannot exceed 0.
[1746.737s] PRUNE: margin=-8.000000, optimistic_rem(widened)=0.000000 -> cannot exceed 0.
[1754.840s] PRUNE: margin=-8.000000, optimistic_rem(widened)=0.000000 -> cannot exceed 0.
[1762.943s] PRUNE: margin=-16.000000, optimistic_rem(widened)=0.000000 -> cannot exceed 0.
[1771.046s] PRUNE: margin=-16.000000, optimistic_rem(widened)=0.000000 -> cannot exceed 0.
[1787.257s] PRUNE: margin=-8.000000, optimistic_rem(widened)=0.000000 -> cannot exceed 0.
[1795.360s] PRUNE: margin=-16.000000, optimistic_rem(widened)=0.000000 -> cannot exceed 0.
[1803.471s] PRUNE: margin=-16.000000, optimistic_rem(widened)=0.000000 -> cannot exceed 0.
[1815.640s] PRUNE: margin=-8.000000, optimistic_rem(widened)=0.000000 -> cannot exceed 0.
[1823.746s] PRUNE: margin=-16.000000, optimistic_rem(widened)=8.000000 -> cannot exceed 0.
[1831.851s] PRUNE: margin=-16.000000, optimistic_rem(widened)=8.000000 -> cannot exceed 0.
[1852.123s] PRUNE: margin=-16.000000, optimistic_rem(widened)=0.000000 -> cannot exceed 0.
[1860.230s] PRUNE: margin=-16.000000, optimistic_rem(widened)=0.000000 -> cannot exceed 0.
[1868.343s] PRUNE: margin=-16.000000, optimistic_rem(widened)=0.000000 -> cannot exceed 0.
[1876.455s] PRUNE: margin=-16.000000, optimistic_rem(widened)=0.000000 -> cannot exceed 0.
[1884.570s] PRUNE: margin=-16.000000, optimistic_rem(widened)=0.000000 -> cannot exceed 0.
[1892.678s] PRUNE: margin=-16.000000, optimistic_rem(widened)=0.000000 -> cannot exceed 0.
[1900.781s] PRUNE: margin=-16.000000, optimistic_rem(widened)=0.000000 -> cannot exceed 0.
[1912.941s] PRUNE: margin=-16.000000, optimistic_rem(widened)=8.000000 -> cannot exceed 0.
[1921.053s] PRUNE: margin=-16.000000, optimistic_rem(widened)=8.000000 -> cannot exceed 0.
[1933.211s] PRUNE: margin=-8.000000, optimistic_rem(widened)=0.000000 -> cannot exceed 0.
[1941.322s] PRUNE: margin=-16.000000, optimistic_rem(widened)=0.000000 -> cannot exceed 0.
[1949.428s] PRUNE: margin=-16.000000, optimistic_rem(widened)=0.000000 -> cannot exceed 0.
[1957.531s] PRUNE: margin=-16.000000, optimistic_rem(widened)=0.000000 -> cannot exceed 0.
[1973.750s] PRUNE: margin=-16.000000, optimistic_rem(widened)=0.000000 -> cannot exceed 0.
[1981.861s] PRUNE: margin=-16.000000, optimistic_rem(widened)=0.000000 -> cannot exceed 0.
[1989.969s] PRUNE: margin=-16.000000, optimistic_rem(widened)=0.000000 -> cannot exceed 0.
[2006.189s] PRUNE: margin=-16.000000, optimistic_rem(widened)=0.000000 -> cannot exceed 0.
[2014.298s] PRUNE: margin=-16.000000, optimistic_rem(widened)=0.000000 -> cannot exceed 0.
[2030.519s] PRUNE: margin=-8.000000, optimistic_rem(widened)=0.000000 -> cannot exceed 0.
[2042.684s] PRUNE: margin=-16.000000, optimistic_rem(widened)=8.000000 -> cannot exceed 0.
[2054.848s] PRUNE: margin=-8.000000, optimistic_rem(widened)=8.000000 -> cannot exceed 0.
[2067.009s] PRUNE: margin=-8.000000, optimistic_rem(widened)=0.000000 -> cannot exceed 0.
[2075.121s] PRUNE: margin=-8.000000, optimistic_rem(widened)=8.000000 -> cannot exceed 0.
[2083.228s] PRUNE: margin=-8.000000, optimistic_rem(widened)=8.000000 -> cannot exceed 0.
[2095.396s] PRUNE: margin=-8.000000, optimistic_rem(widened)=0.000000 -> cannot exceed 0.
[2103.507s] PRUNE: margin=-16.000000, optimistic_rem(widened)=0.000000 -> cannot exceed 0.
[2119.732s] PRUNE: margin=-8.000000, optimistic_rem(widened)=0.000000 -> cannot exceed 0.
[2131.900s] PRUNE: margin=-16.000000, optimistic_rem(widened)=8.000000 -> cannot exceed 0.
[2148.107s] PRUNE: margin=-8.000000, optimistic_rem(widened)=8.000000 -> cannot exceed 0.
[2156.214s] PRUNE: margin=-8.000000, optimistic_rem(widened)=8.000000 -> cannot exceed 0.
[2168.381s] PRUNE: margin=-8.000000, optimistic_rem(widened)=0.000000 -> cannot exceed 0.
[2176.494s] PRUNE: margin=-16.000000, optimistic_rem(widened)=0.000000 -> cannot exceed 0.
[2192.715s] PRUNE: margin=-8.000000, optimistic_rem(widened)=0.000000 -> cannot exceed 0.
[2204.880s] PRUNE: margin=-16.000000, optimistic_rem(widened)=8.000000 -> cannot exceed 0.
[2217.050s] PRUNE: margin=-8.000000, optimistic_rem(widened)=8.000000 -> cannot exceed 0.
[2225.175s] PRUNE: margin=-8.000000, optimistic_rem(widened)=8.000000 -> cannot exceed 0.
[2237.352s] PRUNE: margin=-8.000000, optimistic_rem(widened)=8.000000 -> cannot exceed 0.
[2245.458s] PRUNE: margin=-16.000000, optimistic_rem(widened)=8.000000 -> cannot exceed 0.
[2261.678s] PRUNE: margin=-8.000000, optimistic_rem(widened)=0.000000 -> cannot exceed 0.
[2286.000s] PRUNE: margin=-8.000000, optimistic_rem(widened)=8.000000 -> cannot exceed 0.
[2294.100s] PRUNE: margin=-8.000000, optimistic_rem(widened)=8.000000 -> cannot exceed 0.
[2302.206s] PRUNE: margin=-8.000000, optimistic_rem(widened)=8.000000 -> cannot exceed 0.
[2310.310s] PRUNE: margin=-8.000000, optimistic_rem(widened)=8.000000 -> cannot exceed 0.
[2322.470s] PRUNE: margin=-16.000000, optimistic_rem(widened)=16.000000 -> cannot exceed 0.
[2338.716s] PRUNE: margin=-16.000000, optimistic_rem(widened)=0.000000 -> cannot exceed 0.
[2346.840s] PRUNE: margin=-16.000000, optimistic_rem(widened)=0.000000 -> cannot exceed 0.
[2358.989s] PRUNE: margin=-16.000000, optimistic_rem(widened)=8.000000 -> cannot exceed 0.
[2367.090s] PRUNE: margin=-16.000000, optimistic_rem(widened)=8.000000 -> cannot exceed 0.
[2383.294s] PRUNE: margin=-16.000000, optimistic_rem(widened)=8.000000 -> cannot exceed 0.
[2391.398s] PRUNE: margin=-16.000000, optimistic_rem(widened)=8.000000 -> cannot exceed 0.
[2403.549s] PRUNE: margin=-16.000000, optimistic_rem(widened)=16.000000 -> cannot exceed 0.
[2411.651s] PRUNE: margin=-16.000000, optimistic_rem(widened)=16.000000 -> cannot exceed 0.
[2423.799s] PRUNE: margin=-8.000000, optimistic_rem(widened)=8.000000 -> cannot exceed 0.
[2431.895s] PRUNE: margin=-16.000000, optimistic_rem(widened)=16.000000 -> cannot exceed 0.
[2448.095s] PRUNE: margin=-16.000000, optimistic_rem(widened)=16.000000 -> cannot exceed 0.
[2460.242s] PRUNE: margin=-16.000000, optimistic_rem(widened)=16.000000 -> cannot exceed 0.
[2476.445s] PRUNE: margin=-16.000000, optimistic_rem(widened)=16.000000 -> cannot exceed 0.
[2488.591s] PRUNE: margin=-16.000000, optimistic_rem(widened)=16.000000 -> cannot exceed 0.
[2492.645s] No counterexample within budgets (BaB): no misclassification found.
STATUS: No counterexample | best_upper_margin=96.000000 | elapsed=2492.645s | pixels_changed=0 | total_bit_flips=0 | avg_hamming_per_pixel=0.000000 | patch_rows=7-7 | patch_cols=4-5 | note=no_counterexample_within_budgets
