[  0.000s] init: idx=4767 kmax=2 bmax=4 topx=2 widen=1.000 rank_fast=off
clean logits (hex):  0x81  0x81  0x81  0x81  0x81  0x81  0x81  0x83  0x81  0x81
clean logits (bits): 10000001 10000001 10000001 10000001 10000001 10000001 10000001 10000011 10000001 10000001
clean logits (double): -64.000000 -64.000000 -64.000000 -64.000000 -64.000000 -64.000000 -64.000000 -24.000000 -64.000000 -64.000000
[  0.016s] clean prediction: 7 (true label 7)
[1340.485s] selection: nSym=2 (from 784), topx=2, rank_fast=off
[1340.486s] active patch: rows 6-6, cols 15-17 (derived from symPix)
[1347.426s] Proceeding to BaB (greedy enabled).
[1347.426s] Skipping root bound check (--no-root-bound).
[1347.426s] BaB search starting (K<=2, B<=4, nSym=2, depth_limit=500000000, widen=1.00)...
[1355.845s] PRUNE: margin=-40.000000, optimistic_rem(widened)=32.000000 -> cannot exceed 0.
[1364.270s] PRUNE: margin=-40.000000, optimistic_rem(widened)=32.000000 -> cannot exceed 0.
[1372.695s] PRUNE: margin=-40.000000, optimistic_rem(widened)=32.000000 -> cannot exceed 0.
[1381.117s] PRUNE: margin=-40.000000, optimistic_rem(widened)=32.000000 -> cannot exceed 0.
[1389.541s] PRUNE: margin=-40.000000, optimistic_rem(widened)=32.000000 -> cannot exceed 0.
[1397.964s] PRUNE: margin=-40.000000, optimistic_rem(widened)=32.000000 -> cannot exceed 0.
[1406.387s] PRUNE: margin=-40.000000, optimistic_rem(widened)=32.000000 -> cannot exceed 0.
[1414.813s] PRUNE: margin=-40.000000, optimistic_rem(widened)=32.000000 -> cannot exceed 0.
[1423.232s] PRUNE: margin=-40.000000, optimistic_rem(widened)=32.000000 -> cannot exceed 0.
[1431.653s] PRUNE: margin=-40.000000, optimistic_rem(widened)=32.000000 -> cannot exceed 0.
[1440.078s] PRUNE: margin=-40.000000, optimistic_rem(widened)=32.000000 -> cannot exceed 0.
[1448.500s] PRUNE: margin=-40.000000, optimistic_rem(widened)=32.000000 -> cannot exceed 0.
[1456.926s] PRUNE: margin=-40.000000, optimistic_rem(widened)=32.000000 -> cannot exceed 0.
[1465.348s] PRUNE: margin=-40.000000, optimistic_rem(widened)=0.000000 -> cannot exceed 0.
[1473.772s] PRUNE: margin=-40.000000, optimistic_rem(widened)=32.000000 -> cannot exceed 0.
[1482.198s] PRUNE: margin=-40.000000, optimistic_rem(widened)=32.000000 -> cannot exceed 0.
[1486.407s] No counterexample within budgets (BaB): no misclassification found.
STATUS: No counterexample | best_upper_margin=24.000000 | elapsed=1486.407s | pixels_changed=0 | total_bit_flips=0 | avg_hamming_per_pixel=0.000000 | patch_rows=6-6 | patch_cols=15-17 | note=no_counterexample_within_budgets
