[  0.000s] init: idx=6865 kmax=2 bmax=4 topx=2 widen=1.000 rank_fast=off
clean logits (hex):  0x82  0x83  0x83  0x82  0x8e  0x83  0x82  0x83  0x83  0x84
clean logits (bits): 10000010 10000011 10000011 10000010 10001110 10000011 10000010 10000011 10000011 10000100
clean logits (double): -32.000000 -24.000000 -24.000000 -32.000000 -5.000000 -24.000000 -32.000000 -24.000000 -24.000000 -16.000000
[  0.016s] clean prediction: 4 (true label 4)
[1634.357s] selection: nSym=2 (from 784), topx=2, rank_fast=off
[1634.357s] active patch: rows 6-6, cols 14-15 (derived from symPix)
[1648.420s] Proceeding to BaB (greedy enabled).
[1648.420s] Skipping root bound check (--no-root-bound).
[1648.420s] BaB search starting (K<=2, B<=4, nSym=2, depth_limit=500000000, widen=1.00)...
[1660.984s] PRUNE: margin=-4.000000, optimistic_rem(widened)=0.000000 -> cannot exceed 0.
[1666.073s] PRUNE: margin=-4.000000, optimistic_rem(widened)=0.000000 -> cannot exceed 0.
[1671.176s] PRUNE: margin=-4.000000, optimistic_rem(widened)=0.000000 -> cannot exceed 0.
[1676.220s] PRUNE: margin=-4.000000, optimistic_rem(widened)=0.000000 -> cannot exceed 0.
[1681.228s] PRUNE: margin=-4.000000, optimistic_rem(widened)=0.000000 -> cannot exceed 0.
[1686.228s] PRUNE: margin=-4.000000, optimistic_rem(widened)=0.000000 -> cannot exceed 0.
[1691.245s] PRUNE: margin=-4.000000, optimistic_rem(widened)=0.000000 -> cannot exceed 0.
[1696.309s] PRUNE: margin=-4.000000, optimistic_rem(widened)=0.000000 -> cannot exceed 0.
[1701.320s] PRUNE: margin=-4.000000, optimistic_rem(widened)=0.000000 -> cannot exceed 0.
[1706.347s] PRUNE: margin=-6.000000, optimistic_rem(widened)=0.000000 -> cannot exceed 0.
[1711.515s] PRUNE: margin=-4.000000, optimistic_rem(widened)=0.000000 -> cannot exceed 0.
[1716.550s] PRUNE: margin=-4.000000, optimistic_rem(widened)=0.000000 -> cannot exceed 0.
[1721.583s] PRUNE: margin=-4.000000, optimistic_rem(widened)=0.000000 -> cannot exceed 0.
[1731.615s] PRUNE: margin=-4.000000, optimistic_rem(widened)=0.000000 -> cannot exceed 0.
[1736.636s] PRUNE: margin=-6.000000, optimistic_rem(widened)=0.000000 -> cannot exceed 0.
[1817.069s] PRUNE: margin=-8.000000, optimistic_rem(widened)=0.000000 -> cannot exceed 0.
[1822.126s] PRUNE: margin=-8.000000, optimistic_rem(widened)=0.000000 -> cannot exceed 0.
[1827.185s] PRUNE: margin=-8.000000, optimistic_rem(widened)=0.000000 -> cannot exceed 0.
[1832.278s] PRUNE: margin=-8.000000, optimistic_rem(widened)=0.000000 -> cannot exceed 0.
[1837.415s] PRUNE: margin=-8.000000, optimistic_rem(widened)=0.000000 -> cannot exceed 0.
[1842.457s] PRUNE: margin=-8.000000, optimistic_rem(widened)=0.000000 -> cannot exceed 0.
[1847.490s] PRUNE: margin=-8.000000, optimistic_rem(widened)=0.000000 -> cannot exceed 0.
[1857.558s] PRUNE: margin=-4.000000, optimistic_rem(widened)=0.000000 -> cannot exceed 0.
[1862.574s] PRUNE: margin=-6.000000, optimistic_rem(widened)=0.000000 -> cannot exceed 0.
[1935.542s] PRUNE: margin=-6.000000, optimistic_rem(widened)=0.000000 -> cannot exceed 0.
[1940.572s] PRUNE: margin=-6.000000, optimistic_rem(widened)=0.000000 -> cannot exceed 0.
[1945.598s] PRUNE: margin=-6.000000, optimistic_rem(widened)=0.000000 -> cannot exceed 0.
[1950.609s] PRUNE: margin=-8.000000, optimistic_rem(widened)=0.000000 -> cannot exceed 0.
[1955.612s] PRUNE: margin=-8.000000, optimistic_rem(widened)=0.000000 -> cannot exceed 0.
[1960.643s] PRUNE: margin=-8.000000, optimistic_rem(widened)=0.000000 -> cannot exceed 0.
[1970.709s] PRUNE: margin=-8.000000, optimistic_rem(widened)=0.000000 -> cannot exceed 0.
[1975.747s] PRUNE: margin=-8.000000, optimistic_rem(widened)=0.000000 -> cannot exceed 0.
[1980.796s] PRUNE: margin=-8.000000, optimistic_rem(widened)=0.000000 -> cannot exceed 0.
[1985.797s] PRUNE: margin=-6.000000, optimistic_rem(widened)=0.000000 -> cannot exceed 0.
[1990.831s] PRUNE: margin=-6.000000, optimistic_rem(widened)=0.000000 -> cannot exceed 0.
[1995.861s] PRUNE: margin=-8.000000, optimistic_rem(widened)=0.000000 -> cannot exceed 0.
[2000.936s] PRUNE: margin=-8.000000, optimistic_rem(widened)=0.000000 -> cannot exceed 0.
[2005.955s] PRUNE: margin=-8.000000, optimistic_rem(widened)=0.000000 -> cannot exceed 0.
[2010.988s] PRUNE: margin=-8.000000, optimistic_rem(widened)=0.000000 -> cannot exceed 0.
[2016.081s] PRUNE: margin=-8.000000, optimistic_rem(widened)=0.000000 -> cannot exceed 0.
[2073.960s] PRUNE: margin=-8.000000, optimistic_rem(widened)=0.000000 -> cannot exceed 0.
[2079.025s] PRUNE: margin=-8.000000, optimistic_rem(widened)=0.000000 -> cannot exceed 0.
[2084.080s] PRUNE: margin=-8.000000, optimistic_rem(widened)=0.000000 -> cannot exceed 0.
[2089.952s] PRUNE: margin=-8.000000, optimistic_rem(widened)=0.000000 -> cannot exceed 0.
[2094.967s] PRUNE: margin=-8.000000, optimistic_rem(widened)=0.000000 -> cannot exceed 0.
[2099.975s] PRUNE: margin=-8.000000, optimistic_rem(widened)=0.000000 -> cannot exceed 0.
[2104.987s] PRUNE: margin=-8.000000, optimistic_rem(widened)=0.000000 -> cannot exceed 0.
[2137.959s] PRUNE: margin=-8.000000, optimistic_rem(widened)=0.000000 -> cannot exceed 0.
[2143.083s] PRUNE: margin=-8.000000, optimistic_rem(widened)=0.000000 -> cannot exceed 0.
[2148.177s] PRUNE: margin=-8.000000, optimistic_rem(widened)=0.000000 -> cannot exceed 0.
[2153.249s] PRUNE: margin=-8.000000, optimistic_rem(widened)=0.000000 -> cannot exceed 0.
[2158.329s] PRUNE: margin=-8.000000, optimistic_rem(widened)=0.000000 -> cannot exceed 0.
[2163.364s] PRUNE: margin=-8.000000, optimistic_rem(widened)=0.000000 -> cannot exceed 0.
[2168.449s] PRUNE: margin=-8.000000, optimistic_rem(widened)=0.000000 -> cannot exceed 0.
[2178.624s] PRUNE: margin=-8.000000, optimistic_rem(widened)=0.000000 -> cannot exceed 0.
[2183.722s] PRUNE: margin=-8.000000, optimistic_rem(widened)=0.000000 -> cannot exceed 0.
[2188.774s] PRUNE: margin=-8.000000, optimistic_rem(widened)=0.000000 -> cannot exceed 0.
[2193.820s] PRUNE: margin=-8.000000, optimistic_rem(widened)=0.000000 -> cannot exceed 0.
[2198.823s] PRUNE: margin=-8.000000, optimistic_rem(widened)=0.000000 -> cannot exceed 0.
[2203.825s] PRUNE: margin=-8.000000, optimistic_rem(widened)=0.000000 -> cannot exceed 0.
[2210.258s] PRUNE: margin=-8.000000, optimistic_rem(widened)=0.000000 -> cannot exceed 0.
[2220.268s] PRUNE: margin=-8.000000, optimistic_rem(widened)=0.000000 -> cannot exceed 0.
[2225.312s] PRUNE: margin=-8.000000, optimistic_rem(widened)=0.000000 -> cannot exceed 0.
[2230.389s] PRUNE: margin=-8.000000, optimistic_rem(widened)=0.000000 -> cannot exceed 0.
[2235.422s] PRUNE: margin=-8.000000, optimistic_rem(widened)=0.000000 -> cannot exceed 0.
[2240.509s] PRUNE: margin=-8.000000, optimistic_rem(widened)=0.000000 -> cannot exceed 0.
[2245.571s] PRUNE: margin=-8.000000, optimistic_rem(widened)=0.000000 -> cannot exceed 0.
[2255.699s] PRUNE: margin=-8.000000, optimistic_rem(widened)=0.000000 -> cannot exceed 0.
[2260.722s] PRUNE: margin=-8.000000, optimistic_rem(widened)=0.000000 -> cannot exceed 0.
[2265.808s] PRUNE: margin=-8.000000, optimistic_rem(widened)=0.000000 -> cannot exceed 0.
[2270.826s] PRUNE: margin=-8.000000, optimistic_rem(widened)=0.000000 -> cannot exceed 0.
[2275.836s] PRUNE: margin=-8.000000, optimistic_rem(widened)=0.000000 -> cannot exceed 0.
[2285.901s] PRUNE: margin=-8.000000, optimistic_rem(widened)=0.000000 -> cannot exceed 0.
[2290.912s] PRUNE: margin=-8.000000, optimistic_rem(widened)=0.000000 -> cannot exceed 0.
[2295.948s] PRUNE: margin=-8.000000, optimistic_rem(widened)=0.000000 -> cannot exceed 0.
[2300.958s] PRUNE: margin=-8.000000, optimistic_rem(widened)=0.000000 -> cannot exceed 0.
[2311.386s] PRUNE: margin=-8.000000, optimistic_rem(widened)=0.000000 -> cannot exceed 0.
[2316.472s] PRUNE: margin=-8.000000, optimistic_rem(widened)=0.000000 -> cannot exceed 0.
[2321.476s] PRUNE: margin=-8.000000, optimistic_rem(widened)=0.000000 -> cannot exceed 0.
[2331.538s] PRUNE: margin=-6.000000, optimistic_rem(widened)=0.000000 -> cannot exceed 0.
[2336.566s] PRUNE: margin=-8.000000, optimistic_rem(widened)=0.000000 -> cannot exceed 0.
[2344.080s] PRUNE: margin=-8.000000, optimistic_rem(widened)=4.000000 -> cannot exceed 0.
[2349.145s] PRUNE: margin=-8.000000, optimistic_rem(widened)=4.000000 -> cannot exceed 0.
[2356.658s] PRUNE: margin=-8.000000, optimistic_rem(widened)=0.000000 -> cannot exceed 0.
[2473.297s] PRUNE: margin=-8.500000, optimistic_rem(widened)=0.000000 -> cannot exceed 0.
[2478.336s] PRUNE: margin=-8.500000, optimistic_rem(widened)=0.000000 -> cannot exceed 0.
[2483.395s] PRUNE: margin=-8.500000, optimistic_rem(widened)=0.000000 -> cannot exceed 0.
[2488.489s] PRUNE: margin=-8.500000, optimistic_rem(widened)=0.000000 -> cannot exceed 0.
[2493.621s] PRUNE: margin=-8.500000, optimistic_rem(widened)=0.000000 -> cannot exceed 0.
[2500.621s] PRUNE: margin=-8.500000, optimistic_rem(widened)=0.000000 -> cannot exceed 0.
[2509.061s] PRUNE: margin=-8.500000, optimistic_rem(widened)=0.000000 -> cannot exceed 0.
[2652.523s] PRUNE: margin=-8.500000, optimistic_rem(widened)=0.000000 -> cannot exceed 0.
[2660.960s] PRUNE: margin=-8.500000, optimistic_rem(widened)=0.000000 -> cannot exceed 0.
[2669.396s] PRUNE: margin=-8.500000, optimistic_rem(widened)=0.000000 -> cannot exceed 0.
[2677.836s] PRUNE: margin=-8.500000, optimistic_rem(widened)=0.000000 -> cannot exceed 0.
[2686.273s] PRUNE: margin=-8.500000, optimistic_rem(widened)=0.000000 -> cannot exceed 0.
[2694.709s] PRUNE: margin=-8.500000, optimistic_rem(widened)=0.000000 -> cannot exceed 0.
[2703.149s] PRUNE: margin=-8.500000, optimistic_rem(widened)=0.000000 -> cannot exceed 0.
[2800.176s] PRUNE: margin=-8.500000, optimistic_rem(widened)=0.000000 -> cannot exceed 0.
[2808.611s] PRUNE: margin=-8.500000, optimistic_rem(widened)=0.000000 -> cannot exceed 0.
[2817.046s] PRUNE: margin=-8.500000, optimistic_rem(widened)=0.000000 -> cannot exceed 0.
[2825.480s] PRUNE: margin=-8.500000, optimistic_rem(widened)=0.000000 -> cannot exceed 0.
[2833.913s] PRUNE: margin=-8.500000, optimistic_rem(widened)=0.000000 -> cannot exceed 0.
[2842.348s] PRUNE: margin=-8.500000, optimistic_rem(widened)=0.000000 -> cannot exceed 0.
[2850.787s] PRUNE: margin=-8.500000, optimistic_rem(widened)=0.000000 -> cannot exceed 0.
[2905.629s] PRUNE: margin=-8.500000, optimistic_rem(widened)=0.000000 -> cannot exceed 0.
[2914.071s] PRUNE: margin=-8.500000, optimistic_rem(widened)=0.000000 -> cannot exceed 0.
[2922.507s] PRUNE: margin=-8.500000, optimistic_rem(widened)=0.000000 -> cannot exceed 0.
[2930.946s] PRUNE: margin=-8.500000, optimistic_rem(widened)=0.000000 -> cannot exceed 0.
[2939.382s] PRUNE: margin=-8.500000, optimistic_rem(widened)=0.000000 -> cannot exceed 0.
[2947.816s] PRUNE: margin=-8.500000, optimistic_rem(widened)=0.000000 -> cannot exceed 0.
[2956.251s] PRUNE: margin=-8.500000, optimistic_rem(widened)=0.000000 -> cannot exceed 0.
[2973.126s] PRUNE: margin=-8.500000, optimistic_rem(widened)=0.000000 -> cannot exceed 0.
[2981.565s] PRUNE: margin=-8.500000, optimistic_rem(widened)=0.000000 -> cannot exceed 0.
[2990.008s] PRUNE: margin=-8.500000, optimistic_rem(widened)=0.000000 -> cannot exceed 0.
[2998.445s] PRUNE: margin=-8.500000, optimistic_rem(widened)=0.000000 -> cannot exceed 0.
[3006.882s] PRUNE: margin=-8.500000, optimistic_rem(widened)=0.000000 -> cannot exceed 0.
[3015.323s] PRUNE: margin=-8.500000, optimistic_rem(widened)=0.000000 -> cannot exceed 0.
[3023.760s] PRUNE: margin=-8.500000, optimistic_rem(widened)=0.000000 -> cannot exceed 0.
[3036.420s] PRUNE: margin=-8.500000, optimistic_rem(widened)=5.500000 -> cannot exceed 0.
[3044.857s] PRUNE: margin=-8.500000, optimistic_rem(widened)=5.500000 -> cannot exceed 0.
[3053.291s] PRUNE: margin=-8.500000, optimistic_rem(widened)=6.000000 -> cannot exceed 0.
[3061.730s] PRUNE: margin=-8.500000, optimistic_rem(widened)=6.000000 -> cannot exceed 0.
[3070.166s] PRUNE: margin=-8.500000, optimistic_rem(widened)=6.500000 -> cannot exceed 0.
[3078.600s] PRUNE: margin=-8.500000, optimistic_rem(widened)=6.500000 -> cannot exceed 0.
[3087.030s] PRUNE: margin=-8.500000, optimistic_rem(widened)=6.500000 -> cannot exceed 0.
[3234.721s] PRUNE: margin=-8.500000, optimistic_rem(widened)=0.000000 -> cannot exceed 0.
[3243.164s] PRUNE: margin=-8.500000, optimistic_rem(widened)=0.000000 -> cannot exceed 0.
[3251.604s] PRUNE: margin=-8.500000, optimistic_rem(widened)=0.000000 -> cannot exceed 0.
[3260.040s] PRUNE: margin=-8.500000, optimistic_rem(widened)=0.000000 -> cannot exceed 0.
[3268.481s] PRUNE: margin=-8.500000, optimistic_rem(widened)=0.000000 -> cannot exceed 0.
[3276.918s] PRUNE: margin=-8.500000, optimistic_rem(widened)=0.000000 -> cannot exceed 0.
[3285.359s] PRUNE: margin=-8.500000, optimistic_rem(widened)=0.000000 -> cannot exceed 0.
[3382.393s] PRUNE: margin=-8.500000, optimistic_rem(widened)=0.000000 -> cannot exceed 0.
[3390.831s] PRUNE: margin=-8.500000, optimistic_rem(widened)=0.000000 -> cannot exceed 0.
[3399.269s] PRUNE: margin=-8.500000, optimistic_rem(widened)=0.000000 -> cannot exceed 0.
[3407.703s] PRUNE: margin=-8.500000, optimistic_rem(widened)=0.000000 -> cannot exceed 0.
[3416.141s] PRUNE: margin=-8.500000, optimistic_rem(widened)=0.000000 -> cannot exceed 0.
[3424.579s] PRUNE: margin=-8.500000, optimistic_rem(widened)=0.000000 -> cannot exceed 0.
[3433.016s] PRUNE: margin=-8.500000, optimistic_rem(widened)=0.000000 -> cannot exceed 0.
[3487.878s] PRUNE: margin=-8.500000, optimistic_rem(widened)=0.000000 -> cannot exceed 0.
[3496.325s] PRUNE: margin=-8.500000, optimistic_rem(widened)=0.000000 -> cannot exceed 0.
[3504.774s] PRUNE: margin=-8.500000, optimistic_rem(widened)=0.000000 -> cannot exceed 0.
[3513.219s] PRUNE: margin=-8.500000, optimistic_rem(widened)=0.000000 -> cannot exceed 0.
[3521.665s] PRUNE: margin=-8.500000, optimistic_rem(widened)=0.000000 -> cannot exceed 0.
[3530.110s] PRUNE: margin=-8.500000, optimistic_rem(widened)=0.000000 -> cannot exceed 0.
[3538.558s] PRUNE: margin=-8.500000, optimistic_rem(widened)=0.000000 -> cannot exceed 0.
[3555.448s] PRUNE: margin=-8.500000, optimistic_rem(widened)=0.000000 -> cannot exceed 0.
[3563.895s] PRUNE: margin=-8.500000, optimistic_rem(widened)=0.000000 -> cannot exceed 0.
[3572.351s] PRUNE: margin=-8.500000, optimistic_rem(widened)=0.000000 -> cannot exceed 0.
[3580.799s] PRUNE: margin=-8.500000, optimistic_rem(widened)=0.000000 -> cannot exceed 0.
[3589.250s] PRUNE: margin=-8.500000, optimistic_rem(widened)=0.000000 -> cannot exceed 0.
[3597.699s] PRUNE: margin=-8.500000, optimistic_rem(widened)=0.000000 -> cannot exceed 0.
[3606.145s] PRUNE: margin=-8.500000, optimistic_rem(widened)=0.000000 -> cannot exceed 0.
[3618.809s] PRUNE: margin=-8.500000, optimistic_rem(widened)=5.500000 -> cannot exceed 0.
[3627.252s] PRUNE: margin=-8.500000, optimistic_rem(widened)=5.500000 -> cannot exceed 0.
[3635.695s] PRUNE: margin=-8.500000, optimistic_rem(widened)=6.000000 -> cannot exceed 0.
[3644.139s] PRUNE: margin=-8.500000, optimistic_rem(widened)=6.000000 -> cannot exceed 0.
[3652.582s] PRUNE: margin=-8.500000, optimistic_rem(widened)=6.500000 -> cannot exceed 0.
[3661.028s] PRUNE: margin=-8.500000, optimistic_rem(widened)=6.500000 -> cannot exceed 0.
[3669.470s] PRUNE: margin=-8.500000, optimistic_rem(widened)=6.500000 -> cannot exceed 0.
[3770.831s] PRUNE: margin=-8.500000, optimistic_rem(widened)=0.000000 -> cannot exceed 0.
[3779.278s] PRUNE: margin=-8.500000, optimistic_rem(widened)=0.000000 -> cannot exceed 0.
[3787.731s] PRUNE: margin=-8.500000, optimistic_rem(widened)=0.000000 -> cannot exceed 0.
[3796.177s] PRUNE: margin=-8.500000, optimistic_rem(widened)=0.000000 -> cannot exceed 0.
[3804.625s] PRUNE: margin=-8.500000, optimistic_rem(widened)=0.000000 -> cannot exceed 0.
[3813.069s] PRUNE: margin=-8.500000, optimistic_rem(widened)=0.000000 -> cannot exceed 0.
[3821.519s] PRUNE: margin=-8.500000, optimistic_rem(widened)=0.000000 -> cannot exceed 0.
[3876.418s] PRUNE: margin=-8.500000, optimistic_rem(widened)=0.000000 -> cannot exceed 0.
[3884.869s] PRUNE: margin=-8.500000, optimistic_rem(widened)=0.000000 -> cannot exceed 0.
[3893.318s] PRUNE: margin=-8.500000, optimistic_rem(widened)=0.000000 -> cannot exceed 0.
[3901.767s] PRUNE: margin=-8.500000, optimistic_rem(widened)=0.000000 -> cannot exceed 0.
[3910.216s] PRUNE: margin=-8.500000, optimistic_rem(widened)=0.000000 -> cannot exceed 0.
[3918.659s] PRUNE: margin=-8.500000, optimistic_rem(widened)=0.000000 -> cannot exceed 0.
[3927.107s] PRUNE: margin=-8.500000, optimistic_rem(widened)=0.000000 -> cannot exceed 0.
[3943.999s] PRUNE: margin=-8.500000, optimistic_rem(widened)=0.000000 -> cannot exceed 0.
[3952.450s] PRUNE: margin=-8.500000, optimistic_rem(widened)=0.000000 -> cannot exceed 0.
[3960.895s] PRUNE: margin=-8.500000, optimistic_rem(widened)=0.000000 -> cannot exceed 0.
[3969.346s] PRUNE: margin=-8.500000, optimistic_rem(widened)=0.000000 -> cannot exceed 0.
[3977.789s] PRUNE: margin=-8.500000, optimistic_rem(widened)=0.000000 -> cannot exceed 0.
[3986.238s] PRUNE: margin=-8.500000, optimistic_rem(widened)=0.000000 -> cannot exceed 0.
[3994.691s] PRUNE: margin=-8.500000, optimistic_rem(widened)=0.000000 -> cannot exceed 0.
[4007.363s] PRUNE: margin=-8.500000, optimistic_rem(widened)=6.000000 -> cannot exceed 0.
[4015.800s] PRUNE: margin=-8.500000, optimistic_rem(widened)=6.000000 -> cannot exceed 0.
[4024.234s] PRUNE: margin=-8.500000, optimistic_rem(widened)=6.000000 -> cannot exceed 0.
[4032.676s] PRUNE: margin=-8.500000, optimistic_rem(widened)=6.000000 -> cannot exceed 0.
[4041.115s] PRUNE: margin=-8.500000, optimistic_rem(widened)=6.500000 -> cannot exceed 0.
[4049.553s] PRUNE: margin=-8.500000, optimistic_rem(widened)=6.500000 -> cannot exceed 0.
[4057.990s] PRUNE: margin=-8.500000, optimistic_rem(widened)=6.500000 -> cannot exceed 0.
[4117.053s] PRUNE: margin=-8.500000, optimistic_rem(widened)=0.000000 -> cannot exceed 0.
[4125.491s] PRUNE: margin=-8.500000, optimistic_rem(widened)=0.000000 -> cannot exceed 0.
[4133.927s] PRUNE: margin=-8.500000, optimistic_rem(widened)=0.000000 -> cannot exceed 0.
[4142.370s] PRUNE: margin=-8.500000, optimistic_rem(widened)=0.000000 -> cannot exceed 0.
[4150.809s] PRUNE: margin=-8.500000, optimistic_rem(widened)=0.000000 -> cannot exceed 0.
[4159.250s] PRUNE: margin=-8.500000, optimistic_rem(widened)=0.000000 -> cannot exceed 0.
[4167.689s] PRUNE: margin=-8.500000, optimistic_rem(widened)=0.000000 -> cannot exceed 0.
[4184.566s] PRUNE: margin=-8.500000, optimistic_rem(widened)=0.000000 -> cannot exceed 0.
[4193.003s] PRUNE: margin=-8.500000, optimistic_rem(widened)=0.000000 -> cannot exceed 0.
[4201.441s] PRUNE: margin=-8.500000, optimistic_rem(widened)=0.000000 -> cannot exceed 0.
[4209.884s] PRUNE: margin=-8.500000, optimistic_rem(widened)=0.000000 -> cannot exceed 0.
[4218.324s] PRUNE: margin=-8.500000, optimistic_rem(widened)=0.000000 -> cannot exceed 0.
[4226.762s] PRUNE: margin=-8.500000, optimistic_rem(widened)=0.000000 -> cannot exceed 0.
[4235.200s] PRUNE: margin=-8.500000, optimistic_rem(widened)=0.000000 -> cannot exceed 0.
[4247.859s] PRUNE: margin=-8.500000, optimistic_rem(widened)=6.500000 -> cannot exceed 0.
[4256.296s] PRUNE: margin=-8.500000, optimistic_rem(widened)=6.500000 -> cannot exceed 0.
[4264.730s] PRUNE: margin=-8.500000, optimistic_rem(widened)=6.000000 -> cannot exceed 0.
[4273.168s] PRUNE: margin=-8.500000, optimistic_rem(widened)=6.500000 -> cannot exceed 0.
[4281.608s] PRUNE: margin=-8.500000, optimistic_rem(widened)=6.500000 -> cannot exceed 0.
[4290.045s] PRUNE: margin=-8.500000, optimistic_rem(widened)=6.500000 -> cannot exceed 0.
[4298.481s] PRUNE: margin=-8.500000, optimistic_rem(widened)=6.500000 -> cannot exceed 0.
[4319.581s] PRUNE: margin=-8.000000, optimistic_rem(widened)=0.000000 -> cannot exceed 0.
[4328.022s] PRUNE: margin=-8.500000, optimistic_rem(widened)=0.000000 -> cannot exceed 0.
[4336.466s] PRUNE: margin=-8.500000, optimistic_rem(widened)=0.000000 -> cannot exceed 0.
[4344.909s] PRUNE: margin=-8.500000, optimistic_rem(widened)=0.000000 -> cannot exceed 0.
[4353.350s] PRUNE: margin=-8.500000, optimistic_rem(widened)=0.000000 -> cannot exceed 0.
[4361.791s] PRUNE: margin=-8.500000, optimistic_rem(widened)=0.000000 -> cannot exceed 0.
[4370.230s] PRUNE: margin=-8.500000, optimistic_rem(widened)=0.000000 -> cannot exceed 0.
[4382.895s] PRUNE: margin=-8.500000, optimistic_rem(widened)=7.000000 -> cannot exceed 0.
[4391.334s] PRUNE: margin=-8.500000, optimistic_rem(widened)=7.000000 -> cannot exceed 0.
[4399.775s] PRUNE: margin=-8.500000, optimistic_rem(widened)=6.500000 -> cannot exceed 0.
[4408.218s] PRUNE: margin=-8.500000, optimistic_rem(widened)=6.500000 -> cannot exceed 0.
[4416.660s] PRUNE: margin=-8.500000, optimistic_rem(widened)=6.500000 -> cannot exceed 0.
[4425.099s] PRUNE: margin=-8.500000, optimistic_rem(widened)=6.500000 -> cannot exceed 0.
[4433.540s] PRUNE: margin=-8.500000, optimistic_rem(widened)=7.000000 -> cannot exceed 0.
[4454.649s] PRUNE: margin=-8.500000, optimistic_rem(widened)=0.000000 -> cannot exceed 0.
[4463.091s] PRUNE: margin=-8.500000, optimistic_rem(widened)=0.000000 -> cannot exceed 0.
[4471.540s] PRUNE: margin=-8.500000, optimistic_rem(widened)=0.000000 -> cannot exceed 0.
[4479.982s] PRUNE: margin=-8.500000, optimistic_rem(widened)=0.000000 -> cannot exceed 0.
[4488.423s] PRUNE: margin=-8.500000, optimistic_rem(widened)=0.000000 -> cannot exceed 0.
[4496.866s] PRUNE: margin=-8.500000, optimistic_rem(widened)=0.000000 -> cannot exceed 0.
[4513.758s] PRUNE: margin=-8.500000, optimistic_rem(widened)=0.000000 -> cannot exceed 0.
[4522.203s] PRUNE: margin=-8.500000, optimistic_rem(widened)=0.000000 -> cannot exceed 0.
[4530.651s] PRUNE: margin=-8.500000, optimistic_rem(widened)=0.000000 -> cannot exceed 0.
[4539.091s] PRUNE: margin=-8.500000, optimistic_rem(widened)=0.000000 -> cannot exceed 0.
[4547.536s] PRUNE: margin=-8.500000, optimistic_rem(widened)=0.000000 -> cannot exceed 0.
[4564.422s] PRUNE: margin=-8.500000, optimistic_rem(widened)=0.000000 -> cannot exceed 0.
[4572.868s] PRUNE: margin=-8.500000, optimistic_rem(widened)=0.000000 -> cannot exceed 0.
[4581.316s] PRUNE: margin=-8.500000, optimistic_rem(widened)=0.000000 -> cannot exceed 0.
[4589.770s] PRUNE: margin=-8.500000, optimistic_rem(widened)=0.000000 -> cannot exceed 0.
[4606.668s] PRUNE: margin=-8.500000, optimistic_rem(widened)=0.000000 -> cannot exceed 0.
[4615.113s] PRUNE: margin=-8.500000, optimistic_rem(widened)=0.000000 -> cannot exceed 0.
[4623.563s] PRUNE: margin=-8.500000, optimistic_rem(widened)=0.000000 -> cannot exceed 0.
[4636.240s] PRUNE: margin=-8.500000, optimistic_rem(widened)=8.500000 -> cannot exceed 0.
[4648.927s] PRUNE: margin=-8.000000, optimistic_rem(widened)=0.000000 -> cannot exceed 0.
[4661.603s] PRUNE: margin=-8.500000, optimistic_rem(widened)=7.000000 -> cannot exceed 0.
[4674.276s] PRUNE: margin=-8.500000, optimistic_rem(widened)=6.000000 -> cannot exceed 0.
[4682.722s] PRUNE: margin=-8.500000, optimistic_rem(widened)=6.000000 -> cannot exceed 0.
[4691.171s] PRUNE: margin=-8.500000, optimistic_rem(widened)=6.500000 -> cannot exceed 0.
[4699.615s] PRUNE: margin=-8.500000, optimistic_rem(widened)=6.500000 -> cannot exceed 0.
[4712.282s] PRUNE: margin=-8.500000, optimistic_rem(widened)=6.500000 -> cannot exceed 0.
[4720.732s] PRUNE: margin=-8.500000, optimistic_rem(widened)=7.000000 -> cannot exceed 0.
[4733.404s] PRUNE: margin=-8.500000, optimistic_rem(widened)=7.000000 -> cannot exceed 0.
[4741.847s] PRUNE: margin=-8.500000, optimistic_rem(widened)=7.000000 -> cannot exceed 0.
[4762.970s] PRUNE: margin=-8.500000, optimistic_rem(widened)=7.000000 -> cannot exceed 0.
[4771.424s] PRUNE: margin=-8.500000, optimistic_rem(widened)=8.000000 -> cannot exceed 0.
[4779.878s] PRUNE: margin=-8.500000, optimistic_rem(widened)=8.000000 -> cannot exceed 0.
[4788.329s] PRUNE: margin=-8.500000, optimistic_rem(widened)=8.000000 -> cannot exceed 0.
[4796.778s] PRUNE: margin=-8.500000, optimistic_rem(widened)=8.000000 -> cannot exceed 0.
[4805.230s] PRUNE: margin=-8.500000, optimistic_rem(widened)=7.000000 -> cannot exceed 0.
[4813.680s] PRUNE: margin=-8.500000, optimistic_rem(widened)=7.500000 -> cannot exceed 0.
[4822.132s] PRUNE: margin=-8.500000, optimistic_rem(widened)=8.000000 -> cannot exceed 0.
[4830.584s] PRUNE: margin=-8.500000, optimistic_rem(widened)=8.000000 -> cannot exceed 0.
[4839.036s] PRUNE: margin=-8.500000, optimistic_rem(widened)=8.000000 -> cannot exceed 0.
[4847.488s] PRUNE: margin=-9.000000, optimistic_rem(widened)=8.500000 -> cannot exceed 0.
[4855.940s] PRUNE: margin=-9.000000, optimistic_rem(widened)=8.500000 -> cannot exceed 0.
[4864.396s] PRUNE: margin=-8.500000, optimistic_rem(widened)=6.500000 -> cannot exceed 0.
[4881.294s] PRUNE: margin=-8.500000, optimistic_rem(widened)=7.500000 -> cannot exceed 0.
[5054.401s] PRUNE: margin=-9.000000, optimistic_rem(widened)=0.000000 -> cannot exceed 0.
[5062.839s] PRUNE: margin=-9.000000, optimistic_rem(widened)=0.000000 -> cannot exceed 0.
[5071.282s] PRUNE: margin=-9.000000, optimistic_rem(widened)=0.000000 -> cannot exceed 0.
[5079.720s] PRUNE: margin=-9.000000, optimistic_rem(widened)=0.000000 -> cannot exceed 0.
[5088.155s] PRUNE: margin=-9.000000, optimistic_rem(widened)=0.000000 -> cannot exceed 0.
[5096.594s] PRUNE: margin=-9.000000, optimistic_rem(widened)=0.000000 -> cannot exceed 0.
[5227.413s] PRUNE: margin=-9.000000, optimistic_rem(widened)=0.000000 -> cannot exceed 0.
[5235.855s] PRUNE: margin=-9.000000, optimistic_rem(widened)=0.000000 -> cannot exceed 0.
[5244.298s] PRUNE: margin=-9.000000, optimistic_rem(widened)=0.000000 -> cannot exceed 0.
[5252.743s] PRUNE: margin=-9.000000, optimistic_rem(widened)=0.000000 -> cannot exceed 0.
[5261.179s] PRUNE: margin=-9.000000, optimistic_rem(widened)=0.000000 -> cannot exceed 0.
[5269.615s] PRUNE: margin=-9.000000, optimistic_rem(widened)=0.000000 -> cannot exceed 0.
[5358.221s] PRUNE: margin=-9.000000, optimistic_rem(widened)=0.000000 -> cannot exceed 0.
[5366.662s] PRUNE: margin=-9.000000, optimistic_rem(widened)=0.000000 -> cannot exceed 0.
[5375.103s] PRUNE: margin=-9.000000, optimistic_rem(widened)=0.000000 -> cannot exceed 0.
[5383.543s] PRUNE: margin=-9.000000, optimistic_rem(widened)=0.000000 -> cannot exceed 0.
[5391.979s] PRUNE: margin=-9.000000, optimistic_rem(widened)=0.000000 -> cannot exceed 0.
[5400.415s] PRUNE: margin=-9.000000, optimistic_rem(widened)=0.000000 -> cannot exceed 0.
[5437.712s] PRUNE: margin=-9.000000, optimistic_rem(widened)=0.000000 -> cannot exceed 0.
[5442.732s] PRUNE: margin=-9.000000, optimistic_rem(widened)=0.000000 -> cannot exceed 0.
[5447.801s] PRUNE: margin=-9.000000, optimistic_rem(widened)=0.000000 -> cannot exceed 0.
[5452.904s] PRUNE: margin=-9.000000, optimistic_rem(widened)=0.000000 -> cannot exceed 0.
[5458.067s] PRUNE: margin=-9.000000, optimistic_rem(widened)=0.000000 -> cannot exceed 0.
[5463.200s] PRUNE: margin=-9.000000, optimistic_rem(widened)=0.000000 -> cannot exceed 0.
[5473.472s] PRUNE: margin=-8.500000, optimistic_rem(widened)=0.000000 -> cannot exceed 0.
[5478.519s] PRUNE: margin=-9.000000, optimistic_rem(widened)=0.000000 -> cannot exceed 0.
[5483.588s] PRUNE: margin=-9.000000, optimistic_rem(widened)=0.000000 -> cannot exceed 0.
[5488.598s] PRUNE: margin=-9.000000, optimistic_rem(widened)=0.000000 -> cannot exceed 0.
[5493.640s] PRUNE: margin=-9.000000, optimistic_rem(widened)=0.000000 -> cannot exceed 0.
[5498.726s] PRUNE: margin=-9.000000, optimistic_rem(widened)=0.000000 -> cannot exceed 0.
[5506.323s] PRUNE: margin=-9.000000, optimistic_rem(widened)=7.500000 -> cannot exceed 0.
[5511.352s] PRUNE: margin=-9.000000, optimistic_rem(widened)=7.500000 -> cannot exceed 0.
[5516.425s] PRUNE: margin=-9.000000, optimistic_rem(widened)=7.500000 -> cannot exceed 0.
[5521.531s] PRUNE: margin=-9.000000, optimistic_rem(widened)=7.500000 -> cannot exceed 0.
[5526.559s] PRUNE: margin=-9.000000, optimistic_rem(widened)=7.500000 -> cannot exceed 0.
[5531.613s] PRUNE: margin=-9.000000, optimistic_rem(widened)=8.000000 -> cannot exceed 0.
[5544.264s] PRUNE: margin=-9.500000, optimistic_rem(widened)=9.500000 -> cannot exceed 0.
[5549.321s] PRUNE: margin=-10.500000, optimistic_rem(widened)=10.500000 -> cannot exceed 0.
[5554.348s] PRUNE: margin=-9.500000, optimistic_rem(widened)=9.500000 -> cannot exceed 0.
[5559.421s] PRUNE: margin=-9.500000, optimistic_rem(widened)=0.000000 -> cannot exceed 0.
[5564.474s] PRUNE: margin=-9.500000, optimistic_rem(widened)=0.000000 -> cannot exceed 0.
[5569.534s] PRUNE: margin=-9.500000, optimistic_rem(widened)=0.000000 -> cannot exceed 0.
[5574.632s] PRUNE: margin=-9.500000, optimistic_rem(widened)=0.000000 -> cannot exceed 0.
[5580.709s] PRUNE: margin=-10.000000, optimistic_rem(widened)=0.000000 -> cannot exceed 0.
[5585.838s] PRUNE: margin=-10.000000, optimistic_rem(widened)=0.000000 -> cannot exceed 0.
[5590.847s] PRUNE: margin=-9.500000, optimistic_rem(widened)=0.000000 -> cannot exceed 0.
[5603.376s] PRUNE: margin=-10.500000, optimistic_rem(widened)=10.500000 -> cannot exceed 0.
[5611.832s] PRUNE: margin=-9.500000, optimistic_rem(widened)=9.500000 -> cannot exceed 0.
[5620.291s] PRUNE: margin=-9.500000, optimistic_rem(widened)=0.000000 -> cannot exceed 0.
[5628.746s] PRUNE: margin=-9.500000, optimistic_rem(widened)=0.000000 -> cannot exceed 0.
[5637.205s] PRUNE: margin=-9.500000, optimistic_rem(widened)=0.000000 -> cannot exceed 0.
[5645.667s] PRUNE: margin=-9.500000, optimistic_rem(widened)=0.000000 -> cannot exceed 0.
[5654.132s] PRUNE: margin=-10.000000, optimistic_rem(widened)=0.000000 -> cannot exceed 0.
[5662.589s] PRUNE: margin=-10.000000, optimistic_rem(widened)=0.000000 -> cannot exceed 0.
[5671.043s] PRUNE: margin=-9.500000, optimistic_rem(widened)=0.000000 -> cannot exceed 0.
[5687.950s] PRUNE: margin=-9.500000, optimistic_rem(widened)=9.500000 -> cannot exceed 0.
[5696.411s] PRUNE: margin=-9.500000, optimistic_rem(widened)=0.000000 -> cannot exceed 0.
[5704.866s] PRUNE: margin=-9.500000, optimistic_rem(widened)=0.000000 -> cannot exceed 0.
[5713.321s] PRUNE: margin=-9.500000, optimistic_rem(widened)=0.000000 -> cannot exceed 0.
[5721.775s] PRUNE: margin=-10.500000, optimistic_rem(widened)=0.000000 -> cannot exceed 0.
[5730.237s] PRUNE: margin=-9.500000, optimistic_rem(widened)=0.000000 -> cannot exceed 0.
[5738.692s] PRUNE: margin=-9.500000, optimistic_rem(widened)=0.000000 -> cannot exceed 0.
[5747.143s] PRUNE: margin=-9.500000, optimistic_rem(widened)=0.000000 -> cannot exceed 0.
[5764.050s] PRUNE: margin=-9.000000, optimistic_rem(widened)=0.000000 -> cannot exceed 0.
[5772.509s] PRUNE: margin=-9.500000, optimistic_rem(widened)=0.000000 -> cannot exceed 0.
[5780.966s] PRUNE: margin=-9.500000, optimistic_rem(widened)=0.000000 -> cannot exceed 0.
[5789.422s] PRUNE: margin=-9.500000, optimistic_rem(widened)=0.000000 -> cannot exceed 0.
[5797.880s] PRUNE: margin=-9.500000, optimistic_rem(widened)=0.000000 -> cannot exceed 0.
[5806.332s] PRUNE: margin=-9.500000, optimistic_rem(widened)=0.000000 -> cannot exceed 0.
[5814.816s] PRUNE: margin=-9.500000, optimistic_rem(widened)=0.000000 -> cannot exceed 0.
[5827.506s] PRUNE: margin=-9.500000, optimistic_rem(widened)=1.000000 -> cannot exceed 0.
[5835.972s] PRUNE: margin=-9.500000, optimistic_rem(widened)=1.000000 -> cannot exceed 0.
[5844.433s] PRUNE: margin=-9.500000, optimistic_rem(widened)=1.000000 -> cannot exceed 0.
[5852.897s] PRUNE: margin=-10.000000, optimistic_rem(widened)=1.500000 -> cannot exceed 0.
[5861.353s] PRUNE: margin=-10.000000, optimistic_rem(widened)=1.500000 -> cannot exceed 0.
[5869.804s] PRUNE: margin=-10.000000, optimistic_rem(widened)=1.500000 -> cannot exceed 0.
[5878.260s] PRUNE: margin=-9.500000, optimistic_rem(widened)=9.000000 -> cannot exceed 0.
[5899.395s] PRUNE: margin=-10.500000, optimistic_rem(widened)=10.500000 -> cannot exceed 0.
[5907.854s] PRUNE: margin=-9.500000, optimistic_rem(widened)=9.500000 -> cannot exceed 0.
[5916.307s] PRUNE: margin=-9.500000, optimistic_rem(widened)=0.000000 -> cannot exceed 0.
[5924.755s] PRUNE: margin=-9.500000, optimistic_rem(widened)=0.000000 -> cannot exceed 0.
[5933.209s] PRUNE: margin=-9.500000, optimistic_rem(widened)=0.000000 -> cannot exceed 0.
[5941.659s] PRUNE: margin=-9.500000, optimistic_rem(widened)=0.000000 -> cannot exceed 0.
[5950.114s] PRUNE: margin=-10.000000, optimistic_rem(widened)=0.000000 -> cannot exceed 0.
[5958.567s] PRUNE: margin=-10.000000, optimistic_rem(widened)=0.000000 -> cannot exceed 0.
[5967.019s] PRUNE: margin=-9.500000, optimistic_rem(widened)=0.000000 -> cannot exceed 0.
[5983.928s] PRUNE: margin=-9.500000, optimistic_rem(widened)=9.500000 -> cannot exceed 0.
[5992.378s] PRUNE: margin=-9.500000, optimistic_rem(widened)=0.000000 -> cannot exceed 0.
[6000.826s] PRUNE: margin=-9.500000, optimistic_rem(widened)=0.000000 -> cannot exceed 0.
[6009.278s] PRUNE: margin=-9.500000, optimistic_rem(widened)=0.000000 -> cannot exceed 0.
[6017.729s] PRUNE: margin=-10.500000, optimistic_rem(widened)=0.000000 -> cannot exceed 0.
[6026.189s] PRUNE: margin=-9.500000, optimistic_rem(widened)=0.000000 -> cannot exceed 0.
[6034.636s] PRUNE: margin=-9.500000, optimistic_rem(widened)=0.000000 -> cannot exceed 0.
[6043.090s] PRUNE: margin=-9.500000, optimistic_rem(widened)=0.000000 -> cannot exceed 0.
[6059.996s] PRUNE: margin=-9.000000, optimistic_rem(widened)=0.000000 -> cannot exceed 0.
[6068.449s] PRUNE: margin=-9.500000, optimistic_rem(widened)=0.000000 -> cannot exceed 0.
[6076.904s] PRUNE: margin=-9.500000, optimistic_rem(widened)=0.000000 -> cannot exceed 0.
[6085.352s] PRUNE: margin=-9.500000, optimistic_rem(widened)=0.000000 -> cannot exceed 0.
[6093.806s] PRUNE: margin=-9.500000, optimistic_rem(widened)=0.000000 -> cannot exceed 0.
[6102.254s] PRUNE: margin=-9.500000, optimistic_rem(widened)=0.000000 -> cannot exceed 0.
[6110.704s] PRUNE: margin=-9.500000, optimistic_rem(widened)=0.000000 -> cannot exceed 0.
[6123.378s] PRUNE: margin=-9.500000, optimistic_rem(widened)=1.000000 -> cannot exceed 0.
[6131.825s] PRUNE: margin=-9.500000, optimistic_rem(widened)=1.000000 -> cannot exceed 0.
[6140.278s] PRUNE: margin=-9.500000, optimistic_rem(widened)=1.000000 -> cannot exceed 0.
[6148.728s] PRUNE: margin=-10.000000, optimistic_rem(widened)=1.500000 -> cannot exceed 0.
[6157.182s] PRUNE: margin=-10.000000, optimistic_rem(widened)=1.500000 -> cannot exceed 0.
[6165.635s] PRUNE: margin=-10.000000, optimistic_rem(widened)=1.500000 -> cannot exceed 0.
[6174.043s] PRUNE: margin=-9.500000, optimistic_rem(widened)=9.000000 -> cannot exceed 0.
[6233.076s] PRUNE: margin=-9.500000, optimistic_rem(widened)=0.000000 -> cannot exceed 0.
[6241.526s] PRUNE: margin=-9.500000, optimistic_rem(widened)=0.000000 -> cannot exceed 0.
[6249.979s] PRUNE: margin=-9.500000, optimistic_rem(widened)=0.000000 -> cannot exceed 0.
[6258.436s] PRUNE: margin=-10.500000, optimistic_rem(widened)=0.000000 -> cannot exceed 0.
[6266.891s] PRUNE: margin=-10.500000, optimistic_rem(widened)=0.000000 -> cannot exceed 0.
[6275.342s] PRUNE: margin=-10.500000, optimistic_rem(widened)=0.000000 -> cannot exceed 0.
[6283.791s] PRUNE: margin=-10.500000, optimistic_rem(widened)=0.000000 -> cannot exceed 0.
[6300.700s] PRUNE: margin=-9.000000, optimistic_rem(widened)=0.000000 -> cannot exceed 0.
[6309.150s] PRUNE: margin=-9.500000, optimistic_rem(widened)=0.000000 -> cannot exceed 0.
[6317.605s] PRUNE: margin=-9.500000, optimistic_rem(widened)=0.000000 -> cannot exceed 0.
[6326.056s] PRUNE: margin=-9.500000, optimistic_rem(widened)=0.000000 -> cannot exceed 0.
[6334.512s] PRUNE: margin=-9.500000, optimistic_rem(widened)=0.000000 -> cannot exceed 0.
[6342.970s] PRUNE: margin=-9.500000, optimistic_rem(widened)=0.000000 -> cannot exceed 0.
[6351.423s] PRUNE: margin=-9.500000, optimistic_rem(widened)=0.000000 -> cannot exceed 0.
[6364.107s] PRUNE: margin=-9.500000, optimistic_rem(widened)=1.000000 -> cannot exceed 0.
[6372.558s] PRUNE: margin=-9.500000, optimistic_rem(widened)=1.000000 -> cannot exceed 0.
[6381.012s] PRUNE: margin=-9.500000, optimistic_rem(widened)=1.000000 -> cannot exceed 0.
[6389.475s] PRUNE: margin=-9.500000, optimistic_rem(widened)=1.000000 -> cannot exceed 0.
[6397.928s] PRUNE: margin=-10.000000, optimistic_rem(widened)=1.500000 -> cannot exceed 0.
[6406.378s] PRUNE: margin=-10.000000, optimistic_rem(widened)=1.500000 -> cannot exceed 0.
[6414.838s] PRUNE: margin=-9.500000, optimistic_rem(widened)=9.000000 -> cannot exceed 0.
[6435.969s] PRUNE: margin=-9.000000, optimistic_rem(widened)=0.000000 -> cannot exceed 0.
[6444.423s] PRUNE: margin=-9.500000, optimistic_rem(widened)=0.000000 -> cannot exceed 0.
[6452.876s] PRUNE: margin=-9.500000, optimistic_rem(widened)=0.000000 -> cannot exceed 0.
[6461.328s] PRUNE: margin=-9.500000, optimistic_rem(widened)=0.000000 -> cannot exceed 0.
[6469.784s] PRUNE: margin=-9.500000, optimistic_rem(widened)=0.000000 -> cannot exceed 0.
[6475.036s] PRUNE: margin=-9.500000, optimistic_rem(widened)=0.000000 -> cannot exceed 0.
[6480.055s] PRUNE: margin=-9.500000, optimistic_rem(widened)=0.000000 -> cannot exceed 0.
[6487.624s] PRUNE: margin=-9.500000, optimistic_rem(widened)=1.000000 -> cannot exceed 0.
[6492.694s] PRUNE: margin=-9.500000, optimistic_rem(widened)=1.000000 -> cannot exceed 0.
[6497.788s] PRUNE: margin=-9.500000, optimistic_rem(widened)=1.000000 -> cannot exceed 0.
[6502.939s] PRUNE: margin=-9.500000, optimistic_rem(widened)=1.000000 -> cannot exceed 0.
[6508.043s] PRUNE: margin=-9.500000, optimistic_rem(widened)=1.000000 -> cannot exceed 0.
[6513.159s] PRUNE: margin=-9.500000, optimistic_rem(widened)=1.000000 -> cannot exceed 0.
[6518.207s] PRUNE: margin=-9.500000, optimistic_rem(widened)=9.000000 -> cannot exceed 0.
[6528.251s] PRUNE: margin=-9.000000, optimistic_rem(widened)=7.500000 -> cannot exceed 0.
[6533.318s] PRUNE: margin=-9.500000, optimistic_rem(widened)=1.000000 -> cannot exceed 0.
[6538.403s] PRUNE: margin=-9.500000, optimistic_rem(widened)=1.000000 -> cannot exceed 0.
[6545.041s] PRUNE: margin=-9.500000, optimistic_rem(widened)=1.000000 -> cannot exceed 0.
[6553.501s] PRUNE: margin=-9.500000, optimistic_rem(widened)=1.000000 -> cannot exceed 0.
[6561.959s] PRUNE: margin=-9.500000, optimistic_rem(widened)=1.000000 -> cannot exceed 0.
[6570.416s] PRUNE: margin=-9.500000, optimistic_rem(widened)=8.000000 -> cannot exceed 0.
[6583.106s] PRUNE: margin=-9.500000, optimistic_rem(widened)=2.000000 -> cannot exceed 0.
[6591.559s] PRUNE: margin=-9.500000, optimistic_rem(widened)=2.000000 -> cannot exceed 0.
[6600.013s] PRUNE: margin=-10.000000, optimistic_rem(widened)=3.000000 -> cannot exceed 0.
[6608.473s] PRUNE: margin=-10.000000, optimistic_rem(widened)=2.500000 -> cannot exceed 0.
[6616.931s] PRUNE: margin=-10.000000, optimistic_rem(widened)=2.500000 -> cannot exceed 0.
[6625.383s] PRUNE: margin=-10.000000, optimistic_rem(widened)=3.000000 -> cannot exceed 0.
[6654.964s] PRUNE: margin=-8.500000, optimistic_rem(widened)=7.500000 -> cannot exceed 0.
[6663.425s] PRUNE: margin=-8.500000, optimistic_rem(widened)=7.500000 -> cannot exceed 0.
[6790.224s] PRUNE: margin=-9.000000, optimistic_rem(widened)=0.000000 -> cannot exceed 0.
[6798.680s] PRUNE: margin=-9.000000, optimistic_rem(widened)=0.000000 -> cannot exceed 0.
[6807.134s] PRUNE: margin=-9.000000, optimistic_rem(widened)=0.000000 -> cannot exceed 0.
[6815.592s] PRUNE: margin=-9.000000, optimistic_rem(widened)=0.000000 -> cannot exceed 0.
[6824.046s] PRUNE: margin=-9.000000, optimistic_rem(widened)=0.000000 -> cannot exceed 0.
[6832.502s] PRUNE: margin=-9.000000, optimistic_rem(widened)=0.000000 -> cannot exceed 0.
[6921.267s] PRUNE: margin=-9.000000, optimistic_rem(widened)=0.000000 -> cannot exceed 0.
[6929.722s] PRUNE: margin=-9.000000, optimistic_rem(widened)=0.000000 -> cannot exceed 0.
[6938.176s] PRUNE: margin=-9.000000, optimistic_rem(widened)=0.000000 -> cannot exceed 0.
[6946.627s] PRUNE: margin=-9.000000, optimistic_rem(widened)=0.000000 -> cannot exceed 0.
[6955.082s] PRUNE: margin=-9.000000, optimistic_rem(widened)=0.000000 -> cannot exceed 0.
[6963.532s] PRUNE: margin=-9.000000, optimistic_rem(widened)=0.000000 -> cannot exceed 0.
[7014.262s] PRUNE: margin=-9.000000, optimistic_rem(widened)=0.000000 -> cannot exceed 0.
[7022.718s] PRUNE: margin=-9.000000, optimistic_rem(widened)=0.000000 -> cannot exceed 0.
[7031.173s] PRUNE: margin=-9.000000, optimistic_rem(widened)=0.000000 -> cannot exceed 0.
[7039.624s] PRUNE: margin=-9.000000, optimistic_rem(widened)=0.000000 -> cannot exceed 0.
[7048.076s] PRUNE: margin=-9.000000, optimistic_rem(widened)=0.000000 -> cannot exceed 0.
[7056.530s] PRUNE: margin=-9.000000, optimistic_rem(widened)=0.000000 -> cannot exceed 0.
[7073.432s] PRUNE: margin=-8.500000, optimistic_rem(widened)=0.000000 -> cannot exceed 0.
[7081.886s] PRUNE: margin=-9.000000, optimistic_rem(widened)=0.000000 -> cannot exceed 0.
[7090.340s] PRUNE: margin=-9.000000, optimistic_rem(widened)=0.000000 -> cannot exceed 0.
[7098.792s] PRUNE: margin=-9.000000, optimistic_rem(widened)=0.000000 -> cannot exceed 0.
[7107.247s] PRUNE: margin=-9.000000, optimistic_rem(widened)=0.000000 -> cannot exceed 0.
[7115.702s] PRUNE: margin=-9.000000, optimistic_rem(widened)=0.000000 -> cannot exceed 0.
[7132.613s] PRUNE: margin=-9.000000, optimistic_rem(widened)=0.000000 -> cannot exceed 0.
[7141.068s] PRUNE: margin=-9.000000, optimistic_rem(widened)=0.000000 -> cannot exceed 0.
[7149.527s] PRUNE: margin=-9.000000, optimistic_rem(widened)=0.000000 -> cannot exceed 0.
[7157.979s] PRUNE: margin=-9.000000, optimistic_rem(widened)=0.000000 -> cannot exceed 0.
[7166.431s] PRUNE: margin=-9.000000, optimistic_rem(widened)=0.000000 -> cannot exceed 0.
[7183.339s] PRUNE: margin=-9.000000, optimistic_rem(widened)=0.000000 -> cannot exceed 0.
[7191.796s] PRUNE: margin=-9.000000, optimistic_rem(widened)=0.000000 -> cannot exceed 0.
[7200.248s] PRUNE: margin=-9.000000, optimistic_rem(widened)=0.000000 -> cannot exceed 0.
[7208.703s] PRUNE: margin=-9.000000, optimistic_rem(widened)=0.000000 -> cannot exceed 0.
[7225.607s] PRUNE: margin=-9.000000, optimistic_rem(widened)=0.000000 -> cannot exceed 0.
[7234.060s] PRUNE: margin=-9.000000, optimistic_rem(widened)=0.000000 -> cannot exceed 0.
[7242.513s] PRUNE: margin=-9.000000, optimistic_rem(widened)=0.000000 -> cannot exceed 0.
[7254.122s] PRUNE: margin=-9.000000, optimistic_rem(widened)=0.000000 -> cannot exceed 0.
[7259.167s] PRUNE: margin=-9.000000, optimistic_rem(widened)=0.000000 -> cannot exceed 0.
[7266.677s] PRUNE: margin=-9.000000, optimistic_rem(widened)=9.000000 -> cannot exceed 0.
[7279.278s] PRUNE: margin=-9.500000, optimistic_rem(widened)=4.500000 -> cannot exceed 0.
[7284.293s] PRUNE: margin=-8.500000, optimistic_rem(widened)=7.500000 -> cannot exceed 0.
[7291.811s] PRUNE: margin=-8.500000, optimistic_rem(widened)=0.500000 -> cannot exceed 0.
[7296.805s] PRUNE: margin=-9.000000, optimistic_rem(widened)=8.000000 -> cannot exceed 0.
[7301.854s] PRUNE: margin=-9.000000, optimistic_rem(widened)=8.000000 -> cannot exceed 0.
[7306.857s] PRUNE: margin=-9.000000, optimistic_rem(widened)=8.000000 -> cannot exceed 0.
[7311.895s] PRUNE: margin=-9.000000, optimistic_rem(widened)=8.000000 -> cannot exceed 0.
[7316.953s] PRUNE: margin=-9.000000, optimistic_rem(widened)=8.000000 -> cannot exceed 0.
[7322.066s] PRUNE: margin=-9.000000, optimistic_rem(widened)=8.000000 -> cannot exceed 0.
[7327.121s] PRUNE: margin=-9.000000, optimistic_rem(widened)=8.000000 -> cannot exceed 0.
[7332.169s] PRUNE: margin=-9.000000, optimistic_rem(widened)=7.500000 -> cannot exceed 0.
[7343.909s] PRUNE: margin=-8.500000, optimistic_rem(widened)=7.000000 -> cannot exceed 0.
[7352.348s] PRUNE: margin=-8.500000, optimistic_rem(widened)=7.000000 -> cannot exceed 0.
[7360.787s] PRUNE: margin=-8.500000, optimistic_rem(widened)=7.000000 -> cannot exceed 0.
[7369.226s] PRUNE: margin=-8.500000, optimistic_rem(widened)=7.000000 -> cannot exceed 0.
[7377.673s] PRUNE: margin=-8.500000, optimistic_rem(widened)=7.000000 -> cannot exceed 0.
[7386.115s] PRUNE: margin=-8.500000, optimistic_rem(widened)=7.000000 -> cannot exceed 0.
[7394.154s] PRUNE: margin=-8.500000, optimistic_rem(widened)=7.000000 -> cannot exceed 0.
[7399.174s] PRUNE: margin=-9.000000, optimistic_rem(widened)=7.000000 -> cannot exceed 0.
[7429.533s] PRUNE: margin=-9.000000, optimistic_rem(widened)=0.000000 -> cannot exceed 0.
[7447.257s] PRUNE: margin=-9.500000, optimistic_rem(widened)=0.000000 -> cannot exceed 0.
[7452.273s] PRUNE: margin=-9.500000, optimistic_rem(widened)=0.000000 -> cannot exceed 0.
[7457.367s] PRUNE: margin=-9.500000, optimistic_rem(widened)=0.000000 -> cannot exceed 0.
[7465.031s] PRUNE: margin=-9.500000, optimistic_rem(widened)=1.500000 -> cannot exceed 0.
[7485.417s] PRUNE: margin=-9.500000, optimistic_rem(widened)=0.000000 -> cannot exceed 0.
[7490.514s] PRUNE: margin=-9.500000, optimistic_rem(widened)=0.000000 -> cannot exceed 0.
[7495.620s] PRUNE: margin=-9.500000, optimistic_rem(widened)=0.000000 -> cannot exceed 0.
[7505.840s] PRUNE: margin=-9.500000, optimistic_rem(widened)=0.000000 -> cannot exceed 0.
[7510.910s] PRUNE: margin=-9.500000, optimistic_rem(widened)=0.000000 -> cannot exceed 0.
[7515.981s] PRUNE: margin=-9.000000, optimistic_rem(widened)=0.000000 -> cannot exceed 0.
[7523.620s] PRUNE: margin=-9.500000, optimistic_rem(widened)=8.500000 -> cannot exceed 0.
[7528.672s] PRUNE: margin=-9.500000, optimistic_rem(widened)=8.500000 -> cannot exceed 0.
[7533.742s] PRUNE: margin=-9.500000, optimistic_rem(widened)=8.500000 -> cannot exceed 0.
[7561.420s] PRUNE: margin=-9.000000, optimistic_rem(widened)=0.000000 -> cannot exceed 0.
[7566.446s] PRUNE: margin=-9.500000, optimistic_rem(widened)=0.000000 -> cannot exceed 0.
[7571.520s] PRUNE: margin=-9.500000, optimistic_rem(widened)=0.000000 -> cannot exceed 0.
[7576.536s] PRUNE: margin=-9.500000, optimistic_rem(widened)=0.000000 -> cannot exceed 0.
[7584.093s] PRUNE: margin=-9.500000, optimistic_rem(widened)=1.500000 -> cannot exceed 0.
[7591.631s] PRUNE: margin=-9.500000, optimistic_rem(widened)=0.000000 -> cannot exceed 0.
[7596.701s] PRUNE: margin=-9.500000, optimistic_rem(widened)=0.000000 -> cannot exceed 0.
[7601.766s] PRUNE: margin=-9.000000, optimistic_rem(widened)=0.000000 -> cannot exceed 0.
[7609.457s] PRUNE: margin=-9.500000, optimistic_rem(widened)=8.500000 -> cannot exceed 0.
[7614.498s] PRUNE: margin=-9.500000, optimistic_rem(widened)=8.500000 -> cannot exceed 0.
[7619.527s] PRUNE: margin=-9.500000, optimistic_rem(widened)=8.500000 -> cannot exceed 0.
[7632.210s] PRUNE: margin=-9.000000, optimistic_rem(widened)=0.000000 -> cannot exceed 0.
[7637.343s] PRUNE: margin=-9.000000, optimistic_rem(widened)=0.000000 -> cannot exceed 0.
[7642.355s] PRUNE: margin=-9.000000, optimistic_rem(widened)=0.000000 -> cannot exceed 0.
[7647.380s] PRUNE: margin=-9.000000, optimistic_rem(widened)=0.000000 -> cannot exceed 0.
[7654.927s] PRUNE: margin=-9.500000, optimistic_rem(widened)=1.500000 -> cannot exceed 0.
[7659.945s] PRUNE: margin=-9.500000, optimistic_rem(widened)=1.500000 -> cannot exceed 0.
[7665.014s] PRUNE: margin=-9.500000, optimistic_rem(widened)=8.500000 -> cannot exceed 0.
[7670.056s] PRUNE: margin=-9.500000, optimistic_rem(widened)=8.500000 -> cannot exceed 0.
[7684.356s] PRUNE: margin=-9.500000, optimistic_rem(widened)=1.500000 -> cannot exceed 0.
[7692.804s] PRUNE: margin=-9.500000, optimistic_rem(widened)=1.500000 -> cannot exceed 0.
[7701.262s] PRUNE: margin=-9.500000, optimistic_rem(widened)=1.500000 -> cannot exceed 0.
[7709.709s] PRUNE: margin=-9.000000, optimistic_rem(widened)=8.000000 -> cannot exceed 0.
[7726.628s] PRUNE: margin=-9.500000, optimistic_rem(widened)=8.500000 -> cannot exceed 0.
[7735.081s] PRUNE: margin=-9.500000, optimistic_rem(widened)=8.500000 -> cannot exceed 0.
[7743.538s] PRUNE: margin=-9.500000, optimistic_rem(widened)=8.500000 -> cannot exceed 0.
[7760.447s] PRUNE: margin=-9.500000, optimistic_rem(widened)=8.500000 -> cannot exceed 0.
[7768.890s] PRUNE: margin=-9.500000, optimistic_rem(widened)=8.500000 -> cannot exceed 0.
[7785.776s] PRUNE: margin=-9.500000, optimistic_rem(widened)=1.500000 -> cannot exceed 0.
[7819.572s] PRUNE: margin=-8.500000, optimistic_rem(widened)=7.500000 -> cannot exceed 0.
[7874.595s] PRUNE: margin=-8.500000, optimistic_rem(widened)=0.000000 -> cannot exceed 0.
[7883.053s] PRUNE: margin=-8.500000, optimistic_rem(widened)=0.000000 -> cannot exceed 0.
[7891.516s] PRUNE: margin=-8.500000, optimistic_rem(widened)=0.000000 -> cannot exceed 0.
[7899.976s] PRUNE: margin=-8.500000, optimistic_rem(widened)=0.000000 -> cannot exceed 0.
[7908.435s] PRUNE: margin=-8.500000, optimistic_rem(widened)=2.500000 -> cannot exceed 0.
[7916.898s] PRUNE: margin=-8.500000, optimistic_rem(widened)=2.500000 -> cannot exceed 0.
[8081.923s] PRUNE: margin=-8.500000, optimistic_rem(widened)=0.000000 -> cannot exceed 0.
[8090.388s] PRUNE: margin=-8.500000, optimistic_rem(widened)=0.000000 -> cannot exceed 0.
[8098.854s] PRUNE: margin=-8.500000, optimistic_rem(widened)=0.000000 -> cannot exceed 0.
[8107.316s] PRUNE: margin=-8.500000, optimistic_rem(widened)=0.000000 -> cannot exceed 0.
[8119.997s] PRUNE: margin=-9.000000, optimistic_rem(widened)=8.500000 -> cannot exceed 0.
[8128.456s] PRUNE: margin=-9.000000, optimistic_rem(widened)=8.500000 -> cannot exceed 0.
[8136.907s] PRUNE: margin=-9.000000, optimistic_rem(widened)=8.500000 -> cannot exceed 0.
[8145.361s] PRUNE: margin=-9.000000, optimistic_rem(widened)=8.500000 -> cannot exceed 0.
[8263.956s] PRUNE: margin=-8.000000, optimistic_rem(widened)=0.000000 -> cannot exceed 0.
[8269.023s] PRUNE: margin=-8.000000, optimistic_rem(widened)=0.000000 -> cannot exceed 0.
[8274.109s] PRUNE: margin=-8.000000, optimistic_rem(widened)=0.000000 -> cannot exceed 0.
[8279.258s] PRUNE: margin=-8.000000, optimistic_rem(widened)=0.000000 -> cannot exceed 0.
[8284.306s] PRUNE: margin=-8.000000, optimistic_rem(widened)=0.000000 -> cannot exceed 0.
[8350.217s] PRUNE: margin=-8.500000, optimistic_rem(widened)=7.500000 -> cannot exceed 0.
[8358.690s] PRUNE: margin=-8.500000, optimistic_rem(widened)=7.500000 -> cannot exceed 0.
[8367.169s] PRUNE: margin=-8.500000, optimistic_rem(widened)=7.500000 -> cannot exceed 0.
[8375.649s] PRUNE: margin=-9.000000, optimistic_rem(widened)=7.000000 -> cannot exceed 0.
[8384.132s] PRUNE: margin=-8.500000, optimistic_rem(widened)=7.500000 -> cannot exceed 0.
[8426.440s] PRUNE: margin=-8.500000, optimistic_rem(widened)=2.500000 -> cannot exceed 0.
[8456.044s] PRUNE: margin=-8.500000, optimistic_rem(widened)=2.500000 -> cannot exceed 0.
[8472.961s] PRUNE: margin=-8.500000, optimistic_rem(widened)=2.500000 -> cannot exceed 0.
[8502.568s] PRUNE: margin=-8.500000, optimistic_rem(widened)=7.000000 -> cannot exceed 0.
[8511.028s] PRUNE: margin=-8.500000, optimistic_rem(widened)=8.000000 -> cannot exceed 0.
[8519.485s] PRUNE: margin=-8.500000, optimistic_rem(widened)=8.000000 -> cannot exceed 0.
[8527.947s] PRUNE: margin=-8.500000, optimistic_rem(widened)=8.000000 -> cannot exceed 0.
[8536.406s] PRUNE: margin=-8.500000, optimistic_rem(widened)=8.000000 -> cannot exceed 0.
[8618.299s] PRUNE: margin=-9.000000, optimistic_rem(widened)=7.000000 -> cannot exceed 0.
[8623.411s] PRUNE: margin=-9.000000, optimistic_rem(widened)=7.500000 -> cannot exceed 0.
[8631.065s] PRUNE: margin=-9.000000, optimistic_rem(widened)=8.500000 -> cannot exceed 0.
[8636.092s] PRUNE: margin=-9.000000, optimistic_rem(widened)=8.500000 -> cannot exceed 0.
[8641.170s] PRUNE: margin=-9.000000, optimistic_rem(widened)=8.500000 -> cannot exceed 0.
[8646.240s] PRUNE: margin=-9.000000, optimistic_rem(widened)=8.500000 -> cannot exceed 0.
[8651.274s] PRUNE: margin=-9.000000, optimistic_rem(widened)=8.500000 -> cannot exceed 0.
[8656.365s] PRUNE: margin=-9.000000, optimistic_rem(widened)=8.500000 -> cannot exceed 0.
[8666.404s] PRUNE: margin=-9.000000, optimistic_rem(widened)=6.500000 -> cannot exceed 0.
[8671.471s] PRUNE: margin=-9.000000, optimistic_rem(widened)=6.500000 -> cannot exceed 0.
[8679.106s] PRUNE: margin=-8.500000, optimistic_rem(widened)=4.500000 -> cannot exceed 0.
[8694.368s] PRUNE: margin=-8.500000, optimistic_rem(widened)=4.500000 -> cannot exceed 0.
[8712.181s] PRUNE: margin=-9.000000, optimistic_rem(widened)=6.500000 -> cannot exceed 0.
[8717.223s] PRUNE: margin=-9.000000, optimistic_rem(widened)=6.500000 -> cannot exceed 0.
[8724.795s] PRUNE: margin=-9.000000, optimistic_rem(widened)=5.000000 -> cannot exceed 0.
[8740.009s] PRUNE: margin=-9.500000, optimistic_rem(widened)=8.000000 -> cannot exceed 0.
[8745.083s] PRUNE: margin=-9.500000, optimistic_rem(widened)=8.000000 -> cannot exceed 0.
[8771.530s] PRUNE: margin=-9.500000, optimistic_rem(widened)=2.000000 -> cannot exceed 0.
[8778.600s] PRUNE: margin=-9.500000, optimistic_rem(widened)=2.000000 -> cannot exceed 0.
[8786.210s] PRUNE: margin=-9.500000, optimistic_rem(widened)=9.000000 -> cannot exceed 0.
[8791.317s] PRUNE: margin=-9.500000, optimistic_rem(widened)=9.000000 -> cannot exceed 0.
[8796.482s] PRUNE: margin=-9.500000, optimistic_rem(widened)=9.000000 -> cannot exceed 0.
[8802.432s] PRUNE: margin=-9.500000, optimistic_rem(widened)=7.500000 -> cannot exceed 0.
[8810.897s] PRUNE: margin=-9.500000, optimistic_rem(widened)=9.000000 -> cannot exceed 0.
[8819.364s] PRUNE: margin=-9.500000, optimistic_rem(widened)=9.000000 -> cannot exceed 0.
[8827.833s] PRUNE: margin=-9.500000, optimistic_rem(widened)=9.000000 -> cannot exceed 0.
[8836.305s] PRUNE: margin=-9.500000, optimistic_rem(widened)=9.000000 -> cannot exceed 0.
[8854.047s] PRUNE: margin=-10.000000, optimistic_rem(widened)=10.000000 -> cannot exceed 0.
[8859.118s] PRUNE: margin=-10.000000, optimistic_rem(widened)=10.000000 -> cannot exceed 0.
[8864.249s] PRUNE: margin=-10.000000, optimistic_rem(widened)=0.000000 -> cannot exceed 0.
[8869.332s] PRUNE: margin=-10.000000, optimistic_rem(widened)=0.000000 -> cannot exceed 0.
[8874.432s] PRUNE: margin=-10.000000, optimistic_rem(widened)=0.000000 -> cannot exceed 0.
[8879.502s] PRUNE: margin=-10.500000, optimistic_rem(widened)=0.000000 -> cannot exceed 0.
[8889.642s] PRUNE: margin=-10.000000, optimistic_rem(widened)=10.000000 -> cannot exceed 0.
[8894.712s] PRUNE: margin=-10.000000, optimistic_rem(widened)=0.000000 -> cannot exceed 0.
[8899.867s] PRUNE: margin=-10.000000, optimistic_rem(widened)=0.000000 -> cannot exceed 0.
[8904.952s] PRUNE: margin=-10.000000, optimistic_rem(widened)=0.000000 -> cannot exceed 0.
[8910.064s] PRUNE: margin=-10.500000, optimistic_rem(widened)=0.000000 -> cannot exceed 0.
[8920.468s] PRUNE: margin=-9.500000, optimistic_rem(widened)=0.000000 -> cannot exceed 0.
[8925.479s] PRUNE: margin=-10.000000, optimistic_rem(widened)=0.000000 -> cannot exceed 0.
[8930.663s] PRUNE: margin=-10.000000, optimistic_rem(widened)=0.000000 -> cannot exceed 0.
[8935.750s] PRUNE: margin=-10.000000, optimistic_rem(widened)=0.000000 -> cannot exceed 0.
[8943.441s] PRUNE: margin=-10.000000, optimistic_rem(widened)=1.500000 -> cannot exceed 0.
[8948.466s] PRUNE: margin=-10.000000, optimistic_rem(widened)=1.500000 -> cannot exceed 0.
[8953.494s] PRUNE: margin=-10.000000, optimistic_rem(widened)=1.500000 -> cannot exceed 0.
[8958.556s] PRUNE: margin=-10.500000, optimistic_rem(widened)=2.000000 -> cannot exceed 0.
[8971.211s] PRUNE: margin=-10.000000, optimistic_rem(widened)=10.000000 -> cannot exceed 0.
[8976.317s] PRUNE: margin=-10.000000, optimistic_rem(widened)=0.000000 -> cannot exceed 0.
[8981.394s] PRUNE: margin=-10.000000, optimistic_rem(widened)=0.000000 -> cannot exceed 0.
[8986.520s] PRUNE: margin=-10.000000, optimistic_rem(widened)=0.000000 -> cannot exceed 0.
[8991.690s] PRUNE: margin=-10.500000, optimistic_rem(widened)=0.000000 -> cannot exceed 0.
[9001.723s] PRUNE: margin=-9.500000, optimistic_rem(widened)=0.000000 -> cannot exceed 0.
[9006.867s] PRUNE: margin=-10.000000, optimistic_rem(widened)=0.000000 -> cannot exceed 0.
[9011.930s] PRUNE: margin=-10.000000, optimistic_rem(widened)=0.000000 -> cannot exceed 0.
[9016.951s] PRUNE: margin=-10.000000, optimistic_rem(widened)=0.000000 -> cannot exceed 0.
[9024.541s] PRUNE: margin=-10.000000, optimistic_rem(widened)=1.500000 -> cannot exceed 0.
[9029.653s] PRUNE: margin=-10.000000, optimistic_rem(widened)=1.500000 -> cannot exceed 0.
[9034.763s] PRUNE: margin=-10.000000, optimistic_rem(widened)=1.500000 -> cannot exceed 0.
[9039.914s] PRUNE: margin=-10.500000, optimistic_rem(widened)=2.000000 -> cannot exceed 0.
[9052.818s] PRUNE: margin=-9.500000, optimistic_rem(widened)=0.000000 -> cannot exceed 0.
[9057.946s] PRUNE: margin=-9.500000, optimistic_rem(widened)=0.000000 -> cannot exceed 0.
[9063.049s] PRUNE: margin=-10.000000, optimistic_rem(widened)=0.000000 -> cannot exceed 0.
[9068.106s] PRUNE: margin=-10.000000, optimistic_rem(widened)=0.000000 -> cannot exceed 0.
[9075.641s] PRUNE: margin=-10.000000, optimistic_rem(widened)=1.500000 -> cannot exceed 0.
[9080.724s] PRUNE: margin=-10.000000, optimistic_rem(widened)=1.500000 -> cannot exceed 0.
[9085.771s] PRUNE: margin=-10.000000, optimistic_rem(widened)=1.500000 -> cannot exceed 0.
[9090.809s] PRUNE: margin=-10.500000, optimistic_rem(widened)=2.000000 -> cannot exceed 0.
[9100.944s] PRUNE: margin=-9.500000, optimistic_rem(widened)=1.000000 -> cannot exceed 0.
[9105.994s] PRUNE: margin=-10.000000, optimistic_rem(widened)=1.500000 -> cannot exceed 0.
[9111.064s] PRUNE: margin=-10.000000, optimistic_rem(widened)=1.500000 -> cannot exceed 0.
[9116.108s] PRUNE: margin=-10.000000, optimistic_rem(widened)=1.500000 -> cannot exceed 0.
[9123.694s] PRUNE: margin=-10.000000, optimistic_rem(widened)=2.500000 -> cannot exceed 0.
[9128.768s] PRUNE: margin=-10.000000, optimistic_rem(widened)=2.500000 -> cannot exceed 0.
[9133.782s] PRUNE: margin=-10.000000, optimistic_rem(widened)=2.500000 -> cannot exceed 0.
[9138.881s] PRUNE: margin=-10.000000, optimistic_rem(widened)=2.500000 -> cannot exceed 0.
[9154.131s] PRUNE: margin=-9.000000, optimistic_rem(widened)=0.000000 -> cannot exceed 0.
[9159.224s] PRUNE: margin=-9.000000, optimistic_rem(widened)=0.000000 -> cannot exceed 0.
[9164.269s] PRUNE: margin=-9.500000, optimistic_rem(widened)=0.000000 -> cannot exceed 0.
[9169.318s] PRUNE: margin=-9.500000, optimistic_rem(widened)=0.000000 -> cannot exceed 0.
[9174.346s] PRUNE: margin=-9.500000, optimistic_rem(widened)=5.500000 -> cannot exceed 0.
[9179.472s] PRUNE: margin=-9.500000, optimistic_rem(widened)=5.500000 -> cannot exceed 0.
[9199.572s] PRUNE: margin=-9.500000, optimistic_rem(widened)=9.000000 -> cannot exceed 0.
[9204.641s] PRUNE: margin=-9.500000, optimistic_rem(widened)=9.000000 -> cannot exceed 0.
[9209.650s] PRUNE: margin=-9.500000, optimistic_rem(widened)=9.000000 -> cannot exceed 0.
[9214.655s] PRUNE: margin=-9.500000, optimistic_rem(widened)=9.000000 -> cannot exceed 0.
[9267.899s] PRUNE: margin=-9.500000, optimistic_rem(widened)=5.500000 -> cannot exceed 0.
[9283.192s] PRUNE: margin=-10.000000, optimistic_rem(widened)=2.500000 -> cannot exceed 0.
[9288.321s] PRUNE: margin=-10.000000, optimistic_rem(widened)=2.500000 -> cannot exceed 0.
[9293.414s] PRUNE: margin=-10.000000, optimistic_rem(widened)=2.500000 -> cannot exceed 0.
[9298.504s] PRUNE: margin=-10.000000, optimistic_rem(widened)=2.500000 -> cannot exceed 0.
[9450.224s] PRUNE: margin=-9.500000, optimistic_rem(widened)=8.000000 -> cannot exceed 0.
[9455.276s] PRUNE: margin=-9.500000, optimistic_rem(widened)=8.000000 -> cannot exceed 0.
[9460.332s] PRUNE: margin=-9.500000, optimistic_rem(widened)=8.000000 -> cannot exceed 0.
[9465.366s] PRUNE: margin=-9.500000, optimistic_rem(widened)=1.500000 -> cannot exceed 0.
[9472.953s] PRUNE: margin=-9.500000, optimistic_rem(widened)=5.500000 -> cannot exceed 0.
[9478.029s] PRUNE: margin=-9.500000, optimistic_rem(widened)=5.500000 -> cannot exceed 0.
[9483.094s] PRUNE: margin=-9.500000, optimistic_rem(widened)=5.500000 -> cannot exceed 0.
[9493.473s] PRUNE: margin=-9.500000, optimistic_rem(widened)=5.500000 -> cannot exceed 0.
[9501.924s] PRUNE: margin=-9.500000, optimistic_rem(widened)=5.500000 -> cannot exceed 0.
[9518.826s] PRUNE: margin=-9.500000, optimistic_rem(widened)=5.500000 -> cannot exceed 0.
[9544.175s] PRUNE: margin=-10.000000, optimistic_rem(widened)=3.000000 -> cannot exceed 0.
[9552.625s] PRUNE: margin=-10.000000, optimistic_rem(widened)=3.000000 -> cannot exceed 0.
[9561.077s] PRUNE: margin=-10.000000, optimistic_rem(widened)=3.000000 -> cannot exceed 0.
[9569.525s] PRUNE: margin=-10.000000, optimistic_rem(widened)=2.500000 -> cannot exceed 0.
[9713.152s] PRUNE: margin=-9.500000, optimistic_rem(widened)=1.000000 -> cannot exceed 0.
[9721.602s] PRUNE: margin=-9.500000, optimistic_rem(widened)=1.000000 -> cannot exceed 0.
[9730.052s] PRUNE: margin=-9.500000, optimistic_rem(widened)=1.000000 -> cannot exceed 0.
[9738.504s] PRUNE: margin=-10.000000, optimistic_rem(widened)=8.500000 -> cannot exceed 0.
[9757.861s] PRUNE: margin=-9.500000, optimistic_rem(widened)=5.500000 -> cannot exceed 0.
[9767.907s] PRUNE: margin=-9.500000, optimistic_rem(widened)=5.500000 -> cannot exceed 0.
[9783.101s] PRUNE: margin=-10.000000, optimistic_rem(widened)=3.000000 -> cannot exceed 0.
[9788.156s] PRUNE: margin=-10.000000, optimistic_rem(widened)=3.000000 -> cannot exceed 0.
[9793.162s] PRUNE: margin=-10.000000, optimistic_rem(widened)=3.000000 -> cannot exceed 0.
[9798.171s] PRUNE: margin=-10.000000, optimistic_rem(widened)=3.000000 -> cannot exceed 0.
[9808.207s] PRUNE: margin=-10.000000, optimistic_rem(widened)=6.000000 -> cannot exceed 0.
[9843.429s] PRUNE: margin=-10.000000, optimistic_rem(widened)=2.500000 -> cannot exceed 0.
[9848.427s] PRUNE: margin=-10.000000, optimistic_rem(widened)=2.500000 -> cannot exceed 0.
[9853.464s] PRUNE: margin=-10.000000, optimistic_rem(widened)=3.000000 -> cannot exceed 0.
[9864.458s] PRUNE: margin=-9.500000, optimistic_rem(widened)=9.500000 -> cannot exceed 0.
[9872.885s] PRUNE: margin=-9.500000, optimistic_rem(widened)=0.000000 -> cannot exceed 0.
[9885.529s] PRUNE: margin=-10.000000, optimistic_rem(widened)=1.500000 -> cannot exceed 0.
[9915.043s] PRUNE: margin=-9.500000, optimistic_rem(widened)=0.000000 -> cannot exceed 0.
[9927.691s] PRUNE: margin=-10.000000, optimistic_rem(widened)=1.500000 -> cannot exceed 0.
[9944.558s] PRUNE: margin=-9.500000, optimistic_rem(widened)=1.000000 -> cannot exceed 0.
[9957.212s] PRUNE: margin=-10.500000, optimistic_rem(widened)=3.500000 -> cannot exceed 0.
[9974.076s] PRUNE: margin=-10.500000, optimistic_rem(widened)=3.500000 -> cannot exceed 0.
[9982.503s] PRUNE: margin=-10.500000, optimistic_rem(widened)=3.500000 -> cannot exceed 0.
[9990.941s] PRUNE: margin=-10.500000, optimistic_rem(widened)=3.500000 -> cannot exceed 0.
[10066.811s] PRUNE: margin=-10.500000, optimistic_rem(widened)=3.500000 -> cannot exceed 0.
[10075.251s] PRUNE: margin=-10.500000, optimistic_rem(widened)=3.500000 -> cannot exceed 0.
[10083.711s] PRUNE: margin=-10.500000, optimistic_rem(widened)=3.500000 -> cannot exceed 0.
[10134.349s] PRUNE: margin=-10.000000, optimistic_rem(widened)=0.000000 -> cannot exceed 0.
[10142.774s] PRUNE: margin=-10.000000, optimistic_rem(widened)=0.000000 -> cannot exceed 0.
[10155.422s] PRUNE: margin=-10.500000, optimistic_rem(widened)=2.000000 -> cannot exceed 0.
[10163.859s] PRUNE: margin=-10.500000, optimistic_rem(widened)=2.000000 -> cannot exceed 0.
[10180.721s] PRUNE: margin=-10.500000, optimistic_rem(widened)=2.000000 -> cannot exceed 0.
[10189.152s] PRUNE: margin=-10.500000, optimistic_rem(widened)=2.000000 -> cannot exceed 0.
[10201.800s] PRUNE: margin=-11.000000, optimistic_rem(widened)=4.000000 -> cannot exceed 0.
[10210.230s] PRUNE: margin=-11.000000, optimistic_rem(widened)=4.000000 -> cannot exceed 0.
[10231.308s] PRUNE: margin=-10.500000, optimistic_rem(widened)=2.000000 -> cannot exceed 0.
[10239.742s] PRUNE: margin=-10.500000, optimistic_rem(widened)=2.000000 -> cannot exceed 0.
[10252.387s] PRUNE: margin=-11.000000, optimistic_rem(widened)=4.000000 -> cannot exceed 0.
[10260.817s] PRUNE: margin=-11.000000, optimistic_rem(widened)=4.000000 -> cannot exceed 0.
[10277.678s] PRUNE: margin=-10.500000, optimistic_rem(widened)=3.500000 -> cannot exceed 0.
[10286.109s] PRUNE: margin=-10.500000, optimistic_rem(widened)=3.500000 -> cannot exceed 0.
[10319.827s] No counterexample within budgets (BaB): no misclassification found.
STATUS: No counterexample | best_upper_margin=23.500000 | elapsed=10319.827s | pixels_changed=0 | total_bit_flips=0 | avg_hamming_per_pixel=0.000000 | patch_rows=6-6 | patch_cols=14-15 | note=no_counterexample_within_budgets
