[  0.000s] init: idx=6399 kmax=2 bmax=4 topx=2 widen=1.000 rank_fast=off
clean logits (hex):  0x82  0x82  0x82  0x82  0x82  0x82  0x85  0x82  0x82  0x82
clean logits (bits): 10000010 10000010 10000010 10000010 10000010 10000010 10000101 10000010 10000010 10000010
clean logits (double): -32.000000 -32.000000 -32.000000 -32.000000 -32.000000 -32.000000 -14.000000 -32.000000 -32.000000 -32.000000
[  0.016s] clean prediction: 6 (true label 6)
[1598.682s] selection: nSym=2 (from 784), topx=2, rank_fast=off
[1598.682s] active patch: rows 8-8, cols 14-17 (derived from symPix)
[1605.604s] Proceeding to BaB (greedy enabled).
[1605.605s] Skipping root bound check (--no-root-bound).
[1605.605s] BaB search starting (K<=2, B<=4, nSym=2, depth_limit=500000000, widen=1.00)...
[1614.164s] PRUNE: margin=-18.000000, optimistic_rem(widened)=10.000000 -> cannot exceed 0.
[1620.713s] PRUNE: margin=-18.000000, optimistic_rem(widened)=10.000000 -> cannot exceed 0.
[1627.336s] PRUNE: margin=-18.000000, optimistic_rem(widened)=10.000000 -> cannot exceed 0.
[1632.462s] PRUNE: margin=-18.000000, optimistic_rem(widened)=12.000000 -> cannot exceed 0.
[1637.576s] PRUNE: margin=-18.000000, optimistic_rem(widened)=2.000000 -> cannot exceed 0.
[1642.722s] PRUNE: margin=-18.000000, optimistic_rem(widened)=12.000000 -> cannot exceed 0.
[1647.875s] PRUNE: margin=-18.000000, optimistic_rem(widened)=10.000000 -> cannot exceed 0.
[1653.006s] PRUNE: margin=-18.000000, optimistic_rem(widened)=8.000000 -> cannot exceed 0.
[1658.155s] PRUNE: margin=-18.000000, optimistic_rem(widened)=10.000000 -> cannot exceed 0.
[1663.276s] PRUNE: margin=-18.000000, optimistic_rem(widened)=10.000000 -> cannot exceed 0.
[1668.443s] PRUNE: margin=-18.000000, optimistic_rem(widened)=10.000000 -> cannot exceed 0.
[1673.658s] PRUNE: margin=-18.000000, optimistic_rem(widened)=10.000000 -> cannot exceed 0.
[1678.773s] PRUNE: margin=-18.000000, optimistic_rem(widened)=10.000000 -> cannot exceed 0.
[1683.914s] PRUNE: margin=-18.000000, optimistic_rem(widened)=2.000000 -> cannot exceed 0.
[1690.829s] PRUNE: margin=-18.000000, optimistic_rem(widened)=10.000000 -> cannot exceed 0.
[1695.945s] PRUNE: margin=-18.000000, optimistic_rem(widened)=10.000000 -> cannot exceed 0.
[1698.496s] No counterexample within budgets (BaB): no misclassification found.
STATUS: No counterexample | best_upper_margin=2.000000 | elapsed=1698.496s | pixels_changed=0 | total_bit_flips=0 | avg_hamming_per_pixel=0.000000 | patch_rows=8-8 | patch_cols=14-17 | note=no_counterexample_within_budgets
