[  0.000s] init: idx=4400 kmax=2 bmax=4 topx=2 widen=1.000 rank_fast=off
clean logits (hex):  0x82  0x82  0x82  0x82  0x82  0x82  0x81  0x84  0x82  0x82
clean logits (bits): 10000010 10000010 10000010 10000010 10000010 10000010 10000001 10000100 10000010 10000010
clean logits (double): -32.000000 -32.000000 -32.000000 -32.000000 -32.000000 -32.000000 -64.000000 -16.000000 -32.000000 -32.000000
[  0.016s] clean prediction: 7 (true label 7)
[1615.333s] selection: nSym=2 (from 784), topx=2, rank_fast=off
[1615.334s] active patch: rows 2-13, cols 6-12 (derived from symPix)
[1638.589s] Proceeding to BaB (greedy enabled).
[1638.589s] Skipping root bound check (--no-root-bound).
[1638.589s] BaB search starting (K<=2, B<=4, nSym=2, depth_limit=500000000, widen=1.00)...
[1655.144s] PRUNE: margin=-10.000000, optimistic_rem(widened)=2.000000 -> cannot exceed 0.
[1663.426s] PRUNE: margin=-10.000000, optimistic_rem(widened)=10.000000 -> cannot exceed 0.
[1671.705s] PRUNE: margin=-10.000000, optimistic_rem(widened)=2.000000 -> cannot exceed 0.
[1679.987s] PRUNE: margin=-10.000000, optimistic_rem(widened)=10.000000 -> cannot exceed 0.
[1692.401s] PRUNE: margin=-8.000000, optimistic_rem(widened)=8.000000 -> cannot exceed 0.
[1700.681s] PRUNE: margin=-8.000000, optimistic_rem(widened)=8.000000 -> cannot exceed 0.
[1708.962s] PRUNE: margin=-8.000000, optimistic_rem(widened)=8.000000 -> cannot exceed 0.
[1717.241s] PRUNE: margin=-8.000000, optimistic_rem(widened)=8.000000 -> cannot exceed 0.
[1725.525s] PRUNE: margin=-8.000000, optimistic_rem(widened)=0.000000 -> cannot exceed 0.
[1733.806s] PRUNE: margin=-8.000000, optimistic_rem(widened)=0.000000 -> cannot exceed 0.
[1742.085s] PRUNE: margin=-8.000000, optimistic_rem(widened)=0.000000 -> cannot exceed 0.
[1750.366s] PRUNE: margin=-8.000000, optimistic_rem(widened)=0.000000 -> cannot exceed 0.
[1758.653s] PRUNE: margin=-8.000000, optimistic_rem(widened)=0.000000 -> cannot exceed 0.
[1775.208s] PRUNE: margin=-8.000000, optimistic_rem(widened)=8.000000 -> cannot exceed 0.
[1783.488s] PRUNE: margin=-8.000000, optimistic_rem(widened)=8.000000 -> cannot exceed 0.
[1791.763s] PRUNE: margin=-8.000000, optimistic_rem(widened)=8.000000 -> cannot exceed 0.
[1800.053s] PRUNE: margin=-8.000000, optimistic_rem(widened)=0.000000 -> cannot exceed 0.
[1808.333s] PRUNE: margin=-8.000000, optimistic_rem(widened)=0.000000 -> cannot exceed 0.
[1816.610s] PRUNE: margin=-8.000000, optimistic_rem(widened)=0.000000 -> cannot exceed 0.
[1824.887s] PRUNE: margin=-8.000000, optimistic_rem(widened)=0.000000 -> cannot exceed 0.
[1833.167s] PRUNE: margin=-8.000000, optimistic_rem(widened)=0.000000 -> cannot exceed 0.
[1849.722s] PRUNE: margin=-8.000000, optimistic_rem(widened)=8.000000 -> cannot exceed 0.
[1858.004s] PRUNE: margin=-8.000000, optimistic_rem(widened)=8.000000 -> cannot exceed 0.
[1866.284s] PRUNE: margin=-8.000000, optimistic_rem(widened)=0.000000 -> cannot exceed 0.
[1874.561s] PRUNE: margin=-8.000000, optimistic_rem(widened)=0.000000 -> cannot exceed 0.
[1882.840s] PRUNE: margin=-8.000000, optimistic_rem(widened)=0.000000 -> cannot exceed 0.
[1891.114s] PRUNE: margin=-8.000000, optimistic_rem(widened)=0.000000 -> cannot exceed 0.
[1899.392s] PRUNE: margin=-8.000000, optimistic_rem(widened)=0.000000 -> cannot exceed 0.
[1915.947s] PRUNE: margin=-10.000000, optimistic_rem(widened)=0.000000 -> cannot exceed 0.
[1924.218s] PRUNE: margin=-8.000000, optimistic_rem(widened)=8.000000 -> cannot exceed 0.
[1932.499s] PRUNE: margin=-8.000000, optimistic_rem(widened)=0.000000 -> cannot exceed 0.
[1940.777s] PRUNE: margin=-8.000000, optimistic_rem(widened)=0.000000 -> cannot exceed 0.
[1949.052s] PRUNE: margin=-8.000000, optimistic_rem(widened)=0.000000 -> cannot exceed 0.
[1957.330s] PRUNE: margin=-8.000000, optimistic_rem(widened)=0.000000 -> cannot exceed 0.
[1973.886s] PRUNE: margin=-10.000000, optimistic_rem(widened)=0.000000 -> cannot exceed 0.
[1982.168s] PRUNE: margin=-8.000000, optimistic_rem(widened)=0.000000 -> cannot exceed 0.
[1990.446s] PRUNE: margin=-8.000000, optimistic_rem(widened)=0.000000 -> cannot exceed 0.
[1998.721s] PRUNE: margin=-8.000000, optimistic_rem(widened)=0.000000 -> cannot exceed 0.
[2006.998s] PRUNE: margin=-8.000000, optimistic_rem(widened)=0.000000 -> cannot exceed 0.
[2019.412s] PRUNE: margin=-8.000000, optimistic_rem(widened)=6.000000 -> cannot exceed 0.
[2027.696s] PRUNE: margin=-8.000000, optimistic_rem(widened)=6.000000 -> cannot exceed 0.
[2035.981s] PRUNE: margin=-8.000000, optimistic_rem(widened)=6.000000 -> cannot exceed 0.
[2044.263s] PRUNE: margin=-8.000000, optimistic_rem(widened)=6.000000 -> cannot exceed 0.
[2052.543s] PRUNE: margin=-8.000000, optimistic_rem(widened)=6.000000 -> cannot exceed 0.
[2069.103s] PRUNE: margin=-10.000000, optimistic_rem(widened)=2.000000 -> cannot exceed 0.
[2077.388s] PRUNE: margin=-8.000000, optimistic_rem(widened)=6.000000 -> cannot exceed 0.
[2085.673s] PRUNE: margin=-8.000000, optimistic_rem(widened)=6.000000 -> cannot exceed 0.
[2093.959s] PRUNE: margin=-8.000000, optimistic_rem(widened)=6.000000 -> cannot exceed 0.
[2102.241s] PRUNE: margin=-8.000000, optimistic_rem(widened)=6.000000 -> cannot exceed 0.
[2110.526s] PRUNE: margin=-10.000000, optimistic_rem(widened)=8.000000 -> cannot exceed 0.
[2118.816s] PRUNE: margin=-8.000000, optimistic_rem(widened)=6.000000 -> cannot exceed 0.
[2127.097s] PRUNE: margin=-8.000000, optimistic_rem(widened)=6.000000 -> cannot exceed 0.
[2135.381s] PRUNE: margin=-8.000000, optimistic_rem(widened)=6.000000 -> cannot exceed 0.
[2143.669s] PRUNE: margin=-8.000000, optimistic_rem(widened)=6.000000 -> cannot exceed 0.
[2151.954s] PRUNE: margin=-10.000000, optimistic_rem(widened)=8.000000 -> cannot exceed 0.
[2160.237s] PRUNE: margin=-8.000000, optimistic_rem(widened)=6.000000 -> cannot exceed 0.
[2168.526s] PRUNE: margin=-8.000000, optimistic_rem(widened)=6.000000 -> cannot exceed 0.
[2180.943s] PRUNE: margin=-10.000000, optimistic_rem(widened)=6.000000 -> cannot exceed 0.
[2197.498s] PRUNE: margin=-8.000000, optimistic_rem(widened)=8.000000 -> cannot exceed 0.
[2205.769s] PRUNE: margin=-8.000000, optimistic_rem(widened)=8.000000 -> cannot exceed 0.
[2214.044s] PRUNE: margin=-8.000000, optimistic_rem(widened)=8.000000 -> cannot exceed 0.
[2222.322s] PRUNE: margin=-8.000000, optimistic_rem(widened)=0.000000 -> cannot exceed 0.
[2230.606s] PRUNE: margin=-8.000000, optimistic_rem(widened)=0.000000 -> cannot exceed 0.
[2238.885s] PRUNE: margin=-8.000000, optimistic_rem(widened)=0.000000 -> cannot exceed 0.
[2247.162s] PRUNE: margin=-8.000000, optimistic_rem(widened)=0.000000 -> cannot exceed 0.
[2255.444s] PRUNE: margin=-8.000000, optimistic_rem(widened)=0.000000 -> cannot exceed 0.
[2263.722s] PRUNE: margin=-8.000000, optimistic_rem(widened)=0.000000 -> cannot exceed 0.
[2272.003s] PRUNE: margin=-8.000000, optimistic_rem(widened)=0.000000 -> cannot exceed 0.
[2288.549s] PRUNE: margin=-8.000000, optimistic_rem(widened)=8.000000 -> cannot exceed 0.
[2296.826s] PRUNE: margin=-8.000000, optimistic_rem(widened)=8.000000 -> cannot exceed 0.
[2305.100s] PRUNE: margin=-8.000000, optimistic_rem(widened)=0.000000 -> cannot exceed 0.
[2313.380s] PRUNE: margin=-8.000000, optimistic_rem(widened)=0.000000 -> cannot exceed 0.
[2321.655s] PRUNE: margin=-8.000000, optimistic_rem(widened)=0.000000 -> cannot exceed 0.
[2329.931s] PRUNE: margin=-8.000000, optimistic_rem(widened)=0.000000 -> cannot exceed 0.
[2338.208s] PRUNE: margin=-8.000000, optimistic_rem(widened)=0.000000 -> cannot exceed 0.
[2346.484s] PRUNE: margin=-8.000000, optimistic_rem(widened)=0.000000 -> cannot exceed 0.
[2354.764s] PRUNE: margin=-8.000000, optimistic_rem(widened)=0.000000 -> cannot exceed 0.
[2371.313s] PRUNE: margin=-8.000000, optimistic_rem(widened)=8.000000 -> cannot exceed 0.
[2379.587s] PRUNE: margin=-8.000000, optimistic_rem(widened)=0.000000 -> cannot exceed 0.
[2387.860s] PRUNE: margin=-8.000000, optimistic_rem(widened)=0.000000 -> cannot exceed 0.
[2396.134s] PRUNE: margin=-8.000000, optimistic_rem(widened)=0.000000 -> cannot exceed 0.
[2404.409s] PRUNE: margin=-8.000000, optimistic_rem(widened)=0.000000 -> cannot exceed 0.
[2412.679s] PRUNE: margin=-8.000000, optimistic_rem(widened)=0.000000 -> cannot exceed 0.
[2420.954s] PRUNE: margin=-8.000000, optimistic_rem(widened)=0.000000 -> cannot exceed 0.
[2429.226s] PRUNE: margin=-8.000000, optimistic_rem(widened)=0.000000 -> cannot exceed 0.
[2445.772s] PRUNE: margin=-8.000000, optimistic_rem(widened)=0.000000 -> cannot exceed 0.
[2454.041s] PRUNE: margin=-8.000000, optimistic_rem(widened)=0.000000 -> cannot exceed 0.
[2462.316s] PRUNE: margin=-8.000000, optimistic_rem(widened)=0.000000 -> cannot exceed 0.
[2470.589s] PRUNE: margin=-10.000000, optimistic_rem(widened)=0.000000 -> cannot exceed 0.
[2478.861s] PRUNE: margin=-8.000000, optimistic_rem(widened)=0.000000 -> cannot exceed 0.
[2487.137s] PRUNE: margin=-8.000000, optimistic_rem(widened)=0.000000 -> cannot exceed 0.
[2495.413s] PRUNE: margin=-8.000000, optimistic_rem(widened)=0.000000 -> cannot exceed 0.
[2507.819s] PRUNE: margin=-8.000000, optimistic_rem(widened)=8.000000 -> cannot exceed 0.
[2516.095s] PRUNE: margin=-8.000000, optimistic_rem(widened)=8.000000 -> cannot exceed 0.
[2524.368s] PRUNE: margin=-8.000000, optimistic_rem(widened)=8.000000 -> cannot exceed 0.
[2532.641s] PRUNE: margin=-8.000000, optimistic_rem(widened)=8.000000 -> cannot exceed 0.
[2540.912s] PRUNE: margin=-8.000000, optimistic_rem(widened)=8.000000 -> cannot exceed 0.
[2549.185s] PRUNE: margin=-8.000000, optimistic_rem(widened)=8.000000 -> cannot exceed 0.
[2557.460s] PRUNE: margin=-8.000000, optimistic_rem(widened)=8.000000 -> cannot exceed 0.
[2578.130s] PRUNE: margin=-8.000000, optimistic_rem(widened)=8.000000 -> cannot exceed 0.
[2586.403s] PRUNE: margin=-8.000000, optimistic_rem(widened)=8.000000 -> cannot exceed 0.
[2594.680s] PRUNE: margin=-8.000000, optimistic_rem(widened)=0.000000 -> cannot exceed 0.
[2602.950s] PRUNE: margin=-8.000000, optimistic_rem(widened)=0.000000 -> cannot exceed 0.
[2611.229s] PRUNE: margin=-8.000000, optimistic_rem(widened)=0.000000 -> cannot exceed 0.
[2619.505s] PRUNE: margin=-8.000000, optimistic_rem(widened)=0.000000 -> cannot exceed 0.
[2627.782s] PRUNE: margin=-8.000000, optimistic_rem(widened)=0.000000 -> cannot exceed 0.
[2636.055s] PRUNE: margin=-8.000000, optimistic_rem(widened)=0.000000 -> cannot exceed 0.
[2644.329s] PRUNE: margin=-8.000000, optimistic_rem(widened)=0.000000 -> cannot exceed 0.
[2660.871s] PRUNE: margin=-8.000000, optimistic_rem(widened)=8.000000 -> cannot exceed 0.
[2669.147s] PRUNE: margin=-8.000000, optimistic_rem(widened)=0.000000 -> cannot exceed 0.
[2677.422s] PRUNE: margin=-8.000000, optimistic_rem(widened)=0.000000 -> cannot exceed 0.
[2685.699s] PRUNE: margin=-8.000000, optimistic_rem(widened)=0.000000 -> cannot exceed 0.
[2693.971s] PRUNE: margin=-8.000000, optimistic_rem(widened)=0.000000 -> cannot exceed 0.
[2702.243s] PRUNE: margin=-8.000000, optimistic_rem(widened)=0.000000 -> cannot exceed 0.
[2710.517s] PRUNE: margin=-8.000000, optimistic_rem(widened)=0.000000 -> cannot exceed 0.
[2718.792s] PRUNE: margin=-8.000000, optimistic_rem(widened)=0.000000 -> cannot exceed 0.
[2735.337s] PRUNE: margin=-8.000000, optimistic_rem(widened)=0.000000 -> cannot exceed 0.
[2743.613s] PRUNE: margin=-8.000000, optimistic_rem(widened)=0.000000 -> cannot exceed 0.
[2751.888s] PRUNE: margin=-8.000000, optimistic_rem(widened)=0.000000 -> cannot exceed 0.
[2760.166s] PRUNE: margin=-10.000000, optimistic_rem(widened)=0.000000 -> cannot exceed 0.
[2768.445s] PRUNE: margin=-8.000000, optimistic_rem(widened)=0.000000 -> cannot exceed 0.
[2776.723s] PRUNE: margin=-8.000000, optimistic_rem(widened)=0.000000 -> cannot exceed 0.
[2784.996s] PRUNE: margin=-8.000000, optimistic_rem(widened)=0.000000 -> cannot exceed 0.
[2797.401s] PRUNE: margin=-8.000000, optimistic_rem(widened)=8.000000 -> cannot exceed 0.
[2805.677s] PRUNE: margin=-8.000000, optimistic_rem(widened)=8.000000 -> cannot exceed 0.
[2813.951s] PRUNE: margin=-8.000000, optimistic_rem(widened)=8.000000 -> cannot exceed 0.
[2822.226s] PRUNE: margin=-8.000000, optimistic_rem(widened)=8.000000 -> cannot exceed 0.
[2830.498s] PRUNE: margin=-8.000000, optimistic_rem(widened)=8.000000 -> cannot exceed 0.
[2838.771s] PRUNE: margin=-8.000000, optimistic_rem(widened)=8.000000 -> cannot exceed 0.
[2847.047s] PRUNE: margin=-8.000000, optimistic_rem(widened)=8.000000 -> cannot exceed 0.
[2867.727s] PRUNE: margin=-8.000000, optimistic_rem(widened)=8.000000 -> cannot exceed 0.
[2876.005s] PRUNE: margin=-8.000000, optimistic_rem(widened)=0.000000 -> cannot exceed 0.
[2884.278s] PRUNE: margin=-8.000000, optimistic_rem(widened)=0.000000 -> cannot exceed 0.
[2892.550s] PRUNE: margin=-8.000000, optimistic_rem(widened)=0.000000 -> cannot exceed 0.
[2900.823s] PRUNE: margin=-8.000000, optimistic_rem(widened)=0.000000 -> cannot exceed 0.
[2909.097s] PRUNE: margin=-8.000000, optimistic_rem(widened)=0.000000 -> cannot exceed 0.
[2917.372s] PRUNE: margin=-8.000000, optimistic_rem(widened)=0.000000 -> cannot exceed 0.
[2925.647s] PRUNE: margin=-8.000000, optimistic_rem(widened)=0.000000 -> cannot exceed 0.
[2942.191s] PRUNE: margin=-8.000000, optimistic_rem(widened)=0.000000 -> cannot exceed 0.
[2950.465s] PRUNE: margin=-8.000000, optimistic_rem(widened)=0.000000 -> cannot exceed 0.
[2958.738s] PRUNE: margin=-8.000000, optimistic_rem(widened)=0.000000 -> cannot exceed 0.
[2967.012s] PRUNE: margin=-10.000000, optimistic_rem(widened)=0.000000 -> cannot exceed 0.
[2975.287s] PRUNE: margin=-8.000000, optimistic_rem(widened)=0.000000 -> cannot exceed 0.
[2983.563s] PRUNE: margin=-8.000000, optimistic_rem(widened)=0.000000 -> cannot exceed 0.
[2991.846s] PRUNE: margin=-8.000000, optimistic_rem(widened)=0.000000 -> cannot exceed 0.
[3004.257s] PRUNE: margin=-8.000000, optimistic_rem(widened)=8.000000 -> cannot exceed 0.
[3012.537s] PRUNE: margin=-8.000000, optimistic_rem(widened)=8.000000 -> cannot exceed 0.
[3020.814s] PRUNE: margin=-8.000000, optimistic_rem(widened)=8.000000 -> cannot exceed 0.
[3029.089s] PRUNE: margin=-8.000000, optimistic_rem(widened)=8.000000 -> cannot exceed 0.
[3037.362s] PRUNE: margin=-8.000000, optimistic_rem(widened)=8.000000 -> cannot exceed 0.
[3045.636s] PRUNE: margin=-8.000000, optimistic_rem(widened)=8.000000 -> cannot exceed 0.
[3053.913s] PRUNE: margin=-8.000000, optimistic_rem(widened)=8.000000 -> cannot exceed 0.
[3074.599s] PRUNE: margin=-8.000000, optimistic_rem(widened)=0.000000 -> cannot exceed 0.
[3082.875s] PRUNE: margin=-10.000000, optimistic_rem(widened)=0.000000 -> cannot exceed 0.
[3091.153s] PRUNE: margin=-8.000000, optimistic_rem(widened)=0.000000 -> cannot exceed 0.
[3099.429s] PRUNE: margin=-8.000000, optimistic_rem(widened)=0.000000 -> cannot exceed 0.
[3107.717s] PRUNE: margin=-8.000000, optimistic_rem(widened)=0.000000 -> cannot exceed 0.
[3115.994s] PRUNE: margin=-8.000000, optimistic_rem(widened)=0.000000 -> cannot exceed 0.
[3124.268s] PRUNE: margin=-8.000000, optimistic_rem(widened)=0.000000 -> cannot exceed 0.
[3136.679s] PRUNE: margin=-8.000000, optimistic_rem(widened)=8.000000 -> cannot exceed 0.
[3144.951s] PRUNE: margin=-8.000000, optimistic_rem(widened)=8.000000 -> cannot exceed 0.
[3153.230s] PRUNE: margin=-8.000000, optimistic_rem(widened)=8.000000 -> cannot exceed 0.
[3161.502s] PRUNE: margin=-8.000000, optimistic_rem(widened)=8.000000 -> cannot exceed 0.
[3169.776s] PRUNE: margin=-8.000000, optimistic_rem(widened)=6.000000 -> cannot exceed 0.
[3178.048s] PRUNE: margin=-8.000000, optimistic_rem(widened)=8.000000 -> cannot exceed 0.
[3186.326s] PRUNE: margin=-8.000000, optimistic_rem(widened)=8.000000 -> cannot exceed 0.
[3202.871s] PRUNE: margin=-8.000000, optimistic_rem(widened)=8.000000 -> cannot exceed 0.
[3211.147s] PRUNE: margin=-8.000000, optimistic_rem(widened)=8.000000 -> cannot exceed 0.
[3219.421s] PRUNE: margin=-8.000000, optimistic_rem(widened)=8.000000 -> cannot exceed 0.
[3227.695s] PRUNE: margin=-8.000000, optimistic_rem(widened)=8.000000 -> cannot exceed 0.
[3235.967s] PRUNE: margin=-8.000000, optimistic_rem(widened)=8.000000 -> cannot exceed 0.
[3244.243s] PRUNE: margin=-8.000000, optimistic_rem(widened)=8.000000 -> cannot exceed 0.
[3252.520s] PRUNE: margin=-8.000000, optimistic_rem(widened)=6.000000 -> cannot exceed 0.
[3269.071s] PRUNE: margin=-8.000000, optimistic_rem(widened)=8.000000 -> cannot exceed 0.
[3277.348s] PRUNE: margin=-8.000000, optimistic_rem(widened)=8.000000 -> cannot exceed 0.
[3285.625s] PRUNE: margin=-8.000000, optimistic_rem(widened)=6.000000 -> cannot exceed 0.
[3293.903s] PRUNE: margin=-8.000000, optimistic_rem(widened)=8.000000 -> cannot exceed 0.
[3302.181s] PRUNE: margin=-8.000000, optimistic_rem(widened)=8.000000 -> cannot exceed 0.
[3310.460s] PRUNE: margin=-8.000000, optimistic_rem(widened)=8.000000 -> cannot exceed 0.
[3327.012s] PRUNE: margin=-8.000000, optimistic_rem(widened)=8.000000 -> cannot exceed 0.
[3335.287s] PRUNE: margin=-8.000000, optimistic_rem(widened)=6.000000 -> cannot exceed 0.
[3343.564s] PRUNE: margin=-8.000000, optimistic_rem(widened)=8.000000 -> cannot exceed 0.
[3351.841s] PRUNE: margin=-8.000000, optimistic_rem(widened)=8.000000 -> cannot exceed 0.
[3360.122s] PRUNE: margin=-8.000000, optimistic_rem(widened)=8.000000 -> cannot exceed 0.
[3376.676s] PRUNE: margin=-8.000000, optimistic_rem(widened)=6.000000 -> cannot exceed 0.
[3384.952s] PRUNE: margin=-8.000000, optimistic_rem(widened)=8.000000 -> cannot exceed 0.
[3393.228s] PRUNE: margin=-8.000000, optimistic_rem(widened)=8.000000 -> cannot exceed 0.
[3401.508s] PRUNE: margin=-8.000000, optimistic_rem(widened)=8.000000 -> cannot exceed 0.
[3418.054s] PRUNE: margin=-8.000000, optimistic_rem(widened)=8.000000 -> cannot exceed 0.
[3426.330s] PRUNE: margin=-8.000000, optimistic_rem(widened)=8.000000 -> cannot exceed 0.
[3434.614s] PRUNE: margin=-8.000000, optimistic_rem(widened)=8.000000 -> cannot exceed 0.
[3451.165s] PRUNE: margin=-8.000000, optimistic_rem(widened)=8.000000 -> cannot exceed 0.
[3459.445s] PRUNE: margin=-8.000000, optimistic_rem(widened)=8.000000 -> cannot exceed 0.
[3475.996s] PRUNE: margin=-8.000000, optimistic_rem(widened)=6.000000 -> cannot exceed 0.
[3504.951s] PRUNE: margin=-8.000000, optimistic_rem(widened)=8.000000 -> cannot exceed 0.
[3513.226s] PRUNE: margin=-8.000000, optimistic_rem(widened)=8.000000 -> cannot exceed 0.
[3521.499s] PRUNE: margin=-8.000000, optimistic_rem(widened)=8.000000 -> cannot exceed 0.
[3529.782s] PRUNE: margin=-8.000000, optimistic_rem(widened)=8.000000 -> cannot exceed 0.
[3538.061s] PRUNE: margin=-16.000000, optimistic_rem(widened)=16.000000 -> cannot exceed 0.
[3550.475s] PRUNE: margin=-8.000000, optimistic_rem(widened)=6.000000 -> cannot exceed 0.
[3558.762s] PRUNE: margin=-8.000000, optimistic_rem(widened)=8.000000 -> cannot exceed 0.
[3567.044s] PRUNE: margin=-8.000000, optimistic_rem(widened)=8.000000 -> cannot exceed 0.
[3575.321s] PRUNE: margin=-8.000000, optimistic_rem(widened)=8.000000 -> cannot exceed 0.
[3583.599s] PRUNE: margin=-8.000000, optimistic_rem(widened)=8.000000 -> cannot exceed 0.
[3591.881s] PRUNE: margin=-8.000000, optimistic_rem(widened)=8.000000 -> cannot exceed 0.
[3600.165s] PRUNE: margin=-8.000000, optimistic_rem(widened)=8.000000 -> cannot exceed 0.
[3608.446s] PRUNE: margin=-8.000000, optimistic_rem(widened)=8.000000 -> cannot exceed 0.
[3625.000s] PRUNE: margin=-8.000000, optimistic_rem(widened)=8.000000 -> cannot exceed 0.
[3633.276s] PRUNE: margin=-8.000000, optimistic_rem(widened)=8.000000 -> cannot exceed 0.
[3641.555s] PRUNE: margin=-8.000000, optimistic_rem(widened)=8.000000 -> cannot exceed 0.
[3649.836s] PRUNE: margin=-8.000000, optimistic_rem(widened)=8.000000 -> cannot exceed 0.
[3658.121s] PRUNE: margin=-8.000000, optimistic_rem(widened)=8.000000 -> cannot exceed 0.
[3666.400s] PRUNE: margin=-8.000000, optimistic_rem(widened)=8.000000 -> cannot exceed 0.
[3674.684s] PRUNE: margin=-8.000000, optimistic_rem(widened)=8.000000 -> cannot exceed 0.
[3695.372s] PRUNE: margin=-16.000000, optimistic_rem(widened)=8.000000 -> cannot exceed 0.
[3703.652s] PRUNE: margin=-16.000000, optimistic_rem(widened)=8.000000 -> cannot exceed 0.
[3711.928s] PRUNE: margin=-16.000000, optimistic_rem(widened)=8.000000 -> cannot exceed 0.
[3720.206s] PRUNE: margin=-16.000000, optimistic_rem(widened)=8.000000 -> cannot exceed 0.
[3728.480s] PRUNE: margin=-16.000000, optimistic_rem(widened)=8.000000 -> cannot exceed 0.
[3740.889s] PRUNE: margin=-16.000000, optimistic_rem(widened)=16.000000 -> cannot exceed 0.
[3749.159s] PRUNE: margin=-16.000000, optimistic_rem(widened)=16.000000 -> cannot exceed 0.
[3757.433s] PRUNE: margin=-16.000000, optimistic_rem(widened)=16.000000 -> cannot exceed 0.
[3765.712s] PRUNE: margin=-16.000000, optimistic_rem(widened)=16.000000 -> cannot exceed 0.
[3773.990s] PRUNE: margin=-16.000000, optimistic_rem(widened)=16.000000 -> cannot exceed 0.
[3790.540s] PRUNE: margin=-16.000000, optimistic_rem(widened)=16.000000 -> cannot exceed 0.
[3798.821s] PRUNE: margin=-16.000000, optimistic_rem(widened)=16.000000 -> cannot exceed 0.
[3807.099s] PRUNE: margin=-16.000000, optimistic_rem(widened)=16.000000 -> cannot exceed 0.
[3815.376s] PRUNE: margin=-16.000000, optimistic_rem(widened)=16.000000 -> cannot exceed 0.
[3823.651s] PRUNE: margin=-16.000000, optimistic_rem(widened)=16.000000 -> cannot exceed 0.
[3840.202s] PRUNE: margin=-16.000000, optimistic_rem(widened)=16.000000 -> cannot exceed 0.
[3848.477s] PRUNE: margin=-16.000000, optimistic_rem(widened)=16.000000 -> cannot exceed 0.
[3856.754s] PRUNE: margin=-16.000000, optimistic_rem(widened)=16.000000 -> cannot exceed 0.
[3865.028s] PRUNE: margin=-16.000000, optimistic_rem(widened)=16.000000 -> cannot exceed 0.
[3877.439s] PRUNE: margin=-16.000000, optimistic_rem(widened)=16.000000 -> cannot exceed 0.
[3885.713s] PRUNE: margin=-16.000000, optimistic_rem(widened)=16.000000 -> cannot exceed 0.
[3893.987s] PRUNE: margin=-16.000000, optimistic_rem(widened)=16.000000 -> cannot exceed 0.
[3902.263s] PRUNE: margin=-16.000000, optimistic_rem(widened)=16.000000 -> cannot exceed 0.
[3914.668s] PRUNE: margin=-16.000000, optimistic_rem(widened)=16.000000 -> cannot exceed 0.
[3922.933s] PRUNE: margin=-16.000000, optimistic_rem(widened)=16.000000 -> cannot exceed 0.
[3931.193s] PRUNE: margin=-16.000000, optimistic_rem(widened)=16.000000 -> cannot exceed 0.
[3939.453s] PRUNE: margin=-16.000000, optimistic_rem(widened)=16.000000 -> cannot exceed 0.
[3947.717s] PRUNE: margin=-16.000000, optimistic_rem(widened)=16.000000 -> cannot exceed 0.
[3955.981s] PRUNE: margin=-16.000000, optimistic_rem(widened)=16.000000 -> cannot exceed 0.
[3964.249s] PRUNE: margin=-16.000000, optimistic_rem(widened)=14.000000 -> cannot exceed 0.
[4005.593s] PRUNE: margin=-16.000000, optimistic_rem(widened)=8.000000 -> cannot exceed 0.
[4042.794s] PRUNE: margin=-16.000000, optimistic_rem(widened)=8.000000 -> cannot exceed 0.
[4075.892s] PRUNE: margin=-16.000000, optimistic_rem(widened)=8.000000 -> cannot exceed 0.
[4113.113s] PRUNE: margin=-16.000000, optimistic_rem(widened)=8.000000 -> cannot exceed 0.
[4125.512s] PRUNE: margin=-16.000000, optimistic_rem(widened)=16.000000 -> cannot exceed 0.
[4162.726s] PRUNE: margin=-16.000000, optimistic_rem(widened)=8.000000 -> cannot exceed 0.
[4204.074s] PRUNE: margin=-16.000000, optimistic_rem(widened)=8.000000 -> cannot exceed 0.
[4216.476s] PRUNE: margin=-16.000000, optimistic_rem(widened)=16.000000 -> cannot exceed 0.
[4251.720s] PRUNE: margin=-16.000000, optimistic_rem(widened)=8.000000 -> cannot exceed 0.
[4297.211s] PRUNE: margin=-16.000000, optimistic_rem(widened)=16.000000 -> cannot exceed 0.
[4334.438s] PRUNE: margin=-16.000000, optimistic_rem(widened)=8.000000 -> cannot exceed 0.
[4375.821s] PRUNE: margin=-16.000000, optimistic_rem(widened)=8.000000 -> cannot exceed 0.
[4433.741s] PRUNE: margin=-16.000000, optimistic_rem(widened)=16.000000 -> cannot exceed 0.
[4466.833s] No counterexample within budgets (BaB): no misclassification found.
STATUS: No counterexample | best_upper_margin=24.000000 | elapsed=4466.833s | pixels_changed=0 | total_bit_flips=0 | avg_hamming_per_pixel=0.000000 | patch_rows=2-13 | patch_cols=6-12 | note=no_counterexample_within_budgets
