[  0.000s] init: idx=7881 kmax=2 bmax=4 topx=2 widen=1.000 rank_fast=off
clean logits (hex):  0x82  0x86  0x82  0x82  0x83  0x82  0x82  0x82  0x82  0x82
clean logits (bits): 10000010 10000110 10000010 10000010 10000011 10000010 10000010 10000010 10000010 10000010
clean logits (double): -32.000000 -12.000000 -32.000000 -32.000000 -24.000000 -32.000000 -32.000000 -32.000000 -32.000000 -32.000000
[  0.016s] clean prediction: 1 (true label 1)
[1251.765s] selection: nSym=2 (from 784), topx=2, rank_fast=off
[1251.765s] active patch: rows 5-6, cols 17-18 (derived from symPix)
[1262.406s] Proceeding to BaB (greedy enabled).
[1262.406s] Skipping root bound check (--no-root-bound).
[1262.406s] BaB search starting (K<=2, B<=4, nSym=2, depth_limit=500000000, widen=1.00)...
[1270.536s] PRUNE: margin=-12.000000, optimistic_rem(widened)=4.000000 -> cannot exceed 0.
[1278.666s] PRUNE: margin=-12.000000, optimistic_rem(widened)=4.000000 -> cannot exceed 0.
[1286.795s] PRUNE: margin=-12.000000, optimistic_rem(widened)=12.000000 -> cannot exceed 0.
[1303.054s] PRUNE: margin=-12.000000, optimistic_rem(widened)=10.000000 -> cannot exceed 0.
[1311.184s] PRUNE: margin=-12.000000, optimistic_rem(widened)=12.000000 -> cannot exceed 0.
[1323.383s] PRUNE: margin=-12.000000, optimistic_rem(widened)=0.000000 -> cannot exceed 0.
[1331.517s] PRUNE: margin=-14.000000, optimistic_rem(widened)=0.000000 -> cannot exceed 0.
[1368.171s] PRUNE: margin=-12.000000, optimistic_rem(widened)=0.000000 -> cannot exceed 0.
[1376.307s] PRUNE: margin=-12.000000, optimistic_rem(widened)=0.000000 -> cannot exceed 0.
[1384.442s] PRUNE: margin=-12.000000, optimistic_rem(widened)=0.000000 -> cannot exceed 0.
[1392.578s] PRUNE: margin=-14.000000, optimistic_rem(widened)=0.000000 -> cannot exceed 0.
[1400.712s] PRUNE: margin=-14.000000, optimistic_rem(widened)=0.000000 -> cannot exceed 0.
[1412.918s] PRUNE: margin=-12.000000, optimistic_rem(widened)=4.000000 -> cannot exceed 0.
[1421.048s] PRUNE: margin=-12.000000, optimistic_rem(widened)=8.000000 -> cannot exceed 0.
[1429.177s] PRUNE: margin=-12.000000, optimistic_rem(widened)=8.000000 -> cannot exceed 0.
[1437.307s] PRUNE: margin=-12.000000, optimistic_rem(widened)=8.000000 -> cannot exceed 0.
[1445.437s] PRUNE: margin=-12.000000, optimistic_rem(widened)=8.000000 -> cannot exceed 0.
[1453.564s] PRUNE: margin=-12.000000, optimistic_rem(widened)=8.000000 -> cannot exceed 0.
[1461.693s] PRUNE: margin=-12.000000, optimistic_rem(widened)=8.000000 -> cannot exceed 0.
[1469.821s] PRUNE: margin=-20.000000, optimistic_rem(widened)=8.000000 -> cannot exceed 0.
[1482.015s] PRUNE: margin=-12.000000, optimistic_rem(widened)=10.000000 -> cannot exceed 0.
[1490.145s] PRUNE: margin=-12.000000, optimistic_rem(widened)=12.000000 -> cannot exceed 0.
[1502.343s] PRUNE: margin=-14.000000, optimistic_rem(widened)=4.000000 -> cannot exceed 0.
[1514.560s] PRUNE: margin=-18.000000, optimistic_rem(widened)=0.000000 -> cannot exceed 0.
[1522.710s] PRUNE: margin=-18.000000, optimistic_rem(widened)=0.000000 -> cannot exceed 0.
[1530.858s] PRUNE: margin=-18.000000, optimistic_rem(widened)=0.000000 -> cannot exceed 0.
[1539.008s] PRUNE: margin=-18.000000, optimistic_rem(widened)=0.000000 -> cannot exceed 0.
[1547.162s] PRUNE: margin=-18.000000, optimistic_rem(widened)=0.000000 -> cannot exceed 0.
[1555.313s] PRUNE: margin=-18.000000, optimistic_rem(widened)=0.000000 -> cannot exceed 0.
[1567.522s] PRUNE: margin=-12.000000, optimistic_rem(widened)=6.000000 -> cannot exceed 0.
[1575.656s] PRUNE: margin=-12.000000, optimistic_rem(widened)=6.000000 -> cannot exceed 0.
[1583.791s] PRUNE: margin=-12.000000, optimistic_rem(widened)=6.000000 -> cannot exceed 0.
[1591.925s] PRUNE: margin=-12.000000, optimistic_rem(widened)=6.000000 -> cannot exceed 0.
[1600.058s] PRUNE: margin=-12.000000, optimistic_rem(widened)=8.000000 -> cannot exceed 0.
[1608.190s] PRUNE: margin=-12.000000, optimistic_rem(widened)=8.000000 -> cannot exceed 0.
[1620.397s] PRUNE: margin=-12.000000, optimistic_rem(widened)=6.000000 -> cannot exceed 0.
[1632.594s] PRUNE: margin=-12.000000, optimistic_rem(widened)=8.000000 -> cannot exceed 0.
[1640.725s] PRUNE: margin=-12.000000, optimistic_rem(widened)=8.000000 -> cannot exceed 0.
[1648.859s] PRUNE: margin=-12.000000, optimistic_rem(widened)=8.000000 -> cannot exceed 0.
[1656.990s] PRUNE: margin=-12.000000, optimistic_rem(widened)=8.000000 -> cannot exceed 0.
[1665.120s] PRUNE: margin=-12.000000, optimistic_rem(widened)=8.000000 -> cannot exceed 0.
[1673.250s] PRUNE: margin=-20.000000, optimistic_rem(widened)=8.000000 -> cannot exceed 0.
[1689.514s] PRUNE: margin=-12.000000, optimistic_rem(widened)=8.000000 -> cannot exceed 0.
[1697.647s] PRUNE: margin=-12.000000, optimistic_rem(widened)=8.000000 -> cannot exceed 0.
[1705.776s] PRUNE: margin=-12.000000, optimistic_rem(widened)=8.000000 -> cannot exceed 0.
[1713.908s] PRUNE: margin=-12.000000, optimistic_rem(widened)=8.000000 -> cannot exceed 0.
[1722.039s] PRUNE: margin=-20.000000, optimistic_rem(widened)=8.000000 -> cannot exceed 0.
[1738.302s] PRUNE: margin=-12.000000, optimistic_rem(widened)=8.000000 -> cannot exceed 0.
[1746.433s] PRUNE: margin=-12.000000, optimistic_rem(widened)=6.000000 -> cannot exceed 0.
[1754.564s] PRUNE: margin=-12.000000, optimistic_rem(widened)=8.000000 -> cannot exceed 0.
[1762.695s] PRUNE: margin=-20.000000, optimistic_rem(widened)=8.000000 -> cannot exceed 0.
[1774.894s] PRUNE: margin=-12.000000, optimistic_rem(widened)=0.000000 -> cannot exceed 0.
[1787.089s] PRUNE: margin=-12.000000, optimistic_rem(widened)=8.000000 -> cannot exceed 0.
[1795.220s] PRUNE: margin=-20.000000, optimistic_rem(widened)=8.000000 -> cannot exceed 0.
[1811.483s] PRUNE: margin=-20.000000, optimistic_rem(widened)=8.000000 -> cannot exceed 0.
[1823.677s] PRUNE: margin=-20.000000, optimistic_rem(widened)=16.000000 -> cannot exceed 0.
[1839.968s] PRUNE: margin=-12.000000, optimistic_rem(widened)=10.000000 -> cannot exceed 0.
[1848.109s] PRUNE: margin=-12.000000, optimistic_rem(widened)=12.000000 -> cannot exceed 0.
[1860.330s] PRUNE: margin=-12.000000, optimistic_rem(widened)=2.000000 -> cannot exceed 0.
[1868.477s] PRUNE: margin=-14.000000, optimistic_rem(widened)=4.000000 -> cannot exceed 0.
[1880.710s] PRUNE: margin=-18.000000, optimistic_rem(widened)=0.000000 -> cannot exceed 0.
[1888.873s] PRUNE: margin=-18.000000, optimistic_rem(widened)=0.000000 -> cannot exceed 0.
[1897.035s] PRUNE: margin=-18.000000, optimistic_rem(widened)=0.000000 -> cannot exceed 0.
[1905.193s] PRUNE: margin=-18.000000, optimistic_rem(widened)=0.000000 -> cannot exceed 0.
[1913.356s] PRUNE: margin=-18.000000, optimistic_rem(widened)=0.000000 -> cannot exceed 0.
[1925.579s] PRUNE: margin=-12.000000, optimistic_rem(widened)=6.000000 -> cannot exceed 0.
[1933.726s] PRUNE: margin=-12.000000, optimistic_rem(widened)=8.000000 -> cannot exceed 0.
[1941.868s] PRUNE: margin=-14.000000, optimistic_rem(widened)=10.000000 -> cannot exceed 0.
[1950.011s] PRUNE: margin=-14.000000, optimistic_rem(widened)=10.000000 -> cannot exceed 0.
[1958.154s] PRUNE: margin=-14.000000, optimistic_rem(widened)=10.000000 -> cannot exceed 0.
[1970.379s] PRUNE: margin=-12.000000, optimistic_rem(widened)=6.000000 -> cannot exceed 0.
[1982.590s] PRUNE: margin=-12.000000, optimistic_rem(widened)=8.000000 -> cannot exceed 0.
[1990.728s] PRUNE: margin=-12.000000, optimistic_rem(widened)=8.000000 -> cannot exceed 0.
[1998.866s] PRUNE: margin=-12.000000, optimistic_rem(widened)=8.000000 -> cannot exceed 0.
[2007.001s] PRUNE: margin=-12.000000, optimistic_rem(widened)=8.000000 -> cannot exceed 0.
[2014.663s] PRUNE: margin=-12.000000, optimistic_rem(widened)=8.000000 -> cannot exceed 0.
[2019.563s] PRUNE: margin=-20.000000, optimistic_rem(widened)=8.000000 -> cannot exceed 0.
[2029.240s] PRUNE: margin=-12.000000, optimistic_rem(widened)=8.000000 -> cannot exceed 0.
[2034.072s] PRUNE: margin=-12.000000, optimistic_rem(widened)=8.000000 -> cannot exceed 0.
[2038.957s] PRUNE: margin=-12.000000, optimistic_rem(widened)=8.000000 -> cannot exceed 0.
[2043.809s] PRUNE: margin=-12.000000, optimistic_rem(widened)=8.000000 -> cannot exceed 0.
[2048.718s] PRUNE: margin=-20.000000, optimistic_rem(widened)=8.000000 -> cannot exceed 0.
[2058.426s] PRUNE: margin=-12.000000, optimistic_rem(widened)=8.000000 -> cannot exceed 0.
[2063.362s] PRUNE: margin=-12.000000, optimistic_rem(widened)=8.000000 -> cannot exceed 0.
[2068.209s] PRUNE: margin=-12.000000, optimistic_rem(widened)=8.000000 -> cannot exceed 0.
[2073.102s] PRUNE: margin=-20.000000, optimistic_rem(widened)=8.000000 -> cannot exceed 0.
[2082.994s] PRUNE: margin=-12.000000, optimistic_rem(widened)=8.000000 -> cannot exceed 0.
[2087.910s] PRUNE: margin=-12.000000, optimistic_rem(widened)=8.000000 -> cannot exceed 0.
[2092.843s] PRUNE: margin=-20.000000, optimistic_rem(widened)=8.000000 -> cannot exceed 0.
[2109.083s] PRUNE: margin=-12.000000, optimistic_rem(widened)=8.000000 -> cannot exceed 0.
[2117.222s] PRUNE: margin=-20.000000, optimistic_rem(widened)=8.000000 -> cannot exceed 0.
[2133.494s] PRUNE: margin=-20.000000, optimistic_rem(widened)=8.000000 -> cannot exceed 0.
[2145.701s] PRUNE: margin=-20.000000, optimistic_rem(widened)=16.000000 -> cannot exceed 0.
[2157.908s] PRUNE: margin=-12.000000, optimistic_rem(widened)=10.000000 -> cannot exceed 0.
[2166.049s] PRUNE: margin=-12.000000, optimistic_rem(widened)=12.000000 -> cannot exceed 0.
[2178.263s] PRUNE: margin=-12.000000, optimistic_rem(widened)=2.000000 -> cannot exceed 0.
[2186.412s] PRUNE: margin=-14.000000, optimistic_rem(widened)=6.000000 -> cannot exceed 0.
[2198.647s] PRUNE: margin=-18.000000, optimistic_rem(widened)=6.000000 -> cannot exceed 0.
[2206.802s] PRUNE: margin=-18.000000, optimistic_rem(widened)=6.000000 -> cannot exceed 0.
[2217.787s] PRUNE: margin=-18.000000, optimistic_rem(widened)=0.000000 -> cannot exceed 0.
[2225.946s] PRUNE: margin=-18.000000, optimistic_rem(widened)=0.000000 -> cannot exceed 0.
[2242.263s] PRUNE: margin=-18.000000, optimistic_rem(widened)=0.000000 -> cannot exceed 0.
[2266.729s] PRUNE: margin=-12.000000, optimistic_rem(widened)=8.000000 -> cannot exceed 0.
[2274.871s] PRUNE: margin=-12.000000, optimistic_rem(widened)=8.000000 -> cannot exceed 0.
[2287.083s] PRUNE: margin=-12.000000, optimistic_rem(widened)=8.000000 -> cannot exceed 0.
[2295.223s] PRUNE: margin=-12.000000, optimistic_rem(widened)=8.000000 -> cannot exceed 0.
[2308.489s] PRUNE: margin=-12.000000, optimistic_rem(widened)=6.000000 -> cannot exceed 0.
[2323.071s] PRUNE: margin=-12.000000, optimistic_rem(widened)=6.000000 -> cannot exceed 0.
[2335.498s] PRUNE: margin=-12.000000, optimistic_rem(widened)=12.000000 -> cannot exceed 0.
[2340.445s] PRUNE: margin=-12.000000, optimistic_rem(widened)=12.000000 -> cannot exceed 0.
[2345.407s] PRUNE: margin=-12.000000, optimistic_rem(widened)=12.000000 -> cannot exceed 0.
[2350.386s] PRUNE: margin=-20.000000, optimistic_rem(widened)=12.000000 -> cannot exceed 0.
[2360.513s] PRUNE: margin=-12.000000, optimistic_rem(widened)=12.000000 -> cannot exceed 0.
[2365.498s] PRUNE: margin=-12.000000, optimistic_rem(widened)=12.000000 -> cannot exceed 0.
[2370.499s] PRUNE: margin=-20.000000, optimistic_rem(widened)=12.000000 -> cannot exceed 0.
[2377.931s] PRUNE: margin=-12.000000, optimistic_rem(widened)=12.000000 -> cannot exceed 0.
[2382.835s] PRUNE: margin=-12.000000, optimistic_rem(widened)=12.000000 -> cannot exceed 0.
[2387.977s] PRUNE: margin=-20.000000, optimistic_rem(widened)=20.000000 -> cannot exceed 0.
[2397.875s] PRUNE: margin=-12.000000, optimistic_rem(widened)=12.000000 -> cannot exceed 0.
[2402.864s] PRUNE: margin=-12.000000, optimistic_rem(widened)=12.000000 -> cannot exceed 0.
[2407.856s] PRUNE: margin=-12.000000, optimistic_rem(widened)=12.000000 -> cannot exceed 0.
[2412.836s] PRUNE: margin=-20.000000, optimistic_rem(widened)=20.000000 -> cannot exceed 0.
[2422.786s] PRUNE: margin=-12.000000, optimistic_rem(widened)=12.000000 -> cannot exceed 0.
[2427.694s] PRUNE: margin=-12.000000, optimistic_rem(widened)=12.000000 -> cannot exceed 0.
[2432.654s] PRUNE: margin=-20.000000, optimistic_rem(widened)=20.000000 -> cannot exceed 0.
[2441.965s] PRUNE: margin=-12.000000, optimistic_rem(widened)=12.000000 -> cannot exceed 0.
[2446.855s] PRUNE: margin=-12.000000, optimistic_rem(widened)=12.000000 -> cannot exceed 0.
[2451.821s] PRUNE: margin=-20.000000, optimistic_rem(widened)=20.000000 -> cannot exceed 0.
[2464.003s] PRUNE: margin=-12.000000, optimistic_rem(widened)=12.000000 -> cannot exceed 0.
[2468.911s] PRUNE: margin=-12.000000, optimistic_rem(widened)=12.000000 -> cannot exceed 0.
[2473.736s] PRUNE: margin=-12.000000, optimistic_rem(widened)=12.000000 -> cannot exceed 0.
[2478.665s] PRUNE: margin=-20.000000, optimistic_rem(widened)=20.000000 -> cannot exceed 0.
[2488.404s] PRUNE: margin=-12.000000, optimistic_rem(widened)=12.000000 -> cannot exceed 0.
[2493.378s] PRUNE: margin=-12.000000, optimistic_rem(widened)=12.000000 -> cannot exceed 0.
[2498.257s] PRUNE: margin=-20.000000, optimistic_rem(widened)=20.000000 -> cannot exceed 0.
[2505.594s] PRUNE: margin=-12.000000, optimistic_rem(widened)=12.000000 -> cannot exceed 0.
[2510.600s] PRUNE: margin=-12.000000, optimistic_rem(widened)=12.000000 -> cannot exceed 0.
[2515.629s] PRUNE: margin=-20.000000, optimistic_rem(widened)=20.000000 -> cannot exceed 0.
[2528.140s] PRUNE: margin=-12.000000, optimistic_rem(widened)=12.000000 -> cannot exceed 0.
[2533.135s] PRUNE: margin=-12.000000, optimistic_rem(widened)=12.000000 -> cannot exceed 0.
[2538.076s] PRUNE: margin=-20.000000, optimistic_rem(widened)=20.000000 -> cannot exceed 0.
[2545.611s] PRUNE: margin=-12.000000, optimistic_rem(widened)=12.000000 -> cannot exceed 0.
[2550.598s] PRUNE: margin=-12.000000, optimistic_rem(widened)=12.000000 -> cannot exceed 0.
[2555.666s] PRUNE: margin=-20.000000, optimistic_rem(widened)=20.000000 -> cannot exceed 0.
[2565.676s] PRUNE: margin=-12.000000, optimistic_rem(widened)=12.000000 -> cannot exceed 0.
[2570.584s] PRUNE: margin=-12.000000, optimistic_rem(widened)=12.000000 -> cannot exceed 0.
[2575.502s] PRUNE: margin=-20.000000, optimistic_rem(widened)=20.000000 -> cannot exceed 0.
[2582.929s] PRUNE: margin=-12.000000, optimistic_rem(widened)=12.000000 -> cannot exceed 0.
[2587.765s] PRUNE: margin=-12.000000, optimistic_rem(widened)=12.000000 -> cannot exceed 0.
[2595.533s] PRUNE: margin=-20.000000, optimistic_rem(widened)=20.000000 -> cannot exceed 0.
[2599.604s] No counterexample within budgets (BaB): no misclassification found.
STATUS: No counterexample | best_upper_margin=72.000000 | elapsed=2599.604s | pixels_changed=0 | total_bit_flips=0 | avg_hamming_per_pixel=0.000000 | patch_rows=5-6 | patch_cols=17-18 | note=no_counterexample_within_budgets
