[  0.000s] init: idx=1930 kmax=2 bmax=4 topx=2 widen=1.000 rank_fast=off
clean logits (hex):  0x81  0x81  0x82  0x81  0x82  0x81  0x81  0x81  0x81  0x81
clean logits (bits): 10000001 10000001 10000010 10000001 10000010 10000001 10000001 10000001 10000001 10000001
clean logits (double): -64.000000 -64.000000 -32.000000 -64.000000 -32.000000 -64.000000 -64.000000 -64.000000 -64.000000 -64.000000
[  0.017s] clean prediction: 2 (true label 2)
[1696.010s] selection: nSym=2 (from 784), topx=2, rank_fast=off
[1696.010s] active patch: rows 2-14, cols 11-19 (derived from symPix)
[1703.027s] Proceeding to BaB (greedy enabled).
[1703.027s] Skipping root bound check (--no-root-bound).
[1703.027s] BaB search starting (K<=2, B<=4, nSym=2, depth_limit=500000000, widen=1.00)...
[1716.032s] PRUNE: margin=0.000000, optimistic_rem(widened)=0.000000 -> cannot exceed 0.
[1724.692s] PRUNE: margin=0.000000, optimistic_rem(widened)=0.000000 -> cannot exceed 0.
[1733.357s] PRUNE: margin=0.000000, optimistic_rem(widened)=0.000000 -> cannot exceed 0.
[1742.018s] PRUNE: margin=0.000000, optimistic_rem(widened)=0.000000 -> cannot exceed 0.
[1750.682s] PRUNE: margin=0.000000, optimistic_rem(widened)=0.000000 -> cannot exceed 0.
[1759.350s] PRUNE: margin=0.000000, optimistic_rem(widened)=0.000000 -> cannot exceed 0.
[1867.666s] PRUNE: margin=0.000000, optimistic_rem(widened)=0.000000 -> cannot exceed 0.
[1876.332s] PRUNE: margin=0.000000, optimistic_rem(widened)=0.000000 -> cannot exceed 0.
[1882.366s] PRUNE: margin=0.000000, optimistic_rem(widened)=0.000000 -> cannot exceed 0.
[1887.709s] PRUNE: margin=0.000000, optimistic_rem(widened)=0.000000 -> cannot exceed 0.
[1934.206s] PRUNE: margin=0.000000, optimistic_rem(widened)=0.000000 -> cannot exceed 0.
[1939.719s] PRUNE: margin=0.000000, optimistic_rem(widened)=0.000000 -> cannot exceed 0.
[1945.258s] PRUNE: margin=0.000000, optimistic_rem(widened)=0.000000 -> cannot exceed 0.
[1950.629s] PRUNE: margin=0.000000, optimistic_rem(widened)=0.000000 -> cannot exceed 0.
[1987.622s] PRUNE: margin=-32.000000, optimistic_rem(widened)=32.000000 -> cannot exceed 0.
[1996.293s] PRUNE: margin=0.000000, optimistic_rem(widened)=0.000000 -> cannot exceed 0.
[2004.962s] PRUNE: margin=0.000000, optimistic_rem(widened)=0.000000 -> cannot exceed 0.
[2013.629s] PRUNE: margin=0.000000, optimistic_rem(widened)=0.000000 -> cannot exceed 0.
[2030.988s] PRUNE: margin=-32.000000, optimistic_rem(widened)=32.000000 -> cannot exceed 0.
[2039.666s] PRUNE: margin=0.000000, optimistic_rem(widened)=0.000000 -> cannot exceed 0.
[2048.344s] PRUNE: margin=0.000000, optimistic_rem(widened)=0.000000 -> cannot exceed 0.
[2057.021s] PRUNE: margin=0.000000, optimistic_rem(widened)=0.000000 -> cannot exceed 0.
[2070.041s] PRUNE: margin=0.000000, optimistic_rem(widened)=0.000000 -> cannot exceed 0.
[2078.722s] PRUNE: margin=0.000000, optimistic_rem(widened)=0.000000 -> cannot exceed 0.
[2087.404s] PRUNE: margin=0.000000, optimistic_rem(widened)=0.000000 -> cannot exceed 0.
[2096.084s] PRUNE: margin=0.000000, optimistic_rem(widened)=0.000000 -> cannot exceed 0.
[2174.130s] PRUNE: margin=-32.000000, optimistic_rem(widened)=32.000000 -> cannot exceed 0.
[2182.797s] PRUNE: margin=0.000000, optimistic_rem(widened)=0.000000 -> cannot exceed 0.
[2191.464s] PRUNE: margin=0.000000, optimistic_rem(widened)=0.000000 -> cannot exceed 0.
[2200.134s] PRUNE: margin=0.000000, optimistic_rem(widened)=0.000000 -> cannot exceed 0.
[2243.512s] PRUNE: margin=-32.000000, optimistic_rem(widened)=32.000000 -> cannot exceed 0.
[2252.187s] PRUNE: margin=0.000000, optimistic_rem(widened)=0.000000 -> cannot exceed 0.
[2260.864s] PRUNE: margin=0.000000, optimistic_rem(widened)=0.000000 -> cannot exceed 0.
[2269.542s] PRUNE: margin=0.000000, optimistic_rem(widened)=0.000000 -> cannot exceed 0.
[2286.897s] PRUNE: margin=-32.000000, optimistic_rem(widened)=0.000000 -> cannot exceed 0.
[2295.575s] PRUNE: margin=0.000000, optimistic_rem(widened)=0.000000 -> cannot exceed 0.
[2304.251s] PRUNE: margin=0.000000, optimistic_rem(widened)=0.000000 -> cannot exceed 0.
[2312.929s] PRUNE: margin=0.000000, optimistic_rem(widened)=0.000000 -> cannot exceed 0.
[2325.939s] PRUNE: margin=0.000000, optimistic_rem(widened)=0.000000 -> cannot exceed 0.
[2338.939s] PRUNE: margin=0.000000, optimistic_rem(widened)=0.000000 -> cannot exceed 0.
[2347.609s] PRUNE: margin=0.000000, optimistic_rem(widened)=0.000000 -> cannot exceed 0.
[2364.947s] PRUNE: margin=0.000000, optimistic_rem(widened)=0.000000 -> cannot exceed 0.
[2425.654s] PRUNE: margin=-32.000000, optimistic_rem(widened)=32.000000 -> cannot exceed 0.
[2434.333s] PRUNE: margin=0.000000, optimistic_rem(widened)=0.000000 -> cannot exceed 0.
[2443.014s] PRUNE: margin=0.000000, optimistic_rem(widened)=0.000000 -> cannot exceed 0.
[2451.691s] PRUNE: margin=0.000000, optimistic_rem(widened)=0.000000 -> cannot exceed 0.
[2469.049s] PRUNE: margin=-32.000000, optimistic_rem(widened)=32.000000 -> cannot exceed 0.
[2477.728s] PRUNE: margin=0.000000, optimistic_rem(widened)=0.000000 -> cannot exceed 0.
[2486.407s] PRUNE: margin=0.000000, optimistic_rem(widened)=0.000000 -> cannot exceed 0.
[2495.084s] PRUNE: margin=0.000000, optimistic_rem(widened)=0.000000 -> cannot exceed 0.
[2508.121s] PRUNE: margin=0.000000, optimistic_rem(widened)=0.000000 -> cannot exceed 0.
[2521.143s] PRUNE: margin=0.000000, optimistic_rem(widened)=0.000000 -> cannot exceed 0.
[2529.822s] PRUNE: margin=0.000000, optimistic_rem(widened)=0.000000 -> cannot exceed 0.
[2547.177s] PRUNE: margin=0.000000, optimistic_rem(widened)=0.000000 -> cannot exceed 0.
[2581.912s] PRUNE: margin=-32.000000, optimistic_rem(widened)=0.000000 -> cannot exceed 0.
[2590.597s] PRUNE: margin=0.000000, optimistic_rem(widened)=0.000000 -> cannot exceed 0.
[2599.308s] PRUNE: margin=0.000000, optimistic_rem(widened)=0.000000 -> cannot exceed 0.
[2608.028s] PRUNE: margin=0.000000, optimistic_rem(widened)=0.000000 -> cannot exceed 0.
[2619.793s] PRUNE: margin=-32.000000, optimistic_rem(widened)=0.000000 -> cannot exceed 0.
[2625.119s] PRUNE: margin=-32.000000, optimistic_rem(widened)=0.000000 -> cannot exceed 0.
[2630.434s] PRUNE: margin=-32.000000, optimistic_rem(widened)=0.000000 -> cannot exceed 0.
[2641.156s] PRUNE: margin=0.000000, optimistic_rem(widened)=0.000000 -> cannot exceed 0.
[2646.453s] PRUNE: margin=0.000000, optimistic_rem(widened)=0.000000 -> cannot exceed 0.
[2658.032s] PRUNE: margin=0.000000, optimistic_rem(widened)=0.000000 -> cannot exceed 0.
[2687.818s] PRUNE: margin=-32.000000, optimistic_rem(widened)=0.000000 -> cannot exceed 0.
[2693.226s] PRUNE: margin=-32.000000, optimistic_rem(widened)=0.000000 -> cannot exceed 0.
[2698.549s] PRUNE: margin=-32.000000, optimistic_rem(widened)=0.000000 -> cannot exceed 0.
[2709.276s] PRUNE: margin=0.000000, optimistic_rem(widened)=0.000000 -> cannot exceed 0.
[2714.593s] PRUNE: margin=0.000000, optimistic_rem(widened)=0.000000 -> cannot exceed 0.
[2725.243s] PRUNE: margin=0.000000, optimistic_rem(widened)=0.000000 -> cannot exceed 0.
[2744.858s] PRUNE: margin=0.000000, optimistic_rem(widened)=0.000000 -> cannot exceed 0.
[2757.849s] PRUNE: margin=0.000000, optimistic_rem(widened)=0.000000 -> cannot exceed 0.
[2783.843s] PRUNE: margin=0.000000, optimistic_rem(widened)=0.000000 -> cannot exceed 0.
[2818.500s] PRUNE: margin=0.000000, optimistic_rem(widened)=0.000000 -> cannot exceed 0.
[2827.165s] PRUNE: margin=0.000000, optimistic_rem(widened)=0.000000 -> cannot exceed 0.
[2835.823s] PRUNE: margin=0.000000, optimistic_rem(widened)=0.000000 -> cannot exceed 0.
[2843.699s] PRUNE: margin=0.000000, optimistic_rem(widened)=0.000000 -> cannot exceed 0.
[2850.365s] PRUNE: margin=0.000000, optimistic_rem(widened)=0.000000 -> cannot exceed 0.
[2858.979s] PRUNE: margin=0.000000, optimistic_rem(widened)=0.000000 -> cannot exceed 0.
[2928.753s] PRUNE: margin=0.000000, optimistic_rem(widened)=0.000000 -> cannot exceed 0.
[2937.471s] PRUNE: margin=0.000000, optimistic_rem(widened)=0.000000 -> cannot exceed 0.
[2946.190s] PRUNE: margin=0.000000, optimistic_rem(widened)=0.000000 -> cannot exceed 0.
[2954.903s] PRUNE: margin=0.000000, optimistic_rem(widened)=0.000000 -> cannot exceed 0.
[2998.318s] PRUNE: margin=-32.000000, optimistic_rem(widened)=32.000000 -> cannot exceed 0.
[3006.980s] PRUNE: margin=0.000000, optimistic_rem(widened)=0.000000 -> cannot exceed 0.
[3015.638s] PRUNE: margin=0.000000, optimistic_rem(widened)=0.000000 -> cannot exceed 0.
[3024.298s] PRUNE: margin=0.000000, optimistic_rem(widened)=0.000000 -> cannot exceed 0.
[3041.629s] PRUNE: margin=-32.000000, optimistic_rem(widened)=32.000000 -> cannot exceed 0.
[3050.299s] PRUNE: margin=0.000000, optimistic_rem(widened)=0.000000 -> cannot exceed 0.
[3058.967s] PRUNE: margin=0.000000, optimistic_rem(widened)=0.000000 -> cannot exceed 0.
[3067.638s] PRUNE: margin=0.000000, optimistic_rem(widened)=0.000000 -> cannot exceed 0.
[3080.642s] PRUNE: margin=0.000000, optimistic_rem(widened)=0.000000 -> cannot exceed 0.
[3093.632s] PRUNE: margin=0.000000, optimistic_rem(widened)=0.000000 -> cannot exceed 0.
[3102.297s] PRUNE: margin=0.000000, optimistic_rem(widened)=0.000000 -> cannot exceed 0.
[3119.625s] PRUNE: margin=0.000000, optimistic_rem(widened)=0.000000 -> cannot exceed 0.
[3149.947s] PRUNE: margin=0.000000, optimistic_rem(widened)=0.000000 -> cannot exceed 0.
[3158.608s] PRUNE: margin=0.000000, optimistic_rem(widened)=0.000000 -> cannot exceed 0.
[3167.265s] PRUNE: margin=0.000000, optimistic_rem(widened)=0.000000 -> cannot exceed 0.
[3175.921s] PRUNE: margin=0.000000, optimistic_rem(widened)=0.000000 -> cannot exceed 0.
[3184.579s] PRUNE: margin=0.000000, optimistic_rem(widened)=0.000000 -> cannot exceed 0.
[3193.241s] PRUNE: margin=0.000000, optimistic_rem(widened)=0.000000 -> cannot exceed 0.
[3232.276s] PRUNE: margin=-32.000000, optimistic_rem(widened)=32.000000 -> cannot exceed 0.
[3240.950s] PRUNE: margin=0.000000, optimistic_rem(widened)=0.000000 -> cannot exceed 0.
[3249.624s] PRUNE: margin=0.000000, optimistic_rem(widened)=0.000000 -> cannot exceed 0.
[3258.303s] PRUNE: margin=0.000000, optimistic_rem(widened)=0.000000 -> cannot exceed 0.
[3275.667s] PRUNE: margin=-32.000000, optimistic_rem(widened)=0.000000 -> cannot exceed 0.
[3284.343s] PRUNE: margin=0.000000, optimistic_rem(widened)=0.000000 -> cannot exceed 0.
[3293.021s] PRUNE: margin=0.000000, optimistic_rem(widened)=0.000000 -> cannot exceed 0.
[3301.704s] PRUNE: margin=0.000000, optimistic_rem(widened)=0.000000 -> cannot exceed 0.
[3314.714s] PRUNE: margin=0.000000, optimistic_rem(widened)=0.000000 -> cannot exceed 0.
[3327.714s] PRUNE: margin=0.000000, optimistic_rem(widened)=0.000000 -> cannot exceed 0.
[3336.396s] PRUNE: margin=0.000000, optimistic_rem(widened)=0.000000 -> cannot exceed 0.
[3353.730s] PRUNE: margin=0.000000, optimistic_rem(widened)=0.000000 -> cannot exceed 0.
[3384.069s] PRUNE: margin=0.000000, optimistic_rem(widened)=0.000000 -> cannot exceed 0.
[3392.734s] PRUNE: margin=0.000000, optimistic_rem(widened)=0.000000 -> cannot exceed 0.
[3401.404s] PRUNE: margin=0.000000, optimistic_rem(widened)=0.000000 -> cannot exceed 0.
[3449.119s] PRUNE: margin=-32.000000, optimistic_rem(widened)=0.000000 -> cannot exceed 0.
[3457.797s] PRUNE: margin=0.000000, optimistic_rem(widened)=0.000000 -> cannot exceed 0.
[3466.471s] PRUNE: margin=0.000000, optimistic_rem(widened)=0.000000 -> cannot exceed 0.
[3475.145s] PRUNE: margin=0.000000, optimistic_rem(widened)=0.000000 -> cannot exceed 0.
[3483.828s] PRUNE: margin=0.000000, optimistic_rem(widened)=0.000000 -> cannot exceed 0.
[3492.501s] PRUNE: margin=0.000000, optimistic_rem(widened)=0.000000 -> cannot exceed 0.
[3509.854s] PRUNE: margin=-32.000000, optimistic_rem(widened)=0.000000 -> cannot exceed 0.
[3518.530s] PRUNE: margin=0.000000, optimistic_rem(widened)=0.000000 -> cannot exceed 0.
[3527.206s] PRUNE: margin=0.000000, optimistic_rem(widened)=0.000000 -> cannot exceed 0.
[3535.885s] PRUNE: margin=0.000000, optimistic_rem(widened)=0.000000 -> cannot exceed 0.
[3544.563s] PRUNE: margin=0.000000, optimistic_rem(widened)=0.000000 -> cannot exceed 0.
[3553.243s] PRUNE: margin=0.000000, optimistic_rem(widened)=0.000000 -> cannot exceed 0.
[3570.606s] PRUNE: margin=-32.000000, optimistic_rem(widened)=0.000000 -> cannot exceed 0.
[3579.304s] PRUNE: margin=-32.000000, optimistic_rem(widened)=0.000000 -> cannot exceed 0.
[3587.997s] PRUNE: margin=-32.000000, optimistic_rem(widened)=0.000000 -> cannot exceed 0.
[3596.693s] PRUNE: margin=-32.000000, optimistic_rem(widened)=0.000000 -> cannot exceed 0.
[3605.391s] PRUNE: margin=-32.000000, optimistic_rem(widened)=0.000000 -> cannot exceed 0.
[3622.743s] PRUNE: margin=0.000000, optimistic_rem(widened)=0.000000 -> cannot exceed 0.
[3631.422s] PRUNE: margin=0.000000, optimistic_rem(widened)=0.000000 -> cannot exceed 0.
[3640.096s] PRUNE: margin=0.000000, optimistic_rem(widened)=0.000000 -> cannot exceed 0.
[3648.773s] PRUNE: margin=0.000000, optimistic_rem(widened)=0.000000 -> cannot exceed 0.
[3666.114s] PRUNE: margin=0.000000, optimistic_rem(widened)=0.000000 -> cannot exceed 0.
[3674.781s] PRUNE: margin=0.000000, optimistic_rem(widened)=0.000000 -> cannot exceed 0.
[3683.455s] PRUNE: margin=0.000000, optimistic_rem(widened)=0.000000 -> cannot exceed 0.
[3700.791s] PRUNE: margin=0.000000, optimistic_rem(widened)=0.000000 -> cannot exceed 0.
[3709.466s] PRUNE: margin=0.000000, optimistic_rem(widened)=0.000000 -> cannot exceed 0.
[3726.802s] PRUNE: margin=0.000000, optimistic_rem(widened)=0.000000 -> cannot exceed 0.
[3757.144s] PRUNE: margin=0.000000, optimistic_rem(widened)=0.000000 -> cannot exceed 0.
[3765.818s] PRUNE: margin=0.000000, optimistic_rem(widened)=0.000000 -> cannot exceed 0.
[3774.492s] PRUNE: margin=0.000000, optimistic_rem(widened)=0.000000 -> cannot exceed 0.
[3787.521s] PRUNE: margin=-32.000000, optimistic_rem(widened)=0.000000 -> cannot exceed 0.
[3796.195s] PRUNE: margin=0.000000, optimistic_rem(widened)=0.000000 -> cannot exceed 0.
[3804.868s] PRUNE: margin=0.000000, optimistic_rem(widened)=0.000000 -> cannot exceed 0.
[3813.551s] PRUNE: margin=0.000000, optimistic_rem(widened)=0.000000 -> cannot exceed 0.
[3822.227s] PRUNE: margin=0.000000, optimistic_rem(widened)=0.000000 -> cannot exceed 0.
[3830.904s] PRUNE: margin=0.000000, optimistic_rem(widened)=0.000000 -> cannot exceed 0.
[3848.282s] PRUNE: margin=-32.000000, optimistic_rem(widened)=0.000000 -> cannot exceed 0.
[3856.981s] PRUNE: margin=-32.000000, optimistic_rem(widened)=0.000000 -> cannot exceed 0.
[3865.678s] PRUNE: margin=-32.000000, optimistic_rem(widened)=0.000000 -> cannot exceed 0.
[3874.377s] PRUNE: margin=-32.000000, optimistic_rem(widened)=0.000000 -> cannot exceed 0.
[3883.079s] PRUNE: margin=-32.000000, optimistic_rem(widened)=0.000000 -> cannot exceed 0.
[3900.442s] PRUNE: margin=0.000000, optimistic_rem(widened)=0.000000 -> cannot exceed 0.
[3909.125s] PRUNE: margin=0.000000, optimistic_rem(widened)=0.000000 -> cannot exceed 0.
[3917.803s] PRUNE: margin=0.000000, optimistic_rem(widened)=0.000000 -> cannot exceed 0.
[3926.480s] PRUNE: margin=0.000000, optimistic_rem(widened)=0.000000 -> cannot exceed 0.
[3943.839s] PRUNE: margin=0.000000, optimistic_rem(widened)=0.000000 -> cannot exceed 0.
[3952.528s] PRUNE: margin=0.000000, optimistic_rem(widened)=0.000000 -> cannot exceed 0.
[3961.207s] PRUNE: margin=0.000000, optimistic_rem(widened)=0.000000 -> cannot exceed 0.
[3978.571s] PRUNE: margin=0.000000, optimistic_rem(widened)=0.000000 -> cannot exceed 0.
[3987.256s] PRUNE: margin=0.000000, optimistic_rem(widened)=0.000000 -> cannot exceed 0.
[4004.614s] PRUNE: margin=0.000000, optimistic_rem(widened)=0.000000 -> cannot exceed 0.
[4034.980s] PRUNE: margin=0.000000, optimistic_rem(widened)=0.000000 -> cannot exceed 0.
[4043.654s] PRUNE: margin=0.000000, optimistic_rem(widened)=0.000000 -> cannot exceed 0.
[4052.338s] PRUNE: margin=0.000000, optimistic_rem(widened)=0.000000 -> cannot exceed 0.
[4061.032s] PRUNE: margin=-32.000000, optimistic_rem(widened)=32.000000 -> cannot exceed 0.
[4074.057s] PRUNE: margin=0.000000, optimistic_rem(widened)=0.000000 -> cannot exceed 0.
[4082.736s] PRUNE: margin=0.000000, optimistic_rem(widened)=0.000000 -> cannot exceed 0.
[4091.415s] PRUNE: margin=0.000000, optimistic_rem(widened)=0.000000 -> cannot exceed 0.
[4100.096s] PRUNE: margin=0.000000, optimistic_rem(widened)=0.000000 -> cannot exceed 0.
[4117.471s] PRUNE: margin=0.000000, optimistic_rem(widened)=0.000000 -> cannot exceed 0.
[4126.173s] PRUNE: margin=0.000000, optimistic_rem(widened)=0.000000 -> cannot exceed 0.
[4134.873s] PRUNE: margin=0.000000, optimistic_rem(widened)=0.000000 -> cannot exceed 0.
[4152.295s] PRUNE: margin=0.000000, optimistic_rem(widened)=0.000000 -> cannot exceed 0.
[4161.001s] PRUNE: margin=0.000000, optimistic_rem(widened)=0.000000 -> cannot exceed 0.
[4178.250s] PRUNE: margin=0.000000, optimistic_rem(widened)=0.000000 -> cannot exceed 0.
[4194.131s] PRUNE: margin=0.000000, optimistic_rem(widened)=0.000000 -> cannot exceed 0.
[4202.381s] PRUNE: margin=0.000000, optimistic_rem(widened)=0.000000 -> cannot exceed 0.
[4207.827s] PRUNE: margin=0.000000, optimistic_rem(widened)=0.000000 -> cannot exceed 0.
[4213.342s] PRUNE: margin=0.000000, optimistic_rem(widened)=0.000000 -> cannot exceed 0.
[4221.320s] PRUNE: margin=0.000000, optimistic_rem(widened)=0.000000 -> cannot exceed 0.
[4226.813s] PRUNE: margin=0.000000, optimistic_rem(widened)=0.000000 -> cannot exceed 0.
[4232.167s] PRUNE: margin=0.000000, optimistic_rem(widened)=0.000000 -> cannot exceed 0.
[4242.965s] PRUNE: margin=0.000000, optimistic_rem(widened)=0.000000 -> cannot exceed 0.
[4248.393s] PRUNE: margin=0.000000, optimistic_rem(widened)=0.000000 -> cannot exceed 0.
[4256.487s] PRUNE: margin=0.000000, optimistic_rem(widened)=0.000000 -> cannot exceed 0.
[4273.771s] PRUNE: margin=0.000000, optimistic_rem(widened)=0.000000 -> cannot exceed 0.
[4280.772s] PRUNE: margin=0.000000, optimistic_rem(widened)=0.000000 -> cannot exceed 0.
[4289.100s] PRUNE: margin=0.000000, optimistic_rem(widened)=0.000000 -> cannot exceed 0.
[4294.481s] PRUNE: margin=0.000000, optimistic_rem(widened)=0.000000 -> cannot exceed 0.
[4299.980s] PRUNE: margin=0.000000, optimistic_rem(widened)=0.000000 -> cannot exceed 0.
[4310.822s] PRUNE: margin=0.000000, optimistic_rem(widened)=0.000000 -> cannot exceed 0.
[4316.198s] PRUNE: margin=0.000000, optimistic_rem(widened)=0.000000 -> cannot exceed 0.
[4324.271s] PRUNE: margin=0.000000, optimistic_rem(widened)=0.000000 -> cannot exceed 0.
[4337.913s] PRUNE: margin=0.000000, optimistic_rem(widened)=0.000000 -> cannot exceed 0.
[4346.077s] PRUNE: margin=0.000000, optimistic_rem(widened)=0.000000 -> cannot exceed 0.
[4363.438s] PRUNE: margin=0.000000, optimistic_rem(widened)=0.000000 -> cannot exceed 0.
[4371.987s] PRUNE: margin=0.000000, optimistic_rem(widened)=0.000000 -> cannot exceed 0.
[4382.890s] PRUNE: margin=0.000000, optimistic_rem(widened)=0.000000 -> cannot exceed 0.
[4405.948s] PRUNE: margin=0.000000, optimistic_rem(widened)=0.000000 -> cannot exceed 0.
[4422.240s] PRUNE: margin=0.000000, optimistic_rem(widened)=0.000000 -> cannot exceed 0.
[4438.409s] PRUNE: margin=0.000000, optimistic_rem(widened)=0.000000 -> cannot exceed 0.
[4443.882s] PRUNE: margin=0.000000, optimistic_rem(widened)=0.000000 -> cannot exceed 0.
[4449.287s] PRUNE: margin=0.000000, optimistic_rem(widened)=0.000000 -> cannot exceed 0.
[4454.620s] PRUNE: margin=0.000000, optimistic_rem(widened)=0.000000 -> cannot exceed 0.
[4460.034s] PRUNE: margin=0.000000, optimistic_rem(widened)=0.000000 -> cannot exceed 0.
[4468.708s] PRUNE: margin=0.000000, optimistic_rem(widened)=0.000000 -> cannot exceed 0.
[4512.096s] PRUNE: margin=-32.000000, optimistic_rem(widened)=32.000000 -> cannot exceed 0.
[4520.776s] PRUNE: margin=0.000000, optimistic_rem(widened)=0.000000 -> cannot exceed 0.
[4529.462s] PRUNE: margin=0.000000, optimistic_rem(widened)=0.000000 -> cannot exceed 0.
[4538.142s] PRUNE: margin=0.000000, optimistic_rem(widened)=0.000000 -> cannot exceed 0.
[4555.496s] PRUNE: margin=-32.000000, optimistic_rem(widened)=32.000000 -> cannot exceed 0.
[4564.178s] PRUNE: margin=0.000000, optimistic_rem(widened)=0.000000 -> cannot exceed 0.
[4572.859s] PRUNE: margin=0.000000, optimistic_rem(widened)=0.000000 -> cannot exceed 0.
[4581.543s] PRUNE: margin=0.000000, optimistic_rem(widened)=0.000000 -> cannot exceed 0.
[4598.923s] PRUNE: margin=-32.000000, optimistic_rem(widened)=0.000000 -> cannot exceed 0.
[4607.619s] PRUNE: margin=-32.000000, optimistic_rem(widened)=0.000000 -> cannot exceed 0.
[4616.314s] PRUNE: margin=-32.000000, optimistic_rem(widened)=0.000000 -> cannot exceed 0.
[4633.670s] PRUNE: margin=0.000000, optimistic_rem(widened)=0.000000 -> cannot exceed 0.
[4642.341s] PRUNE: margin=0.000000, optimistic_rem(widened)=0.000000 -> cannot exceed 0.
[4659.719s] PRUNE: margin=0.000000, optimistic_rem(widened)=0.000000 -> cannot exceed 0.
[4694.432s] PRUNE: margin=-32.000000, optimistic_rem(widened)=0.000000 -> cannot exceed 0.
[4703.109s] PRUNE: margin=0.000000, optimistic_rem(widened)=0.000000 -> cannot exceed 0.
[4711.787s] PRUNE: margin=0.000000, optimistic_rem(widened)=0.000000 -> cannot exceed 0.
[4720.465s] PRUNE: margin=0.000000, optimistic_rem(widened)=0.000000 -> cannot exceed 0.
[4737.843s] PRUNE: margin=-32.000000, optimistic_rem(widened)=0.000000 -> cannot exceed 0.
[4746.542s] PRUNE: margin=-32.000000, optimistic_rem(widened)=0.000000 -> cannot exceed 0.
[4755.250s] PRUNE: margin=-32.000000, optimistic_rem(widened)=0.000000 -> cannot exceed 0.
[4772.608s] PRUNE: margin=0.000000, optimistic_rem(widened)=0.000000 -> cannot exceed 0.
[4781.287s] PRUNE: margin=0.000000, optimistic_rem(widened)=0.000000 -> cannot exceed 0.
[4798.651s] PRUNE: margin=0.000000, optimistic_rem(widened)=0.000000 -> cannot exceed 0.
[4829.023s] PRUNE: margin=-32.000000, optimistic_rem(widened)=32.000000 -> cannot exceed 0.
[4842.041s] PRUNE: margin=0.000000, optimistic_rem(widened)=0.000000 -> cannot exceed 0.
[4850.724s] PRUNE: margin=0.000000, optimistic_rem(widened)=0.000000 -> cannot exceed 0.
[4868.084s] PRUNE: margin=0.000000, optimistic_rem(widened)=0.000000 -> cannot exceed 0.
[4894.136s] PRUNE: margin=0.000000, optimistic_rem(widened)=0.000000 -> cannot exceed 0.
[4907.146s] PRUNE: margin=0.000000, optimistic_rem(widened)=0.000000 -> cannot exceed 0.
[4933.157s] PRUNE: margin=0.000000, optimistic_rem(widened)=0.000000 -> cannot exceed 0.
[4963.507s] PRUNE: margin=0.000000, optimistic_rem(widened)=0.000000 -> cannot exceed 0.
[4972.180s] PRUNE: margin=0.000000, optimistic_rem(widened)=0.000000 -> cannot exceed 0.
[4980.852s] PRUNE: margin=0.000000, optimistic_rem(widened)=0.000000 -> cannot exceed 0.
[4989.530s] PRUNE: margin=0.000000, optimistic_rem(widened)=0.000000 -> cannot exceed 0.
[4998.210s] PRUNE: margin=0.000000, optimistic_rem(widened)=0.000000 -> cannot exceed 0.
[5006.892s] PRUNE: margin=0.000000, optimistic_rem(widened)=0.000000 -> cannot exceed 0.
[5024.268s] PRUNE: margin=-32.000000, optimistic_rem(widened)=0.000000 -> cannot exceed 0.
[5032.961s] PRUNE: margin=0.000000, optimistic_rem(widened)=0.000000 -> cannot exceed 0.
[5041.650s] PRUNE: margin=0.000000, optimistic_rem(widened)=0.000000 -> cannot exceed 0.
[5050.336s] PRUNE: margin=0.000000, optimistic_rem(widened)=0.000000 -> cannot exceed 0.
[5067.729s] PRUNE: margin=-32.000000, optimistic_rem(widened)=0.000000 -> cannot exceed 0.
[5076.434s] PRUNE: margin=-32.000000, optimistic_rem(widened)=0.000000 -> cannot exceed 0.
[5085.146s] PRUNE: margin=-32.000000, optimistic_rem(widened)=0.000000 -> cannot exceed 0.
[5102.531s] PRUNE: margin=0.000000, optimistic_rem(widened)=0.000000 -> cannot exceed 0.
[5111.222s] PRUNE: margin=0.000000, optimistic_rem(widened)=0.000000 -> cannot exceed 0.
[5128.613s] PRUNE: margin=0.000000, optimistic_rem(widened)=0.000000 -> cannot exceed 0.
[5159.024s] PRUNE: margin=-32.000000, optimistic_rem(widened)=32.000000 -> cannot exceed 0.
[5172.053s] PRUNE: margin=0.000000, optimistic_rem(widened)=0.000000 -> cannot exceed 0.
[5180.740s] PRUNE: margin=0.000000, optimistic_rem(widened)=0.000000 -> cannot exceed 0.
[5198.117s] PRUNE: margin=0.000000, optimistic_rem(widened)=0.000000 -> cannot exceed 0.
[5224.185s] PRUNE: margin=0.000000, optimistic_rem(widened)=0.000000 -> cannot exceed 0.
[5237.199s] PRUNE: margin=0.000000, optimistic_rem(widened)=0.000000 -> cannot exceed 0.
[5263.235s] PRUNE: margin=0.000000, optimistic_rem(widened)=0.000000 -> cannot exceed 0.
[5293.607s] PRUNE: margin=0.000000, optimistic_rem(widened)=0.000000 -> cannot exceed 0.
[5302.287s] PRUNE: margin=0.000000, optimistic_rem(widened)=0.000000 -> cannot exceed 0.
[5310.966s] PRUNE: margin=0.000000, optimistic_rem(widened)=0.000000 -> cannot exceed 0.
[5323.999s] Counterexample found: BaB witness (K=1,B=4).
clean logits (hex):  0x81  0x81  0x82  0x81  0x82  0x81  0x81  0x81  0x81  0x81
clean logits (bits): 10000001 10000001 10000010 10000001 10000010 10000001 10000001 10000001 10000001 10000001
clean logits (double): -64.000000 -64.000000 -32.000000 -64.000000 -32.000000 -64.000000 -64.000000 -64.000000 -64.000000 -64.000000
post-perturb logits (hex):  0x81  0x81  0x81  0x81  0x81  0x81  0x81  0x81  0x81  0x81
post-perturb logits (bits): 10000001 10000001 10000001 10000001 10000001 10000001 10000001 10000001 10000001 10000001
post-perturb logits (double): -64.000000 -64.000000 -64.000000 -64.000000 -64.000000 -64.000000 -64.000000 -64.000000 -64.000000 -64.000000
changes: 1 bytes, 4 bit flips
  idx  pix  row col    old_hex        old_bits     old_double     new_hex        new_bits     new_double  ham
    0  403   14  11    0xfd        11111101   +0.984314     0x0d        00001101   -0.898039    4
new prediction: 0 (clean ref 2, true 2)
----- REPLAY FORWARD PASS (stage-2) -----
replay logits (hex):  0x81  0x81  0x81  0x81  0x81  0x81  0x81  0x81  0x81  0x81
replay logits (bits): 10000001 10000001 10000001 10000001 10000001 10000001 10000001 10000001 10000001 10000001
replay logits (double): -64.000000 -64.000000 -64.000000 -64.000000 -64.000000 -64.000000 -64.000000 -64.000000 -64.000000 -64.000000
[5324.016s] replay prediction: 0 (clean ref 2, true label 2) | note=witness_found_bab
----- END REPLAY -----
STATUS: Counterexample | best_upper_margin=96.000000 | elapsed=5324.016s | pixels_changed=1 | total_bit_flips=4 | avg_hamming_per_pixel=4.000000 | patch_rows=2-14 | patch_cols=11-19 | note=witness_found_bab
