[  0.000s] init: idx=679 kmax=2 bmax=4 topx=2 widen=1.000 rank_fast=off
clean logits (hex):  0x82  0x82  0x83  0x83  0x82  0x82  0x81  0x85  0x82  0x83
clean logits (bits): 10000010 10000010 10000011 10000011 10000010 10000010 10000001 10000101 10000010 10000011
clean logits (double): -32.000000 -32.000000 -24.000000 -24.000000 -32.000000 -32.000000 -64.000000 -14.000000 -32.000000 -24.000000
[  0.016s] clean prediction: 7 (true label 7)
[1559.440s] selection: nSym=2 (from 784), topx=2, rank_fast=off
[1559.440s] active patch: rows 8-8, cols 12-14 (derived from symPix)
[1578.221s] Proceeding to BaB (greedy enabled).
[1578.222s] Skipping root bound check (--no-root-bound).
[1578.222s] BaB search starting (K<=2, B<=4, nSym=2, depth_limit=500000000, widen=1.00)...
[1593.735s] PRUNE: margin=-4.000000, optimistic_rem(widened)=2.000000 -> cannot exceed 0.
[1598.488s] PRUNE: margin=-4.000000, optimistic_rem(widened)=2.000000 -> cannot exceed 0.
[1775.032s] PRUNE: margin=-2.000000, optimistic_rem(widened)=0.000000 -> cannot exceed 0.
[1783.166s] PRUNE: margin=-2.000000, optimistic_rem(widened)=0.000000 -> cannot exceed 0.
[1791.299s] PRUNE: margin=-2.000000, optimistic_rem(widened)=0.000000 -> cannot exceed 0.
[1799.433s] PRUNE: margin=-2.000000, optimistic_rem(widened)=0.000000 -> cannot exceed 0.
[1807.570s] PRUNE: margin=-4.000000, optimistic_rem(widened)=0.000000 -> cannot exceed 0.
[1815.703s] PRUNE: margin=-2.000000, optimistic_rem(widened)=0.000000 -> cannot exceed 0.
[1831.990s] PRUNE: margin=-2.000000, optimistic_rem(widened)=0.000000 -> cannot exceed 0.
[1840.152s] PRUNE: margin=-2.000000, optimistic_rem(widened)=0.000000 -> cannot exceed 0.
[1848.317s] PRUNE: margin=-2.000000, optimistic_rem(widened)=0.000000 -> cannot exceed 0.
[1856.480s] PRUNE: margin=-4.000000, optimistic_rem(widened)=0.000000 -> cannot exceed 0.
[1864.642s] PRUNE: margin=-4.000000, optimistic_rem(widened)=0.000000 -> cannot exceed 0.
[1872.807s] PRUNE: margin=-2.000000, optimistic_rem(widened)=0.000000 -> cannot exceed 0.
[1880.974s] PRUNE: margin=-2.000000, optimistic_rem(widened)=0.000000 -> cannot exceed 0.
[1889.135s] PRUNE: margin=-2.000000, optimistic_rem(widened)=0.000000 -> cannot exceed 0.
[1897.295s] PRUNE: margin=-4.000000, optimistic_rem(widened)=0.000000 -> cannot exceed 0.
[1905.455s] PRUNE: margin=-4.000000, optimistic_rem(widened)=0.000000 -> cannot exceed 0.
[1921.779s] PRUNE: margin=-2.000000, optimistic_rem(widened)=0.000000 -> cannot exceed 0.
[1929.940s] PRUNE: margin=-2.000000, optimistic_rem(widened)=0.000000 -> cannot exceed 0.
[1938.093s] PRUNE: margin=-2.000000, optimistic_rem(widened)=0.000000 -> cannot exceed 0.
[1946.248s] PRUNE: margin=-2.000000, optimistic_rem(widened)=0.000000 -> cannot exceed 0.
[1954.413s] PRUNE: margin=-2.000000, optimistic_rem(widened)=0.000000 -> cannot exceed 0.
[1962.572s] PRUNE: margin=-2.000000, optimistic_rem(widened)=0.000000 -> cannot exceed 0.
[1970.734s] PRUNE: margin=-2.000000, optimistic_rem(widened)=0.000000 -> cannot exceed 0.
[1978.903s] PRUNE: margin=-2.000000, optimistic_rem(widened)=0.000000 -> cannot exceed 0.
[1987.075s] PRUNE: margin=-2.000000, optimistic_rem(widened)=0.000000 -> cannot exceed 0.
[2125.865s] PRUNE: margin=-4.000000, optimistic_rem(widened)=0.000000 -> cannot exceed 0.
[2134.023s] PRUNE: margin=-4.000000, optimistic_rem(widened)=0.000000 -> cannot exceed 0.
[2142.185s] PRUNE: margin=-4.000000, optimistic_rem(widened)=0.000000 -> cannot exceed 0.
[2150.341s] PRUNE: margin=-4.000000, optimistic_rem(widened)=0.000000 -> cannot exceed 0.
[2236.355s] PRUNE: margin=-4.000000, optimistic_rem(widened)=0.000000 -> cannot exceed 0.
[2244.493s] PRUNE: margin=-4.000000, optimistic_rem(widened)=0.000000 -> cannot exceed 0.
[2252.632s] PRUNE: margin=-4.000000, optimistic_rem(widened)=0.000000 -> cannot exceed 0.
[2260.769s] PRUNE: margin=-4.000000, optimistic_rem(widened)=0.000000 -> cannot exceed 0.
[2329.938s] PRUNE: margin=-4.000000, optimistic_rem(widened)=0.000000 -> cannot exceed 0.
[2338.074s] PRUNE: margin=-4.000000, optimistic_rem(widened)=0.000000 -> cannot exceed 0.
[2346.213s] PRUNE: margin=-4.000000, optimistic_rem(widened)=0.000000 -> cannot exceed 0.
[2354.356s] PRUNE: margin=-4.000000, optimistic_rem(widened)=0.000000 -> cannot exceed 0.
[2395.040s] PRUNE: margin=-2.000000, optimistic_rem(widened)=0.000000 -> cannot exceed 0.
[2403.178s] PRUNE: margin=-4.000000, optimistic_rem(widened)=0.000000 -> cannot exceed 0.
[2411.317s] PRUNE: margin=-4.000000, optimistic_rem(widened)=0.000000 -> cannot exceed 0.
[2419.454s] PRUNE: margin=-4.000000, optimistic_rem(widened)=0.000000 -> cannot exceed 0.
[2435.727s] PRUNE: margin=-2.000000, optimistic_rem(widened)=0.000000 -> cannot exceed 0.
[2443.862s] PRUNE: margin=-2.000000, optimistic_rem(widened)=0.000000 -> cannot exceed 0.
[2452.000s] PRUNE: margin=-4.000000, optimistic_rem(widened)=0.000000 -> cannot exceed 0.
[2460.139s] PRUNE: margin=-4.000000, optimistic_rem(widened)=0.000000 -> cannot exceed 0.
[2476.413s] PRUNE: margin=-4.000000, optimistic_rem(widened)=0.000000 -> cannot exceed 0.
[2484.550s] PRUNE: margin=-4.000000, optimistic_rem(widened)=0.000000 -> cannot exceed 0.
[2492.689s] PRUNE: margin=-4.000000, optimistic_rem(widened)=0.000000 -> cannot exceed 0.
[2508.966s] PRUNE: margin=-4.000000, optimistic_rem(widened)=0.000000 -> cannot exceed 0.
[2517.105s] PRUNE: margin=-4.000000, optimistic_rem(widened)=0.000000 -> cannot exceed 0.
[2533.381s] PRUNE: margin=-4.000000, optimistic_rem(widened)=0.000000 -> cannot exceed 0.
[2557.800s] PRUNE: margin=-4.000000, optimistic_rem(widened)=4.000000 -> cannot exceed 0.
[2565.939s] PRUNE: margin=-4.000000, optimistic_rem(widened)=4.000000 -> cannot exceed 0.
[2582.222s] PRUNE: margin=-2.000000, optimistic_rem(widened)=0.000000 -> cannot exceed 0.
[2590.370s] PRUNE: margin=-2.000000, optimistic_rem(widened)=0.000000 -> cannot exceed 0.
[2598.517s] PRUNE: margin=-2.000000, optimistic_rem(widened)=0.000000 -> cannot exceed 0.
[2606.663s] PRUNE: margin=-2.000000, optimistic_rem(widened)=0.000000 -> cannot exceed 0.
[2614.809s] PRUNE: margin=-2.000000, optimistic_rem(widened)=0.000000 -> cannot exceed 0.
[2622.956s] PRUNE: margin=-2.000000, optimistic_rem(widened)=0.000000 -> cannot exceed 0.
[2631.103s] PRUNE: margin=-2.000000, optimistic_rem(widened)=0.000000 -> cannot exceed 0.
[2639.249s] PRUNE: margin=-2.000000, optimistic_rem(widened)=0.000000 -> cannot exceed 0.
[2647.395s] PRUNE: margin=-2.000000, optimistic_rem(widened)=0.000000 -> cannot exceed 0.
[2655.537s] PRUNE: margin=-10.000000, optimistic_rem(widened)=0.000000 -> cannot exceed 0.
[2712.504s] PRUNE: margin=-2.000000, optimistic_rem(widened)=0.000000 -> cannot exceed 0.
[2720.640s] PRUNE: margin=-2.000000, optimistic_rem(widened)=0.000000 -> cannot exceed 0.
[2728.777s] PRUNE: margin=-2.000000, optimistic_rem(widened)=0.000000 -> cannot exceed 0.
[2797.942s] PRUNE: margin=-10.000000, optimistic_rem(widened)=0.000000 -> cannot exceed 0.
[2806.078s] PRUNE: margin=-10.000000, optimistic_rem(widened)=0.000000 -> cannot exceed 0.
[2920.005s] PRUNE: margin=-10.000000, optimistic_rem(widened)=0.000000 -> cannot exceed 0.
[2928.143s] PRUNE: margin=-10.000000, optimistic_rem(widened)=0.000000 -> cannot exceed 0.
[2936.281s] PRUNE: margin=-10.000000, optimistic_rem(widened)=0.000000 -> cannot exceed 0.
[2944.420s] PRUNE: margin=-10.000000, optimistic_rem(widened)=0.000000 -> cannot exceed 0.
[2952.559s] PRUNE: margin=-10.000000, optimistic_rem(widened)=0.000000 -> cannot exceed 0.
[3029.867s] PRUNE: margin=-10.000000, optimistic_rem(widened)=0.000000 -> cannot exceed 0.
[3038.003s] PRUNE: margin=-10.000000, optimistic_rem(widened)=0.000000 -> cannot exceed 0.
[3046.140s] PRUNE: margin=-10.000000, optimistic_rem(widened)=0.000000 -> cannot exceed 0.
[3054.278s] PRUNE: margin=-10.000000, optimistic_rem(widened)=0.000000 -> cannot exceed 0.
[3062.415s] PRUNE: margin=-10.000000, optimistic_rem(widened)=0.000000 -> cannot exceed 0.
[3078.691s] PRUNE: margin=-2.000000, optimistic_rem(widened)=0.000000 -> cannot exceed 0.
[3111.242s] PRUNE: margin=-10.000000, optimistic_rem(widened)=0.000000 -> cannot exceed 0.
[3119.381s] PRUNE: margin=-10.000000, optimistic_rem(widened)=0.000000 -> cannot exceed 0.
[3127.518s] PRUNE: margin=-10.000000, optimistic_rem(widened)=0.000000 -> cannot exceed 0.
[3135.656s] PRUNE: margin=-10.000000, optimistic_rem(widened)=0.000000 -> cannot exceed 0.
[3151.930s] PRUNE: margin=-10.000000, optimistic_rem(widened)=0.000000 -> cannot exceed 0.
[3160.066s] PRUNE: margin=-10.000000, optimistic_rem(widened)=0.000000 -> cannot exceed 0.
[3168.204s] PRUNE: margin=-10.000000, optimistic_rem(widened)=0.000000 -> cannot exceed 0.
[3176.343s] PRUNE: margin=-10.000000, optimistic_rem(widened)=0.000000 -> cannot exceed 0.
[3184.480s] PRUNE: margin=-10.000000, optimistic_rem(widened)=0.000000 -> cannot exceed 0.
[3200.756s] PRUNE: margin=-2.000000, optimistic_rem(widened)=0.000000 -> cannot exceed 0.
[3208.895s] PRUNE: margin=-2.000000, optimistic_rem(widened)=0.000000 -> cannot exceed 0.
[3217.034s] PRUNE: margin=-10.000000, optimistic_rem(widened)=0.000000 -> cannot exceed 0.
[3225.176s] PRUNE: margin=-10.000000, optimistic_rem(widened)=0.000000 -> cannot exceed 0.
[3241.449s] PRUNE: margin=-2.000000, optimistic_rem(widened)=0.000000 -> cannot exceed 0.
[3249.588s] PRUNE: margin=-10.000000, optimistic_rem(widened)=0.000000 -> cannot exceed 0.
[3257.726s] PRUNE: margin=-10.000000, optimistic_rem(widened)=0.000000 -> cannot exceed 0.
[3274.000s] PRUNE: margin=-10.000000, optimistic_rem(widened)=0.000000 -> cannot exceed 0.
[3282.138s] PRUNE: margin=-10.000000, optimistic_rem(widened)=0.000000 -> cannot exceed 0.
[3298.417s] PRUNE: margin=-10.000000, optimistic_rem(widened)=0.000000 -> cannot exceed 0.
[3330.981s] PRUNE: margin=-2.000000, optimistic_rem(widened)=0.000000 -> cannot exceed 0.
[3339.129s] PRUNE: margin=-2.000000, optimistic_rem(widened)=0.000000 -> cannot exceed 0.
[3347.276s] PRUNE: margin=-2.000000, optimistic_rem(widened)=0.000000 -> cannot exceed 0.
[3355.420s] PRUNE: margin=-2.000000, optimistic_rem(widened)=0.000000 -> cannot exceed 0.
[3363.566s] PRUNE: margin=-2.000000, optimistic_rem(widened)=0.000000 -> cannot exceed 0.
[3371.712s] PRUNE: margin=-2.000000, optimistic_rem(widened)=0.000000 -> cannot exceed 0.
[3379.858s] PRUNE: margin=-2.000000, optimistic_rem(widened)=0.000000 -> cannot exceed 0.
[3388.001s] PRUNE: margin=-2.000000, optimistic_rem(widened)=0.000000 -> cannot exceed 0.
[3396.142s] PRUNE: margin=-10.000000, optimistic_rem(widened)=0.000000 -> cannot exceed 0.
[3510.057s] PRUNE: margin=-10.000000, optimistic_rem(widened)=0.000000 -> cannot exceed 0.
[3518.194s] PRUNE: margin=-10.000000, optimistic_rem(widened)=0.000000 -> cannot exceed 0.
[3526.330s] PRUNE: margin=-10.000000, optimistic_rem(widened)=0.000000 -> cannot exceed 0.
[3534.465s] PRUNE: margin=-10.000000, optimistic_rem(widened)=0.000000 -> cannot exceed 0.
[3542.603s] PRUNE: margin=-10.000000, optimistic_rem(widened)=0.000000 -> cannot exceed 0.
[3619.893s] PRUNE: margin=-10.000000, optimistic_rem(widened)=0.000000 -> cannot exceed 0.
[3628.034s] PRUNE: margin=-10.000000, optimistic_rem(widened)=0.000000 -> cannot exceed 0.
[3636.176s] PRUNE: margin=-10.000000, optimistic_rem(widened)=0.000000 -> cannot exceed 0.
[3644.315s] PRUNE: margin=-10.000000, optimistic_rem(widened)=0.000000 -> cannot exceed 0.
[3652.455s] PRUNE: margin=-10.000000, optimistic_rem(widened)=0.000000 -> cannot exceed 0.
[3668.734s] PRUNE: margin=-2.000000, optimistic_rem(widened)=0.000000 -> cannot exceed 0.
[3701.294s] PRUNE: margin=-10.000000, optimistic_rem(widened)=0.000000 -> cannot exceed 0.
[3709.432s] PRUNE: margin=-10.000000, optimistic_rem(widened)=0.000000 -> cannot exceed 0.
[3717.571s] PRUNE: margin=-10.000000, optimistic_rem(widened)=0.000000 -> cannot exceed 0.
[3725.710s] PRUNE: margin=-10.000000, optimistic_rem(widened)=0.000000 -> cannot exceed 0.
[3740.204s] PRUNE: margin=-10.000000, optimistic_rem(widened)=0.000000 -> cannot exceed 0.
[3746.178s] PRUNE: margin=-10.000000, optimistic_rem(widened)=0.000000 -> cannot exceed 0.
[3754.312s] PRUNE: margin=-10.000000, optimistic_rem(widened)=0.000000 -> cannot exceed 0.
[3762.450s] PRUNE: margin=-10.000000, optimistic_rem(widened)=0.000000 -> cannot exceed 0.
[3770.589s] PRUNE: margin=-10.000000, optimistic_rem(widened)=0.000000 -> cannot exceed 0.
[3786.861s] PRUNE: margin=-2.000000, optimistic_rem(widened)=0.000000 -> cannot exceed 0.
[3795.000s] PRUNE: margin=-2.000000, optimistic_rem(widened)=0.000000 -> cannot exceed 0.
[3803.139s] PRUNE: margin=-10.000000, optimistic_rem(widened)=0.000000 -> cannot exceed 0.
[3811.277s] PRUNE: margin=-10.000000, optimistic_rem(widened)=0.000000 -> cannot exceed 0.
[3827.554s] PRUNE: margin=-2.000000, optimistic_rem(widened)=0.000000 -> cannot exceed 0.
[3835.695s] PRUNE: margin=-10.000000, optimistic_rem(widened)=0.000000 -> cannot exceed 0.
[3843.829s] PRUNE: margin=-10.000000, optimistic_rem(widened)=0.000000 -> cannot exceed 0.
[3860.102s] PRUNE: margin=-10.000000, optimistic_rem(widened)=0.000000 -> cannot exceed 0.
[3868.243s] PRUNE: margin=-10.000000, optimistic_rem(widened)=0.000000 -> cannot exceed 0.
[3884.516s] PRUNE: margin=-10.000000, optimistic_rem(widened)=0.000000 -> cannot exceed 0.
[3917.073s] PRUNE: margin=-2.000000, optimistic_rem(widened)=0.000000 -> cannot exceed 0.
[3925.216s] PRUNE: margin=-2.000000, optimistic_rem(widened)=0.000000 -> cannot exceed 0.
[3933.361s] PRUNE: margin=-2.000000, optimistic_rem(widened)=0.000000 -> cannot exceed 0.
[3941.507s] PRUNE: margin=-2.000000, optimistic_rem(widened)=0.000000 -> cannot exceed 0.
[3949.655s] PRUNE: margin=-2.000000, optimistic_rem(widened)=0.000000 -> cannot exceed 0.
[3957.800s] PRUNE: margin=-2.000000, optimistic_rem(widened)=0.000000 -> cannot exceed 0.
[3965.944s] PRUNE: margin=-2.000000, optimistic_rem(widened)=0.000000 -> cannot exceed 0.
[3974.085s] PRUNE: margin=-10.000000, optimistic_rem(widened)=0.000000 -> cannot exceed 0.
[3990.364s] PRUNE: margin=-2.000000, optimistic_rem(widened)=0.000000 -> cannot exceed 0.
[3998.499s] PRUNE: margin=-2.000000, optimistic_rem(widened)=0.000000 -> cannot exceed 0.
[4051.382s] PRUNE: margin=-10.000000, optimistic_rem(widened)=0.000000 -> cannot exceed 0.
[4059.518s] PRUNE: margin=-10.000000, optimistic_rem(widened)=0.000000 -> cannot exceed 0.
[4067.653s] PRUNE: margin=-10.000000, optimistic_rem(widened)=0.000000 -> cannot exceed 0.
[4112.405s] PRUNE: margin=-10.000000, optimistic_rem(widened)=0.000000 -> cannot exceed 0.
[4120.540s] PRUNE: margin=-10.000000, optimistic_rem(widened)=0.000000 -> cannot exceed 0.
[4128.675s] PRUNE: margin=-10.000000, optimistic_rem(widened)=0.000000 -> cannot exceed 0.
[4136.811s] PRUNE: margin=-10.000000, optimistic_rem(widened)=0.000000 -> cannot exceed 0.
[4144.946s] PRUNE: margin=-10.000000, optimistic_rem(widened)=0.000000 -> cannot exceed 0.
[4161.219s] PRUNE: margin=-10.000000, optimistic_rem(widened)=0.000000 -> cannot exceed 0.
[4169.357s] PRUNE: margin=-10.000000, optimistic_rem(widened)=0.000000 -> cannot exceed 0.
[4177.493s] PRUNE: margin=-10.000000, optimistic_rem(widened)=0.000000 -> cannot exceed 0.
[4185.628s] PRUNE: margin=-10.000000, optimistic_rem(widened)=0.000000 -> cannot exceed 0.
[4193.762s] PRUNE: margin=-10.000000, optimistic_rem(widened)=0.000000 -> cannot exceed 0.
[4210.035s] PRUNE: margin=-10.000000, optimistic_rem(widened)=0.000000 -> cannot exceed 0.
[4218.173s] PRUNE: margin=-10.000000, optimistic_rem(widened)=0.000000 -> cannot exceed 0.
[4226.309s] PRUNE: margin=-10.000000, optimistic_rem(widened)=0.000000 -> cannot exceed 0.
[4234.447s] PRUNE: margin=-10.000000, optimistic_rem(widened)=0.000000 -> cannot exceed 0.
[4250.714s] PRUNE: margin=-10.000000, optimistic_rem(widened)=0.000000 -> cannot exceed 0.
[4258.848s] PRUNE: margin=-10.000000, optimistic_rem(widened)=0.000000 -> cannot exceed 0.
[4266.987s] PRUNE: margin=-10.000000, optimistic_rem(widened)=0.000000 -> cannot exceed 0.
[4283.258s] PRUNE: margin=-10.000000, optimistic_rem(widened)=0.000000 -> cannot exceed 0.
[4291.396s] PRUNE: margin=-10.000000, optimistic_rem(widened)=0.000000 -> cannot exceed 0.
[4307.672s] PRUNE: margin=-10.000000, optimistic_rem(widened)=0.000000 -> cannot exceed 0.
[4340.230s] PRUNE: margin=-2.000000, optimistic_rem(widened)=0.000000 -> cannot exceed 0.
[4348.375s] PRUNE: margin=-2.000000, optimistic_rem(widened)=0.000000 -> cannot exceed 0.
[4356.524s] PRUNE: margin=-2.000000, optimistic_rem(widened)=0.000000 -> cannot exceed 0.
[4364.670s] PRUNE: margin=-2.000000, optimistic_rem(widened)=0.000000 -> cannot exceed 0.
[4372.817s] PRUNE: margin=-2.000000, optimistic_rem(widened)=0.000000 -> cannot exceed 0.
[4380.959s] PRUNE: margin=-10.000000, optimistic_rem(widened)=0.000000 -> cannot exceed 0.
[4389.102s] PRUNE: margin=-10.000000, optimistic_rem(widened)=0.000000 -> cannot exceed 0.
[4433.868s] PRUNE: margin=-10.000000, optimistic_rem(widened)=0.000000 -> cannot exceed 0.
[4442.006s] PRUNE: margin=-10.000000, optimistic_rem(widened)=0.000000 -> cannot exceed 0.
[4450.148s] PRUNE: margin=-10.000000, optimistic_rem(widened)=0.000000 -> cannot exceed 0.
[4458.286s] PRUNE: margin=-10.000000, optimistic_rem(widened)=0.000000 -> cannot exceed 0.
[4466.426s] PRUNE: margin=-10.000000, optimistic_rem(widened)=0.000000 -> cannot exceed 0.
[4482.701s] PRUNE: margin=-10.000000, optimistic_rem(widened)=0.000000 -> cannot exceed 0.
[4490.839s] PRUNE: margin=-10.000000, optimistic_rem(widened)=0.000000 -> cannot exceed 0.
[4498.977s] PRUNE: margin=-10.000000, optimistic_rem(widened)=0.000000 -> cannot exceed 0.
[4507.117s] PRUNE: margin=-10.000000, optimistic_rem(widened)=0.000000 -> cannot exceed 0.
[4515.261s] PRUNE: margin=-10.000000, optimistic_rem(widened)=0.000000 -> cannot exceed 0.
[4531.533s] PRUNE: margin=-10.000000, optimistic_rem(widened)=0.000000 -> cannot exceed 0.
[4539.666s] PRUNE: margin=-10.000000, optimistic_rem(widened)=0.000000 -> cannot exceed 0.
[4547.798s] PRUNE: margin=-10.000000, optimistic_rem(widened)=0.000000 -> cannot exceed 0.
[4555.934s] PRUNE: margin=-10.000000, optimistic_rem(widened)=0.000000 -> cannot exceed 0.
[4572.194s] PRUNE: margin=-10.000000, optimistic_rem(widened)=0.000000 -> cannot exceed 0.
[4580.324s] PRUNE: margin=-10.000000, optimistic_rem(widened)=0.000000 -> cannot exceed 0.
[4588.458s] PRUNE: margin=-10.000000, optimistic_rem(widened)=0.000000 -> cannot exceed 0.
[4604.714s] PRUNE: margin=-10.000000, optimistic_rem(widened)=0.000000 -> cannot exceed 0.
[4612.848s] PRUNE: margin=-10.000000, optimistic_rem(widened)=0.000000 -> cannot exceed 0.
[4629.112s] PRUNE: margin=-10.000000, optimistic_rem(widened)=0.000000 -> cannot exceed 0.
[4661.652s] PRUNE: margin=-2.000000, optimistic_rem(widened)=0.000000 -> cannot exceed 0.
[4669.790s] PRUNE: margin=-2.000000, optimistic_rem(widened)=0.000000 -> cannot exceed 0.
[4677.930s] PRUNE: margin=-2.000000, optimistic_rem(widened)=0.000000 -> cannot exceed 0.
[4686.071s] PRUNE: margin=-2.000000, optimistic_rem(widened)=0.000000 -> cannot exceed 0.
[4694.207s] PRUNE: margin=-2.000000, optimistic_rem(widened)=0.000000 -> cannot exceed 0.
[4702.341s] PRUNE: margin=-10.000000, optimistic_rem(widened)=0.000000 -> cannot exceed 0.
[4718.603s] PRUNE: margin=-10.000000, optimistic_rem(widened)=0.000000 -> cannot exceed 0.
[4726.732s] PRUNE: margin=-10.000000, optimistic_rem(widened)=0.000000 -> cannot exceed 0.
[4734.860s] PRUNE: margin=-10.000000, optimistic_rem(widened)=0.000000 -> cannot exceed 0.
[4742.988s] PRUNE: margin=-10.000000, optimistic_rem(widened)=0.000000 -> cannot exceed 0.
[4751.118s] PRUNE: margin=-10.000000, optimistic_rem(widened)=0.000000 -> cannot exceed 0.
[4767.386s] PRUNE: margin=-10.000000, optimistic_rem(widened)=0.000000 -> cannot exceed 0.
[4775.518s] PRUNE: margin=-10.000000, optimistic_rem(widened)=0.000000 -> cannot exceed 0.
[4783.647s] PRUNE: margin=-10.000000, optimistic_rem(widened)=0.000000 -> cannot exceed 0.
[4791.776s] PRUNE: margin=-10.000000, optimistic_rem(widened)=0.000000 -> cannot exceed 0.
[4808.035s] PRUNE: margin=-2.000000, optimistic_rem(widened)=0.000000 -> cannot exceed 0.
[4816.165s] PRUNE: margin=-10.000000, optimistic_rem(widened)=0.000000 -> cannot exceed 0.
[4824.295s] PRUNE: margin=-10.000000, optimistic_rem(widened)=0.000000 -> cannot exceed 0.
[4840.553s] PRUNE: margin=-10.000000, optimistic_rem(widened)=0.000000 -> cannot exceed 0.
[4848.684s] PRUNE: margin=-10.000000, optimistic_rem(widened)=0.000000 -> cannot exceed 0.
[4864.944s] PRUNE: margin=-10.000000, optimistic_rem(widened)=0.000000 -> cannot exceed 0.
[4897.481s] PRUNE: margin=-2.000000, optimistic_rem(widened)=0.000000 -> cannot exceed 0.
[4905.612s] PRUNE: margin=-2.000000, optimistic_rem(widened)=0.000000 -> cannot exceed 0.
[4913.743s] PRUNE: margin=-2.000000, optimistic_rem(widened)=0.000000 -> cannot exceed 0.
[4921.872s] PRUNE: margin=-10.000000, optimistic_rem(widened)=0.000000 -> cannot exceed 0.
[4930.000s] PRUNE: margin=-10.000000, optimistic_rem(widened)=0.000000 -> cannot exceed 0.
[4946.253s] PRUNE: margin=-10.000000, optimistic_rem(widened)=0.000000 -> cannot exceed 0.
[4954.379s] PRUNE: margin=-10.000000, optimistic_rem(widened)=0.000000 -> cannot exceed 0.
[4962.503s] PRUNE: margin=-10.000000, optimistic_rem(widened)=0.000000 -> cannot exceed 0.
[4970.629s] PRUNE: margin=-10.000000, optimistic_rem(widened)=0.000000 -> cannot exceed 0.
[4986.880s] PRUNE: margin=-10.000000, optimistic_rem(widened)=0.000000 -> cannot exceed 0.
[4995.008s] PRUNE: margin=-10.000000, optimistic_rem(widened)=0.000000 -> cannot exceed 0.
[5003.139s] PRUNE: margin=-10.000000, optimistic_rem(widened)=0.000000 -> cannot exceed 0.
[5019.402s] PRUNE: margin=-10.000000, optimistic_rem(widened)=0.000000 -> cannot exceed 0.
[5027.530s] PRUNE: margin=-10.000000, optimistic_rem(widened)=0.000000 -> cannot exceed 0.
[5043.797s] PRUNE: margin=-10.000000, optimistic_rem(widened)=0.000000 -> cannot exceed 0.
[5076.324s] PRUNE: margin=-10.000000, optimistic_rem(widened)=0.000000 -> cannot exceed 0.
[5084.452s] PRUNE: margin=-10.000000, optimistic_rem(widened)=0.000000 -> cannot exceed 0.
[5092.590s] PRUNE: margin=-2.000000, optimistic_rem(widened)=0.000000 -> cannot exceed 0.
[5100.719s] PRUNE: margin=-10.000000, optimistic_rem(widened)=0.000000 -> cannot exceed 0.
[5116.975s] PRUNE: margin=-2.000000, optimistic_rem(widened)=0.000000 -> cannot exceed 0.
[5125.106s] PRUNE: margin=-2.000000, optimistic_rem(widened)=0.000000 -> cannot exceed 0.
[5133.237s] PRUNE: margin=-10.000000, optimistic_rem(widened)=0.000000 -> cannot exceed 0.
[5149.491s] PRUNE: margin=-10.000000, optimistic_rem(widened)=0.000000 -> cannot exceed 0.
[5157.618s] PRUNE: margin=-10.000000, optimistic_rem(widened)=0.000000 -> cannot exceed 0.
[5173.869s] PRUNE: margin=-10.000000, optimistic_rem(widened)=0.000000 -> cannot exceed 0.
[5206.389s] PRUNE: margin=-2.000000, optimistic_rem(widened)=0.000000 -> cannot exceed 0.
[5214.522s] PRUNE: margin=-10.000000, optimistic_rem(widened)=0.000000 -> cannot exceed 0.
[5222.651s] PRUNE: margin=-10.000000, optimistic_rem(widened)=0.000000 -> cannot exceed 0.
[5238.914s] PRUNE: margin=-2.000000, optimistic_rem(widened)=0.000000 -> cannot exceed 0.
[5247.049s] PRUNE: margin=-10.000000, optimistic_rem(widened)=0.000000 -> cannot exceed 0.
[5258.584s] PRUNE: margin=-10.000000, optimistic_rem(widened)=0.000000 -> cannot exceed 0.
[5278.952s] PRUNE: margin=-2.000000, optimistic_rem(widened)=0.000000 -> cannot exceed 0.
[5284.055s] PRUNE: margin=-10.000000, optimistic_rem(widened)=0.000000 -> cannot exceed 0.
[5294.263s] PRUNE: margin=-10.000000, optimistic_rem(widened)=0.000000 -> cannot exceed 0.
[5314.465s] PRUNE: margin=-10.000000, optimistic_rem(widened)=0.000000 -> cannot exceed 0.
[5352.886s] PRUNE: margin=-2.000000, optimistic_rem(widened)=0.000000 -> cannot exceed 0.
[5365.106s] PRUNE: margin=-2.000000, optimistic_rem(widened)=0.000000 -> cannot exceed 0.
[5373.252s] PRUNE: margin=-2.000000, optimistic_rem(widened)=0.000000 -> cannot exceed 0.
[5381.397s] PRUNE: margin=-2.000000, optimistic_rem(widened)=0.000000 -> cannot exceed 0.
[5389.539s] PRUNE: margin=-2.000000, optimistic_rem(widened)=0.000000 -> cannot exceed 0.
[5397.681s] PRUNE: margin=-2.000000, optimistic_rem(widened)=0.000000 -> cannot exceed 0.
[5405.827s] PRUNE: margin=-2.000000, optimistic_rem(widened)=0.000000 -> cannot exceed 0.
[5413.975s] PRUNE: margin=-2.000000, optimistic_rem(widened)=0.000000 -> cannot exceed 0.
[5422.117s] PRUNE: margin=-2.000000, optimistic_rem(widened)=0.000000 -> cannot exceed 0.
[5430.260s] PRUNE: margin=-2.000000, optimistic_rem(widened)=0.000000 -> cannot exceed 0.
[5438.402s] PRUNE: margin=-2.000000, optimistic_rem(widened)=0.000000 -> cannot exceed 0.
[5446.545s] PRUNE: margin=-2.000000, optimistic_rem(widened)=0.000000 -> cannot exceed 0.
[5462.830s] PRUNE: margin=-2.000000, optimistic_rem(widened)=0.000000 -> cannot exceed 0.
[5470.972s] PRUNE: margin=-2.000000, optimistic_rem(widened)=0.000000 -> cannot exceed 0.
[5479.117s] PRUNE: margin=-2.000000, optimistic_rem(widened)=0.000000 -> cannot exceed 0.
[5487.261s] PRUNE: margin=-2.000000, optimistic_rem(widened)=0.000000 -> cannot exceed 0.
[5495.407s] PRUNE: margin=-2.000000, optimistic_rem(widened)=0.000000 -> cannot exceed 0.
[5503.550s] PRUNE: margin=-2.000000, optimistic_rem(widened)=0.000000 -> cannot exceed 0.
[5511.708s] PRUNE: margin=-2.000000, optimistic_rem(widened)=0.000000 -> cannot exceed 0.
[5519.852s] PRUNE: margin=-2.000000, optimistic_rem(widened)=0.000000 -> cannot exceed 0.
[5527.995s] PRUNE: margin=-2.000000, optimistic_rem(widened)=0.000000 -> cannot exceed 0.
[5536.142s] PRUNE: margin=-2.000000, optimistic_rem(widened)=0.000000 -> cannot exceed 0.
[5552.429s] PRUNE: margin=-2.000000, optimistic_rem(widened)=0.000000 -> cannot exceed 0.
[5560.575s] PRUNE: margin=-2.000000, optimistic_rem(widened)=0.000000 -> cannot exceed 0.
[5568.718s] PRUNE: margin=-2.000000, optimistic_rem(widened)=0.000000 -> cannot exceed 0.
[5576.863s] PRUNE: margin=-2.000000, optimistic_rem(widened)=0.000000 -> cannot exceed 0.
[5585.006s] PRUNE: margin=-2.000000, optimistic_rem(widened)=0.000000 -> cannot exceed 0.
[5593.152s] PRUNE: margin=-2.000000, optimistic_rem(widened)=0.000000 -> cannot exceed 0.
[5601.298s] PRUNE: margin=-2.000000, optimistic_rem(widened)=0.000000 -> cannot exceed 0.
[5609.446s] PRUNE: margin=-2.000000, optimistic_rem(widened)=0.000000 -> cannot exceed 0.
[5617.597s] PRUNE: margin=-2.000000, optimistic_rem(widened)=0.000000 -> cannot exceed 0.
[5633.886s] PRUNE: margin=-2.000000, optimistic_rem(widened)=0.000000 -> cannot exceed 0.
[5642.035s] PRUNE: margin=-2.000000, optimistic_rem(widened)=0.000000 -> cannot exceed 0.
[5650.182s] PRUNE: margin=-2.000000, optimistic_rem(widened)=0.000000 -> cannot exceed 0.
[5658.326s] PRUNE: margin=-2.000000, optimistic_rem(widened)=0.000000 -> cannot exceed 0.
[5666.470s] PRUNE: margin=-2.000000, optimistic_rem(widened)=0.000000 -> cannot exceed 0.
[5674.617s] PRUNE: margin=-2.000000, optimistic_rem(widened)=0.000000 -> cannot exceed 0.
[5682.769s] PRUNE: margin=-2.000000, optimistic_rem(widened)=0.000000 -> cannot exceed 0.
[5690.917s] PRUNE: margin=-2.000000, optimistic_rem(widened)=0.000000 -> cannot exceed 0.
[5707.213s] PRUNE: margin=-2.000000, optimistic_rem(widened)=0.000000 -> cannot exceed 0.
[5715.355s] PRUNE: margin=-2.000000, optimistic_rem(widened)=0.000000 -> cannot exceed 0.
[5723.501s] PRUNE: margin=-2.000000, optimistic_rem(widened)=0.000000 -> cannot exceed 0.
[5731.648s] PRUNE: margin=-2.000000, optimistic_rem(widened)=0.000000 -> cannot exceed 0.
[5739.794s] PRUNE: margin=-2.000000, optimistic_rem(widened)=0.000000 -> cannot exceed 0.
[5747.937s] PRUNE: margin=-2.000000, optimistic_rem(widened)=0.000000 -> cannot exceed 0.
[5756.081s] PRUNE: margin=-2.000000, optimistic_rem(widened)=0.000000 -> cannot exceed 0.
[5772.371s] PRUNE: margin=-2.000000, optimistic_rem(widened)=0.000000 -> cannot exceed 0.
[5780.520s] PRUNE: margin=-2.000000, optimistic_rem(widened)=0.000000 -> cannot exceed 0.
[5788.666s] PRUNE: margin=-2.000000, optimistic_rem(widened)=0.000000 -> cannot exceed 0.
[5796.809s] PRUNE: margin=-2.000000, optimistic_rem(widened)=0.000000 -> cannot exceed 0.
[5804.957s] PRUNE: margin=-2.000000, optimistic_rem(widened)=0.000000 -> cannot exceed 0.
[5813.104s] PRUNE: margin=-2.000000, optimistic_rem(widened)=0.000000 -> cannot exceed 0.
[5829.396s] PRUNE: margin=-2.000000, optimistic_rem(widened)=0.000000 -> cannot exceed 0.
[5837.539s] PRUNE: margin=-2.000000, optimistic_rem(widened)=0.000000 -> cannot exceed 0.
[5845.684s] PRUNE: margin=-2.000000, optimistic_rem(widened)=0.000000 -> cannot exceed 0.
[5853.828s] PRUNE: margin=-2.000000, optimistic_rem(widened)=0.000000 -> cannot exceed 0.
[5861.975s] PRUNE: margin=-2.000000, optimistic_rem(widened)=0.000000 -> cannot exceed 0.
[5878.260s] PRUNE: margin=-2.000000, optimistic_rem(widened)=0.000000 -> cannot exceed 0.
[5886.406s] PRUNE: margin=-2.000000, optimistic_rem(widened)=0.000000 -> cannot exceed 0.
[5894.552s] PRUNE: margin=-2.000000, optimistic_rem(widened)=0.000000 -> cannot exceed 0.
[5902.701s] PRUNE: margin=-2.000000, optimistic_rem(widened)=0.000000 -> cannot exceed 0.
[5918.987s] PRUNE: margin=-2.000000, optimistic_rem(widened)=0.000000 -> cannot exceed 0.
[5927.131s] PRUNE: margin=-2.000000, optimistic_rem(widened)=0.000000 -> cannot exceed 0.
[5935.280s] PRUNE: margin=-2.000000, optimistic_rem(widened)=0.000000 -> cannot exceed 0.
[5951.568s] PRUNE: margin=-2.000000, optimistic_rem(widened)=0.000000 -> cannot exceed 0.
[5959.713s] PRUNE: margin=-2.000000, optimistic_rem(widened)=0.000000 -> cannot exceed 0.
[5975.999s] PRUNE: margin=-2.000000, optimistic_rem(widened)=0.000000 -> cannot exceed 0.
[6000.426s] PRUNE: margin=-2.000000, optimistic_rem(widened)=0.000000 -> cannot exceed 0.
[6016.710s] PRUNE: margin=-2.000000, optimistic_rem(widened)=0.000000 -> cannot exceed 0.
[6024.853s] PRUNE: margin=-2.000000, optimistic_rem(widened)=0.000000 -> cannot exceed 0.
[6032.997s] PRUNE: margin=-2.000000, optimistic_rem(widened)=0.000000 -> cannot exceed 0.
[6041.141s] PRUNE: margin=-2.000000, optimistic_rem(widened)=0.000000 -> cannot exceed 0.
[6049.284s] PRUNE: margin=-2.000000, optimistic_rem(widened)=0.000000 -> cannot exceed 0.
[6057.424s] PRUNE: margin=-2.000000, optimistic_rem(widened)=0.000000 -> cannot exceed 0.
[6065.568s] PRUNE: margin=-2.000000, optimistic_rem(widened)=0.000000 -> cannot exceed 0.
[6073.711s] PRUNE: margin=-2.000000, optimistic_rem(widened)=0.000000 -> cannot exceed 0.
[6081.853s] PRUNE: margin=-2.000000, optimistic_rem(widened)=0.000000 -> cannot exceed 0.
[6089.995s] PRUNE: margin=-2.000000, optimistic_rem(widened)=0.000000 -> cannot exceed 0.
[6106.286s] PRUNE: margin=-2.000000, optimistic_rem(widened)=0.000000 -> cannot exceed 0.
[6114.426s] PRUNE: margin=-2.000000, optimistic_rem(widened)=0.000000 -> cannot exceed 0.
[6122.572s] PRUNE: margin=-2.000000, optimistic_rem(widened)=0.000000 -> cannot exceed 0.
[6130.717s] PRUNE: margin=-2.000000, optimistic_rem(widened)=0.000000 -> cannot exceed 0.
[6138.857s] PRUNE: margin=-2.000000, optimistic_rem(widened)=0.000000 -> cannot exceed 0.
[6146.995s] PRUNE: margin=-2.000000, optimistic_rem(widened)=0.000000 -> cannot exceed 0.
[6155.134s] PRUNE: margin=-2.000000, optimistic_rem(widened)=0.000000 -> cannot exceed 0.
[6163.271s] PRUNE: margin=-2.000000, optimistic_rem(widened)=0.000000 -> cannot exceed 0.
[6171.408s] PRUNE: margin=-2.000000, optimistic_rem(widened)=0.000000 -> cannot exceed 0.
[6187.695s] PRUNE: margin=-2.000000, optimistic_rem(widened)=0.000000 -> cannot exceed 0.
[6195.839s] PRUNE: margin=-2.000000, optimistic_rem(widened)=0.000000 -> cannot exceed 0.
[6203.985s] PRUNE: margin=-2.000000, optimistic_rem(widened)=0.000000 -> cannot exceed 0.
[6212.128s] PRUNE: margin=-2.000000, optimistic_rem(widened)=0.000000 -> cannot exceed 0.
[6220.272s] PRUNE: margin=-2.000000, optimistic_rem(widened)=0.000000 -> cannot exceed 0.
[6228.417s] PRUNE: margin=-2.000000, optimistic_rem(widened)=0.000000 -> cannot exceed 0.
[6236.560s] PRUNE: margin=-2.000000, optimistic_rem(widened)=0.000000 -> cannot exceed 0.
[6244.706s] PRUNE: margin=-2.000000, optimistic_rem(widened)=0.000000 -> cannot exceed 0.
[6260.988s] PRUNE: margin=-2.000000, optimistic_rem(widened)=0.000000 -> cannot exceed 0.
[6269.133s] PRUNE: margin=-2.000000, optimistic_rem(widened)=0.000000 -> cannot exceed 0.
[6277.282s] PRUNE: margin=-2.000000, optimistic_rem(widened)=0.000000 -> cannot exceed 0.
[6285.429s] PRUNE: margin=-2.000000, optimistic_rem(widened)=0.000000 -> cannot exceed 0.
[6293.573s] PRUNE: margin=-2.000000, optimistic_rem(widened)=0.000000 -> cannot exceed 0.
[6301.724s] PRUNE: margin=-2.000000, optimistic_rem(widened)=0.000000 -> cannot exceed 0.
[6309.870s] PRUNE: margin=-2.000000, optimistic_rem(widened)=0.000000 -> cannot exceed 0.
[6326.162s] PRUNE: margin=-2.000000, optimistic_rem(widened)=0.000000 -> cannot exceed 0.
[6334.307s] PRUNE: margin=-2.000000, optimistic_rem(widened)=0.000000 -> cannot exceed 0.
[6342.453s] PRUNE: margin=-2.000000, optimistic_rem(widened)=0.000000 -> cannot exceed 0.
[6350.600s] PRUNE: margin=-2.000000, optimistic_rem(widened)=0.000000 -> cannot exceed 0.
[6358.746s] PRUNE: margin=-2.000000, optimistic_rem(widened)=0.000000 -> cannot exceed 0.
[6366.892s] PRUNE: margin=-2.000000, optimistic_rem(widened)=0.000000 -> cannot exceed 0.
[6383.184s] PRUNE: margin=-2.000000, optimistic_rem(widened)=0.000000 -> cannot exceed 0.
[6391.334s] PRUNE: margin=-2.000000, optimistic_rem(widened)=0.000000 -> cannot exceed 0.
[6399.487s] PRUNE: margin=-2.000000, optimistic_rem(widened)=0.000000 -> cannot exceed 0.
[6407.634s] PRUNE: margin=-2.000000, optimistic_rem(widened)=0.000000 -> cannot exceed 0.
[6415.784s] PRUNE: margin=-10.000000, optimistic_rem(widened)=0.000000 -> cannot exceed 0.
[6603.073s] PRUNE: margin=-2.000000, optimistic_rem(widened)=0.000000 -> cannot exceed 0.
[6611.212s] PRUNE: margin=-2.000000, optimistic_rem(widened)=0.000000 -> cannot exceed 0.
[6619.353s] PRUNE: margin=-2.000000, optimistic_rem(widened)=0.000000 -> cannot exceed 0.
[6627.492s] PRUNE: margin=-2.000000, optimistic_rem(widened)=0.000000 -> cannot exceed 0.
[6635.640s] PRUNE: margin=-2.000000, optimistic_rem(widened)=0.000000 -> cannot exceed 0.
[6643.787s] PRUNE: margin=-2.000000, optimistic_rem(widened)=0.000000 -> cannot exceed 0.
[6651.929s] PRUNE: margin=-2.000000, optimistic_rem(widened)=0.000000 -> cannot exceed 0.
[6660.074s] PRUNE: margin=-2.000000, optimistic_rem(widened)=0.000000 -> cannot exceed 0.
[6668.220s] PRUNE: margin=-10.000000, optimistic_rem(widened)=0.000000 -> cannot exceed 0.
[6684.506s] PRUNE: margin=-10.000000, optimistic_rem(widened)=0.000000 -> cannot exceed 0.
[6692.654s] PRUNE: margin=-2.000000, optimistic_rem(widened)=0.000000 -> cannot exceed 0.
[6700.798s] PRUNE: margin=-10.000000, optimistic_rem(widened)=0.000000 -> cannot exceed 0.
[6708.940s] PRUNE: margin=-2.000000, optimistic_rem(widened)=0.000000 -> cannot exceed 0.
[6717.078s] PRUNE: margin=-2.000000, optimistic_rem(widened)=0.000000 -> cannot exceed 0.
[6725.222s] PRUNE: margin=-2.000000, optimistic_rem(widened)=0.000000 -> cannot exceed 0.
[6733.365s] PRUNE: margin=-2.000000, optimistic_rem(widened)=0.000000 -> cannot exceed 0.
[6741.513s] PRUNE: margin=-10.000000, optimistic_rem(widened)=0.000000 -> cannot exceed 0.
[6757.799s] PRUNE: margin=-2.000000, optimistic_rem(widened)=0.000000 -> cannot exceed 0.
[6765.946s] PRUNE: margin=-10.000000, optimistic_rem(widened)=0.000000 -> cannot exceed 0.
[6774.086s] PRUNE: margin=-10.000000, optimistic_rem(widened)=0.000000 -> cannot exceed 0.
[6782.232s] PRUNE: margin=-2.000000, optimistic_rem(widened)=0.000000 -> cannot exceed 0.
[6790.375s] PRUNE: margin=-2.000000, optimistic_rem(widened)=0.000000 -> cannot exceed 0.
[6798.519s] PRUNE: margin=-2.000000, optimistic_rem(widened)=0.000000 -> cannot exceed 0.
[6806.664s] PRUNE: margin=-10.000000, optimistic_rem(widened)=0.000000 -> cannot exceed 0.
[6822.966s] PRUNE: margin=-10.000000, optimistic_rem(widened)=0.000000 -> cannot exceed 0.
[6831.123s] PRUNE: margin=-2.000000, optimistic_rem(widened)=0.000000 -> cannot exceed 0.
[6839.289s] PRUNE: margin=-2.000000, optimistic_rem(widened)=0.000000 -> cannot exceed 0.
[6847.455s] PRUNE: margin=-2.000000, optimistic_rem(widened)=0.000000 -> cannot exceed 0.
[6855.613s] PRUNE: margin=-2.000000, optimistic_rem(widened)=0.000000 -> cannot exceed 0.
[6863.773s] PRUNE: margin=-10.000000, optimistic_rem(widened)=0.000000 -> cannot exceed 0.
[6879.863s] PRUNE: margin=-2.000000, optimistic_rem(widened)=0.000000 -> cannot exceed 0.
[6888.029s] PRUNE: margin=-2.000000, optimistic_rem(widened)=0.000000 -> cannot exceed 0.
[6896.191s] PRUNE: margin=-2.000000, optimistic_rem(widened)=0.000000 -> cannot exceed 0.
[6904.353s] PRUNE: margin=-2.000000, optimistic_rem(widened)=0.000000 -> cannot exceed 0.
[6912.518s] PRUNE: margin=-10.000000, optimistic_rem(widened)=0.000000 -> cannot exceed 0.
[6927.376s] PRUNE: margin=-2.000000, optimistic_rem(widened)=0.000000 -> cannot exceed 0.
[6932.279s] PRUNE: margin=-2.000000, optimistic_rem(widened)=0.000000 -> cannot exceed 0.
[6937.190s] PRUNE: margin=-2.000000, optimistic_rem(widened)=0.000000 -> cannot exceed 0.
[6942.087s] PRUNE: margin=-10.000000, optimistic_rem(widened)=0.000000 -> cannot exceed 0.
[6952.018s] PRUNE: margin=-2.000000, optimistic_rem(widened)=0.000000 -> cannot exceed 0.
[6956.912s] PRUNE: margin=-2.000000, optimistic_rem(widened)=0.000000 -> cannot exceed 0.
[6961.714s] PRUNE: margin=-10.000000, optimistic_rem(widened)=0.000000 -> cannot exceed 0.
[6971.723s] PRUNE: margin=-2.000000, optimistic_rem(widened)=0.000000 -> cannot exceed 0.
[6976.563s] PRUNE: margin=-10.000000, optimistic_rem(widened)=0.000000 -> cannot exceed 0.
[6986.532s] PRUNE: margin=-10.000000, optimistic_rem(widened)=0.000000 -> cannot exceed 0.
[7006.267s] PRUNE: margin=-10.000000, optimistic_rem(widened)=0.000000 -> cannot exceed 0.
[7011.063s] PRUNE: margin=-2.000000, optimistic_rem(widened)=0.000000 -> cannot exceed 0.
[7015.968s] PRUNE: margin=-10.000000, optimistic_rem(widened)=0.000000 -> cannot exceed 0.
[7020.914s] PRUNE: margin=-2.000000, optimistic_rem(widened)=0.000000 -> cannot exceed 0.
[7025.732s] PRUNE: margin=-2.000000, optimistic_rem(widened)=0.000000 -> cannot exceed 0.
[7030.559s] PRUNE: margin=-2.000000, optimistic_rem(widened)=0.000000 -> cannot exceed 0.
[7035.372s] PRUNE: margin=-2.000000, optimistic_rem(widened)=0.000000 -> cannot exceed 0.
[7040.156s] PRUNE: margin=-10.000000, optimistic_rem(widened)=0.000000 -> cannot exceed 0.
[7049.851s] PRUNE: margin=-2.000000, optimistic_rem(widened)=0.000000 -> cannot exceed 0.
[7054.694s] PRUNE: margin=-10.000000, optimistic_rem(widened)=0.000000 -> cannot exceed 0.
[7059.530s] PRUNE: margin=-10.000000, optimistic_rem(widened)=0.000000 -> cannot exceed 0.
[7064.360s] PRUNE: margin=-2.000000, optimistic_rem(widened)=0.000000 -> cannot exceed 0.
[7069.234s] PRUNE: margin=-2.000000, optimistic_rem(widened)=0.000000 -> cannot exceed 0.
[7074.063s] PRUNE: margin=-2.000000, optimistic_rem(widened)=0.000000 -> cannot exceed 0.
[7079.166s] PRUNE: margin=-10.000000, optimistic_rem(widened)=0.000000 -> cannot exceed 0.
[7089.012s] PRUNE: margin=-10.000000, optimistic_rem(widened)=0.000000 -> cannot exceed 0.
[7096.118s] PRUNE: margin=-2.000000, optimistic_rem(widened)=0.000000 -> cannot exceed 0.
[7104.249s] PRUNE: margin=-2.000000, optimistic_rem(widened)=0.000000 -> cannot exceed 0.
[7112.380s] PRUNE: margin=-2.000000, optimistic_rem(widened)=0.000000 -> cannot exceed 0.
[7119.944s] PRUNE: margin=-2.000000, optimistic_rem(widened)=0.000000 -> cannot exceed 0.
[7124.781s] PRUNE: margin=-10.000000, optimistic_rem(widened)=0.000000 -> cannot exceed 0.
[7134.431s] PRUNE: margin=-2.000000, optimistic_rem(widened)=0.000000 -> cannot exceed 0.
[7139.211s] PRUNE: margin=-2.000000, optimistic_rem(widened)=0.000000 -> cannot exceed 0.
[7144.093s] PRUNE: margin=-2.000000, optimistic_rem(widened)=0.000000 -> cannot exceed 0.
[7148.929s] PRUNE: margin=-2.000000, optimistic_rem(widened)=0.000000 -> cannot exceed 0.
[7153.770s] PRUNE: margin=-10.000000, optimistic_rem(widened)=0.000000 -> cannot exceed 0.
[7163.548s] PRUNE: margin=-2.000000, optimistic_rem(widened)=0.000000 -> cannot exceed 0.
[7168.574s] PRUNE: margin=-2.000000, optimistic_rem(widened)=0.000000 -> cannot exceed 0.
[7176.706s] PRUNE: margin=-2.000000, optimistic_rem(widened)=0.000000 -> cannot exceed 0.
[7184.838s] PRUNE: margin=-10.000000, optimistic_rem(widened)=0.000000 -> cannot exceed 0.
[7201.099s] PRUNE: margin=-2.000000, optimistic_rem(widened)=0.000000 -> cannot exceed 0.
[7209.229s] PRUNE: margin=-2.000000, optimistic_rem(widened)=0.000000 -> cannot exceed 0.
[7217.364s] PRUNE: margin=-10.000000, optimistic_rem(widened)=0.000000 -> cannot exceed 0.
[7233.626s] PRUNE: margin=-2.000000, optimistic_rem(widened)=0.000000 -> cannot exceed 0.
[7241.759s] PRUNE: margin=-10.000000, optimistic_rem(widened)=0.000000 -> cannot exceed 0.
[7258.028s] PRUNE: margin=-10.000000, optimistic_rem(widened)=0.000000 -> cannot exceed 0.
[7290.558s] PRUNE: margin=-2.000000, optimistic_rem(widened)=0.000000 -> cannot exceed 0.
[7298.692s] PRUNE: margin=-10.000000, optimistic_rem(widened)=0.000000 -> cannot exceed 0.
[7306.826s] PRUNE: margin=-10.000000, optimistic_rem(widened)=0.000000 -> cannot exceed 0.
[7314.958s] PRUNE: margin=-2.000000, optimistic_rem(widened)=0.000000 -> cannot exceed 0.
[7323.091s] PRUNE: margin=-2.000000, optimistic_rem(widened)=0.000000 -> cannot exceed 0.
[7331.225s] PRUNE: margin=-2.000000, optimistic_rem(widened)=0.000000 -> cannot exceed 0.
[7339.359s] PRUNE: margin=-10.000000, optimistic_rem(widened)=0.000000 -> cannot exceed 0.
[7355.627s] PRUNE: margin=-10.000000, optimistic_rem(widened)=0.000000 -> cannot exceed 0.
[7363.766s] PRUNE: margin=-2.000000, optimistic_rem(widened)=0.000000 -> cannot exceed 0.
[7371.899s] PRUNE: margin=-2.000000, optimistic_rem(widened)=0.000000 -> cannot exceed 0.
[7380.034s] PRUNE: margin=-2.000000, optimistic_rem(widened)=0.000000 -> cannot exceed 0.
[7388.170s] PRUNE: margin=-2.000000, optimistic_rem(widened)=0.000000 -> cannot exceed 0.
[7396.306s] PRUNE: margin=-10.000000, optimistic_rem(widened)=0.000000 -> cannot exceed 0.
[7412.574s] PRUNE: margin=-10.000000, optimistic_rem(widened)=0.000000 -> cannot exceed 0.
[7420.710s] PRUNE: margin=-10.000000, optimistic_rem(widened)=0.000000 -> cannot exceed 0.
[7428.850s] PRUNE: margin=-10.000000, optimistic_rem(widened)=0.000000 -> cannot exceed 0.
[7436.990s] PRUNE: margin=-10.000000, optimistic_rem(widened)=0.000000 -> cannot exceed 0.
[7445.131s] PRUNE: margin=-10.000000, optimistic_rem(widened)=0.000000 -> cannot exceed 0.
[7461.400s] PRUNE: margin=-2.000000, optimistic_rem(widened)=0.000000 -> cannot exceed 0.
[7469.532s] PRUNE: margin=-2.000000, optimistic_rem(widened)=0.000000 -> cannot exceed 0.
[7477.665s] PRUNE: margin=-2.000000, optimistic_rem(widened)=0.000000 -> cannot exceed 0.
[7485.800s] PRUNE: margin=-10.000000, optimistic_rem(widened)=0.000000 -> cannot exceed 0.
[7502.060s] PRUNE: margin=-2.000000, optimistic_rem(widened)=0.000000 -> cannot exceed 0.
[7510.191s] PRUNE: margin=-2.000000, optimistic_rem(widened)=0.000000 -> cannot exceed 0.
[7518.325s] PRUNE: margin=-10.000000, optimistic_rem(widened)=0.000000 -> cannot exceed 0.
[7534.584s] PRUNE: margin=-10.000000, optimistic_rem(widened)=0.000000 -> cannot exceed 0.
[7542.715s] PRUNE: margin=-10.000000, optimistic_rem(widened)=0.000000 -> cannot exceed 0.
[7558.981s] PRUNE: margin=-10.000000, optimistic_rem(widened)=0.000000 -> cannot exceed 0.
[7591.517s] PRUNE: margin=-10.000000, optimistic_rem(widened)=0.000000 -> cannot exceed 0.
[7599.651s] PRUNE: margin=-2.000000, optimistic_rem(widened)=0.000000 -> cannot exceed 0.
[7607.784s] PRUNE: margin=-2.000000, optimistic_rem(widened)=0.000000 -> cannot exceed 0.
[7615.918s] PRUNE: margin=-2.000000, optimistic_rem(widened)=0.000000 -> cannot exceed 0.
[7624.053s] PRUNE: margin=-2.000000, optimistic_rem(widened)=0.000000 -> cannot exceed 0.
[7632.192s] PRUNE: margin=-10.000000, optimistic_rem(widened)=0.000000 -> cannot exceed 0.
[7648.463s] PRUNE: margin=-10.000000, optimistic_rem(widened)=0.000000 -> cannot exceed 0.
[7656.603s] PRUNE: margin=-10.000000, optimistic_rem(widened)=0.000000 -> cannot exceed 0.
[7664.739s] PRUNE: margin=-10.000000, optimistic_rem(widened)=0.000000 -> cannot exceed 0.
[7672.876s] PRUNE: margin=-10.000000, optimistic_rem(widened)=0.000000 -> cannot exceed 0.
[7681.020s] PRUNE: margin=-10.000000, optimistic_rem(widened)=0.000000 -> cannot exceed 0.
[7697.287s] PRUNE: margin=-2.000000, optimistic_rem(widened)=0.000000 -> cannot exceed 0.
[7705.419s] PRUNE: margin=-2.000000, optimistic_rem(widened)=0.000000 -> cannot exceed 0.
[7713.553s] PRUNE: margin=-2.000000, optimistic_rem(widened)=0.000000 -> cannot exceed 0.
[7721.690s] PRUNE: margin=-10.000000, optimistic_rem(widened)=0.000000 -> cannot exceed 0.
[7737.958s] PRUNE: margin=-2.000000, optimistic_rem(widened)=0.000000 -> cannot exceed 0.
[7746.092s] PRUNE: margin=-2.000000, optimistic_rem(widened)=0.000000 -> cannot exceed 0.
[7754.230s] PRUNE: margin=-10.000000, optimistic_rem(widened)=0.000000 -> cannot exceed 0.
[7770.504s] PRUNE: margin=-10.000000, optimistic_rem(widened)=0.000000 -> cannot exceed 0.
[7778.638s] PRUNE: margin=-10.000000, optimistic_rem(widened)=0.000000 -> cannot exceed 0.
[7794.911s] PRUNE: margin=-10.000000, optimistic_rem(widened)=0.000000 -> cannot exceed 0.
[7827.457s] PRUNE: margin=-10.000000, optimistic_rem(widened)=0.000000 -> cannot exceed 0.
[7835.597s] PRUNE: margin=-10.000000, optimistic_rem(widened)=0.000000 -> cannot exceed 0.
[7843.736s] PRUNE: margin=-10.000000, optimistic_rem(widened)=0.000000 -> cannot exceed 0.
[7851.876s] PRUNE: margin=-10.000000, optimistic_rem(widened)=0.000000 -> cannot exceed 0.
[7860.020s] PRUNE: margin=-10.000000, optimistic_rem(widened)=0.000000 -> cannot exceed 0.
[7876.291s] PRUNE: margin=-2.000000, optimistic_rem(widened)=0.000000 -> cannot exceed 0.
[7884.425s] PRUNE: margin=-2.000000, optimistic_rem(widened)=0.000000 -> cannot exceed 0.
[7892.561s] PRUNE: margin=-2.000000, optimistic_rem(widened)=0.000000 -> cannot exceed 0.
[7900.698s] PRUNE: margin=-10.000000, optimistic_rem(widened)=0.000000 -> cannot exceed 0.
[7916.976s] PRUNE: margin=-2.000000, optimistic_rem(widened)=0.000000 -> cannot exceed 0.
[7925.112s] PRUNE: margin=-10.000000, optimistic_rem(widened)=0.000000 -> cannot exceed 0.
[7933.249s] PRUNE: margin=-10.000000, optimistic_rem(widened)=0.000000 -> cannot exceed 0.
[7949.517s] PRUNE: margin=-2.000000, optimistic_rem(widened)=0.000000 -> cannot exceed 0.
[7957.654s] PRUNE: margin=-10.000000, optimistic_rem(widened)=0.000000 -> cannot exceed 0.
[7973.931s] PRUNE: margin=-10.000000, optimistic_rem(widened)=0.000000 -> cannot exceed 0.
[7986.138s] PRUNE: margin=-10.000000, optimistic_rem(widened)=8.000000 -> cannot exceed 0.
[8006.475s] PRUNE: margin=-2.000000, optimistic_rem(widened)=0.000000 -> cannot exceed 0.
[8014.612s] PRUNE: margin=-10.000000, optimistic_rem(widened)=0.000000 -> cannot exceed 0.
[8022.751s] PRUNE: margin=-2.000000, optimistic_rem(widened)=0.000000 -> cannot exceed 0.
[8030.891s] PRUNE: margin=-10.000000, optimistic_rem(widened)=0.000000 -> cannot exceed 0.
[8047.167s] PRUNE: margin=-2.000000, optimistic_rem(widened)=0.000000 -> cannot exceed 0.
[8055.305s] PRUNE: margin=-2.000000, optimistic_rem(widened)=0.000000 -> cannot exceed 0.
[8063.447s] PRUNE: margin=-10.000000, optimistic_rem(widened)=0.000000 -> cannot exceed 0.
[8079.718s] PRUNE: margin=-2.000000, optimistic_rem(widened)=0.000000 -> cannot exceed 0.
[8087.855s] PRUNE: margin=-10.000000, optimistic_rem(widened)=0.000000 -> cannot exceed 0.
[8104.128s] PRUNE: margin=-10.000000, optimistic_rem(widened)=0.000000 -> cannot exceed 0.
[8116.340s] PRUNE: margin=-10.000000, optimistic_rem(widened)=8.000000 -> cannot exceed 0.
[8329.459s] PRUNE: margin=-2.000000, optimistic_rem(widened)=0.000000 -> cannot exceed 0.
[8334.309s] PRUNE: margin=-2.000000, optimistic_rem(widened)=0.000000 -> cannot exceed 0.
[8341.583s] PRUNE: margin=-2.000000, optimistic_rem(widened)=0.000000 -> cannot exceed 0.
[8346.445s] PRUNE: margin=-2.000000, optimistic_rem(widened)=0.000000 -> cannot exceed 0.
[8351.425s] PRUNE: margin=-2.000000, optimistic_rem(widened)=0.000000 -> cannot exceed 0.
[8356.814s] PRUNE: margin=-2.000000, optimistic_rem(widened)=0.000000 -> cannot exceed 0.
[8361.839s] PRUNE: margin=-2.000000, optimistic_rem(widened)=0.000000 -> cannot exceed 0.
[8366.849s] PRUNE: margin=-2.000000, optimistic_rem(widened)=0.000000 -> cannot exceed 0.
[8371.697s] PRUNE: margin=-2.000000, optimistic_rem(widened)=0.000000 -> cannot exceed 0.
[8376.579s] PRUNE: margin=-2.000000, optimistic_rem(widened)=0.000000 -> cannot exceed 0.
[8381.469s] PRUNE: margin=-2.000000, optimistic_rem(widened)=0.000000 -> cannot exceed 0.
[8391.242s] PRUNE: margin=-2.000000, optimistic_rem(widened)=0.000000 -> cannot exceed 0.
[8396.174s] PRUNE: margin=-2.000000, optimistic_rem(widened)=0.000000 -> cannot exceed 0.
[8401.046s] PRUNE: margin=-2.000000, optimistic_rem(widened)=0.000000 -> cannot exceed 0.
[8405.925s] PRUNE: margin=-2.000000, optimistic_rem(widened)=0.000000 -> cannot exceed 0.
[8410.834s] PRUNE: margin=-2.000000, optimistic_rem(widened)=0.000000 -> cannot exceed 0.
[8415.817s] PRUNE: margin=-2.000000, optimistic_rem(widened)=0.000000 -> cannot exceed 0.
[8420.683s] PRUNE: margin=-2.000000, optimistic_rem(widened)=0.000000 -> cannot exceed 0.
[8426.889s] PRUNE: margin=-2.000000, optimistic_rem(widened)=0.000000 -> cannot exceed 0.
[8443.180s] PRUNE: margin=-2.000000, optimistic_rem(widened)=0.000000 -> cannot exceed 0.
[8451.327s] PRUNE: margin=-2.000000, optimistic_rem(widened)=0.000000 -> cannot exceed 0.
[8459.476s] PRUNE: margin=-2.000000, optimistic_rem(widened)=0.000000 -> cannot exceed 0.
[8467.232s] PRUNE: margin=-2.000000, optimistic_rem(widened)=0.000000 -> cannot exceed 0.
[8472.176s] PRUNE: margin=-2.000000, optimistic_rem(widened)=0.000000 -> cannot exceed 0.
[8477.141s] PRUNE: margin=-2.000000, optimistic_rem(widened)=0.000000 -> cannot exceed 0.
[8482.019s] PRUNE: margin=-2.000000, optimistic_rem(widened)=0.000000 -> cannot exceed 0.
[8491.832s] PRUNE: margin=-2.000000, optimistic_rem(widened)=0.000000 -> cannot exceed 0.
[8496.746s] PRUNE: margin=-2.000000, optimistic_rem(widened)=0.000000 -> cannot exceed 0.
[8501.658s] PRUNE: margin=-2.000000, optimistic_rem(widened)=0.000000 -> cannot exceed 0.
[8506.513s] PRUNE: margin=-2.000000, optimistic_rem(widened)=0.000000 -> cannot exceed 0.
[8511.363s] PRUNE: margin=-2.000000, optimistic_rem(widened)=0.000000 -> cannot exceed 0.
[8516.318s] PRUNE: margin=-2.000000, optimistic_rem(widened)=0.000000 -> cannot exceed 0.
[8526.170s] PRUNE: margin=-2.000000, optimistic_rem(widened)=0.000000 -> cannot exceed 0.
[8531.200s] PRUNE: margin=-2.000000, optimistic_rem(widened)=0.000000 -> cannot exceed 0.
[8536.088s] PRUNE: margin=-2.000000, optimistic_rem(widened)=0.000000 -> cannot exceed 0.
[8541.017s] PRUNE: margin=-2.000000, optimistic_rem(widened)=0.000000 -> cannot exceed 0.
[8545.933s] PRUNE: margin=-2.000000, optimistic_rem(widened)=0.000000 -> cannot exceed 0.
[8555.684s] PRUNE: margin=-2.000000, optimistic_rem(widened)=0.000000 -> cannot exceed 0.
[8560.608s] PRUNE: margin=-2.000000, optimistic_rem(widened)=0.000000 -> cannot exceed 0.
[8565.766s] PRUNE: margin=-2.000000, optimistic_rem(widened)=0.000000 -> cannot exceed 0.
[8573.538s] PRUNE: margin=-2.000000, optimistic_rem(widened)=0.000000 -> cannot exceed 0.
[8583.375s] PRUNE: margin=-2.000000, optimistic_rem(widened)=0.000000 -> cannot exceed 0.
[8588.408s] PRUNE: margin=-2.000000, optimistic_rem(widened)=0.000000 -> cannot exceed 0.
[8593.303s] PRUNE: margin=-2.000000, optimistic_rem(widened)=0.000000 -> cannot exceed 0.
[8603.156s] PRUNE: margin=-2.000000, optimistic_rem(widened)=0.000000 -> cannot exceed 0.
[8608.024s] PRUNE: margin=-2.000000, optimistic_rem(widened)=0.000000 -> cannot exceed 0.
[8617.981s] PRUNE: margin=-2.000000, optimistic_rem(widened)=0.000000 -> cannot exceed 0.
[8635.074s] PRUNE: margin=-2.000000, optimistic_rem(widened)=0.000000 -> cannot exceed 0.
[8640.643s] PRUNE: margin=-2.000000, optimistic_rem(widened)=0.000000 -> cannot exceed 0.
[8652.862s] PRUNE: margin=-2.000000, optimistic_rem(widened)=0.000000 -> cannot exceed 0.
[8661.012s] PRUNE: margin=-2.000000, optimistic_rem(widened)=0.000000 -> cannot exceed 0.
[8668.213s] PRUNE: margin=-2.000000, optimistic_rem(widened)=0.000000 -> cannot exceed 0.
[8673.077s] PRUNE: margin=-2.000000, optimistic_rem(widened)=0.000000 -> cannot exceed 0.
[8677.912s] PRUNE: margin=-2.000000, optimistic_rem(widened)=0.000000 -> cannot exceed 0.
[8682.853s] PRUNE: margin=-2.000000, optimistic_rem(widened)=0.000000 -> cannot exceed 0.
[8687.680s] PRUNE: margin=-2.000000, optimistic_rem(widened)=0.000000 -> cannot exceed 0.
[8692.541s] PRUNE: margin=-2.000000, optimistic_rem(widened)=0.000000 -> cannot exceed 0.
[8702.486s] PRUNE: margin=-2.000000, optimistic_rem(widened)=0.000000 -> cannot exceed 0.
[8707.348s] PRUNE: margin=-2.000000, optimistic_rem(widened)=0.000000 -> cannot exceed 0.
[8712.195s] PRUNE: margin=-2.000000, optimistic_rem(widened)=0.000000 -> cannot exceed 0.
[8717.101s] PRUNE: margin=-2.000000, optimistic_rem(widened)=0.000000 -> cannot exceed 0.
[8721.991s] PRUNE: margin=-2.000000, optimistic_rem(widened)=0.000000 -> cannot exceed 0.
[8726.967s] PRUNE: margin=-2.000000, optimistic_rem(widened)=0.000000 -> cannot exceed 0.
[8731.942s] PRUNE: margin=-2.000000, optimistic_rem(widened)=0.000000 -> cannot exceed 0.
[8741.940s] PRUNE: margin=-2.000000, optimistic_rem(widened)=0.000000 -> cannot exceed 0.
[8746.938s] PRUNE: margin=-2.000000, optimistic_rem(widened)=0.000000 -> cannot exceed 0.
[8751.839s] PRUNE: margin=-2.000000, optimistic_rem(widened)=0.000000 -> cannot exceed 0.
[8756.721s] PRUNE: margin=-2.000000, optimistic_rem(widened)=0.000000 -> cannot exceed 0.
[8764.787s] PRUNE: margin=-2.000000, optimistic_rem(widened)=0.000000 -> cannot exceed 0.
[8772.921s] PRUNE: margin=-2.000000, optimistic_rem(widened)=0.000000 -> cannot exceed 0.
[8789.204s] PRUNE: margin=-2.000000, optimistic_rem(widened)=0.000000 -> cannot exceed 0.
[8797.355s] PRUNE: margin=-2.000000, optimistic_rem(widened)=0.000000 -> cannot exceed 0.
[8805.500s] PRUNE: margin=-2.000000, optimistic_rem(widened)=0.000000 -> cannot exceed 0.
[8813.641s] PRUNE: margin=-2.000000, optimistic_rem(widened)=0.000000 -> cannot exceed 0.
[8821.784s] PRUNE: margin=-2.000000, optimistic_rem(widened)=0.000000 -> cannot exceed 0.
[8838.063s] PRUNE: margin=-2.000000, optimistic_rem(widened)=0.000000 -> cannot exceed 0.
[8846.198s] PRUNE: margin=-2.000000, optimistic_rem(widened)=0.000000 -> cannot exceed 0.
[8854.335s] PRUNE: margin=-2.000000, optimistic_rem(widened)=0.000000 -> cannot exceed 0.
[8862.476s] PRUNE: margin=-2.000000, optimistic_rem(widened)=0.000000 -> cannot exceed 0.
[8878.763s] PRUNE: margin=-2.000000, optimistic_rem(widened)=0.000000 -> cannot exceed 0.
[8886.903s] PRUNE: margin=-2.000000, optimistic_rem(widened)=0.000000 -> cannot exceed 0.
[8895.040s] PRUNE: margin=-2.000000, optimistic_rem(widened)=0.000000 -> cannot exceed 0.
[8911.311s] PRUNE: margin=-2.000000, optimistic_rem(widened)=0.000000 -> cannot exceed 0.
[8919.470s] PRUNE: margin=-2.000000, optimistic_rem(widened)=0.000000 -> cannot exceed 0.
[8935.784s] PRUNE: margin=-2.000000, optimistic_rem(widened)=0.000000 -> cannot exceed 0.
[8960.259s] PRUNE: margin=-2.000000, optimistic_rem(widened)=0.000000 -> cannot exceed 0.
[8972.620s] PRUNE: margin=-2.000000, optimistic_rem(widened)=0.000000 -> cannot exceed 0.
[8985.122s] PRUNE: margin=-2.000000, optimistic_rem(widened)=0.000000 -> cannot exceed 0.
[8993.428s] PRUNE: margin=-2.000000, optimistic_rem(widened)=0.000000 -> cannot exceed 0.
[9001.772s] PRUNE: margin=-2.000000, optimistic_rem(widened)=0.000000 -> cannot exceed 0.
[9010.130s] PRUNE: margin=-2.000000, optimistic_rem(widened)=0.000000 -> cannot exceed 0.
[9018.451s] PRUNE: margin=-2.000000, optimistic_rem(widened)=0.000000 -> cannot exceed 0.
[9026.782s] PRUNE: margin=-2.000000, optimistic_rem(widened)=0.000000 -> cannot exceed 0.
[9035.110s] PRUNE: margin=-2.000000, optimistic_rem(widened)=0.000000 -> cannot exceed 0.
[9051.769s] PRUNE: margin=-2.000000, optimistic_rem(widened)=0.000000 -> cannot exceed 0.
[9060.104s] PRUNE: margin=-2.000000, optimistic_rem(widened)=0.000000 -> cannot exceed 0.
[9068.433s] PRUNE: margin=-2.000000, optimistic_rem(widened)=0.000000 -> cannot exceed 0.
[9076.726s] PRUNE: margin=-2.000000, optimistic_rem(widened)=0.000000 -> cannot exceed 0.
[9085.019s] PRUNE: margin=-2.000000, optimistic_rem(widened)=0.000000 -> cannot exceed 0.
[9092.595s] PRUNE: margin=-2.000000, optimistic_rem(widened)=0.000000 -> cannot exceed 0.
[9108.870s] PRUNE: margin=-2.000000, optimistic_rem(widened)=0.000000 -> cannot exceed 0.
[9117.013s] PRUNE: margin=-2.000000, optimistic_rem(widened)=0.000000 -> cannot exceed 0.
[9125.149s] PRUNE: margin=-2.000000, optimistic_rem(widened)=0.000000 -> cannot exceed 0.
[9133.288s] PRUNE: margin=-2.000000, optimistic_rem(widened)=0.000000 -> cannot exceed 0.
[9141.425s] PRUNE: margin=-2.000000, optimistic_rem(widened)=0.000000 -> cannot exceed 0.
[9157.701s] PRUNE: margin=-2.000000, optimistic_rem(widened)=0.000000 -> cannot exceed 0.
[9165.842s] PRUNE: margin=-2.000000, optimistic_rem(widened)=0.000000 -> cannot exceed 0.
[9173.980s] PRUNE: margin=-2.000000, optimistic_rem(widened)=0.000000 -> cannot exceed 0.
[9182.120s] PRUNE: margin=-2.000000, optimistic_rem(widened)=0.000000 -> cannot exceed 0.
[9300.078s] PRUNE: margin=-2.000000, optimistic_rem(widened)=0.000000 -> cannot exceed 0.
[9312.276s] PRUNE: margin=-2.000000, optimistic_rem(widened)=0.000000 -> cannot exceed 0.
[9320.408s] PRUNE: margin=-2.000000, optimistic_rem(widened)=0.000000 -> cannot exceed 0.
[9328.541s] PRUNE: margin=-2.000000, optimistic_rem(widened)=0.000000 -> cannot exceed 0.
[9336.674s] PRUNE: margin=-2.000000, optimistic_rem(widened)=0.000000 -> cannot exceed 0.
[9344.806s] PRUNE: margin=-2.000000, optimistic_rem(widened)=0.000000 -> cannot exceed 0.
[9352.939s] PRUNE: margin=-2.000000, optimistic_rem(widened)=0.000000 -> cannot exceed 0.
[9369.198s] PRUNE: margin=-2.000000, optimistic_rem(widened)=0.000000 -> cannot exceed 0.
[9377.331s] PRUNE: margin=-2.000000, optimistic_rem(widened)=0.000000 -> cannot exceed 0.
[9385.463s] PRUNE: margin=-2.000000, optimistic_rem(widened)=0.000000 -> cannot exceed 0.
[9393.598s] PRUNE: margin=-2.000000, optimistic_rem(widened)=0.000000 -> cannot exceed 0.
[9401.737s] PRUNE: margin=-2.000000, optimistic_rem(widened)=0.000000 -> cannot exceed 0.
[9418.006s] PRUNE: margin=-2.000000, optimistic_rem(widened)=0.000000 -> cannot exceed 0.
[9426.139s] PRUNE: margin=-2.000000, optimistic_rem(widened)=0.000000 -> cannot exceed 0.
[9434.276s] PRUNE: margin=-2.000000, optimistic_rem(widened)=0.000000 -> cannot exceed 0.
[9442.412s] PRUNE: margin=-2.000000, optimistic_rem(widened)=0.000000 -> cannot exceed 0.
[9458.679s] PRUNE: margin=-2.000000, optimistic_rem(widened)=0.000000 -> cannot exceed 0.
[9466.817s] PRUNE: margin=-2.000000, optimistic_rem(widened)=0.000000 -> cannot exceed 0.
[9474.956s] PRUNE: margin=-2.000000, optimistic_rem(widened)=0.000000 -> cannot exceed 0.
[9544.149s] PRUNE: margin=-2.000000, optimistic_rem(widened)=0.000000 -> cannot exceed 0.
[9560.415s] PRUNE: margin=-2.000000, optimistic_rem(widened)=0.000000 -> cannot exceed 0.
[9568.550s] PRUNE: margin=-2.000000, optimistic_rem(widened)=0.000000 -> cannot exceed 0.
[9576.679s] PRUNE: margin=-2.000000, optimistic_rem(widened)=0.000000 -> cannot exceed 0.
[9584.812s] PRUNE: margin=-2.000000, optimistic_rem(widened)=0.000000 -> cannot exceed 0.
[9591.935s] PRUNE: margin=-2.000000, optimistic_rem(widened)=0.000000 -> cannot exceed 0.
[9601.836s] PRUNE: margin=-2.000000, optimistic_rem(widened)=0.000000 -> cannot exceed 0.
[9606.721s] PRUNE: margin=-2.000000, optimistic_rem(widened)=0.000000 -> cannot exceed 0.
[9611.602s] PRUNE: margin=-2.000000, optimistic_rem(widened)=0.000000 -> cannot exceed 0.
[9616.624s] PRUNE: margin=-2.000000, optimistic_rem(widened)=0.000000 -> cannot exceed 0.
[9626.341s] PRUNE: margin=-2.000000, optimistic_rem(widened)=0.000000 -> cannot exceed 0.
[9631.285s] PRUNE: margin=-2.000000, optimistic_rem(widened)=0.000000 -> cannot exceed 0.
[9636.125s] PRUNE: margin=-2.000000, optimistic_rem(widened)=0.000000 -> cannot exceed 0.
[9646.138s] PRUNE: margin=-2.000000, optimistic_rem(widened)=0.000000 -> cannot exceed 0.
[9651.116s] PRUNE: margin=-2.000000, optimistic_rem(widened)=0.000000 -> cannot exceed 0.
[9660.964s] PRUNE: margin=-2.000000, optimistic_rem(widened)=0.000000 -> cannot exceed 0.
[9681.486s] PRUNE: margin=-2.000000, optimistic_rem(widened)=0.000000 -> cannot exceed 0.
[9686.425s] PRUNE: margin=-2.000000, optimistic_rem(widened)=0.000000 -> cannot exceed 0.
[9691.310s] PRUNE: margin=-2.000000, optimistic_rem(widened)=0.000000 -> cannot exceed 0.
[9696.251s] PRUNE: margin=-2.000000, optimistic_rem(widened)=0.000000 -> cannot exceed 0.
[9705.971s] PRUNE: margin=-2.000000, optimistic_rem(widened)=0.000000 -> cannot exceed 0.
[9710.798s] PRUNE: margin=-2.000000, optimistic_rem(widened)=0.000000 -> cannot exceed 0.
[9715.584s] PRUNE: margin=-2.000000, optimistic_rem(widened)=0.000000 -> cannot exceed 0.
[9725.209s] PRUNE: margin=-2.000000, optimistic_rem(widened)=0.000000 -> cannot exceed 0.
[9730.223s] PRUNE: margin=-2.000000, optimistic_rem(widened)=0.000000 -> cannot exceed 0.
[9740.193s] PRUNE: margin=-2.000000, optimistic_rem(widened)=0.000000 -> cannot exceed 0.
[9759.366s] PRUNE: margin=-2.000000, optimistic_rem(widened)=0.000000 -> cannot exceed 0.
[9764.190s] PRUNE: margin=-2.000000, optimistic_rem(widened)=0.000000 -> cannot exceed 0.
[9768.982s] PRUNE: margin=-2.000000, optimistic_rem(widened)=0.000000 -> cannot exceed 0.
[9778.892s] PRUNE: margin=-2.000000, optimistic_rem(widened)=0.000000 -> cannot exceed 0.
[9783.855s] PRUNE: margin=-2.000000, optimistic_rem(widened)=0.000000 -> cannot exceed 0.
[9793.562s] PRUNE: margin=-2.000000, optimistic_rem(widened)=0.000000 -> cannot exceed 0.
[9824.886s] PRUNE: margin=-2.000000, optimistic_rem(widened)=0.000000 -> cannot exceed 0.
[9833.028s] PRUNE: margin=-2.000000, optimistic_rem(widened)=0.000000 -> cannot exceed 0.
[9849.306s] PRUNE: margin=-2.000000, optimistic_rem(widened)=0.000000 -> cannot exceed 0.
[9934.736s] PRUNE: margin=-8.000000, optimistic_rem(widened)=8.000000 -> cannot exceed 0.
[10064.992s] PRUNE: margin=-10.000000, optimistic_rem(widened)=0.000000 -> cannot exceed 0.
[10073.136s] PRUNE: margin=-10.000000, optimistic_rem(widened)=0.000000 -> cannot exceed 0.
[10081.278s] PRUNE: margin=-10.000000, optimistic_rem(widened)=0.000000 -> cannot exceed 0.
[10089.421s] PRUNE: margin=-10.000000, optimistic_rem(widened)=0.000000 -> cannot exceed 0.
[10097.569s] PRUNE: margin=-10.000000, optimistic_rem(widened)=0.000000 -> cannot exceed 0.
[10105.712s] PRUNE: margin=-10.000000, optimistic_rem(widened)=0.000000 -> cannot exceed 0.
[10122.000s] PRUNE: margin=-8.000000, optimistic_rem(widened)=0.000000 -> cannot exceed 0.
[10191.238s] PRUNE: margin=-10.000000, optimistic_rem(widened)=0.000000 -> cannot exceed 0.
[10199.384s] PRUNE: margin=-10.000000, optimistic_rem(widened)=0.000000 -> cannot exceed 0.
[10207.526s] PRUNE: margin=-10.000000, optimistic_rem(widened)=0.000000 -> cannot exceed 0.
[10215.678s] PRUNE: margin=-10.000000, optimistic_rem(widened)=0.000000 -> cannot exceed 0.
[10223.830s] PRUNE: margin=-10.000000, optimistic_rem(widened)=0.000000 -> cannot exceed 0.
[10272.703s] PRUNE: margin=-10.000000, optimistic_rem(widened)=0.000000 -> cannot exceed 0.
[10280.851s] PRUNE: margin=-10.000000, optimistic_rem(widened)=0.000000 -> cannot exceed 0.
[10288.992s] PRUNE: margin=-10.000000, optimistic_rem(widened)=0.000000 -> cannot exceed 0.
[10297.139s] PRUNE: margin=-10.000000, optimistic_rem(widened)=0.000000 -> cannot exceed 0.
[10305.289s] PRUNE: margin=-10.000000, optimistic_rem(widened)=0.000000 -> cannot exceed 0.
[10313.434s] PRUNE: margin=-10.000000, optimistic_rem(widened)=0.000000 -> cannot exceed 0.
[10329.720s] PRUNE: margin=-10.000000, optimistic_rem(widened)=0.000000 -> cannot exceed 0.
[10337.862s] PRUNE: margin=-10.000000, optimistic_rem(widened)=0.000000 -> cannot exceed 0.
[10346.005s] PRUNE: margin=-10.000000, optimistic_rem(widened)=0.000000 -> cannot exceed 0.
[10354.153s] PRUNE: margin=-10.000000, optimistic_rem(widened)=0.000000 -> cannot exceed 0.
[10362.302s] PRUNE: margin=-10.000000, optimistic_rem(widened)=0.000000 -> cannot exceed 0.
[10370.444s] PRUNE: margin=-10.000000, optimistic_rem(widened)=0.000000 -> cannot exceed 0.
[10382.668s] PRUNE: margin=-10.000000, optimistic_rem(widened)=8.000000 -> cannot exceed 0.
[10390.809s] PRUNE: margin=-10.000000, optimistic_rem(widened)=8.000000 -> cannot exceed 0.
[10400.010s] PRUNE: margin=-10.000000, optimistic_rem(widened)=0.000000 -> cannot exceed 0.
[10405.007s] PRUNE: margin=-10.000000, optimistic_rem(widened)=0.000000 -> cannot exceed 0.
[10410.020s] PRUNE: margin=-10.000000, optimistic_rem(widened)=0.000000 -> cannot exceed 0.
[10417.190s] PRUNE: margin=-10.000000, optimistic_rem(widened)=8.000000 -> cannot exceed 0.
[10424.455s] PRUNE: margin=-10.000000, optimistic_rem(widened)=0.000000 -> cannot exceed 0.
[10431.635s] PRUNE: margin=-10.000000, optimistic_rem(widened)=8.000000 -> cannot exceed 0.
[10443.991s] PRUNE: margin=-8.000000, optimistic_rem(widened)=0.000000 -> cannot exceed 0.
[10486.275s] PRUNE: margin=-10.000000, optimistic_rem(widened)=0.000000 -> cannot exceed 0.
[10491.314s] PRUNE: margin=-10.000000, optimistic_rem(widened)=0.000000 -> cannot exceed 0.
[10496.228s] PRUNE: margin=-10.000000, optimistic_rem(widened)=0.000000 -> cannot exceed 0.
[10501.146s] PRUNE: margin=-10.000000, optimistic_rem(widened)=0.000000 -> cannot exceed 0.
[10506.004s] PRUNE: margin=-10.000000, optimistic_rem(widened)=0.000000 -> cannot exceed 0.
[10516.073s] PRUNE: margin=-8.000000, optimistic_rem(widened)=0.000000 -> cannot exceed 0.
[10537.996s] PRUNE: margin=-10.000000, optimistic_rem(widened)=0.000000 -> cannot exceed 0.
[10542.841s] PRUNE: margin=-10.000000, optimistic_rem(widened)=0.000000 -> cannot exceed 0.
[10547.674s] PRUNE: margin=-10.000000, optimistic_rem(widened)=0.000000 -> cannot exceed 0.
[10552.473s] PRUNE: margin=-10.000000, optimistic_rem(widened)=0.000000 -> cannot exceed 0.
[10557.285s] PRUNE: margin=-10.000000, optimistic_rem(widened)=0.000000 -> cannot exceed 0.
[10567.084s] PRUNE: margin=-10.000000, optimistic_rem(widened)=0.000000 -> cannot exceed 0.
[10572.056s] PRUNE: margin=-10.000000, optimistic_rem(widened)=0.000000 -> cannot exceed 0.
[10576.863s] PRUNE: margin=-10.000000, optimistic_rem(widened)=0.000000 -> cannot exceed 0.
[10581.801s] PRUNE: margin=-10.000000, optimistic_rem(widened)=0.000000 -> cannot exceed 0.
[10586.677s] PRUNE: margin=-10.000000, optimistic_rem(widened)=0.000000 -> cannot exceed 0.
[10591.506s] PRUNE: margin=-10.000000, optimistic_rem(widened)=0.000000 -> cannot exceed 0.
[10601.112s] PRUNE: margin=-10.000000, optimistic_rem(widened)=0.000000 -> cannot exceed 0.
[10605.954s] PRUNE: margin=-10.000000, optimistic_rem(widened)=0.000000 -> cannot exceed 0.
[10610.854s] PRUNE: margin=-10.000000, optimistic_rem(widened)=0.000000 -> cannot exceed 0.
[10615.815s] PRUNE: margin=-10.000000, optimistic_rem(widened)=0.000000 -> cannot exceed 0.
[10620.693s] PRUNE: margin=-10.000000, optimistic_rem(widened)=0.000000 -> cannot exceed 0.
[10630.505s] PRUNE: margin=-10.000000, optimistic_rem(widened)=0.000000 -> cannot exceed 0.
[10635.389s] PRUNE: margin=-10.000000, optimistic_rem(widened)=0.000000 -> cannot exceed 0.
[10640.233s] PRUNE: margin=-10.000000, optimistic_rem(widened)=0.000000 -> cannot exceed 0.
[10645.040s] PRUNE: margin=-10.000000, optimistic_rem(widened)=0.000000 -> cannot exceed 0.
[10654.621s] PRUNE: margin=-10.000000, optimistic_rem(widened)=0.000000 -> cannot exceed 0.
[10659.452s] PRUNE: margin=-10.000000, optimistic_rem(widened)=0.000000 -> cannot exceed 0.
[10664.249s] PRUNE: margin=-10.000000, optimistic_rem(widened)=0.000000 -> cannot exceed 0.
[10671.447s] PRUNE: margin=-10.000000, optimistic_rem(widened)=8.000000 -> cannot exceed 0.
[10678.609s] PRUNE: margin=-8.000000, optimistic_rem(widened)=0.000000 -> cannot exceed 0.
[10685.980s] PRUNE: margin=-10.000000, optimistic_rem(widened)=8.000000 -> cannot exceed 0.
[10695.763s] PRUNE: margin=-8.000000, optimistic_rem(widened)=6.000000 -> cannot exceed 0.
[10703.084s] PRUNE: margin=-8.000000, optimistic_rem(widened)=0.000000 -> cannot exceed 0.
[10722.553s] PRUNE: margin=-10.000000, optimistic_rem(widened)=0.000000 -> cannot exceed 0.
[10727.537s] PRUNE: margin=-10.000000, optimistic_rem(widened)=0.000000 -> cannot exceed 0.
[10733.743s] PRUNE: margin=-10.000000, optimistic_rem(widened)=0.000000 -> cannot exceed 0.
[10741.887s] PRUNE: margin=-10.000000, optimistic_rem(widened)=0.000000 -> cannot exceed 0.
[10756.680s] PRUNE: margin=-10.000000, optimistic_rem(widened)=0.000000 -> cannot exceed 0.
[10761.717s] PRUNE: margin=-10.000000, optimistic_rem(widened)=0.000000 -> cannot exceed 0.
[10766.669s] PRUNE: margin=-10.000000, optimistic_rem(widened)=0.000000 -> cannot exceed 0.
[10771.638s] PRUNE: margin=-10.000000, optimistic_rem(widened)=0.000000 -> cannot exceed 0.
[10776.642s] PRUNE: margin=-10.000000, optimistic_rem(widened)=0.000000 -> cannot exceed 0.
[10784.017s] PRUNE: margin=-10.000000, optimistic_rem(widened)=8.000000 -> cannot exceed 0.
[10791.409s] PRUNE: margin=-10.000000, optimistic_rem(widened)=0.000000 -> cannot exceed 0.
[10796.289s] PRUNE: margin=-10.000000, optimistic_rem(widened)=0.000000 -> cannot exceed 0.
[10801.256s] PRUNE: margin=-10.000000, optimistic_rem(widened)=0.000000 -> cannot exceed 0.
[10811.008s] PRUNE: margin=-10.000000, optimistic_rem(widened)=0.000000 -> cannot exceed 0.
[10815.905s] PRUNE: margin=-10.000000, optimistic_rem(widened)=0.000000 -> cannot exceed 0.
[10823.207s] PRUNE: margin=-10.000000, optimistic_rem(widened)=8.000000 -> cannot exceed 0.
[10837.875s] PRUNE: margin=-8.000000, optimistic_rem(widened)=6.000000 -> cannot exceed 0.
[10845.072s] PRUNE: margin=-10.000000, optimistic_rem(widened)=0.000000 -> cannot exceed 0.
[10850.007s] PRUNE: margin=-10.000000, optimistic_rem(widened)=0.000000 -> cannot exceed 0.
[10854.884s] PRUNE: margin=-10.000000, optimistic_rem(widened)=0.000000 -> cannot exceed 0.
[10859.803s] PRUNE: margin=-10.000000, optimistic_rem(widened)=0.000000 -> cannot exceed 0.
[10864.796s] PRUNE: margin=-10.000000, optimistic_rem(widened)=0.000000 -> cannot exceed 0.
[10872.270s] PRUNE: margin=-10.000000, optimistic_rem(widened)=8.000000 -> cannot exceed 0.
[10878.648s] PRUNE: margin=-10.000000, optimistic_rem(widened)=8.000000 -> cannot exceed 0.
[10890.857s] PRUNE: margin=-10.000000, optimistic_rem(widened)=0.000000 -> cannot exceed 0.
[10898.998s] PRUNE: margin=-10.000000, optimistic_rem(widened)=0.000000 -> cannot exceed 0.
[10915.282s] PRUNE: margin=-8.000000, optimistic_rem(widened)=0.000000 -> cannot exceed 0.
[10927.495s] PRUNE: margin=-10.000000, optimistic_rem(widened)=8.000000 -> cannot exceed 0.
[10947.844s] PRUNE: margin=-10.000000, optimistic_rem(widened)=0.000000 -> cannot exceed 0.
[10955.983s] PRUNE: margin=-10.000000, optimistic_rem(widened)=0.000000 -> cannot exceed 0.
[10964.128s] PRUNE: margin=-10.000000, optimistic_rem(widened)=0.000000 -> cannot exceed 0.
[10972.274s] PRUNE: margin=-10.000000, optimistic_rem(widened)=0.000000 -> cannot exceed 0.
[10980.415s] PRUNE: margin=-10.000000, optimistic_rem(widened)=0.000000 -> cannot exceed 0.
[10996.698s] PRUNE: margin=-10.000000, optimistic_rem(widened)=0.000000 -> cannot exceed 0.
[11004.839s] PRUNE: margin=-10.000000, optimistic_rem(widened)=0.000000 -> cannot exceed 0.
[11012.983s] PRUNE: margin=-10.000000, optimistic_rem(widened)=0.000000 -> cannot exceed 0.
[11021.123s] PRUNE: margin=-10.000000, optimistic_rem(widened)=0.000000 -> cannot exceed 0.
[11037.404s] PRUNE: margin=-10.000000, optimistic_rem(widened)=0.000000 -> cannot exceed 0.
[11045.550s] PRUNE: margin=-10.000000, optimistic_rem(widened)=0.000000 -> cannot exceed 0.
[11053.691s] PRUNE: margin=-10.000000, optimistic_rem(widened)=0.000000 -> cannot exceed 0.
[11069.971s] PRUNE: margin=-10.000000, optimistic_rem(widened)=0.000000 -> cannot exceed 0.
[11078.118s] PRUNE: margin=-10.000000, optimistic_rem(widened)=0.000000 -> cannot exceed 0.
[11094.405s] PRUNE: margin=-10.000000, optimistic_rem(widened)=0.000000 -> cannot exceed 0.
[11122.891s] PRUNE: margin=-10.000000, optimistic_rem(widened)=8.000000 -> cannot exceed 0.
[11131.030s] PRUNE: margin=-10.000000, optimistic_rem(widened)=8.000000 -> cannot exceed 0.
[11139.168s] PRUNE: margin=-10.000000, optimistic_rem(widened)=8.000000 -> cannot exceed 0.
[11151.380s] PRUNE: margin=-10.000000, optimistic_rem(widened)=0.000000 -> cannot exceed 0.
[11163.589s] PRUNE: margin=-10.000000, optimistic_rem(widened)=8.000000 -> cannot exceed 0.
[11183.935s] PRUNE: margin=-10.000000, optimistic_rem(widened)=0.000000 -> cannot exceed 0.
[11192.078s] PRUNE: margin=-10.000000, optimistic_rem(widened)=0.000000 -> cannot exceed 0.
[11200.224s] PRUNE: margin=-10.000000, optimistic_rem(widened)=0.000000 -> cannot exceed 0.
[11212.428s] PRUNE: margin=-10.000000, optimistic_rem(widened)=8.000000 -> cannot exceed 0.
[11224.641s] PRUNE: margin=-10.000000, optimistic_rem(widened)=0.000000 -> cannot exceed 0.
[11236.856s] PRUNE: margin=-10.000000, optimistic_rem(widened)=8.000000 -> cannot exceed 0.
[11253.135s] PRUNE: margin=-10.000000, optimistic_rem(widened)=8.000000 -> cannot exceed 0.
[11265.349s] PRUNE: margin=-10.000000, optimistic_rem(widened)=0.000000 -> cannot exceed 0.
[11277.561s] PRUNE: margin=-10.000000, optimistic_rem(widened)=8.000000 -> cannot exceed 0.
[11297.912s] PRUNE: margin=-8.000000, optimistic_rem(widened)=0.000000 -> cannot exceed 0.
[11310.119s] PRUNE: margin=-10.000000, optimistic_rem(widened)=8.000000 -> cannot exceed 0.
[11326.406s] PRUNE: margin=-10.000000, optimistic_rem(widened)=8.000000 -> cannot exceed 0.
[11338.625s] PRUNE: margin=-10.000000, optimistic_rem(widened)=10.000000 -> cannot exceed 0.
[11363.041s] PRUNE: margin=-8.000000, optimistic_rem(widened)=0.000000 -> cannot exceed 0.
[11432.255s] PRUNE: margin=-10.000000, optimistic_rem(widened)=0.000000 -> cannot exceed 0.
[11440.392s] PRUNE: margin=-10.000000, optimistic_rem(widened)=0.000000 -> cannot exceed 0.
[11448.530s] PRUNE: margin=-10.000000, optimistic_rem(widened)=0.000000 -> cannot exceed 0.
[11456.673s] PRUNE: margin=-10.000000, optimistic_rem(widened)=0.000000 -> cannot exceed 0.
[11464.819s] PRUNE: margin=-10.000000, optimistic_rem(widened)=0.000000 -> cannot exceed 0.
[11481.101s] PRUNE: margin=-8.000000, optimistic_rem(widened)=0.000000 -> cannot exceed 0.
[11517.730s] PRUNE: margin=-10.000000, optimistic_rem(widened)=0.000000 -> cannot exceed 0.
[11525.877s] PRUNE: margin=-10.000000, optimistic_rem(widened)=0.000000 -> cannot exceed 0.
[11534.019s] PRUNE: margin=-10.000000, optimistic_rem(widened)=0.000000 -> cannot exceed 0.
[11542.164s] PRUNE: margin=-10.000000, optimistic_rem(widened)=0.000000 -> cannot exceed 0.
[11550.305s] PRUNE: margin=-10.000000, optimistic_rem(widened)=0.000000 -> cannot exceed 0.
[11566.584s] PRUNE: margin=-10.000000, optimistic_rem(widened)=0.000000 -> cannot exceed 0.
[11574.724s] PRUNE: margin=-10.000000, optimistic_rem(widened)=0.000000 -> cannot exceed 0.
[11582.870s] PRUNE: margin=-10.000000, optimistic_rem(widened)=0.000000 -> cannot exceed 0.
[11591.012s] PRUNE: margin=-10.000000, optimistic_rem(widened)=0.000000 -> cannot exceed 0.
[11599.155s] PRUNE: margin=-10.000000, optimistic_rem(widened)=0.000000 -> cannot exceed 0.
[11607.294s] PRUNE: margin=-10.000000, optimistic_rem(widened)=0.000000 -> cannot exceed 0.
[11623.577s] PRUNE: margin=-10.000000, optimistic_rem(widened)=0.000000 -> cannot exceed 0.
[11631.715s] PRUNE: margin=-10.000000, optimistic_rem(widened)=0.000000 -> cannot exceed 0.
[11639.855s] PRUNE: margin=-10.000000, optimistic_rem(widened)=0.000000 -> cannot exceed 0.
[11647.997s] PRUNE: margin=-10.000000, optimistic_rem(widened)=0.000000 -> cannot exceed 0.
[11656.134s] PRUNE: margin=-10.000000, optimistic_rem(widened)=0.000000 -> cannot exceed 0.
[11672.410s] PRUNE: margin=-10.000000, optimistic_rem(widened)=0.000000 -> cannot exceed 0.
[11680.548s] PRUNE: margin=-10.000000, optimistic_rem(widened)=0.000000 -> cannot exceed 0.
[11688.689s] PRUNE: margin=-10.000000, optimistic_rem(widened)=0.000000 -> cannot exceed 0.
[11696.828s] PRUNE: margin=-10.000000, optimistic_rem(widened)=0.000000 -> cannot exceed 0.
[11713.105s] PRUNE: margin=-10.000000, optimistic_rem(widened)=0.000000 -> cannot exceed 0.
[11721.250s] PRUNE: margin=-10.000000, optimistic_rem(widened)=0.000000 -> cannot exceed 0.
[11729.388s] PRUNE: margin=-10.000000, optimistic_rem(widened)=0.000000 -> cannot exceed 0.
[11741.593s] PRUNE: margin=-10.000000, optimistic_rem(widened)=8.000000 -> cannot exceed 0.
[11753.805s] PRUNE: margin=-8.000000, optimistic_rem(widened)=0.000000 -> cannot exceed 0.
[11766.013s] PRUNE: margin=-10.000000, optimistic_rem(widened)=8.000000 -> cannot exceed 0.
[11782.296s] PRUNE: margin=-8.000000, optimistic_rem(widened)=6.000000 -> cannot exceed 0.
[11794.510s] PRUNE: margin=-8.000000, optimistic_rem(widened)=0.000000 -> cannot exceed 0.
[11827.078s] PRUNE: margin=-10.000000, optimistic_rem(widened)=0.000000 -> cannot exceed 0.
[11835.216s] PRUNE: margin=-10.000000, optimistic_rem(widened)=0.000000 -> cannot exceed 0.
[11843.358s] PRUNE: margin=-10.000000, optimistic_rem(widened)=0.000000 -> cannot exceed 0.
[11851.506s] PRUNE: margin=-10.000000, optimistic_rem(widened)=0.000000 -> cannot exceed 0.
[11867.787s] PRUNE: margin=-10.000000, optimistic_rem(widened)=0.000000 -> cannot exceed 0.
[11875.928s] PRUNE: margin=-10.000000, optimistic_rem(widened)=0.000000 -> cannot exceed 0.
[11884.071s] PRUNE: margin=-10.000000, optimistic_rem(widened)=0.000000 -> cannot exceed 0.
[11892.215s] PRUNE: margin=-10.000000, optimistic_rem(widened)=0.000000 -> cannot exceed 0.
[11900.360s] PRUNE: margin=-10.000000, optimistic_rem(widened)=0.000000 -> cannot exceed 0.
[11912.578s] PRUNE: margin=-10.000000, optimistic_rem(widened)=8.000000 -> cannot exceed 0.
[11924.783s] PRUNE: margin=-10.000000, optimistic_rem(widened)=0.000000 -> cannot exceed 0.
[11932.924s] PRUNE: margin=-10.000000, optimistic_rem(widened)=0.000000 -> cannot exceed 0.
[11941.064s] PRUNE: margin=-10.000000, optimistic_rem(widened)=0.000000 -> cannot exceed 0.
[11957.339s] PRUNE: margin=-10.000000, optimistic_rem(widened)=0.000000 -> cannot exceed 0.
[11965.481s] PRUNE: margin=-10.000000, optimistic_rem(widened)=0.000000 -> cannot exceed 0.
[11977.687s] PRUNE: margin=-10.000000, optimistic_rem(widened)=8.000000 -> cannot exceed 0.
[12002.108s] PRUNE: margin=-8.000000, optimistic_rem(widened)=6.000000 -> cannot exceed 0.
[12014.319s] PRUNE: margin=-10.000000, optimistic_rem(widened)=0.000000 -> cannot exceed 0.
[12022.460s] PRUNE: margin=-10.000000, optimistic_rem(widened)=0.000000 -> cannot exceed 0.
[12030.599s] PRUNE: margin=-10.000000, optimistic_rem(widened)=0.000000 -> cannot exceed 0.
[12038.742s] PRUNE: margin=-10.000000, optimistic_rem(widened)=0.000000 -> cannot exceed 0.
[12046.882s] PRUNE: margin=-10.000000, optimistic_rem(widened)=0.000000 -> cannot exceed 0.
[12059.094s] PRUNE: margin=-10.000000, optimistic_rem(widened)=8.000000 -> cannot exceed 0.
[12067.236s] PRUNE: margin=-10.000000, optimistic_rem(widened)=8.000000 -> cannot exceed 0.
[12079.450s] PRUNE: margin=-10.000000, optimistic_rem(widened)=0.000000 -> cannot exceed 0.
[12087.592s] PRUNE: margin=-10.000000, optimistic_rem(widened)=0.000000 -> cannot exceed 0.
[12103.875s] PRUNE: margin=-8.000000, optimistic_rem(widened)=0.000000 -> cannot exceed 0.
[12116.095s] PRUNE: margin=-10.000000, optimistic_rem(widened)=8.000000 -> cannot exceed 0.
[12136.449s] PRUNE: margin=-10.000000, optimistic_rem(widened)=0.000000 -> cannot exceed 0.
[12144.587s] PRUNE: margin=-10.000000, optimistic_rem(widened)=0.000000 -> cannot exceed 0.
[12152.724s] PRUNE: margin=-10.000000, optimistic_rem(widened)=0.000000 -> cannot exceed 0.
[12159.865s] PRUNE: margin=-10.000000, optimistic_rem(widened)=0.000000 -> cannot exceed 0.
[12168.006s] PRUNE: margin=-10.000000, optimistic_rem(widened)=0.000000 -> cannot exceed 0.
[12178.890s] PRUNE: margin=-10.000000, optimistic_rem(widened)=0.000000 -> cannot exceed 0.
[12183.935s] PRUNE: margin=-10.000000, optimistic_rem(widened)=0.000000 -> cannot exceed 0.
[12189.463s] PRUNE: margin=-10.000000, optimistic_rem(widened)=0.000000 -> cannot exceed 0.
[12197.597s] PRUNE: margin=-10.000000, optimistic_rem(widened)=0.000000 -> cannot exceed 0.
[12213.864s] PRUNE: margin=-10.000000, optimistic_rem(widened)=0.000000 -> cannot exceed 0.
[12222.001s] PRUNE: margin=-10.000000, optimistic_rem(widened)=0.000000 -> cannot exceed 0.
[12230.138s] PRUNE: margin=-10.000000, optimistic_rem(widened)=0.000000 -> cannot exceed 0.
[12246.411s] PRUNE: margin=-10.000000, optimistic_rem(widened)=0.000000 -> cannot exceed 0.
[12254.548s] PRUNE: margin=-10.000000, optimistic_rem(widened)=0.000000 -> cannot exceed 0.
[12270.825s] PRUNE: margin=-10.000000, optimistic_rem(widened)=0.000000 -> cannot exceed 0.
[12299.298s] PRUNE: margin=-10.000000, optimistic_rem(widened)=8.000000 -> cannot exceed 0.
[12307.431s] PRUNE: margin=-10.000000, optimistic_rem(widened)=8.000000 -> cannot exceed 0.
[12315.563s] PRUNE: margin=-10.000000, optimistic_rem(widened)=8.000000 -> cannot exceed 0.
[12327.767s] PRUNE: margin=-10.000000, optimistic_rem(widened)=0.000000 -> cannot exceed 0.
[12339.970s] PRUNE: margin=-10.000000, optimistic_rem(widened)=8.000000 -> cannot exceed 0.
[12360.306s] PRUNE: margin=-10.000000, optimistic_rem(widened)=0.000000 -> cannot exceed 0.
[12368.442s] PRUNE: margin=-10.000000, optimistic_rem(widened)=0.000000 -> cannot exceed 0.
[12376.574s] PRUNE: margin=-10.000000, optimistic_rem(widened)=0.000000 -> cannot exceed 0.
[12388.806s] PRUNE: margin=-10.000000, optimistic_rem(widened)=8.000000 -> cannot exceed 0.
[12401.056s] PRUNE: margin=-10.000000, optimistic_rem(widened)=0.000000 -> cannot exceed 0.
[12413.261s] PRUNE: margin=-10.000000, optimistic_rem(widened)=8.000000 -> cannot exceed 0.
[12429.508s] PRUNE: margin=-10.000000, optimistic_rem(widened)=8.000000 -> cannot exceed 0.
[12441.692s] PRUNE: margin=-10.000000, optimistic_rem(widened)=0.000000 -> cannot exceed 0.
[12453.880s] PRUNE: margin=-10.000000, optimistic_rem(widened)=8.000000 -> cannot exceed 0.
[12474.180s] PRUNE: margin=-8.000000, optimistic_rem(widened)=0.000000 -> cannot exceed 0.
[12486.363s] PRUNE: margin=-10.000000, optimistic_rem(widened)=8.000000 -> cannot exceed 0.
[12502.604s] PRUNE: margin=-10.000000, optimistic_rem(widened)=8.000000 -> cannot exceed 0.
[12514.794s] PRUNE: margin=-10.000000, optimistic_rem(widened)=10.000000 -> cannot exceed 0.
[12531.039s] PRUNE: margin=-8.000000, optimistic_rem(widened)=6.000000 -> cannot exceed 0.
[12575.716s] PRUNE: margin=-8.000000, optimistic_rem(widened)=0.000000 -> cannot exceed 0.
[12583.841s] PRUNE: margin=-10.000000, optimistic_rem(widened)=0.000000 -> cannot exceed 0.
[12591.962s] PRUNE: margin=-10.000000, optimistic_rem(widened)=0.000000 -> cannot exceed 0.
[12600.083s] PRUNE: margin=-8.000000, optimistic_rem(widened)=0.000000 -> cannot exceed 0.
[12608.214s] PRUNE: margin=-10.000000, optimistic_rem(widened)=0.000000 -> cannot exceed 0.
[12624.462s] PRUNE: margin=-10.000000, optimistic_rem(widened)=0.000000 -> cannot exceed 0.
[12632.579s] PRUNE: margin=-10.000000, optimistic_rem(widened)=0.000000 -> cannot exceed 0.
[12640.699s] PRUNE: margin=-10.000000, optimistic_rem(widened)=0.000000 -> cannot exceed 0.
[12648.819s] PRUNE: margin=-10.000000, optimistic_rem(widened)=0.000000 -> cannot exceed 0.
[12656.943s] PRUNE: margin=-10.000000, optimistic_rem(widened)=0.000000 -> cannot exceed 0.
[12669.121s] PRUNE: margin=-10.000000, optimistic_rem(widened)=8.000000 -> cannot exceed 0.
[12681.314s] PRUNE: margin=-10.000000, optimistic_rem(widened)=0.000000 -> cannot exceed 0.
[12689.436s] PRUNE: margin=-10.000000, optimistic_rem(widened)=0.000000 -> cannot exceed 0.
[12697.560s] PRUNE: margin=-10.000000, optimistic_rem(widened)=0.000000 -> cannot exceed 0.
[12713.803s] PRUNE: margin=-10.000000, optimistic_rem(widened)=0.000000 -> cannot exceed 0.
[12721.931s] PRUNE: margin=-10.000000, optimistic_rem(widened)=0.000000 -> cannot exceed 0.
[12734.110s] PRUNE: margin=-10.000000, optimistic_rem(widened)=8.000000 -> cannot exceed 0.
[12755.842s] PRUNE: margin=-8.000000, optimistic_rem(widened)=6.000000 -> cannot exceed 0.
[12763.277s] PRUNE: margin=-10.000000, optimistic_rem(widened)=0.000000 -> cannot exceed 0.
[12768.181s] PRUNE: margin=-10.000000, optimistic_rem(widened)=0.000000 -> cannot exceed 0.
[12773.297s] PRUNE: margin=-10.000000, optimistic_rem(widened)=0.000000 -> cannot exceed 0.
[12780.454s] PRUNE: margin=-10.000000, optimistic_rem(widened)=0.000000 -> cannot exceed 0.
[12792.655s] PRUNE: margin=-10.000000, optimistic_rem(widened)=8.000000 -> cannot exceed 0.
[12800.789s] PRUNE: margin=-10.000000, optimistic_rem(widened)=8.000000 -> cannot exceed 0.
[12808.921s] PRUNE: margin=-10.000000, optimistic_rem(widened)=8.000000 -> cannot exceed 0.
[12837.389s] PRUNE: margin=-10.000000, optimistic_rem(widened)=0.000000 -> cannot exceed 0.
[12845.521s] PRUNE: margin=-10.000000, optimistic_rem(widened)=0.000000 -> cannot exceed 0.
[12853.655s] PRUNE: margin=-10.000000, optimistic_rem(widened)=0.000000 -> cannot exceed 0.
[12861.789s] PRUNE: margin=-10.000000, optimistic_rem(widened)=0.000000 -> cannot exceed 0.
[12875.403s] PRUNE: margin=-10.000000, optimistic_rem(widened)=0.000000 -> cannot exceed 0.
[12880.474s] PRUNE: margin=-10.000000, optimistic_rem(widened)=0.000000 -> cannot exceed 0.
[12885.661s] PRUNE: margin=-10.000000, optimistic_rem(widened)=0.000000 -> cannot exceed 0.
[12895.814s] PRUNE: margin=-10.000000, optimistic_rem(widened)=0.000000 -> cannot exceed 0.
[12903.279s] PRUNE: margin=-10.000000, optimistic_rem(widened)=0.000000 -> cannot exceed 0.
[12919.548s] PRUNE: margin=-10.000000, optimistic_rem(widened)=0.000000 -> cannot exceed 0.
[12944.004s] PRUNE: margin=-10.000000, optimistic_rem(widened)=0.000000 -> cannot exceed 0.
[12949.050s] PRUNE: margin=-10.000000, optimistic_rem(widened)=0.000000 -> cannot exceed 0.
[12954.099s] PRUNE: margin=-10.000000, optimistic_rem(widened)=0.000000 -> cannot exceed 0.
[12964.171s] PRUNE: margin=-10.000000, optimistic_rem(widened)=0.000000 -> cannot exceed 0.
[12969.053s] PRUNE: margin=-10.000000, optimistic_rem(widened)=0.000000 -> cannot exceed 0.
[12976.462s] PRUNE: margin=-10.000000, optimistic_rem(widened)=8.000000 -> cannot exceed 0.
[12994.190s] PRUNE: margin=-10.000000, optimistic_rem(widened)=0.000000 -> cannot exceed 0.
[12999.261s] PRUNE: margin=-10.000000, optimistic_rem(widened)=0.000000 -> cannot exceed 0.
[13006.939s] PRUNE: margin=-10.000000, optimistic_rem(widened)=8.000000 -> cannot exceed 0.
[13022.131s] PRUNE: margin=-10.000000, optimistic_rem(widened)=8.000000 -> cannot exceed 0.
[13060.924s] PRUNE: margin=-8.000000, optimistic_rem(widened)=6.000000 -> cannot exceed 0.
[13069.981s] PRUNE: margin=-8.000000, optimistic_rem(widened)=6.000000 -> cannot exceed 0.
[13075.145s] PRUNE: margin=-8.000000, optimistic_rem(widened)=6.000000 -> cannot exceed 0.
[13082.581s] PRUNE: margin=-10.000000, optimistic_rem(widened)=0.000000 -> cannot exceed 0.
[13087.512s] PRUNE: margin=-10.000000, optimistic_rem(widened)=0.000000 -> cannot exceed 0.
[13092.499s] PRUNE: margin=-10.000000, optimistic_rem(widened)=0.000000 -> cannot exceed 0.
[13099.884s] PRUNE: margin=-10.000000, optimistic_rem(widened)=8.000000 -> cannot exceed 0.
[13104.889s] PRUNE: margin=-10.000000, optimistic_rem(widened)=8.000000 -> cannot exceed 0.
[13109.883s] PRUNE: margin=-10.000000, optimistic_rem(widened)=8.000000 -> cannot exceed 0.
[13122.174s] PRUNE: margin=-10.000000, optimistic_rem(widened)=0.000000 -> cannot exceed 0.
[13127.201s] PRUNE: margin=-10.000000, optimistic_rem(widened)=0.000000 -> cannot exceed 0.
[13132.102s] PRUNE: margin=-10.000000, optimistic_rem(widened)=0.000000 -> cannot exceed 0.
[13137.252s] PRUNE: margin=-10.000000, optimistic_rem(widened)=0.000000 -> cannot exceed 0.
[13147.386s] PRUNE: margin=-10.000000, optimistic_rem(widened)=0.000000 -> cannot exceed 0.
[13152.512s] PRUNE: margin=-10.000000, optimistic_rem(widened)=0.000000 -> cannot exceed 0.
[13157.598s] PRUNE: margin=-10.000000, optimistic_rem(widened)=0.000000 -> cannot exceed 0.
[13167.504s] PRUNE: margin=-10.000000, optimistic_rem(widened)=0.000000 -> cannot exceed 0.
[13172.604s] PRUNE: margin=-10.000000, optimistic_rem(widened)=0.000000 -> cannot exceed 0.
[13182.531s] PRUNE: margin=-10.000000, optimistic_rem(widened)=0.000000 -> cannot exceed 0.
[13197.902s] PRUNE: margin=-10.000000, optimistic_rem(widened)=10.000000 -> cannot exceed 0.
[13210.236s] PRUNE: margin=-10.000000, optimistic_rem(widened)=0.000000 -> cannot exceed 0.
[13215.195s] PRUNE: margin=-10.000000, optimistic_rem(widened)=0.000000 -> cannot exceed 0.
[13222.587s] PRUNE: margin=-10.000000, optimistic_rem(widened)=8.000000 -> cannot exceed 0.
[13237.830s] PRUNE: margin=-10.000000, optimistic_rem(widened)=8.000000 -> cannot exceed 0.
[13275.760s] PRUNE: margin=-10.000000, optimistic_rem(widened)=0.000000 -> cannot exceed 0.
[13280.766s] PRUNE: margin=-10.000000, optimistic_rem(widened)=0.000000 -> cannot exceed 0.
[13285.858s] PRUNE: margin=-10.000000, optimistic_rem(widened)=0.000000 -> cannot exceed 0.
[13290.926s] PRUNE: margin=-10.000000, optimistic_rem(widened)=0.000000 -> cannot exceed 0.
[13295.891s] PRUNE: margin=-10.000000, optimistic_rem(widened)=0.000000 -> cannot exceed 0.
[13303.412s] PRUNE: margin=-8.000000, optimistic_rem(widened)=6.000000 -> cannot exceed 0.
[13308.438s] PRUNE: margin=-10.000000, optimistic_rem(widened)=8.000000 -> cannot exceed 0.
[13313.414s] PRUNE: margin=-10.000000, optimistic_rem(widened)=8.000000 -> cannot exceed 0.
[13322.845s] PRUNE: margin=-8.000000, optimistic_rem(widened)=0.000000 -> cannot exceed 0.
[13335.056s] PRUNE: margin=-8.000000, optimistic_rem(widened)=6.000000 -> cannot exceed 0.
[13355.444s] PRUNE: margin=-10.000000, optimistic_rem(widened)=0.000000 -> cannot exceed 0.
[13363.584s] PRUNE: margin=-10.000000, optimistic_rem(widened)=0.000000 -> cannot exceed 0.
[13371.723s] PRUNE: margin=-10.000000, optimistic_rem(widened)=0.000000 -> cannot exceed 0.
[13379.860s] PRUNE: margin=-10.000000, optimistic_rem(widened)=0.000000 -> cannot exceed 0.
[13396.131s] PRUNE: margin=-10.000000, optimistic_rem(widened)=0.000000 -> cannot exceed 0.
[13404.272s] PRUNE: margin=-10.000000, optimistic_rem(widened)=0.000000 -> cannot exceed 0.
[13412.410s] PRUNE: margin=-10.000000, optimistic_rem(widened)=0.000000 -> cannot exceed 0.
[13428.688s] PRUNE: margin=-10.000000, optimistic_rem(widened)=0.000000 -> cannot exceed 0.
[13436.825s] PRUNE: margin=-10.000000, optimistic_rem(widened)=0.000000 -> cannot exceed 0.
[13453.103s] PRUNE: margin=-10.000000, optimistic_rem(widened)=0.000000 -> cannot exceed 0.
[13481.588s] PRUNE: margin=-10.000000, optimistic_rem(widened)=8.000000 -> cannot exceed 0.
[13489.726s] PRUNE: margin=-10.000000, optimistic_rem(widened)=8.000000 -> cannot exceed 0.
[13501.937s] PRUNE: margin=-8.000000, optimistic_rem(widened)=0.000000 -> cannot exceed 0.
[13514.140s] PRUNE: margin=-10.000000, optimistic_rem(widened)=8.000000 -> cannot exceed 0.
[13530.411s] PRUNE: margin=-10.000000, optimistic_rem(widened)=8.000000 -> cannot exceed 0.
[13542.620s] PRUNE: margin=-8.000000, optimistic_rem(widened)=0.000000 -> cannot exceed 0.
[13554.823s] PRUNE: margin=-10.000000, optimistic_rem(widened)=8.000000 -> cannot exceed 0.
[13571.085s] PRUNE: margin=-8.000000, optimistic_rem(widened)=6.000000 -> cannot exceed 0.
[13595.493s] PRUNE: margin=-8.000000, optimistic_rem(widened)=6.000000 -> cannot exceed 0.
[13607.700s] PRUNE: margin=-10.000000, optimistic_rem(widened)=10.000000 -> cannot exceed 0.
[13632.098s] PRUNE: margin=-10.000000, optimistic_rem(widened)=0.000000 -> cannot exceed 0.
[13640.232s] PRUNE: margin=-10.000000, optimistic_rem(widened)=0.000000 -> cannot exceed 0.
[13648.368s] PRUNE: margin=-10.000000, optimistic_rem(widened)=0.000000 -> cannot exceed 0.
[13656.504s] PRUNE: margin=-10.000000, optimistic_rem(widened)=0.000000 -> cannot exceed 0.
[13672.775s] PRUNE: margin=-10.000000, optimistic_rem(widened)=0.000000 -> cannot exceed 0.
[13680.914s] PRUNE: margin=-10.000000, optimistic_rem(widened)=0.000000 -> cannot exceed 0.
[13689.048s] PRUNE: margin=-10.000000, optimistic_rem(widened)=0.000000 -> cannot exceed 0.
[13705.313s] PRUNE: margin=-10.000000, optimistic_rem(widened)=0.000000 -> cannot exceed 0.
[13713.447s] PRUNE: margin=-10.000000, optimistic_rem(widened)=0.000000 -> cannot exceed 0.
[13729.718s] PRUNE: margin=-10.000000, optimistic_rem(widened)=0.000000 -> cannot exceed 0.
[13762.257s] PRUNE: margin=-2.000000, optimistic_rem(widened)=0.000000 -> cannot exceed 0.
[13770.385s] PRUNE: margin=-10.000000, optimistic_rem(widened)=0.000000 -> cannot exceed 0.
[13778.516s] PRUNE: margin=-10.000000, optimistic_rem(widened)=0.000000 -> cannot exceed 0.
[13794.778s] PRUNE: margin=-10.000000, optimistic_rem(widened)=0.000000 -> cannot exceed 0.
[13802.916s] PRUNE: margin=-10.000000, optimistic_rem(widened)=0.000000 -> cannot exceed 0.
[13819.180s] PRUNE: margin=-10.000000, optimistic_rem(widened)=0.000000 -> cannot exceed 0.
[13851.714s] PRUNE: margin=-2.000000, optimistic_rem(widened)=0.000000 -> cannot exceed 0.
[13859.851s] PRUNE: margin=-10.000000, optimistic_rem(widened)=0.000000 -> cannot exceed 0.
[13876.122s] PRUNE: margin=-10.000000, optimistic_rem(widened)=0.000000 -> cannot exceed 0.
[13908.651s] PRUNE: margin=-10.000000, optimistic_rem(widened)=0.000000 -> cannot exceed 0.
[14437.329s] No counterexample within budgets (BaB): no misclassification found.
STATUS: No counterexample | best_upper_margin=126.000000 | elapsed=14437.329s | pixels_changed=0 | total_bit_flips=0 | avg_hamming_per_pixel=0.000000 | patch_rows=8-8 | patch_cols=12-14 | note=no_counterexample_within_budgets
