[  0.000s] init: idx=526 kmax=2 bmax=4 topx=2 widen=1.000 rank_fast=off
clean logits (hex):  0x81  0x81  0x82  0x83  0x81  0x82  0x81  0x82  0x82  0x82
clean logits (bits): 10000001 10000001 10000010 10000011 10000001 10000010 10000001 10000010 10000010 10000010
clean logits (double): -64.000000 -64.000000 -32.000000 -24.000000 -64.000000 -32.000000 -64.000000 -32.000000 -32.000000 -32.000000
[  0.016s] clean prediction: 3 (true label 3)
[1695.357s] selection: nSym=2 (from 784), topx=2, rank_fast=off
[1695.357s] active patch: rows 0-22, cols 8-22 (derived from symPix)
[1702.419s] Proceeding to BaB (greedy enabled).
[1702.419s] Skipping root bound check (--no-root-bound).
[1702.419s] BaB search starting (K<=2, B<=4, nSym=2, depth_limit=500000000, widen=1.00)...
[1719.887s] PRUNE: margin=-16.000000, optimistic_rem(widened)=16.000000 -> cannot exceed 0.
[1890.224s] PRUNE: margin=-8.000000, optimistic_rem(widened)=0.000000 -> cannot exceed 0.
[1898.962s] PRUNE: margin=-8.000000, optimistic_rem(widened)=0.000000 -> cannot exceed 0.
[1907.702s] PRUNE: margin=-8.000000, optimistic_rem(widened)=0.000000 -> cannot exceed 0.
[1916.442s] PRUNE: margin=-8.000000, optimistic_rem(widened)=0.000000 -> cannot exceed 0.
[1925.180s] PRUNE: margin=-8.000000, optimistic_rem(widened)=0.000000 -> cannot exceed 0.
[1933.917s] PRUNE: margin=-8.000000, optimistic_rem(widened)=0.000000 -> cannot exceed 0.
[1942.659s] PRUNE: margin=-8.000000, optimistic_rem(widened)=0.000000 -> cannot exceed 0.
[1951.399s] PRUNE: margin=-8.000000, optimistic_rem(widened)=0.000000 -> cannot exceed 0.
[1960.136s] PRUNE: margin=-16.000000, optimistic_rem(widened)=0.000000 -> cannot exceed 0.
[2078.070s] PRUNE: margin=-8.000000, optimistic_rem(widened)=0.000000 -> cannot exceed 0.
[2086.809s] PRUNE: margin=-8.000000, optimistic_rem(widened)=0.000000 -> cannot exceed 0.
[2095.544s] PRUNE: margin=-8.000000, optimistic_rem(widened)=0.000000 -> cannot exceed 0.
[2104.277s] PRUNE: margin=-8.000000, optimistic_rem(widened)=0.000000 -> cannot exceed 0.
[2113.014s] PRUNE: margin=-8.000000, optimistic_rem(widened)=0.000000 -> cannot exceed 0.
[2121.750s] PRUNE: margin=-8.000000, optimistic_rem(widened)=0.000000 -> cannot exceed 0.
[2130.494s] PRUNE: margin=-8.000000, optimistic_rem(widened)=0.000000 -> cannot exceed 0.
[2139.233s] PRUNE: margin=-8.000000, optimistic_rem(widened)=0.000000 -> cannot exceed 0.
[2147.973s] PRUNE: margin=-16.000000, optimistic_rem(widened)=0.000000 -> cannot exceed 0.
[2161.081s] PRUNE: margin=-16.000000, optimistic_rem(widened)=8.000000 -> cannot exceed 0.
[2172.759s] PRUNE: margin=-8.000000, optimistic_rem(widened)=0.000000 -> cannot exceed 0.
[2178.015s] PRUNE: margin=-16.000000, optimistic_rem(widened)=0.000000 -> cannot exceed 0.
[2183.249s] PRUNE: margin=-16.000000, optimistic_rem(widened)=0.000000 -> cannot exceed 0.
[2188.506s] PRUNE: margin=-16.000000, optimistic_rem(widened)=0.000000 -> cannot exceed 0.
[2193.794s] PRUNE: margin=-16.000000, optimistic_rem(widened)=0.000000 -> cannot exceed 0.
[2199.033s] PRUNE: margin=-16.000000, optimistic_rem(widened)=0.000000 -> cannot exceed 0.
[2204.321s] PRUNE: margin=-16.000000, optimistic_rem(widened)=0.000000 -> cannot exceed 0.
[2209.593s] PRUNE: margin=-16.000000, optimistic_rem(widened)=0.000000 -> cannot exceed 0.
[2214.859s] PRUNE: margin=-16.000000, optimistic_rem(widened)=0.000000 -> cannot exceed 0.
[2222.772s] PRUNE: margin=-8.000000, optimistic_rem(widened)=0.000000 -> cannot exceed 0.
[2230.632s] PRUNE: margin=-8.000000, optimistic_rem(widened)=0.000000 -> cannot exceed 0.
[2235.864s] PRUNE: margin=-8.000000, optimistic_rem(widened)=0.000000 -> cannot exceed 0.
[2241.091s] PRUNE: margin=-8.000000, optimistic_rem(widened)=0.000000 -> cannot exceed 0.
[2246.318s] PRUNE: margin=-8.000000, optimistic_rem(widened)=0.000000 -> cannot exceed 0.
[2251.549s] PRUNE: margin=-8.000000, optimistic_rem(widened)=0.000000 -> cannot exceed 0.
[2256.806s] PRUNE: margin=-16.000000, optimistic_rem(widened)=0.000000 -> cannot exceed 0.
[2262.166s] PRUNE: margin=-16.000000, optimistic_rem(widened)=0.000000 -> cannot exceed 0.
[2272.632s] PRUNE: margin=-8.000000, optimistic_rem(widened)=0.000000 -> cannot exceed 0.
[2277.871s] PRUNE: margin=-8.000000, optimistic_rem(widened)=0.000000 -> cannot exceed 0.
[2283.115s] PRUNE: margin=-8.000000, optimistic_rem(widened)=0.000000 -> cannot exceed 0.
[2288.472s] PRUNE: margin=-8.000000, optimistic_rem(widened)=0.000000 -> cannot exceed 0.
[2293.694s] PRUNE: margin=-16.000000, optimistic_rem(widened)=0.000000 -> cannot exceed 0.
[2298.914s] PRUNE: margin=-16.000000, optimistic_rem(widened)=0.000000 -> cannot exceed 0.
[2309.387s] PRUNE: margin=-8.000000, optimistic_rem(widened)=0.000000 -> cannot exceed 0.
[2314.632s] PRUNE: margin=-8.000000, optimistic_rem(widened)=0.000000 -> cannot exceed 0.
[2319.857s] PRUNE: margin=-8.000000, optimistic_rem(widened)=0.000000 -> cannot exceed 0.
[2325.072s] PRUNE: margin=-16.000000, optimistic_rem(widened)=0.000000 -> cannot exceed 0.
[2330.361s] PRUNE: margin=-16.000000, optimistic_rem(widened)=0.000000 -> cannot exceed 0.
[2340.835s] PRUNE: margin=-8.000000, optimistic_rem(widened)=0.000000 -> cannot exceed 0.
[2346.080s] PRUNE: margin=-8.000000, optimistic_rem(widened)=0.000000 -> cannot exceed 0.
[2351.306s] PRUNE: margin=-8.000000, optimistic_rem(widened)=0.000000 -> cannot exceed 0.
[2356.688s] PRUNE: margin=-8.000000, optimistic_rem(widened)=0.000000 -> cannot exceed 0.
[2367.122s] PRUNE: margin=-8.000000, optimistic_rem(widened)=0.000000 -> cannot exceed 0.
[2372.331s] PRUNE: margin=-16.000000, optimistic_rem(widened)=0.000000 -> cannot exceed 0.
[2377.602s] PRUNE: margin=-8.000000, optimistic_rem(widened)=0.000000 -> cannot exceed 0.
[2388.058s] PRUNE: margin=-8.000000, optimistic_rem(widened)=0.000000 -> cannot exceed 0.
[2393.285s] PRUNE: margin=-16.000000, optimistic_rem(widened)=0.000000 -> cannot exceed 0.
[2403.733s] PRUNE: margin=-16.000000, optimistic_rem(widened)=0.000000 -> cannot exceed 0.
[2424.687s] PRUNE: margin=-8.000000, optimistic_rem(widened)=0.000000 -> cannot exceed 0.
[2429.952s] PRUNE: margin=-8.000000, optimistic_rem(widened)=0.000000 -> cannot exceed 0.
[2435.167s] PRUNE: margin=-8.000000, optimistic_rem(widened)=0.000000 -> cannot exceed 0.
[2490.203s] PRUNE: margin=-16.000000, optimistic_rem(widened)=0.000000 -> cannot exceed 0.
[2495.423s] PRUNE: margin=-16.000000, optimistic_rem(widened)=0.000000 -> cannot exceed 0.
[2500.695s] PRUNE: margin=-16.000000, optimistic_rem(widened)=0.000000 -> cannot exceed 0.
[2505.945s] PRUNE: margin=-16.000000, optimistic_rem(widened)=0.000000 -> cannot exceed 0.
[2512.130s] PRUNE: margin=-16.000000, optimistic_rem(widened)=0.000000 -> cannot exceed 0.
[2520.828s] PRUNE: margin=-16.000000, optimistic_rem(widened)=0.000000 -> cannot exceed 0.
[2529.525s] PRUNE: margin=-16.000000, optimistic_rem(widened)=0.000000 -> cannot exceed 0.
[2546.918s] PRUNE: margin=-8.000000, optimistic_rem(widened)=0.000000 -> cannot exceed 0.
[2603.428s] PRUNE: margin=-16.000000, optimistic_rem(widened)=0.000000 -> cannot exceed 0.
[2612.123s] PRUNE: margin=-16.000000, optimistic_rem(widened)=0.000000 -> cannot exceed 0.
[2620.819s] PRUNE: margin=-16.000000, optimistic_rem(widened)=0.000000 -> cannot exceed 0.
[2629.512s] PRUNE: margin=-16.000000, optimistic_rem(widened)=0.000000 -> cannot exceed 0.
[2638.208s] PRUNE: margin=-16.000000, optimistic_rem(widened)=0.000000 -> cannot exceed 0.
[2646.905s] PRUNE: margin=-16.000000, optimistic_rem(widened)=0.000000 -> cannot exceed 0.
[2655.600s] PRUNE: margin=-16.000000, optimistic_rem(widened)=0.000000 -> cannot exceed 0.
[2664.296s] PRUNE: margin=-16.000000, optimistic_rem(widened)=0.000000 -> cannot exceed 0.
[2672.991s] PRUNE: margin=-16.000000, optimistic_rem(widened)=0.000000 -> cannot exceed 0.
[2690.383s] PRUNE: margin=-8.000000, optimistic_rem(widened)=0.000000 -> cannot exceed 0.
[2699.084s] PRUNE: margin=-8.000000, optimistic_rem(widened)=0.000000 -> cannot exceed 0.
[2707.779s] PRUNE: margin=-16.000000, optimistic_rem(widened)=0.000000 -> cannot exceed 0.
[2716.474s] PRUNE: margin=-16.000000, optimistic_rem(widened)=0.000000 -> cannot exceed 0.
[2724.050s] PRUNE: margin=-16.000000, optimistic_rem(widened)=0.000000 -> cannot exceed 0.
[2729.253s] PRUNE: margin=-16.000000, optimistic_rem(widened)=0.000000 -> cannot exceed 0.
[2734.454s] PRUNE: margin=-16.000000, optimistic_rem(widened)=0.000000 -> cannot exceed 0.
[2739.659s] PRUNE: margin=-16.000000, optimistic_rem(widened)=0.000000 -> cannot exceed 0.
[2744.896s] PRUNE: margin=-16.000000, optimistic_rem(widened)=0.000000 -> cannot exceed 0.
[2750.169s] PRUNE: margin=-16.000000, optimistic_rem(widened)=0.000000 -> cannot exceed 0.
[2758.006s] PRUNE: margin=-16.000000, optimistic_rem(widened)=8.000000 -> cannot exceed 0.
[2763.258s] PRUNE: margin=-8.000000, optimistic_rem(widened)=0.000000 -> cannot exceed 0.
[2768.479s] PRUNE: margin=-8.000000, optimistic_rem(widened)=0.000000 -> cannot exceed 0.
[2773.860s] PRUNE: margin=-8.000000, optimistic_rem(widened)=0.000000 -> cannot exceed 0.
[2779.137s] PRUNE: margin=-8.000000, optimistic_rem(widened)=0.000000 -> cannot exceed 0.
[2784.386s] PRUNE: margin=-8.000000, optimistic_rem(widened)=0.000000 -> cannot exceed 0.
[2789.642s] PRUNE: margin=-8.000000, optimistic_rem(widened)=0.000000 -> cannot exceed 0.
[2794.914s] PRUNE: margin=-8.000000, optimistic_rem(widened)=0.000000 -> cannot exceed 0.
[2800.145s] PRUNE: margin=-8.000000, optimistic_rem(widened)=0.000000 -> cannot exceed 0.
[2805.360s] PRUNE: margin=-16.000000, optimistic_rem(widened)=8.000000 -> cannot exceed 0.
[2818.389s] PRUNE: margin=-8.000000, optimistic_rem(widened)=0.000000 -> cannot exceed 0.
[2852.343s] PRUNE: margin=-16.000000, optimistic_rem(widened)=0.000000 -> cannot exceed 0.
[2857.613s] PRUNE: margin=-16.000000, optimistic_rem(widened)=0.000000 -> cannot exceed 0.
[2862.811s] PRUNE: margin=-16.000000, optimistic_rem(widened)=0.000000 -> cannot exceed 0.
[2868.065s] PRUNE: margin=-16.000000, optimistic_rem(widened)=0.000000 -> cannot exceed 0.
[2873.345s] PRUNE: margin=-16.000000, optimistic_rem(widened)=0.000000 -> cannot exceed 0.
[2878.582s] PRUNE: margin=-16.000000, optimistic_rem(widened)=0.000000 -> cannot exceed 0.
[2883.846s] PRUNE: margin=-16.000000, optimistic_rem(widened)=0.000000 -> cannot exceed 0.
[2889.081s] PRUNE: margin=-16.000000, optimistic_rem(widened)=0.000000 -> cannot exceed 0.
[2894.301s] PRUNE: margin=-16.000000, optimistic_rem(widened)=0.000000 -> cannot exceed 0.
[2904.703s] PRUNE: margin=-8.000000, optimistic_rem(widened)=0.000000 -> cannot exceed 0.
[2909.925s] PRUNE: margin=-8.000000, optimistic_rem(widened)=0.000000 -> cannot exceed 0.
[2915.124s] PRUNE: margin=-16.000000, optimistic_rem(widened)=0.000000 -> cannot exceed 0.
[2920.345s] PRUNE: margin=-16.000000, optimistic_rem(widened)=0.000000 -> cannot exceed 0.
[2925.562s] PRUNE: margin=-16.000000, optimistic_rem(widened)=0.000000 -> cannot exceed 0.
[2930.758s] PRUNE: margin=-16.000000, optimistic_rem(widened)=0.000000 -> cannot exceed 0.
[2935.962s] PRUNE: margin=-16.000000, optimistic_rem(widened)=0.000000 -> cannot exceed 0.
[2941.171s] PRUNE: margin=-16.000000, optimistic_rem(widened)=0.000000 -> cannot exceed 0.
[2946.383s] PRUNE: margin=-16.000000, optimistic_rem(widened)=0.000000 -> cannot exceed 0.
[2951.604s] PRUNE: margin=-16.000000, optimistic_rem(widened)=0.000000 -> cannot exceed 0.
[2959.462s] PRUNE: margin=-16.000000, optimistic_rem(widened)=8.000000 -> cannot exceed 0.
[2964.699s] PRUNE: margin=-8.000000, optimistic_rem(widened)=0.000000 -> cannot exceed 0.
[2969.919s] PRUNE: margin=-8.000000, optimistic_rem(widened)=0.000000 -> cannot exceed 0.
[2975.138s] PRUNE: margin=-8.000000, optimistic_rem(widened)=0.000000 -> cannot exceed 0.
[2980.355s] PRUNE: margin=-8.000000, optimistic_rem(widened)=0.000000 -> cannot exceed 0.
[2985.601s] PRUNE: margin=-8.000000, optimistic_rem(widened)=0.000000 -> cannot exceed 0.
[2990.850s] PRUNE: margin=-8.000000, optimistic_rem(widened)=0.000000 -> cannot exceed 0.
[2996.074s] PRUNE: margin=-8.000000, optimistic_rem(widened)=0.000000 -> cannot exceed 0.
[3001.363s] PRUNE: margin=-8.000000, optimistic_rem(widened)=0.000000 -> cannot exceed 0.
[3006.585s] PRUNE: margin=-16.000000, optimistic_rem(widened)=8.000000 -> cannot exceed 0.
[3014.454s] PRUNE: margin=-16.000000, optimistic_rem(widened)=16.000000 -> cannot exceed 0.
[3022.363s] PRUNE: margin=-8.000000, optimistic_rem(widened)=0.000000 -> cannot exceed 0.
[3030.321s] PRUNE: margin=-8.000000, optimistic_rem(widened)=0.000000 -> cannot exceed 0.
[3035.605s] PRUNE: margin=-8.000000, optimistic_rem(widened)=0.000000 -> cannot exceed 0.
[3040.929s] PRUNE: margin=-8.000000, optimistic_rem(widened)=0.000000 -> cannot exceed 0.
[3046.216s] PRUNE: margin=-8.000000, optimistic_rem(widened)=0.000000 -> cannot exceed 0.
[3051.485s] PRUNE: margin=-8.000000, optimistic_rem(widened)=0.000000 -> cannot exceed 0.
[3056.722s] PRUNE: margin=-8.000000, optimistic_rem(widened)=0.000000 -> cannot exceed 0.
[3061.953s] PRUNE: margin=-8.000000, optimistic_rem(widened)=0.000000 -> cannot exceed 0.
[3067.191s] PRUNE: margin=-8.000000, optimistic_rem(widened)=0.000000 -> cannot exceed 0.
[3075.090s] PRUNE: margin=-16.000000, optimistic_rem(widened)=8.000000 -> cannot exceed 0.
[3080.303s] PRUNE: margin=-16.000000, optimistic_rem(widened)=8.000000 -> cannot exceed 0.
[3085.523s] PRUNE: margin=-16.000000, optimistic_rem(widened)=8.000000 -> cannot exceed 0.
[3093.386s] PRUNE: margin=-16.000000, optimistic_rem(widened)=0.000000 -> cannot exceed 0.
[3098.619s] PRUNE: margin=-16.000000, optimistic_rem(widened)=0.000000 -> cannot exceed 0.
[3103.843s] PRUNE: margin=-16.000000, optimistic_rem(widened)=0.000000 -> cannot exceed 0.
[3109.083s] PRUNE: margin=-16.000000, optimistic_rem(widened)=0.000000 -> cannot exceed 0.
[3119.569s] PRUNE: margin=-16.000000, optimistic_rem(widened)=0.000000 -> cannot exceed 0.
[3124.803s] PRUNE: margin=-16.000000, optimistic_rem(widened)=0.000000 -> cannot exceed 0.
[3130.036s] PRUNE: margin=-16.000000, optimistic_rem(widened)=0.000000 -> cannot exceed 0.
[3140.504s] PRUNE: margin=-16.000000, optimistic_rem(widened)=0.000000 -> cannot exceed 0.
[3145.763s] PRUNE: margin=-16.000000, optimistic_rem(widened)=0.000000 -> cannot exceed 0.
[3156.230s] PRUNE: margin=-16.000000, optimistic_rem(widened)=0.000000 -> cannot exceed 0.
[3174.751s] PRUNE: margin=-16.000000, optimistic_rem(widened)=8.000000 -> cannot exceed 0.
[3179.984s] PRUNE: margin=-16.000000, optimistic_rem(widened)=8.000000 -> cannot exceed 0.
[3187.855s] PRUNE: margin=-8.000000, optimistic_rem(widened)=0.000000 -> cannot exceed 0.
[3193.109s] PRUNE: margin=-8.000000, optimistic_rem(widened)=0.000000 -> cannot exceed 0.
[3198.373s] PRUNE: margin=-8.000000, optimistic_rem(widened)=0.000000 -> cannot exceed 0.
[3203.648s] PRUNE: margin=-8.000000, optimistic_rem(widened)=0.000000 -> cannot exceed 0.
[3208.880s] PRUNE: margin=-8.000000, optimistic_rem(widened)=0.000000 -> cannot exceed 0.
[3214.171s] PRUNE: margin=-8.000000, optimistic_rem(widened)=0.000000 -> cannot exceed 0.
[3224.640s] PRUNE: margin=-16.000000, optimistic_rem(widened)=0.000000 -> cannot exceed 0.
[3229.991s] PRUNE: margin=-16.000000, optimistic_rem(widened)=0.000000 -> cannot exceed 0.
[3235.489s] PRUNE: margin=-16.000000, optimistic_rem(widened)=0.000000 -> cannot exceed 0.
[3240.744s] PRUNE: margin=-16.000000, optimistic_rem(widened)=0.000000 -> cannot exceed 0.
[3246.006s] PRUNE: margin=-16.000000, optimistic_rem(widened)=0.000000 -> cannot exceed 0.
[3256.431s] PRUNE: margin=-16.000000, optimistic_rem(widened)=0.000000 -> cannot exceed 0.
[3261.652s] PRUNE: margin=-16.000000, optimistic_rem(widened)=0.000000 -> cannot exceed 0.
[3266.906s] PRUNE: margin=-16.000000, optimistic_rem(widened)=0.000000 -> cannot exceed 0.
[3272.223s] PRUNE: margin=-16.000000, optimistic_rem(widened)=0.000000 -> cannot exceed 0.
[3282.735s] PRUNE: margin=-16.000000, optimistic_rem(widened)=0.000000 -> cannot exceed 0.
[3287.962s] PRUNE: margin=-16.000000, optimistic_rem(widened)=0.000000 -> cannot exceed 0.
[3293.196s] PRUNE: margin=-16.000000, optimistic_rem(widened)=0.000000 -> cannot exceed 0.
[3303.713s] PRUNE: margin=-16.000000, optimistic_rem(widened)=0.000000 -> cannot exceed 0.
[3308.986s] PRUNE: margin=-16.000000, optimistic_rem(widened)=0.000000 -> cannot exceed 0.
[3319.536s] PRUNE: margin=-16.000000, optimistic_rem(widened)=0.000000 -> cannot exceed 0.
[3335.384s] PRUNE: margin=-8.000000, optimistic_rem(widened)=0.000000 -> cannot exceed 0.
[3340.645s] PRUNE: margin=-8.000000, optimistic_rem(widened)=0.000000 -> cannot exceed 0.
[3345.965s] PRUNE: margin=-8.000000, optimistic_rem(widened)=0.000000 -> cannot exceed 0.
[3351.269s] PRUNE: margin=-8.000000, optimistic_rem(widened)=0.000000 -> cannot exceed 0.
[3356.546s] PRUNE: margin=-8.000000, optimistic_rem(widened)=0.000000 -> cannot exceed 0.
[3361.831s] PRUNE: margin=-8.000000, optimistic_rem(widened)=0.000000 -> cannot exceed 0.
[3367.140s] PRUNE: margin=-8.000000, optimistic_rem(widened)=0.000000 -> cannot exceed 0.
[3398.418s] PRUNE: margin=-8.000000, optimistic_rem(widened)=0.000000 -> cannot exceed 0.
[3403.661s] PRUNE: margin=-8.000000, optimistic_rem(widened)=0.000000 -> cannot exceed 0.
[3408.953s] PRUNE: margin=-8.000000, optimistic_rem(widened)=0.000000 -> cannot exceed 0.
[3464.006s] PRUNE: margin=-16.000000, optimistic_rem(widened)=0.000000 -> cannot exceed 0.
[3469.327s] PRUNE: margin=-16.000000, optimistic_rem(widened)=0.000000 -> cannot exceed 0.
[3474.566s] PRUNE: margin=-16.000000, optimistic_rem(widened)=0.000000 -> cannot exceed 0.
[3479.802s] PRUNE: margin=-16.000000, optimistic_rem(widened)=0.000000 -> cannot exceed 0.
[3485.021s] PRUNE: margin=-16.000000, optimistic_rem(widened)=0.000000 -> cannot exceed 0.
[3490.267s] PRUNE: margin=-16.000000, optimistic_rem(widened)=0.000000 -> cannot exceed 0.
[3495.493s] PRUNE: margin=-16.000000, optimistic_rem(widened)=0.000000 -> cannot exceed 0.
[3505.927s] PRUNE: margin=-8.000000, optimistic_rem(widened)=0.000000 -> cannot exceed 0.
[3540.043s] PRUNE: margin=-16.000000, optimistic_rem(widened)=0.000000 -> cannot exceed 0.
[3545.265s] PRUNE: margin=-16.000000, optimistic_rem(widened)=0.000000 -> cannot exceed 0.
[3551.956s] PRUNE: margin=-16.000000, optimistic_rem(widened)=0.000000 -> cannot exceed 0.
[3560.450s] PRUNE: margin=-16.000000, optimistic_rem(widened)=0.000000 -> cannot exceed 0.
[3565.663s] PRUNE: margin=-16.000000, optimistic_rem(widened)=0.000000 -> cannot exceed 0.
[3570.930s] PRUNE: margin=-16.000000, optimistic_rem(widened)=0.000000 -> cannot exceed 0.
[3576.156s] PRUNE: margin=-16.000000, optimistic_rem(widened)=0.000000 -> cannot exceed 0.
[3581.356s] PRUNE: margin=-16.000000, optimistic_rem(widened)=0.000000 -> cannot exceed 0.
[3586.618s] PRUNE: margin=-16.000000, optimistic_rem(widened)=0.000000 -> cannot exceed 0.
[3597.033s] PRUNE: margin=-8.000000, optimistic_rem(widened)=0.000000 -> cannot exceed 0.
[3602.257s] PRUNE: margin=-8.000000, optimistic_rem(widened)=0.000000 -> cannot exceed 0.
[3607.486s] PRUNE: margin=-16.000000, optimistic_rem(widened)=0.000000 -> cannot exceed 0.
[3612.721s] PRUNE: margin=-16.000000, optimistic_rem(widened)=0.000000 -> cannot exceed 0.
[3617.993s] PRUNE: margin=-16.000000, optimistic_rem(widened)=0.000000 -> cannot exceed 0.
[3623.243s] PRUNE: margin=-16.000000, optimistic_rem(widened)=0.000000 -> cannot exceed 0.
[3628.457s] PRUNE: margin=-16.000000, optimistic_rem(widened)=0.000000 -> cannot exceed 0.
[3633.675s] PRUNE: margin=-16.000000, optimistic_rem(widened)=0.000000 -> cannot exceed 0.
[3638.939s] PRUNE: margin=-16.000000, optimistic_rem(widened)=0.000000 -> cannot exceed 0.
[3644.160s] PRUNE: margin=-16.000000, optimistic_rem(widened)=0.000000 -> cannot exceed 0.
[3651.971s] PRUNE: margin=-16.000000, optimistic_rem(widened)=8.000000 -> cannot exceed 0.
[3657.209s] PRUNE: margin=-8.000000, optimistic_rem(widened)=0.000000 -> cannot exceed 0.
[3662.418s] PRUNE: margin=-8.000000, optimistic_rem(widened)=0.000000 -> cannot exceed 0.
[3667.729s] PRUNE: margin=-8.000000, optimistic_rem(widened)=0.000000 -> cannot exceed 0.
[3672.953s] PRUNE: margin=-8.000000, optimistic_rem(widened)=0.000000 -> cannot exceed 0.
[3678.169s] PRUNE: margin=-8.000000, optimistic_rem(widened)=0.000000 -> cannot exceed 0.
[3683.408s] PRUNE: margin=-8.000000, optimistic_rem(widened)=0.000000 -> cannot exceed 0.
[3688.627s] PRUNE: margin=-8.000000, optimistic_rem(widened)=0.000000 -> cannot exceed 0.
[3693.906s] PRUNE: margin=-8.000000, optimistic_rem(widened)=0.000000 -> cannot exceed 0.
[3699.175s] PRUNE: margin=-16.000000, optimistic_rem(widened)=8.000000 -> cannot exceed 0.
[3712.508s] PRUNE: margin=-8.000000, optimistic_rem(widened)=0.000000 -> cannot exceed 0.
[3746.561s] PRUNE: margin=-16.000000, optimistic_rem(widened)=0.000000 -> cannot exceed 0.
[3751.775s] PRUNE: margin=-16.000000, optimistic_rem(widened)=0.000000 -> cannot exceed 0.
[3757.059s] PRUNE: margin=-16.000000, optimistic_rem(widened)=0.000000 -> cannot exceed 0.
[3762.278s] PRUNE: margin=-16.000000, optimistic_rem(widened)=0.000000 -> cannot exceed 0.
[3767.586s] PRUNE: margin=-16.000000, optimistic_rem(widened)=0.000000 -> cannot exceed 0.
[3772.810s] PRUNE: margin=-16.000000, optimistic_rem(widened)=0.000000 -> cannot exceed 0.
[3778.057s] PRUNE: margin=-16.000000, optimistic_rem(widened)=0.000000 -> cannot exceed 0.
[3783.289s] PRUNE: margin=-16.000000, optimistic_rem(widened)=0.000000 -> cannot exceed 0.
[3788.505s] PRUNE: margin=-16.000000, optimistic_rem(widened)=0.000000 -> cannot exceed 0.
[3798.923s] PRUNE: margin=-8.000000, optimistic_rem(widened)=0.000000 -> cannot exceed 0.
[3804.168s] PRUNE: margin=-8.000000, optimistic_rem(widened)=0.000000 -> cannot exceed 0.
[3809.381s] PRUNE: margin=-16.000000, optimistic_rem(widened)=0.000000 -> cannot exceed 0.
[3814.622s] PRUNE: margin=-16.000000, optimistic_rem(widened)=0.000000 -> cannot exceed 0.
[3819.823s] PRUNE: margin=-16.000000, optimistic_rem(widened)=0.000000 -> cannot exceed 0.
[3825.034s] PRUNE: margin=-16.000000, optimistic_rem(widened)=0.000000 -> cannot exceed 0.
[3830.241s] PRUNE: margin=-16.000000, optimistic_rem(widened)=0.000000 -> cannot exceed 0.
[3835.441s] PRUNE: margin=-16.000000, optimistic_rem(widened)=0.000000 -> cannot exceed 0.
[3840.698s] PRUNE: margin=-16.000000, optimistic_rem(widened)=0.000000 -> cannot exceed 0.
[3845.927s] PRUNE: margin=-16.000000, optimistic_rem(widened)=0.000000 -> cannot exceed 0.
[3853.764s] PRUNE: margin=-16.000000, optimistic_rem(widened)=8.000000 -> cannot exceed 0.
[3858.995s] PRUNE: margin=-8.000000, optimistic_rem(widened)=0.000000 -> cannot exceed 0.
[3864.235s] PRUNE: margin=-8.000000, optimistic_rem(widened)=0.000000 -> cannot exceed 0.
[3869.448s] PRUNE: margin=-8.000000, optimistic_rem(widened)=0.000000 -> cannot exceed 0.
[3874.647s] PRUNE: margin=-8.000000, optimistic_rem(widened)=0.000000 -> cannot exceed 0.
[3879.894s] PRUNE: margin=-8.000000, optimistic_rem(widened)=0.000000 -> cannot exceed 0.
[3885.106s] PRUNE: margin=-8.000000, optimistic_rem(widened)=0.000000 -> cannot exceed 0.
[3890.322s] PRUNE: margin=-8.000000, optimistic_rem(widened)=0.000000 -> cannot exceed 0.
[3895.524s] PRUNE: margin=-8.000000, optimistic_rem(widened)=0.000000 -> cannot exceed 0.
[3900.719s] PRUNE: margin=-16.000000, optimistic_rem(widened)=8.000000 -> cannot exceed 0.
[3908.505s] PRUNE: margin=-16.000000, optimistic_rem(widened)=16.000000 -> cannot exceed 0.
[3916.324s] PRUNE: margin=-8.000000, optimistic_rem(widened)=0.000000 -> cannot exceed 0.
[3924.144s] PRUNE: margin=-8.000000, optimistic_rem(widened)=0.000000 -> cannot exceed 0.
[3929.351s] PRUNE: margin=-8.000000, optimistic_rem(widened)=0.000000 -> cannot exceed 0.
[3934.663s] PRUNE: margin=-8.000000, optimistic_rem(widened)=0.000000 -> cannot exceed 0.
[3939.968s] PRUNE: margin=-8.000000, optimistic_rem(widened)=0.000000 -> cannot exceed 0.
[3945.203s] PRUNE: margin=-8.000000, optimistic_rem(widened)=0.000000 -> cannot exceed 0.
[3950.430s] PRUNE: margin=-8.000000, optimistic_rem(widened)=0.000000 -> cannot exceed 0.
[3955.685s] PRUNE: margin=-8.000000, optimistic_rem(widened)=0.000000 -> cannot exceed 0.
[3960.919s] PRUNE: margin=-8.000000, optimistic_rem(widened)=0.000000 -> cannot exceed 0.
[3968.762s] PRUNE: margin=-16.000000, optimistic_rem(widened)=8.000000 -> cannot exceed 0.
[3973.987s] PRUNE: margin=-16.000000, optimistic_rem(widened)=8.000000 -> cannot exceed 0.
[3979.213s] PRUNE: margin=-16.000000, optimistic_rem(widened)=8.000000 -> cannot exceed 0.
[3987.084s] PRUNE: margin=-16.000000, optimistic_rem(widened)=0.000000 -> cannot exceed 0.
[3992.332s] PRUNE: margin=-16.000000, optimistic_rem(widened)=0.000000 -> cannot exceed 0.
[3997.592s] PRUNE: margin=-16.000000, optimistic_rem(widened)=0.000000 -> cannot exceed 0.
[4002.829s] PRUNE: margin=-16.000000, optimistic_rem(widened)=0.000000 -> cannot exceed 0.
[4013.365s] PRUNE: margin=-16.000000, optimistic_rem(widened)=0.000000 -> cannot exceed 0.
[4018.602s] PRUNE: margin=-16.000000, optimistic_rem(widened)=0.000000 -> cannot exceed 0.
[4023.837s] PRUNE: margin=-16.000000, optimistic_rem(widened)=0.000000 -> cannot exceed 0.
[4034.441s] PRUNE: margin=-16.000000, optimistic_rem(widened)=0.000000 -> cannot exceed 0.
[4039.658s] PRUNE: margin=-16.000000, optimistic_rem(widened)=0.000000 -> cannot exceed 0.
[4050.099s] PRUNE: margin=-16.000000, optimistic_rem(widened)=0.000000 -> cannot exceed 0.
[4068.498s] PRUNE: margin=-16.000000, optimistic_rem(widened)=8.000000 -> cannot exceed 0.
[4073.713s] PRUNE: margin=-16.000000, optimistic_rem(widened)=8.000000 -> cannot exceed 0.
[4081.588s] PRUNE: margin=-8.000000, optimistic_rem(widened)=0.000000 -> cannot exceed 0.
[4086.836s] PRUNE: margin=-8.000000, optimistic_rem(widened)=0.000000 -> cannot exceed 0.
[4092.109s] PRUNE: margin=-8.000000, optimistic_rem(widened)=0.000000 -> cannot exceed 0.
[4097.343s] PRUNE: margin=-8.000000, optimistic_rem(widened)=0.000000 -> cannot exceed 0.
[4102.585s] PRUNE: margin=-8.000000, optimistic_rem(widened)=0.000000 -> cannot exceed 0.
[4107.812s] PRUNE: margin=-8.000000, optimistic_rem(widened)=0.000000 -> cannot exceed 0.
[4118.362s] PRUNE: margin=-16.000000, optimistic_rem(widened)=0.000000 -> cannot exceed 0.
[4123.603s] PRUNE: margin=-16.000000, optimistic_rem(widened)=0.000000 -> cannot exceed 0.
[4128.868s] PRUNE: margin=-16.000000, optimistic_rem(widened)=0.000000 -> cannot exceed 0.
[4134.113s] PRUNE: margin=-16.000000, optimistic_rem(widened)=0.000000 -> cannot exceed 0.
[4139.347s] PRUNE: margin=-16.000000, optimistic_rem(widened)=0.000000 -> cannot exceed 0.
[4149.853s] PRUNE: margin=-16.000000, optimistic_rem(widened)=0.000000 -> cannot exceed 0.
[4155.114s] PRUNE: margin=-16.000000, optimistic_rem(widened)=0.000000 -> cannot exceed 0.
[4160.362s] PRUNE: margin=-16.000000, optimistic_rem(widened)=0.000000 -> cannot exceed 0.
[4165.597s] PRUNE: margin=-16.000000, optimistic_rem(widened)=0.000000 -> cannot exceed 0.
[4176.032s] PRUNE: margin=-16.000000, optimistic_rem(widened)=0.000000 -> cannot exceed 0.
[4181.276s] PRUNE: margin=-16.000000, optimistic_rem(widened)=0.000000 -> cannot exceed 0.
[4186.593s] PRUNE: margin=-16.000000, optimistic_rem(widened)=0.000000 -> cannot exceed 0.
[4197.082s] PRUNE: margin=-16.000000, optimistic_rem(widened)=0.000000 -> cannot exceed 0.
[4202.317s] PRUNE: margin=-16.000000, optimistic_rem(widened)=0.000000 -> cannot exceed 0.
[4212.791s] PRUNE: margin=-16.000000, optimistic_rem(widened)=0.000000 -> cannot exceed 0.
[4228.458s] PRUNE: margin=-8.000000, optimistic_rem(widened)=0.000000 -> cannot exceed 0.
[4233.663s] PRUNE: margin=-8.000000, optimistic_rem(widened)=0.000000 -> cannot exceed 0.
[4238.916s] PRUNE: margin=-8.000000, optimistic_rem(widened)=0.000000 -> cannot exceed 0.
[4244.147s] PRUNE: margin=-8.000000, optimistic_rem(widened)=0.000000 -> cannot exceed 0.
[4249.418s] PRUNE: margin=-8.000000, optimistic_rem(widened)=0.000000 -> cannot exceed 0.
[4254.659s] PRUNE: margin=-8.000000, optimistic_rem(widened)=0.000000 -> cannot exceed 0.
[4259.917s] PRUNE: margin=-8.000000, optimistic_rem(widened)=0.000000 -> cannot exceed 0.
[4286.199s] PRUNE: margin=-16.000000, optimistic_rem(widened)=16.000000 -> cannot exceed 0.
[4296.666s] PRUNE: margin=-8.000000, optimistic_rem(widened)=0.000000 -> cannot exceed 0.
[4328.102s] PRUNE: margin=-8.000000, optimistic_rem(widened)=0.000000 -> cannot exceed 0.
[4333.335s] PRUNE: margin=-8.000000, optimistic_rem(widened)=0.000000 -> cannot exceed 0.
[4339.009s] PRUNE: margin=-8.000000, optimistic_rem(widened)=0.000000 -> cannot exceed 0.
[4344.285s] PRUNE: margin=-8.000000, optimistic_rem(widened)=0.000000 -> cannot exceed 0.
[4349.505s] PRUNE: margin=-8.000000, optimistic_rem(widened)=0.000000 -> cannot exceed 0.
[4354.740s] PRUNE: margin=-8.000000, optimistic_rem(widened)=0.000000 -> cannot exceed 0.
[4359.951s] PRUNE: margin=-8.000000, optimistic_rem(widened)=0.000000 -> cannot exceed 0.
[4365.175s] PRUNE: margin=-8.000000, optimistic_rem(widened)=0.000000 -> cannot exceed 0.
[4375.615s] PRUNE: margin=-8.000000, optimistic_rem(widened)=0.000000 -> cannot exceed 0.
[4380.848s] PRUNE: margin=-16.000000, optimistic_rem(widened)=0.000000 -> cannot exceed 0.
[4386.060s] PRUNE: margin=-16.000000, optimistic_rem(widened)=0.000000 -> cannot exceed 0.
[4391.277s] PRUNE: margin=-16.000000, optimistic_rem(widened)=0.000000 -> cannot exceed 0.
[4396.530s] PRUNE: margin=-16.000000, optimistic_rem(widened)=0.000000 -> cannot exceed 0.
[4401.737s] PRUNE: margin=-16.000000, optimistic_rem(widened)=0.000000 -> cannot exceed 0.
[4406.990s] PRUNE: margin=-16.000000, optimistic_rem(widened)=0.000000 -> cannot exceed 0.
[4412.246s] PRUNE: margin=-16.000000, optimistic_rem(widened)=0.000000 -> cannot exceed 0.
[4417.507s] PRUNE: margin=-16.000000, optimistic_rem(widened)=0.000000 -> cannot exceed 0.
[4425.370s] PRUNE: margin=-16.000000, optimistic_rem(widened)=8.000000 -> cannot exceed 0.
[4430.568s] PRUNE: margin=-16.000000, optimistic_rem(widened)=8.000000 -> cannot exceed 0.
[4435.764s] PRUNE: margin=-16.000000, optimistic_rem(widened)=8.000000 -> cannot exceed 0.
[4441.074s] PRUNE: margin=-16.000000, optimistic_rem(widened)=8.000000 -> cannot exceed 0.
[4448.957s] PRUNE: margin=-16.000000, optimistic_rem(widened)=0.000000 -> cannot exceed 0.
[4454.255s] PRUNE: margin=-16.000000, optimistic_rem(widened)=0.000000 -> cannot exceed 0.
[4459.486s] PRUNE: margin=-16.000000, optimistic_rem(widened)=0.000000 -> cannot exceed 0.
[4464.693s] PRUNE: margin=-16.000000, optimistic_rem(widened)=0.000000 -> cannot exceed 0.
[4475.104s] PRUNE: margin=-16.000000, optimistic_rem(widened)=0.000000 -> cannot exceed 0.
[4480.302s] PRUNE: margin=-16.000000, optimistic_rem(widened)=0.000000 -> cannot exceed 0.
[4485.501s] PRUNE: margin=-16.000000, optimistic_rem(widened)=0.000000 -> cannot exceed 0.
[4495.899s] PRUNE: margin=-16.000000, optimistic_rem(widened)=0.000000 -> cannot exceed 0.
[4501.100s] PRUNE: margin=-16.000000, optimistic_rem(widened)=0.000000 -> cannot exceed 0.
[4511.546s] PRUNE: margin=-16.000000, optimistic_rem(widened)=0.000000 -> cannot exceed 0.
[4529.893s] PRUNE: margin=-8.000000, optimistic_rem(widened)=0.000000 -> cannot exceed 0.
[4537.751s] PRUNE: margin=-8.000000, optimistic_rem(widened)=0.000000 -> cannot exceed 0.
[4542.973s] PRUNE: margin=-8.000000, optimistic_rem(widened)=0.000000 -> cannot exceed 0.
[4548.205s] PRUNE: margin=-8.000000, optimistic_rem(widened)=0.000000 -> cannot exceed 0.
[4553.463s] PRUNE: margin=-8.000000, optimistic_rem(widened)=0.000000 -> cannot exceed 0.
[4558.667s] PRUNE: margin=-8.000000, optimistic_rem(widened)=0.000000 -> cannot exceed 0.
[4563.873s] PRUNE: margin=-8.000000, optimistic_rem(widened)=0.000000 -> cannot exceed 0.
[4569.079s] PRUNE: margin=-8.000000, optimistic_rem(widened)=0.000000 -> cannot exceed 0.
[4574.313s] PRUNE: margin=-8.000000, optimistic_rem(widened)=0.000000 -> cannot exceed 0.
[4582.125s] PRUNE: margin=-16.000000, optimistic_rem(widened)=8.000000 -> cannot exceed 0.
[4587.334s] PRUNE: margin=-16.000000, optimistic_rem(widened)=8.000000 -> cannot exceed 0.
[4592.526s] PRUNE: margin=-16.000000, optimistic_rem(widened)=8.000000 -> cannot exceed 0.
[4600.319s] PRUNE: margin=-16.000000, optimistic_rem(widened)=0.000000 -> cannot exceed 0.
[4605.516s] PRUNE: margin=-16.000000, optimistic_rem(widened)=0.000000 -> cannot exceed 0.
[4610.788s] PRUNE: margin=-16.000000, optimistic_rem(widened)=0.000000 -> cannot exceed 0.
[4616.035s] PRUNE: margin=-16.000000, optimistic_rem(widened)=0.000000 -> cannot exceed 0.
[4626.496s] PRUNE: margin=-16.000000, optimistic_rem(widened)=0.000000 -> cannot exceed 0.
[4631.754s] PRUNE: margin=-16.000000, optimistic_rem(widened)=0.000000 -> cannot exceed 0.
[4637.025s] PRUNE: margin=-16.000000, optimistic_rem(widened)=0.000000 -> cannot exceed 0.
[4647.554s] PRUNE: margin=-16.000000, optimistic_rem(widened)=0.000000 -> cannot exceed 0.
[4652.817s] PRUNE: margin=-16.000000, optimistic_rem(widened)=0.000000 -> cannot exceed 0.
[4663.261s] PRUNE: margin=-16.000000, optimistic_rem(widened)=0.000000 -> cannot exceed 0.
[4678.945s] PRUNE: margin=-16.000000, optimistic_rem(widened)=16.000000 -> cannot exceed 0.
[4684.149s] PRUNE: margin=-8.000000, optimistic_rem(widened)=0.000000 -> cannot exceed 0.
[4689.355s] PRUNE: margin=-8.000000, optimistic_rem(widened)=0.000000 -> cannot exceed 0.
[4694.578s] PRUNE: margin=-8.000000, optimistic_rem(widened)=0.000000 -> cannot exceed 0.
[4699.790s] PRUNE: margin=-8.000000, optimistic_rem(widened)=0.000000 -> cannot exceed 0.
[4705.004s] PRUNE: margin=-8.000000, optimistic_rem(widened)=0.000000 -> cannot exceed 0.
[4710.217s] PRUNE: margin=-8.000000, optimistic_rem(widened)=0.000000 -> cannot exceed 0.
[4715.449s] PRUNE: margin=-8.000000, optimistic_rem(widened)=0.000000 -> cannot exceed 0.
[4720.688s] PRUNE: margin=-8.000000, optimistic_rem(widened)=0.000000 -> cannot exceed 0.
[4725.916s] PRUNE: margin=-16.000000, optimistic_rem(widened)=16.000000 -> cannot exceed 0.
[4736.319s] PRUNE: margin=-8.000000, optimistic_rem(widened)=0.000000 -> cannot exceed 0.
[4741.543s] PRUNE: margin=-8.000000, optimistic_rem(widened)=0.000000 -> cannot exceed 0.
[4749.371s] PRUNE: margin=-16.000000, optimistic_rem(widened)=8.000000 -> cannot exceed 0.
[4757.882s] PRUNE: margin=-16.000000, optimistic_rem(widened)=0.000000 -> cannot exceed 0.
[4763.120s] PRUNE: margin=-16.000000, optimistic_rem(widened)=0.000000 -> cannot exceed 0.
[4768.337s] PRUNE: margin=-8.000000, optimistic_rem(widened)=0.000000 -> cannot exceed 0.
[4773.539s] PRUNE: margin=-16.000000, optimistic_rem(widened)=0.000000 -> cannot exceed 0.
[4778.822s] PRUNE: margin=-16.000000, optimistic_rem(widened)=0.000000 -> cannot exceed 0.
[4784.025s] PRUNE: margin=-16.000000, optimistic_rem(widened)=0.000000 -> cannot exceed 0.
[4789.237s] PRUNE: margin=-16.000000, optimistic_rem(widened)=0.000000 -> cannot exceed 0.
[4801.743s] PRUNE: margin=-16.000000, optimistic_rem(widened)=0.000000 -> cannot exceed 0.
[4806.942s] PRUNE: margin=-16.000000, optimistic_rem(widened)=0.000000 -> cannot exceed 0.
[4812.242s] PRUNE: margin=-8.000000, optimistic_rem(widened)=0.000000 -> cannot exceed 0.
[4817.465s] PRUNE: margin=-16.000000, optimistic_rem(widened)=0.000000 -> cannot exceed 0.
[4822.709s] PRUNE: margin=-16.000000, optimistic_rem(widened)=0.000000 -> cannot exceed 0.
[4827.923s] PRUNE: margin=-16.000000, optimistic_rem(widened)=0.000000 -> cannot exceed 0.
[4835.734s] PRUNE: margin=-16.000000, optimistic_rem(widened)=8.000000 -> cannot exceed 0.
[4843.552s] PRUNE: margin=-8.000000, optimistic_rem(widened)=0.000000 -> cannot exceed 0.
[4848.803s] PRUNE: margin=-16.000000, optimistic_rem(widened)=0.000000 -> cannot exceed 0.
[4854.015s] PRUNE: margin=-16.000000, optimistic_rem(widened)=0.000000 -> cannot exceed 0.
[4859.234s] PRUNE: margin=-16.000000, optimistic_rem(widened)=0.000000 -> cannot exceed 0.
[4869.686s] PRUNE: margin=-16.000000, optimistic_rem(widened)=0.000000 -> cannot exceed 0.
[4874.965s] PRUNE: margin=-16.000000, optimistic_rem(widened)=0.000000 -> cannot exceed 0.
[4880.170s] PRUNE: margin=-16.000000, optimistic_rem(widened)=0.000000 -> cannot exceed 0.
[4893.042s] PRUNE: margin=-16.000000, optimistic_rem(widened)=0.000000 -> cannot exceed 0.
[4901.750s] PRUNE: margin=-16.000000, optimistic_rem(widened)=0.000000 -> cannot exceed 0.
[4917.529s] PRUNE: margin=-16.000000, optimistic_rem(widened)=0.000000 -> cannot exceed 0.
[4935.953s] PRUNE: margin=-8.000000, optimistic_rem(widened)=0.000000 -> cannot exceed 0.
[4945.428s] PRUNE: margin=-16.000000, optimistic_rem(widened)=0.000000 -> cannot exceed 0.
[4950.704s] PRUNE: margin=-16.000000, optimistic_rem(widened)=0.000000 -> cannot exceed 0.
[4956.027s] PRUNE: margin=-16.000000, optimistic_rem(widened)=0.000000 -> cannot exceed 0.
[4961.341s] PRUNE: margin=-16.000000, optimistic_rem(widened)=0.000000 -> cannot exceed 0.
[4966.624s] PRUNE: margin=-16.000000, optimistic_rem(widened)=0.000000 -> cannot exceed 0.
[4971.976s] PRUNE: margin=-16.000000, optimistic_rem(widened)=0.000000 -> cannot exceed 0.
[4979.832s] PRUNE: margin=-16.000000, optimistic_rem(widened)=8.000000 -> cannot exceed 0.
[4985.077s] PRUNE: margin=-16.000000, optimistic_rem(widened)=8.000000 -> cannot exceed 0.
[4990.297s] PRUNE: margin=-16.000000, optimistic_rem(widened)=8.000000 -> cannot exceed 0.
[4998.178s] PRUNE: margin=-16.000000, optimistic_rem(widened)=0.000000 -> cannot exceed 0.
[5003.398s] PRUNE: margin=-16.000000, optimistic_rem(widened)=0.000000 -> cannot exceed 0.
[5013.891s] PRUNE: margin=-16.000000, optimistic_rem(widened)=0.000000 -> cannot exceed 0.
[5032.382s] PRUNE: margin=-8.000000, optimistic_rem(widened)=0.000000 -> cannot exceed 0.
[5037.607s] PRUNE: margin=-16.000000, optimistic_rem(widened)=8.000000 -> cannot exceed 0.
[5042.830s] PRUNE: margin=-16.000000, optimistic_rem(widened)=8.000000 -> cannot exceed 0.
[5048.065s] PRUNE: margin=-16.000000, optimistic_rem(widened)=8.000000 -> cannot exceed 0.
[5055.907s] PRUNE: margin=-16.000000, optimistic_rem(widened)=0.000000 -> cannot exceed 0.
[5061.144s] PRUNE: margin=-16.000000, optimistic_rem(widened)=0.000000 -> cannot exceed 0.
[5071.630s] PRUNE: margin=-16.000000, optimistic_rem(widened)=0.000000 -> cannot exceed 0.
[5087.473s] PRUNE: margin=-16.000000, optimistic_rem(widened)=16.000000 -> cannot exceed 0.
[5092.742s] PRUNE: margin=-16.000000, optimistic_rem(widened)=16.000000 -> cannot exceed 0.
[5097.986s] PRUNE: margin=-16.000000, optimistic_rem(widened)=16.000000 -> cannot exceed 0.
[5103.217s] PRUNE: margin=-16.000000, optimistic_rem(widened)=16.000000 -> cannot exceed 0.
[5108.461s] PRUNE: margin=-16.000000, optimistic_rem(widened)=16.000000 -> cannot exceed 0.
[5113.738s] PRUNE: margin=-16.000000, optimistic_rem(widened)=16.000000 -> cannot exceed 0.
[5134.803s] PRUNE: margin=-8.000000, optimistic_rem(widened)=0.000000 -> cannot exceed 0.
[5140.029s] PRUNE: margin=-8.000000, optimistic_rem(widened)=0.000000 -> cannot exceed 0.
[5145.313s] PRUNE: margin=-8.000000, optimistic_rem(widened)=0.000000 -> cannot exceed 0.
[5150.615s] PRUNE: margin=-8.000000, optimistic_rem(widened)=0.000000 -> cannot exceed 0.
[5155.900s] PRUNE: margin=-8.000000, optimistic_rem(widened)=0.000000 -> cannot exceed 0.
[5161.155s] PRUNE: margin=-8.000000, optimistic_rem(widened)=0.000000 -> cannot exceed 0.
[5166.421s] PRUNE: margin=-8.000000, optimistic_rem(widened)=0.000000 -> cannot exceed 0.
[5171.698s] PRUNE: margin=-8.000000, optimistic_rem(widened)=0.000000 -> cannot exceed 0.
[5176.926s] PRUNE: margin=-8.000000, optimistic_rem(widened)=0.000000 -> cannot exceed 0.
[5187.411s] PRUNE: margin=-8.000000, optimistic_rem(widened)=0.000000 -> cannot exceed 0.
[5192.692s] PRUNE: margin=-8.000000, optimistic_rem(widened)=0.000000 -> cannot exceed 0.
[5197.991s] PRUNE: margin=-8.000000, optimistic_rem(widened)=0.000000 -> cannot exceed 0.
[5203.234s] PRUNE: margin=-8.000000, optimistic_rem(widened)=0.000000 -> cannot exceed 0.
[5208.499s] PRUNE: margin=-8.000000, optimistic_rem(widened)=0.000000 -> cannot exceed 0.
[5213.750s] PRUNE: margin=-8.000000, optimistic_rem(widened)=0.000000 -> cannot exceed 0.
[5218.994s] PRUNE: margin=-8.000000, optimistic_rem(widened)=0.000000 -> cannot exceed 0.
[5224.242s] PRUNE: margin=-8.000000, optimistic_rem(widened)=0.000000 -> cannot exceed 0.
[5234.721s] PRUNE: margin=-8.000000, optimistic_rem(widened)=0.000000 -> cannot exceed 0.
[5239.952s] PRUNE: margin=-8.000000, optimistic_rem(widened)=0.000000 -> cannot exceed 0.
[5245.211s] PRUNE: margin=-8.000000, optimistic_rem(widened)=0.000000 -> cannot exceed 0.
[5250.446s] PRUNE: margin=-8.000000, optimistic_rem(widened)=0.000000 -> cannot exceed 0.
[5255.686s] PRUNE: margin=-8.000000, optimistic_rem(widened)=0.000000 -> cannot exceed 0.
[5260.931s] PRUNE: margin=-8.000000, optimistic_rem(widened)=0.000000 -> cannot exceed 0.
[5266.197s] PRUNE: margin=-8.000000, optimistic_rem(widened)=0.000000 -> cannot exceed 0.
[5276.674s] PRUNE: margin=-8.000000, optimistic_rem(widened)=0.000000 -> cannot exceed 0.
[5281.953s] PRUNE: margin=-8.000000, optimistic_rem(widened)=0.000000 -> cannot exceed 0.
[5287.184s] PRUNE: margin=-8.000000, optimistic_rem(widened)=0.000000 -> cannot exceed 0.
[5292.422s] PRUNE: margin=-8.000000, optimistic_rem(widened)=0.000000 -> cannot exceed 0.
[5297.637s] PRUNE: margin=-8.000000, optimistic_rem(widened)=0.000000 -> cannot exceed 0.
[5302.854s] PRUNE: margin=-8.000000, optimistic_rem(widened)=0.000000 -> cannot exceed 0.
[5313.266s] PRUNE: margin=-8.000000, optimistic_rem(widened)=0.000000 -> cannot exceed 0.
[5318.501s] PRUNE: margin=-8.000000, optimistic_rem(widened)=0.000000 -> cannot exceed 0.
[5323.750s] PRUNE: margin=-8.000000, optimistic_rem(widened)=0.000000 -> cannot exceed 0.
[5329.059s] PRUNE: margin=-8.000000, optimistic_rem(widened)=0.000000 -> cannot exceed 0.
[5334.268s] PRUNE: margin=-8.000000, optimistic_rem(widened)=0.000000 -> cannot exceed 0.
[5344.714s] PRUNE: margin=-8.000000, optimistic_rem(widened)=0.000000 -> cannot exceed 0.
[5349.938s] PRUNE: margin=-8.000000, optimistic_rem(widened)=0.000000 -> cannot exceed 0.
[5355.194s] PRUNE: margin=-8.000000, optimistic_rem(widened)=0.000000 -> cannot exceed 0.
[5360.413s] PRUNE: margin=-8.000000, optimistic_rem(widened)=0.000000 -> cannot exceed 0.
[5370.938s] PRUNE: margin=-8.000000, optimistic_rem(widened)=0.000000 -> cannot exceed 0.
[5376.158s] PRUNE: margin=-8.000000, optimistic_rem(widened)=0.000000 -> cannot exceed 0.
[5381.376s] PRUNE: margin=-8.000000, optimistic_rem(widened)=0.000000 -> cannot exceed 0.
[5391.846s] PRUNE: margin=-8.000000, optimistic_rem(widened)=0.000000 -> cannot exceed 0.
[5397.068s] PRUNE: margin=-8.000000, optimistic_rem(widened)=0.000000 -> cannot exceed 0.
[5407.549s] PRUNE: margin=-8.000000, optimistic_rem(widened)=0.000000 -> cannot exceed 0.
[5425.955s] PRUNE: margin=-8.000000, optimistic_rem(widened)=0.000000 -> cannot exceed 0.
[5431.219s] PRUNE: margin=-16.000000, optimistic_rem(widened)=8.000000 -> cannot exceed 0.
[5436.462s] PRUNE: margin=-16.000000, optimistic_rem(widened)=8.000000 -> cannot exceed 0.
[5441.688s] PRUNE: margin=-16.000000, optimistic_rem(widened)=8.000000 -> cannot exceed 0.
[5449.512s] PRUNE: margin=-16.000000, optimistic_rem(widened)=0.000000 -> cannot exceed 0.
[5454.784s] PRUNE: margin=-16.000000, optimistic_rem(widened)=0.000000 -> cannot exceed 0.
[5460.062s] PRUNE: margin=-16.000000, optimistic_rem(widened)=0.000000 -> cannot exceed 0.
[5465.326s] PRUNE: margin=-16.000000, optimistic_rem(widened)=0.000000 -> cannot exceed 0.
[5475.783s] PRUNE: margin=-16.000000, optimistic_rem(widened)=0.000000 -> cannot exceed 0.
[5480.994s] PRUNE: margin=-16.000000, optimistic_rem(widened)=0.000000 -> cannot exceed 0.
[5486.233s] PRUNE: margin=-16.000000, optimistic_rem(widened)=0.000000 -> cannot exceed 0.
[5496.638s] PRUNE: margin=-16.000000, optimistic_rem(widened)=0.000000 -> cannot exceed 0.
[5501.839s] PRUNE: margin=-16.000000, optimistic_rem(widened)=0.000000 -> cannot exceed 0.
[5512.353s] PRUNE: margin=-16.000000, optimistic_rem(widened)=0.000000 -> cannot exceed 0.
[5527.958s] PRUNE: margin=-16.000000, optimistic_rem(widened)=16.000000 -> cannot exceed 0.
[5533.184s] PRUNE: margin=-16.000000, optimistic_rem(widened)=16.000000 -> cannot exceed 0.
[5538.432s] PRUNE: margin=-16.000000, optimistic_rem(widened)=16.000000 -> cannot exceed 0.
[5543.660s] PRUNE: margin=-16.000000, optimistic_rem(widened)=16.000000 -> cannot exceed 0.
[5551.544s] PRUNE: margin=-16.000000, optimistic_rem(widened)=8.000000 -> cannot exceed 0.
[5559.412s] PRUNE: margin=-16.000000, optimistic_rem(widened)=0.000000 -> cannot exceed 0.
[5564.663s] PRUNE: margin=-16.000000, optimistic_rem(widened)=0.000000 -> cannot exceed 0.
[5575.295s] PRUNE: margin=-16.000000, optimistic_rem(widened)=0.000000 -> cannot exceed 0.
[5593.714s] PRUNE: margin=-16.000000, optimistic_rem(widened)=8.000000 -> cannot exceed 0.
[5601.647s] PRUNE: margin=-16.000000, optimistic_rem(widened)=0.000000 -> cannot exceed 0.
[5619.998s] PRUNE: margin=-16.000000, optimistic_rem(widened)=8.000000 -> cannot exceed 0.
[5635.676s] PRUNE: margin=-16.000000, optimistic_rem(widened)=8.000000 -> cannot exceed 0.
[5653.921s] PRUNE: margin=-8.000000, optimistic_rem(widened)=0.000000 -> cannot exceed 0.
[5664.321s] PRUNE: margin=-8.000000, optimistic_rem(widened)=0.000000 -> cannot exceed 0.
[5669.530s] PRUNE: margin=-8.000000, optimistic_rem(widened)=0.000000 -> cannot exceed 0.
[5674.739s] PRUNE: margin=-8.000000, optimistic_rem(widened)=0.000000 -> cannot exceed 0.
[5679.971s] PRUNE: margin=-8.000000, optimistic_rem(widened)=0.000000 -> cannot exceed 0.
[5685.200s] PRUNE: margin=-8.000000, optimistic_rem(widened)=0.000000 -> cannot exceed 0.
[5690.526s] PRUNE: margin=-8.000000, optimistic_rem(widened)=0.000000 -> cannot exceed 0.
[5695.856s] PRUNE: margin=-8.000000, optimistic_rem(widened)=0.000000 -> cannot exceed 0.
[5706.400s] PRUNE: margin=-8.000000, optimistic_rem(widened)=0.000000 -> cannot exceed 0.
[5711.628s] PRUNE: margin=-8.000000, optimistic_rem(widened)=0.000000 -> cannot exceed 0.
[5716.900s] PRUNE: margin=-8.000000, optimistic_rem(widened)=0.000000 -> cannot exceed 0.
[5722.146s] PRUNE: margin=-8.000000, optimistic_rem(widened)=0.000000 -> cannot exceed 0.
[5727.389s] PRUNE: margin=-8.000000, optimistic_rem(widened)=0.000000 -> cannot exceed 0.
[5732.674s] PRUNE: margin=-8.000000, optimistic_rem(widened)=0.000000 -> cannot exceed 0.
[5743.270s] PRUNE: margin=-8.000000, optimistic_rem(widened)=0.000000 -> cannot exceed 0.
[5748.504s] PRUNE: margin=-8.000000, optimistic_rem(widened)=0.000000 -> cannot exceed 0.
[5753.762s] PRUNE: margin=-8.000000, optimistic_rem(widened)=0.000000 -> cannot exceed 0.
[5758.991s] PRUNE: margin=-8.000000, optimistic_rem(widened)=0.000000 -> cannot exceed 0.
[5764.268s] PRUNE: margin=-8.000000, optimistic_rem(widened)=0.000000 -> cannot exceed 0.
[5774.722s] PRUNE: margin=-8.000000, optimistic_rem(widened)=0.000000 -> cannot exceed 0.
[5779.967s] PRUNE: margin=-8.000000, optimistic_rem(widened)=0.000000 -> cannot exceed 0.
[5785.206s] PRUNE: margin=-8.000000, optimistic_rem(widened)=0.000000 -> cannot exceed 0.
[5790.503s] PRUNE: margin=-8.000000, optimistic_rem(widened)=0.000000 -> cannot exceed 0.
[5801.009s] PRUNE: margin=-8.000000, optimistic_rem(widened)=0.000000 -> cannot exceed 0.
[5806.326s] PRUNE: margin=-8.000000, optimistic_rem(widened)=0.000000 -> cannot exceed 0.
[5811.636s] PRUNE: margin=-8.000000, optimistic_rem(widened)=0.000000 -> cannot exceed 0.
[5822.126s] PRUNE: margin=-8.000000, optimistic_rem(widened)=0.000000 -> cannot exceed 0.
[5827.478s] PRUNE: margin=-8.000000, optimistic_rem(widened)=0.000000 -> cannot exceed 0.
[5837.963s] PRUNE: margin=-8.000000, optimistic_rem(widened)=0.000000 -> cannot exceed 0.
[5853.651s] PRUNE: margin=-16.000000, optimistic_rem(widened)=16.000000 -> cannot exceed 0.
[5858.910s] PRUNE: margin=-16.000000, optimistic_rem(widened)=16.000000 -> cannot exceed 0.
[5864.139s] PRUNE: margin=-16.000000, optimistic_rem(widened)=16.000000 -> cannot exceed 0.
[5872.073s] PRUNE: margin=-16.000000, optimistic_rem(widened)=8.000000 -> cannot exceed 0.
[5879.990s] PRUNE: margin=-16.000000, optimistic_rem(widened)=0.000000 -> cannot exceed 0.
[5885.217s] PRUNE: margin=-16.000000, optimistic_rem(widened)=0.000000 -> cannot exceed 0.
[5895.715s] PRUNE: margin=-16.000000, optimistic_rem(widened)=0.000000 -> cannot exceed 0.
[5914.625s] PRUNE: margin=-16.000000, optimistic_rem(widened)=8.000000 -> cannot exceed 0.
[5922.588s] PRUNE: margin=-16.000000, optimistic_rem(widened)=0.000000 -> cannot exceed 0.
[5940.979s] PRUNE: margin=-16.000000, optimistic_rem(widened)=8.000000 -> cannot exceed 0.
[5956.691s] PRUNE: margin=-16.000000, optimistic_rem(widened)=8.000000 -> cannot exceed 0.
[5994.470s] PRUNE: margin=-8.000000, optimistic_rem(widened)=0.000000 -> cannot exceed 0.
[6003.193s] PRUNE: margin=-8.000000, optimistic_rem(widened)=0.000000 -> cannot exceed 0.
[6011.916s] PRUNE: margin=-8.000000, optimistic_rem(widened)=0.000000 -> cannot exceed 0.
[6020.640s] PRUNE: margin=-8.000000, optimistic_rem(widened)=0.000000 -> cannot exceed 0.
[6029.366s] PRUNE: margin=-8.000000, optimistic_rem(widened)=0.000000 -> cannot exceed 0.
[6038.092s] PRUNE: margin=-8.000000, optimistic_rem(widened)=0.000000 -> cannot exceed 0.
[6046.815s] PRUNE: margin=-8.000000, optimistic_rem(widened)=0.000000 -> cannot exceed 0.
[6064.261s] PRUNE: margin=-8.000000, optimistic_rem(widened)=0.000000 -> cannot exceed 0.
[6072.985s] PRUNE: margin=-8.000000, optimistic_rem(widened)=0.000000 -> cannot exceed 0.
[6081.712s] PRUNE: margin=-8.000000, optimistic_rem(widened)=0.000000 -> cannot exceed 0.
[6090.438s] PRUNE: margin=-8.000000, optimistic_rem(widened)=0.000000 -> cannot exceed 0.
[6099.161s] PRUNE: margin=-8.000000, optimistic_rem(widened)=0.000000 -> cannot exceed 0.
[6107.884s] PRUNE: margin=-8.000000, optimistic_rem(widened)=0.000000 -> cannot exceed 0.
[6125.327s] PRUNE: margin=-8.000000, optimistic_rem(widened)=0.000000 -> cannot exceed 0.
[6134.051s] PRUNE: margin=-8.000000, optimistic_rem(widened)=0.000000 -> cannot exceed 0.
[6142.774s] PRUNE: margin=-8.000000, optimistic_rem(widened)=0.000000 -> cannot exceed 0.
[6151.499s] PRUNE: margin=-8.000000, optimistic_rem(widened)=0.000000 -> cannot exceed 0.
[6160.223s] PRUNE: margin=-8.000000, optimistic_rem(widened)=0.000000 -> cannot exceed 0.
[6177.672s] PRUNE: margin=-8.000000, optimistic_rem(widened)=0.000000 -> cannot exceed 0.
[6186.397s] PRUNE: margin=-8.000000, optimistic_rem(widened)=0.000000 -> cannot exceed 0.
[6195.122s] PRUNE: margin=-8.000000, optimistic_rem(widened)=0.000000 -> cannot exceed 0.
[6203.848s] PRUNE: margin=-8.000000, optimistic_rem(widened)=0.000000 -> cannot exceed 0.
[6221.300s] PRUNE: margin=-8.000000, optimistic_rem(widened)=0.000000 -> cannot exceed 0.
[6230.025s] PRUNE: margin=-8.000000, optimistic_rem(widened)=0.000000 -> cannot exceed 0.
[6238.751s] PRUNE: margin=-8.000000, optimistic_rem(widened)=0.000000 -> cannot exceed 0.
[6256.196s] PRUNE: margin=-8.000000, optimistic_rem(widened)=0.000000 -> cannot exceed 0.
[6264.923s] PRUNE: margin=-8.000000, optimistic_rem(widened)=0.000000 -> cannot exceed 0.
[6282.372s] PRUNE: margin=-8.000000, optimistic_rem(widened)=0.000000 -> cannot exceed 0.
[6308.523s] PRUNE: margin=-16.000000, optimistic_rem(widened)=16.000000 -> cannot exceed 0.
[6317.228s] PRUNE: margin=-16.000000, optimistic_rem(widened)=16.000000 -> cannot exceed 0.
[6325.934s] PRUNE: margin=-16.000000, optimistic_rem(widened)=16.000000 -> cannot exceed 0.
[6334.640s] PRUNE: margin=-16.000000, optimistic_rem(widened)=16.000000 -> cannot exceed 0.
[6343.348s] PRUNE: margin=-16.000000, optimistic_rem(widened)=16.000000 -> cannot exceed 0.
[6352.056s] PRUNE: margin=-16.000000, optimistic_rem(widened)=16.000000 -> cannot exceed 0.
[6391.241s] PRUNE: margin=-8.000000, optimistic_rem(widened)=0.000000 -> cannot exceed 0.
[8047.295s] No counterexample within budgets (BaB): no misclassification found.
STATUS: No counterexample | best_upper_margin=64.000000 | elapsed=8047.295s | pixels_changed=0 | total_bit_flips=0 | avg_hamming_per_pixel=0.000000 | patch_rows=0-22 | patch_cols=8-22 | note=no_counterexample_within_budgets
