[  0.000s] init: idx=8039 kmax=2 bmax=4 topx=2 widen=1.000 rank_fast=off
clean logits (hex):  0x82  0x83  0x82  0x82  0x8c  0x82  0x82  0x82  0x82  0x83
clean logits (bits): 10000010 10000011 10000010 10000010 10001100 10000010 10000010 10000010 10000010 10000011
clean logits (double): -32.000000 -24.000000 -32.000000 -32.000000 -6.000000 -32.000000 -32.000000 -32.000000 -32.000000 -24.000000
[  0.017s] clean prediction: 4 (true label 4)
[1677.985s] selection: nSym=2 (from 784), topx=2, rank_fast=off
[1677.985s] active patch: rows 7-9, cols 8-10 (derived from symPix)
[1690.486s] Proceeding to BaB (greedy enabled).
[1690.486s] Skipping root bound check (--no-root-bound).
[1690.486s] BaB search starting (K<=2, B<=4, nSym=2, depth_limit=500000000, widen=1.00)...
[1695.909s] PRUNE: margin=-18.000000, optimistic_rem(widened)=6.500000 -> cannot exceed 0.
[1701.313s] PRUNE: margin=-17.500000, optimistic_rem(widened)=8.500000 -> cannot exceed 0.
[1706.852s] PRUNE: margin=-17.500000, optimistic_rem(widened)=8.000000 -> cannot exceed 0.
[1712.253s] PRUNE: margin=-18.000000, optimistic_rem(widened)=14.500000 -> cannot exceed 0.
[1717.703s] PRUNE: margin=-18.000000, optimistic_rem(widened)=14.500000 -> cannot exceed 0.
[1723.229s] PRUNE: margin=-18.000000, optimistic_rem(widened)=14.500000 -> cannot exceed 0.
[1731.443s] PRUNE: margin=-18.000000, optimistic_rem(widened)=10.000000 -> cannot exceed 0.
[1739.701s] PRUNE: margin=-18.000000, optimistic_rem(widened)=16.000000 -> cannot exceed 0.
[1745.210s] PRUNE: margin=-18.000000, optimistic_rem(widened)=8.000000 -> cannot exceed 0.
[1750.614s] PRUNE: margin=-18.000000, optimistic_rem(widened)=8.000000 -> cannot exceed 0.
[1756.127s] PRUNE: margin=-18.000000, optimistic_rem(widened)=8.000000 -> cannot exceed 0.
[1761.608s] PRUNE: margin=-18.000000, optimistic_rem(widened)=8.000000 -> cannot exceed 0.
[1767.021s] PRUNE: margin=-18.000000, optimistic_rem(widened)=1.000000 -> cannot exceed 0.
[1772.461s] PRUNE: margin=-18.000000, optimistic_rem(widened)=8.000000 -> cannot exceed 0.
[1780.546s] PRUNE: margin=-18.000000, optimistic_rem(widened)=15.500000 -> cannot exceed 0.
[1786.011s] PRUNE: margin=-18.000000, optimistic_rem(widened)=9.000000 -> cannot exceed 0.
[1791.326s] PRUNE: margin=-18.000000, optimistic_rem(widened)=9.000000 -> cannot exceed 0.
[1796.739s] PRUNE: margin=-18.000000, optimistic_rem(widened)=16.000000 -> cannot exceed 0.
[1802.142s] PRUNE: margin=-18.000000, optimistic_rem(widened)=16.000000 -> cannot exceed 0.
[1807.538s] PRUNE: margin=-18.000000, optimistic_rem(widened)=16.000000 -> cannot exceed 0.
[1812.957s] PRUNE: margin=-18.000000, optimistic_rem(widened)=16.000000 -> cannot exceed 0.
[1823.723s] PRUNE: margin=-18.000000, optimistic_rem(widened)=10.500000 -> cannot exceed 0.
[1829.124s] PRUNE: margin=-18.000000, optimistic_rem(widened)=8.500000 -> cannot exceed 0.
[1834.577s] PRUNE: margin=-18.000000, optimistic_rem(widened)=9.000000 -> cannot exceed 0.
[1839.970s] PRUNE: margin=-18.000000, optimistic_rem(widened)=9.000000 -> cannot exceed 0.
[1845.355s] PRUNE: margin=-18.000000, optimistic_rem(widened)=9.000000 -> cannot exceed 0.
[1850.742s] PRUNE: margin=-18.000000, optimistic_rem(widened)=9.000000 -> cannot exceed 0.
[1856.152s] PRUNE: margin=-18.000000, optimistic_rem(widened)=15.500000 -> cannot exceed 0.
[1861.639s] PRUNE: margin=-18.000000, optimistic_rem(widened)=9.500000 -> cannot exceed 0.
[1869.883s] PRUNE: margin=-18.000000, optimistic_rem(widened)=15.500000 -> cannot exceed 0.
[1878.009s] PRUNE: margin=-18.000000, optimistic_rem(widened)=16.000000 -> cannot exceed 0.
[1883.367s] PRUNE: margin=-18.000000, optimistic_rem(widened)=16.000000 -> cannot exceed 0.
[1888.697s] PRUNE: margin=-18.000000, optimistic_rem(widened)=16.000000 -> cannot exceed 0.
[1894.000s] PRUNE: margin=-18.000000, optimistic_rem(widened)=16.000000 -> cannot exceed 0.
[1899.399s] PRUNE: margin=-18.000000, optimistic_rem(widened)=16.000000 -> cannot exceed 0.
[1904.755s] PRUNE: margin=-18.000000, optimistic_rem(widened)=4.000000 -> cannot exceed 0.
[1915.408s] PRUNE: margin=-18.000000, optimistic_rem(widened)=6.500000 -> cannot exceed 0.
[1923.442s] PRUNE: margin=-18.000000, optimistic_rem(widened)=6.000000 -> cannot exceed 0.
[1931.621s] PRUNE: margin=-18.000000, optimistic_rem(widened)=6.000000 -> cannot exceed 0.
[1950.527s] PRUNE: margin=-18.000000, optimistic_rem(widened)=6.500000 -> cannot exceed 0.
[1955.859s] PRUNE: margin=-18.000000, optimistic_rem(widened)=8.000000 -> cannot exceed 0.
[1966.538s] PRUNE: margin=-18.500000, optimistic_rem(widened)=9.000000 -> cannot exceed 0.
[1987.946s] PRUNE: margin=-18.000000, optimistic_rem(widened)=6.000000 -> cannot exceed 0.
[1995.923s] PRUNE: margin=-18.000000, optimistic_rem(widened)=6.000000 -> cannot exceed 0.
[2014.517s] PRUNE: margin=-18.000000, optimistic_rem(widened)=6.500000 -> cannot exceed 0.
[2019.774s] PRUNE: margin=-18.000000, optimistic_rem(widened)=8.000000 -> cannot exceed 0.
[2030.324s] PRUNE: margin=-18.500000, optimistic_rem(widened)=9.000000 -> cannot exceed 0.
[2046.319s] PRUNE: margin=-18.000000, optimistic_rem(widened)=13.000000 -> cannot exceed 0.
[2054.230s] PRUNE: margin=-18.000000, optimistic_rem(widened)=8.000000 -> cannot exceed 0.
[2070.176s] PRUNE: margin=-18.500000, optimistic_rem(widened)=9.500000 -> cannot exceed 0.
[2080.861s] No counterexample within budgets (BaB): no misclassification found.
STATUS: No counterexample | best_upper_margin=14.000000 | elapsed=2080.861s | pixels_changed=0 | total_bit_flips=0 | avg_hamming_per_pixel=0.000000 | patch_rows=7-9 | patch_cols=8-10 | note=no_counterexample_within_budgets
