[  0.000s] init: idx=4 kmax=2 bmax=4 topx=2 widen=1.000 rank_fast=off
clean logits (hex):  0x82  0x82  0x82  0x82  0x8e  0x82  0x82  0x83  0x82  0x83
clean logits (bits): 10000010 10000010 10000010 10000010 10001110 10000010 10000010 10000011 10000010 10000011
clean logits (double): -32.000000 -32.000000 -32.000000 -32.000000 -5.000000 -32.000000 -32.000000 -24.000000 -32.000000 -24.000000
[  0.262s] clean prediction: 4 (true label 4)
[1658.824s] selection: nSym=2 (from 784), topx=2, rank_fast=off
[1658.824s] active patch: rows 14-16, cols 7-10 (derived from symPix)
[1678.319s] Proceeding to BaB (greedy enabled).
[1678.319s] Skipping root bound check (--no-root-bound).
[1678.319s] BaB search starting (K<=2, B<=4, nSym=2, depth_limit=500000000, widen=1.00)...
[1695.194s] PRUNE: margin=-12.750000, optimistic_rem(widened)=7.625000 -> cannot exceed 0.
[1703.626s] PRUNE: margin=-12.750000, optimistic_rem(widened)=7.625000 -> cannot exceed 0.
[1712.057s] PRUNE: margin=-12.875000, optimistic_rem(widened)=7.625000 -> cannot exceed 0.
[1720.490s] PRUNE: margin=-13.250000, optimistic_rem(widened)=8.000000 -> cannot exceed 0.
[1728.924s] PRUNE: margin=-13.250000, optimistic_rem(widened)=0.625000 -> cannot exceed 0.
[1737.354s] PRUNE: margin=-13.375000, optimistic_rem(widened)=1.875000 -> cannot exceed 0.
[1745.786s] PRUNE: margin=-13.750000, optimistic_rem(widened)=1.125000 -> cannot exceed 0.
[1754.229s] PRUNE: margin=-18.000000, optimistic_rem(widened)=7.000000 -> cannot exceed 0.
[1762.661s] PRUNE: margin=-12.000000, optimistic_rem(widened)=7.375000 -> cannot exceed 0.
[1771.092s] PRUNE: margin=-12.625000, optimistic_rem(widened)=7.875000 -> cannot exceed 0.
[1779.523s] PRUNE: margin=-12.625000, optimistic_rem(widened)=7.875000 -> cannot exceed 0.
[1787.953s] PRUNE: margin=-12.625000, optimistic_rem(widened)=7.875000 -> cannot exceed 0.
[1796.386s] PRUNE: margin=-12.625000, optimistic_rem(widened)=7.875000 -> cannot exceed 0.
[1804.817s] PRUNE: margin=-12.625000, optimistic_rem(widened)=7.875000 -> cannot exceed 0.
[1821.688s] PRUNE: margin=-13.250000, optimistic_rem(widened)=0.375000 -> cannot exceed 0.
[1830.124s] PRUNE: margin=-13.375000, optimistic_rem(widened)=10.875000 -> cannot exceed 0.
[1842.790s] PRUNE: margin=-13.750000, optimistic_rem(widened)=0.000000 -> cannot exceed 0.
[1851.230s] PRUNE: margin=-13.875000, optimistic_rem(widened)=0.750000 -> cannot exceed 0.
[1859.669s] PRUNE: margin=-13.875000, optimistic_rem(widened)=0.750000 -> cannot exceed 0.
[1868.109s] PRUNE: margin=-14.000000, optimistic_rem(widened)=0.750000 -> cannot exceed 0.
[1876.545s] PRUNE: margin=-14.000000, optimistic_rem(widened)=0.000000 -> cannot exceed 0.
[1884.986s] PRUNE: margin=-14.000000, optimistic_rem(widened)=0.000000 -> cannot exceed 0.
[1893.427s] PRUNE: margin=-13.750000, optimistic_rem(widened)=8.500000 -> cannot exceed 0.
[1901.867s] PRUNE: margin=-13.750000, optimistic_rem(widened)=0.000000 -> cannot exceed 0.
[1910.309s] PRUNE: margin=-13.750000, optimistic_rem(widened)=0.000000 -> cannot exceed 0.
[1918.762s] PRUNE: margin=-13.750000, optimistic_rem(widened)=0.000000 -> cannot exceed 0.
[1931.432s] PRUNE: margin=-18.500000, optimistic_rem(widened)=7.500000 -> cannot exceed 0.
[1944.086s] PRUNE: margin=-12.750000, optimistic_rem(widened)=0.000000 -> cannot exceed 0.
[1952.528s] PRUNE: margin=-12.875000, optimistic_rem(widened)=12.875000 -> cannot exceed 0.
[1960.969s] PRUNE: margin=-12.500000, optimistic_rem(widened)=0.000000 -> cannot exceed 0.
[1969.411s] PRUNE: margin=-12.625000, optimistic_rem(widened)=0.000000 -> cannot exceed 0.
[1977.851s] PRUNE: margin=-12.750000, optimistic_rem(widened)=12.750000 -> cannot exceed 0.
[1986.288s] PRUNE: margin=-12.750000, optimistic_rem(widened)=12.250000 -> cannot exceed 0.
[1994.727s] PRUNE: margin=-12.750000, optimistic_rem(widened)=0.000000 -> cannot exceed 0.
[2003.167s] PRUNE: margin=-12.750000, optimistic_rem(widened)=0.000000 -> cannot exceed 0.
[2020.038s] PRUNE: margin=-12.750000, optimistic_rem(widened)=0.000000 -> cannot exceed 0.
[2028.475s] PRUNE: margin=-12.875000, optimistic_rem(widened)=12.875000 -> cannot exceed 0.
[2036.914s] PRUNE: margin=-12.500000, optimistic_rem(widened)=0.000000 -> cannot exceed 0.
[2045.350s] PRUNE: margin=-12.625000, optimistic_rem(widened)=0.000000 -> cannot exceed 0.
[2053.790s] PRUNE: margin=-12.750000, optimistic_rem(widened)=12.250000 -> cannot exceed 0.
[2062.227s] PRUNE: margin=-12.750000, optimistic_rem(widened)=0.000000 -> cannot exceed 0.
[2070.668s] PRUNE: margin=-12.750000, optimistic_rem(widened)=0.000000 -> cannot exceed 0.
[2087.543s] PRUNE: margin=-12.750000, optimistic_rem(widened)=0.000000 -> cannot exceed 0.
[2095.987s] PRUNE: margin=-12.750000, optimistic_rem(widened)=0.000000 -> cannot exceed 0.
[2104.423s] PRUNE: margin=-13.000000, optimistic_rem(widened)=11.500000 -> cannot exceed 0.
[2112.858s] PRUNE: margin=-13.375000, optimistic_rem(widened)=0.000000 -> cannot exceed 0.
[2121.297s] PRUNE: margin=-12.750000, optimistic_rem(widened)=0.000000 -> cannot exceed 0.
[2129.736s] PRUNE: margin=-12.750000, optimistic_rem(widened)=0.000000 -> cannot exceed 0.
[2142.393s] PRUNE: margin=-12.750000, optimistic_rem(widened)=7.875000 -> cannot exceed 0.
[2155.045s] PRUNE: margin=-13.375000, optimistic_rem(widened)=0.000000 -> cannot exceed 0.
[2163.485s] PRUNE: margin=-12.875000, optimistic_rem(widened)=0.000000 -> cannot exceed 0.
[2171.923s] PRUNE: margin=-13.000000, optimistic_rem(widened)=0.000000 -> cannot exceed 0.
[2180.364s] PRUNE: margin=-12.875000, optimistic_rem(widened)=0.000000 -> cannot exceed 0.
[2193.022s] PRUNE: margin=-12.875000, optimistic_rem(widened)=7.625000 -> cannot exceed 0.
[2201.457s] PRUNE: margin=-13.000000, optimistic_rem(widened)=7.750000 -> cannot exceed 0.
[2209.894s] PRUNE: margin=-12.875000, optimistic_rem(widened)=7.625000 -> cannot exceed 0.
[2218.329s] PRUNE: margin=-13.000000, optimistic_rem(widened)=7.625000 -> cannot exceed 0.
[2230.984s] PRUNE: margin=-13.250000, optimistic_rem(widened)=1.250000 -> cannot exceed 0.
[2239.422s] PRUNE: margin=-13.750000, optimistic_rem(widened)=11.375000 -> cannot exceed 0.
[2252.107s] PRUNE: margin=-17.000000, optimistic_rem(widened)=6.000000 -> cannot exceed 0.
[2264.819s] PRUNE: margin=-14.000000, optimistic_rem(widened)=0.000000 -> cannot exceed 0.
[2273.294s] PRUNE: margin=-14.000000, optimistic_rem(widened)=0.000000 -> cannot exceed 0.
[2281.771s] PRUNE: margin=-14.000000, optimistic_rem(widened)=0.000000 -> cannot exceed 0.
[2290.246s] PRUNE: margin=-14.000000, optimistic_rem(widened)=0.000000 -> cannot exceed 0.
[2298.722s] PRUNE: margin=-22.000000, optimistic_rem(widened)=0.000000 -> cannot exceed 0.
[2307.197s] PRUNE: margin=-14.000000, optimistic_rem(widened)=0.000000 -> cannot exceed 0.
[2315.675s] PRUNE: margin=-22.000000, optimistic_rem(widened)=0.000000 -> cannot exceed 0.
[2324.148s] PRUNE: margin=-16.000000, optimistic_rem(widened)=0.000000 -> cannot exceed 0.
[2341.088s] PRUNE: margin=-16.000000, optimistic_rem(widened)=0.000000 -> cannot exceed 0.
[2349.554s] PRUNE: margin=-16.000000, optimistic_rem(widened)=0.000000 -> cannot exceed 0.
[2358.024s] PRUNE: margin=-16.000000, optimistic_rem(widened)=0.000000 -> cannot exceed 0.
[2366.490s] PRUNE: margin=-16.000000, optimistic_rem(widened)=0.000000 -> cannot exceed 0.
[2374.955s] PRUNE: margin=-16.000000, optimistic_rem(widened)=0.000000 -> cannot exceed 0.
[2383.424s] PRUNE: margin=-16.000000, optimistic_rem(widened)=0.000000 -> cannot exceed 0.
[2391.890s] PRUNE: margin=-16.000000, optimistic_rem(widened)=0.000000 -> cannot exceed 0.
[2408.827s] PRUNE: margin=-16.000000, optimistic_rem(widened)=0.000000 -> cannot exceed 0.
[2417.294s] PRUNE: margin=-16.000000, optimistic_rem(widened)=0.000000 -> cannot exceed 0.
[2425.763s] PRUNE: margin=-16.000000, optimistic_rem(widened)=0.000000 -> cannot exceed 0.
[2434.230s] PRUNE: margin=-16.000000, optimistic_rem(widened)=0.000000 -> cannot exceed 0.
[2442.703s] PRUNE: margin=-16.000000, optimistic_rem(widened)=0.000000 -> cannot exceed 0.
[2451.166s] PRUNE: margin=-16.000000, optimistic_rem(widened)=0.000000 -> cannot exceed 0.
[2468.098s] PRUNE: margin=-17.000000, optimistic_rem(widened)=0.000000 -> cannot exceed 0.
[2476.567s] PRUNE: margin=-16.000000, optimistic_rem(widened)=0.000000 -> cannot exceed 0.
[2485.035s] PRUNE: margin=-16.000000, optimistic_rem(widened)=0.000000 -> cannot exceed 0.
[2493.500s] PRUNE: margin=-16.000000, optimistic_rem(widened)=0.000000 -> cannot exceed 0.
[2501.974s] PRUNE: margin=-16.000000, optimistic_rem(widened)=0.000000 -> cannot exceed 0.
[2518.906s] PRUNE: margin=-17.000000, optimistic_rem(widened)=0.000000 -> cannot exceed 0.
[2526.595s] PRUNE: margin=-16.000000, optimistic_rem(widened)=0.000000 -> cannot exceed 0.
[2531.768s] PRUNE: margin=-16.000000, optimistic_rem(widened)=0.000000 -> cannot exceed 0.
[2539.560s] PRUNE: margin=-16.000000, optimistic_rem(widened)=0.000000 -> cannot exceed 0.
[2556.503s] PRUNE: margin=-16.000000, optimistic_rem(widened)=0.000000 -> cannot exceed 0.
[2564.977s] PRUNE: margin=-16.000000, optimistic_rem(widened)=0.000000 -> cannot exceed 0.
[2573.445s] PRUNE: margin=-16.000000, optimistic_rem(widened)=0.000000 -> cannot exceed 0.
[2590.384s] PRUNE: margin=-17.000000, optimistic_rem(widened)=0.000000 -> cannot exceed 0.
[2598.852s] PRUNE: margin=-16.000000, optimistic_rem(widened)=0.000000 -> cannot exceed 0.
[2615.802s] PRUNE: margin=-16.000000, optimistic_rem(widened)=0.000000 -> cannot exceed 0.
[2641.192s] PRUNE: margin=-18.500000, optimistic_rem(widened)=15.000000 -> cannot exceed 0.
[2658.078s] PRUNE: margin=-12.625000, optimistic_rem(widened)=0.000000 -> cannot exceed 0.
[2696.058s] PRUNE: margin=-11.500000, optimistic_rem(widened)=11.500000 -> cannot exceed 0.
[2704.499s] PRUNE: margin=-12.250000, optimistic_rem(widened)=12.250000 -> cannot exceed 0.
[2712.942s] PRUNE: margin=-11.500000, optimistic_rem(widened)=0.000000 -> cannot exceed 0.
[2721.383s] PRUNE: margin=-12.000000, optimistic_rem(widened)=0.000000 -> cannot exceed 0.
[2729.822s] PRUNE: margin=-11.500000, optimistic_rem(widened)=0.000000 -> cannot exceed 0.
[2746.709s] PRUNE: margin=-11.500000, optimistic_rem(widened)=0.000000 -> cannot exceed 0.
[2755.154s] PRUNE: margin=-11.500000, optimistic_rem(widened)=0.000000 -> cannot exceed 0.
[2801.578s] PRUNE: margin=-12.000000, optimistic_rem(widened)=0.000000 -> cannot exceed 0.
[2810.016s] PRUNE: margin=-12.125000, optimistic_rem(widened)=0.000000 -> cannot exceed 0.
[2826.909s] PRUNE: margin=-11.500000, optimistic_rem(widened)=0.000000 -> cannot exceed 0.
[2856.443s] PRUNE: margin=-12.000000, optimistic_rem(widened)=0.000000 -> cannot exceed 0.
[2864.882s] PRUNE: margin=-12.000000, optimistic_rem(widened)=0.000000 -> cannot exceed 0.
[2873.324s] PRUNE: margin=-12.000000, optimistic_rem(widened)=0.000000 -> cannot exceed 0.
[2885.986s] PRUNE: margin=-12.125000, optimistic_rem(widened)=7.500000 -> cannot exceed 0.
[2894.425s] PRUNE: margin=-12.125000, optimistic_rem(widened)=7.500000 -> cannot exceed 0.
[2902.864s] PRUNE: margin=-19.000000, optimistic_rem(widened)=7.500000 -> cannot exceed 0.
[2915.522s] PRUNE: margin=-19.000000, optimistic_rem(widened)=0.000000 -> cannot exceed 0.
[2928.185s] PRUNE: margin=-11.500000, optimistic_rem(widened)=8.000000 -> cannot exceed 0.
[2949.289s] PRUNE: margin=-12.625000, optimistic_rem(widened)=0.000000 -> cannot exceed 0.
[2957.732s] PRUNE: margin=-11.500000, optimistic_rem(widened)=11.500000 -> cannot exceed 0.
[2966.168s] PRUNE: margin=-12.250000, optimistic_rem(widened)=12.250000 -> cannot exceed 0.
[2974.605s] PRUNE: margin=-11.500000, optimistic_rem(widened)=0.000000 -> cannot exceed 0.
[2983.044s] PRUNE: margin=-12.000000, optimistic_rem(widened)=0.000000 -> cannot exceed 0.
[2991.490s] PRUNE: margin=-11.500000, optimistic_rem(widened)=0.000000 -> cannot exceed 0.
[3008.377s] PRUNE: margin=-11.500000, optimistic_rem(widened)=0.000000 -> cannot exceed 0.
[3015.241s] PRUNE: margin=-11.500000, optimistic_rem(widened)=0.000000 -> cannot exceed 0.
[3030.646s] PRUNE: margin=-12.000000, optimistic_rem(widened)=0.000000 -> cannot exceed 0.
[3035.817s] PRUNE: margin=-12.125000, optimistic_rem(widened)=0.000000 -> cannot exceed 0.
[3046.149s] PRUNE: margin=-11.500000, optimistic_rem(widened)=0.000000 -> cannot exceed 0.
[3051.303s] PRUNE: margin=-12.000000, optimistic_rem(widened)=0.000000 -> cannot exceed 0.
[3056.450s] PRUNE: margin=-12.000000, optimistic_rem(widened)=0.000000 -> cannot exceed 0.
[3061.656s] PRUNE: margin=-12.000000, optimistic_rem(widened)=0.000000 -> cannot exceed 0.
[3069.397s] PRUNE: margin=-12.125000, optimistic_rem(widened)=7.500000 -> cannot exceed 0.
[3077.087s] PRUNE: margin=-12.125000, optimistic_rem(widened)=7.500000 -> cannot exceed 0.
[3085.540s] PRUNE: margin=-19.000000, optimistic_rem(widened)=7.500000 -> cannot exceed 0.
[3092.356s] PRUNE: margin=-11.500000, optimistic_rem(widened)=8.000000 -> cannot exceed 0.
[3107.583s] PRUNE: margin=-12.625000, optimistic_rem(widened)=8.000000 -> cannot exceed 0.
[3120.252s] PRUNE: margin=-12.500000, optimistic_rem(widened)=12.500000 -> cannot exceed 0.
[3125.775s] PRUNE: margin=-11.500000, optimistic_rem(widened)=0.000000 -> cannot exceed 0.
[3130.914s] PRUNE: margin=-11.500000, optimistic_rem(widened)=0.000000 -> cannot exceed 0.
[3136.084s] PRUNE: margin=-12.375000, optimistic_rem(widened)=0.000000 -> cannot exceed 0.
[3146.358s] PRUNE: margin=-12.375000, optimistic_rem(widened)=0.000000 -> cannot exceed 0.
[3151.471s] PRUNE: margin=-11.500000, optimistic_rem(widened)=0.000000 -> cannot exceed 0.
[3156.615s] PRUNE: margin=-12.250000, optimistic_rem(widened)=0.000000 -> cannot exceed 0.
[3164.295s] PRUNE: margin=-11.500000, optimistic_rem(widened)=6.875000 -> cannot exceed 0.
[3169.428s] PRUNE: margin=-12.375000, optimistic_rem(widened)=8.000000 -> cannot exceed 0.
[3174.554s] PRUNE: margin=-11.500000, optimistic_rem(widened)=6.375000 -> cannot exceed 0.
[3184.852s] PRUNE: margin=-19.000000, optimistic_rem(widened)=7.500000 -> cannot exceed 0.
[3190.024s] PRUNE: margin=-11.500000, optimistic_rem(widened)=6.875000 -> cannot exceed 0.
[3195.138s] PRUNE: margin=-12.000000, optimistic_rem(widened)=7.375000 -> cannot exceed 0.
[3200.236s] PRUNE: margin=-12.000000, optimistic_rem(widened)=7.375000 -> cannot exceed 0.
[3205.355s] PRUNE: margin=-12.125000, optimistic_rem(widened)=7.500000 -> cannot exceed 0.
[3215.675s] PRUNE: margin=-11.500000, optimistic_rem(widened)=6.875000 -> cannot exceed 0.
[3221.878s] PRUNE: margin=-11.500000, optimistic_rem(widened)=6.875000 -> cannot exceed 0.
[3230.327s] PRUNE: margin=-11.500000, optimistic_rem(widened)=6.875000 -> cannot exceed 0.
[3238.775s] PRUNE: margin=-12.000000, optimistic_rem(widened)=7.375000 -> cannot exceed 0.
[3259.888s] PRUNE: margin=-12.000000, optimistic_rem(widened)=0.000000 -> cannot exceed 0.
[3268.338s] PRUNE: margin=-12.000000, optimistic_rem(widened)=0.000000 -> cannot exceed 0.
[3281.004s] PRUNE: margin=-12.000000, optimistic_rem(widened)=7.375000 -> cannot exceed 0.
[3289.437s] PRUNE: margin=-12.000000, optimistic_rem(widened)=7.625000 -> cannot exceed 0.
[3306.311s] PRUNE: margin=-12.000000, optimistic_rem(widened)=7.625000 -> cannot exceed 0.
[3314.746s] PRUNE: margin=-12.000000, optimistic_rem(widened)=7.625000 -> cannot exceed 0.
[3331.611s] PRUNE: margin=-12.125000, optimistic_rem(widened)=7.500000 -> cannot exceed 0.
[3365.330s] PRUNE: margin=-13.250000, optimistic_rem(widened)=0.375000 -> cannot exceed 0.
[3373.754s] PRUNE: margin=-13.500000, optimistic_rem(widened)=7.437500 -> cannot exceed 0.
[3382.178s] PRUNE: margin=-13.750000, optimistic_rem(widened)=7.687500 -> cannot exceed 0.
[3390.610s] PRUNE: margin=-18.500000, optimistic_rem(widened)=7.500000 -> cannot exceed 0.
[3399.035s] PRUNE: margin=-12.625000, optimistic_rem(widened)=7.875000 -> cannot exceed 0.
[3407.457s] PRUNE: margin=-12.750000, optimistic_rem(widened)=7.500000 -> cannot exceed 0.
[3415.885s] PRUNE: margin=-12.875000, optimistic_rem(widened)=7.625000 -> cannot exceed 0.
[3424.312s] PRUNE: margin=-12.875000, optimistic_rem(widened)=7.625000 -> cannot exceed 0.
[3432.734s] PRUNE: margin=-12.875000, optimistic_rem(widened)=7.625000 -> cannot exceed 0.
[3441.157s] PRUNE: margin=-12.875000, optimistic_rem(widened)=7.625000 -> cannot exceed 0.
[3449.579s] PRUNE: margin=-12.875000, optimistic_rem(widened)=7.625000 -> cannot exceed 0.
[3458.001s] PRUNE: margin=-12.875000, optimistic_rem(widened)=7.625000 -> cannot exceed 0.
[3466.425s] PRUNE: margin=-13.000000, optimistic_rem(widened)=7.750000 -> cannot exceed 0.
[3479.069s] PRUNE: margin=-13.250000, optimistic_rem(widened)=12.250000 -> cannot exceed 0.
[3487.502s] PRUNE: margin=-13.250000, optimistic_rem(widened)=1.250000 -> cannot exceed 0.
[3504.361s] PRUNE: margin=-13.875000, optimistic_rem(widened)=0.000000 -> cannot exceed 0.
[3512.804s] PRUNE: margin=-13.250000, optimistic_rem(widened)=0.000000 -> cannot exceed 0.
[3521.231s] PRUNE: margin=-13.875000, optimistic_rem(widened)=9.500000 -> cannot exceed 0.
[3529.657s] PRUNE: margin=-13.875000, optimistic_rem(widened)=9.500000 -> cannot exceed 0.
[3538.084s] PRUNE: margin=-13.875000, optimistic_rem(widened)=9.500000 -> cannot exceed 0.
[3546.512s] PRUNE: margin=-13.875000, optimistic_rem(widened)=0.000000 -> cannot exceed 0.
[3554.933s] PRUNE: margin=-13.875000, optimistic_rem(widened)=0.000000 -> cannot exceed 0.
[3563.358s] PRUNE: margin=-13.875000, optimistic_rem(widened)=0.000000 -> cannot exceed 0.
[3571.785s] PRUNE: margin=-13.875000, optimistic_rem(widened)=0.000000 -> cannot exceed 0.
[3584.442s] PRUNE: margin=-13.000000, optimistic_rem(widened)=8.000000 -> cannot exceed 0.
[3592.873s] PRUNE: margin=-13.625000, optimistic_rem(widened)=7.750000 -> cannot exceed 0.
[3601.306s] PRUNE: margin=-13.750000, optimistic_rem(widened)=9.125000 -> cannot exceed 0.
[3609.736s] PRUNE: margin=-13.750000, optimistic_rem(widened)=9.125000 -> cannot exceed 0.
[3618.163s] PRUNE: margin=-13.750000, optimistic_rem(widened)=9.125000 -> cannot exceed 0.
[3626.590s] PRUNE: margin=-13.750000, optimistic_rem(widened)=7.875000 -> cannot exceed 0.
[3635.016s] PRUNE: margin=-13.875000, optimistic_rem(widened)=8.000000 -> cannot exceed 0.
[3643.442s] PRUNE: margin=-13.750000, optimistic_rem(widened)=7.875000 -> cannot exceed 0.
[3651.869s] PRUNE: margin=-13.875000, optimistic_rem(widened)=8.000000 -> cannot exceed 0.
[3668.762s] PRUNE: margin=-17.000000, optimistic_rem(widened)=6.000000 -> cannot exceed 0.
[3677.218s] PRUNE: margin=-17.000000, optimistic_rem(widened)=5.000000 -> cannot exceed 0.
[3685.675s] PRUNE: margin=-17.000000, optimistic_rem(widened)=6.000000 -> cannot exceed 0.
[3698.370s] PRUNE: margin=-14.000000, optimistic_rem(widened)=0.000000 -> cannot exceed 0.
[3706.828s] PRUNE: margin=-16.000000, optimistic_rem(widened)=0.000000 -> cannot exceed 0.
[3715.289s] PRUNE: margin=-16.000000, optimistic_rem(widened)=0.000000 -> cannot exceed 0.
[3723.750s] PRUNE: margin=-16.000000, optimistic_rem(widened)=0.000000 -> cannot exceed 0.
[3732.207s] PRUNE: margin=-16.000000, optimistic_rem(widened)=0.000000 -> cannot exceed 0.
[3749.125s] PRUNE: margin=-14.000000, optimistic_rem(widened)=0.000000 -> cannot exceed 0.
[3757.582s] PRUNE: margin=-16.000000, optimistic_rem(widened)=0.000000 -> cannot exceed 0.
[3766.046s] PRUNE: margin=-16.000000, optimistic_rem(widened)=0.000000 -> cannot exceed 0.
[3774.508s] PRUNE: margin=-16.000000, optimistic_rem(widened)=0.000000 -> cannot exceed 0.
[3791.433s] PRUNE: margin=-16.000000, optimistic_rem(widened)=0.000000 -> cannot exceed 0.
[3799.894s] PRUNE: margin=-16.000000, optimistic_rem(widened)=0.000000 -> cannot exceed 0.
[3808.353s] PRUNE: margin=-16.000000, optimistic_rem(widened)=0.000000 -> cannot exceed 0.
[3825.277s] PRUNE: margin=-14.000000, optimistic_rem(widened)=0.000000 -> cannot exceed 0.
[3833.740s] PRUNE: margin=-16.000000, optimistic_rem(widened)=0.000000 -> cannot exceed 0.
[3850.663s] PRUNE: margin=-14.000000, optimistic_rem(widened)=0.000000 -> cannot exceed 0.
[3876.022s] PRUNE: margin=-18.500000, optimistic_rem(widened)=15.000000 -> cannot exceed 0.
[3888.666s] PRUNE: margin=-12.625000, optimistic_rem(widened)=7.375000 -> cannot exceed 0.
[3947.698s] PRUNE: margin=-11.500000, optimistic_rem(widened)=0.000000 -> cannot exceed 0.
[3956.129s] PRUNE: margin=-12.000000, optimistic_rem(widened)=0.000000 -> cannot exceed 0.
[3964.558s] PRUNE: margin=-11.500000, optimistic_rem(widened)=0.000000 -> cannot exceed 0.
[4002.503s] PRUNE: margin=-11.500000, optimistic_rem(widened)=0.000000 -> cannot exceed 0.
[4010.935s] PRUNE: margin=-12.000000, optimistic_rem(widened)=0.000000 -> cannot exceed 0.
[4019.369s] PRUNE: margin=-11.500000, optimistic_rem(widened)=0.000000 -> cannot exceed 0.
[4036.229s] PRUNE: margin=-11.500000, optimistic_rem(widened)=0.000000 -> cannot exceed 0.
[4044.663s] PRUNE: margin=-12.000000, optimistic_rem(widened)=0.000000 -> cannot exceed 0.
[4053.102s] PRUNE: margin=-11.500000, optimistic_rem(widened)=0.000000 -> cannot exceed 0.
[4065.747s] PRUNE: margin=-11.500000, optimistic_rem(widened)=6.625000 -> cannot exceed 0.
[4074.177s] PRUNE: margin=-12.000000, optimistic_rem(widened)=7.625000 -> cannot exceed 0.
[4082.614s] PRUNE: margin=-11.500000, optimistic_rem(widened)=6.625000 -> cannot exceed 0.
[4128.988s] PRUNE: margin=-12.000000, optimistic_rem(widened)=0.000000 -> cannot exceed 0.
[4137.418s] PRUNE: margin=-12.000000, optimistic_rem(widened)=0.000000 -> cannot exceed 0.
[4145.851s] PRUNE: margin=-12.000000, optimistic_rem(widened)=0.000000 -> cannot exceed 0.
[4154.285s] PRUNE: margin=-12.000000, optimistic_rem(widened)=0.000000 -> cannot exceed 0.
[4171.146s] PRUNE: margin=-12.000000, optimistic_rem(widened)=0.000000 -> cannot exceed 0.
[4179.581s] PRUNE: margin=-12.000000, optimistic_rem(widened)=0.000000 -> cannot exceed 0.
[4188.014s] PRUNE: margin=-12.000000, optimistic_rem(widened)=0.000000 -> cannot exceed 0.
[4196.448s] PRUNE: margin=-12.000000, optimistic_rem(widened)=0.000000 -> cannot exceed 0.
[4209.091s] PRUNE: margin=-12.000000, optimistic_rem(widened)=7.250000 -> cannot exceed 0.
[4217.523s] PRUNE: margin=-12.000000, optimistic_rem(widened)=7.125000 -> cannot exceed 0.
[4225.953s] PRUNE: margin=-12.000000, optimistic_rem(widened)=7.250000 -> cannot exceed 0.
[4234.380s] PRUNE: margin=-12.000000, optimistic_rem(widened)=7.375000 -> cannot exceed 0.
[4255.460s] PRUNE: margin=-12.000000, optimistic_rem(widened)=0.000000 -> cannot exceed 0.
[4263.887s] PRUNE: margin=-12.000000, optimistic_rem(widened)=0.000000 -> cannot exceed 0.
[4272.322s] PRUNE: margin=-12.000000, optimistic_rem(widened)=0.000000 -> cannot exceed 0.
[4280.755s] PRUNE: margin=-12.000000, optimistic_rem(widened)=0.000000 -> cannot exceed 0.
[4293.403s] PRUNE: margin=-12.000000, optimistic_rem(widened)=7.250000 -> cannot exceed 0.
[4301.836s] PRUNE: margin=-12.000000, optimistic_rem(widened)=7.125000 -> cannot exceed 0.
[4310.267s] PRUNE: margin=-12.000000, optimistic_rem(widened)=7.250000 -> cannot exceed 0.
[4318.699s] PRUNE: margin=-12.000000, optimistic_rem(widened)=7.375000 -> cannot exceed 0.
[4335.560s] PRUNE: margin=-12.000000, optimistic_rem(widened)=7.125000 -> cannot exceed 0.
[4343.993s] PRUNE: margin=-12.000000, optimistic_rem(widened)=7.375000 -> cannot exceed 0.
[4352.428s] PRUNE: margin=-12.000000, optimistic_rem(widened)=7.125000 -> cannot exceed 0.
[4360.856s] PRUNE: margin=-12.000000, optimistic_rem(widened)=7.625000 -> cannot exceed 0.
[4377.718s] PRUNE: margin=-12.000000, optimistic_rem(widened)=7.125000 -> cannot exceed 0.
[4386.147s] PRUNE: margin=-12.000000, optimistic_rem(widened)=7.250000 -> cannot exceed 0.
[4394.577s] PRUNE: margin=-12.000000, optimistic_rem(widened)=7.375000 -> cannot exceed 0.
[4411.439s] PRUNE: margin=-12.000000, optimistic_rem(widened)=7.125000 -> cannot exceed 0.
[4419.869s] PRUNE: margin=-12.000000, optimistic_rem(widened)=7.375000 -> cannot exceed 0.
[4436.729s] PRUNE: margin=-12.000000, optimistic_rem(widened)=7.125000 -> cannot exceed 0.
[4470.468s] PRUNE: margin=-12.750000, optimistic_rem(widened)=8.000000 -> cannot exceed 0.
[4478.899s] PRUNE: margin=-12.750000, optimistic_rem(widened)=8.000000 -> cannot exceed 0.
[4487.334s] PRUNE: margin=-12.750000, optimistic_rem(widened)=7.625000 -> cannot exceed 0.
[4495.764s] PRUNE: margin=-13.125000, optimistic_rem(widened)=1.625000 -> cannot exceed 0.
[4504.204s] PRUNE: margin=-13.250000, optimistic_rem(widened)=0.500000 -> cannot exceed 0.
[4512.633s] PRUNE: margin=-13.875000, optimistic_rem(widened)=8.000000 -> cannot exceed 0.
[4521.074s] PRUNE: margin=-18.000000, optimistic_rem(widened)=7.000000 -> cannot exceed 0.
[4529.507s] PRUNE: margin=-11.500000, optimistic_rem(widened)=6.750000 -> cannot exceed 0.
[4537.934s] PRUNE: margin=-12.500000, optimistic_rem(widened)=7.750000 -> cannot exceed 0.
[4546.362s] PRUNE: margin=-12.750000, optimistic_rem(widened)=8.000000 -> cannot exceed 0.
[4554.793s] PRUNE: margin=-12.750000, optimistic_rem(widened)=8.000000 -> cannot exceed 0.
[4563.225s] PRUNE: margin=-12.750000, optimistic_rem(widened)=8.000000 -> cannot exceed 0.
[4580.097s] PRUNE: margin=-13.250000, optimistic_rem(widened)=8.625000 -> cannot exceed 0.
[4588.525s] PRUNE: margin=-13.750000, optimistic_rem(widened)=1.000000 -> cannot exceed 0.
[4601.192s] PRUNE: margin=-17.500000, optimistic_rem(widened)=16.500000 -> cannot exceed 0.
[4609.643s] PRUNE: margin=-18.000000, optimistic_rem(widened)=0.000000 -> cannot exceed 0.
[4618.087s] PRUNE: margin=-18.500000, optimistic_rem(widened)=0.000000 -> cannot exceed 0.
[4626.537s] PRUNE: margin=-18.500000, optimistic_rem(widened)=0.000000 -> cannot exceed 0.
[4634.984s] PRUNE: margin=-18.500000, optimistic_rem(widened)=0.000000 -> cannot exceed 0.
[4643.429s] PRUNE: margin=-18.500000, optimistic_rem(widened)=16.500000 -> cannot exceed 0.
[4651.879s] PRUNE: margin=-18.500000, optimistic_rem(widened)=16.500000 -> cannot exceed 0.
[4660.322s] PRUNE: margin=-18.500000, optimistic_rem(widened)=16.500000 -> cannot exceed 0.
[4677.193s] PRUNE: margin=-12.750000, optimistic_rem(widened)=0.000000 -> cannot exceed 0.
[4685.619s] PRUNE: margin=-12.750000, optimistic_rem(widened)=8.750000 -> cannot exceed 0.
[4694.042s] PRUNE: margin=-12.875000, optimistic_rem(widened)=0.000000 -> cannot exceed 0.
[4702.469s] PRUNE: margin=-12.000000, optimistic_rem(widened)=0.000000 -> cannot exceed 0.
[4710.900s] PRUNE: margin=-12.000000, optimistic_rem(widened)=0.000000 -> cannot exceed 0.
[4719.330s] PRUNE: margin=-12.000000, optimistic_rem(widened)=8.000000 -> cannot exceed 0.
[4727.761s] PRUNE: margin=-12.000000, optimistic_rem(widened)=8.000000 -> cannot exceed 0.
[4740.399s] PRUNE: margin=-12.750000, optimistic_rem(widened)=7.625000 -> cannot exceed 0.
[4748.829s] PRUNE: margin=-12.750000, optimistic_rem(widened)=7.625000 -> cannot exceed 0.
[4757.257s] PRUNE: margin=-12.750000, optimistic_rem(widened)=7.625000 -> cannot exceed 0.
[4765.683s] PRUNE: margin=-12.875000, optimistic_rem(widened)=7.625000 -> cannot exceed 0.
[4778.317s] PRUNE: margin=-12.750000, optimistic_rem(widened)=8.000000 -> cannot exceed 0.
[4786.744s] PRUNE: margin=-12.750000, optimistic_rem(widened)=8.125000 -> cannot exceed 0.
[4803.592s] PRUNE: margin=-12.750000, optimistic_rem(widened)=8.000000 -> cannot exceed 0.
[4828.867s] PRUNE: margin=-13.250000, optimistic_rem(widened)=9.250000 -> cannot exceed 0.
[4837.293s] PRUNE: margin=-13.625000, optimistic_rem(widened)=2.625000 -> cannot exceed 0.
[4854.202s] PRUNE: margin=-14.000000, optimistic_rem(widened)=0.000000 -> cannot exceed 0.
[4862.667s] PRUNE: margin=-14.000000, optimistic_rem(widened)=0.000000 -> cannot exceed 0.
[4871.130s] PRUNE: margin=-14.000000, optimistic_rem(widened)=0.000000 -> cannot exceed 0.
[4879.595s] PRUNE: margin=-14.000000, optimistic_rem(widened)=0.000000 -> cannot exceed 0.
[4934.617s] PRUNE: margin=-16.000000, optimistic_rem(widened)=0.000000 -> cannot exceed 0.
[4943.073s] PRUNE: margin=-16.000000, optimistic_rem(widened)=0.000000 -> cannot exceed 0.
[4951.532s] PRUNE: margin=-16.000000, optimistic_rem(widened)=0.000000 -> cannot exceed 0.
[4959.989s] PRUNE: margin=-16.000000, optimistic_rem(widened)=0.000000 -> cannot exceed 0.
[4968.449s] PRUNE: margin=-16.000000, optimistic_rem(widened)=0.000000 -> cannot exceed 0.
[4976.907s] PRUNE: margin=-16.000000, optimistic_rem(widened)=0.000000 -> cannot exceed 0.
[4993.823s] PRUNE: margin=-16.000000, optimistic_rem(widened)=0.000000 -> cannot exceed 0.
[5002.283s] PRUNE: margin=-16.000000, optimistic_rem(widened)=0.000000 -> cannot exceed 0.
[5010.740s] PRUNE: margin=-16.000000, optimistic_rem(widened)=0.000000 -> cannot exceed 0.
[5019.196s] PRUNE: margin=-16.000000, optimistic_rem(widened)=0.000000 -> cannot exceed 0.
[5027.652s] PRUNE: margin=-16.000000, optimistic_rem(widened)=0.000000 -> cannot exceed 0.
[5044.569s] PRUNE: margin=-16.000000, optimistic_rem(widened)=0.000000 -> cannot exceed 0.
[5053.026s] PRUNE: margin=-16.000000, optimistic_rem(widened)=0.000000 -> cannot exceed 0.
[5061.481s] PRUNE: margin=-16.000000, optimistic_rem(widened)=0.000000 -> cannot exceed 0.
[5069.937s] PRUNE: margin=-16.000000, optimistic_rem(widened)=0.000000 -> cannot exceed 0.
[5086.849s] PRUNE: margin=-16.000000, optimistic_rem(widened)=0.000000 -> cannot exceed 0.
[5095.305s] PRUNE: margin=-16.000000, optimistic_rem(widened)=0.000000 -> cannot exceed 0.
[5103.763s] PRUNE: margin=-16.000000, optimistic_rem(widened)=0.000000 -> cannot exceed 0.
[5179.839s] PRUNE: margin=-11.500000, optimistic_rem(widened)=7.000000 -> cannot exceed 0.
[5192.484s] PRUNE: margin=-19.000000, optimistic_rem(widened)=0.000000 -> cannot exceed 0.
[5200.917s] PRUNE: margin=-19.000000, optimistic_rem(widened)=0.000000 -> cannot exceed 0.
[5209.348s] PRUNE: margin=-19.000000, optimistic_rem(widened)=16.000000 -> cannot exceed 0.
[5217.782s] PRUNE: margin=-19.000000, optimistic_rem(widened)=16.000000 -> cannot exceed 0.
[5226.214s] PRUNE: margin=-12.125000, optimistic_rem(widened)=0.000000 -> cannot exceed 0.
[5238.863s] PRUNE: margin=-12.125000, optimistic_rem(widened)=7.375000 -> cannot exceed 0.
[5247.295s] PRUNE: margin=-19.000000, optimistic_rem(widened)=7.500000 -> cannot exceed 0.
[5255.725s] PRUNE: margin=-19.000000, optimistic_rem(widened)=7.500000 -> cannot exceed 0.
[5268.373s] PRUNE: margin=-18.500000, optimistic_rem(widened)=16.000000 -> cannot exceed 0.
[5297.883s] PRUNE: margin=-19.000000, optimistic_rem(widened)=7.500000 -> cannot exceed 0.
[5306.324s] PRUNE: margin=-19.000000, optimistic_rem(widened)=7.500000 -> cannot exceed 0.
[5314.762s] PRUNE: margin=-19.000000, optimistic_rem(widened)=7.000000 -> cannot exceed 0.
[5323.203s] PRUNE: margin=-19.000000, optimistic_rem(widened)=7.500000 -> cannot exceed 0.
[5335.869s] PRUNE: margin=-19.000000, optimistic_rem(widened)=16.000000 -> cannot exceed 0.
[5365.390s] PRUNE: margin=-19.000000, optimistic_rem(widened)=7.500000 -> cannot exceed 0.
[5373.818s] PRUNE: margin=-19.000000, optimistic_rem(widened)=7.500000 -> cannot exceed 0.
[5382.250s] PRUNE: margin=-12.125000, optimistic_rem(widened)=7.375000 -> cannot exceed 0.
[5390.685s] PRUNE: margin=-12.125000, optimistic_rem(widened)=7.375000 -> cannot exceed 0.
[5415.978s] PRUNE: margin=-11.500000, optimistic_rem(widened)=6.750000 -> cannot exceed 0.
[5424.405s] PRUNE: margin=-12.125000, optimistic_rem(widened)=7.375000 -> cannot exceed 0.
[5432.835s] PRUNE: margin=-12.125000, optimistic_rem(widened)=7.375000 -> cannot exceed 0.
[5441.264s] PRUNE: margin=-12.000000, optimistic_rem(widened)=7.250000 -> cannot exceed 0.
[5458.135s] PRUNE: margin=-12.125000, optimistic_rem(widened)=7.375000 -> cannot exceed 0.
[5466.574s] PRUNE: margin=-12.125000, optimistic_rem(widened)=7.375000 -> cannot exceed 0.
[5475.008s] PRUNE: margin=-12.000000, optimistic_rem(widened)=7.250000 -> cannot exceed 0.
[5491.867s] PRUNE: margin=-12.125000, optimistic_rem(widened)=7.500000 -> cannot exceed 0.
[5500.300s] PRUNE: margin=-12.125000, optimistic_rem(widened)=7.500000 -> cannot exceed 0.
[5517.162s] PRUNE: margin=-12.125000, optimistic_rem(widened)=7.500000 -> cannot exceed 0.
[5546.664s] PRUNE: margin=-13.250000, optimistic_rem(widened)=2.500000 -> cannot exceed 0.
[5555.093s] PRUNE: margin=-13.250000, optimistic_rem(widened)=0.750000 -> cannot exceed 0.
[5567.744s] PRUNE: margin=-13.875000, optimistic_rem(widened)=7.875000 -> cannot exceed 0.
[5576.182s] PRUNE: margin=-13.375000, optimistic_rem(widened)=7.500000 -> cannot exceed 0.
[5584.616s] PRUNE: margin=-13.750000, optimistic_rem(widened)=8.375000 -> cannot exceed 0.
[5597.256s] PRUNE: margin=-13.875000, optimistic_rem(widened)=9.000000 -> cannot exceed 0.
[5605.684s] PRUNE: margin=-13.875000, optimistic_rem(widened)=9.000000 -> cannot exceed 0.
[5614.107s] PRUNE: margin=-13.875000, optimistic_rem(widened)=0.000000 -> cannot exceed 0.
[5622.530s] PRUNE: margin=-13.875000, optimistic_rem(widened)=0.000000 -> cannot exceed 0.
[5630.960s] PRUNE: margin=-13.875000, optimistic_rem(widened)=0.000000 -> cannot exceed 0.
[5647.815s] PRUNE: margin=-13.875000, optimistic_rem(widened)=9.000000 -> cannot exceed 0.
[5656.241s] PRUNE: margin=-13.875000, optimistic_rem(widened)=0.000000 -> cannot exceed 0.
[5664.668s] PRUNE: margin=-13.875000, optimistic_rem(widened)=0.000000 -> cannot exceed 0.
[5673.096s] PRUNE: margin=-13.875000, optimistic_rem(widened)=0.000000 -> cannot exceed 0.
[5689.947s] PRUNE: margin=-13.875000, optimistic_rem(widened)=0.000000 -> cannot exceed 0.
[5698.377s] PRUNE: margin=-13.875000, optimistic_rem(widened)=0.000000 -> cannot exceed 0.
[5706.804s] PRUNE: margin=-13.875000, optimistic_rem(widened)=0.000000 -> cannot exceed 0.
[5719.447s] PRUNE: margin=-13.875000, optimistic_rem(widened)=8.000000 -> cannot exceed 0.
[5727.871s] PRUNE: margin=-13.875000, optimistic_rem(widened)=7.812500 -> cannot exceed 0.
[5736.294s] PRUNE: margin=-13.875000, optimistic_rem(widened)=8.000000 -> cannot exceed 0.
[5748.954s] PRUNE: margin=-17.000000, optimistic_rem(widened)=10.000000 -> cannot exceed 0.
[5761.609s] PRUNE: margin=-11.500000, optimistic_rem(widened)=7.000000 -> cannot exceed 0.
[5770.043s] PRUNE: margin=-12.000000, optimistic_rem(widened)=7.500000 -> cannot exceed 0.
[5778.484s] PRUNE: margin=-12.000000, optimistic_rem(widened)=7.500000 -> cannot exceed 0.
[5786.924s] PRUNE: margin=-12.000000, optimistic_rem(widened)=7.625000 -> cannot exceed 0.
[5795.357s] PRUNE: margin=-12.000000, optimistic_rem(widened)=7.250000 -> cannot exceed 0.
[5803.793s] PRUNE: margin=-12.000000, optimistic_rem(widened)=7.500000 -> cannot exceed 0.
[5812.231s] PRUNE: margin=-12.000000, optimistic_rem(widened)=7.375000 -> cannot exceed 0.
[5829.094s] PRUNE: margin=-12.375000, optimistic_rem(widened)=7.500000 -> cannot exceed 0.
[5837.524s] PRUNE: margin=-12.500000, optimistic_rem(widened)=7.625000 -> cannot exceed 0.
[5845.953s] PRUNE: margin=-12.750000, optimistic_rem(widened)=8.000000 -> cannot exceed 0.
[5854.385s] PRUNE: margin=-12.250000, optimistic_rem(widened)=7.750000 -> cannot exceed 0.
[5862.822s] PRUNE: margin=-12.250000, optimistic_rem(widened)=7.750000 -> cannot exceed 0.
[5871.253s] PRUNE: margin=-12.250000, optimistic_rem(widened)=7.750000 -> cannot exceed 0.
[5892.336s] PRUNE: margin=-12.500000, optimistic_rem(widened)=12.500000 -> cannot exceed 0.
[5900.766s] PRUNE: margin=-12.750000, optimistic_rem(widened)=12.750000 -> cannot exceed 0.
[5909.197s] PRUNE: margin=-12.375000, optimistic_rem(widened)=0.000000 -> cannot exceed 0.
[5917.628s] PRUNE: margin=-12.500000, optimistic_rem(widened)=0.000000 -> cannot exceed 0.
[5934.508s] PRUNE: margin=-12.750000, optimistic_rem(widened)=12.750000 -> cannot exceed 0.
[5942.947s] PRUNE: margin=-12.375000, optimistic_rem(widened)=0.000000 -> cannot exceed 0.
[5951.386s] PRUNE: margin=-12.500000, optimistic_rem(widened)=0.000000 -> cannot exceed 0.
[5968.258s] PRUNE: margin=-12.625000, optimistic_rem(widened)=0.000000 -> cannot exceed 0.
[5976.695s] PRUNE: margin=-12.750000, optimistic_rem(widened)=0.000000 -> cannot exceed 0.
[5989.390s] PRUNE: margin=-12.375000, optimistic_rem(widened)=7.625000 -> cannot exceed 0.
[5997.844s] PRUNE: margin=-12.500000, optimistic_rem(widened)=7.750000 -> cannot exceed 0.
[6018.998s] PRUNE: margin=-12.375000, optimistic_rem(widened)=12.375000 -> cannot exceed 0.
[6027.458s] PRUNE: margin=-12.750000, optimistic_rem(widened)=0.000000 -> cannot exceed 0.
[6035.913s] PRUNE: margin=-12.750000, optimistic_rem(widened)=0.000000 -> cannot exceed 0.
[6048.595s] PRUNE: margin=-12.250000, optimistic_rem(widened)=7.875000 -> cannot exceed 0.
[6061.294s] PRUNE: margin=-12.500000, optimistic_rem(widened)=0.000000 -> cannot exceed 0.
[6073.994s] PRUNE: margin=-12.500000, optimistic_rem(widened)=7.750000 -> cannot exceed 0.
[6095.151s] PRUNE: margin=-12.750000, optimistic_rem(widened)=0.000000 -> cannot exceed 0.
[6103.612s] PRUNE: margin=-12.750000, optimistic_rem(widened)=0.000000 -> cannot exceed 0.
[6116.303s] PRUNE: margin=-12.250000, optimistic_rem(widened)=7.875000 -> cannot exceed 0.
[6124.763s] PRUNE: margin=-12.500000, optimistic_rem(widened)=7.750000 -> cannot exceed 0.
[6141.682s] PRUNE: margin=-12.625000, optimistic_rem(widened)=7.875000 -> cannot exceed 0.
[6150.148s] PRUNE: margin=-12.750000, optimistic_rem(widened)=8.000000 -> cannot exceed 0.
[6167.077s] PRUNE: margin=-12.500000, optimistic_rem(widened)=7.625000 -> cannot exceed 0.
[6196.700s] PRUNE: margin=-13.125000, optimistic_rem(widened)=8.375000 -> cannot exceed 0.
[6205.160s] PRUNE: margin=-13.750000, optimistic_rem(widened)=1.875000 -> cannot exceed 0.
[6222.116s] PRUNE: margin=-17.500000, optimistic_rem(widened)=0.000000 -> cannot exceed 0.
[6230.604s] PRUNE: margin=-17.500000, optimistic_rem(widened)=0.000000 -> cannot exceed 0.
[6239.091s] PRUNE: margin=-16.000000, optimistic_rem(widened)=0.000000 -> cannot exceed 0.
[6247.579s] PRUNE: margin=-16.000000, optimistic_rem(widened)=0.000000 -> cannot exceed 0.
[6298.518s] PRUNE: margin=-17.500000, optimistic_rem(widened)=6.000000 -> cannot exceed 0.
[6306.997s] PRUNE: margin=-17.500000, optimistic_rem(widened)=6.000000 -> cannot exceed 0.
[6315.480s] PRUNE: margin=-17.500000, optimistic_rem(widened)=6.000000 -> cannot exceed 0.
[6323.958s] PRUNE: margin=-18.000000, optimistic_rem(widened)=6.500000 -> cannot exceed 0.
[6336.676s] PRUNE: margin=-17.500000, optimistic_rem(widened)=16.000000 -> cannot exceed 0.
[6345.153s] PRUNE: margin=-17.500000, optimistic_rem(widened)=16.500000 -> cannot exceed 0.
[6362.117s] PRUNE: margin=-17.500000, optimistic_rem(widened)=16.000000 -> cannot exceed 0.
[6391.760s] PRUNE: margin=-12.000000, optimistic_rem(widened)=7.250000 -> cannot exceed 0.
[6400.219s] PRUNE: margin=-12.000000, optimistic_rem(widened)=7.250000 -> cannot exceed 0.
[6408.677s] PRUNE: margin=-12.125000, optimistic_rem(widened)=7.500000 -> cannot exceed 0.
[6417.152s] PRUNE: margin=-12.125000, optimistic_rem(widened)=7.500000 -> cannot exceed 0.
[6429.837s] PRUNE: margin=-12.000000, optimistic_rem(widened)=8.000000 -> cannot exceed 0.
[6438.297s] PRUNE: margin=-12.000000, optimistic_rem(widened)=8.000000 -> cannot exceed 0.
[6455.228s] PRUNE: margin=-12.000000, optimistic_rem(widened)=8.000000 -> cannot exceed 0.
[6484.848s] PRUNE: margin=-12.750000, optimistic_rem(widened)=7.625000 -> cannot exceed 0.
[6493.314s] PRUNE: margin=-12.750000, optimistic_rem(widened)=7.625000 -> cannot exceed 0.
[6501.788s] PRUNE: margin=-12.750000, optimistic_rem(widened)=7.625000 -> cannot exceed 0.
[6510.248s] PRUNE: margin=-12.750000, optimistic_rem(widened)=7.625000 -> cannot exceed 0.
[6518.702s] PRUNE: margin=-12.750000, optimistic_rem(widened)=7.625000 -> cannot exceed 0.
[6527.162s] PRUNE: margin=-12.750000, optimistic_rem(widened)=7.625000 -> cannot exceed 0.
[6544.092s] PRUNE: margin=-12.750000, optimistic_rem(widened)=7.625000 -> cannot exceed 0.
[6552.552s] PRUNE: margin=-12.750000, optimistic_rem(widened)=7.625000 -> cannot exceed 0.
[6561.015s] PRUNE: margin=-12.750000, optimistic_rem(widened)=7.625000 -> cannot exceed 0.
[6569.475s] PRUNE: margin=-12.750000, optimistic_rem(widened)=7.625000 -> cannot exceed 0.
[6577.929s] PRUNE: margin=-12.750000, optimistic_rem(widened)=7.625000 -> cannot exceed 0.
[6594.854s] PRUNE: margin=-12.750000, optimistic_rem(widened)=7.625000 -> cannot exceed 0.
[6603.308s] PRUNE: margin=-12.750000, optimistic_rem(widened)=7.625000 -> cannot exceed 0.
[6611.768s] PRUNE: margin=-12.750000, optimistic_rem(widened)=7.625000 -> cannot exceed 0.
[6620.225s] PRUNE: margin=-12.750000, optimistic_rem(widened)=7.625000 -> cannot exceed 0.
[6637.134s] PRUNE: margin=-12.750000, optimistic_rem(widened)=7.625000 -> cannot exceed 0.
[6645.595s] PRUNE: margin=-12.750000, optimistic_rem(widened)=7.625000 -> cannot exceed 0.
[6654.055s] PRUNE: margin=-12.750000, optimistic_rem(widened)=7.625000 -> cannot exceed 0.
[6675.210s] PRUNE: margin=-12.750000, optimistic_rem(widened)=8.125000 -> cannot exceed 0.
[6730.227s] PRUNE: margin=-13.250000, optimistic_rem(widened)=10.375000 -> cannot exceed 0.
[6738.706s] PRUNE: margin=-13.625000, optimistic_rem(widened)=13.500000 -> cannot exceed 0.
[6759.980s] PRUNE: margin=-14.000000, optimistic_rem(widened)=0.000000 -> cannot exceed 0.
[6768.476s] PRUNE: margin=-14.000000, optimistic_rem(widened)=0.000000 -> cannot exceed 0.
[6776.971s] PRUNE: margin=-16.000000, optimistic_rem(widened)=0.000000 -> cannot exceed 0.
[6785.464s] PRUNE: margin=-14.000000, optimistic_rem(widened)=0.000000 -> cannot exceed 0.
[6793.962s] PRUNE: margin=-14.000000, optimistic_rem(widened)=0.000000 -> cannot exceed 0.
[6802.461s] PRUNE: margin=-14.000000, optimistic_rem(widened)=0.000000 -> cannot exceed 0.
[6819.439s] PRUNE: margin=-14.000000, optimistic_rem(widened)=0.000000 -> cannot exceed 0.
[6827.929s] PRUNE: margin=-16.000000, optimistic_rem(widened)=0.000000 -> cannot exceed 0.
[6836.422s] PRUNE: margin=-14.000000, optimistic_rem(widened)=0.000000 -> cannot exceed 0.
[6844.919s] PRUNE: margin=-14.000000, optimistic_rem(widened)=0.000000 -> cannot exceed 0.
[6853.415s] PRUNE: margin=-14.000000, optimistic_rem(widened)=0.000000 -> cannot exceed 0.
[6870.411s] PRUNE: margin=-14.000000, optimistic_rem(widened)=0.000000 -> cannot exceed 0.
[6878.915s] PRUNE: margin=-22.000000, optimistic_rem(widened)=0.000000 -> cannot exceed 0.
[6887.405s] PRUNE: margin=-16.000000, optimistic_rem(widened)=0.000000 -> cannot exceed 0.
[6895.898s] PRUNE: margin=-16.000000, optimistic_rem(widened)=0.000000 -> cannot exceed 0.
[6912.897s] PRUNE: margin=-14.000000, optimistic_rem(widened)=0.000000 -> cannot exceed 0.
[6921.391s] PRUNE: margin=-14.000000, optimistic_rem(widened)=0.000000 -> cannot exceed 0.
[6929.890s] PRUNE: margin=-16.000000, optimistic_rem(widened)=0.000000 -> cannot exceed 0.
[7010.589s] PRUNE: margin=-14.000000, optimistic_rem(widened)=0.000000 -> cannot exceed 0.
[7019.093s] PRUNE: margin=-14.000000, optimistic_rem(widened)=0.000000 -> cannot exceed 0.
[7027.593s] PRUNE: margin=-14.000000, optimistic_rem(widened)=0.000000 -> cannot exceed 0.
[7036.097s] PRUNE: margin=-14.000000, optimistic_rem(widened)=0.000000 -> cannot exceed 0.
[7044.598s] PRUNE: margin=-14.000000, optimistic_rem(widened)=0.000000 -> cannot exceed 0.
[7061.604s] PRUNE: margin=-14.000000, optimistic_rem(widened)=0.000000 -> cannot exceed 0.
[7070.100s] PRUNE: margin=-14.000000, optimistic_rem(widened)=0.000000 -> cannot exceed 0.
[7078.605s] PRUNE: margin=-14.000000, optimistic_rem(widened)=0.000000 -> cannot exceed 0.
[7087.107s] PRUNE: margin=-14.000000, optimistic_rem(widened)=0.000000 -> cannot exceed 0.
[7104.108s] PRUNE: margin=-14.000000, optimistic_rem(widened)=0.000000 -> cannot exceed 0.
[7112.610s] PRUNE: margin=-14.000000, optimistic_rem(widened)=0.000000 -> cannot exceed 0.
[7121.116s] PRUNE: margin=-22.000000, optimistic_rem(widened)=0.000000 -> cannot exceed 0.
[7138.121s] PRUNE: margin=-14.000000, optimistic_rem(widened)=0.000000 -> cannot exceed 0.
[7146.630s] PRUNE: margin=-22.000000, optimistic_rem(widened)=0.000000 -> cannot exceed 0.
[7197.626s] PRUNE: margin=-14.000000, optimistic_rem(widened)=0.000000 -> cannot exceed 0.
[7206.121s] PRUNE: margin=-16.000000, optimistic_rem(widened)=0.000000 -> cannot exceed 0.
[7214.615s] PRUNE: margin=-16.000000, optimistic_rem(widened)=0.000000 -> cannot exceed 0.
[7223.111s] PRUNE: margin=-16.000000, optimistic_rem(widened)=0.000000 -> cannot exceed 0.
[7240.102s] PRUNE: margin=-16.000000, optimistic_rem(widened)=0.000000 -> cannot exceed 0.
[7248.595s] PRUNE: margin=-16.000000, optimistic_rem(widened)=0.000000 -> cannot exceed 0.
[7257.091s] PRUNE: margin=-16.000000, optimistic_rem(widened)=0.000000 -> cannot exceed 0.
[7274.086s] PRUNE: margin=-16.000000, optimistic_rem(widened)=0.000000 -> cannot exceed 0.
[7282.582s] PRUNE: margin=-16.000000, optimistic_rem(widened)=0.000000 -> cannot exceed 0.
[7299.561s] PRUNE: margin=-16.000000, optimistic_rem(widened)=0.000000 -> cannot exceed 0.
[7333.530s] PRUNE: margin=-16.000000, optimistic_rem(widened)=0.000000 -> cannot exceed 0.
[7342.020s] PRUNE: margin=-16.000000, optimistic_rem(widened)=0.000000 -> cannot exceed 0.
[7350.512s] PRUNE: margin=-16.000000, optimistic_rem(widened)=0.000000 -> cannot exceed 0.
[7367.493s] PRUNE: margin=-16.000000, optimistic_rem(widened)=0.000000 -> cannot exceed 0.
[7375.986s] PRUNE: margin=-16.000000, optimistic_rem(widened)=0.000000 -> cannot exceed 0.
[7392.966s] PRUNE: margin=-16.000000, optimistic_rem(widened)=0.000000 -> cannot exceed 0.
[7426.934s] PRUNE: margin=-16.000000, optimistic_rem(widened)=0.000000 -> cannot exceed 0.
[7435.430s] PRUNE: margin=-16.000000, optimistic_rem(widened)=0.000000 -> cannot exceed 0.
[7452.417s] PRUNE: margin=-16.000000, optimistic_rem(widened)=0.000000 -> cannot exceed 0.
[7486.409s] PRUNE: margin=-16.000000, optimistic_rem(widened)=0.000000 -> cannot exceed 0.
[7554.276s] PRUNE: margin=-19.000000, optimistic_rem(widened)=13.000000 -> cannot exceed 0.
[7562.743s] PRUNE: margin=-19.000000, optimistic_rem(widened)=0.000000 -> cannot exceed 0.
[7571.208s] PRUNE: margin=-19.000000, optimistic_rem(widened)=0.000000 -> cannot exceed 0.
[7579.685s] PRUNE: margin=-19.000000, optimistic_rem(widened)=0.000000 -> cannot exceed 0.
[7588.161s] PRUNE: margin=-19.000000, optimistic_rem(widened)=0.000000 -> cannot exceed 0.
[7605.097s] PRUNE: margin=-19.000000, optimistic_rem(widened)=0.000000 -> cannot exceed 0.
[7613.566s] PRUNE: margin=-19.000000, optimistic_rem(widened)=0.000000 -> cannot exceed 0.
[7622.028s] PRUNE: margin=-19.000000, optimistic_rem(widened)=0.000000 -> cannot exceed 0.
[7630.496s] PRUNE: margin=-19.000000, optimistic_rem(widened)=0.000000 -> cannot exceed 0.
[7643.196s] PRUNE: margin=-19.000000, optimistic_rem(widened)=7.000000 -> cannot exceed 0.
[7651.658s] PRUNE: margin=-19.000000, optimistic_rem(widened)=7.000000 -> cannot exceed 0.
[7660.120s] PRUNE: margin=-19.000000, optimistic_rem(widened)=7.000000 -> cannot exceed 0.
[7668.589s] PRUNE: margin=-19.000000, optimistic_rem(widened)=8.000000 -> cannot exceed 0.
[7689.766s] PRUNE: margin=-11.500000, optimistic_rem(widened)=0.000000 -> cannot exceed 0.
[7698.250s] PRUNE: margin=-19.000000, optimistic_rem(widened)=0.000000 -> cannot exceed 0.
[7706.717s] PRUNE: margin=-19.000000, optimistic_rem(widened)=0.000000 -> cannot exceed 0.
[7715.186s] PRUNE: margin=-19.000000, optimistic_rem(widened)=0.000000 -> cannot exceed 0.
[7727.887s] PRUNE: margin=-19.000000, optimistic_rem(widened)=7.500000 -> cannot exceed 0.
[7736.350s] PRUNE: margin=-19.000000, optimistic_rem(widened)=7.500000 -> cannot exceed 0.
[7744.815s] PRUNE: margin=-19.000000, optimistic_rem(widened)=7.500000 -> cannot exceed 0.
[7753.279s] PRUNE: margin=-19.000000, optimistic_rem(widened)=7.000000 -> cannot exceed 0.
[7770.224s] PRUNE: margin=-11.500000, optimistic_rem(widened)=6.750000 -> cannot exceed 0.
[7778.686s] PRUNE: margin=-19.000000, optimistic_rem(widened)=7.500000 -> cannot exceed 0.
[7787.149s] PRUNE: margin=-19.000000, optimistic_rem(widened)=7.500000 -> cannot exceed 0.
[7795.618s] PRUNE: margin=-19.000000, optimistic_rem(widened)=8.000000 -> cannot exceed 0.
[7808.309s] PRUNE: margin=-19.000000, optimistic_rem(widened)=14.500000 -> cannot exceed 0.
[7816.774s] PRUNE: margin=-19.000000, optimistic_rem(widened)=14.500000 -> cannot exceed 0.
[7825.242s] PRUNE: margin=-19.000000, optimistic_rem(widened)=13.750000 -> cannot exceed 0.
[7833.718s] PRUNE: margin=-19.000000, optimistic_rem(widened)=16.000000 -> cannot exceed 0.
[7859.109s] PRUNE: margin=-11.500000, optimistic_rem(widened)=0.000000 -> cannot exceed 0.
[7867.571s] PRUNE: margin=-19.000000, optimistic_rem(widened)=0.000000 -> cannot exceed 0.
[7876.031s] PRUNE: margin=-19.000000, optimistic_rem(widened)=0.000000 -> cannot exceed 0.
[7884.502s] PRUNE: margin=-19.000000, optimistic_rem(widened)=0.000000 -> cannot exceed 0.
[7897.190s] PRUNE: margin=-19.000000, optimistic_rem(widened)=7.500000 -> cannot exceed 0.
[7905.653s] PRUNE: margin=-19.000000, optimistic_rem(widened)=7.500000 -> cannot exceed 0.
[7914.120s] PRUNE: margin=-19.000000, optimistic_rem(widened)=7.500000 -> cannot exceed 0.
[7922.589s] PRUNE: margin=-19.000000, optimistic_rem(widened)=7.000000 -> cannot exceed 0.
[7939.510s] PRUNE: margin=-11.500000, optimistic_rem(widened)=6.750000 -> cannot exceed 0.
[7947.967s] PRUNE: margin=-19.000000, optimistic_rem(widened)=7.500000 -> cannot exceed 0.
[7956.428s] PRUNE: margin=-19.000000, optimistic_rem(widened)=7.500000 -> cannot exceed 0.
[7964.890s] PRUNE: margin=-19.000000, optimistic_rem(widened)=8.000000 -> cannot exceed 0.
[7977.597s] PRUNE: margin=-19.000000, optimistic_rem(widened)=14.500000 -> cannot exceed 0.
[7986.054s] PRUNE: margin=-19.000000, optimistic_rem(widened)=14.500000 -> cannot exceed 0.
[7994.516s] PRUNE: margin=-19.000000, optimistic_rem(widened)=13.750000 -> cannot exceed 0.
[8002.997s] PRUNE: margin=-19.000000, optimistic_rem(widened)=16.000000 -> cannot exceed 0.
[8024.150s] PRUNE: margin=-12.125000, optimistic_rem(widened)=7.500000 -> cannot exceed 0.
[8032.617s] PRUNE: margin=-19.000000, optimistic_rem(widened)=7.500000 -> cannot exceed 0.
[8041.087s] PRUNE: margin=-19.000000, optimistic_rem(widened)=7.500000 -> cannot exceed 0.
[8049.560s] PRUNE: margin=-19.000000, optimistic_rem(widened)=7.500000 -> cannot exceed 0.
[8062.257s] PRUNE: margin=-19.000000, optimistic_rem(widened)=14.500000 -> cannot exceed 0.
[8070.719s] PRUNE: margin=-19.000000, optimistic_rem(widened)=14.000000 -> cannot exceed 0.
[8079.182s] PRUNE: margin=-19.000000, optimistic_rem(widened)=15.000000 -> cannot exceed 0.
[8087.652s] PRUNE: margin=-19.000000, optimistic_rem(widened)=13.875000 -> cannot exceed 0.
[8108.814s] PRUNE: margin=-19.000000, optimistic_rem(widened)=7.500000 -> cannot exceed 0.
[8117.284s] PRUNE: margin=-19.000000, optimistic_rem(widened)=7.500000 -> cannot exceed 0.
[8125.760s] PRUNE: margin=-19.000000, optimistic_rem(widened)=7.500000 -> cannot exceed 0.
[8138.455s] PRUNE: margin=-19.000000, optimistic_rem(widened)=14.500000 -> cannot exceed 0.
[8146.923s] PRUNE: margin=-19.000000, optimistic_rem(widened)=15.000000 -> cannot exceed 0.
[8155.394s] PRUNE: margin=-19.000000, optimistic_rem(widened)=16.000000 -> cannot exceed 0.
[8180.796s] PRUNE: margin=-19.000000, optimistic_rem(widened)=17.000000 -> cannot exceed 0.
[8290.858s] No counterexample within budgets (BaB): no misclassification found.
STATUS: No counterexample | best_upper_margin=110.250000 | elapsed=8290.858s | pixels_changed=0 | total_bit_flips=0 | avg_hamming_per_pixel=0.000000 | patch_rows=14-16 | patch_cols=7-10 | note=no_counterexample_within_budgets
