[  0.000s] init: idx=5552 kmax=2 bmax=4 topx=2 widen=1.000 rank_fast=off
clean logits (hex):  0x86  0xb6  0x87  0x85  0x86  0x85  0x86  0x86  0x87  0x86
clean logits (bits): 10000110 10110110 10000111 10000101 10000110 10000101 10000110 10000110 10000111 10000110
clean logits (double): -12.000000 -1.312500 -10.000000 -14.000000 -12.000000 -14.000000 -12.000000 -12.000000 -10.000000 -12.000000
[  0.016s] clean prediction: 1 (true label 1)
[1165.018s] selection: nSym=2 (from 784), topx=2, rank_fast=off
[1165.018s] active patch: rows 12-13, cols 14-15 (derived from symPix)
[1187.664s] Proceeding to BaB (greedy enabled).
[1187.664s] Skipping root bound check (--no-root-bound).
[1187.664s] BaB search starting (K<=2, B<=4, nSym=2, depth_limit=500000000, widen=1.00)...
[1195.700s] PRUNE: margin=-8.187500, optimistic_rem(widened)=8.062500 -> cannot exceed 0.
[1207.768s] PRUNE: margin=-6.000000, optimistic_rem(widened)=4.500000 -> cannot exceed 0.
[1219.864s] PRUNE: margin=-5.875000, optimistic_rem(widened)=0.250000 -> cannot exceed 0.
[1227.934s] PRUNE: margin=-6.000000, optimistic_rem(widened)=0.125000 -> cannot exceed 0.
[1236.006s] PRUNE: margin=-6.000000, optimistic_rem(widened)=0.125000 -> cannot exceed 0.
[1244.079s] PRUNE: margin=-6.000000, optimistic_rem(widened)=0.125000 -> cannot exceed 0.
[1252.153s] PRUNE: margin=-6.000000, optimistic_rem(widened)=5.625000 -> cannot exceed 0.
[1260.225s] PRUNE: margin=-6.000000, optimistic_rem(widened)=5.625000 -> cannot exceed 0.
[1272.343s] PRUNE: margin=-7.875000, optimistic_rem(widened)=0.000000 -> cannot exceed 0.
[1300.961s] PRUNE: margin=-6.000000, optimistic_rem(widened)=0.000000 -> cannot exceed 0.
[1305.671s] PRUNE: margin=-8.187500, optimistic_rem(widened)=0.000000 -> cannot exceed 0.
[1315.129s] PRUNE: margin=-7.875000, optimistic_rem(widened)=0.000000 -> cannot exceed 0.
[1329.400s] PRUNE: margin=-6.000000, optimistic_rem(widened)=0.000000 -> cannot exceed 0.
[1334.140s] PRUNE: margin=-8.187500, optimistic_rem(widened)=0.000000 -> cannot exceed 0.
[1341.306s] PRUNE: margin=-7.875000, optimistic_rem(widened)=1.875000 -> cannot exceed 0.
[1348.439s] PRUNE: margin=-5.875000, optimistic_rem(widened)=0.000000 -> cannot exceed 0.
[1353.149s] PRUNE: margin=-6.062500, optimistic_rem(widened)=0.000000 -> cannot exceed 0.
[1360.225s] PRUNE: margin=-6.000000, optimistic_rem(widened)=2.125000 -> cannot exceed 0.
[1364.973s] PRUNE: margin=-8.187500, optimistic_rem(widened)=2.187500 -> cannot exceed 0.
[1374.414s] PRUNE: margin=-6.125000, optimistic_rem(widened)=2.375000 -> cannot exceed 0.
[1379.122s] PRUNE: margin=-6.125000, optimistic_rem(widened)=0.375000 -> cannot exceed 0.
[1383.913s] PRUNE: margin=-6.250000, optimistic_rem(widened)=2.375000 -> cannot exceed 0.
[1388.669s] PRUNE: margin=-8.500000, optimistic_rem(widened)=2.500000 -> cannot exceed 0.
[1393.411s] PRUNE: margin=-6.250000, optimistic_rem(widened)=2.375000 -> cannot exceed 0.
[1398.094s] PRUNE: margin=-6.250000, optimistic_rem(widened)=2.375000 -> cannot exceed 0.
[1402.845s] PRUNE: margin=-8.437500, optimistic_rem(widened)=2.562500 -> cannot exceed 0.
[1409.910s] PRUNE: margin=-6.312500, optimistic_rem(widened)=4.312500 -> cannot exceed 0.
[1421.765s] PRUNE: margin=-8.500000, optimistic_rem(widened)=6.500000 -> cannot exceed 0.
[1431.268s] PRUNE: margin=-6.312500, optimistic_rem(widened)=4.312500 -> cannot exceed 0.
[1445.534s] PRUNE: margin=-6.000000, optimistic_rem(widened)=4.500000 -> cannot exceed 0.
[1459.732s] PRUNE: margin=-8.187500, optimistic_rem(widened)=4.250000 -> cannot exceed 0.
[1464.470s] PRUNE: margin=-8.375000, optimistic_rem(widened)=4.562500 -> cannot exceed 0.
[1469.137s] PRUNE: margin=-8.437500, optimistic_rem(widened)=4.812500 -> cannot exceed 0.
[1473.817s] PRUNE: margin=-8.437500, optimistic_rem(widened)=4.875000 -> cannot exceed 0.
[1478.512s] PRUNE: margin=-8.437500, optimistic_rem(widened)=4.812500 -> cannot exceed 0.
[1483.201s] PRUNE: margin=-8.437500, optimistic_rem(widened)=4.812500 -> cannot exceed 0.
[1487.903s] PRUNE: margin=-8.500000, optimistic_rem(widened)=5.062500 -> cannot exceed 0.
[1494.925s] PRUNE: margin=-8.437500, optimistic_rem(widened)=8.375000 -> cannot exceed 0.
[1499.626s] PRUNE: margin=-8.437500, optimistic_rem(widened)=8.375000 -> cannot exceed 0.
[1504.295s] PRUNE: margin=-8.437500, optimistic_rem(widened)=8.375000 -> cannot exceed 0.
[1513.800s] PRUNE: margin=-8.437500, optimistic_rem(widened)=8.375000 -> cannot exceed 0.
[1518.565s] PRUNE: margin=-8.437500, optimistic_rem(widened)=8.375000 -> cannot exceed 0.
[1544.398s] PRUNE: margin=-8.562500, optimistic_rem(widened)=7.687500 -> cannot exceed 0.
[1551.552s] PRUNE: margin=-8.437500, optimistic_rem(widened)=2.937500 -> cannot exceed 0.
[1556.263s] PRUNE: margin=-8.687500, optimistic_rem(widened)=2.625000 -> cannot exceed 0.
[1560.960s] PRUNE: margin=-8.625000, optimistic_rem(widened)=2.625000 -> cannot exceed 0.
[1565.695s] PRUNE: margin=-8.687500, optimistic_rem(widened)=2.625000 -> cannot exceed 0.
[1570.343s] PRUNE: margin=-8.625000, optimistic_rem(widened)=2.562500 -> cannot exceed 0.
[1575.044s] PRUNE: margin=-8.687500, optimistic_rem(widened)=2.625000 -> cannot exceed 0.
[1579.737s] PRUNE: margin=-8.625000, optimistic_rem(widened)=2.750000 -> cannot exceed 0.
[1584.405s] PRUNE: margin=-8.625000, optimistic_rem(widened)=7.125000 -> cannot exceed 0.
[1589.074s] PRUNE: margin=-8.625000, optimistic_rem(widened)=7.125000 -> cannot exceed 0.
[1593.785s] PRUNE: margin=-8.687500, optimistic_rem(widened)=7.250000 -> cannot exceed 0.
[1598.450s] PRUNE: margin=-8.625000, optimistic_rem(widened)=7.250000 -> cannot exceed 0.
[1607.867s] PRUNE: margin=-8.562500, optimistic_rem(widened)=3.187500 -> cannot exceed 0.
[1612.573s] PRUNE: margin=-8.625000, optimistic_rem(widened)=2.875000 -> cannot exceed 0.
[1617.228s] PRUNE: margin=-8.687500, optimistic_rem(widened)=2.375000 -> cannot exceed 0.
[1621.885s] PRUNE: margin=-8.687500, optimistic_rem(widened)=2.375000 -> cannot exceed 0.
[1626.600s] PRUNE: margin=-8.687500, optimistic_rem(widened)=2.375000 -> cannot exceed 0.
[1631.360s] PRUNE: margin=-8.687500, optimistic_rem(widened)=2.625000 -> cannot exceed 0.
[1636.057s] PRUNE: margin=-8.687500, optimistic_rem(widened)=2.250000 -> cannot exceed 0.
[1640.703s] PRUNE: margin=-8.687500, optimistic_rem(widened)=6.937500 -> cannot exceed 0.
[1645.375s] PRUNE: margin=-8.687500, optimistic_rem(widened)=6.937500 -> cannot exceed 0.
[1650.076s] PRUNE: margin=-8.687500, optimistic_rem(widened)=7.250000 -> cannot exceed 0.
[1657.130s] PRUNE: margin=-8.562500, optimistic_rem(widened)=5.625000 -> cannot exceed 0.
[1661.850s] PRUNE: margin=-8.625000, optimistic_rem(widened)=4.625000 -> cannot exceed 0.
[1666.558s] PRUNE: margin=-8.625000, optimistic_rem(widened)=4.625000 -> cannot exceed 0.
[1671.303s] PRUNE: margin=-8.625000, optimistic_rem(widened)=4.625000 -> cannot exceed 0.
[1676.005s] PRUNE: margin=-8.625000, optimistic_rem(widened)=4.625000 -> cannot exceed 0.
[1680.732s] PRUNE: margin=-8.687500, optimistic_rem(widened)=4.875000 -> cannot exceed 0.
[1685.441s] PRUNE: margin=-8.625000, optimistic_rem(widened)=7.312500 -> cannot exceed 0.
[1692.426s] PRUNE: margin=-8.625000, optimistic_rem(widened)=8.562500 -> cannot exceed 0.
[1697.095s] PRUNE: margin=-8.687500, optimistic_rem(widened)=8.562500 -> cannot exceed 0.
[1706.426s] PRUNE: margin=-8.625000, optimistic_rem(widened)=8.562500 -> cannot exceed 0.
[1722.788s] PRUNE: margin=-8.562500, optimistic_rem(widened)=7.687500 -> cannot exceed 0.
[1729.787s] PRUNE: margin=-8.562500, optimistic_rem(widened)=3.187500 -> cannot exceed 0.
[1734.519s] PRUNE: margin=-8.625000, optimistic_rem(widened)=2.875000 -> cannot exceed 0.
[1739.164s] PRUNE: margin=-8.625000, optimistic_rem(widened)=7.250000 -> cannot exceed 0.
[1743.824s] PRUNE: margin=-8.687500, optimistic_rem(widened)=2.375000 -> cannot exceed 0.
[1748.580s] PRUNE: margin=-8.687500, optimistic_rem(widened)=2.375000 -> cannot exceed 0.
[1753.267s] PRUNE: margin=-8.687500, optimistic_rem(widened)=2.375000 -> cannot exceed 0.
[1757.951s] PRUNE: margin=-8.687500, optimistic_rem(widened)=2.625000 -> cannot exceed 0.
[1762.611s] PRUNE: margin=-8.687500, optimistic_rem(widened)=2.375000 -> cannot exceed 0.
[1767.348s] PRUNE: margin=-8.687500, optimistic_rem(widened)=6.937500 -> cannot exceed 0.
[1772.063s] PRUNE: margin=-8.687500, optimistic_rem(widened)=6.937500 -> cannot exceed 0.
[1781.457s] PRUNE: margin=-8.437500, optimistic_rem(widened)=2.937500 -> cannot exceed 0.
[1786.133s] PRUNE: margin=-8.625000, optimistic_rem(widened)=2.625000 -> cannot exceed 0.
[1790.850s] PRUNE: margin=-8.625000, optimistic_rem(widened)=2.625000 -> cannot exceed 0.
[1795.539s] PRUNE: margin=-8.625000, optimistic_rem(widened)=2.750000 -> cannot exceed 0.
[1800.257s] PRUNE: margin=-8.687500, optimistic_rem(widened)=2.687500 -> cannot exceed 0.
[1804.980s] PRUNE: margin=-8.687500, optimistic_rem(widened)=2.687500 -> cannot exceed 0.
[1809.705s] PRUNE: margin=-8.687500, optimistic_rem(widened)=2.812500 -> cannot exceed 0.
[1814.409s] PRUNE: margin=-8.687500, optimistic_rem(widened)=7.250000 -> cannot exceed 0.
[1819.154s] PRUNE: margin=-8.687500, optimistic_rem(widened)=7.250000 -> cannot exceed 0.
[1826.227s] PRUNE: margin=-8.562500, optimistic_rem(widened)=5.625000 -> cannot exceed 0.
[1830.876s] PRUNE: margin=-8.625000, optimistic_rem(widened)=4.625000 -> cannot exceed 0.
[1835.529s] PRUNE: margin=-8.625000, optimistic_rem(widened)=4.625000 -> cannot exceed 0.
[1840.202s] PRUNE: margin=-8.625000, optimistic_rem(widened)=4.625000 -> cannot exceed 0.
[1844.908s] PRUNE: margin=-8.625000, optimistic_rem(widened)=4.687500 -> cannot exceed 0.
[1849.628s] PRUNE: margin=-8.687500, optimistic_rem(widened)=4.875000 -> cannot exceed 0.
[1854.305s] PRUNE: margin=-8.625000, optimistic_rem(widened)=7.312500 -> cannot exceed 0.
[1861.411s] PRUNE: margin=-8.625000, optimistic_rem(widened)=8.437500 -> cannot exceed 0.
[1880.195s] PRUNE: margin=-8.437500, optimistic_rem(widened)=6.250000 -> cannot exceed 0.
[1884.869s] PRUNE: margin=-8.562500, optimistic_rem(widened)=2.562500 -> cannot exceed 0.
[1889.570s] PRUNE: margin=-8.250000, optimistic_rem(widened)=1.750000 -> cannot exceed 0.
[1894.310s] PRUNE: margin=-8.375000, optimistic_rem(widened)=1.875000 -> cannot exceed 0.
[1899.025s] PRUNE: margin=-8.500000, optimistic_rem(widened)=2.500000 -> cannot exceed 0.
[1903.685s] PRUNE: margin=-8.500000, optimistic_rem(widened)=2.500000 -> cannot exceed 0.
[1908.340s] PRUNE: margin=-8.500000, optimistic_rem(widened)=2.500000 -> cannot exceed 0.
[1913.830s] PRUNE: margin=-8.500000, optimistic_rem(widened)=2.750000 -> cannot exceed 0.
[1918.538s] PRUNE: margin=-8.500000, optimistic_rem(widened)=5.000000 -> cannot exceed 0.
[1925.647s] PRUNE: margin=-8.500000, optimistic_rem(widened)=5.000000 -> cannot exceed 0.
[1937.649s] PRUNE: margin=-8.437500, optimistic_rem(widened)=3.187500 -> cannot exceed 0.
[1942.831s] PRUNE: margin=-8.625000, optimistic_rem(widened)=4.687500 -> cannot exceed 0.
[1947.534s] PRUNE: margin=-8.625000, optimistic_rem(widened)=4.687500 -> cannot exceed 0.
[1952.175s] PRUNE: margin=-8.687500, optimistic_rem(widened)=4.812500 -> cannot exceed 0.
[1956.865s] PRUNE: margin=-8.625000, optimistic_rem(widened)=4.687500 -> cannot exceed 0.
[1961.494s] PRUNE: margin=-8.687500, optimistic_rem(widened)=4.812500 -> cannot exceed 0.
[1966.125s] PRUNE: margin=-8.625000, optimistic_rem(widened)=5.312500 -> cannot exceed 0.
[1973.266s] PRUNE: margin=-8.687500, optimistic_rem(widened)=7.250000 -> cannot exceed 0.
[1977.953s] PRUNE: margin=-8.687500, optimistic_rem(widened)=7.250000 -> cannot exceed 0.
[1987.383s] PRUNE: margin=-8.687500, optimistic_rem(widened)=7.250000 -> cannot exceed 0.
[2003.777s] PRUNE: margin=-8.562500, optimistic_rem(widened)=7.375000 -> cannot exceed 0.
[2008.455s] PRUNE: margin=-8.437500, optimistic_rem(widened)=1.500000 -> cannot exceed 0.
[2013.218s] PRUNE: margin=-8.562500, optimistic_rem(widened)=3.062500 -> cannot exceed 0.
[2017.940s] PRUNE: margin=-8.625000, optimistic_rem(widened)=4.750000 -> cannot exceed 0.
[2022.641s] PRUNE: margin=-8.625000, optimistic_rem(widened)=4.750000 -> cannot exceed 0.
[2027.353s] PRUNE: margin=-8.625000, optimistic_rem(widened)=4.750000 -> cannot exceed 0.
[2032.062s] PRUNE: margin=-8.625000, optimistic_rem(widened)=4.750000 -> cannot exceed 0.
[2036.776s] PRUNE: margin=-8.625000, optimistic_rem(widened)=4.875000 -> cannot exceed 0.
[2043.775s] PRUNE: margin=-8.625000, optimistic_rem(widened)=7.250000 -> cannot exceed 0.
[2060.237s] PRUNE: margin=-8.562500, optimistic_rem(widened)=5.500000 -> cannot exceed 0.
[2065.027s] PRUNE: margin=-8.625000, optimistic_rem(widened)=5.375000 -> cannot exceed 0.
[2069.772s] PRUNE: margin=-8.687500, optimistic_rem(widened)=4.562500 -> cannot exceed 0.
[2074.511s] PRUNE: margin=-8.687500, optimistic_rem(widened)=2.750000 -> cannot exceed 0.
[2079.221s] PRUNE: margin=-8.687500, optimistic_rem(widened)=4.562500 -> cannot exceed 0.
[2084.033s] PRUNE: margin=-8.687500, optimistic_rem(widened)=4.562500 -> cannot exceed 0.
[2088.741s] PRUNE: margin=-8.687500, optimistic_rem(widened)=4.437500 -> cannot exceed 0.
[2093.468s] PRUNE: margin=-8.687500, optimistic_rem(widened)=4.812500 -> cannot exceed 0.
[2098.167s] PRUNE: margin=-8.687500, optimistic_rem(widened)=4.812500 -> cannot exceed 0.
[2107.618s] PRUNE: margin=-8.500000, optimistic_rem(widened)=5.437500 -> cannot exceed 0.
[2112.329s] PRUNE: margin=-8.562500, optimistic_rem(widened)=7.062500 -> cannot exceed 0.
[2117.089s] PRUNE: margin=-8.687500, optimistic_rem(widened)=4.750000 -> cannot exceed 0.
[2121.861s] PRUNE: margin=-8.687500, optimistic_rem(widened)=4.750000 -> cannot exceed 0.
[2126.569s] PRUNE: margin=-8.687500, optimistic_rem(widened)=4.750000 -> cannot exceed 0.
[2131.221s] PRUNE: margin=-8.875000, optimistic_rem(widened)=5.125000 -> cannot exceed 0.
[2135.953s] PRUNE: margin=-8.875000, optimistic_rem(widened)=5.125000 -> cannot exceed 0.
[2150.151s] PRUNE: margin=-8.500000, optimistic_rem(widened)=5.437500 -> cannot exceed 0.
[2154.812s] PRUNE: margin=-8.562500, optimistic_rem(widened)=7.062500 -> cannot exceed 0.
[2159.518s] PRUNE: margin=-8.687500, optimistic_rem(widened)=4.750000 -> cannot exceed 0.
[2164.182s] PRUNE: margin=-8.687500, optimistic_rem(widened)=4.750000 -> cannot exceed 0.
[2168.830s] PRUNE: margin=-8.687500, optimistic_rem(widened)=4.750000 -> cannot exceed 0.
[2173.530s] PRUNE: margin=-8.875000, optimistic_rem(widened)=5.125000 -> cannot exceed 0.
[2178.173s] PRUNE: margin=-8.875000, optimistic_rem(widened)=5.125000 -> cannot exceed 0.
[2187.567s] PRUNE: margin=-8.312500, optimistic_rem(widened)=7.875000 -> cannot exceed 0.
[2192.271s] PRUNE: margin=-8.437500, optimistic_rem(widened)=7.125000 -> cannot exceed 0.
[2199.292s] PRUNE: margin=-8.500000, optimistic_rem(widened)=8.375000 -> cannot exceed 0.
[2204.068s] PRUNE: margin=-8.562500, optimistic_rem(widened)=8.125000 -> cannot exceed 0.
[2220.437s] PRUNE: margin=-8.500000, optimistic_rem(widened)=5.375000 -> cannot exceed 0.
[2227.531s] PRUNE: margin=-8.500000, optimistic_rem(widened)=8.375000 -> cannot exceed 0.
[2236.964s] PRUNE: margin=-8.562500, optimistic_rem(widened)=8.125000 -> cannot exceed 0.
[2258.115s] PRUNE: margin=-8.562500, optimistic_rem(widened)=4.937500 -> cannot exceed 0.
[2262.839s] PRUNE: margin=-8.562500, optimistic_rem(widened)=5.062500 -> cannot exceed 0.
[2267.535s] PRUNE: margin=-8.562500, optimistic_rem(widened)=5.062500 -> cannot exceed 0.
[2276.993s] PRUNE: margin=-8.562500, optimistic_rem(widened)=4.937500 -> cannot exceed 0.
[2282.808s] PRUNE: margin=-8.562500, optimistic_rem(widened)=5.062500 -> cannot exceed 0.
[2298.864s] PRUNE: margin=-8.562500, optimistic_rem(widened)=5.062500 -> cannot exceed 0.
[2330.975s] PRUNE: margin=-8.625000, optimistic_rem(widened)=4.875000 -> cannot exceed 0.
[2339.003s] PRUNE: margin=-8.562500, optimistic_rem(widened)=4.812500 -> cannot exceed 0.
[2355.056s] PRUNE: margin=-8.625000, optimistic_rem(widened)=4.875000 -> cannot exceed 0.
[2375.353s] PRUNE: margin=-8.562500, optimistic_rem(widened)=4.812500 -> cannot exceed 0.
[2405.776s] PRUNE: margin=-8.687500, optimistic_rem(widened)=8.250000 -> cannot exceed 0.
[2410.540s] PRUNE: margin=-8.687500, optimistic_rem(widened)=8.250000 -> cannot exceed 0.
[2415.251s] PRUNE: margin=-8.687500, optimistic_rem(widened)=8.312500 -> cannot exceed 0.
[2419.983s] PRUNE: margin=-8.687500, optimistic_rem(widened)=8.437500 -> cannot exceed 0.
[2427.009s] No counterexample within budgets (BaB): no misclassification found.
STATUS: No counterexample | best_upper_margin=5.500000 | elapsed=2427.009s | pixels_changed=0 | total_bit_flips=0 | avg_hamming_per_pixel=0.000000 | patch_rows=12-13 | patch_cols=14-15 | note=no_counterexample_within_budgets
