[  0.000s] init: idx=6549 kmax=2 bmax=4 topx=2 widen=1.000 rank_fast=off
clean logits (hex):  0x83  0x82  0x83  0x82  0x83  0x83  0x86  0x82  0x83  0x82
clean logits (bits): 10000011 10000010 10000011 10000010 10000011 10000011 10000110 10000010 10000011 10000010
clean logits (double): -24.000000 -32.000000 -24.000000 -32.000000 -24.000000 -24.000000 -12.000000 -32.000000 -24.000000 -32.000000
[  0.016s] clean prediction: 6 (true label 6)
[1659.111s] selection: nSym=2 (from 784), topx=2, rank_fast=off
[1659.111s] active patch: rows 5-6, cols 9-11 (derived from symPix)
[1665.995s] Proceeding to BaB (greedy enabled).
[1665.995s] Skipping root bound check (--no-root-bound).
[1665.995s] BaB search starting (K<=2, B<=4, nSym=2, depth_limit=500000000, widen=1.00)...
[1674.519s] PRUNE: margin=-12.000000, optimistic_rem(widened)=8.000000 -> cannot exceed 0.
[1683.037s] PRUNE: margin=-12.000000, optimistic_rem(widened)=8.000000 -> cannot exceed 0.
[1691.558s] PRUNE: margin=-12.000000, optimistic_rem(widened)=8.000000 -> cannot exceed 0.
[1700.075s] PRUNE: margin=-12.000000, optimistic_rem(widened)=8.000000 -> cannot exceed 0.
[1708.598s] PRUNE: margin=-12.000000, optimistic_rem(widened)=8.000000 -> cannot exceed 0.
[1717.117s] PRUNE: margin=-12.000000, optimistic_rem(widened)=8.000000 -> cannot exceed 0.
[1729.910s] PRUNE: margin=-12.000000, optimistic_rem(widened)=0.000000 -> cannot exceed 0.
[1738.442s] PRUNE: margin=-12.000000, optimistic_rem(widened)=8.000000 -> cannot exceed 0.
[1746.967s] PRUNE: margin=-12.000000, optimistic_rem(widened)=8.000000 -> cannot exceed 0.
[1755.495s] PRUNE: margin=-12.000000, optimistic_rem(widened)=8.000000 -> cannot exceed 0.
[1764.019s] PRUNE: margin=-12.000000, optimistic_rem(widened)=8.000000 -> cannot exceed 0.
[1772.547s] PRUNE: margin=-12.000000, optimistic_rem(widened)=8.000000 -> cannot exceed 0.
[1785.344s] PRUNE: margin=-12.000000, optimistic_rem(widened)=0.000000 -> cannot exceed 0.
[1793.875s] PRUNE: margin=-12.000000, optimistic_rem(widened)=8.000000 -> cannot exceed 0.
[1810.949s] PRUNE: margin=-12.000000, optimistic_rem(widened)=0.000000 -> cannot exceed 0.
[1840.809s] PRUNE: margin=-12.000000, optimistic_rem(widened)=0.000000 -> cannot exceed 0.
[1849.353s] PRUNE: margin=-12.000000, optimistic_rem(widened)=0.000000 -> cannot exceed 0.
[1862.154s] PRUNE: margin=-12.000000, optimistic_rem(widened)=8.000000 -> cannot exceed 0.
[1870.689s] PRUNE: margin=-12.000000, optimistic_rem(widened)=8.000000 -> cannot exceed 0.
[1879.229s] PRUNE: margin=-12.000000, optimistic_rem(widened)=8.000000 -> cannot exceed 0.
[1887.766s] PRUNE: margin=-12.000000, optimistic_rem(widened)=8.000000 -> cannot exceed 0.
[1896.300s] PRUNE: margin=-12.000000, optimistic_rem(widened)=8.000000 -> cannot exceed 0.
[1913.368s] PRUNE: margin=-12.000000, optimistic_rem(widened)=8.000000 -> cannot exceed 0.
[1921.902s] PRUNE: margin=-12.000000, optimistic_rem(widened)=8.000000 -> cannot exceed 0.
[1930.431s] PRUNE: margin=-12.000000, optimistic_rem(widened)=8.000000 -> cannot exceed 0.
[1938.963s] PRUNE: margin=-12.000000, optimistic_rem(widened)=8.000000 -> cannot exceed 0.
[1956.027s] PRUNE: margin=-12.000000, optimistic_rem(widened)=8.000000 -> cannot exceed 0.
[1964.562s] PRUNE: margin=-12.000000, optimistic_rem(widened)=8.000000 -> cannot exceed 0.
[1973.099s] PRUNE: margin=-12.000000, optimistic_rem(widened)=8.000000 -> cannot exceed 0.
[1990.162s] PRUNE: margin=-12.000000, optimistic_rem(widened)=8.000000 -> cannot exceed 0.
[1998.703s] PRUNE: margin=-12.000000, optimistic_rem(widened)=8.000000 -> cannot exceed 0.
[2015.771s] PRUNE: margin=-12.000000, optimistic_rem(widened)=8.000000 -> cannot exceed 0.
[2041.364s] PRUNE: margin=-12.000000, optimistic_rem(widened)=8.000000 -> cannot exceed 0.
[2049.888s] PRUNE: margin=-12.000000, optimistic_rem(widened)=8.000000 -> cannot exceed 0.
[2058.406s] PRUNE: margin=-12.000000, optimistic_rem(widened)=8.000000 -> cannot exceed 0.
[2066.919s] PRUNE: margin=-12.000000, optimistic_rem(widened)=8.000000 -> cannot exceed 0.
[2075.439s] PRUNE: margin=-12.000000, optimistic_rem(widened)=8.000000 -> cannot exceed 0.
[2092.495s] PRUNE: margin=-12.000000, optimistic_rem(widened)=2.000000 -> cannot exceed 0.
[2105.282s] PRUNE: margin=-12.000000, optimistic_rem(widened)=2.000000 -> cannot exceed 0.
[2122.326s] PRUNE: margin=-12.000000, optimistic_rem(widened)=2.000000 -> cannot exceed 0.
[2139.367s] No counterexample within budgets (BaB): no misclassification found.
STATUS: No counterexample | best_upper_margin=20.000000 | elapsed=2139.367s | pixels_changed=0 | total_bit_flips=0 | avg_hamming_per_pixel=0.000000 | patch_rows=5-6 | patch_cols=9-11 | note=no_counterexample_within_budgets
