[  0.000s] init: idx=8604 kmax=2 bmax=4 topx=2 widen=1.000 rank_fast=off
clean logits (hex):  0x84  0xc0  0x85  0x84  0x86  0x85  0x85  0x86  0x85  0x85
clean logits (bits): 10000100 11000000 10000101 10000100 10000110 10000101 10000101 10000110 10000101 10000101
clean logits (double): -16.000000 -1.000000 -14.000000 -16.000000 -12.000000 -14.000000 -14.000000 -12.000000 -14.000000 -14.000000
[  0.017s] clean prediction: 1 (true label 1)
[1505.651s] selection: nSym=2 (from 784), topx=2, rank_fast=off
[1505.652s] active patch: rows 5-12, cols 12-14 (derived from symPix)
[1523.689s] Proceeding to BaB (greedy enabled).
[1523.690s] Skipping root bound check (--no-root-bound).
[1523.690s] BaB search starting (K<=2, B<=4, nSym=2, depth_limit=500000000, widen=1.00)...
[1531.496s] PRUNE: margin=-9.234375, optimistic_rem(widened)=7.468750 -> cannot exceed 0.
[1543.216s] PRUNE: margin=-9.234375, optimistic_rem(widened)=6.328125 -> cannot exceed 0.
[1551.020s] PRUNE: margin=-11.046875, optimistic_rem(widened)=10.140625 -> cannot exceed 0.
[1566.634s] PRUNE: margin=-9.109375, optimistic_rem(widened)=0.000000 -> cannot exceed 0.
[1574.435s] PRUNE: margin=-9.171875, optimistic_rem(widened)=0.000000 -> cannot exceed 0.
[1582.245s] PRUNE: margin=-9.171875, optimistic_rem(widened)=0.000000 -> cannot exceed 0.
[1590.046s] PRUNE: margin=-9.171875, optimistic_rem(widened)=0.000000 -> cannot exceed 0.
[1597.845s] PRUNE: margin=-9.062500, optimistic_rem(widened)=6.625000 -> cannot exceed 0.
[1605.648s] PRUNE: margin=-9.062500, optimistic_rem(widened)=6.625000 -> cannot exceed 0.
[1613.451s] PRUNE: margin=-9.062500, optimistic_rem(widened)=6.625000 -> cannot exceed 0.
[1621.252s] PRUNE: margin=-9.062500, optimistic_rem(widened)=0.000000 -> cannot exceed 0.
[1629.054s] PRUNE: margin=-9.062500, optimistic_rem(widened)=0.000000 -> cannot exceed 0.
[1636.856s] PRUNE: margin=-9.062500, optimistic_rem(widened)=0.000000 -> cannot exceed 0.
[1648.557s] PRUNE: margin=-9.062500, optimistic_rem(widened)=4.046875 -> cannot exceed 0.
[1656.363s] PRUNE: margin=-9.062500, optimistic_rem(widened)=4.046875 -> cannot exceed 0.
[1664.171s] PRUNE: margin=-9.171875, optimistic_rem(widened)=4.109375 -> cannot exceed 0.
[1671.977s] PRUNE: margin=-9.218750, optimistic_rem(widened)=4.343750 -> cannot exceed 0.
[1679.779s] PRUNE: margin=-11.062500, optimistic_rem(widened)=10.609375 -> cannot exceed 0.
[1687.580s] PRUNE: margin=-11.062500, optimistic_rem(widened)=10.609375 -> cannot exceed 0.
[1695.384s] PRUNE: margin=-11.062500, optimistic_rem(widened)=10.609375 -> cannot exceed 0.
[1703.192s] PRUNE: margin=-11.062500, optimistic_rem(widened)=4.046875 -> cannot exceed 0.
[1711.001s] PRUNE: margin=-11.062500, optimistic_rem(widened)=4.046875 -> cannot exceed 0.
[1718.807s] PRUNE: margin=-11.062500, optimistic_rem(widened)=4.046875 -> cannot exceed 0.
[1730.518s] PRUNE: margin=-9.140625, optimistic_rem(widened)=6.031250 -> cannot exceed 0.
[1742.224s] PRUNE: margin=-11.015625, optimistic_rem(widened)=10.015625 -> cannot exceed 0.
[1750.029s] PRUNE: margin=-11.078125, optimistic_rem(widened)=4.000000 -> cannot exceed 0.
[1757.836s] PRUNE: margin=-10.968750, optimistic_rem(widened)=9.921875 -> cannot exceed 0.
[1765.643s] PRUNE: margin=-10.968750, optimistic_rem(widened)=9.921875 -> cannot exceed 0.
[1773.453s] PRUNE: margin=-10.968750, optimistic_rem(widened)=3.890625 -> cannot exceed 0.
[1781.267s] PRUNE: margin=-10.968750, optimistic_rem(widened)=3.890625 -> cannot exceed 0.
[1789.101s] PRUNE: margin=-10.968750, optimistic_rem(widened)=3.890625 -> cannot exceed 0.
[1796.950s] PRUNE: margin=-10.968750, optimistic_rem(widened)=5.781250 -> cannot exceed 0.
[1804.766s] PRUNE: margin=-10.968750, optimistic_rem(widened)=3.921875 -> cannot exceed 0.
[1816.483s] PRUNE: margin=-10.968750, optimistic_rem(widened)=9.656250 -> cannot exceed 0.
[1824.306s] PRUNE: margin=-11.000000, optimistic_rem(widened)=10.000000 -> cannot exceed 0.
[1832.133s] PRUNE: margin=-11.000000, optimistic_rem(widened)=10.031250 -> cannot exceed 0.
[1839.963s] PRUNE: margin=-11.000000, optimistic_rem(widened)=10.031250 -> cannot exceed 0.
[1847.799s] PRUNE: margin=-11.000000, optimistic_rem(widened)=5.718750 -> cannot exceed 0.
[1855.631s] PRUNE: margin=-11.000000, optimistic_rem(widened)=5.718750 -> cannot exceed 0.
[1863.462s] PRUNE: margin=-11.000000, optimistic_rem(widened)=5.718750 -> cannot exceed 0.
[1871.310s] PRUNE: margin=-11.000000, optimistic_rem(widened)=7.765625 -> cannot exceed 0.
[1879.143s] PRUNE: margin=-11.000000, optimistic_rem(widened)=5.781250 -> cannot exceed 0.
[1894.785s] PRUNE: margin=-9.234375, optimistic_rem(widened)=6.281250 -> cannot exceed 0.
[1902.596s] PRUNE: margin=-11.062500, optimistic_rem(widened)=10.281250 -> cannot exceed 0.
[1914.319s] PRUNE: margin=-9.171875, optimistic_rem(widened)=4.109375 -> cannot exceed 0.
[1922.132s] PRUNE: margin=-9.171875, optimistic_rem(widened)=4.109375 -> cannot exceed 0.
[1929.951s] PRUNE: margin=-9.171875, optimistic_rem(widened)=4.109375 -> cannot exceed 0.
[1937.771s] PRUNE: margin=-9.218750, optimistic_rem(widened)=4.343750 -> cannot exceed 0.
[1949.507s] PRUNE: margin=-9.062500, optimistic_rem(widened)=6.625000 -> cannot exceed 0.
[1957.335s] PRUNE: margin=-9.062500, optimistic_rem(widened)=6.625000 -> cannot exceed 0.
[1965.154s] PRUNE: margin=-9.062500, optimistic_rem(widened)=0.000000 -> cannot exceed 0.
[1972.986s] PRUNE: margin=-9.062500, optimistic_rem(widened)=0.000000 -> cannot exceed 0.
[1980.812s] PRUNE: margin=-9.062500, optimistic_rem(widened)=0.000000 -> cannot exceed 0.
[1996.459s] PRUNE: margin=-11.062500, optimistic_rem(widened)=6.562500 -> cannot exceed 0.
[2004.275s] PRUNE: margin=-9.062500, optimistic_rem(widened)=0.000000 -> cannot exceed 0.
[2012.087s] PRUNE: margin=-9.062500, optimistic_rem(widened)=0.000000 -> cannot exceed 0.
[2019.897s] PRUNE: margin=-9.062500, optimistic_rem(widened)=0.000000 -> cannot exceed 0.
[2031.628s] PRUNE: margin=-11.062500, optimistic_rem(widened)=10.609375 -> cannot exceed 0.
[2039.461s] PRUNE: margin=-9.062500, optimistic_rem(widened)=4.125000 -> cannot exceed 0.
[2047.273s] PRUNE: margin=-9.062500, optimistic_rem(widened)=4.125000 -> cannot exceed 0.
[2055.093s] PRUNE: margin=-9.062500, optimistic_rem(widened)=4.125000 -> cannot exceed 0.
[2066.832s] PRUNE: margin=-9.156250, optimistic_rem(widened)=6.046875 -> cannot exceed 0.
[2074.650s] PRUNE: margin=-11.000000, optimistic_rem(widened)=9.953125 -> cannot exceed 0.
[2082.465s] PRUNE: margin=-11.000000, optimistic_rem(widened)=9.937500 -> cannot exceed 0.
[2090.292s] PRUNE: margin=-11.000000, optimistic_rem(widened)=9.984375 -> cannot exceed 0.
[2098.108s] PRUNE: margin=-11.000000, optimistic_rem(widened)=5.718750 -> cannot exceed 0.
[2105.930s] PRUNE: margin=-11.000000, optimistic_rem(widened)=5.718750 -> cannot exceed 0.
[2113.749s] PRUNE: margin=-11.000000, optimistic_rem(widened)=5.718750 -> cannot exceed 0.
[2121.567s] PRUNE: margin=-11.000000, optimistic_rem(widened)=9.640625 -> cannot exceed 0.
[2129.392s] PRUNE: margin=-11.000000, optimistic_rem(widened)=9.640625 -> cannot exceed 0.
[2137.216s] PRUNE: margin=-11.000000, optimistic_rem(widened)=9.812500 -> cannot exceed 0.
[2152.864s] PRUNE: margin=-9.171875, optimistic_rem(widened)=6.187500 -> cannot exceed 0.
[2164.601s] PRUNE: margin=-9.140625, optimistic_rem(widened)=4.265625 -> cannot exceed 0.
[2172.418s] PRUNE: margin=-9.171875, optimistic_rem(widened)=4.125000 -> cannot exceed 0.
[2180.230s] PRUNE: margin=-9.171875, optimistic_rem(widened)=4.093750 -> cannot exceed 0.
[2188.046s] PRUNE: margin=-9.171875, optimistic_rem(widened)=4.140625 -> cannot exceed 0.
[2199.768s] PRUNE: margin=-9.062500, optimistic_rem(widened)=6.625000 -> cannot exceed 0.
[2207.582s] PRUNE: margin=-9.062500, optimistic_rem(widened)=6.625000 -> cannot exceed 0.
[2215.403s] PRUNE: margin=-9.062500, optimistic_rem(widened)=0.000000 -> cannot exceed 0.
[2223.215s] PRUNE: margin=-9.062500, optimistic_rem(widened)=0.000000 -> cannot exceed 0.
[2231.026s] PRUNE: margin=-9.062500, optimistic_rem(widened)=0.000000 -> cannot exceed 0.
[2246.666s] PRUNE: margin=-9.062500, optimistic_rem(widened)=6.625000 -> cannot exceed 0.
[2254.484s] PRUNE: margin=-9.062500, optimistic_rem(widened)=0.000000 -> cannot exceed 0.
[2262.328s] PRUNE: margin=-9.062500, optimistic_rem(widened)=0.000000 -> cannot exceed 0.
[2270.141s] PRUNE: margin=-9.062500, optimistic_rem(widened)=0.000000 -> cannot exceed 0.
[2285.808s] PRUNE: margin=-9.062500, optimistic_rem(widened)=0.000000 -> cannot exceed 0.
[2293.619s] PRUNE: margin=-9.062500, optimistic_rem(widened)=0.000000 -> cannot exceed 0.
[2301.430s] PRUNE: margin=-9.062500, optimistic_rem(widened)=0.000000 -> cannot exceed 0.
[2313.147s] PRUNE: margin=-9.062500, optimistic_rem(widened)=4.062500 -> cannot exceed 0.
[2320.968s] PRUNE: margin=-9.062500, optimistic_rem(widened)=4.062500 -> cannot exceed 0.
[2328.789s] PRUNE: margin=-9.062500, optimistic_rem(widened)=4.062500 -> cannot exceed 0.
[2340.527s] PRUNE: margin=-9.203125, optimistic_rem(widened)=6.250000 -> cannot exceed 0.
[2352.260s] PRUNE: margin=-11.046875, optimistic_rem(widened)=10.187500 -> cannot exceed 0.
[2360.074s] PRUNE: margin=-11.046875, optimistic_rem(widened)=10.187500 -> cannot exceed 0.
[2367.891s] PRUNE: margin=-11.078125, optimistic_rem(widened)=4.000000 -> cannot exceed 0.
[2375.708s] PRUNE: margin=-10.968750, optimistic_rem(widened)=3.937500 -> cannot exceed 0.
[2383.534s] PRUNE: margin=-10.968750, optimistic_rem(widened)=3.937500 -> cannot exceed 0.
[2391.356s] PRUNE: margin=-10.968750, optimistic_rem(widened)=3.906250 -> cannot exceed 0.
[2399.172s] PRUNE: margin=-10.968750, optimistic_rem(widened)=5.781250 -> cannot exceed 0.
[2406.991s] PRUNE: margin=-10.968750, optimistic_rem(widened)=3.953125 -> cannot exceed 0.
[2422.618s] PRUNE: margin=-11.046875, optimistic_rem(widened)=10.187500 -> cannot exceed 0.
[2430.434s] PRUNE: margin=-11.046875, optimistic_rem(widened)=4.015625 -> cannot exceed 0.
[2438.249s] PRUNE: margin=-11.046875, optimistic_rem(widened)=4.015625 -> cannot exceed 0.
[2446.063s] PRUNE: margin=-11.046875, optimistic_rem(widened)=3.984375 -> cannot exceed 0.
[2453.880s] PRUNE: margin=-11.046875, optimistic_rem(widened)=5.890625 -> cannot exceed 0.
[2461.699s] PRUNE: margin=-11.046875, optimistic_rem(widened)=5.937500 -> cannot exceed 0.
[2469.516s] PRUNE: margin=-11.046875, optimistic_rem(widened)=5.921875 -> cannot exceed 0.
[2485.158s] PRUNE: margin=-11.046875, optimistic_rem(widened)=4.015625 -> cannot exceed 0.
[2492.975s] PRUNE: margin=-11.046875, optimistic_rem(widened)=4.015625 -> cannot exceed 0.
[2500.790s] PRUNE: margin=-11.046875, optimistic_rem(widened)=3.984375 -> cannot exceed 0.
[2508.625s] PRUNE: margin=-11.046875, optimistic_rem(widened)=5.890625 -> cannot exceed 0.
[2516.452s] PRUNE: margin=-11.046875, optimistic_rem(widened)=5.937500 -> cannot exceed 0.
[2524.266s] PRUNE: margin=-11.046875, optimistic_rem(widened)=5.921875 -> cannot exceed 0.
[2536.030s] PRUNE: margin=-11.046875, optimistic_rem(widened)=7.890625 -> cannot exceed 0.
[2543.878s] PRUNE: margin=-11.046875, optimistic_rem(widened)=7.890625 -> cannot exceed 0.
[2551.729s] PRUNE: margin=-11.046875, optimistic_rem(widened)=7.843750 -> cannot exceed 0.
[2559.569s] PRUNE: margin=-11.046875, optimistic_rem(widened)=9.921875 -> cannot exceed 0.
[2567.414s] PRUNE: margin=-11.046875, optimistic_rem(widened)=9.968750 -> cannot exceed 0.
[2575.258s] PRUNE: margin=-11.046875, optimistic_rem(widened)=9.890625 -> cannot exceed 0.
[2590.909s] PRUNE: margin=-9.171875, optimistic_rem(widened)=4.312500 -> cannot exceed 0.
[2598.749s] PRUNE: margin=-9.171875, optimistic_rem(widened)=6.265625 -> cannot exceed 0.
[2606.585s] PRUNE: margin=-9.218750, optimistic_rem(widened)=8.390625 -> cannot exceed 0.
[2618.330s] PRUNE: margin=-11.062500, optimistic_rem(widened)=10.156250 -> cannot exceed 0.
[2626.166s] PRUNE: margin=-11.062500, optimistic_rem(widened)=10.156250 -> cannot exceed 0.
[2633.997s] PRUNE: margin=-11.015625, optimistic_rem(widened)=5.843750 -> cannot exceed 0.
[2641.830s] PRUNE: margin=-11.015625, optimistic_rem(widened)=5.843750 -> cannot exceed 0.
[2649.664s] PRUNE: margin=-11.015625, optimistic_rem(widened)=5.843750 -> cannot exceed 0.
[2657.506s] PRUNE: margin=-11.015625, optimistic_rem(widened)=5.843750 -> cannot exceed 0.
[2662.443s] PRUNE: margin=-11.015625, optimistic_rem(widened)=5.843750 -> cannot exceed 0.
[2671.539s] PRUNE: margin=-11.062500, optimistic_rem(widened)=10.156250 -> cannot exceed 0.
[2676.060s] PRUNE: margin=-11.062500, optimistic_rem(widened)=4.031250 -> cannot exceed 0.
[2680.619s] PRUNE: margin=-11.062500, optimistic_rem(widened)=4.031250 -> cannot exceed 0.
[2685.262s] PRUNE: margin=-11.062500, optimistic_rem(widened)=4.046875 -> cannot exceed 0.
[2689.875s] PRUNE: margin=-11.062500, optimistic_rem(widened)=4.046875 -> cannot exceed 0.
[2694.441s] PRUNE: margin=-11.062500, optimistic_rem(widened)=4.046875 -> cannot exceed 0.
[2703.702s] PRUNE: margin=-11.062500, optimistic_rem(widened)=4.031250 -> cannot exceed 0.
[2708.259s] PRUNE: margin=-11.062500, optimistic_rem(widened)=4.031250 -> cannot exceed 0.
[2712.874s] PRUNE: margin=-11.062500, optimistic_rem(widened)=4.046875 -> cannot exceed 0.
[2717.545s] PRUNE: margin=-11.062500, optimistic_rem(widened)=4.046875 -> cannot exceed 0.
[2722.186s] PRUNE: margin=-11.062500, optimistic_rem(widened)=4.046875 -> cannot exceed 0.
[2729.138s] PRUNE: margin=-11.062500, optimistic_rem(widened)=7.921875 -> cannot exceed 0.
[2733.806s] PRUNE: margin=-11.062500, optimistic_rem(widened)=7.921875 -> cannot exceed 0.
[2738.518s] PRUNE: margin=-11.062500, optimistic_rem(widened)=7.937500 -> cannot exceed 0.
[2743.064s] PRUNE: margin=-11.062500, optimistic_rem(widened)=7.937500 -> cannot exceed 0.
[2747.721s] PRUNE: margin=-11.062500, optimistic_rem(widened)=8.046875 -> cannot exceed 0.
[2756.827s] PRUNE: margin=-9.171875, optimistic_rem(widened)=7.093750 -> cannot exceed 0.
[2761.448s] PRUNE: margin=-9.171875, optimistic_rem(widened)=7.062500 -> cannot exceed 0.
[2766.147s] PRUNE: margin=-9.171875, optimistic_rem(widened)=7.125000 -> cannot exceed 0.
[2773.226s] PRUNE: margin=-9.187500, optimistic_rem(widened)=2.093750 -> cannot exceed 0.
[2777.915s] PRUNE: margin=-9.187500, optimistic_rem(widened)=7.156250 -> cannot exceed 0.
[2782.600s] PRUNE: margin=-9.187500, optimistic_rem(widened)=7.156250 -> cannot exceed 0.
[2787.320s] PRUNE: margin=-9.187500, optimistic_rem(widened)=7.156250 -> cannot exceed 0.
[2791.962s] PRUNE: margin=-9.218750, optimistic_rem(widened)=2.171875 -> cannot exceed 0.
[2796.598s] PRUNE: margin=-9.218750, optimistic_rem(widened)=2.171875 -> cannot exceed 0.
[2803.489s] PRUNE: margin=-11.250000, optimistic_rem(widened)=11.218750 -> cannot exceed 0.
[2808.092s] PRUNE: margin=-11.125000, optimistic_rem(widened)=7.968750 -> cannot exceed 0.
[2812.706s] PRUNE: margin=-11.125000, optimistic_rem(widened)=8.015625 -> cannot exceed 0.
[2817.354s] PRUNE: margin=-11.125000, optimistic_rem(widened)=8.015625 -> cannot exceed 0.
[2824.250s] PRUNE: margin=-11.250000, optimistic_rem(widened)=9.140625 -> cannot exceed 0.
[2838.011s] PRUNE: margin=-11.250000, optimistic_rem(widened)=10.828125 -> cannot exceed 0.
[2842.550s] PRUNE: margin=-10.968750, optimistic_rem(widened)=9.656250 -> cannot exceed 0.
[2851.624s] PRUNE: margin=-11.000000, optimistic_rem(widened)=9.890625 -> cannot exceed 0.
[2856.286s] PRUNE: margin=-11.000000, optimistic_rem(widened)=3.765625 -> cannot exceed 0.
[2860.789s] PRUNE: margin=-11.000000, optimistic_rem(widened)=3.765625 -> cannot exceed 0.
[2865.349s] PRUNE: margin=-11.000000, optimistic_rem(widened)=3.828125 -> cannot exceed 0.
[2869.981s] PRUNE: margin=-11.015625, optimistic_rem(widened)=3.843750 -> cannot exceed 0.
[2874.668s] PRUNE: margin=-11.015625, optimistic_rem(widened)=3.859375 -> cannot exceed 0.
[2883.968s] PRUNE: margin=-11.000000, optimistic_rem(widened)=3.765625 -> cannot exceed 0.
[2888.617s] PRUNE: margin=-11.000000, optimistic_rem(widened)=3.765625 -> cannot exceed 0.
[2893.150s] PRUNE: margin=-11.000000, optimistic_rem(widened)=3.828125 -> cannot exceed 0.
[2898.500s] PRUNE: margin=-11.015625, optimistic_rem(widened)=3.843750 -> cannot exceed 0.
[2906.332s] PRUNE: margin=-11.015625, optimistic_rem(widened)=3.859375 -> cannot exceed 0.
[2917.885s] PRUNE: margin=-11.000000, optimistic_rem(widened)=4.000000 -> cannot exceed 0.
[2925.704s] PRUNE: margin=-11.000000, optimistic_rem(widened)=4.000000 -> cannot exceed 0.
[2933.523s] PRUNE: margin=-11.000000, optimistic_rem(widened)=5.828125 -> cannot exceed 0.
[2941.349s] PRUNE: margin=-11.015625, optimistic_rem(widened)=5.890625 -> cannot exceed 0.
[2949.168s] PRUNE: margin=-11.015625, optimistic_rem(widened)=7.625000 -> cannot exceed 0.
[2968.719s] PRUNE: margin=-11.000000, optimistic_rem(widened)=3.765625 -> cannot exceed 0.
[2976.537s] PRUNE: margin=-11.000000, optimistic_rem(widened)=3.765625 -> cannot exceed 0.
[2984.359s] PRUNE: margin=-11.000000, optimistic_rem(widened)=3.828125 -> cannot exceed 0.
[2992.181s] PRUNE: margin=-11.015625, optimistic_rem(widened)=3.843750 -> cannot exceed 0.
[3000.003s] PRUNE: margin=-11.015625, optimistic_rem(widened)=3.859375 -> cannot exceed 0.
[3011.745s] PRUNE: margin=-11.000000, optimistic_rem(widened)=5.765625 -> cannot exceed 0.
[3019.573s] PRUNE: margin=-11.000000, optimistic_rem(widened)=5.765625 -> cannot exceed 0.
[3027.390s] PRUNE: margin=-11.000000, optimistic_rem(widened)=7.640625 -> cannot exceed 0.
[3035.213s] PRUNE: margin=-11.015625, optimistic_rem(widened)=7.671875 -> cannot exceed 0.
[3043.037s] PRUNE: margin=-11.015625, optimistic_rem(widened)=7.703125 -> cannot exceed 0.
[3058.673s] PRUNE: margin=-11.000000, optimistic_rem(widened)=5.765625 -> cannot exceed 0.
[3066.490s] PRUNE: margin=-11.000000, optimistic_rem(widened)=5.765625 -> cannot exceed 0.
[3074.306s] PRUNE: margin=-11.000000, optimistic_rem(widened)=7.640625 -> cannot exceed 0.
[3082.122s] PRUNE: margin=-11.015625, optimistic_rem(widened)=7.671875 -> cannot exceed 0.
[3089.945s] PRUNE: margin=-11.015625, optimistic_rem(widened)=7.703125 -> cannot exceed 0.
[3101.669s] PRUNE: margin=-11.000000, optimistic_rem(widened)=9.937500 -> cannot exceed 0.
[3109.490s] PRUNE: margin=-11.000000, optimistic_rem(widened)=9.937500 -> cannot exceed 0.
[3125.130s] PRUNE: margin=-11.156250, optimistic_rem(widened)=10.468750 -> cannot exceed 0.
[3167.538s] No counterexample within budgets (BaB): no misclassification found.
STATUS: No counterexample | best_upper_margin=7.671875 | elapsed=3167.538s | pixels_changed=0 | total_bit_flips=0 | avg_hamming_per_pixel=0.000000 | patch_rows=5-12 | patch_cols=12-14 | note=no_counterexample_within_budgets
