[  0.000s] init: idx=3266 kmax=2 bmax=4 topx=2 widen=1.000 rank_fast=off
clean logits (hex):  0x84  0x82  0x82  0x82  0x82  0x84  0x83  0x82  0x83  0x83
clean logits (bits): 10000100 10000010 10000010 10000010 10000010 10000100 10000011 10000010 10000011 10000011
clean logits (double): -16.000000 -32.000000 -32.000000 -32.000000 -32.000000 -16.000000 -24.000000 -32.000000 -24.000000 -24.000000
[  0.017s] clean prediction: 0 (true label 0)
[1516.430s] selection: nSym=2 (from 784), topx=2, rank_fast=off
[1516.430s] active patch: rows 9-12, cols 8-14 (derived from symPix)
[1519.143s] Greedy BYTE warm start: SAT (K=1,B=3).
clean logits (hex):  0x84  0x82  0x82  0x82  0x82  0x84  0x83  0x82  0x83  0x83
clean logits (bits): 10000100 10000010 10000010 10000010 10000010 10000100 10000011 10000010 10000011 10000011
clean logits (double): -16.000000 -32.000000 -32.000000 -32.000000 -32.000000 -16.000000 -24.000000 -32.000000 -24.000000 -24.000000
post-perturb logits (hex):  0x83  0x82  0x82  0x82  0x82  0x84  0x83  0x82  0x83  0x83
post-perturb logits (bits): 10000011 10000010 10000010 10000010 10000010 10000100 10000011 10000010 10000011 10000011
post-perturb logits (double): -24.000000 -32.000000 -32.000000 -32.000000 -32.000000 -16.000000 -24.000000 -32.000000 -24.000000 -24.000000
changes: 1 bytes, 3 bit flips
  idx  pix  row col    old_hex        old_bits     old_double     new_hex        new_bits     new_double  ham
    1  344   12   8    0x00        00000000   -1.000000     0xe0        11100000   +0.756863    3
new prediction: 5 (clean ref 0, true 0)
----- REPLAY FORWARD PASS (stage-2) -----
replay logits (hex):  0x83  0x82  0x82  0x82  0x82  0x84  0x83  0x82  0x83  0x83
replay logits (bits): 10000011 10000010 10000010 10000010 10000010 10000100 10000011 10000010 10000011 10000011
replay logits (double): -24.000000 -32.000000 -32.000000 -32.000000 -32.000000 -16.000000 -24.000000 -32.000000 -24.000000 -24.000000
[1519.152s] replay prediction: 5 (clean ref 0, true label 0) | note=witness_found_greedy_byte
----- END REPLAY -----
STATUS: Counterexample | best_upper_margin=-1000000000000000052504760255204420248704468581108159154915854115511802457988908195786371375080447864043704443832883878176942523235360430575644792184786706982848387200926575803737830233794788090059368953234970799945081119038967640880074652742780142494579258788820056842838115669472196386865459400540160.000000 | elapsed=1519.152s | pixels_changed=1 | total_bit_flips=3 | avg_hamming_per_pixel=3.000000 | patch_rows=9-12 | patch_cols=8-14 | note=witness_found_greedy_byte
