[  0.000s] init: idx=218 kmax=2 bmax=4 topx=2 widen=1.000 rank_fast=off
clean logits (hex):  0x86  0x8f  0x8e  0xc4  0x8a  0x4c  0x8a  0x9e  0x8e  0x98
clean logits (bits): 10000110 10001111 10001110 11000100 10001010 01001100 10001010 10011110 10001110 10011000
clean logits (double): -12.000000 -4.500000 -5.000000 -0.937500 -7.000000 +1.375000 -7.000000 -2.250000 -5.000000 -3.000000
[  0.008s] clean prediction: 5 (true label 5)
[  0.298s] heuristic ROI: 2x2 block at rows 20-21, cols 13-14
[  0.495s] selection: nSym=2 (from 4), topx=2, rank_fast=off
[  0.495s] active patch: rows 20-21, cols 13-14 (derived from symPix)
[  0.654s] Proceeding to BaB (greedy enabled).
[  0.654s] Skipping root bound check (--no-root-bound).
[  0.654s] BaB search starting (K≤2, B≤4, nSym=2, depth_limit=500000000, widen=1.00)...
[  0.850s] PRUNE: margin=-2.312500, optimistic_rem(widened)=1.000000 → cannot exceed 0.
[  1.046s] PRUNE: margin=-2.312500, optimistic_rem(widened)=1.000000 → cannot exceed 0.
[  1.242s] PRUNE: margin=-2.312500, optimistic_rem(widened)=1.000000 → cannot exceed 0.
[  1.438s] PRUNE: margin=-2.312500, optimistic_rem(widened)=1.375000 → cannot exceed 0.
[  1.634s] PRUNE: margin=-2.312500, optimistic_rem(widened)=1.000000 → cannot exceed 0.
[  1.788s] PRUNE: margin=-2.312500, optimistic_rem(widened)=2.125000 → cannot exceed 0.
[  1.924s] PRUNE: margin=-2.312500, optimistic_rem(widened)=2.125000 → cannot exceed 0.
[  2.112s] PRUNE: margin=-2.218750, optimistic_rem(widened)=1.625000 → cannot exceed 0.
[  2.243s] PRUNE: margin=-2.218750, optimistic_rem(widened)=1.625000 → cannot exceed 0.
[  2.364s] PRUNE: margin=-2.312500, optimistic_rem(widened)=2.125000 → cannot exceed 0.
[  2.485s] PRUNE: margin=-2.312500, optimistic_rem(widened)=2.125000 → cannot exceed 0.
[  2.619s] PRUNE: margin=-2.312500, optimistic_rem(widened)=2.125000 → cannot exceed 0.
[  2.741s] PRUNE: margin=-2.312500, optimistic_rem(widened)=2.125000 → cannot exceed 0.
[  2.879s] PRUNE: margin=-2.312500, optimistic_rem(widened)=2.125000 → cannot exceed 0.
[  3.016s] PRUNE: margin=-2.312500, optimistic_rem(widened)=1.062500 → cannot exceed 0.
[  3.196s] PRUNE: margin=-2.312500, optimistic_rem(widened)=1.828125 → cannot exceed 0.
[  3.315s] PRUNE: margin=-2.312500, optimistic_rem(widened)=1.828125 → cannot exceed 0.
[  3.434s] PRUNE: margin=-2.312500, optimistic_rem(widened)=1.828125 → cannot exceed 0.
[  3.553s] PRUNE: margin=-2.312500, optimistic_rem(widened)=1.828125 → cannot exceed 0.
[  3.683s] PRUNE: margin=-2.312500, optimistic_rem(widened)=1.828125 → cannot exceed 0.
[  3.826s] PRUNE: margin=-2.312500, optimistic_rem(widened)=1.828125 → cannot exceed 0.
[  3.957s] PRUNE: margin=-2.312500, optimistic_rem(widened)=1.062500 → cannot exceed 0.
[  4.101s] PRUNE: margin=-2.312500, optimistic_rem(widened)=1.828125 → cannot exceed 0.
[  4.170s] No counterexample within budgets (BaB): no misclassification found.
STATUS: No counterexample | best_upper_margin=0.890625 | elapsed=4.170s | pixels_changed=0 | total_bit_flips=0 | avg_hamming_per_pixel=0.000000 | patch_rows=20-21 | patch_cols=13-14 | note=no_counterexample_within_budgets
