[  0.000s] init: idx=51 kmax=2 bmax=4 topx=2 widen=1.000 rank_fast=off
clean logits (hex):  0x82  0x8a  0x0d  0x77  0x8a  0x95  0x87  0x8c  0x88  0x8c
clean logits (bits): 10000010 10001010 00001101 01110111 10001010 10010101 10000111 10001100 10001000 10001100
clean logits (double): -32.000000 -7.000000 +0.203125 +7.500000 -7.000000 -3.375000 -10.000000 -6.000000 -8.000000 -6.000000
[  0.008s] clean prediction: 3 (true label 3)
[  0.306s] heuristic ROI: 2x2 block at rows 18-19, cols 11-12
[  0.506s] selection: nSym=2 (from 4), topx=2, rank_fast=off
[  0.506s] active patch: rows 18-18, cols 11-12 (derived from symPix)
[  0.972s] Proceeding to BaB (greedy enabled).
[  0.972s] Skipping root bound check (--no-root-bound).
[  0.972s] BaB search starting (K≤2, B≤4, nSym=2, depth_limit=500000000, widen=1.00)...
[  1.173s] PRUNE: margin=-4.296875, optimistic_rem(widened)=2.500000 → cannot exceed 0.
[  1.375s] PRUNE: margin=-4.390625, optimistic_rem(widened)=2.625000 → cannot exceed 0.
[  6.106s] PRUNE: margin=-7.296875, optimistic_rem(widened)=0.000000 → cannot exceed 0.
[  6.308s] PRUNE: margin=-7.296875, optimistic_rem(widened)=0.000000 → cannot exceed 0.
[  6.509s] PRUNE: margin=-7.296875, optimistic_rem(widened)=0.000000 → cannot exceed 0.
[  6.710s] PRUNE: margin=-7.296875, optimistic_rem(widened)=0.000000 → cannot exceed 0.
[  6.912s] PRUNE: margin=-7.296875, optimistic_rem(widened)=0.000000 → cannot exceed 0.
[  7.113s] PRUNE: margin=-7.296875, optimistic_rem(widened)=0.000000 → cannot exceed 0.
[  7.314s] PRUNE: margin=-7.296875, optimistic_rem(widened)=0.000000 → cannot exceed 0.
[ 10.736s] PRUNE: margin=-7.296875, optimistic_rem(widened)=0.000000 → cannot exceed 0.
[ 10.937s] PRUNE: margin=-7.296875, optimistic_rem(widened)=0.000000 → cannot exceed 0.
[ 11.139s] PRUNE: margin=-7.296875, optimistic_rem(widened)=0.000000 → cannot exceed 0.
[ 11.340s] PRUNE: margin=-7.296875, optimistic_rem(widened)=0.000000 → cannot exceed 0.
[ 11.541s] PRUNE: margin=-7.296875, optimistic_rem(widened)=0.000000 → cannot exceed 0.
[ 11.743s] PRUNE: margin=-7.296875, optimistic_rem(widened)=0.000000 → cannot exceed 0.
[ 11.944s] PRUNE: margin=-7.296875, optimistic_rem(widened)=0.000000 → cannot exceed 0.
[ 12.347s] PRUNE: margin=-4.296875, optimistic_rem(widened)=2.000000 → cannot exceed 0.
[ 13.453s] PRUNE: margin=-7.296875, optimistic_rem(widened)=0.000000 → cannot exceed 0.
[ 13.655s] PRUNE: margin=-7.296875, optimistic_rem(widened)=0.000000 → cannot exceed 0.
[ 13.856s] PRUNE: margin=-7.296875, optimistic_rem(widened)=0.000000 → cannot exceed 0.
[ 14.057s] PRUNE: margin=-7.296875, optimistic_rem(widened)=0.000000 → cannot exceed 0.
[ 14.259s] PRUNE: margin=-7.296875, optimistic_rem(widened)=0.000000 → cannot exceed 0.
[ 14.460s] PRUNE: margin=-7.296875, optimistic_rem(widened)=0.000000 → cannot exceed 0.
[ 14.661s] PRUNE: margin=-7.296875, optimistic_rem(widened)=0.000000 → cannot exceed 0.
[ 15.063s] PRUNE: margin=-4.296875, optimistic_rem(widened)=2.000000 → cannot exceed 0.
[ 15.265s] PRUNE: margin=-4.296875, optimistic_rem(widened)=0.000000 → cannot exceed 0.
[ 15.466s] PRUNE: margin=-7.296875, optimistic_rem(widened)=0.000000 → cannot exceed 0.
[ 15.667s] PRUNE: margin=-7.296875, optimistic_rem(widened)=0.000000 → cannot exceed 0.
[ 15.868s] PRUNE: margin=-7.296875, optimistic_rem(widened)=0.000000 → cannot exceed 0.
[ 16.070s] PRUNE: margin=-7.296875, optimistic_rem(widened)=0.000000 → cannot exceed 0.
[ 16.271s] PRUNE: margin=-7.296875, optimistic_rem(widened)=0.000000 → cannot exceed 0.
[ 16.472s] PRUNE: margin=-7.296875, optimistic_rem(widened)=0.000000 → cannot exceed 0.
[ 16.875s] PRUNE: margin=-4.296875, optimistic_rem(widened)=0.000000 → cannot exceed 0.
[ 17.076s] PRUNE: margin=-4.296875, optimistic_rem(widened)=0.000000 → cannot exceed 0.
[ 17.277s] PRUNE: margin=-4.296875, optimistic_rem(widened)=0.000000 → cannot exceed 0.
[ 17.479s] PRUNE: margin=-7.296875, optimistic_rem(widened)=0.000000 → cannot exceed 0.
[ 17.680s] PRUNE: margin=-7.296875, optimistic_rem(widened)=0.000000 → cannot exceed 0.
[ 17.881s] PRUNE: margin=-7.296875, optimistic_rem(widened)=0.000000 → cannot exceed 0.
[ 18.083s] PRUNE: margin=-7.296875, optimistic_rem(widened)=0.000000 → cannot exceed 0.
[ 18.485s] PRUNE: margin=-7.296875, optimistic_rem(widened)=0.000000 → cannot exceed 0.
[ 18.686s] PRUNE: margin=-7.296875, optimistic_rem(widened)=0.000000 → cannot exceed 0.
[ 18.888s] PRUNE: margin=-7.296875, optimistic_rem(widened)=0.000000 → cannot exceed 0.
[ 19.089s] PRUNE: margin=-7.296875, optimistic_rem(widened)=0.000000 → cannot exceed 0.
[ 19.290s] PRUNE: margin=-7.296875, optimistic_rem(widened)=0.000000 → cannot exceed 0.
[ 19.492s] PRUNE: margin=-7.296875, optimistic_rem(widened)=0.000000 → cannot exceed 0.
[ 19.894s] PRUNE: margin=-7.296875, optimistic_rem(widened)=0.000000 → cannot exceed 0.
[ 20.096s] PRUNE: margin=-7.296875, optimistic_rem(widened)=0.000000 → cannot exceed 0.
[ 20.297s] PRUNE: margin=-7.296875, optimistic_rem(widened)=0.000000 → cannot exceed 0.
[ 20.498s] PRUNE: margin=-7.296875, optimistic_rem(widened)=0.000000 → cannot exceed 0.
[ 20.700s] PRUNE: margin=-7.296875, optimistic_rem(widened)=0.000000 → cannot exceed 0.
[ 21.102s] PRUNE: margin=-7.296875, optimistic_rem(widened)=0.000000 → cannot exceed 0.
[ 21.304s] PRUNE: margin=-7.296875, optimistic_rem(widened)=0.000000 → cannot exceed 0.
[ 21.505s] PRUNE: margin=-7.296875, optimistic_rem(widened)=0.000000 → cannot exceed 0.
[ 21.706s] PRUNE: margin=-7.296875, optimistic_rem(widened)=0.000000 → cannot exceed 0.
[ 22.109s] PRUNE: margin=-7.296875, optimistic_rem(widened)=0.000000 → cannot exceed 0.
[ 22.310s] PRUNE: margin=-7.296875, optimistic_rem(widened)=0.000000 → cannot exceed 0.
[ 22.511s] PRUNE: margin=-7.296875, optimistic_rem(widened)=0.000000 → cannot exceed 0.
[ 22.914s] PRUNE: margin=-7.296875, optimistic_rem(widened)=0.000000 → cannot exceed 0.
[ 23.115s] PRUNE: margin=-7.296875, optimistic_rem(widened)=0.000000 → cannot exceed 0.
[ 23.518s] PRUNE: margin=-4.390625, optimistic_rem(widened)=0.000000 → cannot exceed 0.
[ 27.342s] PRUNE: margin=-7.296875, optimistic_rem(widened)=0.000000 → cannot exceed 0.
[ 27.543s] PRUNE: margin=-7.296875, optimistic_rem(widened)=0.000000 → cannot exceed 0.
[ 27.744s] PRUNE: margin=-7.296875, optimistic_rem(widened)=0.000000 → cannot exceed 0.
[ 27.946s] PRUNE: margin=-7.296875, optimistic_rem(widened)=0.000000 → cannot exceed 0.
[ 28.147s] PRUNE: margin=-7.296875, optimistic_rem(widened)=0.000000 → cannot exceed 0.
[ 28.348s] PRUNE: margin=-7.296875, optimistic_rem(widened)=0.000000 → cannot exceed 0.
[ 28.549s] PRUNE: margin=-7.296875, optimistic_rem(widened)=0.000000 → cannot exceed 0.
[ 28.952s] PRUNE: margin=-4.296875, optimistic_rem(widened)=2.000000 → cannot exceed 0.
[ 30.059s] PRUNE: margin=-7.296875, optimistic_rem(widened)=0.000000 → cannot exceed 0.
[ 30.260s] PRUNE: margin=-7.296875, optimistic_rem(widened)=0.000000 → cannot exceed 0.
[ 30.461s] PRUNE: margin=-7.296875, optimistic_rem(widened)=0.000000 → cannot exceed 0.
[ 30.662s] PRUNE: margin=-7.296875, optimistic_rem(widened)=0.000000 → cannot exceed 0.
[ 30.864s] PRUNE: margin=-7.296875, optimistic_rem(widened)=0.000000 → cannot exceed 0.
[ 31.065s] PRUNE: margin=-7.296875, optimistic_rem(widened)=0.000000 → cannot exceed 0.
[ 31.266s] PRUNE: margin=-7.296875, optimistic_rem(widened)=0.000000 → cannot exceed 0.
[ 31.668s] PRUNE: margin=-4.296875, optimistic_rem(widened)=2.000000 → cannot exceed 0.
[ 31.870s] PRUNE: margin=-4.296875, optimistic_rem(widened)=0.000000 → cannot exceed 0.
[ 32.071s] PRUNE: margin=-7.296875, optimistic_rem(widened)=0.000000 → cannot exceed 0.
[ 32.272s] PRUNE: margin=-7.296875, optimistic_rem(widened)=0.000000 → cannot exceed 0.
[ 32.473s] PRUNE: margin=-7.296875, optimistic_rem(widened)=0.000000 → cannot exceed 0.
[ 32.675s] PRUNE: margin=-7.296875, optimistic_rem(widened)=0.000000 → cannot exceed 0.
[ 32.876s] PRUNE: margin=-7.296875, optimistic_rem(widened)=0.000000 → cannot exceed 0.
[ 33.077s] PRUNE: margin=-7.296875, optimistic_rem(widened)=0.000000 → cannot exceed 0.
[ 33.480s] PRUNE: margin=-4.296875, optimistic_rem(widened)=0.000000 → cannot exceed 0.
[ 33.681s] PRUNE: margin=-4.296875, optimistic_rem(widened)=0.000000 → cannot exceed 0.
[ 33.882s] PRUNE: margin=-4.296875, optimistic_rem(widened)=0.000000 → cannot exceed 0.
[ 34.083s] PRUNE: margin=-7.296875, optimistic_rem(widened)=0.000000 → cannot exceed 0.
[ 34.285s] PRUNE: margin=-7.296875, optimistic_rem(widened)=0.000000 → cannot exceed 0.
[ 34.486s] PRUNE: margin=-7.296875, optimistic_rem(widened)=0.000000 → cannot exceed 0.
[ 34.687s] PRUNE: margin=-7.296875, optimistic_rem(widened)=0.000000 → cannot exceed 0.
[ 35.090s] PRUNE: margin=-7.296875, optimistic_rem(widened)=0.000000 → cannot exceed 0.
[ 35.291s] PRUNE: margin=-7.296875, optimistic_rem(widened)=0.000000 → cannot exceed 0.
[ 35.492s] PRUNE: margin=-7.296875, optimistic_rem(widened)=0.000000 → cannot exceed 0.
[ 35.693s] PRUNE: margin=-7.296875, optimistic_rem(widened)=0.000000 → cannot exceed 0.
[ 35.894s] PRUNE: margin=-7.296875, optimistic_rem(widened)=0.000000 → cannot exceed 0.
[ 36.096s] PRUNE: margin=-7.296875, optimistic_rem(widened)=0.000000 → cannot exceed 0.
[ 36.498s] PRUNE: margin=-7.296875, optimistic_rem(widened)=0.000000 → cannot exceed 0.
[ 36.699s] PRUNE: margin=-7.296875, optimistic_rem(widened)=0.000000 → cannot exceed 0.
[ 36.901s] PRUNE: margin=-7.296875, optimistic_rem(widened)=0.000000 → cannot exceed 0.
[ 37.102s] PRUNE: margin=-7.296875, optimistic_rem(widened)=0.000000 → cannot exceed 0.
[ 37.303s] PRUNE: margin=-7.296875, optimistic_rem(widened)=0.000000 → cannot exceed 0.
[ 37.706s] PRUNE: margin=-7.296875, optimistic_rem(widened)=0.000000 → cannot exceed 0.
[ 37.907s] PRUNE: margin=-7.296875, optimistic_rem(widened)=0.000000 → cannot exceed 0.
[ 38.108s] PRUNE: margin=-7.296875, optimistic_rem(widened)=0.000000 → cannot exceed 0.
[ 38.309s] PRUNE: margin=-7.296875, optimistic_rem(widened)=0.000000 → cannot exceed 0.
[ 38.712s] PRUNE: margin=-7.296875, optimistic_rem(widened)=0.000000 → cannot exceed 0.
[ 38.913s] PRUNE: margin=-7.296875, optimistic_rem(widened)=0.000000 → cannot exceed 0.
[ 39.115s] PRUNE: margin=-7.296875, optimistic_rem(widened)=0.000000 → cannot exceed 0.
[ 39.517s] PRUNE: margin=-7.296875, optimistic_rem(widened)=0.000000 → cannot exceed 0.
[ 39.718s] PRUNE: margin=-7.296875, optimistic_rem(widened)=0.000000 → cannot exceed 0.
[ 40.121s] PRUNE: margin=-4.390625, optimistic_rem(widened)=0.000000 → cannot exceed 0.
[ 40.926s] PRUNE: margin=-4.296875, optimistic_rem(widened)=2.000000 → cannot exceed 0.
[ 42.033s] PRUNE: margin=-7.296875, optimistic_rem(widened)=0.000000 → cannot exceed 0.
[ 42.234s] PRUNE: margin=-7.296875, optimistic_rem(widened)=0.000000 → cannot exceed 0.
[ 42.435s] PRUNE: margin=-7.296875, optimistic_rem(widened)=0.000000 → cannot exceed 0.
[ 42.637s] PRUNE: margin=-7.296875, optimistic_rem(widened)=0.000000 → cannot exceed 0.
[ 42.838s] PRUNE: margin=-7.296875, optimistic_rem(widened)=0.000000 → cannot exceed 0.
[ 43.039s] PRUNE: margin=-7.296875, optimistic_rem(widened)=0.000000 → cannot exceed 0.
[ 43.241s] PRUNE: margin=-7.296875, optimistic_rem(widened)=0.000000 → cannot exceed 0.
[ 43.643s] PRUNE: margin=-4.296875, optimistic_rem(widened)=2.000000 → cannot exceed 0.
[ 43.845s] PRUNE: margin=-4.296875, optimistic_rem(widened)=0.000000 → cannot exceed 0.
[ 44.046s] PRUNE: margin=-7.296875, optimistic_rem(widened)=0.000000 → cannot exceed 0.
[ 44.247s] PRUNE: margin=-7.296875, optimistic_rem(widened)=0.000000 → cannot exceed 0.
[ 44.448s] PRUNE: margin=-7.296875, optimistic_rem(widened)=0.000000 → cannot exceed 0.
[ 44.649s] PRUNE: margin=-7.296875, optimistic_rem(widened)=0.000000 → cannot exceed 0.
[ 44.851s] PRUNE: margin=-7.296875, optimistic_rem(widened)=0.000000 → cannot exceed 0.
[ 45.052s] PRUNE: margin=-7.296875, optimistic_rem(widened)=0.000000 → cannot exceed 0.
[ 45.455s] PRUNE: margin=-4.296875, optimistic_rem(widened)=0.000000 → cannot exceed 0.
[ 45.656s] PRUNE: margin=-4.296875, optimistic_rem(widened)=0.000000 → cannot exceed 0.
[ 45.857s] PRUNE: margin=-4.296875, optimistic_rem(widened)=0.000000 → cannot exceed 0.
[ 46.059s] PRUNE: margin=-4.296875, optimistic_rem(widened)=0.000000 → cannot exceed 0.
[ 46.260s] PRUNE: margin=-7.296875, optimistic_rem(widened)=0.000000 → cannot exceed 0.
[ 46.461s] PRUNE: margin=-7.296875, optimistic_rem(widened)=0.000000 → cannot exceed 0.
[ 46.663s] PRUNE: margin=-7.296875, optimistic_rem(widened)=0.000000 → cannot exceed 0.
[ 47.065s] PRUNE: margin=-7.296875, optimistic_rem(widened)=0.000000 → cannot exceed 0.
[ 47.266s] PRUNE: margin=-7.296875, optimistic_rem(widened)=0.000000 → cannot exceed 0.
[ 47.468s] PRUNE: margin=-7.296875, optimistic_rem(widened)=0.000000 → cannot exceed 0.
[ 47.669s] PRUNE: margin=-7.296875, optimistic_rem(widened)=0.000000 → cannot exceed 0.
[ 47.870s] PRUNE: margin=-7.296875, optimistic_rem(widened)=0.000000 → cannot exceed 0.
[ 48.072s] PRUNE: margin=-7.296875, optimistic_rem(widened)=0.000000 → cannot exceed 0.
[ 48.474s] PRUNE: margin=-7.296875, optimistic_rem(widened)=0.000000 → cannot exceed 0.
[ 48.675s] PRUNE: margin=-7.296875, optimistic_rem(widened)=0.000000 → cannot exceed 0.
[ 48.877s] PRUNE: margin=-7.296875, optimistic_rem(widened)=0.000000 → cannot exceed 0.
[ 49.078s] PRUNE: margin=-7.296875, optimistic_rem(widened)=0.000000 → cannot exceed 0.
[ 49.279s] PRUNE: margin=-7.296875, optimistic_rem(widened)=0.000000 → cannot exceed 0.
[ 49.682s] PRUNE: margin=-7.296875, optimistic_rem(widened)=0.000000 → cannot exceed 0.
[ 49.883s] PRUNE: margin=-7.296875, optimistic_rem(widened)=0.000000 → cannot exceed 0.
[ 50.085s] PRUNE: margin=-7.296875, optimistic_rem(widened)=0.000000 → cannot exceed 0.
[ 50.286s] PRUNE: margin=-7.296875, optimistic_rem(widened)=0.000000 → cannot exceed 0.
[ 50.688s] PRUNE: margin=-7.296875, optimistic_rem(widened)=0.000000 → cannot exceed 0.
[ 50.890s] PRUNE: margin=-7.296875, optimistic_rem(widened)=0.000000 → cannot exceed 0.
[ 51.091s] PRUNE: margin=-7.296875, optimistic_rem(widened)=0.000000 → cannot exceed 0.
[ 51.493s] PRUNE: margin=-7.296875, optimistic_rem(widened)=0.000000 → cannot exceed 0.
[ 51.695s] PRUNE: margin=-7.296875, optimistic_rem(widened)=0.000000 → cannot exceed 0.
[ 52.097s] PRUNE: margin=-4.390625, optimistic_rem(widened)=0.000000 → cannot exceed 0.
[ 52.802s] PRUNE: margin=-4.296875, optimistic_rem(widened)=2.500000 → cannot exceed 0.
[ 53.103s] PRUNE: margin=-4.296875, optimistic_rem(widened)=0.000000 → cannot exceed 0.
[ 53.305s] PRUNE: margin=-7.296875, optimistic_rem(widened)=0.000000 → cannot exceed 0.
[ 53.506s] PRUNE: margin=-7.296875, optimistic_rem(widened)=0.000000 → cannot exceed 0.
[ 53.707s] PRUNE: margin=-7.296875, optimistic_rem(widened)=0.000000 → cannot exceed 0.
[ 53.909s] PRUNE: margin=-7.296875, optimistic_rem(widened)=0.000000 → cannot exceed 0.
[ 54.110s] PRUNE: margin=-7.296875, optimistic_rem(widened)=0.000000 → cannot exceed 0.
[ 54.311s] PRUNE: margin=-7.296875, optimistic_rem(widened)=0.000000 → cannot exceed 0.
[ 54.714s] PRUNE: margin=-7.296875, optimistic_rem(widened)=0.000000 → cannot exceed 0.
[ 54.915s] PRUNE: margin=-7.296875, optimistic_rem(widened)=0.000000 → cannot exceed 0.
[ 55.116s] PRUNE: margin=-7.296875, optimistic_rem(widened)=0.000000 → cannot exceed 0.
[ 55.318s] PRUNE: margin=-7.296875, optimistic_rem(widened)=0.000000 → cannot exceed 0.
[ 55.519s] PRUNE: margin=-7.296875, optimistic_rem(widened)=0.000000 → cannot exceed 0.
[ 55.720s] PRUNE: margin=-7.296875, optimistic_rem(widened)=0.000000 → cannot exceed 0.
[ 56.123s] PRUNE: margin=-7.296875, optimistic_rem(widened)=0.000000 → cannot exceed 0.
[ 56.324s] PRUNE: margin=-7.296875, optimistic_rem(widened)=0.000000 → cannot exceed 0.
[ 56.526s] PRUNE: margin=-7.296875, optimistic_rem(widened)=0.000000 → cannot exceed 0.
[ 56.727s] PRUNE: margin=-7.296875, optimistic_rem(widened)=0.000000 → cannot exceed 0.
[ 56.928s] PRUNE: margin=-7.296875, optimistic_rem(widened)=0.000000 → cannot exceed 0.
[ 57.331s] PRUNE: margin=-7.296875, optimistic_rem(widened)=0.000000 → cannot exceed 0.
[ 57.532s] PRUNE: margin=-7.296875, optimistic_rem(widened)=0.000000 → cannot exceed 0.
[ 57.734s] PRUNE: margin=-7.296875, optimistic_rem(widened)=0.000000 → cannot exceed 0.
[ 57.935s] PRUNE: margin=-7.296875, optimistic_rem(widened)=0.000000 → cannot exceed 0.
[ 58.338s] PRUNE: margin=-7.296875, optimistic_rem(widened)=0.000000 → cannot exceed 0.
[ 58.539s] PRUNE: margin=-7.296875, optimistic_rem(widened)=0.000000 → cannot exceed 0.
[ 58.740s] PRUNE: margin=-7.296875, optimistic_rem(widened)=0.000000 → cannot exceed 0.
[ 59.143s] PRUNE: margin=-4.296875, optimistic_rem(widened)=0.000000 → cannot exceed 0.
[ 59.344s] PRUNE: margin=-7.296875, optimistic_rem(widened)=0.000000 → cannot exceed 0.
[ 59.747s] PRUNE: margin=-4.390625, optimistic_rem(widened)=0.000000 → cannot exceed 0.
[ 60.451s] PRUNE: margin=-4.296875, optimistic_rem(widened)=2.500000 → cannot exceed 0.
[ 60.653s] PRUNE: margin=-4.296875, optimistic_rem(widened)=0.500000 → cannot exceed 0.
[ 60.955s] PRUNE: margin=-7.296875, optimistic_rem(widened)=0.000000 → cannot exceed 0.
[ 61.156s] PRUNE: margin=-7.296875, optimistic_rem(widened)=0.000000 → cannot exceed 0.
[ 61.358s] PRUNE: margin=-7.296875, optimistic_rem(widened)=0.000000 → cannot exceed 0.
[ 61.559s] PRUNE: margin=-7.296875, optimistic_rem(widened)=0.000000 → cannot exceed 0.
[ 61.760s] PRUNE: margin=-7.296875, optimistic_rem(widened)=0.000000 → cannot exceed 0.
[ 62.163s] PRUNE: margin=-7.296875, optimistic_rem(widened)=0.000000 → cannot exceed 0.
[ 62.364s] PRUNE: margin=-7.296875, optimistic_rem(widened)=0.000000 → cannot exceed 0.
[ 62.565s] PRUNE: margin=-7.296875, optimistic_rem(widened)=0.000000 → cannot exceed 0.
[ 62.766s] PRUNE: margin=-7.296875, optimistic_rem(widened)=0.000000 → cannot exceed 0.
[ 63.169s] PRUNE: margin=-7.296875, optimistic_rem(widened)=0.000000 → cannot exceed 0.
[ 63.370s] PRUNE: margin=-7.296875, optimistic_rem(widened)=0.000000 → cannot exceed 0.
[ 63.571s] PRUNE: margin=-7.296875, optimistic_rem(widened)=0.000000 → cannot exceed 0.
[ 63.974s] PRUNE: margin=-7.296875, optimistic_rem(widened)=0.000000 → cannot exceed 0.
[ 64.175s] PRUNE: margin=-7.296875, optimistic_rem(widened)=0.000000 → cannot exceed 0.
[ 64.578s] PRUNE: margin=-7.296875, optimistic_rem(widened)=0.000000 → cannot exceed 0.
[ 65.283s] PRUNE: margin=-4.296875, optimistic_rem(widened)=0.500000 → cannot exceed 0.
[ 65.484s] PRUNE: margin=-4.296875, optimistic_rem(widened)=2.000000 → cannot exceed 0.
[ 65.786s] PRUNE: margin=-4.296875, optimistic_rem(widened)=0.000000 → cannot exceed 0.
[ 65.987s] PRUNE: margin=-7.296875, optimistic_rem(widened)=0.000000 → cannot exceed 0.
[ 66.189s] PRUNE: margin=-7.296875, optimistic_rem(widened)=0.000000 → cannot exceed 0.
[ 66.390s] PRUNE: margin=-7.296875, optimistic_rem(widened)=0.000000 → cannot exceed 0.
[ 66.793s] PRUNE: margin=-4.296875, optimistic_rem(widened)=0.000000 → cannot exceed 0.
[ 66.994s] PRUNE: margin=-7.296875, optimistic_rem(widened)=0.000000 → cannot exceed 0.
[ 67.196s] PRUNE: margin=-7.296875, optimistic_rem(widened)=0.000000 → cannot exceed 0.
[ 67.598s] PRUNE: margin=-4.296875, optimistic_rem(widened)=0.000000 → cannot exceed 0.
[ 67.800s] PRUNE: margin=-7.296875, optimistic_rem(widened)=0.000000 → cannot exceed 0.
[ 68.203s] PRUNE: margin=-4.296875, optimistic_rem(widened)=0.000000 → cannot exceed 0.
[ 69.008s] PRUNE: margin=-7.296875, optimistic_rem(widened)=0.000000 → cannot exceed 0.
[ 69.209s] PRUNE: margin=-7.296875, optimistic_rem(widened)=0.000000 → cannot exceed 0.
[ 69.411s] PRUNE: margin=-7.296875, optimistic_rem(widened)=0.000000 → cannot exceed 0.
[ 69.612s] PRUNE: margin=-7.296875, optimistic_rem(widened)=0.000000 → cannot exceed 0.
[ 69.813s] PRUNE: margin=-7.296875, optimistic_rem(widened)=0.000000 → cannot exceed 0.
[ 70.216s] PRUNE: margin=-7.296875, optimistic_rem(widened)=0.000000 → cannot exceed 0.
[ 70.417s] PRUNE: margin=-7.296875, optimistic_rem(widened)=0.000000 → cannot exceed 0.
[ 70.618s] PRUNE: margin=-7.296875, optimistic_rem(widened)=0.000000 → cannot exceed 0.
[ 70.819s] PRUNE: margin=-7.296875, optimistic_rem(widened)=0.000000 → cannot exceed 0.
[ 71.222s] PRUNE: margin=-7.296875, optimistic_rem(widened)=0.000000 → cannot exceed 0.
[ 71.423s] PRUNE: margin=-7.296875, optimistic_rem(widened)=0.000000 → cannot exceed 0.
[ 71.624s] PRUNE: margin=-7.296875, optimistic_rem(widened)=0.000000 → cannot exceed 0.
[ 72.027s] PRUNE: margin=-7.296875, optimistic_rem(widened)=0.000000 → cannot exceed 0.
[ 72.228s] PRUNE: margin=-7.296875, optimistic_rem(widened)=0.000000 → cannot exceed 0.
[ 72.631s] PRUNE: margin=-7.390625, optimistic_rem(widened)=0.000000 → cannot exceed 0.
[ 73.436s] PRUNE: margin=-7.296875, optimistic_rem(widened)=0.000000 → cannot exceed 0.
[ 73.637s] PRUNE: margin=-7.296875, optimistic_rem(widened)=0.000000 → cannot exceed 0.
[ 73.838s] PRUNE: margin=-7.296875, optimistic_rem(widened)=0.000000 → cannot exceed 0.
[ 74.040s] PRUNE: margin=-7.296875, optimistic_rem(widened)=0.000000 → cannot exceed 0.
[ 74.442s] PRUNE: margin=-7.296875, optimistic_rem(widened)=0.000000 → cannot exceed 0.
[ 74.643s] PRUNE: margin=-7.296875, optimistic_rem(widened)=0.000000 → cannot exceed 0.
[ 74.845s] PRUNE: margin=-7.296875, optimistic_rem(widened)=0.000000 → cannot exceed 0.
[ 75.247s] PRUNE: margin=-7.296875, optimistic_rem(widened)=0.000000 → cannot exceed 0.
[ 75.448s] PRUNE: margin=-7.296875, optimistic_rem(widened)=0.000000 → cannot exceed 0.
[ 75.851s] PRUNE: margin=-7.390625, optimistic_rem(widened)=0.000000 → cannot exceed 0.
[ 76.656s] PRUNE: margin=-7.296875, optimistic_rem(widened)=0.000000 → cannot exceed 0.
[ 76.857s] PRUNE: margin=-7.296875, optimistic_rem(widened)=0.000000 → cannot exceed 0.
[ 77.059s] PRUNE: margin=-7.296875, optimistic_rem(widened)=0.000000 → cannot exceed 0.
[ 77.461s] PRUNE: margin=-7.296875, optimistic_rem(widened)=0.000000 → cannot exceed 0.
[ 77.663s] PRUNE: margin=-7.390625, optimistic_rem(widened)=0.000000 → cannot exceed 0.
[ 78.065s] PRUNE: margin=-4.390625, optimistic_rem(widened)=0.000000 → cannot exceed 0.
[ 78.871s] PRUNE: margin=-7.296875, optimistic_rem(widened)=0.000000 → cannot exceed 0.
[ 79.072s] PRUNE: margin=-7.390625, optimistic_rem(widened)=0.000000 → cannot exceed 0.
[ 79.475s] PRUNE: margin=-4.390625, optimistic_rem(widened)=0.000000 → cannot exceed 0.
[ 80.280s] PRUNE: margin=-4.390625, optimistic_rem(widened)=0.000000 → cannot exceed 0.
[ 84.910s] PRUNE: margin=-7.296875, optimistic_rem(widened)=0.000000 → cannot exceed 0.
[ 85.111s] PRUNE: margin=-7.296875, optimistic_rem(widened)=0.000000 → cannot exceed 0.
[ 85.312s] PRUNE: margin=-7.296875, optimistic_rem(widened)=0.000000 → cannot exceed 0.
[ 85.514s] PRUNE: margin=-7.296875, optimistic_rem(widened)=0.000000 → cannot exceed 0.
[ 85.715s] PRUNE: margin=-7.296875, optimistic_rem(widened)=0.000000 → cannot exceed 0.
[ 85.916s] PRUNE: margin=-7.296875, optimistic_rem(widened)=0.000000 → cannot exceed 0.
[ 86.118s] PRUNE: margin=-7.296875, optimistic_rem(widened)=0.000000 → cannot exceed 0.
[ 86.520s] PRUNE: margin=-4.296875, optimistic_rem(widened)=2.000000 → cannot exceed 0.
[ 87.627s] PRUNE: margin=-7.296875, optimistic_rem(widened)=0.000000 → cannot exceed 0.
[ 87.828s] PRUNE: margin=-7.296875, optimistic_rem(widened)=0.000000 → cannot exceed 0.
[ 88.029s] PRUNE: margin=-7.296875, optimistic_rem(widened)=0.000000 → cannot exceed 0.
[ 88.231s] PRUNE: margin=-7.296875, optimistic_rem(widened)=0.000000 → cannot exceed 0.
[ 88.432s] PRUNE: margin=-7.296875, optimistic_rem(widened)=0.000000 → cannot exceed 0.
[ 88.633s] PRUNE: margin=-7.296875, optimistic_rem(widened)=0.000000 → cannot exceed 0.
[ 88.834s] PRUNE: margin=-7.296875, optimistic_rem(widened)=0.000000 → cannot exceed 0.
[ 89.237s] PRUNE: margin=-4.296875, optimistic_rem(widened)=2.000000 → cannot exceed 0.
[ 89.439s] PRUNE: margin=-4.296875, optimistic_rem(widened)=0.000000 → cannot exceed 0.
[ 89.640s] PRUNE: margin=-7.296875, optimistic_rem(widened)=0.000000 → cannot exceed 0.
[ 89.841s] PRUNE: margin=-7.296875, optimistic_rem(widened)=0.000000 → cannot exceed 0.
[ 90.042s] PRUNE: margin=-7.296875, optimistic_rem(widened)=0.000000 → cannot exceed 0.
[ 90.244s] PRUNE: margin=-7.296875, optimistic_rem(widened)=0.000000 → cannot exceed 0.
[ 90.445s] PRUNE: margin=-7.296875, optimistic_rem(widened)=0.000000 → cannot exceed 0.
[ 90.646s] PRUNE: margin=-7.296875, optimistic_rem(widened)=0.000000 → cannot exceed 0.
[ 91.049s] PRUNE: margin=-4.296875, optimistic_rem(widened)=0.000000 → cannot exceed 0.
[ 91.250s] PRUNE: margin=-4.296875, optimistic_rem(widened)=0.000000 → cannot exceed 0.
[ 91.452s] PRUNE: margin=-4.296875, optimistic_rem(widened)=0.000000 → cannot exceed 0.
[ 91.653s] PRUNE: margin=-7.296875, optimistic_rem(widened)=0.000000 → cannot exceed 0.
[ 91.854s] PRUNE: margin=-7.296875, optimistic_rem(widened)=0.000000 → cannot exceed 0.
[ 92.055s] PRUNE: margin=-7.296875, optimistic_rem(widened)=0.000000 → cannot exceed 0.
[ 92.257s] PRUNE: margin=-7.296875, optimistic_rem(widened)=0.000000 → cannot exceed 0.
[ 92.659s] PRUNE: margin=-7.296875, optimistic_rem(widened)=0.000000 → cannot exceed 0.
[ 92.861s] PRUNE: margin=-7.296875, optimistic_rem(widened)=0.000000 → cannot exceed 0.
[ 93.062s] PRUNE: margin=-7.296875, optimistic_rem(widened)=0.000000 → cannot exceed 0.
[ 93.263s] PRUNE: margin=-7.296875, optimistic_rem(widened)=0.000000 → cannot exceed 0.
[ 93.465s] PRUNE: margin=-7.296875, optimistic_rem(widened)=0.000000 → cannot exceed 0.
[ 93.666s] PRUNE: margin=-7.296875, optimistic_rem(widened)=0.000000 → cannot exceed 0.
[ 94.069s] PRUNE: margin=-7.296875, optimistic_rem(widened)=0.000000 → cannot exceed 0.
[ 94.270s] PRUNE: margin=-7.296875, optimistic_rem(widened)=0.000000 → cannot exceed 0.
[ 94.471s] PRUNE: margin=-7.296875, optimistic_rem(widened)=0.000000 → cannot exceed 0.
[ 94.672s] PRUNE: margin=-7.296875, optimistic_rem(widened)=0.000000 → cannot exceed 0.
[ 94.874s] PRUNE: margin=-7.296875, optimistic_rem(widened)=0.000000 → cannot exceed 0.
[ 95.276s] PRUNE: margin=-7.296875, optimistic_rem(widened)=0.000000 → cannot exceed 0.
[ 95.478s] PRUNE: margin=-7.296875, optimistic_rem(widened)=0.000000 → cannot exceed 0.
[ 95.679s] PRUNE: margin=-7.296875, optimistic_rem(widened)=0.000000 → cannot exceed 0.
[ 95.880s] PRUNE: margin=-7.296875, optimistic_rem(widened)=0.000000 → cannot exceed 0.
[ 96.283s] PRUNE: margin=-7.296875, optimistic_rem(widened)=0.000000 → cannot exceed 0.
[ 96.484s] PRUNE: margin=-7.296875, optimistic_rem(widened)=0.000000 → cannot exceed 0.
[ 96.685s] PRUNE: margin=-7.296875, optimistic_rem(widened)=0.000000 → cannot exceed 0.
[ 97.088s] PRUNE: margin=-7.296875, optimistic_rem(widened)=0.000000 → cannot exceed 0.
[ 97.289s] PRUNE: margin=-7.296875, optimistic_rem(widened)=0.000000 → cannot exceed 0.
[ 97.692s] PRUNE: margin=-4.390625, optimistic_rem(widened)=0.000000 → cannot exceed 0.
[ 98.496s] PRUNE: margin=-4.296875, optimistic_rem(widened)=2.000000 → cannot exceed 0.
[ 99.603s] PRUNE: margin=-7.296875, optimistic_rem(widened)=0.000000 → cannot exceed 0.
[ 99.805s] PRUNE: margin=-7.296875, optimistic_rem(widened)=0.000000 → cannot exceed 0.
[100.006s] PRUNE: margin=-7.296875, optimistic_rem(widened)=0.000000 → cannot exceed 0.
[100.207s] PRUNE: margin=-7.296875, optimistic_rem(widened)=0.000000 → cannot exceed 0.
[100.409s] PRUNE: margin=-7.296875, optimistic_rem(widened)=0.000000 → cannot exceed 0.
[100.610s] PRUNE: margin=-7.296875, optimistic_rem(widened)=0.000000 → cannot exceed 0.
[100.811s] PRUNE: margin=-7.296875, optimistic_rem(widened)=0.000000 → cannot exceed 0.
[101.214s] PRUNE: margin=-4.296875, optimistic_rem(widened)=2.000000 → cannot exceed 0.
[101.415s] PRUNE: margin=-4.296875, optimistic_rem(widened)=0.000000 → cannot exceed 0.
[101.616s] PRUNE: margin=-7.296875, optimistic_rem(widened)=0.000000 → cannot exceed 0.
[101.818s] PRUNE: margin=-7.296875, optimistic_rem(widened)=0.000000 → cannot exceed 0.
[102.019s] PRUNE: margin=-7.296875, optimistic_rem(widened)=0.000000 → cannot exceed 0.
[102.220s] PRUNE: margin=-7.296875, optimistic_rem(widened)=0.000000 → cannot exceed 0.
[102.421s] PRUNE: margin=-7.296875, optimistic_rem(widened)=0.000000 → cannot exceed 0.
[102.623s] PRUNE: margin=-7.296875, optimistic_rem(widened)=0.000000 → cannot exceed 0.
[103.025s] PRUNE: margin=-4.296875, optimistic_rem(widened)=0.000000 → cannot exceed 0.
[103.226s] PRUNE: margin=-4.296875, optimistic_rem(widened)=0.000000 → cannot exceed 0.
[103.428s] PRUNE: margin=-4.296875, optimistic_rem(widened)=0.000000 → cannot exceed 0.
[103.629s] PRUNE: margin=-4.296875, optimistic_rem(widened)=0.000000 → cannot exceed 0.
[103.830s] PRUNE: margin=-7.296875, optimistic_rem(widened)=0.000000 → cannot exceed 0.
[104.031s] PRUNE: margin=-7.296875, optimistic_rem(widened)=0.000000 → cannot exceed 0.
[104.232s] PRUNE: margin=-7.296875, optimistic_rem(widened)=0.000000 → cannot exceed 0.
[104.635s] PRUNE: margin=-7.296875, optimistic_rem(widened)=0.000000 → cannot exceed 0.
[104.836s] PRUNE: margin=-7.296875, optimistic_rem(widened)=0.000000 → cannot exceed 0.
[105.037s] PRUNE: margin=-7.296875, optimistic_rem(widened)=0.000000 → cannot exceed 0.
[105.239s] PRUNE: margin=-7.296875, optimistic_rem(widened)=0.000000 → cannot exceed 0.
[105.440s] PRUNE: margin=-7.296875, optimistic_rem(widened)=0.000000 → cannot exceed 0.
[105.641s] PRUNE: margin=-7.296875, optimistic_rem(widened)=0.000000 → cannot exceed 0.
[106.044s] PRUNE: margin=-7.296875, optimistic_rem(widened)=0.000000 → cannot exceed 0.
[106.245s] PRUNE: margin=-7.296875, optimistic_rem(widened)=0.000000 → cannot exceed 0.
[106.446s] PRUNE: margin=-7.296875, optimistic_rem(widened)=0.000000 → cannot exceed 0.
[106.648s] PRUNE: margin=-7.296875, optimistic_rem(widened)=0.000000 → cannot exceed 0.
[106.849s] PRUNE: margin=-7.296875, optimistic_rem(widened)=0.000000 → cannot exceed 0.
[107.251s] PRUNE: margin=-7.296875, optimistic_rem(widened)=0.000000 → cannot exceed 0.
[107.452s] PRUNE: margin=-7.296875, optimistic_rem(widened)=0.000000 → cannot exceed 0.
[107.654s] PRUNE: margin=-7.296875, optimistic_rem(widened)=0.000000 → cannot exceed 0.
[107.855s] PRUNE: margin=-7.296875, optimistic_rem(widened)=0.000000 → cannot exceed 0.
[108.258s] PRUNE: margin=-7.296875, optimistic_rem(widened)=0.000000 → cannot exceed 0.
[108.459s] PRUNE: margin=-7.296875, optimistic_rem(widened)=0.000000 → cannot exceed 0.
[108.660s] PRUNE: margin=-7.296875, optimistic_rem(widened)=0.000000 → cannot exceed 0.
[109.063s] PRUNE: margin=-7.296875, optimistic_rem(widened)=0.000000 → cannot exceed 0.
[109.265s] PRUNE: margin=-7.296875, optimistic_rem(widened)=0.000000 → cannot exceed 0.
[109.667s] PRUNE: margin=-4.390625, optimistic_rem(widened)=0.000000 → cannot exceed 0.
[110.372s] PRUNE: margin=-4.296875, optimistic_rem(widened)=2.500000 → cannot exceed 0.
[110.674s] PRUNE: margin=-4.296875, optimistic_rem(widened)=0.000000 → cannot exceed 0.
[110.875s] PRUNE: margin=-7.296875, optimistic_rem(widened)=0.000000 → cannot exceed 0.
[111.076s] PRUNE: margin=-7.296875, optimistic_rem(widened)=0.000000 → cannot exceed 0.
[111.278s] PRUNE: margin=-7.296875, optimistic_rem(widened)=0.000000 → cannot exceed 0.
[111.479s] PRUNE: margin=-7.296875, optimistic_rem(widened)=0.000000 → cannot exceed 0.
[111.680s] PRUNE: margin=-7.296875, optimistic_rem(widened)=0.000000 → cannot exceed 0.
[111.882s] PRUNE: margin=-7.296875, optimistic_rem(widened)=0.000000 → cannot exceed 0.
[112.284s] PRUNE: margin=-7.296875, optimistic_rem(widened)=0.000000 → cannot exceed 0.
[112.486s] PRUNE: margin=-7.296875, optimistic_rem(widened)=0.000000 → cannot exceed 0.
[112.687s] PRUNE: margin=-7.296875, optimistic_rem(widened)=0.000000 → cannot exceed 0.
[112.888s] PRUNE: margin=-7.296875, optimistic_rem(widened)=0.000000 → cannot exceed 0.
[113.090s] PRUNE: margin=-7.296875, optimistic_rem(widened)=0.000000 → cannot exceed 0.
[113.291s] PRUNE: margin=-7.296875, optimistic_rem(widened)=0.000000 → cannot exceed 0.
[113.694s] PRUNE: margin=-7.296875, optimistic_rem(widened)=0.000000 → cannot exceed 0.
[113.823s] PRUNE: margin=-7.296875, optimistic_rem(widened)=0.000000 → cannot exceed 0.
[113.983s] PRUNE: margin=-7.296875, optimistic_rem(widened)=0.000000 → cannot exceed 0.
[114.183s] PRUNE: margin=-7.296875, optimistic_rem(widened)=0.000000 → cannot exceed 0.
[114.383s] PRUNE: margin=-7.296875, optimistic_rem(widened)=0.000000 → cannot exceed 0.
[114.752s] PRUNE: margin=-7.296875, optimistic_rem(widened)=0.000000 → cannot exceed 0.
[114.871s] PRUNE: margin=-7.296875, optimistic_rem(widened)=0.000000 → cannot exceed 0.
[114.989s] PRUNE: margin=-7.296875, optimistic_rem(widened)=0.000000 → cannot exceed 0.
[115.107s] PRUNE: margin=-7.296875, optimistic_rem(widened)=0.000000 → cannot exceed 0.
[115.411s] PRUNE: margin=-7.296875, optimistic_rem(widened)=0.000000 → cannot exceed 0.
[115.612s] PRUNE: margin=-7.296875, optimistic_rem(widened)=0.000000 → cannot exceed 0.
[115.814s] PRUNE: margin=-7.296875, optimistic_rem(widened)=0.000000 → cannot exceed 0.
[116.216s] PRUNE: margin=-4.296875, optimistic_rem(widened)=0.000000 → cannot exceed 0.
[116.418s] PRUNE: margin=-7.296875, optimistic_rem(widened)=0.000000 → cannot exceed 0.
[116.743s] PRUNE: margin=-4.390625, optimistic_rem(widened)=0.000000 → cannot exceed 0.
[117.445s] PRUNE: margin=-4.296875, optimistic_rem(widened)=2.500000 → cannot exceed 0.
[117.646s] PRUNE: margin=-4.296875, optimistic_rem(widened)=0.500000 → cannot exceed 0.
[117.947s] PRUNE: margin=-7.296875, optimistic_rem(widened)=0.000000 → cannot exceed 0.
[118.148s] PRUNE: margin=-7.296875, optimistic_rem(widened)=0.000000 → cannot exceed 0.
[118.349s] PRUNE: margin=-7.296875, optimistic_rem(widened)=0.000000 → cannot exceed 0.
[118.550s] PRUNE: margin=-7.296875, optimistic_rem(widened)=0.000000 → cannot exceed 0.
[118.751s] PRUNE: margin=-7.296875, optimistic_rem(widened)=0.000000 → cannot exceed 0.
[119.152s] PRUNE: margin=-7.296875, optimistic_rem(widened)=0.000000 → cannot exceed 0.
[119.353s] PRUNE: margin=-7.296875, optimistic_rem(widened)=0.000000 → cannot exceed 0.
[119.554s] PRUNE: margin=-7.296875, optimistic_rem(widened)=0.000000 → cannot exceed 0.
[119.755s] PRUNE: margin=-7.296875, optimistic_rem(widened)=0.000000 → cannot exceed 0.
[120.157s] PRUNE: margin=-7.296875, optimistic_rem(widened)=0.000000 → cannot exceed 0.
[120.357s] PRUNE: margin=-7.296875, optimistic_rem(widened)=0.000000 → cannot exceed 0.
[120.558s] PRUNE: margin=-7.296875, optimistic_rem(widened)=0.000000 → cannot exceed 0.
[120.960s] PRUNE: margin=-7.296875, optimistic_rem(widened)=0.000000 → cannot exceed 0.
[121.161s] PRUNE: margin=-7.296875, optimistic_rem(widened)=0.000000 → cannot exceed 0.
[121.563s] PRUNE: margin=-7.296875, optimistic_rem(widened)=0.000000 → cannot exceed 0.
[122.266s] PRUNE: margin=-4.296875, optimistic_rem(widened)=0.500000 → cannot exceed 0.
[122.467s] PRUNE: margin=-4.296875, optimistic_rem(widened)=2.000000 → cannot exceed 0.
[122.769s] PRUNE: margin=-4.296875, optimistic_rem(widened)=0.000000 → cannot exceed 0.
[122.969s] PRUNE: margin=-7.296875, optimistic_rem(widened)=0.000000 → cannot exceed 0.
[123.170s] PRUNE: margin=-7.296875, optimistic_rem(widened)=0.000000 → cannot exceed 0.
[123.371s] PRUNE: margin=-7.296875, optimistic_rem(widened)=0.000000 → cannot exceed 0.
[123.773s] PRUNE: margin=-4.296875, optimistic_rem(widened)=0.000000 → cannot exceed 0.
[123.974s] PRUNE: margin=-7.296875, optimistic_rem(widened)=0.000000 → cannot exceed 0.
[124.175s] PRUNE: margin=-7.296875, optimistic_rem(widened)=0.000000 → cannot exceed 0.
[124.576s] PRUNE: margin=-4.296875, optimistic_rem(widened)=0.000000 → cannot exceed 0.
[124.777s] PRUNE: margin=-7.296875, optimistic_rem(widened)=0.000000 → cannot exceed 0.
[125.179s] PRUNE: margin=-4.296875, optimistic_rem(widened)=0.000000 → cannot exceed 0.
[125.982s] PRUNE: margin=-7.296875, optimistic_rem(widened)=0.000000 → cannot exceed 0.
[126.183s] PRUNE: margin=-7.296875, optimistic_rem(widened)=0.000000 → cannot exceed 0.
[126.384s] PRUNE: margin=-7.296875, optimistic_rem(widened)=0.000000 → cannot exceed 0.
[126.538s] PRUNE: margin=-7.296875, optimistic_rem(widened)=0.000000 → cannot exceed 0.
[126.670s] PRUNE: margin=-7.296875, optimistic_rem(widened)=0.000000 → cannot exceed 0.
[126.934s] PRUNE: margin=-7.296875, optimistic_rem(widened)=0.000000 → cannot exceed 0.
[127.058s] PRUNE: margin=-7.296875, optimistic_rem(widened)=0.000000 → cannot exceed 0.
[127.180s] PRUNE: margin=-7.296875, optimistic_rem(widened)=0.000000 → cannot exceed 0.
[127.301s] PRUNE: margin=-7.296875, optimistic_rem(widened)=0.000000 → cannot exceed 0.
[127.547s] PRUNE: margin=-7.296875, optimistic_rem(widened)=0.000000 → cannot exceed 0.
[127.668s] PRUNE: margin=-7.296875, optimistic_rem(widened)=0.000000 → cannot exceed 0.
[127.788s] PRUNE: margin=-7.296875, optimistic_rem(widened)=0.000000 → cannot exceed 0.
[128.030s] PRUNE: margin=-7.296875, optimistic_rem(widened)=0.000000 → cannot exceed 0.
[128.157s] PRUNE: margin=-7.296875, optimistic_rem(widened)=0.000000 → cannot exceed 0.
[128.412s] PRUNE: margin=-7.390625, optimistic_rem(widened)=0.000000 → cannot exceed 0.
[128.978s] PRUNE: margin=-7.296875, optimistic_rem(widened)=0.000000 → cannot exceed 0.
[129.127s] PRUNE: margin=-7.296875, optimistic_rem(widened)=0.000000 → cannot exceed 0.
[129.267s] PRUNE: margin=-7.296875, optimistic_rem(widened)=0.000000 → cannot exceed 0.
[129.444s] PRUNE: margin=-7.296875, optimistic_rem(widened)=0.000000 → cannot exceed 0.
[129.846s] PRUNE: margin=-7.296875, optimistic_rem(widened)=0.000000 → cannot exceed 0.
[130.047s] PRUNE: margin=-7.296875, optimistic_rem(widened)=0.000000 → cannot exceed 0.
[130.248s] PRUNE: margin=-7.296875, optimistic_rem(widened)=0.000000 → cannot exceed 0.
[130.651s] PRUNE: margin=-7.296875, optimistic_rem(widened)=0.000000 → cannot exceed 0.
[130.852s] PRUNE: margin=-7.296875, optimistic_rem(widened)=0.000000 → cannot exceed 0.
[131.255s] PRUNE: margin=-7.390625, optimistic_rem(widened)=0.000000 → cannot exceed 0.
[131.917s] PRUNE: margin=-7.296875, optimistic_rem(widened)=0.000000 → cannot exceed 0.
[132.045s] PRUNE: margin=-7.296875, optimistic_rem(widened)=0.000000 → cannot exceed 0.
[132.180s] PRUNE: margin=-7.296875, optimistic_rem(widened)=0.000000 → cannot exceed 0.
[132.439s] PRUNE: margin=-7.296875, optimistic_rem(widened)=0.000000 → cannot exceed 0.
[132.576s] PRUNE: margin=-7.390625, optimistic_rem(widened)=0.000000 → cannot exceed 0.
[132.830s] PRUNE: margin=-4.390625, optimistic_rem(widened)=0.000000 → cannot exceed 0.
[133.350s] PRUNE: margin=-7.296875, optimistic_rem(widened)=0.000000 → cannot exceed 0.
[133.491s] PRUNE: margin=-7.390625, optimistic_rem(widened)=0.000000 → cannot exceed 0.
[133.747s] PRUNE: margin=-4.390625, optimistic_rem(widened)=0.000000 → cannot exceed 0.
[134.288s] PRUNE: margin=-4.390625, optimistic_rem(widened)=0.000000 → cannot exceed 0.
[135.636s] PRUNE: margin=-4.296875, optimistic_rem(widened)=2.000000 → cannot exceed 0.
[136.471s] PRUNE: margin=-7.296875, optimistic_rem(widened)=0.000000 → cannot exceed 0.
[136.612s] PRUNE: margin=-7.296875, optimistic_rem(widened)=0.000000 → cannot exceed 0.
[136.740s] PRUNE: margin=-7.296875, optimistic_rem(widened)=0.000000 → cannot exceed 0.
[136.867s] PRUNE: margin=-7.296875, optimistic_rem(widened)=0.000000 → cannot exceed 0.
[137.004s] PRUNE: margin=-7.296875, optimistic_rem(widened)=0.000000 → cannot exceed 0.
[137.132s] PRUNE: margin=-7.296875, optimistic_rem(widened)=0.000000 → cannot exceed 0.
[137.259s] PRUNE: margin=-7.296875, optimistic_rem(widened)=0.000000 → cannot exceed 0.
[137.531s] PRUNE: margin=-4.296875, optimistic_rem(widened)=2.000000 → cannot exceed 0.
[137.665s] PRUNE: margin=-4.296875, optimistic_rem(widened)=0.000000 → cannot exceed 0.
[137.807s] PRUNE: margin=-7.296875, optimistic_rem(widened)=0.000000 → cannot exceed 0.
[137.945s] PRUNE: margin=-7.296875, optimistic_rem(widened)=0.000000 → cannot exceed 0.
[138.077s] PRUNE: margin=-7.296875, optimistic_rem(widened)=0.000000 → cannot exceed 0.
[138.204s] PRUNE: margin=-7.296875, optimistic_rem(widened)=0.000000 → cannot exceed 0.
[138.332s] PRUNE: margin=-7.296875, optimistic_rem(widened)=0.000000 → cannot exceed 0.
[138.465s] PRUNE: margin=-7.296875, optimistic_rem(widened)=0.000000 → cannot exceed 0.
[138.729s] PRUNE: margin=-4.296875, optimistic_rem(widened)=0.000000 → cannot exceed 0.
[138.856s] PRUNE: margin=-4.296875, optimistic_rem(widened)=0.000000 → cannot exceed 0.
[138.984s] PRUNE: margin=-4.296875, optimistic_rem(widened)=0.000000 → cannot exceed 0.
[139.121s] PRUNE: margin=-4.296875, optimistic_rem(widened)=0.000000 → cannot exceed 0.
[139.249s] PRUNE: margin=-7.296875, optimistic_rem(widened)=0.000000 → cannot exceed 0.
[139.376s] PRUNE: margin=-7.296875, optimistic_rem(widened)=0.000000 → cannot exceed 0.
[139.498s] PRUNE: margin=-7.296875, optimistic_rem(widened)=0.000000 → cannot exceed 0.
[139.736s] PRUNE: margin=-7.296875, optimistic_rem(widened)=0.000000 → cannot exceed 0.
[139.855s] PRUNE: margin=-7.296875, optimistic_rem(widened)=0.000000 → cannot exceed 0.
[139.974s] PRUNE: margin=-7.296875, optimistic_rem(widened)=0.000000 → cannot exceed 0.
[140.094s] PRUNE: margin=-7.296875, optimistic_rem(widened)=0.000000 → cannot exceed 0.
[140.214s] PRUNE: margin=-7.296875, optimistic_rem(widened)=0.000000 → cannot exceed 0.
[140.333s] PRUNE: margin=-7.296875, optimistic_rem(widened)=0.000000 → cannot exceed 0.
[140.668s] PRUNE: margin=-7.296875, optimistic_rem(widened)=0.000000 → cannot exceed 0.
[140.869s] PRUNE: margin=-7.296875, optimistic_rem(widened)=0.000000 → cannot exceed 0.
[141.070s] PRUNE: margin=-7.296875, optimistic_rem(widened)=0.000000 → cannot exceed 0.
[141.271s] PRUNE: margin=-7.296875, optimistic_rem(widened)=0.000000 → cannot exceed 0.
[141.472s] PRUNE: margin=-7.296875, optimistic_rem(widened)=0.000000 → cannot exceed 0.
[141.874s] PRUNE: margin=-7.296875, optimistic_rem(widened)=0.000000 → cannot exceed 0.
[142.075s] PRUNE: margin=-7.296875, optimistic_rem(widened)=0.000000 → cannot exceed 0.
[142.276s] PRUNE: margin=-7.296875, optimistic_rem(widened)=0.000000 → cannot exceed 0.
[142.477s] PRUNE: margin=-7.296875, optimistic_rem(widened)=0.000000 → cannot exceed 0.
[142.879s] PRUNE: margin=-7.296875, optimistic_rem(widened)=0.000000 → cannot exceed 0.
[143.080s] PRUNE: margin=-7.296875, optimistic_rem(widened)=0.000000 → cannot exceed 0.
[143.281s] PRUNE: margin=-7.296875, optimistic_rem(widened)=0.000000 → cannot exceed 0.
[143.683s] PRUNE: margin=-7.296875, optimistic_rem(widened)=0.000000 → cannot exceed 0.
[143.884s] PRUNE: margin=-7.296875, optimistic_rem(widened)=0.000000 → cannot exceed 0.
[144.286s] PRUNE: margin=-4.390625, optimistic_rem(widened)=0.000000 → cannot exceed 0.
[144.989s] PRUNE: margin=-4.296875, optimistic_rem(widened)=2.500000 → cannot exceed 0.
[145.291s] PRUNE: margin=-4.296875, optimistic_rem(widened)=0.000000 → cannot exceed 0.
[145.492s] PRUNE: margin=-7.296875, optimistic_rem(widened)=0.000000 → cannot exceed 0.
[145.693s] PRUNE: margin=-7.296875, optimistic_rem(widened)=0.000000 → cannot exceed 0.
[145.894s] PRUNE: margin=-7.296875, optimistic_rem(widened)=0.000000 → cannot exceed 0.
[146.095s] PRUNE: margin=-7.296875, optimistic_rem(widened)=0.000000 → cannot exceed 0.
[146.296s] PRUNE: margin=-7.296875, optimistic_rem(widened)=0.000000 → cannot exceed 0.
[146.497s] PRUNE: margin=-7.296875, optimistic_rem(widened)=0.000000 → cannot exceed 0.
[146.899s] PRUNE: margin=-7.296875, optimistic_rem(widened)=0.000000 → cannot exceed 0.
[147.100s] PRUNE: margin=-7.296875, optimistic_rem(widened)=0.000000 → cannot exceed 0.
[147.301s] PRUNE: margin=-7.296875, optimistic_rem(widened)=0.000000 → cannot exceed 0.
[147.465s] PRUNE: margin=-7.296875, optimistic_rem(widened)=0.000000 → cannot exceed 0.
[147.604s] PRUNE: margin=-7.296875, optimistic_rem(widened)=0.000000 → cannot exceed 0.
[147.737s] PRUNE: margin=-7.296875, optimistic_rem(widened)=0.000000 → cannot exceed 0.
[148.011s] PRUNE: margin=-7.296875, optimistic_rem(widened)=0.000000 → cannot exceed 0.
[148.146s] PRUNE: margin=-7.296875, optimistic_rem(widened)=0.000000 → cannot exceed 0.
[148.289s] PRUNE: margin=-7.296875, optimistic_rem(widened)=0.000000 → cannot exceed 0.
[148.426s] PRUNE: margin=-7.296875, optimistic_rem(widened)=0.000000 → cannot exceed 0.
[148.583s] PRUNE: margin=-7.296875, optimistic_rem(widened)=0.000000 → cannot exceed 0.
[148.849s] PRUNE: margin=-7.296875, optimistic_rem(widened)=0.000000 → cannot exceed 0.
[148.983s] PRUNE: margin=-7.296875, optimistic_rem(widened)=0.000000 → cannot exceed 0.
[149.105s] PRUNE: margin=-7.296875, optimistic_rem(widened)=0.000000 → cannot exceed 0.
[149.224s] PRUNE: margin=-7.296875, optimistic_rem(widened)=0.000000 → cannot exceed 0.
[149.461s] PRUNE: margin=-7.296875, optimistic_rem(widened)=0.000000 → cannot exceed 0.
[149.580s] PRUNE: margin=-7.296875, optimistic_rem(widened)=0.000000 → cannot exceed 0.
[149.699s] PRUNE: margin=-7.296875, optimistic_rem(widened)=0.000000 → cannot exceed 0.
[149.936s] PRUNE: margin=-4.296875, optimistic_rem(widened)=0.000000 → cannot exceed 0.
[150.054s] PRUNE: margin=-7.296875, optimistic_rem(widened)=0.000000 → cannot exceed 0.
[150.295s] PRUNE: margin=-4.390625, optimistic_rem(widened)=0.000000 → cannot exceed 0.
[150.715s] PRUNE: margin=-4.296875, optimistic_rem(widened)=2.500000 → cannot exceed 0.
[150.834s] PRUNE: margin=-4.296875, optimistic_rem(widened)=0.500000 → cannot exceed 0.
[151.016s] PRUNE: margin=-7.296875, optimistic_rem(widened)=0.000000 → cannot exceed 0.
[151.141s] PRUNE: margin=-7.296875, optimistic_rem(widened)=0.000000 → cannot exceed 0.
[151.261s] PRUNE: margin=-7.296875, optimistic_rem(widened)=0.000000 → cannot exceed 0.
[151.384s] PRUNE: margin=-7.296875, optimistic_rem(widened)=0.000000 → cannot exceed 0.
[151.511s] PRUNE: margin=-7.296875, optimistic_rem(widened)=0.000000 → cannot exceed 0.
[151.759s] PRUNE: margin=-7.296875, optimistic_rem(widened)=0.000000 → cannot exceed 0.
[151.881s] PRUNE: margin=-7.296875, optimistic_rem(widened)=0.000000 → cannot exceed 0.
[152.002s] PRUNE: margin=-7.296875, optimistic_rem(widened)=0.000000 → cannot exceed 0.
[152.126s] PRUNE: margin=-7.296875, optimistic_rem(widened)=0.000000 → cannot exceed 0.
[152.376s] PRUNE: margin=-7.296875, optimistic_rem(widened)=0.000000 → cannot exceed 0.
[152.498s] PRUNE: margin=-7.296875, optimistic_rem(widened)=0.000000 → cannot exceed 0.
[152.622s] PRUNE: margin=-7.296875, optimistic_rem(widened)=0.000000 → cannot exceed 0.
[152.990s] PRUNE: margin=-7.296875, optimistic_rem(widened)=0.000000 → cannot exceed 0.
[153.190s] PRUNE: margin=-7.296875, optimistic_rem(widened)=0.000000 → cannot exceed 0.
[153.592s] PRUNE: margin=-7.296875, optimistic_rem(widened)=0.000000 → cannot exceed 0.
[154.294s] PRUNE: margin=-4.296875, optimistic_rem(widened)=0.500000 → cannot exceed 0.
[154.495s] PRUNE: margin=-4.296875, optimistic_rem(widened)=0.500000 → cannot exceed 0.
[154.696s] PRUNE: margin=-4.296875, optimistic_rem(widened)=2.000000 → cannot exceed 0.
[154.997s] PRUNE: margin=-7.296875, optimistic_rem(widened)=0.000000 → cannot exceed 0.
[155.197s] PRUNE: margin=-7.296875, optimistic_rem(widened)=0.000000 → cannot exceed 0.
[155.398s] PRUNE: margin=-7.296875, optimistic_rem(widened)=0.000000 → cannot exceed 0.
[155.800s] PRUNE: margin=-7.296875, optimistic_rem(widened)=0.000000 → cannot exceed 0.
[156.001s] PRUNE: margin=-7.296875, optimistic_rem(widened)=0.000000 → cannot exceed 0.
[156.402s] PRUNE: margin=-7.296875, optimistic_rem(widened)=0.000000 → cannot exceed 0.
[157.205s] PRUNE: margin=-7.296875, optimistic_rem(widened)=0.000000 → cannot exceed 0.
[157.406s] PRUNE: margin=-7.296875, optimistic_rem(widened)=0.000000 → cannot exceed 0.
[157.607s] PRUNE: margin=-7.296875, optimistic_rem(widened)=0.000000 → cannot exceed 0.
[157.808s] PRUNE: margin=-7.296875, optimistic_rem(widened)=0.000000 → cannot exceed 0.
[158.008s] PRUNE: margin=-7.296875, optimistic_rem(widened)=0.000000 → cannot exceed 0.
[158.410s] PRUNE: margin=-7.296875, optimistic_rem(widened)=0.000000 → cannot exceed 0.
[158.610s] PRUNE: margin=-7.296875, optimistic_rem(widened)=0.000000 → cannot exceed 0.
[158.811s] PRUNE: margin=-7.296875, optimistic_rem(widened)=0.000000 → cannot exceed 0.
[159.012s] PRUNE: margin=-7.296875, optimistic_rem(widened)=0.000000 → cannot exceed 0.
[159.414s] PRUNE: margin=-7.296875, optimistic_rem(widened)=0.000000 → cannot exceed 0.
[159.614s] PRUNE: margin=-7.296875, optimistic_rem(widened)=0.000000 → cannot exceed 0.
[159.815s] PRUNE: margin=-7.296875, optimistic_rem(widened)=0.000000 → cannot exceed 0.
[160.216s] PRUNE: margin=-7.296875, optimistic_rem(widened)=0.000000 → cannot exceed 0.
[160.417s] PRUNE: margin=-7.296875, optimistic_rem(widened)=0.000000 → cannot exceed 0.
[160.819s] PRUNE: margin=-4.390625, optimistic_rem(widened)=0.000000 → cannot exceed 0.
[161.621s] PRUNE: margin=-7.296875, optimistic_rem(widened)=0.000000 → cannot exceed 0.
[161.822s] PRUNE: margin=-7.296875, optimistic_rem(widened)=0.000000 → cannot exceed 0.
[162.023s] PRUNE: margin=-7.296875, optimistic_rem(widened)=0.000000 → cannot exceed 0.
[162.223s] PRUNE: margin=-7.296875, optimistic_rem(widened)=0.000000 → cannot exceed 0.
[162.625s] PRUNE: margin=-7.296875, optimistic_rem(widened)=0.000000 → cannot exceed 0.
[162.826s] PRUNE: margin=-7.296875, optimistic_rem(widened)=0.000000 → cannot exceed 0.
[163.026s] PRUNE: margin=-7.296875, optimistic_rem(widened)=0.000000 → cannot exceed 0.
[163.427s] PRUNE: margin=-7.296875, optimistic_rem(widened)=0.000000 → cannot exceed 0.
[163.628s] PRUNE: margin=-7.296875, optimistic_rem(widened)=0.000000 → cannot exceed 0.
[164.029s] PRUNE: margin=-4.390625, optimistic_rem(widened)=0.000000 → cannot exceed 0.
[164.832s] PRUNE: margin=-7.296875, optimistic_rem(widened)=0.000000 → cannot exceed 0.
[165.033s] PRUNE: margin=-7.296875, optimistic_rem(widened)=0.000000 → cannot exceed 0.
[165.233s] PRUNE: margin=-7.296875, optimistic_rem(widened)=0.000000 → cannot exceed 0.
[165.635s] PRUNE: margin=-7.296875, optimistic_rem(widened)=0.000000 → cannot exceed 0.
[165.836s] PRUNE: margin=-7.390625, optimistic_rem(widened)=0.000000 → cannot exceed 0.
[166.237s] PRUNE: margin=-4.390625, optimistic_rem(widened)=0.000000 → cannot exceed 0.
[167.039s] PRUNE: margin=-7.296875, optimistic_rem(widened)=0.000000 → cannot exceed 0.
[167.240s] PRUNE: margin=-7.390625, optimistic_rem(widened)=0.000000 → cannot exceed 0.
[167.642s] PRUNE: margin=-4.390625, optimistic_rem(widened)=0.000000 → cannot exceed 0.
[168.444s] PRUNE: margin=-4.390625, optimistic_rem(widened)=0.000000 → cannot exceed 0.
[169.146s] PRUNE: margin=-4.390625, optimistic_rem(widened)=0.500000 → cannot exceed 0.
[169.763s] PRUNE: margin=-4.296875, optimistic_rem(widened)=2.500000 → cannot exceed 0.
[169.971s] PRUNE: margin=-4.296875, optimistic_rem(widened)=0.000000 → cannot exceed 0.
[170.094s] PRUNE: margin=-4.296875, optimistic_rem(widened)=0.000000 → cannot exceed 0.
[170.220s] PRUNE: margin=-7.296875, optimistic_rem(widened)=0.000000 → cannot exceed 0.
[170.344s] PRUNE: margin=-7.296875, optimistic_rem(widened)=0.000000 → cannot exceed 0.
[170.476s] PRUNE: margin=-7.296875, optimistic_rem(widened)=0.000000 → cannot exceed 0.
[170.599s] PRUNE: margin=-7.296875, optimistic_rem(widened)=0.000000 → cannot exceed 0.
[170.740s] PRUNE: margin=-7.296875, optimistic_rem(widened)=0.000000 → cannot exceed 0.
[171.000s] PRUNE: margin=-7.296875, optimistic_rem(widened)=0.000000 → cannot exceed 0.
[171.136s] PRUNE: margin=-7.296875, optimistic_rem(widened)=0.000000 → cannot exceed 0.
[171.264s] PRUNE: margin=-7.296875, optimistic_rem(widened)=0.000000 → cannot exceed 0.
[171.393s] PRUNE: margin=-7.296875, optimistic_rem(widened)=0.000000 → cannot exceed 0.
[171.533s] PRUNE: margin=-7.296875, optimistic_rem(widened)=0.000000 → cannot exceed 0.
[171.691s] PRUNE: margin=-7.296875, optimistic_rem(widened)=0.000000 → cannot exceed 0.
[171.959s] PRUNE: margin=-7.296875, optimistic_rem(widened)=0.000000 → cannot exceed 0.
[172.078s] PRUNE: margin=-7.296875, optimistic_rem(widened)=0.000000 → cannot exceed 0.
[172.196s] PRUNE: margin=-7.296875, optimistic_rem(widened)=0.000000 → cannot exceed 0.
[172.316s] PRUNE: margin=-7.296875, optimistic_rem(widened)=0.000000 → cannot exceed 0.
[172.505s] PRUNE: margin=-7.296875, optimistic_rem(widened)=0.000000 → cannot exceed 0.
[172.883s] PRUNE: margin=-7.296875, optimistic_rem(widened)=0.000000 → cannot exceed 0.
[173.072s] PRUNE: margin=-7.296875, optimistic_rem(widened)=0.000000 → cannot exceed 0.
[173.259s] PRUNE: margin=-7.296875, optimistic_rem(widened)=0.000000 → cannot exceed 0.
[173.450s] PRUNE: margin=-7.296875, optimistic_rem(widened)=0.000000 → cannot exceed 0.
[173.829s] PRUNE: margin=-4.296875, optimistic_rem(widened)=0.000000 → cannot exceed 0.
[174.018s] PRUNE: margin=-7.296875, optimistic_rem(widened)=0.000000 → cannot exceed 0.
[174.207s] PRUNE: margin=-7.296875, optimistic_rem(widened)=0.000000 → cannot exceed 0.
[174.585s] PRUNE: margin=-4.296875, optimistic_rem(widened)=0.000000 → cannot exceed 0.
[174.773s] PRUNE: margin=-7.296875, optimistic_rem(widened)=0.000000 → cannot exceed 0.
[175.153s] PRUNE: margin=-4.390625, optimistic_rem(widened)=0.000000 → cannot exceed 0.
[175.814s] PRUNE: margin=-4.296875, optimistic_rem(widened)=2.500000 → cannot exceed 0.
[176.003s] PRUNE: margin=-4.296875, optimistic_rem(widened)=0.500000 → cannot exceed 0.
[176.287s] PRUNE: margin=-7.296875, optimistic_rem(widened)=0.000000 → cannot exceed 0.
[176.477s] PRUNE: margin=-7.296875, optimistic_rem(widened)=0.000000 → cannot exceed 0.
[176.667s] PRUNE: margin=-7.296875, optimistic_rem(widened)=0.000000 → cannot exceed 0.
[176.856s] PRUNE: margin=-7.296875, optimistic_rem(widened)=0.000000 → cannot exceed 0.
[177.045s] PRUNE: margin=-7.296875, optimistic_rem(widened)=0.000000 → cannot exceed 0.
[177.423s] PRUNE: margin=-7.296875, optimistic_rem(widened)=0.000000 → cannot exceed 0.
[177.612s] PRUNE: margin=-7.296875, optimistic_rem(widened)=0.000000 → cannot exceed 0.
[177.801s] PRUNE: margin=-7.296875, optimistic_rem(widened)=0.000000 → cannot exceed 0.
[177.992s] PRUNE: margin=-7.296875, optimistic_rem(widened)=0.000000 → cannot exceed 0.
[178.331s] PRUNE: margin=-7.296875, optimistic_rem(widened)=0.000000 → cannot exceed 0.
[178.449s] PRUNE: margin=-7.296875, optimistic_rem(widened)=0.000000 → cannot exceed 0.
[178.568s] PRUNE: margin=-7.296875, optimistic_rem(widened)=0.000000 → cannot exceed 0.
[178.807s] PRUNE: margin=-7.296875, optimistic_rem(widened)=0.000000 → cannot exceed 0.
[178.925s] PRUNE: margin=-7.296875, optimistic_rem(widened)=0.000000 → cannot exceed 0.
[179.162s] PRUNE: margin=-7.296875, optimistic_rem(widened)=0.000000 → cannot exceed 0.
[179.577s] PRUNE: margin=-4.296875, optimistic_rem(widened)=0.500000 → cannot exceed 0.
[179.697s] PRUNE: margin=-4.296875, optimistic_rem(widened)=0.500000 → cannot exceed 0.
[179.815s] PRUNE: margin=-4.296875, optimistic_rem(widened)=2.000000 → cannot exceed 0.
[180.043s] PRUNE: margin=-4.296875, optimistic_rem(widened)=0.000000 → cannot exceed 0.
[180.244s] PRUNE: margin=-7.296875, optimistic_rem(widened)=0.000000 → cannot exceed 0.
[180.429s] PRUNE: margin=-7.296875, optimistic_rem(widened)=0.000000 → cannot exceed 0.
[180.698s] PRUNE: margin=-4.296875, optimistic_rem(widened)=0.000000 → cannot exceed 0.
[180.837s] PRUNE: margin=-7.296875, optimistic_rem(widened)=0.000000 → cannot exceed 0.
[181.076s] PRUNE: margin=-4.296875, optimistic_rem(widened)=0.000000 → cannot exceed 0.
[181.556s] PRUNE: margin=-7.296875, optimistic_rem(widened)=0.000000 → cannot exceed 0.
[181.681s] PRUNE: margin=-7.296875, optimistic_rem(widened)=0.000000 → cannot exceed 0.
[181.818s] PRUNE: margin=-7.296875, optimistic_rem(widened)=0.000000 → cannot exceed 0.
[181.948s] PRUNE: margin=-7.296875, optimistic_rem(widened)=0.000000 → cannot exceed 0.
[182.087s] PRUNE: margin=-7.296875, optimistic_rem(widened)=0.000000 → cannot exceed 0.
[182.347s] PRUNE: margin=-7.296875, optimistic_rem(widened)=0.000000 → cannot exceed 0.
[182.484s] PRUNE: margin=-7.296875, optimistic_rem(widened)=0.000000 → cannot exceed 0.
[182.616s] PRUNE: margin=-7.296875, optimistic_rem(widened)=0.000000 → cannot exceed 0.
[182.752s] PRUNE: margin=-7.296875, optimistic_rem(widened)=0.000000 → cannot exceed 0.
[183.018s] PRUNE: margin=-7.296875, optimistic_rem(widened)=0.000000 → cannot exceed 0.
[183.150s] PRUNE: margin=-7.296875, optimistic_rem(widened)=0.000000 → cannot exceed 0.
[183.285s] PRUNE: margin=-7.296875, optimistic_rem(widened)=0.000000 → cannot exceed 0.
[183.548s] PRUNE: margin=-7.296875, optimistic_rem(widened)=0.000000 → cannot exceed 0.
[183.682s] PRUNE: margin=-7.296875, optimistic_rem(widened)=0.000000 → cannot exceed 0.
[183.921s] PRUNE: margin=-4.390625, optimistic_rem(widened)=0.000000 → cannot exceed 0.
[184.400s] PRUNE: margin=-7.296875, optimistic_rem(widened)=0.000000 → cannot exceed 0.
[184.519s] PRUNE: margin=-7.296875, optimistic_rem(widened)=0.000000 → cannot exceed 0.
[184.641s] PRUNE: margin=-7.296875, optimistic_rem(widened)=0.000000 → cannot exceed 0.
[184.761s] PRUNE: margin=-7.296875, optimistic_rem(widened)=0.000000 → cannot exceed 0.
[185.001s] PRUNE: margin=-7.296875, optimistic_rem(widened)=0.000000 → cannot exceed 0.
[185.123s] PRUNE: margin=-7.296875, optimistic_rem(widened)=0.000000 → cannot exceed 0.
[185.244s] PRUNE: margin=-7.296875, optimistic_rem(widened)=0.000000 → cannot exceed 0.
[185.482s] PRUNE: margin=-7.296875, optimistic_rem(widened)=0.000000 → cannot exceed 0.
[185.603s] PRUNE: margin=-7.296875, optimistic_rem(widened)=0.000000 → cannot exceed 0.
[185.844s] PRUNE: margin=-4.390625, optimistic_rem(widened)=0.000000 → cannot exceed 0.
[186.323s] PRUNE: margin=-7.296875, optimistic_rem(widened)=0.000000 → cannot exceed 0.
[186.442s] PRUNE: margin=-7.296875, optimistic_rem(widened)=0.000000 → cannot exceed 0.
[186.562s] PRUNE: margin=-7.296875, optimistic_rem(widened)=0.000000 → cannot exceed 0.
[186.818s] PRUNE: margin=-7.296875, optimistic_rem(widened)=0.000000 → cannot exceed 0.
[186.951s] PRUNE: margin=-7.296875, optimistic_rem(widened)=0.000000 → cannot exceed 0.
[187.203s] PRUNE: margin=-4.390625, optimistic_rem(widened)=0.000000 → cannot exceed 0.
[187.734s] PRUNE: margin=-7.296875, optimistic_rem(widened)=0.000000 → cannot exceed 0.
[187.904s] PRUNE: margin=-7.390625, optimistic_rem(widened)=0.000000 → cannot exceed 0.
[188.181s] PRUNE: margin=-4.390625, optimistic_rem(widened)=0.000000 → cannot exceed 0.
[188.737s] PRUNE: margin=-4.390625, optimistic_rem(widened)=0.000000 → cannot exceed 0.
[189.244s] PRUNE: margin=-4.390625, optimistic_rem(widened)=0.500000 → cannot exceed 0.
[189.735s] PRUNE: margin=-4.296875, optimistic_rem(widened)=3.000000 → cannot exceed 0.
[189.946s] PRUNE: margin=-4.296875, optimistic_rem(widened)=0.500000 → cannot exceed 0.
[190.146s] PRUNE: margin=-7.296875, optimistic_rem(widened)=0.000000 → cannot exceed 0.
[190.267s] PRUNE: margin=-7.296875, optimistic_rem(widened)=0.000000 → cannot exceed 0.
[190.388s] PRUNE: margin=-7.296875, optimistic_rem(widened)=0.000000 → cannot exceed 0.
[190.514s] PRUNE: margin=-7.296875, optimistic_rem(widened)=0.000000 → cannot exceed 0.
[190.640s] PRUNE: margin=-7.296875, optimistic_rem(widened)=0.000000 → cannot exceed 0.
[190.900s] PRUNE: margin=-7.296875, optimistic_rem(widened)=0.000000 → cannot exceed 0.
[191.025s] PRUNE: margin=-7.296875, optimistic_rem(widened)=0.000000 → cannot exceed 0.
[191.155s] PRUNE: margin=-7.296875, optimistic_rem(widened)=0.000000 → cannot exceed 0.
[191.282s] PRUNE: margin=-7.296875, optimistic_rem(widened)=0.000000 → cannot exceed 0.
[191.529s] PRUNE: margin=-7.296875, optimistic_rem(widened)=0.000000 → cannot exceed 0.
[191.657s] PRUNE: margin=-7.296875, optimistic_rem(widened)=0.000000 → cannot exceed 0.
[191.794s] PRUNE: margin=-7.296875, optimistic_rem(widened)=0.000000 → cannot exceed 0.
[192.062s] PRUNE: margin=-7.296875, optimistic_rem(widened)=0.000000 → cannot exceed 0.
[192.184s] PRUNE: margin=-7.296875, optimistic_rem(widened)=0.000000 → cannot exceed 0.
[192.428s] PRUNE: margin=-4.296875, optimistic_rem(widened)=0.000000 → cannot exceed 0.
[192.955s] PRUNE: margin=-7.296875, optimistic_rem(widened)=0.000000 → cannot exceed 0.
[193.084s] PRUNE: margin=-7.296875, optimistic_rem(widened)=0.000000 → cannot exceed 0.
[193.214s] PRUNE: margin=-7.296875, optimistic_rem(widened)=0.000000 → cannot exceed 0.
[193.359s] PRUNE: margin=-7.296875, optimistic_rem(widened)=0.000000 → cannot exceed 0.
[193.488s] PRUNE: margin=-7.296875, optimistic_rem(widened)=0.000000 → cannot exceed 0.
[193.750s] PRUNE: margin=-7.296875, optimistic_rem(widened)=0.000000 → cannot exceed 0.
[193.870s] PRUNE: margin=-7.296875, optimistic_rem(widened)=0.000000 → cannot exceed 0.
[193.990s] PRUNE: margin=-7.296875, optimistic_rem(widened)=0.000000 → cannot exceed 0.
[194.109s] PRUNE: margin=-7.296875, optimistic_rem(widened)=0.000000 → cannot exceed 0.
[194.348s] PRUNE: margin=-7.296875, optimistic_rem(widened)=0.000000 → cannot exceed 0.
[194.467s] PRUNE: margin=-7.296875, optimistic_rem(widened)=0.000000 → cannot exceed 0.
[194.587s] PRUNE: margin=-7.296875, optimistic_rem(widened)=0.000000 → cannot exceed 0.
[194.830s] PRUNE: margin=-4.296875, optimistic_rem(widened)=0.000000 → cannot exceed 0.
[194.949s] PRUNE: margin=-7.296875, optimistic_rem(widened)=0.000000 → cannot exceed 0.
[195.189s] PRUNE: margin=-4.390625, optimistic_rem(widened)=0.000000 → cannot exceed 0.
[195.666s] PRUNE: margin=-7.296875, optimistic_rem(widened)=0.000000 → cannot exceed 0.
[195.788s] PRUNE: margin=-7.296875, optimistic_rem(widened)=0.000000 → cannot exceed 0.
[195.908s] PRUNE: margin=-7.296875, optimistic_rem(widened)=0.000000 → cannot exceed 0.
[196.034s] PRUNE: margin=-7.296875, optimistic_rem(widened)=0.000000 → cannot exceed 0.
[196.415s] PRUNE: margin=-7.296875, optimistic_rem(widened)=0.000000 → cannot exceed 0.
[196.604s] PRUNE: margin=-7.296875, optimistic_rem(widened)=0.000000 → cannot exceed 0.
[196.793s] PRUNE: margin=-7.296875, optimistic_rem(widened)=0.000000 → cannot exceed 0.
[197.171s] PRUNE: margin=-4.296875, optimistic_rem(widened)=0.000000 → cannot exceed 0.
[197.360s] PRUNE: margin=-7.296875, optimistic_rem(widened)=0.000000 → cannot exceed 0.
[197.740s] PRUNE: margin=-4.390625, optimistic_rem(widened)=0.000000 → cannot exceed 0.
[198.497s] PRUNE: margin=-7.296875, optimistic_rem(widened)=0.000000 → cannot exceed 0.
[198.686s] PRUNE: margin=-7.296875, optimistic_rem(widened)=0.000000 → cannot exceed 0.
[198.875s] PRUNE: margin=-7.296875, optimistic_rem(widened)=0.000000 → cannot exceed 0.
[199.138s] PRUNE: margin=-4.296875, optimistic_rem(widened)=0.000000 → cannot exceed 0.
[199.256s] PRUNE: margin=-7.296875, optimistic_rem(widened)=0.000000 → cannot exceed 0.
[199.494s] PRUNE: margin=-4.390625, optimistic_rem(widened)=0.000000 → cannot exceed 0.
[199.968s] PRUNE: margin=-4.390625, optimistic_rem(widened)=0.000000 → cannot exceed 0.
[200.087s] PRUNE: margin=-7.296875, optimistic_rem(widened)=0.000000 → cannot exceed 0.
[200.324s] PRUNE: margin=-4.390625, optimistic_rem(widened)=0.000000 → cannot exceed 0.
[200.800s] PRUNE: margin=-4.390625, optimistic_rem(widened)=0.000000 → cannot exceed 0.
[201.214s] PRUNE: margin=-4.390625, optimistic_rem(widened)=0.500000 → cannot exceed 0.
[201.629s] PRUNE: margin=-4.296875, optimistic_rem(widened)=3.000000 → cannot exceed 0.
[201.747s] PRUNE: margin=-4.296875, optimistic_rem(widened)=1.000000 → cannot exceed 0.
[201.987s] PRUNE: margin=-7.296875, optimistic_rem(widened)=0.000000 → cannot exceed 0.
[202.106s] PRUNE: margin=-7.296875, optimistic_rem(widened)=0.000000 → cannot exceed 0.
[202.224s] PRUNE: margin=-7.296875, optimistic_rem(widened)=0.000000 → cannot exceed 0.
[202.344s] PRUNE: margin=-7.296875, optimistic_rem(widened)=0.000000 → cannot exceed 0.
[202.580s] PRUNE: margin=-7.296875, optimistic_rem(widened)=0.000000 → cannot exceed 0.
[202.699s] PRUNE: margin=-7.296875, optimistic_rem(widened)=0.000000 → cannot exceed 0.
[202.818s] PRUNE: margin=-7.296875, optimistic_rem(widened)=0.000000 → cannot exceed 0.
[203.057s] PRUNE: margin=-7.296875, optimistic_rem(widened)=0.000000 → cannot exceed 0.
[203.175s] PRUNE: margin=-7.296875, optimistic_rem(widened)=0.000000 → cannot exceed 0.
[203.414s] PRUNE: margin=-7.296875, optimistic_rem(widened)=0.000000 → cannot exceed 0.
[203.907s] PRUNE: margin=-7.296875, optimistic_rem(widened)=0.000000 → cannot exceed 0.
[204.027s] PRUNE: margin=-7.296875, optimistic_rem(widened)=0.000000 → cannot exceed 0.
[204.156s] PRUNE: margin=-7.296875, optimistic_rem(widened)=0.000000 → cannot exceed 0.
[204.400s] PRUNE: margin=-7.296875, optimistic_rem(widened)=0.000000 → cannot exceed 0.
[204.527s] PRUNE: margin=-7.296875, optimistic_rem(widened)=0.000000 → cannot exceed 0.
[204.783s] PRUNE: margin=-7.296875, optimistic_rem(widened)=0.000000 → cannot exceed 0.
[205.290s] PRUNE: margin=-7.296875, optimistic_rem(widened)=0.000000 → cannot exceed 0.
[205.411s] PRUNE: margin=-7.296875, optimistic_rem(widened)=0.000000 → cannot exceed 0.
[205.653s] PRUNE: margin=-7.296875, optimistic_rem(widened)=0.000000 → cannot exceed 0.
[206.145s] PRUNE: margin=-7.296875, optimistic_rem(widened)=0.000000 → cannot exceed 0.
[206.999s] PRUNE: margin=-4.296875, optimistic_rem(widened)=1.000000 → cannot exceed 0.
[207.121s] PRUNE: margin=-4.296875, optimistic_rem(widened)=4.000000 → cannot exceed 0.
[207.365s] PRUNE: margin=-4.296875, optimistic_rem(widened)=0.000000 → cannot exceed 0.
[207.488s] PRUNE: margin=-7.296875, optimistic_rem(widened)=0.000000 → cannot exceed 0.
[207.608s] PRUNE: margin=-7.296875, optimistic_rem(widened)=0.000000 → cannot exceed 0.
[207.856s] PRUNE: margin=-4.296875, optimistic_rem(widened)=0.000000 → cannot exceed 0.
[207.977s] PRUNE: margin=-7.296875, optimistic_rem(widened)=0.000000 → cannot exceed 0.
[208.219s] PRUNE: margin=-4.296875, optimistic_rem(widened)=0.000000 → cannot exceed 0.
[208.708s] PRUNE: margin=-4.296875, optimistic_rem(widened)=0.000000 → cannot exceed 0.
[208.828s] PRUNE: margin=-7.296875, optimistic_rem(widened)=0.000000 → cannot exceed 0.
[209.073s] PRUNE: margin=-4.296875, optimistic_rem(widened)=0.000000 → cannot exceed 0.
[209.502s] PRUNE: margin=-4.296875, optimistic_rem(widened)=0.500000 → cannot exceed 0.
[209.866s] PRUNE: margin=-4.296875, optimistic_rem(widened)=0.500000 → cannot exceed 0.
[215.169s] PRUNE: margin=-4.390625, optimistic_rem(widened)=2.000000 → cannot exceed 0.
[216.667s] PRUNE: margin=-4.390625, optimistic_rem(widened)=2.000000 → cannot exceed 0.
[217.466s] PRUNE: margin=-4.390625, optimistic_rem(widened)=2.000000 → cannot exceed 0.
[220.862s] PRUNE: margin=-4.390625, optimistic_rem(widened)=2.000000 → cannot exceed 0.
[222.361s] PRUNE: margin=-4.390625, optimistic_rem(widened)=2.000000 → cannot exceed 0.
[223.160s] PRUNE: margin=-4.390625, optimistic_rem(widened)=2.000000 → cannot exceed 0.
[225.457s] PRUNE: margin=-4.390625, optimistic_rem(widened)=2.000000 → cannot exceed 0.
[226.257s] PRUNE: margin=-4.390625, optimistic_rem(widened)=2.000000 → cannot exceed 0.
[227.628s] PRUNE: margin=-4.390625, optimistic_rem(widened)=2.000000 → cannot exceed 0.
[228.049s] PRUNE: margin=-4.390625, optimistic_rem(widened)=2.500000 → cannot exceed 0.
[228.549s] PRUNE: margin=-4.390625, optimistic_rem(widened)=2.500000 → cannot exceed 0.
[229.246s] No counterexample within budgets (BaB): no misclassification found.
STATUS: No counterexample | best_upper_margin=66.703125 | elapsed=229.246s | pixels_changed=0 | total_bit_flips=0 | avg_hamming_per_pixel=0.000000 | patch_rows=18-18 | patch_cols=11-12 | note=no_counterexample_within_budgets
