[  0.000s] init: idx=2268 kmax=2 bmax=4 topx=2 widen=1.000 rank_fast=off
clean logits (hex):  0x8c  0x85  0x8e  0x8f  0x87  0xb6  0x87  0x70  0x88  0x9d
clean logits (bits): 10001100 10000101 10001110 10001111 10000111 10110110 10000111 01110000 10001000 10011101
clean logits (double): -6.000000 -14.000000 -5.000000 -4.500000 -10.000000 -1.312500 -10.000000 +4.000000 -8.000000 -2.375000
[  0.009s] clean prediction: 7 (true label 7)
[ 37.051s] selection: nSym=2 (from 784), topx=2, rank_fast=off
[ 37.052s] active patch: rows 9-15, cols 14-24 (derived from symPix)
[ 37.490s] Proceeding to BaB (greedy enabled).
[ 37.490s] Skipping root bound check (--no-root-bound).
[ 37.490s] BaB search starting (K≤2, B≤4, nSym=2, depth_limit=500000000, widen=1.00)...
[ 37.775s] PRUNE: margin=-4.937500, optimistic_rem(widened)=2.671875 → cannot exceed 0.
[ 37.965s] PRUNE: margin=-4.937500, optimistic_rem(widened)=2.734375 → cannot exceed 0.
[ 38.345s] PRUNE: margin=-4.593750, optimistic_rem(widened)=0.000000 → cannot exceed 0.
[ 38.535s] PRUNE: margin=-4.593750, optimistic_rem(widened)=0.000000 → cannot exceed 0.
[ 38.725s] PRUNE: margin=-4.593750, optimistic_rem(widened)=0.000000 → cannot exceed 0.
[ 38.916s] PRUNE: margin=-4.593750, optimistic_rem(widened)=0.000000 → cannot exceed 0.
[ 39.105s] PRUNE: margin=-4.593750, optimistic_rem(widened)=0.000000 → cannot exceed 0.
[ 39.295s] PRUNE: margin=-4.593750, optimistic_rem(widened)=0.000000 → cannot exceed 0.
[ 39.485s] PRUNE: margin=-4.593750, optimistic_rem(widened)=0.000000 → cannot exceed 0.
[ 39.675s] PRUNE: margin=-4.593750, optimistic_rem(widened)=0.000000 → cannot exceed 0.
[ 39.865s] PRUNE: margin=-4.593750, optimistic_rem(widened)=0.000000 → cannot exceed 0.
[ 40.055s] PRUNE: margin=-4.593750, optimistic_rem(widened)=0.000000 → cannot exceed 0.
[ 40.245s] PRUNE: margin=-4.593750, optimistic_rem(widened)=0.000000 → cannot exceed 0.
[ 40.625s] PRUNE: margin=-4.593750, optimistic_rem(widened)=0.000000 → cannot exceed 0.
[ 40.815s] PRUNE: margin=-4.593750, optimistic_rem(widened)=0.000000 → cannot exceed 0.
[ 41.006s] PRUNE: margin=-4.593750, optimistic_rem(widened)=0.000000 → cannot exceed 0.
[ 41.196s] PRUNE: margin=-4.593750, optimistic_rem(widened)=0.000000 → cannot exceed 0.
[ 41.386s] PRUNE: margin=-4.593750, optimistic_rem(widened)=0.000000 → cannot exceed 0.
[ 41.576s] PRUNE: margin=-4.890625, optimistic_rem(widened)=0.000000 → cannot exceed 0.
[ 41.765s] PRUNE: margin=-4.890625, optimistic_rem(widened)=0.000000 → cannot exceed 0.
[ 41.955s] PRUNE: margin=-4.890625, optimistic_rem(widened)=0.000000 → cannot exceed 0.
[ 42.145s] PRUNE: margin=-4.890625, optimistic_rem(widened)=0.000000 → cannot exceed 0.
[ 42.335s] PRUNE: margin=-4.890625, optimistic_rem(widened)=0.000000 → cannot exceed 0.
[ 42.715s] PRUNE: margin=-4.890625, optimistic_rem(widened)=0.000000 → cannot exceed 0.
[ 42.905s] PRUNE: margin=-4.890625, optimistic_rem(widened)=0.000000 → cannot exceed 0.
[ 43.095s] PRUNE: margin=-4.890625, optimistic_rem(widened)=0.000000 → cannot exceed 0.
[ 43.285s] PRUNE: margin=-4.890625, optimistic_rem(widened)=0.000000 → cannot exceed 0.
[ 43.475s] PRUNE: margin=-4.890625, optimistic_rem(widened)=0.000000 → cannot exceed 0.
[ 43.665s] PRUNE: margin=-4.890625, optimistic_rem(widened)=0.000000 → cannot exceed 0.
[ 43.855s] PRUNE: margin=-4.890625, optimistic_rem(widened)=0.000000 → cannot exceed 0.
[ 44.046s] PRUNE: margin=-4.890625, optimistic_rem(widened)=0.000000 → cannot exceed 0.
[ 44.236s] PRUNE: margin=-4.890625, optimistic_rem(widened)=0.000000 → cannot exceed 0.
[ 44.615s] PRUNE: margin=-5.234375, optimistic_rem(widened)=0.000000 → cannot exceed 0.
[ 44.805s] PRUNE: margin=-5.234375, optimistic_rem(widened)=0.000000 → cannot exceed 0.
[ 44.996s] PRUNE: margin=-5.234375, optimistic_rem(widened)=0.000000 → cannot exceed 0.
[ 45.186s] PRUNE: margin=-5.234375, optimistic_rem(widened)=0.000000 → cannot exceed 0.
[ 45.376s] PRUNE: margin=-5.234375, optimistic_rem(widened)=0.000000 → cannot exceed 0.
[ 45.566s] PRUNE: margin=-5.234375, optimistic_rem(widened)=0.000000 → cannot exceed 0.
[ 45.756s] PRUNE: margin=-5.234375, optimistic_rem(widened)=0.000000 → cannot exceed 0.
[ 45.946s] PRUNE: margin=-5.234375, optimistic_rem(widened)=0.000000 → cannot exceed 0.
[ 46.326s] PRUNE: margin=-5.234375, optimistic_rem(widened)=0.000000 → cannot exceed 0.
[ 46.516s] PRUNE: margin=-5.234375, optimistic_rem(widened)=0.000000 → cannot exceed 0.
[ 46.706s] PRUNE: margin=-5.234375, optimistic_rem(widened)=0.000000 → cannot exceed 0.
[ 46.896s] PRUNE: margin=-5.234375, optimistic_rem(widened)=0.000000 → cannot exceed 0.
[ 47.086s] PRUNE: margin=-5.234375, optimistic_rem(widened)=0.000000 → cannot exceed 0.
[ 47.276s] PRUNE: margin=-5.234375, optimistic_rem(widened)=0.000000 → cannot exceed 0.
[ 47.466s] PRUNE: margin=-5.234375, optimistic_rem(widened)=0.000000 → cannot exceed 0.
[ 47.846s] PRUNE: margin=-5.234375, optimistic_rem(widened)=0.000000 → cannot exceed 0.
[ 48.037s] PRUNE: margin=-5.234375, optimistic_rem(widened)=0.000000 → cannot exceed 0.
[ 48.227s] PRUNE: margin=-5.234375, optimistic_rem(widened)=0.000000 → cannot exceed 0.
[ 48.417s] PRUNE: margin=-5.234375, optimistic_rem(widened)=0.000000 → cannot exceed 0.
[ 48.607s] PRUNE: margin=-5.234375, optimistic_rem(widened)=0.000000 → cannot exceed 0.
[ 48.797s] PRUNE: margin=-5.234375, optimistic_rem(widened)=0.000000 → cannot exceed 0.
[ 49.177s] PRUNE: margin=-5.234375, optimistic_rem(widened)=0.000000 → cannot exceed 0.
[ 49.367s] PRUNE: margin=-5.234375, optimistic_rem(widened)=0.000000 → cannot exceed 0.
[ 49.557s] PRUNE: margin=-5.234375, optimistic_rem(widened)=0.000000 → cannot exceed 0.
[ 49.747s] PRUNE: margin=-5.234375, optimistic_rem(widened)=0.000000 → cannot exceed 0.
[ 49.937s] PRUNE: margin=-5.234375, optimistic_rem(widened)=0.000000 → cannot exceed 0.
[ 50.317s] PRUNE: margin=-4.890625, optimistic_rem(widened)=0.000000 → cannot exceed 0.
[ 50.507s] PRUNE: margin=-5.234375, optimistic_rem(widened)=0.000000 → cannot exceed 0.
[ 50.697s] PRUNE: margin=-5.234375, optimistic_rem(widened)=0.000000 → cannot exceed 0.
[ 50.887s] PRUNE: margin=-5.234375, optimistic_rem(widened)=0.000000 → cannot exceed 0.
[ 51.268s] PRUNE: margin=-5.234375, optimistic_rem(widened)=0.000000 → cannot exceed 0.
[ 51.458s] PRUNE: margin=-5.234375, optimistic_rem(widened)=0.000000 → cannot exceed 0.
[ 51.648s] PRUNE: margin=-5.234375, optimistic_rem(widened)=0.000000 → cannot exceed 0.
[ 52.028s] PRUNE: margin=-5.234375, optimistic_rem(widened)=0.000000 → cannot exceed 0.
[ 52.218s] PRUNE: margin=-5.234375, optimistic_rem(widened)=0.000000 → cannot exceed 0.
[ 52.598s] PRUNE: margin=-5.234375, optimistic_rem(widened)=0.000000 → cannot exceed 0.
[ 53.357s] PRUNE: margin=-5.000000, optimistic_rem(widened)=2.500000 → cannot exceed 0.
[ 53.547s] PRUNE: margin=-5.000000, optimistic_rem(widened)=2.500000 → cannot exceed 0.
[ 53.736s] PRUNE: margin=-5.000000, optimistic_rem(widened)=2.500000 → cannot exceed 0.
[ 53.926s] PRUNE: margin=-5.000000, optimistic_rem(widened)=2.500000 → cannot exceed 0.
[ 54.116s] PRUNE: margin=-5.000000, optimistic_rem(widened)=2.500000 → cannot exceed 0.
[ 54.306s] PRUNE: margin=-5.000000, optimistic_rem(widened)=0.000000 → cannot exceed 0.
[ 54.495s] PRUNE: margin=-5.000000, optimistic_rem(widened)=0.000000 → cannot exceed 0.
[ 54.685s] PRUNE: margin=-5.000000, optimistic_rem(widened)=0.000000 → cannot exceed 0.
[ 54.875s] PRUNE: margin=-5.000000, optimistic_rem(widened)=0.000000 → cannot exceed 0.
[ 55.065s] PRUNE: margin=-5.000000, optimistic_rem(widened)=0.000000 → cannot exceed 0.
[ 55.444s] PRUNE: margin=-4.078125, optimistic_rem(widened)=3.421875 → cannot exceed 0.
[ 55.634s] PRUNE: margin=-4.078125, optimistic_rem(widened)=3.421875 → cannot exceed 0.
[ 55.824s] PRUNE: margin=-4.078125, optimistic_rem(widened)=3.312500 → cannot exceed 0.
[ 56.013s] PRUNE: margin=-4.078125, optimistic_rem(widened)=3.312500 → cannot exceed 0.
[ 56.203s] PRUNE: margin=-4.078125, optimistic_rem(widened)=0.000000 → cannot exceed 0.
[ 56.393s] PRUNE: margin=-4.078125, optimistic_rem(widened)=0.000000 → cannot exceed 0.
[ 56.583s] PRUNE: margin=-4.078125, optimistic_rem(widened)=0.000000 → cannot exceed 0.
[ 56.773s] PRUNE: margin=-4.078125, optimistic_rem(widened)=0.000000 → cannot exceed 0.
[ 56.963s] PRUNE: margin=-4.078125, optimistic_rem(widened)=0.000000 → cannot exceed 0.
[ 57.343s] PRUNE: margin=-4.078125, optimistic_rem(widened)=3.421875 → cannot exceed 0.
[ 57.532s] PRUNE: margin=-4.078125, optimistic_rem(widened)=3.312500 → cannot exceed 0.
[ 57.722s] PRUNE: margin=-4.078125, optimistic_rem(widened)=3.312500 → cannot exceed 0.
[ 57.912s] PRUNE: margin=-4.078125, optimistic_rem(widened)=0.000000 → cannot exceed 0.
[ 58.102s] PRUNE: margin=-4.078125, optimistic_rem(widened)=0.000000 → cannot exceed 0.
[ 58.292s] PRUNE: margin=-4.078125, optimistic_rem(widened)=0.000000 → cannot exceed 0.
[ 58.482s] PRUNE: margin=-4.078125, optimistic_rem(widened)=0.000000 → cannot exceed 0.
[ 58.672s] PRUNE: margin=-4.078125, optimistic_rem(widened)=0.000000 → cannot exceed 0.
[ 59.051s] PRUNE: margin=-4.078125, optimistic_rem(widened)=3.312500 → cannot exceed 0.
[ 59.241s] PRUNE: margin=-4.078125, optimistic_rem(widened)=3.312500 → cannot exceed 0.
[ 59.431s] PRUNE: margin=-4.078125, optimistic_rem(widened)=0.000000 → cannot exceed 0.
[ 59.621s] PRUNE: margin=-4.078125, optimistic_rem(widened)=0.000000 → cannot exceed 0.
[ 59.811s] PRUNE: margin=-4.078125, optimistic_rem(widened)=0.000000 → cannot exceed 0.
[ 60.001s] PRUNE: margin=-4.078125, optimistic_rem(widened)=0.000000 → cannot exceed 0.
[ 60.190s] PRUNE: margin=-4.078125, optimistic_rem(widened)=0.000000 → cannot exceed 0.
[ 60.570s] PRUNE: margin=-4.078125, optimistic_rem(widened)=3.312500 → cannot exceed 0.
[ 60.760s] PRUNE: margin=-4.078125, optimistic_rem(widened)=0.000000 → cannot exceed 0.
[ 60.950s] PRUNE: margin=-4.078125, optimistic_rem(widened)=0.000000 → cannot exceed 0.
[ 61.140s] PRUNE: margin=-4.078125, optimistic_rem(widened)=0.000000 → cannot exceed 0.
[ 61.330s] PRUNE: margin=-4.078125, optimistic_rem(widened)=0.000000 → cannot exceed 0.
[ 61.519s] PRUNE: margin=-4.078125, optimistic_rem(widened)=0.000000 → cannot exceed 0.
[ 61.899s] PRUNE: margin=-4.078125, optimistic_rem(widened)=0.000000 → cannot exceed 0.
[ 62.088s] PRUNE: margin=-4.078125, optimistic_rem(widened)=0.000000 → cannot exceed 0.
[ 62.278s] PRUNE: margin=-4.078125, optimistic_rem(widened)=0.000000 → cannot exceed 0.
[ 62.468s] PRUNE: margin=-4.078125, optimistic_rem(widened)=0.000000 → cannot exceed 0.
[ 62.658s] PRUNE: margin=-4.078125, optimistic_rem(widened)=0.000000 → cannot exceed 0.
[ 62.943s] PRUNE: margin=-4.078125, optimistic_rem(widened)=1.125000 → cannot exceed 0.
[ 63.133s] PRUNE: margin=-4.078125, optimistic_rem(widened)=1.125000 → cannot exceed 0.
[ 63.322s] PRUNE: margin=-4.078125, optimistic_rem(widened)=1.125000 → cannot exceed 0.
[ 63.512s] PRUNE: margin=-4.078125, optimistic_rem(widened)=1.125000 → cannot exceed 0.
[ 63.702s] PRUNE: margin=-4.078125, optimistic_rem(widened)=1.125000 → cannot exceed 0.
[ 64.177s] PRUNE: margin=-5.000000, optimistic_rem(widened)=2.500000 → cannot exceed 0.
[ 64.366s] PRUNE: margin=-5.000000, optimistic_rem(widened)=2.500000 → cannot exceed 0.
[ 64.556s] PRUNE: margin=-5.000000, optimistic_rem(widened)=2.500000 → cannot exceed 0.
[ 64.746s] PRUNE: margin=-5.000000, optimistic_rem(widened)=2.500000 → cannot exceed 0.
[ 64.936s] PRUNE: margin=-5.000000, optimistic_rem(widened)=0.000000 → cannot exceed 0.
[ 65.125s] PRUNE: margin=-5.000000, optimistic_rem(widened)=0.000000 → cannot exceed 0.
[ 65.315s] PRUNE: margin=-5.000000, optimistic_rem(widened)=0.000000 → cannot exceed 0.
[ 65.505s] PRUNE: margin=-5.000000, optimistic_rem(widened)=0.000000 → cannot exceed 0.
[ 65.695s] PRUNE: margin=-5.000000, optimistic_rem(widened)=0.000000 → cannot exceed 0.
[ 66.074s] PRUNE: margin=-5.000000, optimistic_rem(widened)=0.000000 → cannot exceed 0.
[ 66.264s] PRUNE: margin=-5.000000, optimistic_rem(widened)=0.000000 → cannot exceed 0.
[ 66.454s] PRUNE: margin=-5.000000, optimistic_rem(widened)=0.000000 → cannot exceed 0.
[ 66.645s] PRUNE: margin=-5.000000, optimistic_rem(widened)=0.000000 → cannot exceed 0.
[ 66.835s] PRUNE: margin=-5.000000, optimistic_rem(widened)=0.000000 → cannot exceed 0.
[ 67.024s] PRUNE: margin=-5.000000, optimistic_rem(widened)=0.000000 → cannot exceed 0.
[ 67.214s] PRUNE: margin=-5.000000, optimistic_rem(widened)=0.000000 → cannot exceed 0.
[ 67.405s] PRUNE: margin=-5.000000, optimistic_rem(widened)=0.000000 → cannot exceed 0.
[ 67.784s] PRUNE: margin=-4.078125, optimistic_rem(widened)=3.312500 → cannot exceed 0.
[ 67.974s] PRUNE: margin=-4.078125, optimistic_rem(widened)=3.312500 → cannot exceed 0.
[ 68.164s] PRUNE: margin=-4.078125, optimistic_rem(widened)=3.312500 → cannot exceed 0.
[ 68.354s] PRUNE: margin=-4.078125, optimistic_rem(widened)=0.000000 → cannot exceed 0.
[ 68.544s] PRUNE: margin=-4.078125, optimistic_rem(widened)=0.000000 → cannot exceed 0.
[ 68.733s] PRUNE: margin=-4.078125, optimistic_rem(widened)=0.000000 → cannot exceed 0.
[ 68.923s] PRUNE: margin=-4.078125, optimistic_rem(widened)=0.000000 → cannot exceed 0.
[ 69.303s] PRUNE: margin=-4.078125, optimistic_rem(widened)=3.312500 → cannot exceed 0.
[ 69.492s] PRUNE: margin=-4.078125, optimistic_rem(widened)=3.312500 → cannot exceed 0.
[ 69.682s] PRUNE: margin=-4.078125, optimistic_rem(widened)=0.000000 → cannot exceed 0.
[ 69.872s] PRUNE: margin=-4.078125, optimistic_rem(widened)=0.000000 → cannot exceed 0.
[ 70.062s] PRUNE: margin=-4.078125, optimistic_rem(widened)=0.000000 → cannot exceed 0.
[ 70.252s] PRUNE: margin=-4.078125, optimistic_rem(widened)=0.000000 → cannot exceed 0.
[ 70.631s] PRUNE: margin=-4.078125, optimistic_rem(widened)=3.312500 → cannot exceed 0.
[ 70.821s] PRUNE: margin=-4.078125, optimistic_rem(widened)=0.000000 → cannot exceed 0.
[ 71.011s] PRUNE: margin=-4.078125, optimistic_rem(widened)=0.000000 → cannot exceed 0.
[ 71.200s] PRUNE: margin=-4.078125, optimistic_rem(widened)=0.000000 → cannot exceed 0.
[ 71.390s] PRUNE: margin=-4.078125, optimistic_rem(widened)=0.000000 → cannot exceed 0.
[ 71.769s] PRUNE: margin=-5.000000, optimistic_rem(widened)=0.000000 → cannot exceed 0.
[ 71.960s] PRUNE: margin=-4.078125, optimistic_rem(widened)=0.000000 → cannot exceed 0.
[ 72.150s] PRUNE: margin=-4.078125, optimistic_rem(widened)=0.000000 → cannot exceed 0.
[ 72.339s] PRUNE: margin=-4.078125, optimistic_rem(widened)=0.000000 → cannot exceed 0.
[ 72.624s] PRUNE: margin=-4.078125, optimistic_rem(widened)=1.281250 → cannot exceed 0.
[ 72.814s] PRUNE: margin=-4.078125, optimistic_rem(widened)=1.281250 → cannot exceed 0.
[ 73.004s] PRUNE: margin=-4.078125, optimistic_rem(widened)=1.281250 → cannot exceed 0.
[ 73.193s] PRUNE: margin=-4.078125, optimistic_rem(widened)=1.281250 → cannot exceed 0.
[ 73.668s] PRUNE: margin=-4.750000, optimistic_rem(widened)=3.390625 → cannot exceed 0.
[ 73.858s] PRUNE: margin=-4.750000, optimistic_rem(widened)=3.390625 → cannot exceed 0.
[ 74.048s] PRUNE: margin=-4.750000, optimistic_rem(widened)=3.390625 → cannot exceed 0.
[ 74.237s] PRUNE: margin=-4.750000, optimistic_rem(widened)=0.000000 → cannot exceed 0.
[ 74.427s] PRUNE: margin=-4.750000, optimistic_rem(widened)=0.000000 → cannot exceed 0.
[ 74.618s] PRUNE: margin=-4.750000, optimistic_rem(widened)=0.000000 → cannot exceed 0.
[ 74.808s] PRUNE: margin=-4.750000, optimistic_rem(widened)=0.000000 → cannot exceed 0.
[ 74.998s] PRUNE: margin=-4.750000, optimistic_rem(widened)=0.000000 → cannot exceed 0.
[ 75.377s] PRUNE: margin=-4.750000, optimistic_rem(widened)=3.390625 → cannot exceed 0.
[ 75.567s] PRUNE: margin=-4.750000, optimistic_rem(widened)=3.390625 → cannot exceed 0.
[ 75.757s] PRUNE: margin=-4.750000, optimistic_rem(widened)=0.000000 → cannot exceed 0.
[ 75.947s] PRUNE: margin=-4.750000, optimistic_rem(widened)=0.000000 → cannot exceed 0.
[ 76.137s] PRUNE: margin=-4.750000, optimistic_rem(widened)=0.000000 → cannot exceed 0.
[ 76.327s] PRUNE: margin=-4.750000, optimistic_rem(widened)=0.000000 → cannot exceed 0.
[ 76.518s] PRUNE: margin=-4.750000, optimistic_rem(widened)=0.000000 → cannot exceed 0.
[ 76.897s] PRUNE: margin=-4.750000, optimistic_rem(widened)=3.390625 → cannot exceed 0.
[ 77.087s] PRUNE: margin=-4.750000, optimistic_rem(widened)=0.000000 → cannot exceed 0.
[ 77.277s] PRUNE: margin=-4.750000, optimistic_rem(widened)=0.000000 → cannot exceed 0.
[ 77.467s] PRUNE: margin=-4.750000, optimistic_rem(widened)=0.000000 → cannot exceed 0.
[ 77.657s] PRUNE: margin=-4.750000, optimistic_rem(widened)=0.000000 → cannot exceed 0.
[ 77.847s] PRUNE: margin=-4.750000, optimistic_rem(widened)=0.000000 → cannot exceed 0.
[ 78.226s] PRUNE: margin=-4.750000, optimistic_rem(widened)=0.000000 → cannot exceed 0.
[ 78.416s] PRUNE: margin=-4.750000, optimistic_rem(widened)=0.000000 → cannot exceed 0.
[ 78.606s] PRUNE: margin=-4.750000, optimistic_rem(widened)=0.000000 → cannot exceed 0.
[ 78.796s] PRUNE: margin=-4.750000, optimistic_rem(widened)=0.000000 → cannot exceed 0.
[ 78.986s] PRUNE: margin=-4.750000, optimistic_rem(widened)=0.000000 → cannot exceed 0.
[ 79.271s] PRUNE: margin=-4.750000, optimistic_rem(widened)=1.875000 → cannot exceed 0.
[ 79.461s] PRUNE: margin=-4.750000, optimistic_rem(widened)=1.875000 → cannot exceed 0.
[ 79.651s] PRUNE: margin=-4.750000, optimistic_rem(widened)=1.875000 → cannot exceed 0.
[ 79.841s] PRUNE: margin=-4.750000, optimistic_rem(widened)=1.875000 → cannot exceed 0.
[ 80.030s] PRUNE: margin=-4.750000, optimistic_rem(widened)=1.875000 → cannot exceed 0.
[ 80.505s] PRUNE: margin=-4.750000, optimistic_rem(widened)=3.390625 → cannot exceed 0.
[ 80.695s] PRUNE: margin=-4.750000, optimistic_rem(widened)=3.390625 → cannot exceed 0.
[ 80.884s] PRUNE: margin=-4.750000, optimistic_rem(widened)=0.000000 → cannot exceed 0.
[ 81.074s] PRUNE: margin=-4.750000, optimistic_rem(widened)=0.000000 → cannot exceed 0.
[ 81.264s] PRUNE: margin=-4.750000, optimistic_rem(widened)=0.000000 → cannot exceed 0.
[ 81.454s] PRUNE: margin=-4.750000, optimistic_rem(widened)=0.000000 → cannot exceed 0.
[ 81.644s] PRUNE: margin=-4.750000, optimistic_rem(widened)=0.000000 → cannot exceed 0.
[ 82.024s] PRUNE: margin=-4.750000, optimistic_rem(widened)=3.390625 → cannot exceed 0.
[ 82.214s] PRUNE: margin=-4.750000, optimistic_rem(widened)=0.000000 → cannot exceed 0.
[ 82.404s] PRUNE: margin=-4.750000, optimistic_rem(widened)=0.000000 → cannot exceed 0.
[ 82.594s] PRUNE: margin=-4.750000, optimistic_rem(widened)=0.000000 → cannot exceed 0.
[ 82.784s] PRUNE: margin=-4.750000, optimistic_rem(widened)=0.000000 → cannot exceed 0.
[ 82.974s] PRUNE: margin=-4.750000, optimistic_rem(widened)=0.000000 → cannot exceed 0.
[ 83.353s] PRUNE: margin=-4.750000, optimistic_rem(widened)=0.000000 → cannot exceed 0.
[ 83.543s] PRUNE: margin=-4.750000, optimistic_rem(widened)=0.000000 → cannot exceed 0.
[ 83.733s] PRUNE: margin=-4.750000, optimistic_rem(widened)=0.000000 → cannot exceed 0.
[ 83.923s] PRUNE: margin=-4.750000, optimistic_rem(widened)=0.000000 → cannot exceed 0.
[ 84.113s] PRUNE: margin=-4.750000, optimistic_rem(widened)=0.000000 → cannot exceed 0.
[ 84.398s] PRUNE: margin=-4.750000, optimistic_rem(widened)=1.875000 → cannot exceed 0.
[ 84.587s] PRUNE: margin=-4.750000, optimistic_rem(widened)=1.875000 → cannot exceed 0.
[ 84.777s] PRUNE: margin=-4.750000, optimistic_rem(widened)=1.875000 → cannot exceed 0.
[ 84.967s] PRUNE: margin=-4.750000, optimistic_rem(widened)=1.875000 → cannot exceed 0.
[ 85.157s] PRUNE: margin=-4.750000, optimistic_rem(widened)=1.875000 → cannot exceed 0.
[ 85.632s] PRUNE: margin=-4.078125, optimistic_rem(widened)=3.515625 → cannot exceed 0.
[ 85.822s] PRUNE: margin=-4.750000, optimistic_rem(widened)=0.000000 → cannot exceed 0.
[ 86.011s] PRUNE: margin=-4.750000, optimistic_rem(widened)=0.000000 → cannot exceed 0.
[ 86.201s] PRUNE: margin=-4.750000, optimistic_rem(widened)=0.000000 → cannot exceed 0.
[ 86.391s] PRUNE: margin=-4.750000, optimistic_rem(widened)=0.000000 → cannot exceed 0.
[ 86.581s] PRUNE: margin=-4.750000, optimistic_rem(widened)=0.000000 → cannot exceed 0.
[ 86.961s] PRUNE: margin=-4.750000, optimistic_rem(widened)=0.000000 → cannot exceed 0.
[ 87.151s] PRUNE: margin=-4.750000, optimistic_rem(widened)=0.000000 → cannot exceed 0.
[ 87.341s] PRUNE: margin=-4.750000, optimistic_rem(widened)=0.000000 → cannot exceed 0.
[ 87.531s] PRUNE: margin=-4.750000, optimistic_rem(widened)=0.000000 → cannot exceed 0.
[ 87.721s] PRUNE: margin=-4.750000, optimistic_rem(widened)=0.000000 → cannot exceed 0.
[ 88.005s] PRUNE: margin=-4.750000, optimistic_rem(widened)=1.875000 → cannot exceed 0.
[ 88.196s] PRUNE: margin=-4.750000, optimistic_rem(widened)=1.875000 → cannot exceed 0.
[ 88.386s] PRUNE: margin=-4.750000, optimistic_rem(widened)=1.875000 → cannot exceed 0.
[ 88.575s] PRUNE: margin=-4.750000, optimistic_rem(widened)=1.875000 → cannot exceed 0.
[ 88.765s] PRUNE: margin=-4.750000, optimistic_rem(widened)=1.875000 → cannot exceed 0.
[ 89.240s] PRUNE: margin=-4.750000, optimistic_rem(widened)=0.000000 → cannot exceed 0.
[ 89.430s] PRUNE: margin=-4.750000, optimistic_rem(widened)=0.000000 → cannot exceed 0.
[ 89.620s] PRUNE: margin=-4.750000, optimistic_rem(widened)=0.000000 → cannot exceed 0.
[ 89.810s] PRUNE: margin=-4.750000, optimistic_rem(widened)=0.000000 → cannot exceed 0.
[ 89.999s] PRUNE: margin=-4.750000, optimistic_rem(widened)=0.000000 → cannot exceed 0.
[ 90.284s] PRUNE: margin=-4.750000, optimistic_rem(widened)=1.875000 → cannot exceed 0.
[ 90.474s] PRUNE: margin=-4.750000, optimistic_rem(widened)=1.875000 → cannot exceed 0.
[ 90.664s] PRUNE: margin=-4.750000, optimistic_rem(widened)=1.875000 → cannot exceed 0.
[ 90.854s] PRUNE: margin=-4.750000, optimistic_rem(widened)=1.875000 → cannot exceed 0.
[ 91.044s] PRUNE: margin=-4.750000, optimistic_rem(widened)=1.875000 → cannot exceed 0.
[ 91.423s] PRUNE: margin=-4.750000, optimistic_rem(widened)=1.875000 → cannot exceed 0.
[ 91.613s] PRUNE: margin=-4.750000, optimistic_rem(widened)=1.875000 → cannot exceed 0.
[ 91.802s] PRUNE: margin=-4.750000, optimistic_rem(widened)=1.875000 → cannot exceed 0.
[ 91.992s] PRUNE: margin=-4.750000, optimistic_rem(widened)=1.875000 → cannot exceed 0.
[ 92.182s] PRUNE: margin=-4.750000, optimistic_rem(widened)=1.875000 → cannot exceed 0.
[ 92.468s] PRUNE: margin=-4.750000, optimistic_rem(widened)=3.750000 → cannot exceed 0.
[ 92.657s] PRUNE: margin=-4.750000, optimistic_rem(widened)=3.750000 → cannot exceed 0.
[ 92.847s] PRUNE: margin=-4.750000, optimistic_rem(widened)=3.750000 → cannot exceed 0.
[ 93.037s] PRUNE: margin=-4.750000, optimistic_rem(widened)=3.750000 → cannot exceed 0.
[ 93.227s] PRUNE: margin=-4.750000, optimistic_rem(widened)=3.750000 → cannot exceed 0.
[ 93.701s] PRUNE: margin=-4.937500, optimistic_rem(widened)=1.625000 → cannot exceed 0.
[ 93.891s] PRUNE: margin=-4.937500, optimistic_rem(widened)=1.250000 → cannot exceed 0.
[ 94.081s] PRUNE: margin=-5.312500, optimistic_rem(widened)=1.437500 → cannot exceed 0.
[ 94.271s] PRUNE: margin=-5.312500, optimistic_rem(widened)=1.437500 → cannot exceed 0.
[ 94.461s] PRUNE: margin=-5.312500, optimistic_rem(widened)=1.781250 → cannot exceed 0.
[ 94.683s] PRUNE: margin=-4.750000, optimistic_rem(widened)=3.593750 → cannot exceed 0.
[ 94.806s] PRUNE: margin=-4.750000, optimistic_rem(widened)=3.500000 → cannot exceed 0.
[ 94.929s] PRUNE: margin=-4.750000, optimistic_rem(widened)=3.390625 → cannot exceed 0.
[ 95.055s] PRUNE: margin=-4.750000, optimistic_rem(widened)=3.390625 → cannot exceed 0.
[ 95.184s] PRUNE: margin=-4.750000, optimistic_rem(widened)=0.000000 → cannot exceed 0.
[ 95.304s] PRUNE: margin=-4.750000, optimistic_rem(widened)=0.000000 → cannot exceed 0.
[ 95.426s] PRUNE: margin=-4.750000, optimistic_rem(widened)=0.000000 → cannot exceed 0.
[ 95.678s] PRUNE: margin=-4.750000, optimistic_rem(widened)=3.500000 → cannot exceed 0.
[ 95.800s] PRUNE: margin=-4.750000, optimistic_rem(widened)=3.390625 → cannot exceed 0.
[ 95.921s] PRUNE: margin=-4.750000, optimistic_rem(widened)=3.390625 → cannot exceed 0.
[ 96.044s] PRUNE: margin=-4.750000, optimistic_rem(widened)=0.000000 → cannot exceed 0.
[ 96.170s] PRUNE: margin=-4.750000, optimistic_rem(widened)=0.000000 → cannot exceed 0.
[ 96.292s] PRUNE: margin=-4.750000, optimistic_rem(widened)=0.000000 → cannot exceed 0.
[ 96.538s] PRUNE: margin=-4.750000, optimistic_rem(widened)=3.390625 → cannot exceed 0.
[ 96.658s] PRUNE: margin=-4.750000, optimistic_rem(widened)=3.390625 → cannot exceed 0.
[ 96.782s] PRUNE: margin=-4.750000, optimistic_rem(widened)=0.000000 → cannot exceed 0.
[ 96.915s] PRUNE: margin=-4.750000, optimistic_rem(widened)=0.000000 → cannot exceed 0.
[ 97.059s] PRUNE: margin=-4.750000, optimistic_rem(widened)=0.000000 → cannot exceed 0.
[ 97.350s] PRUNE: margin=-4.750000, optimistic_rem(widened)=3.390625 → cannot exceed 0.
[ 97.500s] PRUNE: margin=-4.750000, optimistic_rem(widened)=0.000000 → cannot exceed 0.
[ 97.646s] PRUNE: margin=-4.750000, optimistic_rem(widened)=0.000000 → cannot exceed 0.
[ 97.792s] PRUNE: margin=-4.750000, optimistic_rem(widened)=0.000000 → cannot exceed 0.
[ 98.043s] PRUNE: margin=-4.750000, optimistic_rem(widened)=0.000000 → cannot exceed 0.
[ 98.185s] PRUNE: margin=-4.750000, optimistic_rem(widened)=0.000000 → cannot exceed 0.
[ 98.315s] PRUNE: margin=-4.750000, optimistic_rem(widened)=0.000000 → cannot exceed 0.
[ 98.525s] PRUNE: margin=-4.750000, optimistic_rem(widened)=1.875000 → cannot exceed 0.
[ 98.654s] PRUNE: margin=-4.750000, optimistic_rem(widened)=1.875000 → cannot exceed 0.
[ 98.789s] PRUNE: margin=-4.750000, optimistic_rem(widened)=1.875000 → cannot exceed 0.
[ 99.050s] PRUNE: margin=-4.937500, optimistic_rem(widened)=1.250000 → cannot exceed 0.
[ 99.183s] PRUNE: margin=-4.937500, optimistic_rem(widened)=1.250000 → cannot exceed 0.
[ 99.318s] PRUNE: margin=-4.937500, optimistic_rem(widened)=1.312500 → cannot exceed 0.
[ 99.446s] PRUNE: margin=-4.937500, optimistic_rem(widened)=1.312500 → cannot exceed 0.
[ 99.573s] PRUNE: margin=-5.312500, optimistic_rem(widened)=1.781250 → cannot exceed 0.
[ 99.767s] PRUNE: margin=-4.750000, optimistic_rem(widened)=3.500000 → cannot exceed 0.
[ 99.908s] PRUNE: margin=-4.750000, optimistic_rem(widened)=3.390625 → cannot exceed 0.
[100.036s] PRUNE: margin=-4.750000, optimistic_rem(widened)=3.390625 → cannot exceed 0.
[100.170s] PRUNE: margin=-4.750000, optimistic_rem(widened)=0.000000 → cannot exceed 0.
[100.306s] PRUNE: margin=-4.750000, optimistic_rem(widened)=0.000000 → cannot exceed 0.
[100.439s] PRUNE: margin=-4.750000, optimistic_rem(widened)=0.000000 → cannot exceed 0.
[100.705s] PRUNE: margin=-4.750000, optimistic_rem(widened)=3.390625 → cannot exceed 0.
[100.835s] PRUNE: margin=-4.750000, optimistic_rem(widened)=3.390625 → cannot exceed 0.
[100.964s] PRUNE: margin=-4.750000, optimistic_rem(widened)=0.000000 → cannot exceed 0.
[101.092s] PRUNE: margin=-4.750000, optimistic_rem(widened)=0.000000 → cannot exceed 0.
[101.221s] PRUNE: margin=-4.750000, optimistic_rem(widened)=0.000000 → cannot exceed 0.
[101.492s] PRUNE: margin=-4.750000, optimistic_rem(widened)=3.390625 → cannot exceed 0.
[101.642s] PRUNE: margin=-4.750000, optimistic_rem(widened)=0.000000 → cannot exceed 0.
[101.793s] PRUNE: margin=-4.750000, optimistic_rem(widened)=0.000000 → cannot exceed 0.
[101.976s] PRUNE: margin=-4.750000, optimistic_rem(widened)=0.000000 → cannot exceed 0.
[102.339s] PRUNE: margin=-4.750000, optimistic_rem(widened)=0.000000 → cannot exceed 0.
[102.507s] PRUNE: margin=-4.750000, optimistic_rem(widened)=0.000000 → cannot exceed 0.
[102.644s] PRUNE: margin=-4.750000, optimistic_rem(widened)=0.000000 → cannot exceed 0.
[102.835s] PRUNE: margin=-4.750000, optimistic_rem(widened)=1.875000 → cannot exceed 0.
[102.961s] PRUNE: margin=-4.750000, optimistic_rem(widened)=1.875000 → cannot exceed 0.
[103.086s] PRUNE: margin=-4.750000, optimistic_rem(widened)=1.875000 → cannot exceed 0.
[103.354s] PRUNE: margin=-4.937500, optimistic_rem(widened)=1.250000 → cannot exceed 0.
[103.490s] PRUNE: margin=-4.937500, optimistic_rem(widened)=1.250000 → cannot exceed 0.
[103.634s] PRUNE: margin=-4.937500, optimistic_rem(widened)=1.359375 → cannot exceed 0.
[103.769s] PRUNE: margin=-4.937500, optimistic_rem(widened)=1.421875 → cannot exceed 0.
[103.901s] PRUNE: margin=-4.937500, optimistic_rem(widened)=1.656250 → cannot exceed 0.
[104.106s] PRUNE: margin=-4.750000, optimistic_rem(widened)=3.390625 → cannot exceed 0.
[104.249s] PRUNE: margin=-4.750000, optimistic_rem(widened)=3.390625 → cannot exceed 0.
[104.404s] PRUNE: margin=-4.750000, optimistic_rem(widened)=0.000000 → cannot exceed 0.
[104.551s] PRUNE: margin=-4.750000, optimistic_rem(widened)=0.000000 → cannot exceed 0.
[104.690s] PRUNE: margin=-4.750000, optimistic_rem(widened)=0.000000 → cannot exceed 0.
[104.969s] PRUNE: margin=-4.750000, optimistic_rem(widened)=3.390625 → cannot exceed 0.
[105.107s] PRUNE: margin=-4.750000, optimistic_rem(widened)=0.000000 → cannot exceed 0.
[105.231s] PRUNE: margin=-4.750000, optimistic_rem(widened)=0.000000 → cannot exceed 0.
[105.353s] PRUNE: margin=-4.750000, optimistic_rem(widened)=0.000000 → cannot exceed 0.
[105.597s] PRUNE: margin=-4.750000, optimistic_rem(widened)=0.000000 → cannot exceed 0.
[105.719s] PRUNE: margin=-4.750000, optimistic_rem(widened)=0.000000 → cannot exceed 0.
[105.840s] PRUNE: margin=-4.750000, optimistic_rem(widened)=0.000000 → cannot exceed 0.
[106.026s] PRUNE: margin=-4.750000, optimistic_rem(widened)=1.875000 → cannot exceed 0.
[106.153s] PRUNE: margin=-4.750000, optimistic_rem(widened)=1.875000 → cannot exceed 0.
[106.277s] PRUNE: margin=-4.750000, optimistic_rem(widened)=1.875000 → cannot exceed 0.
[106.530s] PRUNE: margin=-4.937500, optimistic_rem(widened)=1.250000 → cannot exceed 0.
[106.669s] PRUNE: margin=-4.937500, optimistic_rem(widened)=1.359375 → cannot exceed 0.
[106.799s] PRUNE: margin=-4.937500, optimistic_rem(widened)=1.421875 → cannot exceed 0.
[106.992s] PRUNE: margin=-5.234375, optimistic_rem(widened)=0.000000 → cannot exceed 0.
[107.122s] PRUNE: margin=-5.234375, optimistic_rem(widened)=0.000000 → cannot exceed 0.
[107.279s] PRUNE: margin=-5.234375, optimistic_rem(widened)=0.000000 → cannot exceed 0.
[107.413s] PRUNE: margin=-5.234375, optimistic_rem(widened)=0.000000 → cannot exceed 0.
[107.549s] PRUNE: margin=-5.234375, optimistic_rem(widened)=0.000000 → cannot exceed 0.
[107.688s] PRUNE: margin=-5.234375, optimistic_rem(widened)=0.000000 → cannot exceed 0.
[107.959s] PRUNE: margin=-4.750000, optimistic_rem(widened)=3.390625 → cannot exceed 0.
[108.096s] PRUNE: margin=-4.750000, optimistic_rem(widened)=0.000000 → cannot exceed 0.
[108.223s] PRUNE: margin=-4.750000, optimistic_rem(widened)=0.000000 → cannot exceed 0.
[108.365s] PRUNE: margin=-4.750000, optimistic_rem(widened)=0.000000 → cannot exceed 0.
[108.500s] PRUNE: margin=-4.750000, optimistic_rem(widened)=0.000000 → cannot exceed 0.
[108.775s] PRUNE: margin=-4.750000, optimistic_rem(widened)=0.000000 → cannot exceed 0.
[108.909s] PRUNE: margin=-4.750000, optimistic_rem(widened)=0.000000 → cannot exceed 0.
[109.071s] PRUNE: margin=-4.750000, optimistic_rem(widened)=0.000000 → cannot exceed 0.
[109.229s] PRUNE: margin=-4.750000, optimistic_rem(widened)=0.000000 → cannot exceed 0.
[109.428s] PRUNE: margin=-4.750000, optimistic_rem(widened)=1.875000 → cannot exceed 0.
[109.554s] PRUNE: margin=-4.750000, optimistic_rem(widened)=1.875000 → cannot exceed 0.
[109.729s] PRUNE: margin=-4.750000, optimistic_rem(widened)=1.875000 → cannot exceed 0.
[109.933s] PRUNE: margin=-4.750000, optimistic_rem(widened)=1.875000 → cannot exceed 0.
[110.304s] PRUNE: margin=-4.937500, optimistic_rem(widened)=0.000000 → cannot exceed 0.
[110.435s] PRUNE: margin=-4.937500, optimistic_rem(widened)=0.000000 → cannot exceed 0.
[110.574s] PRUNE: margin=-5.312500, optimistic_rem(widened)=0.000000 → cannot exceed 0.
[110.717s] PRUNE: margin=-5.312500, optimistic_rem(widened)=0.000000 → cannot exceed 0.
[110.847s] PRUNE: margin=-5.312500, optimistic_rem(widened)=0.000000 → cannot exceed 0.
[110.984s] PRUNE: margin=-4.750000, optimistic_rem(widened)=0.000000 → cannot exceed 0.
[111.114s] PRUNE: margin=-4.750000, optimistic_rem(widened)=0.000000 → cannot exceed 0.
[111.249s] PRUNE: margin=-4.750000, optimistic_rem(widened)=0.000000 → cannot exceed 0.
[111.444s] PRUNE: margin=-5.250000, optimistic_rem(widened)=1.375000 → cannot exceed 0.
[111.576s] PRUNE: margin=-5.250000, optimistic_rem(widened)=1.375000 → cannot exceed 0.
[111.709s] PRUNE: margin=-5.250000, optimistic_rem(widened)=1.375000 → cannot exceed 0.
[111.838s] PRUNE: margin=-5.312500, optimistic_rem(widened)=1.875000 → cannot exceed 0.
[111.973s] PRUNE: margin=-5.312500, optimistic_rem(widened)=1.375000 → cannot exceed 0.
[112.107s] PRUNE: margin=-5.312500, optimistic_rem(widened)=1.437500 → cannot exceed 0.
[112.273s] PRUNE: margin=-5.312500, optimistic_rem(widened)=1.437500 → cannot exceed 0.
[112.474s] PRUNE: margin=-5.312500, optimistic_rem(widened)=1.781250 → cannot exceed 0.
[112.876s] PRUNE: margin=-5.250000, optimistic_rem(widened)=1.375000 → cannot exceed 0.
[113.077s] PRUNE: margin=-5.250000, optimistic_rem(widened)=1.375000 → cannot exceed 0.
[113.278s] PRUNE: margin=-5.250000, optimistic_rem(widened)=1.375000 → cannot exceed 0.
[113.479s] PRUNE: margin=-5.312500, optimistic_rem(widened)=1.875000 → cannot exceed 0.
[113.679s] PRUNE: margin=-5.312500, optimistic_rem(widened)=1.375000 → cannot exceed 0.
[113.881s] PRUNE: margin=-5.312500, optimistic_rem(widened)=1.437500 → cannot exceed 0.
[114.082s] PRUNE: margin=-5.312500, optimistic_rem(widened)=1.437500 → cannot exceed 0.
[114.283s] PRUNE: margin=-5.312500, optimistic_rem(widened)=1.781250 → cannot exceed 0.
[114.584s] PRUNE: margin=-5.250000, optimistic_rem(widened)=1.875000 → cannot exceed 0.
[114.785s] PRUNE: margin=-5.250000, optimistic_rem(widened)=1.875000 → cannot exceed 0.
[114.986s] PRUNE: margin=-5.312500, optimistic_rem(widened)=2.750000 → cannot exceed 0.
[115.186s] PRUNE: margin=-5.312500, optimistic_rem(widened)=2.750000 → cannot exceed 0.
[115.387s] PRUNE: margin=-5.312500, optimistic_rem(widened)=1.875000 → cannot exceed 0.
[115.588s] PRUNE: margin=-5.312500, optimistic_rem(widened)=1.937500 → cannot exceed 0.
[115.788s] PRUNE: margin=-5.312500, optimistic_rem(widened)=2.187500 → cannot exceed 0.
[115.927s] PRUNE: margin=-5.312500, optimistic_rem(widened)=2.921875 → cannot exceed 0.
[116.105s] PRUNE: margin=-5.312500, optimistic_rem(widened)=4.875000 → cannot exceed 0.
[116.243s] PRUNE: margin=-5.312500, optimistic_rem(widened)=4.875000 → cannot exceed 0.
[116.372s] PRUNE: margin=-5.312500, optimistic_rem(widened)=5.250000 → cannot exceed 0.
[116.498s] PRUNE: margin=-5.312500, optimistic_rem(widened)=5.250000 → cannot exceed 0.
[116.791s] PRUNE: margin=-5.312500, optimistic_rem(widened)=1.875000 → cannot exceed 0.
[116.939s] PRUNE: margin=-5.312500, optimistic_rem(widened)=1.875000 → cannot exceed 0.
[117.081s] PRUNE: margin=-5.312500, optimistic_rem(widened)=1.875000 → cannot exceed 0.
[117.226s] PRUNE: margin=-5.312500, optimistic_rem(widened)=1.875000 → cannot exceed 0.
[117.361s] PRUNE: margin=-5.312500, optimistic_rem(widened)=1.875000 → cannot exceed 0.
[117.489s] PRUNE: margin=-5.312500, optimistic_rem(widened)=1.250000 → cannot exceed 0.
[117.620s] PRUNE: margin=-5.312500, optimistic_rem(widened)=1.437500 → cannot exceed 0.
[117.752s] PRUNE: margin=-5.312500, optimistic_rem(widened)=1.781250 → cannot exceed 0.
[117.950s] PRUNE: margin=-5.312500, optimistic_rem(widened)=1.750000 → cannot exceed 0.
[118.078s] PRUNE: margin=-5.312500, optimistic_rem(widened)=1.750000 → cannot exceed 0.
[118.206s] PRUNE: margin=-5.312500, optimistic_rem(widened)=1.750000 → cannot exceed 0.
[118.347s] PRUNE: margin=-5.312500, optimistic_rem(widened)=1.250000 → cannot exceed 0.
[118.475s] PRUNE: margin=-5.312500, optimistic_rem(widened)=1.250000 → cannot exceed 0.
[118.602s] PRUNE: margin=-5.312500, optimistic_rem(widened)=0.750000 → cannot exceed 0.
[118.737s] PRUNE: margin=-5.312500, optimistic_rem(widened)=2.625000 → cannot exceed 0.
[118.875s] PRUNE: margin=-5.312500, optimistic_rem(widened)=3.390625 → cannot exceed 0.
[119.151s] PRUNE: margin=-5.312500, optimistic_rem(widened)=2.750000 → cannot exceed 0.
[119.281s] PRUNE: margin=-5.312500, optimistic_rem(widened)=2.750000 → cannot exceed 0.
[119.409s] PRUNE: margin=-5.312500, optimistic_rem(widened)=2.750000 → cannot exceed 0.
[119.543s] PRUNE: margin=-5.312500, optimistic_rem(widened)=2.750000 → cannot exceed 0.
[119.670s] PRUNE: margin=-5.312500, optimistic_rem(widened)=2.250000 → cannot exceed 0.
[119.798s] PRUNE: margin=-5.312500, optimistic_rem(widened)=1.625000 → cannot exceed 0.
[119.931s] PRUNE: margin=-5.312500, optimistic_rem(widened)=3.687500 → cannot exceed 0.
[120.065s] PRUNE: margin=-5.312500, optimistic_rem(widened)=3.734375 → cannot exceed 0.
[120.257s] PRUNE: margin=-5.312500, optimistic_rem(widened)=3.750000 → cannot exceed 0.
[120.390s] PRUNE: margin=-5.312500, optimistic_rem(widened)=3.750000 → cannot exceed 0.
[120.516s] PRUNE: margin=-5.312500, optimistic_rem(widened)=3.750000 → cannot exceed 0.
[120.650s] PRUNE: margin=-5.312500, optimistic_rem(widened)=3.750000 → cannot exceed 0.
[120.790s] PRUNE: margin=-5.312500, optimistic_rem(widened)=3.750000 → cannot exceed 0.
[120.923s] PRUNE: margin=-5.312500, optimistic_rem(widened)=3.812500 → cannot exceed 0.
[121.425s] No counterexample within budgets (BaB): no misclassification found.
STATUS: No counterexample | best_upper_margin=7.640625 | elapsed=121.425s | pixels_changed=0 | total_bit_flips=0 | avg_hamming_per_pixel=0.000000 | patch_rows=9-15 | patch_cols=14-24 | note=no_counterexample_within_budgets
