[  0.000s] init: idx=8093 kmax=2 bmax=4 topx=2 widen=1.000 rank_fast=off
clean logits (hex):  0x83  0x8f  0x8a  0xa0  0x6c  0xf0  0x88  0x90  0x64  0x71
clean logits (bits): 10000011 10001111 10001010 10100000 01101100 11110000 10001000 10010000 01100100 01110001
clean logits (double): -24.000000 -4.500000 -7.000000 -2.000000 +3.500000 -0.250000 -8.000000 -4.000000 +2.500000 +4.500000
[  0.009s] clean prediction: 9 (true label 9)
[ 33.323s] selection: nSym=2 (from 784), topx=2, rank_fast=off
[ 33.323s] active patch: rows 13-26, cols 12-16 (derived from symPix)
[ 33.659s] Proceeding to BaB (greedy enabled).
[ 33.659s] Skipping root bound check (--no-root-bound).
[ 33.659s] BaB search starting (K≤2, B≤4, nSym=2, depth_limit=500000000, widen=1.00)...
[ 34.019s] PRUNE: margin=-4.000000, optimistic_rem(widened)=0.000000 → cannot exceed 0.
[ 34.134s] PRUNE: margin=-4.000000, optimistic_rem(widened)=0.000000 → cannot exceed 0.
[ 34.251s] PRUNE: margin=-4.000000, optimistic_rem(widened)=0.000000 → cannot exceed 0.
[ 34.367s] PRUNE: margin=-4.000000, optimistic_rem(widened)=0.000000 → cannot exceed 0.
[ 34.490s] PRUNE: margin=-4.000000, optimistic_rem(widened)=0.000000 → cannot exceed 0.
[ 34.608s] PRUNE: margin=-4.000000, optimistic_rem(widened)=0.000000 → cannot exceed 0.
[ 34.727s] PRUNE: margin=-4.000000, optimistic_rem(widened)=0.000000 → cannot exceed 0.
[ 34.864s] PRUNE: margin=-4.000000, optimistic_rem(widened)=0.000000 → cannot exceed 0.
[ 35.006s] PRUNE: margin=-4.000000, optimistic_rem(widened)=0.000000 → cannot exceed 0.
[ 35.136s] PRUNE: margin=-4.000000, optimistic_rem(widened)=0.000000 → cannot exceed 0.
[ 35.266s] PRUNE: margin=-4.000000, optimistic_rem(widened)=0.000000 → cannot exceed 0.
[ 35.402s] PRUNE: margin=-4.000000, optimistic_rem(widened)=0.000000 → cannot exceed 0.
[ 35.558s] PRUNE: margin=-4.000000, optimistic_rem(widened)=0.000000 → cannot exceed 0.
[ 35.762s] PRUNE: margin=-4.000000, optimistic_rem(widened)=0.937500 → cannot exceed 0.
[ 35.927s] PRUNE: margin=-4.000000, optimistic_rem(widened)=0.625000 → cannot exceed 0.
[ 36.120s] PRUNE: margin=-4.000000, optimistic_rem(widened)=0.000000 → cannot exceed 0.
[ 36.257s] PRUNE: margin=-4.000000, optimistic_rem(widened)=0.000000 → cannot exceed 0.
[ 36.391s] PRUNE: margin=-4.000000, optimistic_rem(widened)=0.000000 → cannot exceed 0.
[ 36.530s] PRUNE: margin=-4.000000, optimistic_rem(widened)=0.000000 → cannot exceed 0.
[ 36.687s] PRUNE: margin=-4.000000, optimistic_rem(widened)=0.000000 → cannot exceed 0.
[ 36.870s] PRUNE: margin=-4.000000, optimistic_rem(widened)=0.000000 → cannot exceed 0.
[ 36.995s] PRUNE: margin=-4.000000, optimistic_rem(widened)=0.000000 → cannot exceed 0.
[ 37.124s] PRUNE: margin=-4.000000, optimistic_rem(widened)=0.000000 → cannot exceed 0.
[ 37.253s] PRUNE: margin=-4.000000, optimistic_rem(widened)=0.000000 → cannot exceed 0.
[ 37.380s] PRUNE: margin=-4.000000, optimistic_rem(widened)=0.000000 → cannot exceed 0.
[ 37.631s] PRUNE: margin=-4.000000, optimistic_rem(widened)=0.000000 → cannot exceed 0.
[ 37.766s] PRUNE: margin=-4.000000, optimistic_rem(widened)=0.000000 → cannot exceed 0.
[ 37.901s] PRUNE: margin=-4.000000, optimistic_rem(widened)=0.000000 → cannot exceed 0.
[ 38.029s] PRUNE: margin=-4.000000, optimistic_rem(widened)=0.000000 → cannot exceed 0.
[ 38.164s] PRUNE: margin=-4.000000, optimistic_rem(widened)=0.000000 → cannot exceed 0.
[ 38.293s] PRUNE: margin=-4.000000, optimistic_rem(widened)=0.000000 → cannot exceed 0.
[ 38.419s] PRUNE: margin=-4.000000, optimistic_rem(widened)=0.000000 → cannot exceed 0.
[ 38.544s] PRUNE: margin=-4.000000, optimistic_rem(widened)=0.000000 → cannot exceed 0.
[ 38.682s] PRUNE: margin=-4.000000, optimistic_rem(widened)=0.000000 → cannot exceed 0.
[ 38.928s] PRUNE: margin=-4.000000, optimistic_rem(widened)=0.000000 → cannot exceed 0.
[ 39.045s] PRUNE: margin=-4.000000, optimistic_rem(widened)=0.000000 → cannot exceed 0.
[ 39.162s] PRUNE: margin=-4.000000, optimistic_rem(widened)=0.000000 → cannot exceed 0.
[ 39.283s] PRUNE: margin=-4.000000, optimistic_rem(widened)=0.000000 → cannot exceed 0.
[ 39.401s] PRUNE: margin=-4.000000, optimistic_rem(widened)=0.000000 → cannot exceed 0.
[ 39.521s] PRUNE: margin=-4.000000, optimistic_rem(widened)=0.000000 → cannot exceed 0.
[ 39.652s] PRUNE: margin=-4.000000, optimistic_rem(widened)=0.000000 → cannot exceed 0.
[ 39.792s] PRUNE: margin=-4.000000, optimistic_rem(widened)=0.000000 → cannot exceed 0.
[ 40.069s] PRUNE: margin=-4.000000, optimistic_rem(widened)=0.000000 → cannot exceed 0.
[ 40.185s] PRUNE: margin=-4.000000, optimistic_rem(widened)=0.000000 → cannot exceed 0.
[ 40.305s] PRUNE: margin=-4.000000, optimistic_rem(widened)=0.000000 → cannot exceed 0.
[ 40.421s] PRUNE: margin=-4.000000, optimistic_rem(widened)=0.000000 → cannot exceed 0.
[ 40.537s] PRUNE: margin=-4.000000, optimistic_rem(widened)=0.000000 → cannot exceed 0.
[ 40.667s] PRUNE: margin=-4.000000, optimistic_rem(widened)=0.000000 → cannot exceed 0.
[ 40.792s] PRUNE: margin=-4.000000, optimistic_rem(widened)=0.000000 → cannot exceed 0.
[ 41.024s] PRUNE: margin=-4.000000, optimistic_rem(widened)=0.000000 → cannot exceed 0.
[ 41.140s] PRUNE: margin=-4.000000, optimistic_rem(widened)=0.000000 → cannot exceed 0.
[ 41.260s] PRUNE: margin=-4.000000, optimistic_rem(widened)=0.000000 → cannot exceed 0.
[ 41.391s] PRUNE: margin=-4.000000, optimistic_rem(widened)=0.000000 → cannot exceed 0.
[ 41.509s] PRUNE: margin=-4.000000, optimistic_rem(widened)=0.000000 → cannot exceed 0.
[ 41.627s] PRUNE: margin=-4.000000, optimistic_rem(widened)=0.000000 → cannot exceed 0.
[ 41.943s] PRUNE: margin=-4.000000, optimistic_rem(widened)=0.000000 → cannot exceed 0.
[ 42.139s] PRUNE: margin=-4.000000, optimistic_rem(widened)=0.000000 → cannot exceed 0.
[ 42.322s] PRUNE: margin=-4.000000, optimistic_rem(widened)=0.000000 → cannot exceed 0.
[ 42.475s] PRUNE: margin=-4.000000, optimistic_rem(widened)=0.000000 → cannot exceed 0.
[ 42.644s] PRUNE: margin=-4.000000, optimistic_rem(widened)=0.000000 → cannot exceed 0.
[ 43.035s] PRUNE: margin=-4.000000, optimistic_rem(widened)=0.000000 → cannot exceed 0.
[ 43.231s] PRUNE: margin=-4.000000, optimistic_rem(widened)=0.000000 → cannot exceed 0.
[ 43.426s] PRUNE: margin=-4.000000, optimistic_rem(widened)=0.000000 → cannot exceed 0.
[ 43.622s] PRUNE: margin=-4.000000, optimistic_rem(widened)=0.000000 → cannot exceed 0.
[ 43.874s] PRUNE: margin=-4.000000, optimistic_rem(widened)=0.000000 → cannot exceed 0.
[ 43.998s] PRUNE: margin=-4.000000, optimistic_rem(widened)=0.000000 → cannot exceed 0.
[ 44.118s] PRUNE: margin=-4.000000, optimistic_rem(widened)=0.000000 → cannot exceed 0.
[ 44.356s] PRUNE: margin=-4.000000, optimistic_rem(widened)=0.000000 → cannot exceed 0.
[ 44.476s] PRUNE: margin=-4.000000, optimistic_rem(widened)=0.000000 → cannot exceed 0.
[ 44.715s] PRUNE: margin=-4.000000, optimistic_rem(widened)=0.000000 → cannot exceed 0.
[ 45.283s] PRUNE: margin=-4.000000, optimistic_rem(widened)=0.000000 → cannot exceed 0.
[ 45.466s] PRUNE: margin=-4.000000, optimistic_rem(widened)=0.000000 → cannot exceed 0.
[ 45.661s] PRUNE: margin=-4.000000, optimistic_rem(widened)=0.000000 → cannot exceed 0.
[ 45.856s] PRUNE: margin=-4.000000, optimistic_rem(widened)=0.000000 → cannot exceed 0.
[ 46.051s] PRUNE: margin=-4.000000, optimistic_rem(widened)=0.000000 → cannot exceed 0.
[ 46.246s] PRUNE: margin=-4.000000, optimistic_rem(widened)=0.000000 → cannot exceed 0.
[ 46.441s] PRUNE: margin=-4.000000, optimistic_rem(widened)=0.000000 → cannot exceed 0.
[ 46.636s] PRUNE: margin=-4.000000, optimistic_rem(widened)=0.000000 → cannot exceed 0.
[ 46.831s] PRUNE: margin=-4.000000, optimistic_rem(widened)=0.000000 → cannot exceed 0.
[ 47.026s] PRUNE: margin=-4.000000, optimistic_rem(widened)=0.000000 → cannot exceed 0.
[ 47.221s] PRUNE: margin=-4.000000, optimistic_rem(widened)=0.000000 → cannot exceed 0.
[ 47.416s] PRUNE: margin=-4.000000, optimistic_rem(widened)=0.000000 → cannot exceed 0.
[ 47.709s] PRUNE: margin=-4.000000, optimistic_rem(widened)=0.906250 → cannot exceed 0.
[ 48.001s] PRUNE: margin=-4.000000, optimistic_rem(widened)=0.000000 → cannot exceed 0.
[ 48.196s] PRUNE: margin=-4.000000, optimistic_rem(widened)=0.000000 → cannot exceed 0.
[ 48.392s] PRUNE: margin=-4.000000, optimistic_rem(widened)=0.000000 → cannot exceed 0.
[ 48.587s] PRUNE: margin=-4.000000, optimistic_rem(widened)=0.000000 → cannot exceed 0.
[ 48.782s] PRUNE: margin=-4.000000, optimistic_rem(widened)=0.000000 → cannot exceed 0.
[ 48.977s] PRUNE: margin=-4.000000, optimistic_rem(widened)=0.000000 → cannot exceed 0.
[ 49.172s] PRUNE: margin=-4.000000, optimistic_rem(widened)=0.000000 → cannot exceed 0.
[ 49.367s] PRUNE: margin=-4.000000, optimistic_rem(widened)=0.000000 → cannot exceed 0.
[ 49.562s] PRUNE: margin=-4.000000, optimistic_rem(widened)=0.000000 → cannot exceed 0.
[ 49.757s] PRUNE: margin=-4.000000, optimistic_rem(widened)=0.000000 → cannot exceed 0.
[ 50.050s] PRUNE: margin=-4.000000, optimistic_rem(widened)=0.656250 → cannot exceed 0.
[ 50.342s] PRUNE: margin=-4.000000, optimistic_rem(widened)=0.000000 → cannot exceed 0.
[ 50.537s] PRUNE: margin=-4.000000, optimistic_rem(widened)=0.000000 → cannot exceed 0.
[ 50.732s] PRUNE: margin=-4.000000, optimistic_rem(widened)=0.000000 → cannot exceed 0.
[ 50.927s] PRUNE: margin=-4.000000, optimistic_rem(widened)=0.000000 → cannot exceed 0.
[ 51.123s] PRUNE: margin=-4.000000, optimistic_rem(widened)=0.000000 → cannot exceed 0.
[ 51.317s] PRUNE: margin=-4.000000, optimistic_rem(widened)=0.000000 → cannot exceed 0.
[ 51.512s] PRUNE: margin=-4.000000, optimistic_rem(widened)=0.000000 → cannot exceed 0.
[ 51.708s] PRUNE: margin=-4.000000, optimistic_rem(widened)=0.000000 → cannot exceed 0.
[ 52.098s] PRUNE: margin=-4.000000, optimistic_rem(widened)=0.000000 → cannot exceed 0.
[ 52.293s] PRUNE: margin=-4.000000, optimistic_rem(widened)=0.000000 → cannot exceed 0.
[ 52.488s] PRUNE: margin=-4.000000, optimistic_rem(widened)=0.000000 → cannot exceed 0.
[ 52.683s] PRUNE: margin=-4.000000, optimistic_rem(widened)=0.000000 → cannot exceed 0.
[ 52.878s] PRUNE: margin=-4.000000, optimistic_rem(widened)=0.000000 → cannot exceed 0.
[ 53.073s] PRUNE: margin=-4.000000, optimistic_rem(widened)=0.000000 → cannot exceed 0.
[ 53.268s] PRUNE: margin=-4.000000, optimistic_rem(widened)=0.000000 → cannot exceed 0.
[ 53.658s] PRUNE: margin=-4.000000, optimistic_rem(widened)=0.000000 → cannot exceed 0.
[ 53.853s] PRUNE: margin=-4.000000, optimistic_rem(widened)=0.000000 → cannot exceed 0.
[ 54.049s] PRUNE: margin=-4.000000, optimistic_rem(widened)=0.000000 → cannot exceed 0.
[ 54.244s] PRUNE: margin=-4.000000, optimistic_rem(widened)=0.000000 → cannot exceed 0.
[ 54.439s] PRUNE: margin=-4.000000, optimistic_rem(widened)=0.000000 → cannot exceed 0.
[ 54.634s] PRUNE: margin=-4.000000, optimistic_rem(widened)=0.000000 → cannot exceed 0.
[ 55.024s] PRUNE: margin=-4.000000, optimistic_rem(widened)=0.000000 → cannot exceed 0.
[ 55.196s] PRUNE: margin=-4.000000, optimistic_rem(widened)=0.000000 → cannot exceed 0.
[ 55.388s] PRUNE: margin=-4.000000, optimistic_rem(widened)=0.000000 → cannot exceed 0.
[ 55.583s] PRUNE: margin=-4.000000, optimistic_rem(widened)=0.000000 → cannot exceed 0.
[ 55.778s] PRUNE: margin=-4.000000, optimistic_rem(widened)=0.000000 → cannot exceed 0.
[ 56.169s] PRUNE: margin=-4.000000, optimistic_rem(widened)=0.000000 → cannot exceed 0.
[ 56.365s] PRUNE: margin=-4.000000, optimistic_rem(widened)=0.000000 → cannot exceed 0.
[ 56.560s] PRUNE: margin=-4.000000, optimistic_rem(widened)=0.000000 → cannot exceed 0.
[ 56.756s] PRUNE: margin=-4.000000, optimistic_rem(widened)=0.000000 → cannot exceed 0.
[ 57.146s] PRUNE: margin=-4.000000, optimistic_rem(widened)=0.000000 → cannot exceed 0.
[ 57.342s] PRUNE: margin=-4.000000, optimistic_rem(widened)=0.000000 → cannot exceed 0.
[ 57.537s] PRUNE: margin=-4.000000, optimistic_rem(widened)=0.000000 → cannot exceed 0.
[ 57.928s] PRUNE: margin=-4.000000, optimistic_rem(widened)=0.000000 → cannot exceed 0.
[ 58.123s] PRUNE: margin=-4.000000, optimistic_rem(widened)=0.000000 → cannot exceed 0.
[ 58.514s] PRUNE: margin=-4.000000, optimistic_rem(widened)=0.000000 → cannot exceed 0.
[ 59.100s] PRUNE: margin=-4.000000, optimistic_rem(widened)=1.234375 → cannot exceed 0.
[ 59.393s] PRUNE: margin=-4.000000, optimistic_rem(widened)=1.171875 → cannot exceed 0.
[ 59.588s] PRUNE: margin=-4.000000, optimistic_rem(widened)=1.171875 → cannot exceed 0.
[ 61.540s] PRUNE: margin=-4.000000, optimistic_rem(widened)=0.000000 → cannot exceed 0.
[ 61.735s] PRUNE: margin=-4.000000, optimistic_rem(widened)=0.000000 → cannot exceed 0.
[ 61.930s] PRUNE: margin=-4.000000, optimistic_rem(widened)=0.000000 → cannot exceed 0.
[ 62.516s] PRUNE: margin=-4.000000, optimistic_rem(widened)=0.000000 → cannot exceed 0.
[ 62.711s] PRUNE: margin=-4.000000, optimistic_rem(widened)=0.000000 → cannot exceed 0.
[ 64.565s] PRUNE: margin=-4.000000, optimistic_rem(widened)=0.000000 → cannot exceed 0.
[ 64.760s] PRUNE: margin=-4.000000, optimistic_rem(widened)=0.000000 → cannot exceed 0.
[ 64.955s] PRUNE: margin=-4.000000, optimistic_rem(widened)=0.000000 → cannot exceed 0.
[ 65.150s] PRUNE: margin=-4.000000, optimistic_rem(widened)=0.000000 → cannot exceed 0.
[ 65.346s] PRUNE: margin=-4.000000, optimistic_rem(widened)=0.000000 → cannot exceed 0.
[ 66.419s] PRUNE: margin=-4.000000, optimistic_rem(widened)=0.000000 → cannot exceed 0.
[ 66.614s] PRUNE: margin=-4.000000, optimistic_rem(widened)=0.000000 → cannot exceed 0.
[ 66.809s] PRUNE: margin=-4.000000, optimistic_rem(widened)=0.000000 → cannot exceed 0.
[ 67.005s] PRUNE: margin=-4.000000, optimistic_rem(widened)=0.000000 → cannot exceed 0.
[ 67.200s] PRUNE: margin=-4.000000, optimistic_rem(widened)=0.000000 → cannot exceed 0.
[ 67.590s] PRUNE: margin=-4.000000, optimistic_rem(widened)=0.000000 → cannot exceed 0.
[ 67.785s] PRUNE: margin=-4.000000, optimistic_rem(widened)=0.000000 → cannot exceed 0.
[ 67.981s] PRUNE: margin=-4.000000, optimistic_rem(widened)=0.000000 → cannot exceed 0.
[ 68.176s] PRUNE: margin=-4.000000, optimistic_rem(widened)=0.000000 → cannot exceed 0.
[ 68.371s] PRUNE: margin=-4.000000, optimistic_rem(widened)=0.000000 → cannot exceed 0.
[ 68.761s] PRUNE: margin=-4.000000, optimistic_rem(widened)=0.000000 → cannot exceed 0.
[ 68.957s] PRUNE: margin=-4.000000, optimistic_rem(widened)=0.000000 → cannot exceed 0.
[ 69.152s] PRUNE: margin=-4.000000, optimistic_rem(widened)=0.000000 → cannot exceed 0.
[ 69.347s] PRUNE: margin=-4.000000, optimistic_rem(widened)=0.000000 → cannot exceed 0.
[ 69.738s] PRUNE: margin=-4.000000, optimistic_rem(widened)=0.000000 → cannot exceed 0.
[ 69.933s] PRUNE: margin=-4.000000, optimistic_rem(widened)=0.000000 → cannot exceed 0.
[ 70.129s] PRUNE: margin=-4.000000, optimistic_rem(widened)=0.000000 → cannot exceed 0.
[ 70.519s] PRUNE: margin=-4.000000, optimistic_rem(widened)=0.000000 → cannot exceed 0.
[ 70.714s] PRUNE: margin=-4.000000, optimistic_rem(widened)=0.000000 → cannot exceed 0.
[ 71.105s] PRUNE: margin=-4.000000, optimistic_rem(widened)=0.000000 → cannot exceed 0.
[ 71.886s] PRUNE: margin=-4.000000, optimistic_rem(widened)=0.000000 → cannot exceed 0.
[ 72.082s] PRUNE: margin=-4.000000, optimistic_rem(widened)=0.000000 → cannot exceed 0.
[ 72.278s] PRUNE: margin=-4.000000, optimistic_rem(widened)=0.000000 → cannot exceed 0.
[ 72.473s] PRUNE: margin=-4.000000, optimistic_rem(widened)=0.000000 → cannot exceed 0.
[ 72.668s] PRUNE: margin=-4.000000, optimistic_rem(widened)=0.000000 → cannot exceed 0.
[ 72.864s] PRUNE: margin=-4.000000, optimistic_rem(widened)=0.000000 → cannot exceed 0.
[ 73.060s] PRUNE: margin=-4.000000, optimistic_rem(widened)=0.000000 → cannot exceed 0.
[ 73.255s] PRUNE: margin=-4.000000, optimistic_rem(widened)=0.000000 → cannot exceed 0.
[ 73.450s] PRUNE: margin=-4.000000, optimistic_rem(widened)=0.000000 → cannot exceed 0.
[ 73.841s] PRUNE: margin=-4.000000, optimistic_rem(widened)=0.000000 → cannot exceed 0.
[ 74.037s] PRUNE: margin=-4.000000, optimistic_rem(widened)=0.000000 → cannot exceed 0.
[ 74.232s] PRUNE: margin=-4.000000, optimistic_rem(widened)=0.000000 → cannot exceed 0.
[ 74.428s] PRUNE: margin=-4.000000, optimistic_rem(widened)=0.000000 → cannot exceed 0.
[ 74.623s] PRUNE: margin=-4.000000, optimistic_rem(widened)=0.000000 → cannot exceed 0.
[ 74.819s] PRUNE: margin=-4.000000, optimistic_rem(widened)=0.000000 → cannot exceed 0.
[ 75.014s] PRUNE: margin=-4.000000, optimistic_rem(widened)=0.000000 → cannot exceed 0.
[ 75.210s] PRUNE: margin=-4.000000, optimistic_rem(widened)=0.000000 → cannot exceed 0.
[ 75.600s] PRUNE: margin=-4.000000, optimistic_rem(widened)=0.000000 → cannot exceed 0.
[ 75.796s] PRUNE: margin=-4.000000, optimistic_rem(widened)=0.000000 → cannot exceed 0.
[ 75.991s] PRUNE: margin=-4.000000, optimistic_rem(widened)=0.000000 → cannot exceed 0.
[ 76.186s] PRUNE: margin=-4.000000, optimistic_rem(widened)=0.000000 → cannot exceed 0.
[ 76.382s] PRUNE: margin=-4.000000, optimistic_rem(widened)=0.000000 → cannot exceed 0.
[ 76.577s] PRUNE: margin=-4.000000, optimistic_rem(widened)=0.000000 → cannot exceed 0.
[ 76.772s] PRUNE: margin=-4.000000, optimistic_rem(widened)=0.000000 → cannot exceed 0.
[ 77.163s] PRUNE: margin=-4.000000, optimistic_rem(widened)=0.000000 → cannot exceed 0.
[ 77.359s] PRUNE: margin=-4.000000, optimistic_rem(widened)=0.000000 → cannot exceed 0.
[ 77.554s] PRUNE: margin=-4.000000, optimistic_rem(widened)=0.000000 → cannot exceed 0.
[ 77.749s] PRUNE: margin=-4.000000, optimistic_rem(widened)=0.000000 → cannot exceed 0.
[ 77.945s] PRUNE: margin=-4.000000, optimistic_rem(widened)=0.000000 → cannot exceed 0.
[ 78.140s] PRUNE: margin=-4.000000, optimistic_rem(widened)=0.000000 → cannot exceed 0.
[ 78.531s] PRUNE: margin=-4.000000, optimistic_rem(widened)=0.000000 → cannot exceed 0.
[ 78.727s] PRUNE: margin=-4.000000, optimistic_rem(widened)=0.000000 → cannot exceed 0.
[ 78.923s] PRUNE: margin=-4.000000, optimistic_rem(widened)=0.000000 → cannot exceed 0.
[ 79.118s] PRUNE: margin=-4.000000, optimistic_rem(widened)=0.000000 → cannot exceed 0.
[ 79.313s] PRUNE: margin=-4.000000, optimistic_rem(widened)=0.000000 → cannot exceed 0.
[ 79.704s] PRUNE: margin=-4.000000, optimistic_rem(widened)=0.000000 → cannot exceed 0.
[ 79.899s] PRUNE: margin=-4.000000, optimistic_rem(widened)=0.000000 → cannot exceed 0.
[ 80.090s] PRUNE: margin=-4.000000, optimistic_rem(widened)=0.000000 → cannot exceed 0.
[ 80.273s] PRUNE: margin=-4.000000, optimistic_rem(widened)=0.000000 → cannot exceed 0.
[ 80.639s] PRUNE: margin=-4.000000, optimistic_rem(widened)=0.000000 → cannot exceed 0.
[ 80.822s] PRUNE: margin=-4.000000, optimistic_rem(widened)=0.000000 → cannot exceed 0.
[ 81.004s] PRUNE: margin=-4.000000, optimistic_rem(widened)=0.000000 → cannot exceed 0.
[ 81.370s] PRUNE: margin=-4.000000, optimistic_rem(widened)=0.000000 → cannot exceed 0.
[ 81.554s] PRUNE: margin=-4.000000, optimistic_rem(widened)=0.000000 → cannot exceed 0.
[ 81.921s] PRUNE: margin=-4.000000, optimistic_rem(widened)=0.000000 → cannot exceed 0.
[ 82.639s] PRUNE: margin=-4.000000, optimistic_rem(widened)=0.000000 → cannot exceed 0.
[ 82.834s] PRUNE: margin=-4.000000, optimistic_rem(widened)=0.000000 → cannot exceed 0.
[ 83.030s] PRUNE: margin=-4.000000, optimistic_rem(widened)=0.000000 → cannot exceed 0.
[ 83.225s] PRUNE: margin=-4.000000, optimistic_rem(widened)=0.000000 → cannot exceed 0.
[ 83.421s] PRUNE: margin=-4.000000, optimistic_rem(widened)=0.000000 → cannot exceed 0.
[ 83.617s] PRUNE: margin=-4.000000, optimistic_rem(widened)=0.000000 → cannot exceed 0.
[ 83.812s] PRUNE: margin=-4.000000, optimistic_rem(widened)=0.000000 → cannot exceed 0.
[ 84.008s] PRUNE: margin=-4.000000, optimistic_rem(widened)=0.000000 → cannot exceed 0.
[ 84.359s] PRUNE: margin=-4.000000, optimistic_rem(widened)=0.000000 → cannot exceed 0.
[ 84.521s] PRUNE: margin=-4.000000, optimistic_rem(widened)=0.000000 → cannot exceed 0.
[ 84.671s] PRUNE: margin=-4.000000, optimistic_rem(widened)=0.000000 → cannot exceed 0.
[ 84.831s] PRUNE: margin=-4.000000, optimistic_rem(widened)=0.000000 → cannot exceed 0.
[ 84.983s] PRUNE: margin=-4.000000, optimistic_rem(widened)=0.000000 → cannot exceed 0.
[ 85.149s] PRUNE: margin=-4.000000, optimistic_rem(widened)=0.000000 → cannot exceed 0.
[ 85.308s] PRUNE: margin=-4.000000, optimistic_rem(widened)=0.000000 → cannot exceed 0.
[ 85.634s] PRUNE: margin=-4.000000, optimistic_rem(widened)=0.000000 → cannot exceed 0.
[ 85.786s] PRUNE: margin=-4.000000, optimistic_rem(widened)=0.000000 → cannot exceed 0.
[ 85.954s] PRUNE: margin=-4.000000, optimistic_rem(widened)=0.000000 → cannot exceed 0.
[ 86.106s] PRUNE: margin=-4.000000, optimistic_rem(widened)=0.000000 → cannot exceed 0.
[ 86.245s] PRUNE: margin=-4.000000, optimistic_rem(widened)=0.000000 → cannot exceed 0.
[ 86.370s] PRUNE: margin=-4.000000, optimistic_rem(widened)=0.000000 → cannot exceed 0.
[ 86.630s] PRUNE: margin=-4.000000, optimistic_rem(widened)=0.000000 → cannot exceed 0.
[ 86.769s] PRUNE: margin=-4.000000, optimistic_rem(widened)=0.000000 → cannot exceed 0.
[ 86.886s] PRUNE: margin=-4.000000, optimistic_rem(widened)=0.000000 → cannot exceed 0.
[ 87.004s] PRUNE: margin=-4.000000, optimistic_rem(widened)=0.000000 → cannot exceed 0.
[ 87.125s] PRUNE: margin=-4.000000, optimistic_rem(widened)=0.000000 → cannot exceed 0.
[ 87.441s] PRUNE: margin=-4.000000, optimistic_rem(widened)=0.000000 → cannot exceed 0.
[ 87.597s] PRUNE: margin=-4.000000, optimistic_rem(widened)=0.000000 → cannot exceed 0.
[ 87.761s] PRUNE: margin=-4.000000, optimistic_rem(widened)=0.000000 → cannot exceed 0.
[ 87.915s] PRUNE: margin=-4.000000, optimistic_rem(widened)=0.000000 → cannot exceed 0.
[ 88.203s] PRUNE: margin=-4.000000, optimistic_rem(widened)=0.000000 → cannot exceed 0.
[ 88.337s] PRUNE: margin=-4.000000, optimistic_rem(widened)=0.000000 → cannot exceed 0.
[ 88.466s] PRUNE: margin=-4.000000, optimistic_rem(widened)=0.000000 → cannot exceed 0.
[ 88.730s] PRUNE: margin=-4.000000, optimistic_rem(widened)=0.000000 → cannot exceed 0.
[ 88.861s] PRUNE: margin=-4.000000, optimistic_rem(widened)=0.000000 → cannot exceed 0.
[ 89.116s] PRUNE: margin=-4.000000, optimistic_rem(widened)=0.000000 → cannot exceed 0.
[ 90.171s] PRUNE: margin=-4.000000, optimistic_rem(widened)=0.000000 → cannot exceed 0.
[ 90.303s] PRUNE: margin=-4.000000, optimistic_rem(widened)=0.000000 → cannot exceed 0.
[ 90.431s] PRUNE: margin=-4.000000, optimistic_rem(widened)=0.000000 → cannot exceed 0.
[ 92.427s] PRUNE: margin=-4.000000, optimistic_rem(widened)=0.000000 → cannot exceed 0.
[ 92.580s] PRUNE: margin=-4.000000, optimistic_rem(widened)=0.000000 → cannot exceed 0.
[ 92.728s] PRUNE: margin=-4.000000, optimistic_rem(widened)=0.000000 → cannot exceed 0.
[ 93.045s] PRUNE: margin=-4.000000, optimistic_rem(widened)=0.000000 → cannot exceed 0.
[ 93.780s] PRUNE: margin=-4.000000, optimistic_rem(widened)=0.000000 → cannot exceed 0.
[ 93.906s] PRUNE: margin=-4.000000, optimistic_rem(widened)=0.000000 → cannot exceed 0.
[ 94.464s] PRUNE: margin=-4.000000, optimistic_rem(widened)=0.000000 → cannot exceed 0.
[ 94.585s] PRUNE: margin=-4.000000, optimistic_rem(widened)=0.000000 → cannot exceed 0.
[ 94.706s] PRUNE: margin=-4.000000, optimistic_rem(widened)=0.000000 → cannot exceed 0.
[ 94.955s] PRUNE: margin=-4.000000, optimistic_rem(widened)=0.000000 → cannot exceed 0.
[ 95.075s] PRUNE: margin=-4.000000, optimistic_rem(widened)=0.000000 → cannot exceed 0.
[ 95.211s] PRUNE: margin=-4.000000, optimistic_rem(widened)=0.000000 → cannot exceed 0.
[ 95.600s] PRUNE: margin=-4.000000, optimistic_rem(widened)=0.000000 → cannot exceed 0.
[ 95.796s] PRUNE: margin=-4.000000, optimistic_rem(widened)=0.000000 → cannot exceed 0.
[ 96.186s] PRUNE: margin=-4.000000, optimistic_rem(widened)=0.000000 → cannot exceed 0.
[ 98.722s] PRUNE: margin=-4.000000, optimistic_rem(widened)=0.000000 → cannot exceed 0.
[ 98.917s] PRUNE: margin=-4.000000, optimistic_rem(widened)=0.000000 → cannot exceed 0.
[ 99.113s] PRUNE: margin=-4.000000, optimistic_rem(widened)=0.000000 → cannot exceed 0.
[100.576s] PRUNE: margin=-4.000000, optimistic_rem(widened)=0.000000 → cannot exceed 0.
[100.771s] PRUNE: margin=-4.000000, optimistic_rem(widened)=0.000000 → cannot exceed 0.
[100.966s] PRUNE: margin=-4.000000, optimistic_rem(widened)=0.000000 → cannot exceed 0.
[101.844s] PRUNE: margin=-4.000000, optimistic_rem(widened)=0.000000 → cannot exceed 0.
[102.039s] PRUNE: margin=-4.000000, optimistic_rem(widened)=0.000000 → cannot exceed 0.
[102.234s] PRUNE: margin=-4.000000, optimistic_rem(widened)=0.000000 → cannot exceed 0.
[102.625s] PRUNE: margin=-4.000000, optimistic_rem(widened)=0.000000 → cannot exceed 0.
[102.820s] PRUNE: margin=-4.000000, optimistic_rem(widened)=0.000000 → cannot exceed 0.
[103.015s] PRUNE: margin=-4.000000, optimistic_rem(widened)=0.000000 → cannot exceed 0.
[103.405s] PRUNE: margin=-4.000000, optimistic_rem(widened)=0.000000 → cannot exceed 0.
[103.601s] PRUNE: margin=-4.000000, optimistic_rem(widened)=0.000000 → cannot exceed 0.
[103.991s] PRUNE: margin=-4.000000, optimistic_rem(widened)=0.000000 → cannot exceed 0.
[105.846s] PRUNE: margin=-4.000000, optimistic_rem(widened)=0.000000 → cannot exceed 0.
[106.042s] PRUNE: margin=-4.000000, optimistic_rem(widened)=0.000000 → cannot exceed 0.
[106.238s] PRUNE: margin=-4.000000, optimistic_rem(widened)=0.000000 → cannot exceed 0.
[107.119s] PRUNE: margin=-4.000000, optimistic_rem(widened)=0.000000 → cannot exceed 0.
[107.315s] PRUNE: margin=-4.000000, optimistic_rem(widened)=0.000000 → cannot exceed 0.
[107.450s] PRUNE: margin=-4.000000, optimistic_rem(widened)=0.000000 → cannot exceed 0.
[107.708s] PRUNE: margin=-4.000000, optimistic_rem(widened)=0.000000 → cannot exceed 0.
[107.866s] PRUNE: margin=-4.000000, optimistic_rem(widened)=0.000000 → cannot exceed 0.
[108.034s] PRUNE: margin=-4.000000, optimistic_rem(widened)=0.000000 → cannot exceed 0.
[108.345s] PRUNE: margin=-4.000000, optimistic_rem(widened)=0.000000 → cannot exceed 0.
[108.489s] PRUNE: margin=-4.000000, optimistic_rem(widened)=0.000000 → cannot exceed 0.
[108.810s] PRUNE: margin=-4.000000, optimistic_rem(widened)=0.000000 → cannot exceed 0.
[109.770s] PRUNE: margin=-4.000000, optimistic_rem(widened)=0.000000 → cannot exceed 0.
[109.907s] PRUNE: margin=-4.000000, optimistic_rem(widened)=0.000000 → cannot exceed 0.
[110.044s] PRUNE: margin=-4.000000, optimistic_rem(widened)=0.000000 → cannot exceed 0.
[110.323s] PRUNE: margin=-4.000000, optimistic_rem(widened)=0.000000 → cannot exceed 0.
[110.470s] PRUNE: margin=-4.000000, optimistic_rem(widened)=0.000000 → cannot exceed 0.
[110.612s] PRUNE: margin=-4.000000, optimistic_rem(widened)=0.000000 → cannot exceed 0.
[110.894s] PRUNE: margin=-4.000000, optimistic_rem(widened)=0.000000 → cannot exceed 0.
[111.042s] PRUNE: margin=-4.000000, optimistic_rem(widened)=0.000000 → cannot exceed 0.
[111.327s] PRUNE: margin=-4.000000, optimistic_rem(widened)=0.000000 → cannot exceed 0.
[112.056s] PRUNE: margin=-4.000000, optimistic_rem(widened)=0.000000 → cannot exceed 0.
[112.251s] PRUNE: margin=-4.000000, optimistic_rem(widened)=0.000000 → cannot exceed 0.
[112.447s] PRUNE: margin=-4.000000, optimistic_rem(widened)=0.000000 → cannot exceed 0.
[112.838s] PRUNE: margin=-4.000000, optimistic_rem(widened)=0.000000 → cannot exceed 0.
[113.033s] PRUNE: margin=-4.000000, optimistic_rem(widened)=0.000000 → cannot exceed 0.
[113.424s] PRUNE: margin=-4.000000, optimistic_rem(widened)=0.000000 → cannot exceed 0.
[114.206s] PRUNE: margin=-4.000000, optimistic_rem(widened)=0.000000 → cannot exceed 0.
[114.402s] PRUNE: margin=-4.000000, optimistic_rem(widened)=0.000000 → cannot exceed 0.
[114.793s] PRUNE: margin=-4.000000, optimistic_rem(widened)=0.000000 → cannot exceed 0.
[115.575s] PRUNE: margin=-4.000000, optimistic_rem(widened)=0.000000 → cannot exceed 0.
[116.943s] PRUNE: margin=-0.750000, optimistic_rem(widened)=0.437500 → cannot exceed 0.
[117.139s] PRUNE: margin=-0.750000, optimistic_rem(widened)=0.437500 → cannot exceed 0.
[117.334s] PRUNE: margin=-0.750000, optimistic_rem(widened)=0.437500 → cannot exceed 0.
[117.530s] PRUNE: margin=-1.000000, optimistic_rem(widened)=0.687500 → cannot exceed 0.
[117.725s] PRUNE: margin=-1.000000, optimistic_rem(widened)=0.781250 → cannot exceed 0.
[118.018s] PRUNE: margin=-3.500000, optimistic_rem(widened)=1.187500 → cannot exceed 0.
[118.214s] PRUNE: margin=-4.000000, optimistic_rem(widened)=0.687500 → cannot exceed 0.
[118.508s] PRUNE: margin=-4.000000, optimistic_rem(widened)=0.000000 → cannot exceed 0.
[118.703s] PRUNE: margin=-3.500000, optimistic_rem(widened)=0.000000 → cannot exceed 0.
[118.899s] PRUNE: margin=-3.500000, optimistic_rem(widened)=0.000000 → cannot exceed 0.
[119.095s] PRUNE: margin=-3.500000, optimistic_rem(widened)=0.000000 → cannot exceed 0.
[119.290s] PRUNE: margin=-3.500000, optimistic_rem(widened)=0.000000 → cannot exceed 0.
[119.681s] PRUNE: margin=-3.500000, optimistic_rem(widened)=0.000000 → cannot exceed 0.
[119.877s] PRUNE: margin=-3.500000, optimistic_rem(widened)=0.000000 → cannot exceed 0.
[120.072s] PRUNE: margin=-3.500000, optimistic_rem(widened)=0.000000 → cannot exceed 0.
[120.268s] PRUNE: margin=-3.500000, optimistic_rem(widened)=0.000000 → cannot exceed 0.
[120.615s] PRUNE: margin=-3.500000, optimistic_rem(widened)=0.000000 → cannot exceed 0.
[120.810s] PRUNE: margin=-3.500000, optimistic_rem(widened)=0.000000 → cannot exceed 0.
[121.006s] PRUNE: margin=-3.500000, optimistic_rem(widened)=0.000000 → cannot exceed 0.
[121.396s] PRUNE: margin=-3.500000, optimistic_rem(widened)=0.000000 → cannot exceed 0.
[121.591s] PRUNE: margin=-3.500000, optimistic_rem(widened)=0.000000 → cannot exceed 0.
[121.981s] PRUNE: margin=-3.500000, optimistic_rem(widened)=0.000000 → cannot exceed 0.
[122.665s] PRUNE: margin=-4.000000, optimistic_rem(widened)=0.578125 → cannot exceed 0.
[122.849s] PRUNE: margin=-4.000000, optimistic_rem(widened)=0.781250 → cannot exceed 0.
[123.090s] PRUNE: margin=-3.500000, optimistic_rem(widened)=0.000000 → cannot exceed 0.
[123.220s] PRUNE: margin=-3.500000, optimistic_rem(widened)=0.000000 → cannot exceed 0.
[123.352s] PRUNE: margin=-3.500000, optimistic_rem(widened)=0.000000 → cannot exceed 0.
[123.498s] PRUNE: margin=-3.500000, optimistic_rem(widened)=0.000000 → cannot exceed 0.
[123.850s] PRUNE: margin=-3.500000, optimistic_rem(widened)=0.000000 → cannot exceed 0.
[124.043s] PRUNE: margin=-3.500000, optimistic_rem(widened)=0.000000 → cannot exceed 0.
[124.237s] PRUNE: margin=-3.500000, optimistic_rem(widened)=0.000000 → cannot exceed 0.
[124.625s] PRUNE: margin=-3.500000, optimistic_rem(widened)=0.000000 → cannot exceed 0.
[124.819s] PRUNE: margin=-3.500000, optimistic_rem(widened)=0.000000 → cannot exceed 0.
[125.206s] PRUNE: margin=-3.500000, optimistic_rem(widened)=0.000000 → cannot exceed 0.
[126.752s] PRUNE: margin=-3.500000, optimistic_rem(widened)=1.812500 → cannot exceed 0.
[128.220s] PRUNE: margin=-3.500000, optimistic_rem(widened)=1.812500 → cannot exceed 0.
[129.491s] PRUNE: margin=-3.500000, optimistic_rem(widened)=1.812500 → cannot exceed 0.
[130.176s] PRUNE: margin=-3.500000, optimistic_rem(widened)=1.812500 → cannot exceed 0.
[130.568s] PRUNE: margin=-4.000000, optimistic_rem(widened)=0.687500 → cannot exceed 0.
[131.839s] PRUNE: margin=-3.500000, optimistic_rem(widened)=1.812500 → cannot exceed 0.
[132.614s] PRUNE: margin=-3.500000, optimistic_rem(widened)=1.812500 → cannot exceed 0.
[133.055s] PRUNE: margin=-3.500000, optimistic_rem(widened)=1.812500 → cannot exceed 0.
[133.326s] PRUNE: margin=-4.000000, optimistic_rem(widened)=0.687500 → cannot exceed 0.
[134.306s] PRUNE: margin=-3.500000, optimistic_rem(widened)=1.812500 → cannot exceed 0.
[134.558s] PRUNE: margin=-4.000000, optimistic_rem(widened)=0.671875 → cannot exceed 0.
[134.680s] PRUNE: margin=-3.500000, optimistic_rem(widened)=1.812500 → cannot exceed 0.
[134.940s] PRUNE: margin=-4.000000, optimistic_rem(widened)=0.687500 → cannot exceed 0.
[135.464s] PRUNE: margin=-4.000000, optimistic_rem(widened)=0.687500 → cannot exceed 0.
[135.584s] PRUNE: margin=-4.000000, optimistic_rem(widened)=0.687500 → cannot exceed 0.
[135.816s] PRUNE: margin=-3.500000, optimistic_rem(widened)=1.812500 → cannot exceed 0.
[136.302s] PRUNE: margin=-4.000000, optimistic_rem(widened)=1.203125 → cannot exceed 0.
[136.751s] PRUNE: margin=-4.000000, optimistic_rem(widened)=1.281250 → cannot exceed 0.
[137.329s] PRUNE: margin=-4.000000, optimistic_rem(widened)=0.000000 → cannot exceed 0.
[137.456s] PRUNE: margin=-4.000000, optimistic_rem(widened)=0.000000 → cannot exceed 0.
[137.587s] PRUNE: margin=-4.000000, optimistic_rem(widened)=0.000000 → cannot exceed 0.
[137.722s] PRUNE: margin=-4.000000, optimistic_rem(widened)=0.000000 → cannot exceed 0.
[137.860s] PRUNE: margin=-4.000000, optimistic_rem(widened)=0.000000 → cannot exceed 0.
[138.005s] PRUNE: margin=-4.000000, optimistic_rem(widened)=0.000000 → cannot exceed 0.
[138.138s] PRUNE: margin=-4.000000, optimistic_rem(widened)=0.000000 → cannot exceed 0.
[138.265s] PRUNE: margin=-4.000000, optimistic_rem(widened)=0.000000 → cannot exceed 0.
[138.394s] PRUNE: margin=-4.000000, optimistic_rem(widened)=0.000000 → cannot exceed 0.
[138.537s] PRUNE: margin=-4.000000, optimistic_rem(widened)=0.000000 → cannot exceed 0.
[138.660s] PRUNE: margin=-4.000000, optimistic_rem(widened)=0.000000 → cannot exceed 0.
[141.427s] PRUNE: margin=-1.000000, optimistic_rem(widened)=0.000000 → cannot exceed 0.
[141.558s] PRUNE: margin=-1.000000, optimistic_rem(widened)=0.000000 → cannot exceed 0.
[141.683s] PRUNE: margin=-1.000000, optimistic_rem(widened)=0.000000 → cannot exceed 0.
[141.806s] PRUNE: margin=-1.000000, optimistic_rem(widened)=0.000000 → cannot exceed 0.
[141.928s] PRUNE: margin=-1.000000, optimistic_rem(widened)=0.000000 → cannot exceed 0.
[142.049s] PRUNE: margin=-3.500000, optimistic_rem(widened)=0.000000 → cannot exceed 0.
[142.232s] PRUNE: margin=-1.000000, optimistic_rem(widened)=0.500000 → cannot exceed 0.
[142.359s] PRUNE: margin=-1.000000, optimistic_rem(widened)=0.500000 → cannot exceed 0.
[142.483s] PRUNE: margin=-1.000000, optimistic_rem(widened)=0.500000 → cannot exceed 0.
[142.609s] PRUNE: margin=-1.000000, optimistic_rem(widened)=0.500000 → cannot exceed 0.
[142.730s] PRUNE: margin=-1.000000, optimistic_rem(widened)=0.500000 → cannot exceed 0.
[143.661s] PRUNE: margin=-3.500000, optimistic_rem(widened)=0.000000 → cannot exceed 0.
[144.391s] PRUNE: margin=-3.500000, optimistic_rem(widened)=0.000000 → cannot exceed 0.
[144.648s] PRUNE: margin=-3.500000, optimistic_rem(widened)=0.000000 → cannot exceed 0.
[145.030s] PRUNE: margin=-4.000000, optimistic_rem(widened)=0.000000 → cannot exceed 0.
[145.553s] PRUNE: margin=-4.000000, optimistic_rem(widened)=0.000000 → cannot exceed 0.
[145.693s] PRUNE: margin=-4.000000, optimistic_rem(widened)=0.000000 → cannot exceed 0.
[145.820s] PRUNE: margin=-4.000000, optimistic_rem(widened)=0.000000 → cannot exceed 0.
[145.949s] PRUNE: margin=-4.000000, optimistic_rem(widened)=0.000000 → cannot exceed 0.
[146.081s] PRUNE: margin=-4.000000, optimistic_rem(widened)=0.000000 → cannot exceed 0.
[146.216s] PRUNE: margin=-4.000000, optimistic_rem(widened)=0.000000 → cannot exceed 0.
[146.352s] PRUNE: margin=-4.000000, optimistic_rem(widened)=0.000000 → cannot exceed 0.
[146.487s] PRUNE: margin=-4.000000, optimistic_rem(widened)=0.000000 → cannot exceed 0.
[146.637s] PRUNE: margin=-4.000000, optimistic_rem(widened)=0.000000 → cannot exceed 0.
[146.764s] PRUNE: margin=-4.000000, optimistic_rem(widened)=0.000000 → cannot exceed 0.
[147.848s] PRUNE: margin=-3.500000, optimistic_rem(widened)=0.000000 → cannot exceed 0.
[147.975s] PRUNE: margin=-3.500000, optimistic_rem(widened)=0.000000 → cannot exceed 0.
[148.116s] PRUNE: margin=-3.500000, optimistic_rem(widened)=0.000000 → cannot exceed 0.
[148.991s] PRUNE: margin=-3.500000, optimistic_rem(widened)=0.000000 → cannot exceed 0.
[149.119s] PRUNE: margin=-3.500000, optimistic_rem(widened)=0.000000 → cannot exceed 0.
[149.281s] PRUNE: margin=-3.500000, optimistic_rem(widened)=0.000000 → cannot exceed 0.
[150.643s] PRUNE: margin=-1.000000, optimistic_rem(widened)=0.000000 → cannot exceed 0.
[150.767s] PRUNE: margin=-1.000000, optimistic_rem(widened)=0.000000 → cannot exceed 0.
[150.889s] PRUNE: margin=-1.000000, optimistic_rem(widened)=0.000000 → cannot exceed 0.
[151.012s] PRUNE: margin=-3.500000, optimistic_rem(widened)=0.000000 → cannot exceed 0.
[151.132s] PRUNE: margin=-3.500000, optimistic_rem(widened)=0.000000 → cannot exceed 0.
[151.256s] PRUNE: margin=-3.500000, optimistic_rem(widened)=0.000000 → cannot exceed 0.
[151.624s] PRUNE: margin=-3.500000, optimistic_rem(widened)=0.000000 → cannot exceed 0.
[151.818s] PRUNE: margin=-3.500000, optimistic_rem(widened)=0.000000 → cannot exceed 0.
[152.597s] PRUNE: margin=-3.500000, optimistic_rem(widened)=0.000000 → cannot exceed 0.
[152.792s] PRUNE: margin=-3.500000, optimistic_rem(widened)=0.000000 → cannot exceed 0.
[152.986s] PRUNE: margin=-3.500000, optimistic_rem(widened)=0.000000 → cannot exceed 0.
[153.181s] PRUNE: margin=-3.500000, optimistic_rem(widened)=0.000000 → cannot exceed 0.
[153.570s] PRUNE: margin=-4.000000, optimistic_rem(widened)=0.000000 → cannot exceed 0.
[153.765s] PRUNE: margin=-3.500000, optimistic_rem(widened)=0.000000 → cannot exceed 0.
[153.959s] PRUNE: margin=-3.500000, optimistic_rem(widened)=0.000000 → cannot exceed 0.
[154.154s] PRUNE: margin=-3.500000, optimistic_rem(widened)=0.000000 → cannot exceed 0.
[154.349s] PRUNE: margin=-3.500000, optimistic_rem(widened)=0.000000 → cannot exceed 0.
[154.544s] PRUNE: margin=-3.500000, optimistic_rem(widened)=0.000000 → cannot exceed 0.
[154.836s] PRUNE: margin=-1.000000, optimistic_rem(widened)=0.359375 → cannot exceed 0.
[155.030s] PRUNE: margin=-1.000000, optimistic_rem(widened)=0.359375 → cannot exceed 0.
[155.322s] PRUNE: margin=-3.500000, optimistic_rem(widened)=0.000000 → cannot exceed 0.
[155.517s] PRUNE: margin=-3.500000, optimistic_rem(widened)=0.000000 → cannot exceed 0.
[155.712s] PRUNE: margin=-3.500000, optimistic_rem(widened)=0.000000 → cannot exceed 0.
[156.101s] PRUNE: margin=-3.500000, optimistic_rem(widened)=0.000000 → cannot exceed 0.
[156.296s] PRUNE: margin=-3.500000, optimistic_rem(widened)=0.000000 → cannot exceed 0.
[156.685s] PRUNE: margin=-3.500000, optimistic_rem(widened)=0.000000 → cannot exceed 0.
[159.311s] PRUNE: margin=-1.000000, optimistic_rem(widened)=0.000000 → cannot exceed 0.
[159.505s] PRUNE: margin=-1.000000, optimistic_rem(widened)=0.000000 → cannot exceed 0.
[159.701s] PRUNE: margin=-1.000000, optimistic_rem(widened)=0.000000 → cannot exceed 0.
[159.907s] PRUNE: margin=-1.000000, optimistic_rem(widened)=0.000000 → cannot exceed 0.
[160.108s] PRUNE: margin=-1.000000, optimistic_rem(widened)=0.000000 → cannot exceed 0.
[160.310s] PRUNE: margin=-3.500000, optimistic_rem(widened)=0.000000 → cannot exceed 0.
[160.512s] PRUNE: margin=-3.500000, optimistic_rem(widened)=0.000000 → cannot exceed 0.
[160.918s] PRUNE: margin=-4.000000, optimistic_rem(widened)=0.000000 → cannot exceed 0.
[161.936s] PRUNE: margin=-1.000000, optimistic_rem(widened)=0.000000 → cannot exceed 0.
[162.139s] PRUNE: margin=-1.000000, optimistic_rem(widened)=0.000000 → cannot exceed 0.
[162.342s] PRUNE: margin=-1.000000, optimistic_rem(widened)=0.000000 → cannot exceed 0.
[162.545s] PRUNE: margin=-1.000000, optimistic_rem(widened)=0.000000 → cannot exceed 0.
[162.747s] PRUNE: margin=-1.000000, optimistic_rem(widened)=0.000000 → cannot exceed 0.
[162.951s] PRUNE: margin=-3.500000, optimistic_rem(widened)=0.000000 → cannot exceed 0.
[163.361s] PRUNE: margin=-4.000000, optimistic_rem(widened)=0.000000 → cannot exceed 0.
[163.566s] PRUNE: margin=-4.000000, optimistic_rem(widened)=0.000000 → cannot exceed 0.
[163.769s] PRUNE: margin=-3.500000, optimistic_rem(widened)=0.000000 → cannot exceed 0.
[163.971s] PRUNE: margin=-3.500000, optimistic_rem(widened)=0.000000 → cannot exceed 0.
[164.173s] PRUNE: margin=-3.500000, optimistic_rem(widened)=0.000000 → cannot exceed 0.
[164.379s] PRUNE: margin=-3.500000, optimistic_rem(widened)=0.000000 → cannot exceed 0.
[164.580s] PRUNE: margin=-3.500000, optimistic_rem(widened)=0.000000 → cannot exceed 0.
[164.885s] PRUNE: margin=-1.000000, optimistic_rem(widened)=0.500000 → cannot exceed 0.
[165.089s] PRUNE: margin=-1.000000, optimistic_rem(widened)=0.500000 → cannot exceed 0.
[165.293s] PRUNE: margin=-1.000000, optimistic_rem(widened)=0.500000 → cannot exceed 0.
[165.497s] PRUNE: margin=-1.000000, optimistic_rem(widened)=0.328125 → cannot exceed 0.
[165.703s] PRUNE: margin=-1.000000, optimistic_rem(widened)=0.328125 → cannot exceed 0.
[166.008s] PRUNE: margin=-4.000000, optimistic_rem(widened)=0.000000 → cannot exceed 0.
[167.735s] PRUNE: margin=-1.000000, optimistic_rem(widened)=0.000000 → cannot exceed 0.
[167.939s] PRUNE: margin=-1.000000, optimistic_rem(widened)=0.000000 → cannot exceed 0.
[168.143s] PRUNE: margin=-1.000000, optimistic_rem(widened)=0.000000 → cannot exceed 0.
[168.345s] PRUNE: margin=-1.000000, optimistic_rem(widened)=0.000000 → cannot exceed 0.
[168.549s] PRUNE: margin=-1.000000, optimistic_rem(widened)=0.000000 → cannot exceed 0.
[168.753s] PRUNE: margin=-3.500000, optimistic_rem(widened)=0.000000 → cannot exceed 0.
[168.956s] PRUNE: margin=-3.500000, optimistic_rem(widened)=0.000000 → cannot exceed 0.
[169.365s] PRUNE: margin=-4.000000, optimistic_rem(widened)=0.000000 → cannot exceed 0.
[169.569s] PRUNE: margin=-4.000000, optimistic_rem(widened)=0.000000 → cannot exceed 0.
[169.773s] PRUNE: margin=-3.500000, optimistic_rem(widened)=0.000000 → cannot exceed 0.
[169.975s] PRUNE: margin=-3.500000, optimistic_rem(widened)=0.000000 → cannot exceed 0.
[170.180s] PRUNE: margin=-3.500000, optimistic_rem(widened)=0.000000 → cannot exceed 0.
[170.382s] PRUNE: margin=-3.500000, optimistic_rem(widened)=0.000000 → cannot exceed 0.
[170.587s] PRUNE: margin=-3.500000, optimistic_rem(widened)=0.000000 → cannot exceed 0.
[170.894s] PRUNE: margin=-1.000000, optimistic_rem(widened)=0.500000 → cannot exceed 0.
[171.098s] PRUNE: margin=-1.000000, optimistic_rem(widened)=0.500000 → cannot exceed 0.
[171.302s] PRUNE: margin=-1.000000, optimistic_rem(widened)=0.500000 → cannot exceed 0.
[171.507s] PRUNE: margin=-1.000000, optimistic_rem(widened)=0.453125 → cannot exceed 0.
[171.710s] PRUNE: margin=-1.000000, optimistic_rem(widened)=0.453125 → cannot exceed 0.
[172.015s] PRUNE: margin=-4.000000, optimistic_rem(widened)=0.000000 → cannot exceed 0.
[172.828s] PRUNE: margin=-4.000000, optimistic_rem(widened)=0.000000 → cannot exceed 0.
[173.032s] PRUNE: margin=-4.000000, optimistic_rem(widened)=0.000000 → cannot exceed 0.
[173.236s] PRUNE: margin=-4.000000, optimistic_rem(widened)=0.000000 → cannot exceed 0.
[173.439s] PRUNE: margin=-4.000000, optimistic_rem(widened)=0.000000 → cannot exceed 0.
[173.640s] PRUNE: margin=-4.000000, optimistic_rem(widened)=0.000000 → cannot exceed 0.
[173.844s] PRUNE: margin=-4.000000, optimistic_rem(widened)=0.000000 → cannot exceed 0.
[174.047s] PRUNE: margin=-4.000000, optimistic_rem(widened)=0.000000 → cannot exceed 0.
[174.458s] PRUNE: margin=-4.000000, optimistic_rem(widened)=0.000000 → cannot exceed 0.
[174.662s] PRUNE: margin=-3.500000, optimistic_rem(widened)=0.000000 → cannot exceed 0.
[174.864s] PRUNE: margin=-3.500000, optimistic_rem(widened)=0.000000 → cannot exceed 0.
[175.063s] PRUNE: margin=-3.500000, optimistic_rem(widened)=0.000000 → cannot exceed 0.
[175.266s] PRUNE: margin=-3.500000, optimistic_rem(widened)=0.000000 → cannot exceed 0.
[175.467s] PRUNE: margin=-3.500000, optimistic_rem(widened)=0.000000 → cannot exceed 0.
[175.771s] PRUNE: margin=-1.000000, optimistic_rem(widened)=0.500000 → cannot exceed 0.
[175.974s] PRUNE: margin=-1.000000, optimistic_rem(widened)=0.500000 → cannot exceed 0.
[176.176s] PRUNE: margin=-1.000000, optimistic_rem(widened)=0.500000 → cannot exceed 0.
[176.380s] PRUNE: margin=-1.000000, optimistic_rem(widened)=0.500000 → cannot exceed 0.
[176.585s] PRUNE: margin=-1.000000, optimistic_rem(widened)=0.328125 → cannot exceed 0.
[177.195s] PRUNE: margin=-4.000000, optimistic_rem(widened)=0.625000 → cannot exceed 0.
[177.397s] PRUNE: margin=-4.000000, optimistic_rem(widened)=0.843750 → cannot exceed 0.
[177.701s] PRUNE: margin=-3.500000, optimistic_rem(widened)=0.000000 → cannot exceed 0.
[177.907s] PRUNE: margin=-3.500000, optimistic_rem(widened)=0.000000 → cannot exceed 0.
[178.111s] PRUNE: margin=-3.500000, optimistic_rem(widened)=0.000000 → cannot exceed 0.
[178.314s] PRUNE: margin=-3.500000, optimistic_rem(widened)=0.000000 → cannot exceed 0.
[178.735s] PRUNE: margin=-3.500000, optimistic_rem(widened)=0.000000 → cannot exceed 0.
[178.944s] PRUNE: margin=-3.500000, optimistic_rem(widened)=0.000000 → cannot exceed 0.
[179.137s] PRUNE: margin=-3.500000, optimistic_rem(widened)=0.000000 → cannot exceed 0.
[179.524s] PRUNE: margin=-3.500000, optimistic_rem(widened)=0.000000 → cannot exceed 0.
[179.716s] PRUNE: margin=-3.500000, optimistic_rem(widened)=0.000000 → cannot exceed 0.
[180.102s] PRUNE: margin=-3.500000, optimistic_rem(widened)=0.000000 → cannot exceed 0.
[180.681s] PRUNE: margin=-1.000000, optimistic_rem(widened)=0.828125 → cannot exceed 0.
[180.874s] PRUNE: margin=-1.000000, optimistic_rem(widened)=0.828125 → cannot exceed 0.
[181.069s] PRUNE: margin=-1.000000, optimistic_rem(widened)=0.328125 → cannot exceed 0.
[181.261s] PRUNE: margin=-1.000000, optimistic_rem(widened)=0.546875 → cannot exceed 0.
[181.454s] PRUNE: margin=-1.000000, optimistic_rem(widened)=0.546875 → cannot exceed 0.
[181.743s] PRUNE: margin=-4.000000, optimistic_rem(widened)=0.656250 → cannot exceed 0.
[185.605s] PRUNE: margin=-1.000000, optimistic_rem(widened)=0.000000 → cannot exceed 0.
[185.797s] PRUNE: margin=-1.000000, optimistic_rem(widened)=0.000000 → cannot exceed 0.
[185.990s] PRUNE: margin=-1.000000, optimistic_rem(widened)=0.000000 → cannot exceed 0.
[186.183s] PRUNE: margin=-1.000000, optimistic_rem(widened)=0.000000 → cannot exceed 0.
[186.376s] PRUNE: margin=-1.000000, optimistic_rem(widened)=0.000000 → cannot exceed 0.
[186.569s] PRUNE: margin=-1.250000, optimistic_rem(widened)=0.000000 → cannot exceed 0.
[186.761s] PRUNE: margin=-3.500000, optimistic_rem(widened)=0.000000 → cannot exceed 0.
[188.976s] PRUNE: margin=-1.000000, optimistic_rem(widened)=0.000000 → cannot exceed 0.
[189.169s] PRUNE: margin=-1.000000, optimistic_rem(widened)=0.000000 → cannot exceed 0.
[189.360s] PRUNE: margin=-1.000000, optimistic_rem(widened)=0.000000 → cannot exceed 0.
[189.556s] PRUNE: margin=-1.000000, optimistic_rem(widened)=0.000000 → cannot exceed 0.
[189.749s] PRUNE: margin=-1.000000, optimistic_rem(widened)=0.000000 → cannot exceed 0.
[189.942s] PRUNE: margin=-1.250000, optimistic_rem(widened)=0.000000 → cannot exceed 0.
[190.134s] PRUNE: margin=-3.500000, optimistic_rem(widened)=0.000000 → cannot exceed 0.
[190.520s] PRUNE: margin=-1.000000, optimistic_rem(widened)=0.000000 → cannot exceed 0.
[190.712s] PRUNE: margin=-1.000000, optimistic_rem(widened)=0.000000 → cannot exceed 0.
[191.576s] PRUNE: margin=-1.000000, optimistic_rem(widened)=0.000000 → cannot exceed 0.
[191.769s] PRUNE: margin=-1.000000, optimistic_rem(widened)=0.000000 → cannot exceed 0.
[191.962s] PRUNE: margin=-1.000000, optimistic_rem(widened)=0.000000 → cannot exceed 0.
[192.158s] PRUNE: margin=-3.500000, optimistic_rem(widened)=0.000000 → cannot exceed 0.
[192.354s] PRUNE: margin=-3.500000, optimistic_rem(widened)=0.000000 → cannot exceed 0.
[192.745s] PRUNE: margin=-4.000000, optimistic_rem(widened)=0.000000 → cannot exceed 0.
[192.941s] PRUNE: margin=-3.500000, optimistic_rem(widened)=0.000000 → cannot exceed 0.
[193.137s] PRUNE: margin=-3.500000, optimistic_rem(widened)=0.000000 → cannot exceed 0.
[193.333s] PRUNE: margin=-3.500000, optimistic_rem(widened)=0.000000 → cannot exceed 0.
[193.529s] PRUNE: margin=-3.500000, optimistic_rem(widened)=0.000000 → cannot exceed 0.
[193.725s] PRUNE: margin=-3.500000, optimistic_rem(widened)=0.000000 → cannot exceed 0.
[193.921s] PRUNE: margin=-3.500000, optimistic_rem(widened)=0.000000 → cannot exceed 0.
[194.214s] PRUNE: margin=-1.000000, optimistic_rem(widened)=0.437500 → cannot exceed 0.
[194.410s] PRUNE: margin=-1.000000, optimistic_rem(widened)=0.437500 → cannot exceed 0.
[194.606s] PRUNE: margin=-1.000000, optimistic_rem(widened)=0.437500 → cannot exceed 0.
[194.802s] PRUNE: margin=-1.000000, optimistic_rem(widened)=0.437500 → cannot exceed 0.
[194.998s] PRUNE: margin=-1.000000, optimistic_rem(widened)=0.437500 → cannot exceed 0.
[195.193s] PRUNE: margin=-1.250000, optimistic_rem(widened)=0.937500 → cannot exceed 0.
[196.857s] PRUNE: margin=-1.000000, optimistic_rem(widened)=0.000000 → cannot exceed 0.
[197.053s] PRUNE: margin=-1.000000, optimistic_rem(widened)=0.000000 → cannot exceed 0.
[197.250s] PRUNE: margin=-1.000000, optimistic_rem(widened)=0.000000 → cannot exceed 0.
[197.446s] PRUNE: margin=-1.000000, optimistic_rem(widened)=0.000000 → cannot exceed 0.
[197.641s] PRUNE: margin=-1.000000, optimistic_rem(widened)=0.000000 → cannot exceed 0.
[198.228s] PRUNE: margin=-3.500000, optimistic_rem(widened)=0.000000 → cannot exceed 0.
[198.424s] PRUNE: margin=-3.500000, optimistic_rem(widened)=0.000000 → cannot exceed 0.
[199.696s] PRUNE: margin=-1.000000, optimistic_rem(widened)=0.000000 → cannot exceed 0.
[199.891s] PRUNE: margin=-1.000000, optimistic_rem(widened)=0.000000 → cannot exceed 0.
[200.087s] PRUNE: margin=-1.000000, optimistic_rem(widened)=0.000000 → cannot exceed 0.
[200.283s] PRUNE: margin=-1.000000, optimistic_rem(widened)=0.000000 → cannot exceed 0.
[200.479s] PRUNE: margin=-1.000000, optimistic_rem(widened)=0.000000 → cannot exceed 0.
[200.674s] PRUNE: margin=-3.500000, optimistic_rem(widened)=0.000000 → cannot exceed 0.
[200.870s] PRUNE: margin=-3.500000, optimistic_rem(widened)=0.000000 → cannot exceed 0.
[201.262s] PRUNE: margin=-4.000000, optimistic_rem(widened)=0.000000 → cannot exceed 0.
[201.458s] PRUNE: margin=-3.500000, optimistic_rem(widened)=0.000000 → cannot exceed 0.
[201.653s] PRUNE: margin=-3.500000, optimistic_rem(widened)=0.000000 → cannot exceed 0.
[201.849s] PRUNE: margin=-3.500000, optimistic_rem(widened)=0.000000 → cannot exceed 0.
[202.045s] PRUNE: margin=-3.500000, optimistic_rem(widened)=0.000000 → cannot exceed 0.
[202.241s] PRUNE: margin=-3.500000, optimistic_rem(widened)=0.000000 → cannot exceed 0.
[202.437s] PRUNE: margin=-3.500000, optimistic_rem(widened)=0.000000 → cannot exceed 0.
[202.731s] PRUNE: margin=-1.000000, optimistic_rem(widened)=0.453125 → cannot exceed 0.
[202.927s] PRUNE: margin=-1.000000, optimistic_rem(widened)=0.453125 → cannot exceed 0.
[203.122s] PRUNE: margin=-1.000000, optimistic_rem(widened)=0.437500 → cannot exceed 0.
[203.318s] PRUNE: margin=-1.000000, optimistic_rem(widened)=0.437500 → cannot exceed 0.
[203.514s] PRUNE: margin=-1.000000, optimistic_rem(widened)=0.437500 → cannot exceed 0.
[203.710s] PRUNE: margin=-1.250000, optimistic_rem(widened)=0.937500 → cannot exceed 0.
[205.269s] PRUNE: margin=-1.000000, optimistic_rem(widened)=0.000000 → cannot exceed 0.
[205.464s] PRUNE: margin=-1.000000, optimistic_rem(widened)=0.000000 → cannot exceed 0.
[205.660s] PRUNE: margin=-1.000000, optimistic_rem(widened)=0.000000 → cannot exceed 0.
[205.855s] PRUNE: margin=-1.000000, optimistic_rem(widened)=0.000000 → cannot exceed 0.
[206.051s] PRUNE: margin=-1.000000, optimistic_rem(widened)=0.000000 → cannot exceed 0.
[206.247s] PRUNE: margin=-3.500000, optimistic_rem(widened)=0.000000 → cannot exceed 0.
[206.443s] PRUNE: margin=-3.500000, optimistic_rem(widened)=0.000000 → cannot exceed 0.
[206.834s] PRUNE: margin=-4.000000, optimistic_rem(widened)=0.000000 → cannot exceed 0.
[207.030s] PRUNE: margin=-3.500000, optimistic_rem(widened)=0.000000 → cannot exceed 0.
[207.226s] PRUNE: margin=-3.500000, optimistic_rem(widened)=0.000000 → cannot exceed 0.
[207.422s] PRUNE: margin=-3.500000, optimistic_rem(widened)=0.000000 → cannot exceed 0.
[207.617s] PRUNE: margin=-3.500000, optimistic_rem(widened)=0.000000 → cannot exceed 0.
[207.813s] PRUNE: margin=-3.500000, optimistic_rem(widened)=0.000000 → cannot exceed 0.
[208.009s] PRUNE: margin=-3.500000, optimistic_rem(widened)=0.000000 → cannot exceed 0.
[208.303s] PRUNE: margin=-1.000000, optimistic_rem(widened)=0.500000 → cannot exceed 0.
[208.499s] PRUNE: margin=-1.000000, optimistic_rem(widened)=0.500000 → cannot exceed 0.
[208.695s] PRUNE: margin=-1.000000, optimistic_rem(widened)=0.500000 → cannot exceed 0.
[208.890s] PRUNE: margin=-1.000000, optimistic_rem(widened)=0.453125 → cannot exceed 0.
[209.086s] PRUNE: margin=-1.000000, optimistic_rem(widened)=0.437500 → cannot exceed 0.
[209.282s] PRUNE: margin=-1.250000, optimistic_rem(widened)=0.937500 → cannot exceed 0.
[209.869s] PRUNE: margin=-1.000000, optimistic_rem(widened)=0.453125 → cannot exceed 0.
[210.163s] PRUNE: margin=-4.000000, optimistic_rem(widened)=0.000000 → cannot exceed 0.
[210.359s] PRUNE: margin=-4.000000, optimistic_rem(widened)=0.000000 → cannot exceed 0.
[210.555s] PRUNE: margin=-3.500000, optimistic_rem(widened)=0.000000 → cannot exceed 0.
[210.750s] PRUNE: margin=-3.500000, optimistic_rem(widened)=0.000000 → cannot exceed 0.
[210.946s] PRUNE: margin=-3.500000, optimistic_rem(widened)=0.000000 → cannot exceed 0.
[211.158s] PRUNE: margin=-3.500000, optimistic_rem(widened)=0.000000 → cannot exceed 0.
[211.457s] PRUNE: margin=-1.000000, optimistic_rem(widened)=0.453125 → cannot exceed 0.
[211.653s] PRUNE: margin=-1.000000, optimistic_rem(widened)=0.453125 → cannot exceed 0.
[211.849s] PRUNE: margin=-1.000000, optimistic_rem(widened)=0.453125 → cannot exceed 0.
[212.044s] PRUNE: margin=-1.000000, optimistic_rem(widened)=0.453125 → cannot exceed 0.
[212.338s] PRUNE: margin=-4.000000, optimistic_rem(widened)=0.000000 → cannot exceed 0.
[213.023s] PRUNE: margin=-4.000000, optimistic_rem(widened)=0.625000 → cannot exceed 0.
[213.317s] PRUNE: margin=-3.500000, optimistic_rem(widened)=0.000000 → cannot exceed 0.
[213.513s] PRUNE: margin=-3.500000, optimistic_rem(widened)=0.000000 → cannot exceed 0.
[213.709s] PRUNE: margin=-3.500000, optimistic_rem(widened)=0.000000 → cannot exceed 0.
[213.905s] PRUNE: margin=-3.500000, optimistic_rem(widened)=0.000000 → cannot exceed 0.
[214.101s] PRUNE: margin=-3.500000, optimistic_rem(widened)=0.000000 → cannot exceed 0.
[214.493s] PRUNE: margin=-3.500000, optimistic_rem(widened)=0.000000 → cannot exceed 0.
[214.689s] PRUNE: margin=-3.500000, optimistic_rem(widened)=0.000000 → cannot exceed 0.
[214.885s] PRUNE: margin=-3.500000, optimistic_rem(widened)=0.000000 → cannot exceed 0.
[215.081s] PRUNE: margin=-3.500000, optimistic_rem(widened)=0.000000 → cannot exceed 0.
[215.473s] PRUNE: margin=-3.500000, optimistic_rem(widened)=0.000000 → cannot exceed 0.
[215.669s] PRUNE: margin=-3.500000, optimistic_rem(widened)=0.000000 → cannot exceed 0.
[215.865s] PRUNE: margin=-3.500000, optimistic_rem(widened)=0.000000 → cannot exceed 0.
[216.257s] PRUNE: margin=-3.500000, optimistic_rem(widened)=0.000000 → cannot exceed 0.
[216.453s] PRUNE: margin=-3.500000, optimistic_rem(widened)=0.000000 → cannot exceed 0.
[216.845s] PRUNE: margin=-3.500000, optimistic_rem(widened)=0.000000 → cannot exceed 0.
[217.433s] PRUNE: margin=-1.000000, optimistic_rem(widened)=0.687500 → cannot exceed 0.
[217.629s] PRUNE: margin=-1.000000, optimistic_rem(widened)=0.687500 → cannot exceed 0.
[217.824s] PRUNE: margin=-1.000000, optimistic_rem(widened)=0.687500 → cannot exceed 0.
[218.020s] PRUNE: margin=-1.000000, optimistic_rem(widened)=0.687500 → cannot exceed 0.
[218.215s] PRUNE: margin=-1.000000, optimistic_rem(widened)=0.562500 → cannot exceed 0.
[221.232s] PRUNE: margin=-1.000000, optimistic_rem(widened)=0.000000 → cannot exceed 0.
[221.427s] PRUNE: margin=-1.000000, optimistic_rem(widened)=0.000000 → cannot exceed 0.
[221.622s] PRUNE: margin=-1.000000, optimistic_rem(widened)=0.000000 → cannot exceed 0.
[221.816s] PRUNE: margin=-1.000000, optimistic_rem(widened)=0.000000 → cannot exceed 0.
[222.011s] PRUNE: margin=-1.000000, optimistic_rem(widened)=0.000000 → cannot exceed 0.
[222.205s] PRUNE: margin=-1.250000, optimistic_rem(widened)=0.000000 → cannot exceed 0.
[222.400s] PRUNE: margin=-3.500000, optimistic_rem(widened)=0.000000 → cannot exceed 0.
[222.789s] PRUNE: margin=-1.000000, optimistic_rem(widened)=0.000000 → cannot exceed 0.
[223.763s] PRUNE: margin=-1.000000, optimistic_rem(widened)=0.000000 → cannot exceed 0.
[223.957s] PRUNE: margin=-1.000000, optimistic_rem(widened)=0.000000 → cannot exceed 0.
[224.152s] PRUNE: margin=-1.000000, optimistic_rem(widened)=0.000000 → cannot exceed 0.
[224.347s] PRUNE: margin=-1.000000, optimistic_rem(widened)=0.000000 → cannot exceed 0.
[224.541s] PRUNE: margin=-3.500000, optimistic_rem(widened)=0.000000 → cannot exceed 0.
[224.736s] PRUNE: margin=-3.500000, optimistic_rem(widened)=0.000000 → cannot exceed 0.
[225.125s] PRUNE: margin=-4.000000, optimistic_rem(widened)=0.000000 → cannot exceed 0.
[225.320s] PRUNE: margin=-3.500000, optimistic_rem(widened)=0.000000 → cannot exceed 0.
[225.515s] PRUNE: margin=-3.500000, optimistic_rem(widened)=0.000000 → cannot exceed 0.
[225.710s] PRUNE: margin=-3.500000, optimistic_rem(widened)=0.000000 → cannot exceed 0.
[225.905s] PRUNE: margin=-3.500000, optimistic_rem(widened)=0.000000 → cannot exceed 0.
[226.100s] PRUNE: margin=-3.500000, optimistic_rem(widened)=0.000000 → cannot exceed 0.
[226.296s] PRUNE: margin=-3.500000, optimistic_rem(widened)=0.000000 → cannot exceed 0.
[226.588s] PRUNE: margin=-1.000000, optimistic_rem(widened)=0.437500 → cannot exceed 0.
[226.782s] PRUNE: margin=-1.000000, optimistic_rem(widened)=0.437500 → cannot exceed 0.
[226.980s] PRUNE: margin=-1.000000, optimistic_rem(widened)=0.437500 → cannot exceed 0.
[227.175s] PRUNE: margin=-1.000000, optimistic_rem(widened)=0.437500 → cannot exceed 0.
[227.370s] PRUNE: margin=-1.000000, optimistic_rem(widened)=0.437500 → cannot exceed 0.
[227.564s] PRUNE: margin=-1.250000, optimistic_rem(widened)=0.937500 → cannot exceed 0.
[229.128s] PRUNE: margin=-1.000000, optimistic_rem(widened)=0.000000 → cannot exceed 0.
[229.365s] PRUNE: margin=-1.000000, optimistic_rem(widened)=0.000000 → cannot exceed 0.
[229.575s] PRUNE: margin=-1.000000, optimistic_rem(widened)=0.000000 → cannot exceed 0.
[229.769s] PRUNE: margin=-1.000000, optimistic_rem(widened)=0.000000 → cannot exceed 0.
[229.962s] PRUNE: margin=-1.000000, optimistic_rem(widened)=0.000000 → cannot exceed 0.
[230.156s] PRUNE: margin=-3.500000, optimistic_rem(widened)=0.000000 → cannot exceed 0.
[230.350s] PRUNE: margin=-3.500000, optimistic_rem(widened)=0.000000 → cannot exceed 0.
[230.738s] PRUNE: margin=-4.000000, optimistic_rem(widened)=0.000000 → cannot exceed 0.
[230.932s] PRUNE: margin=-3.500000, optimistic_rem(widened)=0.000000 → cannot exceed 0.
[231.126s] PRUNE: margin=-3.500000, optimistic_rem(widened)=0.000000 → cannot exceed 0.
[231.320s] PRUNE: margin=-3.500000, optimistic_rem(widened)=0.000000 → cannot exceed 0.
[231.514s] PRUNE: margin=-3.500000, optimistic_rem(widened)=0.000000 → cannot exceed 0.
[231.686s] PRUNE: margin=-3.500000, optimistic_rem(widened)=0.000000 → cannot exceed 0.
[231.835s] PRUNE: margin=-3.500000, optimistic_rem(widened)=0.000000 → cannot exceed 0.
[232.128s] PRUNE: margin=-1.000000, optimistic_rem(widened)=0.453125 → cannot exceed 0.
[232.324s] PRUNE: margin=-1.000000, optimistic_rem(widened)=0.453125 → cannot exceed 0.
[232.520s] PRUNE: margin=-1.000000, optimistic_rem(widened)=0.437500 → cannot exceed 0.
[232.716s] PRUNE: margin=-1.000000, optimistic_rem(widened)=0.437500 → cannot exceed 0.
[232.911s] PRUNE: margin=-1.000000, optimistic_rem(widened)=0.437500 → cannot exceed 0.
[233.107s] PRUNE: margin=-1.250000, optimistic_rem(widened)=0.937500 → cannot exceed 0.
[233.694s] PRUNE: margin=-1.000000, optimistic_rem(widened)=0.500000 → cannot exceed 0.
[233.890s] PRUNE: margin=-1.000000, optimistic_rem(widened)=0.500000 → cannot exceed 0.
[234.086s] PRUNE: margin=-1.000000, optimistic_rem(widened)=0.500000 → cannot exceed 0.
[234.282s] PRUNE: margin=-1.000000, optimistic_rem(widened)=0.453125 → cannot exceed 0.
[234.478s] PRUNE: margin=-1.000000, optimistic_rem(widened)=0.453125 → cannot exceed 0.
[234.771s] PRUNE: margin=-4.000000, optimistic_rem(widened)=0.000000 → cannot exceed 0.
[234.967s] PRUNE: margin=-3.500000, optimistic_rem(widened)=0.000000 → cannot exceed 0.
[235.359s] PRUNE: margin=-4.000000, optimistic_rem(widened)=0.000000 → cannot exceed 0.
[236.044s] PRUNE: margin=-4.000000, optimistic_rem(widened)=0.625000 → cannot exceed 0.
[236.338s] PRUNE: margin=-3.500000, optimistic_rem(widened)=0.000000 → cannot exceed 0.
[236.534s] PRUNE: margin=-3.500000, optimistic_rem(widened)=0.000000 → cannot exceed 0.
[236.730s] PRUNE: margin=-3.500000, optimistic_rem(widened)=0.000000 → cannot exceed 0.
[236.926s] PRUNE: margin=-3.500000, optimistic_rem(widened)=0.000000 → cannot exceed 0.
[237.121s] PRUNE: margin=-3.500000, optimistic_rem(widened)=0.000000 → cannot exceed 0.
[237.513s] PRUNE: margin=-3.500000, optimistic_rem(widened)=0.000000 → cannot exceed 0.
[237.709s] PRUNE: margin=-3.500000, optimistic_rem(widened)=0.000000 → cannot exceed 0.
[237.905s] PRUNE: margin=-3.500000, optimistic_rem(widened)=0.000000 → cannot exceed 0.
[238.101s] PRUNE: margin=-3.500000, optimistic_rem(widened)=0.000000 → cannot exceed 0.
[238.493s] PRUNE: margin=-3.500000, optimistic_rem(widened)=0.000000 → cannot exceed 0.
[238.689s] PRUNE: margin=-3.500000, optimistic_rem(widened)=0.000000 → cannot exceed 0.
[238.885s] PRUNE: margin=-3.500000, optimistic_rem(widened)=0.000000 → cannot exceed 0.
[239.276s] PRUNE: margin=-3.500000, optimistic_rem(widened)=0.000000 → cannot exceed 0.
[239.472s] PRUNE: margin=-3.500000, optimistic_rem(widened)=0.000000 → cannot exceed 0.
[239.864s] PRUNE: margin=-3.500000, optimistic_rem(widened)=0.000000 → cannot exceed 0.
[240.451s] PRUNE: margin=-1.000000, optimistic_rem(widened)=0.687500 → cannot exceed 0.
[240.647s] PRUNE: margin=-1.000000, optimistic_rem(widened)=0.687500 → cannot exceed 0.
[240.843s] PRUNE: margin=-1.000000, optimistic_rem(widened)=0.687500 → cannot exceed 0.
[241.039s] PRUNE: margin=-1.000000, optimistic_rem(widened)=0.687500 → cannot exceed 0.
[241.235s] PRUNE: margin=-1.000000, optimistic_rem(widened)=0.687500 → cannot exceed 0.
[243.290s] PRUNE: margin=-1.000000, optimistic_rem(widened)=0.000000 → cannot exceed 0.
[243.486s] PRUNE: margin=-1.000000, optimistic_rem(widened)=0.000000 → cannot exceed 0.
[243.682s] PRUNE: margin=-1.000000, optimistic_rem(widened)=0.000000 → cannot exceed 0.
[243.878s] PRUNE: margin=-1.000000, optimistic_rem(widened)=0.000000 → cannot exceed 0.
[244.073s] PRUNE: margin=-1.000000, optimistic_rem(widened)=0.000000 → cannot exceed 0.
[244.269s] PRUNE: margin=-3.500000, optimistic_rem(widened)=0.000000 → cannot exceed 0.
[244.465s] PRUNE: margin=-3.500000, optimistic_rem(widened)=0.000000 → cannot exceed 0.
[244.857s] PRUNE: margin=-4.000000, optimistic_rem(widened)=0.000000 → cannot exceed 0.
[245.052s] PRUNE: margin=-3.500000, optimistic_rem(widened)=0.000000 → cannot exceed 0.
[245.248s] PRUNE: margin=-3.500000, optimistic_rem(widened)=0.000000 → cannot exceed 0.
[245.444s] PRUNE: margin=-3.500000, optimistic_rem(widened)=0.000000 → cannot exceed 0.
[245.640s] PRUNE: margin=-3.500000, optimistic_rem(widened)=0.000000 → cannot exceed 0.
[245.836s] PRUNE: margin=-3.500000, optimistic_rem(widened)=0.000000 → cannot exceed 0.
[246.032s] PRUNE: margin=-3.500000, optimistic_rem(widened)=0.000000 → cannot exceed 0.
[246.326s] PRUNE: margin=-1.000000, optimistic_rem(widened)=0.500000 → cannot exceed 0.
[246.522s] PRUNE: margin=-1.000000, optimistic_rem(widened)=0.500000 → cannot exceed 0.
[246.718s] PRUNE: margin=-1.000000, optimistic_rem(widened)=0.500000 → cannot exceed 0.
[246.913s] PRUNE: margin=-1.000000, optimistic_rem(widened)=0.500000 → cannot exceed 0.
[247.109s] PRUNE: margin=-1.000000, optimistic_rem(widened)=0.437500 → cannot exceed 0.
[247.305s] PRUNE: margin=-1.250000, optimistic_rem(widened)=0.937500 → cannot exceed 0.
[247.892s] PRUNE: margin=-1.000000, optimistic_rem(widened)=0.453125 → cannot exceed 0.
[248.155s] PRUNE: margin=-4.000000, optimistic_rem(widened)=0.000000 → cannot exceed 0.
[248.284s] PRUNE: margin=-4.000000, optimistic_rem(widened)=0.000000 → cannot exceed 0.
[248.472s] PRUNE: margin=-3.500000, optimistic_rem(widened)=0.000000 → cannot exceed 0.
[248.668s] PRUNE: margin=-3.500000, optimistic_rem(widened)=0.000000 → cannot exceed 0.
[248.863s] PRUNE: margin=-3.500000, optimistic_rem(widened)=0.000000 → cannot exceed 0.
[249.059s] PRUNE: margin=-3.500000, optimistic_rem(widened)=0.000000 → cannot exceed 0.
[249.353s] PRUNE: margin=-1.000000, optimistic_rem(widened)=0.453125 → cannot exceed 0.
[249.548s] PRUNE: margin=-1.000000, optimistic_rem(widened)=0.453125 → cannot exceed 0.
[249.744s] PRUNE: margin=-1.000000, optimistic_rem(widened)=0.453125 → cannot exceed 0.
[249.881s] PRUNE: margin=-1.000000, optimistic_rem(widened)=0.453125 → cannot exceed 0.
[250.058s] PRUNE: margin=-4.000000, optimistic_rem(widened)=0.000000 → cannot exceed 0.
[250.470s] PRUNE: margin=-4.000000, optimistic_rem(widened)=0.625000 → cannot exceed 0.
[250.743s] PRUNE: margin=-3.500000, optimistic_rem(widened)=0.000000 → cannot exceed 0.
[250.938s] PRUNE: margin=-3.500000, optimistic_rem(widened)=0.000000 → cannot exceed 0.
[251.133s] PRUNE: margin=-3.500000, optimistic_rem(widened)=0.000000 → cannot exceed 0.
[251.328s] PRUNE: margin=-3.500000, optimistic_rem(widened)=0.000000 → cannot exceed 0.
[251.524s] PRUNE: margin=-3.500000, optimistic_rem(widened)=0.000000 → cannot exceed 0.
[251.914s] PRUNE: margin=-3.500000, optimistic_rem(widened)=0.000000 → cannot exceed 0.
[252.109s] PRUNE: margin=-3.500000, optimistic_rem(widened)=0.000000 → cannot exceed 0.
[252.305s] PRUNE: margin=-3.500000, optimistic_rem(widened)=0.000000 → cannot exceed 0.
[252.500s] PRUNE: margin=-3.500000, optimistic_rem(widened)=0.000000 → cannot exceed 0.
[252.891s] PRUNE: margin=-3.500000, optimistic_rem(widened)=0.000000 → cannot exceed 0.
[253.086s] PRUNE: margin=-3.500000, optimistic_rem(widened)=0.000000 → cannot exceed 0.
[253.281s] PRUNE: margin=-3.500000, optimistic_rem(widened)=0.000000 → cannot exceed 0.
[253.672s] PRUNE: margin=-3.500000, optimistic_rem(widened)=0.000000 → cannot exceed 0.
[253.867s] PRUNE: margin=-3.500000, optimistic_rem(widened)=0.000000 → cannot exceed 0.
[254.259s] PRUNE: margin=-3.500000, optimistic_rem(widened)=0.000000 → cannot exceed 0.
[254.844s] PRUNE: margin=-1.000000, optimistic_rem(widened)=0.687500 → cannot exceed 0.
[255.039s] PRUNE: margin=-1.000000, optimistic_rem(widened)=0.687500 → cannot exceed 0.
[255.234s] PRUNE: margin=-1.000000, optimistic_rem(widened)=0.687500 → cannot exceed 0.
[255.429s] PRUNE: margin=-1.000000, optimistic_rem(widened)=0.687500 → cannot exceed 0.
[255.624s] PRUNE: margin=-1.000000, optimistic_rem(widened)=0.562500 → cannot exceed 0.
[256.796s] PRUNE: margin=-4.000000, optimistic_rem(widened)=0.000000 → cannot exceed 0.
[256.992s] PRUNE: margin=-4.000000, optimistic_rem(widened)=0.000000 → cannot exceed 0.
[257.187s] PRUNE: margin=-3.500000, optimistic_rem(widened)=0.000000 → cannot exceed 0.
[257.382s] PRUNE: margin=-3.500000, optimistic_rem(widened)=0.000000 → cannot exceed 0.
[257.577s] PRUNE: margin=-3.500000, optimistic_rem(widened)=0.000000 → cannot exceed 0.
[257.772s] PRUNE: margin=-3.500000, optimistic_rem(widened)=0.000000 → cannot exceed 0.
[257.968s] PRUNE: margin=-3.500000, optimistic_rem(widened)=0.000000 → cannot exceed 0.
[258.260s] PRUNE: margin=-1.000000, optimistic_rem(widened)=0.453125 → cannot exceed 0.
[258.455s] PRUNE: margin=-1.000000, optimistic_rem(widened)=0.453125 → cannot exceed 0.
[258.650s] PRUNE: margin=-1.000000, optimistic_rem(widened)=0.453125 → cannot exceed 0.
[258.845s] PRUNE: margin=-1.000000, optimistic_rem(widened)=0.453125 → cannot exceed 0.
[259.040s] PRUNE: margin=-1.000000, optimistic_rem(widened)=0.453125 → cannot exceed 0.
[259.333s] PRUNE: margin=-4.000000, optimistic_rem(widened)=0.000000 → cannot exceed 0.
[260.016s] PRUNE: margin=-4.000000, optimistic_rem(widened)=0.625000 → cannot exceed 0.
[260.309s] PRUNE: margin=-4.000000, optimistic_rem(widened)=0.000000 → cannot exceed 0.
[260.504s] PRUNE: margin=-3.500000, optimistic_rem(widened)=0.000000 → cannot exceed 0.
[260.700s] PRUNE: margin=-3.500000, optimistic_rem(widened)=0.000000 → cannot exceed 0.
[260.895s] PRUNE: margin=-3.500000, optimistic_rem(widened)=0.000000 → cannot exceed 0.
[261.090s] PRUNE: margin=-3.500000, optimistic_rem(widened)=0.000000 → cannot exceed 0.
[261.481s] PRUNE: margin=-3.500000, optimistic_rem(widened)=0.000000 → cannot exceed 0.
[261.676s] PRUNE: margin=-3.500000, optimistic_rem(widened)=0.000000 → cannot exceed 0.
[261.871s] PRUNE: margin=-3.500000, optimistic_rem(widened)=0.000000 → cannot exceed 0.
[262.067s] PRUNE: margin=-3.500000, optimistic_rem(widened)=0.000000 → cannot exceed 0.
[262.457s] PRUNE: margin=-3.500000, optimistic_rem(widened)=0.000000 → cannot exceed 0.
[262.656s] PRUNE: margin=-3.500000, optimistic_rem(widened)=0.000000 → cannot exceed 0.
[262.860s] PRUNE: margin=-3.500000, optimistic_rem(widened)=0.000000 → cannot exceed 0.
[263.260s] PRUNE: margin=-3.500000, optimistic_rem(widened)=0.000000 → cannot exceed 0.
[263.457s] PRUNE: margin=-3.500000, optimistic_rem(widened)=0.000000 → cannot exceed 0.
[263.848s] PRUNE: margin=-3.500000, optimistic_rem(widened)=0.000000 → cannot exceed 0.
[264.434s] PRUNE: margin=-1.000000, optimistic_rem(widened)=0.578125 → cannot exceed 0.
[264.630s] PRUNE: margin=-1.000000, optimistic_rem(widened)=0.578125 → cannot exceed 0.
[264.825s] PRUNE: margin=-1.000000, optimistic_rem(widened)=0.578125 → cannot exceed 0.
[265.020s] PRUNE: margin=-1.000000, optimistic_rem(widened)=0.687500 → cannot exceed 0.
[265.215s] PRUNE: margin=-1.000000, optimistic_rem(widened)=0.687500 → cannot exceed 0.
[266.191s] PRUNE: margin=-1.000000, optimistic_rem(widened)=0.453125 → cannot exceed 0.
[266.387s] PRUNE: margin=-1.000000, optimistic_rem(widened)=0.453125 → cannot exceed 0.
[266.679s] PRUNE: margin=-4.000000, optimistic_rem(widened)=0.812500 → cannot exceed 0.
[266.972s] PRUNE: margin=-4.000000, optimistic_rem(widened)=0.000000 → cannot exceed 0.
[267.168s] PRUNE: margin=-4.000000, optimistic_rem(widened)=0.000000 → cannot exceed 0.
[267.363s] PRUNE: margin=-4.000000, optimistic_rem(widened)=0.000000 → cannot exceed 0.
[267.754s] PRUNE: margin=-3.500000, optimistic_rem(widened)=0.000000 → cannot exceed 0.
[267.949s] PRUNE: margin=-3.500000, optimistic_rem(widened)=0.000000 → cannot exceed 0.
[268.340s] PRUNE: margin=-3.500000, optimistic_rem(widened)=0.000000 → cannot exceed 0.
[268.926s] PRUNE: margin=-1.000000, optimistic_rem(widened)=0.953125 → cannot exceed 0.
[269.121s] PRUNE: margin=-1.000000, optimistic_rem(widened)=0.953125 → cannot exceed 0.
[269.316s] PRUNE: margin=-1.000000, optimistic_rem(widened)=0.468750 → cannot exceed 0.
[269.609s] PRUNE: margin=-4.000000, optimistic_rem(widened)=0.625000 → cannot exceed 0.
[270.293s] PRUNE: margin=-4.000000, optimistic_rem(widened)=1.218750 → cannot exceed 0.
[270.684s] PRUNE: margin=-3.500000, optimistic_rem(widened)=0.000000 → cannot exceed 0.
[270.879s] PRUNE: margin=-3.500000, optimistic_rem(widened)=0.000000 → cannot exceed 0.
[271.074s] PRUNE: margin=-3.500000, optimistic_rem(widened)=0.000000 → cannot exceed 0.
[271.270s] PRUNE: margin=-3.500000, optimistic_rem(widened)=0.000000 → cannot exceed 0.
[271.661s] PRUNE: margin=-3.500000, optimistic_rem(widened)=0.000000 → cannot exceed 0.
[271.856s] PRUNE: margin=-3.500000, optimistic_rem(widened)=0.000000 → cannot exceed 0.
[272.052s] PRUNE: margin=-3.500000, optimistic_rem(widened)=0.000000 → cannot exceed 0.
[272.443s] PRUNE: margin=-3.500000, optimistic_rem(widened)=0.000000 → cannot exceed 0.
[272.638s] PRUNE: margin=-3.500000, optimistic_rem(widened)=0.000000 → cannot exceed 0.
[273.029s] PRUNE: margin=-4.000000, optimistic_rem(widened)=0.000000 → cannot exceed 0.
[273.811s] PRUNE: margin=-3.500000, optimistic_rem(widened)=0.000000 → cannot exceed 0.
[274.006s] PRUNE: margin=-3.500000, optimistic_rem(widened)=0.000000 → cannot exceed 0.
[274.202s] PRUNE: margin=-3.500000, optimistic_rem(widened)=0.000000 → cannot exceed 0.
[274.592s] PRUNE: margin=-3.500000, optimistic_rem(widened)=0.000000 → cannot exceed 0.
[274.788s] PRUNE: margin=-3.500000, optimistic_rem(widened)=0.000000 → cannot exceed 0.
[275.179s] PRUNE: margin=-3.500000, optimistic_rem(widened)=0.000000 → cannot exceed 0.
[275.961s] PRUNE: margin=-3.500000, optimistic_rem(widened)=0.000000 → cannot exceed 0.
[276.156s] PRUNE: margin=-3.500000, optimistic_rem(widened)=0.000000 → cannot exceed 0.
[276.547s] PRUNE: margin=-3.500000, optimistic_rem(widened)=0.000000 → cannot exceed 0.
[277.328s] PRUNE: margin=-3.500000, optimistic_rem(widened)=0.000000 → cannot exceed 0.
[280.062s] PRUNE: margin=-3.500000, optimistic_rem(widened)=1.812500 → cannot exceed 0.
[281.136s] PRUNE: margin=-3.500000, optimistic_rem(widened)=1.812500 → cannot exceed 0.
[282.210s] PRUNE: margin=-4.000000, optimistic_rem(widened)=0.687500 → cannot exceed 0.
[283.674s] PRUNE: margin=-3.500000, optimistic_rem(widened)=1.812500 → cannot exceed 0.
[284.747s] PRUNE: margin=-4.000000, optimistic_rem(widened)=0.687500 → cannot exceed 0.
[286.212s] PRUNE: margin=-4.000000, optimistic_rem(widened)=0.687500 → cannot exceed 0.
[286.993s] PRUNE: margin=-4.000000, optimistic_rem(widened)=0.687500 → cannot exceed 0.
[289.238s] PRUNE: margin=-3.500000, optimistic_rem(widened)=1.812500 → cannot exceed 0.
[290.312s] PRUNE: margin=-4.000000, optimistic_rem(widened)=0.687500 → cannot exceed 0.
[291.780s] PRUNE: margin=-4.000000, optimistic_rem(widened)=0.687500 → cannot exceed 0.
[292.558s] PRUNE: margin=-4.000000, optimistic_rem(widened)=0.687500 → cannot exceed 0.
[294.113s] PRUNE: margin=-3.500000, optimistic_rem(widened)=1.812500 → cannot exceed 0.
[294.696s] PRUNE: margin=-4.000000, optimistic_rem(widened)=0.687500 → cannot exceed 0.
[295.474s] PRUNE: margin=-4.000000, optimistic_rem(widened)=0.687500 → cannot exceed 0.
[297.028s] PRUNE: margin=-4.000000, optimistic_rem(widened)=0.687500 → cannot exceed 0.
[299.555s] No counterexample within budgets (BaB): no misclassification found.
STATUS: No counterexample | best_upper_margin=24.000000 | elapsed=299.555s | pixels_changed=0 | total_bit_flips=0 | avg_hamming_per_pixel=0.000000 | patch_rows=13-26 | patch_cols=12-16 | note=no_counterexample_within_budgets
