[  0.000s] init: idx=6524 kmax=2 bmax=4 topx=2 widen=1.000 rank_fast=off
clean logits (hex):  0x84  0x85  0x8e  0x97  0x0a  0x9b  0x87  0x9e  0xb8  0x70
clean logits (bits): 10000100 10000101 10001110 10010111 00001010 10011011 10000111 10011110 10111000 01110000
clean logits (double): -16.000000 -14.000000 -5.000000 -3.125000 +0.156250 -2.625000 -10.000000 -2.250000 -1.250000 +4.000000
[  0.009s] clean prediction: 9 (true label 9)
[ 39.696s] selection: nSym=2 (from 784), topx=2, rank_fast=off
[ 39.696s] active patch: rows 11-21, cols 14-22 (derived from symPix)
[ 40.257s] Proceeding to BaB (greedy enabled).
[ 40.257s] Skipping root bound check (--no-root-bound).
[ 40.257s] BaB search starting (K≤2, B≤4, nSym=2, depth_limit=500000000, widen=1.00)...
[ 40.657s] PRUNE: margin=-4.093750, optimistic_rem(widened)=4.062500 → cannot exceed 0.
[ 40.957s] PRUNE: margin=-4.687500, optimistic_rem(widened)=0.000000 → cannot exceed 0.
[ 41.157s] PRUNE: margin=-4.687500, optimistic_rem(widened)=0.000000 → cannot exceed 0.
[ 41.363s] PRUNE: margin=-4.390625, optimistic_rem(widened)=2.906250 → cannot exceed 0.
[ 41.565s] PRUNE: margin=-4.390625, optimistic_rem(widened)=2.906250 → cannot exceed 0.
[ 41.766s] PRUNE: margin=-4.390625, optimistic_rem(widened)=2.906250 → cannot exceed 0.
[ 41.968s] PRUNE: margin=-6.500000, optimistic_rem(widened)=0.656250 → cannot exceed 0.
[ 42.169s] PRUNE: margin=-4.390625, optimistic_rem(widened)=0.000000 → cannot exceed 0.
[ 42.370s] PRUNE: margin=-4.390625, optimistic_rem(widened)=0.000000 → cannot exceed 0.
[ 42.572s] PRUNE: margin=-4.390625, optimistic_rem(widened)=0.000000 → cannot exceed 0.
[ 42.773s] PRUNE: margin=-5.843750, optimistic_rem(widened)=0.000000 → cannot exceed 0.
[ 42.975s] PRUNE: margin=-5.843750, optimistic_rem(widened)=0.000000 → cannot exceed 0.
[ 43.176s] PRUNE: margin=-5.843750, optimistic_rem(widened)=0.000000 → cannot exceed 0.
[ 43.579s] PRUNE: margin=-4.390625, optimistic_rem(widened)=2.906250 → cannot exceed 0.
[ 43.780s] PRUNE: margin=-4.390625, optimistic_rem(widened)=2.906250 → cannot exceed 0.
[ 43.981s] PRUNE: margin=-6.500000, optimistic_rem(widened)=0.656250 → cannot exceed 0.
[ 44.182s] PRUNE: margin=-4.390625, optimistic_rem(widened)=0.000000 → cannot exceed 0.
[ 44.384s] PRUNE: margin=-4.390625, optimistic_rem(widened)=0.000000 → cannot exceed 0.
[ 44.585s] PRUNE: margin=-4.390625, optimistic_rem(widened)=0.000000 → cannot exceed 0.
[ 44.787s] PRUNE: margin=-4.390625, optimistic_rem(widened)=0.000000 → cannot exceed 0.
[ 44.989s] PRUNE: margin=-4.390625, optimistic_rem(widened)=0.000000 → cannot exceed 0.
[ 45.191s] PRUNE: margin=-5.843750, optimistic_rem(widened)=0.000000 → cannot exceed 0.
[ 45.392s] PRUNE: margin=-5.843750, optimistic_rem(widened)=0.000000 → cannot exceed 0.
[ 45.593s] PRUNE: margin=-5.843750, optimistic_rem(widened)=0.000000 → cannot exceed 0.
[ 45.996s] PRUNE: margin=-4.687500, optimistic_rem(widened)=2.781250 → cannot exceed 0.
[ 46.197s] PRUNE: margin=-6.500000, optimistic_rem(widened)=0.656250 → cannot exceed 0.
[ 46.399s] PRUNE: margin=-4.687500, optimistic_rem(widened)=0.000000 → cannot exceed 0.
[ 46.600s] PRUNE: margin=-4.687500, optimistic_rem(widened)=0.000000 → cannot exceed 0.
[ 46.791s] PRUNE: margin=-4.687500, optimistic_rem(widened)=0.000000 → cannot exceed 0.
[ 46.992s] PRUNE: margin=-4.687500, optimistic_rem(widened)=0.000000 → cannot exceed 0.
[ 47.194s] PRUNE: margin=-4.687500, optimistic_rem(widened)=0.000000 → cannot exceed 0.
[ 47.395s] PRUNE: margin=-4.687500, optimistic_rem(widened)=0.000000 → cannot exceed 0.
[ 47.596s] PRUNE: margin=-5.843750, optimistic_rem(widened)=0.000000 → cannot exceed 0.
[ 47.796s] PRUNE: margin=-5.843750, optimistic_rem(widened)=0.000000 → cannot exceed 0.
[ 48.065s] PRUNE: margin=-6.500000, optimistic_rem(widened)=0.656250 → cannot exceed 0.
[ 48.186s] PRUNE: margin=-4.687500, optimistic_rem(widened)=0.000000 → cannot exceed 0.
[ 48.318s] PRUNE: margin=-4.687500, optimistic_rem(widened)=0.000000 → cannot exceed 0.
[ 48.441s] PRUNE: margin=-4.687500, optimistic_rem(widened)=0.000000 → cannot exceed 0.
[ 48.564s] PRUNE: margin=-4.687500, optimistic_rem(widened)=0.000000 → cannot exceed 0.
[ 48.687s] PRUNE: margin=-4.687500, optimistic_rem(widened)=0.000000 → cannot exceed 0.
[ 48.809s] PRUNE: margin=-4.687500, optimistic_rem(widened)=0.000000 → cannot exceed 0.
[ 48.930s] PRUNE: margin=-5.843750, optimistic_rem(widened)=0.000000 → cannot exceed 0.
[ 49.052s] PRUNE: margin=-5.843750, optimistic_rem(widened)=0.000000 → cannot exceed 0.
[ 49.299s] PRUNE: margin=-6.500000, optimistic_rem(widened)=0.000000 → cannot exceed 0.
[ 49.424s] PRUNE: margin=-6.500000, optimistic_rem(widened)=0.000000 → cannot exceed 0.
[ 49.545s] PRUNE: margin=-6.500000, optimistic_rem(widened)=0.000000 → cannot exceed 0.
[ 49.668s] PRUNE: margin=-6.500000, optimistic_rem(widened)=0.000000 → cannot exceed 0.
[ 49.790s] PRUNE: margin=-6.500000, optimistic_rem(widened)=0.000000 → cannot exceed 0.
[ 49.910s] PRUNE: margin=-6.500000, optimistic_rem(widened)=0.000000 → cannot exceed 0.
[ 50.032s] PRUNE: margin=-6.500000, optimistic_rem(widened)=0.000000 → cannot exceed 0.
[ 50.156s] PRUNE: margin=-6.500000, optimistic_rem(widened)=0.000000 → cannot exceed 0.
[ 50.348s] PRUNE: margin=-4.687500, optimistic_rem(widened)=2.500000 → cannot exceed 0.
[ 50.471s] PRUNE: margin=-4.687500, optimistic_rem(widened)=2.500000 → cannot exceed 0.
[ 50.593s] PRUNE: margin=-4.687500, optimistic_rem(widened)=2.500000 → cannot exceed 0.
[ 50.715s] PRUNE: margin=-4.687500, optimistic_rem(widened)=2.500000 → cannot exceed 0.
[ 50.837s] PRUNE: margin=-4.687500, optimistic_rem(widened)=2.500000 → cannot exceed 0.
[ 50.964s] PRUNE: margin=-4.687500, optimistic_rem(widened)=2.500000 → cannot exceed 0.
[ 51.147s] PRUNE: margin=-5.843750, optimistic_rem(widened)=0.000000 → cannot exceed 0.
[ 51.636s] PRUNE: margin=-4.390625, optimistic_rem(widened)=2.906250 → cannot exceed 0.
[ 51.764s] PRUNE: margin=-6.500000, optimistic_rem(widened)=0.656250 → cannot exceed 0.
[ 51.883s] PRUNE: margin=-6.500000, optimistic_rem(widened)=0.656250 → cannot exceed 0.
[ 52.004s] PRUNE: margin=-6.500000, optimistic_rem(widened)=0.656250 → cannot exceed 0.
[ 52.123s] PRUNE: margin=-4.390625, optimistic_rem(widened)=0.000000 → cannot exceed 0.
[ 52.243s] PRUNE: margin=-4.390625, optimistic_rem(widened)=0.000000 → cannot exceed 0.
[ 52.364s] PRUNE: margin=-6.500000, optimistic_rem(widened)=0.000000 → cannot exceed 0.
[ 52.490s] PRUNE: margin=-6.500000, optimistic_rem(widened)=0.000000 → cannot exceed 0.
[ 52.612s] PRUNE: margin=-6.500000, optimistic_rem(widened)=0.000000 → cannot exceed 0.
[ 52.737s] PRUNE: margin=-6.500000, optimistic_rem(widened)=0.000000 → cannot exceed 0.
[ 52.855s] PRUNE: margin=-5.843750, optimistic_rem(widened)=0.000000 → cannot exceed 0.
[ 52.978s] PRUNE: margin=-5.843750, optimistic_rem(widened)=0.000000 → cannot exceed 0.
[ 53.221s] PRUNE: margin=-5.843750, optimistic_rem(widened)=0.000000 → cannot exceed 0.
[ 53.346s] PRUNE: margin=-6.500000, optimistic_rem(widened)=0.656250 → cannot exceed 0.
[ 53.467s] PRUNE: margin=-6.500000, optimistic_rem(widened)=0.656250 → cannot exceed 0.
[ 53.592s] PRUNE: margin=-6.500000, optimistic_rem(widened)=0.656250 → cannot exceed 0.
[ 53.726s] PRUNE: margin=-6.500000, optimistic_rem(widened)=0.000000 → cannot exceed 0.
[ 53.852s] PRUNE: margin=-6.500000, optimistic_rem(widened)=0.000000 → cannot exceed 0.
[ 53.973s] PRUNE: margin=-6.500000, optimistic_rem(widened)=0.000000 → cannot exceed 0.
[ 54.100s] PRUNE: margin=-6.500000, optimistic_rem(widened)=0.000000 → cannot exceed 0.
[ 54.246s] PRUNE: margin=-6.500000, optimistic_rem(widened)=0.000000 → cannot exceed 0.
[ 54.365s] PRUNE: margin=-6.500000, optimistic_rem(widened)=0.000000 → cannot exceed 0.
[ 54.492s] PRUNE: margin=-6.500000, optimistic_rem(widened)=0.000000 → cannot exceed 0.
[ 54.844s] PRUNE: margin=-5.843750, optimistic_rem(widened)=0.000000 → cannot exceed 0.
[ 55.043s] PRUNE: margin=-6.500000, optimistic_rem(widened)=0.656250 → cannot exceed 0.
[ 55.242s] PRUNE: margin=-6.500000, optimistic_rem(widened)=0.656250 → cannot exceed 0.
[ 55.442s] PRUNE: margin=-6.500000, optimistic_rem(widened)=0.000000 → cannot exceed 0.
[ 55.641s] PRUNE: margin=-6.500000, optimistic_rem(widened)=0.000000 → cannot exceed 0.
[ 55.797s] PRUNE: margin=-6.500000, optimistic_rem(widened)=0.000000 → cannot exceed 0.
[ 55.915s] PRUNE: margin=-6.500000, optimistic_rem(widened)=0.000000 → cannot exceed 0.
[ 56.084s] PRUNE: margin=-6.500000, optimistic_rem(widened)=0.000000 → cannot exceed 0.
[ 56.283s] PRUNE: margin=-6.500000, optimistic_rem(widened)=0.000000 → cannot exceed 0.
[ 56.482s] PRUNE: margin=-6.500000, optimistic_rem(widened)=0.000000 → cannot exceed 0.
[ 56.888s] PRUNE: margin=-5.843750, optimistic_rem(widened)=0.000000 → cannot exceed 0.
[ 57.090s] PRUNE: margin=-6.500000, optimistic_rem(widened)=0.656250 → cannot exceed 0.
[ 57.291s] PRUNE: margin=-6.500000, optimistic_rem(widened)=0.000000 → cannot exceed 0.
[ 57.492s] PRUNE: margin=-6.500000, optimistic_rem(widened)=0.000000 → cannot exceed 0.
[ 57.693s] PRUNE: margin=-6.500000, optimistic_rem(widened)=0.000000 → cannot exceed 0.
[ 57.909s] PRUNE: margin=-6.500000, optimistic_rem(widened)=0.000000 → cannot exceed 0.
[ 58.080s] PRUNE: margin=-6.500000, optimistic_rem(widened)=0.000000 → cannot exceed 0.
[ 58.280s] PRUNE: margin=-6.500000, optimistic_rem(widened)=0.000000 → cannot exceed 0.
[ 58.479s] PRUNE: margin=-6.500000, optimistic_rem(widened)=0.000000 → cannot exceed 0.
[ 58.878s] PRUNE: margin=-5.843750, optimistic_rem(widened)=0.000000 → cannot exceed 0.
[ 59.077s] PRUNE: margin=-6.500000, optimistic_rem(widened)=0.000000 → cannot exceed 0.
[ 59.276s] PRUNE: margin=-6.500000, optimistic_rem(widened)=0.000000 → cannot exceed 0.
[ 59.476s] PRUNE: margin=-6.500000, optimistic_rem(widened)=0.000000 → cannot exceed 0.
[ 59.675s] PRUNE: margin=-6.500000, optimistic_rem(widened)=0.000000 → cannot exceed 0.
[ 59.874s] PRUNE: margin=-6.500000, optimistic_rem(widened)=0.000000 → cannot exceed 0.
[ 60.074s] PRUNE: margin=-6.500000, optimistic_rem(widened)=0.000000 → cannot exceed 0.
[ 60.273s] PRUNE: margin=-6.500000, optimistic_rem(widened)=0.000000 → cannot exceed 0.
[ 60.671s] PRUNE: margin=-5.843750, optimistic_rem(widened)=0.000000 → cannot exceed 0.
[ 60.871s] PRUNE: margin=-6.500000, optimistic_rem(widened)=0.000000 → cannot exceed 0.
[ 61.070s] PRUNE: margin=-6.500000, optimistic_rem(widened)=0.000000 → cannot exceed 0.
[ 61.270s] PRUNE: margin=-6.500000, optimistic_rem(widened)=0.000000 → cannot exceed 0.
[ 61.469s] PRUNE: margin=-6.500000, optimistic_rem(widened)=0.000000 → cannot exceed 0.
[ 61.668s] PRUNE: margin=-6.500000, optimistic_rem(widened)=0.000000 → cannot exceed 0.
[ 61.868s] PRUNE: margin=-6.500000, optimistic_rem(widened)=0.000000 → cannot exceed 0.
[ 62.266s] PRUNE: margin=-5.843750, optimistic_rem(widened)=0.000000 → cannot exceed 0.
[ 62.466s] PRUNE: margin=-6.500000, optimistic_rem(widened)=0.000000 → cannot exceed 0.
[ 62.665s] PRUNE: margin=-6.500000, optimistic_rem(widened)=0.000000 → cannot exceed 0.
[ 62.865s] PRUNE: margin=-6.500000, optimistic_rem(widened)=0.000000 → cannot exceed 0.
[ 63.064s] PRUNE: margin=-6.500000, optimistic_rem(widened)=0.000000 → cannot exceed 0.
[ 63.264s] PRUNE: margin=-6.500000, optimistic_rem(widened)=0.000000 → cannot exceed 0.
[ 63.662s] PRUNE: margin=-5.843750, optimistic_rem(widened)=0.000000 → cannot exceed 0.
[ 63.862s] PRUNE: margin=-6.500000, optimistic_rem(widened)=0.000000 → cannot exceed 0.
[ 64.061s] PRUNE: margin=-6.500000, optimistic_rem(widened)=0.000000 → cannot exceed 0.
[ 64.260s] PRUNE: margin=-6.500000, optimistic_rem(widened)=0.000000 → cannot exceed 0.
[ 64.460s] PRUNE: margin=-6.500000, optimistic_rem(widened)=0.000000 → cannot exceed 0.
[ 64.858s] PRUNE: margin=-5.843750, optimistic_rem(widened)=0.000000 → cannot exceed 0.
[ 65.058s] PRUNE: margin=-5.843750, optimistic_rem(widened)=0.000000 → cannot exceed 0.
[ 65.257s] PRUNE: margin=-6.500000, optimistic_rem(widened)=0.000000 → cannot exceed 0.
[ 65.456s] PRUNE: margin=-6.500000, optimistic_rem(widened)=0.000000 → cannot exceed 0.
[ 65.855s] PRUNE: margin=-5.843750, optimistic_rem(widened)=0.000000 → cannot exceed 0.
[ 66.054s] PRUNE: margin=-5.843750, optimistic_rem(widened)=0.000000 → cannot exceed 0.
[ 66.253s] PRUNE: margin=-6.500000, optimistic_rem(widened)=0.000000 → cannot exceed 0.
[ 66.652s] PRUNE: margin=-5.843750, optimistic_rem(widened)=0.000000 → cannot exceed 0.
[ 66.852s] PRUNE: margin=-5.843750, optimistic_rem(widened)=0.000000 → cannot exceed 0.
[ 67.250s] PRUNE: margin=-5.843750, optimistic_rem(widened)=0.000000 → cannot exceed 0.
[ 67.850s] PRUNE: margin=-4.687500, optimistic_rem(widened)=4.000000 → cannot exceed 0.
[ 68.249s] PRUNE: margin=-5.843750, optimistic_rem(widened)=0.000000 → cannot exceed 0.
[ 68.449s] PRUNE: margin=-5.843750, optimistic_rem(widened)=0.000000 → cannot exceed 0.
[ 68.648s] PRUNE: margin=-5.843750, optimistic_rem(widened)=0.000000 → cannot exceed 0.
[ 68.848s] PRUNE: margin=-5.843750, optimistic_rem(widened)=0.000000 → cannot exceed 0.
[ 69.047s] PRUNE: margin=-5.843750, optimistic_rem(widened)=0.000000 → cannot exceed 0.
[ 69.247s] PRUNE: margin=-5.843750, optimistic_rem(widened)=0.000000 → cannot exceed 0.
[ 69.446s] PRUNE: margin=-5.843750, optimistic_rem(widened)=0.000000 → cannot exceed 0.
[ 69.646s] PRUNE: margin=-5.843750, optimistic_rem(widened)=0.000000 → cannot exceed 0.
[ 69.845s] PRUNE: margin=-5.843750, optimistic_rem(widened)=0.000000 → cannot exceed 0.
[ 70.045s] PRUNE: margin=-5.843750, optimistic_rem(widened)=0.000000 → cannot exceed 0.
[ 70.444s] PRUNE: margin=-5.843750, optimistic_rem(widened)=0.000000 → cannot exceed 0.
[ 70.643s] PRUNE: margin=-5.843750, optimistic_rem(widened)=0.000000 → cannot exceed 0.
[ 70.843s] PRUNE: margin=-5.843750, optimistic_rem(widened)=0.000000 → cannot exceed 0.
[ 71.042s] PRUNE: margin=-5.843750, optimistic_rem(widened)=0.000000 → cannot exceed 0.
[ 71.242s] PRUNE: margin=-5.843750, optimistic_rem(widened)=0.000000 → cannot exceed 0.
[ 71.441s] PRUNE: margin=-5.843750, optimistic_rem(widened)=0.000000 → cannot exceed 0.
[ 71.641s] PRUNE: margin=-5.843750, optimistic_rem(widened)=0.000000 → cannot exceed 0.
[ 71.841s] PRUNE: margin=-5.843750, optimistic_rem(widened)=0.000000 → cannot exceed 0.
[ 72.040s] PRUNE: margin=-5.843750, optimistic_rem(widened)=0.000000 → cannot exceed 0.
[ 72.439s] PRUNE: margin=-5.843750, optimistic_rem(widened)=0.000000 → cannot exceed 0.
[ 72.638s] PRUNE: margin=-5.843750, optimistic_rem(widened)=0.000000 → cannot exceed 0.
[ 72.838s] PRUNE: margin=-5.843750, optimistic_rem(widened)=0.000000 → cannot exceed 0.
[ 73.037s] PRUNE: margin=-5.843750, optimistic_rem(widened)=0.000000 → cannot exceed 0.
[ 73.237s] PRUNE: margin=-5.843750, optimistic_rem(widened)=0.000000 → cannot exceed 0.
[ 73.436s] PRUNE: margin=-5.843750, optimistic_rem(widened)=0.000000 → cannot exceed 0.
[ 73.636s] PRUNE: margin=-5.843750, optimistic_rem(widened)=0.000000 → cannot exceed 0.
[ 73.835s] PRUNE: margin=-5.843750, optimistic_rem(widened)=0.000000 → cannot exceed 0.
[ 74.234s] PRUNE: margin=-5.843750, optimistic_rem(widened)=0.000000 → cannot exceed 0.
[ 74.434s] PRUNE: margin=-5.843750, optimistic_rem(widened)=0.000000 → cannot exceed 0.
[ 74.633s] PRUNE: margin=-5.843750, optimistic_rem(widened)=0.000000 → cannot exceed 0.
[ 74.833s] PRUNE: margin=-5.843750, optimistic_rem(widened)=0.000000 → cannot exceed 0.
[ 75.031s] PRUNE: margin=-5.843750, optimistic_rem(widened)=0.000000 → cannot exceed 0.
[ 75.231s] PRUNE: margin=-5.843750, optimistic_rem(widened)=0.000000 → cannot exceed 0.
[ 75.430s] PRUNE: margin=-5.843750, optimistic_rem(widened)=0.000000 → cannot exceed 0.
[ 75.829s] PRUNE: margin=-5.843750, optimistic_rem(widened)=0.000000 → cannot exceed 0.
[ 76.029s] PRUNE: margin=-5.843750, optimistic_rem(widened)=0.000000 → cannot exceed 0.
[ 76.228s] PRUNE: margin=-5.843750, optimistic_rem(widened)=0.000000 → cannot exceed 0.
[ 76.428s] PRUNE: margin=-5.843750, optimistic_rem(widened)=0.000000 → cannot exceed 0.
[ 76.628s] PRUNE: margin=-5.843750, optimistic_rem(widened)=0.000000 → cannot exceed 0.
[ 76.827s] PRUNE: margin=-5.843750, optimistic_rem(widened)=0.000000 → cannot exceed 0.
[ 77.226s] PRUNE: margin=-5.843750, optimistic_rem(widened)=0.000000 → cannot exceed 0.
[ 77.426s] PRUNE: margin=-5.843750, optimistic_rem(widened)=0.000000 → cannot exceed 0.
[ 77.625s] PRUNE: margin=-5.843750, optimistic_rem(widened)=0.000000 → cannot exceed 0.
[ 77.825s] PRUNE: margin=-5.843750, optimistic_rem(widened)=0.000000 → cannot exceed 0.
[ 78.024s] PRUNE: margin=-5.843750, optimistic_rem(widened)=0.000000 → cannot exceed 0.
[ 78.423s] PRUNE: margin=-5.843750, optimistic_rem(widened)=0.000000 → cannot exceed 0.
[ 78.623s] PRUNE: margin=-5.843750, optimistic_rem(widened)=0.000000 → cannot exceed 0.
[ 78.822s] PRUNE: margin=-5.843750, optimistic_rem(widened)=0.000000 → cannot exceed 0.
[ 79.022s] PRUNE: margin=-5.843750, optimistic_rem(widened)=0.000000 → cannot exceed 0.
[ 79.421s] PRUNE: margin=-5.843750, optimistic_rem(widened)=0.000000 → cannot exceed 0.
[ 79.620s] PRUNE: margin=-5.843750, optimistic_rem(widened)=0.000000 → cannot exceed 0.
[ 79.820s] PRUNE: margin=-5.843750, optimistic_rem(widened)=0.000000 → cannot exceed 0.
[ 80.219s] PRUNE: margin=-5.843750, optimistic_rem(widened)=0.000000 → cannot exceed 0.
[ 80.419s] PRUNE: margin=-5.843750, optimistic_rem(widened)=0.000000 → cannot exceed 0.
[ 80.817s] PRUNE: margin=-5.843750, optimistic_rem(widened)=0.000000 → cannot exceed 0.
[ 81.515s] PRUNE: margin=-4.093750, optimistic_rem(widened)=4.062500 → cannot exceed 0.
[ 81.715s] PRUNE: margin=-4.093750, optimistic_rem(widened)=4.062500 → cannot exceed 0.
[ 81.915s] PRUNE: margin=-4.093750, optimistic_rem(widened)=4.062500 → cannot exceed 0.
[ 82.114s] PRUNE: margin=-4.093750, optimistic_rem(widened)=4.062500 → cannot exceed 0.
[ 82.313s] PRUNE: margin=-4.093750, optimistic_rem(widened)=0.750000 → cannot exceed 0.
[ 82.512s] PRUNE: margin=-4.093750, optimistic_rem(widened)=0.750000 → cannot exceed 0.
[ 82.712s] PRUNE: margin=-4.093750, optimistic_rem(widened)=0.750000 → cannot exceed 0.
[ 82.911s] PRUNE: margin=-4.093750, optimistic_rem(widened)=0.750000 → cannot exceed 0.
[ 83.111s] PRUNE: margin=-4.093750, optimistic_rem(widened)=0.750000 → cannot exceed 0.
[ 83.310s] PRUNE: margin=-4.093750, optimistic_rem(widened)=0.750000 → cannot exceed 0.
[ 83.709s] PRUNE: margin=-4.093750, optimistic_rem(widened)=4.062500 → cannot exceed 0.
[ 83.908s] PRUNE: margin=-4.093750, optimistic_rem(widened)=4.062500 → cannot exceed 0.
[ 84.108s] PRUNE: margin=-4.093750, optimistic_rem(widened)=4.062500 → cannot exceed 0.
[ 84.307s] PRUNE: margin=-4.093750, optimistic_rem(widened)=0.750000 → cannot exceed 0.
[ 84.506s] PRUNE: margin=-4.093750, optimistic_rem(widened)=0.750000 → cannot exceed 0.
[ 84.706s] PRUNE: margin=-4.093750, optimistic_rem(widened)=0.750000 → cannot exceed 0.
[ 84.905s] PRUNE: margin=-4.093750, optimistic_rem(widened)=0.750000 → cannot exceed 0.
[ 85.104s] PRUNE: margin=-4.093750, optimistic_rem(widened)=0.750000 → cannot exceed 0.
[ 85.304s] PRUNE: margin=-4.093750, optimistic_rem(widened)=0.750000 → cannot exceed 0.
[ 85.702s] PRUNE: margin=-4.093750, optimistic_rem(widened)=4.062500 → cannot exceed 0.
[ 85.902s] PRUNE: margin=-4.093750, optimistic_rem(widened)=4.062500 → cannot exceed 0.
[ 86.101s] PRUNE: margin=-4.093750, optimistic_rem(widened)=0.750000 → cannot exceed 0.
[ 86.300s] PRUNE: margin=-4.093750, optimistic_rem(widened)=0.750000 → cannot exceed 0.
[ 86.500s] PRUNE: margin=-4.093750, optimistic_rem(widened)=0.750000 → cannot exceed 0.
[ 86.699s] PRUNE: margin=-4.093750, optimistic_rem(widened)=0.750000 → cannot exceed 0.
[ 86.899s] PRUNE: margin=-4.093750, optimistic_rem(widened)=0.750000 → cannot exceed 0.
[ 87.098s] PRUNE: margin=-4.093750, optimistic_rem(widened)=0.750000 → cannot exceed 0.
[ 87.497s] PRUNE: margin=-4.093750, optimistic_rem(widened)=4.062500 → cannot exceed 0.
[ 87.697s] PRUNE: margin=-4.093750, optimistic_rem(widened)=0.750000 → cannot exceed 0.
[ 87.896s] PRUNE: margin=-4.093750, optimistic_rem(widened)=0.750000 → cannot exceed 0.
[ 88.096s] PRUNE: margin=-4.093750, optimistic_rem(widened)=0.750000 → cannot exceed 0.
[ 88.295s] PRUNE: margin=-4.093750, optimistic_rem(widened)=0.750000 → cannot exceed 0.
[ 88.494s] PRUNE: margin=-4.093750, optimistic_rem(widened)=0.750000 → cannot exceed 0.
[ 88.694s] PRUNE: margin=-4.093750, optimistic_rem(widened)=0.750000 → cannot exceed 0.
[ 89.093s] PRUNE: margin=-4.687500, optimistic_rem(widened)=2.500000 → cannot exceed 0.
[ 89.292s] PRUNE: margin=-4.093750, optimistic_rem(widened)=0.750000 → cannot exceed 0.
[ 89.491s] PRUNE: margin=-4.093750, optimistic_rem(widened)=0.750000 → cannot exceed 0.
[ 89.691s] PRUNE: margin=-4.093750, optimistic_rem(widened)=0.750000 → cannot exceed 0.
[ 89.890s] PRUNE: margin=-4.093750, optimistic_rem(widened)=0.750000 → cannot exceed 0.
[ 90.089s] PRUNE: margin=-4.093750, optimistic_rem(widened)=0.750000 → cannot exceed 0.
[ 90.388s] PRUNE: margin=-4.093750, optimistic_rem(widened)=1.500000 → cannot exceed 0.
[ 90.588s] PRUNE: margin=-4.093750, optimistic_rem(widened)=1.500000 → cannot exceed 0.
[ 90.787s] PRUNE: margin=-4.093750, optimistic_rem(widened)=1.500000 → cannot exceed 0.
[ 90.992s] PRUNE: margin=-4.093750, optimistic_rem(widened)=1.500000 → cannot exceed 0.
[ 91.191s] PRUNE: margin=-4.093750, optimistic_rem(widened)=1.375000 → cannot exceed 0.
[ 91.391s] PRUNE: margin=-4.093750, optimistic_rem(widened)=1.500000 → cannot exceed 0.
[ 91.689s] PRUNE: margin=-4.093750, optimistic_rem(widened)=3.937500 → cannot exceed 0.
[ 91.889s] PRUNE: margin=-4.093750, optimistic_rem(widened)=3.937500 → cannot exceed 0.
[ 92.088s] PRUNE: margin=-3.843750, optimistic_rem(widened)=3.562500 → cannot exceed 0.
[ 92.287s] PRUNE: margin=-3.843750, optimistic_rem(widened)=3.562500 → cannot exceed 0.
[ 92.487s] PRUNE: margin=-3.843750, optimistic_rem(widened)=3.562500 → cannot exceed 0.
[ 92.686s] PRUNE: margin=-3.843750, optimistic_rem(widened)=3.437500 → cannot exceed 0.
[ 92.885s] PRUNE: margin=-3.843750, optimistic_rem(widened)=3.437500 → cannot exceed 0.
[ 93.284s] PRUNE: margin=-4.093750, optimistic_rem(widened)=0.625000 → cannot exceed 0.
[ 93.483s] PRUNE: margin=-4.093750, optimistic_rem(widened)=0.625000 → cannot exceed 0.
[ 93.683s] PRUNE: margin=-4.093750, optimistic_rem(widened)=0.625000 → cannot exceed 0.
[ 93.882s] PRUNE: margin=-3.843750, optimistic_rem(widened)=0.406250 → cannot exceed 0.
[ 94.082s] PRUNE: margin=-3.843750, optimistic_rem(widened)=0.406250 → cannot exceed 0.
[ 94.281s] PRUNE: margin=-3.843750, optimistic_rem(widened)=0.406250 → cannot exceed 0.
[ 94.580s] PRUNE: margin=-3.843750, optimistic_rem(widened)=0.718750 → cannot exceed 0.
[ 94.780s] PRUNE: margin=-3.843750, optimistic_rem(widened)=0.718750 → cannot exceed 0.
[ 94.979s] PRUNE: margin=-3.843750, optimistic_rem(widened)=0.718750 → cannot exceed 0.
[ 95.179s] PRUNE: margin=-3.843750, optimistic_rem(widened)=0.718750 → cannot exceed 0.
[ 95.378s] PRUNE: margin=-3.843750, optimistic_rem(widened)=0.718750 → cannot exceed 0.
[ 95.577s] PRUNE: margin=-3.843750, optimistic_rem(widened)=0.718750 → cannot exceed 0.
[ 95.976s] PRUNE: margin=-4.093750, optimistic_rem(widened)=1.250000 → cannot exceed 0.
[ 96.197s] PRUNE: margin=-3.843750, optimistic_rem(widened)=0.187500 → cannot exceed 0.
[ 96.397s] PRUNE: margin=-3.843750, optimistic_rem(widened)=0.187500 → cannot exceed 0.
[ 96.596s] PRUNE: margin=-3.843750, optimistic_rem(widened)=0.187500 → cannot exceed 0.
[ 96.796s] PRUNE: margin=-3.843750, optimistic_rem(widened)=0.187500 → cannot exceed 0.
[ 96.995s] PRUNE: margin=-3.843750, optimistic_rem(widened)=0.187500 → cannot exceed 0.
[ 97.494s] PRUNE: margin=-3.843750, optimistic_rem(widened)=3.843750 → cannot exceed 0.
[ 97.693s] PRUNE: margin=-3.843750, optimistic_rem(widened)=3.843750 → cannot exceed 0.
[ 97.892s] PRUNE: margin=-3.843750, optimistic_rem(widened)=3.843750 → cannot exceed 0.
[ 98.408s] PRUNE: margin=-3.843750, optimistic_rem(widened)=3.843750 → cannot exceed 0.
[ 98.707s] PRUNE: margin=-4.093750, optimistic_rem(widened)=3.812500 → cannot exceed 0.
[ 99.505s] PRUNE: margin=-4.093750, optimistic_rem(widened)=3.312500 → cannot exceed 0.
[100.999s] PRUNE: margin=-3.843750, optimistic_rem(widened)=3.843750 → cannot exceed 0.
[101.298s] PRUNE: margin=-4.093750, optimistic_rem(widened)=3.812500 → cannot exceed 0.
[102.095s] PRUNE: margin=-4.093750, optimistic_rem(widened)=3.312500 → cannot exceed 0.
[103.689s] PRUNE: margin=-4.093750, optimistic_rem(widened)=3.312500 → cannot exceed 0.
[105.184s] PRUNE: margin=-4.093750, optimistic_rem(widened)=3.937500 → cannot exceed 0.
[106.280s] No counterexample within budgets (BaB): no misclassification found.
STATUS: No counterexample | best_upper_margin=16.156250 | elapsed=106.280s | pixels_changed=0 | total_bit_flips=0 | avg_hamming_per_pixel=0.000000 | patch_rows=11-21 | patch_cols=14-22 | note=no_counterexample_within_budgets
