[  0.000s] init: idx=3072 kmax=2 bmax=4 topx=2 widen=1.000 rank_fast=off
clean logits (hex):  0x84  0x9f  0x15  0x9e  0x86  0x98  0x8a  0x8d  0x70  0x8e
clean logits (bits): 10000100 10011111 00010101 10011110 10000110 10011000 10001010 10001101 01110000 10001110
clean logits (double): -16.000000 -2.125000 +0.328125 -2.250000 -12.000000 -3.000000 -7.000000 -5.500000 +4.000000 -5.000000
[  0.011s] clean prediction: 8 (true label 8)
[ 36.952s] selection: nSym=2 (from 784), topx=2, rank_fast=off
[ 36.952s] active patch: rows 7-12, cols 7-9 (derived from symPix)
[ 37.365s] Proceeding to BaB (greedy enabled).
[ 37.365s] Skipping root bound check (--no-root-bound).
[ 37.365s] BaB search starting (K≤2, B≤4, nSym=2, depth_limit=500000000, widen=1.00)...
[ 37.491s] PRUNE: margin=-4.953125, optimistic_rem(widened)=3.312500 → cannot exceed 0.
[ 37.797s] PRUNE: margin=-4.953125, optimistic_rem(widened)=2.031250 → cannot exceed 0.
[ 37.922s] PRUNE: margin=-3.671875, optimistic_rem(widened)=2.250000 → cannot exceed 0.
[ 38.045s] PRUNE: margin=-3.671875, optimistic_rem(widened)=2.250000 → cannot exceed 0.
[ 38.171s] PRUNE: margin=-3.671875, optimistic_rem(widened)=2.250000 → cannot exceed 0.
[ 38.292s] PRUNE: margin=-3.671875, optimistic_rem(widened)=0.000000 → cannot exceed 0.
[ 38.415s] PRUNE: margin=-3.671875, optimistic_rem(widened)=0.000000 → cannot exceed 0.
[ 38.542s] PRUNE: margin=-3.671875, optimistic_rem(widened)=0.000000 → cannot exceed 0.
[ 38.665s] PRUNE: margin=-3.671875, optimistic_rem(widened)=0.000000 → cannot exceed 0.
[ 38.789s] PRUNE: margin=-3.671875, optimistic_rem(widened)=0.000000 → cannot exceed 0.
[ 38.925s] PRUNE: margin=-3.671875, optimistic_rem(widened)=0.000000 → cannot exceed 0.
[ 39.047s] PRUNE: margin=-3.671875, optimistic_rem(widened)=0.000000 → cannot exceed 0.
[ 39.183s] PRUNE: margin=-3.671875, optimistic_rem(widened)=0.000000 → cannot exceed 0.
[ 39.456s] PRUNE: margin=-4.953125, optimistic_rem(widened)=2.031250 → cannot exceed 0.
[ 39.592s] PRUNE: margin=-3.671875, optimistic_rem(widened)=2.250000 → cannot exceed 0.
[ 39.727s] PRUNE: margin=-3.671875, optimistic_rem(widened)=2.250000 → cannot exceed 0.
[ 39.857s] PRUNE: margin=-3.671875, optimistic_rem(widened)=0.000000 → cannot exceed 0.
[ 39.987s] PRUNE: margin=-3.671875, optimistic_rem(widened)=0.000000 → cannot exceed 0.
[ 40.120s] PRUNE: margin=-3.671875, optimistic_rem(widened)=0.000000 → cannot exceed 0.
[ 40.256s] PRUNE: margin=-3.671875, optimistic_rem(widened)=0.000000 → cannot exceed 0.
[ 40.386s] PRUNE: margin=-3.671875, optimistic_rem(widened)=0.000000 → cannot exceed 0.
[ 40.541s] PRUNE: margin=-3.671875, optimistic_rem(widened)=0.000000 → cannot exceed 0.
[ 40.677s] PRUNE: margin=-3.671875, optimistic_rem(widened)=0.000000 → cannot exceed 0.
[ 40.806s] PRUNE: margin=-3.671875, optimistic_rem(widened)=0.000000 → cannot exceed 0.
[ 41.093s] PRUNE: margin=-4.953125, optimistic_rem(widened)=2.031250 → cannot exceed 0.
[ 41.236s] PRUNE: margin=-3.671875, optimistic_rem(widened)=2.250000 → cannot exceed 0.
[ 41.376s] PRUNE: margin=-3.671875, optimistic_rem(widened)=0.000000 → cannot exceed 0.
[ 41.517s] PRUNE: margin=-3.671875, optimistic_rem(widened)=0.000000 → cannot exceed 0.
[ 41.658s] PRUNE: margin=-3.671875, optimistic_rem(widened)=0.000000 → cannot exceed 0.
[ 41.807s] PRUNE: margin=-3.671875, optimistic_rem(widened)=0.000000 → cannot exceed 0.
[ 41.970s] PRUNE: margin=-3.671875, optimistic_rem(widened)=0.000000 → cannot exceed 0.
[ 42.169s] PRUNE: margin=-3.671875, optimistic_rem(widened)=0.000000 → cannot exceed 0.
[ 42.368s] PRUNE: margin=-3.671875, optimistic_rem(widened)=0.000000 → cannot exceed 0.
[ 42.567s] PRUNE: margin=-3.671875, optimistic_rem(widened)=0.000000 → cannot exceed 0.
[ 42.965s] PRUNE: margin=-4.953125, optimistic_rem(widened)=2.031250 → cannot exceed 0.
[ 43.164s] PRUNE: margin=-3.671875, optimistic_rem(widened)=0.000000 → cannot exceed 0.
[ 43.364s] PRUNE: margin=-3.671875, optimistic_rem(widened)=0.000000 → cannot exceed 0.
[ 43.563s] PRUNE: margin=-3.671875, optimistic_rem(widened)=0.000000 → cannot exceed 0.
[ 43.762s] PRUNE: margin=-3.671875, optimistic_rem(widened)=0.000000 → cannot exceed 0.
[ 43.961s] PRUNE: margin=-3.671875, optimistic_rem(widened)=0.000000 → cannot exceed 0.
[ 44.160s] PRUNE: margin=-3.671875, optimistic_rem(widened)=0.000000 → cannot exceed 0.
[ 44.359s] PRUNE: margin=-3.671875, optimistic_rem(widened)=0.000000 → cannot exceed 0.
[ 44.558s] PRUNE: margin=-3.671875, optimistic_rem(widened)=0.000000 → cannot exceed 0.
[ 44.956s] PRUNE: margin=-3.671875, optimistic_rem(widened)=0.000000 → cannot exceed 0.
[ 45.155s] PRUNE: margin=-3.671875, optimistic_rem(widened)=0.000000 → cannot exceed 0.
[ 45.354s] PRUNE: margin=-3.671875, optimistic_rem(widened)=0.000000 → cannot exceed 0.
[ 45.553s] PRUNE: margin=-3.671875, optimistic_rem(widened)=0.000000 → cannot exceed 0.
[ 45.752s] PRUNE: margin=-3.671875, optimistic_rem(widened)=0.000000 → cannot exceed 0.
[ 45.951s] PRUNE: margin=-3.671875, optimistic_rem(widened)=0.000000 → cannot exceed 0.
[ 46.150s] PRUNE: margin=-3.671875, optimistic_rem(widened)=0.000000 → cannot exceed 0.
[ 46.349s] PRUNE: margin=-3.671875, optimistic_rem(widened)=0.000000 → cannot exceed 0.
[ 46.648s] PRUNE: margin=-3.671875, optimistic_rem(widened)=1.500000 → cannot exceed 0.
[ 46.847s] PRUNE: margin=-3.671875, optimistic_rem(widened)=1.500000 → cannot exceed 0.
[ 47.046s] PRUNE: margin=-3.671875, optimistic_rem(widened)=1.500000 → cannot exceed 0.
[ 47.245s] PRUNE: margin=-3.671875, optimistic_rem(widened)=1.500000 → cannot exceed 0.
[ 47.444s] PRUNE: margin=-3.671875, optimistic_rem(widened)=1.500000 → cannot exceed 0.
[ 47.643s] PRUNE: margin=-3.671875, optimistic_rem(widened)=1.500000 → cannot exceed 0.
[ 47.842s] PRUNE: margin=-3.671875, optimistic_rem(widened)=1.500000 → cannot exceed 0.
[ 48.041s] PRUNE: margin=-3.671875, optimistic_rem(widened)=2.000000 → cannot exceed 0.
[ 48.438s] PRUNE: margin=-4.953125, optimistic_rem(widened)=3.312500 → cannot exceed 0.
[ 48.737s] PRUNE: margin=-3.671875, optimistic_rem(widened)=2.250000 → cannot exceed 0.
[ 48.936s] PRUNE: margin=-3.671875, optimistic_rem(widened)=2.250000 → cannot exceed 0.
[ 49.135s] PRUNE: margin=-3.671875, optimistic_rem(widened)=0.000000 → cannot exceed 0.
[ 49.334s] PRUNE: margin=-3.671875, optimistic_rem(widened)=0.000000 → cannot exceed 0.
[ 49.533s] PRUNE: margin=-3.671875, optimistic_rem(widened)=0.000000 → cannot exceed 0.
[ 49.732s] PRUNE: margin=-3.671875, optimistic_rem(widened)=0.000000 → cannot exceed 0.
[ 49.931s] PRUNE: margin=-3.671875, optimistic_rem(widened)=0.000000 → cannot exceed 0.
[ 50.130s] PRUNE: margin=-3.671875, optimistic_rem(widened)=0.000000 → cannot exceed 0.
[ 50.329s] PRUNE: margin=-3.671875, optimistic_rem(widened)=0.000000 → cannot exceed 0.
[ 50.528s] PRUNE: margin=-3.671875, optimistic_rem(widened)=0.000000 → cannot exceed 0.
[ 50.926s] PRUNE: margin=-3.671875, optimistic_rem(widened)=2.250000 → cannot exceed 0.
[ 51.125s] PRUNE: margin=-3.671875, optimistic_rem(widened)=0.000000 → cannot exceed 0.
[ 51.324s] PRUNE: margin=-3.671875, optimistic_rem(widened)=0.000000 → cannot exceed 0.
[ 51.523s] PRUNE: margin=-3.671875, optimistic_rem(widened)=0.000000 → cannot exceed 0.
[ 51.722s] PRUNE: margin=-3.671875, optimistic_rem(widened)=0.000000 → cannot exceed 0.
[ 51.922s] PRUNE: margin=-3.671875, optimistic_rem(widened)=0.000000 → cannot exceed 0.
[ 52.121s] PRUNE: margin=-3.671875, optimistic_rem(widened)=0.000000 → cannot exceed 0.
[ 52.320s] PRUNE: margin=-3.671875, optimistic_rem(widened)=0.000000 → cannot exceed 0.
[ 52.519s] PRUNE: margin=-3.671875, optimistic_rem(widened)=0.000000 → cannot exceed 0.
[ 52.917s] PRUNE: margin=-3.671875, optimistic_rem(widened)=0.000000 → cannot exceed 0.
[ 53.116s] PRUNE: margin=-3.671875, optimistic_rem(widened)=0.000000 → cannot exceed 0.
[ 53.315s] PRUNE: margin=-3.671875, optimistic_rem(widened)=0.000000 → cannot exceed 0.
[ 53.514s] PRUNE: margin=-3.671875, optimistic_rem(widened)=0.000000 → cannot exceed 0.
[ 53.713s] PRUNE: margin=-3.671875, optimistic_rem(widened)=0.000000 → cannot exceed 0.
[ 53.912s] PRUNE: margin=-3.671875, optimistic_rem(widened)=0.000000 → cannot exceed 0.
[ 54.111s] PRUNE: margin=-3.671875, optimistic_rem(widened)=0.000000 → cannot exceed 0.
[ 54.312s] PRUNE: margin=-3.671875, optimistic_rem(widened)=0.000000 → cannot exceed 0.
[ 54.610s] PRUNE: margin=-3.671875, optimistic_rem(widened)=1.500000 → cannot exceed 0.
[ 54.809s] PRUNE: margin=-3.671875, optimistic_rem(widened)=1.500000 → cannot exceed 0.
[ 55.008s] PRUNE: margin=-3.671875, optimistic_rem(widened)=1.500000 → cannot exceed 0.
[ 55.207s] PRUNE: margin=-3.671875, optimistic_rem(widened)=1.500000 → cannot exceed 0.
[ 55.406s] PRUNE: margin=-3.671875, optimistic_rem(widened)=1.500000 → cannot exceed 0.
[ 55.605s] PRUNE: margin=-3.671875, optimistic_rem(widened)=1.500000 → cannot exceed 0.
[ 55.804s] PRUNE: margin=-3.671875, optimistic_rem(widened)=1.500000 → cannot exceed 0.
[ 56.003s] PRUNE: margin=-3.671875, optimistic_rem(widened)=2.000000 → cannot exceed 0.
[ 56.401s] PRUNE: margin=-4.953125, optimistic_rem(widened)=3.312500 → cannot exceed 0.
[ 56.699s] PRUNE: margin=-3.671875, optimistic_rem(widened)=2.250000 → cannot exceed 0.
[ 56.899s] PRUNE: margin=-3.671875, optimistic_rem(widened)=0.000000 → cannot exceed 0.
[ 57.098s] PRUNE: margin=-3.671875, optimistic_rem(widened)=0.000000 → cannot exceed 0.
[ 57.297s] PRUNE: margin=-3.671875, optimistic_rem(widened)=0.000000 → cannot exceed 0.
[ 57.496s] PRUNE: margin=-3.671875, optimistic_rem(widened)=0.000000 → cannot exceed 0.
[ 57.695s] PRUNE: margin=-3.671875, optimistic_rem(widened)=0.000000 → cannot exceed 0.
[ 57.894s] PRUNE: margin=-3.671875, optimistic_rem(widened)=0.000000 → cannot exceed 0.
[ 58.093s] PRUNE: margin=-3.671875, optimistic_rem(widened)=0.000000 → cannot exceed 0.
[ 58.293s] PRUNE: margin=-3.671875, optimistic_rem(widened)=0.000000 → cannot exceed 0.
[ 58.691s] PRUNE: margin=-3.671875, optimistic_rem(widened)=0.000000 → cannot exceed 0.
[ 58.890s] PRUNE: margin=-3.671875, optimistic_rem(widened)=0.000000 → cannot exceed 0.
[ 59.089s] PRUNE: margin=-3.671875, optimistic_rem(widened)=0.000000 → cannot exceed 0.
[ 59.288s] PRUNE: margin=-3.671875, optimistic_rem(widened)=0.000000 → cannot exceed 0.
[ 59.487s] PRUNE: margin=-3.671875, optimistic_rem(widened)=0.000000 → cannot exceed 0.
[ 59.686s] PRUNE: margin=-3.671875, optimistic_rem(widened)=0.000000 → cannot exceed 0.
[ 59.885s] PRUNE: margin=-3.671875, optimistic_rem(widened)=0.000000 → cannot exceed 0.
[ 60.085s] PRUNE: margin=-3.671875, optimistic_rem(widened)=0.000000 → cannot exceed 0.
[ 60.383s] PRUNE: margin=-3.671875, optimistic_rem(widened)=1.500000 → cannot exceed 0.
[ 60.582s] PRUNE: margin=-3.671875, optimistic_rem(widened)=1.500000 → cannot exceed 0.
[ 60.781s] PRUNE: margin=-3.671875, optimistic_rem(widened)=1.500000 → cannot exceed 0.
[ 60.980s] PRUNE: margin=-3.671875, optimistic_rem(widened)=1.500000 → cannot exceed 0.
[ 61.179s] PRUNE: margin=-3.671875, optimistic_rem(widened)=1.500000 → cannot exceed 0.
[ 61.378s] PRUNE: margin=-3.671875, optimistic_rem(widened)=1.500000 → cannot exceed 0.
[ 61.578s] PRUNE: margin=-3.671875, optimistic_rem(widened)=1.500000 → cannot exceed 0.
[ 61.777s] PRUNE: margin=-3.671875, optimistic_rem(widened)=2.000000 → cannot exceed 0.
[ 62.175s] PRUNE: margin=-4.953125, optimistic_rem(widened)=3.312500 → cannot exceed 0.
[ 62.473s] PRUNE: margin=-3.671875, optimistic_rem(widened)=0.000000 → cannot exceed 0.
[ 62.672s] PRUNE: margin=-3.671875, optimistic_rem(widened)=0.000000 → cannot exceed 0.
[ 62.871s] PRUNE: margin=-3.671875, optimistic_rem(widened)=0.000000 → cannot exceed 0.
[ 63.071s] PRUNE: margin=-3.671875, optimistic_rem(widened)=0.000000 → cannot exceed 0.
[ 63.270s] PRUNE: margin=-3.671875, optimistic_rem(widened)=0.000000 → cannot exceed 0.
[ 63.469s] PRUNE: margin=-3.671875, optimistic_rem(widened)=0.000000 → cannot exceed 0.
[ 63.668s] PRUNE: margin=-3.671875, optimistic_rem(widened)=0.000000 → cannot exceed 0.
[ 63.867s] PRUNE: margin=-3.671875, optimistic_rem(widened)=0.000000 → cannot exceed 0.
[ 64.166s] PRUNE: margin=-3.671875, optimistic_rem(widened)=1.500000 → cannot exceed 0.
[ 64.365s] PRUNE: margin=-3.671875, optimistic_rem(widened)=1.500000 → cannot exceed 0.
[ 64.564s] PRUNE: margin=-3.671875, optimistic_rem(widened)=1.500000 → cannot exceed 0.
[ 64.763s] PRUNE: margin=-3.671875, optimistic_rem(widened)=1.500000 → cannot exceed 0.
[ 64.962s] PRUNE: margin=-3.671875, optimistic_rem(widened)=1.500000 → cannot exceed 0.
[ 65.161s] PRUNE: margin=-3.671875, optimistic_rem(widened)=1.500000 → cannot exceed 0.
[ 65.360s] PRUNE: margin=-3.671875, optimistic_rem(widened)=1.500000 → cannot exceed 0.
[ 65.559s] PRUNE: margin=-3.671875, optimistic_rem(widened)=2.000000 → cannot exceed 0.
[ 65.957s] PRUNE: margin=-4.953125, optimistic_rem(widened)=3.312500 → cannot exceed 0.
[ 66.156s] PRUNE: margin=-3.671875, optimistic_rem(widened)=1.500000 → cannot exceed 0.
[ 66.356s] PRUNE: margin=-3.671875, optimistic_rem(widened)=1.500000 → cannot exceed 0.
[ 66.555s] PRUNE: margin=-3.671875, optimistic_rem(widened)=1.500000 → cannot exceed 0.
[ 66.754s] PRUNE: margin=-3.671875, optimistic_rem(widened)=1.500000 → cannot exceed 0.
[ 66.954s] PRUNE: margin=-3.671875, optimistic_rem(widened)=1.500000 → cannot exceed 0.
[ 67.153s] PRUNE: margin=-3.671875, optimistic_rem(widened)=1.500000 → cannot exceed 0.
[ 67.354s] PRUNE: margin=-3.671875, optimistic_rem(widened)=2.250000 → cannot exceed 0.
[ 67.553s] PRUNE: margin=-3.671875, optimistic_rem(widened)=2.250000 → cannot exceed 0.
[ 67.953s] PRUNE: margin=-3.671875, optimistic_rem(widened)=1.500000 → cannot exceed 0.
[ 68.152s] PRUNE: margin=-3.671875, optimistic_rem(widened)=1.500000 → cannot exceed 0.
[ 68.352s] PRUNE: margin=-3.671875, optimistic_rem(widened)=1.500000 → cannot exceed 0.
[ 68.551s] PRUNE: margin=-3.671875, optimistic_rem(widened)=1.500000 → cannot exceed 0.
[ 68.750s] PRUNE: margin=-3.671875, optimistic_rem(widened)=1.500000 → cannot exceed 0.
[ 68.950s] PRUNE: margin=-3.671875, optimistic_rem(widened)=2.250000 → cannot exceed 0.
[ 69.149s] PRUNE: margin=-3.671875, optimistic_rem(widened)=2.250000 → cannot exceed 0.
[ 69.647s] PRUNE: margin=-3.671875, optimistic_rem(widened)=1.500000 → cannot exceed 0.
[ 69.845s] PRUNE: margin=-3.671875, optimistic_rem(widened)=1.500000 → cannot exceed 0.
[ 70.045s] PRUNE: margin=-3.671875, optimistic_rem(widened)=1.500000 → cannot exceed 0.
[ 70.243s] PRUNE: margin=-3.671875, optimistic_rem(widened)=1.500000 → cannot exceed 0.
[ 70.443s] PRUNE: margin=-3.671875, optimistic_rem(widened)=1.500000 → cannot exceed 0.
[ 70.642s] PRUNE: margin=-3.671875, optimistic_rem(widened)=1.500000 → cannot exceed 0.
[ 70.841s] PRUNE: margin=-3.671875, optimistic_rem(widened)=1.500000 → cannot exceed 0.
[ 71.041s] PRUNE: margin=-3.671875, optimistic_rem(widened)=2.000000 → cannot exceed 0.
[ 71.538s] PRUNE: margin=-4.953125, optimistic_rem(widened)=3.312500 → cannot exceed 0.
[ 71.837s] PRUNE: margin=-3.671875, optimistic_rem(widened)=2.250000 → cannot exceed 0.
[ 72.035s] PRUNE: margin=-3.671875, optimistic_rem(widened)=2.250000 → cannot exceed 0.
[ 72.234s] PRUNE: margin=-3.671875, optimistic_rem(widened)=0.000000 → cannot exceed 0.
[ 72.420s] PRUNE: margin=-3.671875, optimistic_rem(widened)=0.000000 → cannot exceed 0.
[ 72.619s] PRUNE: margin=-3.671875, optimistic_rem(widened)=0.000000 → cannot exceed 0.
[ 72.818s] PRUNE: margin=-3.671875, optimistic_rem(widened)=0.000000 → cannot exceed 0.
[ 73.017s] PRUNE: margin=-3.671875, optimistic_rem(widened)=0.000000 → cannot exceed 0.
[ 73.216s] PRUNE: margin=-3.671875, optimistic_rem(widened)=0.000000 → cannot exceed 0.
[ 73.415s] PRUNE: margin=-3.671875, optimistic_rem(widened)=0.000000 → cannot exceed 0.
[ 73.614s] PRUNE: margin=-3.671875, optimistic_rem(widened)=0.000000 → cannot exceed 0.
[ 74.012s] PRUNE: margin=-3.671875, optimistic_rem(widened)=2.250000 → cannot exceed 0.
[ 74.211s] PRUNE: margin=-3.671875, optimistic_rem(widened)=0.000000 → cannot exceed 0.
[ 74.410s] PRUNE: margin=-3.671875, optimistic_rem(widened)=0.000000 → cannot exceed 0.
[ 74.610s] PRUNE: margin=-3.671875, optimistic_rem(widened)=0.000000 → cannot exceed 0.
[ 74.809s] PRUNE: margin=-3.671875, optimistic_rem(widened)=0.000000 → cannot exceed 0.
[ 75.008s] PRUNE: margin=-3.671875, optimistic_rem(widened)=0.000000 → cannot exceed 0.
[ 75.206s] PRUNE: margin=-3.671875, optimistic_rem(widened)=0.000000 → cannot exceed 0.
[ 75.406s] PRUNE: margin=-3.671875, optimistic_rem(widened)=0.000000 → cannot exceed 0.
[ 75.605s] PRUNE: margin=-3.671875, optimistic_rem(widened)=0.000000 → cannot exceed 0.
[ 76.002s] PRUNE: margin=-3.671875, optimistic_rem(widened)=0.000000 → cannot exceed 0.
[ 76.201s] PRUNE: margin=-3.671875, optimistic_rem(widened)=0.000000 → cannot exceed 0.
[ 76.401s] PRUNE: margin=-3.671875, optimistic_rem(widened)=0.000000 → cannot exceed 0.
[ 76.600s] PRUNE: margin=-3.671875, optimistic_rem(widened)=0.000000 → cannot exceed 0.
[ 76.799s] PRUNE: margin=-3.671875, optimistic_rem(widened)=0.000000 → cannot exceed 0.
[ 76.998s] PRUNE: margin=-3.671875, optimistic_rem(widened)=0.000000 → cannot exceed 0.
[ 77.198s] PRUNE: margin=-3.671875, optimistic_rem(widened)=0.000000 → cannot exceed 0.
[ 77.397s] PRUNE: margin=-3.671875, optimistic_rem(widened)=0.000000 → cannot exceed 0.
[ 77.696s] PRUNE: margin=-3.671875, optimistic_rem(widened)=1.500000 → cannot exceed 0.
[ 77.894s] PRUNE: margin=-3.671875, optimistic_rem(widened)=1.500000 → cannot exceed 0.
[ 78.093s] PRUNE: margin=-3.671875, optimistic_rem(widened)=1.500000 → cannot exceed 0.
[ 78.293s] PRUNE: margin=-3.671875, optimistic_rem(widened)=1.500000 → cannot exceed 0.
[ 78.492s] PRUNE: margin=-3.671875, optimistic_rem(widened)=1.500000 → cannot exceed 0.
[ 78.675s] PRUNE: margin=-3.671875, optimistic_rem(widened)=1.500000 → cannot exceed 0.
[ 78.794s] PRUNE: margin=-3.671875, optimistic_rem(widened)=1.500000 → cannot exceed 0.
[ 78.912s] PRUNE: margin=-3.671875, optimistic_rem(widened)=2.000000 → cannot exceed 0.
[ 79.150s] PRUNE: margin=-4.953125, optimistic_rem(widened)=3.312500 → cannot exceed 0.
[ 79.329s] PRUNE: margin=-3.671875, optimistic_rem(widened)=2.250000 → cannot exceed 0.
[ 79.449s] PRUNE: margin=-3.671875, optimistic_rem(widened)=0.000000 → cannot exceed 0.
[ 79.568s] PRUNE: margin=-3.671875, optimistic_rem(widened)=0.000000 → cannot exceed 0.
[ 79.687s] PRUNE: margin=-3.671875, optimistic_rem(widened)=0.000000 → cannot exceed 0.
[ 79.806s] PRUNE: margin=-3.671875, optimistic_rem(widened)=0.000000 → cannot exceed 0.
[ 79.925s] PRUNE: margin=-3.671875, optimistic_rem(widened)=0.000000 → cannot exceed 0.
[ 80.044s] PRUNE: margin=-3.671875, optimistic_rem(widened)=0.000000 → cannot exceed 0.
[ 80.162s] PRUNE: margin=-3.671875, optimistic_rem(widened)=0.000000 → cannot exceed 0.
[ 80.281s] PRUNE: margin=-3.671875, optimistic_rem(widened)=0.000000 → cannot exceed 0.
[ 80.527s] PRUNE: margin=-3.671875, optimistic_rem(widened)=0.000000 → cannot exceed 0.
[ 80.645s] PRUNE: margin=-3.671875, optimistic_rem(widened)=0.000000 → cannot exceed 0.
[ 80.765s] PRUNE: margin=-3.671875, optimistic_rem(widened)=0.000000 → cannot exceed 0.
[ 80.883s] PRUNE: margin=-3.671875, optimistic_rem(widened)=0.000000 → cannot exceed 0.
[ 81.003s] PRUNE: margin=-3.671875, optimistic_rem(widened)=0.000000 → cannot exceed 0.
[ 81.121s] PRUNE: margin=-3.671875, optimistic_rem(widened)=0.000000 → cannot exceed 0.
[ 81.244s] PRUNE: margin=-3.671875, optimistic_rem(widened)=0.000000 → cannot exceed 0.
[ 81.367s] PRUNE: margin=-3.671875, optimistic_rem(widened)=0.000000 → cannot exceed 0.
[ 81.550s] PRUNE: margin=-3.671875, optimistic_rem(widened)=1.500000 → cannot exceed 0.
[ 81.672s] PRUNE: margin=-3.671875, optimistic_rem(widened)=1.500000 → cannot exceed 0.
[ 81.845s] PRUNE: margin=-3.671875, optimistic_rem(widened)=1.500000 → cannot exceed 0.
[ 82.045s] PRUNE: margin=-3.671875, optimistic_rem(widened)=1.500000 → cannot exceed 0.
[ 82.244s] PRUNE: margin=-3.671875, optimistic_rem(widened)=1.500000 → cannot exceed 0.
[ 82.443s] PRUNE: margin=-3.671875, optimistic_rem(widened)=1.500000 → cannot exceed 0.
[ 82.642s] PRUNE: margin=-3.671875, optimistic_rem(widened)=1.500000 → cannot exceed 0.
[ 82.841s] PRUNE: margin=-3.671875, optimistic_rem(widened)=2.000000 → cannot exceed 0.
[ 83.239s] PRUNE: margin=-4.953125, optimistic_rem(widened)=3.312500 → cannot exceed 0.
[ 83.538s] PRUNE: margin=-3.671875, optimistic_rem(widened)=0.000000 → cannot exceed 0.
[ 83.737s] PRUNE: margin=-3.671875, optimistic_rem(widened)=0.000000 → cannot exceed 0.
[ 83.936s] PRUNE: margin=-3.671875, optimistic_rem(widened)=0.000000 → cannot exceed 0.
[ 84.135s] PRUNE: margin=-3.671875, optimistic_rem(widened)=0.000000 → cannot exceed 0.
[ 84.334s] PRUNE: margin=-3.671875, optimistic_rem(widened)=0.000000 → cannot exceed 0.
[ 84.533s] PRUNE: margin=-3.671875, optimistic_rem(widened)=0.000000 → cannot exceed 0.
[ 84.732s] PRUNE: margin=-3.671875, optimistic_rem(widened)=0.000000 → cannot exceed 0.
[ 84.931s] PRUNE: margin=-3.671875, optimistic_rem(widened)=0.000000 → cannot exceed 0.
[ 85.230s] PRUNE: margin=-3.671875, optimistic_rem(widened)=1.500000 → cannot exceed 0.
[ 85.429s] PRUNE: margin=-3.671875, optimistic_rem(widened)=1.500000 → cannot exceed 0.
[ 85.628s] PRUNE: margin=-3.671875, optimistic_rem(widened)=1.500000 → cannot exceed 0.
[ 85.827s] PRUNE: margin=-3.671875, optimistic_rem(widened)=1.500000 → cannot exceed 0.
[ 86.027s] PRUNE: margin=-3.671875, optimistic_rem(widened)=1.500000 → cannot exceed 0.
[ 86.225s] PRUNE: margin=-3.671875, optimistic_rem(widened)=1.500000 → cannot exceed 0.
[ 86.425s] PRUNE: margin=-3.671875, optimistic_rem(widened)=1.500000 → cannot exceed 0.
[ 86.624s] PRUNE: margin=-3.671875, optimistic_rem(widened)=2.000000 → cannot exceed 0.
[ 87.022s] PRUNE: margin=-4.953125, optimistic_rem(widened)=3.312500 → cannot exceed 0.
[ 87.221s] PRUNE: margin=-3.671875, optimistic_rem(widened)=1.500000 → cannot exceed 0.
[ 87.420s] PRUNE: margin=-3.671875, optimistic_rem(widened)=1.500000 → cannot exceed 0.
[ 87.621s] PRUNE: margin=-3.671875, optimistic_rem(widened)=1.500000 → cannot exceed 0.
[ 87.820s] PRUNE: margin=-3.671875, optimistic_rem(widened)=1.500000 → cannot exceed 0.
[ 88.019s] PRUNE: margin=-3.671875, optimistic_rem(widened)=1.500000 → cannot exceed 0.
[ 88.218s] PRUNE: margin=-3.671875, optimistic_rem(widened)=1.500000 → cannot exceed 0.
[ 88.417s] PRUNE: margin=-3.671875, optimistic_rem(widened)=2.250000 → cannot exceed 0.
[ 88.616s] PRUNE: margin=-3.671875, optimistic_rem(widened)=2.250000 → cannot exceed 0.
[ 89.014s] PRUNE: margin=-3.671875, optimistic_rem(widened)=1.500000 → cannot exceed 0.
[ 89.213s] PRUNE: margin=-3.671875, optimistic_rem(widened)=1.500000 → cannot exceed 0.
[ 89.412s] PRUNE: margin=-3.671875, optimistic_rem(widened)=1.500000 → cannot exceed 0.
[ 89.611s] PRUNE: margin=-3.671875, optimistic_rem(widened)=1.500000 → cannot exceed 0.
[ 89.810s] PRUNE: margin=-3.671875, optimistic_rem(widened)=1.500000 → cannot exceed 0.
[ 90.009s] PRUNE: margin=-3.671875, optimistic_rem(widened)=2.250000 → cannot exceed 0.
[ 90.208s] PRUNE: margin=-3.671875, optimistic_rem(widened)=2.250000 → cannot exceed 0.
[ 90.706s] PRUNE: margin=-3.671875, optimistic_rem(widened)=1.500000 → cannot exceed 0.
[ 90.905s] PRUNE: margin=-3.671875, optimistic_rem(widened)=1.500000 → cannot exceed 0.
[ 91.104s] PRUNE: margin=-3.671875, optimistic_rem(widened)=1.500000 → cannot exceed 0.
[ 91.303s] PRUNE: margin=-3.671875, optimistic_rem(widened)=1.500000 → cannot exceed 0.
[ 91.502s] PRUNE: margin=-3.671875, optimistic_rem(widened)=1.500000 → cannot exceed 0.
[ 91.701s] PRUNE: margin=-3.671875, optimistic_rem(widened)=1.500000 → cannot exceed 0.
[ 91.900s] PRUNE: margin=-3.671875, optimistic_rem(widened)=1.500000 → cannot exceed 0.
[ 92.100s] PRUNE: margin=-3.671875, optimistic_rem(widened)=2.000000 → cannot exceed 0.
[ 92.478s] PRUNE: margin=-4.953125, optimistic_rem(widened)=3.312500 → cannot exceed 0.
[ 92.659s] PRUNE: margin=-3.671875, optimistic_rem(widened)=2.250000 → cannot exceed 0.
[ 92.776s] PRUNE: margin=-3.671875, optimistic_rem(widened)=0.000000 → cannot exceed 0.
[ 92.902s] PRUNE: margin=-3.671875, optimistic_rem(widened)=0.000000 → cannot exceed 0.
[ 93.030s] PRUNE: margin=-3.671875, optimistic_rem(widened)=0.000000 → cannot exceed 0.
[ 93.148s] PRUNE: margin=-3.671875, optimistic_rem(widened)=0.000000 → cannot exceed 0.
[ 93.269s] PRUNE: margin=-3.671875, optimistic_rem(widened)=0.000000 → cannot exceed 0.
[ 93.414s] PRUNE: margin=-3.671875, optimistic_rem(widened)=0.000000 → cannot exceed 0.
[ 93.555s] PRUNE: margin=-3.671875, optimistic_rem(widened)=0.000000 → cannot exceed 0.
[ 93.673s] PRUNE: margin=-3.671875, optimistic_rem(widened)=0.000000 → cannot exceed 0.
[ 93.908s] PRUNE: margin=-3.671875, optimistic_rem(widened)=0.000000 → cannot exceed 0.
[ 94.041s] PRUNE: margin=-3.671875, optimistic_rem(widened)=0.000000 → cannot exceed 0.
[ 94.240s] PRUNE: margin=-3.671875, optimistic_rem(widened)=0.000000 → cannot exceed 0.
[ 94.439s] PRUNE: margin=-3.671875, optimistic_rem(widened)=0.000000 → cannot exceed 0.
[ 94.638s] PRUNE: margin=-3.671875, optimistic_rem(widened)=0.000000 → cannot exceed 0.
[ 94.837s] PRUNE: margin=-3.671875, optimistic_rem(widened)=0.000000 → cannot exceed 0.
[ 95.036s] PRUNE: margin=-3.671875, optimistic_rem(widened)=0.000000 → cannot exceed 0.
[ 95.235s] PRUNE: margin=-3.671875, optimistic_rem(widened)=0.000000 → cannot exceed 0.
[ 95.535s] PRUNE: margin=-3.671875, optimistic_rem(widened)=1.500000 → cannot exceed 0.
[ 95.734s] PRUNE: margin=-3.671875, optimistic_rem(widened)=1.500000 → cannot exceed 0.
[ 95.932s] PRUNE: margin=-3.671875, optimistic_rem(widened)=1.500000 → cannot exceed 0.
[ 96.131s] PRUNE: margin=-3.671875, optimistic_rem(widened)=1.500000 → cannot exceed 0.
[ 96.330s] PRUNE: margin=-3.671875, optimistic_rem(widened)=1.500000 → cannot exceed 0.
[ 96.529s] PRUNE: margin=-3.671875, optimistic_rem(widened)=1.500000 → cannot exceed 0.
[ 96.729s] PRUNE: margin=-3.671875, optimistic_rem(widened)=1.500000 → cannot exceed 0.
[ 96.929s] PRUNE: margin=-3.671875, optimistic_rem(widened)=2.000000 → cannot exceed 0.
[ 97.327s] PRUNE: margin=-4.953125, optimistic_rem(widened)=3.312500 → cannot exceed 0.
[ 97.625s] PRUNE: margin=-3.671875, optimistic_rem(widened)=0.000000 → cannot exceed 0.
[ 97.824s] PRUNE: margin=-3.671875, optimistic_rem(widened)=0.000000 → cannot exceed 0.
[ 98.024s] PRUNE: margin=-3.671875, optimistic_rem(widened)=0.000000 → cannot exceed 0.
[ 98.223s] PRUNE: margin=-3.671875, optimistic_rem(widened)=0.000000 → cannot exceed 0.
[ 98.422s] PRUNE: margin=-3.671875, optimistic_rem(widened)=0.000000 → cannot exceed 0.
[ 98.621s] PRUNE: margin=-3.671875, optimistic_rem(widened)=0.000000 → cannot exceed 0.
[ 98.820s] PRUNE: margin=-3.671875, optimistic_rem(widened)=0.000000 → cannot exceed 0.
[ 99.019s] PRUNE: margin=-3.671875, optimistic_rem(widened)=0.000000 → cannot exceed 0.
[ 99.318s] PRUNE: margin=-3.671875, optimistic_rem(widened)=1.500000 → cannot exceed 0.
[ 99.517s] PRUNE: margin=-3.671875, optimistic_rem(widened)=1.500000 → cannot exceed 0.
[ 99.716s] PRUNE: margin=-3.671875, optimistic_rem(widened)=1.500000 → cannot exceed 0.
[ 99.916s] PRUNE: margin=-3.671875, optimistic_rem(widened)=1.500000 → cannot exceed 0.
[100.114s] PRUNE: margin=-3.671875, optimistic_rem(widened)=1.500000 → cannot exceed 0.
[100.313s] PRUNE: margin=-3.671875, optimistic_rem(widened)=1.500000 → cannot exceed 0.
[100.513s] PRUNE: margin=-3.671875, optimistic_rem(widened)=1.500000 → cannot exceed 0.
[100.712s] PRUNE: margin=-3.671875, optimistic_rem(widened)=2.000000 → cannot exceed 0.
[101.109s] PRUNE: margin=-4.953125, optimistic_rem(widened)=3.312500 → cannot exceed 0.
[101.309s] PRUNE: margin=-3.671875, optimistic_rem(widened)=1.500000 → cannot exceed 0.
[101.508s] PRUNE: margin=-3.671875, optimistic_rem(widened)=1.500000 → cannot exceed 0.
[101.707s] PRUNE: margin=-3.671875, optimistic_rem(widened)=1.500000 → cannot exceed 0.
[101.906s] PRUNE: margin=-3.671875, optimistic_rem(widened)=1.500000 → cannot exceed 0.
[102.105s] PRUNE: margin=-3.671875, optimistic_rem(widened)=1.500000 → cannot exceed 0.
[102.304s] PRUNE: margin=-3.671875, optimistic_rem(widened)=1.500000 → cannot exceed 0.
[102.503s] PRUNE: margin=-3.671875, optimistic_rem(widened)=2.250000 → cannot exceed 0.
[102.702s] PRUNE: margin=-3.671875, optimistic_rem(widened)=2.250000 → cannot exceed 0.
[103.099s] PRUNE: margin=-3.671875, optimistic_rem(widened)=1.500000 → cannot exceed 0.
[103.298s] PRUNE: margin=-3.671875, optimistic_rem(widened)=1.500000 → cannot exceed 0.
[103.497s] PRUNE: margin=-3.671875, optimistic_rem(widened)=1.500000 → cannot exceed 0.
[103.696s] PRUNE: margin=-3.671875, optimistic_rem(widened)=1.500000 → cannot exceed 0.
[103.895s] PRUNE: margin=-3.671875, optimistic_rem(widened)=1.500000 → cannot exceed 0.
[104.094s] PRUNE: margin=-3.671875, optimistic_rem(widened)=2.250000 → cannot exceed 0.
[104.293s] PRUNE: margin=-3.671875, optimistic_rem(widened)=2.250000 → cannot exceed 0.
[104.791s] PRUNE: margin=-3.671875, optimistic_rem(widened)=1.500000 → cannot exceed 0.
[104.990s] PRUNE: margin=-3.671875, optimistic_rem(widened)=1.500000 → cannot exceed 0.
[105.206s] PRUNE: margin=-3.671875, optimistic_rem(widened)=1.500000 → cannot exceed 0.
[105.406s] PRUNE: margin=-3.671875, optimistic_rem(widened)=1.500000 → cannot exceed 0.
[105.605s] PRUNE: margin=-3.671875, optimistic_rem(widened)=1.500000 → cannot exceed 0.
[105.804s] PRUNE: margin=-3.671875, optimistic_rem(widened)=1.500000 → cannot exceed 0.
[106.003s] PRUNE: margin=-3.671875, optimistic_rem(widened)=1.500000 → cannot exceed 0.
[106.202s] PRUNE: margin=-3.671875, optimistic_rem(widened)=2.000000 → cannot exceed 0.
[106.599s] PRUNE: margin=-4.953125, optimistic_rem(widened)=4.593750 → cannot exceed 0.
[106.997s] PRUNE: margin=-3.671875, optimistic_rem(widened)=0.000000 → cannot exceed 0.
[107.196s] PRUNE: margin=-3.671875, optimistic_rem(widened)=0.000000 → cannot exceed 0.
[107.395s] PRUNE: margin=-3.671875, optimistic_rem(widened)=0.000000 → cannot exceed 0.
[107.594s] PRUNE: margin=-3.671875, optimistic_rem(widened)=0.000000 → cannot exceed 0.
[107.793s] PRUNE: margin=-3.671875, optimistic_rem(widened)=0.000000 → cannot exceed 0.
[107.993s] PRUNE: margin=-3.671875, optimistic_rem(widened)=0.000000 → cannot exceed 0.
[108.192s] PRUNE: margin=-3.671875, optimistic_rem(widened)=0.000000 → cannot exceed 0.
[108.391s] PRUNE: margin=-3.671875, optimistic_rem(widened)=0.000000 → cannot exceed 0.
[108.674s] PRUNE: margin=-3.671875, optimistic_rem(widened)=1.500000 → cannot exceed 0.
[108.845s] PRUNE: margin=-3.671875, optimistic_rem(widened)=1.500000 → cannot exceed 0.
[109.044s] PRUNE: margin=-3.671875, optimistic_rem(widened)=1.500000 → cannot exceed 0.
[109.243s] PRUNE: margin=-3.671875, optimistic_rem(widened)=1.500000 → cannot exceed 0.
[109.442s] PRUNE: margin=-3.671875, optimistic_rem(widened)=1.500000 → cannot exceed 0.
[109.641s] PRUNE: margin=-3.671875, optimistic_rem(widened)=1.500000 → cannot exceed 0.
[109.840s] PRUNE: margin=-3.671875, optimistic_rem(widened)=1.500000 → cannot exceed 0.
[110.039s] PRUNE: margin=-3.671875, optimistic_rem(widened)=2.000000 → cannot exceed 0.
[110.437s] PRUNE: margin=-3.671875, optimistic_rem(widened)=1.500000 → cannot exceed 0.
[110.637s] PRUNE: margin=-3.671875, optimistic_rem(widened)=1.500000 → cannot exceed 0.
[110.836s] PRUNE: margin=-3.671875, optimistic_rem(widened)=1.500000 → cannot exceed 0.
[111.035s] PRUNE: margin=-3.671875, optimistic_rem(widened)=1.500000 → cannot exceed 0.
[111.234s] PRUNE: margin=-3.671875, optimistic_rem(widened)=1.500000 → cannot exceed 0.
[111.433s] PRUNE: margin=-3.671875, optimistic_rem(widened)=1.500000 → cannot exceed 0.
[111.632s] PRUNE: margin=-3.671875, optimistic_rem(widened)=2.250000 → cannot exceed 0.
[111.831s] PRUNE: margin=-3.671875, optimistic_rem(widened)=2.250000 → cannot exceed 0.
[112.130s] PRUNE: margin=-3.671875, optimistic_rem(widened)=3.000000 → cannot exceed 0.
[112.323s] PRUNE: margin=-3.671875, optimistic_rem(widened)=3.000000 → cannot exceed 0.
[112.510s] PRUNE: margin=-3.671875, optimistic_rem(widened)=3.000000 → cannot exceed 0.
[112.697s] PRUNE: margin=-3.671875, optimistic_rem(widened)=3.000000 → cannot exceed 0.
[112.884s] PRUNE: margin=-3.671875, optimistic_rem(widened)=1.500000 → cannot exceed 0.
[113.071s] PRUNE: margin=-3.671875, optimistic_rem(widened)=1.500000 → cannot exceed 0.
[113.234s] PRUNE: margin=-3.671875, optimistic_rem(widened)=1.500000 → cannot exceed 0.
[113.388s] PRUNE: margin=-3.671875, optimistic_rem(widened)=2.000000 → cannot exceed 0.
[113.786s] PRUNE: margin=-4.953125, optimistic_rem(widened)=4.593750 → cannot exceed 0.
[114.084s] PRUNE: margin=-3.671875, optimistic_rem(widened)=1.500000 → cannot exceed 0.
[114.283s] PRUNE: margin=-3.671875, optimistic_rem(widened)=1.500000 → cannot exceed 0.
[114.482s] PRUNE: margin=-3.671875, optimistic_rem(widened)=1.500000 → cannot exceed 0.
[114.681s] PRUNE: margin=-3.671875, optimistic_rem(widened)=1.500000 → cannot exceed 0.
[114.880s] PRUNE: margin=-3.671875, optimistic_rem(widened)=1.500000 → cannot exceed 0.
[115.079s] PRUNE: margin=-3.671875, optimistic_rem(widened)=1.500000 → cannot exceed 0.
[115.279s] PRUNE: margin=-3.671875, optimistic_rem(widened)=2.250000 → cannot exceed 0.
[115.478s] PRUNE: margin=-3.671875, optimistic_rem(widened)=2.250000 → cannot exceed 0.
[115.776s] PRUNE: margin=-3.671875, optimistic_rem(widened)=3.000000 → cannot exceed 0.
[115.975s] PRUNE: margin=-3.671875, optimistic_rem(widened)=3.000000 → cannot exceed 0.
[116.175s] PRUNE: margin=-3.671875, optimistic_rem(widened)=3.000000 → cannot exceed 0.
[116.374s] PRUNE: margin=-3.671875, optimistic_rem(widened)=3.000000 → cannot exceed 0.
[116.573s] PRUNE: margin=-3.671875, optimistic_rem(widened)=3.000000 → cannot exceed 0.
[116.772s] PRUNE: margin=-3.671875, optimistic_rem(widened)=3.000000 → cannot exceed 0.
[116.971s] PRUNE: margin=-3.671875, optimistic_rem(widened)=1.500000 → cannot exceed 0.
[117.170s] PRUNE: margin=-3.671875, optimistic_rem(widened)=2.000000 → cannot exceed 0.
[117.568s] PRUNE: margin=-4.953125, optimistic_rem(widened)=4.593750 → cannot exceed 0.
[117.767s] PRUNE: margin=-3.671875, optimistic_rem(widened)=3.000000 → cannot exceed 0.
[117.966s] PRUNE: margin=-3.671875, optimistic_rem(widened)=3.000000 → cannot exceed 0.
[118.165s] PRUNE: margin=-3.671875, optimistic_rem(widened)=3.000000 → cannot exceed 0.
[118.363s] PRUNE: margin=-3.671875, optimistic_rem(widened)=3.000000 → cannot exceed 0.
[118.563s] PRUNE: margin=-3.671875, optimistic_rem(widened)=3.000000 → cannot exceed 0.
[118.762s] PRUNE: margin=-3.671875, optimistic_rem(widened)=3.000000 → cannot exceed 0.
[119.757s] PRUNE: margin=-3.671875, optimistic_rem(widened)=3.000000 → cannot exceed 0.
[119.956s] PRUNE: margin=-3.671875, optimistic_rem(widened)=3.000000 → cannot exceed 0.
[120.155s] PRUNE: margin=-3.671875, optimistic_rem(widened)=3.000000 → cannot exceed 0.
[120.354s] PRUNE: margin=-3.671875, optimistic_rem(widened)=3.000000 → cannot exceed 0.
[120.553s] PRUNE: margin=-3.671875, optimistic_rem(widened)=3.000000 → cannot exceed 0.
[120.951s] PRUNE: margin=-2.921875, optimistic_rem(widened)=0.000000 → cannot exceed 0.
[121.250s] PRUNE: margin=-3.671875, optimistic_rem(widened)=2.250000 → cannot exceed 0.
[137.164s] PRUNE: margin=-2.921875, optimistic_rem(widened)=2.000000 → cannot exceed 0.
[147.015s] PRUNE: margin=-2.921875, optimistic_rem(widened)=2.000000 → cannot exceed 0.
[152.685s] PRUNE: margin=-2.921875, optimistic_rem(widened)=2.000000 → cannot exceed 0.
[155.769s] PRUNE: margin=-2.921875, optimistic_rem(widened)=2.000000 → cannot exceed 0.
[157.383s] PRUNE: margin=-2.921875, optimistic_rem(widened)=2.000000 → cannot exceed 0.
[159.972s] No counterexample within budgets (BaB): no misclassification found.
STATUS: No counterexample | best_upper_margin=3.703125 | elapsed=159.972s | pixels_changed=0 | total_bit_flips=0 | avg_hamming_per_pixel=0.000000 | patch_rows=7-12 | patch_cols=7-9 | note=no_counterexample_within_budgets
