[  0.000s] init: idx=9788 kmax=2 bmax=4 topx=2 widen=1.000 rank_fast=off
clean logits (hex):  0x87  0x8e  0x99  0xcb  0x98  0x97  0x87  0x74  0x96  0x6e
clean logits (bits): 10000111 10001110 10011001 11001011 10011000 10010111 10000111 01110100 10010110 01101110
clean logits (double): -10.000000 -5.000000 -2.875000 -0.828125 -3.000000 -3.125000 -10.000000 +6.000000 -3.250000 +3.750000
[  0.008s] clean prediction: 7 (true label 7)
[ 36.479s] selection: nSym=2 (from 784), topx=2, rank_fast=off
[ 36.479s] active patch: rows 0-0, cols 1-9 (derived from symPix)
[ 36.602s] Proceeding to BaB (greedy enabled).
[ 36.602s] Skipping root bound check (--no-root-bound).
[ 36.602s] BaB search starting (K≤2, B≤4, nSym=2, depth_limit=500000000, widen=1.00)...
[ 41.136s] PRUNE: margin=-2.250000, optimistic_rem(widened)=0.000000 → cannot exceed 0.
[ 41.334s] PRUNE: margin=-2.250000, optimistic_rem(widened)=0.000000 → cannot exceed 0.
[ 41.530s] PRUNE: margin=-2.250000, optimistic_rem(widened)=0.000000 → cannot exceed 0.
[ 41.727s] PRUNE: margin=-2.250000, optimistic_rem(widened)=0.000000 → cannot exceed 0.
[ 41.924s] PRUNE: margin=-2.250000, optimistic_rem(widened)=0.000000 → cannot exceed 0.
[ 42.121s] PRUNE: margin=-2.250000, optimistic_rem(widened)=0.000000 → cannot exceed 0.
[ 42.317s] PRUNE: margin=-2.250000, optimistic_rem(widened)=0.000000 → cannot exceed 0.
[ 42.514s] PRUNE: margin=-2.250000, optimistic_rem(widened)=0.000000 → cannot exceed 0.
[ 47.325s] PRUNE: margin=-2.250000, optimistic_rem(widened)=0.000000 → cannot exceed 0.
[ 47.521s] PRUNE: margin=-2.250000, optimistic_rem(widened)=0.000000 → cannot exceed 0.
[ 47.717s] PRUNE: margin=-2.250000, optimistic_rem(widened)=0.000000 → cannot exceed 0.
[ 47.913s] PRUNE: margin=-2.250000, optimistic_rem(widened)=0.000000 → cannot exceed 0.
[ 48.109s] PRUNE: margin=-2.250000, optimistic_rem(widened)=0.000000 → cannot exceed 0.
[ 48.305s] PRUNE: margin=-2.250000, optimistic_rem(widened)=0.000000 → cannot exceed 0.
[ 48.501s] PRUNE: margin=-2.250000, optimistic_rem(widened)=0.000000 → cannot exceed 0.
[ 48.697s] PRUNE: margin=-2.250000, optimistic_rem(widened)=0.000000 → cannot exceed 0.
[ 49.089s] PRUNE: margin=-1.875000, optimistic_rem(widened)=0.000000 → cannot exceed 0.
[ 51.006s] PRUNE: margin=-2.250000, optimistic_rem(widened)=0.000000 → cannot exceed 0.
[ 51.172s] PRUNE: margin=-2.250000, optimistic_rem(widened)=0.000000 → cannot exceed 0.
[ 51.304s] PRUNE: margin=-2.250000, optimistic_rem(widened)=0.000000 → cannot exceed 0.
[ 51.440s] PRUNE: margin=-2.250000, optimistic_rem(widened)=0.000000 → cannot exceed 0.
[ 51.576s] PRUNE: margin=-2.250000, optimistic_rem(widened)=0.000000 → cannot exceed 0.
[ 51.709s] PRUNE: margin=-2.250000, optimistic_rem(widened)=0.000000 → cannot exceed 0.
[ 51.843s] PRUNE: margin=-2.250000, optimistic_rem(widened)=0.000000 → cannot exceed 0.
[ 52.019s] PRUNE: margin=-2.250000, optimistic_rem(widened)=0.000000 → cannot exceed 0.
[ 52.343s] PRUNE: margin=-1.875000, optimistic_rem(widened)=0.000000 → cannot exceed 0.
[ 53.112s] PRUNE: margin=-2.250000, optimistic_rem(widened)=0.000000 → cannot exceed 0.
[ 53.237s] PRUNE: margin=-2.250000, optimistic_rem(widened)=0.000000 → cannot exceed 0.
[ 53.399s] PRUNE: margin=-2.250000, optimistic_rem(widened)=0.000000 → cannot exceed 0.
[ 53.596s] PRUNE: margin=-2.250000, optimistic_rem(widened)=0.000000 → cannot exceed 0.
[ 53.792s] PRUNE: margin=-2.250000, optimistic_rem(widened)=0.000000 → cannot exceed 0.
[ 53.989s] PRUNE: margin=-2.250000, optimistic_rem(widened)=0.000000 → cannot exceed 0.
[ 54.186s] PRUNE: margin=-2.250000, optimistic_rem(widened)=0.000000 → cannot exceed 0.
[ 54.382s] PRUNE: margin=-2.250000, optimistic_rem(widened)=0.000000 → cannot exceed 0.
[ 54.651s] PRUNE: margin=-1.875000, optimistic_rem(widened)=0.000000 → cannot exceed 0.
[ 54.773s] PRUNE: margin=-1.875000, optimistic_rem(widened)=0.000000 → cannot exceed 0.
[ 54.895s] PRUNE: margin=-2.250000, optimistic_rem(widened)=0.000000 → cannot exceed 0.
[ 55.015s] PRUNE: margin=-2.250000, optimistic_rem(widened)=0.000000 → cannot exceed 0.
[ 55.136s] PRUNE: margin=-2.250000, optimistic_rem(widened)=0.000000 → cannot exceed 0.
[ 55.255s] PRUNE: margin=-2.250000, optimistic_rem(widened)=0.000000 → cannot exceed 0.
[ 55.377s] PRUNE: margin=-2.250000, optimistic_rem(widened)=0.000000 → cannot exceed 0.
[ 55.508s] PRUNE: margin=-2.250000, optimistic_rem(widened)=0.000000 → cannot exceed 0.
[ 55.632s] PRUNE: margin=-2.250000, optimistic_rem(widened)=0.000000 → cannot exceed 0.
[ 55.882s] PRUNE: margin=-1.875000, optimistic_rem(widened)=0.000000 → cannot exceed 0.
[ 56.004s] PRUNE: margin=-1.875000, optimistic_rem(widened)=0.000000 → cannot exceed 0.
[ 56.144s] PRUNE: margin=-1.875000, optimistic_rem(widened)=0.000000 → cannot exceed 0.
[ 56.267s] PRUNE: margin=-2.250000, optimistic_rem(widened)=0.000000 → cannot exceed 0.
[ 56.397s] PRUNE: margin=-2.250000, optimistic_rem(widened)=0.000000 → cannot exceed 0.
[ 56.522s] PRUNE: margin=-2.250000, optimistic_rem(widened)=0.000000 → cannot exceed 0.
[ 56.652s] PRUNE: margin=-2.250000, optimistic_rem(widened)=0.000000 → cannot exceed 0.
[ 56.783s] PRUNE: margin=-2.250000, optimistic_rem(widened)=0.000000 → cannot exceed 0.
[ 56.995s] PRUNE: margin=-2.250000, optimistic_rem(widened)=0.000000 → cannot exceed 0.
[ 57.132s] PRUNE: margin=-2.250000, optimistic_rem(widened)=0.000000 → cannot exceed 0.
[ 57.260s] PRUNE: margin=-2.250000, optimistic_rem(widened)=0.000000 → cannot exceed 0.
[ 57.389s] PRUNE: margin=-2.250000, optimistic_rem(widened)=0.000000 → cannot exceed 0.
[ 57.534s] PRUNE: margin=-2.250000, optimistic_rem(widened)=0.000000 → cannot exceed 0.
[ 57.736s] PRUNE: margin=-2.250000, optimistic_rem(widened)=0.000000 → cannot exceed 0.
[ 57.864s] PRUNE: margin=-2.250000, optimistic_rem(widened)=0.000000 → cannot exceed 0.
[ 58.129s] PRUNE: margin=-1.875000, optimistic_rem(widened)=0.000000 → cannot exceed 0.
[ 62.796s] PRUNE: margin=-2.250000, optimistic_rem(widened)=0.000000 → cannot exceed 0.
[ 62.993s] PRUNE: margin=-2.250000, optimistic_rem(widened)=0.000000 → cannot exceed 0.
[ 63.190s] PRUNE: margin=-2.250000, optimistic_rem(widened)=0.000000 → cannot exceed 0.
[ 63.386s] PRUNE: margin=-2.250000, optimistic_rem(widened)=0.000000 → cannot exceed 0.
[ 63.583s] PRUNE: margin=-2.250000, optimistic_rem(widened)=0.000000 → cannot exceed 0.
[ 63.779s] PRUNE: margin=-2.250000, optimistic_rem(widened)=0.000000 → cannot exceed 0.
[ 63.976s] PRUNE: margin=-2.250000, optimistic_rem(widened)=0.000000 → cannot exceed 0.
[ 64.173s] PRUNE: margin=-2.250000, optimistic_rem(widened)=0.000000 → cannot exceed 0.
[ 64.566s] PRUNE: margin=-1.875000, optimistic_rem(widened)=0.000000 → cannot exceed 0.
[ 66.827s] PRUNE: margin=-2.250000, optimistic_rem(widened)=0.000000 → cannot exceed 0.
[ 67.024s] PRUNE: margin=-2.250000, optimistic_rem(widened)=0.000000 → cannot exceed 0.
[ 67.220s] PRUNE: margin=-2.250000, optimistic_rem(widened)=0.000000 → cannot exceed 0.
[ 67.417s] PRUNE: margin=-2.250000, optimistic_rem(widened)=0.000000 → cannot exceed 0.
[ 67.613s] PRUNE: margin=-2.250000, optimistic_rem(widened)=0.000000 → cannot exceed 0.
[ 67.810s] PRUNE: margin=-2.250000, optimistic_rem(widened)=0.000000 → cannot exceed 0.
[ 68.006s] PRUNE: margin=-2.250000, optimistic_rem(widened)=0.000000 → cannot exceed 0.
[ 68.203s] PRUNE: margin=-2.250000, optimistic_rem(widened)=0.000000 → cannot exceed 0.
[ 68.596s] PRUNE: margin=-1.875000, optimistic_rem(widened)=0.000000 → cannot exceed 0.
[ 69.775s] PRUNE: margin=-2.250000, optimistic_rem(widened)=0.000000 → cannot exceed 0.
[ 69.972s] PRUNE: margin=-2.250000, optimistic_rem(widened)=0.000000 → cannot exceed 0.
[ 70.168s] PRUNE: margin=-2.250000, optimistic_rem(widened)=0.000000 → cannot exceed 0.
[ 70.365s] PRUNE: margin=-2.250000, optimistic_rem(widened)=0.000000 → cannot exceed 0.
[ 70.562s] PRUNE: margin=-2.250000, optimistic_rem(widened)=0.000000 → cannot exceed 0.
[ 70.758s] PRUNE: margin=-2.250000, optimistic_rem(widened)=0.000000 → cannot exceed 0.
[ 70.955s] PRUNE: margin=-2.250000, optimistic_rem(widened)=0.000000 → cannot exceed 0.
[ 71.152s] PRUNE: margin=-2.250000, optimistic_rem(widened)=0.000000 → cannot exceed 0.
[ 71.545s] PRUNE: margin=-1.875000, optimistic_rem(widened)=0.000000 → cannot exceed 0.
[ 71.741s] PRUNE: margin=-1.875000, optimistic_rem(widened)=0.000000 → cannot exceed 0.
[ 71.938s] PRUNE: margin=-2.250000, optimistic_rem(widened)=0.000000 → cannot exceed 0.
[ 72.134s] PRUNE: margin=-2.250000, optimistic_rem(widened)=0.000000 → cannot exceed 0.
[ 72.331s] PRUNE: margin=-2.250000, optimistic_rem(widened)=0.000000 → cannot exceed 0.
[ 72.528s] PRUNE: margin=-2.250000, optimistic_rem(widened)=0.000000 → cannot exceed 0.
[ 72.725s] PRUNE: margin=-2.250000, optimistic_rem(widened)=0.000000 → cannot exceed 0.
[ 72.921s] PRUNE: margin=-2.250000, optimistic_rem(widened)=0.000000 → cannot exceed 0.
[ 73.118s] PRUNE: margin=-2.250000, optimistic_rem(widened)=0.000000 → cannot exceed 0.
[ 73.511s] PRUNE: margin=-1.875000, optimistic_rem(widened)=0.000000 → cannot exceed 0.
[ 73.708s] PRUNE: margin=-1.875000, optimistic_rem(widened)=0.000000 → cannot exceed 0.
[ 73.904s] PRUNE: margin=-1.875000, optimistic_rem(widened)=0.000000 → cannot exceed 0.
[ 74.101s] PRUNE: margin=-1.875000, optimistic_rem(widened)=0.000000 → cannot exceed 0.
[ 74.297s] PRUNE: margin=-2.250000, optimistic_rem(widened)=0.000000 → cannot exceed 0.
[ 74.494s] PRUNE: margin=-2.250000, optimistic_rem(widened)=0.000000 → cannot exceed 0.
[ 74.691s] PRUNE: margin=-2.250000, optimistic_rem(widened)=0.000000 → cannot exceed 0.
[ 74.869s] PRUNE: margin=-2.250000, optimistic_rem(widened)=0.000000 → cannot exceed 0.
[ 75.144s] PRUNE: margin=-2.250000, optimistic_rem(widened)=0.000000 → cannot exceed 0.
[ 75.295s] PRUNE: margin=-2.250000, optimistic_rem(widened)=0.000000 → cannot exceed 0.
[ 75.411s] PRUNE: margin=-2.250000, optimistic_rem(widened)=0.000000 → cannot exceed 0.
[ 75.530s] PRUNE: margin=-2.250000, optimistic_rem(widened)=0.000000 → cannot exceed 0.
[ 75.727s] PRUNE: margin=-2.250000, optimistic_rem(widened)=0.000000 → cannot exceed 0.
[ 75.853s] PRUNE: margin=-2.250000, optimistic_rem(widened)=0.000000 → cannot exceed 0.
[ 75.986s] PRUNE: margin=-2.250000, optimistic_rem(widened)=0.000000 → cannot exceed 0.
[ 76.234s] PRUNE: margin=-2.250000, optimistic_rem(widened)=0.000000 → cannot exceed 0.
[ 76.363s] PRUNE: margin=-2.250000, optimistic_rem(widened)=0.000000 → cannot exceed 0.
[ 76.626s] PRUNE: margin=-1.875000, optimistic_rem(widened)=0.000000 → cannot exceed 0.
[ 77.131s] PRUNE: margin=-1.875000, optimistic_rem(widened)=0.000000 → cannot exceed 0.
[ 79.149s] PRUNE: margin=-2.250000, optimistic_rem(widened)=0.000000 → cannot exceed 0.
[ 79.346s] PRUNE: margin=-2.250000, optimistic_rem(widened)=0.000000 → cannot exceed 0.
[ 79.542s] PRUNE: margin=-2.250000, optimistic_rem(widened)=0.000000 → cannot exceed 0.
[ 79.738s] PRUNE: margin=-2.250000, optimistic_rem(widened)=0.000000 → cannot exceed 0.
[ 79.934s] PRUNE: margin=-2.250000, optimistic_rem(widened)=0.000000 → cannot exceed 0.
[ 80.131s] PRUNE: margin=-2.250000, optimistic_rem(widened)=0.000000 → cannot exceed 0.
[ 80.327s] PRUNE: margin=-2.250000, optimistic_rem(widened)=0.000000 → cannot exceed 0.
[ 80.523s] PRUNE: margin=-2.250000, optimistic_rem(widened)=0.000000 → cannot exceed 0.
[ 80.916s] PRUNE: margin=-1.875000, optimistic_rem(widened)=0.000000 → cannot exceed 0.
[ 82.020s] PRUNE: margin=-2.250000, optimistic_rem(widened)=0.000000 → cannot exceed 0.
[ 82.217s] PRUNE: margin=-2.250000, optimistic_rem(widened)=0.000000 → cannot exceed 0.
[ 82.413s] PRUNE: margin=-2.250000, optimistic_rem(widened)=0.000000 → cannot exceed 0.
[ 82.609s] PRUNE: margin=-2.250000, optimistic_rem(widened)=0.000000 → cannot exceed 0.
[ 82.806s] PRUNE: margin=-2.250000, optimistic_rem(widened)=0.000000 → cannot exceed 0.
[ 83.002s] PRUNE: margin=-2.250000, optimistic_rem(widened)=0.000000 → cannot exceed 0.
[ 83.215s] PRUNE: margin=-2.250000, optimistic_rem(widened)=0.000000 → cannot exceed 0.
[ 83.417s] PRUNE: margin=-2.250000, optimistic_rem(widened)=0.000000 → cannot exceed 0.
[ 83.830s] PRUNE: margin=-1.875000, optimistic_rem(widened)=0.000000 → cannot exceed 0.
[ 84.026s] PRUNE: margin=-1.875000, optimistic_rem(widened)=0.000000 → cannot exceed 0.
[ 84.222s] PRUNE: margin=-2.250000, optimistic_rem(widened)=0.000000 → cannot exceed 0.
[ 84.418s] PRUNE: margin=-2.250000, optimistic_rem(widened)=0.000000 → cannot exceed 0.
[ 84.613s] PRUNE: margin=-2.250000, optimistic_rem(widened)=0.000000 → cannot exceed 0.
[ 84.809s] PRUNE: margin=-2.250000, optimistic_rem(widened)=0.000000 → cannot exceed 0.
[ 85.005s] PRUNE: margin=-2.250000, optimistic_rem(widened)=0.000000 → cannot exceed 0.
[ 85.201s] PRUNE: margin=-2.250000, optimistic_rem(widened)=0.000000 → cannot exceed 0.
[ 85.397s] PRUNE: margin=-2.250000, optimistic_rem(widened)=0.000000 → cannot exceed 0.
[ 85.788s] PRUNE: margin=-1.875000, optimistic_rem(widened)=0.000000 → cannot exceed 0.
[ 85.984s] PRUNE: margin=-1.875000, optimistic_rem(widened)=0.000000 → cannot exceed 0.
[ 86.180s] PRUNE: margin=-1.875000, optimistic_rem(widened)=0.000000 → cannot exceed 0.
[ 86.376s] PRUNE: margin=-1.875000, optimistic_rem(widened)=0.000000 → cannot exceed 0.
[ 86.571s] PRUNE: margin=-2.250000, optimistic_rem(widened)=0.000000 → cannot exceed 0.
[ 86.767s] PRUNE: margin=-2.250000, optimistic_rem(widened)=0.000000 → cannot exceed 0.
[ 86.963s] PRUNE: margin=-2.250000, optimistic_rem(widened)=0.000000 → cannot exceed 0.
[ 87.158s] PRUNE: margin=-2.250000, optimistic_rem(widened)=0.000000 → cannot exceed 0.
[ 87.452s] PRUNE: margin=-2.250000, optimistic_rem(widened)=0.000000 → cannot exceed 0.
[ 87.648s] PRUNE: margin=-2.250000, optimistic_rem(widened)=0.000000 → cannot exceed 0.
[ 87.843s] PRUNE: margin=-2.250000, optimistic_rem(widened)=0.000000 → cannot exceed 0.
[ 88.039s] PRUNE: margin=-2.250000, optimistic_rem(widened)=0.000000 → cannot exceed 0.
[ 88.333s] PRUNE: margin=-2.250000, optimistic_rem(widened)=0.000000 → cannot exceed 0.
[ 88.529s] PRUNE: margin=-2.250000, optimistic_rem(widened)=0.000000 → cannot exceed 0.
[ 88.724s] PRUNE: margin=-2.250000, optimistic_rem(widened)=0.000000 → cannot exceed 0.
[ 89.116s] PRUNE: margin=-2.250000, optimistic_rem(widened)=0.000000 → cannot exceed 0.
[ 89.312s] PRUNE: margin=-2.250000, optimistic_rem(widened)=0.000000 → cannot exceed 0.
[ 89.704s] PRUNE: margin=-1.875000, optimistic_rem(widened)=0.000000 → cannot exceed 0.
[ 90.392s] PRUNE: margin=-1.875000, optimistic_rem(widened)=0.000000 → cannot exceed 0.
[ 90.686s] PRUNE: margin=-1.875000, optimistic_rem(widened)=0.000000 → cannot exceed 0.
[ 91.623s] PRUNE: margin=-2.250000, optimistic_rem(widened)=0.000000 → cannot exceed 0.
[ 91.757s] PRUNE: margin=-2.250000, optimistic_rem(widened)=0.000000 → cannot exceed 0.
[ 91.879s] PRUNE: margin=-2.250000, optimistic_rem(widened)=0.000000 → cannot exceed 0.
[ 92.027s] PRUNE: margin=-2.250000, optimistic_rem(widened)=0.000000 → cannot exceed 0.
[ 92.154s] PRUNE: margin=-2.250000, optimistic_rem(widened)=0.000000 → cannot exceed 0.
[ 92.282s] PRUNE: margin=-2.250000, optimistic_rem(widened)=0.000000 → cannot exceed 0.
[ 92.425s] PRUNE: margin=-2.250000, optimistic_rem(widened)=0.000000 → cannot exceed 0.
[ 92.689s] PRUNE: margin=-1.875000, optimistic_rem(widened)=0.000000 → cannot exceed 0.
[ 92.827s] PRUNE: margin=-2.250000, optimistic_rem(widened)=0.000000 → cannot exceed 0.
[ 92.947s] PRUNE: margin=-2.250000, optimistic_rem(widened)=0.000000 → cannot exceed 0.
[ 93.083s] PRUNE: margin=-2.250000, optimistic_rem(widened)=0.000000 → cannot exceed 0.
[ 93.217s] PRUNE: margin=-2.250000, optimistic_rem(widened)=0.000000 → cannot exceed 0.
[ 93.350s] PRUNE: margin=-2.250000, optimistic_rem(widened)=0.000000 → cannot exceed 0.
[ 93.476s] PRUNE: margin=-2.250000, optimistic_rem(widened)=0.000000 → cannot exceed 0.
[ 93.605s] PRUNE: margin=-2.250000, optimistic_rem(widened)=0.000000 → cannot exceed 0.
[ 93.881s] PRUNE: margin=-2.250000, optimistic_rem(widened)=0.000000 → cannot exceed 0.
[ 94.006s] PRUNE: margin=-2.250000, optimistic_rem(widened)=0.000000 → cannot exceed 0.
[ 94.157s] PRUNE: margin=-2.250000, optimistic_rem(widened)=0.000000 → cannot exceed 0.
[ 94.298s] PRUNE: margin=-2.250000, optimistic_rem(widened)=0.000000 → cannot exceed 0.
[ 94.439s] PRUNE: margin=-2.250000, optimistic_rem(widened)=0.000000 → cannot exceed 0.
[ 94.579s] PRUNE: margin=-2.250000, optimistic_rem(widened)=0.000000 → cannot exceed 0.
[ 94.722s] PRUNE: margin=-2.250000, optimistic_rem(widened)=0.000000 → cannot exceed 0.
[ 94.954s] PRUNE: margin=-2.250000, optimistic_rem(widened)=0.000000 → cannot exceed 0.
[ 95.072s] PRUNE: margin=-2.250000, optimistic_rem(widened)=0.000000 → cannot exceed 0.
[ 95.191s] PRUNE: margin=-2.250000, optimistic_rem(widened)=0.000000 → cannot exceed 0.
[ 95.316s] PRUNE: margin=-2.250000, optimistic_rem(widened)=0.000000 → cannot exceed 0.
[ 95.493s] PRUNE: margin=-2.250000, optimistic_rem(widened)=0.000000 → cannot exceed 0.
[ 95.679s] PRUNE: margin=-2.250000, optimistic_rem(widened)=0.000000 → cannot exceed 0.
[ 96.004s] PRUNE: margin=-2.250000, optimistic_rem(widened)=0.000000 → cannot exceed 0.
[ 96.187s] PRUNE: margin=-2.250000, optimistic_rem(widened)=0.000000 → cannot exceed 0.
[ 96.370s] PRUNE: margin=-2.250000, optimistic_rem(widened)=0.000000 → cannot exceed 0.
[ 96.553s] PRUNE: margin=-2.250000, optimistic_rem(widened)=0.000000 → cannot exceed 0.
[ 96.736s] PRUNE: margin=-2.250000, optimistic_rem(widened)=0.000000 → cannot exceed 0.
[ 97.070s] PRUNE: margin=-2.250000, optimistic_rem(widened)=0.000000 → cannot exceed 0.
[ 97.218s] PRUNE: margin=-2.250000, optimistic_rem(widened)=0.000000 → cannot exceed 0.
[ 97.345s] PRUNE: margin=-2.250000, optimistic_rem(widened)=0.000000 → cannot exceed 0.
[ 97.472s] PRUNE: margin=-2.250000, optimistic_rem(widened)=0.000000 → cannot exceed 0.
[ 97.725s] PRUNE: margin=-2.250000, optimistic_rem(widened)=0.000000 → cannot exceed 0.
[ 97.864s] PRUNE: margin=-2.250000, optimistic_rem(widened)=0.000000 → cannot exceed 0.
[ 97.991s] PRUNE: margin=-2.250000, optimistic_rem(widened)=0.000000 → cannot exceed 0.
[ 98.256s] PRUNE: margin=-2.250000, optimistic_rem(widened)=0.000000 → cannot exceed 0.
[ 98.396s] PRUNE: margin=-2.250000, optimistic_rem(widened)=0.000000 → cannot exceed 0.
[ 98.666s] PRUNE: margin=-1.875000, optimistic_rem(widened)=0.000000 → cannot exceed 0.
[ 99.115s] PRUNE: margin=-1.875000, optimistic_rem(widened)=0.000000 → cannot exceed 0.
[ 99.372s] PRUNE: margin=-1.875000, optimistic_rem(widened)=0.000000 → cannot exceed 0.
[ 99.557s] PRUNE: margin=-1.875000, optimistic_rem(widened)=0.000000 → cannot exceed 0.
[ 99.741s] PRUNE: margin=-2.250000, optimistic_rem(widened)=0.000000 → cannot exceed 0.
[ 99.926s] PRUNE: margin=-2.250000, optimistic_rem(widened)=0.000000 → cannot exceed 0.
[100.110s] PRUNE: margin=-2.250000, optimistic_rem(widened)=0.000000 → cannot exceed 0.
[100.295s] PRUNE: margin=-2.250000, optimistic_rem(widened)=0.000000 → cannot exceed 0.
[100.479s] PRUNE: margin=-2.250000, optimistic_rem(widened)=0.000000 → cannot exceed 0.
[100.664s] PRUNE: margin=-2.250000, optimistic_rem(widened)=0.000000 → cannot exceed 0.
[101.033s] PRUNE: margin=-2.250000, optimistic_rem(widened)=0.000000 → cannot exceed 0.
[101.217s] PRUNE: margin=-2.250000, optimistic_rem(widened)=0.000000 → cannot exceed 0.
[101.402s] PRUNE: margin=-2.250000, optimistic_rem(widened)=0.000000 → cannot exceed 0.
[101.587s] PRUNE: margin=-2.250000, optimistic_rem(widened)=0.000000 → cannot exceed 0.
[101.772s] PRUNE: margin=-2.250000, optimistic_rem(widened)=0.000000 → cannot exceed 0.
[101.956s] PRUNE: margin=-2.250000, optimistic_rem(widened)=0.000000 → cannot exceed 0.
[102.141s] PRUNE: margin=-2.250000, optimistic_rem(widened)=0.000000 → cannot exceed 0.
[102.510s] PRUNE: margin=-2.250000, optimistic_rem(widened)=0.000000 → cannot exceed 0.
[102.695s] PRUNE: margin=-2.250000, optimistic_rem(widened)=0.000000 → cannot exceed 0.
[102.879s] PRUNE: margin=-2.250000, optimistic_rem(widened)=0.000000 → cannot exceed 0.
[103.064s] PRUNE: margin=-2.250000, optimistic_rem(widened)=0.000000 → cannot exceed 0.
[103.248s] PRUNE: margin=-2.250000, optimistic_rem(widened)=0.000000 → cannot exceed 0.
[103.433s] PRUNE: margin=-2.250000, optimistic_rem(widened)=0.000000 → cannot exceed 0.
[103.802s] PRUNE: margin=-2.250000, optimistic_rem(widened)=0.000000 → cannot exceed 0.
[103.987s] PRUNE: margin=-2.250000, optimistic_rem(widened)=0.000000 → cannot exceed 0.
[104.171s] PRUNE: margin=-2.250000, optimistic_rem(widened)=0.000000 → cannot exceed 0.
[104.356s] PRUNE: margin=-2.250000, optimistic_rem(widened)=0.000000 → cannot exceed 0.
[104.540s] PRUNE: margin=-2.250000, optimistic_rem(widened)=0.000000 → cannot exceed 0.
[104.909s] PRUNE: margin=-2.250000, optimistic_rem(widened)=0.000000 → cannot exceed 0.
[105.094s] PRUNE: margin=-2.250000, optimistic_rem(widened)=0.000000 → cannot exceed 0.
[105.279s] PRUNE: margin=-2.250000, optimistic_rem(widened)=0.000000 → cannot exceed 0.
[105.463s] PRUNE: margin=-2.250000, optimistic_rem(widened)=0.000000 → cannot exceed 0.
[105.833s] PRUNE: margin=-2.250000, optimistic_rem(widened)=0.000000 → cannot exceed 0.
[106.017s] PRUNE: margin=-2.250000, optimistic_rem(widened)=0.000000 → cannot exceed 0.
[106.202s] PRUNE: margin=-2.250000, optimistic_rem(widened)=0.000000 → cannot exceed 0.
[106.571s] PRUNE: margin=-1.875000, optimistic_rem(widened)=0.000000 → cannot exceed 0.
[106.755s] PRUNE: margin=-2.250000, optimistic_rem(widened)=0.000000 → cannot exceed 0.
[107.124s] PRUNE: margin=-1.875000, optimistic_rem(widened)=0.000000 → cannot exceed 0.
[107.770s] PRUNE: margin=-1.875000, optimistic_rem(widened)=0.000000 → cannot exceed 0.
[107.955s] PRUNE: margin=-1.875000, optimistic_rem(widened)=0.000000 → cannot exceed 0.
[108.232s] PRUNE: margin=-2.250000, optimistic_rem(widened)=0.000000 → cannot exceed 0.
[108.417s] PRUNE: margin=-2.250000, optimistic_rem(widened)=0.000000 → cannot exceed 0.
[108.601s] PRUNE: margin=-2.250000, optimistic_rem(widened)=0.000000 → cannot exceed 0.
[108.786s] PRUNE: margin=-2.250000, optimistic_rem(widened)=0.000000 → cannot exceed 0.
[108.971s] PRUNE: margin=-2.250000, optimistic_rem(widened)=0.000000 → cannot exceed 0.
[109.155s] PRUNE: margin=-2.250000, optimistic_rem(widened)=0.000000 → cannot exceed 0.
[109.525s] PRUNE: margin=-2.250000, optimistic_rem(widened)=0.000000 → cannot exceed 0.
[109.709s] PRUNE: margin=-2.250000, optimistic_rem(widened)=0.000000 → cannot exceed 0.
[109.894s] PRUNE: margin=-2.250000, optimistic_rem(widened)=0.000000 → cannot exceed 0.
[110.078s] PRUNE: margin=-2.250000, optimistic_rem(widened)=0.000000 → cannot exceed 0.
[110.264s] PRUNE: margin=-2.250000, optimistic_rem(widened)=0.000000 → cannot exceed 0.
[110.633s] PRUNE: margin=-2.250000, optimistic_rem(widened)=0.000000 → cannot exceed 0.
[110.818s] PRUNE: margin=-2.250000, optimistic_rem(widened)=0.000000 → cannot exceed 0.
[111.002s] PRUNE: margin=-2.250000, optimistic_rem(widened)=0.000000 → cannot exceed 0.
[111.187s] PRUNE: margin=-2.250000, optimistic_rem(widened)=0.000000 → cannot exceed 0.
[111.556s] PRUNE: margin=-2.250000, optimistic_rem(widened)=0.000000 → cannot exceed 0.
[111.740s] PRUNE: margin=-2.250000, optimistic_rem(widened)=0.000000 → cannot exceed 0.
[111.925s] PRUNE: margin=-2.250000, optimistic_rem(widened)=0.000000 → cannot exceed 0.
[112.294s] PRUNE: margin=-2.250000, optimistic_rem(widened)=0.000000 → cannot exceed 0.
[112.479s] PRUNE: margin=-2.250000, optimistic_rem(widened)=0.000000 → cannot exceed 0.
[112.847s] PRUNE: margin=-2.250000, optimistic_rem(widened)=0.000000 → cannot exceed 0.
[113.493s] PRUNE: margin=-1.875000, optimistic_rem(widened)=0.000000 → cannot exceed 0.
[113.678s] PRUNE: margin=-1.875000, optimistic_rem(widened)=0.000000 → cannot exceed 0.
[113.863s] PRUNE: margin=-1.875000, optimistic_rem(widened)=0.000000 → cannot exceed 0.
[114.140s] PRUNE: margin=-2.250000, optimistic_rem(widened)=0.000000 → cannot exceed 0.
[114.325s] PRUNE: margin=-2.250000, optimistic_rem(widened)=0.000000 → cannot exceed 0.
[114.509s] PRUNE: margin=-2.250000, optimistic_rem(widened)=0.000000 → cannot exceed 0.
[114.693s] PRUNE: margin=-2.250000, optimistic_rem(widened)=0.000000 → cannot exceed 0.
[115.063s] PRUNE: margin=-2.250000, optimistic_rem(widened)=0.000000 → cannot exceed 0.
[115.247s] PRUNE: margin=-2.250000, optimistic_rem(widened)=0.000000 → cannot exceed 0.
[115.432s] PRUNE: margin=-2.250000, optimistic_rem(widened)=0.000000 → cannot exceed 0.
[115.801s] PRUNE: margin=-1.875000, optimistic_rem(widened)=0.000000 → cannot exceed 0.
[115.985s] PRUNE: margin=-2.250000, optimistic_rem(widened)=0.000000 → cannot exceed 0.
[116.354s] PRUNE: margin=-1.875000, optimistic_rem(widened)=0.000000 → cannot exceed 0.
[116.908s] PRUNE: margin=-2.250000, optimistic_rem(widened)=0.000000 → cannot exceed 0.
[117.092s] PRUNE: margin=-2.250000, optimistic_rem(widened)=0.000000 → cannot exceed 0.
[117.277s] PRUNE: margin=-2.250000, optimistic_rem(widened)=0.000000 → cannot exceed 0.
[117.461s] PRUNE: margin=-2.250000, optimistic_rem(widened)=0.000000 → cannot exceed 0.
[117.646s] PRUNE: margin=-2.250000, optimistic_rem(widened)=0.000000 → cannot exceed 0.
[118.015s] PRUNE: margin=-1.875000, optimistic_rem(widened)=0.000000 → cannot exceed 0.
[118.660s] PRUNE: margin=-1.875000, optimistic_rem(widened)=0.000000 → cannot exceed 0.
[123.732s] PRUNE: margin=-2.250000, optimistic_rem(widened)=0.000000 → cannot exceed 0.
[123.917s] PRUNE: margin=-2.250000, optimistic_rem(widened)=0.000000 → cannot exceed 0.
[124.101s] PRUNE: margin=-2.250000, optimistic_rem(widened)=0.000000 → cannot exceed 0.
[124.286s] PRUNE: margin=-2.250000, optimistic_rem(widened)=0.000000 → cannot exceed 0.
[124.470s] PRUNE: margin=-2.250000, optimistic_rem(widened)=0.000000 → cannot exceed 0.
[124.655s] PRUNE: margin=-2.250000, optimistic_rem(widened)=0.000000 → cannot exceed 0.
[124.839s] PRUNE: margin=-2.250000, optimistic_rem(widened)=0.000000 → cannot exceed 0.
[125.023s] PRUNE: margin=-2.250000, optimistic_rem(widened)=0.000000 → cannot exceed 0.
[125.392s] PRUNE: margin=-1.875000, optimistic_rem(widened)=0.000000 → cannot exceed 0.
[127.513s] PRUNE: margin=-2.250000, optimistic_rem(widened)=0.000000 → cannot exceed 0.
[127.697s] PRUNE: margin=-2.250000, optimistic_rem(widened)=0.000000 → cannot exceed 0.
[127.882s] PRUNE: margin=-2.250000, optimistic_rem(widened)=0.000000 → cannot exceed 0.
[128.066s] PRUNE: margin=-2.250000, optimistic_rem(widened)=0.000000 → cannot exceed 0.
[128.251s] PRUNE: margin=-2.250000, optimistic_rem(widened)=0.000000 → cannot exceed 0.
[128.435s] PRUNE: margin=-2.250000, optimistic_rem(widened)=0.000000 → cannot exceed 0.
[128.620s] PRUNE: margin=-2.250000, optimistic_rem(widened)=0.000000 → cannot exceed 0.
[128.804s] PRUNE: margin=-2.250000, optimistic_rem(widened)=0.000000 → cannot exceed 0.
[129.173s] PRUNE: margin=-1.875000, optimistic_rem(widened)=0.000000 → cannot exceed 0.
[130.280s] PRUNE: margin=-2.250000, optimistic_rem(widened)=0.000000 → cannot exceed 0.
[130.465s] PRUNE: margin=-2.250000, optimistic_rem(widened)=0.000000 → cannot exceed 0.
[130.649s] PRUNE: margin=-2.250000, optimistic_rem(widened)=0.000000 → cannot exceed 0.
[130.833s] PRUNE: margin=-2.250000, optimistic_rem(widened)=0.000000 → cannot exceed 0.
[131.018s] PRUNE: margin=-2.250000, optimistic_rem(widened)=0.000000 → cannot exceed 0.
[131.202s] PRUNE: margin=-2.250000, optimistic_rem(widened)=0.000000 → cannot exceed 0.
[131.387s] PRUNE: margin=-2.250000, optimistic_rem(widened)=0.000000 → cannot exceed 0.
[131.571s] PRUNE: margin=-2.250000, optimistic_rem(widened)=0.000000 → cannot exceed 0.
[131.940s] PRUNE: margin=-1.875000, optimistic_rem(widened)=0.000000 → cannot exceed 0.
[132.125s] PRUNE: margin=-1.875000, optimistic_rem(widened)=0.000000 → cannot exceed 0.
[132.309s] PRUNE: margin=-2.250000, optimistic_rem(widened)=0.000000 → cannot exceed 0.
[132.494s] PRUNE: margin=-2.250000, optimistic_rem(widened)=0.000000 → cannot exceed 0.
[132.679s] PRUNE: margin=-2.250000, optimistic_rem(widened)=0.000000 → cannot exceed 0.
[132.863s] PRUNE: margin=-2.250000, optimistic_rem(widened)=0.000000 → cannot exceed 0.
[133.048s] PRUNE: margin=-2.250000, optimistic_rem(widened)=0.000000 → cannot exceed 0.
[133.232s] PRUNE: margin=-2.250000, optimistic_rem(widened)=0.000000 → cannot exceed 0.
[133.417s] PRUNE: margin=-2.250000, optimistic_rem(widened)=0.000000 → cannot exceed 0.
[133.785s] PRUNE: margin=-1.875000, optimistic_rem(widened)=0.000000 → cannot exceed 0.
[133.970s] PRUNE: margin=-1.875000, optimistic_rem(widened)=0.000000 → cannot exceed 0.
[134.155s] PRUNE: margin=-1.875000, optimistic_rem(widened)=0.000000 → cannot exceed 0.
[134.339s] PRUNE: margin=-1.875000, optimistic_rem(widened)=0.000000 → cannot exceed 0.
[134.524s] PRUNE: margin=-2.250000, optimistic_rem(widened)=0.000000 → cannot exceed 0.
[134.708s] PRUNE: margin=-2.250000, optimistic_rem(widened)=0.000000 → cannot exceed 0.
[134.893s] PRUNE: margin=-2.250000, optimistic_rem(widened)=0.000000 → cannot exceed 0.
[135.077s] PRUNE: margin=-2.250000, optimistic_rem(widened)=0.000000 → cannot exceed 0.
[135.354s] PRUNE: margin=-2.250000, optimistic_rem(widened)=0.000000 → cannot exceed 0.
[135.539s] PRUNE: margin=-2.250000, optimistic_rem(widened)=0.000000 → cannot exceed 0.
[135.723s] PRUNE: margin=-2.250000, optimistic_rem(widened)=0.000000 → cannot exceed 0.
[135.907s] PRUNE: margin=-2.250000, optimistic_rem(widened)=0.000000 → cannot exceed 0.
[136.184s] PRUNE: margin=-2.250000, optimistic_rem(widened)=0.000000 → cannot exceed 0.
[136.369s] PRUNE: margin=-2.250000, optimistic_rem(widened)=0.000000 → cannot exceed 0.
[136.553s] PRUNE: margin=-2.250000, optimistic_rem(widened)=0.000000 → cannot exceed 0.
[136.922s] PRUNE: margin=-2.250000, optimistic_rem(widened)=0.000000 → cannot exceed 0.
[137.106s] PRUNE: margin=-2.250000, optimistic_rem(widened)=0.000000 → cannot exceed 0.
[137.475s] PRUNE: margin=-1.875000, optimistic_rem(widened)=0.000000 → cannot exceed 0.
[138.213s] PRUNE: margin=-1.875000, optimistic_rem(widened)=0.000000 → cannot exceed 0.
[140.334s] PRUNE: margin=-2.250000, optimistic_rem(widened)=0.000000 → cannot exceed 0.
[140.519s] PRUNE: margin=-2.250000, optimistic_rem(widened)=0.000000 → cannot exceed 0.
[140.703s] PRUNE: margin=-2.250000, optimistic_rem(widened)=0.000000 → cannot exceed 0.
[140.888s] PRUNE: margin=-2.250000, optimistic_rem(widened)=0.000000 → cannot exceed 0.
[141.072s] PRUNE: margin=-2.250000, optimistic_rem(widened)=0.000000 → cannot exceed 0.
[141.257s] PRUNE: margin=-2.250000, optimistic_rem(widened)=0.000000 → cannot exceed 0.
[141.442s] PRUNE: margin=-2.250000, optimistic_rem(widened)=0.000000 → cannot exceed 0.
[141.626s] PRUNE: margin=-2.250000, optimistic_rem(widened)=0.000000 → cannot exceed 0.
[141.995s] PRUNE: margin=-1.875000, optimistic_rem(widened)=0.000000 → cannot exceed 0.
[143.102s] PRUNE: margin=-2.250000, optimistic_rem(widened)=0.000000 → cannot exceed 0.
[143.286s] PRUNE: margin=-2.250000, optimistic_rem(widened)=0.000000 → cannot exceed 0.
[143.471s] PRUNE: margin=-2.250000, optimistic_rem(widened)=0.000000 → cannot exceed 0.
[143.656s] PRUNE: margin=-2.250000, optimistic_rem(widened)=0.000000 → cannot exceed 0.
[143.840s] PRUNE: margin=-2.250000, optimistic_rem(widened)=0.000000 → cannot exceed 0.
[144.025s] PRUNE: margin=-2.250000, optimistic_rem(widened)=0.000000 → cannot exceed 0.
[144.209s] PRUNE: margin=-2.250000, optimistic_rem(widened)=0.000000 → cannot exceed 0.
[144.394s] PRUNE: margin=-2.250000, optimistic_rem(widened)=0.000000 → cannot exceed 0.
[144.763s] PRUNE: margin=-1.875000, optimistic_rem(widened)=0.000000 → cannot exceed 0.
[144.947s] PRUNE: margin=-1.875000, optimistic_rem(widened)=0.000000 → cannot exceed 0.
[145.132s] PRUNE: margin=-2.250000, optimistic_rem(widened)=0.000000 → cannot exceed 0.
[145.316s] PRUNE: margin=-2.250000, optimistic_rem(widened)=0.000000 → cannot exceed 0.
[145.501s] PRUNE: margin=-2.250000, optimistic_rem(widened)=0.000000 → cannot exceed 0.
[145.686s] PRUNE: margin=-2.250000, optimistic_rem(widened)=0.000000 → cannot exceed 0.
[145.870s] PRUNE: margin=-2.250000, optimistic_rem(widened)=0.000000 → cannot exceed 0.
[146.055s] PRUNE: margin=-2.250000, optimistic_rem(widened)=0.000000 → cannot exceed 0.
[146.239s] PRUNE: margin=-2.250000, optimistic_rem(widened)=0.000000 → cannot exceed 0.
[146.608s] PRUNE: margin=-1.875000, optimistic_rem(widened)=0.000000 → cannot exceed 0.
[146.793s] PRUNE: margin=-1.875000, optimistic_rem(widened)=0.000000 → cannot exceed 0.
[146.977s] PRUNE: margin=-1.875000, optimistic_rem(widened)=0.000000 → cannot exceed 0.
[147.162s] PRUNE: margin=-1.875000, optimistic_rem(widened)=0.000000 → cannot exceed 0.
[147.346s] PRUNE: margin=-2.250000, optimistic_rem(widened)=0.000000 → cannot exceed 0.
[147.531s] PRUNE: margin=-2.250000, optimistic_rem(widened)=0.000000 → cannot exceed 0.
[147.715s] PRUNE: margin=-2.250000, optimistic_rem(widened)=0.000000 → cannot exceed 0.
[147.900s] PRUNE: margin=-2.250000, optimistic_rem(widened)=0.000000 → cannot exceed 0.
[148.177s] PRUNE: margin=-2.250000, optimistic_rem(widened)=0.000000 → cannot exceed 0.
[148.361s] PRUNE: margin=-2.250000, optimistic_rem(widened)=0.000000 → cannot exceed 0.
[148.546s] PRUNE: margin=-2.250000, optimistic_rem(widened)=0.000000 → cannot exceed 0.
[148.730s] PRUNE: margin=-2.250000, optimistic_rem(widened)=0.000000 → cannot exceed 0.
[149.007s] PRUNE: margin=-2.250000, optimistic_rem(widened)=0.000000 → cannot exceed 0.
[149.191s] PRUNE: margin=-2.250000, optimistic_rem(widened)=0.000000 → cannot exceed 0.
[149.376s] PRUNE: margin=-2.250000, optimistic_rem(widened)=0.000000 → cannot exceed 0.
[149.745s] PRUNE: margin=-2.250000, optimistic_rem(widened)=0.000000 → cannot exceed 0.
[149.929s] PRUNE: margin=-2.250000, optimistic_rem(widened)=0.000000 → cannot exceed 0.
[150.298s] PRUNE: margin=-1.875000, optimistic_rem(widened)=0.000000 → cannot exceed 0.
[150.944s] PRUNE: margin=-1.875000, optimistic_rem(widened)=0.000000 → cannot exceed 0.
[151.221s] PRUNE: margin=-1.875000, optimistic_rem(widened)=0.000000 → cannot exceed 0.
[152.235s] PRUNE: margin=-2.250000, optimistic_rem(widened)=0.000000 → cannot exceed 0.
[152.420s] PRUNE: margin=-2.250000, optimistic_rem(widened)=0.000000 → cannot exceed 0.
[152.604s] PRUNE: margin=-2.250000, optimistic_rem(widened)=0.000000 → cannot exceed 0.
[152.789s] PRUNE: margin=-2.250000, optimistic_rem(widened)=0.000000 → cannot exceed 0.
[152.973s] PRUNE: margin=-2.250000, optimistic_rem(widened)=0.000000 → cannot exceed 0.
[153.158s] PRUNE: margin=-2.250000, optimistic_rem(widened)=0.000000 → cannot exceed 0.
[153.342s] PRUNE: margin=-2.250000, optimistic_rem(widened)=0.000000 → cannot exceed 0.
[153.711s] PRUNE: margin=-1.875000, optimistic_rem(widened)=0.000000 → cannot exceed 0.
[153.896s] PRUNE: margin=-2.250000, optimistic_rem(widened)=0.000000 → cannot exceed 0.
[154.081s] PRUNE: margin=-2.250000, optimistic_rem(widened)=0.000000 → cannot exceed 0.
[154.266s] PRUNE: margin=-2.250000, optimistic_rem(widened)=0.000000 → cannot exceed 0.
[154.450s] PRUNE: margin=-2.250000, optimistic_rem(widened)=0.000000 → cannot exceed 0.
[154.635s] PRUNE: margin=-2.250000, optimistic_rem(widened)=0.000000 → cannot exceed 0.
[154.819s] PRUNE: margin=-2.250000, optimistic_rem(widened)=0.000000 → cannot exceed 0.
[155.004s] PRUNE: margin=-2.250000, optimistic_rem(widened)=0.000000 → cannot exceed 0.
[155.373s] PRUNE: margin=-2.250000, optimistic_rem(widened)=0.000000 → cannot exceed 0.
[155.558s] PRUNE: margin=-2.250000, optimistic_rem(widened)=0.000000 → cannot exceed 0.
[155.742s] PRUNE: margin=-2.250000, optimistic_rem(widened)=0.000000 → cannot exceed 0.
[155.927s] PRUNE: margin=-2.250000, optimistic_rem(widened)=0.000000 → cannot exceed 0.
[156.111s] PRUNE: margin=-2.250000, optimistic_rem(widened)=0.000000 → cannot exceed 0.
[156.296s] PRUNE: margin=-2.250000, optimistic_rem(widened)=0.000000 → cannot exceed 0.
[156.480s] PRUNE: margin=-2.250000, optimistic_rem(widened)=0.000000 → cannot exceed 0.
[156.849s] PRUNE: margin=-2.250000, optimistic_rem(widened)=0.000000 → cannot exceed 0.
[157.034s] PRUNE: margin=-2.250000, optimistic_rem(widened)=0.000000 → cannot exceed 0.
[157.219s] PRUNE: margin=-2.250000, optimistic_rem(widened)=0.000000 → cannot exceed 0.
[157.403s] PRUNE: margin=-2.250000, optimistic_rem(widened)=0.000000 → cannot exceed 0.
[157.588s] PRUNE: margin=-2.250000, optimistic_rem(widened)=0.000000 → cannot exceed 0.
[157.772s] PRUNE: margin=-2.250000, optimistic_rem(widened)=0.000000 → cannot exceed 0.
[158.142s] PRUNE: margin=-2.250000, optimistic_rem(widened)=0.000000 → cannot exceed 0.
[158.326s] PRUNE: margin=-2.250000, optimistic_rem(widened)=0.000000 → cannot exceed 0.
[158.511s] PRUNE: margin=-2.250000, optimistic_rem(widened)=0.000000 → cannot exceed 0.
[158.695s] PRUNE: margin=-2.250000, optimistic_rem(widened)=0.000000 → cannot exceed 0.
[158.880s] PRUNE: margin=-2.250000, optimistic_rem(widened)=0.000000 → cannot exceed 0.
[159.249s] PRUNE: margin=-2.250000, optimistic_rem(widened)=0.000000 → cannot exceed 0.
[159.434s] PRUNE: margin=-2.250000, optimistic_rem(widened)=0.000000 → cannot exceed 0.
[159.618s] PRUNE: margin=-2.250000, optimistic_rem(widened)=0.000000 → cannot exceed 0.
[159.803s] PRUNE: margin=-2.250000, optimistic_rem(widened)=0.000000 → cannot exceed 0.
[160.172s] PRUNE: margin=-2.250000, optimistic_rem(widened)=0.000000 → cannot exceed 0.
[160.357s] PRUNE: margin=-2.250000, optimistic_rem(widened)=0.000000 → cannot exceed 0.
[160.542s] PRUNE: margin=-2.250000, optimistic_rem(widened)=0.000000 → cannot exceed 0.
[160.911s] PRUNE: margin=-2.250000, optimistic_rem(widened)=0.000000 → cannot exceed 0.
[161.095s] PRUNE: margin=-2.250000, optimistic_rem(widened)=0.000000 → cannot exceed 0.
[161.464s] PRUNE: margin=-1.875000, optimistic_rem(widened)=0.000000 → cannot exceed 0.
[162.110s] PRUNE: margin=-1.875000, optimistic_rem(widened)=0.000000 → cannot exceed 0.
[162.386s] PRUNE: margin=-1.875000, optimistic_rem(widened)=0.000000 → cannot exceed 0.
[162.571s] PRUNE: margin=-1.875000, optimistic_rem(widened)=0.000000 → cannot exceed 0.
[162.756s] PRUNE: margin=-2.250000, optimistic_rem(widened)=0.000000 → cannot exceed 0.
[162.940s] PRUNE: margin=-2.250000, optimistic_rem(widened)=0.000000 → cannot exceed 0.
[163.125s] PRUNE: margin=-2.250000, optimistic_rem(widened)=0.000000 → cannot exceed 0.
[163.310s] PRUNE: margin=-2.250000, optimistic_rem(widened)=0.000000 → cannot exceed 0.
[163.494s] PRUNE: margin=-2.250000, optimistic_rem(widened)=0.000000 → cannot exceed 0.
[163.679s] PRUNE: margin=-2.250000, optimistic_rem(widened)=0.000000 → cannot exceed 0.
[164.048s] PRUNE: margin=-2.250000, optimistic_rem(widened)=0.000000 → cannot exceed 0.
[164.232s] PRUNE: margin=-2.250000, optimistic_rem(widened)=0.000000 → cannot exceed 0.
[164.417s] PRUNE: margin=-2.250000, optimistic_rem(widened)=0.000000 → cannot exceed 0.
[164.602s] PRUNE: margin=-2.250000, optimistic_rem(widened)=0.000000 → cannot exceed 0.
[164.786s] PRUNE: margin=-2.250000, optimistic_rem(widened)=0.000000 → cannot exceed 0.
[164.971s] PRUNE: margin=-2.250000, optimistic_rem(widened)=0.000000 → cannot exceed 0.
[165.155s] PRUNE: margin=-2.250000, optimistic_rem(widened)=0.000000 → cannot exceed 0.
[165.524s] PRUNE: margin=-2.250000, optimistic_rem(widened)=0.000000 → cannot exceed 0.
[165.709s] PRUNE: margin=-2.250000, optimistic_rem(widened)=0.000000 → cannot exceed 0.
[165.894s] PRUNE: margin=-2.250000, optimistic_rem(widened)=0.000000 → cannot exceed 0.
[166.078s] PRUNE: margin=-2.250000, optimistic_rem(widened)=0.000000 → cannot exceed 0.
[166.263s] PRUNE: margin=-2.250000, optimistic_rem(widened)=0.000000 → cannot exceed 0.
[166.447s] PRUNE: margin=-2.250000, optimistic_rem(widened)=0.000000 → cannot exceed 0.
[166.817s] PRUNE: margin=-2.250000, optimistic_rem(widened)=0.000000 → cannot exceed 0.
[167.001s] PRUNE: margin=-2.250000, optimistic_rem(widened)=0.000000 → cannot exceed 0.
[167.186s] PRUNE: margin=-2.250000, optimistic_rem(widened)=0.000000 → cannot exceed 0.
[167.370s] PRUNE: margin=-2.250000, optimistic_rem(widened)=0.000000 → cannot exceed 0.
[167.555s] PRUNE: margin=-2.250000, optimistic_rem(widened)=0.000000 → cannot exceed 0.
[167.924s] PRUNE: margin=-2.250000, optimistic_rem(widened)=0.000000 → cannot exceed 0.
[168.109s] PRUNE: margin=-2.250000, optimistic_rem(widened)=0.000000 → cannot exceed 0.
[168.293s] PRUNE: margin=-2.250000, optimistic_rem(widened)=0.000000 → cannot exceed 0.
[168.478s] PRUNE: margin=-2.250000, optimistic_rem(widened)=0.000000 → cannot exceed 0.
[168.847s] PRUNE: margin=-2.250000, optimistic_rem(widened)=0.000000 → cannot exceed 0.
[169.031s] PRUNE: margin=-2.250000, optimistic_rem(widened)=0.000000 → cannot exceed 0.
[169.216s] PRUNE: margin=-2.250000, optimistic_rem(widened)=0.000000 → cannot exceed 0.
[169.585s] PRUNE: margin=-1.875000, optimistic_rem(widened)=0.000000 → cannot exceed 0.
[169.769s] PRUNE: margin=-2.250000, optimistic_rem(widened)=0.000000 → cannot exceed 0.
[170.138s] PRUNE: margin=-1.875000, optimistic_rem(widened)=0.000000 → cannot exceed 0.
[170.784s] PRUNE: margin=-1.875000, optimistic_rem(widened)=0.000000 → cannot exceed 0.
[170.968s] PRUNE: margin=-1.875000, optimistic_rem(widened)=0.000000 → cannot exceed 0.
[171.245s] PRUNE: margin=-2.250000, optimistic_rem(widened)=0.000000 → cannot exceed 0.
[171.430s] PRUNE: margin=-2.250000, optimistic_rem(widened)=0.000000 → cannot exceed 0.
[171.615s] PRUNE: margin=-2.250000, optimistic_rem(widened)=0.000000 → cannot exceed 0.
[171.799s] PRUNE: margin=-2.250000, optimistic_rem(widened)=0.000000 → cannot exceed 0.
[171.984s] PRUNE: margin=-2.250000, optimistic_rem(widened)=0.000000 → cannot exceed 0.
[172.168s] PRUNE: margin=-2.250000, optimistic_rem(widened)=0.000000 → cannot exceed 0.
[172.537s] PRUNE: margin=-2.250000, optimistic_rem(widened)=0.000000 → cannot exceed 0.
[172.722s] PRUNE: margin=-2.250000, optimistic_rem(widened)=0.000000 → cannot exceed 0.
[172.907s] PRUNE: margin=-2.250000, optimistic_rem(widened)=0.000000 → cannot exceed 0.
[173.091s] PRUNE: margin=-2.250000, optimistic_rem(widened)=0.000000 → cannot exceed 0.
[173.276s] PRUNE: margin=-2.250000, optimistic_rem(widened)=0.000000 → cannot exceed 0.
[173.645s] PRUNE: margin=-2.250000, optimistic_rem(widened)=0.000000 → cannot exceed 0.
[173.830s] PRUNE: margin=-2.250000, optimistic_rem(widened)=0.000000 → cannot exceed 0.
[174.014s] PRUNE: margin=-2.250000, optimistic_rem(widened)=0.000000 → cannot exceed 0.
[174.199s] PRUNE: margin=-2.250000, optimistic_rem(widened)=0.000000 → cannot exceed 0.
[174.568s] PRUNE: margin=-2.250000, optimistic_rem(widened)=0.000000 → cannot exceed 0.
[174.753s] PRUNE: margin=-2.250000, optimistic_rem(widened)=0.000000 → cannot exceed 0.
[174.937s] PRUNE: margin=-2.250000, optimistic_rem(widened)=0.000000 → cannot exceed 0.
[175.306s] PRUNE: margin=-2.250000, optimistic_rem(widened)=0.000000 → cannot exceed 0.
[175.491s] PRUNE: margin=-2.250000, optimistic_rem(widened)=0.000000 → cannot exceed 0.
[175.860s] PRUNE: margin=-2.250000, optimistic_rem(widened)=0.000000 → cannot exceed 0.
[176.506s] PRUNE: margin=-1.875000, optimistic_rem(widened)=0.000000 → cannot exceed 0.
[176.690s] PRUNE: margin=-1.875000, optimistic_rem(widened)=0.000000 → cannot exceed 0.
[176.875s] PRUNE: margin=-1.875000, optimistic_rem(widened)=0.000000 → cannot exceed 0.
[177.151s] PRUNE: margin=-2.250000, optimistic_rem(widened)=0.000000 → cannot exceed 0.
[177.336s] PRUNE: margin=-2.250000, optimistic_rem(widened)=0.000000 → cannot exceed 0.
[177.521s] PRUNE: margin=-2.250000, optimistic_rem(widened)=0.000000 → cannot exceed 0.
[177.705s] PRUNE: margin=-2.250000, optimistic_rem(widened)=0.000000 → cannot exceed 0.
[178.074s] PRUNE: margin=-2.250000, optimistic_rem(widened)=0.000000 → cannot exceed 0.
[178.259s] PRUNE: margin=-2.250000, optimistic_rem(widened)=0.000000 → cannot exceed 0.
[178.444s] PRUNE: margin=-2.250000, optimistic_rem(widened)=0.000000 → cannot exceed 0.
[178.813s] PRUNE: margin=-1.875000, optimistic_rem(widened)=0.000000 → cannot exceed 0.
[178.997s] PRUNE: margin=-2.250000, optimistic_rem(widened)=0.000000 → cannot exceed 0.
[179.366s] PRUNE: margin=-1.875000, optimistic_rem(widened)=0.000000 → cannot exceed 0.
[179.920s] PRUNE: margin=-2.250000, optimistic_rem(widened)=0.000000 → cannot exceed 0.
[180.104s] PRUNE: margin=-2.250000, optimistic_rem(widened)=0.000000 → cannot exceed 0.
[180.289s] PRUNE: margin=-2.250000, optimistic_rem(widened)=0.000000 → cannot exceed 0.
[180.473s] PRUNE: margin=-2.250000, optimistic_rem(widened)=0.000000 → cannot exceed 0.
[180.658s] PRUNE: margin=-2.250000, optimistic_rem(widened)=0.000000 → cannot exceed 0.
[181.027s] PRUNE: margin=-1.875000, optimistic_rem(widened)=0.000000 → cannot exceed 0.
[181.672s] PRUNE: margin=-1.875000, optimistic_rem(widened)=0.000000 → cannot exceed 0.
[182.502s] PRUNE: margin=-1.875000, optimistic_rem(widened)=0.000000 → cannot exceed 0.
[184.623s] PRUNE: margin=-2.250000, optimistic_rem(widened)=0.000000 → cannot exceed 0.
[184.808s] PRUNE: margin=-2.250000, optimistic_rem(widened)=0.000000 → cannot exceed 0.
[184.992s] PRUNE: margin=-2.250000, optimistic_rem(widened)=0.000000 → cannot exceed 0.
[185.177s] PRUNE: margin=-2.250000, optimistic_rem(widened)=0.000000 → cannot exceed 0.
[185.361s] PRUNE: margin=-2.250000, optimistic_rem(widened)=0.000000 → cannot exceed 0.
[185.545s] PRUNE: margin=-2.250000, optimistic_rem(widened)=0.000000 → cannot exceed 0.
[185.730s] PRUNE: margin=-2.250000, optimistic_rem(widened)=0.000000 → cannot exceed 0.
[185.914s] PRUNE: margin=-2.250000, optimistic_rem(widened)=0.000000 → cannot exceed 0.
[186.283s] PRUNE: margin=-1.875000, optimistic_rem(widened)=0.000000 → cannot exceed 0.
[187.390s] PRUNE: margin=-2.250000, optimistic_rem(widened)=0.000000 → cannot exceed 0.
[187.575s] PRUNE: margin=-2.250000, optimistic_rem(widened)=0.000000 → cannot exceed 0.
[187.759s] PRUNE: margin=-2.250000, optimistic_rem(widened)=0.000000 → cannot exceed 0.
[187.944s] PRUNE: margin=-2.250000, optimistic_rem(widened)=0.000000 → cannot exceed 0.
[188.128s] PRUNE: margin=-2.250000, optimistic_rem(widened)=0.000000 → cannot exceed 0.
[188.313s] PRUNE: margin=-2.250000, optimistic_rem(widened)=0.000000 → cannot exceed 0.
[188.497s] PRUNE: margin=-2.250000, optimistic_rem(widened)=0.000000 → cannot exceed 0.
[188.682s] PRUNE: margin=-2.250000, optimistic_rem(widened)=0.000000 → cannot exceed 0.
[189.050s] PRUNE: margin=-1.875000, optimistic_rem(widened)=0.000000 → cannot exceed 0.
[189.235s] PRUNE: margin=-1.875000, optimistic_rem(widened)=0.000000 → cannot exceed 0.
[189.420s] PRUNE: margin=-2.250000, optimistic_rem(widened)=0.000000 → cannot exceed 0.
[189.604s] PRUNE: margin=-2.250000, optimistic_rem(widened)=0.000000 → cannot exceed 0.
[189.789s] PRUNE: margin=-2.250000, optimistic_rem(widened)=0.000000 → cannot exceed 0.
[189.974s] PRUNE: margin=-2.250000, optimistic_rem(widened)=0.000000 → cannot exceed 0.
[190.158s] PRUNE: margin=-2.250000, optimistic_rem(widened)=0.000000 → cannot exceed 0.
[190.343s] PRUNE: margin=-2.250000, optimistic_rem(widened)=0.000000 → cannot exceed 0.
[190.527s] PRUNE: margin=-2.250000, optimistic_rem(widened)=0.000000 → cannot exceed 0.
[190.923s] PRUNE: margin=-1.875000, optimistic_rem(widened)=0.000000 → cannot exceed 0.
[191.119s] PRUNE: margin=-1.875000, optimistic_rem(widened)=0.000000 → cannot exceed 0.
[191.312s] PRUNE: margin=-1.875000, optimistic_rem(widened)=0.000000 → cannot exceed 0.
[191.509s] PRUNE: margin=-1.875000, optimistic_rem(widened)=0.000000 → cannot exceed 0.
[191.705s] PRUNE: margin=-1.875000, optimistic_rem(widened)=0.000000 → cannot exceed 0.
[191.901s] PRUNE: margin=-2.250000, optimistic_rem(widened)=0.000000 → cannot exceed 0.
[192.097s] PRUNE: margin=-2.250000, optimistic_rem(widened)=0.000000 → cannot exceed 0.
[192.294s] PRUNE: margin=-2.250000, optimistic_rem(widened)=0.000000 → cannot exceed 0.
[192.588s] PRUNE: margin=-2.250000, optimistic_rem(widened)=0.000000 → cannot exceed 0.
[192.784s] PRUNE: margin=-2.250000, optimistic_rem(widened)=0.000000 → cannot exceed 0.
[192.980s] PRUNE: margin=-2.250000, optimistic_rem(widened)=0.000000 → cannot exceed 0.
[193.274s] PRUNE: margin=-2.250000, optimistic_rem(widened)=0.000000 → cannot exceed 0.
[193.470s] PRUNE: margin=-2.250000, optimistic_rem(widened)=0.000000 → cannot exceed 0.
[193.666s] PRUNE: margin=-2.250000, optimistic_rem(widened)=0.000000 → cannot exceed 0.
[193.862s] PRUNE: margin=-2.250000, optimistic_rem(widened)=0.000000 → cannot exceed 0.
[194.255s] PRUNE: margin=-2.250000, optimistic_rem(widened)=0.000000 → cannot exceed 0.
[194.451s] PRUNE: margin=-2.250000, optimistic_rem(widened)=0.000000 → cannot exceed 0.
[194.647s] PRUNE: margin=-2.250000, optimistic_rem(widened)=0.000000 → cannot exceed 0.
[195.039s] PRUNE: margin=-2.250000, optimistic_rem(widened)=0.000000 → cannot exceed 0.
[195.235s] PRUNE: margin=-2.250000, optimistic_rem(widened)=0.000000 → cannot exceed 0.
[195.627s] PRUNE: margin=-1.875000, optimistic_rem(widened)=0.000000 → cannot exceed 0.
[196.314s] PRUNE: margin=-1.875000, optimistic_rem(widened)=0.000000 → cannot exceed 0.
[196.601s] PRUNE: margin=-1.875000, optimistic_rem(widened)=0.000000 → cannot exceed 0.
[197.471s] PRUNE: margin=-2.250000, optimistic_rem(widened)=0.000000 → cannot exceed 0.
[197.667s] PRUNE: margin=-2.250000, optimistic_rem(widened)=0.000000 → cannot exceed 0.
[197.862s] PRUNE: margin=-2.250000, optimistic_rem(widened)=0.000000 → cannot exceed 0.
[198.058s] PRUNE: margin=-2.250000, optimistic_rem(widened)=0.000000 → cannot exceed 0.
[198.254s] PRUNE: margin=-2.250000, optimistic_rem(widened)=0.000000 → cannot exceed 0.
[198.449s] PRUNE: margin=-2.250000, optimistic_rem(widened)=0.000000 → cannot exceed 0.
[198.645s] PRUNE: margin=-2.250000, optimistic_rem(widened)=0.000000 → cannot exceed 0.
[199.036s] PRUNE: margin=-1.875000, optimistic_rem(widened)=0.000000 → cannot exceed 0.
[199.232s] PRUNE: margin=-2.250000, optimistic_rem(widened)=0.000000 → cannot exceed 0.
[199.428s] PRUNE: margin=-2.250000, optimistic_rem(widened)=0.000000 → cannot exceed 0.
[199.613s] PRUNE: margin=-2.250000, optimistic_rem(widened)=0.000000 → cannot exceed 0.
[199.810s] PRUNE: margin=-2.250000, optimistic_rem(widened)=0.000000 → cannot exceed 0.
[200.007s] PRUNE: margin=-2.250000, optimistic_rem(widened)=0.000000 → cannot exceed 0.
[200.204s] PRUNE: margin=-2.250000, optimistic_rem(widened)=0.000000 → cannot exceed 0.
[200.401s] PRUNE: margin=-2.250000, optimistic_rem(widened)=0.000000 → cannot exceed 0.
[200.794s] PRUNE: margin=-2.250000, optimistic_rem(widened)=0.000000 → cannot exceed 0.
[200.991s] PRUNE: margin=-2.250000, optimistic_rem(widened)=0.000000 → cannot exceed 0.
[201.188s] PRUNE: margin=-2.250000, optimistic_rem(widened)=0.000000 → cannot exceed 0.
[201.385s] PRUNE: margin=-2.250000, optimistic_rem(widened)=0.000000 → cannot exceed 0.
[201.582s] PRUNE: margin=-2.250000, optimistic_rem(widened)=0.000000 → cannot exceed 0.
[201.779s] PRUNE: margin=-2.250000, optimistic_rem(widened)=0.000000 → cannot exceed 0.
[201.975s] PRUNE: margin=-2.250000, optimistic_rem(widened)=0.000000 → cannot exceed 0.
[202.369s] PRUNE: margin=-2.250000, optimistic_rem(widened)=0.000000 → cannot exceed 0.
[202.566s] PRUNE: margin=-2.250000, optimistic_rem(widened)=0.000000 → cannot exceed 0.
[202.763s] PRUNE: margin=-2.250000, optimistic_rem(widened)=0.000000 → cannot exceed 0.
[202.960s] PRUNE: margin=-2.250000, optimistic_rem(widened)=0.000000 → cannot exceed 0.
[203.157s] PRUNE: margin=-2.250000, optimistic_rem(widened)=0.000000 → cannot exceed 0.
[203.354s] PRUNE: margin=-2.250000, optimistic_rem(widened)=0.000000 → cannot exceed 0.
[203.748s] PRUNE: margin=-2.250000, optimistic_rem(widened)=0.000000 → cannot exceed 0.
[203.945s] PRUNE: margin=-2.250000, optimistic_rem(widened)=0.000000 → cannot exceed 0.
[204.142s] PRUNE: margin=-2.250000, optimistic_rem(widened)=0.000000 → cannot exceed 0.
[204.338s] PRUNE: margin=-2.250000, optimistic_rem(widened)=0.000000 → cannot exceed 0.
[204.535s] PRUNE: margin=-2.250000, optimistic_rem(widened)=0.000000 → cannot exceed 0.
[204.929s] PRUNE: margin=-2.250000, optimistic_rem(widened)=0.000000 → cannot exceed 0.
[205.126s] PRUNE: margin=-2.250000, optimistic_rem(widened)=0.000000 → cannot exceed 0.
[205.323s] PRUNE: margin=-2.250000, optimistic_rem(widened)=0.000000 → cannot exceed 0.
[205.520s] PRUNE: margin=-2.250000, optimistic_rem(widened)=0.000000 → cannot exceed 0.
[205.914s] PRUNE: margin=-2.250000, optimistic_rem(widened)=0.000000 → cannot exceed 0.
[206.111s] PRUNE: margin=-2.250000, optimistic_rem(widened)=0.000000 → cannot exceed 0.
[206.308s] PRUNE: margin=-2.250000, optimistic_rem(widened)=0.000000 → cannot exceed 0.
[206.702s] PRUNE: margin=-2.250000, optimistic_rem(widened)=0.000000 → cannot exceed 0.
[206.899s] PRUNE: margin=-2.250000, optimistic_rem(widened)=0.000000 → cannot exceed 0.
[207.292s] PRUNE: margin=-1.875000, optimistic_rem(widened)=0.000000 → cannot exceed 0.
[207.981s] PRUNE: margin=-1.875000, optimistic_rem(widened)=0.000000 → cannot exceed 0.
[208.277s] PRUNE: margin=-1.875000, optimistic_rem(widened)=0.000000 → cannot exceed 0.
[208.474s] PRUNE: margin=-1.875000, optimistic_rem(widened)=0.000000 → cannot exceed 0.
[208.671s] PRUNE: margin=-2.250000, optimistic_rem(widened)=0.000000 → cannot exceed 0.
[208.868s] PRUNE: margin=-2.250000, optimistic_rem(widened)=0.000000 → cannot exceed 0.
[209.065s] PRUNE: margin=-2.250000, optimistic_rem(widened)=0.000000 → cannot exceed 0.
[209.262s] PRUNE: margin=-2.250000, optimistic_rem(widened)=0.000000 → cannot exceed 0.
[209.458s] PRUNE: margin=-2.250000, optimistic_rem(widened)=0.000000 → cannot exceed 0.
[209.656s] PRUNE: margin=-2.250000, optimistic_rem(widened)=0.000000 → cannot exceed 0.
[210.049s] PRUNE: margin=-2.250000, optimistic_rem(widened)=0.000000 → cannot exceed 0.
[210.246s] PRUNE: margin=-2.250000, optimistic_rem(widened)=0.000000 → cannot exceed 0.
[210.456s] PRUNE: margin=-2.250000, optimistic_rem(widened)=0.000000 → cannot exceed 0.
[210.665s] PRUNE: margin=-2.250000, optimistic_rem(widened)=0.000000 → cannot exceed 0.
[210.886s] PRUNE: margin=-2.250000, optimistic_rem(widened)=0.000000 → cannot exceed 0.
[211.087s] PRUNE: margin=-2.250000, optimistic_rem(widened)=0.000000 → cannot exceed 0.
[211.284s] PRUNE: margin=-2.250000, optimistic_rem(widened)=0.000000 → cannot exceed 0.
[211.679s] PRUNE: margin=-2.250000, optimistic_rem(widened)=0.000000 → cannot exceed 0.
[211.876s] PRUNE: margin=-2.250000, optimistic_rem(widened)=0.000000 → cannot exceed 0.
[212.073s] PRUNE: margin=-2.250000, optimistic_rem(widened)=0.000000 → cannot exceed 0.
[212.270s] PRUNE: margin=-2.250000, optimistic_rem(widened)=0.000000 → cannot exceed 0.
[212.467s] PRUNE: margin=-2.250000, optimistic_rem(widened)=0.000000 → cannot exceed 0.
[212.664s] PRUNE: margin=-2.250000, optimistic_rem(widened)=0.000000 → cannot exceed 0.
[213.058s] PRUNE: margin=-2.250000, optimistic_rem(widened)=0.000000 → cannot exceed 0.
[213.255s] PRUNE: margin=-2.250000, optimistic_rem(widened)=0.000000 → cannot exceed 0.
[213.452s] PRUNE: margin=-2.250000, optimistic_rem(widened)=0.000000 → cannot exceed 0.
[213.649s] PRUNE: margin=-2.250000, optimistic_rem(widened)=0.000000 → cannot exceed 0.
[213.847s] PRUNE: margin=-2.250000, optimistic_rem(widened)=0.000000 → cannot exceed 0.
[214.241s] PRUNE: margin=-2.250000, optimistic_rem(widened)=0.000000 → cannot exceed 0.
[214.438s] PRUNE: margin=-2.250000, optimistic_rem(widened)=0.000000 → cannot exceed 0.
[214.635s] PRUNE: margin=-2.250000, optimistic_rem(widened)=0.000000 → cannot exceed 0.
[214.832s] PRUNE: margin=-2.250000, optimistic_rem(widened)=0.000000 → cannot exceed 0.
[215.226s] PRUNE: margin=-2.250000, optimistic_rem(widened)=0.000000 → cannot exceed 0.
[215.423s] PRUNE: margin=-2.250000, optimistic_rem(widened)=0.000000 → cannot exceed 0.
[215.620s] PRUNE: margin=-2.250000, optimistic_rem(widened)=0.000000 → cannot exceed 0.
[216.014s] PRUNE: margin=-1.875000, optimistic_rem(widened)=0.000000 → cannot exceed 0.
[216.218s] PRUNE: margin=-2.250000, optimistic_rem(widened)=0.000000 → cannot exceed 0.
[216.611s] PRUNE: margin=-1.875000, optimistic_rem(widened)=0.000000 → cannot exceed 0.
[217.301s] PRUNE: margin=-1.875000, optimistic_rem(widened)=0.000000 → cannot exceed 0.
[217.498s] PRUNE: margin=-1.875000, optimistic_rem(widened)=0.000000 → cannot exceed 0.
[217.793s] PRUNE: margin=-2.250000, optimistic_rem(widened)=0.000000 → cannot exceed 0.
[217.990s] PRUNE: margin=-2.250000, optimistic_rem(widened)=0.000000 → cannot exceed 0.
[218.187s] PRUNE: margin=-2.250000, optimistic_rem(widened)=0.000000 → cannot exceed 0.
[218.384s] PRUNE: margin=-2.250000, optimistic_rem(widened)=0.000000 → cannot exceed 0.
[218.581s] PRUNE: margin=-2.250000, optimistic_rem(widened)=0.000000 → cannot exceed 0.
[218.780s] PRUNE: margin=-2.250000, optimistic_rem(widened)=0.000000 → cannot exceed 0.
[219.173s] PRUNE: margin=-2.250000, optimistic_rem(widened)=0.000000 → cannot exceed 0.
[219.372s] PRUNE: margin=-2.250000, optimistic_rem(widened)=0.000000 → cannot exceed 0.
[219.569s] PRUNE: margin=-2.250000, optimistic_rem(widened)=0.000000 → cannot exceed 0.
[219.773s] PRUNE: margin=-2.250000, optimistic_rem(widened)=0.000000 → cannot exceed 0.
[219.986s] PRUNE: margin=-2.250000, optimistic_rem(widened)=0.000000 → cannot exceed 0.
[220.404s] PRUNE: margin=-2.250000, optimistic_rem(widened)=0.000000 → cannot exceed 0.
[220.603s] PRUNE: margin=-2.250000, optimistic_rem(widened)=0.000000 → cannot exceed 0.
[220.800s] PRUNE: margin=-2.250000, optimistic_rem(widened)=0.000000 → cannot exceed 0.
[220.996s] PRUNE: margin=-2.250000, optimistic_rem(widened)=0.000000 → cannot exceed 0.
[221.388s] PRUNE: margin=-2.250000, optimistic_rem(widened)=0.000000 → cannot exceed 0.
[221.584s] PRUNE: margin=-2.250000, optimistic_rem(widened)=0.000000 → cannot exceed 0.
[221.780s] PRUNE: margin=-2.250000, optimistic_rem(widened)=0.000000 → cannot exceed 0.
[222.173s] PRUNE: margin=-2.250000, optimistic_rem(widened)=0.000000 → cannot exceed 0.
[222.369s] PRUNE: margin=-2.250000, optimistic_rem(widened)=0.000000 → cannot exceed 0.
[222.761s] PRUNE: margin=-2.250000, optimistic_rem(widened)=0.000000 → cannot exceed 0.
[223.448s] PRUNE: margin=-1.875000, optimistic_rem(widened)=0.000000 → cannot exceed 0.
[223.645s] PRUNE: margin=-1.875000, optimistic_rem(widened)=0.000000 → cannot exceed 0.
[223.843s] PRUNE: margin=-1.875000, optimistic_rem(widened)=0.000000 → cannot exceed 0.
[224.138s] PRUNE: margin=-1.875000, optimistic_rem(widened)=0.000000 → cannot exceed 0.
[224.334s] PRUNE: margin=-2.250000, optimistic_rem(widened)=0.000000 → cannot exceed 0.
[224.530s] PRUNE: margin=-2.250000, optimistic_rem(widened)=0.000000 → cannot exceed 0.
[224.726s] PRUNE: margin=-2.250000, optimistic_rem(widened)=0.000000 → cannot exceed 0.
[225.120s] PRUNE: margin=-1.875000, optimistic_rem(widened)=0.000000 → cannot exceed 0.
[225.316s] PRUNE: margin=-2.250000, optimistic_rem(widened)=0.000000 → cannot exceed 0.
[225.512s] PRUNE: margin=-2.250000, optimistic_rem(widened)=0.000000 → cannot exceed 0.
[225.905s] PRUNE: margin=-1.875000, optimistic_rem(widened)=0.000000 → cannot exceed 0.
[226.101s] PRUNE: margin=-2.250000, optimistic_rem(widened)=0.000000 → cannot exceed 0.
[226.493s] PRUNE: margin=-1.875000, optimistic_rem(widened)=0.000000 → cannot exceed 0.
[227.083s] PRUNE: margin=-2.250000, optimistic_rem(widened)=0.000000 → cannot exceed 0.
[227.279s] PRUNE: margin=-2.250000, optimistic_rem(widened)=0.000000 → cannot exceed 0.
[227.475s] PRUNE: margin=-2.250000, optimistic_rem(widened)=0.000000 → cannot exceed 0.
[227.671s] PRUNE: margin=-2.250000, optimistic_rem(widened)=0.000000 → cannot exceed 0.
[227.867s] PRUNE: margin=-2.250000, optimistic_rem(widened)=0.000000 → cannot exceed 0.
[228.261s] PRUNE: margin=-1.875000, optimistic_rem(widened)=0.000000 → cannot exceed 0.
[228.948s] PRUNE: margin=-1.875000, optimistic_rem(widened)=0.000000 → cannot exceed 0.
[229.733s] PRUNE: margin=-1.875000, optimistic_rem(widened)=0.000000 → cannot exceed 0.
[230.027s] PRUNE: margin=-1.875000, optimistic_rem(widened)=0.000000 → cannot exceed 0.
[231.105s] PRUNE: margin=-2.250000, optimistic_rem(widened)=0.000000 → cannot exceed 0.
[231.301s] PRUNE: margin=-2.250000, optimistic_rem(widened)=0.000000 → cannot exceed 0.
[231.498s] PRUNE: margin=-2.250000, optimistic_rem(widened)=0.000000 → cannot exceed 0.
[231.694s] PRUNE: margin=-2.250000, optimistic_rem(widened)=0.000000 → cannot exceed 0.
[231.890s] PRUNE: margin=-2.250000, optimistic_rem(widened)=0.000000 → cannot exceed 0.
[232.087s] PRUNE: margin=-2.250000, optimistic_rem(widened)=0.000000 → cannot exceed 0.
[232.283s] PRUNE: margin=-2.250000, optimistic_rem(widened)=0.000000 → cannot exceed 0.
[232.675s] PRUNE: margin=-1.875000, optimistic_rem(widened)=0.000000 → cannot exceed 0.
[232.871s] PRUNE: margin=-2.250000, optimistic_rem(widened)=0.000000 → cannot exceed 0.
[233.067s] PRUNE: margin=-2.250000, optimistic_rem(widened)=0.000000 → cannot exceed 0.
[233.263s] PRUNE: margin=-2.250000, optimistic_rem(widened)=0.000000 → cannot exceed 0.
[233.459s] PRUNE: margin=-2.250000, optimistic_rem(widened)=0.000000 → cannot exceed 0.
[233.656s] PRUNE: margin=-2.250000, optimistic_rem(widened)=0.000000 → cannot exceed 0.
[233.852s] PRUNE: margin=-2.250000, optimistic_rem(widened)=0.000000 → cannot exceed 0.
[234.048s] PRUNE: margin=-2.250000, optimistic_rem(widened)=0.000000 → cannot exceed 0.
[234.440s] PRUNE: margin=-2.250000, optimistic_rem(widened)=0.000000 → cannot exceed 0.
[234.636s] PRUNE: margin=-2.250000, optimistic_rem(widened)=0.000000 → cannot exceed 0.
[234.832s] PRUNE: margin=-2.250000, optimistic_rem(widened)=0.000000 → cannot exceed 0.
[235.029s] PRUNE: margin=-2.250000, optimistic_rem(widened)=0.000000 → cannot exceed 0.
[235.225s] PRUNE: margin=-2.250000, optimistic_rem(widened)=0.000000 → cannot exceed 0.
[235.421s] PRUNE: margin=-2.250000, optimistic_rem(widened)=0.000000 → cannot exceed 0.
[235.618s] PRUNE: margin=-2.250000, optimistic_rem(widened)=0.000000 → cannot exceed 0.
[236.010s] PRUNE: margin=-2.250000, optimistic_rem(widened)=0.000000 → cannot exceed 0.
[236.206s] PRUNE: margin=-2.250000, optimistic_rem(widened)=0.000000 → cannot exceed 0.
[236.402s] PRUNE: margin=-2.250000, optimistic_rem(widened)=0.000000 → cannot exceed 0.
[236.599s] PRUNE: margin=-2.250000, optimistic_rem(widened)=0.000000 → cannot exceed 0.
[236.795s] PRUNE: margin=-2.250000, optimistic_rem(widened)=0.000000 → cannot exceed 0.
[236.991s] PRUNE: margin=-2.250000, optimistic_rem(widened)=0.000000 → cannot exceed 0.
[237.384s] PRUNE: margin=-2.250000, optimistic_rem(widened)=0.000000 → cannot exceed 0.
[237.580s] PRUNE: margin=-2.250000, optimistic_rem(widened)=0.000000 → cannot exceed 0.
[237.776s] PRUNE: margin=-2.250000, optimistic_rem(widened)=0.000000 → cannot exceed 0.
[237.973s] PRUNE: margin=-2.250000, optimistic_rem(widened)=0.000000 → cannot exceed 0.
[238.169s] PRUNE: margin=-2.250000, optimistic_rem(widened)=0.000000 → cannot exceed 0.
[238.561s] PRUNE: margin=-2.250000, optimistic_rem(widened)=0.000000 → cannot exceed 0.
[238.758s] PRUNE: margin=-2.250000, optimistic_rem(widened)=0.000000 → cannot exceed 0.
[238.954s] PRUNE: margin=-2.250000, optimistic_rem(widened)=0.000000 → cannot exceed 0.
[239.150s] PRUNE: margin=-2.250000, optimistic_rem(widened)=0.000000 → cannot exceed 0.
[239.542s] PRUNE: margin=-2.250000, optimistic_rem(widened)=0.000000 → cannot exceed 0.
[239.739s] PRUNE: margin=-2.250000, optimistic_rem(widened)=0.000000 → cannot exceed 0.
[239.935s] PRUNE: margin=-2.250000, optimistic_rem(widened)=0.000000 → cannot exceed 0.
[240.327s] PRUNE: margin=-2.250000, optimistic_rem(widened)=0.000000 → cannot exceed 0.
[240.524s] PRUNE: margin=-2.250000, optimistic_rem(widened)=0.000000 → cannot exceed 0.
[240.916s] PRUNE: margin=-1.875000, optimistic_rem(widened)=0.000000 → cannot exceed 0.
[241.602s] PRUNE: margin=-1.875000, optimistic_rem(widened)=0.000000 → cannot exceed 0.
[241.896s] PRUNE: margin=-1.875000, optimistic_rem(widened)=0.000000 → cannot exceed 0.
[242.093s] PRUNE: margin=-1.875000, optimistic_rem(widened)=0.000000 → cannot exceed 0.
[242.290s] PRUNE: margin=-2.250000, optimistic_rem(widened)=0.000000 → cannot exceed 0.
[242.486s] PRUNE: margin=-2.250000, optimistic_rem(widened)=0.000000 → cannot exceed 0.
[242.682s] PRUNE: margin=-2.250000, optimistic_rem(widened)=0.000000 → cannot exceed 0.
[242.878s] PRUNE: margin=-2.250000, optimistic_rem(widened)=0.000000 → cannot exceed 0.
[243.075s] PRUNE: margin=-2.250000, optimistic_rem(widened)=0.000000 → cannot exceed 0.
[243.271s] PRUNE: margin=-2.250000, optimistic_rem(widened)=0.000000 → cannot exceed 0.
[243.663s] PRUNE: margin=-2.250000, optimistic_rem(widened)=0.000000 → cannot exceed 0.
[243.860s] PRUNE: margin=-2.250000, optimistic_rem(widened)=0.000000 → cannot exceed 0.
[244.056s] PRUNE: margin=-2.250000, optimistic_rem(widened)=0.000000 → cannot exceed 0.
[244.252s] PRUNE: margin=-2.250000, optimistic_rem(widened)=0.000000 → cannot exceed 0.
[244.448s] PRUNE: margin=-2.250000, optimistic_rem(widened)=0.000000 → cannot exceed 0.
[244.644s] PRUNE: margin=-2.250000, optimistic_rem(widened)=0.000000 → cannot exceed 0.
[244.840s] PRUNE: margin=-2.250000, optimistic_rem(widened)=0.000000 → cannot exceed 0.
[245.233s] PRUNE: margin=-2.250000, optimistic_rem(widened)=0.000000 → cannot exceed 0.
[245.429s] PRUNE: margin=-2.250000, optimistic_rem(widened)=0.000000 → cannot exceed 0.
[245.625s] PRUNE: margin=-2.250000, optimistic_rem(widened)=0.000000 → cannot exceed 0.
[245.821s] PRUNE: margin=-2.250000, optimistic_rem(widened)=0.000000 → cannot exceed 0.
[246.017s] PRUNE: margin=-2.250000, optimistic_rem(widened)=0.000000 → cannot exceed 0.
[246.214s] PRUNE: margin=-2.250000, optimistic_rem(widened)=0.000000 → cannot exceed 0.
[246.606s] PRUNE: margin=-2.250000, optimistic_rem(widened)=0.000000 → cannot exceed 0.
[246.802s] PRUNE: margin=-2.250000, optimistic_rem(widened)=0.000000 → cannot exceed 0.
[246.998s] PRUNE: margin=-2.250000, optimistic_rem(widened)=0.000000 → cannot exceed 0.
[247.195s] PRUNE: margin=-2.250000, optimistic_rem(widened)=0.000000 → cannot exceed 0.
[247.391s] PRUNE: margin=-2.250000, optimistic_rem(widened)=0.000000 → cannot exceed 0.
[247.783s] PRUNE: margin=-2.250000, optimistic_rem(widened)=0.000000 → cannot exceed 0.
[247.979s] PRUNE: margin=-2.250000, optimistic_rem(widened)=0.000000 → cannot exceed 0.
[248.176s] PRUNE: margin=-2.250000, optimistic_rem(widened)=0.000000 → cannot exceed 0.
[248.372s] PRUNE: margin=-2.250000, optimistic_rem(widened)=0.000000 → cannot exceed 0.
[248.764s] PRUNE: margin=-1.875000, optimistic_rem(widened)=0.000000 → cannot exceed 0.
[248.961s] PRUNE: margin=-2.250000, optimistic_rem(widened)=0.000000 → cannot exceed 0.
[249.157s] PRUNE: margin=-2.250000, optimistic_rem(widened)=0.000000 → cannot exceed 0.
[249.549s] PRUNE: margin=-1.875000, optimistic_rem(widened)=0.000000 → cannot exceed 0.
[249.745s] PRUNE: margin=-2.250000, optimistic_rem(widened)=0.000000 → cannot exceed 0.
[250.138s] PRUNE: margin=-1.875000, optimistic_rem(widened)=0.000000 → cannot exceed 0.
[250.825s] PRUNE: margin=-1.875000, optimistic_rem(widened)=0.000000 → cannot exceed 0.
[251.021s] PRUNE: margin=-1.875000, optimistic_rem(widened)=0.000000 → cannot exceed 0.
[251.315s] PRUNE: margin=-2.250000, optimistic_rem(widened)=0.000000 → cannot exceed 0.
[251.511s] PRUNE: margin=-2.250000, optimistic_rem(widened)=0.000000 → cannot exceed 0.
[251.708s] PRUNE: margin=-2.250000, optimistic_rem(widened)=0.000000 → cannot exceed 0.
[251.904s] PRUNE: margin=-2.250000, optimistic_rem(widened)=0.000000 → cannot exceed 0.
[252.100s] PRUNE: margin=-2.250000, optimistic_rem(widened)=0.000000 → cannot exceed 0.
[252.296s] PRUNE: margin=-2.250000, optimistic_rem(widened)=0.000000 → cannot exceed 0.
[252.689s] PRUNE: margin=-2.250000, optimistic_rem(widened)=0.000000 → cannot exceed 0.
[252.885s] PRUNE: margin=-2.250000, optimistic_rem(widened)=0.000000 → cannot exceed 0.
[253.083s] PRUNE: margin=-2.250000, optimistic_rem(widened)=0.000000 → cannot exceed 0.
[253.279s] PRUNE: margin=-2.250000, optimistic_rem(widened)=0.000000 → cannot exceed 0.
[253.475s] PRUNE: margin=-2.250000, optimistic_rem(widened)=0.000000 → cannot exceed 0.
[253.867s] PRUNE: margin=-2.250000, optimistic_rem(widened)=0.000000 → cannot exceed 0.
[254.064s] PRUNE: margin=-2.250000, optimistic_rem(widened)=0.000000 → cannot exceed 0.
[254.260s] PRUNE: margin=-2.250000, optimistic_rem(widened)=0.000000 → cannot exceed 0.
[254.456s] PRUNE: margin=-2.250000, optimistic_rem(widened)=0.000000 → cannot exceed 0.
[254.850s] PRUNE: margin=-2.250000, optimistic_rem(widened)=0.000000 → cannot exceed 0.
[255.046s] PRUNE: margin=-2.250000, optimistic_rem(widened)=0.000000 → cannot exceed 0.
[255.243s] PRUNE: margin=-2.250000, optimistic_rem(widened)=0.000000 → cannot exceed 0.
[255.635s] PRUNE: margin=-2.250000, optimistic_rem(widened)=0.000000 → cannot exceed 0.
[255.844s] PRUNE: margin=-2.250000, optimistic_rem(widened)=0.000000 → cannot exceed 0.
[256.261s] PRUNE: margin=-2.250000, optimistic_rem(widened)=0.000000 → cannot exceed 0.
[256.948s] PRUNE: margin=-1.875000, optimistic_rem(widened)=0.000000 → cannot exceed 0.
[257.144s] PRUNE: margin=-1.875000, optimistic_rem(widened)=0.000000 → cannot exceed 0.
[257.340s] PRUNE: margin=-1.875000, optimistic_rem(widened)=0.000000 → cannot exceed 0.
[257.537s] PRUNE: margin=-1.875000, optimistic_rem(widened)=0.000000 → cannot exceed 0.
[257.831s] PRUNE: margin=-2.250000, optimistic_rem(widened)=0.000000 → cannot exceed 0.
[258.034s] PRUNE: margin=-2.250000, optimistic_rem(widened)=0.000000 → cannot exceed 0.
[258.230s] PRUNE: margin=-2.250000, optimistic_rem(widened)=0.000000 → cannot exceed 0.
[258.623s] PRUNE: margin=-2.250000, optimistic_rem(widened)=0.000000 → cannot exceed 0.
[258.819s] PRUNE: margin=-2.250000, optimistic_rem(widened)=0.000000 → cannot exceed 0.
[259.211s] PRUNE: margin=-1.875000, optimistic_rem(widened)=0.000000 → cannot exceed 0.
[259.800s] PRUNE: margin=-2.250000, optimistic_rem(widened)=0.000000 → cannot exceed 0.
[259.996s] PRUNE: margin=-2.250000, optimistic_rem(widened)=0.000000 → cannot exceed 0.
[260.192s] PRUNE: margin=-2.250000, optimistic_rem(widened)=0.000000 → cannot exceed 0.
[260.388s] PRUNE: margin=-2.250000, optimistic_rem(widened)=0.000000 → cannot exceed 0.
[260.780s] PRUNE: margin=-2.250000, optimistic_rem(widened)=0.000000 → cannot exceed 0.
[260.976s] PRUNE: margin=-2.250000, optimistic_rem(widened)=0.000000 → cannot exceed 0.
[261.369s] PRUNE: margin=-1.875000, optimistic_rem(widened)=0.000000 → cannot exceed 0.
[262.154s] PRUNE: margin=-1.875000, optimistic_rem(widened)=0.000000 → cannot exceed 0.
[262.841s] PRUNE: margin=-1.875000, optimistic_rem(widened)=0.000000 → cannot exceed 0.
[263.625s] PRUNE: margin=-1.875000, optimistic_rem(widened)=0.000000 → cannot exceed 0.
[263.822s] PRUNE: margin=-1.875000, optimistic_rem(widened)=0.000000 → cannot exceed 0.
[264.116s] PRUNE: margin=-1.875000, optimistic_rem(widened)=0.000000 → cannot exceed 0.
[264.312s] PRUNE: margin=-2.250000, optimistic_rem(widened)=0.000000 → cannot exceed 0.
[264.508s] PRUNE: margin=-2.250000, optimistic_rem(widened)=0.000000 → cannot exceed 0.
[264.704s] PRUNE: margin=-2.250000, optimistic_rem(widened)=0.000000 → cannot exceed 0.
[264.901s] PRUNE: margin=-2.250000, optimistic_rem(widened)=0.000000 → cannot exceed 0.
[265.097s] PRUNE: margin=-2.250000, optimistic_rem(widened)=0.000000 → cannot exceed 0.
[265.293s] PRUNE: margin=-2.250000, optimistic_rem(widened)=0.000000 → cannot exceed 0.
[265.685s] PRUNE: margin=-2.250000, optimistic_rem(widened)=0.000000 → cannot exceed 0.
[265.881s] PRUNE: margin=-2.250000, optimistic_rem(widened)=0.000000 → cannot exceed 0.
[266.078s] PRUNE: margin=-2.250000, optimistic_rem(widened)=0.000000 → cannot exceed 0.
[266.274s] PRUNE: margin=-2.250000, optimistic_rem(widened)=0.000000 → cannot exceed 0.
[266.470s] PRUNE: margin=-2.250000, optimistic_rem(widened)=0.000000 → cannot exceed 0.
[266.666s] PRUNE: margin=-2.250000, optimistic_rem(widened)=0.000000 → cannot exceed 0.
[267.058s] PRUNE: margin=-2.250000, optimistic_rem(widened)=0.000000 → cannot exceed 0.
[267.255s] PRUNE: margin=-2.250000, optimistic_rem(widened)=0.000000 → cannot exceed 0.
[267.451s] PRUNE: margin=-2.250000, optimistic_rem(widened)=0.000000 → cannot exceed 0.
[267.647s] PRUNE: margin=-2.250000, optimistic_rem(widened)=0.000000 → cannot exceed 0.
[267.843s] PRUNE: margin=-2.250000, optimistic_rem(widened)=0.000000 → cannot exceed 0.
[268.236s] PRUNE: margin=-2.250000, optimistic_rem(widened)=0.000000 → cannot exceed 0.
[268.432s] PRUNE: margin=-2.250000, optimistic_rem(widened)=0.000000 → cannot exceed 0.
[268.628s] PRUNE: margin=-2.250000, optimistic_rem(widened)=0.000000 → cannot exceed 0.
[268.824s] PRUNE: margin=-2.250000, optimistic_rem(widened)=0.000000 → cannot exceed 0.
[269.218s] PRUNE: margin=-2.250000, optimistic_rem(widened)=0.000000 → cannot exceed 0.
[269.414s] PRUNE: margin=-2.250000, optimistic_rem(widened)=0.000000 → cannot exceed 0.
[269.610s] PRUNE: margin=-2.250000, optimistic_rem(widened)=0.000000 → cannot exceed 0.
[270.003s] PRUNE: margin=-2.250000, optimistic_rem(widened)=0.000000 → cannot exceed 0.
[270.199s] PRUNE: margin=-2.250000, optimistic_rem(widened)=0.000000 → cannot exceed 0.
[270.591s] PRUNE: margin=-2.250000, optimistic_rem(widened)=0.000000 → cannot exceed 0.
[271.278s] PRUNE: margin=-1.875000, optimistic_rem(widened)=0.000000 → cannot exceed 0.
[271.474s] PRUNE: margin=-1.875000, optimistic_rem(widened)=0.031250 → cannot exceed 0.
[271.768s] PRUNE: margin=-2.250000, optimistic_rem(widened)=0.000000 → cannot exceed 0.
[271.965s] PRUNE: margin=-2.250000, optimistic_rem(widened)=0.000000 → cannot exceed 0.
[272.161s] PRUNE: margin=-2.250000, optimistic_rem(widened)=0.000000 → cannot exceed 0.
[272.360s] PRUNE: margin=-2.250000, optimistic_rem(widened)=0.000000 → cannot exceed 0.
[272.556s] PRUNE: margin=-2.250000, optimistic_rem(widened)=0.000000 → cannot exceed 0.
[272.752s] PRUNE: margin=-2.250000, optimistic_rem(widened)=0.000000 → cannot exceed 0.
[273.146s] PRUNE: margin=-2.250000, optimistic_rem(widened)=0.000000 → cannot exceed 0.
[273.342s] PRUNE: margin=-2.250000, optimistic_rem(widened)=0.000000 → cannot exceed 0.
[273.538s] PRUNE: margin=-2.250000, optimistic_rem(widened)=0.000000 → cannot exceed 0.
[273.735s] PRUNE: margin=-2.250000, optimistic_rem(widened)=0.000000 → cannot exceed 0.
[273.931s] PRUNE: margin=-2.250000, optimistic_rem(widened)=0.000000 → cannot exceed 0.
[274.323s] PRUNE: margin=-2.250000, optimistic_rem(widened)=0.000000 → cannot exceed 0.
[274.519s] PRUNE: margin=-2.250000, optimistic_rem(widened)=0.000000 → cannot exceed 0.
[274.716s] PRUNE: margin=-2.250000, optimistic_rem(widened)=0.000000 → cannot exceed 0.
[274.912s] PRUNE: margin=-2.250000, optimistic_rem(widened)=0.000000 → cannot exceed 0.
[275.304s] PRUNE: margin=-2.250000, optimistic_rem(widened)=0.000000 → cannot exceed 0.
[275.501s] PRUNE: margin=-2.250000, optimistic_rem(widened)=0.000000 → cannot exceed 0.
[275.697s] PRUNE: margin=-2.250000, optimistic_rem(widened)=0.000000 → cannot exceed 0.
[276.089s] PRUNE: margin=-2.250000, optimistic_rem(widened)=0.000000 → cannot exceed 0.
[276.285s] PRUNE: margin=-2.250000, optimistic_rem(widened)=0.000000 → cannot exceed 0.
[276.673s] PRUNE: margin=-1.875000, optimistic_rem(widened)=0.000000 → cannot exceed 0.
[277.356s] PRUNE: margin=-1.875000, optimistic_rem(widened)=0.000000 → cannot exceed 0.
[277.552s] PRUNE: margin=-1.875000, optimistic_rem(widened)=0.000000 → cannot exceed 0.
[277.748s] PRUNE: margin=-1.875000, optimistic_rem(widened)=0.000000 → cannot exceed 0.
[277.944s] PRUNE: margin=-1.875000, optimistic_rem(widened)=0.000000 → cannot exceed 0.
[278.141s] PRUNE: margin=-1.875000, optimistic_rem(widened)=0.000000 → cannot exceed 0.
[278.337s] PRUNE: margin=-1.875000, optimistic_rem(widened)=0.000000 → cannot exceed 0.
[278.533s] PRUNE: margin=-1.875000, optimistic_rem(widened)=0.000000 → cannot exceed 0.
[278.729s] PRUNE: margin=-1.875000, optimistic_rem(widened)=0.000000 → cannot exceed 0.
[279.220s] PRUNE: margin=-2.250000, optimistic_rem(widened)=0.000000 → cannot exceed 0.
[279.416s] PRUNE: margin=-2.250000, optimistic_rem(widened)=0.000000 → cannot exceed 0.
[279.613s] PRUNE: margin=-2.250000, optimistic_rem(widened)=0.000000 → cannot exceed 0.
[279.809s] PRUNE: margin=-2.250000, optimistic_rem(widened)=0.000000 → cannot exceed 0.
[280.005s] PRUNE: margin=-2.250000, optimistic_rem(widened)=0.000000 → cannot exceed 0.
[280.201s] PRUNE: margin=-2.250000, optimistic_rem(widened)=0.000000 → cannot exceed 0.
[280.594s] PRUNE: margin=-2.250000, optimistic_rem(widened)=0.000000 → cannot exceed 0.
[280.790s] PRUNE: margin=-2.250000, optimistic_rem(widened)=0.000000 → cannot exceed 0.
[280.986s] PRUNE: margin=-2.250000, optimistic_rem(widened)=0.000000 → cannot exceed 0.
[281.182s] PRUNE: margin=-2.250000, optimistic_rem(widened)=0.000000 → cannot exceed 0.
[281.378s] PRUNE: margin=-2.250000, optimistic_rem(widened)=0.000000 → cannot exceed 0.
[281.771s] PRUNE: margin=-2.250000, optimistic_rem(widened)=0.000000 → cannot exceed 0.
[281.967s] PRUNE: margin=-2.250000, optimistic_rem(widened)=0.000000 → cannot exceed 0.
[282.163s] PRUNE: margin=-2.250000, optimistic_rem(widened)=0.000000 → cannot exceed 0.
[282.359s] PRUNE: margin=-2.250000, optimistic_rem(widened)=0.000000 → cannot exceed 0.
[282.751s] PRUNE: margin=-2.250000, optimistic_rem(widened)=0.000000 → cannot exceed 0.
[282.947s] PRUNE: margin=-2.250000, optimistic_rem(widened)=0.000000 → cannot exceed 0.
[283.144s] PRUNE: margin=-2.250000, optimistic_rem(widened)=0.000000 → cannot exceed 0.
[283.537s] PRUNE: margin=-2.250000, optimistic_rem(widened)=0.000000 → cannot exceed 0.
[283.734s] PRUNE: margin=-2.250000, optimistic_rem(widened)=0.000000 → cannot exceed 0.
[284.126s] PRUNE: margin=-1.875000, optimistic_rem(widened)=0.000000 → cannot exceed 0.
[284.910s] PRUNE: margin=-2.250000, optimistic_rem(widened)=0.000000 → cannot exceed 0.
[285.106s] PRUNE: margin=-2.250000, optimistic_rem(widened)=0.000000 → cannot exceed 0.
[285.302s] PRUNE: margin=-2.250000, optimistic_rem(widened)=0.000000 → cannot exceed 0.
[285.498s] PRUNE: margin=-2.250000, optimistic_rem(widened)=0.000000 → cannot exceed 0.
[285.695s] PRUNE: margin=-2.250000, optimistic_rem(widened)=0.000000 → cannot exceed 0.
[286.087s] PRUNE: margin=-2.250000, optimistic_rem(widened)=0.000000 → cannot exceed 0.
[286.285s] PRUNE: margin=-2.250000, optimistic_rem(widened)=0.000000 → cannot exceed 0.
[286.481s] PRUNE: margin=-2.250000, optimistic_rem(widened)=0.000000 → cannot exceed 0.
[286.677s] PRUNE: margin=-2.250000, optimistic_rem(widened)=0.000000 → cannot exceed 0.
[287.070s] PRUNE: margin=-2.250000, optimistic_rem(widened)=0.000000 → cannot exceed 0.
[287.266s] PRUNE: margin=-2.250000, optimistic_rem(widened)=0.000000 → cannot exceed 0.
[287.462s] PRUNE: margin=-2.250000, optimistic_rem(widened)=0.000000 → cannot exceed 0.
[287.854s] PRUNE: margin=-2.250000, optimistic_rem(widened)=0.000000 → cannot exceed 0.
[288.051s] PRUNE: margin=-2.250000, optimistic_rem(widened)=0.000000 → cannot exceed 0.
[288.443s] PRUNE: margin=-1.875000, optimistic_rem(widened)=0.000000 → cannot exceed 0.
[289.228s] PRUNE: margin=-2.250000, optimistic_rem(widened)=0.000000 → cannot exceed 0.
[289.447s] PRUNE: margin=-2.250000, optimistic_rem(widened)=0.000000 → cannot exceed 0.
[289.655s] PRUNE: margin=-2.250000, optimistic_rem(widened)=0.000000 → cannot exceed 0.
[289.862s] PRUNE: margin=-2.250000, optimistic_rem(widened)=0.000000 → cannot exceed 0.
[290.277s] PRUNE: margin=-2.250000, optimistic_rem(widened)=0.000000 → cannot exceed 0.
[290.483s] PRUNE: margin=-2.250000, optimistic_rem(widened)=0.000000 → cannot exceed 0.
[290.683s] PRUNE: margin=-2.250000, optimistic_rem(widened)=0.000000 → cannot exceed 0.
[291.076s] PRUNE: margin=-2.250000, optimistic_rem(widened)=0.000000 → cannot exceed 0.
[291.272s] PRUNE: margin=-2.250000, optimistic_rem(widened)=0.000000 → cannot exceed 0.
[291.595s] PRUNE: margin=-1.875000, optimistic_rem(widened)=0.000000 → cannot exceed 0.
[292.380s] PRUNE: margin=-2.250000, optimistic_rem(widened)=0.000000 → cannot exceed 0.
[292.576s] PRUNE: margin=-2.250000, optimistic_rem(widened)=0.000000 → cannot exceed 0.
[292.773s] PRUNE: margin=-2.250000, optimistic_rem(widened)=0.000000 → cannot exceed 0.
[293.166s] PRUNE: margin=-2.250000, optimistic_rem(widened)=0.000000 → cannot exceed 0.
[293.362s] PRUNE: margin=-2.250000, optimistic_rem(widened)=0.000000 → cannot exceed 0.
[293.755s] PRUNE: margin=-1.875000, optimistic_rem(widened)=0.000000 → cannot exceed 0.
[294.542s] PRUNE: margin=-1.875000, optimistic_rem(widened)=0.000000 → cannot exceed 0.
[294.739s] PRUNE: margin=-2.250000, optimistic_rem(widened)=0.000000 → cannot exceed 0.
[295.132s] PRUNE: margin=-1.875000, optimistic_rem(widened)=0.000000 → cannot exceed 0.
[295.918s] PRUNE: margin=-1.875000, optimistic_rem(widened)=0.000000 → cannot exceed 0.
[296.606s] PRUNE: margin=-1.875000, optimistic_rem(widened)=0.000000 → cannot exceed 0.
[297.293s] PRUNE: margin=-1.875000, optimistic_rem(widened)=0.000000 → cannot exceed 0.
[297.588s] PRUNE: margin=-1.875000, optimistic_rem(widened)=0.031250 → cannot exceed 0.
[297.883s] PRUNE: margin=-1.875000, optimistic_rem(widened)=0.000000 → cannot exceed 0.
[298.079s] PRUNE: margin=-2.250000, optimistic_rem(widened)=0.000000 → cannot exceed 0.
[298.276s] PRUNE: margin=-2.250000, optimistic_rem(widened)=0.000000 → cannot exceed 0.
[298.472s] PRUNE: margin=-2.250000, optimistic_rem(widened)=0.000000 → cannot exceed 0.
[298.669s] PRUNE: margin=-2.250000, optimistic_rem(widened)=0.000000 → cannot exceed 0.
[298.865s] PRUNE: margin=-2.250000, optimistic_rem(widened)=0.000000 → cannot exceed 0.
[299.258s] PRUNE: margin=-1.875000, optimistic_rem(widened)=0.000000 → cannot exceed 0.
[299.455s] PRUNE: margin=-2.250000, optimistic_rem(widened)=0.000000 → cannot exceed 0.
[299.652s] PRUNE: margin=-2.250000, optimistic_rem(widened)=0.000000 → cannot exceed 0.
[299.848s] PRUNE: margin=-2.250000, optimistic_rem(widened)=0.000000 → cannot exceed 0.
[300.045s] PRUNE: margin=-2.250000, optimistic_rem(widened)=0.000000 → cannot exceed 0.
[300.438s] PRUNE: margin=-1.875000, optimistic_rem(widened)=0.000000 → cannot exceed 0.
[300.634s] PRUNE: margin=-2.250000, optimistic_rem(widened)=0.000000 → cannot exceed 0.
[300.831s] PRUNE: margin=-2.250000, optimistic_rem(widened)=0.000000 → cannot exceed 0.
[301.027s] PRUNE: margin=-2.250000, optimistic_rem(widened)=0.000000 → cannot exceed 0.
[301.420s] PRUNE: margin=-1.875000, optimistic_rem(widened)=0.000000 → cannot exceed 0.
[301.616s] PRUNE: margin=-2.250000, optimistic_rem(widened)=0.000000 → cannot exceed 0.
[301.813s] PRUNE: margin=-2.250000, optimistic_rem(widened)=0.000000 → cannot exceed 0.
[302.206s] PRUNE: margin=-1.875000, optimistic_rem(widened)=0.000000 → cannot exceed 0.
[302.402s] PRUNE: margin=-2.250000, optimistic_rem(widened)=0.000000 → cannot exceed 0.
[302.795s] PRUNE: margin=-1.875000, optimistic_rem(widened)=0.000000 → cannot exceed 0.
[303.581s] PRUNE: margin=-2.250000, optimistic_rem(widened)=0.000000 → cannot exceed 0.
[303.777s] PRUNE: margin=-2.250000, optimistic_rem(widened)=0.000000 → cannot exceed 0.
[303.974s] PRUNE: margin=-2.250000, optimistic_rem(widened)=0.000000 → cannot exceed 0.
[304.170s] PRUNE: margin=-2.250000, optimistic_rem(widened)=0.000000 → cannot exceed 0.
[304.367s] PRUNE: margin=-2.250000, optimistic_rem(widened)=0.000000 → cannot exceed 0.
[304.563s] PRUNE: margin=-2.250000, optimistic_rem(widened)=0.000000 → cannot exceed 0.
[304.956s] PRUNE: margin=-2.250000, optimistic_rem(widened)=0.000000 → cannot exceed 0.
[305.153s] PRUNE: margin=-2.250000, optimistic_rem(widened)=0.000000 → cannot exceed 0.
[305.349s] PRUNE: margin=-2.250000, optimistic_rem(widened)=0.000000 → cannot exceed 0.
[305.546s] PRUNE: margin=-2.250000, optimistic_rem(widened)=0.000000 → cannot exceed 0.
[305.743s] PRUNE: margin=-2.250000, optimistic_rem(widened)=0.000000 → cannot exceed 0.
[306.136s] PRUNE: margin=-2.250000, optimistic_rem(widened)=0.000000 → cannot exceed 0.
[306.332s] PRUNE: margin=-2.250000, optimistic_rem(widened)=0.000000 → cannot exceed 0.
[306.529s] PRUNE: margin=-2.250000, optimistic_rem(widened)=0.000000 → cannot exceed 0.
[306.725s] PRUNE: margin=-2.250000, optimistic_rem(widened)=0.000000 → cannot exceed 0.
[307.118s] PRUNE: margin=-2.250000, optimistic_rem(widened)=0.000000 → cannot exceed 0.
[307.315s] PRUNE: margin=-2.250000, optimistic_rem(widened)=0.000000 → cannot exceed 0.
[307.511s] PRUNE: margin=-2.250000, optimistic_rem(widened)=0.000000 → cannot exceed 0.
[307.904s] PRUNE: margin=-1.875000, optimistic_rem(widened)=0.000000 → cannot exceed 0.
[308.101s] PRUNE: margin=-2.250000, optimistic_rem(widened)=0.000000 → cannot exceed 0.
[308.494s] PRUNE: margin=-1.875000, optimistic_rem(widened)=0.000000 → cannot exceed 0.
[309.280s] PRUNE: margin=-2.250000, optimistic_rem(widened)=0.000000 → cannot exceed 0.
[309.476s] PRUNE: margin=-2.250000, optimistic_rem(widened)=0.000000 → cannot exceed 0.
[309.673s] PRUNE: margin=-2.250000, optimistic_rem(widened)=0.000000 → cannot exceed 0.
[309.869s] PRUNE: margin=-2.250000, optimistic_rem(widened)=0.000000 → cannot exceed 0.
[310.066s] PRUNE: margin=-2.250000, optimistic_rem(widened)=0.000000 → cannot exceed 0.
[310.459s] PRUNE: margin=-2.250000, optimistic_rem(widened)=0.000000 → cannot exceed 0.
[310.655s] PRUNE: margin=-2.250000, optimistic_rem(widened)=0.000000 → cannot exceed 0.
[310.852s] PRUNE: margin=-2.250000, optimistic_rem(widened)=0.000000 → cannot exceed 0.
[311.048s] PRUNE: margin=-2.250000, optimistic_rem(widened)=0.000000 → cannot exceed 0.
[311.441s] PRUNE: margin=-2.250000, optimistic_rem(widened)=0.000000 → cannot exceed 0.
[311.638s] PRUNE: margin=-2.250000, optimistic_rem(widened)=0.000000 → cannot exceed 0.
[311.835s] PRUNE: margin=-2.250000, optimistic_rem(widened)=0.000000 → cannot exceed 0.
[312.227s] PRUNE: margin=-1.875000, optimistic_rem(widened)=0.000000 → cannot exceed 0.
[312.424s] PRUNE: margin=-2.250000, optimistic_rem(widened)=0.000000 → cannot exceed 0.
[312.817s] PRUNE: margin=-1.875000, optimistic_rem(widened)=0.000000 → cannot exceed 0.
[313.603s] PRUNE: margin=-2.250000, optimistic_rem(widened)=0.000000 → cannot exceed 0.
[313.799s] PRUNE: margin=-2.250000, optimistic_rem(widened)=0.000000 → cannot exceed 0.
[313.996s] PRUNE: margin=-2.250000, optimistic_rem(widened)=0.000000 → cannot exceed 0.
[314.193s] PRUNE: margin=-2.250000, optimistic_rem(widened)=0.000000 → cannot exceed 0.
[314.586s] PRUNE: margin=-2.250000, optimistic_rem(widened)=0.000000 → cannot exceed 0.
[314.782s] PRUNE: margin=-2.250000, optimistic_rem(widened)=0.000000 → cannot exceed 0.
[314.979s] PRUNE: margin=-2.250000, optimistic_rem(widened)=0.000000 → cannot exceed 0.
[315.372s] PRUNE: margin=-1.875000, optimistic_rem(widened)=0.000000 → cannot exceed 0.
[315.568s] PRUNE: margin=-2.250000, optimistic_rem(widened)=0.000000 → cannot exceed 0.
[315.961s] PRUNE: margin=-1.875000, optimistic_rem(widened)=0.000000 → cannot exceed 0.
[316.747s] PRUNE: margin=-1.875000, optimistic_rem(widened)=0.000000 → cannot exceed 0.
[316.944s] PRUNE: margin=-2.250000, optimistic_rem(widened)=0.000000 → cannot exceed 0.
[317.140s] PRUNE: margin=-2.250000, optimistic_rem(widened)=0.000000 → cannot exceed 0.
[317.533s] PRUNE: margin=-1.875000, optimistic_rem(widened)=0.000000 → cannot exceed 0.
[317.730s] PRUNE: margin=-2.250000, optimistic_rem(widened)=0.000000 → cannot exceed 0.
[318.123s] PRUNE: margin=-1.875000, optimistic_rem(widened)=0.000000 → cannot exceed 0.
[318.909s] PRUNE: margin=-1.875000, optimistic_rem(widened)=0.000000 → cannot exceed 0.
[319.106s] PRUNE: margin=-2.250000, optimistic_rem(widened)=0.000000 → cannot exceed 0.
[319.499s] PRUNE: margin=-1.875000, optimistic_rem(widened)=0.000000 → cannot exceed 0.
[320.187s] PRUNE: margin=-1.875000, optimistic_rem(widened)=0.000000 → cannot exceed 0.
[320.777s] PRUNE: margin=-1.875000, optimistic_rem(widened)=0.000000 → cannot exceed 0.
[321.464s] PRUNE: margin=-1.875000, optimistic_rem(widened)=0.000000 → cannot exceed 0.
[321.661s] PRUNE: margin=-1.875000, optimistic_rem(widened)=0.000000 → cannot exceed 0.
[322.053s] PRUNE: margin=-2.250000, optimistic_rem(widened)=0.000000 → cannot exceed 0.
[322.250s] PRUNE: margin=-2.250000, optimistic_rem(widened)=0.000000 → cannot exceed 0.
[322.446s] PRUNE: margin=-2.250000, optimistic_rem(widened)=0.000000 → cannot exceed 0.
[322.643s] PRUNE: margin=-2.250000, optimistic_rem(widened)=0.000000 → cannot exceed 0.
[322.839s] PRUNE: margin=-2.250000, optimistic_rem(widened)=0.000000 → cannot exceed 0.
[323.233s] PRUNE: margin=-2.250000, optimistic_rem(widened)=0.000000 → cannot exceed 0.
[323.429s] PRUNE: margin=-2.250000, optimistic_rem(widened)=0.000000 → cannot exceed 0.
[323.626s] PRUNE: margin=-2.250000, optimistic_rem(widened)=0.000000 → cannot exceed 0.
[323.822s] PRUNE: margin=-2.250000, optimistic_rem(widened)=0.000000 → cannot exceed 0.
[324.215s] PRUNE: margin=-2.250000, optimistic_rem(widened)=0.000000 → cannot exceed 0.
[324.412s] PRUNE: margin=-2.250000, optimistic_rem(widened)=0.000000 → cannot exceed 0.
[324.608s] PRUNE: margin=-2.250000, optimistic_rem(widened)=0.000000 → cannot exceed 0.
[325.001s] PRUNE: margin=-2.250000, optimistic_rem(widened)=0.000000 → cannot exceed 0.
[325.198s] PRUNE: margin=-2.250000, optimistic_rem(widened)=0.000000 → cannot exceed 0.
[325.590s] PRUNE: margin=-2.250000, optimistic_rem(widened)=0.000000 → cannot exceed 0.
[326.376s] PRUNE: margin=-2.250000, optimistic_rem(widened)=0.000000 → cannot exceed 0.
[326.573s] PRUNE: margin=-2.250000, optimistic_rem(widened)=0.000000 → cannot exceed 0.
[326.769s] PRUNE: margin=-2.250000, optimistic_rem(widened)=0.000000 → cannot exceed 0.
[326.966s] PRUNE: margin=-2.250000, optimistic_rem(widened)=0.000000 → cannot exceed 0.
[327.359s] PRUNE: margin=-2.250000, optimistic_rem(widened)=0.000000 → cannot exceed 0.
[327.555s] PRUNE: margin=-2.250000, optimistic_rem(widened)=0.000000 → cannot exceed 0.
[327.752s] PRUNE: margin=-2.250000, optimistic_rem(widened)=0.000000 → cannot exceed 0.
[328.145s] PRUNE: margin=-2.250000, optimistic_rem(widened)=0.000000 → cannot exceed 0.
[328.341s] PRUNE: margin=-2.250000, optimistic_rem(widened)=0.000000 → cannot exceed 0.
[328.734s] PRUNE: margin=-2.250000, optimistic_rem(widened)=0.000000 → cannot exceed 0.
[329.520s] PRUNE: margin=-2.250000, optimistic_rem(widened)=0.000000 → cannot exceed 0.
[329.717s] PRUNE: margin=-2.250000, optimistic_rem(widened)=0.000000 → cannot exceed 0.
[329.913s] PRUNE: margin=-2.250000, optimistic_rem(widened)=0.000000 → cannot exceed 0.
[330.306s] PRUNE: margin=-2.250000, optimistic_rem(widened)=0.000000 → cannot exceed 0.
[330.503s] PRUNE: margin=-2.250000, optimistic_rem(widened)=0.000000 → cannot exceed 0.
[330.845s] PRUNE: margin=-2.250000, optimistic_rem(widened)=0.000000 → cannot exceed 0.
[331.623s] PRUNE: margin=-2.250000, optimistic_rem(widened)=0.000000 → cannot exceed 0.
[331.819s] PRUNE: margin=-2.250000, optimistic_rem(widened)=0.000000 → cannot exceed 0.
[332.212s] PRUNE: margin=-2.250000, optimistic_rem(widened)=0.000000 → cannot exceed 0.
[332.998s] PRUNE: margin=-1.875000, optimistic_rem(widened)=0.000000 → cannot exceed 0.
[334.372s] PRUNE: margin=-1.875000, optimistic_rem(widened)=0.000000 → cannot exceed 0.
[334.568s] PRUNE: margin=-1.875000, optimistic_rem(widened)=0.000000 → cannot exceed 0.
[334.765s] PRUNE: margin=-1.875000, optimistic_rem(widened)=0.000000 → cannot exceed 0.
[335.158s] PRUNE: margin=-1.875000, optimistic_rem(widened)=0.000000 → cannot exceed 0.
[335.354s] PRUNE: margin=-2.250000, optimistic_rem(widened)=0.000000 → cannot exceed 0.
[335.550s] PRUNE: margin=-2.250000, optimistic_rem(widened)=0.000000 → cannot exceed 0.
[335.944s] PRUNE: margin=-1.875000, optimistic_rem(widened)=0.000000 → cannot exceed 0.
[336.140s] PRUNE: margin=-2.250000, optimistic_rem(widened)=0.000000 → cannot exceed 0.
[336.533s] PRUNE: margin=-1.875000, optimistic_rem(widened)=0.000000 → cannot exceed 0.
[337.318s] PRUNE: margin=-1.875000, optimistic_rem(widened)=0.000000 → cannot exceed 0.
[337.515s] PRUNE: margin=-2.250000, optimistic_rem(widened)=0.000000 → cannot exceed 0.
[337.908s] PRUNE: margin=-1.875000, optimistic_rem(widened)=0.000000 → cannot exceed 0.
[338.595s] PRUNE: margin=-1.875000, optimistic_rem(widened)=0.000000 → cannot exceed 0.
[339.184s] PRUNE: margin=-1.875000, optimistic_rem(widened)=0.000000 → cannot exceed 0.
[345.562s] PRUNE: margin=-1.875000, optimistic_rem(widened)=0.000000 → cannot exceed 0.
[349.684s] PRUNE: margin=-1.875000, optimistic_rem(widened)=0.000000 → cannot exceed 0.
[352.236s] PRUNE: margin=-1.875000, optimistic_rem(widened)=0.000000 → cannot exceed 0.
[353.708s] PRUNE: margin=-1.875000, optimistic_rem(widened)=0.000000 → cannot exceed 0.
[354.493s] PRUNE: margin=-1.875000, optimistic_rem(widened)=0.000000 → cannot exceed 0.
[355.180s] PRUNE: margin=-1.875000, optimistic_rem(widened)=0.000000 → cannot exceed 0.
[359.399s] PRUNE: margin=-1.875000, optimistic_rem(widened)=0.000000 → cannot exceed 0.
[361.950s] PRUNE: margin=-1.875000, optimistic_rem(widened)=0.000000 → cannot exceed 0.
[363.422s] PRUNE: margin=-1.875000, optimistic_rem(widened)=0.000000 → cannot exceed 0.
[364.207s] PRUNE: margin=-1.875000, optimistic_rem(widened)=0.000000 → cannot exceed 0.
[364.894s] PRUNE: margin=-1.875000, optimistic_rem(widened)=0.000000 → cannot exceed 0.
[367.543s] PRUNE: margin=-1.875000, optimistic_rem(widened)=0.000000 → cannot exceed 0.
[369.015s] PRUNE: margin=-1.875000, optimistic_rem(widened)=0.000000 → cannot exceed 0.
[369.800s] PRUNE: margin=-1.875000, optimistic_rem(widened)=0.000000 → cannot exceed 0.
[370.487s] PRUNE: margin=-1.875000, optimistic_rem(widened)=0.000000 → cannot exceed 0.
[372.057s] PRUNE: margin=-1.875000, optimistic_rem(widened)=0.000000 → cannot exceed 0.
[372.842s] PRUNE: margin=-1.875000, optimistic_rem(widened)=0.000000 → cannot exceed 0.
[373.529s] PRUNE: margin=-1.875000, optimistic_rem(widened)=0.000000 → cannot exceed 0.
[374.412s] PRUNE: margin=-1.875000, optimistic_rem(widened)=0.000000 → cannot exceed 0.
[375.099s] PRUNE: margin=-1.875000, optimistic_rem(widened)=0.000000 → cannot exceed 0.
[375.884s] PRUNE: margin=-1.875000, optimistic_rem(widened)=0.000000 → cannot exceed 0.
[376.963s] No counterexample within budgets (BaB): no misclassification found.
STATUS: No counterexample | best_upper_margin=5.265625 | elapsed=376.963s | pixels_changed=0 | total_bit_flips=0 | avg_hamming_per_pixel=0.000000 | patch_rows=0-0 | patch_cols=1-9 | note=no_counterexample_within_budgets
