[  0.000s] init: idx=5404 kmax=2 bmax=4 topx=2 widen=1.000 rank_fast=off
clean logits (hex):  0x84  0x84  0x8e  0x97  0x22  0x9a  0x87  0x9d  0xcf  0x71
clean logits (bits): 10000100 10000100 10001110 10010111 00100010 10011010 10000111 10011101 11001111 01110001
clean logits (double): -16.000000 -16.000000 -5.000000 -3.125000 +0.531250 -2.750000 -10.000000 -2.375000 -0.765625 +4.500000
[  0.008s] clean prediction: 9 (true label 9)
[ 38.807s] selection: nSym=2 (from 784), topx=2, rank_fast=off
[ 38.807s] active patch: rows 11-16, cols 13-17 (derived from symPix)
[ 39.266s] Proceeding to BaB (greedy enabled).
[ 39.266s] Skipping root bound check (--no-root-bound).
[ 39.266s] BaB search starting (K≤2, B≤4, nSym=2, depth_limit=500000000, widen=1.00)...
[ 39.564s] PRUNE: margin=-3.203125, optimistic_rem(widened)=1.640625 → cannot exceed 0.
[ 39.962s] PRUNE: margin=-4.062500, optimistic_rem(widened)=0.000000 → cannot exceed 0.
[ 40.161s] PRUNE: margin=-4.046875, optimistic_rem(widened)=0.000000 → cannot exceed 0.
[ 40.360s] PRUNE: margin=-3.656250, optimistic_rem(widened)=0.000000 → cannot exceed 0.
[ 40.559s] PRUNE: margin=-3.671875, optimistic_rem(widened)=0.000000 → cannot exceed 0.
[ 40.758s] PRUNE: margin=-3.687500, optimistic_rem(widened)=0.000000 → cannot exceed 0.
[ 40.957s] PRUNE: margin=-3.687500, optimistic_rem(widened)=0.000000 → cannot exceed 0.
[ 41.156s] PRUNE: margin=-3.687500, optimistic_rem(widened)=0.000000 → cannot exceed 0.
[ 41.355s] PRUNE: margin=-3.687500, optimistic_rem(widened)=0.000000 → cannot exceed 0.
[ 41.554s] PRUNE: margin=-3.687500, optimistic_rem(widened)=0.000000 → cannot exceed 0.
[ 41.753s] PRUNE: margin=-3.687500, optimistic_rem(widened)=0.000000 → cannot exceed 0.
[ 41.952s] PRUNE: margin=-3.687500, optimistic_rem(widened)=0.000000 → cannot exceed 0.
[ 42.151s] PRUNE: margin=-3.687500, optimistic_rem(widened)=0.000000 → cannot exceed 0.
[ 42.549s] PRUNE: margin=-3.984375, optimistic_rem(widened)=0.000000 → cannot exceed 0.
[ 42.749s] PRUNE: margin=-3.968750, optimistic_rem(widened)=0.000000 → cannot exceed 0.
[ 42.948s] PRUNE: margin=-3.718750, optimistic_rem(widened)=0.000000 → cannot exceed 0.
[ 43.147s] PRUNE: margin=-3.718750, optimistic_rem(widened)=0.000000 → cannot exceed 0.
[ 43.346s] PRUNE: margin=-3.718750, optimistic_rem(widened)=0.000000 → cannot exceed 0.
[ 43.546s] PRUNE: margin=-3.718750, optimistic_rem(widened)=0.000000 → cannot exceed 0.
[ 43.745s] PRUNE: margin=-3.718750, optimistic_rem(widened)=0.000000 → cannot exceed 0.
[ 43.944s] PRUNE: margin=-3.718750, optimistic_rem(widened)=0.000000 → cannot exceed 0.
[ 44.143s] PRUNE: margin=-3.718750, optimistic_rem(widened)=0.000000 → cannot exceed 0.
[ 44.343s] PRUNE: margin=-3.718750, optimistic_rem(widened)=0.000000 → cannot exceed 0.
[ 44.542s] PRUNE: margin=-3.718750, optimistic_rem(widened)=0.000000 → cannot exceed 0.
[ 44.940s] PRUNE: margin=-3.750000, optimistic_rem(widened)=0.000000 → cannot exceed 0.
[ 45.140s] PRUNE: margin=-3.750000, optimistic_rem(widened)=0.000000 → cannot exceed 0.
[ 45.339s] PRUNE: margin=-3.765625, optimistic_rem(widened)=0.000000 → cannot exceed 0.
[ 45.538s] PRUNE: margin=-3.765625, optimistic_rem(widened)=0.000000 → cannot exceed 0.
[ 45.737s] PRUNE: margin=-3.765625, optimistic_rem(widened)=0.000000 → cannot exceed 0.
[ 45.936s] PRUNE: margin=-3.765625, optimistic_rem(widened)=0.000000 → cannot exceed 0.
[ 46.136s] PRUNE: margin=-3.750000, optimistic_rem(widened)=0.000000 → cannot exceed 0.
[ 46.335s] PRUNE: margin=-3.750000, optimistic_rem(widened)=0.000000 → cannot exceed 0.
[ 46.534s] PRUNE: margin=-3.750000, optimistic_rem(widened)=0.000000 → cannot exceed 0.
[ 46.733s] PRUNE: margin=-4.109375, optimistic_rem(widened)=0.000000 → cannot exceed 0.
[ 47.132s] PRUNE: margin=-3.750000, optimistic_rem(widened)=0.000000 → cannot exceed 0.
[ 47.331s] PRUNE: margin=-3.765625, optimistic_rem(widened)=0.000000 → cannot exceed 0.
[ 47.530s] PRUNE: margin=-3.765625, optimistic_rem(widened)=0.000000 → cannot exceed 0.
[ 47.728s] PRUNE: margin=-3.765625, optimistic_rem(widened)=0.000000 → cannot exceed 0.
[ 47.927s] PRUNE: margin=-3.765625, optimistic_rem(widened)=0.000000 → cannot exceed 0.
[ 48.126s] PRUNE: margin=-3.750000, optimistic_rem(widened)=0.000000 → cannot exceed 0.
[ 48.325s] PRUNE: margin=-3.750000, optimistic_rem(widened)=0.000000 → cannot exceed 0.
[ 48.524s] PRUNE: margin=-3.750000, optimistic_rem(widened)=0.000000 → cannot exceed 0.
[ 48.723s] PRUNE: margin=-4.109375, optimistic_rem(widened)=0.000000 → cannot exceed 0.
[ 49.121s] PRUNE: margin=-4.000000, optimistic_rem(widened)=0.000000 → cannot exceed 0.
[ 49.320s] PRUNE: margin=-3.765625, optimistic_rem(widened)=0.000000 → cannot exceed 0.
[ 49.519s] PRUNE: margin=-3.765625, optimistic_rem(widened)=0.000000 → cannot exceed 0.
[ 49.717s] PRUNE: margin=-3.765625, optimistic_rem(widened)=0.000000 → cannot exceed 0.
[ 49.916s] PRUNE: margin=-3.765625, optimistic_rem(widened)=0.000000 → cannot exceed 0.
[ 50.115s] PRUNE: margin=-3.750000, optimistic_rem(widened)=0.000000 → cannot exceed 0.
[ 50.314s] PRUNE: margin=-3.750000, optimistic_rem(widened)=0.000000 → cannot exceed 0.
[ 50.513s] PRUNE: margin=-3.750000, optimistic_rem(widened)=0.000000 → cannot exceed 0.
[ 50.910s] PRUNE: margin=-4.015625, optimistic_rem(widened)=0.000000 → cannot exceed 0.
[ 51.110s] PRUNE: margin=-4.000000, optimistic_rem(widened)=0.000000 → cannot exceed 0.
[ 51.308s] PRUNE: margin=-3.750000, optimistic_rem(widened)=0.000000 → cannot exceed 0.
[ 51.507s] PRUNE: margin=-3.750000, optimistic_rem(widened)=0.000000 → cannot exceed 0.
[ 51.706s] PRUNE: margin=-3.750000, optimistic_rem(widened)=0.000000 → cannot exceed 0.
[ 51.905s] PRUNE: margin=-3.765625, optimistic_rem(widened)=0.000000 → cannot exceed 0.
[ 52.104s] PRUNE: margin=-3.765625, optimistic_rem(widened)=0.000000 → cannot exceed 0.
[ 52.501s] PRUNE: margin=-4.015625, optimistic_rem(widened)=0.000000 → cannot exceed 0.
[ 52.700s] PRUNE: margin=-4.000000, optimistic_rem(widened)=0.000000 → cannot exceed 0.
[ 52.899s] PRUNE: margin=-3.750000, optimistic_rem(widened)=0.000000 → cannot exceed 0.
[ 53.098s] PRUNE: margin=-3.750000, optimistic_rem(widened)=0.000000 → cannot exceed 0.
[ 53.297s] PRUNE: margin=-3.750000, optimistic_rem(widened)=0.000000 → cannot exceed 0.
[ 53.496s] PRUNE: margin=-3.765625, optimistic_rem(widened)=0.000000 → cannot exceed 0.
[ 53.893s] PRUNE: margin=-4.078125, optimistic_rem(widened)=0.000000 → cannot exceed 0.
[ 54.092s] PRUNE: margin=-4.000000, optimistic_rem(widened)=0.000000 → cannot exceed 0.
[ 54.291s] PRUNE: margin=-3.750000, optimistic_rem(widened)=0.000000 → cannot exceed 0.
[ 54.490s] PRUNE: margin=-3.750000, optimistic_rem(widened)=0.000000 → cannot exceed 0.
[ 54.689s] PRUNE: margin=-3.750000, optimistic_rem(widened)=0.000000 → cannot exceed 0.
[ 55.087s] PRUNE: margin=-3.281250, optimistic_rem(widened)=0.000000 → cannot exceed 0.
[ 55.285s] PRUNE: margin=-4.000000, optimistic_rem(widened)=0.000000 → cannot exceed 0.
[ 55.484s] PRUNE: margin=-3.765625, optimistic_rem(widened)=0.000000 → cannot exceed 0.
[ 55.683s] PRUNE: margin=-3.765625, optimistic_rem(widened)=0.000000 → cannot exceed 0.
[ 56.081s] PRUNE: margin=-3.734375, optimistic_rem(widened)=0.000000 → cannot exceed 0.
[ 56.280s] PRUNE: margin=-3.750000, optimistic_rem(widened)=0.000000 → cannot exceed 0.
[ 56.479s] PRUNE: margin=-4.109375, optimistic_rem(widened)=0.000000 → cannot exceed 0.
[ 56.877s] PRUNE: margin=-3.734375, optimistic_rem(widened)=0.000000 → cannot exceed 0.
[ 57.076s] PRUNE: margin=-4.109375, optimistic_rem(widened)=0.000000 → cannot exceed 0.
[ 57.474s] PRUNE: margin=-3.984375, optimistic_rem(widened)=0.000000 → cannot exceed 0.
[ 58.170s] PRUNE: margin=-3.984375, optimistic_rem(widened)=1.578125 → cannot exceed 0.
[ 58.468s] PRUNE: margin=-4.062500, optimistic_rem(widened)=0.000000 → cannot exceed 0.
[ 58.667s] PRUNE: margin=-3.640625, optimistic_rem(widened)=0.000000 → cannot exceed 0.
[ 58.866s] PRUNE: margin=-3.671875, optimistic_rem(widened)=0.000000 → cannot exceed 0.
[ 59.065s] PRUNE: margin=-3.671875, optimistic_rem(widened)=0.000000 → cannot exceed 0.
[ 59.264s] PRUNE: margin=-3.671875, optimistic_rem(widened)=0.000000 → cannot exceed 0.
[ 59.463s] PRUNE: margin=-3.671875, optimistic_rem(widened)=0.000000 → cannot exceed 0.
[ 59.662s] PRUNE: margin=-3.671875, optimistic_rem(widened)=0.000000 → cannot exceed 0.
[ 59.861s] PRUNE: margin=-3.671875, optimistic_rem(widened)=0.000000 → cannot exceed 0.
[ 60.060s] PRUNE: margin=-3.671875, optimistic_rem(widened)=0.000000 → cannot exceed 0.
[ 60.270s] PRUNE: margin=-3.671875, optimistic_rem(widened)=0.000000 → cannot exceed 0.
[ 60.600s] PRUNE: margin=-3.968750, optimistic_rem(widened)=0.000000 → cannot exceed 0.
[ 60.799s] PRUNE: margin=-3.718750, optimistic_rem(widened)=0.000000 → cannot exceed 0.
[ 60.963s] PRUNE: margin=-3.718750, optimistic_rem(widened)=0.000000 → cannot exceed 0.
[ 61.084s] PRUNE: margin=-3.718750, optimistic_rem(widened)=0.000000 → cannot exceed 0.
[ 61.212s] PRUNE: margin=-3.718750, optimistic_rem(widened)=0.000000 → cannot exceed 0.
[ 61.333s] PRUNE: margin=-3.718750, optimistic_rem(widened)=0.000000 → cannot exceed 0.
[ 61.453s] PRUNE: margin=-3.718750, optimistic_rem(widened)=0.000000 → cannot exceed 0.
[ 61.575s] PRUNE: margin=-3.718750, optimistic_rem(widened)=0.000000 → cannot exceed 0.
[ 61.711s] PRUNE: margin=-3.718750, optimistic_rem(widened)=0.000000 → cannot exceed 0.
[ 62.012s] PRUNE: margin=-3.750000, optimistic_rem(widened)=0.000000 → cannot exceed 0.
[ 62.159s] PRUNE: margin=-3.750000, optimistic_rem(widened)=0.000000 → cannot exceed 0.
[ 62.317s] PRUNE: margin=-3.750000, optimistic_rem(widened)=0.000000 → cannot exceed 0.
[ 62.451s] PRUNE: margin=-3.750000, optimistic_rem(widened)=0.000000 → cannot exceed 0.
[ 62.571s] PRUNE: margin=-3.750000, optimistic_rem(widened)=0.000000 → cannot exceed 0.
[ 62.695s] PRUNE: margin=-3.750000, optimistic_rem(widened)=0.000000 → cannot exceed 0.
[ 62.817s] PRUNE: margin=-3.750000, optimistic_rem(widened)=0.000000 → cannot exceed 0.
[ 62.936s] PRUNE: margin=-3.750000, optimistic_rem(widened)=0.000000 → cannot exceed 0.
[ 63.259s] PRUNE: margin=-3.750000, optimistic_rem(widened)=0.000000 → cannot exceed 0.
[ 63.457s] PRUNE: margin=-3.750000, optimistic_rem(widened)=0.000000 → cannot exceed 0.
[ 63.656s] PRUNE: margin=-3.750000, optimistic_rem(widened)=0.000000 → cannot exceed 0.
[ 63.855s] PRUNE: margin=-3.750000, optimistic_rem(widened)=0.000000 → cannot exceed 0.
[ 64.053s] PRUNE: margin=-3.750000, optimistic_rem(widened)=0.000000 → cannot exceed 0.
[ 64.252s] PRUNE: margin=-3.750000, optimistic_rem(widened)=0.000000 → cannot exceed 0.
[ 64.450s] PRUNE: margin=-3.750000, optimistic_rem(widened)=0.000000 → cannot exceed 0.
[ 64.847s] PRUNE: margin=-4.000000, optimistic_rem(widened)=0.000000 → cannot exceed 0.
[ 65.046s] PRUNE: margin=-3.750000, optimistic_rem(widened)=0.000000 → cannot exceed 0.
[ 65.245s] PRUNE: margin=-3.750000, optimistic_rem(widened)=0.000000 → cannot exceed 0.
[ 65.443s] PRUNE: margin=-3.750000, optimistic_rem(widened)=0.000000 → cannot exceed 0.
[ 65.642s] PRUNE: margin=-3.750000, optimistic_rem(widened)=0.000000 → cannot exceed 0.
[ 65.840s] PRUNE: margin=-3.750000, optimistic_rem(widened)=0.000000 → cannot exceed 0.
[ 66.237s] PRUNE: margin=-4.000000, optimistic_rem(widened)=0.000000 → cannot exceed 0.
[ 66.436s] PRUNE: margin=-3.750000, optimistic_rem(widened)=0.000000 → cannot exceed 0.
[ 66.634s] PRUNE: margin=-3.750000, optimistic_rem(widened)=0.000000 → cannot exceed 0.
[ 66.833s] PRUNE: margin=-3.750000, optimistic_rem(widened)=0.000000 → cannot exceed 0.
[ 67.032s] PRUNE: margin=-3.750000, optimistic_rem(widened)=0.000000 → cannot exceed 0.
[ 67.429s] PRUNE: margin=-4.000000, optimistic_rem(widened)=0.000000 → cannot exceed 0.
[ 67.628s] PRUNE: margin=-3.750000, optimistic_rem(widened)=0.000000 → cannot exceed 0.
[ 67.826s] PRUNE: margin=-3.750000, optimistic_rem(widened)=0.000000 → cannot exceed 0.
[ 68.025s] PRUNE: margin=-3.750000, optimistic_rem(widened)=0.000000 → cannot exceed 0.
[ 68.427s] PRUNE: margin=-4.078125, optimistic_rem(widened)=0.000000 → cannot exceed 0.
[ 68.631s] PRUNE: margin=-3.750000, optimistic_rem(widened)=0.000000 → cannot exceed 0.
[ 68.832s] PRUNE: margin=-3.750000, optimistic_rem(widened)=0.000000 → cannot exceed 0.
[ 69.236s] PRUNE: margin=-3.750000, optimistic_rem(widened)=0.000000 → cannot exceed 0.
[ 69.440s] PRUNE: margin=-3.750000, optimistic_rem(widened)=0.000000 → cannot exceed 0.
[ 69.752s] PRUNE: margin=-3.750000, optimistic_rem(widened)=0.000000 → cannot exceed 0.
[ 70.402s] PRUNE: margin=-4.000000, optimistic_rem(widened)=1.515625 → cannot exceed 0.
[ 70.589s] PRUNE: margin=-3.968750, optimistic_rem(widened)=1.578125 → cannot exceed 0.
[ 70.868s] PRUNE: margin=-4.046875, optimistic_rem(widened)=0.000000 → cannot exceed 0.
[ 71.054s] PRUNE: margin=-3.656250, optimistic_rem(widened)=0.000000 → cannot exceed 0.
[ 71.240s] PRUNE: margin=-3.656250, optimistic_rem(widened)=0.000000 → cannot exceed 0.
[ 71.372s] PRUNE: margin=-3.671875, optimistic_rem(widened)=0.000000 → cannot exceed 0.
[ 71.492s] PRUNE: margin=-3.671875, optimistic_rem(widened)=0.000000 → cannot exceed 0.
[ 71.615s] PRUNE: margin=-3.671875, optimistic_rem(widened)=0.000000 → cannot exceed 0.
[ 71.743s] PRUNE: margin=-3.671875, optimistic_rem(widened)=0.000000 → cannot exceed 0.
[ 71.874s] PRUNE: margin=-3.671875, optimistic_rem(widened)=0.000000 → cannot exceed 0.
[ 72.146s] PRUNE: margin=-3.734375, optimistic_rem(widened)=0.000000 → cannot exceed 0.
[ 72.319s] PRUNE: margin=-3.734375, optimistic_rem(widened)=0.000000 → cannot exceed 0.
[ 72.526s] PRUNE: margin=-3.734375, optimistic_rem(widened)=0.000000 → cannot exceed 0.
[ 72.725s] PRUNE: margin=-3.734375, optimistic_rem(widened)=0.000000 → cannot exceed 0.
[ 72.940s] PRUNE: margin=-3.734375, optimistic_rem(widened)=0.000000 → cannot exceed 0.
[ 73.138s] PRUNE: margin=-3.734375, optimistic_rem(widened)=0.000000 → cannot exceed 0.
[ 73.337s] PRUNE: margin=-3.734375, optimistic_rem(widened)=0.000000 → cannot exceed 0.
[ 73.734s] PRUNE: margin=-3.734375, optimistic_rem(widened)=0.000000 → cannot exceed 0.
[ 73.933s] PRUNE: margin=-3.734375, optimistic_rem(widened)=0.000000 → cannot exceed 0.
[ 74.131s] PRUNE: margin=-3.734375, optimistic_rem(widened)=0.000000 → cannot exceed 0.
[ 74.330s] PRUNE: margin=-3.734375, optimistic_rem(widened)=0.000000 → cannot exceed 0.
[ 74.529s] PRUNE: margin=-3.734375, optimistic_rem(widened)=0.000000 → cannot exceed 0.
[ 74.728s] PRUNE: margin=-3.734375, optimistic_rem(widened)=0.000000 → cannot exceed 0.
[ 75.125s] PRUNE: margin=-3.734375, optimistic_rem(widened)=0.000000 → cannot exceed 0.
[ 75.323s] PRUNE: margin=-3.734375, optimistic_rem(widened)=0.000000 → cannot exceed 0.
[ 75.522s] PRUNE: margin=-3.734375, optimistic_rem(widened)=0.000000 → cannot exceed 0.
[ 75.720s] PRUNE: margin=-3.734375, optimistic_rem(widened)=0.000000 → cannot exceed 0.
[ 75.919s] PRUNE: margin=-3.734375, optimistic_rem(widened)=0.000000 → cannot exceed 0.
[ 76.316s] PRUNE: margin=-3.734375, optimistic_rem(widened)=0.000000 → cannot exceed 0.
[ 76.515s] PRUNE: margin=-3.734375, optimistic_rem(widened)=0.000000 → cannot exceed 0.
[ 76.713s] PRUNE: margin=-3.734375, optimistic_rem(widened)=0.000000 → cannot exceed 0.
[ 76.912s] PRUNE: margin=-3.734375, optimistic_rem(widened)=0.000000 → cannot exceed 0.
[ 77.309s] PRUNE: margin=-3.734375, optimistic_rem(widened)=0.000000 → cannot exceed 0.
[ 77.508s] PRUNE: margin=-3.734375, optimistic_rem(widened)=0.000000 → cannot exceed 0.
[ 77.706s] PRUNE: margin=-3.734375, optimistic_rem(widened)=0.000000 → cannot exceed 0.
[ 78.103s] PRUNE: margin=-3.734375, optimistic_rem(widened)=0.000000 → cannot exceed 0.
[ 78.302s] PRUNE: margin=-3.734375, optimistic_rem(widened)=0.000000 → cannot exceed 0.
[ 78.699s] PRUNE: margin=-3.718750, optimistic_rem(widened)=0.000000 → cannot exceed 0.
[ 79.394s] PRUNE: margin=-4.078125, optimistic_rem(widened)=1.578125 → cannot exceed 0.
[ 79.592s] PRUNE: margin=-4.062500, optimistic_rem(widened)=1.703125 → cannot exceed 0.
[ 79.891s] PRUNE: margin=-3.687500, optimistic_rem(widened)=0.000000 → cannot exceed 0.
[ 80.089s] PRUNE: margin=-3.687500, optimistic_rem(widened)=0.000000 → cannot exceed 0.
[ 80.288s] PRUNE: margin=-3.687500, optimistic_rem(widened)=0.000000 → cannot exceed 0.
[ 80.512s] PRUNE: margin=-3.687500, optimistic_rem(widened)=0.000000 → cannot exceed 0.
[ 80.709s] PRUNE: margin=-3.687500, optimistic_rem(widened)=0.000000 → cannot exceed 0.
[ 80.905s] PRUNE: margin=-3.703125, optimistic_rem(widened)=0.000000 → cannot exceed 0.
[ 81.103s] PRUNE: margin=-3.687500, optimistic_rem(widened)=0.000000 → cannot exceed 0.
[ 81.497s] PRUNE: margin=-3.687500, optimistic_rem(widened)=0.000000 → cannot exceed 0.
[ 81.693s] PRUNE: margin=-3.687500, optimistic_rem(widened)=0.000000 → cannot exceed 0.
[ 81.890s] PRUNE: margin=-3.687500, optimistic_rem(widened)=0.000000 → cannot exceed 0.
[ 82.087s] PRUNE: margin=-3.687500, optimistic_rem(widened)=0.000000 → cannot exceed 0.
[ 82.284s] PRUNE: margin=-3.687500, optimistic_rem(widened)=0.000000 → cannot exceed 0.
[ 82.480s] PRUNE: margin=-3.703125, optimistic_rem(widened)=0.000000 → cannot exceed 0.
[ 82.873s] PRUNE: margin=-3.703125, optimistic_rem(widened)=0.000000 → cannot exceed 0.
[ 83.070s] PRUNE: margin=-3.703125, optimistic_rem(widened)=0.000000 → cannot exceed 0.
[ 83.267s] PRUNE: margin=-3.703125, optimistic_rem(widened)=0.000000 → cannot exceed 0.
[ 83.464s] PRUNE: margin=-3.703125, optimistic_rem(widened)=0.000000 → cannot exceed 0.
[ 83.661s] PRUNE: margin=-3.703125, optimistic_rem(widened)=0.000000 → cannot exceed 0.
[ 84.054s] PRUNE: margin=-3.703125, optimistic_rem(widened)=0.000000 → cannot exceed 0.
[ 84.251s] PRUNE: margin=-3.703125, optimistic_rem(widened)=0.000000 → cannot exceed 0.
[ 84.448s] PRUNE: margin=-3.703125, optimistic_rem(widened)=0.000000 → cannot exceed 0.
[ 84.645s] PRUNE: margin=-3.703125, optimistic_rem(widened)=0.000000 → cannot exceed 0.
[ 85.038s] PRUNE: margin=-3.703125, optimistic_rem(widened)=0.000000 → cannot exceed 0.
[ 85.234s] PRUNE: margin=-3.703125, optimistic_rem(widened)=0.000000 → cannot exceed 0.
[ 85.431s] PRUNE: margin=-3.703125, optimistic_rem(widened)=0.000000 → cannot exceed 0.
[ 85.824s] PRUNE: margin=-3.703125, optimistic_rem(widened)=0.000000 → cannot exceed 0.
[ 86.020s] PRUNE: margin=-3.703125, optimistic_rem(widened)=0.000000 → cannot exceed 0.
[ 86.414s] PRUNE: margin=-4.078125, optimistic_rem(widened)=0.000000 → cannot exceed 0.
[ 90.638s] PRUNE: margin=-3.765625, optimistic_rem(widened)=0.000000 → cannot exceed 0.
[ 90.835s] PRUNE: margin=-3.765625, optimistic_rem(widened)=0.000000 → cannot exceed 0.
[ 91.032s] PRUNE: margin=-4.125000, optimistic_rem(widened)=0.000000 → cannot exceed 0.
[ 93.977s] PRUNE: margin=-3.765625, optimistic_rem(widened)=0.000000 → cannot exceed 0.
[ 94.173s] PRUNE: margin=-3.765625, optimistic_rem(widened)=0.000000 → cannot exceed 0.
[ 94.369s] PRUNE: margin=-4.125000, optimistic_rem(widened)=0.000000 → cannot exceed 0.
[ 96.527s] PRUNE: margin=-3.765625, optimistic_rem(widened)=0.000000 → cannot exceed 0.
[ 96.723s] PRUNE: margin=-3.765625, optimistic_rem(widened)=0.000000 → cannot exceed 0.
[ 96.919s] PRUNE: margin=-4.125000, optimistic_rem(widened)=0.000000 → cannot exceed 0.
[ 97.312s] PRUNE: margin=-4.031250, optimistic_rem(widened)=1.515625 → cannot exceed 0.
[ 97.508s] PRUNE: margin=-4.000000, optimistic_rem(widened)=0.000000 → cannot exceed 0.
[ 98.097s] PRUNE: margin=-3.765625, optimistic_rem(widened)=0.000000 → cannot exceed 0.
[ 98.293s] PRUNE: margin=-3.765625, optimistic_rem(widened)=0.000000 → cannot exceed 0.
[ 98.686s] PRUNE: margin=-3.953125, optimistic_rem(widened)=1.203125 → cannot exceed 0.
[ 98.882s] PRUNE: margin=-4.015625, optimistic_rem(widened)=0.000000 → cannot exceed 0.
[ 99.078s] PRUNE: margin=-3.765625, optimistic_rem(widened)=0.000000 → cannot exceed 0.
[ 99.274s] PRUNE: margin=-3.765625, optimistic_rem(widened)=0.000000 → cannot exceed 0.
[ 99.667s] PRUNE: margin=-3.296875, optimistic_rem(widened)=0.000000 → cannot exceed 0.
[ 99.863s] PRUNE: margin=-3.765625, optimistic_rem(widened)=0.000000 → cannot exceed 0.
[100.059s] PRUNE: margin=-3.765625, optimistic_rem(widened)=0.000000 → cannot exceed 0.
[100.452s] PRUNE: margin=-3.750000, optimistic_rem(widened)=0.000000 → cannot exceed 0.
[100.649s] PRUNE: margin=-4.125000, optimistic_rem(widened)=0.000000 → cannot exceed 0.
[101.042s] PRUNE: margin=-4.125000, optimistic_rem(widened)=0.000000 → cannot exceed 0.
[104.414s] PRUNE: margin=-3.765625, optimistic_rem(widened)=0.000000 → cannot exceed 0.
[104.632s] PRUNE: margin=-3.765625, optimistic_rem(widened)=0.000000 → cannot exceed 0.
[104.830s] PRUNE: margin=-4.125000, optimistic_rem(widened)=0.000000 → cannot exceed 0.
[107.004s] PRUNE: margin=-3.765625, optimistic_rem(widened)=0.000000 → cannot exceed 0.
[107.202s] PRUNE: margin=-3.765625, optimistic_rem(widened)=0.000000 → cannot exceed 0.
[107.400s] PRUNE: margin=-4.125000, optimistic_rem(widened)=0.000000 → cannot exceed 0.
[107.795s] PRUNE: margin=-4.031250, optimistic_rem(widened)=1.515625 → cannot exceed 0.
[107.993s] PRUNE: margin=-4.000000, optimistic_rem(widened)=0.000000 → cannot exceed 0.
[108.586s] PRUNE: margin=-3.765625, optimistic_rem(widened)=0.000000 → cannot exceed 0.
[108.784s] PRUNE: margin=-3.765625, optimistic_rem(widened)=0.000000 → cannot exceed 0.
[109.179s] PRUNE: margin=-3.953125, optimistic_rem(widened)=1.203125 → cannot exceed 0.
[109.377s] PRUNE: margin=-4.015625, optimistic_rem(widened)=0.000000 → cannot exceed 0.
[109.575s] PRUNE: margin=-3.765625, optimistic_rem(widened)=0.000000 → cannot exceed 0.
[109.760s] PRUNE: margin=-3.765625, optimistic_rem(widened)=0.000000 → cannot exceed 0.
[110.017s] PRUNE: margin=-3.296875, optimistic_rem(widened)=0.000000 → cannot exceed 0.
[110.148s] PRUNE: margin=-3.765625, optimistic_rem(widened)=0.000000 → cannot exceed 0.
[110.287s] PRUNE: margin=-3.765625, optimistic_rem(widened)=0.000000 → cannot exceed 0.
[110.550s] PRUNE: margin=-3.750000, optimistic_rem(widened)=0.000000 → cannot exceed 0.
[110.694s] PRUNE: margin=-4.125000, optimistic_rem(widened)=0.000000 → cannot exceed 0.
[110.956s] PRUNE: margin=-4.125000, optimistic_rem(widened)=0.000000 → cannot exceed 0.
[111.554s] PRUNE: margin=-4.031250, optimistic_rem(widened)=1.515625 → cannot exceed 0.
[111.682s] PRUNE: margin=-4.000000, optimistic_rem(widened)=0.000000 → cannot exceed 0.
[112.372s] PRUNE: margin=-3.765625, optimistic_rem(widened)=0.000000 → cannot exceed 0.
[112.539s] PRUNE: margin=-3.765625, optimistic_rem(widened)=0.000000 → cannot exceed 0.
[112.867s] PRUNE: margin=-4.031250, optimistic_rem(widened)=1.515625 → cannot exceed 0.
[113.038s] PRUNE: margin=-4.000000, optimistic_rem(widened)=0.000000 → cannot exceed 0.
[113.452s] PRUNE: margin=-3.765625, optimistic_rem(widened)=0.000000 → cannot exceed 0.
[113.651s] PRUNE: margin=-3.765625, optimistic_rem(widened)=0.000000 → cannot exceed 0.
[114.049s] PRUNE: margin=-3.953125, optimistic_rem(widened)=1.203125 → cannot exceed 0.
[114.248s] PRUNE: margin=-4.015625, optimistic_rem(widened)=0.000000 → cannot exceed 0.
[114.446s] PRUNE: margin=-3.765625, optimistic_rem(widened)=0.000000 → cannot exceed 0.
[114.645s] PRUNE: margin=-3.765625, optimistic_rem(widened)=0.000000 → cannot exceed 0.
[115.043s] PRUNE: margin=-3.296875, optimistic_rem(widened)=0.000000 → cannot exceed 0.
[115.242s] PRUNE: margin=-3.765625, optimistic_rem(widened)=0.000000 → cannot exceed 0.
[115.441s] PRUNE: margin=-3.765625, optimistic_rem(widened)=0.000000 → cannot exceed 0.
[115.839s] PRUNE: margin=-3.750000, optimistic_rem(widened)=0.000000 → cannot exceed 0.
[116.038s] PRUNE: margin=-4.125000, optimistic_rem(widened)=0.000000 → cannot exceed 0.
[116.436s] PRUNE: margin=-4.125000, optimistic_rem(widened)=0.000000 → cannot exceed 0.
[117.132s] PRUNE: margin=-4.000000, optimistic_rem(widened)=1.578125 → cannot exceed 0.
[117.430s] PRUNE: margin=-4.031250, optimistic_rem(widened)=1.515625 → cannot exceed 0.
[118.026s] PRUNE: margin=-3.765625, optimistic_rem(widened)=0.000000 → cannot exceed 0.
[118.226s] PRUNE: margin=-3.765625, optimistic_rem(widened)=0.000000 → cannot exceed 0.
[118.624s] PRUNE: margin=-3.953125, optimistic_rem(widened)=1.203125 → cannot exceed 0.
[118.823s] PRUNE: margin=-3.765625, optimistic_rem(widened)=0.000000 → cannot exceed 0.
[119.021s] PRUNE: margin=-3.765625, optimistic_rem(widened)=0.000000 → cannot exceed 0.
[119.419s] PRUNE: margin=-3.765625, optimistic_rem(widened)=0.000000 → cannot exceed 0.
[119.618s] PRUNE: margin=-3.765625, optimistic_rem(widened)=0.000000 → cannot exceed 0.
[120.015s] PRUNE: margin=-3.765625, optimistic_rem(widened)=0.000000 → cannot exceed 0.
[120.723s] PRUNE: margin=-4.031250, optimistic_rem(widened)=1.953125 → cannot exceed 0.
[120.922s] PRUNE: margin=-4.000000, optimistic_rem(widened)=1.578125 → cannot exceed 0.
[121.221s] PRUNE: margin=-3.765625, optimistic_rem(widened)=0.000000 → cannot exceed 0.
[121.433s] PRUNE: margin=-3.765625, optimistic_rem(widened)=0.000000 → cannot exceed 0.
[121.830s] PRUNE: margin=-3.765625, optimistic_rem(widened)=0.000000 → cannot exceed 0.
[122.524s] PRUNE: margin=-3.953125, optimistic_rem(widened)=1.468750 → cannot exceed 0.
[122.723s] PRUNE: margin=-4.015625, optimistic_rem(widened)=1.578125 → cannot exceed 0.
[123.020s] PRUNE: margin=-3.765625, optimistic_rem(widened)=0.000000 → cannot exceed 0.
[123.716s] PRUNE: margin=-3.296875, optimistic_rem(widened)=0.640625 → cannot exceed 0.
[124.014s] PRUNE: margin=-3.765625, optimistic_rem(widened)=0.000000 → cannot exceed 0.
[124.807s] PRUNE: margin=-4.109375, optimistic_rem(widened)=0.000000 → cannot exceed 0.
[126.298s] PRUNE: margin=-3.375000, optimistic_rem(widened)=1.062500 → cannot exceed 0.
[126.596s] PRUNE: margin=-4.046875, optimistic_rem(widened)=0.000000 → cannot exceed 0.
[126.794s] PRUNE: margin=-4.046875, optimistic_rem(widened)=0.000000 → cannot exceed 0.
[126.993s] PRUNE: margin=-4.046875, optimistic_rem(widened)=0.000000 → cannot exceed 0.
[127.191s] PRUNE: margin=-4.046875, optimistic_rem(widened)=0.000000 → cannot exceed 0.
[127.390s] PRUNE: margin=-4.046875, optimistic_rem(widened)=0.000000 → cannot exceed 0.
[127.588s] PRUNE: margin=-4.046875, optimistic_rem(widened)=0.000000 → cannot exceed 0.
[127.787s] PRUNE: margin=-4.046875, optimistic_rem(widened)=0.000000 → cannot exceed 0.
[127.986s] PRUNE: margin=-4.046875, optimistic_rem(widened)=0.000000 → cannot exceed 0.
[128.184s] PRUNE: margin=-4.046875, optimistic_rem(widened)=0.000000 → cannot exceed 0.
[128.383s] PRUNE: margin=-4.046875, optimistic_rem(widened)=0.000000 → cannot exceed 0.
[128.582s] PRUNE: margin=-4.046875, optimistic_rem(widened)=0.000000 → cannot exceed 0.
[128.978s] PRUNE: margin=-4.046875, optimistic_rem(widened)=0.000000 → cannot exceed 0.
[129.177s] PRUNE: margin=-4.046875, optimistic_rem(widened)=0.000000 → cannot exceed 0.
[129.375s] PRUNE: margin=-4.046875, optimistic_rem(widened)=0.000000 → cannot exceed 0.
[129.573s] PRUNE: margin=-4.046875, optimistic_rem(widened)=0.000000 → cannot exceed 0.
[129.772s] PRUNE: margin=-4.046875, optimistic_rem(widened)=0.000000 → cannot exceed 0.
[129.970s] PRUNE: margin=-4.046875, optimistic_rem(widened)=0.000000 → cannot exceed 0.
[130.169s] PRUNE: margin=-4.046875, optimistic_rem(widened)=0.000000 → cannot exceed 0.
[130.367s] PRUNE: margin=-4.046875, optimistic_rem(widened)=0.000000 → cannot exceed 0.
[130.565s] PRUNE: margin=-4.046875, optimistic_rem(widened)=0.000000 → cannot exceed 0.
[130.764s] PRUNE: margin=-4.046875, optimistic_rem(widened)=0.000000 → cannot exceed 0.
[131.161s] PRUNE: margin=-4.046875, optimistic_rem(widened)=0.000000 → cannot exceed 0.
[131.360s] PRUNE: margin=-4.046875, optimistic_rem(widened)=0.000000 → cannot exceed 0.
[131.558s] PRUNE: margin=-4.046875, optimistic_rem(widened)=0.000000 → cannot exceed 0.
[131.757s] PRUNE: margin=-4.046875, optimistic_rem(widened)=0.000000 → cannot exceed 0.
[131.957s] PRUNE: margin=-4.046875, optimistic_rem(widened)=0.000000 → cannot exceed 0.
[132.155s] PRUNE: margin=-4.046875, optimistic_rem(widened)=0.000000 → cannot exceed 0.
[132.354s] PRUNE: margin=-4.046875, optimistic_rem(widened)=0.000000 → cannot exceed 0.
[132.552s] PRUNE: margin=-4.046875, optimistic_rem(widened)=0.000000 → cannot exceed 0.
[132.750s] PRUNE: margin=-4.046875, optimistic_rem(widened)=0.000000 → cannot exceed 0.
[133.147s] PRUNE: margin=-4.046875, optimistic_rem(widened)=0.000000 → cannot exceed 0.
[133.346s] PRUNE: margin=-4.046875, optimistic_rem(widened)=0.000000 → cannot exceed 0.
[133.545s] PRUNE: margin=-4.046875, optimistic_rem(widened)=0.000000 → cannot exceed 0.
[133.743s] PRUNE: margin=-4.046875, optimistic_rem(widened)=0.000000 → cannot exceed 0.
[133.942s] PRUNE: margin=-4.046875, optimistic_rem(widened)=0.000000 → cannot exceed 0.
[134.140s] PRUNE: margin=-4.046875, optimistic_rem(widened)=0.000000 → cannot exceed 0.
[134.338s] PRUNE: margin=-4.046875, optimistic_rem(widened)=0.000000 → cannot exceed 0.
[134.537s] PRUNE: margin=-4.046875, optimistic_rem(widened)=0.000000 → cannot exceed 0.
[134.933s] PRUNE: margin=-4.046875, optimistic_rem(widened)=0.000000 → cannot exceed 0.
[135.132s] PRUNE: margin=-4.046875, optimistic_rem(widened)=0.000000 → cannot exceed 0.
[135.330s] PRUNE: margin=-4.046875, optimistic_rem(widened)=0.000000 → cannot exceed 0.
[135.528s] PRUNE: margin=-4.046875, optimistic_rem(widened)=0.000000 → cannot exceed 0.
[135.727s] PRUNE: margin=-4.046875, optimistic_rem(widened)=0.000000 → cannot exceed 0.
[135.926s] PRUNE: margin=-4.046875, optimistic_rem(widened)=0.000000 → cannot exceed 0.
[136.151s] PRUNE: margin=-4.046875, optimistic_rem(widened)=0.000000 → cannot exceed 0.
[136.486s] PRUNE: margin=-4.062500, optimistic_rem(widened)=0.000000 → cannot exceed 0.
[136.654s] PRUNE: margin=-4.046875, optimistic_rem(widened)=0.000000 → cannot exceed 0.
[136.823s] PRUNE: margin=-4.046875, optimistic_rem(widened)=0.000000 → cannot exceed 0.
[137.001s] PRUNE: margin=-4.046875, optimistic_rem(widened)=0.000000 → cannot exceed 0.
[137.157s] PRUNE: margin=-4.046875, optimistic_rem(widened)=0.000000 → cannot exceed 0.
[137.296s] PRUNE: margin=-4.046875, optimistic_rem(widened)=0.000000 → cannot exceed 0.
[137.579s] PRUNE: margin=-4.046875, optimistic_rem(widened)=0.000000 → cannot exceed 0.
[137.741s] PRUNE: margin=-4.046875, optimistic_rem(widened)=0.000000 → cannot exceed 0.
[137.921s] PRUNE: margin=-4.046875, optimistic_rem(widened)=0.000000 → cannot exceed 0.
[138.117s] PRUNE: margin=-4.046875, optimistic_rem(widened)=0.000000 → cannot exceed 0.
[138.313s] PRUNE: margin=-4.046875, optimistic_rem(widened)=0.000000 → cannot exceed 0.
[142.724s] PRUNE: margin=-3.375000, optimistic_rem(widened)=1.062500 → cannot exceed 0.
[142.920s] PRUNE: margin=-3.203125, optimistic_rem(widened)=1.015625 → cannot exceed 0.
[143.116s] PRUNE: margin=-4.046875, optimistic_rem(widened)=1.703125 → cannot exceed 0.
[143.312s] PRUNE: margin=-4.046875, optimistic_rem(widened)=1.703125 → cannot exceed 0.
[143.508s] PRUNE: margin=-4.046875, optimistic_rem(widened)=1.703125 → cannot exceed 0.
[143.704s] PRUNE: margin=-4.046875, optimistic_rem(widened)=2.515625 → cannot exceed 0.
[143.900s] PRUNE: margin=-4.046875, optimistic_rem(widened)=2.515625 → cannot exceed 0.
[144.096s] PRUNE: margin=-4.046875, optimistic_rem(widened)=2.546875 → cannot exceed 0.
[144.292s] PRUNE: margin=-4.046875, optimistic_rem(widened)=2.546875 → cannot exceed 0.
[144.488s] PRUNE: margin=-4.046875, optimistic_rem(widened)=2.546875 → cannot exceed 0.
[144.782s] PRUNE: margin=-4.046875, optimistic_rem(widened)=0.000000 → cannot exceed 0.
[145.566s] PRUNE: margin=-4.062500, optimistic_rem(widened)=0.000000 → cannot exceed 0.
[145.762s] PRUNE: margin=-4.062500, optimistic_rem(widened)=0.000000 → cannot exceed 0.
[145.959s] PRUNE: margin=-4.062500, optimistic_rem(widened)=0.000000 → cannot exceed 0.
[146.155s] PRUNE: margin=-4.062500, optimistic_rem(widened)=0.000000 → cannot exceed 0.
[146.351s] PRUNE: margin=-4.062500, optimistic_rem(widened)=0.000000 → cannot exceed 0.
[146.548s] PRUNE: margin=-4.062500, optimistic_rem(widened)=0.000000 → cannot exceed 0.
[146.744s] PRUNE: margin=-4.093750, optimistic_rem(widened)=0.000000 → cannot exceed 0.
[148.019s] PRUNE: margin=-4.062500, optimistic_rem(widened)=0.000000 → cannot exceed 0.
[148.215s] PRUNE: margin=-4.062500, optimistic_rem(widened)=0.000000 → cannot exceed 0.
[148.411s] PRUNE: margin=-4.062500, optimistic_rem(widened)=0.000000 → cannot exceed 0.
[148.607s] PRUNE: margin=-4.062500, optimistic_rem(widened)=0.000000 → cannot exceed 0.
[148.804s] PRUNE: margin=-4.062500, optimistic_rem(widened)=0.000000 → cannot exceed 0.
[149.000s] PRUNE: margin=-4.062500, optimistic_rem(widened)=0.000000 → cannot exceed 0.
[149.197s] PRUNE: margin=-4.093750, optimistic_rem(widened)=0.000000 → cannot exceed 0.
[150.079s] PRUNE: margin=-4.062500, optimistic_rem(widened)=0.000000 → cannot exceed 0.
[150.276s] PRUNE: margin=-4.062500, optimistic_rem(widened)=0.000000 → cannot exceed 0.
[150.472s] PRUNE: margin=-4.062500, optimistic_rem(widened)=0.000000 → cannot exceed 0.
[150.668s] PRUNE: margin=-4.062500, optimistic_rem(widened)=0.000000 → cannot exceed 0.
[150.864s] PRUNE: margin=-4.062500, optimistic_rem(widened)=0.000000 → cannot exceed 0.
[151.061s] PRUNE: margin=-4.062500, optimistic_rem(widened)=0.000000 → cannot exceed 0.
[151.257s] PRUNE: margin=-4.062500, optimistic_rem(widened)=0.000000 → cannot exceed 0.
[151.845s] PRUNE: margin=-4.062500, optimistic_rem(widened)=0.000000 → cannot exceed 0.
[152.041s] PRUNE: margin=-4.062500, optimistic_rem(widened)=0.000000 → cannot exceed 0.
[152.238s] PRUNE: margin=-4.062500, optimistic_rem(widened)=0.000000 → cannot exceed 0.
[152.434s] PRUNE: margin=-4.062500, optimistic_rem(widened)=0.000000 → cannot exceed 0.
[152.630s] PRUNE: margin=-4.062500, optimistic_rem(widened)=0.000000 → cannot exceed 0.
[152.826s] PRUNE: margin=-4.062500, optimistic_rem(widened)=0.000000 → cannot exceed 0.
[153.023s] PRUNE: margin=-4.062500, optimistic_rem(widened)=0.000000 → cannot exceed 0.
[153.415s] PRUNE: margin=-4.078125, optimistic_rem(widened)=0.000000 → cannot exceed 0.
[153.612s] PRUNE: margin=-4.093750, optimistic_rem(widened)=0.000000 → cannot exceed 0.
[153.808s] PRUNE: margin=-4.093750, optimistic_rem(widened)=0.000000 → cannot exceed 0.
[154.005s] PRUNE: margin=-4.093750, optimistic_rem(widened)=0.000000 → cannot exceed 0.
[154.201s] PRUNE: margin=-4.093750, optimistic_rem(widened)=0.000000 → cannot exceed 0.
[154.397s] PRUNE: margin=-4.093750, optimistic_rem(widened)=0.000000 → cannot exceed 0.
[154.790s] PRUNE: margin=-4.093750, optimistic_rem(widened)=0.000000 → cannot exceed 0.
[154.986s] PRUNE: margin=-4.093750, optimistic_rem(widened)=0.000000 → cannot exceed 0.
[155.182s] PRUNE: margin=-4.093750, optimistic_rem(widened)=0.000000 → cannot exceed 0.
[155.378s] PRUNE: margin=-4.093750, optimistic_rem(widened)=0.000000 → cannot exceed 0.
[155.575s] PRUNE: margin=-4.093750, optimistic_rem(widened)=0.000000 → cannot exceed 0.
[155.969s] PRUNE: margin=-4.093750, optimistic_rem(widened)=0.000000 → cannot exceed 0.
[156.167s] PRUNE: margin=-4.093750, optimistic_rem(widened)=0.000000 → cannot exceed 0.
[156.363s] PRUNE: margin=-4.093750, optimistic_rem(widened)=0.000000 → cannot exceed 0.
[156.559s] PRUNE: margin=-4.093750, optimistic_rem(widened)=0.000000 → cannot exceed 0.
[156.952s] PRUNE: margin=-4.093750, optimistic_rem(widened)=0.000000 → cannot exceed 0.
[157.148s] PRUNE: margin=-4.093750, optimistic_rem(widened)=0.000000 → cannot exceed 0.
[157.344s] PRUNE: margin=-4.093750, optimistic_rem(widened)=0.000000 → cannot exceed 0.
[157.737s] PRUNE: margin=-4.093750, optimistic_rem(widened)=0.000000 → cannot exceed 0.
[157.932s] PRUNE: margin=-4.093750, optimistic_rem(widened)=0.000000 → cannot exceed 0.
[158.324s] PRUNE: margin=-4.093750, optimistic_rem(widened)=0.000000 → cannot exceed 0.
[158.913s] PRUNE: margin=-4.109375, optimistic_rem(widened)=0.296875 → cannot exceed 0.
[159.109s] PRUNE: margin=-4.109375, optimistic_rem(widened)=0.296875 → cannot exceed 0.
[159.501s] PRUNE: margin=-4.125000, optimistic_rem(widened)=0.000000 → cannot exceed 0.
[159.698s] PRUNE: margin=-4.125000, optimistic_rem(widened)=0.000000 → cannot exceed 0.
[159.894s] PRUNE: margin=-4.125000, optimistic_rem(widened)=0.000000 → cannot exceed 0.
[160.090s] PRUNE: margin=-4.109375, optimistic_rem(widened)=0.000000 → cannot exceed 0.
[160.286s] PRUNE: margin=-4.109375, optimistic_rem(widened)=0.000000 → cannot exceed 0.
[160.482s] PRUNE: margin=-4.109375, optimistic_rem(widened)=0.000000 → cannot exceed 0.
[160.678s] PRUNE: margin=-4.109375, optimistic_rem(widened)=0.000000 → cannot exceed 0.
[161.071s] PRUNE: margin=-4.125000, optimistic_rem(widened)=0.000000 → cannot exceed 0.
[161.267s] PRUNE: margin=-4.125000, optimistic_rem(widened)=0.000000 → cannot exceed 0.
[161.463s] PRUNE: margin=-4.109375, optimistic_rem(widened)=0.000000 → cannot exceed 0.
[161.659s] PRUNE: margin=-4.109375, optimistic_rem(widened)=0.000000 → cannot exceed 0.
[161.855s] PRUNE: margin=-4.109375, optimistic_rem(widened)=0.000000 → cannot exceed 0.
[162.052s] PRUNE: margin=-4.109375, optimistic_rem(widened)=0.000000 → cannot exceed 0.
[162.444s] PRUNE: margin=-4.109375, optimistic_rem(widened)=0.000000 → cannot exceed 0.
[162.640s] PRUNE: margin=-4.109375, optimistic_rem(widened)=0.000000 → cannot exceed 0.
[162.799s] PRUNE: margin=-4.109375, optimistic_rem(widened)=0.000000 → cannot exceed 0.
[162.923s] PRUNE: margin=-4.109375, optimistic_rem(widened)=0.000000 → cannot exceed 0.
[163.047s] PRUNE: margin=-4.125000, optimistic_rem(widened)=0.000000 → cannot exceed 0.
[163.292s] PRUNE: margin=-4.109375, optimistic_rem(widened)=0.000000 → cannot exceed 0.
[163.414s] PRUNE: margin=-4.109375, optimistic_rem(widened)=0.000000 → cannot exceed 0.
[163.563s] PRUNE: margin=-4.109375, optimistic_rem(widened)=0.000000 → cannot exceed 0.
[163.714s] PRUNE: margin=-4.109375, optimistic_rem(widened)=0.000000 → cannot exceed 0.
[164.013s] PRUNE: margin=-4.093750, optimistic_rem(widened)=0.000000 → cannot exceed 0.
[164.174s] PRUNE: margin=-4.109375, optimistic_rem(widened)=0.000000 → cannot exceed 0.
[164.342s] PRUNE: margin=-4.109375, optimistic_rem(widened)=0.000000 → cannot exceed 0.
[164.666s] PRUNE: margin=-4.093750, optimistic_rem(widened)=0.000000 → cannot exceed 0.
[164.865s] PRUNE: margin=-4.109375, optimistic_rem(widened)=0.000000 → cannot exceed 0.
[165.262s] PRUNE: margin=-4.093750, optimistic_rem(widened)=0.000000 → cannot exceed 0.
[166.056s] PRUNE: margin=-4.125000, optimistic_rem(widened)=0.000000 → cannot exceed 0.
[166.255s] PRUNE: margin=-4.125000, optimistic_rem(widened)=0.000000 → cannot exceed 0.
[166.453s] PRUNE: margin=-4.109375, optimistic_rem(widened)=0.000000 → cannot exceed 0.
[166.652s] PRUNE: margin=-4.109375, optimistic_rem(widened)=0.000000 → cannot exceed 0.
[166.851s] PRUNE: margin=-4.109375, optimistic_rem(widened)=0.000000 → cannot exceed 0.
[167.049s] PRUNE: margin=-4.109375, optimistic_rem(widened)=0.000000 → cannot exceed 0.
[167.446s] PRUNE: margin=-4.109375, optimistic_rem(widened)=0.000000 → cannot exceed 0.
[167.645s] PRUNE: margin=-4.109375, optimistic_rem(widened)=0.000000 → cannot exceed 0.
[167.843s] PRUNE: margin=-4.109375, optimistic_rem(widened)=0.000000 → cannot exceed 0.
[168.042s] PRUNE: margin=-4.109375, optimistic_rem(widened)=0.000000 → cannot exceed 0.
[168.241s] PRUNE: margin=-4.125000, optimistic_rem(widened)=0.000000 → cannot exceed 0.
[168.638s] PRUNE: margin=-4.109375, optimistic_rem(widened)=0.000000 → cannot exceed 0.
[168.836s] PRUNE: margin=-4.109375, optimistic_rem(widened)=0.000000 → cannot exceed 0.
[169.035s] PRUNE: margin=-4.109375, optimistic_rem(widened)=0.000000 → cannot exceed 0.
[169.234s] PRUNE: margin=-4.109375, optimistic_rem(widened)=0.000000 → cannot exceed 0.
[169.631s] PRUNE: margin=-4.093750, optimistic_rem(widened)=0.000000 → cannot exceed 0.
[169.829s] PRUNE: margin=-4.109375, optimistic_rem(widened)=0.000000 → cannot exceed 0.
[170.028s] PRUNE: margin=-4.109375, optimistic_rem(widened)=0.000000 → cannot exceed 0.
[170.425s] PRUNE: margin=-4.093750, optimistic_rem(widened)=0.000000 → cannot exceed 0.
[170.624s] PRUNE: margin=-4.109375, optimistic_rem(widened)=0.000000 → cannot exceed 0.
[171.021s] PRUNE: margin=-4.093750, optimistic_rem(widened)=0.000000 → cannot exceed 0.
[171.815s] PRUNE: margin=-4.109375, optimistic_rem(widened)=0.000000 → cannot exceed 0.
[172.014s] PRUNE: margin=-4.109375, optimistic_rem(widened)=0.000000 → cannot exceed 0.
[172.213s] PRUNE: margin=-4.109375, optimistic_rem(widened)=0.000000 → cannot exceed 0.
[172.411s] PRUNE: margin=-4.109375, optimistic_rem(widened)=0.000000 → cannot exceed 0.
[172.610s] PRUNE: margin=-4.125000, optimistic_rem(widened)=0.000000 → cannot exceed 0.
[173.007s] PRUNE: margin=-4.109375, optimistic_rem(widened)=0.000000 → cannot exceed 0.
[173.206s] PRUNE: margin=-4.109375, optimistic_rem(widened)=0.000000 → cannot exceed 0.
[173.404s] PRUNE: margin=-4.125000, optimistic_rem(widened)=0.000000 → cannot exceed 0.
[173.603s] PRUNE: margin=-4.125000, optimistic_rem(widened)=0.000000 → cannot exceed 0.
[174.000s] PRUNE: margin=-4.093750, optimistic_rem(widened)=0.000000 → cannot exceed 0.
[174.199s] PRUNE: margin=-4.109375, optimistic_rem(widened)=0.000000 → cannot exceed 0.
[174.397s] PRUNE: margin=-4.109375, optimistic_rem(widened)=0.000000 → cannot exceed 0.
[174.794s] PRUNE: margin=-4.093750, optimistic_rem(widened)=0.000000 → cannot exceed 0.
[174.993s] PRUNE: margin=-4.109375, optimistic_rem(widened)=0.000000 → cannot exceed 0.
[175.390s] PRUNE: margin=-4.093750, optimistic_rem(widened)=0.000000 → cannot exceed 0.
[176.184s] PRUNE: margin=-4.125000, optimistic_rem(widened)=0.000000 → cannot exceed 0.
[176.383s] PRUNE: margin=-4.109375, optimistic_rem(widened)=0.000000 → cannot exceed 0.
[176.581s] PRUNE: margin=-4.109375, optimistic_rem(widened)=0.000000 → cannot exceed 0.
[176.780s] PRUNE: margin=-4.109375, optimistic_rem(widened)=0.000000 → cannot exceed 0.
[177.177s] PRUNE: margin=-4.125000, optimistic_rem(widened)=0.000000 → cannot exceed 0.
[177.376s] PRUNE: margin=-4.109375, optimistic_rem(widened)=0.000000 → cannot exceed 0.
[177.575s] PRUNE: margin=-4.109375, optimistic_rem(widened)=0.000000 → cannot exceed 0.
[177.972s] PRUNE: margin=-4.093750, optimistic_rem(widened)=0.000000 → cannot exceed 0.
[178.170s] PRUNE: margin=-4.109375, optimistic_rem(widened)=0.000000 → cannot exceed 0.
[178.568s] PRUNE: margin=-4.109375, optimistic_rem(widened)=0.000000 → cannot exceed 0.
[179.362s] PRUNE: margin=-4.109375, optimistic_rem(widened)=0.000000 → cannot exceed 0.
[179.561s] PRUNE: margin=-4.109375, optimistic_rem(widened)=0.000000 → cannot exceed 0.
[179.759s] PRUNE: margin=-4.109375, optimistic_rem(widened)=0.000000 → cannot exceed 0.
[180.157s] PRUNE: margin=-4.109375, optimistic_rem(widened)=0.000000 → cannot exceed 0.
[180.355s] PRUNE: margin=-4.109375, optimistic_rem(widened)=0.000000 → cannot exceed 0.
[180.752s] PRUNE: margin=-4.093750, optimistic_rem(widened)=0.000000 → cannot exceed 0.
[184.624s] PRUNE: margin=-4.046875, optimistic_rem(widened)=0.000000 → cannot exceed 0.
[184.822s] PRUNE: margin=-4.046875, optimistic_rem(widened)=0.000000 → cannot exceed 0.
[185.021s] PRUNE: margin=-4.046875, optimistic_rem(widened)=0.000000 → cannot exceed 0.
[185.221s] PRUNE: margin=-4.046875, optimistic_rem(widened)=0.000000 → cannot exceed 0.
[185.419s] PRUNE: margin=-4.046875, optimistic_rem(widened)=0.000000 → cannot exceed 0.
[185.617s] PRUNE: margin=-4.046875, optimistic_rem(widened)=0.000000 → cannot exceed 0.
[185.816s] PRUNE: margin=-4.046875, optimistic_rem(widened)=0.000000 → cannot exceed 0.
[186.014s] PRUNE: margin=-4.046875, optimistic_rem(widened)=0.000000 → cannot exceed 0.
[186.213s] PRUNE: margin=-4.046875, optimistic_rem(widened)=0.000000 → cannot exceed 0.
[186.411s] PRUNE: margin=-4.046875, optimistic_rem(widened)=0.000000 → cannot exceed 0.
[186.610s] PRUNE: margin=-4.046875, optimistic_rem(widened)=0.000000 → cannot exceed 0.
[187.007s] PRUNE: margin=-4.046875, optimistic_rem(widened)=0.000000 → cannot exceed 0.
[187.205s] PRUNE: margin=-4.046875, optimistic_rem(widened)=0.000000 → cannot exceed 0.
[187.404s] PRUNE: margin=-4.046875, optimistic_rem(widened)=0.000000 → cannot exceed 0.
[187.602s] PRUNE: margin=-4.046875, optimistic_rem(widened)=0.000000 → cannot exceed 0.
[187.801s] PRUNE: margin=-4.046875, optimistic_rem(widened)=0.000000 → cannot exceed 0.
[187.999s] PRUNE: margin=-4.046875, optimistic_rem(widened)=0.000000 → cannot exceed 0.
[188.198s] PRUNE: margin=-4.046875, optimistic_rem(widened)=0.000000 → cannot exceed 0.
[188.396s] PRUNE: margin=-4.046875, optimistic_rem(widened)=0.000000 → cannot exceed 0.
[188.595s] PRUNE: margin=-4.046875, optimistic_rem(widened)=0.000000 → cannot exceed 0.
[188.793s] PRUNE: margin=-4.046875, optimistic_rem(widened)=0.000000 → cannot exceed 0.
[189.190s] PRUNE: margin=-4.046875, optimistic_rem(widened)=0.000000 → cannot exceed 0.
[189.389s] PRUNE: margin=-4.046875, optimistic_rem(widened)=0.000000 → cannot exceed 0.
[189.587s] PRUNE: margin=-4.046875, optimistic_rem(widened)=0.000000 → cannot exceed 0.
[189.785s] PRUNE: margin=-4.046875, optimistic_rem(widened)=0.000000 → cannot exceed 0.
[189.984s] PRUNE: margin=-4.046875, optimistic_rem(widened)=0.000000 → cannot exceed 0.
[190.182s] PRUNE: margin=-4.046875, optimistic_rem(widened)=0.000000 → cannot exceed 0.
[190.381s] PRUNE: margin=-4.046875, optimistic_rem(widened)=0.000000 → cannot exceed 0.
[190.579s] PRUNE: margin=-4.046875, optimistic_rem(widened)=0.000000 → cannot exceed 0.
[190.778s] PRUNE: margin=-4.046875, optimistic_rem(widened)=0.000000 → cannot exceed 0.
[191.174s] PRUNE: margin=-4.046875, optimistic_rem(widened)=0.000000 → cannot exceed 0.
[191.373s] PRUNE: margin=-4.046875, optimistic_rem(widened)=0.000000 → cannot exceed 0.
[191.572s] PRUNE: margin=-4.046875, optimistic_rem(widened)=0.000000 → cannot exceed 0.
[191.770s] PRUNE: margin=-4.046875, optimistic_rem(widened)=0.000000 → cannot exceed 0.
[191.969s] PRUNE: margin=-4.046875, optimistic_rem(widened)=0.000000 → cannot exceed 0.
[192.167s] PRUNE: margin=-4.046875, optimistic_rem(widened)=0.000000 → cannot exceed 0.
[192.365s] PRUNE: margin=-4.046875, optimistic_rem(widened)=0.000000 → cannot exceed 0.
[192.564s] PRUNE: margin=-4.046875, optimistic_rem(widened)=0.000000 → cannot exceed 0.
[192.961s] PRUNE: margin=-4.046875, optimistic_rem(widened)=0.000000 → cannot exceed 0.
[193.159s] PRUNE: margin=-4.046875, optimistic_rem(widened)=0.000000 → cannot exceed 0.
[193.358s] PRUNE: margin=-4.046875, optimistic_rem(widened)=0.000000 → cannot exceed 0.
[193.556s] PRUNE: margin=-4.046875, optimistic_rem(widened)=0.000000 → cannot exceed 0.
[193.755s] PRUNE: margin=-4.046875, optimistic_rem(widened)=0.000000 → cannot exceed 0.
[193.953s] PRUNE: margin=-4.046875, optimistic_rem(widened)=0.000000 → cannot exceed 0.
[194.151s] PRUNE: margin=-4.046875, optimistic_rem(widened)=0.000000 → cannot exceed 0.
[194.548s] PRUNE: margin=-4.046875, optimistic_rem(widened)=0.000000 → cannot exceed 0.
[194.747s] PRUNE: margin=-4.046875, optimistic_rem(widened)=0.000000 → cannot exceed 0.
[194.945s] PRUNE: margin=-4.046875, optimistic_rem(widened)=0.000000 → cannot exceed 0.
[195.144s] PRUNE: margin=-4.046875, optimistic_rem(widened)=0.000000 → cannot exceed 0.
[195.342s] PRUNE: margin=-4.046875, optimistic_rem(widened)=0.000000 → cannot exceed 0.
[195.541s] PRUNE: margin=-4.046875, optimistic_rem(widened)=0.000000 → cannot exceed 0.
[195.938s] PRUNE: margin=-4.046875, optimistic_rem(widened)=0.000000 → cannot exceed 0.
[196.136s] PRUNE: margin=-4.046875, optimistic_rem(widened)=0.000000 → cannot exceed 0.
[196.335s] PRUNE: margin=-4.046875, optimistic_rem(widened)=0.000000 → cannot exceed 0.
[196.533s] PRUNE: margin=-4.046875, optimistic_rem(widened)=0.000000 → cannot exceed 0.
[196.732s] PRUNE: margin=-4.046875, optimistic_rem(widened)=0.000000 → cannot exceed 0.
[197.129s] PRUNE: margin=-4.046875, optimistic_rem(widened)=0.000000 → cannot exceed 0.
[197.327s] PRUNE: margin=-4.046875, optimistic_rem(widened)=0.000000 → cannot exceed 0.
[197.526s] PRUNE: margin=-4.046875, optimistic_rem(widened)=0.000000 → cannot exceed 0.
[197.724s] PRUNE: margin=-4.046875, optimistic_rem(widened)=0.000000 → cannot exceed 0.
[198.121s] PRUNE: margin=-4.046875, optimistic_rem(widened)=0.000000 → cannot exceed 0.
[198.319s] PRUNE: margin=-4.046875, optimistic_rem(widened)=0.000000 → cannot exceed 0.
[198.517s] PRUNE: margin=-4.046875, optimistic_rem(widened)=0.000000 → cannot exceed 0.
[198.914s] PRUNE: margin=-4.046875, optimistic_rem(widened)=0.000000 → cannot exceed 0.
[199.113s] PRUNE: margin=-4.046875, optimistic_rem(widened)=0.000000 → cannot exceed 0.
[199.458s] PRUNE: margin=-4.046875, optimistic_rem(widened)=0.000000 → cannot exceed 0.
[200.027s] PRUNE: margin=-4.046875, optimistic_rem(widened)=0.000000 → cannot exceed 0.
[200.186s] PRUNE: margin=-4.046875, optimistic_rem(widened)=0.000000 → cannot exceed 0.
[200.348s] PRUNE: margin=-4.046875, optimistic_rem(widened)=0.000000 → cannot exceed 0.
[200.531s] PRUNE: margin=-4.046875, optimistic_rem(widened)=0.000000 → cannot exceed 0.
[200.729s] PRUNE: margin=-4.046875, optimistic_rem(widened)=0.000000 → cannot exceed 0.
[200.927s] PRUNE: margin=-4.046875, optimistic_rem(widened)=0.000000 → cannot exceed 0.
[201.125s] PRUNE: margin=-4.046875, optimistic_rem(widened)=0.000000 → cannot exceed 0.
[201.323s] PRUNE: margin=-4.046875, optimistic_rem(widened)=0.000000 → cannot exceed 0.
[201.520s] PRUNE: margin=-4.046875, optimistic_rem(widened)=0.000000 → cannot exceed 0.
[201.718s] PRUNE: margin=-4.046875, optimistic_rem(widened)=0.000000 → cannot exceed 0.
[202.113s] PRUNE: margin=-4.046875, optimistic_rem(widened)=0.000000 → cannot exceed 0.
[202.311s] PRUNE: margin=-4.046875, optimistic_rem(widened)=0.000000 → cannot exceed 0.
[202.509s] PRUNE: margin=-4.046875, optimistic_rem(widened)=0.000000 → cannot exceed 0.
[202.707s] PRUNE: margin=-4.046875, optimistic_rem(widened)=0.000000 → cannot exceed 0.
[202.904s] PRUNE: margin=-4.046875, optimistic_rem(widened)=0.000000 → cannot exceed 0.
[203.102s] PRUNE: margin=-4.046875, optimistic_rem(widened)=0.000000 → cannot exceed 0.
[203.300s] PRUNE: margin=-4.046875, optimistic_rem(widened)=0.000000 → cannot exceed 0.
[203.498s] PRUNE: margin=-4.046875, optimistic_rem(widened)=0.000000 → cannot exceed 0.
[203.696s] PRUNE: margin=-4.046875, optimistic_rem(widened)=0.000000 → cannot exceed 0.
[204.092s] PRUNE: margin=-4.046875, optimistic_rem(widened)=0.000000 → cannot exceed 0.
[204.290s] PRUNE: margin=-4.046875, optimistic_rem(widened)=0.000000 → cannot exceed 0.
[204.488s] PRUNE: margin=-4.046875, optimistic_rem(widened)=0.000000 → cannot exceed 0.
[204.685s] PRUNE: margin=-4.046875, optimistic_rem(widened)=0.000000 → cannot exceed 0.
[204.883s] PRUNE: margin=-4.046875, optimistic_rem(widened)=0.000000 → cannot exceed 0.
[205.080s] PRUNE: margin=-4.046875, optimistic_rem(widened)=0.000000 → cannot exceed 0.
[205.278s] PRUNE: margin=-4.046875, optimistic_rem(widened)=0.000000 → cannot exceed 0.
[205.476s] PRUNE: margin=-4.046875, optimistic_rem(widened)=0.000000 → cannot exceed 0.
[205.872s] PRUNE: margin=-4.046875, optimistic_rem(widened)=0.000000 → cannot exceed 0.
[206.070s] PRUNE: margin=-4.046875, optimistic_rem(widened)=0.000000 → cannot exceed 0.
[206.268s] PRUNE: margin=-4.046875, optimistic_rem(widened)=0.000000 → cannot exceed 0.
[206.465s] PRUNE: margin=-4.046875, optimistic_rem(widened)=0.000000 → cannot exceed 0.
[206.663s] PRUNE: margin=-4.046875, optimistic_rem(widened)=0.000000 → cannot exceed 0.
[206.861s] PRUNE: margin=-4.046875, optimistic_rem(widened)=0.000000 → cannot exceed 0.
[207.059s] PRUNE: margin=-4.046875, optimistic_rem(widened)=0.000000 → cannot exceed 0.
[207.454s] PRUNE: margin=-4.046875, optimistic_rem(widened)=0.000000 → cannot exceed 0.
[207.653s] PRUNE: margin=-4.046875, optimistic_rem(widened)=0.000000 → cannot exceed 0.
[207.852s] PRUNE: margin=-4.046875, optimistic_rem(widened)=0.000000 → cannot exceed 0.
[208.050s] PRUNE: margin=-4.046875, optimistic_rem(widened)=0.000000 → cannot exceed 0.
[208.249s] PRUNE: margin=-4.046875, optimistic_rem(widened)=0.000000 → cannot exceed 0.
[208.447s] PRUNE: margin=-4.046875, optimistic_rem(widened)=0.000000 → cannot exceed 0.
[208.844s] PRUNE: margin=-4.046875, optimistic_rem(widened)=0.000000 → cannot exceed 0.
[209.042s] PRUNE: margin=-4.046875, optimistic_rem(widened)=0.000000 → cannot exceed 0.
[209.241s] PRUNE: margin=-4.046875, optimistic_rem(widened)=0.000000 → cannot exceed 0.
[209.439s] PRUNE: margin=-4.046875, optimistic_rem(widened)=0.000000 → cannot exceed 0.
[209.638s] PRUNE: margin=-4.046875, optimistic_rem(widened)=0.000000 → cannot exceed 0.
[210.035s] PRUNE: margin=-4.046875, optimistic_rem(widened)=0.000000 → cannot exceed 0.
[210.233s] PRUNE: margin=-4.046875, optimistic_rem(widened)=0.000000 → cannot exceed 0.
[210.431s] PRUNE: margin=-4.046875, optimistic_rem(widened)=0.000000 → cannot exceed 0.
[210.630s] PRUNE: margin=-4.046875, optimistic_rem(widened)=0.000000 → cannot exceed 0.
[211.027s] PRUNE: margin=-4.046875, optimistic_rem(widened)=0.000000 → cannot exceed 0.
[211.225s] PRUNE: margin=-4.046875, optimistic_rem(widened)=0.000000 → cannot exceed 0.
[211.423s] PRUNE: margin=-4.046875, optimistic_rem(widened)=0.000000 → cannot exceed 0.
[211.820s] PRUNE: margin=-4.046875, optimistic_rem(widened)=0.000000 → cannot exceed 0.
[212.018s] PRUNE: margin=-4.046875, optimistic_rem(widened)=0.000000 → cannot exceed 0.
[212.415s] PRUNE: margin=-4.046875, optimistic_rem(widened)=0.000000 → cannot exceed 0.
[213.109s] PRUNE: margin=-4.046875, optimistic_rem(widened)=1.234375 → cannot exceed 0.
[213.407s] PRUNE: margin=-4.046875, optimistic_rem(widened)=0.000000 → cannot exceed 0.
[213.605s] PRUNE: margin=-4.046875, optimistic_rem(widened)=0.000000 → cannot exceed 0.
[213.803s] PRUNE: margin=-4.046875, optimistic_rem(widened)=0.000000 → cannot exceed 0.
[214.002s] PRUNE: margin=-4.046875, optimistic_rem(widened)=0.000000 → cannot exceed 0.
[214.200s] PRUNE: margin=-4.046875, optimistic_rem(widened)=0.000000 → cannot exceed 0.
[214.398s] PRUNE: margin=-4.046875, optimistic_rem(widened)=0.000000 → cannot exceed 0.
[214.597s] PRUNE: margin=-4.046875, optimistic_rem(widened)=0.000000 → cannot exceed 0.
[214.795s] PRUNE: margin=-4.046875, optimistic_rem(widened)=0.000000 → cannot exceed 0.
[215.196s] PRUNE: margin=-4.046875, optimistic_rem(widened)=0.000000 → cannot exceed 0.
[215.394s] PRUNE: margin=-4.046875, optimistic_rem(widened)=0.000000 → cannot exceed 0.
[215.593s] PRUNE: margin=-4.046875, optimistic_rem(widened)=0.000000 → cannot exceed 0.
[215.791s] PRUNE: margin=-4.046875, optimistic_rem(widened)=0.000000 → cannot exceed 0.
[215.990s] PRUNE: margin=-4.046875, optimistic_rem(widened)=0.000000 → cannot exceed 0.
[216.188s] PRUNE: margin=-4.046875, optimistic_rem(widened)=0.000000 → cannot exceed 0.
[216.386s] PRUNE: margin=-4.046875, optimistic_rem(widened)=0.000000 → cannot exceed 0.
[216.783s] PRUNE: margin=-4.046875, optimistic_rem(widened)=0.000000 → cannot exceed 0.
[216.981s] PRUNE: margin=-4.046875, optimistic_rem(widened)=0.000000 → cannot exceed 0.
[217.180s] PRUNE: margin=-4.046875, optimistic_rem(widened)=0.000000 → cannot exceed 0.
[217.378s] PRUNE: margin=-4.046875, optimistic_rem(widened)=0.000000 → cannot exceed 0.
[217.576s] PRUNE: margin=-4.046875, optimistic_rem(widened)=0.000000 → cannot exceed 0.
[217.775s] PRUNE: margin=-4.046875, optimistic_rem(widened)=0.000000 → cannot exceed 0.
[218.171s] PRUNE: margin=-4.046875, optimistic_rem(widened)=0.000000 → cannot exceed 0.
[218.370s] PRUNE: margin=-4.046875, optimistic_rem(widened)=0.000000 → cannot exceed 0.
[218.568s] PRUNE: margin=-4.046875, optimistic_rem(widened)=0.000000 → cannot exceed 0.
[218.767s] PRUNE: margin=-4.046875, optimistic_rem(widened)=0.000000 → cannot exceed 0.
[218.965s] PRUNE: margin=-4.046875, optimistic_rem(widened)=0.000000 → cannot exceed 0.
[219.362s] PRUNE: margin=-4.046875, optimistic_rem(widened)=0.000000 → cannot exceed 0.
[219.560s] PRUNE: margin=-4.046875, optimistic_rem(widened)=0.000000 → cannot exceed 0.
[219.758s] PRUNE: margin=-4.046875, optimistic_rem(widened)=0.000000 → cannot exceed 0.
[219.957s] PRUNE: margin=-4.046875, optimistic_rem(widened)=0.000000 → cannot exceed 0.
[220.354s] PRUNE: margin=-4.046875, optimistic_rem(widened)=0.000000 → cannot exceed 0.
[220.552s] PRUNE: margin=-4.046875, optimistic_rem(widened)=0.000000 → cannot exceed 0.
[220.751s] PRUNE: margin=-4.046875, optimistic_rem(widened)=0.000000 → cannot exceed 0.
[221.147s] PRUNE: margin=-4.046875, optimistic_rem(widened)=0.000000 → cannot exceed 0.
[221.345s] PRUNE: margin=-4.046875, optimistic_rem(widened)=0.000000 → cannot exceed 0.
[221.742s] PRUNE: margin=-4.046875, optimistic_rem(widened)=0.000000 → cannot exceed 0.
[222.436s] PRUNE: margin=-4.046875, optimistic_rem(widened)=1.234375 → cannot exceed 0.
[222.734s] PRUNE: margin=-4.046875, optimistic_rem(widened)=0.000000 → cannot exceed 0.
[222.932s] PRUNE: margin=-4.046875, optimistic_rem(widened)=0.000000 → cannot exceed 0.
[223.130s] PRUNE: margin=-4.046875, optimistic_rem(widened)=0.000000 → cannot exceed 0.
[223.329s] PRUNE: margin=-4.046875, optimistic_rem(widened)=0.000000 → cannot exceed 0.
[223.527s] PRUNE: margin=-4.046875, optimistic_rem(widened)=0.000000 → cannot exceed 0.
[223.725s] PRUNE: margin=-4.046875, optimistic_rem(widened)=0.000000 → cannot exceed 0.
[223.924s] PRUNE: margin=-4.046875, optimistic_rem(widened)=0.000000 → cannot exceed 0.
[224.320s] PRUNE: margin=-4.046875, optimistic_rem(widened)=0.000000 → cannot exceed 0.
[224.519s] PRUNE: margin=-4.046875, optimistic_rem(widened)=0.000000 → cannot exceed 0.
[224.717s] PRUNE: margin=-4.046875, optimistic_rem(widened)=0.000000 → cannot exceed 0.
[224.915s] PRUNE: margin=-4.046875, optimistic_rem(widened)=0.000000 → cannot exceed 0.
[225.114s] PRUNE: margin=-4.046875, optimistic_rem(widened)=0.000000 → cannot exceed 0.
[225.312s] PRUNE: margin=-4.046875, optimistic_rem(widened)=0.000000 → cannot exceed 0.
[225.709s] PRUNE: margin=-4.046875, optimistic_rem(widened)=0.000000 → cannot exceed 0.
[225.908s] PRUNE: margin=-4.046875, optimistic_rem(widened)=0.000000 → cannot exceed 0.
[226.106s] PRUNE: margin=-4.046875, optimistic_rem(widened)=0.000000 → cannot exceed 0.
[226.304s] PRUNE: margin=-4.046875, optimistic_rem(widened)=0.000000 → cannot exceed 0.
[226.503s] PRUNE: margin=-4.046875, optimistic_rem(widened)=0.000000 → cannot exceed 0.
[226.901s] PRUNE: margin=-4.046875, optimistic_rem(widened)=0.000000 → cannot exceed 0.
[227.099s] PRUNE: margin=-4.046875, optimistic_rem(widened)=0.000000 → cannot exceed 0.
[227.298s] PRUNE: margin=-4.046875, optimistic_rem(widened)=0.000000 → cannot exceed 0.
[227.496s] PRUNE: margin=-4.046875, optimistic_rem(widened)=0.000000 → cannot exceed 0.
[227.893s] PRUNE: margin=-4.046875, optimistic_rem(widened)=0.000000 → cannot exceed 0.
[228.091s] PRUNE: margin=-4.046875, optimistic_rem(widened)=0.000000 → cannot exceed 0.
[228.289s] PRUNE: margin=-4.046875, optimistic_rem(widened)=0.000000 → cannot exceed 0.
[228.686s] PRUNE: margin=-4.046875, optimistic_rem(widened)=0.000000 → cannot exceed 0.
[228.884s] PRUNE: margin=-4.046875, optimistic_rem(widened)=0.000000 → cannot exceed 0.
[229.281s] PRUNE: margin=-4.046875, optimistic_rem(widened)=0.000000 → cannot exceed 0.
[229.975s] PRUNE: margin=-4.046875, optimistic_rem(widened)=1.234375 → cannot exceed 0.
[230.273s] PRUNE: margin=-4.046875, optimistic_rem(widened)=0.000000 → cannot exceed 0.
[230.471s] PRUNE: margin=-4.046875, optimistic_rem(widened)=0.000000 → cannot exceed 0.
[230.670s] PRUNE: margin=-4.046875, optimistic_rem(widened)=0.000000 → cannot exceed 0.
[230.868s] PRUNE: margin=-4.046875, optimistic_rem(widened)=0.000000 → cannot exceed 0.
[231.067s] PRUNE: margin=-4.046875, optimistic_rem(widened)=0.000000 → cannot exceed 0.
[231.265s] PRUNE: margin=-4.046875, optimistic_rem(widened)=0.000000 → cannot exceed 0.
[231.662s] PRUNE: margin=-4.046875, optimistic_rem(widened)=0.000000 → cannot exceed 0.
[231.860s] PRUNE: margin=-4.046875, optimistic_rem(widened)=0.000000 → cannot exceed 0.
[232.059s] PRUNE: margin=-4.046875, optimistic_rem(widened)=0.000000 → cannot exceed 0.
[232.257s] PRUNE: margin=-4.046875, optimistic_rem(widened)=0.000000 → cannot exceed 0.
[232.455s] PRUNE: margin=-4.046875, optimistic_rem(widened)=0.000000 → cannot exceed 0.
[232.852s] PRUNE: margin=-4.046875, optimistic_rem(widened)=0.000000 → cannot exceed 0.
[233.050s] PRUNE: margin=-4.046875, optimistic_rem(widened)=0.000000 → cannot exceed 0.
[233.248s] PRUNE: margin=-4.046875, optimistic_rem(widened)=0.000000 → cannot exceed 0.
[233.447s] PRUNE: margin=-4.046875, optimistic_rem(widened)=0.000000 → cannot exceed 0.
[233.843s] PRUNE: margin=-4.046875, optimistic_rem(widened)=0.000000 → cannot exceed 0.
[234.041s] PRUNE: margin=-4.046875, optimistic_rem(widened)=0.000000 → cannot exceed 0.
[234.240s] PRUNE: margin=-4.046875, optimistic_rem(widened)=0.000000 → cannot exceed 0.
[234.637s] PRUNE: margin=-4.046875, optimistic_rem(widened)=0.000000 → cannot exceed 0.
[234.835s] PRUNE: margin=-4.046875, optimistic_rem(widened)=0.000000 → cannot exceed 0.
[235.232s] PRUNE: margin=-4.046875, optimistic_rem(widened)=0.000000 → cannot exceed 0.
[235.926s] PRUNE: margin=-4.046875, optimistic_rem(widened)=1.703125 → cannot exceed 0.
[236.223s] PRUNE: margin=-4.046875, optimistic_rem(widened)=0.000000 → cannot exceed 0.
[236.422s] PRUNE: margin=-4.046875, optimistic_rem(widened)=0.000000 → cannot exceed 0.
[236.621s] PRUNE: margin=-4.046875, optimistic_rem(widened)=0.000000 → cannot exceed 0.
[236.819s] PRUNE: margin=-4.046875, optimistic_rem(widened)=0.000000 → cannot exceed 0.
[237.018s] PRUNE: margin=-4.046875, optimistic_rem(widened)=0.000000 → cannot exceed 0.
[237.414s] PRUNE: margin=-4.046875, optimistic_rem(widened)=0.000000 → cannot exceed 0.
[237.614s] PRUNE: margin=-4.046875, optimistic_rem(widened)=0.000000 → cannot exceed 0.
[237.813s] PRUNE: margin=-4.046875, optimistic_rem(widened)=0.000000 → cannot exceed 0.
[238.012s] PRUNE: margin=-4.046875, optimistic_rem(widened)=0.000000 → cannot exceed 0.
[238.408s] PRUNE: margin=-4.046875, optimistic_rem(widened)=0.000000 → cannot exceed 0.
[238.607s] PRUNE: margin=-4.046875, optimistic_rem(widened)=0.000000 → cannot exceed 0.
[238.805s] PRUNE: margin=-4.046875, optimistic_rem(widened)=0.000000 → cannot exceed 0.
[239.202s] PRUNE: margin=-4.046875, optimistic_rem(widened)=0.000000 → cannot exceed 0.
[239.400s] PRUNE: margin=-4.046875, optimistic_rem(widened)=0.000000 → cannot exceed 0.
[239.797s] PRUNE: margin=-4.046875, optimistic_rem(widened)=0.000000 → cannot exceed 0.
[240.491s] PRUNE: margin=-4.046875, optimistic_rem(widened)=1.234375 → cannot exceed 0.
[240.690s] PRUNE: margin=-4.046875, optimistic_rem(widened)=1.234375 → cannot exceed 0.
[240.888s] PRUNE: margin=-4.046875, optimistic_rem(widened)=1.703125 → cannot exceed 0.
[241.086s] PRUNE: margin=-4.046875, optimistic_rem(widened)=1.703125 → cannot exceed 0.
[241.384s] PRUNE: margin=-4.046875, optimistic_rem(widened)=0.000000 → cannot exceed 0.
[251.797s] PRUNE: margin=-3.687500, optimistic_rem(widened)=0.046875 → cannot exceed 0.
[252.194s] PRUNE: margin=-3.640625, optimistic_rem(widened)=0.000000 → cannot exceed 0.
[252.393s] PRUNE: margin=-3.656250, optimistic_rem(widened)=0.000000 → cannot exceed 0.
[252.592s] PRUNE: margin=-3.656250, optimistic_rem(widened)=0.000000 → cannot exceed 0.
[252.790s] PRUNE: margin=-3.656250, optimistic_rem(widened)=0.000000 → cannot exceed 0.
[252.989s] PRUNE: margin=-3.656250, optimistic_rem(widened)=0.000000 → cannot exceed 0.
[253.188s] PRUNE: margin=-3.656250, optimistic_rem(widened)=0.000000 → cannot exceed 0.
[253.386s] PRUNE: margin=-3.656250, optimistic_rem(widened)=0.000000 → cannot exceed 0.
[253.585s] PRUNE: margin=-3.656250, optimistic_rem(widened)=0.000000 → cannot exceed 0.
[253.783s] PRUNE: margin=-4.140625, optimistic_rem(widened)=0.000000 → cannot exceed 0.
[254.180s] PRUNE: margin=-3.671875, optimistic_rem(widened)=0.000000 → cannot exceed 0.
[254.379s] PRUNE: margin=-3.671875, optimistic_rem(widened)=0.000000 → cannot exceed 0.
[254.577s] PRUNE: margin=-3.687500, optimistic_rem(widened)=0.000000 → cannot exceed 0.
[254.776s] PRUNE: margin=-3.687500, optimistic_rem(widened)=0.000000 → cannot exceed 0.
[254.974s] PRUNE: margin=-3.687500, optimistic_rem(widened)=0.000000 → cannot exceed 0.
[255.173s] PRUNE: margin=-3.671875, optimistic_rem(widened)=0.000000 → cannot exceed 0.
[255.371s] PRUNE: margin=-3.671875, optimistic_rem(widened)=0.000000 → cannot exceed 0.
[255.570s] PRUNE: margin=-3.671875, optimistic_rem(widened)=0.000000 → cannot exceed 0.
[255.967s] PRUNE: margin=-3.671875, optimistic_rem(widened)=0.000000 → cannot exceed 0.
[256.141s] PRUNE: margin=-3.671875, optimistic_rem(widened)=0.000000 → cannot exceed 0.
[256.265s] PRUNE: margin=-3.671875, optimistic_rem(widened)=0.000000 → cannot exceed 0.
[256.400s] PRUNE: margin=-3.671875, optimistic_rem(widened)=0.000000 → cannot exceed 0.
[256.531s] PRUNE: margin=-3.671875, optimistic_rem(widened)=0.000000 → cannot exceed 0.
[256.671s] PRUNE: margin=-3.671875, optimistic_rem(widened)=0.000000 → cannot exceed 0.
[256.807s] PRUNE: margin=-3.671875, optimistic_rem(widened)=0.000000 → cannot exceed 0.
[257.183s] PRUNE: margin=-3.687500, optimistic_rem(widened)=0.000000 → cannot exceed 0.
[257.382s] PRUNE: margin=-3.687500, optimistic_rem(widened)=0.000000 → cannot exceed 0.
[257.580s] PRUNE: margin=-3.687500, optimistic_rem(widened)=0.000000 → cannot exceed 0.
[257.779s] PRUNE: margin=-3.687500, optimistic_rem(widened)=0.000000 → cannot exceed 0.
[257.977s] PRUNE: margin=-3.687500, optimistic_rem(widened)=0.000000 → cannot exceed 0.
[258.175s] PRUNE: margin=-3.687500, optimistic_rem(widened)=0.000000 → cannot exceed 0.
[258.572s] PRUNE: margin=-3.687500, optimistic_rem(widened)=0.000000 → cannot exceed 0.
[258.771s] PRUNE: margin=-3.687500, optimistic_rem(widened)=0.000000 → cannot exceed 0.
[258.969s] PRUNE: margin=-3.687500, optimistic_rem(widened)=0.000000 → cannot exceed 0.
[259.168s] PRUNE: margin=-3.687500, optimistic_rem(widened)=0.000000 → cannot exceed 0.
[259.366s] PRUNE: margin=-3.687500, optimistic_rem(widened)=0.000000 → cannot exceed 0.
[259.763s] PRUNE: margin=-3.687500, optimistic_rem(widened)=0.000000 → cannot exceed 0.
[259.962s] PRUNE: margin=-3.687500, optimistic_rem(widened)=0.000000 → cannot exceed 0.
[260.160s] PRUNE: margin=-3.687500, optimistic_rem(widened)=0.000000 → cannot exceed 0.
[260.359s] PRUNE: margin=-3.687500, optimistic_rem(widened)=0.000000 → cannot exceed 0.
[260.756s] PRUNE: margin=-3.687500, optimistic_rem(widened)=0.000000 → cannot exceed 0.
[260.955s] PRUNE: margin=-3.687500, optimistic_rem(widened)=0.000000 → cannot exceed 0.
[261.153s] PRUNE: margin=-3.687500, optimistic_rem(widened)=0.000000 → cannot exceed 0.
[261.550s] PRUNE: margin=-3.687500, optimistic_rem(widened)=0.000000 → cannot exceed 0.
[261.748s] PRUNE: margin=-3.687500, optimistic_rem(widened)=0.000000 → cannot exceed 0.
[262.154s] PRUNE: margin=-3.671875, optimistic_rem(widened)=0.000000 → cannot exceed 0.
[262.944s] PRUNE: margin=-3.640625, optimistic_rem(widened)=0.000000 → cannot exceed 0.
[263.142s] PRUNE: margin=-3.640625, optimistic_rem(widened)=0.000000 → cannot exceed 0.
[263.340s] PRUNE: margin=-3.640625, optimistic_rem(widened)=0.000000 → cannot exceed 0.
[263.537s] PRUNE: margin=-3.640625, optimistic_rem(widened)=0.000000 → cannot exceed 0.
[263.735s] PRUNE: margin=-3.640625, optimistic_rem(widened)=0.000000 → cannot exceed 0.
[265.021s] PRUNE: margin=-3.640625, optimistic_rem(widened)=0.000000 → cannot exceed 0.
[265.219s] PRUNE: margin=-3.640625, optimistic_rem(widened)=0.000000 → cannot exceed 0.
[265.416s] PRUNE: margin=-3.640625, optimistic_rem(widened)=0.000000 → cannot exceed 0.
[265.614s] PRUNE: margin=-3.640625, optimistic_rem(widened)=0.000000 → cannot exceed 0.
[265.813s] PRUNE: margin=-3.640625, optimistic_rem(widened)=0.000000 → cannot exceed 0.
[266.703s] PRUNE: margin=-3.640625, optimistic_rem(widened)=0.000000 → cannot exceed 0.
[266.917s] PRUNE: margin=-3.640625, optimistic_rem(widened)=0.000000 → cannot exceed 0.
[267.118s] PRUNE: margin=-3.640625, optimistic_rem(widened)=0.000000 → cannot exceed 0.
[267.316s] PRUNE: margin=-3.640625, optimistic_rem(widened)=0.000000 → cannot exceed 0.
[267.514s] PRUNE: margin=-3.640625, optimistic_rem(widened)=0.000000 → cannot exceed 0.
[268.010s] PRUNE: margin=-3.656250, optimistic_rem(widened)=0.015625 → cannot exceed 0.
[268.209s] PRUNE: margin=-3.656250, optimistic_rem(widened)=0.015625 → cannot exceed 0.
[268.407s] PRUNE: margin=-3.656250, optimistic_rem(widened)=0.015625 → cannot exceed 0.
[268.606s] PRUNE: margin=-3.656250, optimistic_rem(widened)=0.015625 → cannot exceed 0.
[268.804s] PRUNE: margin=-3.656250, optimistic_rem(widened)=0.015625 → cannot exceed 0.
[269.176s] PRUNE: margin=-3.671875, optimistic_rem(widened)=0.015625 → cannot exceed 0.
[269.333s] PRUNE: margin=-3.671875, optimistic_rem(widened)=0.015625 → cannot exceed 0.
[269.468s] PRUNE: margin=-3.671875, optimistic_rem(widened)=0.015625 → cannot exceed 0.
[270.295s] PRUNE: margin=-3.671875, optimistic_rem(widened)=0.000000 → cannot exceed 0.
[270.426s] PRUNE: margin=-3.671875, optimistic_rem(widened)=0.000000 → cannot exceed 0.
[271.032s] PRUNE: margin=-3.671875, optimistic_rem(widened)=0.000000 → cannot exceed 0.
[271.185s] PRUNE: margin=-3.671875, optimistic_rem(widened)=0.000000 → cannot exceed 0.
[271.458s] PRUNE: margin=-3.656250, optimistic_rem(widened)=0.000000 → cannot exceed 0.
[271.590s] PRUNE: margin=-3.656250, optimistic_rem(widened)=0.000000 → cannot exceed 0.
[271.792s] PRUNE: margin=-3.875000, optimistic_rem(widened)=2.500000 → cannot exceed 0.
[271.933s] PRUNE: margin=-3.875000, optimistic_rem(widened)=2.500000 → cannot exceed 0.
[272.216s] PRUNE: margin=-3.687500, optimistic_rem(widened)=0.046875 → cannot exceed 0.
[272.357s] PRUNE: margin=-3.890625, optimistic_rem(widened)=2.500000 → cannot exceed 0.
[272.488s] PRUNE: margin=-3.890625, optimistic_rem(widened)=2.500000 → cannot exceed 0.
[272.618s] PRUNE: margin=-3.890625, optimistic_rem(widened)=2.500000 → cannot exceed 0.
[272.754s] PRUNE: margin=-3.890625, optimistic_rem(widened)=2.500000 → cannot exceed 0.
[273.436s] PRUNE: margin=-3.687500, optimistic_rem(widened)=0.046875 → cannot exceed 0.
[273.573s] PRUNE: margin=-3.890625, optimistic_rem(widened)=2.500000 → cannot exceed 0.
[273.706s] PRUNE: margin=-3.890625, optimistic_rem(widened)=2.500000 → cannot exceed 0.
[273.836s] PRUNE: margin=-3.890625, optimistic_rem(widened)=2.500000 → cannot exceed 0.
[273.977s] PRUNE: margin=-3.890625, optimistic_rem(widened)=2.500000 → cannot exceed 0.
[274.388s] PRUNE: margin=-3.671875, optimistic_rem(widened)=0.031250 → cannot exceed 0.
[274.516s] PRUNE: margin=-3.890625, optimistic_rem(widened)=2.500000 → cannot exceed 0.
[274.656s] PRUNE: margin=-3.890625, optimistic_rem(widened)=2.500000 → cannot exceed 0.
[274.791s] PRUNE: margin=-3.890625, optimistic_rem(widened)=2.500000 → cannot exceed 0.
[274.922s] PRUNE: margin=-3.890625, optimistic_rem(widened)=2.500000 → cannot exceed 0.
[275.182s] PRUNE: margin=-3.906250, optimistic_rem(widened)=2.500000 → cannot exceed 0.
[275.310s] PRUNE: margin=-3.906250, optimistic_rem(widened)=2.500000 → cannot exceed 0.
[275.437s] PRUNE: margin=-3.906250, optimistic_rem(widened)=2.500000 → cannot exceed 0.
[275.567s] PRUNE: margin=-3.906250, optimistic_rem(widened)=2.500000 → cannot exceed 0.
[275.839s] PRUNE: margin=-3.906250, optimistic_rem(widened)=2.500000 → cannot exceed 0.
[275.975s] PRUNE: margin=-3.906250, optimistic_rem(widened)=2.500000 → cannot exceed 0.
[276.106s] PRUNE: margin=-3.906250, optimistic_rem(widened)=2.500000 → cannot exceed 0.
[276.389s] PRUNE: margin=-3.687500, optimistic_rem(widened)=0.031250 → cannot exceed 0.
[276.516s] PRUNE: margin=-3.906250, optimistic_rem(widened)=2.500000 → cannot exceed 0.
[276.775s] PRUNE: margin=-3.687500, optimistic_rem(widened)=0.031250 → cannot exceed 0.
[277.604s] PRUNE: margin=-3.718750, optimistic_rem(widened)=0.000000 → cannot exceed 0.
[277.800s] PRUNE: margin=-3.718750, optimistic_rem(widened)=0.000000 → cannot exceed 0.
[277.996s] PRUNE: margin=-3.718750, optimistic_rem(widened)=0.000000 → cannot exceed 0.
[278.192s] PRUNE: margin=-3.718750, optimistic_rem(widened)=0.000000 → cannot exceed 0.
[278.389s] PRUNE: margin=-3.718750, optimistic_rem(widened)=0.000000 → cannot exceed 0.
[278.585s] PRUNE: margin=-3.718750, optimistic_rem(widened)=0.000000 → cannot exceed 0.
[278.781s] PRUNE: margin=-3.718750, optimistic_rem(widened)=0.000000 → cannot exceed 0.
[278.977s] PRUNE: margin=-3.718750, optimistic_rem(widened)=0.000000 → cannot exceed 0.
[279.173s] PRUNE: margin=-3.718750, optimistic_rem(widened)=0.000000 → cannot exceed 0.
[279.565s] PRUNE: margin=-3.718750, optimistic_rem(widened)=0.000000 → cannot exceed 0.
[279.761s] PRUNE: margin=-3.718750, optimistic_rem(widened)=0.000000 → cannot exceed 0.
[279.958s] PRUNE: margin=-3.718750, optimistic_rem(widened)=0.000000 → cannot exceed 0.
[280.154s] PRUNE: margin=-3.718750, optimistic_rem(widened)=0.000000 → cannot exceed 0.
[280.350s] PRUNE: margin=-3.718750, optimistic_rem(widened)=0.000000 → cannot exceed 0.
[280.546s] PRUNE: margin=-3.718750, optimistic_rem(widened)=0.000000 → cannot exceed 0.
[280.742s] PRUNE: margin=-3.718750, optimistic_rem(widened)=0.000000 → cannot exceed 0.
[280.938s] PRUNE: margin=-3.718750, optimistic_rem(widened)=0.000000 → cannot exceed 0.
[281.330s] PRUNE: margin=-3.703125, optimistic_rem(widened)=0.000000 → cannot exceed 0.
[281.526s] PRUNE: margin=-3.718750, optimistic_rem(widened)=0.000000 → cannot exceed 0.
[281.723s] PRUNE: margin=-3.718750, optimistic_rem(widened)=0.000000 → cannot exceed 0.
[281.920s] PRUNE: margin=-3.718750, optimistic_rem(widened)=0.000000 → cannot exceed 0.
[282.116s] PRUNE: margin=-3.718750, optimistic_rem(widened)=0.000000 → cannot exceed 0.
[282.317s] PRUNE: margin=-3.718750, optimistic_rem(widened)=0.000000 → cannot exceed 0.
[282.515s] PRUNE: margin=-3.718750, optimistic_rem(widened)=0.000000 → cannot exceed 0.
[282.910s] PRUNE: margin=-3.718750, optimistic_rem(widened)=0.000000 → cannot exceed 0.
[283.107s] PRUNE: margin=-3.718750, optimistic_rem(widened)=0.000000 → cannot exceed 0.
[283.308s] PRUNE: margin=-3.718750, optimistic_rem(widened)=0.000000 → cannot exceed 0.
[283.505s] PRUNE: margin=-3.718750, optimistic_rem(widened)=0.000000 → cannot exceed 0.
[283.702s] PRUNE: margin=-3.718750, optimistic_rem(widened)=0.000000 → cannot exceed 0.
[283.900s] PRUNE: margin=-3.718750, optimistic_rem(widened)=0.000000 → cannot exceed 0.
[284.294s] PRUNE: margin=-3.734375, optimistic_rem(widened)=0.000000 → cannot exceed 0.
[284.492s] PRUNE: margin=-3.734375, optimistic_rem(widened)=0.000000 → cannot exceed 0.
[284.689s] PRUNE: margin=-3.734375, optimistic_rem(widened)=0.000000 → cannot exceed 0.
[284.887s] PRUNE: margin=-3.734375, optimistic_rem(widened)=0.000000 → cannot exceed 0.
[285.084s] PRUNE: margin=-3.734375, optimistic_rem(widened)=0.000000 → cannot exceed 0.
[285.479s] PRUNE: margin=-3.734375, optimistic_rem(widened)=0.000000 → cannot exceed 0.
[285.676s] PRUNE: margin=-3.734375, optimistic_rem(widened)=0.000000 → cannot exceed 0.
[285.873s] PRUNE: margin=-3.734375, optimistic_rem(widened)=0.000000 → cannot exceed 0.
[286.071s] PRUNE: margin=-3.734375, optimistic_rem(widened)=0.000000 → cannot exceed 0.
[286.466s] PRUNE: margin=-3.734375, optimistic_rem(widened)=0.000000 → cannot exceed 0.
[286.663s] PRUNE: margin=-3.734375, optimistic_rem(widened)=0.000000 → cannot exceed 0.
[286.860s] PRUNE: margin=-3.734375, optimistic_rem(widened)=0.000000 → cannot exceed 0.
[287.256s] PRUNE: margin=-3.734375, optimistic_rem(widened)=0.000000 → cannot exceed 0.
[287.453s] PRUNE: margin=-3.734375, optimistic_rem(widened)=0.000000 → cannot exceed 0.
[287.848s] PRUNE: margin=-3.734375, optimistic_rem(widened)=0.000000 → cannot exceed 0.
[288.539s] PRUNE: margin=-3.906250, optimistic_rem(widened)=2.500000 → cannot exceed 0.
[288.736s] PRUNE: margin=-3.906250, optimistic_rem(widened)=2.500000 → cannot exceed 0.
[288.934s] PRUNE: margin=-3.906250, optimistic_rem(widened)=2.500000 → cannot exceed 0.
[289.131s] PRUNE: margin=-3.906250, optimistic_rem(widened)=2.500000 → cannot exceed 0.
[289.329s] PRUNE: margin=-3.921875, optimistic_rem(widened)=2.500000 → cannot exceed 0.
[289.526s] PRUNE: margin=-3.921875, optimistic_rem(widened)=2.500000 → cannot exceed 0.
[291.204s] PRUNE: margin=-3.921875, optimistic_rem(widened)=2.500000 → cannot exceed 0.
[291.402s] PRUNE: margin=-3.921875, optimistic_rem(widened)=2.500000 → cannot exceed 0.
[291.599s] PRUNE: margin=-3.921875, optimistic_rem(widened)=2.500000 → cannot exceed 0.
[291.796s] PRUNE: margin=-3.921875, optimistic_rem(widened)=2.500000 → cannot exceed 0.
[291.994s] PRUNE: margin=-3.921875, optimistic_rem(widened)=2.500000 → cannot exceed 0.
[292.191s] PRUNE: margin=-3.921875, optimistic_rem(widened)=2.500000 → cannot exceed 0.
[293.177s] PRUNE: margin=-3.937500, optimistic_rem(widened)=2.500000 → cannot exceed 0.
[293.375s] PRUNE: margin=-3.937500, optimistic_rem(widened)=2.500000 → cannot exceed 0.
[293.573s] PRUNE: margin=-3.937500, optimistic_rem(widened)=2.500000 → cannot exceed 0.
[293.770s] PRUNE: margin=-3.937500, optimistic_rem(widened)=2.500000 → cannot exceed 0.
[293.968s] PRUNE: margin=-3.937500, optimistic_rem(widened)=2.500000 → cannot exceed 0.
[294.165s] PRUNE: margin=-3.937500, optimistic_rem(widened)=2.500000 → cannot exceed 0.
[294.362s] PRUNE: margin=-3.937500, optimistic_rem(widened)=2.500000 → cannot exceed 0.
[294.757s] PRUNE: margin=-3.937500, optimistic_rem(widened)=2.500000 → cannot exceed 0.
[294.954s] PRUNE: margin=-3.937500, optimistic_rem(widened)=2.500000 → cannot exceed 0.
[295.151s] PRUNE: margin=-3.937500, optimistic_rem(widened)=2.500000 → cannot exceed 0.
[295.349s] PRUNE: margin=-3.937500, optimistic_rem(widened)=2.500000 → cannot exceed 0.
[295.547s] PRUNE: margin=-3.937500, optimistic_rem(widened)=2.500000 → cannot exceed 0.
[295.744s] PRUNE: margin=-3.937500, optimistic_rem(widened)=2.500000 → cannot exceed 0.
[296.138s] PRUNE: margin=-3.937500, optimistic_rem(widened)=2.500000 → cannot exceed 0.
[296.336s] PRUNE: margin=-3.937500, optimistic_rem(widened)=2.500000 → cannot exceed 0.
[296.533s] PRUNE: margin=-3.937500, optimistic_rem(widened)=2.500000 → cannot exceed 0.
[296.730s] PRUNE: margin=-3.937500, optimistic_rem(widened)=2.500000 → cannot exceed 0.
[296.928s] PRUNE: margin=-3.937500, optimistic_rem(widened)=2.500000 → cannot exceed 0.
[297.322s] PRUNE: margin=-3.937500, optimistic_rem(widened)=2.500000 → cannot exceed 0.
[297.524s] PRUNE: margin=-3.937500, optimistic_rem(widened)=2.500000 → cannot exceed 0.
[297.721s] PRUNE: margin=-3.937500, optimistic_rem(widened)=2.500000 → cannot exceed 0.
[297.919s] PRUNE: margin=-3.937500, optimistic_rem(widened)=2.500000 → cannot exceed 0.
[298.313s] PRUNE: margin=-3.937500, optimistic_rem(widened)=2.500000 → cannot exceed 0.
[298.510s] PRUNE: margin=-3.937500, optimistic_rem(widened)=2.500000 → cannot exceed 0.
[298.708s] PRUNE: margin=-3.937500, optimistic_rem(widened)=2.500000 → cannot exceed 0.
[299.102s] PRUNE: margin=-3.937500, optimistic_rem(widened)=2.500000 → cannot exceed 0.
[299.300s] PRUNE: margin=-3.937500, optimistic_rem(widened)=2.500000 → cannot exceed 0.
[300.583s] PRUNE: margin=-3.734375, optimistic_rem(widened)=0.000000 → cannot exceed 0.
[300.780s] PRUNE: margin=-3.734375, optimistic_rem(widened)=0.000000 → cannot exceed 0.
[300.978s] PRUNE: margin=-3.734375, optimistic_rem(widened)=0.000000 → cannot exceed 0.
[301.175s] PRUNE: margin=-3.734375, optimistic_rem(widened)=0.000000 → cannot exceed 0.
[301.372s] PRUNE: margin=-3.734375, optimistic_rem(widened)=0.000000 → cannot exceed 0.
[301.571s] PRUNE: margin=-3.750000, optimistic_rem(widened)=0.000000 → cannot exceed 0.
[301.768s] PRUNE: margin=-3.734375, optimistic_rem(widened)=0.000000 → cannot exceed 0.
[301.966s] PRUNE: margin=-3.734375, optimistic_rem(widened)=0.000000 → cannot exceed 0.
[302.262s] PRUNE: margin=-3.937500, optimistic_rem(widened)=2.500000 → cannot exceed 0.
[302.459s] PRUNE: margin=-3.937500, optimistic_rem(widened)=2.500000 → cannot exceed 0.
[302.656s] PRUNE: margin=-3.937500, optimistic_rem(widened)=2.500000 → cannot exceed 0.
[302.853s] PRUNE: margin=-3.937500, optimistic_rem(widened)=2.500000 → cannot exceed 0.
[303.051s] PRUNE: margin=-3.937500, optimistic_rem(widened)=2.500000 → cannot exceed 0.
[303.248s] PRUNE: margin=-3.937500, optimistic_rem(widened)=2.500000 → cannot exceed 0.
[304.136s] PRUNE: margin=-3.953125, optimistic_rem(widened)=2.625000 → cannot exceed 0.
[304.333s] PRUNE: margin=-3.953125, optimistic_rem(widened)=2.625000 → cannot exceed 0.
[304.530s] PRUNE: margin=-3.968750, optimistic_rem(widened)=2.625000 → cannot exceed 0.
[304.728s] PRUNE: margin=-3.968750, optimistic_rem(widened)=2.625000 → cannot exceed 0.
[305.122s] PRUNE: margin=-3.750000, optimistic_rem(widened)=0.000000 → cannot exceed 0.
[305.320s] PRUNE: margin=-3.750000, optimistic_rem(widened)=0.000000 → cannot exceed 0.
[305.517s] PRUNE: margin=-3.750000, optimistic_rem(widened)=0.000000 → cannot exceed 0.
[305.813s] PRUNE: margin=-3.953125, optimistic_rem(widened)=2.500000 → cannot exceed 0.
[306.011s] PRUNE: margin=-3.953125, optimistic_rem(widened)=2.500000 → cannot exceed 0.
[306.208s] PRUNE: margin=-3.968750, optimistic_rem(widened)=2.500000 → cannot exceed 0.
[306.701s] PRUNE: margin=-3.750000, optimistic_rem(widened)=0.000000 → cannot exceed 0.
[306.899s] PRUNE: margin=-3.750000, optimistic_rem(widened)=0.000000 → cannot exceed 0.
[307.196s] PRUNE: margin=-3.953125, optimistic_rem(widened)=2.500000 → cannot exceed 0.
[307.394s] PRUNE: margin=-3.953125, optimistic_rem(widened)=2.500000 → cannot exceed 0.
[307.887s] PRUNE: margin=-3.953125, optimistic_rem(widened)=0.000000 → cannot exceed 0.
[309.367s] PRUNE: margin=-3.937500, optimistic_rem(widened)=2.500000 → cannot exceed 0.
[309.564s] PRUNE: margin=-3.937500, optimistic_rem(widened)=2.500000 → cannot exceed 0.
[309.761s] PRUNE: margin=-3.937500, optimistic_rem(widened)=2.500000 → cannot exceed 0.
[309.959s] PRUNE: margin=-3.937500, optimistic_rem(widened)=2.500000 → cannot exceed 0.
[310.156s] PRUNE: margin=-3.937500, optimistic_rem(widened)=2.500000 → cannot exceed 0.
[310.353s] PRUNE: margin=-3.937500, optimistic_rem(widened)=2.500000 → cannot exceed 0.
[310.649s] PRUNE: margin=-3.734375, optimistic_rem(widened)=0.000000 → cannot exceed 0.
[311.341s] PRUNE: margin=-3.937500, optimistic_rem(widened)=2.500000 → cannot exceed 0.
[311.538s] PRUNE: margin=-3.937500, optimistic_rem(widened)=2.500000 → cannot exceed 0.
[311.736s] PRUNE: margin=-3.937500, optimistic_rem(widened)=2.500000 → cannot exceed 0.
[311.933s] PRUNE: margin=-3.937500, optimistic_rem(widened)=2.500000 → cannot exceed 0.
[312.130s] PRUNE: margin=-3.937500, optimistic_rem(widened)=2.500000 → cannot exceed 0.
[312.328s] PRUNE: margin=-3.937500, optimistic_rem(widened)=2.500000 → cannot exceed 0.
[312.821s] PRUNE: margin=-3.953125, optimistic_rem(widened)=2.625000 → cannot exceed 0.
[313.018s] PRUNE: margin=-3.953125, optimistic_rem(widened)=2.625000 → cannot exceed 0.
[313.314s] PRUNE: margin=-3.953125, optimistic_rem(widened)=2.500000 → cannot exceed 0.
[313.512s] PRUNE: margin=-3.953125, optimistic_rem(widened)=2.500000 → cannot exceed 0.
[313.709s] PRUNE: margin=-3.953125, optimistic_rem(widened)=2.500000 → cannot exceed 0.
[314.399s] PRUNE: margin=-3.750000, optimistic_rem(widened)=0.000000 → cannot exceed 0.
[314.597s] PRUNE: margin=-3.750000, optimistic_rem(widened)=0.000000 → cannot exceed 0.
[314.893s] PRUNE: margin=-3.953125, optimistic_rem(widened)=2.500000 → cannot exceed 0.
[315.090s] PRUNE: margin=-3.953125, optimistic_rem(widened)=2.500000 → cannot exceed 0.
[315.583s] PRUNE: margin=-3.750000, optimistic_rem(widened)=0.000000 → cannot exceed 0.
[315.879s] PRUNE: margin=-3.953125, optimistic_rem(widened)=2.500000 → cannot exceed 0.
[319.330s] PRUNE: margin=-3.968750, optimistic_rem(widened)=0.000000 → cannot exceed 0.
[319.528s] PRUNE: margin=-3.968750, optimistic_rem(widened)=0.000000 → cannot exceed 0.
[321.402s] PRUNE: margin=-3.968750, optimistic_rem(widened)=0.000000 → cannot exceed 0.
[321.600s] PRUNE: margin=-3.968750, optimistic_rem(widened)=0.000000 → cannot exceed 0.
[322.877s] PRUNE: margin=-3.968750, optimistic_rem(widened)=0.000000 → cannot exceed 0.
[323.071s] PRUNE: margin=-3.968750, optimistic_rem(widened)=0.000000 → cannot exceed 0.
[323.839s] PRUNE: margin=-3.968750, optimistic_rem(widened)=0.000000 → cannot exceed 0.
[324.037s] PRUNE: margin=-3.968750, optimistic_rem(widened)=0.000000 → cannot exceed 0.
[324.425s] PRUNE: margin=-3.968750, optimistic_rem(widened)=0.000000 → cannot exceed 0.
[324.623s] PRUNE: margin=-3.968750, optimistic_rem(widened)=0.000000 → cannot exceed 0.
[324.915s] PRUNE: margin=-3.968750, optimistic_rem(widened)=2.500000 → cannot exceed 0.
[325.104s] PRUNE: margin=-3.968750, optimistic_rem(widened)=2.500000 → cannot exceed 0.
[327.024s] PRUNE: margin=-3.968750, optimistic_rem(widened)=0.000000 → cannot exceed 0.
[327.220s] PRUNE: margin=-3.968750, optimistic_rem(widened)=0.000000 → cannot exceed 0.
[328.494s] PRUNE: margin=-3.968750, optimistic_rem(widened)=0.000000 → cannot exceed 0.
[328.690s] PRUNE: margin=-3.968750, optimistic_rem(widened)=0.000000 → cannot exceed 0.
[329.475s] PRUNE: margin=-3.968750, optimistic_rem(widened)=0.000000 → cannot exceed 0.
[329.671s] PRUNE: margin=-3.968750, optimistic_rem(widened)=0.000000 → cannot exceed 0.
[330.063s] PRUNE: margin=-3.968750, optimistic_rem(widened)=0.000000 → cannot exceed 0.
[330.259s] PRUNE: margin=-3.968750, optimistic_rem(widened)=0.000000 → cannot exceed 0.
[330.553s] PRUNE: margin=-3.968750, optimistic_rem(widened)=2.500000 → cannot exceed 0.
[330.749s] PRUNE: margin=-3.968750, optimistic_rem(widened)=2.500000 → cannot exceed 0.
[332.121s] PRUNE: margin=-3.968750, optimistic_rem(widened)=0.000000 → cannot exceed 0.
[332.317s] PRUNE: margin=-3.968750, optimistic_rem(widened)=0.000000 → cannot exceed 0.
[333.101s] PRUNE: margin=-3.968750, optimistic_rem(widened)=0.000000 → cannot exceed 0.
[333.297s] PRUNE: margin=-3.968750, optimistic_rem(widened)=0.000000 → cannot exceed 0.
[333.689s] PRUNE: margin=-3.968750, optimistic_rem(widened)=0.000000 → cannot exceed 0.
[333.885s] PRUNE: margin=-3.968750, optimistic_rem(widened)=0.000000 → cannot exceed 0.
[334.179s] PRUNE: margin=-3.968750, optimistic_rem(widened)=2.500000 → cannot exceed 0.
[334.375s] PRUNE: margin=-3.968750, optimistic_rem(widened)=2.500000 → cannot exceed 0.
[335.257s] PRUNE: margin=-3.968750, optimistic_rem(widened)=0.000000 → cannot exceed 0.
[335.453s] PRUNE: margin=-3.968750, optimistic_rem(widened)=0.000000 → cannot exceed 0.
[335.845s] PRUNE: margin=-3.968750, optimistic_rem(widened)=0.000000 → cannot exceed 0.
[336.041s] PRUNE: margin=-3.968750, optimistic_rem(widened)=0.000000 → cannot exceed 0.
[336.335s] PRUNE: margin=-3.968750, optimistic_rem(widened)=2.500000 → cannot exceed 0.
[336.531s] PRUNE: margin=-3.968750, optimistic_rem(widened)=2.500000 → cannot exceed 0.
[337.022s] PRUNE: margin=-3.765625, optimistic_rem(widened)=0.000000 → cannot exceed 0.
[337.218s] PRUNE: margin=-3.765625, optimistic_rem(widened)=0.000000 → cannot exceed 0.
[337.512s] PRUNE: margin=-3.968750, optimistic_rem(widened)=2.500000 → cannot exceed 0.
[337.708s] PRUNE: margin=-3.968750, optimistic_rem(widened)=2.500000 → cannot exceed 0.
[338.100s] PRUNE: margin=-3.968750, optimistic_rem(widened)=2.500000 → cannot exceed 0.
[338.296s] PRUNE: margin=-3.968750, optimistic_rem(widened)=2.500000 → cannot exceed 0.
[338.590s] PRUNE: margin=-3.968750, optimistic_rem(widened)=2.625000 → cannot exceed 0.
[338.786s] PRUNE: margin=-3.968750, optimistic_rem(widened)=2.625000 → cannot exceed 0.
[340.654s] PRUNE: margin=-3.968750, optimistic_rem(widened)=0.000000 → cannot exceed 0.
[340.775s] PRUNE: margin=-3.968750, optimistic_rem(widened)=0.000000 → cannot exceed 0.
[341.678s] PRUNE: margin=-3.968750, optimistic_rem(widened)=0.000000 → cannot exceed 0.
[341.876s] PRUNE: margin=-3.968750, optimistic_rem(widened)=0.000000 → cannot exceed 0.
[342.672s] PRUNE: margin=-3.968750, optimistic_rem(widened)=0.000000 → cannot exceed 0.
[342.871s] PRUNE: margin=-3.968750, optimistic_rem(widened)=0.000000 → cannot exceed 0.
[343.269s] PRUNE: margin=-3.968750, optimistic_rem(widened)=0.000000 → cannot exceed 0.
[343.468s] PRUNE: margin=-3.968750, optimistic_rem(widened)=0.000000 → cannot exceed 0.
[343.767s] PRUNE: margin=-3.968750, optimistic_rem(widened)=2.500000 → cannot exceed 0.
[343.966s] PRUNE: margin=-3.968750, optimistic_rem(widened)=2.500000 → cannot exceed 0.
[345.359s] PRUNE: margin=-3.968750, optimistic_rem(widened)=0.000000 → cannot exceed 0.
[345.558s] PRUNE: margin=-3.968750, optimistic_rem(widened)=0.000000 → cannot exceed 0.
[346.353s] PRUNE: margin=-3.968750, optimistic_rem(widened)=0.000000 → cannot exceed 0.
[346.552s] PRUNE: margin=-3.968750, optimistic_rem(widened)=0.000000 → cannot exceed 0.
[346.950s] PRUNE: margin=-3.968750, optimistic_rem(widened)=0.000000 → cannot exceed 0.
[347.149s] PRUNE: margin=-3.968750, optimistic_rem(widened)=0.000000 → cannot exceed 0.
[347.447s] PRUNE: margin=-3.968750, optimistic_rem(widened)=2.500000 → cannot exceed 0.
[347.646s] PRUNE: margin=-3.968750, optimistic_rem(widened)=2.500000 → cannot exceed 0.
[348.395s] PRUNE: margin=-3.968750, optimistic_rem(widened)=0.000000 → cannot exceed 0.
[348.584s] PRUNE: margin=-3.968750, optimistic_rem(widened)=0.000000 → cannot exceed 0.
[348.980s] PRUNE: margin=-3.968750, optimistic_rem(widened)=0.000000 → cannot exceed 0.
[349.179s] PRUNE: margin=-3.968750, optimistic_rem(widened)=0.000000 → cannot exceed 0.
[349.476s] PRUNE: margin=-3.968750, optimistic_rem(widened)=2.500000 → cannot exceed 0.
[349.674s] PRUNE: margin=-3.968750, optimistic_rem(widened)=2.500000 → cannot exceed 0.
[350.169s] PRUNE: margin=-3.765625, optimistic_rem(widened)=0.000000 → cannot exceed 0.
[350.368s] PRUNE: margin=-3.765625, optimistic_rem(widened)=0.000000 → cannot exceed 0.
[350.665s] PRUNE: margin=-3.968750, optimistic_rem(widened)=2.500000 → cannot exceed 0.
[350.863s] PRUNE: margin=-3.968750, optimistic_rem(widened)=2.500000 → cannot exceed 0.
[351.260s] PRUNE: margin=-3.968750, optimistic_rem(widened)=2.500000 → cannot exceed 0.
[351.458s] PRUNE: margin=-3.968750, optimistic_rem(widened)=2.500000 → cannot exceed 0.
[351.756s] PRUNE: margin=-3.968750, optimistic_rem(widened)=2.625000 → cannot exceed 0.
[351.954s] PRUNE: margin=-3.968750, optimistic_rem(widened)=2.625000 → cannot exceed 0.
[353.439s] PRUNE: margin=-3.968750, optimistic_rem(widened)=0.000000 → cannot exceed 0.
[353.638s] PRUNE: margin=-3.968750, optimistic_rem(widened)=0.000000 → cannot exceed 0.
[354.430s] PRUNE: margin=-3.968750, optimistic_rem(widened)=0.000000 → cannot exceed 0.
[354.629s] PRUNE: margin=-3.968750, optimistic_rem(widened)=0.000000 → cannot exceed 0.
[355.025s] PRUNE: margin=-3.968750, optimistic_rem(widened)=0.000000 → cannot exceed 0.
[355.223s] PRUNE: margin=-3.968750, optimistic_rem(widened)=0.000000 → cannot exceed 0.
[355.520s] PRUNE: margin=-3.968750, optimistic_rem(widened)=2.500000 → cannot exceed 0.
[355.718s] PRUNE: margin=-3.968750, optimistic_rem(widened)=2.500000 → cannot exceed 0.
[356.610s] PRUNE: margin=-3.968750, optimistic_rem(widened)=0.000000 → cannot exceed 0.
[356.808s] PRUNE: margin=-3.968750, optimistic_rem(widened)=0.000000 → cannot exceed 0.
[357.205s] PRUNE: margin=-3.765625, optimistic_rem(widened)=0.000000 → cannot exceed 0.
[357.403s] PRUNE: margin=-3.765625, optimistic_rem(widened)=0.000000 → cannot exceed 0.
[357.700s] PRUNE: margin=-3.968750, optimistic_rem(widened)=2.500000 → cannot exceed 0.
[357.898s] PRUNE: margin=-3.968750, optimistic_rem(widened)=2.500000 → cannot exceed 0.
[358.394s] PRUNE: margin=-3.765625, optimistic_rem(widened)=0.000000 → cannot exceed 0.
[358.592s] PRUNE: margin=-3.765625, optimistic_rem(widened)=0.000000 → cannot exceed 0.
[358.889s] PRUNE: margin=-3.968750, optimistic_rem(widened)=2.500000 → cannot exceed 0.
[359.088s] PRUNE: margin=-3.968750, optimistic_rem(widened)=2.500000 → cannot exceed 0.
[359.583s] PRUNE: margin=-3.968750, optimistic_rem(widened)=0.000000 → cannot exceed 0.
[360.178s] PRUNE: margin=-3.968750, optimistic_rem(widened)=2.625000 → cannot exceed 0.
[360.376s] PRUNE: margin=-3.968750, optimistic_rem(widened)=2.625000 → cannot exceed 0.
[361.367s] PRUNE: margin=-3.765625, optimistic_rem(widened)=0.000000 → cannot exceed 0.
[361.565s] PRUNE: margin=-3.765625, optimistic_rem(widened)=0.000000 → cannot exceed 0.
[361.962s] PRUNE: margin=-3.968750, optimistic_rem(widened)=0.000000 → cannot exceed 0.
[362.160s] PRUNE: margin=-3.968750, optimistic_rem(widened)=0.000000 → cannot exceed 0.
[362.457s] PRUNE: margin=-3.968750, optimistic_rem(widened)=2.500000 → cannot exceed 0.
[362.655s] PRUNE: margin=-3.968750, optimistic_rem(widened)=2.500000 → cannot exceed 0.
[363.151s] PRUNE: margin=-3.765625, optimistic_rem(widened)=0.000000 → cannot exceed 0.
[363.349s] PRUNE: margin=-3.765625, optimistic_rem(widened)=0.000000 → cannot exceed 0.
[363.646s] PRUNE: margin=-3.968750, optimistic_rem(widened)=2.500000 → cannot exceed 0.
[363.844s] PRUNE: margin=-3.968750, optimistic_rem(widened)=2.500000 → cannot exceed 0.
[364.340s] PRUNE: margin=-3.968750, optimistic_rem(widened)=0.000000 → cannot exceed 0.
[364.934s] PRUNE: margin=-3.968750, optimistic_rem(widened)=2.625000 → cannot exceed 0.
[365.132s] PRUNE: margin=-3.968750, optimistic_rem(widened)=2.625000 → cannot exceed 0.
[365.727s] PRUNE: margin=-3.765625, optimistic_rem(widened)=0.000000 → cannot exceed 0.
[365.925s] PRUNE: margin=-3.765625, optimistic_rem(widened)=0.000000 → cannot exceed 0.
[366.222s] PRUNE: margin=-3.968750, optimistic_rem(widened)=2.500000 → cannot exceed 0.
[366.420s] PRUNE: margin=-3.968750, optimistic_rem(widened)=2.500000 → cannot exceed 0.
[366.916s] PRUNE: margin=-3.750000, optimistic_rem(widened)=0.000000 → cannot exceed 0.
[367.610s] PRUNE: margin=-3.968750, optimistic_rem(widened)=2.500000 → cannot exceed 0.
[368.501s] PRUNE: margin=-3.750000, optimistic_rem(widened)=0.000000 → cannot exceed 0.
[369.195s] PRUNE: margin=-3.968750, optimistic_rem(widened)=2.500000 → cannot exceed 0.
[371.077s] No counterexample within budgets (BaB): no misclassification found.
STATUS: No counterexample | best_upper_margin=17.078125 | elapsed=371.078s | pixels_changed=0 | total_bit_flips=0 | avg_hamming_per_pixel=0.000000 | patch_rows=11-16 | patch_cols=13-17 | note=no_counterexample_within_budgets
