[  0.000s] init: idx=8007 kmax=2 bmax=4 topx=2 widen=1.000 rank_fast=off
clean logits (hex):  0x7a  0x83  0x98  0x8a  0x86  0x76  0x6e  0x84  0x8a  0x84
clean logits (bits): 01111010 10000011 10011000 10001010 10000110 01110110 01101110 10000100 10001010 10000100
clean logits (double): +12.000000 -24.000000 -3.000000 -7.000000 -12.000000 +7.000000 +3.750000 -16.000000 -7.000000 -16.000000
[  0.009s] clean prediction: 0 (true label 0)
[ 37.445s] selection: nSym=2 (from 784), topx=2, rank_fast=off
[ 37.445s] active patch: rows 8-9, cols 8-8 (derived from symPix)
[ 37.887s] Proceeding to BaB (greedy enabled).
[ 37.887s] Skipping root bound check (--no-root-bound).
[ 37.887s] BaB search starting (K≤2, B≤4, nSym=2, depth_limit=500000000, widen=1.00)...
[ 38.175s] PRUNE: margin=-5.000000, optimistic_rem(widened)=0.625000 → cannot exceed 0.
[ 44.049s] PRUNE: margin=-5.000000, optimistic_rem(widened)=0.000000 → cannot exceed 0.
[ 44.241s] PRUNE: margin=-5.000000, optimistic_rem(widened)=0.000000 → cannot exceed 0.
[ 44.433s] PRUNE: margin=-5.000000, optimistic_rem(widened)=0.000000 → cannot exceed 0.
[ 44.625s] PRUNE: margin=-5.000000, optimistic_rem(widened)=0.000000 → cannot exceed 0.
[ 44.816s] PRUNE: margin=-5.000000, optimistic_rem(widened)=0.000000 → cannot exceed 0.
[ 45.022s] PRUNE: margin=-5.000000, optimistic_rem(widened)=0.000000 → cannot exceed 0.
[ 45.214s] PRUNE: margin=-5.000000, optimistic_rem(widened)=0.000000 → cannot exceed 0.
[ 49.620s] PRUNE: margin=-5.000000, optimistic_rem(widened)=0.000000 → cannot exceed 0.
[ 49.811s] PRUNE: margin=-5.000000, optimistic_rem(widened)=0.000000 → cannot exceed 0.
[ 50.003s] PRUNE: margin=-5.000000, optimistic_rem(widened)=0.000000 → cannot exceed 0.
[ 50.195s] PRUNE: margin=-5.000000, optimistic_rem(widened)=0.000000 → cannot exceed 0.
[ 50.386s] PRUNE: margin=-5.000000, optimistic_rem(widened)=0.000000 → cannot exceed 0.
[ 50.578s] PRUNE: margin=-5.000000, optimistic_rem(widened)=0.000000 → cannot exceed 0.
[ 50.770s] PRUNE: margin=-5.000000, optimistic_rem(widened)=0.000000 → cannot exceed 0.
[ 54.026s] PRUNE: margin=-5.000000, optimistic_rem(widened)=0.000000 → cannot exceed 0.
[ 54.218s] PRUNE: margin=-5.000000, optimistic_rem(widened)=0.000000 → cannot exceed 0.
[ 54.409s] PRUNE: margin=-5.000000, optimistic_rem(widened)=0.000000 → cannot exceed 0.
[ 54.601s] PRUNE: margin=-5.000000, optimistic_rem(widened)=0.000000 → cannot exceed 0.
[ 54.792s] PRUNE: margin=-5.000000, optimistic_rem(widened)=0.000000 → cannot exceed 0.
[ 54.984s] PRUNE: margin=-5.000000, optimistic_rem(widened)=0.000000 → cannot exceed 0.
[ 55.176s] PRUNE: margin=-5.000000, optimistic_rem(widened)=0.000000 → cannot exceed 0.
[ 57.379s] PRUNE: margin=-5.000000, optimistic_rem(widened)=0.000000 → cannot exceed 0.
[ 57.570s] PRUNE: margin=-5.000000, optimistic_rem(widened)=0.000000 → cannot exceed 0.
[ 57.762s] PRUNE: margin=-5.000000, optimistic_rem(widened)=0.000000 → cannot exceed 0.
[ 57.954s] PRUNE: margin=-5.000000, optimistic_rem(widened)=0.000000 → cannot exceed 0.
[ 58.145s] PRUNE: margin=-5.000000, optimistic_rem(widened)=0.000000 → cannot exceed 0.
[ 58.337s] PRUNE: margin=-5.000000, optimistic_rem(widened)=0.000000 → cannot exceed 0.
[ 58.528s] PRUNE: margin=-5.000000, optimistic_rem(widened)=0.000000 → cannot exceed 0.
[ 58.911s] PRUNE: margin=-5.000000, optimistic_rem(widened)=0.000000 → cannot exceed 0.
[ 59.103s] PRUNE: margin=-5.000000, optimistic_rem(widened)=0.000000 → cannot exceed 0.
[ 59.295s] PRUNE: margin=-5.000000, optimistic_rem(widened)=0.000000 → cannot exceed 0.
[ 59.487s] PRUNE: margin=-5.000000, optimistic_rem(widened)=0.000000 → cannot exceed 0.
[ 59.678s] PRUNE: margin=-5.000000, optimistic_rem(widened)=0.000000 → cannot exceed 0.
[ 59.870s] PRUNE: margin=-5.000000, optimistic_rem(widened)=0.000000 → cannot exceed 0.
[ 60.061s] PRUNE: margin=-5.000000, optimistic_rem(widened)=0.000000 → cannot exceed 0.
[ 60.253s] PRUNE: margin=-5.000000, optimistic_rem(widened)=0.000000 → cannot exceed 0.
[ 60.636s] PRUNE: margin=-5.000000, optimistic_rem(widened)=0.000000 → cannot exceed 0.
[ 60.828s] PRUNE: margin=-5.000000, optimistic_rem(widened)=0.000000 → cannot exceed 0.
[ 61.019s] PRUNE: margin=-5.000000, optimistic_rem(widened)=0.000000 → cannot exceed 0.
[ 61.211s] PRUNE: margin=-5.000000, optimistic_rem(widened)=0.000000 → cannot exceed 0.
[ 61.403s] PRUNE: margin=-5.000000, optimistic_rem(widened)=0.000000 → cannot exceed 0.
[ 61.594s] PRUNE: margin=-5.000000, optimistic_rem(widened)=0.000000 → cannot exceed 0.
[ 61.786s] PRUNE: margin=-5.000000, optimistic_rem(widened)=0.000000 → cannot exceed 0.
[ 62.169s] PRUNE: margin=-5.000000, optimistic_rem(widened)=0.000000 → cannot exceed 0.
[ 62.360s] PRUNE: margin=-5.000000, optimistic_rem(widened)=0.000000 → cannot exceed 0.
[ 62.552s] PRUNE: margin=-5.000000, optimistic_rem(widened)=0.000000 → cannot exceed 0.
[ 62.744s] PRUNE: margin=-5.000000, optimistic_rem(widened)=0.000000 → cannot exceed 0.
[ 62.935s] PRUNE: margin=-5.000000, optimistic_rem(widened)=0.000000 → cannot exceed 0.
[ 63.127s] PRUNE: margin=-5.000000, optimistic_rem(widened)=0.000000 → cannot exceed 0.
[ 63.510s] PRUNE: margin=-5.000000, optimistic_rem(widened)=0.000000 → cannot exceed 0.
[ 63.702s] PRUNE: margin=-5.000000, optimistic_rem(widened)=0.000000 → cannot exceed 0.
[ 63.894s] PRUNE: margin=-5.000000, optimistic_rem(widened)=0.000000 → cannot exceed 0.
[ 64.085s] PRUNE: margin=-5.000000, optimistic_rem(widened)=0.000000 → cannot exceed 0.
[ 64.277s] PRUNE: margin=-5.000000, optimistic_rem(widened)=0.000000 → cannot exceed 0.
[ 64.660s] PRUNE: margin=-5.000000, optimistic_rem(widened)=0.000000 → cannot exceed 0.
[ 64.852s] PRUNE: margin=-5.000000, optimistic_rem(widened)=0.000000 → cannot exceed 0.
[ 65.044s] PRUNE: margin=-5.000000, optimistic_rem(widened)=0.000000 → cannot exceed 0.
[ 65.235s] PRUNE: margin=-5.000000, optimistic_rem(widened)=0.000000 → cannot exceed 0.
[ 65.618s] PRUNE: margin=-5.000000, optimistic_rem(widened)=0.000000 → cannot exceed 0.
[ 65.810s] PRUNE: margin=-5.000000, optimistic_rem(widened)=0.000000 → cannot exceed 0.
[ 66.002s] PRUNE: margin=-5.000000, optimistic_rem(widened)=0.000000 → cannot exceed 0.
[ 66.385s] PRUNE: margin=-5.000000, optimistic_rem(widened)=0.000000 → cannot exceed 0.
[ 66.576s] PRUNE: margin=-5.000000, optimistic_rem(widened)=0.000000 → cannot exceed 0.
[ 66.960s] PRUNE: margin=-5.000000, optimistic_rem(widened)=0.000000 → cannot exceed 0.
[ 71.746s] PRUNE: margin=-5.000000, optimistic_rem(widened)=0.000000 → cannot exceed 0.
[ 71.938s] PRUNE: margin=-5.000000, optimistic_rem(widened)=0.000000 → cannot exceed 0.
[ 72.130s] PRUNE: margin=-5.000000, optimistic_rem(widened)=0.000000 → cannot exceed 0.
[ 72.321s] PRUNE: margin=-5.000000, optimistic_rem(widened)=0.000000 → cannot exceed 0.
[ 72.513s] PRUNE: margin=-5.000000, optimistic_rem(widened)=0.000000 → cannot exceed 0.
[ 72.705s] PRUNE: margin=-5.000000, optimistic_rem(widened)=0.000000 → cannot exceed 0.
[ 72.897s] PRUNE: margin=-5.000000, optimistic_rem(widened)=0.000000 → cannot exceed 0.
[ 76.153s] PRUNE: margin=-5.000000, optimistic_rem(widened)=0.000000 → cannot exceed 0.
[ 76.345s] PRUNE: margin=-5.000000, optimistic_rem(widened)=0.000000 → cannot exceed 0.
[ 76.537s] PRUNE: margin=-5.000000, optimistic_rem(widened)=0.000000 → cannot exceed 0.
[ 76.728s] PRUNE: margin=-5.000000, optimistic_rem(widened)=0.000000 → cannot exceed 0.
[ 76.920s] PRUNE: margin=-5.000000, optimistic_rem(widened)=0.000000 → cannot exceed 0.
[ 77.112s] PRUNE: margin=-5.000000, optimistic_rem(widened)=0.000000 → cannot exceed 0.
[ 77.303s] PRUNE: margin=-5.000000, optimistic_rem(widened)=0.000000 → cannot exceed 0.
[ 79.507s] PRUNE: margin=-5.000000, optimistic_rem(widened)=0.000000 → cannot exceed 0.
[ 79.699s] PRUNE: margin=-5.000000, optimistic_rem(widened)=0.000000 → cannot exceed 0.
[ 79.907s] PRUNE: margin=-5.000000, optimistic_rem(widened)=0.000000 → cannot exceed 0.
[ 80.112s] PRUNE: margin=-5.000000, optimistic_rem(widened)=0.000000 → cannot exceed 0.
[ 80.304s] PRUNE: margin=-5.000000, optimistic_rem(widened)=0.000000 → cannot exceed 0.
[ 80.496s] PRUNE: margin=-5.000000, optimistic_rem(widened)=0.000000 → cannot exceed 0.
[ 80.688s] PRUNE: margin=-5.000000, optimistic_rem(widened)=0.000000 → cannot exceed 0.
[ 81.071s] PRUNE: margin=-5.000000, optimistic_rem(widened)=0.000000 → cannot exceed 0.
[ 81.262s] PRUNE: margin=-5.000000, optimistic_rem(widened)=0.000000 → cannot exceed 0.
[ 81.454s] PRUNE: margin=-5.000000, optimistic_rem(widened)=0.000000 → cannot exceed 0.
[ 81.646s] PRUNE: margin=-5.000000, optimistic_rem(widened)=0.000000 → cannot exceed 0.
[ 81.838s] PRUNE: margin=-5.000000, optimistic_rem(widened)=0.000000 → cannot exceed 0.
[ 82.029s] PRUNE: margin=-5.000000, optimistic_rem(widened)=0.000000 → cannot exceed 0.
[ 82.221s] PRUNE: margin=-5.000000, optimistic_rem(widened)=0.000000 → cannot exceed 0.
[ 82.413s] PRUNE: margin=-5.000000, optimistic_rem(widened)=0.000000 → cannot exceed 0.
[ 82.796s] PRUNE: margin=-5.000000, optimistic_rem(widened)=0.000000 → cannot exceed 0.
[ 82.988s] PRUNE: margin=-5.000000, optimistic_rem(widened)=0.000000 → cannot exceed 0.
[ 83.179s] PRUNE: margin=-5.000000, optimistic_rem(widened)=0.000000 → cannot exceed 0.
[ 83.371s] PRUNE: margin=-5.000000, optimistic_rem(widened)=0.000000 → cannot exceed 0.
[ 83.562s] PRUNE: margin=-5.000000, optimistic_rem(widened)=0.000000 → cannot exceed 0.
[ 83.754s] PRUNE: margin=-5.000000, optimistic_rem(widened)=0.000000 → cannot exceed 0.
[ 83.946s] PRUNE: margin=-5.000000, optimistic_rem(widened)=0.000000 → cannot exceed 0.
[ 84.329s] PRUNE: margin=-5.000000, optimistic_rem(widened)=0.000000 → cannot exceed 0.
[ 84.521s] PRUNE: margin=-5.000000, optimistic_rem(widened)=0.000000 → cannot exceed 0.
[ 84.712s] PRUNE: margin=-5.000000, optimistic_rem(widened)=0.000000 → cannot exceed 0.
[ 84.904s] PRUNE: margin=-5.000000, optimistic_rem(widened)=0.000000 → cannot exceed 0.
[ 85.095s] PRUNE: margin=-5.000000, optimistic_rem(widened)=0.000000 → cannot exceed 0.
[ 85.287s] PRUNE: margin=-5.000000, optimistic_rem(widened)=0.000000 → cannot exceed 0.
[ 85.670s] PRUNE: margin=-5.000000, optimistic_rem(widened)=0.000000 → cannot exceed 0.
[ 85.862s] PRUNE: margin=-5.000000, optimistic_rem(widened)=0.000000 → cannot exceed 0.
[ 86.054s] PRUNE: margin=-5.000000, optimistic_rem(widened)=0.000000 → cannot exceed 0.
[ 86.245s] PRUNE: margin=-5.000000, optimistic_rem(widened)=0.000000 → cannot exceed 0.
[ 86.437s] PRUNE: margin=-5.000000, optimistic_rem(widened)=0.000000 → cannot exceed 0.
[ 86.820s] PRUNE: margin=-5.000000, optimistic_rem(widened)=0.000000 → cannot exceed 0.
[ 87.012s] PRUNE: margin=-5.000000, optimistic_rem(widened)=0.000000 → cannot exceed 0.
[ 87.204s] PRUNE: margin=-5.000000, optimistic_rem(widened)=0.000000 → cannot exceed 0.
[ 87.395s] PRUNE: margin=-5.000000, optimistic_rem(widened)=0.000000 → cannot exceed 0.
[ 87.779s] PRUNE: margin=-5.000000, optimistic_rem(widened)=0.000000 → cannot exceed 0.
[ 87.970s] PRUNE: margin=-5.000000, optimistic_rem(widened)=0.000000 → cannot exceed 0.
[ 88.162s] PRUNE: margin=-5.000000, optimistic_rem(widened)=0.000000 → cannot exceed 0.
[ 88.518s] PRUNE: margin=-5.000000, optimistic_rem(widened)=0.000000 → cannot exceed 0.
[ 88.690s] PRUNE: margin=-5.000000, optimistic_rem(widened)=0.000000 → cannot exceed 0.
[ 89.073s] PRUNE: margin=-5.000000, optimistic_rem(widened)=0.000000 → cannot exceed 0.
[ 92.321s] PRUNE: margin=-5.000000, optimistic_rem(widened)=0.000000 → cannot exceed 0.
[ 92.513s] PRUNE: margin=-5.000000, optimistic_rem(widened)=0.000000 → cannot exceed 0.
[ 92.705s] PRUNE: margin=-5.000000, optimistic_rem(widened)=0.000000 → cannot exceed 0.
[ 92.897s] PRUNE: margin=-5.000000, optimistic_rem(widened)=0.000000 → cannot exceed 0.
[ 93.089s] PRUNE: margin=-5.000000, optimistic_rem(widened)=0.000000 → cannot exceed 0.
[ 93.281s] PRUNE: margin=-5.000000, optimistic_rem(widened)=0.000000 → cannot exceed 0.
[ 93.473s] PRUNE: margin=-5.000000, optimistic_rem(widened)=0.000000 → cannot exceed 0.
[ 95.678s] PRUNE: margin=-5.000000, optimistic_rem(widened)=0.000000 → cannot exceed 0.
[ 95.870s] PRUNE: margin=-5.000000, optimistic_rem(widened)=0.000000 → cannot exceed 0.
[ 96.062s] PRUNE: margin=-5.000000, optimistic_rem(widened)=0.000000 → cannot exceed 0.
[ 96.254s] PRUNE: margin=-5.000000, optimistic_rem(widened)=0.000000 → cannot exceed 0.
[ 96.446s] PRUNE: margin=-5.000000, optimistic_rem(widened)=0.000000 → cannot exceed 0.
[ 96.637s] PRUNE: margin=-5.000000, optimistic_rem(widened)=0.000000 → cannot exceed 0.
[ 96.829s] PRUNE: margin=-5.000000, optimistic_rem(widened)=0.000000 → cannot exceed 0.
[ 97.213s] PRUNE: margin=-5.000000, optimistic_rem(widened)=0.000000 → cannot exceed 0.
[ 97.405s] PRUNE: margin=-5.000000, optimistic_rem(widened)=0.000000 → cannot exceed 0.
[ 97.596s] PRUNE: margin=-5.000000, optimistic_rem(widened)=0.000000 → cannot exceed 0.
[ 97.788s] PRUNE: margin=-5.000000, optimistic_rem(widened)=0.000000 → cannot exceed 0.
[ 97.980s] PRUNE: margin=-5.000000, optimistic_rem(widened)=0.000000 → cannot exceed 0.
[ 98.172s] PRUNE: margin=-5.000000, optimistic_rem(widened)=0.000000 → cannot exceed 0.
[ 98.363s] PRUNE: margin=-5.000000, optimistic_rem(widened)=0.000000 → cannot exceed 0.
[ 98.555s] PRUNE: margin=-5.000000, optimistic_rem(widened)=0.000000 → cannot exceed 0.
[ 98.939s] PRUNE: margin=-5.000000, optimistic_rem(widened)=0.000000 → cannot exceed 0.
[ 99.130s] PRUNE: margin=-5.000000, optimistic_rem(widened)=0.000000 → cannot exceed 0.
[ 99.322s] PRUNE: margin=-5.000000, optimistic_rem(widened)=0.000000 → cannot exceed 0.
[ 99.514s] PRUNE: margin=-5.000000, optimistic_rem(widened)=0.000000 → cannot exceed 0.
[ 99.706s] PRUNE: margin=-5.000000, optimistic_rem(widened)=0.000000 → cannot exceed 0.
[ 99.897s] PRUNE: margin=-5.000000, optimistic_rem(widened)=0.000000 → cannot exceed 0.
[100.089s] PRUNE: margin=-5.000000, optimistic_rem(widened)=0.000000 → cannot exceed 0.
[100.473s] PRUNE: margin=-5.000000, optimistic_rem(widened)=0.000000 → cannot exceed 0.
[100.665s] PRUNE: margin=-5.000000, optimistic_rem(widened)=0.000000 → cannot exceed 0.
[100.857s] PRUNE: margin=-5.000000, optimistic_rem(widened)=0.000000 → cannot exceed 0.
[101.049s] PRUNE: margin=-5.000000, optimistic_rem(widened)=0.000000 → cannot exceed 0.
[101.240s] PRUNE: margin=-5.000000, optimistic_rem(widened)=0.000000 → cannot exceed 0.
[101.432s] PRUNE: margin=-5.000000, optimistic_rem(widened)=0.000000 → cannot exceed 0.
[101.816s] PRUNE: margin=-5.000000, optimistic_rem(widened)=0.000000 → cannot exceed 0.
[102.007s] PRUNE: margin=-5.000000, optimistic_rem(widened)=0.000000 → cannot exceed 0.
[102.199s] PRUNE: margin=-5.000000, optimistic_rem(widened)=0.000000 → cannot exceed 0.
[102.391s] PRUNE: margin=-5.000000, optimistic_rem(widened)=0.000000 → cannot exceed 0.
[102.583s] PRUNE: margin=-5.000000, optimistic_rem(widened)=0.000000 → cannot exceed 0.
[102.966s] PRUNE: margin=-5.000000, optimistic_rem(widened)=0.000000 → cannot exceed 0.
[103.158s] PRUNE: margin=-5.000000, optimistic_rem(widened)=0.000000 → cannot exceed 0.
[103.350s] PRUNE: margin=-5.000000, optimistic_rem(widened)=0.000000 → cannot exceed 0.
[103.542s] PRUNE: margin=-5.000000, optimistic_rem(widened)=0.000000 → cannot exceed 0.
[103.925s] PRUNE: margin=-5.000000, optimistic_rem(widened)=0.000000 → cannot exceed 0.
[104.117s] PRUNE: margin=-5.000000, optimistic_rem(widened)=0.000000 → cannot exceed 0.
[104.309s] PRUNE: margin=-5.000000, optimistic_rem(widened)=0.000000 → cannot exceed 0.
[104.693s] PRUNE: margin=-5.000000, optimistic_rem(widened)=0.000000 → cannot exceed 0.
[104.885s] PRUNE: margin=-5.000000, optimistic_rem(widened)=0.000000 → cannot exceed 0.
[105.268s] PRUNE: margin=-5.000000, optimistic_rem(widened)=0.000000 → cannot exceed 0.
[106.037s] PRUNE: margin=-5.000000, optimistic_rem(widened)=0.000000 → cannot exceed 0.
[107.858s] PRUNE: margin=-5.000000, optimistic_rem(widened)=0.000000 → cannot exceed 0.
[108.050s] PRUNE: margin=-5.000000, optimistic_rem(widened)=0.000000 → cannot exceed 0.
[108.242s] PRUNE: margin=-5.000000, optimistic_rem(widened)=0.000000 → cannot exceed 0.
[108.434s] PRUNE: margin=-5.000000, optimistic_rem(widened)=0.000000 → cannot exceed 0.
[108.626s] PRUNE: margin=-5.000000, optimistic_rem(widened)=0.000000 → cannot exceed 0.
[108.818s] PRUNE: margin=-5.000000, optimistic_rem(widened)=0.000000 → cannot exceed 0.
[109.201s] PRUNE: margin=-5.000000, optimistic_rem(widened)=0.000000 → cannot exceed 0.
[109.393s] PRUNE: margin=-5.000000, optimistic_rem(widened)=0.000000 → cannot exceed 0.
[109.585s] PRUNE: margin=-5.000000, optimistic_rem(widened)=0.000000 → cannot exceed 0.
[109.777s] PRUNE: margin=-5.000000, optimistic_rem(widened)=0.000000 → cannot exceed 0.
[109.968s] PRUNE: margin=-5.000000, optimistic_rem(widened)=0.000000 → cannot exceed 0.
[110.160s] PRUNE: margin=-5.000000, optimistic_rem(widened)=0.000000 → cannot exceed 0.
[110.352s] PRUNE: margin=-5.000000, optimistic_rem(widened)=0.000000 → cannot exceed 0.
[110.544s] PRUNE: margin=-5.000000, optimistic_rem(widened)=0.000000 → cannot exceed 0.
[110.927s] PRUNE: margin=-5.000000, optimistic_rem(widened)=0.000000 → cannot exceed 0.
[111.119s] PRUNE: margin=-5.000000, optimistic_rem(widened)=0.000000 → cannot exceed 0.
[111.311s] PRUNE: margin=-5.000000, optimistic_rem(widened)=0.000000 → cannot exceed 0.
[111.503s] PRUNE: margin=-5.000000, optimistic_rem(widened)=0.000000 → cannot exceed 0.
[111.695s] PRUNE: margin=-5.000000, optimistic_rem(widened)=0.000000 → cannot exceed 0.
[111.886s] PRUNE: margin=-5.000000, optimistic_rem(widened)=0.000000 → cannot exceed 0.
[112.078s] PRUNE: margin=-5.000000, optimistic_rem(widened)=0.000000 → cannot exceed 0.
[112.462s] PRUNE: margin=-5.000000, optimistic_rem(widened)=0.000000 → cannot exceed 0.
[112.653s] PRUNE: margin=-5.000000, optimistic_rem(widened)=0.000000 → cannot exceed 0.
[112.845s] PRUNE: margin=-5.000000, optimistic_rem(widened)=0.000000 → cannot exceed 0.
[113.037s] PRUNE: margin=-5.000000, optimistic_rem(widened)=0.000000 → cannot exceed 0.
[113.229s] PRUNE: margin=-5.000000, optimistic_rem(widened)=0.000000 → cannot exceed 0.
[113.421s] PRUNE: margin=-5.000000, optimistic_rem(widened)=0.000000 → cannot exceed 0.
[113.805s] PRUNE: margin=-5.000000, optimistic_rem(widened)=0.000000 → cannot exceed 0.
[113.996s] PRUNE: margin=-5.000000, optimistic_rem(widened)=0.000000 → cannot exceed 0.
[114.188s] PRUNE: margin=-5.000000, optimistic_rem(widened)=0.000000 → cannot exceed 0.
[114.380s] PRUNE: margin=-5.000000, optimistic_rem(widened)=0.000000 → cannot exceed 0.
[114.572s] PRUNE: margin=-5.000000, optimistic_rem(widened)=0.000000 → cannot exceed 0.
[114.955s] PRUNE: margin=-5.000000, optimistic_rem(widened)=0.000000 → cannot exceed 0.
[115.147s] PRUNE: margin=-5.000000, optimistic_rem(widened)=0.000000 → cannot exceed 0.
[115.339s] PRUNE: margin=-5.000000, optimistic_rem(widened)=0.000000 → cannot exceed 0.
[115.531s] PRUNE: margin=-5.000000, optimistic_rem(widened)=0.000000 → cannot exceed 0.
[115.915s] PRUNE: margin=-5.000000, optimistic_rem(widened)=0.000000 → cannot exceed 0.
[116.107s] PRUNE: margin=-5.000000, optimistic_rem(widened)=0.000000 → cannot exceed 0.
[116.298s] PRUNE: margin=-5.000000, optimistic_rem(widened)=0.000000 → cannot exceed 0.
[116.682s] PRUNE: margin=-5.000000, optimistic_rem(widened)=0.000000 → cannot exceed 0.
[116.874s] PRUNE: margin=-5.000000, optimistic_rem(widened)=0.000000 → cannot exceed 0.
[117.258s] PRUNE: margin=-5.000000, optimistic_rem(widened)=0.000000 → cannot exceed 0.
[118.025s] PRUNE: margin=-5.000000, optimistic_rem(widened)=2.000000 → cannot exceed 0.
[118.217s] PRUNE: margin=-5.000000, optimistic_rem(widened)=0.000000 → cannot exceed 0.
[118.409s] PRUNE: margin=-5.000000, optimistic_rem(widened)=0.000000 → cannot exceed 0.
[118.600s] PRUNE: margin=-5.000000, optimistic_rem(widened)=0.000000 → cannot exceed 0.
[118.813s] PRUNE: margin=-5.000000, optimistic_rem(widened)=0.000000 → cannot exceed 0.
[119.017s] PRUNE: margin=-5.000000, optimistic_rem(widened)=0.000000 → cannot exceed 0.
[119.226s] PRUNE: margin=-5.000000, optimistic_rem(widened)=0.000000 → cannot exceed 0.
[119.428s] PRUNE: margin=-5.000000, optimistic_rem(widened)=0.000000 → cannot exceed 0.
[119.812s] PRUNE: margin=-5.000000, optimistic_rem(widened)=0.000000 → cannot exceed 0.
[120.003s] PRUNE: margin=-5.000000, optimistic_rem(widened)=0.000000 → cannot exceed 0.
[120.195s] PRUNE: margin=-5.000000, optimistic_rem(widened)=0.000000 → cannot exceed 0.
[120.387s] PRUNE: margin=-5.000000, optimistic_rem(widened)=0.000000 → cannot exceed 0.
[120.579s] PRUNE: margin=-5.000000, optimistic_rem(widened)=0.000000 → cannot exceed 0.
[120.770s] PRUNE: margin=-5.000000, optimistic_rem(widened)=0.000000 → cannot exceed 0.
[120.962s] PRUNE: margin=-5.000000, optimistic_rem(widened)=0.000000 → cannot exceed 0.
[121.346s] PRUNE: margin=-5.000000, optimistic_rem(widened)=0.000000 → cannot exceed 0.
[121.537s] PRUNE: margin=-5.000000, optimistic_rem(widened)=0.000000 → cannot exceed 0.
[121.729s] PRUNE: margin=-5.000000, optimistic_rem(widened)=0.000000 → cannot exceed 0.
[121.921s] PRUNE: margin=-5.000000, optimistic_rem(widened)=0.000000 → cannot exceed 0.
[122.113s] PRUNE: margin=-5.000000, optimistic_rem(widened)=0.000000 → cannot exceed 0.
[122.305s] PRUNE: margin=-5.000000, optimistic_rem(widened)=0.000000 → cannot exceed 0.
[122.688s] PRUNE: margin=-5.000000, optimistic_rem(widened)=0.000000 → cannot exceed 0.
[122.880s] PRUNE: margin=-5.000000, optimistic_rem(widened)=0.000000 → cannot exceed 0.
[123.072s] PRUNE: margin=-5.000000, optimistic_rem(widened)=0.000000 → cannot exceed 0.
[123.264s] PRUNE: margin=-5.000000, optimistic_rem(widened)=0.000000 → cannot exceed 0.
[123.456s] PRUNE: margin=-5.000000, optimistic_rem(widened)=0.000000 → cannot exceed 0.
[123.839s] PRUNE: margin=-5.000000, optimistic_rem(widened)=0.000000 → cannot exceed 0.
[124.031s] PRUNE: margin=-5.000000, optimistic_rem(widened)=0.000000 → cannot exceed 0.
[124.223s] PRUNE: margin=-5.000000, optimistic_rem(widened)=0.000000 → cannot exceed 0.
[124.415s] PRUNE: margin=-5.000000, optimistic_rem(widened)=0.000000 → cannot exceed 0.
[124.798s] PRUNE: margin=-5.000000, optimistic_rem(widened)=0.000000 → cannot exceed 0.
[124.990s] PRUNE: margin=-5.000000, optimistic_rem(widened)=0.000000 → cannot exceed 0.
[125.182s] PRUNE: margin=-5.000000, optimistic_rem(widened)=0.000000 → cannot exceed 0.
[125.565s] PRUNE: margin=-5.000000, optimistic_rem(widened)=0.000000 → cannot exceed 0.
[125.757s] PRUNE: margin=-5.000000, optimistic_rem(widened)=0.000000 → cannot exceed 0.
[126.141s] PRUNE: margin=-5.000000, optimistic_rem(widened)=0.000000 → cannot exceed 0.
[126.812s] PRUNE: margin=-5.000000, optimistic_rem(widened)=0.250000 → cannot exceed 0.
[127.004s] PRUNE: margin=-5.000000, optimistic_rem(widened)=0.250000 → cannot exceed 0.
[127.292s] PRUNE: margin=-5.000000, optimistic_rem(widened)=0.000000 → cannot exceed 0.
[127.484s] PRUNE: margin=-5.000000, optimistic_rem(widened)=0.000000 → cannot exceed 0.
[127.676s] PRUNE: margin=-5.000000, optimistic_rem(widened)=0.000000 → cannot exceed 0.
[127.867s] PRUNE: margin=-5.000000, optimistic_rem(widened)=0.000000 → cannot exceed 0.
[128.059s] PRUNE: margin=-5.000000, optimistic_rem(widened)=0.000000 → cannot exceed 0.
[128.443s] PRUNE: margin=-5.000000, optimistic_rem(widened)=0.000000 → cannot exceed 0.
[128.635s] PRUNE: margin=-5.000000, optimistic_rem(widened)=0.000000 → cannot exceed 0.
[128.826s] PRUNE: margin=-5.000000, optimistic_rem(widened)=0.000000 → cannot exceed 0.
[129.018s] PRUNE: margin=-5.000000, optimistic_rem(widened)=0.000000 → cannot exceed 0.
[129.402s] PRUNE: margin=-5.000000, optimistic_rem(widened)=0.000000 → cannot exceed 0.
[129.593s] PRUNE: margin=-5.000000, optimistic_rem(widened)=0.000000 → cannot exceed 0.
[129.808s] PRUNE: margin=-5.000000, optimistic_rem(widened)=0.000000 → cannot exceed 0.
[130.217s] PRUNE: margin=-5.000000, optimistic_rem(widened)=0.000000 → cannot exceed 0.
[130.420s] PRUNE: margin=-5.000000, optimistic_rem(widened)=0.000000 → cannot exceed 0.
[130.828s] PRUNE: margin=-5.000000, optimistic_rem(widened)=0.000000 → cannot exceed 0.
[131.510s] PRUNE: margin=-5.000000, optimistic_rem(widened)=0.250000 → cannot exceed 0.
[131.702s] PRUNE: margin=-5.000000, optimistic_rem(widened)=0.125000 → cannot exceed 0.
[131.989s] PRUNE: margin=-5.000000, optimistic_rem(widened)=0.000000 → cannot exceed 0.
[132.181s] PRUNE: margin=-5.000000, optimistic_rem(widened)=0.000000 → cannot exceed 0.
[132.373s] PRUNE: margin=-5.000000, optimistic_rem(widened)=0.000000 → cannot exceed 0.
[132.565s] PRUNE: margin=-5.000000, optimistic_rem(widened)=0.000000 → cannot exceed 0.
[132.949s] PRUNE: margin=-5.000000, optimistic_rem(widened)=0.000000 → cannot exceed 0.
[133.091s] PRUNE: margin=-5.000000, optimistic_rem(widened)=0.000000 → cannot exceed 0.
[133.208s] PRUNE: margin=-5.000000, optimistic_rem(widened)=0.000000 → cannot exceed 0.
[133.442s] PRUNE: margin=-5.000000, optimistic_rem(widened)=0.000000 → cannot exceed 0.
[133.603s] PRUNE: margin=-5.000000, optimistic_rem(widened)=0.000000 → cannot exceed 0.
[133.987s] PRUNE: margin=-5.000000, optimistic_rem(widened)=0.000000 → cannot exceed 0.
[134.755s] PRUNE: margin=-5.000000, optimistic_rem(widened)=0.000000 → cannot exceed 0.
[134.947s] PRUNE: margin=-5.000000, optimistic_rem(widened)=0.000000 → cannot exceed 0.
[135.139s] PRUNE: margin=-5.000000, optimistic_rem(widened)=0.000000 → cannot exceed 0.
[135.331s] PRUNE: margin=-5.000000, optimistic_rem(widened)=0.000000 → cannot exceed 0.
[135.523s] PRUNE: margin=-5.000000, optimistic_rem(widened)=0.000000 → cannot exceed 0.
[135.907s] PRUNE: margin=-5.000000, optimistic_rem(widened)=0.000000 → cannot exceed 0.
[136.099s] PRUNE: margin=-5.000000, optimistic_rem(widened)=0.000000 → cannot exceed 0.
[136.291s] PRUNE: margin=-5.000000, optimistic_rem(widened)=0.000000 → cannot exceed 0.
[136.483s] PRUNE: margin=-5.000000, optimistic_rem(widened)=0.000000 → cannot exceed 0.
[136.867s] PRUNE: margin=-5.000000, optimistic_rem(widened)=0.000000 → cannot exceed 0.
[137.059s] PRUNE: margin=-5.000000, optimistic_rem(widened)=0.000000 → cannot exceed 0.
[137.251s] PRUNE: margin=-5.000000, optimistic_rem(widened)=0.000000 → cannot exceed 0.
[137.635s] PRUNE: margin=-5.000000, optimistic_rem(widened)=0.000000 → cannot exceed 0.
[137.826s] PRUNE: margin=-5.000000, optimistic_rem(widened)=0.000000 → cannot exceed 0.
[138.208s] PRUNE: margin=-5.000000, optimistic_rem(widened)=0.000000 → cannot exceed 0.
[138.975s] PRUNE: margin=-5.000000, optimistic_rem(widened)=0.000000 → cannot exceed 0.
[139.167s] PRUNE: margin=-5.000000, optimistic_rem(widened)=0.000000 → cannot exceed 0.
[139.358s] PRUNE: margin=-5.000000, optimistic_rem(widened)=0.000000 → cannot exceed 0.
[139.550s] PRUNE: margin=-5.000000, optimistic_rem(widened)=0.000000 → cannot exceed 0.
[139.934s] PRUNE: margin=-5.000000, optimistic_rem(widened)=0.000000 → cannot exceed 0.
[140.126s] PRUNE: margin=-5.000000, optimistic_rem(widened)=0.000000 → cannot exceed 0.
[140.317s] PRUNE: margin=-5.000000, optimistic_rem(widened)=0.000000 → cannot exceed 0.
[140.701s] PRUNE: margin=-5.000000, optimistic_rem(widened)=0.000000 → cannot exceed 0.
[140.893s] PRUNE: margin=-5.000000, optimistic_rem(widened)=0.000000 → cannot exceed 0.
[141.276s] PRUNE: margin=-5.000000, optimistic_rem(widened)=0.000000 → cannot exceed 0.
[142.043s] PRUNE: margin=-5.000000, optimistic_rem(widened)=0.000000 → cannot exceed 0.
[142.235s] PRUNE: margin=-5.000000, optimistic_rem(widened)=0.000000 → cannot exceed 0.
[142.427s] PRUNE: margin=-5.000000, optimistic_rem(widened)=0.000000 → cannot exceed 0.
[142.810s] PRUNE: margin=-5.000000, optimistic_rem(widened)=0.000000 → cannot exceed 0.
[143.002s] PRUNE: margin=-5.000000, optimistic_rem(widened)=0.000000 → cannot exceed 0.
[143.386s] PRUNE: margin=-5.000000, optimistic_rem(widened)=0.000000 → cannot exceed 0.
[144.153s] PRUNE: margin=-5.000000, optimistic_rem(widened)=0.000000 → cannot exceed 0.
[144.344s] PRUNE: margin=-5.000000, optimistic_rem(widened)=0.000000 → cannot exceed 0.
[144.728s] PRUNE: margin=-5.000000, optimistic_rem(widened)=0.000000 → cannot exceed 0.
[145.495s] PRUNE: margin=-5.000000, optimistic_rem(widened)=0.000000 → cannot exceed 0.
[146.166s] PRUNE: margin=-5.000000, optimistic_rem(widened)=0.250000 → cannot exceed 0.
[147.028s] PRUNE: margin=-5.000000, optimistic_rem(widened)=0.000000 → cannot exceed 0.
[147.220s] PRUNE: margin=-5.000000, optimistic_rem(widened)=0.000000 → cannot exceed 0.
[147.412s] PRUNE: margin=-5.000000, optimistic_rem(widened)=0.000000 → cannot exceed 0.
[147.604s] PRUNE: margin=-5.000000, optimistic_rem(widened)=0.000000 → cannot exceed 0.
[147.796s] PRUNE: margin=-5.000000, optimistic_rem(widened)=0.000000 → cannot exceed 0.
[147.987s] PRUNE: margin=-5.000000, optimistic_rem(widened)=0.000000 → cannot exceed 0.
[148.179s] PRUNE: margin=-5.000000, optimistic_rem(widened)=0.000000 → cannot exceed 0.
[148.371s] PRUNE: margin=-5.000000, optimistic_rem(widened)=0.000000 → cannot exceed 0.
[148.563s] PRUNE: margin=-5.000000, optimistic_rem(widened)=0.000000 → cannot exceed 0.
[148.755s] PRUNE: margin=-5.000000, optimistic_rem(widened)=0.000000 → cannot exceed 0.
[148.947s] PRUNE: margin=-5.000000, optimistic_rem(widened)=0.000000 → cannot exceed 0.
[149.138s] PRUNE: margin=-5.000000, optimistic_rem(widened)=0.000000 → cannot exceed 0.
[149.522s] PRUNE: margin=-5.000000, optimistic_rem(widened)=0.000000 → cannot exceed 0.
[149.713s] PRUNE: margin=-5.000000, optimistic_rem(widened)=0.000000 → cannot exceed 0.
[149.905s] PRUNE: margin=-5.000000, optimistic_rem(widened)=0.000000 → cannot exceed 0.
[150.097s] PRUNE: margin=-5.000000, optimistic_rem(widened)=0.000000 → cannot exceed 0.
[150.289s] PRUNE: margin=-5.000000, optimistic_rem(widened)=0.000000 → cannot exceed 0.
[150.481s] PRUNE: margin=-5.000000, optimistic_rem(widened)=0.000000 → cannot exceed 0.
[150.672s] PRUNE: margin=-5.000000, optimistic_rem(widened)=0.000000 → cannot exceed 0.
[150.864s] PRUNE: margin=-5.000000, optimistic_rem(widened)=0.000000 → cannot exceed 0.
[151.056s] PRUNE: margin=-5.000000, optimistic_rem(widened)=0.000000 → cannot exceed 0.
[151.248s] PRUNE: margin=-5.000000, optimistic_rem(widened)=0.000000 → cannot exceed 0.
[151.439s] PRUNE: margin=-5.000000, optimistic_rem(widened)=0.000000 → cannot exceed 0.
[151.823s] PRUNE: margin=-5.000000, optimistic_rem(widened)=0.000000 → cannot exceed 0.
[152.015s] PRUNE: margin=-5.000000, optimistic_rem(widened)=0.000000 → cannot exceed 0.
[152.207s] PRUNE: margin=-5.000000, optimistic_rem(widened)=0.000000 → cannot exceed 0.
[152.398s] PRUNE: margin=-5.000000, optimistic_rem(widened)=0.000000 → cannot exceed 0.
[152.590s] PRUNE: margin=-5.000000, optimistic_rem(widened)=0.000000 → cannot exceed 0.
[152.782s] PRUNE: margin=-5.000000, optimistic_rem(widened)=0.000000 → cannot exceed 0.
[152.974s] PRUNE: margin=-5.000000, optimistic_rem(widened)=0.000000 → cannot exceed 0.
[153.166s] PRUNE: margin=-5.000000, optimistic_rem(widened)=0.000000 → cannot exceed 0.
[153.357s] PRUNE: margin=-5.000000, optimistic_rem(widened)=0.000000 → cannot exceed 0.
[153.549s] PRUNE: margin=-5.000000, optimistic_rem(widened)=0.000000 → cannot exceed 0.
[153.933s] PRUNE: margin=-5.000000, optimistic_rem(widened)=0.000000 → cannot exceed 0.
[154.124s] PRUNE: margin=-5.000000, optimistic_rem(widened)=0.000000 → cannot exceed 0.
[154.316s] PRUNE: margin=-5.000000, optimistic_rem(widened)=0.000000 → cannot exceed 0.
[154.508s] PRUNE: margin=-5.000000, optimistic_rem(widened)=0.000000 → cannot exceed 0.
[154.700s] PRUNE: margin=-5.000000, optimistic_rem(widened)=0.000000 → cannot exceed 0.
[154.892s] PRUNE: margin=-5.000000, optimistic_rem(widened)=0.000000 → cannot exceed 0.
[155.083s] PRUNE: margin=-5.000000, optimistic_rem(widened)=0.000000 → cannot exceed 0.
[155.275s] PRUNE: margin=-5.000000, optimistic_rem(widened)=0.000000 → cannot exceed 0.
[155.467s] PRUNE: margin=-5.000000, optimistic_rem(widened)=0.000000 → cannot exceed 0.
[155.850s] PRUNE: margin=-5.000000, optimistic_rem(widened)=0.000000 → cannot exceed 0.
[156.042s] PRUNE: margin=-5.000000, optimistic_rem(widened)=0.000000 → cannot exceed 0.
[156.234s] PRUNE: margin=-5.000000, optimistic_rem(widened)=0.000000 → cannot exceed 0.
[156.426s] PRUNE: margin=-5.000000, optimistic_rem(widened)=0.000000 → cannot exceed 0.
[156.617s] PRUNE: margin=-5.000000, optimistic_rem(widened)=0.000000 → cannot exceed 0.
[156.809s] PRUNE: margin=-5.000000, optimistic_rem(widened)=0.000000 → cannot exceed 0.
[157.001s] PRUNE: margin=-5.000000, optimistic_rem(widened)=0.000000 → cannot exceed 0.
[157.193s] PRUNE: margin=-5.000000, optimistic_rem(widened)=0.000000 → cannot exceed 0.
[157.576s] PRUNE: margin=-5.000000, optimistic_rem(widened)=0.000000 → cannot exceed 0.
[157.768s] PRUNE: margin=-5.000000, optimistic_rem(widened)=0.000000 → cannot exceed 0.
[157.960s] PRUNE: margin=-5.000000, optimistic_rem(widened)=0.000000 → cannot exceed 0.
[158.152s] PRUNE: margin=-5.000000, optimistic_rem(widened)=0.000000 → cannot exceed 0.
[158.344s] PRUNE: margin=-5.000000, optimistic_rem(widened)=0.000000 → cannot exceed 0.
[158.535s] PRUNE: margin=-5.000000, optimistic_rem(widened)=0.000000 → cannot exceed 0.
[158.727s] PRUNE: margin=-5.000000, optimistic_rem(widened)=0.000000 → cannot exceed 0.
[159.111s] PRUNE: margin=-5.000000, optimistic_rem(widened)=0.000000 → cannot exceed 0.
[159.303s] PRUNE: margin=-5.000000, optimistic_rem(widened)=0.000000 → cannot exceed 0.
[159.495s] PRUNE: margin=-5.000000, optimistic_rem(widened)=0.000000 → cannot exceed 0.
[159.686s] PRUNE: margin=-5.000000, optimistic_rem(widened)=0.000000 → cannot exceed 0.
[159.878s] PRUNE: margin=-5.000000, optimistic_rem(widened)=0.000000 → cannot exceed 0.
[160.070s] PRUNE: margin=-5.000000, optimistic_rem(widened)=0.000000 → cannot exceed 0.
[160.453s] PRUNE: margin=-5.000000, optimistic_rem(widened)=0.000000 → cannot exceed 0.
[160.645s] PRUNE: margin=-5.000000, optimistic_rem(widened)=0.000000 → cannot exceed 0.
[160.837s] PRUNE: margin=-5.000000, optimistic_rem(widened)=0.000000 → cannot exceed 0.
[161.029s] PRUNE: margin=-5.000000, optimistic_rem(widened)=0.000000 → cannot exceed 0.
[161.221s] PRUNE: margin=-5.000000, optimistic_rem(widened)=0.000000 → cannot exceed 0.
[161.604s] PRUNE: margin=-5.000000, optimistic_rem(widened)=0.000000 → cannot exceed 0.
[161.796s] PRUNE: margin=-5.000000, optimistic_rem(widened)=0.000000 → cannot exceed 0.
[161.988s] PRUNE: margin=-5.000000, optimistic_rem(widened)=0.000000 → cannot exceed 0.
[162.179s] PRUNE: margin=-5.000000, optimistic_rem(widened)=0.000000 → cannot exceed 0.
[162.563s] PRUNE: margin=-5.000000, optimistic_rem(widened)=0.000000 → cannot exceed 0.
[162.755s] PRUNE: margin=-5.000000, optimistic_rem(widened)=0.000000 → cannot exceed 0.
[162.946s] PRUNE: margin=-5.000000, optimistic_rem(widened)=0.000000 → cannot exceed 0.
[163.330s] PRUNE: margin=-5.000000, optimistic_rem(widened)=0.000000 → cannot exceed 0.
[163.522s] PRUNE: margin=-5.000000, optimistic_rem(widened)=0.000000 → cannot exceed 0.
[163.905s] PRUNE: margin=-5.000000, optimistic_rem(widened)=0.000000 → cannot exceed 0.
[164.672s] PRUNE: margin=-5.000000, optimistic_rem(widened)=0.000000 → cannot exceed 0.
[164.864s] PRUNE: margin=-5.000000, optimistic_rem(widened)=0.000000 → cannot exceed 0.
[165.056s] PRUNE: margin=-5.000000, optimistic_rem(widened)=0.000000 → cannot exceed 0.
[165.248s] PRUNE: margin=-5.000000, optimistic_rem(widened)=0.000000 → cannot exceed 0.
[165.439s] PRUNE: margin=-5.000000, optimistic_rem(widened)=0.000000 → cannot exceed 0.
[165.631s] PRUNE: margin=-5.000000, optimistic_rem(widened)=0.000000 → cannot exceed 0.
[165.823s] PRUNE: margin=-5.000000, optimistic_rem(widened)=0.000000 → cannot exceed 0.
[166.015s] PRUNE: margin=-5.000000, optimistic_rem(widened)=0.000000 → cannot exceed 0.
[166.207s] PRUNE: margin=-5.000000, optimistic_rem(widened)=0.000000 → cannot exceed 0.
[166.398s] PRUNE: margin=-5.000000, optimistic_rem(widened)=0.000000 → cannot exceed 0.
[166.590s] PRUNE: margin=-5.000000, optimistic_rem(widened)=0.000000 → cannot exceed 0.
[166.974s] PRUNE: margin=-5.000000, optimistic_rem(widened)=0.000000 → cannot exceed 0.
[167.165s] PRUNE: margin=-5.000000, optimistic_rem(widened)=0.000000 → cannot exceed 0.
[167.357s] PRUNE: margin=-5.000000, optimistic_rem(widened)=0.000000 → cannot exceed 0.
[167.549s] PRUNE: margin=-5.000000, optimistic_rem(widened)=0.000000 → cannot exceed 0.
[167.741s] PRUNE: margin=-5.000000, optimistic_rem(widened)=0.000000 → cannot exceed 0.
[167.931s] PRUNE: margin=-5.000000, optimistic_rem(widened)=0.000000 → cannot exceed 0.
[168.122s] PRUNE: margin=-5.000000, optimistic_rem(widened)=0.000000 → cannot exceed 0.
[168.314s] PRUNE: margin=-5.000000, optimistic_rem(widened)=0.000000 → cannot exceed 0.
[168.506s] PRUNE: margin=-5.000000, optimistic_rem(widened)=0.000000 → cannot exceed 0.
[168.698s] PRUNE: margin=-5.000000, optimistic_rem(widened)=0.000000 → cannot exceed 0.
[169.082s] PRUNE: margin=-5.000000, optimistic_rem(widened)=0.000000 → cannot exceed 0.
[169.274s] PRUNE: margin=-5.000000, optimistic_rem(widened)=0.000000 → cannot exceed 0.
[169.465s] PRUNE: margin=-5.000000, optimistic_rem(widened)=0.000000 → cannot exceed 0.
[169.657s] PRUNE: margin=-5.000000, optimistic_rem(widened)=0.000000 → cannot exceed 0.
[169.849s] PRUNE: margin=-5.000000, optimistic_rem(widened)=0.000000 → cannot exceed 0.
[170.041s] PRUNE: margin=-5.000000, optimistic_rem(widened)=0.000000 → cannot exceed 0.
[170.233s] PRUNE: margin=-5.000000, optimistic_rem(widened)=0.000000 → cannot exceed 0.
[170.424s] PRUNE: margin=-5.000000, optimistic_rem(widened)=0.000000 → cannot exceed 0.
[170.616s] PRUNE: margin=-5.000000, optimistic_rem(widened)=0.000000 → cannot exceed 0.
[171.000s] PRUNE: margin=-5.000000, optimistic_rem(widened)=0.000000 → cannot exceed 0.
[171.191s] PRUNE: margin=-5.000000, optimistic_rem(widened)=0.000000 → cannot exceed 0.
[171.383s] PRUNE: margin=-5.000000, optimistic_rem(widened)=0.000000 → cannot exceed 0.
[171.575s] PRUNE: margin=-5.000000, optimistic_rem(widened)=0.000000 → cannot exceed 0.
[171.767s] PRUNE: margin=-5.000000, optimistic_rem(widened)=0.000000 → cannot exceed 0.
[171.959s] PRUNE: margin=-5.000000, optimistic_rem(widened)=0.000000 → cannot exceed 0.
[172.151s] PRUNE: margin=-5.000000, optimistic_rem(widened)=0.000000 → cannot exceed 0.
[172.342s] PRUNE: margin=-5.000000, optimistic_rem(widened)=0.000000 → cannot exceed 0.
[172.726s] PRUNE: margin=-5.000000, optimistic_rem(widened)=0.000000 → cannot exceed 0.
[172.918s] PRUNE: margin=-5.000000, optimistic_rem(widened)=0.000000 → cannot exceed 0.
[173.110s] PRUNE: margin=-5.000000, optimistic_rem(widened)=0.000000 → cannot exceed 0.
[173.301s] PRUNE: margin=-5.000000, optimistic_rem(widened)=0.000000 → cannot exceed 0.
[173.493s] PRUNE: margin=-5.000000, optimistic_rem(widened)=0.000000 → cannot exceed 0.
[173.685s] PRUNE: margin=-5.000000, optimistic_rem(widened)=0.000000 → cannot exceed 0.
[173.877s] PRUNE: margin=-5.000000, optimistic_rem(widened)=0.000000 → cannot exceed 0.
[174.260s] PRUNE: margin=-5.000000, optimistic_rem(widened)=0.000000 → cannot exceed 0.
[174.452s] PRUNE: margin=-5.000000, optimistic_rem(widened)=0.000000 → cannot exceed 0.
[174.650s] PRUNE: margin=-5.000000, optimistic_rem(widened)=0.000000 → cannot exceed 0.
[174.842s] PRUNE: margin=-5.000000, optimistic_rem(widened)=0.000000 → cannot exceed 0.
[175.035s] PRUNE: margin=-5.000000, optimistic_rem(widened)=0.000000 → cannot exceed 0.
[175.227s] PRUNE: margin=-5.000000, optimistic_rem(widened)=0.000000 → cannot exceed 0.
[175.611s] PRUNE: margin=-5.000000, optimistic_rem(widened)=0.000000 → cannot exceed 0.
[175.803s] PRUNE: margin=-5.000000, optimistic_rem(widened)=0.000000 → cannot exceed 0.
[175.995s] PRUNE: margin=-5.000000, optimistic_rem(widened)=0.000000 → cannot exceed 0.
[176.186s] PRUNE: margin=-5.000000, optimistic_rem(widened)=0.000000 → cannot exceed 0.
[176.378s] PRUNE: margin=-5.000000, optimistic_rem(widened)=0.000000 → cannot exceed 0.
[176.761s] PRUNE: margin=-5.000000, optimistic_rem(widened)=0.000000 → cannot exceed 0.
[176.953s] PRUNE: margin=-5.000000, optimistic_rem(widened)=0.000000 → cannot exceed 0.
[177.099s] PRUNE: margin=-5.000000, optimistic_rem(widened)=0.000000 → cannot exceed 0.
[177.218s] PRUNE: margin=-5.000000, optimistic_rem(widened)=0.000000 → cannot exceed 0.
[177.469s] PRUNE: margin=-5.000000, optimistic_rem(widened)=0.000000 → cannot exceed 0.
[177.651s] PRUNE: margin=-5.000000, optimistic_rem(widened)=0.000000 → cannot exceed 0.
[177.833s] PRUNE: margin=-5.000000, optimistic_rem(widened)=0.000000 → cannot exceed 0.
[178.197s] PRUNE: margin=-5.000000, optimistic_rem(widened)=0.000000 → cannot exceed 0.
[178.379s] PRUNE: margin=-5.000000, optimistic_rem(widened)=0.000000 → cannot exceed 0.
[178.760s] PRUNE: margin=-5.000000, optimistic_rem(widened)=0.000000 → cannot exceed 0.
[179.526s] PRUNE: margin=-5.000000, optimistic_rem(widened)=0.000000 → cannot exceed 0.
[179.717s] PRUNE: margin=-5.000000, optimistic_rem(widened)=0.000000 → cannot exceed 0.
[179.909s] PRUNE: margin=-5.000000, optimistic_rem(widened)=0.000000 → cannot exceed 0.
[180.100s] PRUNE: margin=-5.000000, optimistic_rem(widened)=0.000000 → cannot exceed 0.
[180.292s] PRUNE: margin=-5.000000, optimistic_rem(widened)=0.000000 → cannot exceed 0.
[180.483s] PRUNE: margin=-5.000000, optimistic_rem(widened)=0.000000 → cannot exceed 0.
[180.674s] PRUNE: margin=-5.000000, optimistic_rem(widened)=0.000000 → cannot exceed 0.
[180.866s] PRUNE: margin=-5.000000, optimistic_rem(widened)=0.000000 → cannot exceed 0.
[181.059s] PRUNE: margin=-5.000000, optimistic_rem(widened)=0.000000 → cannot exceed 0.
[181.251s] PRUNE: margin=-5.000000, optimistic_rem(widened)=0.000000 → cannot exceed 0.
[181.634s] PRUNE: margin=-5.000000, optimistic_rem(widened)=0.000000 → cannot exceed 0.
[181.825s] PRUNE: margin=-5.000000, optimistic_rem(widened)=0.000000 → cannot exceed 0.
[182.017s] PRUNE: margin=-5.000000, optimistic_rem(widened)=0.000000 → cannot exceed 0.
[182.208s] PRUNE: margin=-5.000000, optimistic_rem(widened)=0.000000 → cannot exceed 0.
[182.399s] PRUNE: margin=-5.000000, optimistic_rem(widened)=0.000000 → cannot exceed 0.
[182.590s] PRUNE: margin=-5.000000, optimistic_rem(widened)=0.000000 → cannot exceed 0.
[182.782s] PRUNE: margin=-5.000000, optimistic_rem(widened)=0.000000 → cannot exceed 0.
[182.973s] PRUNE: margin=-5.000000, optimistic_rem(widened)=0.000000 → cannot exceed 0.
[183.165s] PRUNE: margin=-5.000000, optimistic_rem(widened)=0.000000 → cannot exceed 0.
[183.547s] PRUNE: margin=-5.000000, optimistic_rem(widened)=0.000000 → cannot exceed 0.
[183.738s] PRUNE: margin=-5.000000, optimistic_rem(widened)=0.000000 → cannot exceed 0.
[183.930s] PRUNE: margin=-5.000000, optimistic_rem(widened)=0.000000 → cannot exceed 0.
[184.121s] PRUNE: margin=-5.000000, optimistic_rem(widened)=0.000000 → cannot exceed 0.
[184.313s] PRUNE: margin=-5.000000, optimistic_rem(widened)=0.000000 → cannot exceed 0.
[184.504s] PRUNE: margin=-5.000000, optimistic_rem(widened)=0.000000 → cannot exceed 0.
[184.695s] PRUNE: margin=-5.000000, optimistic_rem(widened)=0.000000 → cannot exceed 0.
[184.886s] PRUNE: margin=-5.000000, optimistic_rem(widened)=0.000000 → cannot exceed 0.
[185.269s] PRUNE: margin=-5.000000, optimistic_rem(widened)=0.000000 → cannot exceed 0.
[185.460s] PRUNE: margin=-5.000000, optimistic_rem(widened)=0.000000 → cannot exceed 0.
[185.652s] PRUNE: margin=-5.000000, optimistic_rem(widened)=0.000000 → cannot exceed 0.
[185.843s] PRUNE: margin=-5.000000, optimistic_rem(widened)=0.000000 → cannot exceed 0.
[186.034s] PRUNE: margin=-5.000000, optimistic_rem(widened)=0.000000 → cannot exceed 0.
[186.226s] PRUNE: margin=-5.000000, optimistic_rem(widened)=0.000000 → cannot exceed 0.
[186.417s] PRUNE: margin=-5.000000, optimistic_rem(widened)=0.000000 → cannot exceed 0.
[186.799s] PRUNE: margin=-5.000000, optimistic_rem(widened)=0.000000 → cannot exceed 0.
[186.991s] PRUNE: margin=-5.000000, optimistic_rem(widened)=0.000000 → cannot exceed 0.
[187.182s] PRUNE: margin=-5.000000, optimistic_rem(widened)=0.000000 → cannot exceed 0.
[187.373s] PRUNE: margin=-5.000000, optimistic_rem(widened)=0.000000 → cannot exceed 0.
[187.565s] PRUNE: margin=-5.000000, optimistic_rem(widened)=0.000000 → cannot exceed 0.
[187.756s] PRUNE: margin=-5.000000, optimistic_rem(widened)=0.000000 → cannot exceed 0.
[188.139s] PRUNE: margin=-5.000000, optimistic_rem(widened)=0.000000 → cannot exceed 0.
[188.330s] PRUNE: margin=-5.000000, optimistic_rem(widened)=0.000000 → cannot exceed 0.
[188.521s] PRUNE: margin=-5.000000, optimistic_rem(widened)=0.000000 → cannot exceed 0.
[188.712s] PRUNE: margin=-5.000000, optimistic_rem(widened)=0.000000 → cannot exceed 0.
[188.903s] PRUNE: margin=-5.000000, optimistic_rem(widened)=0.000000 → cannot exceed 0.
[189.286s] PRUNE: margin=-5.000000, optimistic_rem(widened)=0.000000 → cannot exceed 0.
[189.477s] PRUNE: margin=-5.000000, optimistic_rem(widened)=0.000000 → cannot exceed 0.
[189.669s] PRUNE: margin=-5.000000, optimistic_rem(widened)=0.000000 → cannot exceed 0.
[189.860s] PRUNE: margin=-5.000000, optimistic_rem(widened)=0.000000 → cannot exceed 0.
[190.242s] PRUNE: margin=-5.000000, optimistic_rem(widened)=0.000000 → cannot exceed 0.
[190.434s] PRUNE: margin=-5.000000, optimistic_rem(widened)=0.000000 → cannot exceed 0.
[190.625s] PRUNE: margin=-5.000000, optimistic_rem(widened)=0.000000 → cannot exceed 0.
[191.007s] PRUNE: margin=-5.000000, optimistic_rem(widened)=0.000000 → cannot exceed 0.
[191.201s] PRUNE: margin=-5.000000, optimistic_rem(widened)=0.000000 → cannot exceed 0.
[191.584s] PRUNE: margin=-5.000000, optimistic_rem(widened)=0.000000 → cannot exceed 0.
[192.253s] PRUNE: margin=-5.000000, optimistic_rem(widened)=0.250000 → cannot exceed 0.
[192.540s] PRUNE: margin=-5.000000, optimistic_rem(widened)=0.000000 → cannot exceed 0.
[192.731s] PRUNE: margin=-5.000000, optimistic_rem(widened)=0.000000 → cannot exceed 0.
[192.923s] PRUNE: margin=-5.000000, optimistic_rem(widened)=0.000000 → cannot exceed 0.
[193.114s] PRUNE: margin=-5.000000, optimistic_rem(widened)=0.000000 → cannot exceed 0.
[193.305s] PRUNE: margin=-5.000000, optimistic_rem(widened)=0.000000 → cannot exceed 0.
[193.497s] PRUNE: margin=-5.000000, optimistic_rem(widened)=0.000000 → cannot exceed 0.
[193.688s] PRUNE: margin=-5.000000, optimistic_rem(widened)=0.000000 → cannot exceed 0.
[193.879s] PRUNE: margin=-5.000000, optimistic_rem(widened)=0.000000 → cannot exceed 0.
[194.261s] PRUNE: margin=-5.000000, optimistic_rem(widened)=0.000000 → cannot exceed 0.
[194.453s] PRUNE: margin=-5.000000, optimistic_rem(widened)=0.000000 → cannot exceed 0.
[194.644s] PRUNE: margin=-5.000000, optimistic_rem(widened)=0.000000 → cannot exceed 0.
[194.835s] PRUNE: margin=-5.000000, optimistic_rem(widened)=0.000000 → cannot exceed 0.
[195.027s] PRUNE: margin=-5.000000, optimistic_rem(widened)=0.000000 → cannot exceed 0.
[195.219s] PRUNE: margin=-5.000000, optimistic_rem(widened)=0.000000 → cannot exceed 0.
[195.416s] PRUNE: margin=-5.000000, optimistic_rem(widened)=0.000000 → cannot exceed 0.
[195.800s] PRUNE: margin=-5.000000, optimistic_rem(widened)=0.000000 → cannot exceed 0.
[195.991s] PRUNE: margin=-5.000000, optimistic_rem(widened)=0.000000 → cannot exceed 0.
[196.182s] PRUNE: margin=-5.000000, optimistic_rem(widened)=0.000000 → cannot exceed 0.
[196.373s] PRUNE: margin=-5.000000, optimistic_rem(widened)=0.000000 → cannot exceed 0.
[196.565s] PRUNE: margin=-5.000000, optimistic_rem(widened)=0.000000 → cannot exceed 0.
[196.756s] PRUNE: margin=-5.000000, optimistic_rem(widened)=0.000000 → cannot exceed 0.
[197.139s] PRUNE: margin=-5.000000, optimistic_rem(widened)=0.000000 → cannot exceed 0.
[197.330s] PRUNE: margin=-5.000000, optimistic_rem(widened)=0.000000 → cannot exceed 0.
[197.521s] PRUNE: margin=-5.000000, optimistic_rem(widened)=0.000000 → cannot exceed 0.
[197.712s] PRUNE: margin=-5.000000, optimistic_rem(widened)=0.000000 → cannot exceed 0.
[197.904s] PRUNE: margin=-5.000000, optimistic_rem(widened)=0.000000 → cannot exceed 0.
[198.286s] PRUNE: margin=-5.000000, optimistic_rem(widened)=0.000000 → cannot exceed 0.
[198.478s] PRUNE: margin=-5.000000, optimistic_rem(widened)=0.000000 → cannot exceed 0.
[198.669s] PRUNE: margin=-5.000000, optimistic_rem(widened)=0.000000 → cannot exceed 0.
[198.860s] PRUNE: margin=-5.000000, optimistic_rem(widened)=0.000000 → cannot exceed 0.
[199.243s] PRUNE: margin=-5.000000, optimistic_rem(widened)=0.000000 → cannot exceed 0.
[199.434s] PRUNE: margin=-5.000000, optimistic_rem(widened)=0.000000 → cannot exceed 0.
[199.626s] PRUNE: margin=-5.000000, optimistic_rem(widened)=0.000000 → cannot exceed 0.
[200.008s] PRUNE: margin=-5.000000, optimistic_rem(widened)=0.000000 → cannot exceed 0.
[200.200s] PRUNE: margin=-5.000000, optimistic_rem(widened)=0.000000 → cannot exceed 0.
[200.582s] PRUNE: margin=-5.000000, optimistic_rem(widened)=0.000000 → cannot exceed 0.
[201.251s] PRUNE: margin=-5.000000, optimistic_rem(widened)=0.250000 → cannot exceed 0.
[201.443s] PRUNE: margin=-5.000000, optimistic_rem(widened)=0.250000 → cannot exceed 0.
[201.730s] PRUNE: margin=-5.000000, optimistic_rem(widened)=0.000000 → cannot exceed 0.
[201.921s] PRUNE: margin=-5.000000, optimistic_rem(widened)=0.000000 → cannot exceed 0.
[202.112s] PRUNE: margin=-5.000000, optimistic_rem(widened)=0.000000 → cannot exceed 0.
[202.303s] PRUNE: margin=-5.000000, optimistic_rem(widened)=0.000000 → cannot exceed 0.
[202.495s] PRUNE: margin=-5.000000, optimistic_rem(widened)=0.000000 → cannot exceed 0.
[202.686s] PRUNE: margin=-5.000000, optimistic_rem(widened)=0.000000 → cannot exceed 0.
[203.068s] PRUNE: margin=-5.000000, optimistic_rem(widened)=0.000000 → cannot exceed 0.
[203.260s] PRUNE: margin=-5.000000, optimistic_rem(widened)=0.000000 → cannot exceed 0.
[203.451s] PRUNE: margin=-5.000000, optimistic_rem(widened)=0.000000 → cannot exceed 0.
[203.643s] PRUNE: margin=-5.000000, optimistic_rem(widened)=0.000000 → cannot exceed 0.
[203.834s] PRUNE: margin=-5.000000, optimistic_rem(widened)=0.000000 → cannot exceed 0.
[204.216s] PRUNE: margin=-5.000000, optimistic_rem(widened)=0.000000 → cannot exceed 0.
[204.408s] PRUNE: margin=-5.000000, optimistic_rem(widened)=0.000000 → cannot exceed 0.
[204.599s] PRUNE: margin=-5.000000, optimistic_rem(widened)=0.000000 → cannot exceed 0.
[204.790s] PRUNE: margin=-5.000000, optimistic_rem(widened)=0.000000 → cannot exceed 0.
[205.173s] PRUNE: margin=-5.000000, optimistic_rem(widened)=0.000000 → cannot exceed 0.
[205.364s] PRUNE: margin=-5.000000, optimistic_rem(widened)=0.000000 → cannot exceed 0.
[205.559s] PRUNE: margin=-5.000000, optimistic_rem(widened)=0.000000 → cannot exceed 0.
[205.953s] PRUNE: margin=-5.000000, optimistic_rem(widened)=0.000000 → cannot exceed 0.
[206.144s] PRUNE: margin=-5.000000, optimistic_rem(widened)=0.000000 → cannot exceed 0.
[206.527s] PRUNE: margin=-5.000000, optimistic_rem(widened)=0.000000 → cannot exceed 0.
[207.196s] PRUNE: margin=-5.000000, optimistic_rem(widened)=0.250000 → cannot exceed 0.
[207.387s] PRUNE: margin=-5.000000, optimistic_rem(widened)=0.250000 → cannot exceed 0.
[207.674s] PRUNE: margin=-5.000000, optimistic_rem(widened)=0.000000 → cannot exceed 0.
[207.866s] PRUNE: margin=-5.000000, optimistic_rem(widened)=0.000000 → cannot exceed 0.
[208.057s] PRUNE: margin=-5.000000, optimistic_rem(widened)=0.000000 → cannot exceed 0.
[208.248s] PRUNE: margin=-5.000000, optimistic_rem(widened)=0.000000 → cannot exceed 0.
[208.440s] PRUNE: margin=-5.000000, optimistic_rem(widened)=0.000000 → cannot exceed 0.
[208.822s] PRUNE: margin=-5.000000, optimistic_rem(widened)=0.000000 → cannot exceed 0.
[209.014s] PRUNE: margin=-5.000000, optimistic_rem(widened)=0.000000 → cannot exceed 0.
[209.205s] PRUNE: margin=-5.000000, optimistic_rem(widened)=0.000000 → cannot exceed 0.
[209.396s] PRUNE: margin=-5.000000, optimistic_rem(widened)=0.000000 → cannot exceed 0.
[209.779s] PRUNE: margin=-5.000000, optimistic_rem(widened)=0.000000 → cannot exceed 0.
[209.970s] PRUNE: margin=-5.000000, optimistic_rem(widened)=0.000000 → cannot exceed 0.
[210.161s] PRUNE: margin=-5.000000, optimistic_rem(widened)=0.000000 → cannot exceed 0.
[210.544s] PRUNE: margin=-5.000000, optimistic_rem(widened)=0.000000 → cannot exceed 0.
[210.735s] PRUNE: margin=-5.000000, optimistic_rem(widened)=0.000000 → cannot exceed 0.
[211.118s] PRUNE: margin=-5.000000, optimistic_rem(widened)=0.000000 → cannot exceed 0.
[211.787s] PRUNE: margin=-5.000000, optimistic_rem(widened)=0.250000 → cannot exceed 0.
[211.978s] PRUNE: margin=-5.000000, optimistic_rem(widened)=0.250000 → cannot exceed 0.
[212.170s] PRUNE: margin=-5.000000, optimistic_rem(widened)=0.250000 → cannot exceed 0.
[212.457s] PRUNE: margin=-5.000000, optimistic_rem(widened)=0.000000 → cannot exceed 0.
[212.648s] PRUNE: margin=-5.000000, optimistic_rem(widened)=0.000000 → cannot exceed 0.
[212.840s] PRUNE: margin=-5.000000, optimistic_rem(widened)=0.000000 → cannot exceed 0.
[213.222s] PRUNE: margin=-5.000000, optimistic_rem(widened)=0.000000 → cannot exceed 0.
[213.414s] PRUNE: margin=-5.000000, optimistic_rem(widened)=0.000000 → cannot exceed 0.
[213.797s] PRUNE: margin=-5.000000, optimistic_rem(widened)=0.000000 → cannot exceed 0.
[216.667s] PRUNE: margin=-5.000000, optimistic_rem(widened)=0.000000 → cannot exceed 0.
[217.909s] PRUNE: margin=-5.000000, optimistic_rem(widened)=0.000000 → cannot exceed 0.
[218.771s] PRUNE: margin=-5.000000, optimistic_rem(widened)=0.000000 → cannot exceed 0.
[219.345s] PRUNE: margin=-5.000000, optimistic_rem(widened)=0.000000 → cannot exceed 0.
[220.109s] PRUNE: margin=-5.000000, optimistic_rem(widened)=0.000000 → cannot exceed 0.
[221.352s] PRUNE: margin=-5.000000, optimistic_rem(widened)=0.000000 → cannot exceed 0.
[222.213s] PRUNE: margin=-5.000000, optimistic_rem(widened)=0.000000 → cannot exceed 0.
[222.786s] PRUNE: margin=-5.000000, optimistic_rem(widened)=0.000000 → cannot exceed 0.
[223.551s] PRUNE: margin=-5.000000, optimistic_rem(widened)=0.000000 → cannot exceed 0.
[224.411s] PRUNE: margin=-5.000000, optimistic_rem(widened)=0.000000 → cannot exceed 0.
[224.985s] PRUNE: margin=-5.000000, optimistic_rem(widened)=0.000000 → cannot exceed 0.
[225.654s] PRUNE: margin=-5.000000, optimistic_rem(widened)=0.250000 → cannot exceed 0.
[226.610s] PRUNE: margin=-5.000000, optimistic_rem(widened)=0.250000 → cannot exceed 0.
[227.184s] PRUNE: margin=-5.000000, optimistic_rem(widened)=0.250000 → cannot exceed 0.
[228.044s] PRUNE: margin=-5.000000, optimistic_rem(widened)=0.000000 → cannot exceed 0.
[228.235s] PRUNE: margin=-5.000000, optimistic_rem(widened)=0.000000 → cannot exceed 0.
[228.426s] PRUNE: margin=-5.000000, optimistic_rem(widened)=0.000000 → cannot exceed 0.
[228.617s] PRUNE: margin=-5.000000, optimistic_rem(widened)=0.000000 → cannot exceed 0.
[228.809s] PRUNE: margin=-5.000000, optimistic_rem(widened)=0.000000 → cannot exceed 0.
[229.000s] PRUNE: margin=-5.000000, optimistic_rem(widened)=0.000000 → cannot exceed 0.
[229.191s] PRUNE: margin=-5.000000, optimistic_rem(widened)=0.000000 → cannot exceed 0.
[229.383s] PRUNE: margin=-5.000000, optimistic_rem(widened)=0.000000 → cannot exceed 0.
[229.510s] PRUNE: margin=-5.000000, optimistic_rem(widened)=0.000000 → cannot exceed 0.
[229.626s] PRUNE: margin=-5.000000, optimistic_rem(widened)=0.000000 → cannot exceed 0.
[229.742s] PRUNE: margin=-5.000000, optimistic_rem(widened)=0.000000 → cannot exceed 0.
[229.980s] PRUNE: margin=-5.000000, optimistic_rem(widened)=0.000000 → cannot exceed 0.
[230.098s] PRUNE: margin=-5.000000, optimistic_rem(widened)=0.000000 → cannot exceed 0.
[230.216s] PRUNE: margin=-5.000000, optimistic_rem(widened)=0.000000 → cannot exceed 0.
[230.337s] PRUNE: margin=-5.000000, optimistic_rem(widened)=0.000000 → cannot exceed 0.
[230.486s] PRUNE: margin=-5.000000, optimistic_rem(widened)=0.000000 → cannot exceed 0.
[230.677s] PRUNE: margin=-5.000000, optimistic_rem(widened)=0.000000 → cannot exceed 0.
[230.868s] PRUNE: margin=-5.000000, optimistic_rem(widened)=0.000000 → cannot exceed 0.
[231.060s] PRUNE: margin=-5.000000, optimistic_rem(widened)=0.000000 → cannot exceed 0.
[231.251s] PRUNE: margin=-5.000000, optimistic_rem(widened)=0.000000 → cannot exceed 0.
[231.443s] PRUNE: margin=-5.000000, optimistic_rem(widened)=0.000000 → cannot exceed 0.
[231.825s] PRUNE: margin=-5.000000, optimistic_rem(widened)=0.000000 → cannot exceed 0.
[232.016s] PRUNE: margin=-5.000000, optimistic_rem(widened)=0.000000 → cannot exceed 0.
[232.207s] PRUNE: margin=-5.000000, optimistic_rem(widened)=0.000000 → cannot exceed 0.
[232.399s] PRUNE: margin=-5.000000, optimistic_rem(widened)=0.000000 → cannot exceed 0.
[232.590s] PRUNE: margin=-5.000000, optimistic_rem(widened)=0.000000 → cannot exceed 0.
[232.781s] PRUNE: margin=-5.000000, optimistic_rem(widened)=0.000000 → cannot exceed 0.
[232.973s] PRUNE: margin=-5.000000, optimistic_rem(widened)=0.000000 → cannot exceed 0.
[233.164s] PRUNE: margin=-5.000000, optimistic_rem(widened)=0.000000 → cannot exceed 0.
[233.355s] PRUNE: margin=-5.000000, optimistic_rem(widened)=0.000000 → cannot exceed 0.
[233.737s] PRUNE: margin=-5.000000, optimistic_rem(widened)=0.000000 → cannot exceed 0.
[233.929s] PRUNE: margin=-5.000000, optimistic_rem(widened)=0.000000 → cannot exceed 0.
[234.120s] PRUNE: margin=-5.000000, optimistic_rem(widened)=0.000000 → cannot exceed 0.
[234.311s] PRUNE: margin=-5.000000, optimistic_rem(widened)=0.000000 → cannot exceed 0.
[234.503s] PRUNE: margin=-5.000000, optimistic_rem(widened)=0.000000 → cannot exceed 0.
[234.694s] PRUNE: margin=-5.000000, optimistic_rem(widened)=0.000000 → cannot exceed 0.
[234.885s] PRUNE: margin=-5.000000, optimistic_rem(widened)=0.000000 → cannot exceed 0.
[235.077s] PRUNE: margin=-5.000000, optimistic_rem(widened)=0.000000 → cannot exceed 0.
[235.459s] PRUNE: margin=-5.000000, optimistic_rem(widened)=0.000000 → cannot exceed 0.
[235.650s] PRUNE: margin=-5.000000, optimistic_rem(widened)=0.000000 → cannot exceed 0.
[235.842s] PRUNE: margin=-5.000000, optimistic_rem(widened)=0.000000 → cannot exceed 0.
[236.033s] PRUNE: margin=-5.000000, optimistic_rem(widened)=0.000000 → cannot exceed 0.
[236.225s] PRUNE: margin=-5.000000, optimistic_rem(widened)=0.000000 → cannot exceed 0.
[236.416s] PRUNE: margin=-5.000000, optimistic_rem(widened)=0.000000 → cannot exceed 0.
[236.607s] PRUNE: margin=-5.000000, optimistic_rem(widened)=0.000000 → cannot exceed 0.
[236.990s] PRUNE: margin=-5.000000, optimistic_rem(widened)=0.000000 → cannot exceed 0.
[237.181s] PRUNE: margin=-5.000000, optimistic_rem(widened)=0.000000 → cannot exceed 0.
[237.372s] PRUNE: margin=-5.000000, optimistic_rem(widened)=0.000000 → cannot exceed 0.
[237.564s] PRUNE: margin=-5.000000, optimistic_rem(widened)=0.000000 → cannot exceed 0.
[237.755s] PRUNE: margin=-5.000000, optimistic_rem(widened)=0.000000 → cannot exceed 0.
[237.946s] PRUNE: margin=-5.000000, optimistic_rem(widened)=0.000000 → cannot exceed 0.
[238.329s] PRUNE: margin=-5.000000, optimistic_rem(widened)=0.000000 → cannot exceed 0.
[238.520s] PRUNE: margin=-5.000000, optimistic_rem(widened)=0.000000 → cannot exceed 0.
[238.711s] PRUNE: margin=-5.000000, optimistic_rem(widened)=0.000000 → cannot exceed 0.
[238.902s] PRUNE: margin=-5.000000, optimistic_rem(widened)=0.000000 → cannot exceed 0.
[239.094s] PRUNE: margin=-5.000000, optimistic_rem(widened)=0.000000 → cannot exceed 0.
[239.476s] PRUNE: margin=-5.000000, optimistic_rem(widened)=0.000000 → cannot exceed 0.
[239.667s] PRUNE: margin=-5.000000, optimistic_rem(widened)=0.000000 → cannot exceed 0.
[239.859s] PRUNE: margin=-5.000000, optimistic_rem(widened)=0.000000 → cannot exceed 0.
[240.050s] PRUNE: margin=-5.000000, optimistic_rem(widened)=0.000000 → cannot exceed 0.
[240.432s] PRUNE: margin=-5.000000, optimistic_rem(widened)=0.000000 → cannot exceed 0.
[240.624s] PRUNE: margin=-5.000000, optimistic_rem(widened)=0.000000 → cannot exceed 0.
[240.815s] PRUNE: margin=-5.000000, optimistic_rem(widened)=0.000000 → cannot exceed 0.
[241.197s] PRUNE: margin=-5.000000, optimistic_rem(widened)=0.000000 → cannot exceed 0.
[241.389s] PRUNE: margin=-5.000000, optimistic_rem(widened)=0.000000 → cannot exceed 0.
[241.771s] PRUNE: margin=-5.000000, optimistic_rem(widened)=0.000000 → cannot exceed 0.
[246.169s] PRUNE: margin=-5.000000, optimistic_rem(widened)=0.000000 → cannot exceed 0.
[246.360s] PRUNE: margin=-5.000000, optimistic_rem(widened)=0.000000 → cannot exceed 0.
[246.551s] PRUNE: margin=-5.000000, optimistic_rem(widened)=0.000000 → cannot exceed 0.
[246.743s] PRUNE: margin=-5.000000, optimistic_rem(widened)=0.000000 → cannot exceed 0.
[246.934s] PRUNE: margin=-5.000000, optimistic_rem(widened)=0.000000 → cannot exceed 0.
[247.125s] PRUNE: margin=-5.000000, optimistic_rem(widened)=0.000000 → cannot exceed 0.
[250.089s] PRUNE: margin=-5.000000, optimistic_rem(widened)=0.000000 → cannot exceed 0.
[250.280s] PRUNE: margin=-5.000000, optimistic_rem(widened)=0.000000 → cannot exceed 0.
[250.471s] PRUNE: margin=-5.000000, optimistic_rem(widened)=0.000000 → cannot exceed 0.
[250.663s] PRUNE: margin=-5.000000, optimistic_rem(widened)=0.000000 → cannot exceed 0.
[250.854s] PRUNE: margin=-5.000000, optimistic_rem(widened)=0.000000 → cannot exceed 0.
[251.045s] PRUNE: margin=-5.000000, optimistic_rem(widened)=0.000000 → cannot exceed 0.
[253.053s] PRUNE: margin=-5.000000, optimistic_rem(widened)=0.000000 → cannot exceed 0.
[253.244s] PRUNE: margin=-5.000000, optimistic_rem(widened)=0.000000 → cannot exceed 0.
[253.435s] PRUNE: margin=-5.000000, optimistic_rem(widened)=0.000000 → cannot exceed 0.
[253.627s] PRUNE: margin=-5.000000, optimistic_rem(widened)=0.000000 → cannot exceed 0.
[253.818s] PRUNE: margin=-5.000000, optimistic_rem(widened)=0.000000 → cannot exceed 0.
[254.009s] PRUNE: margin=-5.000000, optimistic_rem(widened)=0.000000 → cannot exceed 0.
[255.157s] PRUNE: margin=-5.000000, optimistic_rem(widened)=0.000000 → cannot exceed 0.
[255.348s] PRUNE: margin=-5.000000, optimistic_rem(widened)=0.000000 → cannot exceed 0.
[255.539s] PRUNE: margin=-5.000000, optimistic_rem(widened)=0.000000 → cannot exceed 0.
[255.731s] PRUNE: margin=-5.000000, optimistic_rem(widened)=0.000000 → cannot exceed 0.
[255.922s] PRUNE: margin=-5.000000, optimistic_rem(widened)=0.000000 → cannot exceed 0.
[256.113s] PRUNE: margin=-5.000000, optimistic_rem(widened)=0.000000 → cannot exceed 0.
[256.495s] PRUNE: margin=-5.000000, optimistic_rem(widened)=0.000000 → cannot exceed 0.
[256.687s] PRUNE: margin=-5.000000, optimistic_rem(widened)=0.000000 → cannot exceed 0.
[256.878s] PRUNE: margin=-5.000000, optimistic_rem(widened)=0.000000 → cannot exceed 0.
[257.069s] PRUNE: margin=-5.000000, optimistic_rem(widened)=0.000000 → cannot exceed 0.
[257.261s] PRUNE: margin=-5.000000, optimistic_rem(widened)=0.000000 → cannot exceed 0.
[257.452s] PRUNE: margin=-5.000000, optimistic_rem(widened)=0.000000 → cannot exceed 0.
[257.739s] PRUNE: margin=-5.000000, optimistic_rem(widened)=2.000000 → cannot exceed 0.
[257.930s] PRUNE: margin=-5.000000, optimistic_rem(widened)=2.000000 → cannot exceed 0.
[258.121s] PRUNE: margin=-5.000000, optimistic_rem(widened)=2.000000 → cannot exceed 0.
[258.313s] PRUNE: margin=-5.000000, optimistic_rem(widened)=2.000000 → cannot exceed 0.
[258.599s] PRUNE: margin=-5.000000, optimistic_rem(widened)=0.000000 → cannot exceed 0.
[261.945s] PRUNE: margin=-5.000000, optimistic_rem(widened)=0.000000 → cannot exceed 0.
[262.136s] PRUNE: margin=-5.000000, optimistic_rem(widened)=0.000000 → cannot exceed 0.
[262.327s] PRUNE: margin=-5.000000, optimistic_rem(widened)=0.000000 → cannot exceed 0.
[262.519s] PRUNE: margin=-5.000000, optimistic_rem(widened)=0.000000 → cannot exceed 0.
[262.710s] PRUNE: margin=-5.000000, optimistic_rem(widened)=0.000000 → cannot exceed 0.
[262.901s] PRUNE: margin=-5.000000, optimistic_rem(widened)=0.000000 → cannot exceed 0.
[264.909s] PRUNE: margin=-5.000000, optimistic_rem(widened)=0.000000 → cannot exceed 0.
[265.100s] PRUNE: margin=-5.000000, optimistic_rem(widened)=0.000000 → cannot exceed 0.
[265.291s] PRUNE: margin=-5.000000, optimistic_rem(widened)=0.000000 → cannot exceed 0.
[265.482s] PRUNE: margin=-5.000000, optimistic_rem(widened)=0.000000 → cannot exceed 0.
[265.673s] PRUNE: margin=-5.000000, optimistic_rem(widened)=0.000000 → cannot exceed 0.
[265.865s] PRUNE: margin=-5.000000, optimistic_rem(widened)=0.000000 → cannot exceed 0.
[267.012s] PRUNE: margin=-5.000000, optimistic_rem(widened)=0.000000 → cannot exceed 0.
[267.203s] PRUNE: margin=-5.000000, optimistic_rem(widened)=0.000000 → cannot exceed 0.
[267.394s] PRUNE: margin=-5.000000, optimistic_rem(widened)=0.000000 → cannot exceed 0.
[267.586s] PRUNE: margin=-5.000000, optimistic_rem(widened)=0.000000 → cannot exceed 0.
[267.777s] PRUNE: margin=-5.000000, optimistic_rem(widened)=0.000000 → cannot exceed 0.
[267.968s] PRUNE: margin=-5.000000, optimistic_rem(widened)=0.000000 → cannot exceed 0.
[268.350s] PRUNE: margin=-5.000000, optimistic_rem(widened)=0.000000 → cannot exceed 0.
[268.542s] PRUNE: margin=-5.000000, optimistic_rem(widened)=0.000000 → cannot exceed 0.
[268.733s] PRUNE: margin=-5.000000, optimistic_rem(widened)=0.000000 → cannot exceed 0.
[268.924s] PRUNE: margin=-5.000000, optimistic_rem(widened)=0.000000 → cannot exceed 0.
[269.115s] PRUNE: margin=-5.000000, optimistic_rem(widened)=0.000000 → cannot exceed 0.
[269.307s] PRUNE: margin=-5.000000, optimistic_rem(widened)=0.000000 → cannot exceed 0.
[269.593s] PRUNE: margin=-5.000000, optimistic_rem(widened)=2.000000 → cannot exceed 0.
[269.784s] PRUNE: margin=-5.000000, optimistic_rem(widened)=2.000000 → cannot exceed 0.
[269.976s] PRUNE: margin=-5.000000, optimistic_rem(widened)=2.000000 → cannot exceed 0.
[270.167s] PRUNE: margin=-5.000000, optimistic_rem(widened)=2.000000 → cannot exceed 0.
[270.454s] PRUNE: margin=-5.000000, optimistic_rem(widened)=0.000000 → cannot exceed 0.
[271.218s] PRUNE: margin=-5.000000, optimistic_rem(widened)=0.000000 → cannot exceed 0.
[272.843s] PRUNE: margin=-5.000000, optimistic_rem(widened)=0.000000 → cannot exceed 0.
[273.035s] PRUNE: margin=-5.000000, optimistic_rem(widened)=0.000000 → cannot exceed 0.
[273.226s] PRUNE: margin=-5.000000, optimistic_rem(widened)=0.000000 → cannot exceed 0.
[273.417s] PRUNE: margin=-5.000000, optimistic_rem(widened)=0.000000 → cannot exceed 0.
[273.608s] PRUNE: margin=-5.000000, optimistic_rem(widened)=0.000000 → cannot exceed 0.
[274.755s] PRUNE: margin=-5.000000, optimistic_rem(widened)=0.000000 → cannot exceed 0.
[274.947s] PRUNE: margin=-5.000000, optimistic_rem(widened)=0.000000 → cannot exceed 0.
[275.138s] PRUNE: margin=-5.000000, optimistic_rem(widened)=0.000000 → cannot exceed 0.
[275.329s] PRUNE: margin=-5.000000, optimistic_rem(widened)=0.000000 → cannot exceed 0.
[275.520s] PRUNE: margin=-5.000000, optimistic_rem(widened)=0.000000 → cannot exceed 0.
[275.711s] PRUNE: margin=-5.000000, optimistic_rem(widened)=0.000000 → cannot exceed 0.
[276.094s] PRUNE: margin=-5.000000, optimistic_rem(widened)=0.000000 → cannot exceed 0.
[276.285s] PRUNE: margin=-5.000000, optimistic_rem(widened)=0.000000 → cannot exceed 0.
[276.476s] PRUNE: margin=-5.000000, optimistic_rem(widened)=0.000000 → cannot exceed 0.
[276.668s] PRUNE: margin=-5.000000, optimistic_rem(widened)=0.000000 → cannot exceed 0.
[276.859s] PRUNE: margin=-5.000000, optimistic_rem(widened)=0.000000 → cannot exceed 0.
[277.050s] PRUNE: margin=-5.000000, optimistic_rem(widened)=0.000000 → cannot exceed 0.
[277.337s] PRUNE: margin=-5.000000, optimistic_rem(widened)=2.000000 → cannot exceed 0.
[277.529s] PRUNE: margin=-5.000000, optimistic_rem(widened)=2.000000 → cannot exceed 0.
[277.720s] PRUNE: margin=-5.000000, optimistic_rem(widened)=2.000000 → cannot exceed 0.
[277.911s] PRUNE: margin=-5.000000, optimistic_rem(widened)=2.000000 → cannot exceed 0.
[278.198s] PRUNE: margin=-5.000000, optimistic_rem(widened)=0.000000 → cannot exceed 0.
[279.727s] PRUNE: margin=-5.000000, optimistic_rem(widened)=0.000000 → cannot exceed 0.
[279.919s] PRUNE: margin=-5.000000, optimistic_rem(widened)=0.000000 → cannot exceed 0.
[280.110s] PRUNE: margin=-5.000000, optimistic_rem(widened)=0.000000 → cannot exceed 0.
[280.301s] PRUNE: margin=-5.000000, optimistic_rem(widened)=0.000000 → cannot exceed 0.
[280.492s] PRUNE: margin=-5.000000, optimistic_rem(widened)=0.000000 → cannot exceed 0.
[280.683s] PRUNE: margin=-5.000000, optimistic_rem(widened)=0.000000 → cannot exceed 0.
[281.066s] PRUNE: margin=-5.000000, optimistic_rem(widened)=0.000000 → cannot exceed 0.
[281.257s] PRUNE: margin=-5.000000, optimistic_rem(widened)=0.000000 → cannot exceed 0.
[281.449s] PRUNE: margin=-5.000000, optimistic_rem(widened)=0.000000 → cannot exceed 0.
[281.640s] PRUNE: margin=-5.000000, optimistic_rem(widened)=0.000000 → cannot exceed 0.
[281.831s] PRUNE: margin=-5.000000, optimistic_rem(widened)=0.000000 → cannot exceed 0.
[282.022s] PRUNE: margin=-5.000000, optimistic_rem(widened)=0.000000 → cannot exceed 0.
[282.309s] PRUNE: margin=-5.000000, optimistic_rem(widened)=2.000000 → cannot exceed 0.
[282.501s] PRUNE: margin=-5.000000, optimistic_rem(widened)=2.000000 → cannot exceed 0.
[282.692s] PRUNE: margin=-5.000000, optimistic_rem(widened)=2.000000 → cannot exceed 0.
[282.979s] PRUNE: margin=-5.000000, optimistic_rem(widened)=0.000000 → cannot exceed 0.
[283.170s] PRUNE: margin=-5.000000, optimistic_rem(widened)=0.000000 → cannot exceed 0.
[283.552s] PRUNE: margin=-5.000000, optimistic_rem(widened)=0.000000 → cannot exceed 0.
[284.317s] PRUNE: margin=-5.000000, optimistic_rem(widened)=0.000000 → cannot exceed 0.
[284.508s] PRUNE: margin=-5.000000, optimistic_rem(widened)=0.000000 → cannot exceed 0.
[284.700s] PRUNE: margin=-5.000000, optimistic_rem(widened)=0.000000 → cannot exceed 0.
[284.891s] PRUNE: margin=-5.000000, optimistic_rem(widened)=0.000000 → cannot exceed 0.
[285.082s] PRUNE: margin=-5.000000, optimistic_rem(widened)=0.000000 → cannot exceed 0.
[285.273s] PRUNE: margin=-5.000000, optimistic_rem(widened)=0.000000 → cannot exceed 0.
[285.656s] PRUNE: margin=-5.000000, optimistic_rem(widened)=0.000000 → cannot exceed 0.
[285.848s] PRUNE: margin=-5.000000, optimistic_rem(widened)=0.000000 → cannot exceed 0.
[286.039s] PRUNE: margin=-5.000000, optimistic_rem(widened)=0.000000 → cannot exceed 0.
[286.231s] PRUNE: margin=-5.000000, optimistic_rem(widened)=0.000000 → cannot exceed 0.
[286.423s] PRUNE: margin=-5.000000, optimistic_rem(widened)=0.000000 → cannot exceed 0.
[286.806s] PRUNE: margin=-5.000000, optimistic_rem(widened)=0.000000 → cannot exceed 0.
[286.998s] PRUNE: margin=-5.000000, optimistic_rem(widened)=0.000000 → cannot exceed 0.
[287.190s] PRUNE: margin=-5.000000, optimistic_rem(widened)=0.000000 → cannot exceed 0.
[287.382s] PRUNE: margin=-5.000000, optimistic_rem(widened)=0.000000 → cannot exceed 0.
[287.765s] PRUNE: margin=-5.000000, optimistic_rem(widened)=0.000000 → cannot exceed 0.
[287.957s] PRUNE: margin=-5.000000, optimistic_rem(widened)=0.000000 → cannot exceed 0.
[288.148s] PRUNE: margin=-5.000000, optimistic_rem(widened)=0.000000 → cannot exceed 0.
[288.532s] PRUNE: margin=-5.000000, optimistic_rem(widened)=0.000000 → cannot exceed 0.
[288.724s] PRUNE: margin=-5.000000, optimistic_rem(widened)=0.000000 → cannot exceed 0.
[289.107s] PRUNE: margin=-5.000000, optimistic_rem(widened)=0.000000 → cannot exceed 0.
[289.874s] PRUNE: margin=-5.000000, optimistic_rem(widened)=0.000000 → cannot exceed 0.
[290.066s] PRUNE: margin=-5.000000, optimistic_rem(widened)=0.000000 → cannot exceed 0.
[290.258s] PRUNE: margin=-5.000000, optimistic_rem(widened)=0.000000 → cannot exceed 0.
[290.449s] PRUNE: margin=-5.000000, optimistic_rem(widened)=0.000000 → cannot exceed 0.
[290.641s] PRUNE: margin=-5.000000, optimistic_rem(widened)=0.000000 → cannot exceed 0.
[291.024s] PRUNE: margin=-5.000000, optimistic_rem(widened)=0.000000 → cannot exceed 0.
[291.216s] PRUNE: margin=-5.000000, optimistic_rem(widened)=0.000000 → cannot exceed 0.
[291.408s] PRUNE: margin=-5.000000, optimistic_rem(widened)=0.000000 → cannot exceed 0.
[291.600s] PRUNE: margin=-5.000000, optimistic_rem(widened)=0.000000 → cannot exceed 0.
[291.983s] PRUNE: margin=-5.000000, optimistic_rem(widened)=0.000000 → cannot exceed 0.
[292.175s] PRUNE: margin=-5.000000, optimistic_rem(widened)=0.000000 → cannot exceed 0.
[292.367s] PRUNE: margin=-5.000000, optimistic_rem(widened)=0.000000 → cannot exceed 0.
[292.622s] PRUNE: margin=-5.000000, optimistic_rem(widened)=0.000000 → cannot exceed 0.
[292.755s] PRUNE: margin=-5.000000, optimistic_rem(widened)=0.000000 → cannot exceed 0.
[293.139s] PRUNE: margin=-5.000000, optimistic_rem(widened)=0.000000 → cannot exceed 0.
[293.715s] PRUNE: margin=-5.000000, optimistic_rem(widened)=4.000000 → cannot exceed 0.
[293.907s] PRUNE: margin=-5.000000, optimistic_rem(widened)=4.000000 → cannot exceed 0.
[294.099s] PRUNE: margin=-5.000000, optimistic_rem(widened)=4.000000 → cannot exceed 0.
[294.291s] PRUNE: margin=-5.000000, optimistic_rem(widened)=4.000000 → cannot exceed 0.
[295.250s] PRUNE: margin=-5.000000, optimistic_rem(widened)=4.000000 → cannot exceed 0.
[295.442s] PRUNE: margin=-5.000000, optimistic_rem(widened)=4.000000 → cannot exceed 0.
[295.633s] PRUNE: margin=-5.000000, optimistic_rem(widened)=4.000000 → cannot exceed 0.
[295.825s] PRUNE: margin=-5.000000, optimistic_rem(widened)=4.000000 → cannot exceed 0.
[296.017s] PRUNE: margin=-5.000000, optimistic_rem(widened)=4.000000 → cannot exceed 0.
[296.209s] PRUNE: margin=-5.000000, optimistic_rem(widened)=4.000000 → cannot exceed 0.
[305.893s] PRUNE: margin=-5.000000, optimistic_rem(widened)=4.000000 → cannot exceed 0.
[306.085s] PRUNE: margin=-5.000000, optimistic_rem(widened)=4.000000 → cannot exceed 0.
[306.277s] PRUNE: margin=-5.000000, optimistic_rem(widened)=4.000000 → cannot exceed 0.
[306.661s] PRUNE: margin=-5.000000, optimistic_rem(widened)=0.000000 → cannot exceed 0.
[306.853s] PRUNE: margin=-5.000000, optimistic_rem(widened)=0.000000 → cannot exceed 0.
[307.045s] PRUNE: margin=-5.000000, optimistic_rem(widened)=0.000000 → cannot exceed 0.
[307.237s] PRUNE: margin=-5.000000, optimistic_rem(widened)=0.000000 → cannot exceed 0.
[307.429s] PRUNE: margin=-5.000000, optimistic_rem(widened)=0.000000 → cannot exceed 0.
[307.621s] PRUNE: margin=-5.000000, optimistic_rem(widened)=0.000000 → cannot exceed 0.
[308.004s] PRUNE: margin=-5.000000, optimistic_rem(widened)=0.000000 → cannot exceed 0.
[308.196s] PRUNE: margin=-5.000000, optimistic_rem(widened)=0.000000 → cannot exceed 0.
[308.388s] PRUNE: margin=-5.000000, optimistic_rem(widened)=0.000000 → cannot exceed 0.
[308.580s] PRUNE: margin=-5.000000, optimistic_rem(widened)=0.000000 → cannot exceed 0.
[308.772s] PRUNE: margin=-5.000000, optimistic_rem(widened)=0.000000 → cannot exceed 0.
[309.156s] PRUNE: margin=-5.000000, optimistic_rem(widened)=0.000000 → cannot exceed 0.
[309.348s] PRUNE: margin=-5.000000, optimistic_rem(widened)=0.000000 → cannot exceed 0.
[309.540s] PRUNE: margin=-5.000000, optimistic_rem(widened)=0.000000 → cannot exceed 0.
[309.732s] PRUNE: margin=-5.000000, optimistic_rem(widened)=0.000000 → cannot exceed 0.
[310.115s] PRUNE: margin=-5.000000, optimistic_rem(widened)=0.000000 → cannot exceed 0.
[310.308s] PRUNE: margin=-5.000000, optimistic_rem(widened)=0.000000 → cannot exceed 0.
[310.500s] PRUNE: margin=-5.000000, optimistic_rem(widened)=0.000000 → cannot exceed 0.
[310.884s] PRUNE: margin=-5.000000, optimistic_rem(widened)=0.000000 → cannot exceed 0.
[311.075s] PRUNE: margin=-5.000000, optimistic_rem(widened)=0.000000 → cannot exceed 0.
[311.459s] PRUNE: margin=-5.000000, optimistic_rem(widened)=0.000000 → cannot exceed 0.
[312.227s] PRUNE: margin=-5.000000, optimistic_rem(widened)=0.000000 → cannot exceed 0.
[312.419s] PRUNE: margin=-5.000000, optimistic_rem(widened)=0.000000 → cannot exceed 0.
[312.611s] PRUNE: margin=-5.000000, optimistic_rem(widened)=0.000000 → cannot exceed 0.
[312.803s] PRUNE: margin=-5.000000, optimistic_rem(widened)=0.000000 → cannot exceed 0.
[312.995s] PRUNE: margin=-5.000000, optimistic_rem(widened)=0.000000 → cannot exceed 0.
[313.379s] PRUNE: margin=-5.000000, optimistic_rem(widened)=0.000000 → cannot exceed 0.
[313.570s] PRUNE: margin=-5.000000, optimistic_rem(widened)=0.000000 → cannot exceed 0.
[313.762s] PRUNE: margin=-5.000000, optimistic_rem(widened)=0.000000 → cannot exceed 0.
[313.954s] PRUNE: margin=-5.000000, optimistic_rem(widened)=0.000000 → cannot exceed 0.
[314.338s] PRUNE: margin=-5.000000, optimistic_rem(widened)=0.000000 → cannot exceed 0.
[314.530s] PRUNE: margin=-5.000000, optimistic_rem(widened)=0.000000 → cannot exceed 0.
[314.722s] PRUNE: margin=-5.000000, optimistic_rem(widened)=0.000000 → cannot exceed 0.
[315.106s] PRUNE: margin=-5.000000, optimistic_rem(widened)=0.000000 → cannot exceed 0.
[315.298s] PRUNE: margin=-5.000000, optimistic_rem(widened)=0.000000 → cannot exceed 0.
[315.682s] PRUNE: margin=-5.000000, optimistic_rem(widened)=0.000000 → cannot exceed 0.
[316.449s] PRUNE: margin=-5.000000, optimistic_rem(widened)=0.000000 → cannot exceed 0.
[316.641s] PRUNE: margin=-5.000000, optimistic_rem(widened)=0.000000 → cannot exceed 0.
[316.833s] PRUNE: margin=-5.000000, optimistic_rem(widened)=0.000000 → cannot exceed 0.
[317.025s] PRUNE: margin=-5.000000, optimistic_rem(widened)=0.000000 → cannot exceed 0.
[317.409s] PRUNE: margin=-5.000000, optimistic_rem(widened)=0.000000 → cannot exceed 0.
[317.601s] PRUNE: margin=-5.000000, optimistic_rem(widened)=0.000000 → cannot exceed 0.
[317.793s] PRUNE: margin=-5.000000, optimistic_rem(widened)=0.000000 → cannot exceed 0.
[318.177s] PRUNE: margin=-5.000000, optimistic_rem(widened)=0.000000 → cannot exceed 0.
[318.369s] PRUNE: margin=-5.000000, optimistic_rem(widened)=0.000000 → cannot exceed 0.
[318.752s] PRUNE: margin=-5.000000, optimistic_rem(widened)=0.000000 → cannot exceed 0.
[327.288s] PRUNE: margin=-5.000000, optimistic_rem(widened)=0.000000 → cannot exceed 0.
[327.480s] PRUNE: margin=-5.000000, optimistic_rem(widened)=0.000000 → cannot exceed 0.
[327.672s] PRUNE: margin=-5.000000, optimistic_rem(widened)=0.000000 → cannot exceed 0.
[327.864s] PRUNE: margin=-5.000000, optimistic_rem(widened)=0.000000 → cannot exceed 0.
[328.055s] PRUNE: margin=-5.000000, optimistic_rem(widened)=0.000000 → cannot exceed 0.
[329.877s] PRUNE: margin=-5.000000, optimistic_rem(widened)=0.000000 → cannot exceed 0.
[330.069s] PRUNE: margin=-5.000000, optimistic_rem(widened)=0.000000 → cannot exceed 0.
[330.261s] PRUNE: margin=-5.000000, optimistic_rem(widened)=0.000000 → cannot exceed 0.
[330.453s] PRUNE: margin=-5.000000, optimistic_rem(widened)=0.000000 → cannot exceed 0.
[330.644s] PRUNE: margin=-5.000000, optimistic_rem(widened)=0.000000 → cannot exceed 0.
[331.699s] PRUNE: margin=-5.000000, optimistic_rem(widened)=0.000000 → cannot exceed 0.
[331.891s] PRUNE: margin=-5.000000, optimistic_rem(widened)=0.000000 → cannot exceed 0.
[332.082s] PRUNE: margin=-5.000000, optimistic_rem(widened)=0.000000 → cannot exceed 0.
[332.274s] PRUNE: margin=-5.000000, optimistic_rem(widened)=0.000000 → cannot exceed 0.
[332.428s] PRUNE: margin=-5.000000, optimistic_rem(widened)=0.000000 → cannot exceed 0.
[332.662s] PRUNE: margin=-5.000000, optimistic_rem(widened)=0.000000 → cannot exceed 0.
[332.779s] PRUNE: margin=-5.000000, optimistic_rem(widened)=0.000000 → cannot exceed 0.
[332.949s] PRUNE: margin=-5.000000, optimistic_rem(widened)=0.000000 → cannot exceed 0.
[333.140s] PRUNE: margin=-5.000000, optimistic_rem(widened)=0.000000 → cannot exceed 0.
[333.332s] PRUNE: margin=-5.000000, optimistic_rem(widened)=0.000000 → cannot exceed 0.
[333.620s] PRUNE: margin=-5.000000, optimistic_rem(widened)=2.000000 → cannot exceed 0.
[333.812s] PRUNE: margin=-5.000000, optimistic_rem(widened)=2.000000 → cannot exceed 0.
[334.003s] PRUNE: margin=-5.000000, optimistic_rem(widened)=2.000000 → cannot exceed 0.
[334.195s] PRUNE: margin=-5.000000, optimistic_rem(widened)=2.000000 → cannot exceed 0.
[334.387s] PRUNE: margin=-5.000000, optimistic_rem(widened)=2.000000 → cannot exceed 0.
[336.305s] PRUNE: margin=-5.000000, optimistic_rem(widened)=0.000000 → cannot exceed 0.
[336.497s] PRUNE: margin=-5.000000, optimistic_rem(widened)=0.000000 → cannot exceed 0.
[336.689s] PRUNE: margin=-5.000000, optimistic_rem(widened)=0.000000 → cannot exceed 0.
[336.880s] PRUNE: margin=-5.000000, optimistic_rem(widened)=0.000000 → cannot exceed 0.
[337.072s] PRUNE: margin=-5.000000, optimistic_rem(widened)=0.000000 → cannot exceed 0.
[338.126s] PRUNE: margin=-5.000000, optimistic_rem(widened)=0.000000 → cannot exceed 0.
[338.318s] PRUNE: margin=-5.000000, optimistic_rem(widened)=0.000000 → cannot exceed 0.
[338.510s] PRUNE: margin=-5.000000, optimistic_rem(widened)=0.000000 → cannot exceed 0.
[338.702s] PRUNE: margin=-5.000000, optimistic_rem(widened)=0.000000 → cannot exceed 0.
[338.893s] PRUNE: margin=-5.000000, optimistic_rem(widened)=0.000000 → cannot exceed 0.
[339.277s] PRUNE: margin=-5.000000, optimistic_rem(widened)=0.000000 → cannot exceed 0.
[339.469s] PRUNE: margin=-5.000000, optimistic_rem(widened)=0.000000 → cannot exceed 0.
[339.660s] PRUNE: margin=-5.000000, optimistic_rem(widened)=0.000000 → cannot exceed 0.
[339.852s] PRUNE: margin=-5.000000, optimistic_rem(widened)=0.000000 → cannot exceed 0.
[340.044s] PRUNE: margin=-5.000000, optimistic_rem(widened)=0.000000 → cannot exceed 0.
[340.331s] PRUNE: margin=-5.000000, optimistic_rem(widened)=2.000000 → cannot exceed 0.
[340.523s] PRUNE: margin=-5.000000, optimistic_rem(widened)=2.000000 → cannot exceed 0.
[340.715s] PRUNE: margin=-5.000000, optimistic_rem(widened)=2.000000 → cannot exceed 0.
[340.906s] PRUNE: margin=-5.000000, optimistic_rem(widened)=2.000000 → cannot exceed 0.
[341.098s] PRUNE: margin=-5.000000, optimistic_rem(widened)=2.000000 → cannot exceed 0.
[342.248s] PRUNE: margin=-5.000000, optimistic_rem(widened)=0.000000 → cannot exceed 0.
[342.440s] PRUNE: margin=-5.000000, optimistic_rem(widened)=0.000000 → cannot exceed 0.
[342.632s] PRUNE: margin=-5.000000, optimistic_rem(widened)=0.000000 → cannot exceed 0.
[342.823s] PRUNE: margin=-5.000000, optimistic_rem(widened)=0.000000 → cannot exceed 0.
[343.015s] PRUNE: margin=-5.000000, optimistic_rem(widened)=0.000000 → cannot exceed 0.
[343.399s] PRUNE: margin=-5.000000, optimistic_rem(widened)=0.000000 → cannot exceed 0.
[343.590s] PRUNE: margin=-5.000000, optimistic_rem(widened)=0.000000 → cannot exceed 0.
[343.782s] PRUNE: margin=-5.000000, optimistic_rem(widened)=0.000000 → cannot exceed 0.
[343.974s] PRUNE: margin=-5.000000, optimistic_rem(widened)=0.000000 → cannot exceed 0.
[344.166s] PRUNE: margin=-5.000000, optimistic_rem(widened)=0.000000 → cannot exceed 0.
[344.453s] PRUNE: margin=-5.000000, optimistic_rem(widened)=2.000000 → cannot exceed 0.
[344.645s] PRUNE: margin=-5.000000, optimistic_rem(widened)=2.000000 → cannot exceed 0.
[344.837s] PRUNE: margin=-5.000000, optimistic_rem(widened)=2.000000 → cannot exceed 0.
[345.029s] PRUNE: margin=-5.000000, optimistic_rem(widened)=2.000000 → cannot exceed 0.
[345.220s] PRUNE: margin=-5.000000, optimistic_rem(widened)=2.000000 → cannot exceed 0.
[345.700s] PRUNE: margin=-5.000000, optimistic_rem(widened)=0.000000 → cannot exceed 0.
[345.891s] PRUNE: margin=-5.000000, optimistic_rem(widened)=0.000000 → cannot exceed 0.
[346.083s] PRUNE: margin=-5.000000, optimistic_rem(widened)=0.000000 → cannot exceed 0.
[346.275s] PRUNE: margin=-5.000000, optimistic_rem(widened)=0.000000 → cannot exceed 0.
[346.467s] PRUNE: margin=-5.000000, optimistic_rem(widened)=0.000000 → cannot exceed 0.
[346.754s] PRUNE: margin=-5.000000, optimistic_rem(widened)=2.000000 → cannot exceed 0.
[346.946s] PRUNE: margin=-5.000000, optimistic_rem(widened)=2.000000 → cannot exceed 0.
[347.138s] PRUNE: margin=-5.000000, optimistic_rem(widened)=2.000000 → cannot exceed 0.
[347.330s] PRUNE: margin=-5.000000, optimistic_rem(widened)=2.000000 → cannot exceed 0.
[347.522s] PRUNE: margin=-5.000000, optimistic_rem(widened)=2.000000 → cannot exceed 0.
[347.905s] PRUNE: margin=-5.000000, optimistic_rem(widened)=2.000000 → cannot exceed 0.
[348.097s] PRUNE: margin=-5.000000, optimistic_rem(widened)=2.000000 → cannot exceed 0.
[348.289s] PRUNE: margin=-5.000000, optimistic_rem(widened)=2.000000 → cannot exceed 0.
[348.480s] PRUNE: margin=-5.000000, optimistic_rem(widened)=2.000000 → cannot exceed 0.
[348.595s] PRUNE: margin=-5.000000, optimistic_rem(widened)=2.000000 → cannot exceed 0.
[348.769s] PRUNE: margin=-5.000000, optimistic_rem(widened)=4.000000 → cannot exceed 0.
[348.884s] PRUNE: margin=-5.000000, optimistic_rem(widened)=4.000000 → cannot exceed 0.
[349.056s] PRUNE: margin=-5.000000, optimistic_rem(widened)=4.000000 → cannot exceed 0.
[349.242s] PRUNE: margin=-5.000000, optimistic_rem(widened)=4.000000 → cannot exceed 0.
[349.373s] PRUNE: margin=-5.000000, optimistic_rem(widened)=4.000000 → cannot exceed 0.
[351.380s] PRUNE: margin=-5.000000, optimistic_rem(widened)=0.000000 → cannot exceed 0.
[351.572s] PRUNE: margin=-5.000000, optimistic_rem(widened)=0.000000 → cannot exceed 0.
[351.764s] PRUNE: margin=-5.000000, optimistic_rem(widened)=0.000000 → cannot exceed 0.
[351.956s] PRUNE: margin=-5.000000, optimistic_rem(widened)=0.000000 → cannot exceed 0.
[352.148s] PRUNE: margin=-5.000000, optimistic_rem(widened)=0.000000 → cannot exceed 0.
[353.202s] PRUNE: margin=-5.000000, optimistic_rem(widened)=0.000000 → cannot exceed 0.
[353.394s] PRUNE: margin=-5.000000, optimistic_rem(widened)=0.000000 → cannot exceed 0.
[353.586s] PRUNE: margin=-5.000000, optimistic_rem(widened)=0.000000 → cannot exceed 0.
[353.778s] PRUNE: margin=-5.000000, optimistic_rem(widened)=0.000000 → cannot exceed 0.
[353.970s] PRUNE: margin=-5.000000, optimistic_rem(widened)=0.000000 → cannot exceed 0.
[354.353s] PRUNE: margin=-5.000000, optimistic_rem(widened)=0.000000 → cannot exceed 0.
[354.546s] PRUNE: margin=-5.000000, optimistic_rem(widened)=0.000000 → cannot exceed 0.
[354.738s] PRUNE: margin=-5.000000, optimistic_rem(widened)=0.000000 → cannot exceed 0.
[354.930s] PRUNE: margin=-5.000000, optimistic_rem(widened)=0.000000 → cannot exceed 0.
[355.122s] PRUNE: margin=-5.000000, optimistic_rem(widened)=0.000000 → cannot exceed 0.
[355.409s] PRUNE: margin=-5.000000, optimistic_rem(widened)=2.000000 → cannot exceed 0.
[355.601s] PRUNE: margin=-5.000000, optimistic_rem(widened)=2.000000 → cannot exceed 0.
[355.793s] PRUNE: margin=-5.000000, optimistic_rem(widened)=2.000000 → cannot exceed 0.
[355.985s] PRUNE: margin=-5.000000, optimistic_rem(widened)=2.000000 → cannot exceed 0.
[356.176s] PRUNE: margin=-5.000000, optimistic_rem(widened)=2.000000 → cannot exceed 0.
[357.327s] PRUNE: margin=-5.000000, optimistic_rem(widened)=0.000000 → cannot exceed 0.
[357.519s] PRUNE: margin=-5.000000, optimistic_rem(widened)=0.000000 → cannot exceed 0.
[357.711s] PRUNE: margin=-5.000000, optimistic_rem(widened)=0.000000 → cannot exceed 0.
[357.903s] PRUNE: margin=-5.000000, optimistic_rem(widened)=0.000000 → cannot exceed 0.
[358.094s] PRUNE: margin=-5.000000, optimistic_rem(widened)=0.000000 → cannot exceed 0.
[358.478s] PRUNE: margin=-5.000000, optimistic_rem(widened)=0.000000 → cannot exceed 0.
[358.670s] PRUNE: margin=-5.000000, optimistic_rem(widened)=0.000000 → cannot exceed 0.
[358.862s] PRUNE: margin=-5.000000, optimistic_rem(widened)=0.000000 → cannot exceed 0.
[359.053s] PRUNE: margin=-5.000000, optimistic_rem(widened)=0.000000 → cannot exceed 0.
[359.245s] PRUNE: margin=-5.000000, optimistic_rem(widened)=0.000000 → cannot exceed 0.
[359.533s] PRUNE: margin=-5.000000, optimistic_rem(widened)=2.000000 → cannot exceed 0.
[359.725s] PRUNE: margin=-5.000000, optimistic_rem(widened)=2.000000 → cannot exceed 0.
[359.917s] PRUNE: margin=-5.000000, optimistic_rem(widened)=2.000000 → cannot exceed 0.
[360.109s] PRUNE: margin=-5.000000, optimistic_rem(widened)=2.000000 → cannot exceed 0.
[360.301s] PRUNE: margin=-5.000000, optimistic_rem(widened)=2.000000 → cannot exceed 0.
[360.780s] PRUNE: margin=-5.000000, optimistic_rem(widened)=0.000000 → cannot exceed 0.
[360.972s] PRUNE: margin=-5.000000, optimistic_rem(widened)=0.000000 → cannot exceed 0.
[361.163s] PRUNE: margin=-5.000000, optimistic_rem(widened)=0.000000 → cannot exceed 0.
[361.355s] PRUNE: margin=-5.000000, optimistic_rem(widened)=0.000000 → cannot exceed 0.
[361.547s] PRUNE: margin=-5.000000, optimistic_rem(widened)=0.000000 → cannot exceed 0.
[361.835s] PRUNE: margin=-5.000000, optimistic_rem(widened)=2.000000 → cannot exceed 0.
[362.027s] PRUNE: margin=-5.000000, optimistic_rem(widened)=2.000000 → cannot exceed 0.
[362.219s] PRUNE: margin=-5.000000, optimistic_rem(widened)=2.000000 → cannot exceed 0.
[362.410s] PRUNE: margin=-5.000000, optimistic_rem(widened)=2.000000 → cannot exceed 0.
[362.602s] PRUNE: margin=-5.000000, optimistic_rem(widened)=2.000000 → cannot exceed 0.
[362.986s] PRUNE: margin=-5.000000, optimistic_rem(widened)=2.000000 → cannot exceed 0.
[363.178s] PRUNE: margin=-5.000000, optimistic_rem(widened)=2.000000 → cannot exceed 0.
[363.370s] PRUNE: margin=-5.000000, optimistic_rem(widened)=2.000000 → cannot exceed 0.
[363.561s] PRUNE: margin=-5.000000, optimistic_rem(widened)=2.000000 → cannot exceed 0.
[363.753s] PRUNE: margin=-5.000000, optimistic_rem(widened)=2.000000 → cannot exceed 0.
[364.041s] PRUNE: margin=-5.000000, optimistic_rem(widened)=4.000000 → cannot exceed 0.
[364.233s] PRUNE: margin=-5.000000, optimistic_rem(widened)=4.000000 → cannot exceed 0.
[364.425s] PRUNE: margin=-5.000000, optimistic_rem(widened)=4.000000 → cannot exceed 0.
[364.617s] PRUNE: margin=-5.000000, optimistic_rem(widened)=4.000000 → cannot exceed 0.
[364.808s] PRUNE: margin=-5.000000, optimistic_rem(widened)=4.000000 → cannot exceed 0.
[366.055s] PRUNE: margin=-5.000000, optimistic_rem(widened)=0.000000 → cannot exceed 0.
[366.247s] PRUNE: margin=-5.000000, optimistic_rem(widened)=0.000000 → cannot exceed 0.
[366.438s] PRUNE: margin=-5.000000, optimistic_rem(widened)=0.000000 → cannot exceed 0.
[366.630s] PRUNE: margin=-5.000000, optimistic_rem(widened)=0.000000 → cannot exceed 0.
[366.822s] PRUNE: margin=-5.000000, optimistic_rem(widened)=0.000000 → cannot exceed 0.
[367.206s] PRUNE: margin=-5.000000, optimistic_rem(widened)=0.000000 → cannot exceed 0.
[367.397s] PRUNE: margin=-5.000000, optimistic_rem(widened)=0.000000 → cannot exceed 0.
[367.589s] PRUNE: margin=-5.000000, optimistic_rem(widened)=0.000000 → cannot exceed 0.
[367.781s] PRUNE: margin=-5.000000, optimistic_rem(widened)=0.000000 → cannot exceed 0.
[367.973s] PRUNE: margin=-5.000000, optimistic_rem(widened)=0.000000 → cannot exceed 0.
[368.260s] PRUNE: margin=-5.000000, optimistic_rem(widened)=2.000000 → cannot exceed 0.
[368.452s] PRUNE: margin=-5.000000, optimistic_rem(widened)=2.000000 → cannot exceed 0.
[368.644s] PRUNE: margin=-5.000000, optimistic_rem(widened)=2.000000 → cannot exceed 0.
[368.836s] PRUNE: margin=-5.000000, optimistic_rem(widened)=2.000000 → cannot exceed 0.
[369.028s] PRUNE: margin=-5.000000, optimistic_rem(widened)=2.000000 → cannot exceed 0.
[369.507s] PRUNE: margin=-5.000000, optimistic_rem(widened)=0.000000 → cannot exceed 0.
[369.699s] PRUNE: margin=-5.000000, optimistic_rem(widened)=0.000000 → cannot exceed 0.
[369.891s] PRUNE: margin=-5.000000, optimistic_rem(widened)=0.000000 → cannot exceed 0.
[370.083s] PRUNE: margin=-5.000000, optimistic_rem(widened)=0.000000 → cannot exceed 0.
[370.274s] PRUNE: margin=-5.000000, optimistic_rem(widened)=0.000000 → cannot exceed 0.
[370.562s] PRUNE: margin=-5.000000, optimistic_rem(widened)=2.000000 → cannot exceed 0.
[370.754s] PRUNE: margin=-5.000000, optimistic_rem(widened)=2.000000 → cannot exceed 0.
[370.946s] PRUNE: margin=-5.000000, optimistic_rem(widened)=2.000000 → cannot exceed 0.
[371.138s] PRUNE: margin=-5.000000, optimistic_rem(widened)=2.000000 → cannot exceed 0.
[371.330s] PRUNE: margin=-5.000000, optimistic_rem(widened)=2.000000 → cannot exceed 0.
[371.713s] PRUNE: margin=-5.000000, optimistic_rem(widened)=2.000000 → cannot exceed 0.
[371.905s] PRUNE: margin=-5.000000, optimistic_rem(widened)=2.000000 → cannot exceed 0.
[372.097s] PRUNE: margin=-5.000000, optimistic_rem(widened)=2.000000 → cannot exceed 0.
[372.289s] PRUNE: margin=-5.000000, optimistic_rem(widened)=2.000000 → cannot exceed 0.
[372.481s] PRUNE: margin=-5.000000, optimistic_rem(widened)=2.000000 → cannot exceed 0.
[372.769s] PRUNE: margin=-5.000000, optimistic_rem(widened)=4.000000 → cannot exceed 0.
[372.960s] PRUNE: margin=-5.000000, optimistic_rem(widened)=4.000000 → cannot exceed 0.
[373.152s] PRUNE: margin=-5.000000, optimistic_rem(widened)=4.000000 → cannot exceed 0.
[373.344s] PRUNE: margin=-5.000000, optimistic_rem(widened)=4.000000 → cannot exceed 0.
[373.536s] PRUNE: margin=-5.000000, optimistic_rem(widened)=4.000000 → cannot exceed 0.
[374.111s] PRUNE: margin=-5.000000, optimistic_rem(widened)=0.000000 → cannot exceed 0.
[374.303s] PRUNE: margin=-5.000000, optimistic_rem(widened)=0.000000 → cannot exceed 0.
[374.495s] PRUNE: margin=-5.000000, optimistic_rem(widened)=0.000000 → cannot exceed 0.
[374.686s] PRUNE: margin=-5.000000, optimistic_rem(widened)=0.000000 → cannot exceed 0.
[374.878s] PRUNE: margin=-5.000000, optimistic_rem(widened)=0.000000 → cannot exceed 0.
[375.166s] PRUNE: margin=-5.000000, optimistic_rem(widened)=2.000000 → cannot exceed 0.
[375.358s] PRUNE: margin=-5.000000, optimistic_rem(widened)=2.000000 → cannot exceed 0.
[375.549s] PRUNE: margin=-5.000000, optimistic_rem(widened)=2.000000 → cannot exceed 0.
[375.741s] PRUNE: margin=-5.000000, optimistic_rem(widened)=2.000000 → cannot exceed 0.
[375.933s] PRUNE: margin=-5.000000, optimistic_rem(widened)=2.000000 → cannot exceed 0.
[376.316s] PRUNE: margin=-5.000000, optimistic_rem(widened)=2.000000 → cannot exceed 0.
[376.508s] PRUNE: margin=-5.000000, optimistic_rem(widened)=2.000000 → cannot exceed 0.
[376.700s] PRUNE: margin=-5.000000, optimistic_rem(widened)=2.000000 → cannot exceed 0.
[376.892s] PRUNE: margin=-5.000000, optimistic_rem(widened)=2.000000 → cannot exceed 0.
[377.084s] PRUNE: margin=-5.000000, optimistic_rem(widened)=2.000000 → cannot exceed 0.
[377.372s] PRUNE: margin=-5.000000, optimistic_rem(widened)=4.000000 → cannot exceed 0.
[377.564s] PRUNE: margin=-5.000000, optimistic_rem(widened)=4.000000 → cannot exceed 0.
[377.756s] PRUNE: margin=-5.000000, optimistic_rem(widened)=4.000000 → cannot exceed 0.
[377.948s] PRUNE: margin=-5.000000, optimistic_rem(widened)=4.000000 → cannot exceed 0.
[378.139s] PRUNE: margin=-5.000000, optimistic_rem(widened)=4.000000 → cannot exceed 0.
[378.619s] PRUNE: margin=-5.000000, optimistic_rem(widened)=2.000000 → cannot exceed 0.
[378.811s] PRUNE: margin=-5.000000, optimistic_rem(widened)=2.000000 → cannot exceed 0.
[379.002s] PRUNE: margin=-5.000000, optimistic_rem(widened)=2.000000 → cannot exceed 0.
[379.194s] PRUNE: margin=-5.000000, optimistic_rem(widened)=2.000000 → cannot exceed 0.
[379.386s] PRUNE: margin=-5.000000, optimistic_rem(widened)=2.000000 → cannot exceed 0.
[379.674s] PRUNE: margin=-5.000000, optimistic_rem(widened)=4.000000 → cannot exceed 0.
[379.866s] PRUNE: margin=-5.000000, optimistic_rem(widened)=4.000000 → cannot exceed 0.
[380.057s] PRUNE: margin=-5.000000, optimistic_rem(widened)=4.000000 → cannot exceed 0.
[380.249s] PRUNE: margin=-5.000000, optimistic_rem(widened)=4.000000 → cannot exceed 0.
[380.441s] PRUNE: margin=-5.000000, optimistic_rem(widened)=4.000000 → cannot exceed 0.
[380.825s] PRUNE: margin=-5.000000, optimistic_rem(widened)=4.000000 → cannot exceed 0.
[381.017s] PRUNE: margin=-5.000000, optimistic_rem(widened)=4.000000 → cannot exceed 0.
[381.209s] PRUNE: margin=-5.000000, optimistic_rem(widened)=4.000000 → cannot exceed 0.
[381.400s] PRUNE: margin=-5.000000, optimistic_rem(widened)=4.000000 → cannot exceed 0.
[381.592s] PRUNE: margin=-5.000000, optimistic_rem(widened)=4.000000 → cannot exceed 0.
[387.631s] No counterexample within budgets (BaB): no misclassification found.
STATUS: No counterexample | best_upper_margin=19.000000 | elapsed=387.631s | pixels_changed=0 | total_bit_flips=0 | avg_hamming_per_pixel=0.000000 | patch_rows=8-9 | patch_cols=8-8 | note=no_counterexample_within_budgets
