[  0.000s] init: idx=1824 kmax=2 bmax=4 topx=2 widen=1.000 rank_fast=off
clean logits (hex):  0x85  0x8b  0x73  0xd4  0x84  0x8f  0x8e  0x87  0x62  0x86
clean logits (bits): 10000101 10001011 01110011 11010100 10000100 10001111 10001110 10000111 01100010 10000110
clean logits (double): -14.000000 -6.500000 +5.500000 -0.687500 -16.000000 -4.500000 -5.000000 -10.000000 +2.250000 -12.000000
[  0.008s] clean prediction: 2 (true label 2)
[ 38.215s] selection: nSym=2 (from 784), topx=2, rank_fast=off
[ 38.215s] active patch: rows 12-13, cols 5-7 (derived from symPix)
[ 38.276s] Greedy BYTE warm start: SAT (K=1,B=2).
clean logits (hex):  0x85  0x8b  0x73  0xd4  0x84  0x8f  0x8e  0x87  0x62  0x86
clean logits (bits): 10000101 10001011 01110011 11010100 10000100 10001111 10001110 10000111 01100010 10000110
clean logits (double): -14.000000 -6.500000 +5.500000 -0.687500 -16.000000 -4.500000 -5.000000 -10.000000 +2.250000 -12.000000
post-perturb logits (hex):  0x86  0x87  0x62  0xaa  0x86  0x9a  0x8d  0x87  0x6a  0x88
post-perturb logits (bits): 10000110 10000111 01100010 10101010 10000110 10011010 10001101 10000111 01101010 10001000
post-perturb logits (double): -12.000000 -10.000000 +2.250000 -1.687500 -12.000000 -2.750000 -5.500000 -10.000000 +3.250000 -8.000000
changes: 1 bytes, 2 bit flips
  idx  pix  row col    old_hex        old_bits     old_double     new_hex        new_bits     new_double  ham
    1  369   13   5    0x00        00000000   -1.000000     0xc0        11000000   +0.505882    2
new prediction: 8 (true 2)
----- REPLAY FORWARD PASS (stage-2) -----
replay logits (hex):  0x86  0x87  0x62  0xaa  0x86  0x9a  0x8d  0x87  0x6a  0x88
replay logits (bits): 10000110 10000111 01100010 10101010 10000110 10011010 10001101 10000111 01101010 10001000
replay logits (double): -12.000000 -10.000000 +2.250000 -1.687500 -12.000000 -2.750000 -5.500000 -10.000000 +3.250000 -8.000000
[ 38.277s] replay prediction: 8 (true label 2) | note=witness_found_greedy_byte
----- END REPLAY -----
STATUS: Counterexample | best_upper_margin=-1000000000000000052504760255204420248704468581108159154915854115511802457988908195786371375080447864043704443832883878176942523235360430575644792184786706982848387200926575803737830233794788090059368953234970799945081119038967640880074652742780142494579258788820056842838115669472196386865459400540160.000000 | elapsed=38.278s | pixels_changed=1 | total_bit_flips=2 | avg_hamming_per_pixel=2.000000 | patch_rows=12-13 | patch_cols=5-7 | note=witness_found_greedy_byte
