[  0.000s] init: idx=2248 kmax=2 bmax=4 topx=2 widen=1.000 rank_fast=off
clean logits (hex):  0x89  0x99  0x79  0x65  0x84  0x8b  0x15  0x90  0x94  0x85
clean logits (bits): 10001001 10011001 01111001 01100101 10000100 10001011 00010101 10010000 10010100 10000101
clean logits (double): -7.500000 -2.875000 +10.000000 +2.625000 -16.000000 -6.500000 +0.328125 -4.000000 -3.500000 -14.000000
[  0.009s] clean prediction: 2 (true label 2)
[ 38.351s] selection: nSym=2 (from 784), topx=2, rank_fast=off
[ 38.351s] active patch: rows 0-10, cols 8-23 (derived from symPix)
[ 38.819s] Proceeding to BaB (greedy enabled).
[ 38.820s] Skipping root bound check (--no-root-bound).
[ 38.820s] BaB search starting (K≤2, B≤4, nSym=2, depth_limit=500000000, widen=1.00)...
[ 39.115s] PRUNE: margin=-5.343750, optimistic_rem(widened)=0.281250 → cannot exceed 0.
[ 39.508s] PRUNE: margin=-5.437500, optimistic_rem(widened)=0.031250 → cannot exceed 0.
[ 39.705s] PRUNE: margin=-5.437500, optimistic_rem(widened)=0.000000 → cannot exceed 0.
[ 39.902s] PRUNE: margin=-5.406250, optimistic_rem(widened)=0.000000 → cannot exceed 0.
[ 40.099s] PRUNE: margin=-5.406250, optimistic_rem(widened)=0.000000 → cannot exceed 0.
[ 40.295s] PRUNE: margin=-5.406250, optimistic_rem(widened)=0.000000 → cannot exceed 0.
[ 40.492s] PRUNE: margin=-5.406250, optimistic_rem(widened)=0.000000 → cannot exceed 0.
[ 40.689s] PRUNE: margin=-7.500000, optimistic_rem(widened)=7.000000 → cannot exceed 0.
[ 40.885s] PRUNE: margin=-7.500000, optimistic_rem(widened)=7.000000 → cannot exceed 0.
[ 41.082s] PRUNE: margin=-7.500000, optimistic_rem(widened)=7.000000 → cannot exceed 0.
[ 41.279s] PRUNE: margin=-7.500000, optimistic_rem(widened)=0.000000 → cannot exceed 0.
[ 41.475s] PRUNE: margin=-7.500000, optimistic_rem(widened)=0.000000 → cannot exceed 0.
[ 41.672s] PRUNE: margin=-7.500000, optimistic_rem(widened)=0.000000 → cannot exceed 0.
[ 42.066s] PRUNE: margin=-5.375000, optimistic_rem(widened)=0.000000 → cannot exceed 0.
[ 42.262s] PRUNE: margin=-7.375000, optimistic_rem(widened)=7.000000 → cannot exceed 0.
[ 42.459s] PRUNE: margin=-7.375000, optimistic_rem(widened)=7.000000 → cannot exceed 0.
[ 42.656s] PRUNE: margin=-7.375000, optimistic_rem(widened)=7.000000 → cannot exceed 0.
[ 42.862s] PRUNE: margin=-7.375000, optimistic_rem(widened)=7.000000 → cannot exceed 0.
[ 43.063s] PRUNE: margin=-7.375000, optimistic_rem(widened)=0.000000 → cannot exceed 0.
[ 43.260s] PRUNE: margin=-7.375000, optimistic_rem(widened)=0.000000 → cannot exceed 0.
[ 43.457s] PRUNE: margin=-7.375000, optimistic_rem(widened)=0.000000 → cannot exceed 0.
[ 43.654s] PRUNE: margin=-7.375000, optimistic_rem(widened)=0.000000 → cannot exceed 0.
[ 43.851s] PRUNE: margin=-7.375000, optimistic_rem(widened)=0.000000 → cannot exceed 0.
[ 44.049s] PRUNE: margin=-7.375000, optimistic_rem(widened)=0.000000 → cannot exceed 0.
[ 44.453s] PRUNE: margin=-5.343750, optimistic_rem(widened)=0.000000 → cannot exceed 0.
[ 44.650s] PRUNE: margin=-7.375000, optimistic_rem(widened)=7.000000 → cannot exceed 0.
[ 44.847s] PRUNE: margin=-7.375000, optimistic_rem(widened)=7.000000 → cannot exceed 0.
[ 44.994s] PRUNE: margin=-7.375000, optimistic_rem(widened)=7.000000 → cannot exceed 0.
[ 45.168s] PRUNE: margin=-7.375000, optimistic_rem(widened)=0.000000 → cannot exceed 0.
[ 45.365s] PRUNE: margin=-7.375000, optimistic_rem(widened)=0.000000 → cannot exceed 0.
[ 45.562s] PRUNE: margin=-7.375000, optimistic_rem(widened)=0.000000 → cannot exceed 0.
[ 45.759s] PRUNE: margin=-7.375000, optimistic_rem(widened)=0.000000 → cannot exceed 0.
[ 45.956s] PRUNE: margin=-7.375000, optimistic_rem(widened)=0.000000 → cannot exceed 0.
[ 46.154s] PRUNE: margin=-7.375000, optimistic_rem(widened)=0.000000 → cannot exceed 0.
[ 46.555s] PRUNE: margin=-5.343750, optimistic_rem(widened)=0.000000 → cannot exceed 0.
[ 46.753s] PRUNE: margin=-7.375000, optimistic_rem(widened)=7.000000 → cannot exceed 0.
[ 46.955s] PRUNE: margin=-7.375000, optimistic_rem(widened)=7.000000 → cannot exceed 0.
[ 47.153s] PRUNE: margin=-7.375000, optimistic_rem(widened)=0.000000 → cannot exceed 0.
[ 47.351s] PRUNE: margin=-7.375000, optimistic_rem(widened)=0.000000 → cannot exceed 0.
[ 47.549s] PRUNE: margin=-7.375000, optimistic_rem(widened)=0.000000 → cannot exceed 0.
[ 47.747s] PRUNE: margin=-7.375000, optimistic_rem(widened)=0.000000 → cannot exceed 0.
[ 47.945s] PRUNE: margin=-7.375000, optimistic_rem(widened)=0.000000 → cannot exceed 0.
[ 48.143s] PRUNE: margin=-7.375000, optimistic_rem(widened)=0.000000 → cannot exceed 0.
[ 48.539s] PRUNE: margin=-5.343750, optimistic_rem(widened)=0.000000 → cannot exceed 0.
[ 48.737s] PRUNE: margin=-7.375000, optimistic_rem(widened)=7.000000 → cannot exceed 0.
[ 48.935s] PRUNE: margin=-7.375000, optimistic_rem(widened)=0.000000 → cannot exceed 0.
[ 49.133s] PRUNE: margin=-7.375000, optimistic_rem(widened)=0.000000 → cannot exceed 0.
[ 49.331s] PRUNE: margin=-7.375000, optimistic_rem(widened)=0.000000 → cannot exceed 0.
[ 49.529s] PRUNE: margin=-7.375000, optimistic_rem(widened)=0.000000 → cannot exceed 0.
[ 49.727s] PRUNE: margin=-7.375000, optimistic_rem(widened)=0.000000 → cannot exceed 0.
[ 49.925s] PRUNE: margin=-7.375000, optimistic_rem(widened)=0.000000 → cannot exceed 0.
[ 50.321s] PRUNE: margin=-5.343750, optimistic_rem(widened)=0.000000 → cannot exceed 0.
[ 50.520s] PRUNE: margin=-7.375000, optimistic_rem(widened)=0.000000 → cannot exceed 0.
[ 50.718s] PRUNE: margin=-7.375000, optimistic_rem(widened)=0.000000 → cannot exceed 0.
[ 50.916s] PRUNE: margin=-7.375000, optimistic_rem(widened)=0.000000 → cannot exceed 0.
[ 51.114s] PRUNE: margin=-7.375000, optimistic_rem(widened)=0.000000 → cannot exceed 0.
[ 51.312s] PRUNE: margin=-7.375000, optimistic_rem(widened)=0.000000 → cannot exceed 0.
[ 51.510s] PRUNE: margin=-7.375000, optimistic_rem(widened)=0.000000 → cannot exceed 0.
[ 51.808s] PRUNE: margin=-7.375000, optimistic_rem(widened)=7.000000 → cannot exceed 0.
[ 52.006s] PRUNE: margin=-7.375000, optimistic_rem(widened)=7.000000 → cannot exceed 0.
[ 52.204s] PRUNE: margin=-7.375000, optimistic_rem(widened)=7.000000 → cannot exceed 0.
[ 52.402s] PRUNE: margin=-7.375000, optimistic_rem(widened)=7.000000 → cannot exceed 0.
[ 52.601s] PRUNE: margin=-7.375000, optimistic_rem(widened)=7.000000 → cannot exceed 0.
[ 52.799s] PRUNE: margin=-7.375000, optimistic_rem(widened)=7.000000 → cannot exceed 0.
[ 52.997s] PRUNE: margin=-7.375000, optimistic_rem(widened)=7.000000 → cannot exceed 0.
[ 53.398s] PRUNE: margin=-5.437500, optimistic_rem(widened)=0.281250 → cannot exceed 0.
[ 53.605s] PRUNE: margin=-5.343750, optimistic_rem(widened)=0.250000 → cannot exceed 0.
[ 53.913s] PRUNE: margin=-5.375000, optimistic_rem(widened)=0.000000 → cannot exceed 0.
[ 54.118s] PRUNE: margin=-7.375000, optimistic_rem(widened)=7.000000 → cannot exceed 0.
[ 54.324s] PRUNE: margin=-7.375000, optimistic_rem(widened)=7.000000 → cannot exceed 0.
[ 54.534s] PRUNE: margin=-7.375000, optimistic_rem(widened)=7.000000 → cannot exceed 0.
[ 54.741s] PRUNE: margin=-7.375000, optimistic_rem(widened)=0.000000 → cannot exceed 0.
[ 54.950s] PRUNE: margin=-7.375000, optimistic_rem(widened)=0.000000 → cannot exceed 0.
[ 55.158s] PRUNE: margin=-7.375000, optimistic_rem(widened)=0.000000 → cannot exceed 0.
[ 55.366s] PRUNE: margin=-7.375000, optimistic_rem(widened)=0.000000 → cannot exceed 0.
[ 55.573s] PRUNE: margin=-7.375000, optimistic_rem(widened)=0.000000 → cannot exceed 0.
[ 55.991s] PRUNE: margin=-7.375000, optimistic_rem(widened)=7.000000 → cannot exceed 0.
[ 56.198s] PRUNE: margin=-7.375000, optimistic_rem(widened)=7.000000 → cannot exceed 0.
[ 56.406s] PRUNE: margin=-7.375000, optimistic_rem(widened)=0.000000 → cannot exceed 0.
[ 56.613s] PRUNE: margin=-7.375000, optimistic_rem(widened)=0.000000 → cannot exceed 0.
[ 56.819s] PRUNE: margin=-7.375000, optimistic_rem(widened)=0.000000 → cannot exceed 0.
[ 57.025s] PRUNE: margin=-7.375000, optimistic_rem(widened)=0.000000 → cannot exceed 0.
[ 57.234s] PRUNE: margin=-7.375000, optimistic_rem(widened)=0.000000 → cannot exceed 0.
[ 57.441s] PRUNE: margin=-7.375000, optimistic_rem(widened)=0.000000 → cannot exceed 0.
[ 57.859s] PRUNE: margin=-7.375000, optimistic_rem(widened)=7.000000 → cannot exceed 0.
[ 58.067s] PRUNE: margin=-7.375000, optimistic_rem(widened)=0.000000 → cannot exceed 0.
[ 58.274s] PRUNE: margin=-7.375000, optimistic_rem(widened)=0.000000 → cannot exceed 0.
[ 58.480s] PRUNE: margin=-7.375000, optimistic_rem(widened)=0.000000 → cannot exceed 0.
[ 58.688s] PRUNE: margin=-7.375000, optimistic_rem(widened)=0.000000 → cannot exceed 0.
[ 58.898s] PRUNE: margin=-7.375000, optimistic_rem(widened)=0.000000 → cannot exceed 0.
[ 59.105s] PRUNE: margin=-7.375000, optimistic_rem(widened)=0.000000 → cannot exceed 0.
[ 59.519s] PRUNE: margin=-7.375000, optimistic_rem(widened)=0.000000 → cannot exceed 0.
[ 59.725s] PRUNE: margin=-7.375000, optimistic_rem(widened)=0.000000 → cannot exceed 0.
[ 59.932s] PRUNE: margin=-7.375000, optimistic_rem(widened)=0.000000 → cannot exceed 0.
[ 60.139s] PRUNE: margin=-7.375000, optimistic_rem(widened)=0.000000 → cannot exceed 0.
[ 60.346s] PRUNE: margin=-7.375000, optimistic_rem(widened)=0.000000 → cannot exceed 0.
[ 60.553s] PRUNE: margin=-7.375000, optimistic_rem(widened)=0.000000 → cannot exceed 0.
[ 60.868s] PRUNE: margin=-7.375000, optimistic_rem(widened)=7.000000 → cannot exceed 0.
[ 61.075s] PRUNE: margin=-7.375000, optimistic_rem(widened)=7.000000 → cannot exceed 0.
[ 61.283s] PRUNE: margin=-7.375000, optimistic_rem(widened)=7.000000 → cannot exceed 0.
[ 61.490s] PRUNE: margin=-7.375000, optimistic_rem(widened)=7.000000 → cannot exceed 0.
[ 61.699s] PRUNE: margin=-7.375000, optimistic_rem(widened)=7.000000 → cannot exceed 0.
[ 61.906s] PRUNE: margin=-7.375000, optimistic_rem(widened)=7.000000 → cannot exceed 0.
[ 62.310s] PRUNE: margin=-5.437500, optimistic_rem(widened)=0.281250 → cannot exceed 0.
[ 62.508s] PRUNE: margin=-5.375000, optimistic_rem(widened)=0.250000 → cannot exceed 0.
[ 62.805s] PRUNE: margin=-7.375000, optimistic_rem(widened)=7.000000 → cannot exceed 0.
[ 63.003s] PRUNE: margin=-7.375000, optimistic_rem(widened)=7.000000 → cannot exceed 0.
[ 63.200s] PRUNE: margin=-7.375000, optimistic_rem(widened)=0.000000 → cannot exceed 0.
[ 63.398s] PRUNE: margin=-7.375000, optimistic_rem(widened)=0.000000 → cannot exceed 0.
[ 63.596s] PRUNE: margin=-7.375000, optimistic_rem(widened)=0.000000 → cannot exceed 0.
[ 63.794s] PRUNE: margin=-7.375000, optimistic_rem(widened)=0.000000 → cannot exceed 0.
[ 63.991s] PRUNE: margin=-7.375000, optimistic_rem(widened)=0.000000 → cannot exceed 0.
[ 64.189s] PRUNE: margin=-7.375000, optimistic_rem(widened)=0.000000 → cannot exceed 0.
[ 64.584s] PRUNE: margin=-7.375000, optimistic_rem(widened)=7.000000 → cannot exceed 0.
[ 64.782s] PRUNE: margin=-7.375000, optimistic_rem(widened)=0.000000 → cannot exceed 0.
[ 64.980s] PRUNE: margin=-7.375000, optimistic_rem(widened)=0.000000 → cannot exceed 0.
[ 65.178s] PRUNE: margin=-7.375000, optimistic_rem(widened)=0.000000 → cannot exceed 0.
[ 65.375s] PRUNE: margin=-7.375000, optimistic_rem(widened)=0.000000 → cannot exceed 0.
[ 65.573s] PRUNE: margin=-7.375000, optimistic_rem(widened)=0.000000 → cannot exceed 0.
[ 65.771s] PRUNE: margin=-7.375000, optimistic_rem(widened)=0.000000 → cannot exceed 0.
[ 66.166s] PRUNE: margin=-7.375000, optimistic_rem(widened)=0.000000 → cannot exceed 0.
[ 66.364s] PRUNE: margin=-7.375000, optimistic_rem(widened)=0.000000 → cannot exceed 0.
[ 66.561s] PRUNE: margin=-7.375000, optimistic_rem(widened)=0.000000 → cannot exceed 0.
[ 66.759s] PRUNE: margin=-7.375000, optimistic_rem(widened)=0.000000 → cannot exceed 0.
[ 66.957s] PRUNE: margin=-7.375000, optimistic_rem(widened)=0.000000 → cannot exceed 0.
[ 67.155s] PRUNE: margin=-7.375000, optimistic_rem(widened)=0.000000 → cannot exceed 0.
[ 67.451s] PRUNE: margin=-7.375000, optimistic_rem(widened)=7.000000 → cannot exceed 0.
[ 67.649s] PRUNE: margin=-7.375000, optimistic_rem(widened)=7.000000 → cannot exceed 0.
[ 67.846s] PRUNE: margin=-7.375000, optimistic_rem(widened)=7.000000 → cannot exceed 0.
[ 68.044s] PRUNE: margin=-7.375000, optimistic_rem(widened)=7.000000 → cannot exceed 0.
[ 68.241s] PRUNE: margin=-7.375000, optimistic_rem(widened)=7.000000 → cannot exceed 0.
[ 68.439s] PRUNE: margin=-7.375000, optimistic_rem(widened)=7.000000 → cannot exceed 0.
[ 68.834s] PRUNE: margin=-5.406250, optimistic_rem(widened)=0.015625 → cannot exceed 0.
[ 69.032s] PRUNE: margin=-5.406250, optimistic_rem(widened)=0.015625 → cannot exceed 0.
[ 69.229s] PRUNE: margin=-5.406250, optimistic_rem(widened)=0.031250 → cannot exceed 0.
[ 69.526s] PRUNE: margin=-7.500000, optimistic_rem(widened)=7.000000 → cannot exceed 0.
[ 69.723s] PRUNE: margin=-7.500000, optimistic_rem(widened)=7.000000 → cannot exceed 0.
[ 69.921s] PRUNE: margin=-7.500000, optimistic_rem(widened)=0.000000 → cannot exceed 0.
[ 70.118s] PRUNE: margin=-7.500000, optimistic_rem(widened)=0.000000 → cannot exceed 0.
[ 70.316s] PRUNE: margin=-7.500000, optimistic_rem(widened)=0.000000 → cannot exceed 0.
[ 70.514s] PRUNE: margin=-7.500000, optimistic_rem(widened)=0.000000 → cannot exceed 0.
[ 70.909s] PRUNE: margin=-7.500000, optimistic_rem(widened)=7.000000 → cannot exceed 0.
[ 71.107s] PRUNE: margin=-7.500000, optimistic_rem(widened)=0.000000 → cannot exceed 0.
[ 71.304s] PRUNE: margin=-7.500000, optimistic_rem(widened)=0.000000 → cannot exceed 0.
[ 71.502s] PRUNE: margin=-7.500000, optimistic_rem(widened)=0.000000 → cannot exceed 0.
[ 71.700s] PRUNE: margin=-7.500000, optimistic_rem(widened)=0.000000 → cannot exceed 0.
[ 72.095s] PRUNE: margin=-7.500000, optimistic_rem(widened)=0.000000 → cannot exceed 0.
[ 72.293s] PRUNE: margin=-7.500000, optimistic_rem(widened)=0.000000 → cannot exceed 0.
[ 72.491s] PRUNE: margin=-7.500000, optimistic_rem(widened)=0.000000 → cannot exceed 0.
[ 72.688s] PRUNE: margin=-7.500000, optimistic_rem(widened)=0.000000 → cannot exceed 0.
[ 72.985s] PRUNE: margin=-7.375000, optimistic_rem(widened)=7.000000 → cannot exceed 0.
[ 73.183s] PRUNE: margin=-7.375000, optimistic_rem(widened)=7.000000 → cannot exceed 0.
[ 73.380s] PRUNE: margin=-7.375000, optimistic_rem(widened)=7.000000 → cannot exceed 0.
[ 73.578s] PRUNE: margin=-7.375000, optimistic_rem(widened)=7.000000 → cannot exceed 0.
[ 73.973s] PRUNE: margin=-5.343750, optimistic_rem(widened)=0.250000 → cannot exceed 0.
[ 74.171s] PRUNE: margin=-7.375000, optimistic_rem(widened)=7.000000 → cannot exceed 0.
[ 74.369s] PRUNE: margin=-7.375000, optimistic_rem(widened)=7.000000 → cannot exceed 0.
[ 74.566s] PRUNE: margin=-7.375000, optimistic_rem(widened)=7.000000 → cannot exceed 0.
[ 74.764s] PRUNE: margin=-7.375000, optimistic_rem(widened)=7.000000 → cannot exceed 0.
[ 74.962s] PRUNE: margin=-7.375000, optimistic_rem(widened)=7.000000 → cannot exceed 0.
[ 75.160s] PRUNE: margin=-7.375000, optimistic_rem(widened)=7.000000 → cannot exceed 0.
[ 75.358s] PRUNE: margin=-7.375000, optimistic_rem(widened)=7.000000 → cannot exceed 0.
[ 75.556s] PRUNE: margin=-7.375000, optimistic_rem(widened)=7.000000 → cannot exceed 0.
[ 75.952s] PRUNE: margin=-5.343750, optimistic_rem(widened)=0.250000 → cannot exceed 0.
[ 76.150s] PRUNE: margin=-5.343750, optimistic_rem(widened)=0.250000 → cannot exceed 0.
[ 76.348s] PRUNE: margin=-7.375000, optimistic_rem(widened)=7.000000 → cannot exceed 0.
[ 76.546s] PRUNE: margin=-7.375000, optimistic_rem(widened)=7.000000 → cannot exceed 0.
[ 76.744s] PRUNE: margin=-7.375000, optimistic_rem(widened)=7.000000 → cannot exceed 0.
[ 76.942s] PRUNE: margin=-7.375000, optimistic_rem(widened)=7.000000 → cannot exceed 0.
[ 77.140s] PRUNE: margin=-7.375000, optimistic_rem(widened)=7.000000 → cannot exceed 0.
[ 77.338s] PRUNE: margin=-7.375000, optimistic_rem(widened)=7.000000 → cannot exceed 0.
[ 77.733s] PRUNE: margin=-7.500000, optimistic_rem(widened)=7.500000 → cannot exceed 0.
[ 77.931s] PRUNE: margin=-7.500000, optimistic_rem(widened)=7.500000 → cannot exceed 0.
[ 78.129s] PRUNE: margin=-7.500000, optimistic_rem(widened)=7.000000 → cannot exceed 0.
[ 78.326s] PRUNE: margin=-7.500000, optimistic_rem(widened)=7.000000 → cannot exceed 0.
[ 78.524s] PRUNE: margin=-7.500000, optimistic_rem(widened)=7.000000 → cannot exceed 0.
[ 78.738s] PRUNE: margin=-7.500000, optimistic_rem(widened)=7.000000 → cannot exceed 0.
[ 78.936s] PRUNE: margin=-7.500000, optimistic_rem(widened)=7.000000 → cannot exceed 0.
[ 79.331s] PRUNE: margin=-7.500000, optimistic_rem(widened)=7.500000 → cannot exceed 0.
[ 79.529s] PRUNE: margin=-7.500000, optimistic_rem(widened)=7.000000 → cannot exceed 0.
[ 79.727s] PRUNE: margin=-7.500000, optimistic_rem(widened)=7.000000 → cannot exceed 0.
[ 79.924s] PRUNE: margin=-7.500000, optimistic_rem(widened)=7.000000 → cannot exceed 0.
[ 80.122s] PRUNE: margin=-7.500000, optimistic_rem(widened)=7.000000 → cannot exceed 0.
[ 80.320s] PRUNE: margin=-7.500000, optimistic_rem(widened)=7.000000 → cannot exceed 0.
[ 80.715s] PRUNE: margin=-7.375000, optimistic_rem(widened)=7.000000 → cannot exceed 0.
[ 80.913s] PRUNE: margin=-7.500000, optimistic_rem(widened)=7.000000 → cannot exceed 0.
[ 81.110s] PRUNE: margin=-7.500000, optimistic_rem(widened)=7.000000 → cannot exceed 0.
[ 81.308s] PRUNE: margin=-7.500000, optimistic_rem(widened)=7.000000 → cannot exceed 0.
[ 81.506s] PRUNE: margin=-7.500000, optimistic_rem(widened)=7.000000 → cannot exceed 0.
[ 81.802s] PRUNE: margin=-7.500000, optimistic_rem(widened)=7.500000 → cannot exceed 0.
[ 82.000s] PRUNE: margin=-7.500000, optimistic_rem(widened)=7.500000 → cannot exceed 0.
[ 82.198s] PRUNE: margin=-7.500000, optimistic_rem(widened)=7.500000 → cannot exceed 0.
[ 82.495s] PRUNE: margin=-7.375000, optimistic_rem(widened)=7.000000 → cannot exceed 0.
[ 83.286s] PRUNE: margin=-5.437500, optimistic_rem(widened)=1.000000 → cannot exceed 0.
[ 83.582s] PRUNE: margin=-7.500000, optimistic_rem(widened)=7.000000 → cannot exceed 0.
[ 83.780s] PRUNE: margin=-7.500000, optimistic_rem(widened)=7.000000 → cannot exceed 0.
[ 83.977s] PRUNE: margin=-7.500000, optimistic_rem(widened)=7.000000 → cannot exceed 0.
[ 84.175s] PRUNE: margin=-7.500000, optimistic_rem(widened)=7.000000 → cannot exceed 0.
[ 84.373s] PRUNE: margin=-7.500000, optimistic_rem(widened)=0.000000 → cannot exceed 0.
[ 84.571s] PRUNE: margin=-7.500000, optimistic_rem(widened)=0.000000 → cannot exceed 0.
[ 84.768s] PRUNE: margin=-7.500000, optimistic_rem(widened)=0.000000 → cannot exceed 0.
[ 84.966s] PRUNE: margin=-7.500000, optimistic_rem(widened)=0.000000 → cannot exceed 0.
[ 85.164s] PRUNE: margin=-7.500000, optimistic_rem(widened)=0.000000 → cannot exceed 0.
[ 85.362s] PRUNE: margin=-7.500000, optimistic_rem(widened)=0.000000 → cannot exceed 0.
[ 85.559s] PRUNE: margin=-7.500000, optimistic_rem(widened)=0.000000 → cannot exceed 0.
[ 85.954s] PRUNE: margin=-7.500000, optimistic_rem(widened)=7.000000 → cannot exceed 0.
[ 86.152s] PRUNE: margin=-7.500000, optimistic_rem(widened)=7.000000 → cannot exceed 0.
[ 86.350s] PRUNE: margin=-7.500000, optimistic_rem(widened)=7.000000 → cannot exceed 0.
[ 86.548s] PRUNE: margin=-7.500000, optimistic_rem(widened)=0.000000 → cannot exceed 0.
[ 86.745s] PRUNE: margin=-7.500000, optimistic_rem(widened)=0.000000 → cannot exceed 0.
[ 86.943s] PRUNE: margin=-7.500000, optimistic_rem(widened)=0.000000 → cannot exceed 0.
[ 87.141s] PRUNE: margin=-7.500000, optimistic_rem(widened)=0.000000 → cannot exceed 0.
[ 87.339s] PRUNE: margin=-7.500000, optimistic_rem(widened)=0.000000 → cannot exceed 0.
[ 87.536s] PRUNE: margin=-7.500000, optimistic_rem(widened)=0.000000 → cannot exceed 0.
[ 87.734s] PRUNE: margin=-7.500000, optimistic_rem(widened)=0.000000 → cannot exceed 0.
[ 88.130s] PRUNE: margin=-7.500000, optimistic_rem(widened)=7.000000 → cannot exceed 0.
[ 88.327s] PRUNE: margin=-7.500000, optimistic_rem(widened)=7.000000 → cannot exceed 0.
[ 88.525s] PRUNE: margin=-7.500000, optimistic_rem(widened)=0.000000 → cannot exceed 0.
[ 88.723s] PRUNE: margin=-7.500000, optimistic_rem(widened)=0.000000 → cannot exceed 0.
[ 88.921s] PRUNE: margin=-7.500000, optimistic_rem(widened)=0.000000 → cannot exceed 0.
[ 89.119s] PRUNE: margin=-7.500000, optimistic_rem(widened)=0.000000 → cannot exceed 0.
[ 89.316s] PRUNE: margin=-7.500000, optimistic_rem(widened)=0.000000 → cannot exceed 0.
[ 89.514s] PRUNE: margin=-7.500000, optimistic_rem(widened)=0.000000 → cannot exceed 0.
[ 89.712s] PRUNE: margin=-7.500000, optimistic_rem(widened)=0.000000 → cannot exceed 0.
[ 90.107s] PRUNE: margin=-7.500000, optimistic_rem(widened)=7.000000 → cannot exceed 0.
[ 90.305s] PRUNE: margin=-7.500000, optimistic_rem(widened)=0.000000 → cannot exceed 0.
[ 90.503s] PRUNE: margin=-7.500000, optimistic_rem(widened)=0.000000 → cannot exceed 0.
[ 90.701s] PRUNE: margin=-7.500000, optimistic_rem(widened)=0.000000 → cannot exceed 0.
[ 90.899s] PRUNE: margin=-7.500000, optimistic_rem(widened)=0.000000 → cannot exceed 0.
[ 91.096s] PRUNE: margin=-7.500000, optimistic_rem(widened)=0.000000 → cannot exceed 0.
[ 91.294s] PRUNE: margin=-7.500000, optimistic_rem(widened)=0.000000 → cannot exceed 0.
[ 91.492s] PRUNE: margin=-7.500000, optimistic_rem(widened)=0.000000 → cannot exceed 0.
[ 91.888s] PRUNE: margin=-7.500000, optimistic_rem(widened)=0.000000 → cannot exceed 0.
[ 92.085s] PRUNE: margin=-7.500000, optimistic_rem(widened)=0.000000 → cannot exceed 0.
[ 92.283s] PRUNE: margin=-7.500000, optimistic_rem(widened)=0.000000 → cannot exceed 0.
[ 92.481s] PRUNE: margin=-7.500000, optimistic_rem(widened)=0.000000 → cannot exceed 0.
[ 92.679s] PRUNE: margin=-7.500000, optimistic_rem(widened)=0.000000 → cannot exceed 0.
[ 92.876s] PRUNE: margin=-7.500000, optimistic_rem(widened)=0.000000 → cannot exceed 0.
[ 93.074s] PRUNE: margin=-7.500000, optimistic_rem(widened)=0.000000 → cannot exceed 0.
[ 93.371s] PRUNE: margin=-7.500000, optimistic_rem(widened)=7.000000 → cannot exceed 0.
[ 93.569s] PRUNE: margin=-7.500000, optimistic_rem(widened)=7.000000 → cannot exceed 0.
[ 93.766s] PRUNE: margin=-7.500000, optimistic_rem(widened)=7.000000 → cannot exceed 0.
[ 93.964s] PRUNE: margin=-7.500000, optimistic_rem(widened)=7.000000 → cannot exceed 0.
[ 94.162s] PRUNE: margin=-7.500000, optimistic_rem(widened)=7.000000 → cannot exceed 0.
[ 94.360s] PRUNE: margin=-7.500000, optimistic_rem(widened)=7.000000 → cannot exceed 0.
[ 94.558s] PRUNE: margin=-7.500000, optimistic_rem(widened)=7.000000 → cannot exceed 0.
[ 95.052s] PRUNE: margin=-7.375000, optimistic_rem(widened)=7.000000 → cannot exceed 0.
[ 95.249s] PRUNE: margin=-7.375000, optimistic_rem(widened)=7.000000 → cannot exceed 0.
[ 95.447s] PRUNE: margin=-7.375000, optimistic_rem(widened)=7.000000 → cannot exceed 0.
[ 95.644s] PRUNE: margin=-7.375000, optimistic_rem(widened)=0.000000 → cannot exceed 0.
[ 95.842s] PRUNE: margin=-7.375000, optimistic_rem(widened)=0.000000 → cannot exceed 0.
[ 96.040s] PRUNE: margin=-7.375000, optimistic_rem(widened)=0.000000 → cannot exceed 0.
[ 96.238s] PRUNE: margin=-7.375000, optimistic_rem(widened)=0.000000 → cannot exceed 0.
[ 96.435s] PRUNE: margin=-7.375000, optimistic_rem(widened)=0.000000 → cannot exceed 0.
[ 96.633s] PRUNE: margin=-7.375000, optimistic_rem(widened)=0.000000 → cannot exceed 0.
[ 96.831s] PRUNE: margin=-7.375000, optimistic_rem(widened)=0.000000 → cannot exceed 0.
[ 97.029s] PRUNE: margin=-7.375000, optimistic_rem(widened)=0.000000 → cannot exceed 0.
[ 97.424s] PRUNE: margin=-7.500000, optimistic_rem(widened)=7.000000 → cannot exceed 0.
[ 97.622s] PRUNE: margin=-7.375000, optimistic_rem(widened)=7.000000 → cannot exceed 0.
[ 97.819s] PRUNE: margin=-7.375000, optimistic_rem(widened)=0.000000 → cannot exceed 0.
[ 98.017s] PRUNE: margin=-7.375000, optimistic_rem(widened)=0.000000 → cannot exceed 0.
[ 98.215s] PRUNE: margin=-7.375000, optimistic_rem(widened)=0.000000 → cannot exceed 0.
[ 98.413s] PRUNE: margin=-7.375000, optimistic_rem(widened)=0.000000 → cannot exceed 0.
[ 98.610s] PRUNE: margin=-7.375000, optimistic_rem(widened)=0.000000 → cannot exceed 0.
[ 98.808s] PRUNE: margin=-7.375000, optimistic_rem(widened)=0.000000 → cannot exceed 0.
[ 99.006s] PRUNE: margin=-7.375000, optimistic_rem(widened)=0.000000 → cannot exceed 0.
[ 99.203s] PRUNE: margin=-7.375000, optimistic_rem(widened)=0.000000 → cannot exceed 0.
[ 99.598s] PRUNE: margin=-7.500000, optimistic_rem(widened)=7.000000 → cannot exceed 0.
[ 99.796s] PRUNE: margin=-7.375000, optimistic_rem(widened)=0.000000 → cannot exceed 0.
[ 99.994s] PRUNE: margin=-7.375000, optimistic_rem(widened)=0.000000 → cannot exceed 0.
[100.191s] PRUNE: margin=-7.375000, optimistic_rem(widened)=0.000000 → cannot exceed 0.
[100.389s] PRUNE: margin=-7.375000, optimistic_rem(widened)=0.000000 → cannot exceed 0.
[100.587s] PRUNE: margin=-7.375000, optimistic_rem(widened)=0.000000 → cannot exceed 0.
[100.785s] PRUNE: margin=-7.375000, optimistic_rem(widened)=0.000000 → cannot exceed 0.
[100.982s] PRUNE: margin=-7.375000, optimistic_rem(widened)=0.000000 → cannot exceed 0.
[101.180s] PRUNE: margin=-7.375000, optimistic_rem(widened)=0.000000 → cannot exceed 0.
[101.575s] PRUNE: margin=-7.375000, optimistic_rem(widened)=0.000000 → cannot exceed 0.
[101.773s] PRUNE: margin=-7.375000, optimistic_rem(widened)=0.000000 → cannot exceed 0.
[101.971s] PRUNE: margin=-7.375000, optimistic_rem(widened)=0.000000 → cannot exceed 0.
[102.168s] PRUNE: margin=-7.375000, optimistic_rem(widened)=0.000000 → cannot exceed 0.
[102.368s] PRUNE: margin=-7.375000, optimistic_rem(widened)=0.000000 → cannot exceed 0.
[102.566s] PRUNE: margin=-7.375000, optimistic_rem(widened)=0.000000 → cannot exceed 0.
[102.763s] PRUNE: margin=-7.375000, optimistic_rem(widened)=0.000000 → cannot exceed 0.
[102.961s] PRUNE: margin=-7.375000, optimistic_rem(widened)=0.000000 → cannot exceed 0.
[103.258s] PRUNE: margin=-7.375000, optimistic_rem(widened)=0.500000 → cannot exceed 0.
[103.455s] PRUNE: margin=-7.375000, optimistic_rem(widened)=0.500000 → cannot exceed 0.
[103.653s] PRUNE: margin=-7.375000, optimistic_rem(widened)=0.500000 → cannot exceed 0.
[103.851s] PRUNE: margin=-7.375000, optimistic_rem(widened)=0.500000 → cannot exceed 0.
[104.048s] PRUNE: margin=-7.375000, optimistic_rem(widened)=0.500000 → cannot exceed 0.
[104.246s] PRUNE: margin=-7.375000, optimistic_rem(widened)=0.500000 → cannot exceed 0.
[104.443s] PRUNE: margin=-7.375000, optimistic_rem(widened)=7.000000 → cannot exceed 0.
[104.641s] PRUNE: margin=-7.375000, optimistic_rem(widened)=7.000000 → cannot exceed 0.
[105.135s] PRUNE: margin=-7.500000, optimistic_rem(widened)=7.000000 → cannot exceed 0.
[105.333s] PRUNE: margin=-7.375000, optimistic_rem(widened)=7.000000 → cannot exceed 0.
[105.530s] PRUNE: margin=-7.375000, optimistic_rem(widened)=0.000000 → cannot exceed 0.
[105.728s] PRUNE: margin=-7.375000, optimistic_rem(widened)=0.000000 → cannot exceed 0.
[105.926s] PRUNE: margin=-7.375000, optimistic_rem(widened)=0.000000 → cannot exceed 0.
[106.123s] PRUNE: margin=-7.375000, optimistic_rem(widened)=0.000000 → cannot exceed 0.
[106.321s] PRUNE: margin=-7.375000, optimistic_rem(widened)=0.000000 → cannot exceed 0.
[106.519s] PRUNE: margin=-7.375000, optimistic_rem(widened)=0.000000 → cannot exceed 0.
[106.716s] PRUNE: margin=-7.375000, optimistic_rem(widened)=0.000000 → cannot exceed 0.
[106.914s] PRUNE: margin=-7.375000, optimistic_rem(widened)=0.000000 → cannot exceed 0.
[107.309s] PRUNE: margin=-7.500000, optimistic_rem(widened)=7.000000 → cannot exceed 0.
[107.507s] PRUNE: margin=-7.375000, optimistic_rem(widened)=0.000000 → cannot exceed 0.
[107.705s] PRUNE: margin=-7.375000, optimistic_rem(widened)=0.000000 → cannot exceed 0.
[107.902s] PRUNE: margin=-7.375000, optimistic_rem(widened)=0.000000 → cannot exceed 0.
[108.100s] PRUNE: margin=-7.375000, optimistic_rem(widened)=0.000000 → cannot exceed 0.
[108.298s] PRUNE: margin=-7.375000, optimistic_rem(widened)=0.000000 → cannot exceed 0.
[108.496s] PRUNE: margin=-7.375000, optimistic_rem(widened)=0.000000 → cannot exceed 0.
[108.693s] PRUNE: margin=-7.375000, optimistic_rem(widened)=0.000000 → cannot exceed 0.
[108.891s] PRUNE: margin=-7.375000, optimistic_rem(widened)=0.000000 → cannot exceed 0.
[109.286s] PRUNE: margin=-7.375000, optimistic_rem(widened)=0.000000 → cannot exceed 0.
[109.484s] PRUNE: margin=-7.375000, optimistic_rem(widened)=0.000000 → cannot exceed 0.
[109.682s] PRUNE: margin=-7.375000, optimistic_rem(widened)=0.000000 → cannot exceed 0.
[109.879s] PRUNE: margin=-7.375000, optimistic_rem(widened)=0.000000 → cannot exceed 0.
[110.077s] PRUNE: margin=-7.375000, optimistic_rem(widened)=0.000000 → cannot exceed 0.
[110.275s] PRUNE: margin=-7.375000, optimistic_rem(widened)=0.000000 → cannot exceed 0.
[110.473s] PRUNE: margin=-7.375000, optimistic_rem(widened)=0.000000 → cannot exceed 0.
[110.670s] PRUNE: margin=-7.375000, optimistic_rem(widened)=0.000000 → cannot exceed 0.
[110.967s] PRUNE: margin=-7.375000, optimistic_rem(widened)=0.500000 → cannot exceed 0.
[111.165s] PRUNE: margin=-7.375000, optimistic_rem(widened)=0.500000 → cannot exceed 0.
[111.362s] PRUNE: margin=-7.375000, optimistic_rem(widened)=0.500000 → cannot exceed 0.
[111.560s] PRUNE: margin=-7.375000, optimistic_rem(widened)=0.500000 → cannot exceed 0.
[111.758s] PRUNE: margin=-7.375000, optimistic_rem(widened)=0.500000 → cannot exceed 0.
[111.955s] PRUNE: margin=-7.375000, optimistic_rem(widened)=0.500000 → cannot exceed 0.
[112.153s] PRUNE: margin=-7.375000, optimistic_rem(widened)=7.000000 → cannot exceed 0.
[112.351s] PRUNE: margin=-7.375000, optimistic_rem(widened)=7.000000 → cannot exceed 0.
[112.845s] PRUNE: margin=-7.500000, optimistic_rem(widened)=7.000000 → cannot exceed 0.
[113.042s] PRUNE: margin=-7.375000, optimistic_rem(widened)=0.000000 → cannot exceed 0.
[113.240s] PRUNE: margin=-7.375000, optimistic_rem(widened)=0.000000 → cannot exceed 0.
[113.438s] PRUNE: margin=-7.375000, optimistic_rem(widened)=0.000000 → cannot exceed 0.
[113.636s] PRUNE: margin=-7.375000, optimistic_rem(widened)=0.000000 → cannot exceed 0.
[113.833s] PRUNE: margin=-7.375000, optimistic_rem(widened)=0.000000 → cannot exceed 0.
[114.031s] PRUNE: margin=-7.375000, optimistic_rem(widened)=0.000000 → cannot exceed 0.
[114.229s] PRUNE: margin=-7.375000, optimistic_rem(widened)=0.000000 → cannot exceed 0.
[114.427s] PRUNE: margin=-7.375000, optimistic_rem(widened)=0.000000 → cannot exceed 0.
[114.822s] PRUNE: margin=-7.375000, optimistic_rem(widened)=0.000000 → cannot exceed 0.
[115.020s] PRUNE: margin=-7.375000, optimistic_rem(widened)=0.000000 → cannot exceed 0.
[115.218s] PRUNE: margin=-7.375000, optimistic_rem(widened)=0.000000 → cannot exceed 0.
[115.416s] PRUNE: margin=-7.375000, optimistic_rem(widened)=0.000000 → cannot exceed 0.
[115.614s] PRUNE: margin=-7.375000, optimistic_rem(widened)=0.000000 → cannot exceed 0.
[115.811s] PRUNE: margin=-7.375000, optimistic_rem(widened)=0.000000 → cannot exceed 0.
[116.009s] PRUNE: margin=-7.375000, optimistic_rem(widened)=0.000000 → cannot exceed 0.
[116.207s] PRUNE: margin=-7.375000, optimistic_rem(widened)=0.000000 → cannot exceed 0.
[116.503s] PRUNE: margin=-7.375000, optimistic_rem(widened)=0.500000 → cannot exceed 0.
[116.701s] PRUNE: margin=-7.375000, optimistic_rem(widened)=0.500000 → cannot exceed 0.
[116.899s] PRUNE: margin=-7.375000, optimistic_rem(widened)=0.500000 → cannot exceed 0.
[117.097s] PRUNE: margin=-7.375000, optimistic_rem(widened)=0.500000 → cannot exceed 0.
[117.294s] PRUNE: margin=-7.375000, optimistic_rem(widened)=0.500000 → cannot exceed 0.
[117.492s] PRUNE: margin=-7.375000, optimistic_rem(widened)=0.500000 → cannot exceed 0.
[117.690s] PRUNE: margin=-7.375000, optimistic_rem(widened)=7.000000 → cannot exceed 0.
[117.887s] PRUNE: margin=-7.375000, optimistic_rem(widened)=7.000000 → cannot exceed 0.
[118.381s] PRUNE: margin=-7.500000, optimistic_rem(widened)=0.000000 → cannot exceed 0.
[118.579s] PRUNE: margin=-7.500000, optimistic_rem(widened)=0.000000 → cannot exceed 0.
[118.777s] PRUNE: margin=-7.500000, optimistic_rem(widened)=0.000000 → cannot exceed 0.
[118.974s] PRUNE: margin=-7.500000, optimistic_rem(widened)=0.000000 → cannot exceed 0.
[119.172s] PRUNE: margin=-7.500000, optimistic_rem(widened)=0.000000 → cannot exceed 0.
[119.370s] PRUNE: margin=-7.500000, optimistic_rem(widened)=0.000000 → cannot exceed 0.
[119.567s] PRUNE: margin=-7.500000, optimistic_rem(widened)=0.000000 → cannot exceed 0.
[119.765s] PRUNE: margin=-7.500000, optimistic_rem(widened)=0.000000 → cannot exceed 0.
[120.062s] PRUNE: margin=-7.375000, optimistic_rem(widened)=0.500000 → cannot exceed 0.
[120.260s] PRUNE: margin=-7.375000, optimistic_rem(widened)=0.500000 → cannot exceed 0.
[120.458s] PRUNE: margin=-7.375000, optimistic_rem(widened)=0.500000 → cannot exceed 0.
[120.655s] PRUNE: margin=-7.375000, optimistic_rem(widened)=0.500000 → cannot exceed 0.
[120.853s] PRUNE: margin=-7.375000, optimistic_rem(widened)=0.500000 → cannot exceed 0.
[121.051s] PRUNE: margin=-7.375000, optimistic_rem(widened)=0.500000 → cannot exceed 0.
[121.248s] PRUNE: margin=-7.375000, optimistic_rem(widened)=7.000000 → cannot exceed 0.
[121.446s] PRUNE: margin=-7.375000, optimistic_rem(widened)=7.000000 → cannot exceed 0.
[121.841s] PRUNE: margin=-7.375000, optimistic_rem(widened)=0.500000 → cannot exceed 0.
[122.039s] PRUNE: margin=-7.375000, optimistic_rem(widened)=0.500000 → cannot exceed 0.
[122.237s] PRUNE: margin=-7.375000, optimistic_rem(widened)=0.500000 → cannot exceed 0.
[122.435s] PRUNE: margin=-7.375000, optimistic_rem(widened)=0.500000 → cannot exceed 0.
[122.633s] PRUNE: margin=-7.375000, optimistic_rem(widened)=0.500000 → cannot exceed 0.
[122.830s] PRUNE: margin=-7.375000, optimistic_rem(widened)=7.000000 → cannot exceed 0.
[123.028s] PRUNE: margin=-7.375000, optimistic_rem(widened)=7.000000 → cannot exceed 0.
[123.226s] PRUNE: margin=-7.375000, optimistic_rem(widened)=7.000000 → cannot exceed 0.
[123.522s] PRUNE: margin=-7.375000, optimistic_rem(widened)=0.531250 → cannot exceed 0.
[123.720s] PRUNE: margin=-7.375000, optimistic_rem(widened)=0.531250 → cannot exceed 0.
[123.917s] PRUNE: margin=-7.375000, optimistic_rem(widened)=0.750000 → cannot exceed 0.
[124.115s] PRUNE: margin=-7.375000, optimistic_rem(widened)=0.750000 → cannot exceed 0.
[124.313s] PRUNE: margin=-7.375000, optimistic_rem(widened)=0.750000 → cannot exceed 0.
[124.510s] PRUNE: margin=-7.375000, optimistic_rem(widened)=0.750000 → cannot exceed 0.
[124.807s] PRUNE: margin=-5.343750, optimistic_rem(widened)=0.750000 → cannot exceed 0.
[125.598s] PRUNE: margin=-5.437500, optimistic_rem(widened)=1.000000 → cannot exceed 0.
[125.894s] PRUNE: margin=-7.500000, optimistic_rem(widened)=7.000000 → cannot exceed 0.
[126.092s] PRUNE: margin=-7.500000, optimistic_rem(widened)=7.000000 → cannot exceed 0.
[126.290s] PRUNE: margin=-7.500000, optimistic_rem(widened)=7.000000 → cannot exceed 0.
[126.487s] PRUNE: margin=-7.500000, optimistic_rem(widened)=0.000000 → cannot exceed 0.
[126.685s] PRUNE: margin=-7.500000, optimistic_rem(widened)=0.000000 → cannot exceed 0.
[126.883s] PRUNE: margin=-7.500000, optimistic_rem(widened)=0.000000 → cannot exceed 0.
[127.081s] PRUNE: margin=-7.500000, optimistic_rem(widened)=0.000000 → cannot exceed 0.
[127.326s] PRUNE: margin=-7.500000, optimistic_rem(widened)=0.000000 → cannot exceed 0.
[127.524s] PRUNE: margin=-7.500000, optimistic_rem(widened)=0.000000 → cannot exceed 0.
[127.723s] PRUNE: margin=-7.500000, optimistic_rem(widened)=0.000000 → cannot exceed 0.
[128.119s] PRUNE: margin=-7.500000, optimistic_rem(widened)=0.000000 → cannot exceed 0.
[128.318s] PRUNE: margin=-7.500000, optimistic_rem(widened)=0.000000 → cannot exceed 0.
[128.516s] PRUNE: margin=-7.500000, optimistic_rem(widened)=0.000000 → cannot exceed 0.
[128.714s] PRUNE: margin=-7.500000, optimistic_rem(widened)=7.000000 → cannot exceed 0.
[128.913s] PRUNE: margin=-7.500000, optimistic_rem(widened)=7.000000 → cannot exceed 0.
[129.111s] PRUNE: margin=-7.500000, optimistic_rem(widened)=0.000000 → cannot exceed 0.
[129.309s] PRUNE: margin=-7.500000, optimistic_rem(widened)=0.000000 → cannot exceed 0.
[129.507s] PRUNE: margin=-7.500000, optimistic_rem(widened)=0.000000 → cannot exceed 0.
[129.706s] PRUNE: margin=-7.500000, optimistic_rem(widened)=0.000000 → cannot exceed 0.
[130.102s] PRUNE: margin=-7.500000, optimistic_rem(widened)=0.000000 → cannot exceed 0.
[130.300s] PRUNE: margin=-7.500000, optimistic_rem(widened)=0.000000 → cannot exceed 0.
[130.564s] PRUNE: margin=-7.500000, optimistic_rem(widened)=0.000000 → cannot exceed 0.
[130.762s] PRUNE: margin=-7.500000, optimistic_rem(widened)=7.000000 → cannot exceed 0.
[130.960s] PRUNE: margin=-7.500000, optimistic_rem(widened)=0.000000 → cannot exceed 0.
[131.158s] PRUNE: margin=-7.500000, optimistic_rem(widened)=0.000000 → cannot exceed 0.
[131.356s] PRUNE: margin=-7.500000, optimistic_rem(widened)=0.000000 → cannot exceed 0.
[131.555s] PRUNE: margin=-7.500000, optimistic_rem(widened)=0.000000 → cannot exceed 0.
[131.951s] PRUNE: margin=-7.500000, optimistic_rem(widened)=0.000000 → cannot exceed 0.
[132.149s] PRUNE: margin=-7.500000, optimistic_rem(widened)=0.000000 → cannot exceed 0.
[132.347s] PRUNE: margin=-7.500000, optimistic_rem(widened)=0.000000 → cannot exceed 0.
[132.546s] PRUNE: margin=-7.500000, optimistic_rem(widened)=0.000000 → cannot exceed 0.
[132.744s] PRUNE: margin=-7.500000, optimistic_rem(widened)=0.000000 → cannot exceed 0.
[132.942s] PRUNE: margin=-7.500000, optimistic_rem(widened)=0.000000 → cannot exceed 0.
[133.140s] PRUNE: margin=-7.500000, optimistic_rem(widened)=0.000000 → cannot exceed 0.
[133.437s] PRUNE: margin=-7.500000, optimistic_rem(widened)=7.000000 → cannot exceed 0.
[133.635s] PRUNE: margin=-7.500000, optimistic_rem(widened)=7.000000 → cannot exceed 0.
[133.833s] PRUNE: margin=-7.500000, optimistic_rem(widened)=7.000000 → cannot exceed 0.
[134.031s] PRUNE: margin=-7.500000, optimistic_rem(widened)=7.000000 → cannot exceed 0.
[134.229s] PRUNE: margin=-7.500000, optimistic_rem(widened)=7.000000 → cannot exceed 0.
[134.427s] PRUNE: margin=-7.500000, optimistic_rem(widened)=7.000000 → cannot exceed 0.
[134.625s] PRUNE: margin=-7.500000, optimistic_rem(widened)=7.000000 → cannot exceed 0.
[135.022s] PRUNE: margin=-7.375000, optimistic_rem(widened)=7.000000 → cannot exceed 0.
[135.220s] PRUNE: margin=-7.375000, optimistic_rem(widened)=7.000000 → cannot exceed 0.
[135.417s] PRUNE: margin=-7.500000, optimistic_rem(widened)=7.500000 → cannot exceed 0.
[135.615s] PRUNE: margin=-7.500000, optimistic_rem(widened)=7.500000 → cannot exceed 0.
[135.813s] PRUNE: margin=-7.500000, optimistic_rem(widened)=7.500000 → cannot exceed 0.
[136.011s] PRUNE: margin=-7.500000, optimistic_rem(widened)=0.500000 → cannot exceed 0.
[136.208s] PRUNE: margin=-7.500000, optimistic_rem(widened)=0.500000 → cannot exceed 0.
[136.406s] PRUNE: margin=-7.500000, optimistic_rem(widened)=0.500000 → cannot exceed 0.
[136.604s] PRUNE: margin=-7.500000, optimistic_rem(widened)=0.500000 → cannot exceed 0.
[136.801s] PRUNE: margin=-7.500000, optimistic_rem(widened)=0.500000 → cannot exceed 0.
[136.999s] PRUNE: margin=-7.500000, optimistic_rem(widened)=7.000000 → cannot exceed 0.
[137.494s] PRUNE: margin=-7.375000, optimistic_rem(widened)=7.000000 → cannot exceed 0.
[137.691s] PRUNE: margin=-7.375000, optimistic_rem(widened)=0.000000 → cannot exceed 0.
[137.889s] PRUNE: margin=-7.375000, optimistic_rem(widened)=0.000000 → cannot exceed 0.
[138.087s] PRUNE: margin=-7.375000, optimistic_rem(widened)=0.000000 → cannot exceed 0.
[138.285s] PRUNE: margin=-7.375000, optimistic_rem(widened)=0.000000 → cannot exceed 0.
[138.483s] PRUNE: margin=-7.375000, optimistic_rem(widened)=0.000000 → cannot exceed 0.
[138.680s] PRUNE: margin=-7.375000, optimistic_rem(widened)=0.000000 → cannot exceed 0.
[138.878s] PRUNE: margin=-7.375000, optimistic_rem(widened)=0.000000 → cannot exceed 0.
[139.076s] PRUNE: margin=-7.375000, optimistic_rem(widened)=0.000000 → cannot exceed 0.
[139.471s] PRUNE: margin=-7.375000, optimistic_rem(widened)=0.000000 → cannot exceed 0.
[139.669s] PRUNE: margin=-7.375000, optimistic_rem(widened)=0.000000 → cannot exceed 0.
[139.866s] PRUNE: margin=-7.375000, optimistic_rem(widened)=0.000000 → cannot exceed 0.
[140.065s] PRUNE: margin=-7.375000, optimistic_rem(widened)=0.000000 → cannot exceed 0.
[140.263s] PRUNE: margin=-7.375000, optimistic_rem(widened)=0.000000 → cannot exceed 0.
[140.460s] PRUNE: margin=-7.375000, optimistic_rem(widened)=0.000000 → cannot exceed 0.
[140.658s] PRUNE: margin=-7.375000, optimistic_rem(widened)=0.000000 → cannot exceed 0.
[140.856s] PRUNE: margin=-7.375000, optimistic_rem(widened)=0.000000 → cannot exceed 0.
[141.153s] PRUNE: margin=-7.375000, optimistic_rem(widened)=0.500000 → cannot exceed 0.
[141.350s] PRUNE: margin=-7.375000, optimistic_rem(widened)=0.500000 → cannot exceed 0.
[141.548s] PRUNE: margin=-7.375000, optimistic_rem(widened)=0.500000 → cannot exceed 0.
[141.746s] PRUNE: margin=-7.375000, optimistic_rem(widened)=0.500000 → cannot exceed 0.
[141.943s] PRUNE: margin=-7.375000, optimistic_rem(widened)=0.500000 → cannot exceed 0.
[142.141s] PRUNE: margin=-7.375000, optimistic_rem(widened)=0.500000 → cannot exceed 0.
[142.339s] PRUNE: margin=-7.375000, optimistic_rem(widened)=7.000000 → cannot exceed 0.
[142.537s] PRUNE: margin=-7.375000, optimistic_rem(widened)=7.000000 → cannot exceed 0.
[143.031s] PRUNE: margin=-7.375000, optimistic_rem(widened)=0.000000 → cannot exceed 0.
[143.228s] PRUNE: margin=-7.375000, optimistic_rem(widened)=0.000000 → cannot exceed 0.
[143.426s] PRUNE: margin=-7.375000, optimistic_rem(widened)=0.000000 → cannot exceed 0.
[143.624s] PRUNE: margin=-7.375000, optimistic_rem(widened)=0.000000 → cannot exceed 0.
[143.822s] PRUNE: margin=-7.375000, optimistic_rem(widened)=0.000000 → cannot exceed 0.
[144.020s] PRUNE: margin=-7.375000, optimistic_rem(widened)=0.000000 → cannot exceed 0.
[144.217s] PRUNE: margin=-7.375000, optimistic_rem(widened)=0.000000 → cannot exceed 0.
[144.415s] PRUNE: margin=-7.375000, optimistic_rem(widened)=0.000000 → cannot exceed 0.
[144.712s] PRUNE: margin=-7.375000, optimistic_rem(widened)=0.500000 → cannot exceed 0.
[144.909s] PRUNE: margin=-7.375000, optimistic_rem(widened)=0.500000 → cannot exceed 0.
[145.107s] PRUNE: margin=-7.375000, optimistic_rem(widened)=0.500000 → cannot exceed 0.
[145.305s] PRUNE: margin=-7.375000, optimistic_rem(widened)=0.500000 → cannot exceed 0.
[145.503s] PRUNE: margin=-7.375000, optimistic_rem(widened)=0.500000 → cannot exceed 0.
[145.701s] PRUNE: margin=-7.375000, optimistic_rem(widened)=0.500000 → cannot exceed 0.
[145.898s] PRUNE: margin=-7.375000, optimistic_rem(widened)=7.000000 → cannot exceed 0.
[146.096s] PRUNE: margin=-7.375000, optimistic_rem(widened)=7.000000 → cannot exceed 0.
[146.492s] PRUNE: margin=-7.375000, optimistic_rem(widened)=0.500000 → cannot exceed 0.
[146.690s] PRUNE: margin=-7.375000, optimistic_rem(widened)=0.500000 → cannot exceed 0.
[146.887s] PRUNE: margin=-7.375000, optimistic_rem(widened)=0.500000 → cannot exceed 0.
[147.085s] PRUNE: margin=-7.375000, optimistic_rem(widened)=0.500000 → cannot exceed 0.
[147.283s] PRUNE: margin=-7.375000, optimistic_rem(widened)=0.500000 → cannot exceed 0.
[147.480s] PRUNE: margin=-7.375000, optimistic_rem(widened)=0.500000 → cannot exceed 0.
[147.678s] PRUNE: margin=-7.375000, optimistic_rem(widened)=7.000000 → cannot exceed 0.
[147.876s] PRUNE: margin=-7.375000, optimistic_rem(widened)=7.000000 → cannot exceed 0.
[148.173s] PRUNE: margin=-7.375000, optimistic_rem(widened)=0.531250 → cannot exceed 0.
[148.371s] PRUNE: margin=-7.375000, optimistic_rem(widened)=0.531250 → cannot exceed 0.
[148.568s] PRUNE: margin=-7.375000, optimistic_rem(widened)=0.531250 → cannot exceed 0.
[148.766s] PRUNE: margin=-7.375000, optimistic_rem(widened)=0.531250 → cannot exceed 0.
[148.964s] PRUNE: margin=-7.375000, optimistic_rem(widened)=0.531250 → cannot exceed 0.
[149.161s] PRUNE: margin=-7.375000, optimistic_rem(widened)=0.531250 → cannot exceed 0.
[149.458s] PRUNE: margin=-5.343750, optimistic_rem(widened)=0.750000 → cannot exceed 0.
[150.248s] PRUNE: margin=-5.437500, optimistic_rem(widened)=0.500000 → cannot exceed 0.
[150.560s] PRUNE: margin=-7.500000, optimistic_rem(widened)=7.000000 → cannot exceed 0.
[150.758s] PRUNE: margin=-7.500000, optimistic_rem(widened)=7.000000 → cannot exceed 0.
[150.956s] PRUNE: margin=-7.500000, optimistic_rem(widened)=0.000000 → cannot exceed 0.
[151.154s] PRUNE: margin=-7.500000, optimistic_rem(widened)=0.000000 → cannot exceed 0.
[151.352s] PRUNE: margin=-7.500000, optimistic_rem(widened)=0.000000 → cannot exceed 0.
[151.550s] PRUNE: margin=-7.500000, optimistic_rem(widened)=0.000000 → cannot exceed 0.
[151.747s] PRUNE: margin=-7.500000, optimistic_rem(widened)=0.000000 → cannot exceed 0.
[151.945s] PRUNE: margin=-7.500000, optimistic_rem(widened)=0.000000 → cannot exceed 0.
[152.143s] PRUNE: margin=-7.500000, optimistic_rem(widened)=0.000000 → cannot exceed 0.
[152.538s] PRUNE: margin=-7.500000, optimistic_rem(widened)=7.000000 → cannot exceed 0.
[152.737s] PRUNE: margin=-7.500000, optimistic_rem(widened)=0.000000 → cannot exceed 0.
[152.934s] PRUNE: margin=-7.500000, optimistic_rem(widened)=0.000000 → cannot exceed 0.
[153.132s] PRUNE: margin=-7.500000, optimistic_rem(widened)=0.000000 → cannot exceed 0.
[153.330s] PRUNE: margin=-7.500000, optimistic_rem(widened)=0.000000 → cannot exceed 0.
[153.527s] PRUNE: margin=-7.500000, optimistic_rem(widened)=0.000000 → cannot exceed 0.
[153.725s] PRUNE: margin=-7.500000, optimistic_rem(widened)=0.000000 → cannot exceed 0.
[153.923s] PRUNE: margin=-7.500000, optimistic_rem(widened)=0.000000 → cannot exceed 0.
[154.318s] PRUNE: margin=-7.500000, optimistic_rem(widened)=0.000000 → cannot exceed 0.
[154.516s] PRUNE: margin=-7.500000, optimistic_rem(widened)=0.000000 → cannot exceed 0.
[154.714s] PRUNE: margin=-7.500000, optimistic_rem(widened)=0.000000 → cannot exceed 0.
[154.911s] PRUNE: margin=-7.500000, optimistic_rem(widened)=0.000000 → cannot exceed 0.
[155.109s] PRUNE: margin=-7.500000, optimistic_rem(widened)=0.000000 → cannot exceed 0.
[155.307s] PRUNE: margin=-7.500000, optimistic_rem(widened)=0.000000 → cannot exceed 0.
[155.504s] PRUNE: margin=-7.500000, optimistic_rem(widened)=0.000000 → cannot exceed 0.
[155.801s] PRUNE: margin=-7.500000, optimistic_rem(widened)=7.000000 → cannot exceed 0.
[155.999s] PRUNE: margin=-7.500000, optimistic_rem(widened)=7.000000 → cannot exceed 0.
[156.196s] PRUNE: margin=-7.500000, optimistic_rem(widened)=7.000000 → cannot exceed 0.
[156.394s] PRUNE: margin=-7.500000, optimistic_rem(widened)=7.000000 → cannot exceed 0.
[156.592s] PRUNE: margin=-7.500000, optimistic_rem(widened)=7.000000 → cannot exceed 0.
[156.790s] PRUNE: margin=-7.500000, optimistic_rem(widened)=7.000000 → cannot exceed 0.
[156.988s] PRUNE: margin=-7.500000, optimistic_rem(widened)=7.000000 → cannot exceed 0.
[157.482s] PRUNE: margin=-7.375000, optimistic_rem(widened)=7.000000 → cannot exceed 0.
[157.680s] PRUNE: margin=-7.375000, optimistic_rem(widened)=0.000000 → cannot exceed 0.
[157.878s] PRUNE: margin=-7.375000, optimistic_rem(widened)=0.000000 → cannot exceed 0.
[158.075s] PRUNE: margin=-7.375000, optimistic_rem(widened)=0.000000 → cannot exceed 0.
[158.273s] PRUNE: margin=-7.375000, optimistic_rem(widened)=0.000000 → cannot exceed 0.
[158.471s] PRUNE: margin=-7.375000, optimistic_rem(widened)=0.000000 → cannot exceed 0.
[158.669s] PRUNE: margin=-7.375000, optimistic_rem(widened)=0.000000 → cannot exceed 0.
[158.866s] PRUNE: margin=-7.375000, optimistic_rem(widened)=0.000000 → cannot exceed 0.
[159.064s] PRUNE: margin=-7.375000, optimistic_rem(widened)=0.000000 → cannot exceed 0.
[159.460s] PRUNE: margin=-7.375000, optimistic_rem(widened)=0.000000 → cannot exceed 0.
[159.658s] PRUNE: margin=-7.375000, optimistic_rem(widened)=0.000000 → cannot exceed 0.
[159.855s] PRUNE: margin=-7.375000, optimistic_rem(widened)=0.000000 → cannot exceed 0.
[160.053s] PRUNE: margin=-7.375000, optimistic_rem(widened)=0.000000 → cannot exceed 0.
[160.251s] PRUNE: margin=-7.375000, optimistic_rem(widened)=0.000000 → cannot exceed 0.
[160.449s] PRUNE: margin=-7.375000, optimistic_rem(widened)=0.000000 → cannot exceed 0.
[160.647s] PRUNE: margin=-7.375000, optimistic_rem(widened)=0.000000 → cannot exceed 0.
[160.844s] PRUNE: margin=-7.375000, optimistic_rem(widened)=0.000000 → cannot exceed 0.
[161.141s] PRUNE: margin=-7.375000, optimistic_rem(widened)=0.500000 → cannot exceed 0.
[161.338s] PRUNE: margin=-7.375000, optimistic_rem(widened)=0.500000 → cannot exceed 0.
[161.536s] PRUNE: margin=-7.375000, optimistic_rem(widened)=0.500000 → cannot exceed 0.
[161.734s] PRUNE: margin=-7.375000, optimistic_rem(widened)=0.500000 → cannot exceed 0.
[161.931s] PRUNE: margin=-7.375000, optimistic_rem(widened)=0.500000 → cannot exceed 0.
[162.129s] PRUNE: margin=-7.375000, optimistic_rem(widened)=7.000000 → cannot exceed 0.
[162.327s] PRUNE: margin=-7.375000, optimistic_rem(widened)=7.000000 → cannot exceed 0.
[162.525s] PRUNE: margin=-7.375000, optimistic_rem(widened)=7.000000 → cannot exceed 0.
[163.019s] PRUNE: margin=-7.375000, optimistic_rem(widened)=0.000000 → cannot exceed 0.
[163.216s] PRUNE: margin=-7.375000, optimistic_rem(widened)=0.000000 → cannot exceed 0.
[163.414s] PRUNE: margin=-7.375000, optimistic_rem(widened)=0.000000 → cannot exceed 0.
[163.612s] PRUNE: margin=-7.375000, optimistic_rem(widened)=0.000000 → cannot exceed 0.
[163.809s] PRUNE: margin=-7.375000, optimistic_rem(widened)=0.000000 → cannot exceed 0.
[164.007s] PRUNE: margin=-7.375000, optimistic_rem(widened)=0.000000 → cannot exceed 0.
[164.205s] PRUNE: margin=-7.375000, optimistic_rem(widened)=0.000000 → cannot exceed 0.
[164.403s] PRUNE: margin=-7.375000, optimistic_rem(widened)=0.000000 → cannot exceed 0.
[164.699s] PRUNE: margin=-7.375000, optimistic_rem(widened)=0.500000 → cannot exceed 0.
[164.897s] PRUNE: margin=-7.375000, optimistic_rem(widened)=0.500000 → cannot exceed 0.
[165.094s] PRUNE: margin=-7.375000, optimistic_rem(widened)=0.500000 → cannot exceed 0.
[165.292s] PRUNE: margin=-7.375000, optimistic_rem(widened)=0.500000 → cannot exceed 0.
[165.490s] PRUNE: margin=-7.375000, optimistic_rem(widened)=0.500000 → cannot exceed 0.
[165.687s] PRUNE: margin=-7.375000, optimistic_rem(widened)=7.000000 → cannot exceed 0.
[165.885s] PRUNE: margin=-7.375000, optimistic_rem(widened)=7.000000 → cannot exceed 0.
[166.083s] PRUNE: margin=-7.375000, optimistic_rem(widened)=7.000000 → cannot exceed 0.
[166.478s] PRUNE: margin=-7.375000, optimistic_rem(widened)=0.500000 → cannot exceed 0.
[166.675s] PRUNE: margin=-7.375000, optimistic_rem(widened)=0.500000 → cannot exceed 0.
[166.873s] PRUNE: margin=-7.375000, optimistic_rem(widened)=0.500000 → cannot exceed 0.
[167.071s] PRUNE: margin=-7.375000, optimistic_rem(widened)=0.500000 → cannot exceed 0.
[167.268s] PRUNE: margin=-7.375000, optimistic_rem(widened)=0.500000 → cannot exceed 0.
[167.466s] PRUNE: margin=-7.375000, optimistic_rem(widened)=7.000000 → cannot exceed 0.
[167.664s] PRUNE: margin=-7.375000, optimistic_rem(widened)=7.000000 → cannot exceed 0.
[167.861s] PRUNE: margin=-7.375000, optimistic_rem(widened)=7.000000 → cannot exceed 0.
[168.158s] PRUNE: margin=-7.375000, optimistic_rem(widened)=0.531250 → cannot exceed 0.
[168.356s] PRUNE: margin=-7.375000, optimistic_rem(widened)=0.531250 → cannot exceed 0.
[168.554s] PRUNE: margin=-7.375000, optimistic_rem(widened)=0.531250 → cannot exceed 0.
[168.751s] PRUNE: margin=-7.375000, optimistic_rem(widened)=0.531250 → cannot exceed 0.
[168.949s] PRUNE: margin=-7.375000, optimistic_rem(widened)=0.531250 → cannot exceed 0.
[169.147s] PRUNE: margin=-7.375000, optimistic_rem(widened)=0.531250 → cannot exceed 0.
[169.443s] PRUNE: margin=-5.375000, optimistic_rem(widened)=0.750000 → cannot exceed 0.
[170.234s] PRUNE: margin=-5.406250, optimistic_rem(widened)=1.000000 → cannot exceed 0.
[170.531s] PRUNE: margin=-7.500000, optimistic_rem(widened)=7.000000 → cannot exceed 0.
[170.729s] PRUNE: margin=-7.500000, optimistic_rem(widened)=0.000000 → cannot exceed 0.
[170.927s] PRUNE: margin=-7.500000, optimistic_rem(widened)=0.000000 → cannot exceed 0.
[171.124s] PRUNE: margin=-7.500000, optimistic_rem(widened)=0.000000 → cannot exceed 0.
[171.322s] PRUNE: margin=-7.500000, optimistic_rem(widened)=0.000000 → cannot exceed 0.
[171.520s] PRUNE: margin=-7.500000, optimistic_rem(widened)=0.000000 → cannot exceed 0.
[171.718s] PRUNE: margin=-7.500000, optimistic_rem(widened)=0.000000 → cannot exceed 0.
[171.916s] PRUNE: margin=-7.500000, optimistic_rem(widened)=0.000000 → cannot exceed 0.
[172.312s] PRUNE: margin=-7.500000, optimistic_rem(widened)=0.000000 → cannot exceed 0.
[172.510s] PRUNE: margin=-7.500000, optimistic_rem(widened)=0.000000 → cannot exceed 0.
[172.708s] PRUNE: margin=-7.500000, optimistic_rem(widened)=0.000000 → cannot exceed 0.
[172.905s] PRUNE: margin=-7.500000, optimistic_rem(widened)=0.000000 → cannot exceed 0.
[173.103s] PRUNE: margin=-7.500000, optimistic_rem(widened)=0.000000 → cannot exceed 0.
[173.301s] PRUNE: margin=-7.500000, optimistic_rem(widened)=0.000000 → cannot exceed 0.
[173.498s] PRUNE: margin=-7.500000, optimistic_rem(widened)=0.000000 → cannot exceed 0.
[173.795s] PRUNE: margin=-7.500000, optimistic_rem(widened)=7.000000 → cannot exceed 0.
[173.993s] PRUNE: margin=-7.500000, optimistic_rem(widened)=7.000000 → cannot exceed 0.
[174.190s] PRUNE: margin=-7.500000, optimistic_rem(widened)=7.000000 → cannot exceed 0.
[174.388s] PRUNE: margin=-7.500000, optimistic_rem(widened)=7.000000 → cannot exceed 0.
[174.586s] PRUNE: margin=-7.500000, optimistic_rem(widened)=7.000000 → cannot exceed 0.
[174.784s] PRUNE: margin=-7.500000, optimistic_rem(widened)=7.000000 → cannot exceed 0.
[174.982s] PRUNE: margin=-7.500000, optimistic_rem(widened)=7.000000 → cannot exceed 0.
[175.377s] PRUNE: margin=-5.406250, optimistic_rem(widened)=1.000000 → cannot exceed 0.
[175.674s] PRUNE: margin=-7.500000, optimistic_rem(widened)=0.000000 → cannot exceed 0.
[175.872s] PRUNE: margin=-7.500000, optimistic_rem(widened)=0.000000 → cannot exceed 0.
[176.069s] PRUNE: margin=-7.500000, optimistic_rem(widened)=0.000000 → cannot exceed 0.
[176.267s] PRUNE: margin=-7.500000, optimistic_rem(widened)=0.000000 → cannot exceed 0.
[176.465s] PRUNE: margin=-7.500000, optimistic_rem(widened)=0.000000 → cannot exceed 0.
[176.663s] PRUNE: margin=-7.500000, optimistic_rem(widened)=0.000000 → cannot exceed 0.
[176.861s] PRUNE: margin=-7.500000, optimistic_rem(widened)=0.000000 → cannot exceed 0.
[177.158s] PRUNE: margin=-7.500000, optimistic_rem(widened)=7.000000 → cannot exceed 0.
[177.356s] PRUNE: margin=-7.500000, optimistic_rem(widened)=7.000000 → cannot exceed 0.
[177.553s] PRUNE: margin=-7.500000, optimistic_rem(widened)=7.000000 → cannot exceed 0.
[177.754s] PRUNE: margin=-7.500000, optimistic_rem(widened)=7.000000 → cannot exceed 0.
[177.962s] PRUNE: margin=-7.500000, optimistic_rem(widened)=7.000000 → cannot exceed 0.
[178.160s] PRUNE: margin=-7.500000, optimistic_rem(widened)=7.000000 → cannot exceed 0.
[178.357s] PRUNE: margin=-7.500000, optimistic_rem(widened)=7.000000 → cannot exceed 0.
[178.753s] PRUNE: margin=-5.406250, optimistic_rem(widened)=1.000000 → cannot exceed 0.
[178.951s] PRUNE: margin=-7.500000, optimistic_rem(widened)=7.000000 → cannot exceed 0.
[179.149s] PRUNE: margin=-7.500000, optimistic_rem(widened)=7.000000 → cannot exceed 0.
[179.346s] PRUNE: margin=-7.500000, optimistic_rem(widened)=7.000000 → cannot exceed 0.
[179.544s] PRUNE: margin=-7.500000, optimistic_rem(widened)=7.000000 → cannot exceed 0.
[179.742s] PRUNE: margin=-7.500000, optimistic_rem(widened)=7.000000 → cannot exceed 0.
[179.940s] PRUNE: margin=-7.500000, optimistic_rem(widened)=7.000000 → cannot exceed 0.
[180.138s] PRUNE: margin=-7.500000, optimistic_rem(widened)=7.000000 → cannot exceed 0.
[180.434s] PRUNE: margin=-7.500000, optimistic_rem(widened)=1.125000 → cannot exceed 0.
[180.632s] PRUNE: margin=-7.500000, optimistic_rem(widened)=1.125000 → cannot exceed 0.
[180.928s] PRUNE: margin=-5.406250, optimistic_rem(widened)=1.000000 → cannot exceed 0.
[181.126s] PRUNE: margin=-7.500000, optimistic_rem(widened)=7.000000 → cannot exceed 0.
[181.324s] PRUNE: margin=-7.500000, optimistic_rem(widened)=7.000000 → cannot exceed 0.
[181.522s] PRUNE: margin=-7.500000, optimistic_rem(widened)=7.000000 → cannot exceed 0.
[181.719s] PRUNE: margin=-7.500000, optimistic_rem(widened)=7.000000 → cannot exceed 0.
[182.115s] PRUNE: margin=-5.406250, optimistic_rem(widened)=1.000000 → cannot exceed 0.
[182.312s] PRUNE: margin=-7.500000, optimistic_rem(widened)=7.000000 → cannot exceed 0.
[182.510s] PRUNE: margin=-7.500000, optimistic_rem(widened)=7.000000 → cannot exceed 0.
[182.708s] PRUNE: margin=-7.500000, optimistic_rem(widened)=7.000000 → cannot exceed 0.
[183.103s] PRUNE: margin=-5.406250, optimistic_rem(widened)=1.000000 → cannot exceed 0.
[183.300s] PRUNE: margin=-7.500000, optimistic_rem(widened)=7.000000 → cannot exceed 0.
[183.498s] PRUNE: margin=-7.500000, optimistic_rem(widened)=7.000000 → cannot exceed 0.
[183.893s] PRUNE: margin=-5.406250, optimistic_rem(widened)=1.000000 → cannot exceed 0.
[184.091s] PRUNE: margin=-7.500000, optimistic_rem(widened)=7.000000 → cannot exceed 0.
[184.486s] PRUNE: margin=-5.406250, optimistic_rem(widened)=1.000000 → cannot exceed 0.
[185.376s] PRUNE: margin=-7.375000, optimistic_rem(widened)=0.000000 → cannot exceed 0.
[185.574s] PRUNE: margin=-7.375000, optimistic_rem(widened)=0.000000 → cannot exceed 0.
[185.771s] PRUNE: margin=-7.375000, optimistic_rem(widened)=0.000000 → cannot exceed 0.
[185.969s] PRUNE: margin=-7.375000, optimistic_rem(widened)=0.000000 → cannot exceed 0.
[186.167s] PRUNE: margin=-7.375000, optimistic_rem(widened)=0.000000 → cannot exceed 0.
[186.364s] PRUNE: margin=-7.375000, optimistic_rem(widened)=0.000000 → cannot exceed 0.
[186.562s] PRUNE: margin=-7.375000, optimistic_rem(widened)=0.000000 → cannot exceed 0.
[186.760s] PRUNE: margin=-7.375000, optimistic_rem(widened)=0.000000 → cannot exceed 0.
[187.056s] PRUNE: margin=-7.375000, optimistic_rem(widened)=0.500000 → cannot exceed 0.
[187.254s] PRUNE: margin=-7.375000, optimistic_rem(widened)=0.500000 → cannot exceed 0.
[187.452s] PRUNE: margin=-7.375000, optimistic_rem(widened)=0.500000 → cannot exceed 0.
[187.650s] PRUNE: margin=-7.375000, optimistic_rem(widened)=0.500000 → cannot exceed 0.
[187.847s] PRUNE: margin=-7.375000, optimistic_rem(widened)=0.500000 → cannot exceed 0.
[188.045s] PRUNE: margin=-7.375000, optimistic_rem(widened)=0.500000 → cannot exceed 0.
[188.243s] PRUNE: margin=-7.375000, optimistic_rem(widened)=7.000000 → cannot exceed 0.
[188.441s] PRUNE: margin=-7.375000, optimistic_rem(widened)=7.000000 → cannot exceed 0.
[188.836s] PRUNE: margin=-7.375000, optimistic_rem(widened)=0.500000 → cannot exceed 0.
[189.034s] PRUNE: margin=-7.375000, optimistic_rem(widened)=0.500000 → cannot exceed 0.
[189.231s] PRUNE: margin=-7.375000, optimistic_rem(widened)=0.500000 → cannot exceed 0.
[189.429s] PRUNE: margin=-7.375000, optimistic_rem(widened)=0.500000 → cannot exceed 0.
[189.627s] PRUNE: margin=-7.375000, optimistic_rem(widened)=0.500000 → cannot exceed 0.
[189.825s] PRUNE: margin=-7.375000, optimistic_rem(widened)=0.500000 → cannot exceed 0.
[190.022s] PRUNE: margin=-7.375000, optimistic_rem(widened)=7.000000 → cannot exceed 0.
[190.220s] PRUNE: margin=-7.375000, optimistic_rem(widened)=7.000000 → cannot exceed 0.
[190.517s] PRUNE: margin=-7.375000, optimistic_rem(widened)=0.750000 → cannot exceed 0.
[190.714s] PRUNE: margin=-7.375000, optimistic_rem(widened)=0.750000 → cannot exceed 0.
[190.912s] PRUNE: margin=-7.375000, optimistic_rem(widened)=0.750000 → cannot exceed 0.
[191.110s] PRUNE: margin=-7.375000, optimistic_rem(widened)=0.750000 → cannot exceed 0.
[191.308s] PRUNE: margin=-7.375000, optimistic_rem(widened)=0.750000 → cannot exceed 0.
[191.506s] PRUNE: margin=-7.375000, optimistic_rem(widened)=0.750000 → cannot exceed 0.
[191.802s] PRUNE: margin=-5.343750, optimistic_rem(widened)=0.500000 → cannot exceed 0.
[192.593s] PRUNE: margin=-7.375000, optimistic_rem(widened)=0.500000 → cannot exceed 0.
[192.791s] PRUNE: margin=-7.375000, optimistic_rem(widened)=0.500000 → cannot exceed 0.
[192.988s] PRUNE: margin=-7.375000, optimistic_rem(widened)=0.500000 → cannot exceed 0.
[193.186s] PRUNE: margin=-7.375000, optimistic_rem(widened)=0.500000 → cannot exceed 0.
[193.384s] PRUNE: margin=-7.375000, optimistic_rem(widened)=0.500000 → cannot exceed 0.
[193.582s] PRUNE: margin=-7.375000, optimistic_rem(widened)=0.500000 → cannot exceed 0.
[193.780s] PRUNE: margin=-7.375000, optimistic_rem(widened)=7.000000 → cannot exceed 0.
[193.977s] PRUNE: margin=-7.375000, optimistic_rem(widened)=7.000000 → cannot exceed 0.
[194.274s] PRUNE: margin=-7.375000, optimistic_rem(widened)=0.750000 → cannot exceed 0.
[194.472s] PRUNE: margin=-7.375000, optimistic_rem(widened)=0.750000 → cannot exceed 0.
[194.669s] PRUNE: margin=-7.375000, optimistic_rem(widened)=0.750000 → cannot exceed 0.
[194.867s] PRUNE: margin=-7.375000, optimistic_rem(widened)=0.750000 → cannot exceed 0.
[195.065s] PRUNE: margin=-7.375000, optimistic_rem(widened)=0.750000 → cannot exceed 0.
[195.263s] PRUNE: margin=-7.375000, optimistic_rem(widened)=0.750000 → cannot exceed 0.
[195.559s] PRUNE: margin=-5.343750, optimistic_rem(widened)=0.500000 → cannot exceed 0.
[196.251s] PRUNE: margin=-7.375000, optimistic_rem(widened)=0.750000 → cannot exceed 0.
[196.449s] PRUNE: margin=-7.375000, optimistic_rem(widened)=0.750000 → cannot exceed 0.
[196.646s] PRUNE: margin=-7.375000, optimistic_rem(widened)=0.750000 → cannot exceed 0.
[196.844s] PRUNE: margin=-7.375000, optimistic_rem(widened)=0.750000 → cannot exceed 0.
[197.042s] PRUNE: margin=-7.375000, optimistic_rem(widened)=0.750000 → cannot exceed 0.
[197.240s] PRUNE: margin=-7.375000, optimistic_rem(widened)=0.750000 → cannot exceed 0.
[197.536s] PRUNE: margin=-5.343750, optimistic_rem(widened)=0.750000 → cannot exceed 0.
[198.129s] PRUNE: margin=-7.375000, optimistic_rem(widened)=7.250000 → cannot exceed 0.
[198.327s] PRUNE: margin=-7.375000, optimistic_rem(widened)=7.250000 → cannot exceed 0.
[198.524s] PRUNE: margin=-7.375000, optimistic_rem(widened)=7.250000 → cannot exceed 0.
[198.722s] PRUNE: margin=-7.375000, optimistic_rem(widened)=7.250000 → cannot exceed 0.
[198.920s] PRUNE: margin=-7.375000, optimistic_rem(widened)=7.250000 → cannot exceed 0.
[199.117s] PRUNE: margin=-7.375000, optimistic_rem(widened)=7.250000 → cannot exceed 0.
[199.413s] PRUNE: margin=-5.343750, optimistic_rem(widened)=1.250000 → cannot exceed 0.
[199.809s] No counterexample within budgets (BaB): no misclassification found.
STATUS: No counterexample | best_upper_margin=13.625000 | elapsed=199.809s | pixels_changed=0 | total_bit_flips=0 | avg_hamming_per_pixel=0.000000 | patch_rows=0-10 | patch_cols=8-23 | note=no_counterexample_within_budgets
