[  0.000s] init: idx=1270 kmax=2 bmax=4 topx=2 widen=1.000 rank_fast=off
clean logits (hex):  0x83  0x87  0x8d  0x90  0x75  0x96  0x89  0x68  0xe0  0x76
clean logits (bits): 10000011 10000111 10001101 10010000 01110101 10010110 10001001 01101000 11100000 01110110
clean logits (double): -24.000000 -10.000000 -5.500000 -4.000000 +6.500000 -3.250000 -7.500000 +3.000000 -0.500000 +7.000000
[  0.009s] clean prediction: 9 (true label 4)
[ 36.040s] selection: nSym=2 (from 784), topx=2, rank_fast=off
[ 36.040s] active patch: rows 10-10, cols 13-14 (derived from symPix)
[ 36.101s] Greedy BYTE warm start: SAT (K=1,B=3).
clean logits (hex):  0x83  0x87  0x8d  0x90  0x75  0x96  0x89  0x68  0xe0  0x76
clean logits (bits): 10000011 10000111 10001101 10010000 01110101 10010110 10001001 01101000 11100000 01110110
clean logits (double): -24.000000 -10.000000 -5.500000 -4.000000 +6.500000 -3.250000 -7.500000 +3.000000 -0.500000 +7.000000
post-perturb logits (hex):  0x83  0x87  0x8d  0x90  0x75  0x96  0x89  0x69  0xd0  0x75
post-perturb logits (bits): 10000011 10000111 10001101 10010000 01110101 10010110 10001001 01101001 11010000 01110101
post-perturb logits (double): -24.000000 -10.000000 -5.500000 -4.000000 +6.500000 -3.250000 -7.500000 +3.125000 -0.750000 +6.500000
changes: 1 bytes, 3 bit flips
  idx  pix  row col    old_hex        old_bits     old_double     new_hex        new_bits     new_double  ham
    0  293   10  13    0x00        00000000   -1.000000     0x31        00110001   -0.615686    3
new prediction: 4 (true 9)
----- REPLAY FORWARD PASS (stage-2) -----
replay logits (hex):  0x83  0x87  0x8d  0x90  0x75  0x96  0x89  0x69  0xd0  0x75
replay logits (bits): 10000011 10000111 10001101 10010000 01110101 10010110 10001001 01101001 11010000 01110101
replay logits (double): -24.000000 -10.000000 -5.500000 -4.000000 +6.500000 -3.250000 -7.500000 +3.125000 -0.750000 +6.500000
[ 36.102s] replay prediction: 4 (true label 9) | note=witness_found_greedy_byte
----- END REPLAY -----
STATUS: Counterexample | best_upper_margin=-1000000000000000052504760255204420248704468581108159154915854115511802457988908195786371375080447864043704443832883878176942523235360430575644792184786706982848387200926575803737830233794788090059368953234970799945081119038967640880074652742780142494579258788820056842838115669472196386865459400540160.000000 | elapsed=36.102s | pixels_changed=1 | total_bit_flips=3 | avg_hamming_per_pixel=3.000000 | patch_rows=10-10 | patch_cols=13-14 | note=witness_found_greedy_byte
