[  0.000s] init: idx=9311 kmax=2 bmax=4 topx=2 widen=1.000 rank_fast=off
clean logits (hex):  0x77  0x84  0x9a  0x90  0x84  0x6e  0x8f  0x86  0x8b  0x86
clean logits (bits): 01110111 10000100 10011010 10010000 10000100 01101110 10001111 10000110 10001011 10000110
clean logits (double): +7.500000 -16.000000 -2.750000 -4.000000 -16.000000 +3.750000 -4.500000 -12.000000 -6.500000 -12.000000
[  0.008s] clean prediction: 0 (true label 0)
[ 39.261s] selection: nSym=2 (from 784), topx=2, rank_fast=off
[ 39.261s] active patch: rows 8-9, cols 23-23 (derived from symPix)
[ 39.734s] Proceeding to BaB (greedy enabled).
[ 39.734s] Skipping root bound check (--no-root-bound).
[ 39.734s] BaB search starting (K≤2, B≤4, nSym=2, depth_limit=500000000, widen=1.00)...
[ 39.939s] PRUNE: margin=-3.875000, optimistic_rem(widened)=2.625000 → cannot exceed 0.
[ 40.144s] PRUNE: margin=-3.875000, optimistic_rem(widened)=1.750000 → cannot exceed 0.
[ 40.349s] PRUNE: margin=-3.625000, optimistic_rem(widened)=3.000000 → cannot exceed 0.
[ 40.554s] PRUNE: margin=-3.625000, optimistic_rem(widened)=2.750000 → cannot exceed 0.
[ 40.860s] PRUNE: margin=-3.750000, optimistic_rem(widened)=2.625000 → cannot exceed 0.
[ 41.063s] PRUNE: margin=-3.750000, optimistic_rem(widened)=2.625000 → cannot exceed 0.
[ 41.368s] PRUNE: margin=-3.750000, optimistic_rem(widened)=2.500000 → cannot exceed 0.
[ 41.571s] PRUNE: margin=-3.750000, optimistic_rem(widened)=2.500000 → cannot exceed 0.
[ 41.775s] PRUNE: margin=-3.750000, optimistic_rem(widened)=2.500000 → cannot exceed 0.
[ 42.080s] PRUNE: margin=-3.625000, optimistic_rem(widened)=3.000000 → cannot exceed 0.
[ 42.283s] PRUNE: margin=-3.750000, optimistic_rem(widened)=3.000000 → cannot exceed 0.
[ 42.487s] PRUNE: margin=-3.750000, optimistic_rem(widened)=3.000000 → cannot exceed 0.
[ 42.690s] PRUNE: margin=-3.750000, optimistic_rem(widened)=3.000000 → cannot exceed 0.
[ 43.097s] PRUNE: margin=-3.625000, optimistic_rem(widened)=3.000000 → cannot exceed 0.
[ 43.300s] PRUNE: margin=-3.750000, optimistic_rem(widened)=3.000000 → cannot exceed 0.
[ 43.503s] PRUNE: margin=-3.750000, optimistic_rem(widened)=3.000000 → cannot exceed 0.
[ 43.910s] PRUNE: margin=-3.625000, optimistic_rem(widened)=3.000000 → cannot exceed 0.
[ 44.113s] PRUNE: margin=-3.750000, optimistic_rem(widened)=3.000000 → cannot exceed 0.
[ 44.520s] PRUNE: margin=-3.750000, optimistic_rem(widened)=3.000000 → cannot exceed 0.
[ 45.232s] PRUNE: margin=-3.750000, optimistic_rem(widened)=3.000000 → cannot exceed 0.
[ 45.435s] PRUNE: margin=-3.750000, optimistic_rem(widened)=3.000000 → cannot exceed 0.
[ 45.639s] PRUNE: margin=-3.750000, optimistic_rem(widened)=3.000000 → cannot exceed 0.
[ 45.944s] PRUNE: margin=-3.750000, optimistic_rem(widened)=3.000000 → cannot exceed 0.
[ 46.147s] PRUNE: margin=-3.750000, optimistic_rem(widened)=3.000000 → cannot exceed 0.
[ 46.351s] PRUNE: margin=-3.750000, optimistic_rem(widened)=3.000000 → cannot exceed 0.
[ 46.757s] PRUNE: margin=-3.750000, optimistic_rem(widened)=3.000000 → cannot exceed 0.
[ 46.962s] PRUNE: margin=-3.750000, optimistic_rem(widened)=3.000000 → cannot exceed 0.
[ 47.368s] PRUNE: margin=-3.750000, optimistic_rem(widened)=3.000000 → cannot exceed 0.
[ 47.978s] PRUNE: margin=-3.625000, optimistic_rem(widened)=2.750000 → cannot exceed 0.
[ 48.182s] PRUNE: margin=-3.625000, optimistic_rem(widened)=2.750000 → cannot exceed 0.
[ 48.385s] PRUNE: margin=-3.625000, optimistic_rem(widened)=2.750000 → cannot exceed 0.
[ 48.791s] PRUNE: margin=-3.625000, optimistic_rem(widened)=0.250000 → cannot exceed 0.
[ 48.995s] PRUNE: margin=-3.625000, optimistic_rem(widened)=0.250000 → cannot exceed 0.
[ 49.409s] PRUNE: margin=-3.625000, optimistic_rem(widened)=0.250000 → cannot exceed 0.
[ 49.691s] PRUNE: margin=-3.625000, optimistic_rem(widened)=0.375000 → cannot exceed 0.
[ 50.045s] PRUNE: margin=-3.625000, optimistic_rem(widened)=0.250000 → cannot exceed 0.
[ 50.307s] PRUNE: margin=-3.625000, optimistic_rem(widened)=0.375000 → cannot exceed 0.
[ 50.695s] PRUNE: margin=-3.625000, optimistic_rem(widened)=0.375000 → cannot exceed 0.
[ 50.982s] PRUNE: margin=-3.625000, optimistic_rem(widened)=2.875000 → cannot exceed 0.
[ 51.561s] PRUNE: margin=-3.750000, optimistic_rem(widened)=3.000000 → cannot exceed 0.
[ 51.754s] PRUNE: margin=-3.750000, optimistic_rem(widened)=3.000000 → cannot exceed 0.
[ 51.945s] PRUNE: margin=-3.750000, optimistic_rem(widened)=0.000000 → cannot exceed 0.
[ 52.139s] PRUNE: margin=-3.750000, optimistic_rem(widened)=0.000000 → cannot exceed 0.
[ 52.333s] PRUNE: margin=-3.750000, optimistic_rem(widened)=0.000000 → cannot exceed 0.
[ 52.526s] PRUNE: margin=-3.750000, optimistic_rem(widened)=0.000000 → cannot exceed 0.
[ 52.719s] PRUNE: margin=-3.750000, optimistic_rem(widened)=0.000000 → cannot exceed 0.
[ 52.912s] PRUNE: margin=-3.750000, optimistic_rem(widened)=0.000000 → cannot exceed 0.
[ 53.297s] PRUNE: margin=-3.750000, optimistic_rem(widened)=3.000000 → cannot exceed 0.
[ 53.490s] PRUNE: margin=-3.750000, optimistic_rem(widened)=0.000000 → cannot exceed 0.
[ 53.684s] PRUNE: margin=-3.750000, optimistic_rem(widened)=0.000000 → cannot exceed 0.
[ 53.878s] PRUNE: margin=-3.750000, optimistic_rem(widened)=0.000000 → cannot exceed 0.
[ 54.071s] PRUNE: margin=-3.750000, optimistic_rem(widened)=0.000000 → cannot exceed 0.
[ 54.264s] PRUNE: margin=-3.750000, optimistic_rem(widened)=0.000000 → cannot exceed 0.
[ 54.457s] PRUNE: margin=-3.750000, optimistic_rem(widened)=0.000000 → cannot exceed 0.
[ 54.700s] PRUNE: margin=-3.750000, optimistic_rem(widened)=0.000000 → cannot exceed 0.
[ 54.828s] PRUNE: margin=-3.750000, optimistic_rem(widened)=0.000000 → cannot exceed 0.
[ 54.990s] PRUNE: margin=-3.750000, optimistic_rem(widened)=0.000000 → cannot exceed 0.
[ 55.178s] PRUNE: margin=-3.750000, optimistic_rem(widened)=0.000000 → cannot exceed 0.
[ 55.382s] PRUNE: margin=-3.750000, optimistic_rem(widened)=0.000000 → cannot exceed 0.
[ 55.587s] PRUNE: margin=-3.750000, optimistic_rem(widened)=0.000000 → cannot exceed 0.
[ 55.893s] PRUNE: margin=-3.750000, optimistic_rem(widened)=2.500000 → cannot exceed 0.
[ 56.098s] PRUNE: margin=-3.750000, optimistic_rem(widened)=2.500000 → cannot exceed 0.
[ 56.302s] PRUNE: margin=-3.750000, optimistic_rem(widened)=2.500000 → cannot exceed 0.
[ 56.507s] PRUNE: margin=-3.750000, optimistic_rem(widened)=2.500000 → cannot exceed 0.
[ 56.711s] PRUNE: margin=-3.750000, optimistic_rem(widened)=3.000000 → cannot exceed 0.
[ 56.916s] PRUNE: margin=-3.750000, optimistic_rem(widened)=3.000000 → cannot exceed 0.
[ 57.427s] PRUNE: margin=-3.750000, optimistic_rem(widened)=3.000000 → cannot exceed 0.
[ 57.631s] PRUNE: margin=-3.750000, optimistic_rem(widened)=0.000000 → cannot exceed 0.
[ 57.835s] PRUNE: margin=-3.750000, optimistic_rem(widened)=0.000000 → cannot exceed 0.
[ 58.040s] PRUNE: margin=-3.750000, optimistic_rem(widened)=0.000000 → cannot exceed 0.
[ 58.244s] PRUNE: margin=-3.750000, optimistic_rem(widened)=0.000000 → cannot exceed 0.
[ 58.449s] PRUNE: margin=-3.750000, optimistic_rem(widened)=0.000000 → cannot exceed 0.
[ 58.653s] PRUNE: margin=-3.750000, optimistic_rem(widened)=0.000000 → cannot exceed 0.
[ 59.062s] PRUNE: margin=-3.750000, optimistic_rem(widened)=0.000000 → cannot exceed 0.
[ 59.266s] PRUNE: margin=-3.750000, optimistic_rem(widened)=0.000000 → cannot exceed 0.
[ 59.471s] PRUNE: margin=-3.750000, optimistic_rem(widened)=0.000000 → cannot exceed 0.
[ 59.675s] PRUNE: margin=-3.750000, optimistic_rem(widened)=0.000000 → cannot exceed 0.
[ 59.880s] PRUNE: margin=-3.750000, optimistic_rem(widened)=0.000000 → cannot exceed 0.
[ 60.084s] PRUNE: margin=-3.750000, optimistic_rem(widened)=0.000000 → cannot exceed 0.
[ 60.391s] PRUNE: margin=-3.750000, optimistic_rem(widened)=2.500000 → cannot exceed 0.
[ 60.595s] PRUNE: margin=-3.750000, optimistic_rem(widened)=2.500000 → cannot exceed 0.
[ 60.800s] PRUNE: margin=-3.750000, optimistic_rem(widened)=2.500000 → cannot exceed 0.
[ 61.004s] PRUNE: margin=-3.750000, optimistic_rem(widened)=2.500000 → cannot exceed 0.
[ 61.208s] PRUNE: margin=-3.750000, optimistic_rem(widened)=3.000000 → cannot exceed 0.
[ 61.413s] PRUNE: margin=-3.750000, optimistic_rem(widened)=3.000000 → cannot exceed 0.
[ 61.924s] PRUNE: margin=-3.750000, optimistic_rem(widened)=0.000000 → cannot exceed 0.
[ 62.128s] PRUNE: margin=-3.750000, optimistic_rem(widened)=0.000000 → cannot exceed 0.
[ 62.332s] PRUNE: margin=-3.750000, optimistic_rem(widened)=0.000000 → cannot exceed 0.
[ 62.537s] PRUNE: margin=-3.750000, optimistic_rem(widened)=0.000000 → cannot exceed 0.
[ 62.741s] PRUNE: margin=-3.750000, optimistic_rem(widened)=0.000000 → cannot exceed 0.
[ 62.945s] PRUNE: margin=-3.750000, optimistic_rem(widened)=0.000000 → cannot exceed 0.
[ 63.252s] PRUNE: margin=-3.750000, optimistic_rem(widened)=3.000000 → cannot exceed 0.
[ 63.456s] PRUNE: margin=-3.750000, optimistic_rem(widened)=3.000000 → cannot exceed 0.
[ 63.660s] PRUNE: margin=-3.750000, optimistic_rem(widened)=3.000000 → cannot exceed 0.
[ 63.865s] PRUNE: margin=-3.750000, optimistic_rem(widened)=3.000000 → cannot exceed 0.
[ 64.069s] PRUNE: margin=-3.750000, optimistic_rem(widened)=3.000000 → cannot exceed 0.
[ 64.273s] PRUNE: margin=-3.750000, optimistic_rem(widened)=3.000000 → cannot exceed 0.
[ 64.682s] PRUNE: margin=-3.750000, optimistic_rem(widened)=3.000000 → cannot exceed 0.
[ 64.886s] PRUNE: margin=-3.750000, optimistic_rem(widened)=3.000000 → cannot exceed 0.
[ 65.091s] PRUNE: margin=-3.750000, optimistic_rem(widened)=3.000000 → cannot exceed 0.
[ 65.295s] PRUNE: margin=-3.750000, optimistic_rem(widened)=3.000000 → cannot exceed 0.
[ 65.500s] PRUNE: margin=-3.750000, optimistic_rem(widened)=3.000000 → cannot exceed 0.
[ 65.704s] PRUNE: margin=-3.750000, optimistic_rem(widened)=3.000000 → cannot exceed 0.
[ 66.113s] PRUNE: margin=-3.750000, optimistic_rem(widened)=2.500000 → cannot exceed 0.
[ 66.317s] PRUNE: margin=-3.750000, optimistic_rem(widened)=2.500000 → cannot exceed 0.
[ 66.522s] PRUNE: margin=-3.750000, optimistic_rem(widened)=2.500000 → cannot exceed 0.
[ 66.726s] PRUNE: margin=-3.750000, optimistic_rem(widened)=3.000000 → cannot exceed 0.
[ 66.930s] PRUNE: margin=-3.750000, optimistic_rem(widened)=3.000000 → cannot exceed 0.
[ 67.339s] PRUNE: margin=-3.750000, optimistic_rem(widened)=2.500000 → cannot exceed 0.
[ 67.543s] PRUNE: margin=-3.750000, optimistic_rem(widened)=2.500000 → cannot exceed 0.
[ 67.747s] PRUNE: margin=-3.750000, optimistic_rem(widened)=3.000000 → cannot exceed 0.
[ 67.952s] PRUNE: margin=-3.750000, optimistic_rem(widened)=3.000000 → cannot exceed 0.
[ 68.360s] PRUNE: margin=-3.750000, optimistic_rem(widened)=2.500000 → cannot exceed 0.
[ 68.564s] PRUNE: margin=-3.750000, optimistic_rem(widened)=3.000000 → cannot exceed 0.
[ 68.769s] PRUNE: margin=-3.750000, optimistic_rem(widened)=3.000000 → cannot exceed 0.
[ 69.178s] PRUNE: margin=-3.750000, optimistic_rem(widened)=3.000000 → cannot exceed 0.
[ 69.382s] PRUNE: margin=-3.750000, optimistic_rem(widened)=3.000000 → cannot exceed 0.
[ 69.791s] PRUNE: margin=-3.750000, optimistic_rem(widened)=3.000000 → cannot exceed 0.
[ 70.710s] PRUNE: margin=-3.750000, optimistic_rem(widened)=3.000000 → cannot exceed 0.
[ 70.915s] PRUNE: margin=-3.750000, optimistic_rem(widened)=0.000000 → cannot exceed 0.
[ 71.119s] PRUNE: margin=-3.750000, optimistic_rem(widened)=0.000000 → cannot exceed 0.
[ 71.258s] PRUNE: margin=-3.750000, optimistic_rem(widened)=0.000000 → cannot exceed 0.
[ 71.383s] PRUNE: margin=-3.750000, optimistic_rem(widened)=0.000000 → cannot exceed 0.
[ 71.512s] PRUNE: margin=-3.750000, optimistic_rem(widened)=0.000000 → cannot exceed 0.
[ 71.642s] PRUNE: margin=-3.750000, optimistic_rem(widened)=0.000000 → cannot exceed 0.
[ 71.910s] PRUNE: margin=-3.750000, optimistic_rem(widened)=0.000000 → cannot exceed 0.
[ 72.048s] PRUNE: margin=-3.750000, optimistic_rem(widened)=0.000000 → cannot exceed 0.
[ 72.205s] PRUNE: margin=-3.750000, optimistic_rem(widened)=0.000000 → cannot exceed 0.
[ 72.344s] PRUNE: margin=-3.750000, optimistic_rem(widened)=0.000000 → cannot exceed 0.
[ 72.492s] PRUNE: margin=-3.750000, optimistic_rem(widened)=0.000000 → cannot exceed 0.
[ 72.627s] PRUNE: margin=-3.750000, optimistic_rem(widened)=0.000000 → cannot exceed 0.
[ 72.854s] PRUNE: margin=-3.750000, optimistic_rem(widened)=2.500000 → cannot exceed 0.
[ 73.058s] PRUNE: margin=-3.750000, optimistic_rem(widened)=2.500000 → cannot exceed 0.
[ 73.262s] PRUNE: margin=-3.750000, optimistic_rem(widened)=2.500000 → cannot exceed 0.
[ 73.466s] PRUNE: margin=-3.750000, optimistic_rem(widened)=2.500000 → cannot exceed 0.
[ 73.669s] PRUNE: margin=-3.750000, optimistic_rem(widened)=3.000000 → cannot exceed 0.
[ 73.873s] PRUNE: margin=-3.750000, optimistic_rem(widened)=3.000000 → cannot exceed 0.
[ 74.383s] PRUNE: margin=-3.750000, optimistic_rem(widened)=0.000000 → cannot exceed 0.
[ 74.587s] PRUNE: margin=-3.750000, optimistic_rem(widened)=0.000000 → cannot exceed 0.
[ 74.791s] PRUNE: margin=-3.750000, optimistic_rem(widened)=0.000000 → cannot exceed 0.
[ 74.995s] PRUNE: margin=-3.750000, optimistic_rem(widened)=0.000000 → cannot exceed 0.
[ 75.198s] PRUNE: margin=-3.750000, optimistic_rem(widened)=0.000000 → cannot exceed 0.
[ 75.402s] PRUNE: margin=-3.750000, optimistic_rem(widened)=0.000000 → cannot exceed 0.
[ 75.708s] PRUNE: margin=-3.750000, optimistic_rem(widened)=3.000000 → cannot exceed 0.
[ 75.912s] PRUNE: margin=-3.750000, optimistic_rem(widened)=3.000000 → cannot exceed 0.
[ 76.116s] PRUNE: margin=-3.750000, optimistic_rem(widened)=3.000000 → cannot exceed 0.
[ 76.320s] PRUNE: margin=-3.750000, optimistic_rem(widened)=2.500000 → cannot exceed 0.
[ 76.524s] PRUNE: margin=-3.750000, optimistic_rem(widened)=3.000000 → cannot exceed 0.
[ 76.728s] PRUNE: margin=-3.750000, optimistic_rem(widened)=3.000000 → cannot exceed 0.
[ 77.135s] PRUNE: margin=-3.750000, optimistic_rem(widened)=3.000000 → cannot exceed 0.
[ 77.339s] PRUNE: margin=-3.750000, optimistic_rem(widened)=3.000000 → cannot exceed 0.
[ 77.543s] PRUNE: margin=-3.750000, optimistic_rem(widened)=3.000000 → cannot exceed 0.
[ 77.747s] PRUNE: margin=-3.750000, optimistic_rem(widened)=3.000000 → cannot exceed 0.
[ 77.951s] PRUNE: margin=-3.750000, optimistic_rem(widened)=3.000000 → cannot exceed 0.
[ 78.155s] PRUNE: margin=-3.750000, optimistic_rem(widened)=3.000000 → cannot exceed 0.
[ 78.563s] PRUNE: margin=-3.750000, optimistic_rem(widened)=2.500000 → cannot exceed 0.
[ 78.767s] PRUNE: margin=-3.750000, optimistic_rem(widened)=2.500000 → cannot exceed 0.
[ 78.971s] PRUNE: margin=-3.750000, optimistic_rem(widened)=2.500000 → cannot exceed 0.
[ 79.174s] PRUNE: margin=-3.750000, optimistic_rem(widened)=3.000000 → cannot exceed 0.
[ 79.378s] PRUNE: margin=-3.750000, optimistic_rem(widened)=3.000000 → cannot exceed 0.
[ 79.786s] PRUNE: margin=-3.750000, optimistic_rem(widened)=2.500000 → cannot exceed 0.
[ 79.990s] PRUNE: margin=-3.750000, optimistic_rem(widened)=2.500000 → cannot exceed 0.
[ 80.194s] PRUNE: margin=-3.750000, optimistic_rem(widened)=3.000000 → cannot exceed 0.
[ 80.398s] PRUNE: margin=-3.750000, optimistic_rem(widened)=3.000000 → cannot exceed 0.
[ 80.805s] PRUNE: margin=-3.750000, optimistic_rem(widened)=2.500000 → cannot exceed 0.
[ 81.009s] PRUNE: margin=-3.750000, optimistic_rem(widened)=3.000000 → cannot exceed 0.
[ 81.213s] PRUNE: margin=-3.750000, optimistic_rem(widened)=3.000000 → cannot exceed 0.
[ 81.620s] PRUNE: margin=-3.750000, optimistic_rem(widened)=3.000000 → cannot exceed 0.
[ 81.824s] PRUNE: margin=-3.750000, optimistic_rem(widened)=3.000000 → cannot exceed 0.
[ 82.232s] PRUNE: margin=-3.750000, optimistic_rem(widened)=3.000000 → cannot exceed 0.
[ 83.149s] PRUNE: margin=-3.750000, optimistic_rem(widened)=0.000000 → cannot exceed 0.
[ 83.353s] PRUNE: margin=-3.750000, optimistic_rem(widened)=0.000000 → cannot exceed 0.
[ 83.557s] PRUNE: margin=-3.750000, optimistic_rem(widened)=0.000000 → cannot exceed 0.
[ 83.761s] PRUNE: margin=-3.750000, optimistic_rem(widened)=0.000000 → cannot exceed 0.
[ 83.965s] PRUNE: margin=-3.750000, optimistic_rem(widened)=0.000000 → cannot exceed 0.
[ 84.169s] PRUNE: margin=-3.750000, optimistic_rem(widened)=0.000000 → cannot exceed 0.
[ 84.474s] PRUNE: margin=-3.750000, optimistic_rem(widened)=3.000000 → cannot exceed 0.
[ 84.678s] PRUNE: margin=-3.750000, optimistic_rem(widened)=3.000000 → cannot exceed 0.
[ 84.882s] PRUNE: margin=-3.750000, optimistic_rem(widened)=3.000000 → cannot exceed 0.
[ 85.086s] PRUNE: margin=-3.750000, optimistic_rem(widened)=2.500000 → cannot exceed 0.
[ 85.290s] PRUNE: margin=-3.750000, optimistic_rem(widened)=3.000000 → cannot exceed 0.
[ 85.494s] PRUNE: margin=-3.750000, optimistic_rem(widened)=3.000000 → cannot exceed 0.
[ 85.902s] PRUNE: margin=-3.750000, optimistic_rem(widened)=3.000000 → cannot exceed 0.
[ 86.106s] PRUNE: margin=-3.750000, optimistic_rem(widened)=3.000000 → cannot exceed 0.
[ 86.310s] PRUNE: margin=-3.750000, optimistic_rem(widened)=3.000000 → cannot exceed 0.
[ 86.514s] PRUNE: margin=-3.750000, optimistic_rem(widened)=3.000000 → cannot exceed 0.
[ 86.717s] PRUNE: margin=-3.750000, optimistic_rem(widened)=3.000000 → cannot exceed 0.
[ 86.922s] PRUNE: margin=-3.750000, optimistic_rem(widened)=3.000000 → cannot exceed 0.
[ 87.329s] PRUNE: margin=-3.750000, optimistic_rem(widened)=2.500000 → cannot exceed 0.
[ 87.533s] PRUNE: margin=-3.750000, optimistic_rem(widened)=2.500000 → cannot exceed 0.
[ 87.737s] PRUNE: margin=-3.750000, optimistic_rem(widened)=2.500000 → cannot exceed 0.
[ 87.941s] PRUNE: margin=-3.750000, optimistic_rem(widened)=3.000000 → cannot exceed 0.
[ 88.145s] PRUNE: margin=-3.750000, optimistic_rem(widened)=3.000000 → cannot exceed 0.
[ 88.552s] PRUNE: margin=-3.750000, optimistic_rem(widened)=2.500000 → cannot exceed 0.
[ 88.756s] PRUNE: margin=-3.750000, optimistic_rem(widened)=2.500000 → cannot exceed 0.
[ 88.960s] PRUNE: margin=-3.750000, optimistic_rem(widened)=3.000000 → cannot exceed 0.
[ 89.164s] PRUNE: margin=-3.750000, optimistic_rem(widened)=3.000000 → cannot exceed 0.
[ 89.571s] PRUNE: margin=-3.750000, optimistic_rem(widened)=2.500000 → cannot exceed 0.
[ 89.775s] PRUNE: margin=-3.750000, optimistic_rem(widened)=3.000000 → cannot exceed 0.
[ 89.979s] PRUNE: margin=-3.750000, optimistic_rem(widened)=3.000000 → cannot exceed 0.
[ 90.388s] PRUNE: margin=-3.750000, optimistic_rem(widened)=3.000000 → cannot exceed 0.
[ 90.592s] PRUNE: margin=-3.750000, optimistic_rem(widened)=3.000000 → cannot exceed 0.
[ 91.000s] PRUNE: margin=-3.750000, optimistic_rem(widened)=3.000000 → cannot exceed 0.
[ 91.815s] PRUNE: margin=-3.750000, optimistic_rem(widened)=3.000000 → cannot exceed 0.
[ 92.019s] PRUNE: margin=-3.750000, optimistic_rem(widened)=3.000000 → cannot exceed 0.
[ 92.223s] PRUNE: margin=-3.750000, optimistic_rem(widened)=3.000000 → cannot exceed 0.
[ 92.427s] PRUNE: margin=-3.750000, optimistic_rem(widened)=3.000000 → cannot exceed 0.
[ 92.630s] PRUNE: margin=-3.750000, optimistic_rem(widened)=3.000000 → cannot exceed 0.
[ 92.834s] PRUNE: margin=-3.750000, optimistic_rem(widened)=3.000000 → cannot exceed 0.
[ 93.242s] PRUNE: margin=-3.750000, optimistic_rem(widened)=3.000000 → cannot exceed 0.
[ 93.446s] PRUNE: margin=-3.750000, optimistic_rem(widened)=3.000000 → cannot exceed 0.
[ 93.649s] PRUNE: margin=-3.750000, optimistic_rem(widened)=2.500000 → cannot exceed 0.
[ 93.853s] PRUNE: margin=-3.750000, optimistic_rem(widened)=3.000000 → cannot exceed 0.
[ 94.057s] PRUNE: margin=-3.750000, optimistic_rem(widened)=3.000000 → cannot exceed 0.
[ 94.465s] PRUNE: margin=-3.750000, optimistic_rem(widened)=3.000000 → cannot exceed 0.
[ 94.668s] PRUNE: margin=-3.750000, optimistic_rem(widened)=2.500000 → cannot exceed 0.
[ 94.872s] PRUNE: margin=-3.750000, optimistic_rem(widened)=3.000000 → cannot exceed 0.
[ 95.076s] PRUNE: margin=-3.750000, optimistic_rem(widened)=3.000000 → cannot exceed 0.
[ 95.484s] PRUNE: margin=-3.750000, optimistic_rem(widened)=2.500000 → cannot exceed 0.
[ 95.688s] PRUNE: margin=-3.750000, optimistic_rem(widened)=3.000000 → cannot exceed 0.
[ 95.892s] PRUNE: margin=-3.750000, optimistic_rem(widened)=3.000000 → cannot exceed 0.
[ 96.300s] PRUNE: margin=-3.750000, optimistic_rem(widened)=3.000000 → cannot exceed 0.
[ 96.504s] PRUNE: margin=-3.750000, optimistic_rem(widened)=3.000000 → cannot exceed 0.
[ 96.911s] PRUNE: margin=-3.750000, optimistic_rem(widened)=3.000000 → cannot exceed 0.
[ 97.727s] PRUNE: margin=-3.750000, optimistic_rem(widened)=3.000000 → cannot exceed 0.
[ 97.931s] PRUNE: margin=-3.750000, optimistic_rem(widened)=3.000000 → cannot exceed 0.
[ 98.135s] PRUNE: margin=-3.750000, optimistic_rem(widened)=3.000000 → cannot exceed 0.
[ 98.339s] PRUNE: margin=-3.750000, optimistic_rem(widened)=3.000000 → cannot exceed 0.
[ 98.543s] PRUNE: margin=-3.750000, optimistic_rem(widened)=3.000000 → cannot exceed 0.
[ 98.951s] PRUNE: margin=-3.750000, optimistic_rem(widened)=3.000000 → cannot exceed 0.
[ 99.155s] PRUNE: margin=-3.750000, optimistic_rem(widened)=3.000000 → cannot exceed 0.
[ 99.359s] PRUNE: margin=-3.750000, optimistic_rem(widened)=3.000000 → cannot exceed 0.
[ 99.563s] PRUNE: margin=-3.750000, optimistic_rem(widened)=3.000000 → cannot exceed 0.
[ 99.971s] PRUNE: margin=-3.750000, optimistic_rem(widened)=3.000000 → cannot exceed 0.
[100.175s] PRUNE: margin=-3.750000, optimistic_rem(widened)=3.000000 → cannot exceed 0.
[100.379s] PRUNE: margin=-3.750000, optimistic_rem(widened)=3.000000 → cannot exceed 0.
[100.787s] PRUNE: margin=-3.750000, optimistic_rem(widened)=3.000000 → cannot exceed 0.
[100.991s] PRUNE: margin=-3.750000, optimistic_rem(widened)=3.000000 → cannot exceed 0.
[101.399s] PRUNE: margin=-3.875000, optimistic_rem(widened)=1.000000 → cannot exceed 0.
[102.316s] PRUNE: margin=-3.750000, optimistic_rem(widened)=3.000000 → cannot exceed 0.
[102.520s] PRUNE: margin=-3.750000, optimistic_rem(widened)=3.000000 → cannot exceed 0.
[102.723s] PRUNE: margin=-3.750000, optimistic_rem(widened)=3.000000 → cannot exceed 0.
[103.131s] PRUNE: margin=-3.750000, optimistic_rem(widened)=3.000000 → cannot exceed 0.
[103.335s] PRUNE: margin=-3.750000, optimistic_rem(widened)=3.000000 → cannot exceed 0.
[103.742s] PRUNE: margin=-3.750000, optimistic_rem(widened)=3.000000 → cannot exceed 0.
[104.558s] PRUNE: margin=-3.750000, optimistic_rem(widened)=3.000000 → cannot exceed 0.
[104.762s] PRUNE: margin=-3.750000, optimistic_rem(widened)=3.000000 → cannot exceed 0.
[105.170s] PRUNE: margin=-3.750000, optimistic_rem(widened)=3.000000 → cannot exceed 0.
[105.985s] PRUNE: margin=-3.750000, optimistic_rem(widened)=3.000000 → cannot exceed 0.
[107.615s] PRUNE: margin=-3.750000, optimistic_rem(widened)=3.000000 → cannot exceed 0.
[107.819s] PRUNE: margin=-3.750000, optimistic_rem(widened)=3.000000 → cannot exceed 0.
[108.227s] PRUNE: margin=-3.750000, optimistic_rem(widened)=3.000000 → cannot exceed 0.
[109.042s] PRUNE: margin=-3.750000, optimistic_rem(widened)=3.000000 → cannot exceed 0.
[110.673s] PRUNE: margin=-3.750000, optimistic_rem(widened)=3.000000 → cannot exceed 0.
[113.322s] No counterexample within budgets (BaB): no misclassification found.
STATUS: No counterexample | best_upper_margin=2.500000 | elapsed=113.322s | pixels_changed=0 | total_bit_flips=0 | avg_hamming_per_pixel=0.000000 | patch_rows=8-9 | patch_cols=23-23 | note=no_counterexample_within_budgets
