[  0.000s] init: idx=6374 kmax=2 bmax=4 topx=2 widen=1.000 rank_fast=off
clean logits (hex):  0x84  0x78  0x50  0x34  0x86  0x9c  0x8e  0xda  0x64  0x8c
clean logits (bits): 10000100 01111000 01010000 00110100 10000110 10011100 10001110 11011010 01100100 10001100
clean logits (double): -16.000000 +8.000000 +1.500000 +0.812500 -12.000000 -2.500000 -5.000000 -0.593750 +2.500000 -6.000000
[  0.008s] clean prediction: 1 (true label 1)
[ 36.162s] selection: nSym=2 (from 784), topx=2, rank_fast=off
[ 36.163s] active patch: rows 15-17, cols 10-14 (derived from symPix)
[ 36.594s] Proceeding to BaB (greedy enabled).
[ 36.594s] Skipping root bound check (--no-root-bound).
[ 36.594s] BaB search starting (K≤2, B≤4, nSym=2, depth_limit=500000000, widen=1.00)...
[ 36.781s] PRUNE: margin=-5.000000, optimistic_rem(widened)=4.265625 → cannot exceed 0.
[ 36.968s] PRUNE: margin=-5.000000, optimistic_rem(widened)=4.296875 → cannot exceed 0.
[ 37.249s] PRUNE: margin=-5.000000, optimistic_rem(widened)=1.750000 → cannot exceed 0.
[ 37.435s] PRUNE: margin=-5.500000, optimistic_rem(widened)=3.750000 → cannot exceed 0.
[ 37.622s] PRUNE: margin=-5.500000, optimistic_rem(widened)=5.000000 → cannot exceed 0.
[ 37.809s] PRUNE: margin=-5.250000, optimistic_rem(widened)=5.000000 → cannot exceed 0.
[ 37.996s] PRUNE: margin=-5.000000, optimistic_rem(widened)=3.437500 → cannot exceed 0.
[ 38.183s] PRUNE: margin=-5.000000, optimistic_rem(widened)=3.437500 → cannot exceed 0.
[ 38.370s] PRUNE: margin=-5.000000, optimistic_rem(widened)=3.437500 → cannot exceed 0.
[ 38.557s] PRUNE: margin=-5.000000, optimistic_rem(widened)=3.437500 → cannot exceed 0.
[ 38.744s] PRUNE: margin=-5.000000, optimistic_rem(widened)=3.437500 → cannot exceed 0.
[ 39.118s] PRUNE: margin=-5.000000, optimistic_rem(widened)=3.000000 → cannot exceed 0.
[ 39.305s] PRUNE: margin=-5.000000, optimistic_rem(widened)=3.000000 → cannot exceed 0.
[ 39.679s] PRUNE: margin=-5.000000, optimistic_rem(widened)=3.000000 → cannot exceed 0.
[ 40.426s] PRUNE: margin=-5.000000, optimistic_rem(widened)=3.000000 → cannot exceed 0.
[ 41.734s] PRUNE: margin=-5.250000, optimistic_rem(widened)=1.000000 → cannot exceed 0.
[ 41.921s] PRUNE: margin=-5.250000, optimistic_rem(widened)=5.000000 → cannot exceed 0.
[ 42.201s] PRUNE: margin=-5.000000, optimistic_rem(widened)=2.500000 → cannot exceed 0.
[ 42.388s] PRUNE: margin=-5.000000, optimistic_rem(widened)=2.500000 → cannot exceed 0.
[ 42.575s] PRUNE: margin=-5.000000, optimistic_rem(widened)=2.500000 → cannot exceed 0.
[ 42.762s] PRUNE: margin=-5.000000, optimistic_rem(widened)=2.500000 → cannot exceed 0.
[ 42.948s] PRUNE: margin=-5.000000, optimistic_rem(widened)=2.500000 → cannot exceed 0.
[ 43.135s] PRUNE: margin=-5.000000, optimistic_rem(widened)=2.500000 → cannot exceed 0.
[ 43.322s] PRUNE: margin=-5.000000, optimistic_rem(widened)=5.000000 → cannot exceed 0.
[ 43.509s] PRUNE: margin=-5.000000, optimistic_rem(widened)=5.000000 → cannot exceed 0.
[ 43.696s] PRUNE: margin=-5.000000, optimistic_rem(widened)=5.000000 → cannot exceed 0.
[ 43.976s] PRUNE: margin=-5.000000, optimistic_rem(widened)=5.000000 → cannot exceed 0.
[ 44.163s] PRUNE: margin=-5.000000, optimistic_rem(widened)=5.000000 → cannot exceed 0.
[ 44.350s] PRUNE: margin=-5.000000, optimistic_rem(widened)=5.000000 → cannot exceed 0.
[ 44.537s] PRUNE: margin=-5.000000, optimistic_rem(widened)=5.000000 → cannot exceed 0.
[ 44.724s] PRUNE: margin=-5.000000, optimistic_rem(widened)=5.000000 → cannot exceed 0.
[ 44.911s] PRUNE: margin=-5.000000, optimistic_rem(widened)=5.000000 → cannot exceed 0.
[ 45.191s] PRUNE: margin=-5.000000, optimistic_rem(widened)=5.000000 → cannot exceed 0.
[ 45.378s] PRUNE: margin=-5.000000, optimistic_rem(widened)=5.000000 → cannot exceed 0.
[ 45.752s] PRUNE: margin=-5.000000, optimistic_rem(widened)=5.000000 → cannot exceed 0.
[ 46.312s] PRUNE: margin=-5.500000, optimistic_rem(widened)=3.031250 → cannot exceed 0.
[ 46.499s] PRUNE: margin=-5.500000, optimistic_rem(widened)=3.281250 → cannot exceed 0.
[ 46.686s] PRUNE: margin=-5.500000, optimistic_rem(widened)=2.937500 → cannot exceed 0.
[ 46.873s] PRUNE: margin=-5.500000, optimistic_rem(widened)=3.062500 → cannot exceed 0.
[ 47.060s] PRUNE: margin=-5.500000, optimistic_rem(widened)=3.062500 → cannot exceed 0.
[ 47.246s] PRUNE: margin=-5.500000, optimistic_rem(widened)=3.062500 → cannot exceed 0.
[ 47.433s] PRUNE: margin=-5.500000, optimistic_rem(widened)=3.062500 → cannot exceed 0.
[ 47.620s] PRUNE: margin=-5.500000, optimistic_rem(widened)=3.062500 → cannot exceed 0.
[ 47.901s] PRUNE: margin=-5.500000, optimistic_rem(widened)=5.000000 → cannot exceed 0.
[ 48.087s] PRUNE: margin=-5.500000, optimistic_rem(widened)=5.000000 → cannot exceed 0.
[ 48.274s] PRUNE: margin=-5.500000, optimistic_rem(widened)=5.000000 → cannot exceed 0.
[ 48.650s] PRUNE: margin=-5.500000, optimistic_rem(widened)=5.000000 → cannot exceed 0.
[ 48.837s] PRUNE: margin=-5.500000, optimistic_rem(widened)=5.000000 → cannot exceed 0.
[ 49.211s] PRUNE: margin=-5.000000, optimistic_rem(widened)=4.500000 → cannot exceed 0.
[ 49.584s] No counterexample within budgets (BaB): no misclassification found.
STATUS: No counterexample | best_upper_margin=1.578125 | elapsed=49.585s | pixels_changed=0 | total_bit_flips=0 | avg_hamming_per_pixel=0.000000 | patch_rows=15-17 | patch_cols=10-14 | note=no_counterexample_within_budgets
