[  0.000s] init: idx=1071 kmax=2 bmax=4 topx=2 widen=1.000 rank_fast=off
clean logits (hex):  0x87  0x89  0x91  0x9e  0x8a  0x93  0x86  0x79  0x8b  0x65
clean logits (bits): 10000111 10001001 10010001 10011110 10001010 10010011 10000110 01111001 10001011 01100101
clean logits (double): -10.000000 -7.500000 -3.875000 -2.250000 -7.000000 -3.625000 -12.000000 +10.000000 -6.500000 +2.625000
[  0.009s] clean prediction: 7 (true label 7)
[ 37.755s] selection: nSym=2 (from 784), topx=2, rank_fast=off
[ 37.755s] active patch: rows 4-5, cols 22-23 (derived from symPix)
[ 38.210s] Proceeding to BaB (greedy enabled).
[ 38.210s] Skipping root bound check (--no-root-bound).
[ 38.210s] BaB search starting (K≤2, B≤4, nSym=2, depth_limit=500000000, widen=1.00)...
[ 38.404s] PRUNE: margin=-4.875000, optimistic_rem(widened)=2.000000 → cannot exceed 0.
[ 38.599s] PRUNE: margin=-4.875000, optimistic_rem(widened)=3.250000 → cannot exceed 0.
[ 39.085s] PRUNE: margin=-7.375000, optimistic_rem(widened)=4.500000 → cannot exceed 0.
[ 39.280s] PRUNE: margin=-7.375000, optimistic_rem(widened)=4.500000 → cannot exceed 0.
[ 39.475s] PRUNE: margin=-7.375000, optimistic_rem(widened)=4.500000 → cannot exceed 0.
[ 39.670s] PRUNE: margin=-7.375000, optimistic_rem(widened)=4.500000 → cannot exceed 0.
[ 39.865s] PRUNE: margin=-7.375000, optimistic_rem(widened)=0.000000 → cannot exceed 0.
[ 40.059s] PRUNE: margin=-7.375000, optimistic_rem(widened)=0.000000 → cannot exceed 0.
[ 40.254s] PRUNE: margin=-7.375000, optimistic_rem(widened)=0.000000 → cannot exceed 0.
[ 40.449s] PRUNE: margin=-7.375000, optimistic_rem(widened)=0.000000 → cannot exceed 0.
[ 40.643s] PRUNE: margin=-7.375000, optimistic_rem(widened)=0.000000 → cannot exceed 0.
[ 40.838s] PRUNE: margin=-7.375000, optimistic_rem(widened)=0.000000 → cannot exceed 0.
[ 41.033s] PRUNE: margin=-7.375000, optimistic_rem(widened)=0.000000 → cannot exceed 0.
[ 41.422s] PRUNE: margin=-4.875000, optimistic_rem(widened)=0.000000 → cannot exceed 0.
[ 41.616s] PRUNE: margin=-7.375000, optimistic_rem(widened)=4.500000 → cannot exceed 0.
[ 41.811s] PRUNE: margin=-7.375000, optimistic_rem(widened)=4.500000 → cannot exceed 0.
[ 42.005s] PRUNE: margin=-7.375000, optimistic_rem(widened)=4.500000 → cannot exceed 0.
[ 42.200s] PRUNE: margin=-7.375000, optimistic_rem(widened)=0.000000 → cannot exceed 0.
[ 42.394s] PRUNE: margin=-7.375000, optimistic_rem(widened)=0.000000 → cannot exceed 0.
[ 42.588s] PRUNE: margin=-7.375000, optimistic_rem(widened)=0.000000 → cannot exceed 0.
[ 42.783s] PRUNE: margin=-7.375000, optimistic_rem(widened)=0.000000 → cannot exceed 0.
[ 42.978s] PRUNE: margin=-7.375000, optimistic_rem(widened)=0.000000 → cannot exceed 0.
[ 43.172s] PRUNE: margin=-7.375000, optimistic_rem(widened)=0.000000 → cannot exceed 0.
[ 43.561s] PRUNE: margin=-4.875000, optimistic_rem(widened)=2.000000 → cannot exceed 0.
[ 43.755s] PRUNE: margin=-4.875000, optimistic_rem(widened)=0.000000 → cannot exceed 0.
[ 43.950s] PRUNE: margin=-7.375000, optimistic_rem(widened)=4.500000 → cannot exceed 0.
[ 44.144s] PRUNE: margin=-7.375000, optimistic_rem(widened)=0.000000 → cannot exceed 0.
[ 44.339s] PRUNE: margin=-7.375000, optimistic_rem(widened)=0.000000 → cannot exceed 0.
[ 44.534s] PRUNE: margin=-7.375000, optimistic_rem(widened)=0.000000 → cannot exceed 0.
[ 44.729s] PRUNE: margin=-7.375000, optimistic_rem(widened)=0.000000 → cannot exceed 0.
[ 44.923s] PRUNE: margin=-7.375000, optimistic_rem(widened)=0.000000 → cannot exceed 0.
[ 45.117s] PRUNE: margin=-7.375000, optimistic_rem(widened)=0.000000 → cannot exceed 0.
[ 45.507s] PRUNE: margin=-4.875000, optimistic_rem(widened)=2.000000 → cannot exceed 0.
[ 45.701s] PRUNE: margin=-4.875000, optimistic_rem(widened)=0.000000 → cannot exceed 0.
[ 45.896s] PRUNE: margin=-7.375000, optimistic_rem(widened)=0.000000 → cannot exceed 0.
[ 46.090s] PRUNE: margin=-7.375000, optimistic_rem(widened)=0.000000 → cannot exceed 0.
[ 46.285s] PRUNE: margin=-7.375000, optimistic_rem(widened)=0.000000 → cannot exceed 0.
[ 46.479s] PRUNE: margin=-7.375000, optimistic_rem(widened)=0.000000 → cannot exceed 0.
[ 46.674s] PRUNE: margin=-7.375000, optimistic_rem(widened)=0.000000 → cannot exceed 0.
[ 46.868s] PRUNE: margin=-7.375000, optimistic_rem(widened)=0.000000 → cannot exceed 0.
[ 47.257s] PRUNE: margin=-4.875000, optimistic_rem(widened)=0.000000 → cannot exceed 0.
[ 47.452s] PRUNE: margin=-4.875000, optimistic_rem(widened)=0.000000 → cannot exceed 0.
[ 47.646s] PRUNE: margin=-4.875000, optimistic_rem(widened)=0.000000 → cannot exceed 0.
[ 47.841s] PRUNE: margin=-7.375000, optimistic_rem(widened)=0.000000 → cannot exceed 0.
[ 48.035s] PRUNE: margin=-7.375000, optimistic_rem(widened)=0.000000 → cannot exceed 0.
[ 48.230s] PRUNE: margin=-7.375000, optimistic_rem(widened)=0.000000 → cannot exceed 0.
[ 48.424s] PRUNE: margin=-7.375000, optimistic_rem(widened)=0.000000 → cannot exceed 0.
[ 48.717s] PRUNE: margin=-7.375000, optimistic_rem(widened)=3.000000 → cannot exceed 0.
[ 48.911s] PRUNE: margin=-7.375000, optimistic_rem(widened)=3.000000 → cannot exceed 0.
[ 49.106s] PRUNE: margin=-7.375000, optimistic_rem(widened)=3.000000 → cannot exceed 0.
[ 49.300s] PRUNE: margin=-7.375000, optimistic_rem(widened)=3.000000 → cannot exceed 0.
[ 49.496s] PRUNE: margin=-7.375000, optimistic_rem(widened)=3.000000 → cannot exceed 0.
[ 49.690s] PRUNE: margin=-7.375000, optimistic_rem(widened)=3.000000 → cannot exceed 0.
[ 49.885s] PRUNE: margin=-7.375000, optimistic_rem(widened)=4.000000 → cannot exceed 0.
[ 50.371s] PRUNE: margin=-4.875000, optimistic_rem(widened)=2.000000 → cannot exceed 0.
[ 50.565s] PRUNE: margin=-4.875000, optimistic_rem(widened)=0.000000 → cannot exceed 0.
[ 50.760s] PRUNE: margin=-7.375000, optimistic_rem(widened)=4.500000 → cannot exceed 0.
[ 50.955s] PRUNE: margin=-7.375000, optimistic_rem(widened)=4.500000 → cannot exceed 0.
[ 51.149s] PRUNE: margin=-7.375000, optimistic_rem(widened)=0.000000 → cannot exceed 0.
[ 51.343s] PRUNE: margin=-7.375000, optimistic_rem(widened)=0.000000 → cannot exceed 0.
[ 51.543s] PRUNE: margin=-7.375000, optimistic_rem(widened)=0.000000 → cannot exceed 0.
[ 51.745s] PRUNE: margin=-7.375000, optimistic_rem(widened)=0.000000 → cannot exceed 0.
[ 51.939s] PRUNE: margin=-7.375000, optimistic_rem(widened)=0.000000 → cannot exceed 0.
[ 52.134s] PRUNE: margin=-7.375000, optimistic_rem(widened)=0.000000 → cannot exceed 0.
[ 52.523s] PRUNE: margin=-4.875000, optimistic_rem(widened)=2.000000 → cannot exceed 0.
[ 52.717s] PRUNE: margin=-4.875000, optimistic_rem(widened)=0.000000 → cannot exceed 0.
[ 52.912s] PRUNE: margin=-7.375000, optimistic_rem(widened)=4.500000 → cannot exceed 0.
[ 53.106s] PRUNE: margin=-7.375000, optimistic_rem(widened)=0.000000 → cannot exceed 0.
[ 53.300s] PRUNE: margin=-7.375000, optimistic_rem(widened)=0.000000 → cannot exceed 0.
[ 53.495s] PRUNE: margin=-7.375000, optimistic_rem(widened)=0.000000 → cannot exceed 0.
[ 53.680s] PRUNE: margin=-7.375000, optimistic_rem(widened)=0.000000 → cannot exceed 0.
[ 53.833s] PRUNE: margin=-7.375000, optimistic_rem(widened)=0.000000 → cannot exceed 0.
[ 53.991s] PRUNE: margin=-7.375000, optimistic_rem(widened)=0.000000 → cannot exceed 0.
[ 54.356s] PRUNE: margin=-4.875000, optimistic_rem(widened)=2.000000 → cannot exceed 0.
[ 54.509s] PRUNE: margin=-4.875000, optimistic_rem(widened)=0.000000 → cannot exceed 0.
[ 54.654s] PRUNE: margin=-7.375000, optimistic_rem(widened)=0.000000 → cannot exceed 0.
[ 54.780s] PRUNE: margin=-7.375000, optimistic_rem(widened)=0.000000 → cannot exceed 0.
[ 54.913s] PRUNE: margin=-7.375000, optimistic_rem(widened)=0.000000 → cannot exceed 0.
[ 55.039s] PRUNE: margin=-7.375000, optimistic_rem(widened)=0.000000 → cannot exceed 0.
[ 55.200s] PRUNE: margin=-7.375000, optimistic_rem(widened)=0.000000 → cannot exceed 0.
[ 55.395s] PRUNE: margin=-7.375000, optimistic_rem(widened)=0.000000 → cannot exceed 0.
[ 55.784s] PRUNE: margin=-4.875000, optimistic_rem(widened)=0.000000 → cannot exceed 0.
[ 55.979s] PRUNE: margin=-4.875000, optimistic_rem(widened)=0.000000 → cannot exceed 0.
[ 56.173s] PRUNE: margin=-4.875000, optimistic_rem(widened)=0.000000 → cannot exceed 0.
[ 56.368s] PRUNE: margin=-4.875000, optimistic_rem(widened)=0.000000 → cannot exceed 0.
[ 56.563s] PRUNE: margin=-7.375000, optimistic_rem(widened)=0.000000 → cannot exceed 0.
[ 56.757s] PRUNE: margin=-7.375000, optimistic_rem(widened)=0.000000 → cannot exceed 0.
[ 56.952s] PRUNE: margin=-7.375000, optimistic_rem(widened)=0.000000 → cannot exceed 0.
[ 57.244s] PRUNE: margin=-7.375000, optimistic_rem(widened)=3.000000 → cannot exceed 0.
[ 57.438s] PRUNE: margin=-7.375000, optimistic_rem(widened)=3.000000 → cannot exceed 0.
[ 57.633s] PRUNE: margin=-7.375000, optimistic_rem(widened)=3.000000 → cannot exceed 0.
[ 57.827s] PRUNE: margin=-7.375000, optimistic_rem(widened)=3.000000 → cannot exceed 0.
[ 58.022s] PRUNE: margin=-7.375000, optimistic_rem(widened)=3.000000 → cannot exceed 0.
[ 58.217s] PRUNE: margin=-7.375000, optimistic_rem(widened)=3.000000 → cannot exceed 0.
[ 58.411s] PRUNE: margin=-7.375000, optimistic_rem(widened)=4.000000 → cannot exceed 0.
[ 58.897s] PRUNE: margin=-4.875000, optimistic_rem(widened)=2.000000 → cannot exceed 0.
[ 59.092s] PRUNE: margin=-4.875000, optimistic_rem(widened)=0.000000 → cannot exceed 0.
[ 59.240s] PRUNE: margin=-7.375000, optimistic_rem(widened)=4.500000 → cannot exceed 0.
[ 59.358s] PRUNE: margin=-7.375000, optimistic_rem(widened)=0.000000 → cannot exceed 0.
[ 59.489s] PRUNE: margin=-7.375000, optimistic_rem(widened)=0.000000 → cannot exceed 0.
[ 59.626s] PRUNE: margin=-7.375000, optimistic_rem(widened)=0.000000 → cannot exceed 0.
[ 59.745s] PRUNE: margin=-7.375000, optimistic_rem(widened)=0.000000 → cannot exceed 0.
[ 59.951s] PRUNE: margin=-7.375000, optimistic_rem(widened)=0.000000 → cannot exceed 0.
[ 60.146s] PRUNE: margin=-7.375000, optimistic_rem(widened)=0.000000 → cannot exceed 0.
[ 60.536s] PRUNE: margin=-4.875000, optimistic_rem(widened)=2.000000 → cannot exceed 0.
[ 60.731s] PRUNE: margin=-4.875000, optimistic_rem(widened)=0.000000 → cannot exceed 0.
[ 60.926s] PRUNE: margin=-7.375000, optimistic_rem(widened)=0.000000 → cannot exceed 0.
[ 61.121s] PRUNE: margin=-7.375000, optimistic_rem(widened)=0.000000 → cannot exceed 0.
[ 61.316s] PRUNE: margin=-7.375000, optimistic_rem(widened)=0.000000 → cannot exceed 0.
[ 61.511s] PRUNE: margin=-7.375000, optimistic_rem(widened)=0.000000 → cannot exceed 0.
[ 61.706s] PRUNE: margin=-7.375000, optimistic_rem(widened)=0.000000 → cannot exceed 0.
[ 61.901s] PRUNE: margin=-7.375000, optimistic_rem(widened)=0.000000 → cannot exceed 0.
[ 62.291s] PRUNE: margin=-4.875000, optimistic_rem(widened)=0.000000 → cannot exceed 0.
[ 62.486s] PRUNE: margin=-4.875000, optimistic_rem(widened)=0.000000 → cannot exceed 0.
[ 62.683s] PRUNE: margin=-4.875000, optimistic_rem(widened)=0.000000 → cannot exceed 0.
[ 62.878s] PRUNE: margin=-4.875000, optimistic_rem(widened)=0.000000 → cannot exceed 0.
[ 63.073s] PRUNE: margin=-4.875000, optimistic_rem(widened)=0.000000 → cannot exceed 0.
[ 63.267s] PRUNE: margin=-7.375000, optimistic_rem(widened)=0.000000 → cannot exceed 0.
[ 63.462s] PRUNE: margin=-7.375000, optimistic_rem(widened)=0.000000 → cannot exceed 0.
[ 63.758s] PRUNE: margin=-7.375000, optimistic_rem(widened)=3.000000 → cannot exceed 0.
[ 63.970s] PRUNE: margin=-7.375000, optimistic_rem(widened)=3.000000 → cannot exceed 0.
[ 64.176s] PRUNE: margin=-7.375000, optimistic_rem(widened)=3.000000 → cannot exceed 0.
[ 64.389s] PRUNE: margin=-7.375000, optimistic_rem(widened)=3.000000 → cannot exceed 0.
[ 64.584s] PRUNE: margin=-7.375000, optimistic_rem(widened)=3.000000 → cannot exceed 0.
[ 64.779s] PRUNE: margin=-7.375000, optimistic_rem(widened)=3.000000 → cannot exceed 0.
[ 64.973s] PRUNE: margin=-7.375000, optimistic_rem(widened)=4.000000 → cannot exceed 0.
[ 65.364s] PRUNE: margin=-4.875000, optimistic_rem(widened)=2.000000 → cannot exceed 0.
[ 65.559s] PRUNE: margin=-4.875000, optimistic_rem(widened)=1.000000 → cannot exceed 0.
[ 65.851s] PRUNE: margin=-4.875000, optimistic_rem(widened)=0.000000 → cannot exceed 0.
[ 66.046s] PRUNE: margin=-7.375000, optimistic_rem(widened)=0.000000 → cannot exceed 0.
[ 66.240s] PRUNE: margin=-7.375000, optimistic_rem(widened)=0.000000 → cannot exceed 0.
[ 66.435s] PRUNE: margin=-7.375000, optimistic_rem(widened)=0.000000 → cannot exceed 0.
[ 66.629s] PRUNE: margin=-7.375000, optimistic_rem(widened)=0.000000 → cannot exceed 0.
[ 66.827s] PRUNE: margin=-7.375000, optimistic_rem(widened)=0.000000 → cannot exceed 0.
[ 67.120s] PRUNE: margin=-7.375000, optimistic_rem(widened)=3.000000 → cannot exceed 0.
[ 67.315s] PRUNE: margin=-7.375000, optimistic_rem(widened)=3.000000 → cannot exceed 0.
[ 67.510s] PRUNE: margin=-7.375000, optimistic_rem(widened)=3.000000 → cannot exceed 0.
[ 67.705s] PRUNE: margin=-7.375000, optimistic_rem(widened)=3.000000 → cannot exceed 0.
[ 67.900s] PRUNE: margin=-7.375000, optimistic_rem(widened)=3.000000 → cannot exceed 0.
[ 68.095s] PRUNE: margin=-7.375000, optimistic_rem(widened)=3.000000 → cannot exceed 0.
[ 68.486s] PRUNE: margin=-4.875000, optimistic_rem(widened)=2.000000 → cannot exceed 0.
[ 68.681s] PRUNE: margin=-4.875000, optimistic_rem(widened)=0.250000 → cannot exceed 0.
[ 68.876s] PRUNE: margin=-7.375000, optimistic_rem(widened)=3.000000 → cannot exceed 0.
[ 69.071s] PRUNE: margin=-7.375000, optimistic_rem(widened)=3.000000 → cannot exceed 0.
[ 69.266s] PRUNE: margin=-7.375000, optimistic_rem(widened)=3.000000 → cannot exceed 0.
[ 69.461s] PRUNE: margin=-7.375000, optimistic_rem(widened)=3.000000 → cannot exceed 0.
[ 69.657s] PRUNE: margin=-7.375000, optimistic_rem(widened)=3.000000 → cannot exceed 0.
[ 69.854s] PRUNE: margin=-7.375000, optimistic_rem(widened)=3.000000 → cannot exceed 0.
[ 70.244s] PRUNE: margin=-4.875000, optimistic_rem(widened)=0.000000 → cannot exceed 0.
[ 70.439s] PRUNE: margin=-4.875000, optimistic_rem(widened)=0.000000 → cannot exceed 0.
[ 70.634s] PRUNE: margin=-4.875000, optimistic_rem(widened)=2.000000 → cannot exceed 0.
[ 70.829s] PRUNE: margin=-7.375000, optimistic_rem(widened)=3.000000 → cannot exceed 0.
[ 71.025s] PRUNE: margin=-7.375000, optimistic_rem(widened)=3.000000 → cannot exceed 0.
[ 71.219s] PRUNE: margin=-7.375000, optimistic_rem(widened)=3.000000 → cannot exceed 0.
[ 71.414s] PRUNE: margin=-7.375000, optimistic_rem(widened)=3.000000 → cannot exceed 0.
[ 71.707s] PRUNE: margin=-7.375000, optimistic_rem(widened)=6.000000 → cannot exceed 0.
[ 71.902s] PRUNE: margin=-7.375000, optimistic_rem(widened)=6.000000 → cannot exceed 0.
[ 72.097s] PRUNE: margin=-7.375000, optimistic_rem(widened)=6.000000 → cannot exceed 0.
[ 72.292s] PRUNE: margin=-7.375000, optimistic_rem(widened)=6.000000 → cannot exceed 0.
[ 72.487s] PRUNE: margin=-7.375000, optimistic_rem(widened)=6.000000 → cannot exceed 0.
[ 72.682s] PRUNE: margin=-7.375000, optimistic_rem(widened)=6.000000 → cannot exceed 0.
[ 72.877s] PRUNE: margin=-7.375000, optimistic_rem(widened)=7.000000 → cannot exceed 0.
[ 73.462s] PRUNE: margin=-4.875000, optimistic_rem(widened)=2.000000 → cannot exceed 0.
[ 73.658s] PRUNE: margin=-4.875000, optimistic_rem(widened)=0.000000 → cannot exceed 0.
[ 73.853s] PRUNE: margin=-7.375000, optimistic_rem(widened)=4.500000 → cannot exceed 0.
[ 74.048s] PRUNE: margin=-7.375000, optimistic_rem(widened)=4.500000 → cannot exceed 0.
[ 74.243s] PRUNE: margin=-7.375000, optimistic_rem(widened)=0.000000 → cannot exceed 0.
[ 74.437s] PRUNE: margin=-7.375000, optimistic_rem(widened)=0.000000 → cannot exceed 0.
[ 74.632s] PRUNE: margin=-7.375000, optimistic_rem(widened)=0.000000 → cannot exceed 0.
[ 74.828s] PRUNE: margin=-7.375000, optimistic_rem(widened)=0.000000 → cannot exceed 0.
[ 75.022s] PRUNE: margin=-7.375000, optimistic_rem(widened)=0.000000 → cannot exceed 0.
[ 75.218s] PRUNE: margin=-7.375000, optimistic_rem(widened)=0.000000 → cannot exceed 0.
[ 75.608s] PRUNE: margin=-4.875000, optimistic_rem(widened)=2.000000 → cannot exceed 0.
[ 75.803s] PRUNE: margin=-4.875000, optimistic_rem(widened)=0.000000 → cannot exceed 0.
[ 75.998s] PRUNE: margin=-7.375000, optimistic_rem(widened)=4.500000 → cannot exceed 0.
[ 76.193s] PRUNE: margin=-7.375000, optimistic_rem(widened)=0.000000 → cannot exceed 0.
[ 76.388s] PRUNE: margin=-7.375000, optimistic_rem(widened)=0.000000 → cannot exceed 0.
[ 76.583s] PRUNE: margin=-7.375000, optimistic_rem(widened)=0.000000 → cannot exceed 0.
[ 76.778s] PRUNE: margin=-7.375000, optimistic_rem(widened)=0.000000 → cannot exceed 0.
[ 76.972s] PRUNE: margin=-7.375000, optimistic_rem(widened)=0.000000 → cannot exceed 0.
[ 77.170s] PRUNE: margin=-7.375000, optimistic_rem(widened)=0.000000 → cannot exceed 0.
[ 77.560s] PRUNE: margin=-4.875000, optimistic_rem(widened)=2.000000 → cannot exceed 0.
[ 77.755s] PRUNE: margin=-4.875000, optimistic_rem(widened)=0.000000 → cannot exceed 0.
[ 77.950s] PRUNE: margin=-7.375000, optimistic_rem(widened)=0.000000 → cannot exceed 0.
[ 78.145s] PRUNE: margin=-7.375000, optimistic_rem(widened)=0.000000 → cannot exceed 0.
[ 78.340s] PRUNE: margin=-7.375000, optimistic_rem(widened)=0.000000 → cannot exceed 0.
[ 78.535s] PRUNE: margin=-7.375000, optimistic_rem(widened)=0.000000 → cannot exceed 0.
[ 78.730s] PRUNE: margin=-7.375000, optimistic_rem(widened)=0.000000 → cannot exceed 0.
[ 78.925s] PRUNE: margin=-7.375000, optimistic_rem(widened)=0.000000 → cannot exceed 0.
[ 79.315s] PRUNE: margin=-4.875000, optimistic_rem(widened)=0.000000 → cannot exceed 0.
[ 79.510s] PRUNE: margin=-4.875000, optimistic_rem(widened)=0.000000 → cannot exceed 0.
[ 79.705s] PRUNE: margin=-4.875000, optimistic_rem(widened)=0.000000 → cannot exceed 0.
[ 79.911s] PRUNE: margin=-4.875000, optimistic_rem(widened)=0.000000 → cannot exceed 0.
[ 80.113s] PRUNE: margin=-7.375000, optimistic_rem(widened)=0.000000 → cannot exceed 0.
[ 80.314s] PRUNE: margin=-7.375000, optimistic_rem(widened)=0.000000 → cannot exceed 0.
[ 80.515s] PRUNE: margin=-7.375000, optimistic_rem(widened)=0.000000 → cannot exceed 0.
[ 80.817s] PRUNE: margin=-7.375000, optimistic_rem(widened)=3.000000 → cannot exceed 0.
[ 81.019s] PRUNE: margin=-7.375000, optimistic_rem(widened)=3.000000 → cannot exceed 0.
[ 81.220s] PRUNE: margin=-7.375000, optimistic_rem(widened)=3.000000 → cannot exceed 0.
[ 81.421s] PRUNE: margin=-7.375000, optimistic_rem(widened)=3.000000 → cannot exceed 0.
[ 81.622s] PRUNE: margin=-7.375000, optimistic_rem(widened)=3.000000 → cannot exceed 0.
[ 81.823s] PRUNE: margin=-7.375000, optimistic_rem(widened)=3.000000 → cannot exceed 0.
[ 82.025s] PRUNE: margin=-7.375000, optimistic_rem(widened)=4.000000 → cannot exceed 0.
[ 82.523s] PRUNE: margin=-4.875000, optimistic_rem(widened)=2.000000 → cannot exceed 0.
[ 82.721s] PRUNE: margin=-4.875000, optimistic_rem(widened)=0.000000 → cannot exceed 0.
[ 82.922s] PRUNE: margin=-7.375000, optimistic_rem(widened)=4.500000 → cannot exceed 0.
[ 83.123s] PRUNE: margin=-7.375000, optimistic_rem(widened)=0.000000 → cannot exceed 0.
[ 83.323s] PRUNE: margin=-7.375000, optimistic_rem(widened)=0.000000 → cannot exceed 0.
[ 83.524s] PRUNE: margin=-7.375000, optimistic_rem(widened)=0.000000 → cannot exceed 0.
[ 83.725s] PRUNE: margin=-7.375000, optimistic_rem(widened)=0.000000 → cannot exceed 0.
[ 83.926s] PRUNE: margin=-7.375000, optimistic_rem(widened)=0.000000 → cannot exceed 0.
[ 84.127s] PRUNE: margin=-7.375000, optimistic_rem(widened)=0.000000 → cannot exceed 0.
[ 84.530s] PRUNE: margin=-4.875000, optimistic_rem(widened)=2.000000 → cannot exceed 0.
[ 84.731s] PRUNE: margin=-4.875000, optimistic_rem(widened)=0.000000 → cannot exceed 0.
[ 84.932s] PRUNE: margin=-7.375000, optimistic_rem(widened)=0.000000 → cannot exceed 0.
[ 85.133s] PRUNE: margin=-7.375000, optimistic_rem(widened)=0.000000 → cannot exceed 0.
[ 85.335s] PRUNE: margin=-7.375000, optimistic_rem(widened)=0.000000 → cannot exceed 0.
[ 85.536s] PRUNE: margin=-7.375000, optimistic_rem(widened)=0.000000 → cannot exceed 0.
[ 85.737s] PRUNE: margin=-7.375000, optimistic_rem(widened)=0.000000 → cannot exceed 0.
[ 85.939s] PRUNE: margin=-7.375000, optimistic_rem(widened)=0.000000 → cannot exceed 0.
[ 86.341s] PRUNE: margin=-4.875000, optimistic_rem(widened)=0.000000 → cannot exceed 0.
[ 86.543s] PRUNE: margin=-4.875000, optimistic_rem(widened)=0.000000 → cannot exceed 0.
[ 86.744s] PRUNE: margin=-4.875000, optimistic_rem(widened)=0.000000 → cannot exceed 0.
[ 86.945s] PRUNE: margin=-4.875000, optimistic_rem(widened)=0.000000 → cannot exceed 0.
[ 87.147s] PRUNE: margin=-4.875000, optimistic_rem(widened)=0.000000 → cannot exceed 0.
[ 87.348s] PRUNE: margin=-7.375000, optimistic_rem(widened)=0.000000 → cannot exceed 0.
[ 87.549s] PRUNE: margin=-7.375000, optimistic_rem(widened)=0.000000 → cannot exceed 0.
[ 87.851s] PRUNE: margin=-7.375000, optimistic_rem(widened)=3.000000 → cannot exceed 0.
[ 88.052s] PRUNE: margin=-7.375000, optimistic_rem(widened)=3.000000 → cannot exceed 0.
[ 88.254s] PRUNE: margin=-7.375000, optimistic_rem(widened)=3.000000 → cannot exceed 0.
[ 88.455s] PRUNE: margin=-7.375000, optimistic_rem(widened)=3.000000 → cannot exceed 0.
[ 88.643s] PRUNE: margin=-7.375000, optimistic_rem(widened)=3.000000 → cannot exceed 0.
[ 88.787s] PRUNE: margin=-7.375000, optimistic_rem(widened)=3.000000 → cannot exceed 0.
[ 88.987s] PRUNE: margin=-7.375000, optimistic_rem(widened)=4.000000 → cannot exceed 0.
[ 89.345s] PRUNE: margin=-4.875000, optimistic_rem(widened)=2.000000 → cannot exceed 0.
[ 89.549s] PRUNE: margin=-4.875000, optimistic_rem(widened)=1.000000 → cannot exceed 0.
[ 89.849s] PRUNE: margin=-4.875000, optimistic_rem(widened)=0.000000 → cannot exceed 0.
[ 90.052s] PRUNE: margin=-7.375000, optimistic_rem(widened)=0.000000 → cannot exceed 0.
[ 90.253s] PRUNE: margin=-7.375000, optimistic_rem(widened)=0.000000 → cannot exceed 0.
[ 90.451s] PRUNE: margin=-7.375000, optimistic_rem(widened)=0.000000 → cannot exceed 0.
[ 90.650s] PRUNE: margin=-7.375000, optimistic_rem(widened)=0.000000 → cannot exceed 0.
[ 90.848s] PRUNE: margin=-7.375000, optimistic_rem(widened)=0.000000 → cannot exceed 0.
[ 91.148s] PRUNE: margin=-7.375000, optimistic_rem(widened)=3.000000 → cannot exceed 0.
[ 91.325s] PRUNE: margin=-7.375000, optimistic_rem(widened)=3.000000 → cannot exceed 0.
[ 91.520s] PRUNE: margin=-7.375000, optimistic_rem(widened)=3.000000 → cannot exceed 0.
[ 91.715s] PRUNE: margin=-7.375000, optimistic_rem(widened)=3.000000 → cannot exceed 0.
[ 91.914s] PRUNE: margin=-7.375000, optimistic_rem(widened)=3.000000 → cannot exceed 0.
[ 92.131s] PRUNE: margin=-7.375000, optimistic_rem(widened)=3.000000 → cannot exceed 0.
[ 92.379s] PRUNE: margin=-4.875000, optimistic_rem(widened)=2.000000 → cannot exceed 0.
[ 92.501s] PRUNE: margin=-4.875000, optimistic_rem(widened)=0.250000 → cannot exceed 0.
[ 92.620s] PRUNE: margin=-7.375000, optimistic_rem(widened)=3.000000 → cannot exceed 0.
[ 92.742s] PRUNE: margin=-7.375000, optimistic_rem(widened)=3.000000 → cannot exceed 0.
[ 92.863s] PRUNE: margin=-7.375000, optimistic_rem(widened)=3.000000 → cannot exceed 0.
[ 92.985s] PRUNE: margin=-7.375000, optimistic_rem(widened)=3.000000 → cannot exceed 0.
[ 93.108s] PRUNE: margin=-7.375000, optimistic_rem(widened)=3.000000 → cannot exceed 0.
[ 93.232s] PRUNE: margin=-7.375000, optimistic_rem(widened)=3.000000 → cannot exceed 0.
[ 93.483s] PRUNE: margin=-4.875000, optimistic_rem(widened)=0.000000 → cannot exceed 0.
[ 93.605s] PRUNE: margin=-4.875000, optimistic_rem(widened)=0.000000 → cannot exceed 0.
[ 93.726s] PRUNE: margin=-4.875000, optimistic_rem(widened)=2.000000 → cannot exceed 0.
[ 93.848s] PRUNE: margin=-7.375000, optimistic_rem(widened)=3.000000 → cannot exceed 0.
[ 93.988s] PRUNE: margin=-7.375000, optimistic_rem(widened)=3.000000 → cannot exceed 0.
[ 94.175s] PRUNE: margin=-7.375000, optimistic_rem(widened)=3.000000 → cannot exceed 0.
[ 94.369s] PRUNE: margin=-7.375000, optimistic_rem(widened)=3.000000 → cannot exceed 0.
[ 94.660s] PRUNE: margin=-7.375000, optimistic_rem(widened)=6.000000 → cannot exceed 0.
[ 94.855s] PRUNE: margin=-7.375000, optimistic_rem(widened)=6.000000 → cannot exceed 0.
[ 95.049s] PRUNE: margin=-7.375000, optimistic_rem(widened)=6.000000 → cannot exceed 0.
[ 95.243s] PRUNE: margin=-7.375000, optimistic_rem(widened)=6.000000 → cannot exceed 0.
[ 95.438s] PRUNE: margin=-7.375000, optimistic_rem(widened)=6.000000 → cannot exceed 0.
[ 95.632s] PRUNE: margin=-7.375000, optimistic_rem(widened)=6.000000 → cannot exceed 0.
[ 95.827s] PRUNE: margin=-7.375000, optimistic_rem(widened)=7.000000 → cannot exceed 0.
[ 96.313s] PRUNE: margin=-4.875000, optimistic_rem(widened)=1.000000 → cannot exceed 0.
[ 96.605s] PRUNE: margin=-4.875000, optimistic_rem(widened)=2.000000 → cannot exceed 0.
[ 96.799s] PRUNE: margin=-7.375000, optimistic_rem(widened)=4.500000 → cannot exceed 0.
[ 96.993s] PRUNE: margin=-7.375000, optimistic_rem(widened)=0.000000 → cannot exceed 0.
[ 97.188s] PRUNE: margin=-7.375000, optimistic_rem(widened)=0.000000 → cannot exceed 0.
[ 97.382s] PRUNE: margin=-7.375000, optimistic_rem(widened)=0.000000 → cannot exceed 0.
[ 97.577s] PRUNE: margin=-7.375000, optimistic_rem(widened)=0.000000 → cannot exceed 0.
[ 97.771s] PRUNE: margin=-7.375000, optimistic_rem(widened)=0.000000 → cannot exceed 0.
[ 97.966s] PRUNE: margin=-7.375000, optimistic_rem(widened)=0.000000 → cannot exceed 0.
[ 98.355s] PRUNE: margin=-4.875000, optimistic_rem(widened)=2.000000 → cannot exceed 0.
[ 98.549s] PRUNE: margin=-4.875000, optimistic_rem(widened)=0.000000 → cannot exceed 0.
[ 98.744s] PRUNE: margin=-7.375000, optimistic_rem(widened)=0.000000 → cannot exceed 0.
[ 98.938s] PRUNE: margin=-7.375000, optimistic_rem(widened)=0.000000 → cannot exceed 0.
[ 99.132s] PRUNE: margin=-7.375000, optimistic_rem(widened)=0.000000 → cannot exceed 0.
[ 99.327s] PRUNE: margin=-7.375000, optimistic_rem(widened)=0.000000 → cannot exceed 0.
[ 99.521s] PRUNE: margin=-7.375000, optimistic_rem(widened)=0.000000 → cannot exceed 0.
[ 99.910s] PRUNE: margin=-4.875000, optimistic_rem(widened)=0.000000 → cannot exceed 0.
[100.105s] PRUNE: margin=-4.875000, optimistic_rem(widened)=0.000000 → cannot exceed 0.
[100.299s] PRUNE: margin=-4.875000, optimistic_rem(widened)=0.000000 → cannot exceed 0.
[100.494s] PRUNE: margin=-4.875000, optimistic_rem(widened)=0.000000 → cannot exceed 0.
[100.688s] PRUNE: margin=-4.875000, optimistic_rem(widened)=0.000000 → cannot exceed 0.
[100.882s] PRUNE: margin=-4.875000, optimistic_rem(widened)=0.000000 → cannot exceed 0.
[101.174s] PRUNE: margin=-7.375000, optimistic_rem(widened)=3.000000 → cannot exceed 0.
[101.369s] PRUNE: margin=-7.375000, optimistic_rem(widened)=3.000000 → cannot exceed 0.
[101.563s] PRUNE: margin=-7.375000, optimistic_rem(widened)=3.000000 → cannot exceed 0.
[101.758s] PRUNE: margin=-7.375000, optimistic_rem(widened)=3.000000 → cannot exceed 0.
[101.952s] PRUNE: margin=-7.375000, optimistic_rem(widened)=3.000000 → cannot exceed 0.
[102.146s] PRUNE: margin=-7.375000, optimistic_rem(widened)=3.000000 → cannot exceed 0.
[102.535s] PRUNE: margin=-4.875000, optimistic_rem(widened)=2.000000 → cannot exceed 0.
[102.730s] PRUNE: margin=-4.875000, optimistic_rem(widened)=1.000000 → cannot exceed 0.
[103.021s] PRUNE: margin=-4.875000, optimistic_rem(widened)=0.000000 → cannot exceed 0.
[103.216s] PRUNE: margin=-7.375000, optimistic_rem(widened)=0.000000 → cannot exceed 0.
[103.410s] PRUNE: margin=-7.375000, optimistic_rem(widened)=0.000000 → cannot exceed 0.
[103.605s] PRUNE: margin=-7.375000, optimistic_rem(widened)=0.000000 → cannot exceed 0.
[103.799s] PRUNE: margin=-7.375000, optimistic_rem(widened)=0.000000 → cannot exceed 0.
[103.994s] PRUNE: margin=-7.375000, optimistic_rem(widened)=0.000000 → cannot exceed 0.
[104.285s] PRUNE: margin=-7.375000, optimistic_rem(widened)=3.000000 → cannot exceed 0.
[104.480s] PRUNE: margin=-7.375000, optimistic_rem(widened)=3.000000 → cannot exceed 0.
[104.674s] PRUNE: margin=-7.375000, optimistic_rem(widened)=3.000000 → cannot exceed 0.
[104.869s] PRUNE: margin=-7.375000, optimistic_rem(widened)=3.000000 → cannot exceed 0.
[105.063s] PRUNE: margin=-7.375000, optimistic_rem(widened)=3.000000 → cannot exceed 0.
[105.257s] PRUNE: margin=-7.375000, optimistic_rem(widened)=3.000000 → cannot exceed 0.
[105.646s] PRUNE: margin=-4.875000, optimistic_rem(widened)=2.000000 → cannot exceed 0.
[105.841s] PRUNE: margin=-4.875000, optimistic_rem(widened)=0.250000 → cannot exceed 0.
[106.035s] PRUNE: margin=-7.375000, optimistic_rem(widened)=3.000000 → cannot exceed 0.
[106.230s] PRUNE: margin=-7.375000, optimistic_rem(widened)=3.000000 → cannot exceed 0.
[106.424s] PRUNE: margin=-7.375000, optimistic_rem(widened)=3.000000 → cannot exceed 0.
[106.619s] PRUNE: margin=-7.375000, optimistic_rem(widened)=3.000000 → cannot exceed 0.
[106.813s] PRUNE: margin=-7.375000, optimistic_rem(widened)=3.000000 → cannot exceed 0.
[107.008s] PRUNE: margin=-7.375000, optimistic_rem(widened)=3.000000 → cannot exceed 0.
[107.396s] PRUNE: margin=-4.875000, optimistic_rem(widened)=0.000000 → cannot exceed 0.
[107.591s] PRUNE: margin=-4.875000, optimistic_rem(widened)=0.000000 → cannot exceed 0.
[107.785s] PRUNE: margin=-4.875000, optimistic_rem(widened)=2.000000 → cannot exceed 0.
[107.980s] PRUNE: margin=-7.375000, optimistic_rem(widened)=3.000000 → cannot exceed 0.
[108.174s] PRUNE: margin=-7.375000, optimistic_rem(widened)=3.000000 → cannot exceed 0.
[108.369s] PRUNE: margin=-7.375000, optimistic_rem(widened)=3.000000 → cannot exceed 0.
[108.563s] PRUNE: margin=-7.375000, optimistic_rem(widened)=3.000000 → cannot exceed 0.
[108.855s] PRUNE: margin=-7.375000, optimistic_rem(widened)=6.000000 → cannot exceed 0.
[109.049s] PRUNE: margin=-7.375000, optimistic_rem(widened)=6.000000 → cannot exceed 0.
[109.244s] PRUNE: margin=-7.375000, optimistic_rem(widened)=6.000000 → cannot exceed 0.
[109.438s] PRUNE: margin=-7.375000, optimistic_rem(widened)=6.000000 → cannot exceed 0.
[109.633s] PRUNE: margin=-7.375000, optimistic_rem(widened)=6.000000 → cannot exceed 0.
[109.827s] PRUNE: margin=-7.375000, optimistic_rem(widened)=6.000000 → cannot exceed 0.
[110.022s] PRUNE: margin=-7.375000, optimistic_rem(widened)=7.000000 → cannot exceed 0.
[110.507s] PRUNE: margin=-4.875000, optimistic_rem(widened)=2.000000 → cannot exceed 0.
[110.702s] PRUNE: margin=-4.875000, optimistic_rem(widened)=1.000000 → cannot exceed 0.
[110.993s] PRUNE: margin=-4.875000, optimistic_rem(widened)=0.000000 → cannot exceed 0.
[111.188s] PRUNE: margin=-7.375000, optimistic_rem(widened)=0.000000 → cannot exceed 0.
[111.382s] PRUNE: margin=-7.375000, optimistic_rem(widened)=0.000000 → cannot exceed 0.
[111.577s] PRUNE: margin=-7.375000, optimistic_rem(widened)=0.000000 → cannot exceed 0.
[111.771s] PRUNE: margin=-7.375000, optimistic_rem(widened)=0.000000 → cannot exceed 0.
[111.965s] PRUNE: margin=-7.375000, optimistic_rem(widened)=0.000000 → cannot exceed 0.
[112.257s] PRUNE: margin=-7.375000, optimistic_rem(widened)=3.000000 → cannot exceed 0.
[112.451s] PRUNE: margin=-7.375000, optimistic_rem(widened)=3.000000 → cannot exceed 0.
[112.646s] PRUNE: margin=-7.375000, optimistic_rem(widened)=3.000000 → cannot exceed 0.
[112.840s] PRUNE: margin=-7.375000, optimistic_rem(widened)=3.000000 → cannot exceed 0.
[113.035s] PRUNE: margin=-7.375000, optimistic_rem(widened)=3.000000 → cannot exceed 0.
[113.229s] PRUNE: margin=-7.375000, optimistic_rem(widened)=3.000000 → cannot exceed 0.
[113.618s] PRUNE: margin=-4.875000, optimistic_rem(widened)=2.000000 → cannot exceed 0.
[113.812s] PRUNE: margin=-4.875000, optimistic_rem(widened)=0.250000 → cannot exceed 0.
[114.007s] PRUNE: margin=-7.375000, optimistic_rem(widened)=3.000000 → cannot exceed 0.
[114.201s] PRUNE: margin=-7.375000, optimistic_rem(widened)=3.000000 → cannot exceed 0.
[114.395s] PRUNE: margin=-7.375000, optimistic_rem(widened)=3.000000 → cannot exceed 0.
[114.590s] PRUNE: margin=-7.375000, optimistic_rem(widened)=3.000000 → cannot exceed 0.
[114.784s] PRUNE: margin=-7.375000, optimistic_rem(widened)=3.000000 → cannot exceed 0.
[114.979s] PRUNE: margin=-7.375000, optimistic_rem(widened)=3.000000 → cannot exceed 0.
[115.368s] PRUNE: margin=-4.875000, optimistic_rem(widened)=0.000000 → cannot exceed 0.
[115.562s] PRUNE: margin=-4.875000, optimistic_rem(widened)=0.000000 → cannot exceed 0.
[115.757s] PRUNE: margin=-4.875000, optimistic_rem(widened)=0.000000 → cannot exceed 0.
[115.951s] PRUNE: margin=-4.875000, optimistic_rem(widened)=2.000000 → cannot exceed 0.
[116.146s] PRUNE: margin=-7.375000, optimistic_rem(widened)=3.000000 → cannot exceed 0.
[116.340s] PRUNE: margin=-7.375000, optimistic_rem(widened)=3.000000 → cannot exceed 0.
[116.535s] PRUNE: margin=-7.375000, optimistic_rem(widened)=3.000000 → cannot exceed 0.
[116.826s] PRUNE: margin=-7.375000, optimistic_rem(widened)=6.000000 → cannot exceed 0.
[117.020s] PRUNE: margin=-7.375000, optimistic_rem(widened)=6.000000 → cannot exceed 0.
[117.215s] PRUNE: margin=-7.375000, optimistic_rem(widened)=6.000000 → cannot exceed 0.
[117.409s] PRUNE: margin=-7.375000, optimistic_rem(widened)=6.000000 → cannot exceed 0.
[117.604s] PRUNE: margin=-7.375000, optimistic_rem(widened)=6.000000 → cannot exceed 0.
[117.798s] PRUNE: margin=-7.375000, optimistic_rem(widened)=6.000000 → cannot exceed 0.
[117.992s] PRUNE: margin=-7.375000, optimistic_rem(widened)=7.000000 → cannot exceed 0.
[118.381s] PRUNE: margin=-4.875000, optimistic_rem(widened)=2.000000 → cannot exceed 0.
[118.576s] PRUNE: margin=-4.875000, optimistic_rem(widened)=1.000000 → cannot exceed 0.
[118.867s] PRUNE: margin=-4.875000, optimistic_rem(widened)=0.000000 → cannot exceed 0.
[119.062s] PRUNE: margin=-7.375000, optimistic_rem(widened)=3.000000 → cannot exceed 0.
[119.256s] PRUNE: margin=-7.375000, optimistic_rem(widened)=3.000000 → cannot exceed 0.
[119.451s] PRUNE: margin=-7.375000, optimistic_rem(widened)=3.000000 → cannot exceed 0.
[119.645s] PRUNE: margin=-7.375000, optimistic_rem(widened)=3.000000 → cannot exceed 0.
[119.839s] PRUNE: margin=-7.375000, optimistic_rem(widened)=3.000000 → cannot exceed 0.
[120.131s] PRUNE: margin=-7.375000, optimistic_rem(widened)=6.000000 → cannot exceed 0.
[120.325s] PRUNE: margin=-7.375000, optimistic_rem(widened)=6.000000 → cannot exceed 0.
[120.520s] PRUNE: margin=-7.375000, optimistic_rem(widened)=6.000000 → cannot exceed 0.
[120.714s] PRUNE: margin=-7.375000, optimistic_rem(widened)=6.000000 → cannot exceed 0.
[120.909s] PRUNE: margin=-7.375000, optimistic_rem(widened)=6.000000 → cannot exceed 0.
[121.103s] PRUNE: margin=-7.375000, optimistic_rem(widened)=6.000000 → cannot exceed 0.
[121.491s] PRUNE: margin=-4.875000, optimistic_rem(widened)=2.000000 → cannot exceed 0.
[121.686s] PRUNE: margin=-4.875000, optimistic_rem(widened)=0.250000 → cannot exceed 0.
[121.880s] PRUNE: margin=-7.375000, optimistic_rem(widened)=6.000000 → cannot exceed 0.
[122.075s] PRUNE: margin=-7.375000, optimistic_rem(widened)=6.000000 → cannot exceed 0.
[122.269s] PRUNE: margin=-7.375000, optimistic_rem(widened)=6.000000 → cannot exceed 0.
[122.464s] PRUNE: margin=-7.375000, optimistic_rem(widened)=6.000000 → cannot exceed 0.
[122.658s] PRUNE: margin=-7.375000, optimistic_rem(widened)=6.000000 → cannot exceed 0.
[122.852s] PRUNE: margin=-7.375000, optimistic_rem(widened)=6.000000 → cannot exceed 0.
[123.241s] PRUNE: margin=-4.875000, optimistic_rem(widened)=0.000000 → cannot exceed 0.
[123.435s] PRUNE: margin=-4.875000, optimistic_rem(widened)=0.000000 → cannot exceed 0.
[123.630s] PRUNE: margin=-4.875000, optimistic_rem(widened)=2.000000 → cannot exceed 0.
[123.824s] PRUNE: margin=-7.375000, optimistic_rem(widened)=6.000000 → cannot exceed 0.
[124.019s] PRUNE: margin=-7.375000, optimistic_rem(widened)=6.000000 → cannot exceed 0.
[124.213s] PRUNE: margin=-7.375000, optimistic_rem(widened)=6.000000 → cannot exceed 0.
[124.407s] PRUNE: margin=-7.375000, optimistic_rem(widened)=6.000000 → cannot exceed 0.
[124.990s] PRUNE: margin=-7.375000, optimistic_rem(widened)=4.500000 → cannot exceed 0.
[125.185s] PRUNE: margin=-7.375000, optimistic_rem(widened)=4.500000 → cannot exceed 0.
[125.379s] PRUNE: margin=-7.375000, optimistic_rem(widened)=4.500000 → cannot exceed 0.
[125.573s] PRUNE: margin=-7.375000, optimistic_rem(widened)=4.500000 → cannot exceed 0.
[125.962s] PRUNE: margin=-4.875000, optimistic_rem(widened)=2.000000 → cannot exceed 0.
[126.156s] PRUNE: margin=-7.375000, optimistic_rem(widened)=4.500000 → cannot exceed 0.
[126.351s] PRUNE: margin=-7.375000, optimistic_rem(widened)=4.500000 → cannot exceed 0.
[126.739s] PRUNE: margin=-4.875000, optimistic_rem(widened)=2.000000 → cannot exceed 0.
[126.934s] PRUNE: margin=-7.375000, optimistic_rem(widened)=4.500000 → cannot exceed 0.
[127.322s] PRUNE: margin=-4.875000, optimistic_rem(widened)=2.000000 → cannot exceed 0.
[128.099s] PRUNE: margin=-4.875000, optimistic_rem(widened)=2.000000 → cannot exceed 0.
[128.294s] PRUNE: margin=-7.375000, optimistic_rem(widened)=4.500000 → cannot exceed 0.
[128.488s] PRUNE: margin=-7.375000, optimistic_rem(widened)=4.500000 → cannot exceed 0.
[128.877s] PRUNE: margin=-4.875000, optimistic_rem(widened)=2.000000 → cannot exceed 0.
[129.071s] PRUNE: margin=-7.375000, optimistic_rem(widened)=4.500000 → cannot exceed 0.
[129.460s] PRUNE: margin=-4.875000, optimistic_rem(widened)=2.000000 → cannot exceed 0.
[130.237s] PRUNE: margin=-4.875000, optimistic_rem(widened)=2.000000 → cannot exceed 0.
[130.432s] PRUNE: margin=-7.375000, optimistic_rem(widened)=4.500000 → cannot exceed 0.
[130.820s] PRUNE: margin=-4.875000, optimistic_rem(widened)=2.000000 → cannot exceed 0.
[131.501s] PRUNE: margin=-4.875000, optimistic_rem(widened)=3.000000 → cannot exceed 0.
[132.083s] PRUNE: margin=-4.875000, optimistic_rem(widened)=3.000000 → cannot exceed 0.
[132.960s] PRUNE: margin=-4.875000, optimistic_rem(widened)=2.000000 → cannot exceed 0.
[133.154s] PRUNE: margin=-7.375000, optimistic_rem(widened)=4.500000 → cannot exceed 0.
[133.349s] PRUNE: margin=-7.375000, optimistic_rem(widened)=4.500000 → cannot exceed 0.
[133.739s] PRUNE: margin=-4.875000, optimistic_rem(widened)=2.000000 → cannot exceed 0.
[133.933s] PRUNE: margin=-7.375000, optimistic_rem(widened)=4.500000 → cannot exceed 0.
[134.323s] PRUNE: margin=-4.875000, optimistic_rem(widened)=2.000000 → cannot exceed 0.
[135.102s] PRUNE: margin=-4.875000, optimistic_rem(widened)=2.000000 → cannot exceed 0.
[135.297s] PRUNE: margin=-7.375000, optimistic_rem(widened)=4.500000 → cannot exceed 0.
[135.686s] PRUNE: margin=-4.875000, optimistic_rem(widened)=2.000000 → cannot exceed 0.
[136.368s] PRUNE: margin=-4.875000, optimistic_rem(widened)=3.000000 → cannot exceed 0.
[136.952s] PRUNE: margin=-4.875000, optimistic_rem(widened)=3.000000 → cannot exceed 0.
[137.730s] PRUNE: margin=-4.875000, optimistic_rem(widened)=3.000000 → cannot exceed 0.
[138.023s] PRUNE: margin=-7.375000, optimistic_rem(widened)=4.500000 → cannot exceed 0.
[138.704s] PRUNE: margin=-4.875000, optimistic_rem(widened)=3.000000 → cannot exceed 0.
[139.288s] PRUNE: margin=-4.875000, optimistic_rem(widened)=3.000000 → cannot exceed 0.
[140.067s] PRUNE: margin=-4.875000, optimistic_rem(widened)=3.000000 → cannot exceed 0.
[140.651s] PRUNE: margin=-4.875000, optimistic_rem(widened)=3.000000 → cannot exceed 0.
[141.333s] PRUNE: margin=-4.875000, optimistic_rem(widened)=3.000000 → cannot exceed 0.
[141.917s] PRUNE: margin=-4.875000, optimistic_rem(widened)=3.000000 → cannot exceed 0.
[142.306s] No counterexample within budgets (BaB): no misclassification found.
STATUS: No counterexample | best_upper_margin=7.125000 | elapsed=142.306s | pixels_changed=0 | total_bit_flips=0 | avg_hamming_per_pixel=0.000000 | patch_rows=4-5 | patch_cols=22-23 | note=no_counterexample_within_budgets
