[  0.000s] init: idx=7712 kmax=2 bmax=4 topx=2 widen=1.000 rank_fast=off
clean logits (hex):  0x90  0x87  0x72  0x89  0x8f  0x91  0x76  0x90  0x14  0x88
clean logits (bits): 10010000 10000111 01110010 10001001 10001111 10010001 01110110 10010000 00010100 10001000
clean logits (double): -4.000000 -10.000000 +5.000000 -7.500000 -4.500000 -3.875000 +7.000000 -4.000000 +0.312500 -8.000000
[  0.009s] clean prediction: 6 (true label 6)
[ 37.649s] selection: nSym=2 (from 784), topx=2, rank_fast=off
[ 37.649s] active patch: rows 7-9, cols 15-23 (derived from symPix)
[ 37.712s] Greedy BYTE warm start: SAT (K=1,B=3).
clean logits (hex):  0x90  0x87  0x72  0x89  0x8f  0x91  0x76  0x90  0x14  0x88
clean logits (bits): 10010000 10000111 01110010 10001001 10001111 10010001 01110110 10010000 00010100 10001000
clean logits (double): -4.000000 -10.000000 +5.000000 -7.500000 -4.500000 -3.875000 +7.000000 -4.000000 +0.312500 -8.000000
post-perturb logits (hex):  0x89  0x8a  0x78  0x8b  0x87  0x8c  0x76  0x97  0xe3  0x85
post-perturb logits (bits): 10001001 10001010 01111000 10001011 10000111 10001100 01110110 10010111 11100011 10000101
post-perturb logits (double): -7.500000 -7.000000 +8.000000 -6.500000 -10.000000 -6.000000 +7.000000 -3.125000 -0.453125 -14.000000
changes: 1 bytes, 3 bit flips
  idx  pix  row col    old_hex        old_bits     old_double     new_hex        new_bits     new_double  ham
    0  211    7  15    0x00        00000000   -1.000000     0xd0        11010000   +0.631373    3
new prediction: 2 (true 6)
----- REPLAY FORWARD PASS (stage-2) -----
replay logits (hex):  0x89  0x8a  0x78  0x8b  0x87  0x8c  0x76  0x97  0xe3  0x85
replay logits (bits): 10001001 10001010 01111000 10001011 10000111 10001100 01110110 10010111 11100011 10000101
replay logits (double): -7.500000 -7.000000 +8.000000 -6.500000 -10.000000 -6.000000 +7.000000 -3.125000 -0.453125 -14.000000
[ 37.713s] replay prediction: 2 (true label 6) | note=witness_found_greedy_byte
----- END REPLAY -----
STATUS: Counterexample | best_upper_margin=-1000000000000000052504760255204420248704468581108159154915854115511802457988908195786371375080447864043704443832883878176942523235360430575644792184786706982848387200926575803737830233794788090059368953234970799945081119038967640880074652742780142494579258788820056842838115669472196386865459400540160.000000 | elapsed=37.713s | pixels_changed=1 | total_bit_flips=3 | avg_hamming_per_pixel=3.000000 | patch_rows=7-9 | patch_cols=15-23 | note=witness_found_greedy_byte
