[  0.000s] init: idx=2234 kmax=2 bmax=4 topx=2 widen=1.000 rank_fast=off
clean logits (hex):  0x84  0x87  0x9a  0x97  0x86  0x8b  0x84  0x77  0x9c  0x63
clean logits (bits): 10000100 10000111 10011010 10010111 10000110 10001011 10000100 01110111 10011100 01100011
clean logits (double): -16.000000 -10.000000 -2.750000 -3.125000 -12.000000 -6.500000 -16.000000 +7.500000 -2.500000 +2.375000
[  0.010s] clean prediction: 7 (true label 7)
[ 35.196s] selection: nSym=2 (from 784), topx=2, rank_fast=off
[ 35.196s] active patch: rows 7-16, cols 5-15 (derived from symPix)
[ 35.452s] Proceeding to BaB (greedy enabled).
[ 35.452s] Skipping root bound check (--no-root-bound).
[ 35.452s] BaB search starting (K≤2, B≤4, nSym=2, depth_limit=500000000, widen=1.00)...
[ 35.746s] PRUNE: margin=-5.000000, optimistic_rem(widened)=0.000000 → cannot exceed 0.
[ 35.943s] PRUNE: margin=-5.000000, optimistic_rem(widened)=0.000000 → cannot exceed 0.
[ 36.139s] PRUNE: margin=-5.000000, optimistic_rem(widened)=0.000000 → cannot exceed 0.
[ 36.335s] PRUNE: margin=-5.000000, optimistic_rem(widened)=0.000000 → cannot exceed 0.
[ 36.532s] PRUNE: margin=-5.000000, optimistic_rem(widened)=0.000000 → cannot exceed 0.
[ 36.826s] PRUNE: margin=-5.640625, optimistic_rem(widened)=0.718750 → cannot exceed 0.
[ 37.120s] PRUNE: margin=-5.734375, optimistic_rem(widened)=0.000000 → cannot exceed 0.
[ 37.316s] PRUNE: margin=-5.000000, optimistic_rem(widened)=0.000000 → cannot exceed 0.
[ 37.512s] PRUNE: margin=-5.000000, optimistic_rem(widened)=0.000000 → cannot exceed 0.
[ 37.708s] PRUNE: margin=-5.000000, optimistic_rem(widened)=0.000000 → cannot exceed 0.
[ 37.905s] PRUNE: margin=-5.000000, optimistic_rem(widened)=0.000000 → cannot exceed 0.
[ 38.101s] PRUNE: margin=-5.000000, optimistic_rem(widened)=0.000000 → cannot exceed 0.
[ 38.297s] PRUNE: margin=-5.000000, optimistic_rem(widened)=0.000000 → cannot exceed 0.
[ 38.689s] PRUNE: margin=-5.734375, optimistic_rem(widened)=0.000000 → cannot exceed 0.
[ 38.885s] PRUNE: margin=-5.000000, optimistic_rem(widened)=0.000000 → cannot exceed 0.
[ 39.081s] PRUNE: margin=-5.000000, optimistic_rem(widened)=0.000000 → cannot exceed 0.
[ 39.277s] PRUNE: margin=-5.000000, optimistic_rem(widened)=0.000000 → cannot exceed 0.
[ 39.473s] PRUNE: margin=-5.000000, optimistic_rem(widened)=0.000000 → cannot exceed 0.
[ 39.669s] PRUNE: margin=-5.000000, optimistic_rem(widened)=0.000000 → cannot exceed 0.
[ 40.061s] PRUNE: margin=-5.734375, optimistic_rem(widened)=0.000000 → cannot exceed 0.
[ 40.257s] PRUNE: margin=-5.000000, optimistic_rem(widened)=0.000000 → cannot exceed 0.
[ 40.453s] PRUNE: margin=-5.000000, optimistic_rem(widened)=0.000000 → cannot exceed 0.
[ 40.649s] PRUNE: margin=-5.000000, optimistic_rem(widened)=0.000000 → cannot exceed 0.
[ 40.846s] PRUNE: margin=-5.000000, optimistic_rem(widened)=0.000000 → cannot exceed 0.
[ 41.238s] PRUNE: margin=-5.734375, optimistic_rem(widened)=0.000000 → cannot exceed 0.
[ 41.434s] PRUNE: margin=-5.000000, optimistic_rem(widened)=0.000000 → cannot exceed 0.
[ 41.630s] PRUNE: margin=-5.000000, optimistic_rem(widened)=0.000000 → cannot exceed 0.
[ 41.826s] PRUNE: margin=-5.000000, optimistic_rem(widened)=0.000000 → cannot exceed 0.
[ 42.218s] PRUNE: margin=-5.000000, optimistic_rem(widened)=0.000000 → cannot exceed 0.
[ 42.414s] PRUNE: margin=-5.000000, optimistic_rem(widened)=0.000000 → cannot exceed 0.
[ 42.610s] PRUNE: margin=-5.000000, optimistic_rem(widened)=0.000000 → cannot exceed 0.
[ 43.002s] PRUNE: margin=-5.000000, optimistic_rem(widened)=0.000000 → cannot exceed 0.
[ 43.164s] PRUNE: margin=-5.000000, optimistic_rem(widened)=0.000000 → cannot exceed 0.
[ 43.477s] PRUNE: margin=-5.000000, optimistic_rem(widened)=0.000000 → cannot exceed 0.
[ 44.017s] PRUNE: margin=-5.734375, optimistic_rem(widened)=0.765625 → cannot exceed 0.
[ 44.179s] PRUNE: margin=-5.640625, optimistic_rem(widened)=0.718750 → cannot exceed 0.
[ 44.414s] PRUNE: margin=-5.000000, optimistic_rem(widened)=0.000000 → cannot exceed 0.
[ 44.577s] PRUNE: margin=-5.000000, optimistic_rem(widened)=0.000000 → cannot exceed 0.
[ 44.733s] PRUNE: margin=-5.000000, optimistic_rem(widened)=0.000000 → cannot exceed 0.
[ 44.895s] PRUNE: margin=-5.000000, optimistic_rem(widened)=0.000000 → cannot exceed 0.
[ 45.054s] PRUNE: margin=-5.000000, optimistic_rem(widened)=0.000000 → cannot exceed 0.
[ 45.380s] PRUNE: margin=-5.000000, optimistic_rem(widened)=0.000000 → cannot exceed 0.
[ 45.527s] PRUNE: margin=-5.000000, optimistic_rem(widened)=0.000000 → cannot exceed 0.
[ 45.688s] PRUNE: margin=-5.000000, optimistic_rem(widened)=0.000000 → cannot exceed 0.
[ 45.848s] PRUNE: margin=-5.000000, optimistic_rem(widened)=0.000000 → cannot exceed 0.
[ 46.168s] PRUNE: margin=-5.000000, optimistic_rem(widened)=0.000000 → cannot exceed 0.
[ 46.329s] PRUNE: margin=-5.000000, optimistic_rem(widened)=0.000000 → cannot exceed 0.
[ 46.474s] PRUNE: margin=-5.000000, optimistic_rem(widened)=0.000000 → cannot exceed 0.
[ 46.761s] PRUNE: margin=-5.000000, optimistic_rem(widened)=0.000000 → cannot exceed 0.
[ 46.896s] PRUNE: margin=-5.000000, optimistic_rem(widened)=0.000000 → cannot exceed 0.
[ 47.164s] PRUNE: margin=-5.000000, optimistic_rem(widened)=0.000000 → cannot exceed 0.
[ 47.585s] PRUNE: margin=-5.640625, optimistic_rem(widened)=0.718750 → cannot exceed 0.
[ 47.765s] PRUNE: margin=-5.000000, optimistic_rem(widened)=0.000000 → cannot exceed 0.
[ 47.883s] PRUNE: margin=-5.000000, optimistic_rem(widened)=0.000000 → cannot exceed 0.
[ 48.004s] PRUNE: margin=-5.000000, optimistic_rem(widened)=0.000000 → cannot exceed 0.
[ 48.137s] PRUNE: margin=-5.000000, optimistic_rem(widened)=0.000000 → cannot exceed 0.
[ 48.271s] PRUNE: margin=-5.000000, optimistic_rem(widened)=0.000000 → cannot exceed 0.
[ 48.537s] PRUNE: margin=-5.000000, optimistic_rem(widened)=0.000000 → cannot exceed 0.
[ 48.672s] PRUNE: margin=-5.000000, optimistic_rem(widened)=0.000000 → cannot exceed 0.
[ 48.800s] PRUNE: margin=-5.000000, optimistic_rem(widened)=0.000000 → cannot exceed 0.
[ 48.928s] PRUNE: margin=-5.000000, optimistic_rem(widened)=0.000000 → cannot exceed 0.
[ 49.306s] PRUNE: margin=-5.734375, optimistic_rem(widened)=0.000000 → cannot exceed 0.
[ 49.503s] PRUNE: margin=-5.000000, optimistic_rem(widened)=0.000000 → cannot exceed 0.
[ 49.699s] PRUNE: margin=-5.000000, optimistic_rem(widened)=0.000000 → cannot exceed 0.
[ 50.091s] PRUNE: margin=-5.734375, optimistic_rem(widened)=0.000000 → cannot exceed 0.
[ 50.287s] PRUNE: margin=-5.000000, optimistic_rem(widened)=0.000000 → cannot exceed 0.
[ 50.678s] PRUNE: margin=-5.734375, optimistic_rem(widened)=0.000000 → cannot exceed 0.
[ 56.943s] PRUNE: margin=-5.640625, optimistic_rem(widened)=2.000000 → cannot exceed 0.
[ 61.055s] PRUNE: margin=-5.640625, optimistic_rem(widened)=2.000000 → cannot exceed 0.
[ 63.598s] PRUNE: margin=-5.640625, optimistic_rem(widened)=2.000000 → cannot exceed 0.
[ 64.381s] PRUNE: margin=-5.640625, optimistic_rem(widened)=2.000000 → cannot exceed 0.
[ 64.965s] PRUNE: margin=-6.062500, optimistic_rem(widened)=2.500000 → cannot exceed 0.
[ 65.575s] PRUNE: margin=-6.062500, optimistic_rem(widened)=1.000000 → cannot exceed 0.
[ 65.990s] PRUNE: margin=-5.640625, optimistic_rem(widened)=2.718750 → cannot exceed 0.
[ 66.409s] PRUNE: margin=-5.734375, optimistic_rem(widened)=1.406250 → cannot exceed 0.
[ 66.651s] PRUNE: margin=-5.000000, optimistic_rem(widened)=0.000000 → cannot exceed 0.
[ 66.772s] PRUNE: margin=-5.000000, optimistic_rem(widened)=0.000000 → cannot exceed 0.
[ 66.894s] PRUNE: margin=-5.000000, optimistic_rem(widened)=0.000000 → cannot exceed 0.
[ 67.013s] PRUNE: margin=-5.000000, optimistic_rem(widened)=0.000000 → cannot exceed 0.
[ 67.134s] PRUNE: margin=-5.000000, optimistic_rem(widened)=0.000000 → cannot exceed 0.
[ 67.257s] PRUNE: margin=-5.000000, optimistic_rem(widened)=0.000000 → cannot exceed 0.
[ 67.378s] PRUNE: margin=-5.000000, optimistic_rem(widened)=0.000000 → cannot exceed 0.
[ 67.498s] PRUNE: margin=-5.000000, optimistic_rem(widened)=0.000000 → cannot exceed 0.
[ 67.619s] PRUNE: margin=-5.000000, optimistic_rem(widened)=0.000000 → cannot exceed 0.
[ 67.741s] PRUNE: margin=-5.000000, optimistic_rem(widened)=0.000000 → cannot exceed 0.
[ 67.863s] PRUNE: margin=-5.000000, optimistic_rem(widened)=0.000000 → cannot exceed 0.
[ 68.108s] PRUNE: margin=-5.000000, optimistic_rem(widened)=0.000000 → cannot exceed 0.
[ 68.231s] PRUNE: margin=-5.000000, optimistic_rem(widened)=0.000000 → cannot exceed 0.
[ 68.418s] PRUNE: margin=-5.000000, optimistic_rem(widened)=0.000000 → cannot exceed 0.
[ 68.613s] PRUNE: margin=-5.000000, optimistic_rem(widened)=0.000000 → cannot exceed 0.
[ 68.807s] PRUNE: margin=-5.000000, optimistic_rem(widened)=0.000000 → cannot exceed 0.
[ 69.001s] PRUNE: margin=-5.000000, optimistic_rem(widened)=0.000000 → cannot exceed 0.
[ 69.195s] PRUNE: margin=-5.000000, optimistic_rem(widened)=0.000000 → cannot exceed 0.
[ 69.389s] PRUNE: margin=-5.000000, optimistic_rem(widened)=0.000000 → cannot exceed 0.
[ 69.583s] PRUNE: margin=-5.000000, optimistic_rem(widened)=0.000000 → cannot exceed 0.
[ 69.778s] PRUNE: margin=-5.000000, optimistic_rem(widened)=0.000000 → cannot exceed 0.
[ 70.166s] PRUNE: margin=-5.000000, optimistic_rem(widened)=0.000000 → cannot exceed 0.
[ 70.361s] PRUNE: margin=-5.000000, optimistic_rem(widened)=0.000000 → cannot exceed 0.
[ 70.555s] PRUNE: margin=-5.000000, optimistic_rem(widened)=0.000000 → cannot exceed 0.
[ 70.749s] PRUNE: margin=-5.000000, optimistic_rem(widened)=0.000000 → cannot exceed 0.
[ 70.944s] PRUNE: margin=-5.000000, optimistic_rem(widened)=0.000000 → cannot exceed 0.
[ 71.138s] PRUNE: margin=-5.000000, optimistic_rem(widened)=0.000000 → cannot exceed 0.
[ 71.332s] PRUNE: margin=-5.000000, optimistic_rem(widened)=0.000000 → cannot exceed 0.
[ 71.526s] PRUNE: margin=-5.000000, optimistic_rem(widened)=0.000000 → cannot exceed 0.
[ 71.720s] PRUNE: margin=-5.000000, optimistic_rem(widened)=0.000000 → cannot exceed 0.
[ 72.109s] PRUNE: margin=-5.000000, optimistic_rem(widened)=0.000000 → cannot exceed 0.
[ 72.303s] PRUNE: margin=-5.000000, optimistic_rem(widened)=0.000000 → cannot exceed 0.
[ 72.497s] PRUNE: margin=-5.000000, optimistic_rem(widened)=0.000000 → cannot exceed 0.
[ 72.691s] PRUNE: margin=-5.000000, optimistic_rem(widened)=0.000000 → cannot exceed 0.
[ 72.886s] PRUNE: margin=-5.000000, optimistic_rem(widened)=0.000000 → cannot exceed 0.
[ 73.080s] PRUNE: margin=-5.000000, optimistic_rem(widened)=0.000000 → cannot exceed 0.
[ 73.274s] PRUNE: margin=-5.000000, optimistic_rem(widened)=0.000000 → cannot exceed 0.
[ 73.468s] PRUNE: margin=-5.000000, optimistic_rem(widened)=0.000000 → cannot exceed 0.
[ 73.857s] PRUNE: margin=-5.640625, optimistic_rem(widened)=0.000000 → cannot exceed 0.
[ 74.051s] PRUNE: margin=-5.000000, optimistic_rem(widened)=0.000000 → cannot exceed 0.
[ 74.245s] PRUNE: margin=-5.000000, optimistic_rem(widened)=0.000000 → cannot exceed 0.
[ 74.439s] PRUNE: margin=-5.000000, optimistic_rem(widened)=0.000000 → cannot exceed 0.
[ 74.633s] PRUNE: margin=-5.000000, optimistic_rem(widened)=0.000000 → cannot exceed 0.
[ 74.828s] PRUNE: margin=-5.000000, optimistic_rem(widened)=0.000000 → cannot exceed 0.
[ 75.022s] PRUNE: margin=-5.000000, optimistic_rem(widened)=0.000000 → cannot exceed 0.
[ 75.410s] PRUNE: margin=-5.640625, optimistic_rem(widened)=0.000000 → cannot exceed 0.
[ 75.604s] PRUNE: margin=-5.000000, optimistic_rem(widened)=0.000000 → cannot exceed 0.
[ 75.798s] PRUNE: margin=-5.000000, optimistic_rem(widened)=0.000000 → cannot exceed 0.
[ 75.993s] PRUNE: margin=-5.000000, optimistic_rem(widened)=0.000000 → cannot exceed 0.
[ 76.187s] PRUNE: margin=-5.000000, optimistic_rem(widened)=0.000000 → cannot exceed 0.
[ 76.381s] PRUNE: margin=-5.000000, optimistic_rem(widened)=0.000000 → cannot exceed 0.
[ 76.770s] PRUNE: margin=-5.000000, optimistic_rem(widened)=0.000000 → cannot exceed 0.
[ 76.964s] PRUNE: margin=-5.000000, optimistic_rem(widened)=0.000000 → cannot exceed 0.
[ 77.158s] PRUNE: margin=-5.000000, optimistic_rem(widened)=0.000000 → cannot exceed 0.
[ 77.352s] PRUNE: margin=-5.000000, optimistic_rem(widened)=0.000000 → cannot exceed 0.
[ 77.546s] PRUNE: margin=-5.000000, optimistic_rem(widened)=0.000000 → cannot exceed 0.
[ 77.934s] PRUNE: margin=-5.000000, optimistic_rem(widened)=0.000000 → cannot exceed 0.
[ 78.128s] PRUNE: margin=-5.000000, optimistic_rem(widened)=0.000000 → cannot exceed 0.
[ 78.323s] PRUNE: margin=-5.000000, optimistic_rem(widened)=0.000000 → cannot exceed 0.
[ 78.517s] PRUNE: margin=-5.000000, optimistic_rem(widened)=0.000000 → cannot exceed 0.
[ 78.905s] PRUNE: margin=-5.000000, optimistic_rem(widened)=0.000000 → cannot exceed 0.
[ 79.099s] PRUNE: margin=-5.000000, optimistic_rem(widened)=0.000000 → cannot exceed 0.
[ 79.293s] PRUNE: margin=-5.000000, optimistic_rem(widened)=0.000000 → cannot exceed 0.
[ 79.681s] PRUNE: margin=-5.000000, optimistic_rem(widened)=0.000000 → cannot exceed 0.
[ 79.876s] PRUNE: margin=-5.000000, optimistic_rem(widened)=0.000000 → cannot exceed 0.
[ 80.264s] PRUNE: margin=-5.000000, optimistic_rem(widened)=0.000000 → cannot exceed 0.
[ 80.901s] PRUNE: margin=-5.000000, optimistic_rem(widened)=0.000000 → cannot exceed 0.
[ 81.019s] PRUNE: margin=-5.000000, optimistic_rem(widened)=0.000000 → cannot exceed 0.
[ 81.213s] PRUNE: margin=-5.000000, optimistic_rem(widened)=0.000000 → cannot exceed 0.
[ 81.407s] PRUNE: margin=-5.000000, optimistic_rem(widened)=0.000000 → cannot exceed 0.
[ 81.597s] PRUNE: margin=-5.000000, optimistic_rem(widened)=0.000000 → cannot exceed 0.
[ 81.791s] PRUNE: margin=-5.000000, optimistic_rem(widened)=0.000000 → cannot exceed 0.
[ 81.969s] PRUNE: margin=-5.000000, optimistic_rem(widened)=0.000000 → cannot exceed 0.
[ 82.085s] PRUNE: margin=-5.000000, optimistic_rem(widened)=0.000000 → cannot exceed 0.
[ 82.203s] PRUNE: margin=-5.000000, optimistic_rem(widened)=0.000000 → cannot exceed 0.
[ 82.377s] PRUNE: margin=-5.000000, optimistic_rem(widened)=0.000000 → cannot exceed 0.
[ 82.766s] PRUNE: margin=-5.000000, optimistic_rem(widened)=0.000000 → cannot exceed 0.
[ 82.960s] PRUNE: margin=-5.000000, optimistic_rem(widened)=0.000000 → cannot exceed 0.
[ 83.155s] PRUNE: margin=-5.000000, optimistic_rem(widened)=0.000000 → cannot exceed 0.
[ 83.349s] PRUNE: margin=-5.000000, optimistic_rem(widened)=0.000000 → cannot exceed 0.
[ 83.543s] PRUNE: margin=-5.000000, optimistic_rem(widened)=0.000000 → cannot exceed 0.
[ 83.738s] PRUNE: margin=-5.000000, optimistic_rem(widened)=0.000000 → cannot exceed 0.
[ 83.932s] PRUNE: margin=-5.000000, optimistic_rem(widened)=0.000000 → cannot exceed 0.
[ 84.126s] PRUNE: margin=-5.000000, optimistic_rem(widened)=0.000000 → cannot exceed 0.
[ 84.321s] PRUNE: margin=-5.000000, optimistic_rem(widened)=0.000000 → cannot exceed 0.
[ 84.709s] PRUNE: margin=-5.000000, optimistic_rem(widened)=0.000000 → cannot exceed 0.
[ 84.904s] PRUNE: margin=-5.000000, optimistic_rem(widened)=0.000000 → cannot exceed 0.
[ 85.098s] PRUNE: margin=-5.000000, optimistic_rem(widened)=0.000000 → cannot exceed 0.
[ 85.292s] PRUNE: margin=-5.000000, optimistic_rem(widened)=0.000000 → cannot exceed 0.
[ 85.487s] PRUNE: margin=-5.000000, optimistic_rem(widened)=0.000000 → cannot exceed 0.
[ 85.681s] PRUNE: margin=-5.000000, optimistic_rem(widened)=0.000000 → cannot exceed 0.
[ 85.875s] PRUNE: margin=-5.000000, optimistic_rem(widened)=0.000000 → cannot exceed 0.
[ 86.069s] PRUNE: margin=-5.000000, optimistic_rem(widened)=0.000000 → cannot exceed 0.
[ 86.457s] PRUNE: margin=-5.640625, optimistic_rem(widened)=0.000000 → cannot exceed 0.
[ 86.651s] PRUNE: margin=-5.000000, optimistic_rem(widened)=0.000000 → cannot exceed 0.
[ 86.846s] PRUNE: margin=-5.000000, optimistic_rem(widened)=0.000000 → cannot exceed 0.
[ 87.039s] PRUNE: margin=-5.000000, optimistic_rem(widened)=0.000000 → cannot exceed 0.
[ 87.234s] PRUNE: margin=-5.000000, optimistic_rem(widened)=0.000000 → cannot exceed 0.
[ 87.428s] PRUNE: margin=-5.000000, optimistic_rem(widened)=0.000000 → cannot exceed 0.
[ 87.622s] PRUNE: margin=-5.000000, optimistic_rem(widened)=0.000000 → cannot exceed 0.
[ 88.010s] PRUNE: margin=-5.640625, optimistic_rem(widened)=0.000000 → cannot exceed 0.
[ 88.205s] PRUNE: margin=-5.000000, optimistic_rem(widened)=0.000000 → cannot exceed 0.
[ 88.399s] PRUNE: margin=-5.000000, optimistic_rem(widened)=0.000000 → cannot exceed 0.
[ 88.593s] PRUNE: margin=-5.000000, optimistic_rem(widened)=0.000000 → cannot exceed 0.
[ 88.788s] PRUNE: margin=-5.000000, optimistic_rem(widened)=0.000000 → cannot exceed 0.
[ 88.982s] PRUNE: margin=-5.000000, optimistic_rem(widened)=0.000000 → cannot exceed 0.
[ 89.257s] PRUNE: margin=-5.000000, optimistic_rem(widened)=0.000000 → cannot exceed 0.
[ 89.394s] PRUNE: margin=-5.000000, optimistic_rem(widened)=0.000000 → cannot exceed 0.
[ 89.589s] PRUNE: margin=-5.000000, optimistic_rem(widened)=0.000000 → cannot exceed 0.
[ 89.785s] PRUNE: margin=-5.000000, optimistic_rem(widened)=0.000000 → cannot exceed 0.
[ 89.980s] PRUNE: margin=-5.000000, optimistic_rem(widened)=0.000000 → cannot exceed 0.
[ 90.370s] PRUNE: margin=-5.000000, optimistic_rem(widened)=0.000000 → cannot exceed 0.
[ 90.565s] PRUNE: margin=-5.000000, optimistic_rem(widened)=0.000000 → cannot exceed 0.
[ 90.760s] PRUNE: margin=-5.000000, optimistic_rem(widened)=0.000000 → cannot exceed 0.
[ 90.956s] PRUNE: margin=-5.000000, optimistic_rem(widened)=0.000000 → cannot exceed 0.
[ 91.346s] PRUNE: margin=-5.000000, optimistic_rem(widened)=0.000000 → cannot exceed 0.
[ 91.542s] PRUNE: margin=-5.000000, optimistic_rem(widened)=0.000000 → cannot exceed 0.
[ 91.737s] PRUNE: margin=-5.000000, optimistic_rem(widened)=0.000000 → cannot exceed 0.
[ 92.127s] PRUNE: margin=-5.000000, optimistic_rem(widened)=0.000000 → cannot exceed 0.
[ 92.323s] PRUNE: margin=-5.000000, optimistic_rem(widened)=0.000000 → cannot exceed 0.
[ 92.713s] PRUNE: margin=-5.000000, optimistic_rem(widened)=0.000000 → cannot exceed 0.
[ 93.494s] PRUNE: margin=-5.000000, optimistic_rem(widened)=0.000000 → cannot exceed 0.
[ 93.690s] PRUNE: margin=-5.000000, optimistic_rem(widened)=0.000000 → cannot exceed 0.
[ 93.885s] PRUNE: margin=-5.000000, optimistic_rem(widened)=0.000000 → cannot exceed 0.
[ 94.080s] PRUNE: margin=-5.000000, optimistic_rem(widened)=0.000000 → cannot exceed 0.
[ 94.276s] PRUNE: margin=-5.000000, optimistic_rem(widened)=0.000000 → cannot exceed 0.
[ 94.471s] PRUNE: margin=-5.000000, optimistic_rem(widened)=0.000000 → cannot exceed 0.
[ 94.666s] PRUNE: margin=-5.000000, optimistic_rem(widened)=0.000000 → cannot exceed 0.
[ 94.862s] PRUNE: margin=-5.000000, optimistic_rem(widened)=0.000000 → cannot exceed 0.
[ 95.057s] PRUNE: margin=-5.000000, optimistic_rem(widened)=0.000000 → cannot exceed 0.
[ 95.448s] PRUNE: margin=-5.000000, optimistic_rem(widened)=0.000000 → cannot exceed 0.
[ 95.643s] PRUNE: margin=-5.000000, optimistic_rem(widened)=0.000000 → cannot exceed 0.
[ 95.838s] PRUNE: margin=-5.000000, optimistic_rem(widened)=0.000000 → cannot exceed 0.
[ 96.033s] PRUNE: margin=-5.000000, optimistic_rem(widened)=0.000000 → cannot exceed 0.
[ 96.229s] PRUNE: margin=-5.000000, optimistic_rem(widened)=0.000000 → cannot exceed 0.
[ 96.424s] PRUNE: margin=-5.000000, optimistic_rem(widened)=0.000000 → cannot exceed 0.
[ 96.619s] PRUNE: margin=-5.000000, optimistic_rem(widened)=0.000000 → cannot exceed 0.
[ 96.815s] PRUNE: margin=-5.000000, optimistic_rem(widened)=0.000000 → cannot exceed 0.
[ 97.205s] PRUNE: margin=-5.640625, optimistic_rem(widened)=0.000000 → cannot exceed 0.
[ 97.400s] PRUNE: margin=-5.000000, optimistic_rem(widened)=0.000000 → cannot exceed 0.
[ 97.596s] PRUNE: margin=-5.000000, optimistic_rem(widened)=0.000000 → cannot exceed 0.
[ 97.791s] PRUNE: margin=-5.000000, optimistic_rem(widened)=0.000000 → cannot exceed 0.
[ 97.986s] PRUNE: margin=-5.000000, optimistic_rem(widened)=0.000000 → cannot exceed 0.
[ 98.182s] PRUNE: margin=-5.000000, optimistic_rem(widened)=0.000000 → cannot exceed 0.
[ 98.377s] PRUNE: margin=-5.000000, optimistic_rem(widened)=0.000000 → cannot exceed 0.
[ 98.768s] PRUNE: margin=-5.640625, optimistic_rem(widened)=0.000000 → cannot exceed 0.
[ 98.963s] PRUNE: margin=-5.000000, optimistic_rem(widened)=0.000000 → cannot exceed 0.
[ 99.174s] PRUNE: margin=-5.000000, optimistic_rem(widened)=0.000000 → cannot exceed 0.
[ 99.377s] PRUNE: margin=-5.000000, optimistic_rem(widened)=0.000000 → cannot exceed 0.
[ 99.584s] PRUNE: margin=-5.000000, optimistic_rem(widened)=0.000000 → cannot exceed 0.
[ 99.788s] PRUNE: margin=-5.000000, optimistic_rem(widened)=0.000000 → cannot exceed 0.
[100.205s] PRUNE: margin=-5.000000, optimistic_rem(widened)=0.000000 → cannot exceed 0.
[100.410s] PRUNE: margin=-5.000000, optimistic_rem(widened)=0.000000 → cannot exceed 0.
[100.616s] PRUNE: margin=-5.000000, optimistic_rem(widened)=0.000000 → cannot exceed 0.
[100.820s] PRUNE: margin=-5.000000, optimistic_rem(widened)=0.000000 → cannot exceed 0.
[101.024s] PRUNE: margin=-5.000000, optimistic_rem(widened)=0.000000 → cannot exceed 0.
[101.443s] PRUNE: margin=-5.000000, optimistic_rem(widened)=0.000000 → cannot exceed 0.
[101.648s] PRUNE: margin=-5.000000, optimistic_rem(widened)=0.000000 → cannot exceed 0.
[101.854s] PRUNE: margin=-5.000000, optimistic_rem(widened)=0.000000 → cannot exceed 0.
[102.055s] PRUNE: margin=-5.000000, optimistic_rem(widened)=0.000000 → cannot exceed 0.
[102.457s] PRUNE: margin=-5.000000, optimistic_rem(widened)=0.000000 → cannot exceed 0.
[102.662s] PRUNE: margin=-5.000000, optimistic_rem(widened)=0.000000 → cannot exceed 0.
[102.869s] PRUNE: margin=-5.000000, optimistic_rem(widened)=0.000000 → cannot exceed 0.
[103.274s] PRUNE: margin=-5.000000, optimistic_rem(widened)=0.000000 → cannot exceed 0.
[103.476s] PRUNE: margin=-5.000000, optimistic_rem(widened)=0.000000 → cannot exceed 0.
[103.887s] PRUNE: margin=-5.000000, optimistic_rem(widened)=0.000000 → cannot exceed 0.
[104.705s] PRUNE: margin=-5.000000, optimistic_rem(widened)=0.000000 → cannot exceed 0.
[104.913s] PRUNE: margin=-5.000000, optimistic_rem(widened)=0.000000 → cannot exceed 0.
[105.119s] PRUNE: margin=-5.000000, optimistic_rem(widened)=0.000000 → cannot exceed 0.
[105.324s] PRUNE: margin=-5.000000, optimistic_rem(widened)=0.000000 → cannot exceed 0.
[105.529s] PRUNE: margin=-5.000000, optimistic_rem(widened)=0.000000 → cannot exceed 0.
[105.732s] PRUNE: margin=-5.000000, optimistic_rem(widened)=0.000000 → cannot exceed 0.
[105.934s] PRUNE: margin=-5.000000, optimistic_rem(widened)=0.000000 → cannot exceed 0.
[106.139s] PRUNE: margin=-5.000000, optimistic_rem(widened)=0.000000 → cannot exceed 0.
[106.549s] PRUNE: margin=-5.640625, optimistic_rem(widened)=0.000000 → cannot exceed 0.
[106.753s] PRUNE: margin=-5.000000, optimistic_rem(widened)=0.000000 → cannot exceed 0.
[106.962s] PRUNE: margin=-5.000000, optimistic_rem(widened)=0.000000 → cannot exceed 0.
[107.168s] PRUNE: margin=-5.000000, optimistic_rem(widened)=0.000000 → cannot exceed 0.
[107.373s] PRUNE: margin=-5.000000, optimistic_rem(widened)=0.000000 → cannot exceed 0.
[107.578s] PRUNE: margin=-5.000000, optimistic_rem(widened)=0.000000 → cannot exceed 0.
[107.783s] PRUNE: margin=-5.000000, optimistic_rem(widened)=0.000000 → cannot exceed 0.
[108.193s] PRUNE: margin=-5.640625, optimistic_rem(widened)=0.000000 → cannot exceed 0.
[108.399s] PRUNE: margin=-5.000000, optimistic_rem(widened)=0.000000 → cannot exceed 0.
[108.604s] PRUNE: margin=-5.000000, optimistic_rem(widened)=0.000000 → cannot exceed 0.
[108.810s] PRUNE: margin=-5.000000, optimistic_rem(widened)=0.000000 → cannot exceed 0.
[109.015s] PRUNE: margin=-5.000000, optimistic_rem(widened)=0.000000 → cannot exceed 0.
[109.220s] PRUNE: margin=-5.000000, optimistic_rem(widened)=0.000000 → cannot exceed 0.
[109.631s] PRUNE: margin=-5.000000, optimistic_rem(widened)=0.000000 → cannot exceed 0.
[109.836s] PRUNE: margin=-5.000000, optimistic_rem(widened)=0.000000 → cannot exceed 0.
[110.041s] PRUNE: margin=-5.000000, optimistic_rem(widened)=0.000000 → cannot exceed 0.
[110.246s] PRUNE: margin=-5.000000, optimistic_rem(widened)=0.000000 → cannot exceed 0.
[110.450s] PRUNE: margin=-5.000000, optimistic_rem(widened)=0.000000 → cannot exceed 0.
[110.861s] PRUNE: margin=-5.000000, optimistic_rem(widened)=0.000000 → cannot exceed 0.
[111.070s] PRUNE: margin=-5.000000, optimistic_rem(widened)=0.000000 → cannot exceed 0.
[111.276s] PRUNE: margin=-5.000000, optimistic_rem(widened)=0.000000 → cannot exceed 0.
[111.480s] PRUNE: margin=-5.000000, optimistic_rem(widened)=0.000000 → cannot exceed 0.
[111.888s] PRUNE: margin=-5.000000, optimistic_rem(widened)=0.000000 → cannot exceed 0.
[112.097s] PRUNE: margin=-5.000000, optimistic_rem(widened)=0.000000 → cannot exceed 0.
[112.301s] PRUNE: margin=-5.000000, optimistic_rem(widened)=0.000000 → cannot exceed 0.
[112.708s] PRUNE: margin=-5.000000, optimistic_rem(widened)=0.000000 → cannot exceed 0.
[112.915s] PRUNE: margin=-5.000000, optimistic_rem(widened)=0.000000 → cannot exceed 0.
[113.326s] PRUNE: margin=-5.000000, optimistic_rem(widened)=0.000000 → cannot exceed 0.
[114.105s] PRUNE: margin=-5.734375, optimistic_rem(widened)=0.000000 → cannot exceed 0.
[114.299s] PRUNE: margin=-5.000000, optimistic_rem(widened)=0.000000 → cannot exceed 0.
[114.496s] PRUNE: margin=-5.000000, optimistic_rem(widened)=0.000000 → cannot exceed 0.
[114.693s] PRUNE: margin=-5.000000, optimistic_rem(widened)=0.000000 → cannot exceed 0.
[114.890s] PRUNE: margin=-5.000000, optimistic_rem(widened)=0.000000 → cannot exceed 0.
[115.085s] PRUNE: margin=-5.000000, optimistic_rem(widened)=0.000000 → cannot exceed 0.
[115.279s] PRUNE: margin=-5.000000, optimistic_rem(widened)=0.000000 → cannot exceed 0.
[115.669s] PRUNE: margin=-5.640625, optimistic_rem(widened)=0.000000 → cannot exceed 0.
[115.864s] PRUNE: margin=-5.640625, optimistic_rem(widened)=0.000000 → cannot exceed 0.
[116.058s] PRUNE: margin=-5.000000, optimistic_rem(widened)=0.000000 → cannot exceed 0.
[116.253s] PRUNE: margin=-5.000000, optimistic_rem(widened)=0.000000 → cannot exceed 0.
[116.447s] PRUNE: margin=-5.000000, optimistic_rem(widened)=0.000000 → cannot exceed 0.
[116.641s] PRUNE: margin=-5.000000, optimistic_rem(widened)=0.000000 → cannot exceed 0.
[117.030s] PRUNE: margin=-5.000000, optimistic_rem(widened)=0.000000 → cannot exceed 0.
[117.224s] PRUNE: margin=-5.000000, optimistic_rem(widened)=0.000000 → cannot exceed 0.
[117.419s] PRUNE: margin=-5.000000, optimistic_rem(widened)=0.000000 → cannot exceed 0.
[117.613s] PRUNE: margin=-5.000000, optimistic_rem(widened)=0.000000 → cannot exceed 0.
[117.807s] PRUNE: margin=-5.000000, optimistic_rem(widened)=0.000000 → cannot exceed 0.
[118.196s] PRUNE: margin=-5.000000, optimistic_rem(widened)=0.000000 → cannot exceed 0.
[118.391s] PRUNE: margin=-5.000000, optimistic_rem(widened)=0.000000 → cannot exceed 0.
[118.585s] PRUNE: margin=-5.000000, optimistic_rem(widened)=0.000000 → cannot exceed 0.
[118.779s] PRUNE: margin=-5.000000, optimistic_rem(widened)=0.000000 → cannot exceed 0.
[119.168s] PRUNE: margin=-5.000000, optimistic_rem(widened)=0.000000 → cannot exceed 0.
[119.362s] PRUNE: margin=-5.000000, optimistic_rem(widened)=0.000000 → cannot exceed 0.
[119.556s] PRUNE: margin=-5.000000, optimistic_rem(widened)=0.000000 → cannot exceed 0.
[119.945s] PRUNE: margin=-5.000000, optimistic_rem(widened)=0.000000 → cannot exceed 0.
[120.139s] PRUNE: margin=-5.000000, optimistic_rem(widened)=0.000000 → cannot exceed 0.
[120.528s] PRUNE: margin=-5.000000, optimistic_rem(widened)=0.000000 → cannot exceed 0.
[121.209s] PRUNE: margin=-5.640625, optimistic_rem(widened)=0.718750 → cannot exceed 0.
[121.501s] PRUNE: margin=-5.000000, optimistic_rem(widened)=0.000000 → cannot exceed 0.
[121.695s] PRUNE: margin=-5.000000, optimistic_rem(widened)=0.000000 → cannot exceed 0.
[121.889s] PRUNE: margin=-5.000000, optimistic_rem(widened)=0.000000 → cannot exceed 0.
[122.084s] PRUNE: margin=-5.000000, optimistic_rem(widened)=0.000000 → cannot exceed 0.
[122.278s] PRUNE: margin=-5.000000, optimistic_rem(widened)=0.000000 → cannot exceed 0.
[122.663s] PRUNE: margin=-5.000000, optimistic_rem(widened)=0.000000 → cannot exceed 0.
[122.783s] PRUNE: margin=-5.000000, optimistic_rem(widened)=0.000000 → cannot exceed 0.
[122.912s] PRUNE: margin=-5.000000, optimistic_rem(widened)=0.000000 → cannot exceed 0.
[123.039s] PRUNE: margin=-5.000000, optimistic_rem(widened)=0.000000 → cannot exceed 0.
[123.356s] PRUNE: margin=-5.000000, optimistic_rem(widened)=0.000000 → cannot exceed 0.
[123.550s] PRUNE: margin=-5.000000, optimistic_rem(widened)=0.000000 → cannot exceed 0.
[123.744s] PRUNE: margin=-5.000000, optimistic_rem(widened)=0.000000 → cannot exceed 0.
[124.132s] PRUNE: margin=-5.000000, optimistic_rem(widened)=0.000000 → cannot exceed 0.
[124.326s] PRUNE: margin=-5.000000, optimistic_rem(widened)=0.000000 → cannot exceed 0.
[124.714s] PRUNE: margin=-5.000000, optimistic_rem(widened)=0.000000 → cannot exceed 0.
[125.242s] PRUNE: margin=-5.640625, optimistic_rem(widened)=0.718750 → cannot exceed 0.
[125.426s] PRUNE: margin=-5.000000, optimistic_rem(widened)=0.000000 → cannot exceed 0.
[125.546s] PRUNE: margin=-5.000000, optimistic_rem(widened)=0.000000 → cannot exceed 0.
[125.695s] PRUNE: margin=-5.000000, optimistic_rem(widened)=0.000000 → cannot exceed 0.
[125.889s] PRUNE: margin=-5.000000, optimistic_rem(widened)=0.000000 → cannot exceed 0.
[126.259s] PRUNE: margin=-5.000000, optimistic_rem(widened)=0.000000 → cannot exceed 0.
[126.377s] PRUNE: margin=-5.000000, optimistic_rem(widened)=0.000000 → cannot exceed 0.
[126.498s] PRUNE: margin=-5.000000, optimistic_rem(widened)=0.000000 → cannot exceed 0.
[126.785s] PRUNE: margin=-5.000000, optimistic_rem(widened)=0.000000 → cannot exceed 0.
[126.979s] PRUNE: margin=-5.000000, optimistic_rem(widened)=0.000000 → cannot exceed 0.
[127.367s] PRUNE: margin=-5.000000, optimistic_rem(widened)=0.000000 → cannot exceed 0.
[142.627s] PRUNE: margin=-5.125000, optimistic_rem(widened)=0.000000 → cannot exceed 0.
[142.821s] PRUNE: margin=-5.125000, optimistic_rem(widened)=0.000000 → cannot exceed 0.
[143.015s] PRUNE: margin=-5.125000, optimistic_rem(widened)=0.000000 → cannot exceed 0.
[143.206s] PRUNE: margin=-5.125000, optimistic_rem(widened)=0.000000 → cannot exceed 0.
[143.386s] PRUNE: margin=-5.125000, optimistic_rem(widened)=0.000000 → cannot exceed 0.
[143.581s] PRUNE: margin=-5.125000, optimistic_rem(widened)=0.000000 → cannot exceed 0.
[147.658s] PRUNE: margin=-5.125000, optimistic_rem(widened)=0.000000 → cannot exceed 0.
[147.852s] PRUNE: margin=-5.125000, optimistic_rem(widened)=0.000000 → cannot exceed 0.
[148.046s] PRUNE: margin=-5.125000, optimistic_rem(widened)=0.000000 → cannot exceed 0.
[148.240s] PRUNE: margin=-5.125000, optimistic_rem(widened)=0.000000 → cannot exceed 0.
[148.435s] PRUNE: margin=-5.125000, optimistic_rem(widened)=0.000000 → cannot exceed 0.
[148.629s] PRUNE: margin=-5.125000, optimistic_rem(widened)=0.000000 → cannot exceed 0.
[151.362s] PRUNE: margin=-5.125000, optimistic_rem(widened)=0.000000 → cannot exceed 0.
[151.488s] PRUNE: margin=-5.125000, optimistic_rem(widened)=0.000000 → cannot exceed 0.
[151.633s] PRUNE: margin=-5.125000, optimistic_rem(widened)=0.000000 → cannot exceed 0.
[151.767s] PRUNE: margin=-5.125000, optimistic_rem(widened)=0.000000 → cannot exceed 0.
[151.889s] PRUNE: margin=-5.125000, optimistic_rem(widened)=0.000000 → cannot exceed 0.
[152.012s] PRUNE: margin=-5.125000, optimistic_rem(widened)=0.000000 → cannot exceed 0.
[153.327s] PRUNE: margin=-5.125000, optimistic_rem(widened)=0.000000 → cannot exceed 0.
[153.449s] PRUNE: margin=-5.125000, optimistic_rem(widened)=0.000000 → cannot exceed 0.
[153.572s] PRUNE: margin=-5.125000, optimistic_rem(widened)=0.000000 → cannot exceed 0.
[153.697s] PRUNE: margin=-5.125000, optimistic_rem(widened)=0.000000 → cannot exceed 0.
[153.853s] PRUNE: margin=-5.125000, optimistic_rem(widened)=0.000000 → cannot exceed 0.
[154.046s] PRUNE: margin=-5.125000, optimistic_rem(widened)=0.000000 → cannot exceed 0.
[155.208s] PRUNE: margin=-5.125000, optimistic_rem(widened)=0.000000 → cannot exceed 0.
[155.402s] PRUNE: margin=-5.125000, optimistic_rem(widened)=0.000000 → cannot exceed 0.
[155.596s] PRUNE: margin=-5.125000, optimistic_rem(widened)=0.000000 → cannot exceed 0.
[155.790s] PRUNE: margin=-5.125000, optimistic_rem(widened)=0.000000 → cannot exceed 0.
[155.984s] PRUNE: margin=-5.125000, optimistic_rem(widened)=0.000000 → cannot exceed 0.
[156.177s] PRUNE: margin=-5.125000, optimistic_rem(widened)=0.000000 → cannot exceed 0.
[156.565s] PRUNE: margin=-5.125000, optimistic_rem(widened)=0.000000 → cannot exceed 0.
[156.759s] PRUNE: margin=-5.125000, optimistic_rem(widened)=0.000000 → cannot exceed 0.
[156.953s] PRUNE: margin=-5.125000, optimistic_rem(widened)=0.000000 → cannot exceed 0.
[157.147s] PRUNE: margin=-5.125000, optimistic_rem(widened)=0.000000 → cannot exceed 0.
[157.341s] PRUNE: margin=-5.125000, optimistic_rem(widened)=0.000000 → cannot exceed 0.
[157.535s] PRUNE: margin=-5.125000, optimistic_rem(widened)=0.000000 → cannot exceed 0.
[157.826s] PRUNE: margin=-5.125000, optimistic_rem(widened)=0.125000 → cannot exceed 0.
[158.021s] PRUNE: margin=-5.125000, optimistic_rem(widened)=0.125000 → cannot exceed 0.
[158.215s] PRUNE: margin=-5.125000, optimistic_rem(widened)=0.125000 → cannot exceed 0.
[158.409s] PRUNE: margin=-5.125000, optimistic_rem(widened)=0.125000 → cannot exceed 0.
[158.602s] PRUNE: margin=-5.125000, optimistic_rem(widened)=0.125000 → cannot exceed 0.
[158.796s] PRUNE: margin=-5.125000, optimistic_rem(widened)=0.125000 → cannot exceed 0.
[162.964s] PRUNE: margin=-5.125000, optimistic_rem(widened)=0.000000 → cannot exceed 0.
[163.158s] PRUNE: margin=-5.125000, optimistic_rem(widened)=0.000000 → cannot exceed 0.
[163.351s] PRUNE: margin=-5.125000, optimistic_rem(widened)=0.000000 → cannot exceed 0.
[163.545s] PRUNE: margin=-5.125000, optimistic_rem(widened)=0.000000 → cannot exceed 0.
[163.738s] PRUNE: margin=-5.125000, optimistic_rem(widened)=0.000000 → cannot exceed 0.
[163.932s] PRUNE: margin=-5.125000, optimistic_rem(widened)=0.000000 → cannot exceed 0.
[166.937s] PRUNE: margin=-5.125000, optimistic_rem(widened)=0.000000 → cannot exceed 0.
[167.131s] PRUNE: margin=-5.125000, optimistic_rem(widened)=0.000000 → cannot exceed 0.
[167.325s] PRUNE: margin=-5.125000, optimistic_rem(widened)=0.000000 → cannot exceed 0.
[167.519s] PRUNE: margin=-5.125000, optimistic_rem(widened)=0.000000 → cannot exceed 0.
[167.713s] PRUNE: margin=-5.125000, optimistic_rem(widened)=0.000000 → cannot exceed 0.
[167.907s] PRUNE: margin=-5.125000, optimistic_rem(widened)=0.000000 → cannot exceed 0.
[169.772s] PRUNE: margin=-5.125000, optimistic_rem(widened)=0.000000 → cannot exceed 0.
[169.893s] PRUNE: margin=-5.125000, optimistic_rem(widened)=0.000000 → cannot exceed 0.
[170.026s] PRUNE: margin=-5.125000, optimistic_rem(widened)=0.000000 → cannot exceed 0.
[170.166s] PRUNE: margin=-5.125000, optimistic_rem(widened)=0.000000 → cannot exceed 0.
[170.303s] PRUNE: margin=-5.125000, optimistic_rem(widened)=0.000000 → cannot exceed 0.
[170.422s] PRUNE: margin=-5.125000, optimistic_rem(widened)=0.000000 → cannot exceed 0.
[171.458s] PRUNE: margin=-5.125000, optimistic_rem(widened)=0.000000 → cannot exceed 0.
[171.652s] PRUNE: margin=-5.125000, optimistic_rem(widened)=0.000000 → cannot exceed 0.
[171.846s] PRUNE: margin=-5.125000, optimistic_rem(widened)=0.000000 → cannot exceed 0.
[172.040s] PRUNE: margin=-5.125000, optimistic_rem(widened)=0.000000 → cannot exceed 0.
[172.235s] PRUNE: margin=-5.125000, optimistic_rem(widened)=0.000000 → cannot exceed 0.
[172.429s] PRUNE: margin=-5.125000, optimistic_rem(widened)=0.000000 → cannot exceed 0.
[172.817s] PRUNE: margin=-5.125000, optimistic_rem(widened)=0.000000 → cannot exceed 0.
[173.012s] PRUNE: margin=-5.125000, optimistic_rem(widened)=0.000000 → cannot exceed 0.
[173.206s] PRUNE: margin=-5.125000, optimistic_rem(widened)=0.000000 → cannot exceed 0.
[173.400s] PRUNE: margin=-5.125000, optimistic_rem(widened)=0.000000 → cannot exceed 0.
[173.594s] PRUNE: margin=-5.125000, optimistic_rem(widened)=0.000000 → cannot exceed 0.
[173.788s] PRUNE: margin=-5.125000, optimistic_rem(widened)=0.000000 → cannot exceed 0.
[174.080s] PRUNE: margin=-5.125000, optimistic_rem(widened)=0.125000 → cannot exceed 0.
[174.275s] PRUNE: margin=-5.125000, optimistic_rem(widened)=0.125000 → cannot exceed 0.
[174.469s] PRUNE: margin=-5.125000, optimistic_rem(widened)=0.125000 → cannot exceed 0.
[174.663s] PRUNE: margin=-5.125000, optimistic_rem(widened)=0.125000 → cannot exceed 0.
[174.857s] PRUNE: margin=-5.125000, optimistic_rem(widened)=0.125000 → cannot exceed 0.
[175.051s] PRUNE: margin=-5.125000, optimistic_rem(widened)=0.125000 → cannot exceed 0.
[178.158s] PRUNE: margin=-5.125000, optimistic_rem(widened)=0.000000 → cannot exceed 0.
[178.352s] PRUNE: margin=-5.125000, optimistic_rem(widened)=0.000000 → cannot exceed 0.
[178.546s] PRUNE: margin=-5.125000, optimistic_rem(widened)=0.000000 → cannot exceed 0.
[178.741s] PRUNE: margin=-5.125000, optimistic_rem(widened)=0.000000 → cannot exceed 0.
[178.935s] PRUNE: margin=-5.125000, optimistic_rem(widened)=0.000000 → cannot exceed 0.
[179.129s] PRUNE: margin=-5.125000, optimistic_rem(widened)=0.000000 → cannot exceed 0.
[181.168s] PRUNE: margin=-5.125000, optimistic_rem(widened)=0.000000 → cannot exceed 0.
[181.363s] PRUNE: margin=-5.125000, optimistic_rem(widened)=0.000000 → cannot exceed 0.
[181.557s] PRUNE: margin=-5.125000, optimistic_rem(widened)=0.000000 → cannot exceed 0.
[181.751s] PRUNE: margin=-5.125000, optimistic_rem(widened)=0.000000 → cannot exceed 0.
[181.945s] PRUNE: margin=-5.125000, optimistic_rem(widened)=0.000000 → cannot exceed 0.
[182.141s] PRUNE: margin=-5.125000, optimistic_rem(widened)=0.000000 → cannot exceed 0.
[183.120s] PRUNE: margin=-5.125000, optimistic_rem(widened)=0.000000 → cannot exceed 0.
[183.298s] PRUNE: margin=-5.125000, optimistic_rem(widened)=0.000000 → cannot exceed 0.
[183.491s] PRUNE: margin=-5.125000, optimistic_rem(widened)=0.000000 → cannot exceed 0.
[183.685s] PRUNE: margin=-5.125000, optimistic_rem(widened)=0.000000 → cannot exceed 0.
[183.879s] PRUNE: margin=-5.125000, optimistic_rem(widened)=0.000000 → cannot exceed 0.
[184.072s] PRUNE: margin=-5.125000, optimistic_rem(widened)=0.000000 → cannot exceed 0.
[184.460s] PRUNE: margin=-5.125000, optimistic_rem(widened)=0.000000 → cannot exceed 0.
[184.654s] PRUNE: margin=-5.125000, optimistic_rem(widened)=0.000000 → cannot exceed 0.
[184.847s] PRUNE: margin=-5.125000, optimistic_rem(widened)=0.000000 → cannot exceed 0.
[185.041s] PRUNE: margin=-5.125000, optimistic_rem(widened)=0.000000 → cannot exceed 0.
[185.235s] PRUNE: margin=-5.125000, optimistic_rem(widened)=0.000000 → cannot exceed 0.
[185.429s] PRUNE: margin=-5.125000, optimistic_rem(widened)=0.000000 → cannot exceed 0.
[185.719s] PRUNE: margin=-5.125000, optimistic_rem(widened)=0.125000 → cannot exceed 0.
[185.913s] PRUNE: margin=-5.125000, optimistic_rem(widened)=0.125000 → cannot exceed 0.
[186.109s] PRUNE: margin=-5.125000, optimistic_rem(widened)=0.125000 → cannot exceed 0.
[186.303s] PRUNE: margin=-5.125000, optimistic_rem(widened)=0.125000 → cannot exceed 0.
[186.497s] PRUNE: margin=-5.125000, optimistic_rem(widened)=0.125000 → cannot exceed 0.
[186.690s] PRUNE: margin=-5.125000, optimistic_rem(widened)=0.125000 → cannot exceed 0.
[188.823s] PRUNE: margin=-5.125000, optimistic_rem(widened)=0.000000 → cannot exceed 0.
[189.017s] PRUNE: margin=-5.125000, optimistic_rem(widened)=0.000000 → cannot exceed 0.
[189.212s] PRUNE: margin=-5.125000, optimistic_rem(widened)=0.000000 → cannot exceed 0.
[189.405s] PRUNE: margin=-5.125000, optimistic_rem(widened)=0.000000 → cannot exceed 0.
[189.599s] PRUNE: margin=-5.125000, optimistic_rem(widened)=0.000000 → cannot exceed 0.
[189.793s] PRUNE: margin=-5.125000, optimistic_rem(widened)=0.000000 → cannot exceed 0.
[190.964s] PRUNE: margin=-5.125000, optimistic_rem(widened)=0.000000 → cannot exceed 0.
[191.158s] PRUNE: margin=-5.125000, optimistic_rem(widened)=0.000000 → cannot exceed 0.
[191.352s] PRUNE: margin=-5.125000, optimistic_rem(widened)=0.000000 → cannot exceed 0.
[191.546s] PRUNE: margin=-5.125000, optimistic_rem(widened)=0.000000 → cannot exceed 0.
[191.740s] PRUNE: margin=-5.125000, optimistic_rem(widened)=0.000000 → cannot exceed 0.
[191.933s] PRUNE: margin=-5.125000, optimistic_rem(widened)=0.000000 → cannot exceed 0.
[192.321s] PRUNE: margin=-5.125000, optimistic_rem(widened)=0.000000 → cannot exceed 0.
[192.515s] PRUNE: margin=-5.125000, optimistic_rem(widened)=0.000000 → cannot exceed 0.
[192.709s] PRUNE: margin=-5.125000, optimistic_rem(widened)=0.000000 → cannot exceed 0.
[192.902s] PRUNE: margin=-5.125000, optimistic_rem(widened)=0.000000 → cannot exceed 0.
[193.097s] PRUNE: margin=-5.125000, optimistic_rem(widened)=0.000000 → cannot exceed 0.
[193.291s] PRUNE: margin=-5.125000, optimistic_rem(widened)=0.000000 → cannot exceed 0.
[193.581s] PRUNE: margin=-5.125000, optimistic_rem(widened)=0.125000 → cannot exceed 0.
[193.775s] PRUNE: margin=-5.125000, optimistic_rem(widened)=0.125000 → cannot exceed 0.
[193.969s] PRUNE: margin=-5.125000, optimistic_rem(widened)=0.125000 → cannot exceed 0.
[194.163s] PRUNE: margin=-5.125000, optimistic_rem(widened)=0.125000 → cannot exceed 0.
[194.357s] PRUNE: margin=-5.125000, optimistic_rem(widened)=0.125000 → cannot exceed 0.
[194.551s] PRUNE: margin=-5.125000, optimistic_rem(widened)=0.125000 → cannot exceed 0.
[195.811s] PRUNE: margin=-5.125000, optimistic_rem(widened)=0.000000 → cannot exceed 0.
[196.005s] PRUNE: margin=-5.125000, optimistic_rem(widened)=0.000000 → cannot exceed 0.
[196.199s] PRUNE: margin=-5.125000, optimistic_rem(widened)=0.000000 → cannot exceed 0.
[196.393s] PRUNE: margin=-5.125000, optimistic_rem(widened)=0.000000 → cannot exceed 0.
[196.587s] PRUNE: margin=-5.125000, optimistic_rem(widened)=0.000000 → cannot exceed 0.
[196.781s] PRUNE: margin=-5.125000, optimistic_rem(widened)=0.000000 → cannot exceed 0.
[197.169s] PRUNE: margin=-5.000000, optimistic_rem(widened)=0.000000 → cannot exceed 0.
[197.363s] PRUNE: margin=-5.125000, optimistic_rem(widened)=0.000000 → cannot exceed 0.
[197.557s] PRUNE: margin=-5.125000, optimistic_rem(widened)=0.000000 → cannot exceed 0.
[197.751s] PRUNE: margin=-5.125000, optimistic_rem(widened)=0.000000 → cannot exceed 0.
[197.945s] PRUNE: margin=-5.125000, optimistic_rem(widened)=0.000000 → cannot exceed 0.
[198.139s] PRUNE: margin=-5.125000, optimistic_rem(widened)=0.000000 → cannot exceed 0.
[198.430s] PRUNE: margin=-5.125000, optimistic_rem(widened)=0.125000 → cannot exceed 0.
[198.624s] PRUNE: margin=-5.125000, optimistic_rem(widened)=0.125000 → cannot exceed 0.
[198.818s] PRUNE: margin=-5.125000, optimistic_rem(widened)=0.125000 → cannot exceed 0.
[198.993s] PRUNE: margin=-5.125000, optimistic_rem(widened)=0.125000 → cannot exceed 0.
[199.112s] PRUNE: margin=-5.125000, optimistic_rem(widened)=0.125000 → cannot exceed 0.
[199.288s] PRUNE: margin=-5.125000, optimistic_rem(widened)=0.125000 → cannot exceed 0.
[199.772s] PRUNE: margin=-5.000000, optimistic_rem(widened)=0.000000 → cannot exceed 0.
[199.966s] PRUNE: margin=-5.125000, optimistic_rem(widened)=0.000000 → cannot exceed 0.
[200.160s] PRUNE: margin=-5.125000, optimistic_rem(widened)=0.000000 → cannot exceed 0.
[200.354s] PRUNE: margin=-5.125000, optimistic_rem(widened)=0.000000 → cannot exceed 0.
[200.548s] PRUNE: margin=-5.125000, optimistic_rem(widened)=0.000000 → cannot exceed 0.
[200.742s] PRUNE: margin=-5.125000, optimistic_rem(widened)=0.000000 → cannot exceed 0.
[201.033s] PRUNE: margin=-5.125000, optimistic_rem(widened)=0.250000 → cannot exceed 0.
[201.226s] PRUNE: margin=-5.125000, optimistic_rem(widened)=0.250000 → cannot exceed 0.
[201.420s] PRUNE: margin=-5.125000, optimistic_rem(widened)=0.250000 → cannot exceed 0.
[201.614s] PRUNE: margin=-5.125000, optimistic_rem(widened)=0.250000 → cannot exceed 0.
[201.809s] PRUNE: margin=-5.125000, optimistic_rem(widened)=0.250000 → cannot exceed 0.
[202.488s] PRUNE: margin=-5.125000, optimistic_rem(widened)=0.000000 → cannot exceed 0.
[202.681s] PRUNE: margin=-5.125000, optimistic_rem(widened)=0.000000 → cannot exceed 0.
[202.804s] PRUNE: margin=-5.125000, optimistic_rem(widened)=0.000000 → cannot exceed 0.
[202.927s] PRUNE: margin=-5.125000, optimistic_rem(widened)=0.000000 → cannot exceed 0.
[203.048s] PRUNE: margin=-5.125000, optimistic_rem(widened)=0.000000 → cannot exceed 0.
[203.360s] PRUNE: margin=-5.125000, optimistic_rem(widened)=0.000000 → cannot exceed 0.
[203.555s] PRUNE: margin=-5.125000, optimistic_rem(widened)=0.000000 → cannot exceed 0.
[203.750s] PRUNE: margin=-5.125000, optimistic_rem(widened)=0.000000 → cannot exceed 0.
[203.945s] PRUNE: margin=-5.125000, optimistic_rem(widened)=0.000000 → cannot exceed 0.
[204.336s] PRUNE: margin=-5.125000, optimistic_rem(widened)=0.000000 → cannot exceed 0.
[204.532s] PRUNE: margin=-5.125000, optimistic_rem(widened)=0.000000 → cannot exceed 0.
[204.727s] PRUNE: margin=-5.125000, optimistic_rem(widened)=0.000000 → cannot exceed 0.
[205.118s] PRUNE: margin=-5.000000, optimistic_rem(widened)=0.000000 → cannot exceed 0.
[205.313s] PRUNE: margin=-5.125000, optimistic_rem(widened)=0.000000 → cannot exceed 0.
[205.703s] PRUNE: margin=-5.000000, optimistic_rem(widened)=0.000000 → cannot exceed 0.
[206.289s] PRUNE: margin=-5.125000, optimistic_rem(widened)=0.250000 → cannot exceed 0.
[206.484s] PRUNE: margin=-5.125000, optimistic_rem(widened)=0.250000 → cannot exceed 0.
[206.678s] PRUNE: margin=-5.125000, optimistic_rem(widened)=0.250000 → cannot exceed 0.
[206.873s] PRUNE: margin=-5.125000, optimistic_rem(widened)=0.250000 → cannot exceed 0.
[207.068s] PRUNE: margin=-5.125000, optimistic_rem(widened)=0.250000 → cannot exceed 0.
[207.264s] PRUNE: margin=-5.125000, optimistic_rem(widened)=0.250000 → cannot exceed 0.
[211.471s] PRUNE: margin=-5.125000, optimistic_rem(widened)=0.000000 → cannot exceed 0.
[211.665s] PRUNE: margin=-5.125000, optimistic_rem(widened)=0.000000 → cannot exceed 0.
[211.859s] PRUNE: margin=-5.125000, optimistic_rem(widened)=0.000000 → cannot exceed 0.
[212.053s] PRUNE: margin=-5.125000, optimistic_rem(widened)=0.000000 → cannot exceed 0.
[212.248s] PRUNE: margin=-5.125000, optimistic_rem(widened)=0.000000 → cannot exceed 0.
[212.442s] PRUNE: margin=-5.125000, optimistic_rem(widened)=0.000000 → cannot exceed 0.
[215.452s] PRUNE: margin=-5.125000, optimistic_rem(widened)=0.000000 → cannot exceed 0.
[215.646s] PRUNE: margin=-5.125000, optimistic_rem(widened)=0.000000 → cannot exceed 0.
[215.841s] PRUNE: margin=-5.125000, optimistic_rem(widened)=0.000000 → cannot exceed 0.
[216.035s] PRUNE: margin=-5.125000, optimistic_rem(widened)=0.000000 → cannot exceed 0.
[216.229s] PRUNE: margin=-5.125000, optimistic_rem(widened)=0.000000 → cannot exceed 0.
[216.423s] PRUNE: margin=-5.125000, optimistic_rem(widened)=0.000000 → cannot exceed 0.
[218.474s] PRUNE: margin=-5.125000, optimistic_rem(widened)=0.000000 → cannot exceed 0.
[218.668s] PRUNE: margin=-5.125000, optimistic_rem(widened)=0.000000 → cannot exceed 0.
[218.863s] PRUNE: margin=-5.125000, optimistic_rem(widened)=0.000000 → cannot exceed 0.
[219.057s] PRUNE: margin=-5.125000, optimistic_rem(widened)=0.000000 → cannot exceed 0.
[219.251s] PRUNE: margin=-5.125000, optimistic_rem(widened)=0.000000 → cannot exceed 0.
[219.445s] PRUNE: margin=-5.125000, optimistic_rem(widened)=0.000000 → cannot exceed 0.
[220.610s] PRUNE: margin=-5.125000, optimistic_rem(widened)=0.000000 → cannot exceed 0.
[220.804s] PRUNE: margin=-5.125000, optimistic_rem(widened)=0.000000 → cannot exceed 0.
[220.999s] PRUNE: margin=-5.125000, optimistic_rem(widened)=0.000000 → cannot exceed 0.
[221.193s] PRUNE: margin=-5.125000, optimistic_rem(widened)=0.000000 → cannot exceed 0.
[221.387s] PRUNE: margin=-5.125000, optimistic_rem(widened)=0.000000 → cannot exceed 0.
[221.582s] PRUNE: margin=-5.125000, optimistic_rem(widened)=0.000000 → cannot exceed 0.
[221.970s] PRUNE: margin=-5.125000, optimistic_rem(widened)=0.000000 → cannot exceed 0.
[222.165s] PRUNE: margin=-5.125000, optimistic_rem(widened)=0.000000 → cannot exceed 0.
[222.359s] PRUNE: margin=-5.125000, optimistic_rem(widened)=0.000000 → cannot exceed 0.
[222.556s] PRUNE: margin=-5.125000, optimistic_rem(widened)=0.000000 → cannot exceed 0.
[222.750s] PRUNE: margin=-5.125000, optimistic_rem(widened)=0.000000 → cannot exceed 0.
[222.945s] PRUNE: margin=-5.125000, optimistic_rem(widened)=0.000000 → cannot exceed 0.
[223.236s] PRUNE: margin=-5.125000, optimistic_rem(widened)=0.125000 → cannot exceed 0.
[223.430s] PRUNE: margin=-5.125000, optimistic_rem(widened)=0.125000 → cannot exceed 0.
[223.624s] PRUNE: margin=-5.125000, optimistic_rem(widened)=0.125000 → cannot exceed 0.
[223.818s] PRUNE: margin=-5.125000, optimistic_rem(widened)=0.125000 → cannot exceed 0.
[224.012s] PRUNE: margin=-5.125000, optimistic_rem(widened)=0.125000 → cannot exceed 0.
[224.207s] PRUNE: margin=-5.125000, optimistic_rem(widened)=0.125000 → cannot exceed 0.
[227.315s] PRUNE: margin=-5.125000, optimistic_rem(widened)=0.000000 → cannot exceed 0.
[227.509s] PRUNE: margin=-5.125000, optimistic_rem(widened)=0.000000 → cannot exceed 0.
[227.703s] PRUNE: margin=-5.125000, optimistic_rem(widened)=0.000000 → cannot exceed 0.
[227.898s] PRUNE: margin=-5.125000, optimistic_rem(widened)=0.000000 → cannot exceed 0.
[228.092s] PRUNE: margin=-5.125000, optimistic_rem(widened)=0.000000 → cannot exceed 0.
[228.286s] PRUNE: margin=-5.125000, optimistic_rem(widened)=0.000000 → cannot exceed 0.
[230.323s] PRUNE: margin=-5.125000, optimistic_rem(widened)=0.000000 → cannot exceed 0.
[230.517s] PRUNE: margin=-5.125000, optimistic_rem(widened)=0.000000 → cannot exceed 0.
[230.710s] PRUNE: margin=-5.125000, optimistic_rem(widened)=0.000000 → cannot exceed 0.
[230.903s] PRUNE: margin=-5.125000, optimistic_rem(widened)=0.000000 → cannot exceed 0.
[231.096s] PRUNE: margin=-5.125000, optimistic_rem(widened)=0.000000 → cannot exceed 0.
[231.289s] PRUNE: margin=-5.125000, optimistic_rem(widened)=0.000000 → cannot exceed 0.
[232.451s] PRUNE: margin=-5.125000, optimistic_rem(widened)=0.000000 → cannot exceed 0.
[232.644s] PRUNE: margin=-5.125000, optimistic_rem(widened)=0.000000 → cannot exceed 0.
[232.847s] PRUNE: margin=-5.125000, optimistic_rem(widened)=0.000000 → cannot exceed 0.
[233.051s] PRUNE: margin=-5.125000, optimistic_rem(widened)=0.000000 → cannot exceed 0.
[233.257s] PRUNE: margin=-5.125000, optimistic_rem(widened)=0.000000 → cannot exceed 0.
[233.452s] PRUNE: margin=-5.125000, optimistic_rem(widened)=0.000000 → cannot exceed 0.
[233.838s] PRUNE: margin=-5.125000, optimistic_rem(widened)=0.000000 → cannot exceed 0.
[234.031s] PRUNE: margin=-5.125000, optimistic_rem(widened)=0.000000 → cannot exceed 0.
[234.224s] PRUNE: margin=-5.125000, optimistic_rem(widened)=0.000000 → cannot exceed 0.
[234.417s] PRUNE: margin=-5.125000, optimistic_rem(widened)=0.000000 → cannot exceed 0.
[234.611s] PRUNE: margin=-5.125000, optimistic_rem(widened)=0.000000 → cannot exceed 0.
[234.804s] PRUNE: margin=-5.125000, optimistic_rem(widened)=0.000000 → cannot exceed 0.
[235.094s] PRUNE: margin=-5.125000, optimistic_rem(widened)=0.125000 → cannot exceed 0.
[235.287s] PRUNE: margin=-5.125000, optimistic_rem(widened)=0.125000 → cannot exceed 0.
[235.480s] PRUNE: margin=-5.125000, optimistic_rem(widened)=0.125000 → cannot exceed 0.
[235.673s] PRUNE: margin=-5.125000, optimistic_rem(widened)=0.125000 → cannot exceed 0.
[235.866s] PRUNE: margin=-5.125000, optimistic_rem(widened)=0.125000 → cannot exceed 0.
[236.060s] PRUNE: margin=-5.125000, optimistic_rem(widened)=0.125000 → cannot exceed 0.
[238.184s] PRUNE: margin=-5.125000, optimistic_rem(widened)=0.000000 → cannot exceed 0.
[238.378s] PRUNE: margin=-5.125000, optimistic_rem(widened)=0.000000 → cannot exceed 0.
[238.571s] PRUNE: margin=-5.125000, optimistic_rem(widened)=0.000000 → cannot exceed 0.
[238.764s] PRUNE: margin=-5.125000, optimistic_rem(widened)=0.000000 → cannot exceed 0.
[238.957s] PRUNE: margin=-5.125000, optimistic_rem(widened)=0.000000 → cannot exceed 0.
[239.150s] PRUNE: margin=-5.125000, optimistic_rem(widened)=0.000000 → cannot exceed 0.
[240.309s] PRUNE: margin=-5.125000, optimistic_rem(widened)=0.000000 → cannot exceed 0.
[240.510s] PRUNE: margin=-5.125000, optimistic_rem(widened)=0.000000 → cannot exceed 0.
[240.714s] PRUNE: margin=-5.125000, optimistic_rem(widened)=0.000000 → cannot exceed 0.
[240.918s] PRUNE: margin=-5.125000, optimistic_rem(widened)=0.000000 → cannot exceed 0.
[241.122s] PRUNE: margin=-5.125000, optimistic_rem(widened)=0.000000 → cannot exceed 0.
[241.326s] PRUNE: margin=-5.125000, optimistic_rem(widened)=0.000000 → cannot exceed 0.
[241.741s] PRUNE: margin=-5.125000, optimistic_rem(widened)=0.000000 → cannot exceed 0.
[241.944s] PRUNE: margin=-5.125000, optimistic_rem(widened)=0.000000 → cannot exceed 0.
[242.147s] PRUNE: margin=-5.125000, optimistic_rem(widened)=0.000000 → cannot exceed 0.
[242.348s] PRUNE: margin=-5.125000, optimistic_rem(widened)=0.000000 → cannot exceed 0.
[242.551s] PRUNE: margin=-5.125000, optimistic_rem(widened)=0.000000 → cannot exceed 0.
[242.756s] PRUNE: margin=-5.125000, optimistic_rem(widened)=0.000000 → cannot exceed 0.
[243.060s] PRUNE: margin=-5.125000, optimistic_rem(widened)=0.125000 → cannot exceed 0.
[243.264s] PRUNE: margin=-5.125000, optimistic_rem(widened)=0.125000 → cannot exceed 0.
[243.471s] PRUNE: margin=-5.125000, optimistic_rem(widened)=0.125000 → cannot exceed 0.
[243.674s] PRUNE: margin=-5.125000, optimistic_rem(widened)=0.125000 → cannot exceed 0.
[243.879s] PRUNE: margin=-5.125000, optimistic_rem(widened)=0.125000 → cannot exceed 0.
[244.083s] PRUNE: margin=-5.125000, optimistic_rem(widened)=0.125000 → cannot exceed 0.
[245.406s] PRUNE: margin=-5.125000, optimistic_rem(widened)=0.000000 → cannot exceed 0.
[245.610s] PRUNE: margin=-5.125000, optimistic_rem(widened)=0.000000 → cannot exceed 0.
[245.813s] PRUNE: margin=-5.125000, optimistic_rem(widened)=0.000000 → cannot exceed 0.
[246.018s] PRUNE: margin=-5.125000, optimistic_rem(widened)=0.000000 → cannot exceed 0.
[246.222s] PRUNE: margin=-5.125000, optimistic_rem(widened)=0.000000 → cannot exceed 0.
[246.425s] PRUNE: margin=-5.125000, optimistic_rem(widened)=0.000000 → cannot exceed 0.
[246.830s] PRUNE: margin=-5.000000, optimistic_rem(widened)=0.000000 → cannot exceed 0.
[247.033s] PRUNE: margin=-5.125000, optimistic_rem(widened)=0.000000 → cannot exceed 0.
[247.233s] PRUNE: margin=-5.125000, optimistic_rem(widened)=0.000000 → cannot exceed 0.
[247.435s] PRUNE: margin=-5.125000, optimistic_rem(widened)=0.000000 → cannot exceed 0.
[247.638s] PRUNE: margin=-5.125000, optimistic_rem(widened)=0.000000 → cannot exceed 0.
[247.842s] PRUNE: margin=-5.125000, optimistic_rem(widened)=0.000000 → cannot exceed 0.
[248.143s] PRUNE: margin=-5.125000, optimistic_rem(widened)=0.125000 → cannot exceed 0.
[248.345s] PRUNE: margin=-5.125000, optimistic_rem(widened)=0.125000 → cannot exceed 0.
[248.548s] PRUNE: margin=-5.125000, optimistic_rem(widened)=0.125000 → cannot exceed 0.
[248.752s] PRUNE: margin=-5.125000, optimistic_rem(widened)=0.125000 → cannot exceed 0.
[248.954s] PRUNE: margin=-5.125000, optimistic_rem(widened)=0.125000 → cannot exceed 0.
[249.157s] PRUNE: margin=-5.125000, optimistic_rem(widened)=0.125000 → cannot exceed 0.
[249.665s] PRUNE: margin=-5.125000, optimistic_rem(widened)=0.000000 → cannot exceed 0.
[249.867s] PRUNE: margin=-5.000000, optimistic_rem(widened)=0.000000 → cannot exceed 0.
[250.072s] PRUNE: margin=-5.125000, optimistic_rem(widened)=0.000000 → cannot exceed 0.
[250.275s] PRUNE: margin=-5.125000, optimistic_rem(widened)=0.000000 → cannot exceed 0.
[250.478s] PRUNE: margin=-5.125000, optimistic_rem(widened)=0.000000 → cannot exceed 0.
[250.687s] PRUNE: margin=-5.125000, optimistic_rem(widened)=0.000000 → cannot exceed 0.
[250.993s] PRUNE: margin=-5.125000, optimistic_rem(widened)=0.250000 → cannot exceed 0.
[251.194s] PRUNE: margin=-5.125000, optimistic_rem(widened)=0.250000 → cannot exceed 0.
[251.394s] PRUNE: margin=-5.125000, optimistic_rem(widened)=0.250000 → cannot exceed 0.
[251.598s] PRUNE: margin=-5.125000, optimistic_rem(widened)=0.250000 → cannot exceed 0.
[251.802s] PRUNE: margin=-5.125000, optimistic_rem(widened)=0.125000 → cannot exceed 0.
[252.510s] PRUNE: margin=-5.125000, optimistic_rem(widened)=0.000000 → cannot exceed 0.
[252.713s] PRUNE: margin=-5.125000, optimistic_rem(widened)=0.000000 → cannot exceed 0.
[252.914s] PRUNE: margin=-5.125000, optimistic_rem(widened)=0.000000 → cannot exceed 0.
[253.116s] PRUNE: margin=-5.125000, optimistic_rem(widened)=0.000000 → cannot exceed 0.
[253.320s] PRUNE: margin=-5.125000, optimistic_rem(widened)=0.000000 → cannot exceed 0.
[253.728s] PRUNE: margin=-5.125000, optimistic_rem(widened)=0.000000 → cannot exceed 0.
[253.931s] PRUNE: margin=-5.125000, optimistic_rem(widened)=0.000000 → cannot exceed 0.
[254.139s] PRUNE: margin=-5.125000, optimistic_rem(widened)=0.000000 → cannot exceed 0.
[254.341s] PRUNE: margin=-5.125000, optimistic_rem(widened)=0.000000 → cannot exceed 0.
[254.745s] PRUNE: margin=-5.125000, optimistic_rem(widened)=0.000000 → cannot exceed 0.
[254.950s] PRUNE: margin=-5.125000, optimistic_rem(widened)=0.000000 → cannot exceed 0.
[255.153s] PRUNE: margin=-5.125000, optimistic_rem(widened)=0.000000 → cannot exceed 0.
[255.555s] PRUNE: margin=-5.000000, optimistic_rem(widened)=0.000000 → cannot exceed 0.
[255.756s] PRUNE: margin=-5.125000, optimistic_rem(widened)=0.000000 → cannot exceed 0.
[256.158s] PRUNE: margin=-5.000000, optimistic_rem(widened)=0.000000 → cannot exceed 0.
[256.766s] PRUNE: margin=-5.125000, optimistic_rem(widened)=0.250000 → cannot exceed 0.
[256.978s] PRUNE: margin=-5.125000, optimistic_rem(widened)=0.250000 → cannot exceed 0.
[257.182s] PRUNE: margin=-5.125000, optimistic_rem(widened)=0.250000 → cannot exceed 0.
[257.386s] PRUNE: margin=-5.125000, optimistic_rem(widened)=0.250000 → cannot exceed 0.
[257.589s] PRUNE: margin=-5.125000, optimistic_rem(widened)=0.250000 → cannot exceed 0.
[257.791s] PRUNE: margin=-5.125000, optimistic_rem(widened)=0.250000 → cannot exceed 0.
[261.150s] PRUNE: margin=-5.125000, optimistic_rem(widened)=0.000000 → cannot exceed 0.
[261.357s] PRUNE: margin=-5.125000, optimistic_rem(widened)=0.000000 → cannot exceed 0.
[261.560s] PRUNE: margin=-5.125000, optimistic_rem(widened)=0.000000 → cannot exceed 0.
[261.763s] PRUNE: margin=-5.125000, optimistic_rem(widened)=0.000000 → cannot exceed 0.
[261.967s] PRUNE: margin=-5.125000, optimistic_rem(widened)=0.000000 → cannot exceed 0.
[262.171s] PRUNE: margin=-5.125000, optimistic_rem(widened)=0.000000 → cannot exceed 0.
[264.305s] PRUNE: margin=-5.125000, optimistic_rem(widened)=0.000000 → cannot exceed 0.
[264.509s] PRUNE: margin=-5.125000, optimistic_rem(widened)=0.000000 → cannot exceed 0.
[264.712s] PRUNE: margin=-5.125000, optimistic_rem(widened)=0.000000 → cannot exceed 0.
[264.915s] PRUNE: margin=-5.125000, optimistic_rem(widened)=0.000000 → cannot exceed 0.
[265.119s] PRUNE: margin=-5.125000, optimistic_rem(widened)=0.000000 → cannot exceed 0.
[265.325s] PRUNE: margin=-5.125000, optimistic_rem(widened)=0.000000 → cannot exceed 0.
[266.546s] PRUNE: margin=-5.125000, optimistic_rem(widened)=0.000000 → cannot exceed 0.
[266.750s] PRUNE: margin=-5.125000, optimistic_rem(widened)=0.000000 → cannot exceed 0.
[266.953s] PRUNE: margin=-5.125000, optimistic_rem(widened)=0.000000 → cannot exceed 0.
[267.156s] PRUNE: margin=-5.125000, optimistic_rem(widened)=0.000000 → cannot exceed 0.
[267.364s] PRUNE: margin=-5.125000, optimistic_rem(widened)=0.000000 → cannot exceed 0.
[267.568s] PRUNE: margin=-5.125000, optimistic_rem(widened)=0.000000 → cannot exceed 0.
[267.975s] PRUNE: margin=-5.125000, optimistic_rem(widened)=0.000000 → cannot exceed 0.
[268.178s] PRUNE: margin=-5.125000, optimistic_rem(widened)=0.000000 → cannot exceed 0.
[268.383s] PRUNE: margin=-5.125000, optimistic_rem(widened)=0.000000 → cannot exceed 0.
[268.586s] PRUNE: margin=-5.125000, optimistic_rem(widened)=0.000000 → cannot exceed 0.
[268.790s] PRUNE: margin=-5.125000, optimistic_rem(widened)=0.000000 → cannot exceed 0.
[268.993s] PRUNE: margin=-5.125000, optimistic_rem(widened)=0.000000 → cannot exceed 0.
[269.298s] PRUNE: margin=-5.125000, optimistic_rem(widened)=0.125000 → cannot exceed 0.
[269.501s] PRUNE: margin=-5.125000, optimistic_rem(widened)=0.125000 → cannot exceed 0.
[269.704s] PRUNE: margin=-5.125000, optimistic_rem(widened)=0.125000 → cannot exceed 0.
[269.908s] PRUNE: margin=-5.125000, optimistic_rem(widened)=0.125000 → cannot exceed 0.
[270.113s] PRUNE: margin=-5.125000, optimistic_rem(widened)=0.125000 → cannot exceed 0.
[270.316s] PRUNE: margin=-5.125000, optimistic_rem(widened)=0.125000 → cannot exceed 0.
[272.547s] PRUNE: margin=-5.125000, optimistic_rem(widened)=0.000000 → cannot exceed 0.
[272.752s] PRUNE: margin=-5.125000, optimistic_rem(widened)=0.000000 → cannot exceed 0.
[272.956s] PRUNE: margin=-5.125000, optimistic_rem(widened)=0.000000 → cannot exceed 0.
[273.161s] PRUNE: margin=-5.125000, optimistic_rem(widened)=0.000000 → cannot exceed 0.
[273.365s] PRUNE: margin=-5.125000, optimistic_rem(widened)=0.000000 → cannot exceed 0.
[273.569s] PRUNE: margin=-5.125000, optimistic_rem(widened)=0.000000 → cannot exceed 0.
[274.787s] PRUNE: margin=-5.125000, optimistic_rem(widened)=0.000000 → cannot exceed 0.
[274.990s] PRUNE: margin=-5.125000, optimistic_rem(widened)=0.000000 → cannot exceed 0.
[275.194s] PRUNE: margin=-5.125000, optimistic_rem(widened)=0.000000 → cannot exceed 0.
[275.397s] PRUNE: margin=-5.125000, optimistic_rem(widened)=0.000000 → cannot exceed 0.
[275.601s] PRUNE: margin=-5.125000, optimistic_rem(widened)=0.000000 → cannot exceed 0.
[275.805s] PRUNE: margin=-5.125000, optimistic_rem(widened)=0.000000 → cannot exceed 0.
[276.212s] PRUNE: margin=-5.125000, optimistic_rem(widened)=0.000000 → cannot exceed 0.
[276.417s] PRUNE: margin=-5.125000, optimistic_rem(widened)=0.000000 → cannot exceed 0.
[276.621s] PRUNE: margin=-5.125000, optimistic_rem(widened)=0.000000 → cannot exceed 0.
[276.824s] PRUNE: margin=-5.125000, optimistic_rem(widened)=0.000000 → cannot exceed 0.
[277.028s] PRUNE: margin=-5.125000, optimistic_rem(widened)=0.000000 → cannot exceed 0.
[277.232s] PRUNE: margin=-5.125000, optimistic_rem(widened)=0.000000 → cannot exceed 0.
[277.538s] PRUNE: margin=-5.125000, optimistic_rem(widened)=0.125000 → cannot exceed 0.
[277.739s] PRUNE: margin=-5.125000, optimistic_rem(widened)=0.125000 → cannot exceed 0.
[277.940s] PRUNE: margin=-5.125000, optimistic_rem(widened)=0.125000 → cannot exceed 0.
[278.135s] PRUNE: margin=-5.125000, optimistic_rem(widened)=0.125000 → cannot exceed 0.
[278.330s] PRUNE: margin=-5.125000, optimistic_rem(widened)=0.125000 → cannot exceed 0.
[278.525s] PRUNE: margin=-5.125000, optimistic_rem(widened)=0.125000 → cannot exceed 0.
[279.793s] PRUNE: margin=-5.125000, optimistic_rem(widened)=0.000000 → cannot exceed 0.
[279.988s] PRUNE: margin=-5.125000, optimistic_rem(widened)=0.000000 → cannot exceed 0.
[280.183s] PRUNE: margin=-5.125000, optimistic_rem(widened)=0.000000 → cannot exceed 0.
[280.379s] PRUNE: margin=-5.125000, optimistic_rem(widened)=0.000000 → cannot exceed 0.
[280.574s] PRUNE: margin=-5.125000, optimistic_rem(widened)=0.000000 → cannot exceed 0.
[280.769s] PRUNE: margin=-5.125000, optimistic_rem(widened)=0.000000 → cannot exceed 0.
[281.159s] PRUNE: margin=-5.000000, optimistic_rem(widened)=0.000000 → cannot exceed 0.
[281.354s] PRUNE: margin=-5.125000, optimistic_rem(widened)=0.000000 → cannot exceed 0.
[281.549s] PRUNE: margin=-5.125000, optimistic_rem(widened)=0.000000 → cannot exceed 0.
[281.745s] PRUNE: margin=-5.125000, optimistic_rem(widened)=0.000000 → cannot exceed 0.
[281.940s] PRUNE: margin=-5.125000, optimistic_rem(widened)=0.000000 → cannot exceed 0.
[282.135s] PRUNE: margin=-5.125000, optimistic_rem(widened)=0.000000 → cannot exceed 0.
[282.428s] PRUNE: margin=-5.125000, optimistic_rem(widened)=0.125000 → cannot exceed 0.
[282.623s] PRUNE: margin=-5.125000, optimistic_rem(widened)=0.125000 → cannot exceed 0.
[282.818s] PRUNE: margin=-5.125000, optimistic_rem(widened)=0.125000 → cannot exceed 0.
[283.013s] PRUNE: margin=-5.125000, optimistic_rem(widened)=0.125000 → cannot exceed 0.
[283.208s] PRUNE: margin=-5.125000, optimistic_rem(widened)=0.125000 → cannot exceed 0.
[283.403s] PRUNE: margin=-5.125000, optimistic_rem(widened)=0.125000 → cannot exceed 0.
[283.891s] PRUNE: margin=-5.000000, optimistic_rem(widened)=0.000000 → cannot exceed 0.
[284.086s] PRUNE: margin=-5.125000, optimistic_rem(widened)=0.000000 → cannot exceed 0.
[284.281s] PRUNE: margin=-5.125000, optimistic_rem(widened)=0.000000 → cannot exceed 0.
[284.476s] PRUNE: margin=-5.125000, optimistic_rem(widened)=0.000000 → cannot exceed 0.
[284.671s] PRUNE: margin=-5.125000, optimistic_rem(widened)=0.000000 → cannot exceed 0.
[284.866s] PRUNE: margin=-5.125000, optimistic_rem(widened)=0.000000 → cannot exceed 0.
[285.159s] PRUNE: margin=-5.125000, optimistic_rem(widened)=0.250000 → cannot exceed 0.
[285.354s] PRUNE: margin=-5.125000, optimistic_rem(widened)=0.250000 → cannot exceed 0.
[285.549s] PRUNE: margin=-5.125000, optimistic_rem(widened)=0.250000 → cannot exceed 0.
[285.744s] PRUNE: margin=-5.125000, optimistic_rem(widened)=0.250000 → cannot exceed 0.
[285.939s] PRUNE: margin=-5.125000, optimistic_rem(widened)=0.250000 → cannot exceed 0.
[286.622s] PRUNE: margin=-5.125000, optimistic_rem(widened)=0.000000 → cannot exceed 0.
[286.818s] PRUNE: margin=-5.125000, optimistic_rem(widened)=0.000000 → cannot exceed 0.
[287.013s] PRUNE: margin=-5.125000, optimistic_rem(widened)=0.000000 → cannot exceed 0.
[287.208s] PRUNE: margin=-5.125000, optimistic_rem(widened)=0.000000 → cannot exceed 0.
[287.403s] PRUNE: margin=-5.125000, optimistic_rem(widened)=0.000000 → cannot exceed 0.
[287.794s] PRUNE: margin=-5.125000, optimistic_rem(widened)=0.000000 → cannot exceed 0.
[287.989s] PRUNE: margin=-5.125000, optimistic_rem(widened)=0.000000 → cannot exceed 0.
[288.184s] PRUNE: margin=-5.125000, optimistic_rem(widened)=0.000000 → cannot exceed 0.
[288.380s] PRUNE: margin=-5.125000, optimistic_rem(widened)=0.000000 → cannot exceed 0.
[288.770s] PRUNE: margin=-5.000000, optimistic_rem(widened)=0.000000 → cannot exceed 0.
[288.965s] PRUNE: margin=-5.125000, optimistic_rem(widened)=0.000000 → cannot exceed 0.
[289.161s] PRUNE: margin=-5.125000, optimistic_rem(widened)=0.000000 → cannot exceed 0.
[289.551s] PRUNE: margin=-5.000000, optimistic_rem(widened)=0.000000 → cannot exceed 0.
[289.746s] PRUNE: margin=-5.125000, optimistic_rem(widened)=0.000000 → cannot exceed 0.
[290.137s] PRUNE: margin=-5.000000, optimistic_rem(widened)=0.000000 → cannot exceed 0.
[290.722s] PRUNE: margin=-5.125000, optimistic_rem(widened)=0.250000 → cannot exceed 0.
[290.917s] PRUNE: margin=-5.125000, optimistic_rem(widened)=0.250000 → cannot exceed 0.
[291.112s] PRUNE: margin=-5.125000, optimistic_rem(widened)=0.250000 → cannot exceed 0.
[291.308s] PRUNE: margin=-5.125000, optimistic_rem(widened)=0.250000 → cannot exceed 0.
[291.503s] PRUNE: margin=-5.125000, optimistic_rem(widened)=0.250000 → cannot exceed 0.
[291.697s] PRUNE: margin=-5.125000, optimistic_rem(widened)=0.250000 → cannot exceed 0.
[293.941s] PRUNE: margin=-5.125000, optimistic_rem(widened)=0.000000 → cannot exceed 0.
[294.136s] PRUNE: margin=-5.125000, optimistic_rem(widened)=0.000000 → cannot exceed 0.
[294.331s] PRUNE: margin=-5.125000, optimistic_rem(widened)=0.000000 → cannot exceed 0.
[294.526s] PRUNE: margin=-5.125000, optimistic_rem(widened)=0.000000 → cannot exceed 0.
[294.721s] PRUNE: margin=-5.125000, optimistic_rem(widened)=0.000000 → cannot exceed 0.
[294.916s] PRUNE: margin=-5.125000, optimistic_rem(widened)=0.000000 → cannot exceed 0.
[296.086s] PRUNE: margin=-5.125000, optimistic_rem(widened)=0.000000 → cannot exceed 0.
[296.282s] PRUNE: margin=-5.125000, optimistic_rem(widened)=0.000000 → cannot exceed 0.
[296.477s] PRUNE: margin=-5.125000, optimistic_rem(widened)=0.000000 → cannot exceed 0.
[296.672s] PRUNE: margin=-5.125000, optimistic_rem(widened)=0.000000 → cannot exceed 0.
[296.867s] PRUNE: margin=-5.125000, optimistic_rem(widened)=0.000000 → cannot exceed 0.
[297.062s] PRUNE: margin=-5.125000, optimistic_rem(widened)=0.000000 → cannot exceed 0.
[297.452s] PRUNE: margin=-5.125000, optimistic_rem(widened)=0.000000 → cannot exceed 0.
[297.647s] PRUNE: margin=-5.125000, optimistic_rem(widened)=0.000000 → cannot exceed 0.
[297.843s] PRUNE: margin=-5.125000, optimistic_rem(widened)=0.000000 → cannot exceed 0.
[298.038s] PRUNE: margin=-5.125000, optimistic_rem(widened)=0.000000 → cannot exceed 0.
[298.233s] PRUNE: margin=-5.125000, optimistic_rem(widened)=0.000000 → cannot exceed 0.
[298.428s] PRUNE: margin=-5.125000, optimistic_rem(widened)=0.000000 → cannot exceed 0.
[298.721s] PRUNE: margin=-5.125000, optimistic_rem(widened)=0.125000 → cannot exceed 0.
[298.916s] PRUNE: margin=-5.125000, optimistic_rem(widened)=0.125000 → cannot exceed 0.
[299.111s] PRUNE: margin=-5.125000, optimistic_rem(widened)=0.125000 → cannot exceed 0.
[299.306s] PRUNE: margin=-5.125000, optimistic_rem(widened)=0.125000 → cannot exceed 0.
[299.501s] PRUNE: margin=-5.125000, optimistic_rem(widened)=0.125000 → cannot exceed 0.
[299.696s] PRUNE: margin=-5.125000, optimistic_rem(widened)=0.125000 → cannot exceed 0.
[300.964s] PRUNE: margin=-5.125000, optimistic_rem(widened)=0.000000 → cannot exceed 0.
[301.159s] PRUNE: margin=-5.125000, optimistic_rem(widened)=0.000000 → cannot exceed 0.
[301.354s] PRUNE: margin=-5.125000, optimistic_rem(widened)=0.000000 → cannot exceed 0.
[301.549s] PRUNE: margin=-5.125000, optimistic_rem(widened)=0.000000 → cannot exceed 0.
[301.744s] PRUNE: margin=-5.125000, optimistic_rem(widened)=0.000000 → cannot exceed 0.
[301.940s] PRUNE: margin=-5.125000, optimistic_rem(widened)=0.000000 → cannot exceed 0.
[302.330s] PRUNE: margin=-5.000000, optimistic_rem(widened)=0.000000 → cannot exceed 0.
[302.525s] PRUNE: margin=-5.125000, optimistic_rem(widened)=0.000000 → cannot exceed 0.
[302.720s] PRUNE: margin=-5.125000, optimistic_rem(widened)=0.000000 → cannot exceed 0.
[302.915s] PRUNE: margin=-5.125000, optimistic_rem(widened)=0.000000 → cannot exceed 0.
[303.110s] PRUNE: margin=-5.125000, optimistic_rem(widened)=0.000000 → cannot exceed 0.
[303.305s] PRUNE: margin=-5.125000, optimistic_rem(widened)=0.000000 → cannot exceed 0.
[303.597s] PRUNE: margin=-5.125000, optimistic_rem(widened)=0.125000 → cannot exceed 0.
[303.793s] PRUNE: margin=-5.125000, optimistic_rem(widened)=0.125000 → cannot exceed 0.
[303.988s] PRUNE: margin=-5.125000, optimistic_rem(widened)=0.125000 → cannot exceed 0.
[304.183s] PRUNE: margin=-5.125000, optimistic_rem(widened)=0.125000 → cannot exceed 0.
[304.378s] PRUNE: margin=-5.125000, optimistic_rem(widened)=0.125000 → cannot exceed 0.
[304.573s] PRUNE: margin=-5.125000, optimistic_rem(widened)=0.125000 → cannot exceed 0.
[305.060s] PRUNE: margin=-5.000000, optimistic_rem(widened)=0.000000 → cannot exceed 0.
[305.256s] PRUNE: margin=-5.125000, optimistic_rem(widened)=0.000000 → cannot exceed 0.
[305.451s] PRUNE: margin=-5.125000, optimistic_rem(widened)=0.000000 → cannot exceed 0.
[305.646s] PRUNE: margin=-5.125000, optimistic_rem(widened)=0.000000 → cannot exceed 0.
[305.841s] PRUNE: margin=-5.125000, optimistic_rem(widened)=0.000000 → cannot exceed 0.
[306.036s] PRUNE: margin=-5.125000, optimistic_rem(widened)=0.000000 → cannot exceed 0.
[306.328s] PRUNE: margin=-5.125000, optimistic_rem(widened)=0.250000 → cannot exceed 0.
[306.524s] PRUNE: margin=-5.125000, optimistic_rem(widened)=0.250000 → cannot exceed 0.
[306.719s] PRUNE: margin=-5.125000, optimistic_rem(widened)=0.250000 → cannot exceed 0.
[306.914s] PRUNE: margin=-5.125000, optimistic_rem(widened)=0.250000 → cannot exceed 0.
[307.110s] PRUNE: margin=-5.125000, optimistic_rem(widened)=0.250000 → cannot exceed 0.
[307.793s] PRUNE: margin=-5.125000, optimistic_rem(widened)=0.000000 → cannot exceed 0.
[307.988s] PRUNE: margin=-5.125000, optimistic_rem(widened)=0.000000 → cannot exceed 0.
[308.183s] PRUNE: margin=-5.125000, optimistic_rem(widened)=0.000000 → cannot exceed 0.
[308.379s] PRUNE: margin=-5.125000, optimistic_rem(widened)=0.000000 → cannot exceed 0.
[308.574s] PRUNE: margin=-5.125000, optimistic_rem(widened)=0.000000 → cannot exceed 0.
[308.964s] PRUNE: margin=-5.125000, optimistic_rem(widened)=0.000000 → cannot exceed 0.
[309.159s] PRUNE: margin=-5.125000, optimistic_rem(widened)=0.000000 → cannot exceed 0.
[309.355s] PRUNE: margin=-5.125000, optimistic_rem(widened)=0.000000 → cannot exceed 0.
[309.550s] PRUNE: margin=-5.125000, optimistic_rem(widened)=0.000000 → cannot exceed 0.
[309.940s] PRUNE: margin=-5.000000, optimistic_rem(widened)=0.000000 → cannot exceed 0.
[310.135s] PRUNE: margin=-5.125000, optimistic_rem(widened)=0.000000 → cannot exceed 0.
[310.330s] PRUNE: margin=-5.125000, optimistic_rem(widened)=0.000000 → cannot exceed 0.
[310.720s] PRUNE: margin=-5.000000, optimistic_rem(widened)=0.000000 → cannot exceed 0.
[310.916s] PRUNE: margin=-5.125000, optimistic_rem(widened)=0.000000 → cannot exceed 0.
[311.306s] PRUNE: margin=-5.000000, optimistic_rem(widened)=0.000000 → cannot exceed 0.
[311.891s] PRUNE: margin=-5.125000, optimistic_rem(widened)=0.250000 → cannot exceed 0.
[312.086s] PRUNE: margin=-5.125000, optimistic_rem(widened)=0.250000 → cannot exceed 0.
[312.281s] PRUNE: margin=-5.125000, optimistic_rem(widened)=0.250000 → cannot exceed 0.
[312.476s] PRUNE: margin=-5.125000, optimistic_rem(widened)=0.250000 → cannot exceed 0.
[312.671s] PRUNE: margin=-5.125000, optimistic_rem(widened)=0.250000 → cannot exceed 0.
[312.867s] PRUNE: margin=-5.125000, optimistic_rem(widened)=0.250000 → cannot exceed 0.
[313.452s] PRUNE: margin=-5.312500, optimistic_rem(widened)=2.000000 → cannot exceed 0.
[313.647s] PRUNE: margin=-5.125000, optimistic_rem(widened)=0.000000 → cannot exceed 0.
[313.842s] PRUNE: margin=-5.125000, optimistic_rem(widened)=0.000000 → cannot exceed 0.
[314.037s] PRUNE: margin=-5.125000, optimistic_rem(widened)=0.000000 → cannot exceed 0.
[314.232s] PRUNE: margin=-5.000000, optimistic_rem(widened)=0.000000 → cannot exceed 0.
[314.427s] PRUNE: margin=-5.125000, optimistic_rem(widened)=0.000000 → cannot exceed 0.
[314.622s] PRUNE: margin=-5.125000, optimistic_rem(widened)=0.000000 → cannot exceed 0.
[315.013s] PRUNE: margin=-5.125000, optimistic_rem(widened)=0.000000 → cannot exceed 0.
[315.208s] PRUNE: margin=-5.125000, optimistic_rem(widened)=0.000000 → cannot exceed 0.
[315.403s] PRUNE: margin=-5.125000, optimistic_rem(widened)=0.000000 → cannot exceed 0.
[315.598s] PRUNE: margin=-5.125000, optimistic_rem(widened)=0.000000 → cannot exceed 0.
[315.793s] PRUNE: margin=-5.125000, optimistic_rem(widened)=0.000000 → cannot exceed 0.
[315.988s] PRUNE: margin=-5.125000, optimistic_rem(widened)=0.000000 → cannot exceed 0.
[316.281s] PRUNE: margin=-5.125000, optimistic_rem(widened)=0.250000 → cannot exceed 0.
[316.476s] PRUNE: margin=-5.125000, optimistic_rem(widened)=0.250000 → cannot exceed 0.
[316.671s] PRUNE: margin=-5.125000, optimistic_rem(widened)=0.125000 → cannot exceed 0.
[316.866s] PRUNE: margin=-5.125000, optimistic_rem(widened)=0.125000 → cannot exceed 0.
[317.061s] PRUNE: margin=-5.125000, optimistic_rem(widened)=0.125000 → cannot exceed 0.
[317.256s] PRUNE: margin=-5.125000, optimistic_rem(widened)=0.125000 → cannot exceed 0.
[317.743s] PRUNE: margin=-5.734375, optimistic_rem(widened)=0.000000 → cannot exceed 0.
[317.939s] PRUNE: margin=-5.125000, optimistic_rem(widened)=0.000000 → cannot exceed 0.
[318.134s] PRUNE: margin=-5.125000, optimistic_rem(widened)=0.000000 → cannot exceed 0.
[318.329s] PRUNE: margin=-5.125000, optimistic_rem(widened)=0.000000 → cannot exceed 0.
[318.503s] PRUNE: margin=-5.125000, optimistic_rem(widened)=0.000000 → cannot exceed 0.
[318.619s] PRUNE: margin=-5.125000, optimistic_rem(widened)=0.000000 → cannot exceed 0.
[318.797s] PRUNE: margin=-5.125000, optimistic_rem(widened)=0.250000 → cannot exceed 0.
[318.913s] PRUNE: margin=-5.125000, optimistic_rem(widened)=0.250000 → cannot exceed 0.
[319.033s] PRUNE: margin=-5.125000, optimistic_rem(widened)=0.250000 → cannot exceed 0.
[319.227s] PRUNE: margin=-5.125000, optimistic_rem(widened)=0.250000 → cannot exceed 0.
[319.519s] PRUNE: margin=-5.000000, optimistic_rem(widened)=0.000000 → cannot exceed 0.
[320.297s] PRUNE: margin=-5.000000, optimistic_rem(widened)=0.000000 → cannot exceed 0.
[320.492s] PRUNE: margin=-5.125000, optimistic_rem(widened)=0.000000 → cannot exceed 0.
[320.687s] PRUNE: margin=-5.125000, optimistic_rem(widened)=0.000000 → cannot exceed 0.
[320.882s] PRUNE: margin=-5.125000, optimistic_rem(widened)=0.000000 → cannot exceed 0.
[321.077s] PRUNE: margin=-5.125000, optimistic_rem(widened)=0.000000 → cannot exceed 0.
[321.466s] PRUNE: margin=-5.000000, optimistic_rem(widened)=0.000000 → cannot exceed 0.
[321.661s] PRUNE: margin=-5.125000, optimistic_rem(widened)=0.000000 → cannot exceed 0.
[321.856s] PRUNE: margin=-5.125000, optimistic_rem(widened)=0.000000 → cannot exceed 0.
[322.050s] PRUNE: margin=-5.125000, optimistic_rem(widened)=0.000000 → cannot exceed 0.
[322.440s] PRUNE: margin=-5.000000, optimistic_rem(widened)=0.000000 → cannot exceed 0.
[322.635s] PRUNE: margin=-5.125000, optimistic_rem(widened)=0.000000 → cannot exceed 0.
[322.829s] PRUNE: margin=-5.125000, optimistic_rem(widened)=0.000000 → cannot exceed 0.
[323.219s] PRUNE: margin=-5.000000, optimistic_rem(widened)=0.000000 → cannot exceed 0.
[323.414s] PRUNE: margin=-5.125000, optimistic_rem(widened)=0.000000 → cannot exceed 0.
[323.803s] PRUNE: margin=-5.000000, optimistic_rem(widened)=0.000000 → cannot exceed 0.
[324.387s] PRUNE: margin=-5.125000, optimistic_rem(widened)=0.250000 → cannot exceed 0.
[324.582s] PRUNE: margin=-5.125000, optimistic_rem(widened)=0.250000 → cannot exceed 0.
[324.777s] PRUNE: margin=-5.125000, optimistic_rem(widened)=0.250000 → cannot exceed 0.
[324.971s] PRUNE: margin=-5.125000, optimistic_rem(widened)=0.250000 → cannot exceed 0.
[325.166s] PRUNE: margin=-5.125000, optimistic_rem(widened)=0.250000 → cannot exceed 0.
[325.360s] PRUNE: margin=-5.125000, optimistic_rem(widened)=0.250000 → cannot exceed 0.
[325.944s] PRUNE: margin=-5.312500, optimistic_rem(widened)=0.000000 → cannot exceed 0.
[326.138s] PRUNE: margin=-5.812500, optimistic_rem(widened)=0.000000 → cannot exceed 0.
[326.333s] PRUNE: margin=-5.125000, optimistic_rem(widened)=0.000000 → cannot exceed 0.
[326.528s] PRUNE: margin=-5.125000, optimistic_rem(widened)=0.000000 → cannot exceed 0.
[326.722s] PRUNE: margin=-5.125000, optimistic_rem(widened)=0.000000 → cannot exceed 0.
[326.917s] PRUNE: margin=-5.125000, optimistic_rem(widened)=0.000000 → cannot exceed 0.
[327.306s] PRUNE: margin=-5.125000, optimistic_rem(widened)=0.000000 → cannot exceed 0.
[327.501s] PRUNE: margin=-5.125000, optimistic_rem(widened)=0.000000 → cannot exceed 0.
[327.696s] PRUNE: margin=-5.125000, optimistic_rem(widened)=0.000000 → cannot exceed 0.
[327.891s] PRUNE: margin=-5.125000, optimistic_rem(widened)=0.000000 → cannot exceed 0.
[328.085s] PRUNE: margin=-5.125000, optimistic_rem(widened)=0.000000 → cannot exceed 0.
[328.475s] PRUNE: margin=-5.125000, optimistic_rem(widened)=0.000000 → cannot exceed 0.
[328.670s] PRUNE: margin=-5.125000, optimistic_rem(widened)=0.000000 → cannot exceed 0.
[328.865s] PRUNE: margin=-5.125000, optimistic_rem(widened)=0.000000 → cannot exceed 0.
[329.060s] PRUNE: margin=-5.125000, optimistic_rem(widened)=0.000000 → cannot exceed 0.
[329.449s] PRUNE: margin=-5.125000, optimistic_rem(widened)=0.000000 → cannot exceed 0.
[329.644s] PRUNE: margin=-5.125000, optimistic_rem(widened)=0.000000 → cannot exceed 0.
[329.839s] PRUNE: margin=-5.125000, optimistic_rem(widened)=0.000000 → cannot exceed 0.
[330.228s] PRUNE: margin=-5.125000, optimistic_rem(widened)=0.000000 → cannot exceed 0.
[330.423s] PRUNE: margin=-5.125000, optimistic_rem(widened)=0.000000 → cannot exceed 0.
[330.812s] PRUNE: margin=-5.000000, optimistic_rem(widened)=0.000000 → cannot exceed 0.
[331.591s] PRUNE: margin=-5.000000, optimistic_rem(widened)=0.000000 → cannot exceed 0.
[331.786s] PRUNE: margin=-5.000000, optimistic_rem(widened)=0.000000 → cannot exceed 0.
[331.980s] PRUNE: margin=-5.000000, optimistic_rem(widened)=0.000000 → cannot exceed 0.
[332.175s] PRUNE: margin=-5.000000, optimistic_rem(widened)=0.000000 → cannot exceed 0.
[332.370s] PRUNE: margin=-5.000000, optimistic_rem(widened)=0.000000 → cannot exceed 0.
[332.759s] PRUNE: margin=-5.125000, optimistic_rem(widened)=0.000000 → cannot exceed 0.
[332.954s] PRUNE: margin=-5.125000, optimistic_rem(widened)=0.000000 → cannot exceed 0.
[333.148s] PRUNE: margin=-5.125000, optimistic_rem(widened)=0.000000 → cannot exceed 0.
[333.343s] PRUNE: margin=-5.125000, optimistic_rem(widened)=0.000000 → cannot exceed 0.
[333.732s] PRUNE: margin=-5.125000, optimistic_rem(widened)=0.000000 → cannot exceed 0.
[333.927s] PRUNE: margin=-5.125000, optimistic_rem(widened)=0.000000 → cannot exceed 0.
[334.122s] PRUNE: margin=-5.125000, optimistic_rem(widened)=0.000000 → cannot exceed 0.
[334.511s] PRUNE: margin=-5.125000, optimistic_rem(widened)=0.000000 → cannot exceed 0.
[334.705s] PRUNE: margin=-5.125000, optimistic_rem(widened)=0.000000 → cannot exceed 0.
[335.095s] PRUNE: margin=-5.125000, optimistic_rem(widened)=0.000000 → cannot exceed 0.
[335.678s] PRUNE: margin=-5.125000, optimistic_rem(widened)=0.250000 → cannot exceed 0.
[335.873s] PRUNE: margin=-5.125000, optimistic_rem(widened)=0.250000 → cannot exceed 0.
[336.068s] PRUNE: margin=-5.125000, optimistic_rem(widened)=0.250000 → cannot exceed 0.
[336.262s] PRUNE: margin=-5.125000, optimistic_rem(widened)=0.250000 → cannot exceed 0.
[336.457s] PRUNE: margin=-5.125000, optimistic_rem(widened)=0.250000 → cannot exceed 0.
[336.652s] PRUNE: margin=-5.125000, optimistic_rem(widened)=0.250000 → cannot exceed 0.
[337.236s] PRUNE: margin=-5.734375, optimistic_rem(widened)=0.000000 → cannot exceed 0.
[337.430s] PRUNE: margin=-5.125000, optimistic_rem(widened)=0.000000 → cannot exceed 0.
[337.625s] PRUNE: margin=-5.125000, optimistic_rem(widened)=0.000000 → cannot exceed 0.
[337.820s] PRUNE: margin=-5.125000, optimistic_rem(widened)=0.000000 → cannot exceed 0.
[338.014s] PRUNE: margin=-5.125000, optimistic_rem(widened)=0.000000 → cannot exceed 0.
[338.405s] PRUNE: margin=-5.000000, optimistic_rem(widened)=0.000000 → cannot exceed 0.
[338.600s] PRUNE: margin=-5.000000, optimistic_rem(widened)=0.000000 → cannot exceed 0.
[338.795s] PRUNE: margin=-5.000000, optimistic_rem(widened)=0.000000 → cannot exceed 0.
[338.989s] PRUNE: margin=-5.000000, optimistic_rem(widened)=0.000000 → cannot exceed 0.
[339.378s] PRUNE: margin=-5.125000, optimistic_rem(widened)=0.000000 → cannot exceed 0.
[339.573s] PRUNE: margin=-5.125000, optimistic_rem(widened)=0.000000 → cannot exceed 0.
[339.768s] PRUNE: margin=-5.125000, optimistic_rem(widened)=0.000000 → cannot exceed 0.
[340.157s] PRUNE: margin=-5.125000, optimistic_rem(widened)=0.000000 → cannot exceed 0.
[340.352s] PRUNE: margin=-5.125000, optimistic_rem(widened)=0.000000 → cannot exceed 0.
[340.741s] PRUNE: margin=-5.125000, optimistic_rem(widened)=0.000000 → cannot exceed 0.
[341.325s] PRUNE: margin=-5.125000, optimistic_rem(widened)=0.375000 → cannot exceed 0.
[341.519s] PRUNE: margin=-5.125000, optimistic_rem(widened)=0.375000 → cannot exceed 0.
[341.714s] PRUNE: margin=-5.125000, optimistic_rem(widened)=0.375000 → cannot exceed 0.
[341.908s] PRUNE: margin=-5.125000, optimistic_rem(widened)=0.375000 → cannot exceed 0.
[342.103s] PRUNE: margin=-5.125000, optimistic_rem(widened)=0.250000 → cannot exceed 0.
[342.882s] PRUNE: margin=-5.125000, optimistic_rem(widened)=0.000000 → cannot exceed 0.
[343.077s] PRUNE: margin=-5.125000, optimistic_rem(widened)=0.000000 → cannot exceed 0.
[343.271s] PRUNE: margin=-5.125000, optimistic_rem(widened)=0.000000 → cannot exceed 0.
[343.466s] PRUNE: margin=-5.125000, optimistic_rem(widened)=0.000000 → cannot exceed 0.
[343.856s] PRUNE: margin=-5.000000, optimistic_rem(widened)=0.000000 → cannot exceed 0.
[344.051s] PRUNE: margin=-5.125000, optimistic_rem(widened)=0.000000 → cannot exceed 0.
[344.246s] PRUNE: margin=-5.125000, optimistic_rem(widened)=0.000000 → cannot exceed 0.
[344.635s] PRUNE: margin=-5.000000, optimistic_rem(widened)=0.000000 → cannot exceed 0.
[344.830s] PRUNE: margin=-5.125000, optimistic_rem(widened)=0.000000 → cannot exceed 0.
[345.219s] PRUNE: margin=-5.000000, optimistic_rem(widened)=0.000000 → cannot exceed 0.
[346.046s] PRUNE: margin=-5.000000, optimistic_rem(widened)=0.000000 → cannot exceed 0.
[346.242s] PRUNE: margin=-5.125000, optimistic_rem(widened)=0.000000 → cannot exceed 0.
[346.439s] PRUNE: margin=-5.125000, optimistic_rem(widened)=0.000000 → cannot exceed 0.
[346.831s] PRUNE: margin=-5.000000, optimistic_rem(widened)=0.000000 → cannot exceed 0.
[347.027s] PRUNE: margin=-5.125000, optimistic_rem(widened)=0.000000 → cannot exceed 0.
[347.419s] PRUNE: margin=-5.000000, optimistic_rem(widened)=0.000000 → cannot exceed 0.
[348.204s] PRUNE: margin=-5.000000, optimistic_rem(widened)=0.000000 → cannot exceed 0.
[348.400s] PRUNE: margin=-5.125000, optimistic_rem(widened)=0.000000 → cannot exceed 0.
[348.793s] PRUNE: margin=-5.000000, optimistic_rem(widened)=0.000000 → cannot exceed 0.
[349.581s] PRUNE: margin=-5.000000, optimistic_rem(widened)=0.000000 → cannot exceed 0.
[362.320s] No counterexample within budgets (BaB): no misclassification found.
STATUS: No counterexample | best_upper_margin=12.875000 | elapsed=362.320s | pixels_changed=0 | total_bit_flips=0 | avg_hamming_per_pixel=0.000000 | patch_rows=7-16 | patch_cols=5-15 | note=no_counterexample_within_budgets
