[  0.000s] init: idx=7336 kmax=2 bmax=4 topx=2 widen=1.000 rank_fast=off
clean logits (hex):  0x83  0x85  0x8f  0x99  0x62  0x92  0x87  0xa7  0xf8  0x73
clean logits (bits): 10000011 10000101 10001111 10011001 01100010 10010010 10000111 10100111 11111000 01110011
clean logits (double): -24.000000 -14.000000 -4.500000 -2.875000 +2.250000 -3.750000 -10.000000 -1.781250 -0.125000 +5.500000
[  0.008s] clean prediction: 9 (true label 9)
[ 38.332s] selection: nSym=2 (from 784), topx=2, rank_fast=off
[ 38.332s] active patch: rows 4-10, cols 6-15 (derived from symPix)
[ 38.921s] Proceeding to BaB (greedy enabled).
[ 38.921s] Skipping root bound check (--no-root-bound).
[ 38.921s] BaB search starting (K≤2, B≤4, nSym=2, depth_limit=500000000, widen=1.00)...
[ 39.217s] PRUNE: margin=-3.343750, optimistic_rem(widened)=0.875000 → cannot exceed 0.
[ 39.415s] PRUNE: margin=-3.343750, optimistic_rem(widened)=1.125000 → cannot exceed 0.
[ 39.613s] PRUNE: margin=-3.343750, optimistic_rem(widened)=0.375000 → cannot exceed 0.
[ 39.810s] PRUNE: margin=-3.406250, optimistic_rem(widened)=1.156250 → cannot exceed 0.
[ 40.008s] PRUNE: margin=-3.500000, optimistic_rem(widened)=1.000000 → cannot exceed 0.
[ 42.774s] PRUNE: margin=-3.062500, optimistic_rem(widened)=0.000000 → cannot exceed 0.
[ 42.971s] PRUNE: margin=-3.062500, optimistic_rem(widened)=0.000000 → cannot exceed 0.
[ 43.169s] PRUNE: margin=-3.062500, optimistic_rem(widened)=0.000000 → cannot exceed 0.
[ 43.367s] PRUNE: margin=-3.062500, optimistic_rem(widened)=0.000000 → cannot exceed 0.
[ 43.564s] PRUNE: margin=-3.093750, optimistic_rem(widened)=0.000000 → cannot exceed 0.
[ 45.455s] PRUNE: margin=-3.062500, optimistic_rem(widened)=0.000000 → cannot exceed 0.
[ 45.653s] PRUNE: margin=-3.062500, optimistic_rem(widened)=0.000000 → cannot exceed 0.
[ 45.850s] PRUNE: margin=-3.062500, optimistic_rem(widened)=0.000000 → cannot exceed 0.
[ 46.048s] PRUNE: margin=-3.062500, optimistic_rem(widened)=0.000000 → cannot exceed 0.
[ 46.246s] PRUNE: margin=-3.093750, optimistic_rem(widened)=0.000000 → cannot exceed 0.
[ 46.642s] PRUNE: margin=-3.343750, optimistic_rem(widened)=0.500000 → cannot exceed 0.
[ 46.839s] PRUNE: margin=-3.062500, optimistic_rem(widened)=0.000000 → cannot exceed 0.
[ 47.038s] PRUNE: margin=-3.062500, optimistic_rem(widened)=0.000000 → cannot exceed 0.
[ 47.235s] PRUNE: margin=-3.062500, optimistic_rem(widened)=0.000000 → cannot exceed 0.
[ 47.433s] PRUNE: margin=-3.093750, optimistic_rem(widened)=0.000000 → cannot exceed 0.
[ 47.631s] PRUNE: margin=-3.093750, optimistic_rem(widened)=0.000000 → cannot exceed 0.
[ 48.026s] PRUNE: margin=-3.343750, optimistic_rem(widened)=0.000000 → cannot exceed 0.
[ 48.224s] PRUNE: margin=-3.062500, optimistic_rem(widened)=0.000000 → cannot exceed 0.
[ 48.421s] PRUNE: margin=-3.062500, optimistic_rem(widened)=0.000000 → cannot exceed 0.
[ 48.619s] PRUNE: margin=-3.093750, optimistic_rem(widened)=0.000000 → cannot exceed 0.
[ 48.817s] PRUNE: margin=-3.093750, optimistic_rem(widened)=0.000000 → cannot exceed 0.
[ 49.212s] PRUNE: margin=-3.062500, optimistic_rem(widened)=0.000000 → cannot exceed 0.
[ 49.410s] PRUNE: margin=-3.062500, optimistic_rem(widened)=0.000000 → cannot exceed 0.
[ 49.608s] PRUNE: margin=-3.062500, optimistic_rem(widened)=0.000000 → cannot exceed 0.
[ 49.806s] PRUNE: margin=-3.093750, optimistic_rem(widened)=0.000000 → cannot exceed 0.
[ 50.201s] PRUNE: margin=-3.062500, optimistic_rem(widened)=0.000000 → cannot exceed 0.
[ 50.400s] PRUNE: margin=-3.062500, optimistic_rem(widened)=0.000000 → cannot exceed 0.
[ 50.598s] PRUNE: margin=-3.093750, optimistic_rem(widened)=0.000000 → cannot exceed 0.
[ 51.013s] PRUNE: margin=-3.062500, optimistic_rem(widened)=0.000000 → cannot exceed 0.
[ 51.211s] PRUNE: margin=-3.093750, optimistic_rem(widened)=0.000000 → cannot exceed 0.
[ 51.607s] PRUNE: margin=-3.093750, optimistic_rem(widened)=0.000000 → cannot exceed 0.
[ 53.880s] PRUNE: margin=-3.062500, optimistic_rem(widened)=0.000000 → cannot exceed 0.
[ 54.080s] PRUNE: margin=-3.062500, optimistic_rem(widened)=0.000000 → cannot exceed 0.
[ 54.277s] PRUNE: margin=-3.062500, optimistic_rem(widened)=0.000000 → cannot exceed 0.
[ 54.475s] PRUNE: margin=-3.062500, optimistic_rem(widened)=0.000000 → cannot exceed 0.
[ 54.672s] PRUNE: margin=-3.093750, optimistic_rem(widened)=0.000000 → cannot exceed 0.
[ 55.066s] PRUNE: margin=-3.343750, optimistic_rem(widened)=0.500000 → cannot exceed 0.
[ 55.264s] PRUNE: margin=-3.062500, optimistic_rem(widened)=0.000000 → cannot exceed 0.
[ 55.461s] PRUNE: margin=-3.062500, optimistic_rem(widened)=0.000000 → cannot exceed 0.
[ 55.658s] PRUNE: margin=-3.062500, optimistic_rem(widened)=0.000000 → cannot exceed 0.
[ 55.856s] PRUNE: margin=-3.093750, optimistic_rem(widened)=0.000000 → cannot exceed 0.
[ 56.054s] PRUNE: margin=-3.093750, optimistic_rem(widened)=0.000000 → cannot exceed 0.
[ 56.448s] PRUNE: margin=-3.343750, optimistic_rem(widened)=0.000000 → cannot exceed 0.
[ 56.646s] PRUNE: margin=-3.062500, optimistic_rem(widened)=0.000000 → cannot exceed 0.
[ 56.843s] PRUNE: margin=-3.062500, optimistic_rem(widened)=0.000000 → cannot exceed 0.
[ 57.040s] PRUNE: margin=-3.093750, optimistic_rem(widened)=0.000000 → cannot exceed 0.
[ 57.237s] PRUNE: margin=-3.093750, optimistic_rem(widened)=0.000000 → cannot exceed 0.
[ 57.632s] PRUNE: margin=-3.062500, optimistic_rem(widened)=0.000000 → cannot exceed 0.
[ 57.829s] PRUNE: margin=-3.062500, optimistic_rem(widened)=0.000000 → cannot exceed 0.
[ 58.027s] PRUNE: margin=-3.062500, optimistic_rem(widened)=0.000000 → cannot exceed 0.
[ 58.224s] PRUNE: margin=-3.093750, optimistic_rem(widened)=0.000000 → cannot exceed 0.
[ 58.619s] PRUNE: margin=-3.062500, optimistic_rem(widened)=0.000000 → cannot exceed 0.
[ 58.816s] PRUNE: margin=-3.062500, optimistic_rem(widened)=0.000000 → cannot exceed 0.
[ 59.014s] PRUNE: margin=-3.093750, optimistic_rem(widened)=0.000000 → cannot exceed 0.
[ 59.409s] PRUNE: margin=-3.062500, optimistic_rem(widened)=0.000000 → cannot exceed 0.
[ 59.606s] PRUNE: margin=-3.093750, optimistic_rem(widened)=0.000000 → cannot exceed 0.
[ 60.000s] PRUNE: margin=-3.093750, optimistic_rem(widened)=0.000000 → cannot exceed 0.
[ 60.789s] PRUNE: margin=-3.343750, optimistic_rem(widened)=0.500000 → cannot exceed 0.
[ 60.987s] PRUNE: margin=-3.062500, optimistic_rem(widened)=0.000000 → cannot exceed 0.
[ 61.184s] PRUNE: margin=-3.062500, optimistic_rem(widened)=0.000000 → cannot exceed 0.
[ 61.381s] PRUNE: margin=-3.062500, optimistic_rem(widened)=0.000000 → cannot exceed 0.
[ 61.579s] PRUNE: margin=-3.093750, optimistic_rem(widened)=0.000000 → cannot exceed 0.
[ 61.776s] PRUNE: margin=-3.093750, optimistic_rem(widened)=0.000000 → cannot exceed 0.
[ 62.170s] PRUNE: margin=-3.343750, optimistic_rem(widened)=0.000000 → cannot exceed 0.
[ 62.368s] PRUNE: margin=-3.343750, optimistic_rem(widened)=0.000000 → cannot exceed 0.
[ 62.565s] PRUNE: margin=-3.093750, optimistic_rem(widened)=0.000000 → cannot exceed 0.
[ 62.762s] PRUNE: margin=-3.093750, optimistic_rem(widened)=0.000000 → cannot exceed 0.
[ 62.959s] PRUNE: margin=-3.093750, optimistic_rem(widened)=0.000000 → cannot exceed 0.
[ 63.336s] PRUNE: margin=-3.062500, optimistic_rem(widened)=0.000000 → cannot exceed 0.
[ 63.455s] PRUNE: margin=-3.062500, optimistic_rem(widened)=0.000000 → cannot exceed 0.
[ 63.574s] PRUNE: margin=-3.062500, optimistic_rem(widened)=0.000000 → cannot exceed 0.
[ 63.695s] PRUNE: margin=-3.093750, optimistic_rem(widened)=0.000000 → cannot exceed 0.
[ 64.010s] PRUNE: margin=-3.062500, optimistic_rem(widened)=0.000000 → cannot exceed 0.
[ 64.208s] PRUNE: margin=-3.062500, optimistic_rem(widened)=0.000000 → cannot exceed 0.
[ 64.405s] PRUNE: margin=-3.093750, optimistic_rem(widened)=0.000000 → cannot exceed 0.
[ 64.800s] PRUNE: margin=-3.093750, optimistic_rem(widened)=0.000000 → cannot exceed 0.
[ 64.998s] PRUNE: margin=-3.093750, optimistic_rem(widened)=0.000000 → cannot exceed 0.
[ 65.393s] PRUNE: margin=-3.093750, optimistic_rem(widened)=0.000000 → cannot exceed 0.
[ 66.183s] PRUNE: margin=-3.343750, optimistic_rem(widened)=0.000000 → cannot exceed 0.
[ 66.381s] PRUNE: margin=-3.343750, optimistic_rem(widened)=0.000000 → cannot exceed 0.
[ 66.578s] PRUNE: margin=-3.343750, optimistic_rem(widened)=0.000000 → cannot exceed 0.
[ 66.776s] PRUNE: margin=-3.343750, optimistic_rem(widened)=0.000000 → cannot exceed 0.
[ 66.973s] PRUNE: margin=-3.343750, optimistic_rem(widened)=0.000000 → cannot exceed 0.
[ 67.368s] PRUNE: margin=-3.062500, optimistic_rem(widened)=0.000000 → cannot exceed 0.
[ 67.566s] PRUNE: margin=-3.062500, optimistic_rem(widened)=0.000000 → cannot exceed 0.
[ 67.763s] PRUNE: margin=-3.093750, optimistic_rem(widened)=0.000000 → cannot exceed 0.
[ 67.961s] PRUNE: margin=-3.093750, optimistic_rem(widened)=0.000000 → cannot exceed 0.
[ 68.356s] PRUNE: margin=-3.062500, optimistic_rem(widened)=0.000000 → cannot exceed 0.
[ 68.553s] PRUNE: margin=-3.093750, optimistic_rem(widened)=0.000000 → cannot exceed 0.
[ 68.751s] PRUNE: margin=-3.093750, optimistic_rem(widened)=0.000000 → cannot exceed 0.
[ 69.146s] PRUNE: margin=-3.093750, optimistic_rem(widened)=0.000000 → cannot exceed 0.
[ 69.343s] PRUNE: margin=-3.093750, optimistic_rem(widened)=0.000000 → cannot exceed 0.
[ 69.738s] PRUNE: margin=-3.343750, optimistic_rem(widened)=0.000000 → cannot exceed 0.
[ 70.429s] PRUNE: margin=-3.343750, optimistic_rem(widened)=0.281250 → cannot exceed 0.
[ 70.725s] PRUNE: margin=-3.062500, optimistic_rem(widened)=0.000000 → cannot exceed 0.
[ 70.922s] PRUNE: margin=-3.093750, optimistic_rem(widened)=0.000000 → cannot exceed 0.
[ 71.120s] PRUNE: margin=-3.093750, optimistic_rem(widened)=0.000000 → cannot exceed 0.
[ 71.515s] PRUNE: margin=-3.093750, optimistic_rem(widened)=0.000000 → cannot exceed 0.
[ 71.712s] PRUNE: margin=-3.093750, optimistic_rem(widened)=0.000000 → cannot exceed 0.
[ 72.107s] PRUNE: margin=-3.343750, optimistic_rem(widened)=0.000000 → cannot exceed 0.
[ 72.896s] PRUNE: margin=-3.062500, optimistic_rem(widened)=0.000000 → cannot exceed 0.
[ 73.094s] PRUNE: margin=-3.062500, optimistic_rem(widened)=0.000000 → cannot exceed 0.
[ 73.291s] PRUNE: margin=-3.093750, optimistic_rem(widened)=0.000000 → cannot exceed 0.
[ 73.686s] PRUNE: margin=-3.093750, optimistic_rem(widened)=0.000000 → cannot exceed 0.
[ 73.884s] PRUNE: margin=-3.093750, optimistic_rem(widened)=0.000000 → cannot exceed 0.
[ 74.279s] PRUNE: margin=-3.093750, optimistic_rem(widened)=0.000000 → cannot exceed 0.
[ 75.070s] PRUNE: margin=-3.093750, optimistic_rem(widened)=0.000000 → cannot exceed 0.
[ 75.268s] PRUNE: margin=-3.093750, optimistic_rem(widened)=0.000000 → cannot exceed 0.
[ 75.667s] PRUNE: margin=-3.093750, optimistic_rem(widened)=0.000000 → cannot exceed 0.
[ 76.459s] PRUNE: margin=-3.093750, optimistic_rem(widened)=0.000000 → cannot exceed 0.
[ 77.863s] PRUNE: margin=-3.406250, optimistic_rem(widened)=0.812500 → cannot exceed 0.
[ 78.260s] PRUNE: margin=-3.062500, optimistic_rem(widened)=0.000000 → cannot exceed 0.
[ 78.459s] PRUNE: margin=-3.062500, optimistic_rem(widened)=0.000000 → cannot exceed 0.
[ 78.657s] PRUNE: margin=-3.062500, optimistic_rem(widened)=0.000000 → cannot exceed 0.
[ 78.854s] PRUNE: margin=-3.062500, optimistic_rem(widened)=0.000000 → cannot exceed 0.
[ 79.051s] PRUNE: margin=-3.062500, optimistic_rem(widened)=0.000000 → cannot exceed 0.
[ 79.249s] PRUNE: margin=-3.062500, optimistic_rem(widened)=0.000000 → cannot exceed 0.
[ 79.447s] PRUNE: margin=-3.062500, optimistic_rem(widened)=0.000000 → cannot exceed 0.
[ 79.645s] PRUNE: margin=-3.062500, optimistic_rem(widened)=0.000000 → cannot exceed 0.
[ 79.843s] PRUNE: margin=-3.062500, optimistic_rem(widened)=0.000000 → cannot exceed 0.
[ 80.042s] PRUNE: margin=-3.062500, optimistic_rem(widened)=0.000000 → cannot exceed 0.
[ 80.240s] PRUNE: margin=-3.156250, optimistic_rem(widened)=0.000000 → cannot exceed 0.
[ 80.636s] PRUNE: margin=-3.062500, optimistic_rem(widened)=0.000000 → cannot exceed 0.
[ 80.834s] PRUNE: margin=-3.062500, optimistic_rem(widened)=0.000000 → cannot exceed 0.
[ 81.033s] PRUNE: margin=-3.062500, optimistic_rem(widened)=0.000000 → cannot exceed 0.
[ 81.231s] PRUNE: margin=-3.062500, optimistic_rem(widened)=0.000000 → cannot exceed 0.
[ 81.429s] PRUNE: margin=-3.062500, optimistic_rem(widened)=0.000000 → cannot exceed 0.
[ 81.627s] PRUNE: margin=-3.062500, optimistic_rem(widened)=0.000000 → cannot exceed 0.
[ 81.825s] PRUNE: margin=-3.062500, optimistic_rem(widened)=0.000000 → cannot exceed 0.
[ 82.024s] PRUNE: margin=-3.062500, optimistic_rem(widened)=0.000000 → cannot exceed 0.
[ 82.221s] PRUNE: margin=-3.062500, optimistic_rem(widened)=0.000000 → cannot exceed 0.
[ 82.419s] PRUNE: margin=-3.156250, optimistic_rem(widened)=0.000000 → cannot exceed 0.
[ 82.814s] PRUNE: margin=-3.062500, optimistic_rem(widened)=0.000000 → cannot exceed 0.
[ 83.011s] PRUNE: margin=-3.062500, optimistic_rem(widened)=0.000000 → cannot exceed 0.
[ 83.209s] PRUNE: margin=-3.093750, optimistic_rem(widened)=0.000000 → cannot exceed 0.
[ 83.406s] PRUNE: margin=-3.062500, optimistic_rem(widened)=0.000000 → cannot exceed 0.
[ 83.604s] PRUNE: margin=-3.062500, optimistic_rem(widened)=0.000000 → cannot exceed 0.
[ 83.801s] PRUNE: margin=-3.062500, optimistic_rem(widened)=0.000000 → cannot exceed 0.
[ 83.999s] PRUNE: margin=-3.062500, optimistic_rem(widened)=0.000000 → cannot exceed 0.
[ 84.196s] PRUNE: margin=-3.062500, optimistic_rem(widened)=0.000000 → cannot exceed 0.
[ 84.394s] PRUNE: margin=-3.156250, optimistic_rem(widened)=0.000000 → cannot exceed 0.
[ 84.789s] PRUNE: margin=-3.062500, optimistic_rem(widened)=0.000000 → cannot exceed 0.
[ 84.986s] PRUNE: margin=-3.093750, optimistic_rem(widened)=0.000000 → cannot exceed 0.
[ 85.184s] PRUNE: margin=-3.062500, optimistic_rem(widened)=0.000000 → cannot exceed 0.
[ 85.381s] PRUNE: margin=-3.062500, optimistic_rem(widened)=0.000000 → cannot exceed 0.
[ 85.579s] PRUNE: margin=-3.062500, optimistic_rem(widened)=0.000000 → cannot exceed 0.
[ 85.776s] PRUNE: margin=-3.062500, optimistic_rem(widened)=0.000000 → cannot exceed 0.
[ 85.973s] PRUNE: margin=-3.062500, optimistic_rem(widened)=0.000000 → cannot exceed 0.
[ 86.171s] PRUNE: margin=-3.156250, optimistic_rem(widened)=0.000000 → cannot exceed 0.
[ 86.566s] PRUNE: margin=-3.406250, optimistic_rem(widened)=0.000000 → cannot exceed 0.
[ 86.763s] PRUNE: margin=-3.093750, optimistic_rem(widened)=0.000000 → cannot exceed 0.
[ 86.961s] PRUNE: margin=-3.062500, optimistic_rem(widened)=0.000000 → cannot exceed 0.
[ 87.158s] PRUNE: margin=-3.062500, optimistic_rem(widened)=0.000000 → cannot exceed 0.
[ 87.356s] PRUNE: margin=-3.062500, optimistic_rem(widened)=0.000000 → cannot exceed 0.
[ 87.554s] PRUNE: margin=-3.062500, optimistic_rem(widened)=0.000000 → cannot exceed 0.
[ 87.751s] PRUNE: margin=-3.093750, optimistic_rem(widened)=0.000000 → cannot exceed 0.
[ 88.146s] PRUNE: margin=-3.406250, optimistic_rem(widened)=0.000000 → cannot exceed 0.
[ 88.344s] PRUNE: margin=-3.062500, optimistic_rem(widened)=0.000000 → cannot exceed 0.
[ 88.542s] PRUNE: margin=-3.062500, optimistic_rem(widened)=0.000000 → cannot exceed 0.
[ 88.739s] PRUNE: margin=-3.093750, optimistic_rem(widened)=0.000000 → cannot exceed 0.
[ 88.937s] PRUNE: margin=-3.093750, optimistic_rem(widened)=0.000000 → cannot exceed 0.
[ 89.134s] PRUNE: margin=-3.093750, optimistic_rem(widened)=0.000000 → cannot exceed 0.
[ 89.529s] PRUNE: margin=-3.062500, optimistic_rem(widened)=0.000000 → cannot exceed 0.
[ 89.727s] PRUNE: margin=-3.062500, optimistic_rem(widened)=0.000000 → cannot exceed 0.
[ 89.924s] PRUNE: margin=-3.062500, optimistic_rem(widened)=0.000000 → cannot exceed 0.
[ 90.122s] PRUNE: margin=-3.062500, optimistic_rem(widened)=0.000000 → cannot exceed 0.
[ 90.320s] PRUNE: margin=-3.156250, optimistic_rem(widened)=0.000000 → cannot exceed 0.
[ 90.715s] PRUNE: margin=-3.062500, optimistic_rem(widened)=0.000000 → cannot exceed 0.
[ 90.912s] PRUNE: margin=-3.062500, optimistic_rem(widened)=0.000000 → cannot exceed 0.
[ 91.110s] PRUNE: margin=-3.062500, optimistic_rem(widened)=0.000000 → cannot exceed 0.
[ 91.308s] PRUNE: margin=-3.156250, optimistic_rem(widened)=0.000000 → cannot exceed 0.
[ 91.703s] PRUNE: margin=-3.062500, optimistic_rem(widened)=0.000000 → cannot exceed 0.
[ 91.900s] PRUNE: margin=-3.062500, optimistic_rem(widened)=0.000000 → cannot exceed 0.
[ 92.098s] PRUNE: margin=-3.156250, optimistic_rem(widened)=0.000000 → cannot exceed 0.
[ 92.493s] PRUNE: margin=-3.093750, optimistic_rem(widened)=0.000000 → cannot exceed 0.
[ 92.691s] PRUNE: margin=-3.156250, optimistic_rem(widened)=0.000000 → cannot exceed 0.
[ 93.086s] PRUNE: margin=-3.156250, optimistic_rem(widened)=0.000000 → cannot exceed 0.
[ 93.875s] PRUNE: margin=-3.093750, optimistic_rem(widened)=0.000000 → cannot exceed 0.
[ 94.073s] PRUNE: margin=-3.093750, optimistic_rem(widened)=0.000000 → cannot exceed 0.
[ 94.271s] PRUNE: margin=-3.093750, optimistic_rem(widened)=0.000000 → cannot exceed 0.
[ 94.468s] PRUNE: margin=-3.093750, optimistic_rem(widened)=0.000000 → cannot exceed 0.
[ 94.666s] PRUNE: margin=-3.093750, optimistic_rem(widened)=0.000000 → cannot exceed 0.
[ 94.863s] PRUNE: margin=-3.093750, optimistic_rem(widened)=0.000000 → cannot exceed 0.
[ 95.061s] PRUNE: margin=-3.093750, optimistic_rem(widened)=0.000000 → cannot exceed 0.
[ 95.258s] PRUNE: margin=-3.093750, optimistic_rem(widened)=0.000000 → cannot exceed 0.
[ 95.456s] PRUNE: margin=-3.093750, optimistic_rem(widened)=0.000000 → cannot exceed 0.
[ 95.654s] PRUNE: margin=-3.093750, optimistic_rem(widened)=0.000000 → cannot exceed 0.
[ 96.049s] PRUNE: margin=-3.093750, optimistic_rem(widened)=0.000000 → cannot exceed 0.
[ 96.246s] PRUNE: margin=-3.093750, optimistic_rem(widened)=0.000000 → cannot exceed 0.
[ 96.444s] PRUNE: margin=-3.093750, optimistic_rem(widened)=0.000000 → cannot exceed 0.
[ 96.641s] PRUNE: margin=-3.093750, optimistic_rem(widened)=0.000000 → cannot exceed 0.
[ 96.839s] PRUNE: margin=-3.093750, optimistic_rem(widened)=0.000000 → cannot exceed 0.
[ 97.037s] PRUNE: margin=-3.093750, optimistic_rem(widened)=0.000000 → cannot exceed 0.
[ 97.234s] PRUNE: margin=-3.093750, optimistic_rem(widened)=0.000000 → cannot exceed 0.
[ 97.432s] PRUNE: margin=-3.093750, optimistic_rem(widened)=0.000000 → cannot exceed 0.
[ 97.629s] PRUNE: margin=-3.093750, optimistic_rem(widened)=0.000000 → cannot exceed 0.
[ 98.024s] PRUNE: margin=-3.093750, optimistic_rem(widened)=0.000000 → cannot exceed 0.
[ 98.222s] PRUNE: margin=-3.093750, optimistic_rem(widened)=0.000000 → cannot exceed 0.
[ 98.419s] PRUNE: margin=-3.156250, optimistic_rem(widened)=0.000000 → cannot exceed 0.
[ 98.617s] PRUNE: margin=-3.093750, optimistic_rem(widened)=0.000000 → cannot exceed 0.
[ 98.814s] PRUNE: margin=-3.093750, optimistic_rem(widened)=0.000000 → cannot exceed 0.
[ 99.012s] PRUNE: margin=-3.093750, optimistic_rem(widened)=0.000000 → cannot exceed 0.
[ 99.209s] PRUNE: margin=-3.093750, optimistic_rem(widened)=0.000000 → cannot exceed 0.
[ 99.407s] PRUNE: margin=-3.093750, optimistic_rem(widened)=0.000000 → cannot exceed 0.
[ 99.802s] PRUNE: margin=-3.406250, optimistic_rem(widened)=0.000000 → cannot exceed 0.
[ 99.999s] PRUNE: margin=-3.093750, optimistic_rem(widened)=0.000000 → cannot exceed 0.
[100.197s] PRUNE: margin=-3.093750, optimistic_rem(widened)=0.000000 → cannot exceed 0.
[100.395s] PRUNE: margin=-3.093750, optimistic_rem(widened)=0.000000 → cannot exceed 0.
[100.592s] PRUNE: margin=-3.093750, optimistic_rem(widened)=0.000000 → cannot exceed 0.
[100.790s] PRUNE: margin=-3.093750, optimistic_rem(widened)=0.000000 → cannot exceed 0.
[100.987s] PRUNE: margin=-3.093750, optimistic_rem(widened)=0.000000 → cannot exceed 0.
[101.382s] PRUNE: margin=-3.406250, optimistic_rem(widened)=0.000000 → cannot exceed 0.
[101.580s] PRUNE: margin=-3.093750, optimistic_rem(widened)=0.000000 → cannot exceed 0.
[101.777s] PRUNE: margin=-3.093750, optimistic_rem(widened)=0.000000 → cannot exceed 0.
[101.975s] PRUNE: margin=-3.093750, optimistic_rem(widened)=0.000000 → cannot exceed 0.
[102.172s] PRUNE: margin=-3.093750, optimistic_rem(widened)=0.000000 → cannot exceed 0.
[102.370s] PRUNE: margin=-3.156250, optimistic_rem(widened)=0.000000 → cannot exceed 0.
[102.765s] PRUNE: margin=-3.406250, optimistic_rem(widened)=0.000000 → cannot exceed 0.
[102.962s] PRUNE: margin=-3.093750, optimistic_rem(widened)=0.000000 → cannot exceed 0.
[103.160s] PRUNE: margin=-3.093750, optimistic_rem(widened)=0.000000 → cannot exceed 0.
[103.357s] PRUNE: margin=-3.156250, optimistic_rem(widened)=0.000000 → cannot exceed 0.
[103.555s] PRUNE: margin=-3.156250, optimistic_rem(widened)=0.000000 → cannot exceed 0.
[103.950s] PRUNE: margin=-3.093750, optimistic_rem(widened)=0.000000 → cannot exceed 0.
[104.147s] PRUNE: margin=-3.093750, optimistic_rem(widened)=0.000000 → cannot exceed 0.
[104.345s] PRUNE: margin=-3.093750, optimistic_rem(widened)=0.000000 → cannot exceed 0.
[104.543s] PRUNE: margin=-3.093750, optimistic_rem(widened)=0.000000 → cannot exceed 0.
[104.937s] PRUNE: margin=-3.093750, optimistic_rem(widened)=0.000000 → cannot exceed 0.
[105.135s] PRUNE: margin=-3.093750, optimistic_rem(widened)=0.000000 → cannot exceed 0.
[105.332s] PRUNE: margin=-3.093750, optimistic_rem(widened)=0.000000 → cannot exceed 0.
[105.727s] PRUNE: margin=-3.093750, optimistic_rem(widened)=0.000000 → cannot exceed 0.
[105.925s] PRUNE: margin=-3.093750, optimistic_rem(widened)=0.000000 → cannot exceed 0.
[106.320s] PRUNE: margin=-3.156250, optimistic_rem(widened)=0.000000 → cannot exceed 0.
[110.464s] PRUNE: margin=-3.000000, optimistic_rem(widened)=0.000000 → cannot exceed 0.
[110.662s] PRUNE: margin=-3.000000, optimistic_rem(widened)=0.000000 → cannot exceed 0.
[110.859s] PRUNE: margin=-3.000000, optimistic_rem(widened)=0.000000 → cannot exceed 0.
[111.056s] PRUNE: margin=-3.000000, optimistic_rem(widened)=0.000000 → cannot exceed 0.
[111.254s] PRUNE: margin=-3.000000, optimistic_rem(widened)=0.000000 → cannot exceed 0.
[114.017s] PRUNE: margin=-3.000000, optimistic_rem(widened)=0.000000 → cannot exceed 0.
[114.214s] PRUNE: margin=-3.000000, optimistic_rem(widened)=0.000000 → cannot exceed 0.
[114.412s] PRUNE: margin=-3.000000, optimistic_rem(widened)=0.000000 → cannot exceed 0.
[114.610s] PRUNE: margin=-3.000000, optimistic_rem(widened)=0.000000 → cannot exceed 0.
[114.807s] PRUNE: margin=-3.000000, optimistic_rem(widened)=0.000000 → cannot exceed 0.
[116.682s] PRUNE: margin=-3.000000, optimistic_rem(widened)=0.000000 → cannot exceed 0.
[116.880s] PRUNE: margin=-3.000000, optimistic_rem(widened)=0.000000 → cannot exceed 0.
[117.077s] PRUNE: margin=-3.000000, optimistic_rem(widened)=0.000000 → cannot exceed 0.
[117.267s] PRUNE: margin=-3.000000, optimistic_rem(widened)=0.000000 → cannot exceed 0.
[117.394s] PRUNE: margin=-3.000000, optimistic_rem(widened)=0.000000 → cannot exceed 0.
[118.138s] PRUNE: margin=-3.000000, optimistic_rem(widened)=0.000000 → cannot exceed 0.
[118.259s] PRUNE: margin=-3.000000, optimistic_rem(widened)=0.000000 → cannot exceed 0.
[118.388s] PRUNE: margin=-3.000000, optimistic_rem(widened)=0.000000 → cannot exceed 0.
[118.511s] PRUNE: margin=-3.000000, optimistic_rem(widened)=0.000000 → cannot exceed 0.
[118.634s] PRUNE: margin=-3.000000, optimistic_rem(widened)=0.000000 → cannot exceed 0.
[118.870s] PRUNE: margin=-3.062500, optimistic_rem(widened)=0.000000 → cannot exceed 0.
[118.996s] PRUNE: margin=-3.000000, optimistic_rem(widened)=0.000000 → cannot exceed 0.
[119.116s] PRUNE: margin=-3.000000, optimistic_rem(widened)=0.000000 → cannot exceed 0.
[119.233s] PRUNE: margin=-3.000000, optimistic_rem(widened)=0.000000 → cannot exceed 0.
[119.372s] PRUNE: margin=-3.000000, optimistic_rem(widened)=0.000000 → cannot exceed 0.
[119.629s] PRUNE: margin=-3.000000, optimistic_rem(widened)=0.000000 → cannot exceed 0.
[119.757s] PRUNE: margin=-3.000000, optimistic_rem(widened)=0.000000 → cannot exceed 0.
[119.896s] PRUNE: margin=-3.000000, optimistic_rem(widened)=0.000000 → cannot exceed 0.
[120.030s] PRUNE: margin=-3.000000, optimistic_rem(widened)=0.000000 → cannot exceed 0.
[120.297s] PRUNE: margin=-3.000000, optimistic_rem(widened)=0.000000 → cannot exceed 0.
[120.494s] PRUNE: margin=-3.000000, optimistic_rem(widened)=0.000000 → cannot exceed 0.
[120.692s] PRUNE: margin=-3.000000, optimistic_rem(widened)=0.000000 → cannot exceed 0.
[121.086s] PRUNE: margin=-3.000000, optimistic_rem(widened)=0.000000 → cannot exceed 0.
[121.284s] PRUNE: margin=-3.000000, optimistic_rem(widened)=0.000000 → cannot exceed 0.
[121.679s] PRUNE: margin=-3.000000, optimistic_rem(widened)=0.000000 → cannot exceed 0.
[124.835s] PRUNE: margin=-3.000000, optimistic_rem(widened)=0.000000 → cannot exceed 0.
[125.033s] PRUNE: margin=-3.000000, optimistic_rem(widened)=0.000000 → cannot exceed 0.
[125.230s] PRUNE: margin=-3.000000, optimistic_rem(widened)=0.000000 → cannot exceed 0.
[125.427s] PRUNE: margin=-3.000000, optimistic_rem(widened)=0.000000 → cannot exceed 0.
[125.625s] PRUNE: margin=-3.000000, optimistic_rem(widened)=0.000000 → cannot exceed 0.
[127.499s] PRUNE: margin=-3.000000, optimistic_rem(widened)=0.000000 → cannot exceed 0.
[127.697s] PRUNE: margin=-3.000000, optimistic_rem(widened)=0.000000 → cannot exceed 0.
[127.894s] PRUNE: margin=-3.000000, optimistic_rem(widened)=0.000000 → cannot exceed 0.
[128.091s] PRUNE: margin=-3.000000, optimistic_rem(widened)=0.000000 → cannot exceed 0.
[128.289s] PRUNE: margin=-3.000000, optimistic_rem(widened)=0.000000 → cannot exceed 0.
[129.374s] PRUNE: margin=-3.000000, optimistic_rem(widened)=0.000000 → cannot exceed 0.
[129.572s] PRUNE: margin=-3.000000, optimistic_rem(widened)=0.000000 → cannot exceed 0.
[129.773s] PRUNE: margin=-3.000000, optimistic_rem(widened)=0.000000 → cannot exceed 0.
[129.974s] PRUNE: margin=-3.000000, optimistic_rem(widened)=0.000000 → cannot exceed 0.
[130.172s] PRUNE: margin=-3.000000, optimistic_rem(widened)=0.000000 → cannot exceed 0.
[130.570s] PRUNE: margin=-3.062500, optimistic_rem(widened)=0.000000 → cannot exceed 0.
[130.768s] PRUNE: margin=-3.000000, optimistic_rem(widened)=0.000000 → cannot exceed 0.
[130.967s] PRUNE: margin=-3.000000, optimistic_rem(widened)=0.000000 → cannot exceed 0.
[131.164s] PRUNE: margin=-3.000000, optimistic_rem(widened)=0.000000 → cannot exceed 0.
[131.362s] PRUNE: margin=-3.000000, optimistic_rem(widened)=0.000000 → cannot exceed 0.
[131.780s] PRUNE: margin=-3.000000, optimistic_rem(widened)=0.000000 → cannot exceed 0.
[131.996s] PRUNE: margin=-3.000000, optimistic_rem(widened)=0.000000 → cannot exceed 0.
[132.249s] PRUNE: margin=-3.000000, optimistic_rem(widened)=0.000000 → cannot exceed 0.
[132.410s] PRUNE: margin=-3.000000, optimistic_rem(widened)=0.000000 → cannot exceed 0.
[132.739s] PRUNE: margin=-3.000000, optimistic_rem(widened)=0.000000 → cannot exceed 0.
[132.926s] PRUNE: margin=-3.000000, optimistic_rem(widened)=0.000000 → cannot exceed 0.
[133.087s] PRUNE: margin=-3.000000, optimistic_rem(widened)=0.000000 → cannot exceed 0.
[133.413s] PRUNE: margin=-3.000000, optimistic_rem(widened)=0.000000 → cannot exceed 0.
[133.574s] PRUNE: margin=-3.000000, optimistic_rem(widened)=0.000000 → cannot exceed 0.
[133.844s] PRUNE: margin=-3.000000, optimistic_rem(widened)=0.000000 → cannot exceed 0.
[136.079s] PRUNE: margin=-3.000000, optimistic_rem(widened)=0.000000 → cannot exceed 0.
[136.276s] PRUNE: margin=-3.000000, optimistic_rem(widened)=0.000000 → cannot exceed 0.
[136.473s] PRUNE: margin=-3.000000, optimistic_rem(widened)=0.000000 → cannot exceed 0.
[136.670s] PRUNE: margin=-3.000000, optimistic_rem(widened)=0.000000 → cannot exceed 0.
[136.867s] PRUNE: margin=-3.000000, optimistic_rem(widened)=0.000000 → cannot exceed 0.
[137.949s] PRUNE: margin=-3.000000, optimistic_rem(widened)=0.000000 → cannot exceed 0.
[138.146s] PRUNE: margin=-3.000000, optimistic_rem(widened)=0.000000 → cannot exceed 0.
[138.342s] PRUNE: margin=-3.000000, optimistic_rem(widened)=0.000000 → cannot exceed 0.
[138.539s] PRUNE: margin=-3.000000, optimistic_rem(widened)=0.000000 → cannot exceed 0.
[138.736s] PRUNE: margin=-3.000000, optimistic_rem(widened)=0.000000 → cannot exceed 0.
[139.130s] PRUNE: margin=-3.062500, optimistic_rem(widened)=0.000000 → cannot exceed 0.
[139.326s] PRUNE: margin=-3.000000, optimistic_rem(widened)=0.000000 → cannot exceed 0.
[139.524s] PRUNE: margin=-3.000000, optimistic_rem(widened)=0.000000 → cannot exceed 0.
[139.720s] PRUNE: margin=-3.000000, optimistic_rem(widened)=0.000000 → cannot exceed 0.
[139.917s] PRUNE: margin=-3.000000, optimistic_rem(widened)=0.000000 → cannot exceed 0.
[140.311s] PRUNE: margin=-3.000000, optimistic_rem(widened)=0.000000 → cannot exceed 0.
[140.508s] PRUNE: margin=-3.000000, optimistic_rem(widened)=0.000000 → cannot exceed 0.
[140.705s] PRUNE: margin=-3.000000, optimistic_rem(widened)=0.000000 → cannot exceed 0.
[140.901s] PRUNE: margin=-3.000000, optimistic_rem(widened)=0.000000 → cannot exceed 0.
[141.295s] PRUNE: margin=-3.000000, optimistic_rem(widened)=0.000000 → cannot exceed 0.
[141.492s] PRUNE: margin=-3.000000, optimistic_rem(widened)=0.000000 → cannot exceed 0.
[141.689s] PRUNE: margin=-3.000000, optimistic_rem(widened)=0.000000 → cannot exceed 0.
[142.082s] PRUNE: margin=-3.000000, optimistic_rem(widened)=0.000000 → cannot exceed 0.
[142.279s] PRUNE: margin=-3.000000, optimistic_rem(widened)=0.000000 → cannot exceed 0.
[142.673s] PRUNE: margin=-3.000000, optimistic_rem(widened)=0.000000 → cannot exceed 0.
[144.149s] PRUNE: margin=-3.000000, optimistic_rem(widened)=0.000000 → cannot exceed 0.
[144.346s] PRUNE: margin=-3.000000, optimistic_rem(widened)=0.000000 → cannot exceed 0.
[144.542s] PRUNE: margin=-3.000000, optimistic_rem(widened)=0.000000 → cannot exceed 0.
[144.739s] PRUNE: margin=-3.000000, optimistic_rem(widened)=0.000000 → cannot exceed 0.
[144.936s] PRUNE: margin=-3.000000, optimistic_rem(widened)=0.000000 → cannot exceed 0.
[145.329s] PRUNE: margin=-3.062500, optimistic_rem(widened)=0.000000 → cannot exceed 0.
[145.526s] PRUNE: margin=-3.000000, optimistic_rem(widened)=0.000000 → cannot exceed 0.
[145.723s] PRUNE: margin=-3.000000, optimistic_rem(widened)=0.000000 → cannot exceed 0.
[145.920s] PRUNE: margin=-3.000000, optimistic_rem(widened)=0.000000 → cannot exceed 0.
[146.117s] PRUNE: margin=-3.000000, optimistic_rem(widened)=0.000000 → cannot exceed 0.
[146.510s] PRUNE: margin=-3.000000, optimistic_rem(widened)=0.000000 → cannot exceed 0.
[146.707s] PRUNE: margin=-3.000000, optimistic_rem(widened)=0.000000 → cannot exceed 0.
[146.904s] PRUNE: margin=-3.000000, optimistic_rem(widened)=0.000000 → cannot exceed 0.
[147.100s] PRUNE: margin=-3.000000, optimistic_rem(widened)=0.000000 → cannot exceed 0.
[147.494s] PRUNE: margin=-3.000000, optimistic_rem(widened)=0.000000 → cannot exceed 0.
[147.691s] PRUNE: margin=-3.000000, optimistic_rem(widened)=0.000000 → cannot exceed 0.
[147.888s] PRUNE: margin=-3.000000, optimistic_rem(widened)=0.000000 → cannot exceed 0.
[148.281s] PRUNE: margin=-3.000000, optimistic_rem(widened)=0.000000 → cannot exceed 0.
[148.478s] PRUNE: margin=-3.000000, optimistic_rem(widened)=0.000000 → cannot exceed 0.
[148.872s] PRUNE: margin=-3.000000, optimistic_rem(widened)=0.000000 → cannot exceed 0.
[149.658s] PRUNE: margin=-3.062500, optimistic_rem(widened)=0.000000 → cannot exceed 0.
[149.855s] PRUNE: margin=-3.062500, optimistic_rem(widened)=0.000000 → cannot exceed 0.
[150.052s] PRUNE: margin=-3.000000, optimistic_rem(widened)=0.000000 → cannot exceed 0.
[150.248s] PRUNE: margin=-3.000000, optimistic_rem(widened)=0.000000 → cannot exceed 0.
[150.445s] PRUNE: margin=-3.000000, optimistic_rem(widened)=0.000000 → cannot exceed 0.
[150.838s] PRUNE: margin=-3.000000, optimistic_rem(widened)=0.000000 → cannot exceed 0.
[151.035s] PRUNE: margin=-3.000000, optimistic_rem(widened)=0.000000 → cannot exceed 0.
[151.232s] PRUNE: margin=-3.000000, optimistic_rem(widened)=0.000000 → cannot exceed 0.
[151.429s] PRUNE: margin=-3.000000, optimistic_rem(widened)=0.000000 → cannot exceed 0.
[151.823s] PRUNE: margin=-3.000000, optimistic_rem(widened)=0.000000 → cannot exceed 0.
[152.019s] PRUNE: margin=-3.000000, optimistic_rem(widened)=0.000000 → cannot exceed 0.
[152.216s] PRUNE: margin=-3.000000, optimistic_rem(widened)=0.000000 → cannot exceed 0.
[152.610s] PRUNE: margin=-3.000000, optimistic_rem(widened)=0.000000 → cannot exceed 0.
[152.806s] PRUNE: margin=-3.000000, optimistic_rem(widened)=0.000000 → cannot exceed 0.
[153.200s] PRUNE: margin=-3.062500, optimistic_rem(widened)=0.000000 → cannot exceed 0.
[153.987s] PRUNE: margin=-3.062500, optimistic_rem(widened)=0.000000 → cannot exceed 0.
[154.183s] PRUNE: margin=-3.062500, optimistic_rem(widened)=0.000000 → cannot exceed 0.
[154.381s] PRUNE: margin=-3.062500, optimistic_rem(widened)=0.000000 → cannot exceed 0.
[154.577s] PRUNE: margin=-3.062500, optimistic_rem(widened)=0.000000 → cannot exceed 0.
[154.971s] PRUNE: margin=-3.000000, optimistic_rem(widened)=0.000000 → cannot exceed 0.
[155.168s] PRUNE: margin=-3.000000, optimistic_rem(widened)=0.000000 → cannot exceed 0.
[155.365s] PRUNE: margin=-3.000000, optimistic_rem(widened)=0.000000 → cannot exceed 0.
[155.759s] PRUNE: margin=-3.000000, optimistic_rem(widened)=0.000000 → cannot exceed 0.
[155.956s] PRUNE: margin=-3.000000, optimistic_rem(widened)=0.000000 → cannot exceed 0.
[156.350s] PRUNE: margin=-3.000000, optimistic_rem(widened)=0.000000 → cannot exceed 0.
[157.137s] PRUNE: margin=-3.000000, optimistic_rem(widened)=0.000000 → cannot exceed 0.
[157.334s] PRUNE: margin=-3.000000, optimistic_rem(widened)=0.000000 → cannot exceed 0.
[157.531s] PRUNE: margin=-3.000000, optimistic_rem(widened)=0.000000 → cannot exceed 0.
[157.924s] PRUNE: margin=-3.000000, optimistic_rem(widened)=0.000000 → cannot exceed 0.
[158.121s] PRUNE: margin=-3.000000, optimistic_rem(widened)=0.000000 → cannot exceed 0.
[158.515s] PRUNE: margin=-3.000000, optimistic_rem(widened)=0.000000 → cannot exceed 0.
[159.304s] PRUNE: margin=-3.000000, optimistic_rem(widened)=0.000000 → cannot exceed 0.
[159.500s] PRUNE: margin=-3.000000, optimistic_rem(widened)=0.000000 → cannot exceed 0.
[159.894s] PRUNE: margin=-3.000000, optimistic_rem(widened)=0.000000 → cannot exceed 0.
[160.681s] PRUNE: margin=-3.000000, optimistic_rem(widened)=0.000000 → cannot exceed 0.
[162.256s] PRUNE: margin=-3.656250, optimistic_rem(widened)=0.000000 → cannot exceed 0.
[162.453s] PRUNE: margin=-2.750000, optimistic_rem(widened)=0.000000 → cannot exceed 0.
[162.650s] PRUNE: margin=-2.750000, optimistic_rem(widened)=0.000000 → cannot exceed 0.
[162.847s] PRUNE: margin=-2.750000, optimistic_rem(widened)=0.000000 → cannot exceed 0.
[163.044s] PRUNE: margin=-2.750000, optimistic_rem(widened)=0.000000 → cannot exceed 0.
[163.241s] PRUNE: margin=-2.750000, optimistic_rem(widened)=0.000000 → cannot exceed 0.
[163.437s] PRUNE: margin=-2.750000, optimistic_rem(widened)=0.000000 → cannot exceed 0.
[163.634s] PRUNE: margin=-2.750000, optimistic_rem(widened)=0.000000 → cannot exceed 0.
[163.831s] PRUNE: margin=-2.750000, optimistic_rem(widened)=0.000000 → cannot exceed 0.
[164.028s] PRUNE: margin=-2.750000, optimistic_rem(widened)=0.000000 → cannot exceed 0.
[164.224s] PRUNE: margin=-2.750000, optimistic_rem(widened)=0.000000 → cannot exceed 0.
[164.618s] PRUNE: margin=-3.656250, optimistic_rem(widened)=0.000000 → cannot exceed 0.
[164.815s] PRUNE: margin=-2.750000, optimistic_rem(widened)=0.000000 → cannot exceed 0.
[165.012s] PRUNE: margin=-2.750000, optimistic_rem(widened)=0.000000 → cannot exceed 0.
[165.209s] PRUNE: margin=-2.750000, optimistic_rem(widened)=0.000000 → cannot exceed 0.
[165.406s] PRUNE: margin=-2.750000, optimistic_rem(widened)=0.000000 → cannot exceed 0.
[165.602s] PRUNE: margin=-2.750000, optimistic_rem(widened)=0.000000 → cannot exceed 0.
[165.799s] PRUNE: margin=-2.750000, optimistic_rem(widened)=0.000000 → cannot exceed 0.
[165.996s] PRUNE: margin=-2.750000, optimistic_rem(widened)=0.000000 → cannot exceed 0.
[166.193s] PRUNE: margin=-2.750000, optimistic_rem(widened)=0.000000 → cannot exceed 0.
[166.389s] PRUNE: margin=-2.750000, optimistic_rem(widened)=0.000000 → cannot exceed 0.
[166.783s] PRUNE: margin=-3.500000, optimistic_rem(widened)=0.000000 → cannot exceed 0.
[166.981s] PRUNE: margin=-3.062500, optimistic_rem(widened)=0.000000 → cannot exceed 0.
[167.177s] PRUNE: margin=-2.750000, optimistic_rem(widened)=0.000000 → cannot exceed 0.
[167.374s] PRUNE: margin=-2.750000, optimistic_rem(widened)=0.000000 → cannot exceed 0.
[167.571s] PRUNE: margin=-2.750000, optimistic_rem(widened)=0.000000 → cannot exceed 0.
[167.768s] PRUNE: margin=-2.750000, optimistic_rem(widened)=0.000000 → cannot exceed 0.
[167.964s] PRUNE: margin=-2.750000, optimistic_rem(widened)=0.000000 → cannot exceed 0.
[168.161s] PRUNE: margin=-2.750000, optimistic_rem(widened)=0.000000 → cannot exceed 0.
[168.358s] PRUNE: margin=-2.750000, optimistic_rem(widened)=0.000000 → cannot exceed 0.
[168.751s] PRUNE: margin=-3.500000, optimistic_rem(widened)=0.000000 → cannot exceed 0.
[168.948s] PRUNE: margin=-3.093750, optimistic_rem(widened)=0.000000 → cannot exceed 0.
[169.145s] PRUNE: margin=-2.750000, optimistic_rem(widened)=0.000000 → cannot exceed 0.
[169.342s] PRUNE: margin=-2.750000, optimistic_rem(widened)=0.000000 → cannot exceed 0.
[169.539s] PRUNE: margin=-2.750000, optimistic_rem(widened)=0.000000 → cannot exceed 0.
[169.736s] PRUNE: margin=-2.750000, optimistic_rem(widened)=0.000000 → cannot exceed 0.
[169.932s] PRUNE: margin=-2.750000, optimistic_rem(widened)=0.000000 → cannot exceed 0.
[170.129s] PRUNE: margin=-2.750000, optimistic_rem(widened)=0.000000 → cannot exceed 0.
[170.523s] PRUNE: margin=-3.500000, optimistic_rem(widened)=0.000000 → cannot exceed 0.
[170.720s] PRUNE: margin=-3.093750, optimistic_rem(widened)=0.000000 → cannot exceed 0.
[170.917s] PRUNE: margin=-2.750000, optimistic_rem(widened)=0.000000 → cannot exceed 0.
[171.114s] PRUNE: margin=-2.750000, optimistic_rem(widened)=0.000000 → cannot exceed 0.
[171.310s] PRUNE: margin=-2.750000, optimistic_rem(widened)=0.000000 → cannot exceed 0.
[171.507s] PRUNE: margin=-2.750000, optimistic_rem(widened)=0.000000 → cannot exceed 0.
[171.704s] PRUNE: margin=-2.750000, optimistic_rem(widened)=0.000000 → cannot exceed 0.
[172.098s] PRUNE: margin=-3.656250, optimistic_rem(widened)=0.000000 → cannot exceed 0.
[172.295s] PRUNE: margin=-2.750000, optimistic_rem(widened)=0.000000 → cannot exceed 0.
[172.492s] PRUNE: margin=-2.750000, optimistic_rem(widened)=0.000000 → cannot exceed 0.
[172.688s] PRUNE: margin=-2.750000, optimistic_rem(widened)=0.000000 → cannot exceed 0.
[172.885s] PRUNE: margin=-2.750000, optimistic_rem(widened)=0.000000 → cannot exceed 0.
[173.082s] PRUNE: margin=-2.750000, optimistic_rem(widened)=0.000000 → cannot exceed 0.
[173.476s] PRUNE: margin=-3.656250, optimistic_rem(widened)=0.000000 → cannot exceed 0.
[173.672s] PRUNE: margin=-2.750000, optimistic_rem(widened)=0.000000 → cannot exceed 0.
[173.869s] PRUNE: margin=-2.750000, optimistic_rem(widened)=0.000000 → cannot exceed 0.
[174.066s] PRUNE: margin=-2.750000, optimistic_rem(widened)=0.000000 → cannot exceed 0.
[174.263s] PRUNE: margin=-2.750000, optimistic_rem(widened)=0.000000 → cannot exceed 0.
[174.657s] PRUNE: margin=-3.656250, optimistic_rem(widened)=0.000000 → cannot exceed 0.
[174.854s] PRUNE: margin=-2.750000, optimistic_rem(widened)=0.000000 → cannot exceed 0.
[175.051s] PRUNE: margin=-2.750000, optimistic_rem(widened)=0.000000 → cannot exceed 0.
[175.248s] PRUNE: margin=-2.750000, optimistic_rem(widened)=0.000000 → cannot exceed 0.
[175.641s] PRUNE: margin=-3.750000, optimistic_rem(widened)=0.000000 → cannot exceed 0.
[175.838s] PRUNE: margin=-2.750000, optimistic_rem(widened)=0.000000 → cannot exceed 0.
[176.035s] PRUNE: margin=-2.750000, optimistic_rem(widened)=0.000000 → cannot exceed 0.
[176.432s] PRUNE: margin=-3.750000, optimistic_rem(widened)=0.000000 → cannot exceed 0.
[176.629s] PRUNE: margin=-2.750000, optimistic_rem(widened)=0.000000 → cannot exceed 0.
[177.023s] PRUNE: margin=-3.500000, optimistic_rem(widened)=0.000000 → cannot exceed 0.
[177.810s] PRUNE: margin=-3.656250, optimistic_rem(widened)=0.000000 → cannot exceed 0.
[178.007s] PRUNE: margin=-2.750000, optimistic_rem(widened)=0.000000 → cannot exceed 0.
[178.203s] PRUNE: margin=-2.750000, optimistic_rem(widened)=0.000000 → cannot exceed 0.
[178.400s] PRUNE: margin=-2.750000, optimistic_rem(widened)=0.000000 → cannot exceed 0.
[178.601s] PRUNE: margin=-2.750000, optimistic_rem(widened)=0.000000 → cannot exceed 0.
[178.798s] PRUNE: margin=-2.750000, optimistic_rem(widened)=0.000000 → cannot exceed 0.
[178.995s] PRUNE: margin=-2.750000, optimistic_rem(widened)=0.000000 → cannot exceed 0.
[179.192s] PRUNE: margin=-2.750000, optimistic_rem(widened)=0.000000 → cannot exceed 0.
[179.389s] PRUNE: margin=-2.750000, optimistic_rem(widened)=0.000000 → cannot exceed 0.
[179.586s] PRUNE: margin=-2.750000, optimistic_rem(widened)=0.000000 → cannot exceed 0.
[179.980s] PRUNE: margin=-3.500000, optimistic_rem(widened)=0.000000 → cannot exceed 0.
[180.176s] PRUNE: margin=-3.062500, optimistic_rem(widened)=0.000000 → cannot exceed 0.
[180.373s] PRUNE: margin=-2.750000, optimistic_rem(widened)=0.000000 → cannot exceed 0.
[180.570s] PRUNE: margin=-2.750000, optimistic_rem(widened)=0.000000 → cannot exceed 0.
[180.767s] PRUNE: margin=-2.750000, optimistic_rem(widened)=0.000000 → cannot exceed 0.
[180.964s] PRUNE: margin=-2.750000, optimistic_rem(widened)=0.000000 → cannot exceed 0.
[181.160s] PRUNE: margin=-2.750000, optimistic_rem(widened)=0.000000 → cannot exceed 0.
[181.357s] PRUNE: margin=-2.750000, optimistic_rem(widened)=0.000000 → cannot exceed 0.
[181.554s] PRUNE: margin=-2.750000, optimistic_rem(widened)=0.000000 → cannot exceed 0.
[181.948s] PRUNE: margin=-3.500000, optimistic_rem(widened)=0.000000 → cannot exceed 0.
[182.144s] PRUNE: margin=-3.093750, optimistic_rem(widened)=0.000000 → cannot exceed 0.
[182.341s] PRUNE: margin=-2.750000, optimistic_rem(widened)=0.000000 → cannot exceed 0.
[182.538s] PRUNE: margin=-2.750000, optimistic_rem(widened)=0.000000 → cannot exceed 0.
[182.735s] PRUNE: margin=-2.750000, optimistic_rem(widened)=0.000000 → cannot exceed 0.
[182.932s] PRUNE: margin=-2.750000, optimistic_rem(widened)=0.000000 → cannot exceed 0.
[183.129s] PRUNE: margin=-2.750000, optimistic_rem(widened)=0.000000 → cannot exceed 0.
[183.326s] PRUNE: margin=-2.750000, optimistic_rem(widened)=0.000000 → cannot exceed 0.
[183.719s] PRUNE: margin=-3.500000, optimistic_rem(widened)=0.000000 → cannot exceed 0.
[183.916s] PRUNE: margin=-3.093750, optimistic_rem(widened)=0.000000 → cannot exceed 0.
[184.113s] PRUNE: margin=-2.750000, optimistic_rem(widened)=0.000000 → cannot exceed 0.
[184.310s] PRUNE: margin=-2.750000, optimistic_rem(widened)=0.000000 → cannot exceed 0.
[184.507s] PRUNE: margin=-2.750000, optimistic_rem(widened)=0.000000 → cannot exceed 0.
[184.704s] PRUNE: margin=-2.750000, optimistic_rem(widened)=0.000000 → cannot exceed 0.
[184.901s] PRUNE: margin=-2.750000, optimistic_rem(widened)=0.000000 → cannot exceed 0.
[185.294s] PRUNE: margin=-3.656250, optimistic_rem(widened)=0.000000 → cannot exceed 0.
[185.491s] PRUNE: margin=-2.750000, optimistic_rem(widened)=0.000000 → cannot exceed 0.
[185.688s] PRUNE: margin=-2.750000, optimistic_rem(widened)=0.000000 → cannot exceed 0.
[185.884s] PRUNE: margin=-2.750000, optimistic_rem(widened)=0.000000 → cannot exceed 0.
[186.081s] PRUNE: margin=-2.750000, optimistic_rem(widened)=0.000000 → cannot exceed 0.
[186.278s] PRUNE: margin=-2.750000, optimistic_rem(widened)=0.000000 → cannot exceed 0.
[186.671s] PRUNE: margin=-3.656250, optimistic_rem(widened)=0.000000 → cannot exceed 0.
[186.868s] PRUNE: margin=-2.750000, optimistic_rem(widened)=0.000000 → cannot exceed 0.
[187.065s] PRUNE: margin=-2.750000, optimistic_rem(widened)=0.000000 → cannot exceed 0.
[187.262s] PRUNE: margin=-2.750000, optimistic_rem(widened)=0.000000 → cannot exceed 0.
[187.423s] PRUNE: margin=-2.750000, optimistic_rem(widened)=0.000000 → cannot exceed 0.
[187.698s] PRUNE: margin=-3.656250, optimistic_rem(widened)=0.000000 → cannot exceed 0.
[187.821s] PRUNE: margin=-2.750000, optimistic_rem(widened)=0.000000 → cannot exceed 0.
[188.000s] PRUNE: margin=-2.750000, optimistic_rem(widened)=0.000000 → cannot exceed 0.
[188.197s] PRUNE: margin=-2.750000, optimistic_rem(widened)=0.000000 → cannot exceed 0.
[188.614s] PRUNE: margin=-3.750000, optimistic_rem(widened)=0.000000 → cannot exceed 0.
[188.813s] PRUNE: margin=-2.750000, optimistic_rem(widened)=0.000000 → cannot exceed 0.
[189.010s] PRUNE: margin=-2.750000, optimistic_rem(widened)=0.000000 → cannot exceed 0.
[189.404s] PRUNE: margin=-3.750000, optimistic_rem(widened)=0.000000 → cannot exceed 0.
[189.601s] PRUNE: margin=-2.750000, optimistic_rem(widened)=0.000000 → cannot exceed 0.
[189.996s] PRUNE: margin=-3.500000, optimistic_rem(widened)=0.000000 → cannot exceed 0.
[190.785s] PRUNE: margin=-3.500000, optimistic_rem(widened)=0.000000 → cannot exceed 0.
[190.982s] PRUNE: margin=-3.500000, optimistic_rem(widened)=0.000000 → cannot exceed 0.
[191.180s] PRUNE: margin=-3.500000, optimistic_rem(widened)=0.000000 → cannot exceed 0.
[191.377s] PRUNE: margin=-3.500000, optimistic_rem(widened)=0.000000 → cannot exceed 0.
[191.574s] PRUNE: margin=-3.500000, optimistic_rem(widened)=0.000000 → cannot exceed 0.
[191.771s] PRUNE: margin=-3.750000, optimistic_rem(widened)=0.000000 → cannot exceed 0.
[191.968s] PRUNE: margin=-3.750000, optimistic_rem(widened)=0.000000 → cannot exceed 0.
[192.166s] PRUNE: margin=-3.656250, optimistic_rem(widened)=0.000000 → cannot exceed 0.
[192.363s] PRUNE: margin=-3.656250, optimistic_rem(widened)=0.000000 → cannot exceed 0.
[192.757s] PRUNE: margin=-3.062500, optimistic_rem(widened)=0.000000 → cannot exceed 0.
[192.955s] PRUNE: margin=-2.750000, optimistic_rem(widened)=0.000000 → cannot exceed 0.
[193.152s] PRUNE: margin=-2.750000, optimistic_rem(widened)=0.000000 → cannot exceed 0.
[193.349s] PRUNE: margin=-2.750000, optimistic_rem(widened)=0.000000 → cannot exceed 0.
[193.547s] PRUNE: margin=-2.750000, optimistic_rem(widened)=0.000000 → cannot exceed 0.
[193.744s] PRUNE: margin=-2.750000, optimistic_rem(widened)=0.000000 → cannot exceed 0.
[193.942s] PRUNE: margin=-2.750000, optimistic_rem(widened)=0.000000 → cannot exceed 0.
[194.140s] PRUNE: margin=-2.750000, optimistic_rem(widened)=0.000000 → cannot exceed 0.
[194.534s] PRUNE: margin=-3.093750, optimistic_rem(widened)=0.000000 → cannot exceed 0.
[194.731s] PRUNE: margin=-2.750000, optimistic_rem(widened)=0.000000 → cannot exceed 0.
[194.929s] PRUNE: margin=-2.750000, optimistic_rem(widened)=0.000000 → cannot exceed 0.
[195.126s] PRUNE: margin=-2.750000, optimistic_rem(widened)=0.000000 → cannot exceed 0.
[195.323s] PRUNE: margin=-2.750000, optimistic_rem(widened)=0.000000 → cannot exceed 0.
[195.520s] PRUNE: margin=-2.750000, optimistic_rem(widened)=0.000000 → cannot exceed 0.
[195.717s] PRUNE: margin=-2.750000, optimistic_rem(widened)=0.000000 → cannot exceed 0.
[196.111s] PRUNE: margin=-3.093750, optimistic_rem(widened)=0.000000 → cannot exceed 0.
[196.309s] PRUNE: margin=-3.093750, optimistic_rem(widened)=0.000000 → cannot exceed 0.
[196.506s] PRUNE: margin=-2.750000, optimistic_rem(widened)=0.000000 → cannot exceed 0.
[196.703s] PRUNE: margin=-2.750000, optimistic_rem(widened)=0.000000 → cannot exceed 0.
[196.901s] PRUNE: margin=-2.750000, optimistic_rem(widened)=0.000000 → cannot exceed 0.
[197.098s] PRUNE: margin=-2.750000, optimistic_rem(widened)=0.000000 → cannot exceed 0.
[197.493s] PRUNE: margin=-2.750000, optimistic_rem(widened)=0.000000 → cannot exceed 0.
[197.690s] PRUNE: margin=-2.750000, optimistic_rem(widened)=0.000000 → cannot exceed 0.
[197.887s] PRUNE: margin=-2.750000, optimistic_rem(widened)=0.000000 → cannot exceed 0.
[198.085s] PRUNE: margin=-2.750000, optimistic_rem(widened)=0.000000 → cannot exceed 0.
[198.282s] PRUNE: margin=-2.750000, optimistic_rem(widened)=0.000000 → cannot exceed 0.
[198.677s] PRUNE: margin=-2.750000, optimistic_rem(widened)=0.000000 → cannot exceed 0.
[198.876s] PRUNE: margin=-2.750000, optimistic_rem(widened)=0.000000 → cannot exceed 0.
[199.073s] PRUNE: margin=-2.750000, optimistic_rem(widened)=0.000000 → cannot exceed 0.
[199.271s] PRUNE: margin=-2.750000, optimistic_rem(widened)=0.000000 → cannot exceed 0.
[199.665s] PRUNE: margin=-2.750000, optimistic_rem(widened)=0.000000 → cannot exceed 0.
[199.862s] PRUNE: margin=-2.750000, optimistic_rem(widened)=0.000000 → cannot exceed 0.
[200.060s] PRUNE: margin=-2.750000, optimistic_rem(widened)=0.000000 → cannot exceed 0.
[200.454s] PRUNE: margin=-2.750000, optimistic_rem(widened)=0.000000 → cannot exceed 0.
[200.651s] PRUNE: margin=-2.750000, optimistic_rem(widened)=0.000000 → cannot exceed 0.
[201.046s] PRUNE: margin=-2.750000, optimistic_rem(widened)=0.000000 → cannot exceed 0.
[201.736s] PRUNE: margin=-3.406250, optimistic_rem(widened)=0.656250 → cannot exceed 0.
[202.032s] PRUNE: margin=-3.093750, optimistic_rem(widened)=0.000000 → cannot exceed 0.
[202.230s] PRUNE: margin=-3.062500, optimistic_rem(widened)=0.000000 → cannot exceed 0.
[202.427s] PRUNE: margin=-3.062500, optimistic_rem(widened)=0.000000 → cannot exceed 0.
[202.624s] PRUNE: margin=-3.062500, optimistic_rem(widened)=0.000000 → cannot exceed 0.
[202.821s] PRUNE: margin=-3.093750, optimistic_rem(widened)=0.000000 → cannot exceed 0.
[203.019s] PRUNE: margin=-3.093750, optimistic_rem(widened)=0.000000 → cannot exceed 0.
[203.216s] PRUNE: margin=-3.093750, optimistic_rem(widened)=0.000000 → cannot exceed 0.
[203.611s] PRUNE: margin=-2.750000, optimistic_rem(widened)=0.000000 → cannot exceed 0.
[203.808s] PRUNE: margin=-2.750000, optimistic_rem(widened)=0.000000 → cannot exceed 0.
[204.006s] PRUNE: margin=-2.750000, optimistic_rem(widened)=0.000000 → cannot exceed 0.
[204.203s] PRUNE: margin=-2.750000, optimistic_rem(widened)=0.000000 → cannot exceed 0.
[204.401s] PRUNE: margin=-2.750000, optimistic_rem(widened)=0.000000 → cannot exceed 0.
[204.598s] PRUNE: margin=-2.750000, optimistic_rem(widened)=0.000000 → cannot exceed 0.
[204.992s] PRUNE: margin=-2.750000, optimistic_rem(widened)=0.000000 → cannot exceed 0.
[205.189s] PRUNE: margin=-2.750000, optimistic_rem(widened)=0.000000 → cannot exceed 0.
[205.387s] PRUNE: margin=-2.750000, optimistic_rem(widened)=0.000000 → cannot exceed 0.
[205.584s] PRUNE: margin=-2.750000, optimistic_rem(widened)=0.000000 → cannot exceed 0.
[205.781s] PRUNE: margin=-2.750000, optimistic_rem(widened)=0.000000 → cannot exceed 0.
[206.177s] PRUNE: margin=-2.750000, optimistic_rem(widened)=0.000000 → cannot exceed 0.
[206.374s] PRUNE: margin=-2.750000, optimistic_rem(widened)=0.000000 → cannot exceed 0.
[206.571s] PRUNE: margin=-2.750000, optimistic_rem(widened)=0.000000 → cannot exceed 0.
[206.769s] PRUNE: margin=-2.750000, optimistic_rem(widened)=0.000000 → cannot exceed 0.
[207.163s] PRUNE: margin=-2.750000, optimistic_rem(widened)=0.000000 → cannot exceed 0.
[207.360s] PRUNE: margin=-2.750000, optimistic_rem(widened)=0.000000 → cannot exceed 0.
[207.557s] PRUNE: margin=-2.750000, optimistic_rem(widened)=0.000000 → cannot exceed 0.
[207.952s] PRUNE: margin=-2.750000, optimistic_rem(widened)=0.000000 → cannot exceed 0.
[208.150s] PRUNE: margin=-2.750000, optimistic_rem(widened)=0.000000 → cannot exceed 0.
[208.545s] PRUNE: margin=-2.750000, optimistic_rem(widened)=0.000000 → cannot exceed 0.
[209.235s] PRUNE: margin=-3.500000, optimistic_rem(widened)=0.750000 → cannot exceed 0.
[209.531s] PRUNE: margin=-3.093750, optimistic_rem(widened)=0.000000 → cannot exceed 0.
[209.728s] PRUNE: margin=-3.093750, optimistic_rem(widened)=0.000000 → cannot exceed 0.
[209.925s] PRUNE: margin=-3.093750, optimistic_rem(widened)=0.000000 → cannot exceed 0.
[210.122s] PRUNE: margin=-3.093750, optimistic_rem(widened)=0.000000 → cannot exceed 0.
[210.320s] PRUNE: margin=-3.093750, optimistic_rem(widened)=0.000000 → cannot exceed 0.
[210.517s] PRUNE: margin=-3.093750, optimistic_rem(widened)=0.000000 → cannot exceed 0.
[210.911s] PRUNE: margin=-2.750000, optimistic_rem(widened)=0.000000 → cannot exceed 0.
[211.108s] PRUNE: margin=-2.750000, optimistic_rem(widened)=0.000000 → cannot exceed 0.
[211.306s] PRUNE: margin=-2.750000, optimistic_rem(widened)=0.000000 → cannot exceed 0.
[211.503s] PRUNE: margin=-2.750000, optimistic_rem(widened)=0.000000 → cannot exceed 0.
[211.700s] PRUNE: margin=-2.750000, optimistic_rem(widened)=0.000000 → cannot exceed 0.
[212.094s] PRUNE: margin=-2.750000, optimistic_rem(widened)=0.000000 → cannot exceed 0.
[212.292s] PRUNE: margin=-2.750000, optimistic_rem(widened)=0.000000 → cannot exceed 0.
[212.489s] PRUNE: margin=-2.750000, optimistic_rem(widened)=0.000000 → cannot exceed 0.
[212.686s] PRUNE: margin=-2.750000, optimistic_rem(widened)=0.000000 → cannot exceed 0.
[213.081s] PRUNE: margin=-2.750000, optimistic_rem(widened)=0.000000 → cannot exceed 0.
[213.278s] PRUNE: margin=-2.750000, optimistic_rem(widened)=0.000000 → cannot exceed 0.
[213.476s] PRUNE: margin=-2.750000, optimistic_rem(widened)=0.000000 → cannot exceed 0.
[213.870s] PRUNE: margin=-2.750000, optimistic_rem(widened)=0.000000 → cannot exceed 0.
[214.068s] PRUNE: margin=-2.750000, optimistic_rem(widened)=0.000000 → cannot exceed 0.
[214.462s] PRUNE: margin=-2.750000, optimistic_rem(widened)=0.000000 → cannot exceed 0.
[215.152s] PRUNE: margin=-3.500000, optimistic_rem(widened)=0.750000 → cannot exceed 0.
[215.448s] PRUNE: margin=-3.093750, optimistic_rem(widened)=0.000000 → cannot exceed 0.
[215.645s] PRUNE: margin=-3.093750, optimistic_rem(widened)=0.000000 → cannot exceed 0.
[215.842s] PRUNE: margin=-3.093750, optimistic_rem(widened)=0.000000 → cannot exceed 0.
[216.040s] PRUNE: margin=-3.093750, optimistic_rem(widened)=0.000000 → cannot exceed 0.
[216.237s] PRUNE: margin=-3.156250, optimistic_rem(widened)=0.000000 → cannot exceed 0.
[216.632s] PRUNE: margin=-2.750000, optimistic_rem(widened)=0.000000 → cannot exceed 0.
[216.829s] PRUNE: margin=-2.750000, optimistic_rem(widened)=0.000000 → cannot exceed 0.
[217.026s] PRUNE: margin=-2.750000, optimistic_rem(widened)=0.000000 → cannot exceed 0.
[217.223s] PRUNE: margin=-2.750000, optimistic_rem(widened)=0.000000 → cannot exceed 0.
[217.618s] PRUNE: margin=-2.750000, optimistic_rem(widened)=0.000000 → cannot exceed 0.
[217.815s] PRUNE: margin=-2.750000, optimistic_rem(widened)=0.000000 → cannot exceed 0.
[218.012s] PRUNE: margin=-2.750000, optimistic_rem(widened)=0.000000 → cannot exceed 0.
[218.306s] PRUNE: margin=-2.750000, optimistic_rem(widened)=0.000000 → cannot exceed 0.
[218.428s] PRUNE: margin=-2.750000, optimistic_rem(widened)=0.000000 → cannot exceed 0.
[218.668s] PRUNE: margin=-2.750000, optimistic_rem(widened)=0.000000 → cannot exceed 0.
[223.614s] PRUNE: margin=-3.500000, optimistic_rem(widened)=1.000000 → cannot exceed 0.
[227.743s] PRUNE: margin=-3.500000, optimistic_rem(widened)=1.000000 → cannot exceed 0.
[228.530s] PRUNE: margin=-3.500000, optimistic_rem(widened)=1.000000 → cannot exceed 0.
[230.837s] PRUNE: margin=-3.500000, optimistic_rem(widened)=1.000000 → cannot exceed 0.
[231.916s] PRUNE: margin=-3.500000, optimistic_rem(widened)=1.000000 → cannot exceed 0.
[232.420s] PRUNE: margin=-3.500000, optimistic_rem(widened)=1.750000 → cannot exceed 0.
[232.951s] PRUNE: margin=-3.406250, optimistic_rem(widened)=0.406250 → cannot exceed 0.
[233.161s] PRUNE: margin=-3.156250, optimistic_rem(widened)=0.000000 → cannot exceed 0.
[233.305s] PRUNE: margin=-3.156250, optimistic_rem(widened)=0.000000 → cannot exceed 0.
[233.437s] PRUNE: margin=-3.156250, optimistic_rem(widened)=0.000000 → cannot exceed 0.
[233.591s] PRUNE: margin=-3.156250, optimistic_rem(widened)=0.000000 → cannot exceed 0.
[233.758s] PRUNE: margin=-3.156250, optimistic_rem(widened)=0.000000 → cannot exceed 0.
[233.922s] PRUNE: margin=-3.156250, optimistic_rem(widened)=0.000000 → cannot exceed 0.
[234.076s] PRUNE: margin=-3.156250, optimistic_rem(widened)=0.000000 → cannot exceed 0.
[234.231s] PRUNE: margin=-3.156250, optimistic_rem(widened)=0.000000 → cannot exceed 0.
[234.391s] PRUNE: margin=-3.156250, optimistic_rem(widened)=0.000000 → cannot exceed 0.
[234.716s] PRUNE: margin=-3.156250, optimistic_rem(widened)=0.000000 → cannot exceed 0.
[234.870s] PRUNE: margin=-3.156250, optimistic_rem(widened)=0.000000 → cannot exceed 0.
[235.033s] PRUNE: margin=-3.156250, optimistic_rem(widened)=0.000000 → cannot exceed 0.
[235.196s] PRUNE: margin=-3.156250, optimistic_rem(widened)=0.000000 → cannot exceed 0.
[235.361s] PRUNE: margin=-3.156250, optimistic_rem(widened)=0.000000 → cannot exceed 0.
[235.537s] PRUNE: margin=-3.156250, optimistic_rem(widened)=0.000000 → cannot exceed 0.
[235.735s] PRUNE: margin=-3.156250, optimistic_rem(widened)=0.000000 → cannot exceed 0.
[235.932s] PRUNE: margin=-3.156250, optimistic_rem(widened)=0.000000 → cannot exceed 0.
[236.327s] PRUNE: margin=-3.406250, optimistic_rem(widened)=0.000000 → cannot exceed 0.
[236.525s] PRUNE: margin=-3.156250, optimistic_rem(widened)=0.000000 → cannot exceed 0.
[236.722s] PRUNE: margin=-3.156250, optimistic_rem(widened)=0.000000 → cannot exceed 0.
[236.920s] PRUNE: margin=-3.156250, optimistic_rem(widened)=0.000000 → cannot exceed 0.
[237.118s] PRUNE: margin=-3.156250, optimistic_rem(widened)=0.000000 → cannot exceed 0.
[237.316s] PRUNE: margin=-3.156250, optimistic_rem(widened)=0.000000 → cannot exceed 0.
[237.513s] PRUNE: margin=-3.156250, optimistic_rem(widened)=0.000000 → cannot exceed 0.
[237.908s] PRUNE: margin=-3.406250, optimistic_rem(widened)=0.000000 → cannot exceed 0.
[238.106s] PRUNE: margin=-3.156250, optimistic_rem(widened)=0.000000 → cannot exceed 0.
[238.303s] PRUNE: margin=-3.156250, optimistic_rem(widened)=0.000000 → cannot exceed 0.
[238.501s] PRUNE: margin=-3.156250, optimistic_rem(widened)=0.000000 → cannot exceed 0.
[238.698s] PRUNE: margin=-3.156250, optimistic_rem(widened)=0.000000 → cannot exceed 0.
[238.895s] PRUNE: margin=-3.156250, optimistic_rem(widened)=0.000000 → cannot exceed 0.
[239.290s] PRUNE: margin=-3.406250, optimistic_rem(widened)=0.000000 → cannot exceed 0.
[239.487s] PRUNE: margin=-3.406250, optimistic_rem(widened)=0.000000 → cannot exceed 0.
[239.684s] PRUNE: margin=-3.156250, optimistic_rem(widened)=0.000000 → cannot exceed 0.
[239.882s] PRUNE: margin=-3.156250, optimistic_rem(widened)=0.000000 → cannot exceed 0.
[240.079s] PRUNE: margin=-3.156250, optimistic_rem(widened)=0.000000 → cannot exceed 0.
[240.474s] PRUNE: margin=-3.156250, optimistic_rem(widened)=0.000000 → cannot exceed 0.
[240.671s] PRUNE: margin=-3.156250, optimistic_rem(widened)=0.000000 → cannot exceed 0.
[240.868s] PRUNE: margin=-3.156250, optimistic_rem(widened)=0.000000 → cannot exceed 0.
[241.066s] PRUNE: margin=-3.156250, optimistic_rem(widened)=0.000000 → cannot exceed 0.
[241.460s] PRUNE: margin=-3.156250, optimistic_rem(widened)=0.000000 → cannot exceed 0.
[241.658s] PRUNE: margin=-3.156250, optimistic_rem(widened)=0.000000 → cannot exceed 0.
[241.855s] PRUNE: margin=-3.156250, optimistic_rem(widened)=0.000000 → cannot exceed 0.
[242.250s] PRUNE: margin=-3.156250, optimistic_rem(widened)=0.000000 → cannot exceed 0.
[242.447s] PRUNE: margin=-3.156250, optimistic_rem(widened)=0.000000 → cannot exceed 0.
[242.846s] PRUNE: margin=-3.156250, optimistic_rem(widened)=0.000000 → cannot exceed 0.
[243.650s] PRUNE: margin=-3.000000, optimistic_rem(widened)=0.000000 → cannot exceed 0.
[243.848s] PRUNE: margin=-3.000000, optimistic_rem(widened)=0.000000 → cannot exceed 0.
[244.048s] PRUNE: margin=-3.000000, optimistic_rem(widened)=0.000000 → cannot exceed 0.
[244.246s] PRUNE: margin=-3.000000, optimistic_rem(widened)=0.000000 → cannot exceed 0.
[244.443s] PRUNE: margin=-3.000000, optimistic_rem(widened)=0.000000 → cannot exceed 0.
[244.641s] PRUNE: margin=-3.000000, optimistic_rem(widened)=0.000000 → cannot exceed 0.
[244.838s] PRUNE: margin=-3.000000, optimistic_rem(widened)=0.000000 → cannot exceed 0.
[245.035s] PRUNE: margin=-3.000000, optimistic_rem(widened)=0.000000 → cannot exceed 0.
[245.252s] PRUNE: margin=-3.000000, optimistic_rem(widened)=0.000000 → cannot exceed 0.
[245.676s] PRUNE: margin=-3.000000, optimistic_rem(widened)=0.000000 → cannot exceed 0.
[245.879s] PRUNE: margin=-3.000000, optimistic_rem(widened)=0.000000 → cannot exceed 0.
[246.076s] PRUNE: margin=-3.000000, optimistic_rem(widened)=0.000000 → cannot exceed 0.
[246.274s] PRUNE: margin=-3.000000, optimistic_rem(widened)=0.000000 → cannot exceed 0.
[246.472s] PRUNE: margin=-3.000000, optimistic_rem(widened)=0.000000 → cannot exceed 0.
[246.669s] PRUNE: margin=-3.000000, optimistic_rem(widened)=0.000000 → cannot exceed 0.
[246.866s] PRUNE: margin=-3.000000, optimistic_rem(widened)=0.000000 → cannot exceed 0.
[247.063s] PRUNE: margin=-3.000000, optimistic_rem(widened)=0.000000 → cannot exceed 0.
[247.458s] PRUNE: margin=-3.156250, optimistic_rem(widened)=0.000000 → cannot exceed 0.
[247.655s] PRUNE: margin=-3.000000, optimistic_rem(widened)=0.000000 → cannot exceed 0.
[247.853s] PRUNE: margin=-3.000000, optimistic_rem(widened)=0.000000 → cannot exceed 0.
[248.050s] PRUNE: margin=-3.000000, optimistic_rem(widened)=0.000000 → cannot exceed 0.
[248.247s] PRUNE: margin=-3.000000, optimistic_rem(widened)=0.000000 → cannot exceed 0.
[248.445s] PRUNE: margin=-3.000000, optimistic_rem(widened)=0.000000 → cannot exceed 0.
[248.642s] PRUNE: margin=-3.000000, optimistic_rem(widened)=0.000000 → cannot exceed 0.
[249.037s] PRUNE: margin=-3.156250, optimistic_rem(widened)=0.000000 → cannot exceed 0.
[249.234s] PRUNE: margin=-3.000000, optimistic_rem(widened)=0.000000 → cannot exceed 0.
[249.431s] PRUNE: margin=-3.000000, optimistic_rem(widened)=0.000000 → cannot exceed 0.
[249.628s] PRUNE: margin=-3.000000, optimistic_rem(widened)=0.000000 → cannot exceed 0.
[249.826s] PRUNE: margin=-3.000000, optimistic_rem(widened)=0.000000 → cannot exceed 0.
[250.023s] PRUNE: margin=-3.000000, optimistic_rem(widened)=0.000000 → cannot exceed 0.
[250.417s] PRUNE: margin=-3.000000, optimistic_rem(widened)=0.000000 → cannot exceed 0.
[250.615s] PRUNE: margin=-3.000000, optimistic_rem(widened)=0.000000 → cannot exceed 0.
[250.812s] PRUNE: margin=-3.000000, optimistic_rem(widened)=0.000000 → cannot exceed 0.
[251.009s] PRUNE: margin=-3.000000, optimistic_rem(widened)=0.000000 → cannot exceed 0.
[251.206s] PRUNE: margin=-3.000000, optimistic_rem(widened)=0.000000 → cannot exceed 0.
[251.601s] PRUNE: margin=-3.000000, optimistic_rem(widened)=0.000000 → cannot exceed 0.
[251.798s] PRUNE: margin=-3.000000, optimistic_rem(widened)=0.000000 → cannot exceed 0.
[251.995s] PRUNE: margin=-3.000000, optimistic_rem(widened)=0.000000 → cannot exceed 0.
[252.193s] PRUNE: margin=-3.000000, optimistic_rem(widened)=0.000000 → cannot exceed 0.
[252.587s] PRUNE: margin=-3.000000, optimistic_rem(widened)=0.000000 → cannot exceed 0.
[252.785s] PRUNE: margin=-3.000000, optimistic_rem(widened)=0.000000 → cannot exceed 0.
[252.982s] PRUNE: margin=-3.000000, optimistic_rem(widened)=0.000000 → cannot exceed 0.
[253.378s] PRUNE: margin=-3.000000, optimistic_rem(widened)=0.000000 → cannot exceed 0.
[253.575s] PRUNE: margin=-3.000000, optimistic_rem(widened)=0.000000 → cannot exceed 0.
[253.970s] PRUNE: margin=-3.000000, optimistic_rem(widened)=0.000000 → cannot exceed 0.
[254.758s] PRUNE: margin=-3.000000, optimistic_rem(widened)=0.000000 → cannot exceed 0.
[254.956s] PRUNE: margin=-3.000000, optimistic_rem(widened)=0.000000 → cannot exceed 0.
[255.153s] PRUNE: margin=-3.000000, optimistic_rem(widened)=0.000000 → cannot exceed 0.
[255.350s] PRUNE: margin=-3.000000, optimistic_rem(widened)=0.000000 → cannot exceed 0.
[255.547s] PRUNE: margin=-3.000000, optimistic_rem(widened)=0.000000 → cannot exceed 0.
[255.745s] PRUNE: margin=-3.000000, optimistic_rem(widened)=0.000000 → cannot exceed 0.
[255.942s] PRUNE: margin=-3.000000, optimistic_rem(widened)=0.000000 → cannot exceed 0.
[256.139s] PRUNE: margin=-3.000000, optimistic_rem(widened)=0.000000 → cannot exceed 0.
[256.534s] PRUNE: margin=-3.156250, optimistic_rem(widened)=0.000000 → cannot exceed 0.
[256.731s] PRUNE: margin=-3.000000, optimistic_rem(widened)=0.000000 → cannot exceed 0.
[256.928s] PRUNE: margin=-3.000000, optimistic_rem(widened)=0.000000 → cannot exceed 0.
[257.126s] PRUNE: margin=-3.000000, optimistic_rem(widened)=0.000000 → cannot exceed 0.
[257.323s] PRUNE: margin=-3.000000, optimistic_rem(widened)=0.000000 → cannot exceed 0.
[257.520s] PRUNE: margin=-3.000000, optimistic_rem(widened)=0.000000 → cannot exceed 0.
[257.718s] PRUNE: margin=-3.000000, optimistic_rem(widened)=0.000000 → cannot exceed 0.
[258.112s] PRUNE: margin=-3.156250, optimistic_rem(widened)=0.000000 → cannot exceed 0.
[258.309s] PRUNE: margin=-3.000000, optimistic_rem(widened)=0.000000 → cannot exceed 0.
[258.507s] PRUNE: margin=-3.000000, optimistic_rem(widened)=0.000000 → cannot exceed 0.
[258.704s] PRUNE: margin=-3.000000, optimistic_rem(widened)=0.000000 → cannot exceed 0.
[258.901s] PRUNE: margin=-3.000000, optimistic_rem(widened)=0.000000 → cannot exceed 0.
[259.099s] PRUNE: margin=-3.000000, optimistic_rem(widened)=0.000000 → cannot exceed 0.
[259.493s] PRUNE: margin=-3.000000, optimistic_rem(widened)=0.000000 → cannot exceed 0.
[259.690s] PRUNE: margin=-3.000000, optimistic_rem(widened)=0.000000 → cannot exceed 0.
[259.888s] PRUNE: margin=-3.000000, optimistic_rem(widened)=0.000000 → cannot exceed 0.
[260.085s] PRUNE: margin=-3.000000, optimistic_rem(widened)=0.000000 → cannot exceed 0.
[260.282s] PRUNE: margin=-3.000000, optimistic_rem(widened)=0.000000 → cannot exceed 0.
[260.676s] PRUNE: margin=-3.000000, optimistic_rem(widened)=0.000000 → cannot exceed 0.
[260.873s] PRUNE: margin=-3.000000, optimistic_rem(widened)=0.000000 → cannot exceed 0.
[261.071s] PRUNE: margin=-3.000000, optimistic_rem(widened)=0.000000 → cannot exceed 0.
[261.268s] PRUNE: margin=-3.000000, optimistic_rem(widened)=0.000000 → cannot exceed 0.
[261.672s] PRUNE: margin=-3.000000, optimistic_rem(widened)=0.000000 → cannot exceed 0.
[261.869s] PRUNE: margin=-3.000000, optimistic_rem(widened)=0.000000 → cannot exceed 0.
[262.066s] PRUNE: margin=-3.000000, optimistic_rem(widened)=0.000000 → cannot exceed 0.
[262.464s] PRUNE: margin=-3.000000, optimistic_rem(widened)=0.000000 → cannot exceed 0.
[262.661s] PRUNE: margin=-3.000000, optimistic_rem(widened)=0.000000 → cannot exceed 0.
[263.058s] PRUNE: margin=-3.000000, optimistic_rem(widened)=0.000000 → cannot exceed 0.
[263.848s] PRUNE: margin=-3.156250, optimistic_rem(widened)=0.000000 → cannot exceed 0.
[264.046s] PRUNE: margin=-3.000000, optimistic_rem(widened)=0.000000 → cannot exceed 0.
[264.243s] PRUNE: margin=-3.000000, optimistic_rem(widened)=0.000000 → cannot exceed 0.
[264.441s] PRUNE: margin=-3.000000, optimistic_rem(widened)=0.000000 → cannot exceed 0.
[264.639s] PRUNE: margin=-3.000000, optimistic_rem(widened)=0.000000 → cannot exceed 0.
[264.836s] PRUNE: margin=-3.000000, optimistic_rem(widened)=0.000000 → cannot exceed 0.
[265.034s] PRUNE: margin=-3.000000, optimistic_rem(widened)=0.000000 → cannot exceed 0.
[265.429s] PRUNE: margin=-3.156250, optimistic_rem(widened)=0.000000 → cannot exceed 0.
[265.627s] PRUNE: margin=-3.156250, optimistic_rem(widened)=0.000000 → cannot exceed 0.
[265.824s] PRUNE: margin=-3.000000, optimistic_rem(widened)=0.000000 → cannot exceed 0.
[266.022s] PRUNE: margin=-3.000000, optimistic_rem(widened)=0.000000 → cannot exceed 0.
[266.219s] PRUNE: margin=-3.000000, optimistic_rem(widened)=0.000000 → cannot exceed 0.
[266.419s] PRUNE: margin=-3.000000, optimistic_rem(widened)=0.000000 → cannot exceed 0.
[266.814s] PRUNE: margin=-3.000000, optimistic_rem(widened)=0.000000 → cannot exceed 0.
[267.012s] PRUNE: margin=-3.000000, optimistic_rem(widened)=0.000000 → cannot exceed 0.
[267.209s] PRUNE: margin=-3.000000, optimistic_rem(widened)=0.000000 → cannot exceed 0.
[267.407s] PRUNE: margin=-3.000000, optimistic_rem(widened)=0.000000 → cannot exceed 0.
[267.605s] PRUNE: margin=-3.000000, optimistic_rem(widened)=0.000000 → cannot exceed 0.
[268.000s] PRUNE: margin=-3.000000, optimistic_rem(widened)=0.000000 → cannot exceed 0.
[268.197s] PRUNE: margin=-3.000000, optimistic_rem(widened)=0.000000 → cannot exceed 0.
[268.395s] PRUNE: margin=-3.000000, optimistic_rem(widened)=0.000000 → cannot exceed 0.
[268.592s] PRUNE: margin=-3.000000, optimistic_rem(widened)=0.000000 → cannot exceed 0.
[268.988s] PRUNE: margin=-3.000000, optimistic_rem(widened)=0.000000 → cannot exceed 0.
[269.185s] PRUNE: margin=-3.000000, optimistic_rem(widened)=0.000000 → cannot exceed 0.
[269.383s] PRUNE: margin=-3.000000, optimistic_rem(widened)=0.000000 → cannot exceed 0.
[269.778s] PRUNE: margin=-3.000000, optimistic_rem(widened)=0.000000 → cannot exceed 0.
[269.975s] PRUNE: margin=-3.000000, optimistic_rem(widened)=0.000000 → cannot exceed 0.
[270.370s] PRUNE: margin=-3.000000, optimistic_rem(widened)=0.000000 → cannot exceed 0.
[271.160s] PRUNE: margin=-3.156250, optimistic_rem(widened)=0.000000 → cannot exceed 0.
[271.358s] PRUNE: margin=-3.156250, optimistic_rem(widened)=0.000000 → cannot exceed 0.
[271.555s] PRUNE: margin=-3.156250, optimistic_rem(widened)=0.000000 → cannot exceed 0.
[271.753s] PRUNE: margin=-3.156250, optimistic_rem(widened)=0.000000 → cannot exceed 0.
[271.951s] PRUNE: margin=-3.156250, optimistic_rem(widened)=0.000000 → cannot exceed 0.
[272.148s] PRUNE: margin=-3.156250, optimistic_rem(widened)=0.000000 → cannot exceed 0.
[272.507s] PRUNE: margin=-3.000000, optimistic_rem(widened)=0.000000 → cannot exceed 0.
[272.669s] PRUNE: margin=-3.000000, optimistic_rem(widened)=0.000000 → cannot exceed 0.
[272.833s] PRUNE: margin=-3.000000, optimistic_rem(widened)=0.000000 → cannot exceed 0.
[272.995s] PRUNE: margin=-3.000000, optimistic_rem(widened)=0.000000 → cannot exceed 0.
[273.150s] PRUNE: margin=-3.000000, optimistic_rem(widened)=0.000000 → cannot exceed 0.
[273.419s] PRUNE: margin=-3.000000, optimistic_rem(widened)=0.000000 → cannot exceed 0.
[273.608s] PRUNE: margin=-3.000000, optimistic_rem(widened)=0.000000 → cannot exceed 0.
[273.806s] PRUNE: margin=-3.000000, optimistic_rem(widened)=0.000000 → cannot exceed 0.
[274.003s] PRUNE: margin=-3.000000, optimistic_rem(widened)=0.000000 → cannot exceed 0.
[274.398s] PRUNE: margin=-3.000000, optimistic_rem(widened)=0.000000 → cannot exceed 0.
[274.596s] PRUNE: margin=-3.000000, optimistic_rem(widened)=0.000000 → cannot exceed 0.
[274.793s] PRUNE: margin=-3.000000, optimistic_rem(widened)=0.000000 → cannot exceed 0.
[275.188s] PRUNE: margin=-3.000000, optimistic_rem(widened)=0.000000 → cannot exceed 0.
[275.386s] PRUNE: margin=-3.000000, optimistic_rem(widened)=0.000000 → cannot exceed 0.
[275.781s] PRUNE: margin=-3.000000, optimistic_rem(widened)=0.000000 → cannot exceed 0.
[276.570s] PRUNE: margin=-3.406250, optimistic_rem(widened)=0.000000 → cannot exceed 0.
[276.768s] PRUNE: margin=-3.156250, optimistic_rem(widened)=0.000000 → cannot exceed 0.
[276.966s] PRUNE: margin=-3.156250, optimistic_rem(widened)=0.000000 → cannot exceed 0.
[277.163s] PRUNE: margin=-3.156250, optimistic_rem(widened)=0.000000 → cannot exceed 0.
[277.360s] PRUNE: margin=-3.156250, optimistic_rem(widened)=0.000000 → cannot exceed 0.
[277.755s] PRUNE: margin=-3.000000, optimistic_rem(widened)=0.000000 → cannot exceed 0.
[277.953s] PRUNE: margin=-3.000000, optimistic_rem(widened)=0.000000 → cannot exceed 0.
[278.150s] PRUNE: margin=-3.000000, optimistic_rem(widened)=0.000000 → cannot exceed 0.
[278.348s] PRUNE: margin=-3.000000, optimistic_rem(widened)=0.000000 → cannot exceed 0.
[278.743s] PRUNE: margin=-3.000000, optimistic_rem(widened)=0.000000 → cannot exceed 0.
[278.941s] PRUNE: margin=-3.000000, optimistic_rem(widened)=0.000000 → cannot exceed 0.
[279.138s] PRUNE: margin=-3.000000, optimistic_rem(widened)=0.000000 → cannot exceed 0.
[279.533s] PRUNE: margin=-3.000000, optimistic_rem(widened)=0.000000 → cannot exceed 0.
[279.731s] PRUNE: margin=-3.000000, optimistic_rem(widened)=0.000000 → cannot exceed 0.
[280.126s] PRUNE: margin=-3.000000, optimistic_rem(widened)=0.000000 → cannot exceed 0.
[293.324s] PRUNE: margin=-3.250000, optimistic_rem(widened)=0.000000 → cannot exceed 0.
[293.521s] PRUNE: margin=-3.250000, optimistic_rem(widened)=0.000000 → cannot exceed 0.
[293.718s] PRUNE: margin=-3.250000, optimistic_rem(widened)=0.000000 → cannot exceed 0.
[293.914s] PRUNE: margin=-3.250000, optimistic_rem(widened)=0.000000 → cannot exceed 0.
[294.111s] PRUNE: margin=-3.250000, optimistic_rem(widened)=0.000000 → cannot exceed 0.
[294.308s] PRUNE: margin=-3.250000, optimistic_rem(widened)=0.000000 → cannot exceed 0.
[296.376s] PRUNE: margin=-3.250000, optimistic_rem(widened)=0.000000 → cannot exceed 0.
[296.573s] PRUNE: margin=-3.250000, optimistic_rem(widened)=0.000000 → cannot exceed 0.
[296.770s] PRUNE: margin=-3.250000, optimistic_rem(widened)=0.000000 → cannot exceed 0.
[296.967s] PRUNE: margin=-3.250000, optimistic_rem(widened)=0.000000 → cannot exceed 0.
[297.164s] PRUNE: margin=-3.250000, optimistic_rem(widened)=0.000000 → cannot exceed 0.
[297.361s] PRUNE: margin=-3.250000, optimistic_rem(widened)=0.000000 → cannot exceed 0.
[298.542s] PRUNE: margin=-3.250000, optimistic_rem(widened)=0.000000 → cannot exceed 0.
[298.739s] PRUNE: margin=-3.250000, optimistic_rem(widened)=0.000000 → cannot exceed 0.
[298.936s] PRUNE: margin=-3.250000, optimistic_rem(widened)=0.000000 → cannot exceed 0.
[299.133s] PRUNE: margin=-3.250000, optimistic_rem(widened)=0.000000 → cannot exceed 0.
[299.330s] PRUNE: margin=-3.250000, optimistic_rem(widened)=0.000000 → cannot exceed 0.
[299.527s] PRUNE: margin=-3.250000, optimistic_rem(widened)=0.000000 → cannot exceed 0.
[299.921s] PRUNE: margin=-3.250000, optimistic_rem(widened)=0.000000 → cannot exceed 0.
[300.118s] PRUNE: margin=-3.250000, optimistic_rem(widened)=0.000000 → cannot exceed 0.
[300.315s] PRUNE: margin=-3.250000, optimistic_rem(widened)=0.000000 → cannot exceed 0.
[300.512s] PRUNE: margin=-3.250000, optimistic_rem(widened)=0.000000 → cannot exceed 0.
[300.709s] PRUNE: margin=-3.250000, optimistic_rem(widened)=0.000000 → cannot exceed 0.
[300.906s] PRUNE: margin=-3.250000, optimistic_rem(widened)=0.000000 → cannot exceed 0.
[301.201s] PRUNE: margin=-3.250000, optimistic_rem(widened)=0.750000 → cannot exceed 0.
[301.398s] PRUNE: margin=-3.250000, optimistic_rem(widened)=0.750000 → cannot exceed 0.
[301.595s] PRUNE: margin=-3.250000, optimistic_rem(widened)=0.750000 → cannot exceed 0.
[301.792s] PRUNE: margin=-3.250000, optimistic_rem(widened)=0.750000 → cannot exceed 0.
[301.989s] PRUNE: margin=-3.250000, optimistic_rem(widened)=0.750000 → cannot exceed 0.
[304.087s] PRUNE: margin=-3.250000, optimistic_rem(widened)=0.000000 → cannot exceed 0.
[304.284s] PRUNE: margin=-3.250000, optimistic_rem(widened)=0.000000 → cannot exceed 0.
[304.481s] PRUNE: margin=-3.250000, optimistic_rem(widened)=0.000000 → cannot exceed 0.
[304.678s] PRUNE: margin=-3.250000, optimistic_rem(widened)=0.000000 → cannot exceed 0.
[304.875s] PRUNE: margin=-3.250000, optimistic_rem(widened)=0.000000 → cannot exceed 0.
[305.072s] PRUNE: margin=-3.250000, optimistic_rem(widened)=0.000000 → cannot exceed 0.
[306.253s] PRUNE: margin=-3.250000, optimistic_rem(widened)=0.000000 → cannot exceed 0.
[306.450s] PRUNE: margin=-3.250000, optimistic_rem(widened)=0.000000 → cannot exceed 0.
[306.647s] PRUNE: margin=-3.250000, optimistic_rem(widened)=0.000000 → cannot exceed 0.
[306.845s] PRUNE: margin=-3.250000, optimistic_rem(widened)=0.000000 → cannot exceed 0.
[307.042s] PRUNE: margin=-3.250000, optimistic_rem(widened)=0.000000 → cannot exceed 0.
[307.239s] PRUNE: margin=-3.250000, optimistic_rem(widened)=0.000000 → cannot exceed 0.
[307.633s] PRUNE: margin=-3.250000, optimistic_rem(widened)=0.000000 → cannot exceed 0.
[307.830s] PRUNE: margin=-3.250000, optimistic_rem(widened)=0.000000 → cannot exceed 0.
[308.027s] PRUNE: margin=-3.250000, optimistic_rem(widened)=0.000000 → cannot exceed 0.
[308.224s] PRUNE: margin=-3.250000, optimistic_rem(widened)=0.000000 → cannot exceed 0.
[308.421s] PRUNE: margin=-3.250000, optimistic_rem(widened)=0.000000 → cannot exceed 0.
[308.618s] PRUNE: margin=-3.250000, optimistic_rem(widened)=0.000000 → cannot exceed 0.
[308.913s] PRUNE: margin=-3.250000, optimistic_rem(widened)=0.750000 → cannot exceed 0.
[309.110s] PRUNE: margin=-3.250000, optimistic_rem(widened)=0.750000 → cannot exceed 0.
[309.307s] PRUNE: margin=-3.250000, optimistic_rem(widened)=0.750000 → cannot exceed 0.
[309.504s] PRUNE: margin=-3.250000, optimistic_rem(widened)=0.750000 → cannot exceed 0.
[309.702s] PRUNE: margin=-3.250000, optimistic_rem(widened)=0.750000 → cannot exceed 0.
[311.178s] PRUNE: margin=-3.250000, optimistic_rem(widened)=0.000000 → cannot exceed 0.
[311.375s] PRUNE: margin=-3.250000, optimistic_rem(widened)=0.000000 → cannot exceed 0.
[311.572s] PRUNE: margin=-3.250000, optimistic_rem(widened)=0.000000 → cannot exceed 0.
[311.769s] PRUNE: margin=-3.250000, optimistic_rem(widened)=0.000000 → cannot exceed 0.
[311.966s] PRUNE: margin=-3.250000, optimistic_rem(widened)=0.000000 → cannot exceed 0.
[312.163s] PRUNE: margin=-3.250000, optimistic_rem(widened)=0.000000 → cannot exceed 0.
[312.557s] PRUNE: margin=-3.250000, optimistic_rem(widened)=0.000000 → cannot exceed 0.
[312.754s] PRUNE: margin=-3.250000, optimistic_rem(widened)=0.000000 → cannot exceed 0.
[312.951s] PRUNE: margin=-3.250000, optimistic_rem(widened)=0.000000 → cannot exceed 0.
[313.148s] PRUNE: margin=-3.250000, optimistic_rem(widened)=0.000000 → cannot exceed 0.
[313.345s] PRUNE: margin=-3.250000, optimistic_rem(widened)=0.000000 → cannot exceed 0.
[313.542s] PRUNE: margin=-3.250000, optimistic_rem(widened)=0.000000 → cannot exceed 0.
[313.837s] PRUNE: margin=-3.250000, optimistic_rem(widened)=0.750000 → cannot exceed 0.
[314.034s] PRUNE: margin=-3.250000, optimistic_rem(widened)=0.750000 → cannot exceed 0.
[314.231s] PRUNE: margin=-3.250000, optimistic_rem(widened)=0.750000 → cannot exceed 0.
[314.428s] PRUNE: margin=-3.250000, optimistic_rem(widened)=0.750000 → cannot exceed 0.
[314.625s] PRUNE: margin=-3.250000, optimistic_rem(widened)=0.750000 → cannot exceed 0.
[315.314s] PRUNE: margin=-3.000000, optimistic_rem(widened)=0.000000 → cannot exceed 0.
[315.511s] PRUNE: margin=-3.250000, optimistic_rem(widened)=0.000000 → cannot exceed 0.
[315.708s] PRUNE: margin=-3.250000, optimistic_rem(widened)=0.000000 → cannot exceed 0.
[315.905s] PRUNE: margin=-3.250000, optimistic_rem(widened)=0.000000 → cannot exceed 0.
[316.102s] PRUNE: margin=-3.250000, optimistic_rem(widened)=0.000000 → cannot exceed 0.
[316.299s] PRUNE: margin=-3.250000, optimistic_rem(widened)=0.000000 → cannot exceed 0.
[316.595s] PRUNE: margin=-3.250000, optimistic_rem(widened)=0.750000 → cannot exceed 0.
[316.792s] PRUNE: margin=-3.250000, optimistic_rem(widened)=0.750000 → cannot exceed 0.
[316.988s] PRUNE: margin=-3.250000, optimistic_rem(widened)=0.750000 → cannot exceed 0.
[317.185s] PRUNE: margin=-3.250000, optimistic_rem(widened)=0.750000 → cannot exceed 0.
[317.481s] PRUNE: margin=-3.250000, optimistic_rem(widened)=0.000000 → cannot exceed 0.
[318.268s] PRUNE: margin=-3.250000, optimistic_rem(widened)=0.000000 → cannot exceed 0.
[318.465s] PRUNE: margin=-3.250000, optimistic_rem(widened)=0.000000 → cannot exceed 0.
[318.662s] PRUNE: margin=-3.250000, optimistic_rem(widened)=0.000000 → cannot exceed 0.
[318.859s] PRUNE: margin=-3.250000, optimistic_rem(widened)=0.000000 → cannot exceed 0.
[319.056s] PRUNE: margin=-3.250000, optimistic_rem(widened)=0.000000 → cannot exceed 0.
[319.450s] PRUNE: margin=-3.250000, optimistic_rem(widened)=0.000000 → cannot exceed 0.
[319.647s] PRUNE: margin=-3.250000, optimistic_rem(widened)=0.000000 → cannot exceed 0.
[319.844s] PRUNE: margin=-3.250000, optimistic_rem(widened)=0.000000 → cannot exceed 0.
[320.041s] PRUNE: margin=-3.250000, optimistic_rem(widened)=0.000000 → cannot exceed 0.
[320.435s] PRUNE: margin=-3.250000, optimistic_rem(widened)=0.000000 → cannot exceed 0.
[320.632s] PRUNE: margin=-3.250000, optimistic_rem(widened)=0.000000 → cannot exceed 0.
[320.829s] PRUNE: margin=-3.250000, optimistic_rem(widened)=0.000000 → cannot exceed 0.
[321.223s] PRUNE: margin=-3.250000, optimistic_rem(widened)=0.000000 → cannot exceed 0.
[321.420s] PRUNE: margin=-3.250000, optimistic_rem(widened)=0.000000 → cannot exceed 0.
[321.815s] PRUNE: margin=-2.750000, optimistic_rem(widened)=0.000000 → cannot exceed 0.
[322.406s] PRUNE: margin=-3.250000, optimistic_rem(widened)=1.375000 → cannot exceed 0.
[322.603s] PRUNE: margin=-3.250000, optimistic_rem(widened)=1.375000 → cannot exceed 0.
[322.800s] PRUNE: margin=-3.250000, optimistic_rem(widened)=1.375000 → cannot exceed 0.
[322.997s] PRUNE: margin=-3.250000, optimistic_rem(widened)=1.375000 → cannot exceed 0.
[323.194s] PRUNE: margin=-3.250000, optimistic_rem(widened)=1.375000 → cannot exceed 0.
[325.655s] PRUNE: margin=-3.250000, optimistic_rem(widened)=0.000000 → cannot exceed 0.
[325.852s] PRUNE: margin=-3.250000, optimistic_rem(widened)=0.000000 → cannot exceed 0.
[326.050s] PRUNE: margin=-3.250000, optimistic_rem(widened)=0.000000 → cannot exceed 0.
[326.247s] PRUNE: margin=-3.250000, optimistic_rem(widened)=0.000000 → cannot exceed 0.
[326.444s] PRUNE: margin=-3.250000, optimistic_rem(widened)=0.000000 → cannot exceed 0.
[326.641s] PRUNE: margin=-3.250000, optimistic_rem(widened)=0.000000 → cannot exceed 0.
[327.823s] PRUNE: margin=-3.250000, optimistic_rem(widened)=0.000000 → cannot exceed 0.
[328.020s] PRUNE: margin=-3.250000, optimistic_rem(widened)=0.000000 → cannot exceed 0.
[328.217s] PRUNE: margin=-3.250000, optimistic_rem(widened)=0.000000 → cannot exceed 0.
[328.414s] PRUNE: margin=-3.250000, optimistic_rem(widened)=0.000000 → cannot exceed 0.
[328.611s] PRUNE: margin=-3.250000, optimistic_rem(widened)=0.000000 → cannot exceed 0.
[328.808s] PRUNE: margin=-3.250000, optimistic_rem(widened)=0.000000 → cannot exceed 0.
[329.202s] PRUNE: margin=-3.250000, optimistic_rem(widened)=0.000000 → cannot exceed 0.
[329.399s] PRUNE: margin=-3.250000, optimistic_rem(widened)=0.000000 → cannot exceed 0.
[329.596s] PRUNE: margin=-3.250000, optimistic_rem(widened)=0.000000 → cannot exceed 0.
[329.793s] PRUNE: margin=-3.250000, optimistic_rem(widened)=0.000000 → cannot exceed 0.
[329.990s] PRUNE: margin=-3.250000, optimistic_rem(widened)=0.000000 → cannot exceed 0.
[330.187s] PRUNE: margin=-3.250000, optimistic_rem(widened)=0.000000 → cannot exceed 0.
[330.482s] PRUNE: margin=-3.250000, optimistic_rem(widened)=0.750000 → cannot exceed 0.
[330.679s] PRUNE: margin=-3.250000, optimistic_rem(widened)=0.750000 → cannot exceed 0.
[330.876s] PRUNE: margin=-3.250000, optimistic_rem(widened)=0.750000 → cannot exceed 0.
[331.073s] PRUNE: margin=-3.250000, optimistic_rem(widened)=0.750000 → cannot exceed 0.
[331.270s] PRUNE: margin=-3.250000, optimistic_rem(widened)=0.750000 → cannot exceed 0.
[332.747s] PRUNE: margin=-3.250000, optimistic_rem(widened)=0.000000 → cannot exceed 0.
[332.944s] PRUNE: margin=-3.250000, optimistic_rem(widened)=0.000000 → cannot exceed 0.
[333.141s] PRUNE: margin=-3.250000, optimistic_rem(widened)=0.000000 → cannot exceed 0.
[333.338s] PRUNE: margin=-3.250000, optimistic_rem(widened)=0.000000 → cannot exceed 0.
[333.535s] PRUNE: margin=-3.250000, optimistic_rem(widened)=0.000000 → cannot exceed 0.
[333.732s] PRUNE: margin=-3.250000, optimistic_rem(widened)=0.000000 → cannot exceed 0.
[334.126s] PRUNE: margin=-3.250000, optimistic_rem(widened)=0.000000 → cannot exceed 0.
[334.323s] PRUNE: margin=-3.250000, optimistic_rem(widened)=0.000000 → cannot exceed 0.
[334.525s] PRUNE: margin=-3.250000, optimistic_rem(widened)=0.000000 → cannot exceed 0.
[334.722s] PRUNE: margin=-3.250000, optimistic_rem(widened)=0.000000 → cannot exceed 0.
[334.920s] PRUNE: margin=-3.250000, optimistic_rem(widened)=0.000000 → cannot exceed 0.
[335.117s] PRUNE: margin=-3.250000, optimistic_rem(widened)=0.000000 → cannot exceed 0.
[335.413s] PRUNE: margin=-3.250000, optimistic_rem(widened)=0.750000 → cannot exceed 0.
[335.610s] PRUNE: margin=-3.250000, optimistic_rem(widened)=0.750000 → cannot exceed 0.
[335.807s] PRUNE: margin=-3.250000, optimistic_rem(widened)=0.750000 → cannot exceed 0.
[336.004s] PRUNE: margin=-3.250000, optimistic_rem(widened)=0.750000 → cannot exceed 0.
[336.201s] PRUNE: margin=-3.250000, optimistic_rem(widened)=0.750000 → cannot exceed 0.
[336.890s] PRUNE: margin=-3.000000, optimistic_rem(widened)=0.000000 → cannot exceed 0.
[337.087s] PRUNE: margin=-3.250000, optimistic_rem(widened)=0.000000 → cannot exceed 0.
[337.284s] PRUNE: margin=-3.250000, optimistic_rem(widened)=0.000000 → cannot exceed 0.
[337.481s] PRUNE: margin=-3.250000, optimistic_rem(widened)=0.000000 → cannot exceed 0.
[337.678s] PRUNE: margin=-3.250000, optimistic_rem(widened)=0.000000 → cannot exceed 0.
[337.875s] PRUNE: margin=-3.250000, optimistic_rem(widened)=0.000000 → cannot exceed 0.
[338.170s] PRUNE: margin=-3.250000, optimistic_rem(widened)=0.750000 → cannot exceed 0.
[338.367s] PRUNE: margin=-3.250000, optimistic_rem(widened)=0.750000 → cannot exceed 0.
[338.564s] PRUNE: margin=-3.250000, optimistic_rem(widened)=0.750000 → cannot exceed 0.
[338.761s] PRUNE: margin=-3.250000, optimistic_rem(widened)=0.750000 → cannot exceed 0.
[339.057s] PRUNE: margin=-3.250000, optimistic_rem(widened)=0.000000 → cannot exceed 0.
[339.844s] PRUNE: margin=-3.250000, optimistic_rem(widened)=0.000000 → cannot exceed 0.
[340.042s] PRUNE: margin=-3.250000, optimistic_rem(widened)=0.000000 → cannot exceed 0.
[340.239s] PRUNE: margin=-3.250000, optimistic_rem(widened)=0.000000 → cannot exceed 0.
[340.436s] PRUNE: margin=-3.250000, optimistic_rem(widened)=0.000000 → cannot exceed 0.
[340.633s] PRUNE: margin=-3.250000, optimistic_rem(widened)=0.000000 → cannot exceed 0.
[341.027s] PRUNE: margin=-3.250000, optimistic_rem(widened)=0.000000 → cannot exceed 0.
[341.224s] PRUNE: margin=-3.250000, optimistic_rem(widened)=0.000000 → cannot exceed 0.
[341.421s] PRUNE: margin=-3.250000, optimistic_rem(widened)=0.000000 → cannot exceed 0.
[341.618s] PRUNE: margin=-3.250000, optimistic_rem(widened)=0.000000 → cannot exceed 0.
[342.012s] PRUNE: margin=-3.250000, optimistic_rem(widened)=0.000000 → cannot exceed 0.
[342.209s] PRUNE: margin=-3.250000, optimistic_rem(widened)=0.000000 → cannot exceed 0.
[342.406s] PRUNE: margin=-3.250000, optimistic_rem(widened)=0.000000 → cannot exceed 0.
[342.800s] PRUNE: margin=-3.250000, optimistic_rem(widened)=0.000000 → cannot exceed 0.
[342.997s] PRUNE: margin=-3.250000, optimistic_rem(widened)=0.000000 → cannot exceed 0.
[343.391s] PRUNE: margin=-2.750000, optimistic_rem(widened)=0.000000 → cannot exceed 0.
[343.981s] PRUNE: margin=-3.250000, optimistic_rem(widened)=1.375000 → cannot exceed 0.
[344.178s] PRUNE: margin=-3.250000, optimistic_rem(widened)=1.375000 → cannot exceed 0.
[344.375s] PRUNE: margin=-3.250000, optimistic_rem(widened)=1.375000 → cannot exceed 0.
[344.572s] PRUNE: margin=-3.250000, optimistic_rem(widened)=1.375000 → cannot exceed 0.
[344.769s] PRUNE: margin=-3.250000, optimistic_rem(widened)=1.375000 → cannot exceed 0.
[346.344s] PRUNE: margin=-3.250000, optimistic_rem(widened)=0.000000 → cannot exceed 0.
[346.541s] PRUNE: margin=-3.250000, optimistic_rem(widened)=0.000000 → cannot exceed 0.
[346.738s] PRUNE: margin=-3.250000, optimistic_rem(widened)=0.000000 → cannot exceed 0.
[346.945s] PRUNE: margin=-3.250000, optimistic_rem(widened)=0.000000 → cannot exceed 0.
[347.142s] PRUNE: margin=-3.250000, optimistic_rem(widened)=0.000000 → cannot exceed 0.
[347.339s] PRUNE: margin=-3.250000, optimistic_rem(widened)=0.000000 → cannot exceed 0.
[347.733s] PRUNE: margin=-3.250000, optimistic_rem(widened)=0.000000 → cannot exceed 0.
[347.930s] PRUNE: margin=-3.250000, optimistic_rem(widened)=0.000000 → cannot exceed 0.
[348.128s] PRUNE: margin=-3.250000, optimistic_rem(widened)=0.000000 → cannot exceed 0.
[348.325s] PRUNE: margin=-3.250000, optimistic_rem(widened)=0.000000 → cannot exceed 0.
[348.522s] PRUNE: margin=-3.250000, optimistic_rem(widened)=0.000000 → cannot exceed 0.
[348.719s] PRUNE: margin=-3.250000, optimistic_rem(widened)=0.000000 → cannot exceed 0.
[349.014s] PRUNE: margin=-3.250000, optimistic_rem(widened)=0.750000 → cannot exceed 0.
[349.211s] PRUNE: margin=-3.250000, optimistic_rem(widened)=0.750000 → cannot exceed 0.
[349.408s] PRUNE: margin=-3.250000, optimistic_rem(widened)=0.750000 → cannot exceed 0.
[349.605s] PRUNE: margin=-3.250000, optimistic_rem(widened)=0.750000 → cannot exceed 0.
[349.802s] PRUNE: margin=-3.250000, optimistic_rem(widened)=0.750000 → cannot exceed 0.
[350.492s] PRUNE: margin=-3.000000, optimistic_rem(widened)=0.000000 → cannot exceed 0.
[350.689s] PRUNE: margin=-3.000000, optimistic_rem(widened)=0.000000 → cannot exceed 0.
[350.886s] PRUNE: margin=-3.250000, optimistic_rem(widened)=0.000000 → cannot exceed 0.
[351.083s] PRUNE: margin=-3.250000, optimistic_rem(widened)=0.000000 → cannot exceed 0.
[351.280s] PRUNE: margin=-3.250000, optimistic_rem(widened)=0.000000 → cannot exceed 0.
[351.477s] PRUNE: margin=-3.250000, optimistic_rem(widened)=0.000000 → cannot exceed 0.
[351.773s] PRUNE: margin=-3.250000, optimistic_rem(widened)=0.750000 → cannot exceed 0.
[351.970s] PRUNE: margin=-3.250000, optimistic_rem(widened)=0.750000 → cannot exceed 0.
[352.167s] PRUNE: margin=-3.250000, optimistic_rem(widened)=0.750000 → cannot exceed 0.
[352.462s] PRUNE: margin=-3.250000, optimistic_rem(widened)=0.000000 → cannot exceed 0.
[352.659s] PRUNE: margin=-3.250000, optimistic_rem(widened)=0.000000 → cannot exceed 0.
[353.053s] PRUNE: margin=-3.250000, optimistic_rem(widened)=0.000000 → cannot exceed 0.
[353.841s] PRUNE: margin=-3.250000, optimistic_rem(widened)=0.000000 → cannot exceed 0.
[354.038s] PRUNE: margin=-3.250000, optimistic_rem(widened)=0.000000 → cannot exceed 0.
[354.235s] PRUNE: margin=-3.250000, optimistic_rem(widened)=0.000000 → cannot exceed 0.
[354.432s] PRUNE: margin=-3.250000, optimistic_rem(widened)=0.000000 → cannot exceed 0.
[354.629s] PRUNE: margin=-3.250000, optimistic_rem(widened)=0.000000 → cannot exceed 0.
[355.023s] PRUNE: margin=-3.250000, optimistic_rem(widened)=0.000000 → cannot exceed 0.
[355.220s] PRUNE: margin=-3.250000, optimistic_rem(widened)=0.000000 → cannot exceed 0.
[355.417s] PRUNE: margin=-3.250000, optimistic_rem(widened)=0.000000 → cannot exceed 0.
[355.614s] PRUNE: margin=-3.250000, optimistic_rem(widened)=0.000000 → cannot exceed 0.
[356.009s] PRUNE: margin=-3.250000, optimistic_rem(widened)=0.000000 → cannot exceed 0.
[356.206s] PRUNE: margin=-3.250000, optimistic_rem(widened)=0.000000 → cannot exceed 0.
[356.403s] PRUNE: margin=-3.250000, optimistic_rem(widened)=0.000000 → cannot exceed 0.
[356.797s] PRUNE: margin=-2.750000, optimistic_rem(widened)=0.000000 → cannot exceed 0.
[356.994s] PRUNE: margin=-3.250000, optimistic_rem(widened)=0.000000 → cannot exceed 0.
[357.388s] PRUNE: margin=-2.750000, optimistic_rem(widened)=0.000000 → cannot exceed 0.
[357.978s] PRUNE: margin=-3.250000, optimistic_rem(widened)=1.375000 → cannot exceed 0.
[358.175s] PRUNE: margin=-3.250000, optimistic_rem(widened)=1.375000 → cannot exceed 0.
[358.372s] PRUNE: margin=-3.250000, optimistic_rem(widened)=1.375000 → cannot exceed 0.
[358.569s] PRUNE: margin=-3.250000, optimistic_rem(widened)=1.375000 → cannot exceed 0.
[358.766s] PRUNE: margin=-3.250000, optimistic_rem(widened)=1.375000 → cannot exceed 0.
[359.554s] PRUNE: margin=-3.000000, optimistic_rem(widened)=0.000000 → cannot exceed 0.
[359.751s] PRUNE: margin=-3.000000, optimistic_rem(widened)=0.000000 → cannot exceed 0.
[359.948s] PRUNE: margin=-3.000000, optimistic_rem(widened)=0.000000 → cannot exceed 0.
[360.145s] PRUNE: margin=-3.000000, optimistic_rem(widened)=0.000000 → cannot exceed 0.
[360.342s] PRUNE: margin=-3.000000, optimistic_rem(widened)=0.000000 → cannot exceed 0.
[360.539s] PRUNE: margin=-3.000000, optimistic_rem(widened)=0.000000 → cannot exceed 0.
[360.933s] PRUNE: margin=-3.250000, optimistic_rem(widened)=0.000000 → cannot exceed 0.
[361.130s] PRUNE: margin=-3.250000, optimistic_rem(widened)=0.000000 → cannot exceed 0.
[361.327s] PRUNE: margin=-3.250000, optimistic_rem(widened)=0.000000 → cannot exceed 0.
[361.524s] PRUNE: margin=-3.250000, optimistic_rem(widened)=0.000000 → cannot exceed 0.
[361.721s] PRUNE: margin=-3.250000, optimistic_rem(widened)=0.000000 → cannot exceed 0.
[362.115s] PRUNE: margin=-3.250000, optimistic_rem(widened)=0.000000 → cannot exceed 0.
[362.312s] PRUNE: margin=-3.250000, optimistic_rem(widened)=0.000000 → cannot exceed 0.
[362.509s] PRUNE: margin=-3.250000, optimistic_rem(widened)=0.000000 → cannot exceed 0.
[362.706s] PRUNE: margin=-3.250000, optimistic_rem(widened)=0.000000 → cannot exceed 0.
[363.100s] PRUNE: margin=-3.250000, optimistic_rem(widened)=0.000000 → cannot exceed 0.
[363.297s] PRUNE: margin=-3.250000, optimistic_rem(widened)=0.000000 → cannot exceed 0.
[363.494s] PRUNE: margin=-3.250000, optimistic_rem(widened)=0.000000 → cannot exceed 0.
[363.888s] PRUNE: margin=-3.250000, optimistic_rem(widened)=0.000000 → cannot exceed 0.
[364.085s] PRUNE: margin=-3.250000, optimistic_rem(widened)=0.000000 → cannot exceed 0.
[364.479s] PRUNE: margin=-2.750000, optimistic_rem(widened)=0.000000 → cannot exceed 0.
[365.267s] PRUNE: margin=-3.250000, optimistic_rem(widened)=0.000000 → cannot exceed 0.
[365.465s] PRUNE: margin=-3.250000, optimistic_rem(widened)=0.000000 → cannot exceed 0.
[365.662s] PRUNE: margin=-3.250000, optimistic_rem(widened)=0.000000 → cannot exceed 0.
[365.859s] PRUNE: margin=-3.250000, optimistic_rem(widened)=0.000000 → cannot exceed 0.
[366.056s] PRUNE: margin=-3.250000, optimistic_rem(widened)=0.000000 → cannot exceed 0.
[366.450s] PRUNE: margin=-3.250000, optimistic_rem(widened)=0.000000 → cannot exceed 0.
[366.647s] PRUNE: margin=-3.250000, optimistic_rem(widened)=0.000000 → cannot exceed 0.
[366.845s] PRUNE: margin=-3.250000, optimistic_rem(widened)=0.000000 → cannot exceed 0.
[367.042s] PRUNE: margin=-3.250000, optimistic_rem(widened)=0.000000 → cannot exceed 0.
[367.436s] PRUNE: margin=-3.250000, optimistic_rem(widened)=0.000000 → cannot exceed 0.
[367.633s] PRUNE: margin=-3.250000, optimistic_rem(widened)=0.000000 → cannot exceed 0.
[367.830s] PRUNE: margin=-3.250000, optimistic_rem(widened)=0.000000 → cannot exceed 0.
[368.224s] PRUNE: margin=-2.750000, optimistic_rem(widened)=0.000000 → cannot exceed 0.
[368.421s] PRUNE: margin=-3.250000, optimistic_rem(widened)=0.000000 → cannot exceed 0.
[368.815s] PRUNE: margin=-2.750000, optimistic_rem(widened)=0.000000 → cannot exceed 0.
[369.406s] PRUNE: margin=-3.250000, optimistic_rem(widened)=1.375000 → cannot exceed 0.
[369.603s] PRUNE: margin=-3.250000, optimistic_rem(widened)=1.375000 → cannot exceed 0.
[369.800s] PRUNE: margin=-3.250000, optimistic_rem(widened)=1.375000 → cannot exceed 0.
[369.997s] PRUNE: margin=-3.250000, optimistic_rem(widened)=1.375000 → cannot exceed 0.
[370.194s] PRUNE: margin=-3.250000, optimistic_rem(widened)=1.375000 → cannot exceed 0.
[370.982s] PRUNE: margin=-3.062500, optimistic_rem(widened)=0.000000 → cannot exceed 0.
[371.179s] PRUNE: margin=-3.062500, optimistic_rem(widened)=0.000000 → cannot exceed 0.
[371.376s] PRUNE: margin=-3.000000, optimistic_rem(widened)=0.000000 → cannot exceed 0.
[371.573s] PRUNE: margin=-3.000000, optimistic_rem(widened)=0.000000 → cannot exceed 0.
[371.770s] PRUNE: margin=-3.000000, optimistic_rem(widened)=0.000000 → cannot exceed 0.
[372.164s] PRUNE: margin=-3.250000, optimistic_rem(widened)=0.000000 → cannot exceed 0.
[372.361s] PRUNE: margin=-3.250000, optimistic_rem(widened)=0.000000 → cannot exceed 0.
[372.558s] PRUNE: margin=-3.250000, optimistic_rem(widened)=0.000000 → cannot exceed 0.
[372.755s] PRUNE: margin=-3.250000, optimistic_rem(widened)=0.000000 → cannot exceed 0.
[373.149s] PRUNE: margin=-3.250000, optimistic_rem(widened)=0.000000 → cannot exceed 0.
[373.346s] PRUNE: margin=-3.250000, optimistic_rem(widened)=0.000000 → cannot exceed 0.
[373.544s] PRUNE: margin=-3.250000, optimistic_rem(widened)=0.000000 → cannot exceed 0.
[373.938s] PRUNE: margin=-3.250000, optimistic_rem(widened)=0.000000 → cannot exceed 0.
[374.135s] PRUNE: margin=-3.250000, optimistic_rem(widened)=0.000000 → cannot exceed 0.
[374.529s] PRUNE: margin=-3.250000, optimistic_rem(widened)=0.000000 → cannot exceed 0.
[375.119s] PRUNE: margin=-3.250000, optimistic_rem(widened)=1.375000 → cannot exceed 0.
[375.332s] PRUNE: margin=-3.250000, optimistic_rem(widened)=1.375000 → cannot exceed 0.
[375.533s] PRUNE: margin=-3.250000, optimistic_rem(widened)=1.375000 → cannot exceed 0.
[375.730s] PRUNE: margin=-3.250000, optimistic_rem(widened)=1.375000 → cannot exceed 0.
[376.912s] PRUNE: margin=-3.250000, optimistic_rem(widened)=0.000000 → cannot exceed 0.
[377.109s] PRUNE: margin=-3.250000, optimistic_rem(widened)=0.000000 → cannot exceed 0.
[377.307s] PRUNE: margin=-3.250000, optimistic_rem(widened)=0.000000 → cannot exceed 0.
[377.504s] PRUNE: margin=-3.250000, optimistic_rem(widened)=0.000000 → cannot exceed 0.
[377.898s] PRUNE: margin=-3.250000, optimistic_rem(widened)=0.000000 → cannot exceed 0.
[378.095s] PRUNE: margin=-3.250000, optimistic_rem(widened)=0.000000 → cannot exceed 0.
[378.292s] PRUNE: margin=-3.250000, optimistic_rem(widened)=0.000000 → cannot exceed 0.
[378.686s] PRUNE: margin=-3.250000, optimistic_rem(widened)=0.000000 → cannot exceed 0.
[378.883s] PRUNE: margin=-3.250000, optimistic_rem(widened)=0.000000 → cannot exceed 0.
[379.277s] PRUNE: margin=-2.750000, optimistic_rem(widened)=0.000000 → cannot exceed 0.
[380.065s] PRUNE: margin=-3.250000, optimistic_rem(widened)=0.000000 → cannot exceed 0.
[380.262s] PRUNE: margin=-3.250000, optimistic_rem(widened)=0.000000 → cannot exceed 0.
[380.459s] PRUNE: margin=-3.250000, optimistic_rem(widened)=0.000000 → cannot exceed 0.
[380.853s] PRUNE: margin=-3.250000, optimistic_rem(widened)=0.000000 → cannot exceed 0.
[381.050s] PRUNE: margin=-3.250000, optimistic_rem(widened)=0.000000 → cannot exceed 0.
[381.444s] PRUNE: margin=-2.750000, optimistic_rem(widened)=0.000000 → cannot exceed 0.
[382.232s] PRUNE: margin=-2.750000, optimistic_rem(widened)=0.000000 → cannot exceed 0.
[382.429s] PRUNE: margin=-3.250000, optimistic_rem(widened)=0.000000 → cannot exceed 0.
[382.823s] PRUNE: margin=-2.750000, optimistic_rem(widened)=0.000000 → cannot exceed 0.
[383.611s] PRUNE: margin=-2.750000, optimistic_rem(widened)=0.000000 → cannot exceed 0.
[396.408s] No counterexample within budgets (BaB): no misclassification found.
STATUS: No counterexample | best_upper_margin=22.437500 | elapsed=396.408s | pixels_changed=0 | total_bit_flips=0 | avg_hamming_per_pixel=0.000000 | patch_rows=4-10 | patch_cols=6-15 | note=no_counterexample_within_budgets
