[  0.000s] init: idx=847 kmax=2 bmax=4 topx=2 widen=1.000 rank_fast=off
clean logits (hex):  0x83  0x90  0xde  0x72  0x89  0xa2  0x87  0x87  0x20  0x92
clean logits (bits): 10000011 10010000 11011110 01110010 10001001 10100010 10000111 10000111 00100000 10010010
clean logits (double): -24.000000 -4.000000 -0.531250 +5.000000 -7.500000 -1.937500 -10.000000 -10.000000 +0.500000 -3.750000
[  0.009s] clean prediction: 3 (true label 3)
[ 37.621s] selection: nSym=2 (from 784), topx=2, rank_fast=off
[ 37.621s] active patch: rows 14-17, cols 16-21 (derived from symPix)
[ 38.179s] Proceeding to BaB (greedy enabled).
[ 38.179s] Skipping root bound check (--no-root-bound).
[ 38.179s] BaB search starting (K≤2, B≤4, nSym=2, depth_limit=500000000, widen=1.00)...
[ 38.378s] PRUNE: margin=-3.781250, optimistic_rem(widened)=3.281250 → cannot exceed 0.
[ 38.577s] PRUNE: margin=-3.781250, optimistic_rem(widened)=3.281250 → cannot exceed 0.
[ 38.776s] PRUNE: margin=-3.781250, optimistic_rem(widened)=3.281250 → cannot exceed 0.
[ 38.975s] PRUNE: margin=-3.781250, optimistic_rem(widened)=3.281250 → cannot exceed 0.
[ 39.173s] PRUNE: margin=-3.781250, optimistic_rem(widened)=3.281250 → cannot exceed 0.
[ 39.373s] PRUNE: margin=-3.781250, optimistic_rem(widened)=3.281250 → cannot exceed 0.
[ 39.571s] PRUNE: margin=-3.781250, optimistic_rem(widened)=3.531250 → cannot exceed 0.
[ 39.770s] PRUNE: margin=-3.781250, optimistic_rem(widened)=3.531250 → cannot exceed 0.
[ 39.968s] PRUNE: margin=-3.781250, optimistic_rem(widened)=3.531250 → cannot exceed 0.
[ 40.167s] PRUNE: margin=-3.781250, optimistic_rem(widened)=3.531250 → cannot exceed 0.
[ 40.365s] PRUNE: margin=-3.781250, optimistic_rem(widened)=3.281250 → cannot exceed 0.
[ 40.663s] PRUNE: margin=-3.781250, optimistic_rem(widened)=3.562500 → cannot exceed 0.
[ 40.862s] PRUNE: margin=-3.781250, optimistic_rem(widened)=0.562500 → cannot exceed 0.
[ 41.060s] PRUNE: margin=-3.781250, optimistic_rem(widened)=0.562500 → cannot exceed 0.
[ 41.259s] PRUNE: margin=-3.781250, optimistic_rem(widened)=0.562500 → cannot exceed 0.
[ 41.656s] PRUNE: margin=-3.781250, optimistic_rem(widened)=0.562500 → cannot exceed 0.
[ 41.854s] PRUNE: margin=-3.781250, optimistic_rem(widened)=0.562500 → cannot exceed 0.
[ 42.053s] PRUNE: margin=-3.781250, optimistic_rem(widened)=0.562500 → cannot exceed 0.
[ 42.549s] PRUNE: margin=-3.781250, optimistic_rem(widened)=3.531250 → cannot exceed 0.
[ 43.641s] No counterexample within budgets (BaB): no misclassification found.
STATUS: No counterexample | best_upper_margin=6.750000 | elapsed=43.641s | pixels_changed=0 | total_bit_flips=0 | avg_hamming_per_pixel=0.000000 | patch_rows=14-17 | patch_cols=16-21 | note=no_counterexample_within_budgets
