[  0.000s] init: idx=4167 kmax=2 bmax=4 topx=2 widen=1.000 rank_fast=off
clean logits (hex):  0x8d  0x8e  0x70  0x10  0x85  0x9b  0x90  0x88  0x54  0x87
clean logits (bits): 10001101 10001110 01110000 00010000 10000101 10011011 10010000 10001000 01010100 10000111
clean logits (double): -5.500000 -5.000000 +4.000000 +0.250000 -14.000000 -2.625000 -4.000000 -8.000000 +1.625000 -10.000000
[  0.008s] clean prediction: 2 (true label 2)
[ 37.949s] selection: nSym=2 (from 784), topx=2, rank_fast=off
[ 37.949s] active patch: rows 11-12, cols 13-15 (derived from symPix)
[ 38.409s] Proceeding to BaB (greedy enabled).
[ 38.409s] Skipping root bound check (--no-root-bound).
[ 38.409s] BaB search starting (K≤2, B≤4, nSym=2, depth_limit=500000000, widen=1.00)...
[ 38.906s] PRUNE: margin=-1.937500, optimistic_rem(widened)=0.000000 → cannot exceed 0.
[ 41.591s] PRUNE: margin=-1.937500, optimistic_rem(widened)=0.000000 → cannot exceed 0.
[ 41.790s] PRUNE: margin=-1.937500, optimistic_rem(widened)=0.000000 → cannot exceed 0.
[ 41.989s] PRUNE: margin=-1.937500, optimistic_rem(widened)=0.000000 → cannot exceed 0.
[ 42.188s] PRUNE: margin=-1.875000, optimistic_rem(widened)=0.000000 → cannot exceed 0.
[ 42.387s] PRUNE: margin=-2.187500, optimistic_rem(widened)=2.125000 → cannot exceed 0.
[ 42.586s] PRUNE: margin=-2.187500, optimistic_rem(widened)=2.125000 → cannot exceed 0.
[ 42.785s] PRUNE: margin=-2.187500, optimistic_rem(widened)=2.125000 → cannot exceed 0.
[ 42.983s] PRUNE: margin=-2.187500, optimistic_rem(widened)=0.000000 → cannot exceed 0.
[ 43.182s] PRUNE: margin=-2.187500, optimistic_rem(widened)=0.000000 → cannot exceed 0.
[ 43.381s] PRUNE: margin=-2.187500, optimistic_rem(widened)=0.000000 → cannot exceed 0.
[ 43.779s] PRUNE: margin=-1.937500, optimistic_rem(widened)=0.000000 → cannot exceed 0.
[ 43.978s] PRUNE: margin=-1.937500, optimistic_rem(widened)=0.000000 → cannot exceed 0.
[ 44.177s] PRUNE: margin=-1.937500, optimistic_rem(widened)=0.000000 → cannot exceed 0.
[ 44.376s] PRUNE: margin=-1.937500, optimistic_rem(widened)=0.000000 → cannot exceed 0.
[ 44.575s] PRUNE: margin=-1.937500, optimistic_rem(widened)=0.000000 → cannot exceed 0.
[ 47.359s] PRUNE: margin=-1.937500, optimistic_rem(widened)=0.000000 → cannot exceed 0.
[ 47.557s] PRUNE: margin=-1.937500, optimistic_rem(widened)=0.000000 → cannot exceed 0.
[ 47.756s] PRUNE: margin=-1.937500, optimistic_rem(widened)=0.000000 → cannot exceed 0.
[ 48.154s] PRUNE: margin=-1.937500, optimistic_rem(widened)=0.000000 → cannot exceed 0.
[ 48.353s] PRUNE: margin=-2.187500, optimistic_rem(widened)=0.000000 → cannot exceed 0.
[ 48.552s] PRUNE: margin=-1.937500, optimistic_rem(widened)=0.000000 → cannot exceed 0.
[ 48.751s] PRUNE: margin=-1.937500, optimistic_rem(widened)=0.000000 → cannot exceed 0.
[ 48.950s] PRUNE: margin=-1.937500, optimistic_rem(widened)=0.000000 → cannot exceed 0.
[ 49.149s] PRUNE: margin=-1.937500, optimistic_rem(widened)=0.000000 → cannot exceed 0.
[ 49.348s] PRUNE: margin=-1.937500, optimistic_rem(widened)=0.000000 → cannot exceed 0.
[ 49.547s] PRUNE: margin=-1.937500, optimistic_rem(widened)=0.000000 → cannot exceed 0.
[ 49.746s] PRUNE: margin=-1.937500, optimistic_rem(widened)=0.000000 → cannot exceed 0.
[ 49.945s] PRUNE: margin=-1.937500, optimistic_rem(widened)=0.000000 → cannot exceed 0.
[ 50.144s] PRUNE: margin=-1.937500, optimistic_rem(widened)=0.000000 → cannot exceed 0.
[ 50.542s] PRUNE: margin=-1.875000, optimistic_rem(widened)=0.000000 → cannot exceed 0.
[ 50.740s] PRUNE: margin=-2.187500, optimistic_rem(widened)=0.000000 → cannot exceed 0.
[ 50.939s] PRUNE: margin=-1.875000, optimistic_rem(widened)=0.000000 → cannot exceed 0.
[ 51.138s] PRUNE: margin=-1.875000, optimistic_rem(widened)=0.000000 → cannot exceed 0.
[ 51.337s] PRUNE: margin=-1.875000, optimistic_rem(widened)=0.000000 → cannot exceed 0.
[ 51.540s] PRUNE: margin=-1.875000, optimistic_rem(widened)=0.000000 → cannot exceed 0.
[ 51.739s] PRUNE: margin=-1.875000, optimistic_rem(widened)=0.000000 → cannot exceed 0.
[ 51.938s] PRUNE: margin=-1.875000, optimistic_rem(widened)=0.000000 → cannot exceed 0.
[ 52.137s] PRUNE: margin=-1.875000, optimistic_rem(widened)=0.000000 → cannot exceed 0.
[ 52.336s] PRUNE: margin=-1.875000, optimistic_rem(widened)=0.000000 → cannot exceed 0.
[ 52.634s] PRUNE: margin=-2.187500, optimistic_rem(widened)=2.125000 → cannot exceed 0.
[ 52.932s] PRUNE: margin=-2.187500, optimistic_rem(widened)=2.125000 → cannot exceed 0.
[ 53.131s] PRUNE: margin=-2.187500, optimistic_rem(widened)=2.125000 → cannot exceed 0.
[ 53.330s] PRUNE: margin=-2.187500, optimistic_rem(widened)=0.000000 → cannot exceed 0.
[ 53.529s] PRUNE: margin=-2.187500, optimistic_rem(widened)=0.000000 → cannot exceed 0.
[ 53.728s] PRUNE: margin=-2.187500, optimistic_rem(widened)=0.000000 → cannot exceed 0.
[ 53.927s] PRUNE: margin=-2.187500, optimistic_rem(widened)=0.000000 → cannot exceed 0.
[ 54.126s] PRUNE: margin=-2.187500, optimistic_rem(widened)=0.000000 → cannot exceed 0.
[ 54.325s] PRUNE: margin=-2.187500, optimistic_rem(widened)=2.125000 → cannot exceed 0.
[ 54.722s] PRUNE: margin=-2.187500, optimistic_rem(widened)=2.125000 → cannot exceed 0.
[ 54.921s] PRUNE: margin=-2.187500, optimistic_rem(widened)=0.000000 → cannot exceed 0.
[ 55.120s] PRUNE: margin=-2.187500, optimistic_rem(widened)=0.000000 → cannot exceed 0.
[ 55.319s] PRUNE: margin=-2.187500, optimistic_rem(widened)=0.000000 → cannot exceed 0.
[ 55.518s] PRUNE: margin=-2.187500, optimistic_rem(widened)=0.000000 → cannot exceed 0.
[ 55.718s] PRUNE: margin=-2.187500, optimistic_rem(widened)=0.000000 → cannot exceed 0.
[ 55.917s] PRUNE: margin=-2.187500, optimistic_rem(widened)=2.125000 → cannot exceed 0.
[ 56.315s] PRUNE: margin=-2.187500, optimistic_rem(widened)=2.125000 → cannot exceed 0.
[ 56.514s] PRUNE: margin=-2.187500, optimistic_rem(widened)=0.000000 → cannot exceed 0.
[ 56.712s] PRUNE: margin=-2.187500, optimistic_rem(widened)=0.000000 → cannot exceed 0.
[ 56.911s] PRUNE: margin=-2.187500, optimistic_rem(widened)=0.000000 → cannot exceed 0.
[ 57.110s] PRUNE: margin=-2.187500, optimistic_rem(widened)=0.000000 → cannot exceed 0.
[ 57.309s] PRUNE: margin=-2.187500, optimistic_rem(widened)=0.000000 → cannot exceed 0.
[ 57.707s] PRUNE: margin=-2.187500, optimistic_rem(widened)=0.000000 → cannot exceed 0.
[ 57.906s] PRUNE: margin=-2.187500, optimistic_rem(widened)=0.000000 → cannot exceed 0.
[ 58.105s] PRUNE: margin=-2.187500, optimistic_rem(widened)=0.000000 → cannot exceed 0.
[ 58.304s] PRUNE: margin=-2.187500, optimistic_rem(widened)=0.000000 → cannot exceed 0.
[ 58.503s] PRUNE: margin=-2.187500, optimistic_rem(widened)=0.000000 → cannot exceed 0.
[ 58.801s] PRUNE: margin=-2.187500, optimistic_rem(widened)=2.000000 → cannot exceed 0.
[ 59.000s] PRUNE: margin=-2.187500, optimistic_rem(widened)=2.000000 → cannot exceed 0.
[ 59.199s] PRUNE: margin=-2.187500, optimistic_rem(widened)=2.000000 → cannot exceed 0.
[ 59.398s] PRUNE: margin=-2.187500, optimistic_rem(widened)=2.000000 → cannot exceed 0.
[ 59.597s] PRUNE: margin=-2.187500, optimistic_rem(widened)=2.125000 → cannot exceed 0.
[ 59.995s] PRUNE: margin=-2.375000, optimistic_rem(widened)=1.000000 → cannot exceed 0.
[ 60.194s] PRUNE: margin=-2.375000, optimistic_rem(widened)=1.000000 → cannot exceed 0.
[ 60.393s] PRUNE: margin=-2.343750, optimistic_rem(widened)=1.000000 → cannot exceed 0.
[ 60.592s] PRUNE: margin=-2.343750, optimistic_rem(widened)=0.500000 → cannot exceed 0.
[ 60.791s] PRUNE: margin=-2.375000, optimistic_rem(widened)=1.000000 → cannot exceed 0.
[ 60.990s] PRUNE: margin=-2.375000, optimistic_rem(widened)=1.000000 → cannot exceed 0.
[ 61.189s] PRUNE: margin=-2.375000, optimistic_rem(widened)=1.000000 → cannot exceed 0.
[ 61.388s] PRUNE: margin=-2.312500, optimistic_rem(widened)=1.500000 → cannot exceed 0.
[ 61.587s] PRUNE: margin=-2.468750, optimistic_rem(widened)=1.375000 → cannot exceed 0.
[ 61.786s] PRUNE: margin=-2.468750, optimistic_rem(widened)=1.375000 → cannot exceed 0.
[ 61.985s] PRUNE: margin=-2.468750, optimistic_rem(widened)=1.375000 → cannot exceed 0.
[ 62.184s] PRUNE: margin=-2.468750, optimistic_rem(widened)=1.375000 → cannot exceed 0.
[ 62.383s] PRUNE: margin=-2.468750, optimistic_rem(widened)=1.375000 → cannot exceed 0.
[ 62.781s] PRUNE: margin=-2.375000, optimistic_rem(widened)=1.500000 → cannot exceed 0.
[ 62.980s] PRUNE: margin=-2.375000, optimistic_rem(widened)=1.500000 → cannot exceed 0.
[ 63.178s] PRUNE: margin=-2.437500, optimistic_rem(widened)=1.500000 → cannot exceed 0.
[ 63.377s] PRUNE: margin=-2.406250, optimistic_rem(widened)=1.500000 → cannot exceed 0.
[ 63.577s] PRUNE: margin=-2.406250, optimistic_rem(widened)=1.500000 → cannot exceed 0.
[ 63.776s] PRUNE: margin=-2.406250, optimistic_rem(widened)=1.500000 → cannot exceed 0.
[ 63.975s] PRUNE: margin=-2.406250, optimistic_rem(widened)=1.500000 → cannot exceed 0.
[ 64.174s] PRUNE: margin=-2.406250, optimistic_rem(widened)=1.500000 → cannot exceed 0.
[ 64.373s] PRUNE: margin=-2.406250, optimistic_rem(widened)=1.500000 → cannot exceed 0.
[ 64.572s] PRUNE: margin=-2.406250, optimistic_rem(widened)=1.500000 → cannot exceed 0.
[ 64.771s] PRUNE: margin=-2.406250, optimistic_rem(widened)=1.500000 → cannot exceed 0.
[ 64.970s] PRUNE: margin=-2.406250, optimistic_rem(widened)=1.500000 → cannot exceed 0.
[ 65.368s] PRUNE: margin=-2.187500, optimistic_rem(widened)=1.500000 → cannot exceed 0.
[ 65.566s] PRUNE: margin=-2.375000, optimistic_rem(widened)=1.500000 → cannot exceed 0.
[ 65.765s] PRUNE: margin=-2.375000, optimistic_rem(widened)=1.500000 → cannot exceed 0.
[ 65.964s] PRUNE: margin=-2.375000, optimistic_rem(widened)=1.500000 → cannot exceed 0.
[ 66.163s] PRUNE: margin=-2.375000, optimistic_rem(widened)=1.500000 → cannot exceed 0.
[ 66.362s] PRUNE: margin=-2.375000, optimistic_rem(widened)=1.500000 → cannot exceed 0.
[ 66.561s] PRUNE: margin=-2.375000, optimistic_rem(widened)=1.500000 → cannot exceed 0.
[ 66.760s] PRUNE: margin=-2.375000, optimistic_rem(widened)=1.500000 → cannot exceed 0.
[ 66.959s] PRUNE: margin=-2.375000, optimistic_rem(widened)=1.500000 → cannot exceed 0.
[ 67.158s] PRUNE: margin=-2.375000, optimistic_rem(widened)=1.500000 → cannot exceed 0.
[ 67.357s] PRUNE: margin=-2.375000, optimistic_rem(widened)=1.500000 → cannot exceed 0.
[ 67.756s] PRUNE: margin=-2.187500, optimistic_rem(widened)=1.375000 → cannot exceed 0.
[ 67.955s] PRUNE: margin=-2.187500, optimistic_rem(widened)=1.375000 → cannot exceed 0.
[ 68.154s] PRUNE: margin=-2.187500, optimistic_rem(widened)=1.500000 → cannot exceed 0.
[ 68.353s] PRUNE: margin=-2.187500, optimistic_rem(widened)=1.500000 → cannot exceed 0.
[ 68.552s] PRUNE: margin=-2.375000, optimistic_rem(widened)=1.375000 → cannot exceed 0.
[ 68.751s] PRUNE: margin=-2.343750, optimistic_rem(widened)=1.375000 → cannot exceed 0.
[ 68.950s] PRUNE: margin=-2.343750, optimistic_rem(widened)=1.375000 → cannot exceed 0.
[ 69.149s] PRUNE: margin=-2.343750, optimistic_rem(widened)=1.375000 → cannot exceed 0.
[ 69.348s] PRUNE: margin=-2.343750, optimistic_rem(widened)=1.375000 → cannot exceed 0.
[ 69.547s] PRUNE: margin=-2.343750, optimistic_rem(widened)=1.375000 → cannot exceed 0.
[ 69.846s] PRUNE: margin=-2.375000, optimistic_rem(widened)=2.375000 → cannot exceed 0.
[ 70.244s] PRUNE: margin=-2.187500, optimistic_rem(widened)=1.375000 → cannot exceed 0.
[ 70.442s] PRUNE: margin=-2.187500, optimistic_rem(widened)=1.375000 → cannot exceed 0.
[ 70.641s] PRUNE: margin=-2.187500, optimistic_rem(widened)=1.375000 → cannot exceed 0.
[ 70.840s] PRUNE: margin=-2.187500, optimistic_rem(widened)=1.375000 → cannot exceed 0.
[ 71.039s] PRUNE: margin=-2.187500, optimistic_rem(widened)=0.000000 → cannot exceed 0.
[ 71.238s] PRUNE: margin=-2.187500, optimistic_rem(widened)=0.000000 → cannot exceed 0.
[ 71.437s] PRUNE: margin=-2.187500, optimistic_rem(widened)=0.000000 → cannot exceed 0.
[ 71.835s] PRUNE: margin=-2.187500, optimistic_rem(widened)=1.375000 → cannot exceed 0.
[ 72.034s] PRUNE: margin=-2.187500, optimistic_rem(widened)=1.375000 → cannot exceed 0.
[ 72.233s] PRUNE: margin=-2.187500, optimistic_rem(widened)=1.375000 → cannot exceed 0.
[ 72.432s] PRUNE: margin=-2.187500, optimistic_rem(widened)=0.000000 → cannot exceed 0.
[ 72.631s] PRUNE: margin=-2.187500, optimistic_rem(widened)=0.000000 → cannot exceed 0.
[ 72.830s] PRUNE: margin=-2.187500, optimistic_rem(widened)=0.000000 → cannot exceed 0.
[ 73.228s] PRUNE: margin=-2.187500, optimistic_rem(widened)=1.375000 → cannot exceed 0.
[ 73.427s] PRUNE: margin=-2.187500, optimistic_rem(widened)=1.375000 → cannot exceed 0.
[ 73.626s] PRUNE: margin=-2.187500, optimistic_rem(widened)=0.000000 → cannot exceed 0.
[ 73.825s] PRUNE: margin=-2.187500, optimistic_rem(widened)=0.000000 → cannot exceed 0.
[ 74.024s] PRUNE: margin=-2.187500, optimistic_rem(widened)=0.000000 → cannot exceed 0.
[ 74.422s] PRUNE: margin=-2.187500, optimistic_rem(widened)=0.000000 → cannot exceed 0.
[ 74.621s] PRUNE: margin=-2.187500, optimistic_rem(widened)=1.375000 → cannot exceed 0.
[ 74.820s] PRUNE: margin=-2.187500, optimistic_rem(widened)=0.000000 → cannot exceed 0.
[ 75.019s] PRUNE: margin=-2.187500, optimistic_rem(widened)=0.000000 → cannot exceed 0.
[ 75.417s] PRUNE: margin=-2.187500, optimistic_rem(widened)=0.000000 → cannot exceed 0.
[ 75.616s] PRUNE: margin=-2.187500, optimistic_rem(widened)=0.000000 → cannot exceed 0.
[ 75.815s] PRUNE: margin=-2.187500, optimistic_rem(widened)=0.000000 → cannot exceed 0.
[ 76.113s] PRUNE: margin=-2.187500, optimistic_rem(widened)=1.000000 → cannot exceed 0.
[ 76.312s] PRUNE: margin=-2.187500, optimistic_rem(widened)=1.000000 → cannot exceed 0.
[ 76.511s] PRUNE: margin=-2.187500, optimistic_rem(widened)=1.375000 → cannot exceed 0.
[ 77.008s] PRUNE: margin=-2.187500, optimistic_rem(widened)=1.375000 → cannot exceed 0.
[ 77.207s] PRUNE: margin=-2.187500, optimistic_rem(widened)=1.375000 → cannot exceed 0.
[ 77.406s] PRUNE: margin=-2.187500, optimistic_rem(widened)=1.375000 → cannot exceed 0.
[ 77.606s] PRUNE: margin=-2.187500, optimistic_rem(widened)=0.000000 → cannot exceed 0.
[ 77.805s] PRUNE: margin=-2.187500, optimistic_rem(widened)=0.000000 → cannot exceed 0.
[ 78.004s] PRUNE: margin=-2.187500, optimistic_rem(widened)=0.000000 → cannot exceed 0.
[ 78.401s] PRUNE: margin=-2.187500, optimistic_rem(widened)=1.375000 → cannot exceed 0.
[ 78.600s] PRUNE: margin=-2.187500, optimistic_rem(widened)=1.375000 → cannot exceed 0.
[ 78.799s] PRUNE: margin=-2.187500, optimistic_rem(widened)=0.000000 → cannot exceed 0.
[ 78.998s] PRUNE: margin=-2.187500, optimistic_rem(widened)=0.000000 → cannot exceed 0.
[ 79.197s] PRUNE: margin=-2.187500, optimistic_rem(widened)=0.000000 → cannot exceed 0.
[ 79.595s] PRUNE: margin=-2.187500, optimistic_rem(widened)=0.000000 → cannot exceed 0.
[ 79.794s] PRUNE: margin=-2.187500, optimistic_rem(widened)=1.375000 → cannot exceed 0.
[ 79.993s] PRUNE: margin=-2.187500, optimistic_rem(widened)=0.000000 → cannot exceed 0.
[ 80.192s] PRUNE: margin=-2.187500, optimistic_rem(widened)=0.000000 → cannot exceed 0.
[ 80.590s] PRUNE: margin=-2.187500, optimistic_rem(widened)=0.000000 → cannot exceed 0.
[ 80.789s] PRUNE: margin=-2.187500, optimistic_rem(widened)=0.000000 → cannot exceed 0.
[ 80.988s] PRUNE: margin=-2.187500, optimistic_rem(widened)=0.000000 → cannot exceed 0.
[ 81.287s] PRUNE: margin=-2.187500, optimistic_rem(widened)=1.000000 → cannot exceed 0.
[ 81.486s] PRUNE: margin=-2.187500, optimistic_rem(widened)=1.000000 → cannot exceed 0.
[ 81.685s] PRUNE: margin=-2.187500, optimistic_rem(widened)=1.375000 → cannot exceed 0.
[ 82.182s] PRUNE: margin=-2.187500, optimistic_rem(widened)=1.375000 → cannot exceed 0.
[ 82.381s] PRUNE: margin=-2.187500, optimistic_rem(widened)=1.375000 → cannot exceed 0.
[ 82.580s] PRUNE: margin=-2.187500, optimistic_rem(widened)=0.000000 → cannot exceed 0.
[ 82.779s] PRUNE: margin=-2.187500, optimistic_rem(widened)=0.000000 → cannot exceed 0.
[ 82.978s] PRUNE: margin=-2.187500, optimistic_rem(widened)=0.000000 → cannot exceed 0.
[ 83.376s] PRUNE: margin=-2.187500, optimistic_rem(widened)=1.375000 → cannot exceed 0.
[ 83.575s] PRUNE: margin=-2.187500, optimistic_rem(widened)=0.000000 → cannot exceed 0.
[ 83.774s] PRUNE: margin=-2.187500, optimistic_rem(widened)=0.000000 → cannot exceed 0.
[ 83.973s] PRUNE: margin=-2.187500, optimistic_rem(widened)=0.000000 → cannot exceed 0.
[ 84.371s] PRUNE: margin=-2.187500, optimistic_rem(widened)=0.000000 → cannot exceed 0.
[ 84.570s] PRUNE: margin=-2.187500, optimistic_rem(widened)=0.000000 → cannot exceed 0.
[ 84.769s] PRUNE: margin=-2.187500, optimistic_rem(widened)=0.000000 → cannot exceed 0.
[ 85.067s] PRUNE: margin=-2.187500, optimistic_rem(widened)=1.375000 → cannot exceed 0.
[ 85.266s] PRUNE: margin=-2.187500, optimistic_rem(widened)=1.375000 → cannot exceed 0.
[ 85.465s] PRUNE: margin=-2.187500, optimistic_rem(widened)=1.375000 → cannot exceed 0.
[ 85.962s] PRUNE: margin=-2.187500, optimistic_rem(widened)=1.375000 → cannot exceed 0.
[ 86.161s] PRUNE: margin=-2.187500, optimistic_rem(widened)=0.000000 → cannot exceed 0.
[ 86.360s] PRUNE: margin=-2.187500, optimistic_rem(widened)=0.000000 → cannot exceed 0.
[ 86.559s] PRUNE: margin=-2.187500, optimistic_rem(widened)=0.000000 → cannot exceed 0.
[ 86.957s] PRUNE: margin=-2.187500, optimistic_rem(widened)=0.000000 → cannot exceed 0.
[ 87.156s] PRUNE: margin=-2.187500, optimistic_rem(widened)=0.000000 → cannot exceed 0.
[ 87.355s] PRUNE: margin=-2.187500, optimistic_rem(widened)=0.000000 → cannot exceed 0.
[ 87.653s] PRUNE: margin=-2.187500, optimistic_rem(widened)=1.375000 → cannot exceed 0.
[ 87.852s] PRUNE: margin=-2.187500, optimistic_rem(widened)=1.375000 → cannot exceed 0.
[ 88.051s] PRUNE: margin=-2.187500, optimistic_rem(widened)=1.375000 → cannot exceed 0.
[ 88.449s] PRUNE: margin=-2.187500, optimistic_rem(widened)=1.375000 → cannot exceed 0.
[ 88.648s] PRUNE: margin=-2.187500, optimistic_rem(widened)=1.375000 → cannot exceed 0.
[ 88.847s] PRUNE: margin=-2.187500, optimistic_rem(widened)=1.375000 → cannot exceed 0.
[ 89.443s] PRUNE: margin=-2.187500, optimistic_rem(widened)=1.500000 → cannot exceed 0.
[ 89.642s] PRUNE: margin=-2.187500, optimistic_rem(widened)=1.500000 → cannot exceed 0.
[ 89.842s] PRUNE: margin=-2.187500, optimistic_rem(widened)=1.500000 → cannot exceed 0.
[ 90.140s] PRUNE: margin=-2.187500, optimistic_rem(widened)=1.328125 → cannot exceed 0.
[ 90.339s] PRUNE: margin=-2.187500, optimistic_rem(widened)=1.328125 → cannot exceed 0.
[ 90.538s] PRUNE: margin=-2.187500, optimistic_rem(widened)=1.328125 → cannot exceed 0.
[ 90.935s] PRUNE: margin=-2.187500, optimistic_rem(widened)=0.812500 → cannot exceed 0.
[ 91.234s] PRUNE: margin=-2.187500, optimistic_rem(widened)=1.000000 → cannot exceed 0.
[ 91.433s] PRUNE: margin=-2.187500, optimistic_rem(widened)=2.125000 → cannot exceed 0.
[ 91.632s] PRUNE: margin=-2.187500, optimistic_rem(widened)=2.000000 → cannot exceed 0.
[ 91.831s] PRUNE: margin=-2.187500, optimistic_rem(widened)=2.000000 → cannot exceed 0.
[ 92.030s] PRUNE: margin=-2.187500, optimistic_rem(widened)=2.000000 → cannot exceed 0.
[ 92.229s] PRUNE: margin=-2.187500, optimistic_rem(widened)=2.000000 → cannot exceed 0.
[ 92.428s] PRUNE: margin=-2.187500, optimistic_rem(widened)=2.000000 → cannot exceed 0.
[ 92.627s] PRUNE: margin=-2.187500, optimistic_rem(widened)=2.000000 → cannot exceed 0.
[ 92.826s] PRUNE: margin=-2.187500, optimistic_rem(widened)=2.000000 → cannot exceed 0.
[ 93.025s] PRUNE: margin=-2.187500, optimistic_rem(widened)=2.125000 → cannot exceed 0.
[ 93.225s] PRUNE: margin=-2.187500, optimistic_rem(widened)=2.000000 → cannot exceed 0.
[ 93.424s] PRUNE: margin=-2.187500, optimistic_rem(widened)=2.000000 → cannot exceed 0.
[ 93.822s] PRUNE: margin=-2.187500, optimistic_rem(widened)=1.375000 → cannot exceed 0.
[ 94.021s] PRUNE: margin=-2.187500, optimistic_rem(widened)=1.375000 → cannot exceed 0.
[ 94.220s] PRUNE: margin=-2.187500, optimistic_rem(widened)=1.375000 → cannot exceed 0.
[ 94.419s] PRUNE: margin=-2.187500, optimistic_rem(widened)=1.500000 → cannot exceed 0.
[ 94.618s] PRUNE: margin=-2.312500, optimistic_rem(widened)=1.375000 → cannot exceed 0.
[ 94.817s] PRUNE: margin=-2.312500, optimistic_rem(widened)=1.375000 → cannot exceed 0.
[ 95.116s] PRUNE: margin=-2.312500, optimistic_rem(widened)=1.375000 → cannot exceed 0.
[ 95.315s] PRUNE: margin=-2.312500, optimistic_rem(widened)=1.375000 → cannot exceed 0.
[ 95.514s] PRUNE: margin=-2.312500, optimistic_rem(widened)=1.500000 → cannot exceed 0.
[ 95.713s] PRUNE: margin=-2.312500, optimistic_rem(widened)=1.500000 → cannot exceed 0.
[ 96.111s] PRUNE: margin=-2.312500, optimistic_rem(widened)=1.375000 → cannot exceed 0.
[ 96.310s] PRUNE: margin=-2.312500, optimistic_rem(widened)=1.500000 → cannot exceed 0.
[ 96.509s] PRUNE: margin=-2.312500, optimistic_rem(widened)=1.500000 → cannot exceed 0.
[ 96.907s] PRUNE: margin=-2.312500, optimistic_rem(widened)=1.500000 → cannot exceed 0.
[ 97.106s] PRUNE: margin=-2.312500, optimistic_rem(widened)=1.500000 → cannot exceed 0.
[ 97.504s] PRUNE: margin=-2.312500, optimistic_rem(widened)=1.500000 → cannot exceed 0.
[ 98.200s] PRUNE: margin=-2.187500, optimistic_rem(widened)=1.375000 → cannot exceed 0.
[ 98.399s] PRUNE: margin=-2.187500, optimistic_rem(widened)=1.500000 → cannot exceed 0.
[ 98.598s] PRUNE: margin=-2.312500, optimistic_rem(widened)=1.375000 → cannot exceed 0.
[ 98.797s] PRUNE: margin=-2.312500, optimistic_rem(widened)=1.375000 → cannot exceed 0.
[ 99.095s] PRUNE: margin=-2.312500, optimistic_rem(widened)=1.375000 → cannot exceed 0.
[ 99.294s] PRUNE: margin=-2.312500, optimistic_rem(widened)=1.500000 → cannot exceed 0.
[ 99.493s] PRUNE: margin=-2.312500, optimistic_rem(widened)=1.500000 → cannot exceed 0.
[ 99.692s] PRUNE: margin=-2.312500, optimistic_rem(widened)=0.000000 → cannot exceed 0.
[ 99.891s] PRUNE: margin=-2.312500, optimistic_rem(widened)=0.000000 → cannot exceed 0.
[100.289s] PRUNE: margin=-2.312500, optimistic_rem(widened)=1.500000 → cannot exceed 0.
[100.488s] PRUNE: margin=-2.312500, optimistic_rem(widened)=1.500000 → cannot exceed 0.
[100.687s] PRUNE: margin=-2.312500, optimistic_rem(widened)=0.000000 → cannot exceed 0.
[100.886s] PRUNE: margin=-2.312500, optimistic_rem(widened)=0.000000 → cannot exceed 0.
[101.284s] PRUNE: margin=-2.312500, optimistic_rem(widened)=1.500000 → cannot exceed 0.
[101.483s] PRUNE: margin=-2.312500, optimistic_rem(widened)=0.000000 → cannot exceed 0.
[101.682s] PRUNE: margin=-2.312500, optimistic_rem(widened)=0.000000 → cannot exceed 0.
[102.080s] PRUNE: margin=-2.312500, optimistic_rem(widened)=0.000000 → cannot exceed 0.
[102.279s] PRUNE: margin=-2.312500, optimistic_rem(widened)=0.000000 → cannot exceed 0.
[102.578s] PRUNE: margin=-2.312500, optimistic_rem(widened)=1.375000 → cannot exceed 0.
[102.777s] PRUNE: margin=-2.312500, optimistic_rem(widened)=1.375000 → cannot exceed 0.
[103.175s] PRUNE: margin=-2.187500, optimistic_rem(widened)=1.500000 → cannot exceed 0.
[103.374s] PRUNE: margin=-2.187500, optimistic_rem(widened)=1.500000 → cannot exceed 0.
[103.672s] PRUNE: margin=-2.312500, optimistic_rem(widened)=1.500000 → cannot exceed 0.
[103.871s] PRUNE: margin=-2.312500, optimistic_rem(widened)=1.500000 → cannot exceed 0.
[104.070s] PRUNE: margin=-2.312500, optimistic_rem(widened)=0.000000 → cannot exceed 0.
[104.269s] PRUNE: margin=-2.312500, optimistic_rem(widened)=0.000000 → cannot exceed 0.
[104.468s] PRUNE: margin=-2.312500, optimistic_rem(widened)=0.000000 → cannot exceed 0.
[104.667s] PRUNE: margin=-2.312500, optimistic_rem(widened)=0.000000 → cannot exceed 0.
[105.065s] PRUNE: margin=-2.312500, optimistic_rem(widened)=1.500000 → cannot exceed 0.
[105.265s] PRUNE: margin=-2.312500, optimistic_rem(widened)=0.000000 → cannot exceed 0.
[105.463s] PRUNE: margin=-2.312500, optimistic_rem(widened)=0.000000 → cannot exceed 0.
[105.663s] PRUNE: margin=-2.312500, optimistic_rem(widened)=0.000000 → cannot exceed 0.
[105.861s] PRUNE: margin=-2.312500, optimistic_rem(widened)=0.000000 → cannot exceed 0.
[106.259s] PRUNE: margin=-2.312500, optimistic_rem(widened)=0.000000 → cannot exceed 0.
[106.458s] PRUNE: margin=-2.312500, optimistic_rem(widened)=0.000000 → cannot exceed 0.
[106.657s] PRUNE: margin=-2.312500, optimistic_rem(widened)=0.000000 → cannot exceed 0.
[106.856s] PRUNE: margin=-2.312500, optimistic_rem(widened)=0.000000 → cannot exceed 0.
[107.156s] PRUNE: margin=-2.312500, optimistic_rem(widened)=1.375000 → cannot exceed 0.
[107.355s] PRUNE: margin=-2.312500, optimistic_rem(widened)=1.375000 → cannot exceed 0.
[107.554s] PRUNE: margin=-2.312500, optimistic_rem(widened)=1.375000 → cannot exceed 0.
[107.753s] PRUNE: margin=-2.312500, optimistic_rem(widened)=1.500000 → cannot exceed 0.
[108.151s] PRUNE: margin=-2.187500, optimistic_rem(widened)=0.500000 → cannot exceed 0.
[108.450s] PRUNE: margin=-2.312500, optimistic_rem(widened)=1.500000 → cannot exceed 0.
[108.648s] PRUNE: margin=-2.312500, optimistic_rem(widened)=0.000000 → cannot exceed 0.
[108.848s] PRUNE: margin=-2.312500, optimistic_rem(widened)=0.000000 → cannot exceed 0.
[109.046s] PRUNE: margin=-2.312500, optimistic_rem(widened)=0.000000 → cannot exceed 0.
[109.245s] PRUNE: margin=-2.312500, optimistic_rem(widened)=0.000000 → cannot exceed 0.
[109.444s] PRUNE: margin=-2.312500, optimistic_rem(widened)=0.000000 → cannot exceed 0.
[109.842s] PRUNE: margin=-2.312500, optimistic_rem(widened)=0.000000 → cannot exceed 0.
[110.041s] PRUNE: margin=-2.312500, optimistic_rem(widened)=0.000000 → cannot exceed 0.
[110.240s] PRUNE: margin=-2.312500, optimistic_rem(widened)=0.000000 → cannot exceed 0.
[110.439s] PRUNE: margin=-2.312500, optimistic_rem(widened)=0.000000 → cannot exceed 0.
[110.638s] PRUNE: margin=-2.312500, optimistic_rem(widened)=0.000000 → cannot exceed 0.
[110.936s] PRUNE: margin=-2.312500, optimistic_rem(widened)=1.500000 → cannot exceed 0.
[111.135s] PRUNE: margin=-2.312500, optimistic_rem(widened)=1.500000 → cannot exceed 0.
[111.334s] PRUNE: margin=-2.312500, optimistic_rem(widened)=1.500000 → cannot exceed 0.
[111.533s] PRUNE: margin=-2.312500, optimistic_rem(widened)=1.500000 → cannot exceed 0.
[111.732s] PRUNE: margin=-2.312500, optimistic_rem(widened)=1.500000 → cannot exceed 0.
[112.130s] PRUNE: margin=-2.187500, optimistic_rem(widened)=1.375000 → cannot exceed 0.
[112.329s] PRUNE: margin=-2.187500, optimistic_rem(widened)=1.500000 → cannot exceed 0.
[112.528s] PRUNE: margin=-2.187500, optimistic_rem(widened)=1.375000 → cannot exceed 0.
[112.728s] PRUNE: margin=-2.187500, optimistic_rem(widened)=1.375000 → cannot exceed 0.
[112.927s] PRUNE: margin=-2.312500, optimistic_rem(widened)=1.375000 → cannot exceed 0.
[113.126s] PRUNE: margin=-2.187500, optimistic_rem(widened)=1.375000 → cannot exceed 0.
[113.325s] PRUNE: margin=-2.187500, optimistic_rem(widened)=1.375000 → cannot exceed 0.
[113.723s] PRUNE: margin=-2.187500, optimistic_rem(widened)=1.375000 → cannot exceed 0.
[113.922s] PRUNE: margin=-2.187500, optimistic_rem(widened)=1.500000 → cannot exceed 0.
[114.121s] PRUNE: margin=-2.187500, optimistic_rem(widened)=1.375000 → cannot exceed 0.
[114.295s] PRUNE: margin=-2.187500, optimistic_rem(widened)=1.375000 → cannot exceed 0.
[114.413s] PRUNE: margin=-2.187500, optimistic_rem(widened)=1.375000 → cannot exceed 0.
[114.533s] PRUNE: margin=-2.187500, optimistic_rem(widened)=1.375000 → cannot exceed 0.
[114.776s] PRUNE: margin=-2.187500, optimistic_rem(widened)=1.500000 → cannot exceed 0.
[114.896s] PRUNE: margin=-2.187500, optimistic_rem(widened)=1.375000 → cannot exceed 0.
[115.038s] PRUNE: margin=-2.187500, optimistic_rem(widened)=1.375000 → cannot exceed 0.
[115.237s] PRUNE: margin=-2.187500, optimistic_rem(widened)=1.375000 → cannot exceed 0.
[115.436s] PRUNE: margin=-2.187500, optimistic_rem(widened)=1.375000 → cannot exceed 0.
[115.834s] PRUNE: margin=-2.187500, optimistic_rem(widened)=1.500000 → cannot exceed 0.
[116.033s] PRUNE: margin=-2.187500, optimistic_rem(widened)=1.375000 → cannot exceed 0.
[116.232s] PRUNE: margin=-2.187500, optimistic_rem(widened)=1.375000 → cannot exceed 0.
[116.431s] PRUNE: margin=-2.187500, optimistic_rem(widened)=1.375000 → cannot exceed 0.
[116.829s] PRUNE: margin=-2.187500, optimistic_rem(widened)=1.500000 → cannot exceed 0.
[117.029s] PRUNE: margin=-2.187500, optimistic_rem(widened)=1.500000 → cannot exceed 0.
[117.228s] PRUNE: margin=-2.187500, optimistic_rem(widened)=1.500000 → cannot exceed 0.
[117.725s] PRUNE: margin=-2.187500, optimistic_rem(widened)=0.000000 → cannot exceed 0.
[118.024s] PRUNE: margin=-2.312500, optimistic_rem(widened)=1.375000 → cannot exceed 0.
[118.422s] PRUNE: margin=-2.312500, optimistic_rem(widened)=1.375000 → cannot exceed 0.
[119.019s] PRUNE: margin=-2.500000, optimistic_rem(widened)=2.093750 → cannot exceed 0.
[119.217s] PRUNE: margin=-2.375000, optimistic_rem(widened)=2.093750 → cannot exceed 0.
[119.416s] PRUNE: margin=-2.437500, optimistic_rem(widened)=2.187500 → cannot exceed 0.
[119.615s] PRUNE: margin=-2.406250, optimistic_rem(widened)=2.218750 → cannot exceed 0.
[119.814s] PRUNE: margin=-2.375000, optimistic_rem(widened)=1.718750 → cannot exceed 0.
[120.013s] PRUNE: margin=-2.406250, optimistic_rem(widened)=1.765625 → cannot exceed 0.
[120.212s] PRUNE: margin=-2.375000, optimistic_rem(widened)=2.000000 → cannot exceed 0.
[120.410s] PRUNE: margin=-2.375000, optimistic_rem(widened)=2.000000 → cannot exceed 0.
[120.609s] PRUNE: margin=-2.375000, optimistic_rem(widened)=2.250000 → cannot exceed 0.
[120.808s] PRUNE: margin=-2.375000, optimistic_rem(widened)=2.250000 → cannot exceed 0.
[121.008s] PRUNE: margin=-2.375000, optimistic_rem(widened)=2.250000 → cannot exceed 0.
[121.207s] PRUNE: margin=-2.375000, optimistic_rem(widened)=1.734375 → cannot exceed 0.
[121.405s] PRUNE: margin=-2.375000, optimistic_rem(widened)=1.734375 → cannot exceed 0.
[121.631s] PRUNE: margin=-2.375000, optimistic_rem(widened)=1.765625 → cannot exceed 0.
[121.730s] No counterexample within budgets (BaB): no misclassification found.
STATUS: No counterexample | best_upper_margin=3.937500 | elapsed=121.730s | pixels_changed=0 | total_bit_flips=0 | avg_hamming_per_pixel=0.000000 | patch_rows=11-12 | patch_cols=13-15 | note=no_counterexample_within_budgets
