[  0.000s] init: idx=4536 kmax=2 bmax=4 topx=2 widen=1.000 rank_fast=off
clean logits (hex):  0x84  0x85  0xc7  0x8b  0x8c  0x4e  0x66  0x84  0x20  0x86
clean logits (bits): 10000100 10000101 11000111 10001011 10001100 01001110 01100110 10000100 00100000 10000110
clean logits (double): -16.000000 -14.000000 -0.890625 -6.500000 -6.000000 +1.437500 +2.750000 -16.000000 +0.500000 -12.000000
[  0.009s] clean prediction: 6 (true label 6)
[ 36.644s] selection: nSym=2 (from 784), topx=2, rank_fast=off
[ 36.645s] active patch: rows 9-10, cols 15-15 (derived from symPix)
[ 36.695s] Greedy BYTE warm start: SAT (K=1,B=4).
clean logits (hex):  0x84  0x85  0xc7  0x8b  0x8c  0x4e  0x66  0x84  0x20  0x86
clean logits (bits): 10000100 10000101 11000111 10001011 10001100 01001110 01100110 10000100 00100000 10000110
clean logits (double): -16.000000 -14.000000 -0.890625 -6.500000 -6.000000 +1.437500 +2.750000 -16.000000 +0.500000 -12.000000
post-perturb logits (hex):  0x84  0x85  0x20  0x91  0x88  0xf2  0xf3  0x84  0xc1  0x86
post-perturb logits (bits): 10000100 10000101 00100000 10010001 10001000 11110010 11110011 10000100 11000001 10000110
post-perturb logits (double): -16.000000 -14.000000 +0.500000 -3.875000 -8.000000 -0.218750 -0.203125 -16.000000 -0.984375 -12.000000
changes: 1 bytes, 4 bit flips
  idx  pix  row col    old_hex        old_bits     old_double     new_hex        new_bits     new_double  ham
    1  267    9  15    0x00        00000000   -1.000000     0xd4        11010100   +0.662745    4
new prediction: 2 (true 6)
----- REPLAY FORWARD PASS (stage-2) -----
replay logits (hex):  0x84  0x85  0x20  0x91  0x88  0xf2  0xf3  0x84  0xc1  0x86
replay logits (bits): 10000100 10000101 00100000 10010001 10001000 11110010 11110011 10000100 11000001 10000110
replay logits (double): -16.000000 -14.000000 +0.500000 -3.875000 -8.000000 -0.218750 -0.203125 -16.000000 -0.984375 -12.000000
[ 36.696s] replay prediction: 2 (true label 6) | note=witness_found_greedy_byte
----- END REPLAY -----
STATUS: Counterexample | best_upper_margin=-1000000000000000052504760255204420248704468581108159154915854115511802457988908195786371375080447864043704443832883878176942523235360430575644792184786706982848387200926575803737830233794788090059368953234970799945081119038967640880074652742780142494579258788820056842838115669472196386865459400540160.000000 | elapsed=36.696s | pixels_changed=1 | total_bit_flips=4 | avg_hamming_per_pixel=4.000000 | patch_rows=9-10 | patch_cols=15-15 | note=witness_found_greedy_byte
