[  0.000s] init: idx=1105 kmax=2 bmax=4 topx=2 widen=1.000 rank_fast=off
clean logits (hex):  0x84  0x84  0x91  0x8c  0x74  0x8e  0x88  0x5f  0x5a  0x78
clean logits (bits): 10000100 10000100 10010001 10001100 01110100 10001110 10001000 01011111 01011010 01111000
clean logits (double): -16.000000 -16.000000 -3.875000 -6.000000 +6.000000 -5.000000 -8.000000 +1.968750 +1.812500 +8.000000
[  0.009s] clean prediction: 9 (true label 9)
[ 39.104s] selection: nSym=2 (from 784), topx=2, rank_fast=off
[ 39.104s] active patch: rows 4-10, cols 15-23 (derived from symPix)
[ 39.663s] Proceeding to BaB (greedy enabled).
[ 39.664s] Skipping root bound check (--no-root-bound).
[ 39.664s] BaB search starting (K≤2, B≤4, nSym=2, depth_limit=500000000, widen=1.00)...
[ 45.916s] PRUNE: margin=-2.500000, optimistic_rem(widened)=0.000000 → cannot exceed 0.
[ 46.116s] PRUNE: margin=-2.500000, optimistic_rem(widened)=0.000000 → cannot exceed 0.
[ 46.316s] PRUNE: margin=-2.500000, optimistic_rem(widened)=0.000000 → cannot exceed 0.
[ 46.515s] PRUNE: margin=-2.500000, optimistic_rem(widened)=0.000000 → cannot exceed 0.
[ 46.715s] PRUNE: margin=-2.500000, optimistic_rem(widened)=0.000000 → cannot exceed 0.
[ 46.916s] PRUNE: margin=-2.500000, optimistic_rem(widened)=0.000000 → cannot exceed 0.
[ 47.117s] PRUNE: margin=-2.500000, optimistic_rem(widened)=0.000000 → cannot exceed 0.
[ 47.317s] PRUNE: margin=-2.500000, optimistic_rem(widened)=0.000000 → cannot exceed 0.
[ 52.311s] PRUNE: margin=-2.500000, optimistic_rem(widened)=0.000000 → cannot exceed 0.
[ 52.511s] PRUNE: margin=-2.500000, optimistic_rem(widened)=0.000000 → cannot exceed 0.
[ 52.711s] PRUNE: margin=-2.500000, optimistic_rem(widened)=0.000000 → cannot exceed 0.
[ 52.910s] PRUNE: margin=-2.500000, optimistic_rem(widened)=0.000000 → cannot exceed 0.
[ 53.110s] PRUNE: margin=-2.500000, optimistic_rem(widened)=0.000000 → cannot exceed 0.
[ 53.310s] PRUNE: margin=-2.500000, optimistic_rem(widened)=0.000000 → cannot exceed 0.
[ 53.510s] PRUNE: margin=-2.500000, optimistic_rem(widened)=0.000000 → cannot exceed 0.
[ 53.709s] PRUNE: margin=-2.500000, optimistic_rem(widened)=0.000000 → cannot exceed 0.
[ 57.421s] PRUNE: margin=-2.500000, optimistic_rem(widened)=0.000000 → cannot exceed 0.
[ 57.620s] PRUNE: margin=-2.500000, optimistic_rem(widened)=0.000000 → cannot exceed 0.
[ 57.820s] PRUNE: margin=-2.500000, optimistic_rem(widened)=0.000000 → cannot exceed 0.
[ 58.019s] PRUNE: margin=-2.500000, optimistic_rem(widened)=0.000000 → cannot exceed 0.
[ 58.220s] PRUNE: margin=-2.500000, optimistic_rem(widened)=0.000000 → cannot exceed 0.
[ 58.420s] PRUNE: margin=-2.500000, optimistic_rem(widened)=0.000000 → cannot exceed 0.
[ 58.623s] PRUNE: margin=-2.500000, optimistic_rem(widened)=0.000000 → cannot exceed 0.
[ 58.823s] PRUNE: margin=-2.500000, optimistic_rem(widened)=0.000000 → cannot exceed 0.
[ 61.285s] PRUNE: margin=-2.500000, optimistic_rem(widened)=0.000000 → cannot exceed 0.
[ 61.488s] PRUNE: margin=-2.500000, optimistic_rem(widened)=0.000000 → cannot exceed 0.
[ 61.694s] PRUNE: margin=-2.500000, optimistic_rem(widened)=0.000000 → cannot exceed 0.
[ 61.899s] PRUNE: margin=-2.500000, optimistic_rem(widened)=0.000000 → cannot exceed 0.
[ 62.105s] PRUNE: margin=-2.500000, optimistic_rem(widened)=0.000000 → cannot exceed 0.
[ 62.310s] PRUNE: margin=-2.500000, optimistic_rem(widened)=0.000000 → cannot exceed 0.
[ 62.513s] PRUNE: margin=-2.500000, optimistic_rem(widened)=0.000000 → cannot exceed 0.
[ 62.716s] PRUNE: margin=-2.500000, optimistic_rem(widened)=0.000000 → cannot exceed 0.
[ 63.123s] PRUNE: margin=-3.000000, optimistic_rem(widened)=0.000000 → cannot exceed 0.
[ 63.328s] PRUNE: margin=-3.000000, optimistic_rem(widened)=0.000000 → cannot exceed 0.
[ 63.534s] PRUNE: margin=-2.500000, optimistic_rem(widened)=0.000000 → cannot exceed 0.
[ 63.740s] PRUNE: margin=-2.500000, optimistic_rem(widened)=0.000000 → cannot exceed 0.
[ 63.946s] PRUNE: margin=-2.500000, optimistic_rem(widened)=0.000000 → cannot exceed 0.
[ 64.152s] PRUNE: margin=-2.500000, optimistic_rem(widened)=0.000000 → cannot exceed 0.
[ 64.358s] PRUNE: margin=-2.500000, optimistic_rem(widened)=0.000000 → cannot exceed 0.
[ 64.564s] PRUNE: margin=-2.500000, optimistic_rem(widened)=0.000000 → cannot exceed 0.
[ 64.771s] PRUNE: margin=-2.500000, optimistic_rem(widened)=0.000000 → cannot exceed 0.
[ 65.182s] PRUNE: margin=-3.000000, optimistic_rem(widened)=0.000000 → cannot exceed 0.
[ 65.388s] PRUNE: margin=-3.000000, optimistic_rem(widened)=0.000000 → cannot exceed 0.
[ 65.594s] PRUNE: margin=-2.500000, optimistic_rem(widened)=0.000000 → cannot exceed 0.
[ 65.800s] PRUNE: margin=-2.500000, optimistic_rem(widened)=0.000000 → cannot exceed 0.
[ 66.006s] PRUNE: margin=-2.500000, optimistic_rem(widened)=0.000000 → cannot exceed 0.
[ 66.212s] PRUNE: margin=-2.500000, optimistic_rem(widened)=0.000000 → cannot exceed 0.
[ 66.418s] PRUNE: margin=-2.500000, optimistic_rem(widened)=0.000000 → cannot exceed 0.
[ 66.624s] PRUNE: margin=-2.500000, optimistic_rem(widened)=0.000000 → cannot exceed 0.
[ 66.933s] PRUNE: margin=-2.500000, optimistic_rem(widened)=0.500000 → cannot exceed 0.
[ 67.139s] PRUNE: margin=-2.500000, optimistic_rem(widened)=0.500000 → cannot exceed 0.
[ 67.345s] PRUNE: margin=-2.500000, optimistic_rem(widened)=0.500000 → cannot exceed 0.
[ 67.551s] PRUNE: margin=-2.500000, optimistic_rem(widened)=0.500000 → cannot exceed 0.
[ 67.757s] PRUNE: margin=-2.500000, optimistic_rem(widened)=0.500000 → cannot exceed 0.
[ 68.065s] PRUNE: margin=-3.000000, optimistic_rem(widened)=0.000000 → cannot exceed 0.
[ 68.270s] PRUNE: margin=-2.500000, optimistic_rem(widened)=0.000000 → cannot exceed 0.
[ 68.669s] PRUNE: margin=-3.000000, optimistic_rem(widened)=0.000000 → cannot exceed 0.
[ 74.045s] PRUNE: margin=-2.500000, optimistic_rem(widened)=0.000000 → cannot exceed 0.
[ 74.244s] PRUNE: margin=-2.500000, optimistic_rem(widened)=0.000000 → cannot exceed 0.
[ 74.443s] PRUNE: margin=-2.500000, optimistic_rem(widened)=0.000000 → cannot exceed 0.
[ 74.643s] PRUNE: margin=-2.500000, optimistic_rem(widened)=0.000000 → cannot exceed 0.
[ 74.842s] PRUNE: margin=-2.500000, optimistic_rem(widened)=0.000000 → cannot exceed 0.
[ 75.041s] PRUNE: margin=-2.500000, optimistic_rem(widened)=0.000000 → cannot exceed 0.
[ 75.240s] PRUNE: margin=-2.500000, optimistic_rem(widened)=0.000000 → cannot exceed 0.
[ 75.441s] PRUNE: margin=-2.500000, optimistic_rem(widened)=0.000000 → cannot exceed 0.
[ 79.123s] PRUNE: margin=-2.500000, optimistic_rem(widened)=0.000000 → cannot exceed 0.
[ 79.323s] PRUNE: margin=-2.500000, optimistic_rem(widened)=0.000000 → cannot exceed 0.
[ 79.522s] PRUNE: margin=-2.500000, optimistic_rem(widened)=0.000000 → cannot exceed 0.
[ 79.721s] PRUNE: margin=-2.500000, optimistic_rem(widened)=0.000000 → cannot exceed 0.
[ 79.920s] PRUNE: margin=-2.500000, optimistic_rem(widened)=0.000000 → cannot exceed 0.
[ 80.120s] PRUNE: margin=-2.500000, optimistic_rem(widened)=0.000000 → cannot exceed 0.
[ 80.319s] PRUNE: margin=-2.500000, optimistic_rem(widened)=0.000000 → cannot exceed 0.
[ 80.518s] PRUNE: margin=-2.500000, optimistic_rem(widened)=0.000000 → cannot exceed 0.
[ 83.006s] PRUNE: margin=-2.500000, optimistic_rem(widened)=0.000000 → cannot exceed 0.
[ 83.205s] PRUNE: margin=-2.500000, optimistic_rem(widened)=0.000000 → cannot exceed 0.
[ 83.404s] PRUNE: margin=-2.500000, optimistic_rem(widened)=0.000000 → cannot exceed 0.
[ 83.604s] PRUNE: margin=-2.500000, optimistic_rem(widened)=0.000000 → cannot exceed 0.
[ 83.803s] PRUNE: margin=-2.500000, optimistic_rem(widened)=0.000000 → cannot exceed 0.
[ 84.002s] PRUNE: margin=-2.500000, optimistic_rem(widened)=0.000000 → cannot exceed 0.
[ 84.202s] PRUNE: margin=-2.500000, optimistic_rem(widened)=0.000000 → cannot exceed 0.
[ 84.401s] PRUNE: margin=-2.500000, optimistic_rem(widened)=0.000000 → cannot exceed 0.
[ 84.800s] PRUNE: margin=-3.000000, optimistic_rem(widened)=0.000000 → cannot exceed 0.
[ 84.999s] PRUNE: margin=-3.000000, optimistic_rem(widened)=0.000000 → cannot exceed 0.
[ 85.199s] PRUNE: margin=-2.500000, optimistic_rem(widened)=0.000000 → cannot exceed 0.
[ 85.398s] PRUNE: margin=-2.500000, optimistic_rem(widened)=0.000000 → cannot exceed 0.
[ 85.598s] PRUNE: margin=-2.500000, optimistic_rem(widened)=0.000000 → cannot exceed 0.
[ 85.797s] PRUNE: margin=-2.500000, optimistic_rem(widened)=0.000000 → cannot exceed 0.
[ 85.996s] PRUNE: margin=-2.500000, optimistic_rem(widened)=0.000000 → cannot exceed 0.
[ 86.196s] PRUNE: margin=-2.500000, optimistic_rem(widened)=0.000000 → cannot exceed 0.
[ 86.395s] PRUNE: margin=-2.500000, optimistic_rem(widened)=0.000000 → cannot exceed 0.
[ 86.793s] PRUNE: margin=-3.000000, optimistic_rem(widened)=0.000000 → cannot exceed 0.
[ 86.993s] PRUNE: margin=-3.000000, optimistic_rem(widened)=0.000000 → cannot exceed 0.
[ 87.192s] PRUNE: margin=-2.500000, optimistic_rem(widened)=0.000000 → cannot exceed 0.
[ 87.391s] PRUNE: margin=-2.500000, optimistic_rem(widened)=0.000000 → cannot exceed 0.
[ 87.591s] PRUNE: margin=-2.500000, optimistic_rem(widened)=0.000000 → cannot exceed 0.
[ 87.791s] PRUNE: margin=-2.500000, optimistic_rem(widened)=0.000000 → cannot exceed 0.
[ 87.991s] PRUNE: margin=-2.500000, optimistic_rem(widened)=0.000000 → cannot exceed 0.
[ 88.191s] PRUNE: margin=-2.500000, optimistic_rem(widened)=0.000000 → cannot exceed 0.
[ 88.491s] PRUNE: margin=-2.500000, optimistic_rem(widened)=0.500000 → cannot exceed 0.
[ 88.691s] PRUNE: margin=-2.500000, optimistic_rem(widened)=0.500000 → cannot exceed 0.
[ 88.891s] PRUNE: margin=-2.500000, optimistic_rem(widened)=0.500000 → cannot exceed 0.
[ 89.092s] PRUNE: margin=-2.500000, optimistic_rem(widened)=0.500000 → cannot exceed 0.
[ 89.292s] PRUNE: margin=-2.500000, optimistic_rem(widened)=0.500000 → cannot exceed 0.
[ 89.593s] PRUNE: margin=-3.000000, optimistic_rem(widened)=0.000000 → cannot exceed 0.
[ 89.794s] PRUNE: margin=-2.500000, optimistic_rem(widened)=0.000000 → cannot exceed 0.
[ 90.194s] PRUNE: margin=-3.000000, optimistic_rem(widened)=0.000000 → cannot exceed 0.
[ 94.260s] PRUNE: margin=-2.500000, optimistic_rem(widened)=0.000000 → cannot exceed 0.
[ 94.461s] PRUNE: margin=-2.500000, optimistic_rem(widened)=0.000000 → cannot exceed 0.
[ 94.661s] PRUNE: margin=-2.500000, optimistic_rem(widened)=0.000000 → cannot exceed 0.
[ 94.861s] PRUNE: margin=-2.500000, optimistic_rem(widened)=0.000000 → cannot exceed 0.
[ 95.060s] PRUNE: margin=-2.500000, optimistic_rem(widened)=0.000000 → cannot exceed 0.
[ 95.260s] PRUNE: margin=-2.500000, optimistic_rem(widened)=0.000000 → cannot exceed 0.
[ 95.462s] PRUNE: margin=-2.500000, optimistic_rem(widened)=0.000000 → cannot exceed 0.
[ 95.662s] PRUNE: margin=-2.500000, optimistic_rem(widened)=0.000000 → cannot exceed 0.
[ 98.160s] PRUNE: margin=-2.500000, optimistic_rem(widened)=0.000000 → cannot exceed 0.
[ 98.360s] PRUNE: margin=-2.500000, optimistic_rem(widened)=0.000000 → cannot exceed 0.
[ 98.560s] PRUNE: margin=-2.500000, optimistic_rem(widened)=0.000000 → cannot exceed 0.
[ 98.760s] PRUNE: margin=-2.500000, optimistic_rem(widened)=0.000000 → cannot exceed 0.
[ 98.960s] PRUNE: margin=-2.500000, optimistic_rem(widened)=0.000000 → cannot exceed 0.
[ 99.160s] PRUNE: margin=-2.500000, optimistic_rem(widened)=0.000000 → cannot exceed 0.
[ 99.359s] PRUNE: margin=-2.500000, optimistic_rem(widened)=0.000000 → cannot exceed 0.
[ 99.560s] PRUNE: margin=-2.500000, optimistic_rem(widened)=0.000000 → cannot exceed 0.
[ 99.941s] PRUNE: margin=-3.000000, optimistic_rem(widened)=0.000000 → cannot exceed 0.
[100.088s] PRUNE: margin=-3.000000, optimistic_rem(widened)=0.000000 → cannot exceed 0.
[100.217s] PRUNE: margin=-2.500000, optimistic_rem(widened)=0.000000 → cannot exceed 0.
[100.349s] PRUNE: margin=-2.500000, optimistic_rem(widened)=0.000000 → cannot exceed 0.
[100.480s] PRUNE: margin=-2.500000, optimistic_rem(widened)=0.000000 → cannot exceed 0.
[100.600s] PRUNE: margin=-2.500000, optimistic_rem(widened)=0.000000 → cannot exceed 0.
[100.720s] PRUNE: margin=-2.500000, optimistic_rem(widened)=0.000000 → cannot exceed 0.
[100.842s] PRUNE: margin=-2.500000, optimistic_rem(widened)=0.000000 → cannot exceed 0.
[100.965s] PRUNE: margin=-2.500000, optimistic_rem(widened)=0.000000 → cannot exceed 0.
[101.207s] PRUNE: margin=-3.000000, optimistic_rem(widened)=0.000000 → cannot exceed 0.
[101.330s] PRUNE: margin=-3.000000, optimistic_rem(widened)=0.000000 → cannot exceed 0.
[101.450s] PRUNE: margin=-2.500000, optimistic_rem(widened)=0.000000 → cannot exceed 0.
[101.574s] PRUNE: margin=-2.500000, optimistic_rem(widened)=0.000000 → cannot exceed 0.
[101.697s] PRUNE: margin=-2.500000, optimistic_rem(widened)=0.000000 → cannot exceed 0.
[101.892s] PRUNE: margin=-2.500000, optimistic_rem(widened)=0.000000 → cannot exceed 0.
[102.092s] PRUNE: margin=-2.500000, optimistic_rem(widened)=0.000000 → cannot exceed 0.
[102.293s] PRUNE: margin=-2.500000, optimistic_rem(widened)=0.000000 → cannot exceed 0.
[102.595s] PRUNE: margin=-2.500000, optimistic_rem(widened)=0.500000 → cannot exceed 0.
[102.796s] PRUNE: margin=-2.500000, optimistic_rem(widened)=0.500000 → cannot exceed 0.
[102.997s] PRUNE: margin=-2.500000, optimistic_rem(widened)=0.500000 → cannot exceed 0.
[103.198s] PRUNE: margin=-2.500000, optimistic_rem(widened)=0.500000 → cannot exceed 0.
[103.399s] PRUNE: margin=-2.500000, optimistic_rem(widened)=0.500000 → cannot exceed 0.
[103.701s] PRUNE: margin=-3.000000, optimistic_rem(widened)=0.000000 → cannot exceed 0.
[103.902s] PRUNE: margin=-2.500000, optimistic_rem(widened)=0.000000 → cannot exceed 0.
[104.277s] PRUNE: margin=-3.000000, optimistic_rem(widened)=0.000000 → cannot exceed 0.
[106.315s] PRUNE: margin=-2.500000, optimistic_rem(widened)=0.000000 → cannot exceed 0.
[106.436s] PRUNE: margin=-2.500000, optimistic_rem(widened)=0.000000 → cannot exceed 0.
[106.563s] PRUNE: margin=-2.500000, optimistic_rem(widened)=0.000000 → cannot exceed 0.
[106.714s] PRUNE: margin=-2.500000, optimistic_rem(widened)=0.000000 → cannot exceed 0.
[106.836s] PRUNE: margin=-2.500000, optimistic_rem(widened)=0.000000 → cannot exceed 0.
[106.957s] PRUNE: margin=-2.500000, optimistic_rem(widened)=0.000000 → cannot exceed 0.
[107.077s] PRUNE: margin=-2.500000, optimistic_rem(widened)=0.000000 → cannot exceed 0.
[107.245s] PRUNE: margin=-2.500000, optimistic_rem(widened)=0.000000 → cannot exceed 0.
[107.503s] PRUNE: margin=-3.000000, optimistic_rem(widened)=0.000000 → cannot exceed 0.
[107.685s] PRUNE: margin=-3.000000, optimistic_rem(widened)=0.000000 → cannot exceed 0.
[107.885s] PRUNE: margin=-2.500000, optimistic_rem(widened)=0.000000 → cannot exceed 0.
[108.084s] PRUNE: margin=-2.500000, optimistic_rem(widened)=0.000000 → cannot exceed 0.
[108.284s] PRUNE: margin=-2.500000, optimistic_rem(widened)=0.000000 → cannot exceed 0.
[108.484s] PRUNE: margin=-2.500000, optimistic_rem(widened)=0.000000 → cannot exceed 0.
[108.683s] PRUNE: margin=-2.500000, optimistic_rem(widened)=0.000000 → cannot exceed 0.
[108.883s] PRUNE: margin=-2.500000, optimistic_rem(widened)=0.000000 → cannot exceed 0.
[109.083s] PRUNE: margin=-2.500000, optimistic_rem(widened)=0.000000 → cannot exceed 0.
[109.482s] PRUNE: margin=-3.000000, optimistic_rem(widened)=0.000000 → cannot exceed 0.
[109.681s] PRUNE: margin=-3.000000, optimistic_rem(widened)=0.000000 → cannot exceed 0.
[109.881s] PRUNE: margin=-2.500000, optimistic_rem(widened)=0.000000 → cannot exceed 0.
[110.080s] PRUNE: margin=-2.500000, optimistic_rem(widened)=0.000000 → cannot exceed 0.
[110.280s] PRUNE: margin=-2.500000, optimistic_rem(widened)=0.000000 → cannot exceed 0.
[110.480s] PRUNE: margin=-2.500000, optimistic_rem(widened)=0.000000 → cannot exceed 0.
[110.679s] PRUNE: margin=-2.500000, optimistic_rem(widened)=0.000000 → cannot exceed 0.
[110.879s] PRUNE: margin=-2.500000, optimistic_rem(widened)=0.000000 → cannot exceed 0.
[111.178s] PRUNE: margin=-2.500000, optimistic_rem(widened)=0.500000 → cannot exceed 0.
[111.378s] PRUNE: margin=-2.500000, optimistic_rem(widened)=0.500000 → cannot exceed 0.
[111.578s] PRUNE: margin=-2.500000, optimistic_rem(widened)=0.500000 → cannot exceed 0.
[111.777s] PRUNE: margin=-2.500000, optimistic_rem(widened)=0.500000 → cannot exceed 0.
[111.976s] PRUNE: margin=-2.500000, optimistic_rem(widened)=0.500000 → cannot exceed 0.
[112.276s] PRUNE: margin=-3.000000, optimistic_rem(widened)=0.000000 → cannot exceed 0.
[112.476s] PRUNE: margin=-2.500000, optimistic_rem(widened)=0.000000 → cannot exceed 0.
[112.875s] PRUNE: margin=-3.000000, optimistic_rem(widened)=0.000000 → cannot exceed 0.
[113.672s] PRUNE: margin=-3.000000, optimistic_rem(widened)=0.000000 → cannot exceed 0.
[113.872s] PRUNE: margin=-3.000000, optimistic_rem(widened)=0.000000 → cannot exceed 0.
[114.072s] PRUNE: margin=-2.500000, optimistic_rem(widened)=0.000000 → cannot exceed 0.
[114.271s] PRUNE: margin=-2.500000, optimistic_rem(widened)=0.000000 → cannot exceed 0.
[114.471s] PRUNE: margin=-2.500000, optimistic_rem(widened)=0.000000 → cannot exceed 0.
[114.670s] PRUNE: margin=-2.500000, optimistic_rem(widened)=0.000000 → cannot exceed 0.
[114.870s] PRUNE: margin=-2.500000, optimistic_rem(widened)=0.000000 → cannot exceed 0.
[115.069s] PRUNE: margin=-2.500000, optimistic_rem(widened)=0.000000 → cannot exceed 0.
[115.269s] PRUNE: margin=-2.500000, optimistic_rem(widened)=0.000000 → cannot exceed 0.
[115.669s] PRUNE: margin=-3.000000, optimistic_rem(widened)=0.000000 → cannot exceed 0.
[115.869s] PRUNE: margin=-3.000000, optimistic_rem(widened)=0.000000 → cannot exceed 0.
[116.068s] PRUNE: margin=-2.500000, optimistic_rem(widened)=0.000000 → cannot exceed 0.
[116.268s] PRUNE: margin=-2.500000, optimistic_rem(widened)=0.000000 → cannot exceed 0.
[116.468s] PRUNE: margin=-2.500000, optimistic_rem(widened)=0.000000 → cannot exceed 0.
[116.671s] PRUNE: margin=-2.500000, optimistic_rem(widened)=0.000000 → cannot exceed 0.
[116.870s] PRUNE: margin=-2.500000, optimistic_rem(widened)=0.000000 → cannot exceed 0.
[117.072s] PRUNE: margin=-2.500000, optimistic_rem(widened)=0.000000 → cannot exceed 0.
[117.372s] PRUNE: margin=-2.500000, optimistic_rem(widened)=0.500000 → cannot exceed 0.
[117.572s] PRUNE: margin=-2.500000, optimistic_rem(widened)=0.500000 → cannot exceed 0.
[117.772s] PRUNE: margin=-2.500000, optimistic_rem(widened)=0.500000 → cannot exceed 0.
[117.972s] PRUNE: margin=-2.500000, optimistic_rem(widened)=0.500000 → cannot exceed 0.
[118.171s] PRUNE: margin=-2.500000, optimistic_rem(widened)=0.500000 → cannot exceed 0.
[118.471s] PRUNE: margin=-3.000000, optimistic_rem(widened)=0.000000 → cannot exceed 0.
[118.670s] PRUNE: margin=-2.500000, optimistic_rem(widened)=0.000000 → cannot exceed 0.
[119.070s] PRUNE: margin=-3.000000, optimistic_rem(widened)=0.000000 → cannot exceed 0.
[119.769s] PRUNE: margin=-3.000000, optimistic_rem(widened)=0.500000 → cannot exceed 0.
[120.068s] PRUNE: margin=-3.000000, optimistic_rem(widened)=0.000000 → cannot exceed 0.
[120.269s] PRUNE: margin=-3.000000, optimistic_rem(widened)=0.000000 → cannot exceed 0.
[120.468s] PRUNE: margin=-3.000000, optimistic_rem(widened)=0.000000 → cannot exceed 0.
[120.668s] PRUNE: margin=-3.000000, optimistic_rem(widened)=0.000000 → cannot exceed 0.
[120.868s] PRUNE: margin=-3.000000, optimistic_rem(widened)=0.000000 → cannot exceed 0.
[121.067s] PRUNE: margin=-3.000000, optimistic_rem(widened)=0.000000 → cannot exceed 0.
[121.267s] PRUNE: margin=-3.000000, optimistic_rem(widened)=0.000000 → cannot exceed 0.
[121.666s] PRUNE: margin=-2.500000, optimistic_rem(widened)=0.000000 → cannot exceed 0.
[121.866s] PRUNE: margin=-2.500000, optimistic_rem(widened)=0.000000 → cannot exceed 0.
[122.066s] PRUNE: margin=-2.500000, optimistic_rem(widened)=0.000000 → cannot exceed 0.
[122.266s] PRUNE: margin=-2.500000, optimistic_rem(widened)=0.000000 → cannot exceed 0.
[122.465s] PRUNE: margin=-2.500000, optimistic_rem(widened)=0.000000 → cannot exceed 0.
[122.665s] PRUNE: margin=-2.500000, optimistic_rem(widened)=0.000000 → cannot exceed 0.
[123.064s] PRUNE: margin=-2.500000, optimistic_rem(widened)=0.000000 → cannot exceed 0.
[123.264s] PRUNE: margin=-2.500000, optimistic_rem(widened)=0.000000 → cannot exceed 0.
[123.464s] PRUNE: margin=-2.500000, optimistic_rem(widened)=0.000000 → cannot exceed 0.
[123.663s] PRUNE: margin=-2.500000, optimistic_rem(widened)=0.000000 → cannot exceed 0.
[123.863s] PRUNE: margin=-2.500000, optimistic_rem(widened)=0.000000 → cannot exceed 0.
[124.264s] PRUNE: margin=-2.500000, optimistic_rem(widened)=0.000000 → cannot exceed 0.
[124.464s] PRUNE: margin=-2.500000, optimistic_rem(widened)=0.000000 → cannot exceed 0.
[124.664s] PRUNE: margin=-2.500000, optimistic_rem(widened)=0.000000 → cannot exceed 0.
[124.863s] PRUNE: margin=-2.500000, optimistic_rem(widened)=0.000000 → cannot exceed 0.
[125.263s] PRUNE: margin=-2.500000, optimistic_rem(widened)=0.000000 → cannot exceed 0.
[125.462s] PRUNE: margin=-2.500000, optimistic_rem(widened)=0.000000 → cannot exceed 0.
[125.662s] PRUNE: margin=-2.500000, optimistic_rem(widened)=0.000000 → cannot exceed 0.
[126.061s] PRUNE: margin=-2.500000, optimistic_rem(widened)=0.000000 → cannot exceed 0.
[126.261s] PRUNE: margin=-2.500000, optimistic_rem(widened)=0.000000 → cannot exceed 0.
[126.660s] PRUNE: margin=-2.500000, optimistic_rem(widened)=0.000000 → cannot exceed 0.
[127.359s] PRUNE: margin=-3.000000, optimistic_rem(widened)=0.500000 → cannot exceed 0.
[127.559s] PRUNE: margin=-3.000000, optimistic_rem(widened)=0.500000 → cannot exceed 0.
[127.858s] PRUNE: margin=-2.500000, optimistic_rem(widened)=0.000000 → cannot exceed 0.
[128.058s] PRUNE: margin=-2.500000, optimistic_rem(widened)=0.000000 → cannot exceed 0.
[128.258s] PRUNE: margin=-2.500000, optimistic_rem(widened)=0.000000 → cannot exceed 0.
[128.457s] PRUNE: margin=-2.500000, optimistic_rem(widened)=0.000000 → cannot exceed 0.
[128.657s] PRUNE: margin=-2.500000, optimistic_rem(widened)=0.000000 → cannot exceed 0.
[129.056s] PRUNE: margin=-2.500000, optimistic_rem(widened)=0.000000 → cannot exceed 0.
[129.256s] PRUNE: margin=-2.500000, optimistic_rem(widened)=0.000000 → cannot exceed 0.
[129.456s] PRUNE: margin=-2.500000, optimistic_rem(widened)=0.000000 → cannot exceed 0.
[129.655s] PRUNE: margin=-2.500000, optimistic_rem(widened)=0.000000 → cannot exceed 0.
[130.055s] PRUNE: margin=-2.500000, optimistic_rem(widened)=0.000000 → cannot exceed 0.
[130.254s] PRUNE: margin=-2.500000, optimistic_rem(widened)=0.000000 → cannot exceed 0.
[130.454s] PRUNE: margin=-2.500000, optimistic_rem(widened)=0.000000 → cannot exceed 0.
[130.853s] PRUNE: margin=-2.500000, optimistic_rem(widened)=0.000000 → cannot exceed 0.
[131.055s] PRUNE: margin=-2.500000, optimistic_rem(widened)=0.000000 → cannot exceed 0.
[131.456s] PRUNE: margin=-2.500000, optimistic_rem(widened)=0.000000 → cannot exceed 0.
[132.065s] PRUNE: margin=-2.500000, optimistic_rem(widened)=0.500000 → cannot exceed 0.
[132.265s] PRUNE: margin=-2.500000, optimistic_rem(widened)=0.500000 → cannot exceed 0.
[132.465s] PRUNE: margin=-2.500000, optimistic_rem(widened)=0.500000 → cannot exceed 0.
[132.665s] PRUNE: margin=-2.500000, optimistic_rem(widened)=0.500000 → cannot exceed 0.
[132.866s] PRUNE: margin=-2.500000, optimistic_rem(widened)=0.500000 → cannot exceed 0.
[133.166s] PRUNE: margin=-3.000000, optimistic_rem(widened)=1.000000 → cannot exceed 0.
[133.766s] PRUNE: margin=-3.000000, optimistic_rem(widened)=0.500000 → cannot exceed 0.
[134.667s] PRUNE: margin=-3.000000, optimistic_rem(widened)=0.000000 → cannot exceed 0.
[138.357s] PRUNE: margin=-2.500000, optimistic_rem(widened)=0.000000 → cannot exceed 0.
[138.480s] PRUNE: margin=-2.500000, optimistic_rem(widened)=0.000000 → cannot exceed 0.
[138.599s] PRUNE: margin=-2.500000, optimistic_rem(widened)=0.000000 → cannot exceed 0.
[138.718s] PRUNE: margin=-2.500000, optimistic_rem(widened)=0.000000 → cannot exceed 0.
[138.839s] PRUNE: margin=-2.500000, optimistic_rem(widened)=0.000000 → cannot exceed 0.
[138.959s] PRUNE: margin=-2.500000, optimistic_rem(widened)=0.000000 → cannot exceed 0.
[139.081s] PRUNE: margin=-2.500000, optimistic_rem(widened)=0.000000 → cannot exceed 0.
[139.324s] PRUNE: margin=-3.000000, optimistic_rem(widened)=0.000000 → cannot exceed 0.
[141.378s] PRUNE: margin=-2.500000, optimistic_rem(widened)=0.000000 → cannot exceed 0.
[141.516s] PRUNE: margin=-2.500000, optimistic_rem(widened)=0.000000 → cannot exceed 0.
[141.641s] PRUNE: margin=-2.500000, optimistic_rem(widened)=0.000000 → cannot exceed 0.
[141.772s] PRUNE: margin=-2.500000, optimistic_rem(widened)=0.000000 → cannot exceed 0.
[141.918s] PRUNE: margin=-2.500000, optimistic_rem(widened)=0.000000 → cannot exceed 0.
[142.082s] PRUNE: margin=-2.500000, optimistic_rem(widened)=0.000000 → cannot exceed 0.
[142.209s] PRUNE: margin=-2.500000, optimistic_rem(widened)=0.000000 → cannot exceed 0.
[142.466s] PRUNE: margin=-3.000000, optimistic_rem(widened)=0.000000 → cannot exceed 0.
[143.860s] PRUNE: margin=-2.500000, optimistic_rem(widened)=0.000000 → cannot exceed 0.
[143.983s] PRUNE: margin=-2.500000, optimistic_rem(widened)=0.000000 → cannot exceed 0.
[144.107s] PRUNE: margin=-2.500000, optimistic_rem(widened)=0.000000 → cannot exceed 0.
[144.225s] PRUNE: margin=-2.500000, optimistic_rem(widened)=0.000000 → cannot exceed 0.
[144.347s] PRUNE: margin=-2.500000, optimistic_rem(widened)=0.000000 → cannot exceed 0.
[144.468s] PRUNE: margin=-2.500000, optimistic_rem(widened)=0.000000 → cannot exceed 0.
[144.589s] PRUNE: margin=-2.500000, optimistic_rem(widened)=0.000000 → cannot exceed 0.
[144.840s] PRUNE: margin=-3.000000, optimistic_rem(widened)=0.000000 → cannot exceed 0.
[145.502s] PRUNE: margin=-2.500000, optimistic_rem(widened)=0.000000 → cannot exceed 0.
[145.623s] PRUNE: margin=-2.500000, optimistic_rem(widened)=0.000000 → cannot exceed 0.
[145.747s] PRUNE: margin=-2.500000, optimistic_rem(widened)=0.000000 → cannot exceed 0.
[145.886s] PRUNE: margin=-2.500000, optimistic_rem(widened)=0.000000 → cannot exceed 0.
[146.006s] PRUNE: margin=-2.500000, optimistic_rem(widened)=0.000000 → cannot exceed 0.
[146.127s] PRUNE: margin=-2.500000, optimistic_rem(widened)=0.000000 → cannot exceed 0.
[146.248s] PRUNE: margin=-2.500000, optimistic_rem(widened)=0.000000 → cannot exceed 0.
[146.499s] PRUNE: margin=-3.000000, optimistic_rem(widened)=0.000000 → cannot exceed 0.
[146.619s] PRUNE: margin=-3.000000, optimistic_rem(widened)=0.000000 → cannot exceed 0.
[146.742s] PRUNE: margin=-3.000000, optimistic_rem(widened)=0.000000 → cannot exceed 0.
[146.867s] PRUNE: margin=-2.500000, optimistic_rem(widened)=0.000000 → cannot exceed 0.
[146.987s] PRUNE: margin=-2.500000, optimistic_rem(widened)=0.000000 → cannot exceed 0.
[147.111s] PRUNE: margin=-2.500000, optimistic_rem(widened)=0.000000 → cannot exceed 0.
[147.231s] PRUNE: margin=-2.500000, optimistic_rem(widened)=0.000000 → cannot exceed 0.
[147.352s] PRUNE: margin=-2.500000, optimistic_rem(widened)=0.000000 → cannot exceed 0.
[147.532s] PRUNE: margin=-2.500000, optimistic_rem(widened)=0.500000 → cannot exceed 0.
[147.651s] PRUNE: margin=-2.500000, optimistic_rem(widened)=0.500000 → cannot exceed 0.
[147.834s] PRUNE: margin=-3.000000, optimistic_rem(widened)=0.000000 → cannot exceed 0.
[147.958s] PRUNE: margin=-2.500000, optimistic_rem(widened)=0.000000 → cannot exceed 0.
[148.080s] PRUNE: margin=-2.500000, optimistic_rem(widened)=0.000000 → cannot exceed 0.
[148.263s] PRUNE: margin=-2.500000, optimistic_rem(widened)=0.000000 → cannot exceed 0.
[148.460s] PRUNE: margin=-2.500000, optimistic_rem(widened)=0.000000 → cannot exceed 0.
[148.854s] PRUNE: margin=-3.000000, optimistic_rem(widened)=0.000000 → cannot exceed 0.
[149.054s] PRUNE: margin=-2.500000, optimistic_rem(widened)=0.000000 → cannot exceed 0.
[149.253s] PRUNE: margin=-2.500000, optimistic_rem(widened)=0.000000 → cannot exceed 0.
[149.453s] PRUNE: margin=-2.500000, optimistic_rem(widened)=0.000000 → cannot exceed 0.
[149.853s] PRUNE: margin=-3.000000, optimistic_rem(widened)=0.000000 → cannot exceed 0.
[150.053s] PRUNE: margin=-2.500000, optimistic_rem(widened)=0.000000 → cannot exceed 0.
[150.253s] PRUNE: margin=-2.500000, optimistic_rem(widened)=0.000000 → cannot exceed 0.
[150.653s] PRUNE: margin=-3.000000, optimistic_rem(widened)=0.000000 → cannot exceed 0.
[150.853s] PRUNE: margin=-2.500000, optimistic_rem(widened)=0.000000 → cannot exceed 0.
[151.253s] PRUNE: margin=-3.000000, optimistic_rem(widened)=0.000000 → cannot exceed 0.
[152.052s] PRUNE: margin=-3.000000, optimistic_rem(widened)=0.000000 → cannot exceed 0.
[155.247s] PRUNE: margin=-2.500000, optimistic_rem(widened)=0.000000 → cannot exceed 0.
[155.447s] PRUNE: margin=-2.500000, optimistic_rem(widened)=0.000000 → cannot exceed 0.
[155.647s] PRUNE: margin=-2.500000, optimistic_rem(widened)=0.000000 → cannot exceed 0.
[155.846s] PRUNE: margin=-2.500000, optimistic_rem(widened)=0.000000 → cannot exceed 0.
[156.046s] PRUNE: margin=-2.500000, optimistic_rem(widened)=0.000000 → cannot exceed 0.
[156.246s] PRUNE: margin=-2.500000, optimistic_rem(widened)=0.000000 → cannot exceed 0.
[156.447s] PRUNE: margin=-2.500000, optimistic_rem(widened)=0.000000 → cannot exceed 0.
[156.827s] PRUNE: margin=-3.000000, optimistic_rem(widened)=0.000000 → cannot exceed 0.
[158.802s] PRUNE: margin=-2.500000, optimistic_rem(widened)=0.000000 → cannot exceed 0.
[158.990s] PRUNE: margin=-2.500000, optimistic_rem(widened)=0.000000 → cannot exceed 0.
[159.178s] PRUNE: margin=-2.500000, optimistic_rem(widened)=0.000000 → cannot exceed 0.
[159.366s] PRUNE: margin=-2.500000, optimistic_rem(widened)=0.000000 → cannot exceed 0.
[159.555s] PRUNE: margin=-2.500000, optimistic_rem(widened)=0.000000 → cannot exceed 0.
[159.744s] PRUNE: margin=-2.500000, optimistic_rem(widened)=0.000000 → cannot exceed 0.
[159.933s] PRUNE: margin=-2.500000, optimistic_rem(widened)=0.000000 → cannot exceed 0.
[160.309s] PRUNE: margin=-3.000000, optimistic_rem(widened)=0.000000 → cannot exceed 0.
[161.343s] PRUNE: margin=-2.500000, optimistic_rem(widened)=0.000000 → cannot exceed 0.
[161.532s] PRUNE: margin=-2.500000, optimistic_rem(widened)=0.000000 → cannot exceed 0.
[161.720s] PRUNE: margin=-2.500000, optimistic_rem(widened)=0.000000 → cannot exceed 0.
[161.908s] PRUNE: margin=-2.500000, optimistic_rem(widened)=0.000000 → cannot exceed 0.
[162.096s] PRUNE: margin=-2.500000, optimistic_rem(widened)=0.000000 → cannot exceed 0.
[162.285s] PRUNE: margin=-2.500000, optimistic_rem(widened)=0.000000 → cannot exceed 0.
[162.473s] PRUNE: margin=-2.500000, optimistic_rem(widened)=0.000000 → cannot exceed 0.
[162.849s] PRUNE: margin=-3.000000, optimistic_rem(widened)=0.000000 → cannot exceed 0.
[163.037s] PRUNE: margin=-3.000000, optimistic_rem(widened)=0.000000 → cannot exceed 0.
[163.225s] PRUNE: margin=-3.000000, optimistic_rem(widened)=0.000000 → cannot exceed 0.
[163.413s] PRUNE: margin=-2.500000, optimistic_rem(widened)=0.000000 → cannot exceed 0.
[163.601s] PRUNE: margin=-2.500000, optimistic_rem(widened)=0.000000 → cannot exceed 0.
[163.789s] PRUNE: margin=-2.500000, optimistic_rem(widened)=0.000000 → cannot exceed 0.
[163.977s] PRUNE: margin=-2.500000, optimistic_rem(widened)=0.000000 → cannot exceed 0.
[164.165s] PRUNE: margin=-2.500000, optimistic_rem(widened)=0.000000 → cannot exceed 0.
[164.448s] PRUNE: margin=-2.500000, optimistic_rem(widened)=0.500000 → cannot exceed 0.
[164.636s] PRUNE: margin=-2.500000, optimistic_rem(widened)=0.500000 → cannot exceed 0.
[164.918s] PRUNE: margin=-3.000000, optimistic_rem(widened)=0.000000 → cannot exceed 0.
[165.107s] PRUNE: margin=-2.500000, optimistic_rem(widened)=0.000000 → cannot exceed 0.
[165.295s] PRUNE: margin=-2.500000, optimistic_rem(widened)=0.000000 → cannot exceed 0.
[165.483s] PRUNE: margin=-2.500000, optimistic_rem(widened)=0.000000 → cannot exceed 0.
[165.671s] PRUNE: margin=-2.500000, optimistic_rem(widened)=0.000000 → cannot exceed 0.
[166.047s] PRUNE: margin=-3.000000, optimistic_rem(widened)=0.000000 → cannot exceed 0.
[166.235s] PRUNE: margin=-2.500000, optimistic_rem(widened)=0.000000 → cannot exceed 0.
[166.424s] PRUNE: margin=-2.500000, optimistic_rem(widened)=0.000000 → cannot exceed 0.
[166.612s] PRUNE: margin=-2.500000, optimistic_rem(widened)=0.000000 → cannot exceed 0.
[166.988s] PRUNE: margin=-3.000000, optimistic_rem(widened)=0.000000 → cannot exceed 0.
[167.177s] PRUNE: margin=-2.500000, optimistic_rem(widened)=0.000000 → cannot exceed 0.
[167.365s] PRUNE: margin=-2.500000, optimistic_rem(widened)=0.000000 → cannot exceed 0.
[167.742s] PRUNE: margin=-3.000000, optimistic_rem(widened)=0.000000 → cannot exceed 0.
[167.930s] PRUNE: margin=-2.500000, optimistic_rem(widened)=0.000000 → cannot exceed 0.
[168.306s] PRUNE: margin=-3.000000, optimistic_rem(widened)=0.000000 → cannot exceed 0.
[168.964s] PRUNE: margin=-3.000000, optimistic_rem(widened)=1.000000 → cannot exceed 0.
[171.032s] PRUNE: margin=-2.500000, optimistic_rem(widened)=0.000000 → cannot exceed 0.
[171.220s] PRUNE: margin=-2.500000, optimistic_rem(widened)=0.000000 → cannot exceed 0.
[171.408s] PRUNE: margin=-2.500000, optimistic_rem(widened)=0.000000 → cannot exceed 0.
[171.596s] PRUNE: margin=-2.500000, optimistic_rem(widened)=0.000000 → cannot exceed 0.
[171.784s] PRUNE: margin=-2.500000, optimistic_rem(widened)=0.000000 → cannot exceed 0.
[171.972s] PRUNE: margin=-2.500000, optimistic_rem(widened)=0.000000 → cannot exceed 0.
[172.161s] PRUNE: margin=-2.500000, optimistic_rem(widened)=0.000000 → cannot exceed 0.
[173.383s] PRUNE: margin=-2.500000, optimistic_rem(widened)=0.000000 → cannot exceed 0.
[173.571s] PRUNE: margin=-2.500000, optimistic_rem(widened)=0.000000 → cannot exceed 0.
[173.759s] PRUNE: margin=-2.500000, optimistic_rem(widened)=0.000000 → cannot exceed 0.
[173.947s] PRUNE: margin=-2.500000, optimistic_rem(widened)=0.000000 → cannot exceed 0.
[174.135s] PRUNE: margin=-2.500000, optimistic_rem(widened)=0.000000 → cannot exceed 0.
[174.323s] PRUNE: margin=-2.500000, optimistic_rem(widened)=0.000000 → cannot exceed 0.
[174.511s] PRUNE: margin=-2.500000, optimistic_rem(widened)=0.000000 → cannot exceed 0.
[174.887s] PRUNE: margin=-3.000000, optimistic_rem(widened)=0.000000 → cannot exceed 0.
[175.075s] PRUNE: margin=-3.000000, optimistic_rem(widened)=0.000000 → cannot exceed 0.
[175.263s] PRUNE: margin=-2.500000, optimistic_rem(widened)=0.000000 → cannot exceed 0.
[175.452s] PRUNE: margin=-2.500000, optimistic_rem(widened)=0.000000 → cannot exceed 0.
[175.640s] PRUNE: margin=-2.500000, optimistic_rem(widened)=0.000000 → cannot exceed 0.
[175.828s] PRUNE: margin=-2.500000, optimistic_rem(widened)=0.000000 → cannot exceed 0.
[176.016s] PRUNE: margin=-2.500000, optimistic_rem(widened)=0.000000 → cannot exceed 0.
[176.392s] PRUNE: margin=-2.500000, optimistic_rem(widened)=0.000000 → cannot exceed 0.
[176.580s] PRUNE: margin=-2.500000, optimistic_rem(widened)=0.000000 → cannot exceed 0.
[176.768s] PRUNE: margin=-2.500000, optimistic_rem(widened)=0.000000 → cannot exceed 0.
[176.956s] PRUNE: margin=-2.500000, optimistic_rem(widened)=0.000000 → cannot exceed 0.
[177.144s] PRUNE: margin=-2.500000, optimistic_rem(widened)=0.000000 → cannot exceed 0.
[177.333s] PRUNE: margin=-2.500000, optimistic_rem(widened)=0.000000 → cannot exceed 0.
[177.709s] PRUNE: margin=-2.500000, optimistic_rem(widened)=0.000000 → cannot exceed 0.
[177.897s] PRUNE: margin=-2.500000, optimistic_rem(widened)=0.000000 → cannot exceed 0.
[178.086s] PRUNE: margin=-2.500000, optimistic_rem(widened)=0.000000 → cannot exceed 0.
[178.274s] PRUNE: margin=-2.500000, optimistic_rem(widened)=0.000000 → cannot exceed 0.
[178.462s] PRUNE: margin=-2.500000, optimistic_rem(widened)=0.000000 → cannot exceed 0.
[178.838s] PRUNE: margin=-2.500000, optimistic_rem(widened)=0.000000 → cannot exceed 0.
[179.026s] PRUNE: margin=-2.500000, optimistic_rem(widened)=0.000000 → cannot exceed 0.
[179.215s] PRUNE: margin=-2.500000, optimistic_rem(widened)=0.000000 → cannot exceed 0.
[179.403s] PRUNE: margin=-2.500000, optimistic_rem(widened)=0.000000 → cannot exceed 0.
[179.779s] PRUNE: margin=-2.500000, optimistic_rem(widened)=0.000000 → cannot exceed 0.
[179.967s] PRUNE: margin=-2.500000, optimistic_rem(widened)=0.000000 → cannot exceed 0.
[180.155s] PRUNE: margin=-2.500000, optimistic_rem(widened)=0.000000 → cannot exceed 0.
[180.532s] PRUNE: margin=-2.500000, optimistic_rem(widened)=0.000000 → cannot exceed 0.
[180.720s] PRUNE: margin=-2.500000, optimistic_rem(widened)=0.000000 → cannot exceed 0.
[181.096s] PRUNE: margin=-2.500000, optimistic_rem(widened)=0.000000 → cannot exceed 0.
[181.754s] PRUNE: margin=-3.000000, optimistic_rem(widened)=1.000000 → cannot exceed 0.
[182.882s] PRUNE: margin=-2.500000, optimistic_rem(widened)=0.000000 → cannot exceed 0.
[183.070s] PRUNE: margin=-2.500000, optimistic_rem(widened)=0.000000 → cannot exceed 0.
[183.258s] PRUNE: margin=-2.500000, optimistic_rem(widened)=0.000000 → cannot exceed 0.
[183.446s] PRUNE: margin=-2.500000, optimistic_rem(widened)=0.000000 → cannot exceed 0.
[183.635s] PRUNE: margin=-2.500000, optimistic_rem(widened)=0.000000 → cannot exceed 0.
[183.823s] PRUNE: margin=-2.500000, optimistic_rem(widened)=0.000000 → cannot exceed 0.
[184.011s] PRUNE: margin=-2.500000, optimistic_rem(widened)=0.000000 → cannot exceed 0.
[184.387s] PRUNE: margin=-3.000000, optimistic_rem(widened)=0.000000 → cannot exceed 0.
[184.575s] PRUNE: margin=-3.000000, optimistic_rem(widened)=0.000000 → cannot exceed 0.
[184.763s] PRUNE: margin=-2.500000, optimistic_rem(widened)=0.000000 → cannot exceed 0.
[184.951s] PRUNE: margin=-2.500000, optimistic_rem(widened)=0.000000 → cannot exceed 0.
[185.139s] PRUNE: margin=-2.500000, optimistic_rem(widened)=0.000000 → cannot exceed 0.
[185.327s] PRUNE: margin=-2.500000, optimistic_rem(widened)=0.000000 → cannot exceed 0.
[185.515s] PRUNE: margin=-2.500000, optimistic_rem(widened)=0.000000 → cannot exceed 0.
[185.891s] PRUNE: margin=-2.500000, optimistic_rem(widened)=0.000000 → cannot exceed 0.
[186.080s] PRUNE: margin=-2.500000, optimistic_rem(widened)=0.000000 → cannot exceed 0.
[186.268s] PRUNE: margin=-2.500000, optimistic_rem(widened)=0.000000 → cannot exceed 0.
[186.456s] PRUNE: margin=-2.500000, optimistic_rem(widened)=0.000000 → cannot exceed 0.
[186.645s] PRUNE: margin=-2.500000, optimistic_rem(widened)=0.000000 → cannot exceed 0.
[186.833s] PRUNE: margin=-2.500000, optimistic_rem(widened)=0.000000 → cannot exceed 0.
[187.209s] PRUNE: margin=-2.500000, optimistic_rem(widened)=0.000000 → cannot exceed 0.
[187.404s] PRUNE: margin=-2.500000, optimistic_rem(widened)=0.000000 → cannot exceed 0.
[187.592s] PRUNE: margin=-2.500000, optimistic_rem(widened)=0.000000 → cannot exceed 0.
[187.780s] PRUNE: margin=-2.500000, optimistic_rem(widened)=0.000000 → cannot exceed 0.
[187.968s] PRUNE: margin=-2.500000, optimistic_rem(widened)=0.000000 → cannot exceed 0.
[188.345s] PRUNE: margin=-2.500000, optimistic_rem(widened)=0.000000 → cannot exceed 0.
[188.534s] PRUNE: margin=-2.500000, optimistic_rem(widened)=0.000000 → cannot exceed 0.
[188.722s] PRUNE: margin=-2.500000, optimistic_rem(widened)=0.000000 → cannot exceed 0.
[188.910s] PRUNE: margin=-2.500000, optimistic_rem(widened)=0.000000 → cannot exceed 0.
[189.286s] PRUNE: margin=-2.500000, optimistic_rem(widened)=0.000000 → cannot exceed 0.
[189.474s] PRUNE: margin=-2.500000, optimistic_rem(widened)=0.000000 → cannot exceed 0.
[189.663s] PRUNE: margin=-2.500000, optimistic_rem(widened)=0.000000 → cannot exceed 0.
[190.039s] PRUNE: margin=-2.500000, optimistic_rem(widened)=0.000000 → cannot exceed 0.
[190.227s] PRUNE: margin=-2.500000, optimistic_rem(widened)=0.000000 → cannot exceed 0.
[190.603s] PRUNE: margin=-2.500000, optimistic_rem(widened)=0.000000 → cannot exceed 0.
[191.261s] PRUNE: margin=-3.000000, optimistic_rem(widened)=0.500000 → cannot exceed 0.
[191.543s] PRUNE: margin=-3.000000, optimistic_rem(widened)=0.000000 → cannot exceed 0.
[191.732s] PRUNE: margin=-3.000000, optimistic_rem(widened)=0.000000 → cannot exceed 0.
[191.920s] PRUNE: margin=-3.000000, optimistic_rem(widened)=0.000000 → cannot exceed 0.
[192.108s] PRUNE: margin=-2.500000, optimistic_rem(widened)=0.000000 → cannot exceed 0.
[192.296s] PRUNE: margin=-2.500000, optimistic_rem(widened)=0.000000 → cannot exceed 0.
[192.484s] PRUNE: margin=-2.500000, optimistic_rem(widened)=0.000000 → cannot exceed 0.
[192.672s] PRUNE: margin=-2.500000, optimistic_rem(widened)=0.000000 → cannot exceed 0.
[193.048s] PRUNE: margin=-2.500000, optimistic_rem(widened)=0.000000 → cannot exceed 0.
[193.236s] PRUNE: margin=-2.500000, optimistic_rem(widened)=0.000000 → cannot exceed 0.
[193.424s] PRUNE: margin=-2.500000, optimistic_rem(widened)=0.000000 → cannot exceed 0.
[193.612s] PRUNE: margin=-2.500000, optimistic_rem(widened)=0.000000 → cannot exceed 0.
[193.801s] PRUNE: margin=-2.500000, optimistic_rem(widened)=0.000000 → cannot exceed 0.
[193.989s] PRUNE: margin=-2.500000, optimistic_rem(widened)=0.000000 → cannot exceed 0.
[194.365s] PRUNE: margin=-2.500000, optimistic_rem(widened)=0.000000 → cannot exceed 0.
[194.553s] PRUNE: margin=-2.500000, optimistic_rem(widened)=0.000000 → cannot exceed 0.
[194.742s] PRUNE: margin=-2.500000, optimistic_rem(widened)=0.000000 → cannot exceed 0.
[194.930s] PRUNE: margin=-2.500000, optimistic_rem(widened)=0.000000 → cannot exceed 0.
[195.118s] PRUNE: margin=-2.500000, optimistic_rem(widened)=0.000000 → cannot exceed 0.
[195.494s] PRUNE: margin=-2.500000, optimistic_rem(widened)=0.000000 → cannot exceed 0.
[195.682s] PRUNE: margin=-2.500000, optimistic_rem(widened)=0.000000 → cannot exceed 0.
[195.871s] PRUNE: margin=-2.500000, optimistic_rem(widened)=0.000000 → cannot exceed 0.
[196.059s] PRUNE: margin=-2.500000, optimistic_rem(widened)=0.000000 → cannot exceed 0.
[196.405s] PRUNE: margin=-2.500000, optimistic_rem(widened)=0.000000 → cannot exceed 0.
[196.558s] PRUNE: margin=-2.500000, optimistic_rem(widened)=0.000000 → cannot exceed 0.
[196.710s] PRUNE: margin=-2.500000, optimistic_rem(widened)=0.000000 → cannot exceed 0.
[197.001s] PRUNE: margin=-2.500000, optimistic_rem(widened)=0.000000 → cannot exceed 0.
[197.132s] PRUNE: margin=-2.500000, optimistic_rem(widened)=0.000000 → cannot exceed 0.
[197.545s] PRUNE: margin=-2.500000, optimistic_rem(widened)=0.000000 → cannot exceed 0.
[198.244s] PRUNE: margin=-3.000000, optimistic_rem(widened)=0.500000 → cannot exceed 0.
[198.444s] PRUNE: margin=-3.000000, optimistic_rem(widened)=0.500000 → cannot exceed 0.
[198.643s] PRUNE: margin=-3.000000, optimistic_rem(widened)=0.500000 → cannot exceed 0.
[198.943s] PRUNE: margin=-2.500000, optimistic_rem(widened)=0.000000 → cannot exceed 0.
[199.143s] PRUNE: margin=-2.500000, optimistic_rem(widened)=0.000000 → cannot exceed 0.
[199.342s] PRUNE: margin=-2.500000, optimistic_rem(widened)=0.000000 → cannot exceed 0.
[199.542s] PRUNE: margin=-2.500000, optimistic_rem(widened)=0.000000 → cannot exceed 0.
[199.942s] PRUNE: margin=-2.500000, optimistic_rem(widened)=0.000000 → cannot exceed 0.
[200.142s] PRUNE: margin=-2.500000, optimistic_rem(widened)=0.000000 → cannot exceed 0.
[200.342s] PRUNE: margin=-2.500000, optimistic_rem(widened)=0.000000 → cannot exceed 0.
[200.741s] PRUNE: margin=-2.500000, optimistic_rem(widened)=0.000000 → cannot exceed 0.
[200.941s] PRUNE: margin=-2.500000, optimistic_rem(widened)=0.000000 → cannot exceed 0.
[201.340s] PRUNE: margin=-2.500000, optimistic_rem(widened)=0.000000 → cannot exceed 0.
[201.939s] PRUNE: margin=-2.500000, optimistic_rem(widened)=0.500000 → cannot exceed 0.
[202.139s] PRUNE: margin=-2.500000, optimistic_rem(widened)=0.500000 → cannot exceed 0.
[202.338s] PRUNE: margin=-2.500000, optimistic_rem(widened)=0.500000 → cannot exceed 0.
[202.638s] PRUNE: margin=-3.000000, optimistic_rem(widened)=1.000000 → cannot exceed 0.
[202.937s] PRUNE: margin=-2.500000, optimistic_rem(widened)=0.000000 → cannot exceed 0.
[203.137s] PRUNE: margin=-2.500000, optimistic_rem(widened)=0.000000 → cannot exceed 0.
[203.537s] PRUNE: margin=-2.500000, optimistic_rem(widened)=0.000000 → cannot exceed 0.
[204.236s] PRUNE: margin=-3.000000, optimistic_rem(widened)=1.000000 → cannot exceed 0.
[204.535s] PRUNE: margin=-2.500000, optimistic_rem(widened)=0.000000 → cannot exceed 0.
[205.234s] PRUNE: margin=-3.000000, optimistic_rem(widened)=1.000000 → cannot exceed 0.
[205.833s] PRUNE: margin=-3.000000, optimistic_rem(widened)=0.500000 → cannot exceed 0.
[206.532s] PRUNE: margin=-3.000000, optimistic_rem(widened)=1.500000 → cannot exceed 0.
[209.926s] PRUNE: margin=-2.500000, optimistic_rem(widened)=0.000000 → cannot exceed 0.
[210.125s] PRUNE: margin=-2.500000, optimistic_rem(widened)=0.000000 → cannot exceed 0.
[210.325s] PRUNE: margin=-2.500000, optimistic_rem(widened)=0.000000 → cannot exceed 0.
[210.525s] PRUNE: margin=-2.500000, optimistic_rem(widened)=0.000000 → cannot exceed 0.
[210.724s] PRUNE: margin=-2.500000, optimistic_rem(widened)=0.000000 → cannot exceed 0.
[210.924s] PRUNE: margin=-2.500000, optimistic_rem(widened)=0.000000 → cannot exceed 0.
[211.124s] PRUNE: margin=-2.500000, optimistic_rem(widened)=0.000000 → cannot exceed 0.
[213.421s] PRUNE: margin=-2.500000, optimistic_rem(widened)=0.000000 → cannot exceed 0.
[213.621s] PRUNE: margin=-2.500000, optimistic_rem(widened)=0.000000 → cannot exceed 0.
[213.820s] PRUNE: margin=-2.500000, optimistic_rem(widened)=0.000000 → cannot exceed 0.
[214.020s] PRUNE: margin=-2.500000, optimistic_rem(widened)=0.000000 → cannot exceed 0.
[214.220s] PRUNE: margin=-2.500000, optimistic_rem(widened)=0.000000 → cannot exceed 0.
[214.420s] PRUNE: margin=-2.500000, optimistic_rem(widened)=0.000000 → cannot exceed 0.
[214.619s] PRUNE: margin=-2.500000, optimistic_rem(widened)=0.000000 → cannot exceed 0.
[215.917s] PRUNE: margin=-2.500000, optimistic_rem(widened)=0.000000 → cannot exceed 0.
[216.117s] PRUNE: margin=-2.500000, optimistic_rem(widened)=0.000000 → cannot exceed 0.
[216.317s] PRUNE: margin=-2.500000, optimistic_rem(widened)=0.000000 → cannot exceed 0.
[216.516s] PRUNE: margin=-2.500000, optimistic_rem(widened)=0.000000 → cannot exceed 0.
[216.716s] PRUNE: margin=-2.500000, optimistic_rem(widened)=0.000000 → cannot exceed 0.
[216.916s] PRUNE: margin=-2.500000, optimistic_rem(widened)=0.000000 → cannot exceed 0.
[217.115s] PRUNE: margin=-2.500000, optimistic_rem(widened)=0.000000 → cannot exceed 0.
[217.515s] PRUNE: margin=-2.500000, optimistic_rem(widened)=0.000000 → cannot exceed 0.
[217.715s] PRUNE: margin=-2.500000, optimistic_rem(widened)=0.000000 → cannot exceed 0.
[217.914s] PRUNE: margin=-2.500000, optimistic_rem(widened)=0.000000 → cannot exceed 0.
[218.114s] PRUNE: margin=-2.500000, optimistic_rem(widened)=0.000000 → cannot exceed 0.
[218.314s] PRUNE: margin=-2.500000, optimistic_rem(widened)=0.000000 → cannot exceed 0.
[218.514s] PRUNE: margin=-2.500000, optimistic_rem(widened)=0.000000 → cannot exceed 0.
[218.714s] PRUNE: margin=-2.500000, optimistic_rem(widened)=0.000000 → cannot exceed 0.
[219.113s] PRUNE: margin=-2.500000, optimistic_rem(widened)=0.000000 → cannot exceed 0.
[219.313s] PRUNE: margin=-2.500000, optimistic_rem(widened)=0.000000 → cannot exceed 0.
[219.512s] PRUNE: margin=-2.500000, optimistic_rem(widened)=0.000000 → cannot exceed 0.
[219.712s] PRUNE: margin=-2.500000, optimistic_rem(widened)=0.000000 → cannot exceed 0.
[219.912s] PRUNE: margin=-2.500000, optimistic_rem(widened)=0.000000 → cannot exceed 0.
[220.112s] PRUNE: margin=-2.500000, optimistic_rem(widened)=0.000000 → cannot exceed 0.
[220.511s] PRUNE: margin=-2.500000, optimistic_rem(widened)=0.000000 → cannot exceed 0.
[220.711s] PRUNE: margin=-2.500000, optimistic_rem(widened)=0.000000 → cannot exceed 0.
[220.911s] PRUNE: margin=-2.500000, optimistic_rem(widened)=0.000000 → cannot exceed 0.
[221.110s] PRUNE: margin=-2.500000, optimistic_rem(widened)=0.000000 → cannot exceed 0.
[221.310s] PRUNE: margin=-2.500000, optimistic_rem(widened)=0.000000 → cannot exceed 0.
[221.710s] PRUNE: margin=-2.500000, optimistic_rem(widened)=0.000000 → cannot exceed 0.
[221.909s] PRUNE: margin=-2.500000, optimistic_rem(widened)=0.000000 → cannot exceed 0.
[222.109s] PRUNE: margin=-2.500000, optimistic_rem(widened)=0.000000 → cannot exceed 0.
[222.309s] PRUNE: margin=-2.500000, optimistic_rem(widened)=0.000000 → cannot exceed 0.
[222.708s] PRUNE: margin=-2.500000, optimistic_rem(widened)=0.000000 → cannot exceed 0.
[222.908s] PRUNE: margin=-2.500000, optimistic_rem(widened)=0.000000 → cannot exceed 0.
[223.107s] PRUNE: margin=-2.500000, optimistic_rem(widened)=0.000000 → cannot exceed 0.
[223.507s] PRUNE: margin=-3.000000, optimistic_rem(widened)=0.000000 → cannot exceed 0.
[223.707s] PRUNE: margin=-2.500000, optimistic_rem(widened)=0.000000 → cannot exceed 0.
[224.106s] PRUNE: margin=-3.000000, optimistic_rem(widened)=0.000000 → cannot exceed 0.
[226.802s] PRUNE: margin=-2.500000, optimistic_rem(widened)=0.000000 → cannot exceed 0.
[227.002s] PRUNE: margin=-2.500000, optimistic_rem(widened)=0.000000 → cannot exceed 0.
[227.202s] PRUNE: margin=-2.500000, optimistic_rem(widened)=0.000000 → cannot exceed 0.
[227.401s] PRUNE: margin=-2.500000, optimistic_rem(widened)=0.000000 → cannot exceed 0.
[227.601s] PRUNE: margin=-2.500000, optimistic_rem(widened)=0.000000 → cannot exceed 0.
[227.801s] PRUNE: margin=-2.500000, optimistic_rem(widened)=0.000000 → cannot exceed 0.
[228.001s] PRUNE: margin=-2.500000, optimistic_rem(widened)=0.000000 → cannot exceed 0.
[229.298s] PRUNE: margin=-2.500000, optimistic_rem(widened)=0.000000 → cannot exceed 0.
[229.498s] PRUNE: margin=-2.500000, optimistic_rem(widened)=0.000000 → cannot exceed 0.
[229.698s] PRUNE: margin=-2.500000, optimistic_rem(widened)=0.000000 → cannot exceed 0.
[229.898s] PRUNE: margin=-2.500000, optimistic_rem(widened)=0.000000 → cannot exceed 0.
[230.097s] PRUNE: margin=-2.500000, optimistic_rem(widened)=0.000000 → cannot exceed 0.
[230.297s] PRUNE: margin=-2.500000, optimistic_rem(widened)=0.000000 → cannot exceed 0.
[230.497s] PRUNE: margin=-2.500000, optimistic_rem(widened)=0.000000 → cannot exceed 0.
[230.896s] PRUNE: margin=-2.500000, optimistic_rem(widened)=0.000000 → cannot exceed 0.
[231.096s] PRUNE: margin=-2.500000, optimistic_rem(widened)=0.000000 → cannot exceed 0.
[231.296s] PRUNE: margin=-2.500000, optimistic_rem(widened)=0.000000 → cannot exceed 0.
[231.496s] PRUNE: margin=-2.500000, optimistic_rem(widened)=0.000000 → cannot exceed 0.
[231.696s] PRUNE: margin=-2.500000, optimistic_rem(widened)=0.000000 → cannot exceed 0.
[231.896s] PRUNE: margin=-2.500000, optimistic_rem(widened)=0.000000 → cannot exceed 0.
[232.095s] PRUNE: margin=-2.500000, optimistic_rem(widened)=0.000000 → cannot exceed 0.
[232.495s] PRUNE: margin=-2.500000, optimistic_rem(widened)=0.000000 → cannot exceed 0.
[232.694s] PRUNE: margin=-2.500000, optimistic_rem(widened)=0.000000 → cannot exceed 0.
[232.894s] PRUNE: margin=-2.500000, optimistic_rem(widened)=0.000000 → cannot exceed 0.
[233.094s] PRUNE: margin=-2.500000, optimistic_rem(widened)=0.000000 → cannot exceed 0.
[233.294s] PRUNE: margin=-2.500000, optimistic_rem(widened)=0.000000 → cannot exceed 0.
[233.493s] PRUNE: margin=-2.500000, optimistic_rem(widened)=0.000000 → cannot exceed 0.
[233.893s] PRUNE: margin=-2.500000, optimistic_rem(widened)=0.000000 → cannot exceed 0.
[234.093s] PRUNE: margin=-2.500000, optimistic_rem(widened)=0.000000 → cannot exceed 0.
[234.292s] PRUNE: margin=-2.500000, optimistic_rem(widened)=0.000000 → cannot exceed 0.
[234.492s] PRUNE: margin=-2.500000, optimistic_rem(widened)=0.000000 → cannot exceed 0.
[234.692s] PRUNE: margin=-2.500000, optimistic_rem(widened)=0.000000 → cannot exceed 0.
[235.091s] PRUNE: margin=-2.500000, optimistic_rem(widened)=0.000000 → cannot exceed 0.
[235.291s] PRUNE: margin=-2.500000, optimistic_rem(widened)=0.000000 → cannot exceed 0.
[235.491s] PRUNE: margin=-2.500000, optimistic_rem(widened)=0.000000 → cannot exceed 0.
[235.691s] PRUNE: margin=-2.500000, optimistic_rem(widened)=0.000000 → cannot exceed 0.
[236.090s] PRUNE: margin=-2.500000, optimistic_rem(widened)=0.000000 → cannot exceed 0.
[236.290s] PRUNE: margin=-2.500000, optimistic_rem(widened)=0.000000 → cannot exceed 0.
[236.490s] PRUNE: margin=-2.500000, optimistic_rem(widened)=0.000000 → cannot exceed 0.
[236.889s] PRUNE: margin=-3.000000, optimistic_rem(widened)=0.000000 → cannot exceed 0.
[237.089s] PRUNE: margin=-2.500000, optimistic_rem(widened)=0.000000 → cannot exceed 0.
[237.489s] PRUNE: margin=-3.000000, optimistic_rem(widened)=0.000000 → cannot exceed 0.
[239.186s] PRUNE: margin=-2.500000, optimistic_rem(widened)=0.000000 → cannot exceed 0.
[239.385s] PRUNE: margin=-2.500000, optimistic_rem(widened)=0.000000 → cannot exceed 0.
[239.585s] PRUNE: margin=-2.500000, optimistic_rem(widened)=0.000000 → cannot exceed 0.
[239.785s] PRUNE: margin=-2.500000, optimistic_rem(widened)=0.000000 → cannot exceed 0.
[239.984s] PRUNE: margin=-2.500000, optimistic_rem(widened)=0.000000 → cannot exceed 0.
[240.190s] PRUNE: margin=-2.500000, optimistic_rem(widened)=0.000000 → cannot exceed 0.
[240.403s] PRUNE: margin=-2.500000, optimistic_rem(widened)=0.000000 → cannot exceed 0.
[240.817s] PRUNE: margin=-3.000000, optimistic_rem(widened)=0.000000 → cannot exceed 0.
[241.025s] PRUNE: margin=-2.500000, optimistic_rem(widened)=0.000000 → cannot exceed 0.
[241.232s] PRUNE: margin=-2.500000, optimistic_rem(widened)=0.000000 → cannot exceed 0.
[241.438s] PRUNE: margin=-2.500000, optimistic_rem(widened)=0.000000 → cannot exceed 0.
[241.647s] PRUNE: margin=-2.500000, optimistic_rem(widened)=0.000000 → cannot exceed 0.
[241.857s] PRUNE: margin=-2.500000, optimistic_rem(widened)=0.000000 → cannot exceed 0.
[242.068s] PRUNE: margin=-2.500000, optimistic_rem(widened)=0.000000 → cannot exceed 0.
[242.487s] PRUNE: margin=-2.500000, optimistic_rem(widened)=0.000000 → cannot exceed 0.
[242.697s] PRUNE: margin=-2.500000, optimistic_rem(widened)=0.000000 → cannot exceed 0.
[242.907s] PRUNE: margin=-2.500000, optimistic_rem(widened)=0.000000 → cannot exceed 0.
[243.119s] PRUNE: margin=-2.500000, optimistic_rem(widened)=0.000000 → cannot exceed 0.
[243.329s] PRUNE: margin=-2.500000, optimistic_rem(widened)=0.000000 → cannot exceed 0.
[243.538s] PRUNE: margin=-2.500000, optimistic_rem(widened)=0.000000 → cannot exceed 0.
[243.956s] PRUNE: margin=-2.500000, optimistic_rem(widened)=0.000000 → cannot exceed 0.
[244.166s] PRUNE: margin=-2.500000, optimistic_rem(widened)=0.000000 → cannot exceed 0.
[244.375s] PRUNE: margin=-2.500000, optimistic_rem(widened)=0.000000 → cannot exceed 0.
[244.586s] PRUNE: margin=-2.500000, optimistic_rem(widened)=0.000000 → cannot exceed 0.
[244.793s] PRUNE: margin=-2.500000, optimistic_rem(widened)=0.000000 → cannot exceed 0.
[245.210s] PRUNE: margin=-2.500000, optimistic_rem(widened)=0.000000 → cannot exceed 0.
[245.421s] PRUNE: margin=-2.500000, optimistic_rem(widened)=0.000000 → cannot exceed 0.
[245.630s] PRUNE: margin=-2.500000, optimistic_rem(widened)=0.000000 → cannot exceed 0.
[245.841s] PRUNE: margin=-2.500000, optimistic_rem(widened)=0.000000 → cannot exceed 0.
[246.261s] PRUNE: margin=-2.500000, optimistic_rem(widened)=0.000000 → cannot exceed 0.
[246.472s] PRUNE: margin=-2.500000, optimistic_rem(widened)=0.000000 → cannot exceed 0.
[246.681s] PRUNE: margin=-2.500000, optimistic_rem(widened)=0.000000 → cannot exceed 0.
[247.102s] PRUNE: margin=-3.000000, optimistic_rem(widened)=0.000000 → cannot exceed 0.
[247.311s] PRUNE: margin=-2.500000, optimistic_rem(widened)=0.000000 → cannot exceed 0.
[247.728s] PRUNE: margin=-3.000000, optimistic_rem(widened)=0.000000 → cannot exceed 0.
[248.569s] PRUNE: margin=-3.000000, optimistic_rem(widened)=0.000000 → cannot exceed 0.
[248.776s] PRUNE: margin=-2.500000, optimistic_rem(widened)=0.000000 → cannot exceed 0.
[248.987s] PRUNE: margin=-2.500000, optimistic_rem(widened)=0.000000 → cannot exceed 0.
[249.197s] PRUNE: margin=-2.500000, optimistic_rem(widened)=0.000000 → cannot exceed 0.
[249.406s] PRUNE: margin=-2.500000, optimistic_rem(widened)=0.000000 → cannot exceed 0.
[249.616s] PRUNE: margin=-2.500000, optimistic_rem(widened)=0.000000 → cannot exceed 0.
[249.826s] PRUNE: margin=-2.500000, optimistic_rem(widened)=0.000000 → cannot exceed 0.
[250.245s] PRUNE: margin=-2.500000, optimistic_rem(widened)=0.000000 → cannot exceed 0.
[250.455s] PRUNE: margin=-2.500000, optimistic_rem(widened)=0.000000 → cannot exceed 0.
[250.664s] PRUNE: margin=-2.500000, optimistic_rem(widened)=0.000000 → cannot exceed 0.
[250.874s] PRUNE: margin=-2.500000, optimistic_rem(widened)=0.000000 → cannot exceed 0.
[251.081s] PRUNE: margin=-2.500000, optimistic_rem(widened)=0.000000 → cannot exceed 0.
[251.288s] PRUNE: margin=-2.500000, optimistic_rem(widened)=0.000000 → cannot exceed 0.
[251.707s] PRUNE: margin=-2.500000, optimistic_rem(widened)=0.000000 → cannot exceed 0.
[251.917s] PRUNE: margin=-2.500000, optimistic_rem(widened)=0.000000 → cannot exceed 0.
[252.131s] PRUNE: margin=-2.500000, optimistic_rem(widened)=0.000000 → cannot exceed 0.
[252.339s] PRUNE: margin=-2.500000, optimistic_rem(widened)=0.000000 → cannot exceed 0.
[252.549s] PRUNE: margin=-2.500000, optimistic_rem(widened)=0.000000 → cannot exceed 0.
[252.972s] PRUNE: margin=-2.500000, optimistic_rem(widened)=0.000000 → cannot exceed 0.
[253.181s] PRUNE: margin=-2.500000, optimistic_rem(widened)=0.000000 → cannot exceed 0.
[253.390s] PRUNE: margin=-2.500000, optimistic_rem(widened)=0.000000 → cannot exceed 0.
[253.596s] PRUNE: margin=-2.500000, optimistic_rem(widened)=0.000000 → cannot exceed 0.
[254.017s] PRUNE: margin=-2.500000, optimistic_rem(widened)=0.000000 → cannot exceed 0.
[254.227s] PRUNE: margin=-2.500000, optimistic_rem(widened)=0.000000 → cannot exceed 0.
[254.439s] PRUNE: margin=-2.500000, optimistic_rem(widened)=0.000000 → cannot exceed 0.
[254.856s] PRUNE: margin=-3.000000, optimistic_rem(widened)=0.000000 → cannot exceed 0.
[255.062s] PRUNE: margin=-2.500000, optimistic_rem(widened)=0.000000 → cannot exceed 0.
[255.480s] PRUNE: margin=-3.000000, optimistic_rem(widened)=0.000000 → cannot exceed 0.
[256.321s] PRUNE: margin=-2.500000, optimistic_rem(widened)=0.000000 → cannot exceed 0.
[256.529s] PRUNE: margin=-2.500000, optimistic_rem(widened)=0.000000 → cannot exceed 0.
[256.734s] PRUNE: margin=-2.500000, optimistic_rem(widened)=0.000000 → cannot exceed 0.
[256.943s] PRUNE: margin=-2.500000, optimistic_rem(widened)=0.000000 → cannot exceed 0.
[257.154s] PRUNE: margin=-2.500000, optimistic_rem(widened)=0.000000 → cannot exceed 0.
[257.365s] PRUNE: margin=-2.500000, optimistic_rem(widened)=0.000000 → cannot exceed 0.
[257.785s] PRUNE: margin=-2.500000, optimistic_rem(widened)=0.000000 → cannot exceed 0.
[257.996s] PRUNE: margin=-2.500000, optimistic_rem(widened)=0.000000 → cannot exceed 0.
[258.208s] PRUNE: margin=-2.500000, optimistic_rem(widened)=0.000000 → cannot exceed 0.
[258.420s] PRUNE: margin=-2.500000, optimistic_rem(widened)=0.000000 → cannot exceed 0.
[258.631s] PRUNE: margin=-2.500000, optimistic_rem(widened)=0.000000 → cannot exceed 0.
[259.051s] PRUNE: margin=-3.000000, optimistic_rem(widened)=0.000000 → cannot exceed 0.
[259.257s] PRUNE: margin=-2.500000, optimistic_rem(widened)=0.000000 → cannot exceed 0.
[259.464s] PRUNE: margin=-2.500000, optimistic_rem(widened)=0.000000 → cannot exceed 0.
[259.674s] PRUNE: margin=-2.500000, optimistic_rem(widened)=0.000000 → cannot exceed 0.
[260.090s] PRUNE: margin=-3.000000, optimistic_rem(widened)=0.000000 → cannot exceed 0.
[260.300s] PRUNE: margin=-2.500000, optimistic_rem(widened)=0.000000 → cannot exceed 0.
[260.510s] PRUNE: margin=-2.500000, optimistic_rem(widened)=0.000000 → cannot exceed 0.
[260.931s] PRUNE: margin=-3.000000, optimistic_rem(widened)=0.000000 → cannot exceed 0.
[261.142s] PRUNE: margin=-2.500000, optimistic_rem(widened)=0.000000 → cannot exceed 0.
[261.564s] PRUNE: margin=-3.000000, optimistic_rem(widened)=0.000000 → cannot exceed 0.
[262.397s] PRUNE: margin=-2.500000, optimistic_rem(widened)=0.000000 → cannot exceed 0.
[262.607s] PRUNE: margin=-2.500000, optimistic_rem(widened)=0.000000 → cannot exceed 0.
[262.815s] PRUNE: margin=-2.500000, optimistic_rem(widened)=0.000000 → cannot exceed 0.
[263.024s] PRUNE: margin=-2.500000, optimistic_rem(widened)=0.000000 → cannot exceed 0.
[263.233s] PRUNE: margin=-2.500000, optimistic_rem(widened)=0.000000 → cannot exceed 0.
[263.652s] PRUNE: margin=-2.500000, optimistic_rem(widened)=0.000000 → cannot exceed 0.
[263.862s] PRUNE: margin=-2.500000, optimistic_rem(widened)=0.000000 → cannot exceed 0.
[264.077s] PRUNE: margin=-2.500000, optimistic_rem(widened)=0.000000 → cannot exceed 0.
[264.277s] PRUNE: margin=-2.500000, optimistic_rem(widened)=0.000000 → cannot exceed 0.
[264.681s] PRUNE: margin=-2.500000, optimistic_rem(widened)=0.000000 → cannot exceed 0.
[264.880s] PRUNE: margin=-2.500000, optimistic_rem(widened)=0.000000 → cannot exceed 0.
[265.080s] PRUNE: margin=-2.500000, optimistic_rem(widened)=0.000000 → cannot exceed 0.
[265.480s] PRUNE: margin=-3.000000, optimistic_rem(widened)=0.000000 → cannot exceed 0.
[265.680s] PRUNE: margin=-2.500000, optimistic_rem(widened)=0.000000 → cannot exceed 0.
[266.080s] PRUNE: margin=-3.000000, optimistic_rem(widened)=0.000000 → cannot exceed 0.
[266.882s] PRUNE: margin=-2.500000, optimistic_rem(widened)=0.000000 → cannot exceed 0.
[267.081s] PRUNE: margin=-2.500000, optimistic_rem(widened)=0.000000 → cannot exceed 0.
[267.281s] PRUNE: margin=-2.500000, optimistic_rem(widened)=0.000000 → cannot exceed 0.
[267.481s] PRUNE: margin=-2.500000, optimistic_rem(widened)=0.000000 → cannot exceed 0.
[267.882s] PRUNE: margin=-2.500000, optimistic_rem(widened)=0.000000 → cannot exceed 0.
[268.082s] PRUNE: margin=-2.500000, optimistic_rem(widened)=0.000000 → cannot exceed 0.
[268.282s] PRUNE: margin=-2.500000, optimistic_rem(widened)=0.000000 → cannot exceed 0.
[268.681s] PRUNE: margin=-3.000000, optimistic_rem(widened)=0.000000 → cannot exceed 0.
[268.881s] PRUNE: margin=-2.500000, optimistic_rem(widened)=0.000000 → cannot exceed 0.
[269.281s] PRUNE: margin=-3.000000, optimistic_rem(widened)=0.000000 → cannot exceed 0.
[270.080s] PRUNE: margin=-2.500000, optimistic_rem(widened)=0.000000 → cannot exceed 0.
[270.280s] PRUNE: margin=-2.500000, optimistic_rem(widened)=0.000000 → cannot exceed 0.
[270.480s] PRUNE: margin=-2.500000, optimistic_rem(widened)=0.000000 → cannot exceed 0.
[270.879s] PRUNE: margin=-3.000000, optimistic_rem(widened)=0.000000 → cannot exceed 0.
[271.079s] PRUNE: margin=-2.500000, optimistic_rem(widened)=0.000000 → cannot exceed 0.
[271.479s] PRUNE: margin=-3.000000, optimistic_rem(widened)=0.000000 → cannot exceed 0.
[272.278s] PRUNE: margin=-3.000000, optimistic_rem(widened)=0.000000 → cannot exceed 0.
[272.478s] PRUNE: margin=-2.500000, optimistic_rem(widened)=0.000000 → cannot exceed 0.
[272.877s] PRUNE: margin=-3.000000, optimistic_rem(widened)=0.000000 → cannot exceed 0.
[273.577s] PRUNE: margin=-3.000000, optimistic_rem(widened)=1.000000 → cannot exceed 0.
[274.176s] PRUNE: margin=-3.000000, optimistic_rem(widened)=1.000000 → cannot exceed 0.
[277.170s] PRUNE: margin=-2.000000, optimistic_rem(widened)=0.000000 → cannot exceed 0.
[277.370s] PRUNE: margin=-2.000000, optimistic_rem(widened)=0.000000 → cannot exceed 0.
[277.570s] PRUNE: margin=-2.000000, optimistic_rem(widened)=0.000000 → cannot exceed 0.
[277.769s] PRUNE: margin=-2.000000, optimistic_rem(widened)=0.000000 → cannot exceed 0.
[277.969s] PRUNE: margin=-2.000000, optimistic_rem(widened)=0.000000 → cannot exceed 0.
[278.169s] PRUNE: margin=-2.000000, optimistic_rem(widened)=0.000000 → cannot exceed 0.
[278.368s] PRUNE: margin=-2.000000, optimistic_rem(widened)=0.000000 → cannot exceed 0.
[278.568s] PRUNE: margin=-2.000000, optimistic_rem(widened)=0.000000 → cannot exceed 0.
[279.965s] PRUNE: margin=-2.500000, optimistic_rem(widened)=0.000000 → cannot exceed 0.
[280.165s] PRUNE: margin=-2.000000, optimistic_rem(widened)=0.000000 → cannot exceed 0.
[280.365s] PRUNE: margin=-2.000000, optimistic_rem(widened)=0.000000 → cannot exceed 0.
[280.565s] PRUNE: margin=-2.000000, optimistic_rem(widened)=0.000000 → cannot exceed 0.
[280.764s] PRUNE: margin=-2.000000, optimistic_rem(widened)=0.000000 → cannot exceed 0.
[280.964s] PRUNE: margin=-2.000000, optimistic_rem(widened)=0.000000 → cannot exceed 0.
[281.164s] PRUNE: margin=-2.000000, optimistic_rem(widened)=0.000000 → cannot exceed 0.
[281.363s] PRUNE: margin=-2.000000, optimistic_rem(widened)=0.000000 → cannot exceed 0.
[281.762s] PRUNE: margin=-2.500000, optimistic_rem(widened)=0.000000 → cannot exceed 0.
[281.962s] PRUNE: margin=-2.500000, optimistic_rem(widened)=0.000000 → cannot exceed 0.
[282.162s] PRUNE: margin=-2.500000, optimistic_rem(widened)=0.000000 → cannot exceed 0.
[282.361s] PRUNE: margin=-2.000000, optimistic_rem(widened)=0.000000 → cannot exceed 0.
[282.561s] PRUNE: margin=-2.000000, optimistic_rem(widened)=0.000000 → cannot exceed 0.
[282.761s] PRUNE: margin=-2.000000, optimistic_rem(widened)=0.000000 → cannot exceed 0.
[282.961s] PRUNE: margin=-2.000000, optimistic_rem(widened)=0.000000 → cannot exceed 0.
[283.160s] PRUNE: margin=-2.000000, optimistic_rem(widened)=0.000000 → cannot exceed 0.
[283.460s] PRUNE: margin=-2.000000, optimistic_rem(widened)=1.000000 → cannot exceed 0.
[283.659s] PRUNE: margin=-2.000000, optimistic_rem(widened)=1.000000 → cannot exceed 0.
[283.859s] PRUNE: margin=-2.000000, optimistic_rem(widened)=1.000000 → cannot exceed 0.
[284.059s] PRUNE: margin=-2.000000, optimistic_rem(widened)=1.000000 → cannot exceed 0.
[284.258s] PRUNE: margin=-2.000000, optimistic_rem(widened)=1.000000 → cannot exceed 0.
[284.458s] PRUNE: margin=-2.000000, optimistic_rem(widened)=1.000000 → cannot exceed 0.
[284.758s] PRUNE: margin=-3.000000, optimistic_rem(widened)=0.000000 → cannot exceed 0.
[286.554s] PRUNE: margin=-2.500000, optimistic_rem(widened)=0.000000 → cannot exceed 0.
[286.754s] PRUNE: margin=-2.000000, optimistic_rem(widened)=0.000000 → cannot exceed 0.
[286.954s] PRUNE: margin=-2.000000, optimistic_rem(widened)=0.000000 → cannot exceed 0.
[287.154s] PRUNE: margin=-2.000000, optimistic_rem(widened)=0.000000 → cannot exceed 0.
[287.353s] PRUNE: margin=-2.000000, optimistic_rem(widened)=0.000000 → cannot exceed 0.
[287.553s] PRUNE: margin=-2.000000, optimistic_rem(widened)=0.000000 → cannot exceed 0.
[287.753s] PRUNE: margin=-2.000000, optimistic_rem(widened)=0.000000 → cannot exceed 0.
[287.953s] PRUNE: margin=-2.000000, optimistic_rem(widened)=0.000000 → cannot exceed 0.
[288.352s] PRUNE: margin=-2.500000, optimistic_rem(widened)=0.000000 → cannot exceed 0.
[288.551s] PRUNE: margin=-2.500000, optimistic_rem(widened)=0.000000 → cannot exceed 0.
[288.751s] PRUNE: margin=-2.500000, optimistic_rem(widened)=0.000000 → cannot exceed 0.
[288.951s] PRUNE: margin=-2.500000, optimistic_rem(widened)=0.000000 → cannot exceed 0.
[289.151s] PRUNE: margin=-2.500000, optimistic_rem(widened)=0.000000 → cannot exceed 0.
[289.350s] PRUNE: margin=-2.000000, optimistic_rem(widened)=0.000000 → cannot exceed 0.
[289.550s] PRUNE: margin=-2.000000, optimistic_rem(widened)=0.000000 → cannot exceed 0.
[289.750s] PRUNE: margin=-2.000000, optimistic_rem(widened)=0.000000 → cannot exceed 0.
[290.049s] PRUNE: margin=-2.000000, optimistic_rem(widened)=1.000000 → cannot exceed 0.
[290.249s] PRUNE: margin=-2.000000, optimistic_rem(widened)=1.000000 → cannot exceed 0.
[290.449s] PRUNE: margin=-2.000000, optimistic_rem(widened)=1.000000 → cannot exceed 0.
[290.649s] PRUNE: margin=-2.000000, optimistic_rem(widened)=1.000000 → cannot exceed 0.
[290.848s] PRUNE: margin=-2.000000, optimistic_rem(widened)=1.000000 → cannot exceed 0.
[291.048s] PRUNE: margin=-2.000000, optimistic_rem(widened)=1.000000 → cannot exceed 0.
[291.347s] PRUNE: margin=-3.000000, optimistic_rem(widened)=0.000000 → cannot exceed 0.
[292.146s] PRUNE: margin=-2.500000, optimistic_rem(widened)=0.000000 → cannot exceed 0.
[292.346s] PRUNE: margin=-2.500000, optimistic_rem(widened)=0.000000 → cannot exceed 0.
[292.546s] PRUNE: margin=-2.500000, optimistic_rem(widened)=0.000000 → cannot exceed 0.
[292.745s] PRUNE: margin=-2.500000, optimistic_rem(widened)=0.000000 → cannot exceed 0.
[292.947s] PRUNE: margin=-2.500000, optimistic_rem(widened)=0.000000 → cannot exceed 0.
[293.146s] PRUNE: margin=-2.500000, optimistic_rem(widened)=0.000000 → cannot exceed 0.
[293.346s] PRUNE: margin=-2.500000, optimistic_rem(widened)=0.000000 → cannot exceed 0.
[293.546s] PRUNE: margin=-2.500000, optimistic_rem(widened)=0.000000 → cannot exceed 0.
[293.945s] PRUNE: margin=-3.000000, optimistic_rem(widened)=0.000000 → cannot exceed 0.
[294.145s] PRUNE: margin=-2.500000, optimistic_rem(widened)=0.000000 → cannot exceed 0.
[294.345s] PRUNE: margin=-2.500000, optimistic_rem(widened)=0.000000 → cannot exceed 0.
[294.545s] PRUNE: margin=-2.500000, optimistic_rem(widened)=0.000000 → cannot exceed 0.
[294.745s] PRUNE: margin=-2.500000, optimistic_rem(widened)=0.000000 → cannot exceed 0.
[294.945s] PRUNE: margin=-2.500000, optimistic_rem(widened)=0.000000 → cannot exceed 0.
[295.145s] PRUNE: margin=-2.500000, optimistic_rem(widened)=0.000000 → cannot exceed 0.
[295.444s] PRUNE: margin=-2.000000, optimistic_rem(widened)=1.000000 → cannot exceed 0.
[295.644s] PRUNE: margin=-2.000000, optimistic_rem(widened)=1.000000 → cannot exceed 0.
[295.844s] PRUNE: margin=-2.000000, optimistic_rem(widened)=1.000000 → cannot exceed 0.
[296.043s] PRUNE: margin=-2.000000, optimistic_rem(widened)=1.000000 → cannot exceed 0.
[296.243s] PRUNE: margin=-2.000000, optimistic_rem(widened)=1.000000 → cannot exceed 0.
[296.443s] PRUNE: margin=-2.000000, optimistic_rem(widened)=1.000000 → cannot exceed 0.
[297.142s] PRUNE: margin=-3.000000, optimistic_rem(widened)=0.000000 → cannot exceed 0.
[297.342s] PRUNE: margin=-2.500000, optimistic_rem(widened)=0.000000 → cannot exceed 0.
[297.541s] PRUNE: margin=-2.500000, optimistic_rem(widened)=0.000000 → cannot exceed 0.
[297.741s] PRUNE: margin=-2.500000, optimistic_rem(widened)=0.000000 → cannot exceed 0.
[297.941s] PRUNE: margin=-2.500000, optimistic_rem(widened)=0.000000 → cannot exceed 0.
[298.141s] PRUNE: margin=-2.500000, optimistic_rem(widened)=0.000000 → cannot exceed 0.
[298.340s] PRUNE: margin=-2.500000, optimistic_rem(widened)=0.000000 → cannot exceed 0.
[298.740s] PRUNE: margin=-2.500000, optimistic_rem(widened)=0.000000 → cannot exceed 0.
[298.940s] PRUNE: margin=-2.500000, optimistic_rem(widened)=0.000000 → cannot exceed 0.
[299.140s] PRUNE: margin=-2.500000, optimistic_rem(widened)=0.000000 → cannot exceed 0.
[299.340s] PRUNE: margin=-2.500000, optimistic_rem(widened)=0.000000 → cannot exceed 0.
[299.539s] PRUNE: margin=-2.500000, optimistic_rem(widened)=0.000000 → cannot exceed 0.
[299.739s] PRUNE: margin=-2.500000, optimistic_rem(widened)=0.000000 → cannot exceed 0.
[300.039s] PRUNE: margin=-2.000000, optimistic_rem(widened)=1.000000 → cannot exceed 0.
[300.238s] PRUNE: margin=-2.000000, optimistic_rem(widened)=1.000000 → cannot exceed 0.
[300.438s] PRUNE: margin=-2.000000, optimistic_rem(widened)=1.000000 → cannot exceed 0.
[300.638s] PRUNE: margin=-2.000000, optimistic_rem(widened)=1.000000 → cannot exceed 0.
[300.838s] PRUNE: margin=-2.000000, optimistic_rem(widened)=1.000000 → cannot exceed 0.
[301.037s] PRUNE: margin=-2.000000, optimistic_rem(widened)=1.000000 → cannot exceed 0.
[301.337s] PRUNE: margin=-2.000000, optimistic_rem(widened)=2.000000 → cannot exceed 0.
[301.536s] PRUNE: margin=-2.000000, optimistic_rem(widened)=2.000000 → cannot exceed 0.
[301.736s] PRUNE: margin=-2.000000, optimistic_rem(widened)=2.000000 → cannot exceed 0.
[301.936s] PRUNE: margin=-2.000000, optimistic_rem(widened)=2.000000 → cannot exceed 0.
[302.136s] PRUNE: margin=-2.000000, optimistic_rem(widened)=2.000000 → cannot exceed 0.
[302.335s] PRUNE: margin=-2.000000, optimistic_rem(widened)=2.000000 → cannot exceed 0.
[302.635s] PRUNE: margin=-3.000000, optimistic_rem(widened)=1.000000 → cannot exceed 0.
[304.531s] PRUNE: margin=-2.500000, optimistic_rem(widened)=0.000000 → cannot exceed 0.
[304.731s] PRUNE: margin=-2.000000, optimistic_rem(widened)=0.000000 → cannot exceed 0.
[304.930s] PRUNE: margin=-2.000000, optimistic_rem(widened)=0.000000 → cannot exceed 0.
[305.130s] PRUNE: margin=-2.000000, optimistic_rem(widened)=0.000000 → cannot exceed 0.
[305.330s] PRUNE: margin=-2.000000, optimistic_rem(widened)=0.000000 → cannot exceed 0.
[305.529s] PRUNE: margin=-2.000000, optimistic_rem(widened)=0.000000 → cannot exceed 0.
[305.729s] PRUNE: margin=-2.000000, optimistic_rem(widened)=0.000000 → cannot exceed 0.
[305.929s] PRUNE: margin=-2.000000, optimistic_rem(widened)=0.000000 → cannot exceed 0.
[306.328s] PRUNE: margin=-2.500000, optimistic_rem(widened)=0.000000 → cannot exceed 0.
[306.528s] PRUNE: margin=-2.500000, optimistic_rem(widened)=0.000000 → cannot exceed 0.
[306.727s] PRUNE: margin=-2.500000, optimistic_rem(widened)=0.000000 → cannot exceed 0.
[306.927s] PRUNE: margin=-2.500000, optimistic_rem(widened)=0.000000 → cannot exceed 0.
[307.126s] PRUNE: margin=-2.500000, optimistic_rem(widened)=0.000000 → cannot exceed 0.
[307.326s] PRUNE: margin=-2.000000, optimistic_rem(widened)=0.000000 → cannot exceed 0.
[307.526s] PRUNE: margin=-2.000000, optimistic_rem(widened)=0.000000 → cannot exceed 0.
[307.725s] PRUNE: margin=-2.000000, optimistic_rem(widened)=0.000000 → cannot exceed 0.
[308.025s] PRUNE: margin=-2.000000, optimistic_rem(widened)=1.000000 → cannot exceed 0.
[308.224s] PRUNE: margin=-2.000000, optimistic_rem(widened)=1.000000 → cannot exceed 0.
[308.424s] PRUNE: margin=-2.000000, optimistic_rem(widened)=1.000000 → cannot exceed 0.
[308.624s] PRUNE: margin=-2.000000, optimistic_rem(widened)=1.000000 → cannot exceed 0.
[308.824s] PRUNE: margin=-2.000000, optimistic_rem(widened)=1.000000 → cannot exceed 0.
[309.023s] PRUNE: margin=-2.000000, optimistic_rem(widened)=1.000000 → cannot exceed 0.
[309.323s] PRUNE: margin=-3.000000, optimistic_rem(widened)=0.000000 → cannot exceed 0.
[310.121s] PRUNE: margin=-2.500000, optimistic_rem(widened)=0.000000 → cannot exceed 0.
[310.321s] PRUNE: margin=-2.500000, optimistic_rem(widened)=0.000000 → cannot exceed 0.
[310.521s] PRUNE: margin=-2.500000, optimistic_rem(widened)=0.000000 → cannot exceed 0.
[310.720s] PRUNE: margin=-2.500000, optimistic_rem(widened)=0.000000 → cannot exceed 0.
[310.920s] PRUNE: margin=-2.500000, optimistic_rem(widened)=0.000000 → cannot exceed 0.
[311.120s] PRUNE: margin=-2.500000, optimistic_rem(widened)=0.000000 → cannot exceed 0.
[311.319s] PRUNE: margin=-2.500000, optimistic_rem(widened)=0.000000 → cannot exceed 0.
[311.519s] PRUNE: margin=-2.500000, optimistic_rem(widened)=0.000000 → cannot exceed 0.
[311.918s] PRUNE: margin=-3.000000, optimistic_rem(widened)=0.000000 → cannot exceed 0.
[312.118s] PRUNE: margin=-2.500000, optimistic_rem(widened)=0.000000 → cannot exceed 0.
[312.318s] PRUNE: margin=-2.500000, optimistic_rem(widened)=0.000000 → cannot exceed 0.
[312.518s] PRUNE: margin=-2.500000, optimistic_rem(widened)=0.000000 → cannot exceed 0.
[312.718s] PRUNE: margin=-2.500000, optimistic_rem(widened)=0.000000 → cannot exceed 0.
[312.918s] PRUNE: margin=-2.500000, optimistic_rem(widened)=0.000000 → cannot exceed 0.
[313.118s] PRUNE: margin=-2.500000, optimistic_rem(widened)=0.000000 → cannot exceed 0.
[313.417s] PRUNE: margin=-2.000000, optimistic_rem(widened)=1.000000 → cannot exceed 0.
[313.617s] PRUNE: margin=-2.000000, optimistic_rem(widened)=1.000000 → cannot exceed 0.
[313.817s] PRUNE: margin=-2.000000, optimistic_rem(widened)=1.000000 → cannot exceed 0.
[314.016s] PRUNE: margin=-2.000000, optimistic_rem(widened)=1.000000 → cannot exceed 0.
[314.216s] PRUNE: margin=-2.000000, optimistic_rem(widened)=1.000000 → cannot exceed 0.
[314.416s] PRUNE: margin=-2.000000, optimistic_rem(widened)=1.000000 → cannot exceed 0.
[315.114s] PRUNE: margin=-3.000000, optimistic_rem(widened)=0.000000 → cannot exceed 0.
[315.314s] PRUNE: margin=-2.500000, optimistic_rem(widened)=0.000000 → cannot exceed 0.
[315.514s] PRUNE: margin=-2.500000, optimistic_rem(widened)=0.000000 → cannot exceed 0.
[315.714s] PRUNE: margin=-2.500000, optimistic_rem(widened)=0.000000 → cannot exceed 0.
[315.913s] PRUNE: margin=-2.500000, optimistic_rem(widened)=0.000000 → cannot exceed 0.
[316.113s] PRUNE: margin=-2.500000, optimistic_rem(widened)=0.000000 → cannot exceed 0.
[316.313s] PRUNE: margin=-2.500000, optimistic_rem(widened)=0.000000 → cannot exceed 0.
[316.712s] PRUNE: margin=-2.500000, optimistic_rem(widened)=0.000000 → cannot exceed 0.
[316.912s] PRUNE: margin=-2.500000, optimistic_rem(widened)=0.000000 → cannot exceed 0.
[317.112s] PRUNE: margin=-2.500000, optimistic_rem(widened)=0.000000 → cannot exceed 0.
[317.312s] PRUNE: margin=-2.500000, optimistic_rem(widened)=0.000000 → cannot exceed 0.
[317.512s] PRUNE: margin=-2.500000, optimistic_rem(widened)=0.000000 → cannot exceed 0.
[317.712s] PRUNE: margin=-2.500000, optimistic_rem(widened)=0.000000 → cannot exceed 0.
[318.011s] PRUNE: margin=-2.000000, optimistic_rem(widened)=1.000000 → cannot exceed 0.
[318.211s] PRUNE: margin=-2.000000, optimistic_rem(widened)=1.000000 → cannot exceed 0.
[318.410s] PRUNE: margin=-2.000000, optimistic_rem(widened)=1.000000 → cannot exceed 0.
[318.610s] PRUNE: margin=-2.000000, optimistic_rem(widened)=1.000000 → cannot exceed 0.
[318.810s] PRUNE: margin=-2.000000, optimistic_rem(widened)=1.000000 → cannot exceed 0.
[319.004s] PRUNE: margin=-2.000000, optimistic_rem(widened)=1.000000 → cannot exceed 0.
[319.183s] PRUNE: margin=-2.000000, optimistic_rem(widened)=2.000000 → cannot exceed 0.
[319.316s] PRUNE: margin=-2.000000, optimistic_rem(widened)=2.000000 → cannot exceed 0.
[319.515s] PRUNE: margin=-2.000000, optimistic_rem(widened)=2.000000 → cannot exceed 0.
[319.715s] PRUNE: margin=-2.000000, optimistic_rem(widened)=2.000000 → cannot exceed 0.
[319.915s] PRUNE: margin=-2.000000, optimistic_rem(widened)=2.000000 → cannot exceed 0.
[320.114s] PRUNE: margin=-2.000000, optimistic_rem(widened)=2.000000 → cannot exceed 0.
[320.414s] PRUNE: margin=-3.000000, optimistic_rem(widened)=1.000000 → cannot exceed 0.
[321.312s] PRUNE: margin=-2.500000, optimistic_rem(widened)=0.000000 → cannot exceed 0.
[321.512s] PRUNE: margin=-2.500000, optimistic_rem(widened)=0.000000 → cannot exceed 0.
[321.712s] PRUNE: margin=-2.500000, optimistic_rem(widened)=0.000000 → cannot exceed 0.
[321.911s] PRUNE: margin=-2.500000, optimistic_rem(widened)=0.000000 → cannot exceed 0.
[322.111s] PRUNE: margin=-2.500000, optimistic_rem(widened)=0.000000 → cannot exceed 0.
[322.311s] PRUNE: margin=-2.500000, optimistic_rem(widened)=0.000000 → cannot exceed 0.
[322.510s] PRUNE: margin=-2.500000, optimistic_rem(widened)=0.000000 → cannot exceed 0.
[322.710s] PRUNE: margin=-2.500000, optimistic_rem(widened)=0.000000 → cannot exceed 0.
[323.109s] PRUNE: margin=-3.000000, optimistic_rem(widened)=0.000000 → cannot exceed 0.
[323.309s] PRUNE: margin=-2.500000, optimistic_rem(widened)=0.000000 → cannot exceed 0.
[323.509s] PRUNE: margin=-2.500000, optimistic_rem(widened)=0.000000 → cannot exceed 0.
[323.709s] PRUNE: margin=-2.500000, optimistic_rem(widened)=0.000000 → cannot exceed 0.
[323.909s] PRUNE: margin=-2.500000, optimistic_rem(widened)=0.000000 → cannot exceed 0.
[324.108s] PRUNE: margin=-2.500000, optimistic_rem(widened)=0.000000 → cannot exceed 0.
[324.308s] PRUNE: margin=-2.500000, optimistic_rem(widened)=0.000000 → cannot exceed 0.
[324.608s] PRUNE: margin=-2.000000, optimistic_rem(widened)=1.000000 → cannot exceed 0.
[324.808s] PRUNE: margin=-2.000000, optimistic_rem(widened)=1.000000 → cannot exceed 0.
[325.007s] PRUNE: margin=-2.000000, optimistic_rem(widened)=1.000000 → cannot exceed 0.
[325.207s] PRUNE: margin=-2.000000, optimistic_rem(widened)=1.000000 → cannot exceed 0.
[325.407s] PRUNE: margin=-2.000000, optimistic_rem(widened)=1.000000 → cannot exceed 0.
[325.606s] PRUNE: margin=-2.000000, optimistic_rem(widened)=1.000000 → cannot exceed 0.
[326.205s] PRUNE: margin=-2.500000, optimistic_rem(widened)=0.500000 → cannot exceed 0.
[326.505s] PRUNE: margin=-3.000000, optimistic_rem(widened)=0.000000 → cannot exceed 0.
[326.705s] PRUNE: margin=-2.500000, optimistic_rem(widened)=0.000000 → cannot exceed 0.
[326.904s] PRUNE: margin=-2.500000, optimistic_rem(widened)=0.000000 → cannot exceed 0.
[327.104s] PRUNE: margin=-2.500000, optimistic_rem(widened)=0.000000 → cannot exceed 0.
[327.304s] PRUNE: margin=-2.500000, optimistic_rem(widened)=0.000000 → cannot exceed 0.
[327.504s] PRUNE: margin=-2.500000, optimistic_rem(widened)=0.000000 → cannot exceed 0.
[327.903s] PRUNE: margin=-2.500000, optimistic_rem(widened)=0.000000 → cannot exceed 0.
[328.103s] PRUNE: margin=-2.500000, optimistic_rem(widened)=0.000000 → cannot exceed 0.
[328.303s] PRUNE: margin=-2.500000, optimistic_rem(widened)=0.000000 → cannot exceed 0.
[328.503s] PRUNE: margin=-2.500000, optimistic_rem(widened)=0.000000 → cannot exceed 0.
[328.702s] PRUNE: margin=-2.500000, optimistic_rem(widened)=0.000000 → cannot exceed 0.
[329.002s] PRUNE: margin=-2.000000, optimistic_rem(widened)=1.000000 → cannot exceed 0.
[329.202s] PRUNE: margin=-2.000000, optimistic_rem(widened)=1.000000 → cannot exceed 0.
[329.401s] PRUNE: margin=-2.000000, optimistic_rem(widened)=1.000000 → cannot exceed 0.
[329.601s] PRUNE: margin=-2.000000, optimistic_rem(widened)=1.000000 → cannot exceed 0.
[329.801s] PRUNE: margin=-2.000000, optimistic_rem(widened)=1.000000 → cannot exceed 0.
[330.100s] PRUNE: margin=-2.000000, optimistic_rem(widened)=2.000000 → cannot exceed 0.
[330.300s] PRUNE: margin=-2.000000, optimistic_rem(widened)=2.000000 → cannot exceed 0.
[330.499s] PRUNE: margin=-2.000000, optimistic_rem(widened)=2.000000 → cannot exceed 0.
[330.699s] PRUNE: margin=-2.000000, optimistic_rem(widened)=2.000000 → cannot exceed 0.
[330.899s] PRUNE: margin=-2.000000, optimistic_rem(widened)=2.000000 → cannot exceed 0.
[331.098s] PRUNE: margin=-2.000000, optimistic_rem(widened)=2.000000 → cannot exceed 0.
[331.398s] PRUNE: margin=-3.000000, optimistic_rem(widened)=1.000000 → cannot exceed 0.
[332.197s] PRUNE: margin=-2.500000, optimistic_rem(widened)=0.500000 → cannot exceed 0.
[332.396s] PRUNE: margin=-2.500000, optimistic_rem(widened)=0.500000 → cannot exceed 0.
[332.596s] PRUNE: margin=-2.500000, optimistic_rem(widened)=0.500000 → cannot exceed 0.
[332.796s] PRUNE: margin=-2.500000, optimistic_rem(widened)=0.500000 → cannot exceed 0.
[332.996s] PRUNE: margin=-2.500000, optimistic_rem(widened)=0.500000 → cannot exceed 0.
[333.195s] PRUNE: margin=-2.500000, optimistic_rem(widened)=0.500000 → cannot exceed 0.
[333.495s] PRUNE: margin=-3.000000, optimistic_rem(widened)=0.000000 → cannot exceed 0.
[334.094s] PRUNE: margin=-2.000000, optimistic_rem(widened)=2.000000 → cannot exceed 0.
[334.293s] PRUNE: margin=-2.000000, optimistic_rem(widened)=2.000000 → cannot exceed 0.
[334.493s] PRUNE: margin=-2.000000, optimistic_rem(widened)=2.000000 → cannot exceed 0.
[334.693s] PRUNE: margin=-2.000000, optimistic_rem(widened)=2.000000 → cannot exceed 0.
[334.892s] PRUNE: margin=-2.000000, optimistic_rem(widened)=2.000000 → cannot exceed 0.
[335.092s] PRUNE: margin=-2.000000, optimistic_rem(widened)=2.000000 → cannot exceed 0.
[335.391s] PRUNE: margin=-3.000000, optimistic_rem(widened)=1.000000 → cannot exceed 0.
[336.190s] PRUNE: margin=-3.000000, optimistic_rem(widened)=0.500000 → cannot exceed 0.
[336.489s] PRUNE: margin=-2.500000, optimistic_rem(widened)=0.000000 → cannot exceed 0.
[336.689s] PRUNE: margin=-2.500000, optimistic_rem(widened)=0.000000 → cannot exceed 0.
[336.889s] PRUNE: margin=-2.500000, optimistic_rem(widened)=0.000000 → cannot exceed 0.
[337.089s] PRUNE: margin=-2.500000, optimistic_rem(widened)=0.000000 → cannot exceed 0.
[337.289s] PRUNE: margin=-2.500000, optimistic_rem(widened)=0.000000 → cannot exceed 0.
[337.688s] PRUNE: margin=-2.500000, optimistic_rem(widened)=0.000000 → cannot exceed 0.
[337.888s] PRUNE: margin=-2.500000, optimistic_rem(widened)=0.000000 → cannot exceed 0.
[338.088s] PRUNE: margin=-2.500000, optimistic_rem(widened)=0.000000 → cannot exceed 0.
[338.288s] PRUNE: margin=-2.500000, optimistic_rem(widened)=0.000000 → cannot exceed 0.
[338.687s] PRUNE: margin=-2.500000, optimistic_rem(widened)=0.000000 → cannot exceed 0.
[338.887s] PRUNE: margin=-2.500000, optimistic_rem(widened)=0.000000 → cannot exceed 0.
[339.087s] PRUNE: margin=-2.500000, optimistic_rem(widened)=0.000000 → cannot exceed 0.
[339.487s] PRUNE: margin=-2.500000, optimistic_rem(widened)=0.000000 → cannot exceed 0.
[339.686s] PRUNE: margin=-2.500000, optimistic_rem(widened)=0.000000 → cannot exceed 0.
[340.086s] PRUNE: margin=-2.500000, optimistic_rem(widened)=0.000000 → cannot exceed 0.
[340.885s] PRUNE: margin=-2.500000, optimistic_rem(widened)=0.000000 → cannot exceed 0.
[341.084s] PRUNE: margin=-2.500000, optimistic_rem(widened)=0.000000 → cannot exceed 0.
[341.285s] PRUNE: margin=-2.500000, optimistic_rem(widened)=0.000000 → cannot exceed 0.
[341.484s] PRUNE: margin=-2.500000, optimistic_rem(widened)=0.000000 → cannot exceed 0.
[341.684s] PRUNE: margin=-2.500000, optimistic_rem(widened)=0.000000 → cannot exceed 0.
[342.083s] PRUNE: margin=-2.500000, optimistic_rem(widened)=0.000000 → cannot exceed 0.
[342.283s] PRUNE: margin=-2.500000, optimistic_rem(widened)=0.000000 → cannot exceed 0.
[342.483s] PRUNE: margin=-2.500000, optimistic_rem(widened)=0.000000 → cannot exceed 0.
[342.683s] PRUNE: margin=-2.500000, optimistic_rem(widened)=0.000000 → cannot exceed 0.
[343.083s] PRUNE: margin=-2.500000, optimistic_rem(widened)=0.000000 → cannot exceed 0.
[343.283s] PRUNE: margin=-2.500000, optimistic_rem(widened)=0.000000 → cannot exceed 0.
[343.482s] PRUNE: margin=-2.500000, optimistic_rem(widened)=0.000000 → cannot exceed 0.
[343.882s] PRUNE: margin=-2.500000, optimistic_rem(widened)=0.000000 → cannot exceed 0.
[344.082s] PRUNE: margin=-2.500000, optimistic_rem(widened)=0.000000 → cannot exceed 0.
[344.481s] PRUNE: margin=-3.000000, optimistic_rem(widened)=0.000000 → cannot exceed 0.
[345.080s] PRUNE: margin=-2.000000, optimistic_rem(widened)=2.000000 → cannot exceed 0.
[345.280s] PRUNE: margin=-2.000000, optimistic_rem(widened)=2.000000 → cannot exceed 0.
[345.480s] PRUNE: margin=-2.000000, optimistic_rem(widened)=2.000000 → cannot exceed 0.
[345.679s] PRUNE: margin=-2.000000, optimistic_rem(widened)=2.000000 → cannot exceed 0.
[345.879s] PRUNE: margin=-2.000000, optimistic_rem(widened)=2.000000 → cannot exceed 0.
[346.079s] PRUNE: margin=-2.000000, optimistic_rem(widened)=2.000000 → cannot exceed 0.
[352.267s] PRUNE: margin=-2.500000, optimistic_rem(widened)=1.000000 → cannot exceed 0.
[356.460s] PRUNE: margin=-2.500000, optimistic_rem(widened)=1.000000 → cannot exceed 0.
[359.055s] PRUNE: margin=-2.500000, optimistic_rem(widened)=1.000000 → cannot exceed 0.
[360.552s] PRUNE: margin=-3.000000, optimistic_rem(widened)=0.000000 → cannot exceed 0.
[361.350s] PRUNE: margin=-3.000000, optimistic_rem(widened)=0.000000 → cannot exceed 0.
[362.049s] PRUNE: margin=-2.500000, optimistic_rem(widened)=2.000000 → cannot exceed 0.
[366.339s] PRUNE: margin=-2.500000, optimistic_rem(widened)=1.000000 → cannot exceed 0.
[368.934s] PRUNE: margin=-2.500000, optimistic_rem(widened)=1.000000 → cannot exceed 0.
[370.431s] PRUNE: margin=-3.000000, optimistic_rem(widened)=0.000000 → cannot exceed 0.
[371.229s] PRUNE: margin=-3.000000, optimistic_rem(widened)=0.000000 → cannot exceed 0.
[371.928s] PRUNE: margin=-2.500000, optimistic_rem(widened)=2.000000 → cannot exceed 0.
[374.363s] PRUNE: margin=-3.000000, optimistic_rem(widened)=0.000000 → cannot exceed 0.
[375.791s] PRUNE: margin=-3.000000, optimistic_rem(widened)=0.000000 → cannot exceed 0.
[376.540s] PRUNE: margin=-3.000000, optimistic_rem(widened)=0.000000 → cannot exceed 0.
[376.972s] PRUNE: margin=-2.500000, optimistic_rem(widened)=2.000000 → cannot exceed 0.
[377.945s] PRUNE: margin=-3.000000, optimistic_rem(widened)=0.000000 → cannot exceed 0.
[378.431s] PRUNE: margin=-3.000000, optimistic_rem(widened)=0.000000 → cannot exceed 0.
[378.911s] PRUNE: margin=-2.500000, optimistic_rem(widened)=2.000000 → cannot exceed 0.
[379.451s] PRUNE: margin=-3.000000, optimistic_rem(widened)=0.000000 → cannot exceed 0.
[379.871s] PRUNE: margin=-3.000000, optimistic_rem(widened)=1.000000 → cannot exceed 0.
[380.363s] PRUNE: margin=-3.000000, optimistic_rem(widened)=1.000000 → cannot exceed 0.
[381.029s] No counterexample within budgets (BaB): no misclassification found.
STATUS: No counterexample | best_upper_margin=6.000000 | elapsed=381.029s | pixels_changed=0 | total_bit_flips=0 | avg_hamming_per_pixel=0.000000 | patch_rows=4-10 | patch_cols=15-23 | note=no_counterexample_within_budgets
