[  0.000s] init: idx=7123 kmax=2 bmax=4 topx=2 widen=1.000 rank_fast=off
clean logits (hex):  0x86  0x76  0x66  0x03  0x86  0xa0  0xa4  0xa0  0x5e  0x88
clean logits (bits): 10000110 01110110 01100110 00000011 10000110 10100000 10100100 10100000 01011110 10001000
clean logits (double): -12.000000 +7.000000 +2.750000 +0.046875 -12.000000 -2.000000 -1.875000 -2.000000 +1.937500 -8.000000
[  0.009s] clean prediction: 1 (true label 1)
[ 31.126s] selection: nSym=2 (from 784), topx=2, rank_fast=off
[ 31.126s] active patch: rows 2-3, cols 9-10 (derived from symPix)
[ 31.567s] Proceeding to BaB (greedy enabled).
[ 31.567s] Skipping root bound check (--no-root-bound).
[ 31.567s] BaB search starting (K≤2, B≤4, nSym=2, depth_limit=500000000, widen=1.00)...
[ 31.758s] PRUNE: margin=-4.250000, optimistic_rem(widened)=3.109375 → cannot exceed 0.
[ 31.949s] PRUNE: margin=-4.250000, optimistic_rem(widened)=3.250000 → cannot exceed 0.
[ 32.236s] PRUNE: margin=-3.750000, optimistic_rem(widened)=0.281250 → cannot exceed 0.
[ 32.427s] PRUNE: margin=-4.250000, optimistic_rem(widened)=3.062500 → cannot exceed 0.
[ 32.618s] PRUNE: margin=-4.250000, optimistic_rem(widened)=3.062500 → cannot exceed 0.
[ 32.809s] PRUNE: margin=-4.250000, optimistic_rem(widened)=3.062500 → cannot exceed 0.
[ 33.001s] PRUNE: margin=-4.250000, optimistic_rem(widened)=3.062500 → cannot exceed 0.
[ 33.192s] PRUNE: margin=-4.250000, optimistic_rem(widened)=3.062500 → cannot exceed 0.
[ 33.479s] PRUNE: margin=-4.250000, optimistic_rem(widened)=2.500000 → cannot exceed 0.
[ 33.670s] PRUNE: margin=-4.250000, optimistic_rem(widened)=2.500000 → cannot exceed 0.
[ 33.861s] PRUNE: margin=-4.250000, optimistic_rem(widened)=2.500000 → cannot exceed 0.
[ 34.053s] PRUNE: margin=-4.250000, optimistic_rem(widened)=2.500000 → cannot exceed 0.
[ 34.244s] PRUNE: margin=-4.250000, optimistic_rem(widened)=2.500000 → cannot exceed 0.
[ 34.435s] PRUNE: margin=-4.250000, optimistic_rem(widened)=2.500000 → cannot exceed 0.
[ 34.913s] PRUNE: margin=-4.250000, optimistic_rem(widened)=2.500000 → cannot exceed 0.
[ 35.104s] PRUNE: margin=-4.250000, optimistic_rem(widened)=2.500000 → cannot exceed 0.
[ 35.295s] PRUNE: margin=-4.250000, optimistic_rem(widened)=2.500000 → cannot exceed 0.
[ 35.487s] PRUNE: margin=-4.250000, optimistic_rem(widened)=2.500000 → cannot exceed 0.
[ 35.869s] PRUNE: margin=-4.250000, optimistic_rem(widened)=2.500000 → cannot exceed 0.
[ 36.060s] PRUNE: margin=-4.250000, optimistic_rem(widened)=2.500000 → cannot exceed 0.
[ 36.252s] PRUNE: margin=-4.250000, optimistic_rem(widened)=2.500000 → cannot exceed 0.
[ 36.634s] PRUNE: margin=-4.250000, optimistic_rem(widened)=2.500000 → cannot exceed 0.
[ 36.825s] PRUNE: margin=-4.250000, optimistic_rem(widened)=2.500000 → cannot exceed 0.
[ 37.207s] PRUNE: margin=-4.250000, optimistic_rem(widened)=2.500000 → cannot exceed 0.
[ 37.972s] PRUNE: margin=-4.250000, optimistic_rem(widened)=2.500000 → cannot exceed 0.
[ 38.163s] PRUNE: margin=-4.250000, optimistic_rem(widened)=2.500000 → cannot exceed 0.
[ 38.354s] PRUNE: margin=-4.250000, optimistic_rem(widened)=2.500000 → cannot exceed 0.
[ 38.737s] PRUNE: margin=-4.250000, optimistic_rem(widened)=2.500000 → cannot exceed 0.
[ 38.928s] PRUNE: margin=-4.250000, optimistic_rem(widened)=2.500000 → cannot exceed 0.
[ 39.310s] PRUNE: margin=-4.250000, optimistic_rem(widened)=2.500000 → cannot exceed 0.
[ 40.075s] PRUNE: margin=-4.250000, optimistic_rem(widened)=2.500000 → cannot exceed 0.
[ 40.266s] PRUNE: margin=-4.250000, optimistic_rem(widened)=2.500000 → cannot exceed 0.
[ 40.648s] PRUNE: margin=-4.250000, optimistic_rem(widened)=2.500000 → cannot exceed 0.
[ 41.413s] PRUNE: margin=-4.250000, optimistic_rem(widened)=2.500000 → cannot exceed 0.
[ 42.846s] PRUNE: margin=-3.750000, optimistic_rem(widened)=0.250000 → cannot exceed 0.
[ 43.037s] PRUNE: margin=-3.750000, optimistic_rem(widened)=2.000000 → cannot exceed 0.
[ 43.228s] PRUNE: margin=-3.750000, optimistic_rem(widened)=2.000000 → cannot exceed 0.
[ 43.420s] PRUNE: margin=-3.750000, optimistic_rem(widened)=2.000000 → cannot exceed 0.
[ 43.611s] PRUNE: margin=-3.750000, optimistic_rem(widened)=2.000000 → cannot exceed 0.
[ 43.802s] PRUNE: margin=-3.750000, optimistic_rem(widened)=2.000000 → cannot exceed 0.
[ 43.993s] PRUNE: margin=-3.750000, optimistic_rem(widened)=2.000000 → cannot exceed 0.
[ 44.184s] PRUNE: margin=-3.750000, optimistic_rem(widened)=2.000000 → cannot exceed 0.
[ 44.376s] PRUNE: margin=-3.750000, optimistic_rem(widened)=2.000000 → cannot exceed 0.
[ 44.567s] PRUNE: margin=-3.750000, optimistic_rem(widened)=2.000000 → cannot exceed 0.
[ 44.758s] PRUNE: margin=-3.750000, optimistic_rem(widened)=2.000000 → cannot exceed 0.
[ 45.141s] PRUNE: margin=-3.750000, optimistic_rem(widened)=2.000000 → cannot exceed 0.
[ 45.302s] PRUNE: margin=-3.750000, optimistic_rem(widened)=2.000000 → cannot exceed 0.
[ 45.493s] PRUNE: margin=-3.750000, optimistic_rem(widened)=2.000000 → cannot exceed 0.
[ 45.685s] PRUNE: margin=-3.750000, optimistic_rem(widened)=2.000000 → cannot exceed 0.
[ 45.876s] PRUNE: margin=-3.750000, optimistic_rem(widened)=2.000000 → cannot exceed 0.
[ 46.164s] PRUNE: margin=-3.750000, optimistic_rem(widened)=2.000000 → cannot exceed 0.
[ 46.355s] PRUNE: margin=-3.750000, optimistic_rem(widened)=2.000000 → cannot exceed 0.
[ 46.547s] PRUNE: margin=-3.750000, optimistic_rem(widened)=2.000000 → cannot exceed 0.
[ 46.738s] PRUNE: margin=-3.750000, optimistic_rem(widened)=2.000000 → cannot exceed 0.
[ 47.121s] PRUNE: margin=-3.750000, optimistic_rem(widened)=2.000000 → cannot exceed 0.
[ 47.313s] PRUNE: margin=-3.750000, optimistic_rem(widened)=2.000000 → cannot exceed 0.
[ 47.504s] PRUNE: margin=-3.750000, optimistic_rem(widened)=2.000000 → cannot exceed 0.
[ 47.887s] PRUNE: margin=-3.750000, optimistic_rem(widened)=0.250000 → cannot exceed 0.
[ 48.079s] PRUNE: margin=-3.750000, optimistic_rem(widened)=2.000000 → cannot exceed 0.
[ 48.462s] PRUNE: margin=-3.750000, optimistic_rem(widened)=0.250000 → cannot exceed 0.
[ 49.132s] PRUNE: margin=-4.250000, optimistic_rem(widened)=2.500000 → cannot exceed 0.
[ 49.324s] PRUNE: margin=-4.250000, optimistic_rem(widened)=2.500000 → cannot exceed 0.
[ 49.515s] PRUNE: margin=-4.250000, optimistic_rem(widened)=2.500000 → cannot exceed 0.
[ 49.707s] PRUNE: margin=-4.250000, optimistic_rem(widened)=2.500000 → cannot exceed 0.
[ 49.898s] PRUNE: margin=-4.250000, optimistic_rem(widened)=2.500000 → cannot exceed 0.
[ 50.090s] PRUNE: margin=-4.250000, optimistic_rem(widened)=2.500000 → cannot exceed 0.
[ 50.282s] PRUNE: margin=-4.250000, optimistic_rem(widened)=2.500000 → cannot exceed 0.
[ 50.473s] PRUNE: margin=-4.250000, optimistic_rem(widened)=2.500000 → cannot exceed 0.
[ 50.665s] PRUNE: margin=-4.250000, optimistic_rem(widened)=2.500000 → cannot exceed 0.
[ 51.048s] PRUNE: margin=-4.250000, optimistic_rem(widened)=2.500000 → cannot exceed 0.
[ 51.240s] PRUNE: margin=-4.250000, optimistic_rem(widened)=2.500000 → cannot exceed 0.
[ 51.431s] PRUNE: margin=-4.250000, optimistic_rem(widened)=2.500000 → cannot exceed 0.
[ 51.623s] PRUNE: margin=-4.250000, optimistic_rem(widened)=2.500000 → cannot exceed 0.
[ 51.814s] PRUNE: margin=-4.250000, optimistic_rem(widened)=2.500000 → cannot exceed 0.
[ 52.006s] PRUNE: margin=-4.250000, optimistic_rem(widened)=2.500000 → cannot exceed 0.
[ 52.197s] PRUNE: margin=-4.250000, optimistic_rem(widened)=2.500000 → cannot exceed 0.
[ 52.389s] PRUNE: margin=-4.250000, optimistic_rem(widened)=2.500000 → cannot exceed 0.
[ 52.772s] PRUNE: margin=-3.750000, optimistic_rem(widened)=2.000000 → cannot exceed 0.
[ 52.964s] PRUNE: margin=-3.750000, optimistic_rem(widened)=2.000000 → cannot exceed 0.
[ 53.155s] PRUNE: margin=-4.250000, optimistic_rem(widened)=2.500000 → cannot exceed 0.
[ 53.347s] PRUNE: margin=-4.250000, optimistic_rem(widened)=2.500000 → cannot exceed 0.
[ 53.539s] PRUNE: margin=-4.250000, optimistic_rem(widened)=2.500000 → cannot exceed 0.
[ 53.730s] PRUNE: margin=-4.250000, optimistic_rem(widened)=2.500000 → cannot exceed 0.
[ 53.922s] PRUNE: margin=-4.250000, optimistic_rem(widened)=2.500000 → cannot exceed 0.
[ 54.305s] PRUNE: margin=-3.750000, optimistic_rem(widened)=2.000000 → cannot exceed 0.
[ 54.496s] PRUNE: margin=-3.750000, optimistic_rem(widened)=2.000000 → cannot exceed 0.
[ 54.688s] PRUNE: margin=-4.250000, optimistic_rem(widened)=2.500000 → cannot exceed 0.
[ 54.880s] PRUNE: margin=-4.250000, optimistic_rem(widened)=2.500000 → cannot exceed 0.
[ 55.071s] PRUNE: margin=-4.250000, optimistic_rem(widened)=2.500000 → cannot exceed 0.
[ 55.263s] PRUNE: margin=-4.250000, optimistic_rem(widened)=2.500000 → cannot exceed 0.
[ 55.646s] PRUNE: margin=-3.750000, optimistic_rem(widened)=2.000000 → cannot exceed 0.
[ 55.838s] PRUNE: margin=-3.750000, optimistic_rem(widened)=2.000000 → cannot exceed 0.
[ 56.029s] PRUNE: margin=-4.250000, optimistic_rem(widened)=2.500000 → cannot exceed 0.
[ 56.221s] PRUNE: margin=-4.250000, optimistic_rem(widened)=2.500000 → cannot exceed 0.
[ 56.413s] PRUNE: margin=-4.250000, optimistic_rem(widened)=2.500000 → cannot exceed 0.
[ 56.771s] PRUNE: margin=-3.750000, optimistic_rem(widened)=2.000000 → cannot exceed 0.
[ 56.894s] PRUNE: margin=-3.750000, optimistic_rem(widened)=2.000000 → cannot exceed 0.
[ 57.043s] PRUNE: margin=-3.750000, optimistic_rem(widened)=2.000000 → cannot exceed 0.
[ 57.426s] PRUNE: margin=-4.250000, optimistic_rem(widened)=2.500000 → cannot exceed 0.
[ 57.617s] PRUNE: margin=-4.250000, optimistic_rem(widened)=2.500000 → cannot exceed 0.
[ 58.000s] PRUNE: margin=-4.250000, optimistic_rem(widened)=2.500000 → cannot exceed 0.
[ 58.767s] PRUNE: margin=-3.750000, optimistic_rem(widened)=2.000000 → cannot exceed 0.
[ 58.958s] PRUNE: margin=-3.750000, optimistic_rem(widened)=2.000000 → cannot exceed 0.
[ 59.341s] PRUNE: margin=-4.250000, optimistic_rem(widened)=2.500000 → cannot exceed 0.
[ 60.107s] PRUNE: margin=-3.750000, optimistic_rem(widened)=2.000000 → cannot exceed 0.
[ 61.352s] PRUNE: margin=-4.250000, optimistic_rem(widened)=2.640625 → cannot exceed 0.
[ 61.543s] PRUNE: margin=-4.250000, optimistic_rem(widened)=2.640625 → cannot exceed 0.
[ 61.735s] PRUNE: margin=-4.250000, optimistic_rem(widened)=2.687500 → cannot exceed 0.
[ 61.926s] PRUNE: margin=-4.250000, optimistic_rem(widened)=3.187500 → cannot exceed 0.
[ 62.117s] PRUNE: margin=-4.250000, optimistic_rem(widened)=2.656250 → cannot exceed 0.
[ 62.309s] PRUNE: margin=-4.250000, optimistic_rem(widened)=2.656250 → cannot exceed 0.
[ 62.500s] PRUNE: margin=-4.250000, optimistic_rem(widened)=2.656250 → cannot exceed 0.
[ 62.692s] PRUNE: margin=-4.250000, optimistic_rem(widened)=2.656250 → cannot exceed 0.
[ 62.883s] PRUNE: margin=-4.250000, optimistic_rem(widened)=2.656250 → cannot exceed 0.
[ 63.074s] PRUNE: margin=-4.250000, optimistic_rem(widened)=2.656250 → cannot exceed 0.
[ 63.266s] PRUNE: margin=-4.250000, optimistic_rem(widened)=2.656250 → cannot exceed 0.
[ 63.457s] PRUNE: margin=-4.250000, optimistic_rem(widened)=2.656250 → cannot exceed 0.
[ 63.553s] No counterexample within budgets (BaB): no misclassification found.
STATUS: No counterexample | best_upper_margin=1.375000 | elapsed=63.553s | pixels_changed=0 | total_bit_flips=0 | avg_hamming_per_pixel=0.000000 | patch_rows=2-3 | patch_cols=9-10 | note=no_counterexample_within_budgets
