[  0.000s] init: idx=561 kmax=2 bmax=4 topx=2 widen=1.000 rank_fast=off
clean logits (hex):  0x62  0x87  0xe1  0xa6  0x84  0x5e  0xab  0x8c  0x87  0x85
clean logits (bits): 01100010 10000111 11100001 10100110 10000100 01011110 10101011 10001100 10000111 10000101
clean logits (double): +2.250000 -10.000000 -0.484375 -1.812500 -16.000000 +1.937500 -1.656250 -6.000000 -10.000000 -14.000000
[  0.009s] clean prediction: 0 (true label 0)
[ 38.354s] selection: nSym=2 (from 784), topx=2, rank_fast=off
[ 38.354s] active patch: rows 10-17, cols 13-23 (derived from symPix)
[ 38.417s] Greedy BYTE warm start: SAT (K=1,B=4).
clean logits (hex):  0x62  0x87  0xe1  0xa6  0x84  0x5e  0xab  0x8c  0x87  0x85
clean logits (bits): 01100010 10000111 11100001 10100110 10000100 01011110 10101011 10001100 10000111 10000101
clean logits (double): +2.250000 -10.000000 -0.484375 -1.812500 -16.000000 +1.937500 -1.656250 -6.000000 -10.000000 -14.000000
post-perturb logits (hex):  0x25  0x87  0xed  0x9f  0x84  0x44  0xb4  0x94  0x87  0x86
post-perturb logits (bits): 00100101 10000111 11101101 10011111 10000100 01000100 10110100 10010100 10000111 10000110
post-perturb logits (double): +0.578125 -10.000000 -0.296875 -2.125000 -16.000000 +1.125000 -1.375000 -3.500000 -10.000000 -12.000000
changes: 1 bytes, 4 bit flips
  idx  pix  row col    old_hex        old_bits     old_double     new_hex        new_bits     new_double  ham
    1  303   10  23    0xec        11101100   +0.850980     0x04        00000100   -0.968627    4
new prediction: 5 (true 0)
----- REPLAY FORWARD PASS (stage-2) -----
replay logits (hex):  0x25  0x87  0xed  0x9f  0x84  0x44  0xb4  0x94  0x87  0x86
replay logits (bits): 00100101 10000111 11101101 10011111 10000100 01000100 10110100 10010100 10000111 10000110
replay logits (double): +0.578125 -10.000000 -0.296875 -2.125000 -16.000000 +1.125000 -1.375000 -3.500000 -10.000000 -12.000000
[ 38.418s] replay prediction: 5 (true label 0) | note=witness_found_greedy_byte
----- END REPLAY -----
STATUS: Counterexample | best_upper_margin=-1000000000000000052504760255204420248704468581108159154915854115511802457988908195786371375080447864043704443832883878176942523235360430575644792184786706982848387200926575803737830233794788090059368953234970799945081119038967640880074652742780142494579258788820056842838115669472196386865459400540160.000000 | elapsed=38.418s | pixels_changed=1 | total_bit_flips=4 | avg_hamming_per_pixel=4.000000 | patch_rows=10-17 | patch_cols=13-23 | note=witness_found_greedy_byte
