[  0.000s] init: idx=1628 kmax=2 bmax=4 topx=2 widen=1.000 rank_fast=off
clean logits (hex):  0x8b  0x98  0xfc  0x72  0x84  0x4a  0x88  0x87  0x92  0x87
clean logits (bits): 10001011 10011000 11111100 01110010 10000100 01001010 10001000 10000111 10010010 10000111
clean logits (double): -6.500000 -3.000000 -0.062500 +5.000000 -16.000000 +1.312500 -8.000000 -10.000000 -3.750000 -10.000000
[  0.009s] clean prediction: 3 (true label 3)
[ 35.053s] selection: nSym=2 (from 784), topx=2, rank_fast=off
[ 35.053s] active patch: rows 11-11, cols 8-10 (derived from symPix)
[ 35.510s] Proceeding to BaB (greedy enabled).
[ 35.510s] Skipping root bound check (--no-root-bound).
[ 35.510s] BaB search starting (K≤2, B≤4, nSym=2, depth_limit=500000000, widen=1.00)...
[ 35.708s] PRUNE: margin=-2.984375, optimistic_rem(widened)=2.875000 → cannot exceed 0.
[ 36.004s] PRUNE: margin=-2.921875, optimistic_rem(widened)=2.000000 → cannot exceed 0.
[ 36.301s] PRUNE: margin=-2.953125, optimistic_rem(widened)=1.750000 → cannot exceed 0.
[ 36.498s] PRUNE: margin=-2.953125, optimistic_rem(widened)=0.625000 → cannot exceed 0.
[ 40.153s] PRUNE: margin=-3.250000, optimistic_rem(widened)=0.000000 → cannot exceed 0.
[ 40.351s] PRUNE: margin=-3.250000, optimistic_rem(widened)=0.000000 → cannot exceed 0.
[ 40.548s] PRUNE: margin=-3.250000, optimistic_rem(widened)=0.000000 → cannot exceed 0.
[ 40.746s] PRUNE: margin=-3.250000, optimistic_rem(widened)=0.000000 → cannot exceed 0.
[ 40.944s] PRUNE: margin=-3.250000, optimistic_rem(widened)=0.000000 → cannot exceed 0.
[ 43.710s] PRUNE: margin=-3.250000, optimistic_rem(widened)=0.000000 → cannot exceed 0.
[ 43.907s] PRUNE: margin=-3.250000, optimistic_rem(widened)=0.000000 → cannot exceed 0.
[ 44.105s] PRUNE: margin=-3.250000, optimistic_rem(widened)=0.000000 → cannot exceed 0.
[ 44.302s] PRUNE: margin=-3.250000, optimistic_rem(widened)=0.000000 → cannot exceed 0.
[ 44.500s] PRUNE: margin=-3.250000, optimistic_rem(widened)=0.000000 → cannot exceed 0.
[ 46.377s] PRUNE: margin=-3.250000, optimistic_rem(widened)=0.000000 → cannot exceed 0.
[ 46.574s] PRUNE: margin=-3.250000, optimistic_rem(widened)=0.000000 → cannot exceed 0.
[ 46.772s] PRUNE: margin=-3.250000, optimistic_rem(widened)=0.000000 → cannot exceed 0.
[ 46.970s] PRUNE: margin=-3.250000, optimistic_rem(widened)=0.000000 → cannot exceed 0.
[ 47.167s] PRUNE: margin=-3.250000, optimistic_rem(widened)=0.000000 → cannot exceed 0.
[ 48.254s] PRUNE: margin=-3.250000, optimistic_rem(widened)=0.000000 → cannot exceed 0.
[ 48.452s] PRUNE: margin=-3.250000, optimistic_rem(widened)=0.000000 → cannot exceed 0.
[ 48.650s] PRUNE: margin=-3.250000, optimistic_rem(widened)=0.000000 → cannot exceed 0.
[ 48.848s] PRUNE: margin=-3.250000, optimistic_rem(widened)=0.000000 → cannot exceed 0.
[ 49.045s] PRUNE: margin=-3.250000, optimistic_rem(widened)=0.000000 → cannot exceed 0.
[ 49.441s] PRUNE: margin=-2.953125, optimistic_rem(widened)=0.000000 → cannot exceed 0.
[ 49.638s] PRUNE: margin=-3.250000, optimistic_rem(widened)=0.000000 → cannot exceed 0.
[ 49.836s] PRUNE: margin=-3.250000, optimistic_rem(widened)=0.000000 → cannot exceed 0.
[ 50.034s] PRUNE: margin=-3.250000, optimistic_rem(widened)=0.000000 → cannot exceed 0.
[ 50.231s] PRUNE: margin=-3.250000, optimistic_rem(widened)=0.000000 → cannot exceed 0.
[ 50.626s] PRUNE: margin=-3.250000, optimistic_rem(widened)=0.000000 → cannot exceed 0.
[ 50.824s] PRUNE: margin=-3.250000, optimistic_rem(widened)=0.000000 → cannot exceed 0.
[ 51.021s] PRUNE: margin=-3.250000, optimistic_rem(widened)=0.000000 → cannot exceed 0.
[ 51.219s] PRUNE: margin=-3.250000, optimistic_rem(widened)=0.000000 → cannot exceed 0.
[ 51.614s] PRUNE: margin=-3.250000, optimistic_rem(widened)=0.000000 → cannot exceed 0.
[ 51.812s] PRUNE: margin=-3.250000, optimistic_rem(widened)=0.000000 → cannot exceed 0.
[ 52.009s] PRUNE: margin=-3.250000, optimistic_rem(widened)=0.000000 → cannot exceed 0.
[ 52.405s] PRUNE: margin=-3.250000, optimistic_rem(widened)=0.000000 → cannot exceed 0.
[ 52.602s] PRUNE: margin=-3.250000, optimistic_rem(widened)=0.000000 → cannot exceed 0.
[ 52.997s] PRUNE: margin=-3.250000, optimistic_rem(widened)=0.000000 → cannot exceed 0.
[ 53.689s] PRUNE: margin=-2.703125, optimistic_rem(widened)=1.750000 → cannot exceed 0.
[ 53.887s] PRUNE: margin=-2.953125, optimistic_rem(widened)=0.625000 → cannot exceed 0.
[ 56.555s] PRUNE: margin=-3.250000, optimistic_rem(widened)=0.000000 → cannot exceed 0.
[ 56.752s] PRUNE: margin=-3.250000, optimistic_rem(widened)=0.000000 → cannot exceed 0.
[ 56.950s] PRUNE: margin=-3.250000, optimistic_rem(widened)=0.000000 → cannot exceed 0.
[ 57.148s] PRUNE: margin=-3.250000, optimistic_rem(widened)=0.000000 → cannot exceed 0.
[ 57.345s] PRUNE: margin=-3.250000, optimistic_rem(widened)=0.000000 → cannot exceed 0.
[ 59.060s] PRUNE: margin=-3.250000, optimistic_rem(widened)=0.000000 → cannot exceed 0.
[ 59.220s] PRUNE: margin=-3.250000, optimistic_rem(widened)=0.000000 → cannot exceed 0.
[ 59.370s] PRUNE: margin=-3.250000, optimistic_rem(widened)=0.000000 → cannot exceed 0.
[ 59.542s] PRUNE: margin=-3.250000, optimistic_rem(widened)=0.000000 → cannot exceed 0.
[ 59.739s] PRUNE: margin=-3.250000, optimistic_rem(widened)=0.000000 → cannot exceed 0.
[ 60.822s] PRUNE: margin=-3.250000, optimistic_rem(widened)=0.000000 → cannot exceed 0.
[ 61.019s] PRUNE: margin=-3.250000, optimistic_rem(widened)=0.000000 → cannot exceed 0.
[ 61.216s] PRUNE: margin=-3.250000, optimistic_rem(widened)=0.000000 → cannot exceed 0.
[ 61.413s] PRUNE: margin=-3.250000, optimistic_rem(widened)=0.000000 → cannot exceed 0.
[ 61.610s] PRUNE: margin=-3.250000, optimistic_rem(widened)=0.000000 → cannot exceed 0.
[ 62.004s] PRUNE: margin=-3.250000, optimistic_rem(widened)=0.000000 → cannot exceed 0.
[ 62.201s] PRUNE: margin=-3.250000, optimistic_rem(widened)=0.000000 → cannot exceed 0.
[ 62.398s] PRUNE: margin=-3.250000, optimistic_rem(widened)=0.000000 → cannot exceed 0.
[ 62.595s] PRUNE: margin=-3.250000, optimistic_rem(widened)=0.000000 → cannot exceed 0.
[ 62.792s] PRUNE: margin=-3.250000, optimistic_rem(widened)=0.000000 → cannot exceed 0.
[ 63.186s] PRUNE: margin=-3.250000, optimistic_rem(widened)=0.000000 → cannot exceed 0.
[ 63.385s] PRUNE: margin=-3.250000, optimistic_rem(widened)=0.000000 → cannot exceed 0.
[ 63.582s] PRUNE: margin=-3.250000, optimistic_rem(widened)=0.000000 → cannot exceed 0.
[ 63.779s] PRUNE: margin=-3.250000, optimistic_rem(widened)=0.000000 → cannot exceed 0.
[ 64.172s] PRUNE: margin=-3.250000, optimistic_rem(widened)=0.000000 → cannot exceed 0.
[ 64.369s] PRUNE: margin=-3.250000, optimistic_rem(widened)=0.000000 → cannot exceed 0.
[ 64.566s] PRUNE: margin=-3.250000, optimistic_rem(widened)=0.000000 → cannot exceed 0.
[ 64.960s] PRUNE: margin=-2.953125, optimistic_rem(widened)=0.000000 → cannot exceed 0.
[ 65.157s] PRUNE: margin=-3.250000, optimistic_rem(widened)=0.000000 → cannot exceed 0.
[ 65.551s] PRUNE: margin=-2.953125, optimistic_rem(widened)=0.000000 → cannot exceed 0.
[ 66.240s] PRUNE: margin=-2.703125, optimistic_rem(widened)=0.625000 → cannot exceed 0.
[ 66.437s] PRUNE: margin=-2.921875, optimistic_rem(widened)=0.750000 → cannot exceed 0.
[ 66.634s] PRUNE: margin=-2.953125, optimistic_rem(widened)=1.125000 → cannot exceed 0.
[ 68.701s] PRUNE: margin=-3.250000, optimistic_rem(widened)=0.000000 → cannot exceed 0.
[ 68.898s] PRUNE: margin=-3.250000, optimistic_rem(widened)=0.000000 → cannot exceed 0.
[ 69.095s] PRUNE: margin=-3.250000, optimistic_rem(widened)=0.000000 → cannot exceed 0.
[ 70.572s] PRUNE: margin=-3.250000, optimistic_rem(widened)=0.000000 → cannot exceed 0.
[ 70.770s] PRUNE: margin=-3.250000, optimistic_rem(widened)=0.000000 → cannot exceed 0.
[ 70.966s] PRUNE: margin=-3.250000, optimistic_rem(widened)=0.000000 → cannot exceed 0.
[ 71.852s] PRUNE: margin=-3.250000, optimistic_rem(widened)=0.000000 → cannot exceed 0.
[ 72.049s] PRUNE: margin=-3.250000, optimistic_rem(widened)=0.000000 → cannot exceed 0.
[ 72.246s] PRUNE: margin=-3.250000, optimistic_rem(widened)=0.000000 → cannot exceed 0.
[ 72.640s] PRUNE: margin=-2.953125, optimistic_rem(widened)=0.000000 → cannot exceed 0.
[ 72.837s] PRUNE: margin=-3.250000, optimistic_rem(widened)=0.000000 → cannot exceed 0.
[ 73.033s] PRUNE: margin=-3.250000, optimistic_rem(widened)=0.000000 → cannot exceed 0.
[ 73.427s] PRUNE: margin=-3.250000, optimistic_rem(widened)=0.000000 → cannot exceed 0.
[ 73.624s] PRUNE: margin=-3.250000, optimistic_rem(widened)=0.000000 → cannot exceed 0.
[ 74.018s] PRUNE: margin=-3.250000, optimistic_rem(widened)=0.000000 → cannot exceed 0.
[ 74.707s] PRUNE: margin=-2.953125, optimistic_rem(widened)=0.625000 → cannot exceed 0.
[ 75.003s] PRUNE: margin=-3.250000, optimistic_rem(widened)=0.000000 → cannot exceed 0.
[ 75.200s] PRUNE: margin=-3.250000, optimistic_rem(widened)=0.000000 → cannot exceed 0.
[ 75.397s] PRUNE: margin=-3.250000, optimistic_rem(widened)=0.000000 → cannot exceed 0.
[ 75.594s] PRUNE: margin=-3.250000, optimistic_rem(widened)=0.000000 → cannot exceed 0.
[ 75.791s] PRUNE: margin=-3.250000, optimistic_rem(widened)=0.000000 → cannot exceed 0.
[ 75.988s] PRUNE: margin=-3.250000, optimistic_rem(widened)=0.000000 → cannot exceed 0.
[ 76.185s] PRUNE: margin=-3.250000, optimistic_rem(widened)=0.000000 → cannot exceed 0.
[ 76.579s] PRUNE: margin=-3.250000, optimistic_rem(widened)=0.000000 → cannot exceed 0.
[ 76.776s] PRUNE: margin=-3.250000, optimistic_rem(widened)=0.000000 → cannot exceed 0.
[ 76.973s] PRUNE: margin=-3.250000, optimistic_rem(widened)=0.000000 → cannot exceed 0.
[ 77.170s] PRUNE: margin=-3.250000, optimistic_rem(widened)=0.000000 → cannot exceed 0.
[ 77.367s] PRUNE: margin=-3.250000, optimistic_rem(widened)=0.000000 → cannot exceed 0.
[ 77.564s] PRUNE: margin=-3.250000, optimistic_rem(widened)=0.000000 → cannot exceed 0.
[ 77.958s] PRUNE: margin=-3.250000, optimistic_rem(widened)=0.000000 → cannot exceed 0.
[ 78.155s] PRUNE: margin=-3.250000, optimistic_rem(widened)=0.000000 → cannot exceed 0.
[ 78.353s] PRUNE: margin=-3.250000, optimistic_rem(widened)=0.000000 → cannot exceed 0.
[ 78.550s] PRUNE: margin=-3.250000, optimistic_rem(widened)=0.000000 → cannot exceed 0.
[ 78.747s] PRUNE: margin=-3.250000, optimistic_rem(widened)=0.000000 → cannot exceed 0.
[ 79.141s] PRUNE: margin=-3.250000, optimistic_rem(widened)=0.000000 → cannot exceed 0.
[ 79.338s] PRUNE: margin=-3.250000, optimistic_rem(widened)=0.000000 → cannot exceed 0.
[ 79.535s] PRUNE: margin=-3.250000, optimistic_rem(widened)=0.000000 → cannot exceed 0.
[ 79.732s] PRUNE: margin=-3.250000, optimistic_rem(widened)=0.000000 → cannot exceed 0.
[ 80.126s] PRUNE: margin=-3.250000, optimistic_rem(widened)=0.000000 → cannot exceed 0.
[ 80.324s] PRUNE: margin=-3.250000, optimistic_rem(widened)=0.000000 → cannot exceed 0.
[ 80.521s] PRUNE: margin=-3.250000, optimistic_rem(widened)=0.000000 → cannot exceed 0.
[ 80.915s] PRUNE: margin=-3.250000, optimistic_rem(widened)=0.000000 → cannot exceed 0.
[ 81.112s] PRUNE: margin=-3.250000, optimistic_rem(widened)=0.000000 → cannot exceed 0.
[ 81.506s] PRUNE: margin=-3.250000, optimistic_rem(widened)=0.000000 → cannot exceed 0.
[ 82.195s] PRUNE: margin=-2.953125, optimistic_rem(widened)=1.125000 → cannot exceed 0.
[ 82.392s] PRUNE: margin=-2.953125, optimistic_rem(widened)=1.125000 → cannot exceed 0.
[ 82.589s] PRUNE: margin=-2.953125, optimistic_rem(widened)=1.125000 → cannot exceed 0.
[ 82.786s] PRUNE: margin=-2.953125, optimistic_rem(widened)=1.125000 → cannot exceed 0.
[ 82.983s] PRUNE: margin=-2.953125, optimistic_rem(widened)=1.125000 → cannot exceed 0.
[ 83.181s] PRUNE: margin=-2.953125, optimistic_rem(widened)=1.125000 → cannot exceed 0.
[ 83.476s] PRUNE: margin=-2.953125, optimistic_rem(widened)=0.000000 → cannot exceed 0.
[ 85.544s] PRUNE: margin=-3.062500, optimistic_rem(widened)=0.000000 → cannot exceed 0.
[ 85.741s] PRUNE: margin=-3.062500, optimistic_rem(widened)=0.000000 → cannot exceed 0.
[ 85.938s] PRUNE: margin=-3.062500, optimistic_rem(widened)=0.000000 → cannot exceed 0.
[ 86.135s] PRUNE: margin=-3.062500, optimistic_rem(widened)=0.000000 → cannot exceed 0.
[ 87.120s] PRUNE: margin=-3.250000, optimistic_rem(widened)=0.000000 → cannot exceed 0.
[ 87.317s] PRUNE: margin=-3.062500, optimistic_rem(widened)=0.000000 → cannot exceed 0.
[ 87.514s] PRUNE: margin=-3.062500, optimistic_rem(widened)=0.000000 → cannot exceed 0.
[ 87.711s] PRUNE: margin=-3.062500, optimistic_rem(widened)=0.000000 → cannot exceed 0.
[ 88.105s] PRUNE: margin=-3.250000, optimistic_rem(widened)=0.000000 → cannot exceed 0.
[ 88.302s] PRUNE: margin=-3.250000, optimistic_rem(widened)=0.000000 → cannot exceed 0.
[ 88.499s] PRUNE: margin=-3.250000, optimistic_rem(widened)=0.000000 → cannot exceed 0.
[ 88.696s] PRUNE: margin=-3.250000, optimistic_rem(widened)=0.000000 → cannot exceed 0.
[ 89.089s] PRUNE: margin=-3.062500, optimistic_rem(widened)=0.000000 → cannot exceed 0.
[ 89.286s] PRUNE: margin=-3.062500, optimistic_rem(widened)=0.000000 → cannot exceed 0.
[ 89.483s] PRUNE: margin=-3.062500, optimistic_rem(widened)=0.000000 → cannot exceed 0.
[ 89.877s] PRUNE: margin=-3.062500, optimistic_rem(widened)=0.000000 → cannot exceed 0.
[ 90.074s] PRUNE: margin=-3.062500, optimistic_rem(widened)=0.000000 → cannot exceed 0.
[ 90.468s] PRUNE: margin=-3.062500, optimistic_rem(widened)=0.000000 → cannot exceed 0.
[ 91.847s] PRUNE: margin=-3.250000, optimistic_rem(widened)=0.000000 → cannot exceed 0.
[ 92.044s] PRUNE: margin=-3.062500, optimistic_rem(widened)=0.000000 → cannot exceed 0.
[ 92.240s] PRUNE: margin=-3.062500, optimistic_rem(widened)=0.000000 → cannot exceed 0.
[ 92.437s] PRUNE: margin=-3.062500, optimistic_rem(widened)=0.000000 → cannot exceed 0.
[ 92.831s] PRUNE: margin=-3.250000, optimistic_rem(widened)=0.000000 → cannot exceed 0.
[ 93.028s] PRUNE: margin=-3.250000, optimistic_rem(widened)=0.000000 → cannot exceed 0.
[ 93.225s] PRUNE: margin=-3.250000, optimistic_rem(widened)=0.000000 → cannot exceed 0.
[ 93.423s] PRUNE: margin=-3.250000, optimistic_rem(widened)=0.000000 → cannot exceed 0.
[ 93.817s] PRUNE: margin=-3.062500, optimistic_rem(widened)=0.000000 → cannot exceed 0.
[ 94.014s] PRUNE: margin=-3.062500, optimistic_rem(widened)=0.000000 → cannot exceed 0.
[ 94.211s] PRUNE: margin=-3.062500, optimistic_rem(widened)=0.000000 → cannot exceed 0.
[ 94.605s] PRUNE: margin=-3.062500, optimistic_rem(widened)=0.000000 → cannot exceed 0.
[ 94.802s] PRUNE: margin=-3.062500, optimistic_rem(widened)=0.000000 → cannot exceed 0.
[ 95.195s] PRUNE: margin=-3.062500, optimistic_rem(widened)=0.000000 → cannot exceed 0.
[ 95.983s] PRUNE: margin=-3.250000, optimistic_rem(widened)=0.000000 → cannot exceed 0.
[ 96.180s] PRUNE: margin=-3.250000, optimistic_rem(widened)=0.000000 → cannot exceed 0.
[ 96.377s] PRUNE: margin=-3.250000, optimistic_rem(widened)=0.000000 → cannot exceed 0.
[ 96.571s] PRUNE: margin=-3.250000, optimistic_rem(widened)=0.000000 → cannot exceed 0.
[ 96.817s] PRUNE: margin=-3.250000, optimistic_rem(widened)=0.000000 → cannot exceed 0.
[ 97.015s] PRUNE: margin=-3.062500, optimistic_rem(widened)=0.000000 → cannot exceed 0.
[ 97.213s] PRUNE: margin=-3.062500, optimistic_rem(widened)=0.000000 → cannot exceed 0.
[ 97.609s] PRUNE: margin=-3.250000, optimistic_rem(widened)=0.000000 → cannot exceed 0.
[ 97.807s] PRUNE: margin=-3.062500, optimistic_rem(widened)=0.000000 → cannot exceed 0.
[ 98.203s] PRUNE: margin=-3.250000, optimistic_rem(widened)=0.000000 → cannot exceed 0.
[ 98.995s] PRUNE: margin=-3.250000, optimistic_rem(widened)=0.000000 → cannot exceed 0.
[ 99.193s] PRUNE: margin=-3.250000, optimistic_rem(widened)=0.000000 → cannot exceed 0.
[ 99.392s] PRUNE: margin=-3.250000, optimistic_rem(widened)=0.000000 → cannot exceed 0.
[ 99.788s] PRUNE: margin=-3.250000, optimistic_rem(widened)=0.000000 → cannot exceed 0.
[ 99.985s] PRUNE: margin=-3.062500, optimistic_rem(widened)=0.000000 → cannot exceed 0.
[100.381s] PRUNE: margin=-3.250000, optimistic_rem(widened)=0.000000 → cannot exceed 0.
[101.174s] PRUNE: margin=-3.062500, optimistic_rem(widened)=0.000000 → cannot exceed 0.
[101.372s] PRUNE: margin=-3.062500, optimistic_rem(widened)=0.000000 → cannot exceed 0.
[101.768s] PRUNE: margin=-3.250000, optimistic_rem(widened)=0.000000 → cannot exceed 0.
[102.560s] PRUNE: margin=-3.250000, optimistic_rem(widened)=0.000000 → cannot exceed 0.
[103.947s] PRUNE: margin=-2.890625, optimistic_rem(widened)=1.375000 → cannot exceed 0.
[108.105s] PRUNE: margin=-3.625000, optimistic_rem(widened)=0.000000 → cannot exceed 0.
[108.303s] PRUNE: margin=-3.625000, optimistic_rem(widened)=0.000000 → cannot exceed 0.
[108.501s] PRUNE: margin=-3.625000, optimistic_rem(widened)=0.000000 → cannot exceed 0.
[108.699s] PRUNE: margin=-3.625000, optimistic_rem(widened)=0.000000 → cannot exceed 0.
[108.897s] PRUNE: margin=-3.625000, optimistic_rem(widened)=0.000000 → cannot exceed 0.
[109.095s] PRUNE: margin=-3.625000, optimistic_rem(widened)=0.000000 → cannot exceed 0.
[112.164s] PRUNE: margin=-3.625000, optimistic_rem(widened)=0.000000 → cannot exceed 0.
[112.362s] PRUNE: margin=-3.625000, optimistic_rem(widened)=0.000000 → cannot exceed 0.
[112.560s] PRUNE: margin=-3.625000, optimistic_rem(widened)=0.000000 → cannot exceed 0.
[112.758s] PRUNE: margin=-3.625000, optimistic_rem(widened)=0.000000 → cannot exceed 0.
[112.956s] PRUNE: margin=-3.625000, optimistic_rem(widened)=0.000000 → cannot exceed 0.
[113.154s] PRUNE: margin=-3.625000, optimistic_rem(widened)=0.000000 → cannot exceed 0.
[115.233s] PRUNE: margin=-3.625000, optimistic_rem(widened)=0.000000 → cannot exceed 0.
[115.431s] PRUNE: margin=-3.625000, optimistic_rem(widened)=0.000000 → cannot exceed 0.
[115.629s] PRUNE: margin=-3.625000, optimistic_rem(widened)=0.000000 → cannot exceed 0.
[115.827s] PRUNE: margin=-3.625000, optimistic_rem(widened)=0.000000 → cannot exceed 0.
[116.025s] PRUNE: margin=-3.625000, optimistic_rem(widened)=0.000000 → cannot exceed 0.
[116.223s] PRUNE: margin=-3.625000, optimistic_rem(widened)=0.000000 → cannot exceed 0.
[117.410s] PRUNE: margin=-3.062500, optimistic_rem(widened)=0.000000 → cannot exceed 0.
[117.609s] PRUNE: margin=-3.625000, optimistic_rem(widened)=0.000000 → cannot exceed 0.
[117.807s] PRUNE: margin=-3.625000, optimistic_rem(widened)=0.000000 → cannot exceed 0.
[118.005s] PRUNE: margin=-3.625000, optimistic_rem(widened)=0.000000 → cannot exceed 0.
[118.203s] PRUNE: margin=-3.625000, optimistic_rem(widened)=0.000000 → cannot exceed 0.
[118.401s] PRUNE: margin=-3.625000, optimistic_rem(widened)=0.000000 → cannot exceed 0.
[118.797s] PRUNE: margin=-3.062500, optimistic_rem(widened)=0.000000 → cannot exceed 0.
[118.995s] PRUNE: margin=-3.062500, optimistic_rem(widened)=0.000000 → cannot exceed 0.
[119.193s] PRUNE: margin=-3.062500, optimistic_rem(widened)=0.000000 → cannot exceed 0.
[119.391s] PRUNE: margin=-3.625000, optimistic_rem(widened)=0.000000 → cannot exceed 0.
[119.589s] PRUNE: margin=-3.625000, optimistic_rem(widened)=0.000000 → cannot exceed 0.
[119.787s] PRUNE: margin=-3.625000, optimistic_rem(widened)=0.000000 → cannot exceed 0.
[120.183s] PRUNE: margin=-3.625000, optimistic_rem(widened)=0.000000 → cannot exceed 0.
[120.382s] PRUNE: margin=-3.625000, optimistic_rem(widened)=0.000000 → cannot exceed 0.
[120.580s] PRUNE: margin=-3.625000, optimistic_rem(widened)=0.000000 → cannot exceed 0.
[120.778s] PRUNE: margin=-3.625000, optimistic_rem(widened)=0.000000 → cannot exceed 0.
[120.976s] PRUNE: margin=-3.625000, optimistic_rem(widened)=0.000000 → cannot exceed 0.
[121.372s] PRUNE: margin=-3.625000, optimistic_rem(widened)=0.000000 → cannot exceed 0.
[121.570s] PRUNE: margin=-3.625000, optimistic_rem(widened)=0.000000 → cannot exceed 0.
[121.768s] PRUNE: margin=-3.625000, optimistic_rem(widened)=0.000000 → cannot exceed 0.
[121.966s] PRUNE: margin=-3.625000, optimistic_rem(widened)=0.000000 → cannot exceed 0.
[122.362s] PRUNE: margin=-3.625000, optimistic_rem(widened)=0.000000 → cannot exceed 0.
[122.560s] PRUNE: margin=-3.625000, optimistic_rem(widened)=0.000000 → cannot exceed 0.
[122.765s] PRUNE: margin=-3.625000, optimistic_rem(widened)=0.000000 → cannot exceed 0.
[123.163s] PRUNE: margin=-3.625000, optimistic_rem(widened)=0.000000 → cannot exceed 0.
[123.361s] PRUNE: margin=-3.625000, optimistic_rem(widened)=0.000000 → cannot exceed 0.
[123.759s] PRUNE: margin=-3.625000, optimistic_rem(widened)=0.000000 → cannot exceed 0.
[127.259s] PRUNE: margin=-3.625000, optimistic_rem(widened)=0.000000 → cannot exceed 0.
[127.458s] PRUNE: margin=-3.625000, optimistic_rem(widened)=0.000000 → cannot exceed 0.
[127.656s] PRUNE: margin=-3.625000, optimistic_rem(widened)=0.000000 → cannot exceed 0.
[127.854s] PRUNE: margin=-3.625000, optimistic_rem(widened)=0.000000 → cannot exceed 0.
[128.053s] PRUNE: margin=-3.625000, optimistic_rem(widened)=0.000000 → cannot exceed 0.
[128.251s] PRUNE: margin=-3.625000, optimistic_rem(widened)=0.000000 → cannot exceed 0.
[130.335s] PRUNE: margin=-3.625000, optimistic_rem(widened)=0.000000 → cannot exceed 0.
[130.533s] PRUNE: margin=-3.625000, optimistic_rem(widened)=0.000000 → cannot exceed 0.
[130.731s] PRUNE: margin=-3.625000, optimistic_rem(widened)=0.000000 → cannot exceed 0.
[130.930s] PRUNE: margin=-3.625000, optimistic_rem(widened)=0.000000 → cannot exceed 0.
[131.129s] PRUNE: margin=-3.625000, optimistic_rem(widened)=0.000000 → cannot exceed 0.
[131.327s] PRUNE: margin=-3.625000, optimistic_rem(widened)=0.000000 → cannot exceed 0.
[132.516s] PRUNE: margin=-3.062500, optimistic_rem(widened)=0.000000 → cannot exceed 0.
[132.715s] PRUNE: margin=-3.625000, optimistic_rem(widened)=0.000000 → cannot exceed 0.
[132.913s] PRUNE: margin=-3.625000, optimistic_rem(widened)=0.000000 → cannot exceed 0.
[133.111s] PRUNE: margin=-3.625000, optimistic_rem(widened)=0.000000 → cannot exceed 0.
[133.309s] PRUNE: margin=-3.625000, optimistic_rem(widened)=0.000000 → cannot exceed 0.
[133.508s] PRUNE: margin=-3.625000, optimistic_rem(widened)=0.000000 → cannot exceed 0.
[133.904s] PRUNE: margin=-3.062500, optimistic_rem(widened)=0.000000 → cannot exceed 0.
[134.103s] PRUNE: margin=-3.062500, optimistic_rem(widened)=0.000000 → cannot exceed 0.
[134.301s] PRUNE: margin=-3.062500, optimistic_rem(widened)=0.000000 → cannot exceed 0.
[134.500s] PRUNE: margin=-3.625000, optimistic_rem(widened)=0.000000 → cannot exceed 0.
[134.698s] PRUNE: margin=-3.625000, optimistic_rem(widened)=0.000000 → cannot exceed 0.
[134.896s] PRUNE: margin=-3.625000, optimistic_rem(widened)=0.000000 → cannot exceed 0.
[135.293s] PRUNE: margin=-3.625000, optimistic_rem(widened)=0.000000 → cannot exceed 0.
[135.491s] PRUNE: margin=-3.625000, optimistic_rem(widened)=0.000000 → cannot exceed 0.
[135.690s] PRUNE: margin=-3.625000, optimistic_rem(widened)=0.000000 → cannot exceed 0.
[135.888s] PRUNE: margin=-3.625000, optimistic_rem(widened)=0.000000 → cannot exceed 0.
[136.087s] PRUNE: margin=-3.625000, optimistic_rem(widened)=0.000000 → cannot exceed 0.
[136.483s] PRUNE: margin=-3.625000, optimistic_rem(widened)=0.000000 → cannot exceed 0.
[136.681s] PRUNE: margin=-3.625000, optimistic_rem(widened)=0.000000 → cannot exceed 0.
[136.880s] PRUNE: margin=-3.625000, optimistic_rem(widened)=0.000000 → cannot exceed 0.
[137.081s] PRUNE: margin=-3.625000, optimistic_rem(widened)=0.000000 → cannot exceed 0.
[137.477s] PRUNE: margin=-3.625000, optimistic_rem(widened)=0.000000 → cannot exceed 0.
[137.677s] PRUNE: margin=-3.625000, optimistic_rem(widened)=0.000000 → cannot exceed 0.
[137.875s] PRUNE: margin=-3.625000, optimistic_rem(widened)=0.000000 → cannot exceed 0.
[138.272s] PRUNE: margin=-3.625000, optimistic_rem(widened)=0.000000 → cannot exceed 0.
[138.470s] PRUNE: margin=-3.625000, optimistic_rem(widened)=0.000000 → cannot exceed 0.
[138.867s] PRUNE: margin=-3.625000, optimistic_rem(widened)=0.000000 → cannot exceed 0.
[141.347s] PRUNE: margin=-3.625000, optimistic_rem(widened)=0.000000 → cannot exceed 0.
[141.545s] PRUNE: margin=-3.625000, optimistic_rem(widened)=0.000000 → cannot exceed 0.
[141.744s] PRUNE: margin=-3.625000, optimistic_rem(widened)=0.000000 → cannot exceed 0.
[141.942s] PRUNE: margin=-3.625000, optimistic_rem(widened)=0.000000 → cannot exceed 0.
[142.140s] PRUNE: margin=-3.625000, optimistic_rem(widened)=0.000000 → cannot exceed 0.
[142.339s] PRUNE: margin=-3.625000, optimistic_rem(widened)=0.000000 → cannot exceed 0.
[143.529s] PRUNE: margin=-3.062500, optimistic_rem(widened)=0.000000 → cannot exceed 0.
[143.727s] PRUNE: margin=-3.625000, optimistic_rem(widened)=0.000000 → cannot exceed 0.
[143.925s] PRUNE: margin=-3.625000, optimistic_rem(widened)=0.000000 → cannot exceed 0.
[144.124s] PRUNE: margin=-3.625000, optimistic_rem(widened)=0.000000 → cannot exceed 0.
[144.322s] PRUNE: margin=-3.625000, optimistic_rem(widened)=0.000000 → cannot exceed 0.
[144.520s] PRUNE: margin=-3.625000, optimistic_rem(widened)=0.000000 → cannot exceed 0.
[144.917s] PRUNE: margin=-3.062500, optimistic_rem(widened)=0.000000 → cannot exceed 0.
[145.115s] PRUNE: margin=-3.062500, optimistic_rem(widened)=0.000000 → cannot exceed 0.
[145.313s] PRUNE: margin=-3.062500, optimistic_rem(widened)=0.000000 → cannot exceed 0.
[145.512s] PRUNE: margin=-3.062500, optimistic_rem(widened)=0.000000 → cannot exceed 0.
[145.710s] PRUNE: margin=-3.062500, optimistic_rem(widened)=0.000000 → cannot exceed 0.
[145.908s] PRUNE: margin=-3.062500, optimistic_rem(widened)=0.000000 → cannot exceed 0.
[146.305s] PRUNE: margin=-3.625000, optimistic_rem(widened)=0.000000 → cannot exceed 0.
[146.503s] PRUNE: margin=-3.625000, optimistic_rem(widened)=0.000000 → cannot exceed 0.
[146.702s] PRUNE: margin=-3.625000, optimistic_rem(widened)=0.000000 → cannot exceed 0.
[146.900s] PRUNE: margin=-3.625000, optimistic_rem(widened)=0.000000 → cannot exceed 0.
[147.098s] PRUNE: margin=-3.625000, optimistic_rem(widened)=0.000000 → cannot exceed 0.
[147.495s] PRUNE: margin=-3.625000, optimistic_rem(widened)=0.000000 → cannot exceed 0.
[147.693s] PRUNE: margin=-3.625000, optimistic_rem(widened)=0.000000 → cannot exceed 0.
[147.892s] PRUNE: margin=-3.625000, optimistic_rem(widened)=0.000000 → cannot exceed 0.
[148.090s] PRUNE: margin=-3.625000, optimistic_rem(widened)=0.000000 → cannot exceed 0.
[148.487s] PRUNE: margin=-3.625000, optimistic_rem(widened)=0.000000 → cannot exceed 0.
[148.685s] PRUNE: margin=-3.625000, optimistic_rem(widened)=0.000000 → cannot exceed 0.
[148.883s] PRUNE: margin=-3.625000, optimistic_rem(widened)=0.000000 → cannot exceed 0.
[149.280s] PRUNE: margin=-3.625000, optimistic_rem(widened)=0.000000 → cannot exceed 0.
[149.478s] PRUNE: margin=-3.625000, optimistic_rem(widened)=0.000000 → cannot exceed 0.
[149.875s] PRUNE: margin=-3.062500, optimistic_rem(widened)=0.000000 → cannot exceed 0.
[151.461s] PRUNE: margin=-3.062500, optimistic_rem(widened)=0.000000 → cannot exceed 0.
[151.660s] PRUNE: margin=-3.062500, optimistic_rem(widened)=0.000000 → cannot exceed 0.
[151.858s] PRUNE: margin=-3.062500, optimistic_rem(widened)=0.000000 → cannot exceed 0.
[152.056s] PRUNE: margin=-3.062500, optimistic_rem(widened)=0.000000 → cannot exceed 0.
[152.254s] PRUNE: margin=-3.062500, optimistic_rem(widened)=0.000000 → cannot exceed 0.
[152.453s] PRUNE: margin=-3.062500, optimistic_rem(widened)=0.000000 → cannot exceed 0.
[152.849s] PRUNE: margin=-3.062500, optimistic_rem(widened)=0.000000 → cannot exceed 0.
[153.048s] PRUNE: margin=-3.625000, optimistic_rem(widened)=0.000000 → cannot exceed 0.
[153.246s] PRUNE: margin=-3.625000, optimistic_rem(widened)=0.000000 → cannot exceed 0.
[153.444s] PRUNE: margin=-3.625000, optimistic_rem(widened)=0.000000 → cannot exceed 0.
[153.643s] PRUNE: margin=-3.625000, optimistic_rem(widened)=0.000000 → cannot exceed 0.
[153.841s] PRUNE: margin=-3.625000, optimistic_rem(widened)=0.000000 → cannot exceed 0.
[154.141s] PRUNE: margin=-3.625000, optimistic_rem(widened)=0.000000 → cannot exceed 0.
[154.268s] PRUNE: margin=-3.625000, optimistic_rem(widened)=0.000000 → cannot exceed 0.
[154.407s] PRUNE: margin=-3.625000, optimistic_rem(widened)=0.000000 → cannot exceed 0.
[154.605s] PRUNE: margin=-3.625000, optimistic_rem(widened)=0.000000 → cannot exceed 0.
[154.803s] PRUNE: margin=-3.625000, optimistic_rem(widened)=0.000000 → cannot exceed 0.
[155.199s] PRUNE: margin=-3.625000, optimistic_rem(widened)=0.000000 → cannot exceed 0.
[155.397s] PRUNE: margin=-3.625000, optimistic_rem(widened)=0.000000 → cannot exceed 0.
[155.596s] PRUNE: margin=-3.625000, optimistic_rem(widened)=0.000000 → cannot exceed 0.
[155.794s] PRUNE: margin=-3.625000, optimistic_rem(widened)=0.000000 → cannot exceed 0.
[156.190s] PRUNE: margin=-3.625000, optimistic_rem(widened)=0.000000 → cannot exceed 0.
[156.388s] PRUNE: margin=-3.625000, optimistic_rem(widened)=0.000000 → cannot exceed 0.
[156.586s] PRUNE: margin=-3.625000, optimistic_rem(widened)=0.000000 → cannot exceed 0.
[156.982s] PRUNE: margin=-3.625000, optimistic_rem(widened)=0.000000 → cannot exceed 0.
[157.180s] PRUNE: margin=-3.625000, optimistic_rem(widened)=0.000000 → cannot exceed 0.
[157.576s] PRUNE: margin=-3.062500, optimistic_rem(widened)=0.000000 → cannot exceed 0.
[158.368s] PRUNE: margin=-3.062500, optimistic_rem(widened)=0.000000 → cannot exceed 0.
[158.567s] PRUNE: margin=-3.062500, optimistic_rem(widened)=0.000000 → cannot exceed 0.
[158.765s] PRUNE: margin=-3.062500, optimistic_rem(widened)=0.000000 → cannot exceed 0.
[158.963s] PRUNE: margin=-3.062500, optimistic_rem(widened)=0.000000 → cannot exceed 0.
[159.161s] PRUNE: margin=-3.062500, optimistic_rem(widened)=0.000000 → cannot exceed 0.
[159.359s] PRUNE: margin=-3.062500, optimistic_rem(widened)=0.000000 → cannot exceed 0.
[159.755s] PRUNE: margin=-3.062500, optimistic_rem(widened)=0.000000 → cannot exceed 0.
[159.954s] PRUNE: margin=-3.062500, optimistic_rem(widened)=0.000000 → cannot exceed 0.
[160.152s] PRUNE: margin=-3.062500, optimistic_rem(widened)=0.000000 → cannot exceed 0.
[160.350s] PRUNE: margin=-3.062500, optimistic_rem(widened)=0.000000 → cannot exceed 0.
[160.548s] PRUNE: margin=-3.062500, optimistic_rem(widened)=0.000000 → cannot exceed 0.
[160.944s] PRUNE: margin=-3.625000, optimistic_rem(widened)=0.000000 → cannot exceed 0.
[161.142s] PRUNE: margin=-3.625000, optimistic_rem(widened)=0.000000 → cannot exceed 0.
[161.340s] PRUNE: margin=-3.625000, optimistic_rem(widened)=0.000000 → cannot exceed 0.
[161.539s] PRUNE: margin=-3.625000, optimistic_rem(widened)=0.000000 → cannot exceed 0.
[161.935s] PRUNE: margin=-3.625000, optimistic_rem(widened)=0.000000 → cannot exceed 0.
[162.133s] PRUNE: margin=-3.625000, optimistic_rem(widened)=0.000000 → cannot exceed 0.
[162.331s] PRUNE: margin=-3.625000, optimistic_rem(widened)=0.000000 → cannot exceed 0.
[162.727s] PRUNE: margin=-3.625000, optimistic_rem(widened)=0.000000 → cannot exceed 0.
[162.925s] PRUNE: margin=-3.625000, optimistic_rem(widened)=0.000000 → cannot exceed 0.
[163.321s] PRUNE: margin=-3.625000, optimistic_rem(widened)=0.000000 → cannot exceed 0.
[164.114s] PRUNE: margin=-3.062500, optimistic_rem(widened)=0.000000 → cannot exceed 0.
[164.312s] PRUNE: margin=-3.062500, optimistic_rem(widened)=0.000000 → cannot exceed 0.
[164.510s] PRUNE: margin=-3.062500, optimistic_rem(widened)=0.000000 → cannot exceed 0.
[164.708s] PRUNE: margin=-3.062500, optimistic_rem(widened)=0.000000 → cannot exceed 0.
[164.906s] PRUNE: margin=-3.062500, optimistic_rem(widened)=0.000000 → cannot exceed 0.
[165.302s] PRUNE: margin=-2.890625, optimistic_rem(widened)=0.000000 → cannot exceed 0.
[165.500s] PRUNE: margin=-3.062500, optimistic_rem(widened)=0.000000 → cannot exceed 0.
[165.698s] PRUNE: margin=-3.062500, optimistic_rem(widened)=0.000000 → cannot exceed 0.
[165.896s] PRUNE: margin=-3.062500, optimistic_rem(widened)=0.000000 → cannot exceed 0.
[166.292s] PRUNE: margin=-3.062500, optimistic_rem(widened)=0.000000 → cannot exceed 0.
[166.490s] PRUNE: margin=-3.062500, optimistic_rem(widened)=0.000000 → cannot exceed 0.
[166.689s] PRUNE: margin=-3.062500, optimistic_rem(widened)=0.000000 → cannot exceed 0.
[167.085s] PRUNE: margin=-3.625000, optimistic_rem(widened)=0.000000 → cannot exceed 0.
[167.283s] PRUNE: margin=-3.625000, optimistic_rem(widened)=0.000000 → cannot exceed 0.
[167.679s] PRUNE: margin=-3.625000, optimistic_rem(widened)=0.000000 → cannot exceed 0.
[168.471s] PRUNE: margin=-3.625000, optimistic_rem(widened)=0.000000 → cannot exceed 0.
[168.669s] PRUNE: margin=-3.625000, optimistic_rem(widened)=0.000000 → cannot exceed 0.
[168.867s] PRUNE: margin=-3.625000, optimistic_rem(widened)=0.000000 → cannot exceed 0.
[169.065s] PRUNE: margin=-3.625000, optimistic_rem(widened)=0.000000 → cannot exceed 0.
[169.461s] PRUNE: margin=-3.625000, optimistic_rem(widened)=0.000000 → cannot exceed 0.
[169.659s] PRUNE: margin=-3.625000, optimistic_rem(widened)=0.000000 → cannot exceed 0.
[169.857s] PRUNE: margin=-3.625000, optimistic_rem(widened)=0.000000 → cannot exceed 0.
[170.253s] PRUNE: margin=-3.625000, optimistic_rem(widened)=0.000000 → cannot exceed 0.
[170.451s] PRUNE: margin=-3.625000, optimistic_rem(widened)=0.000000 → cannot exceed 0.
[170.847s] PRUNE: margin=-3.625000, optimistic_rem(widened)=0.000000 → cannot exceed 0.
[171.639s] PRUNE: margin=-3.625000, optimistic_rem(widened)=0.000000 → cannot exceed 0.
[171.837s] PRUNE: margin=-3.625000, optimistic_rem(widened)=0.000000 → cannot exceed 0.
[172.035s] PRUNE: margin=-3.625000, optimistic_rem(widened)=0.000000 → cannot exceed 0.
[172.430s] PRUNE: margin=-3.625000, optimistic_rem(widened)=0.000000 → cannot exceed 0.
[172.628s] PRUNE: margin=-3.625000, optimistic_rem(widened)=0.000000 → cannot exceed 0.
[173.024s] PRUNE: margin=-3.625000, optimistic_rem(widened)=0.000000 → cannot exceed 0.
[173.816s] PRUNE: margin=-3.625000, optimistic_rem(widened)=0.000000 → cannot exceed 0.
[174.014s] PRUNE: margin=-3.625000, optimistic_rem(widened)=0.000000 → cannot exceed 0.
[174.412s] PRUNE: margin=-3.062500, optimistic_rem(widened)=0.000000 → cannot exceed 0.
[175.207s] PRUNE: margin=-3.062500, optimistic_rem(widened)=0.000000 → cannot exceed 0.
[176.594s] PRUNE: margin=-2.984375, optimistic_rem(widened)=1.875000 → cannot exceed 0.
[176.990s] PRUNE: margin=-3.625000, optimistic_rem(widened)=0.000000 → cannot exceed 0.
[177.188s] PRUNE: margin=-3.625000, optimistic_rem(widened)=0.000000 → cannot exceed 0.
[177.386s] PRUNE: margin=-3.625000, optimistic_rem(widened)=0.000000 → cannot exceed 0.
[177.584s] PRUNE: margin=-3.625000, optimistic_rem(widened)=0.000000 → cannot exceed 0.
[177.782s] PRUNE: margin=-3.625000, optimistic_rem(widened)=0.000000 → cannot exceed 0.
[177.980s] PRUNE: margin=-3.625000, optimistic_rem(widened)=0.000000 → cannot exceed 0.
[178.178s] PRUNE: margin=-3.625000, optimistic_rem(widened)=0.000000 → cannot exceed 0.
[178.376s] PRUNE: margin=-3.625000, optimistic_rem(widened)=0.000000 → cannot exceed 0.
[178.574s] PRUNE: margin=-3.625000, optimistic_rem(widened)=0.000000 → cannot exceed 0.
[178.970s] PRUNE: margin=-3.625000, optimistic_rem(widened)=0.000000 → cannot exceed 0.
[179.168s] PRUNE: margin=-3.625000, optimistic_rem(widened)=0.000000 → cannot exceed 0.
[179.366s] PRUNE: margin=-3.625000, optimistic_rem(widened)=0.000000 → cannot exceed 0.
[179.564s] PRUNE: margin=-3.625000, optimistic_rem(widened)=0.000000 → cannot exceed 0.
[179.762s] PRUNE: margin=-3.625000, optimistic_rem(widened)=0.000000 → cannot exceed 0.
[179.960s] PRUNE: margin=-3.625000, optimistic_rem(widened)=0.000000 → cannot exceed 0.
[180.158s] PRUNE: margin=-3.625000, optimistic_rem(widened)=0.000000 → cannot exceed 0.
[180.356s] PRUNE: margin=-3.625000, optimistic_rem(widened)=0.000000 → cannot exceed 0.
[180.752s] PRUNE: margin=-3.625000, optimistic_rem(widened)=0.000000 → cannot exceed 0.
[180.950s] PRUNE: margin=-3.625000, optimistic_rem(widened)=0.000000 → cannot exceed 0.
[181.148s] PRUNE: margin=-3.625000, optimistic_rem(widened)=0.000000 → cannot exceed 0.
[181.346s] PRUNE: margin=-3.625000, optimistic_rem(widened)=0.000000 → cannot exceed 0.
[181.544s] PRUNE: margin=-3.625000, optimistic_rem(widened)=0.000000 → cannot exceed 0.
[181.742s] PRUNE: margin=-3.625000, optimistic_rem(widened)=0.000000 → cannot exceed 0.
[181.940s] PRUNE: margin=-3.625000, optimistic_rem(widened)=0.000000 → cannot exceed 0.
[182.336s] PRUNE: margin=-2.984375, optimistic_rem(widened)=0.000000 → cannot exceed 0.
[182.535s] PRUNE: margin=-3.625000, optimistic_rem(widened)=0.000000 → cannot exceed 0.
[182.733s] PRUNE: margin=-3.625000, optimistic_rem(widened)=0.000000 → cannot exceed 0.
[182.931s] PRUNE: margin=-3.625000, optimistic_rem(widened)=0.000000 → cannot exceed 0.
[183.129s] PRUNE: margin=-3.625000, optimistic_rem(widened)=0.000000 → cannot exceed 0.
[183.327s] PRUNE: margin=-3.625000, optimistic_rem(widened)=0.000000 → cannot exceed 0.
[183.723s] PRUNE: margin=-2.984375, optimistic_rem(widened)=0.000000 → cannot exceed 0.
[183.921s] PRUNE: margin=-3.625000, optimistic_rem(widened)=0.000000 → cannot exceed 0.
[184.119s] PRUNE: margin=-3.625000, optimistic_rem(widened)=0.000000 → cannot exceed 0.
[184.317s] PRUNE: margin=-3.625000, optimistic_rem(widened)=0.000000 → cannot exceed 0.
[184.515s] PRUNE: margin=-3.625000, optimistic_rem(widened)=0.000000 → cannot exceed 0.
[184.911s] PRUNE: margin=-3.625000, optimistic_rem(widened)=0.000000 → cannot exceed 0.
[185.110s] PRUNE: margin=-3.625000, optimistic_rem(widened)=0.000000 → cannot exceed 0.
[185.308s] PRUNE: margin=-3.625000, optimistic_rem(widened)=0.000000 → cannot exceed 0.
[185.506s] PRUNE: margin=-3.625000, optimistic_rem(widened)=0.000000 → cannot exceed 0.
[185.902s] PRUNE: margin=-3.625000, optimistic_rem(widened)=0.000000 → cannot exceed 0.
[186.100s] PRUNE: margin=-3.625000, optimistic_rem(widened)=0.000000 → cannot exceed 0.
[186.298s] PRUNE: margin=-3.625000, optimistic_rem(widened)=0.000000 → cannot exceed 0.
[186.694s] PRUNE: margin=-3.625000, optimistic_rem(widened)=0.000000 → cannot exceed 0.
[186.892s] PRUNE: margin=-3.625000, optimistic_rem(widened)=0.000000 → cannot exceed 0.
[187.289s] PRUNE: margin=-2.984375, optimistic_rem(widened)=0.000000 → cannot exceed 0.
[188.080s] PRUNE: margin=-3.625000, optimistic_rem(widened)=0.000000 → cannot exceed 0.
[188.278s] PRUNE: margin=-3.625000, optimistic_rem(widened)=0.000000 → cannot exceed 0.
[188.476s] PRUNE: margin=-3.625000, optimistic_rem(widened)=0.000000 → cannot exceed 0.
[188.674s] PRUNE: margin=-3.625000, optimistic_rem(widened)=0.000000 → cannot exceed 0.
[188.872s] PRUNE: margin=-3.625000, optimistic_rem(widened)=0.000000 → cannot exceed 0.
[189.070s] PRUNE: margin=-3.625000, optimistic_rem(widened)=0.000000 → cannot exceed 0.
[189.268s] PRUNE: margin=-3.625000, optimistic_rem(widened)=0.000000 → cannot exceed 0.
[189.466s] PRUNE: margin=-3.625000, optimistic_rem(widened)=0.000000 → cannot exceed 0.
[189.862s] PRUNE: margin=-3.625000, optimistic_rem(widened)=0.000000 → cannot exceed 0.
[190.060s] PRUNE: margin=-3.625000, optimistic_rem(widened)=0.000000 → cannot exceed 0.
[190.258s] PRUNE: margin=-3.625000, optimistic_rem(widened)=0.000000 → cannot exceed 0.
[190.456s] PRUNE: margin=-3.625000, optimistic_rem(widened)=0.000000 → cannot exceed 0.
[190.655s] PRUNE: margin=-3.625000, optimistic_rem(widened)=0.000000 → cannot exceed 0.
[190.855s] PRUNE: margin=-3.625000, optimistic_rem(widened)=0.000000 → cannot exceed 0.
[191.053s] PRUNE: margin=-3.625000, optimistic_rem(widened)=0.000000 → cannot exceed 0.
[191.449s] PRUNE: margin=-2.984375, optimistic_rem(widened)=0.000000 → cannot exceed 0.
[191.647s] PRUNE: margin=-3.625000, optimistic_rem(widened)=0.000000 → cannot exceed 0.
[191.845s] PRUNE: margin=-3.625000, optimistic_rem(widened)=0.000000 → cannot exceed 0.
[192.043s] PRUNE: margin=-3.625000, optimistic_rem(widened)=0.000000 → cannot exceed 0.
[192.241s] PRUNE: margin=-3.625000, optimistic_rem(widened)=0.000000 → cannot exceed 0.
[192.439s] PRUNE: margin=-3.625000, optimistic_rem(widened)=0.000000 → cannot exceed 0.
[192.835s] PRUNE: margin=-2.984375, optimistic_rem(widened)=0.000000 → cannot exceed 0.
[193.033s] PRUNE: margin=-3.625000, optimistic_rem(widened)=0.000000 → cannot exceed 0.
[193.232s] PRUNE: margin=-3.625000, optimistic_rem(widened)=0.000000 → cannot exceed 0.
[193.430s] PRUNE: margin=-3.625000, optimistic_rem(widened)=0.000000 → cannot exceed 0.
[193.628s] PRUNE: margin=-3.625000, optimistic_rem(widened)=0.000000 → cannot exceed 0.
[193.946s] PRUNE: margin=-3.625000, optimistic_rem(widened)=0.000000 → cannot exceed 0.
[194.063s] PRUNE: margin=-3.625000, optimistic_rem(widened)=0.000000 → cannot exceed 0.
[194.217s] PRUNE: margin=-3.625000, optimistic_rem(widened)=0.000000 → cannot exceed 0.
[194.415s] PRUNE: margin=-3.625000, optimistic_rem(widened)=0.000000 → cannot exceed 0.
[194.812s] PRUNE: margin=-3.625000, optimistic_rem(widened)=0.000000 → cannot exceed 0.
[195.010s] PRUNE: margin=-3.625000, optimistic_rem(widened)=0.000000 → cannot exceed 0.
[195.209s] PRUNE: margin=-3.625000, optimistic_rem(widened)=0.000000 → cannot exceed 0.
[195.606s] PRUNE: margin=-3.625000, optimistic_rem(widened)=0.000000 → cannot exceed 0.
[195.804s] PRUNE: margin=-3.625000, optimistic_rem(widened)=0.000000 → cannot exceed 0.
[196.201s] PRUNE: margin=-2.984375, optimistic_rem(widened)=0.000000 → cannot exceed 0.
[196.995s] PRUNE: margin=-3.625000, optimistic_rem(widened)=0.000000 → cannot exceed 0.
[197.193s] PRUNE: margin=-3.625000, optimistic_rem(widened)=0.000000 → cannot exceed 0.
[197.392s] PRUNE: margin=-3.625000, optimistic_rem(widened)=0.000000 → cannot exceed 0.
[197.590s] PRUNE: margin=-3.625000, optimistic_rem(widened)=0.000000 → cannot exceed 0.
[197.789s] PRUNE: margin=-3.625000, optimistic_rem(widened)=0.000000 → cannot exceed 0.
[197.987s] PRUNE: margin=-3.625000, optimistic_rem(widened)=0.000000 → cannot exceed 0.
[198.186s] PRUNE: margin=-3.625000, optimistic_rem(widened)=0.000000 → cannot exceed 0.
[198.583s] PRUNE: margin=-2.984375, optimistic_rem(widened)=0.000000 → cannot exceed 0.
[198.782s] PRUNE: margin=-3.625000, optimistic_rem(widened)=0.000000 → cannot exceed 0.
[198.981s] PRUNE: margin=-3.625000, optimistic_rem(widened)=0.000000 → cannot exceed 0.
[199.179s] PRUNE: margin=-3.625000, optimistic_rem(widened)=0.000000 → cannot exceed 0.
[199.378s] PRUNE: margin=-3.625000, optimistic_rem(widened)=0.000000 → cannot exceed 0.
[199.576s] PRUNE: margin=-3.625000, optimistic_rem(widened)=0.000000 → cannot exceed 0.
[199.973s] PRUNE: margin=-2.984375, optimistic_rem(widened)=0.000000 → cannot exceed 0.
[200.172s] PRUNE: margin=-2.984375, optimistic_rem(widened)=0.000000 → cannot exceed 0.
[200.370s] PRUNE: margin=-3.625000, optimistic_rem(widened)=0.000000 → cannot exceed 0.
[200.569s] PRUNE: margin=-3.625000, optimistic_rem(widened)=0.000000 → cannot exceed 0.
[200.767s] PRUNE: margin=-3.625000, optimistic_rem(widened)=0.000000 → cannot exceed 0.
[201.164s] PRUNE: margin=-3.625000, optimistic_rem(widened)=0.000000 → cannot exceed 0.
[201.363s] PRUNE: margin=-3.625000, optimistic_rem(widened)=0.000000 → cannot exceed 0.
[201.561s] PRUNE: margin=-3.625000, optimistic_rem(widened)=0.000000 → cannot exceed 0.
[201.760s] PRUNE: margin=-3.625000, optimistic_rem(widened)=0.000000 → cannot exceed 0.
[202.157s] PRUNE: margin=-3.625000, optimistic_rem(widened)=0.000000 → cannot exceed 0.
[202.355s] PRUNE: margin=-3.625000, optimistic_rem(widened)=0.000000 → cannot exceed 0.
[202.554s] PRUNE: margin=-3.625000, optimistic_rem(widened)=0.000000 → cannot exceed 0.
[202.951s] PRUNE: margin=-3.625000, optimistic_rem(widened)=0.000000 → cannot exceed 0.
[203.149s] PRUNE: margin=-3.625000, optimistic_rem(widened)=0.000000 → cannot exceed 0.
[203.546s] PRUNE: margin=-2.984375, optimistic_rem(widened)=0.000000 → cannot exceed 0.
[204.340s] PRUNE: margin=-2.890625, optimistic_rem(widened)=0.000000 → cannot exceed 0.
[204.539s] PRUNE: margin=-2.984375, optimistic_rem(widened)=0.000000 → cannot exceed 0.
[204.737s] PRUNE: margin=-3.625000, optimistic_rem(widened)=0.000000 → cannot exceed 0.
[204.954s] PRUNE: margin=-3.625000, optimistic_rem(widened)=0.000000 → cannot exceed 0.
[205.159s] PRUNE: margin=-3.625000, optimistic_rem(widened)=0.000000 → cannot exceed 0.
[205.357s] PRUNE: margin=-3.625000, optimistic_rem(widened)=0.000000 → cannot exceed 0.
[205.754s] PRUNE: margin=-2.984375, optimistic_rem(widened)=0.000000 → cannot exceed 0.
[205.953s] PRUNE: margin=-2.984375, optimistic_rem(widened)=0.000000 → cannot exceed 0.
[206.151s] PRUNE: margin=-3.625000, optimistic_rem(widened)=0.000000 → cannot exceed 0.
[206.350s] PRUNE: margin=-3.625000, optimistic_rem(widened)=0.000000 → cannot exceed 0.
[206.548s] PRUNE: margin=-3.625000, optimistic_rem(widened)=0.000000 → cannot exceed 0.
[206.945s] PRUNE: margin=-3.625000, optimistic_rem(widened)=0.000000 → cannot exceed 0.
[207.144s] PRUNE: margin=-3.625000, optimistic_rem(widened)=0.000000 → cannot exceed 0.
[207.342s] PRUNE: margin=-3.625000, optimistic_rem(widened)=0.000000 → cannot exceed 0.
[207.541s] PRUNE: margin=-3.625000, optimistic_rem(widened)=0.000000 → cannot exceed 0.
[207.938s] PRUNE: margin=-3.625000, optimistic_rem(widened)=0.000000 → cannot exceed 0.
[208.136s] PRUNE: margin=-3.625000, optimistic_rem(widened)=0.000000 → cannot exceed 0.
[208.335s] PRUNE: margin=-3.625000, optimistic_rem(widened)=0.000000 → cannot exceed 0.
[208.732s] PRUNE: margin=-2.984375, optimistic_rem(widened)=0.000000 → cannot exceed 0.
[208.930s] PRUNE: margin=-3.625000, optimistic_rem(widened)=0.000000 → cannot exceed 0.
[209.327s] PRUNE: margin=-2.984375, optimistic_rem(widened)=0.000000 → cannot exceed 0.
[210.022s] PRUNE: margin=-2.984375, optimistic_rem(widened)=0.625000 → cannot exceed 0.
[210.320s] PRUNE: margin=-2.984375, optimistic_rem(widened)=0.000000 → cannot exceed 0.
[210.519s] PRUNE: margin=-2.984375, optimistic_rem(widened)=0.000000 → cannot exceed 0.
[210.717s] PRUNE: margin=-3.625000, optimistic_rem(widened)=0.000000 → cannot exceed 0.
[210.915s] PRUNE: margin=-3.625000, optimistic_rem(widened)=0.000000 → cannot exceed 0.
[211.313s] PRUNE: margin=-3.625000, optimistic_rem(widened)=0.000000 → cannot exceed 0.
[211.511s] PRUNE: margin=-3.625000, optimistic_rem(widened)=0.000000 → cannot exceed 0.
[211.710s] PRUNE: margin=-3.625000, optimistic_rem(widened)=0.000000 → cannot exceed 0.
[212.106s] PRUNE: margin=-3.625000, optimistic_rem(widened)=0.000000 → cannot exceed 0.
[212.306s] PRUNE: margin=-3.625000, optimistic_rem(widened)=0.000000 → cannot exceed 0.
[212.703s] PRUNE: margin=-3.625000, optimistic_rem(widened)=0.000000 → cannot exceed 0.
[213.398s] PRUNE: margin=-2.984375, optimistic_rem(widened)=0.750000 → cannot exceed 0.
[213.696s] PRUNE: margin=-2.984375, optimistic_rem(widened)=0.000000 → cannot exceed 0.
[213.894s] PRUNE: margin=-3.625000, optimistic_rem(widened)=0.000000 → cannot exceed 0.
[214.093s] PRUNE: margin=-3.625000, optimistic_rem(widened)=0.000000 → cannot exceed 0.
[214.490s] PRUNE: margin=-2.984375, optimistic_rem(widened)=0.000000 → cannot exceed 0.
[214.688s] PRUNE: margin=-3.625000, optimistic_rem(widened)=0.000000 → cannot exceed 0.
[215.086s] PRUNE: margin=-2.984375, optimistic_rem(widened)=0.000000 → cannot exceed 0.
[217.665s] PRUNE: margin=-2.984375, optimistic_rem(widened)=1.125000 → cannot exceed 0.
[219.152s] PRUNE: margin=-2.984375, optimistic_rem(widened)=1.125000 → cannot exceed 0.
[219.946s] PRUNE: margin=-2.984375, optimistic_rem(widened)=1.250000 → cannot exceed 0.
[220.640s] PRUNE: margin=-2.984375, optimistic_rem(widened)=1.750000 → cannot exceed 0.
[224.210s] PRUNE: margin=-3.625000, optimistic_rem(widened)=0.000000 → cannot exceed 0.
[224.409s] PRUNE: margin=-3.625000, optimistic_rem(widened)=0.000000 → cannot exceed 0.
[224.607s] PRUNE: margin=-3.625000, optimistic_rem(widened)=0.000000 → cannot exceed 0.
[224.806s] PRUNE: margin=-3.625000, optimistic_rem(widened)=0.000000 → cannot exceed 0.
[225.004s] PRUNE: margin=-3.625000, optimistic_rem(widened)=0.000000 → cannot exceed 0.
[225.202s] PRUNE: margin=-3.625000, optimistic_rem(widened)=0.000000 → cannot exceed 0.
[227.285s] PRUNE: margin=-3.625000, optimistic_rem(widened)=0.000000 → cannot exceed 0.
[227.484s] PRUNE: margin=-3.625000, optimistic_rem(widened)=0.000000 → cannot exceed 0.
[227.682s] PRUNE: margin=-3.625000, optimistic_rem(widened)=0.000000 → cannot exceed 0.
[227.880s] PRUNE: margin=-3.625000, optimistic_rem(widened)=0.000000 → cannot exceed 0.
[228.079s] PRUNE: margin=-3.625000, optimistic_rem(widened)=0.000000 → cannot exceed 0.
[228.277s] PRUNE: margin=-3.625000, optimistic_rem(widened)=0.000000 → cannot exceed 0.
[229.467s] PRUNE: margin=-3.625000, optimistic_rem(widened)=0.000000 → cannot exceed 0.
[229.666s] PRUNE: margin=-3.625000, optimistic_rem(widened)=0.000000 → cannot exceed 0.
[229.864s] PRUNE: margin=-3.625000, optimistic_rem(widened)=0.000000 → cannot exceed 0.
[230.063s] PRUNE: margin=-3.625000, optimistic_rem(widened)=0.000000 → cannot exceed 0.
[230.262s] PRUNE: margin=-3.625000, optimistic_rem(widened)=0.000000 → cannot exceed 0.
[230.460s] PRUNE: margin=-3.625000, optimistic_rem(widened)=0.000000 → cannot exceed 0.
[230.857s] PRUNE: margin=-3.625000, optimistic_rem(widened)=0.000000 → cannot exceed 0.
[231.056s] PRUNE: margin=-3.625000, optimistic_rem(widened)=0.000000 → cannot exceed 0.
[231.254s] PRUNE: margin=-3.625000, optimistic_rem(widened)=0.000000 → cannot exceed 0.
[231.453s] PRUNE: margin=-3.625000, optimistic_rem(widened)=0.000000 → cannot exceed 0.
[231.651s] PRUNE: margin=-3.625000, optimistic_rem(widened)=0.000000 → cannot exceed 0.
[231.850s] PRUNE: margin=-3.625000, optimistic_rem(widened)=0.000000 → cannot exceed 0.
[232.147s] PRUNE: margin=-3.625000, optimistic_rem(widened)=3.250000 → cannot exceed 0.
[232.346s] PRUNE: margin=-3.625000, optimistic_rem(widened)=3.250000 → cannot exceed 0.
[232.544s] PRUNE: margin=-3.625000, optimistic_rem(widened)=3.250000 → cannot exceed 0.
[232.742s] PRUNE: margin=-3.625000, optimistic_rem(widened)=3.250000 → cannot exceed 0.
[233.040s] PRUNE: margin=-3.625000, optimistic_rem(widened)=0.000000 → cannot exceed 0.
[235.520s] PRUNE: margin=-3.687500, optimistic_rem(widened)=0.000000 → cannot exceed 0.
[235.718s] PRUNE: margin=-3.687500, optimistic_rem(widened)=0.000000 → cannot exceed 0.
[235.917s] PRUNE: margin=-3.687500, optimistic_rem(widened)=0.000000 → cannot exceed 0.
[236.115s] PRUNE: margin=-3.687500, optimistic_rem(widened)=0.000000 → cannot exceed 0.
[236.314s] PRUNE: margin=-3.687500, optimistic_rem(widened)=0.000000 → cannot exceed 0.
[236.486s] PRUNE: margin=-3.687500, optimistic_rem(widened)=0.000000 → cannot exceed 0.
[236.803s] PRUNE: margin=-3.625000, optimistic_rem(widened)=0.000000 → cannot exceed 0.
[237.487s] PRUNE: margin=-3.687500, optimistic_rem(widened)=0.000000 → cannot exceed 0.
[237.645s] PRUNE: margin=-3.687500, optimistic_rem(widened)=0.000000 → cannot exceed 0.
[237.805s] PRUNE: margin=-3.687500, optimistic_rem(widened)=0.000000 → cannot exceed 0.
[237.969s] PRUNE: margin=-3.687500, optimistic_rem(widened)=0.000000 → cannot exceed 0.
[238.133s] PRUNE: margin=-3.687500, optimistic_rem(widened)=0.000000 → cannot exceed 0.
[238.445s] PRUNE: margin=-3.625000, optimistic_rem(widened)=0.000000 → cannot exceed 0.
[238.598s] PRUNE: margin=-3.687500, optimistic_rem(widened)=0.000000 → cannot exceed 0.
[238.760s] PRUNE: margin=-3.687500, optimistic_rem(widened)=0.000000 → cannot exceed 0.
[238.915s] PRUNE: margin=-3.687500, optimistic_rem(widened)=0.000000 → cannot exceed 0.
[239.077s] PRUNE: margin=-3.687500, optimistic_rem(widened)=0.000000 → cannot exceed 0.
[239.238s] PRUNE: margin=-3.687500, optimistic_rem(widened)=0.000000 → cannot exceed 0.
[239.475s] PRUNE: margin=-3.687500, optimistic_rem(widened)=3.250000 → cannot exceed 0.
[239.633s] PRUNE: margin=-3.687500, optimistic_rem(widened)=3.250000 → cannot exceed 0.
[239.795s] PRUNE: margin=-3.687500, optimistic_rem(widened)=3.250000 → cannot exceed 0.
[239.973s] PRUNE: margin=-3.687500, optimistic_rem(widened)=3.250000 → cannot exceed 0.
[240.160s] PRUNE: margin=-3.687500, optimistic_rem(widened)=3.250000 → cannot exceed 0.
[240.345s] PRUNE: margin=-3.687500, optimistic_rem(widened)=3.375000 → cannot exceed 0.
[240.837s] PRUNE: margin=-3.625000, optimistic_rem(widened)=0.000000 → cannot exceed 0.
[241.727s] PRUNE: margin=-3.687500, optimistic_rem(widened)=0.000000 → cannot exceed 0.
[241.924s] PRUNE: margin=-3.687500, optimistic_rem(widened)=0.000000 → cannot exceed 0.
[242.122s] PRUNE: margin=-3.687500, optimistic_rem(widened)=0.000000 → cannot exceed 0.
[242.320s] PRUNE: margin=-3.687500, optimistic_rem(widened)=0.000000 → cannot exceed 0.
[242.518s] PRUNE: margin=-3.687500, optimistic_rem(widened)=0.000000 → cannot exceed 0.
[242.913s] PRUNE: margin=-3.625000, optimistic_rem(widened)=0.000000 → cannot exceed 0.
[243.111s] PRUNE: margin=-3.625000, optimistic_rem(widened)=0.000000 → cannot exceed 0.
[243.308s] PRUNE: margin=-3.687500, optimistic_rem(widened)=0.000000 → cannot exceed 0.
[243.506s] PRUNE: margin=-3.687500, optimistic_rem(widened)=0.000000 → cannot exceed 0.
[243.704s] PRUNE: margin=-3.687500, optimistic_rem(widened)=0.000000 → cannot exceed 0.
[243.902s] PRUNE: margin=-3.687500, optimistic_rem(widened)=0.000000 → cannot exceed 0.
[244.198s] PRUNE: margin=-3.687500, optimistic_rem(widened)=3.250000 → cannot exceed 0.
[244.396s] PRUNE: margin=-3.687500, optimistic_rem(widened)=3.250000 → cannot exceed 0.
[244.594s] PRUNE: margin=-3.687500, optimistic_rem(widened)=3.250000 → cannot exceed 0.
[244.791s] PRUNE: margin=-3.687500, optimistic_rem(widened)=3.250000 → cannot exceed 0.
[244.989s] PRUNE: margin=-3.687500, optimistic_rem(widened)=3.250000 → cannot exceed 0.
[245.187s] PRUNE: margin=-3.687500, optimistic_rem(widened)=3.375000 → cannot exceed 0.
[245.582s] PRUNE: margin=-3.625000, optimistic_rem(widened)=3.375000 → cannot exceed 0.
[245.878s] PRUNE: margin=-3.625000, optimistic_rem(widened)=0.000000 → cannot exceed 0.
[246.076s] PRUNE: margin=-3.687500, optimistic_rem(widened)=0.000000 → cannot exceed 0.
[246.274s] PRUNE: margin=-3.687500, optimistic_rem(widened)=0.000000 → cannot exceed 0.
[246.472s] PRUNE: margin=-3.687500, optimistic_rem(widened)=0.000000 → cannot exceed 0.
[246.669s] PRUNE: margin=-3.687500, optimistic_rem(widened)=0.000000 → cannot exceed 0.
[246.966s] PRUNE: margin=-3.687500, optimistic_rem(widened)=3.250000 → cannot exceed 0.
[247.163s] PRUNE: margin=-3.687500, optimistic_rem(widened)=3.250000 → cannot exceed 0.
[247.361s] PRUNE: margin=-3.687500, optimistic_rem(widened)=3.250000 → cannot exceed 0.
[247.559s] PRUNE: margin=-3.687500, optimistic_rem(widened)=3.250000 → cannot exceed 0.
[247.756s] PRUNE: margin=-3.687500, optimistic_rem(widened)=3.250000 → cannot exceed 0.
[248.250s] PRUNE: margin=-3.625000, optimistic_rem(widened)=0.000000 → cannot exceed 0.
[248.448s] PRUNE: margin=-3.625000, optimistic_rem(widened)=0.000000 → cannot exceed 0.
[248.646s] PRUNE: margin=-3.625000, optimistic_rem(widened)=0.000000 → cannot exceed 0.
[248.844s] PRUNE: margin=-3.625000, optimistic_rem(widened)=0.000000 → cannot exceed 0.
[249.041s] PRUNE: margin=-3.625000, optimistic_rem(widened)=0.000000 → cannot exceed 0.
[249.338s] PRUNE: margin=-3.687500, optimistic_rem(widened)=3.250000 → cannot exceed 0.
[249.536s] PRUNE: margin=-3.687500, optimistic_rem(widened)=3.250000 → cannot exceed 0.
[249.733s] PRUNE: margin=-3.687500, optimistic_rem(widened)=3.250000 → cannot exceed 0.
[249.931s] PRUNE: margin=-3.687500, optimistic_rem(widened)=3.250000 → cannot exceed 0.
[250.129s] PRUNE: margin=-3.687500, optimistic_rem(widened)=3.250000 → cannot exceed 0.
[250.524s] PRUNE: margin=-3.687500, optimistic_rem(widened)=3.250000 → cannot exceed 0.
[250.722s] PRUNE: margin=-3.687500, optimistic_rem(widened)=3.250000 → cannot exceed 0.
[250.920s] PRUNE: margin=-3.687500, optimistic_rem(widened)=3.250000 → cannot exceed 0.
[251.117s] PRUNE: margin=-3.687500, optimistic_rem(widened)=3.250000 → cannot exceed 0.
[251.315s] PRUNE: margin=-3.687500, optimistic_rem(widened)=3.375000 → cannot exceed 0.
[251.711s] PRUNE: margin=-3.687500, optimistic_rem(widened)=3.250000 → cannot exceed 0.
[251.908s] PRUNE: margin=-3.687500, optimistic_rem(widened)=3.250000 → cannot exceed 0.
[252.106s] PRUNE: margin=-3.687500, optimistic_rem(widened)=3.250000 → cannot exceed 0.
[252.304s] PRUNE: margin=-3.687500, optimistic_rem(widened)=3.375000 → cannot exceed 0.
[252.699s] PRUNE: margin=-3.687500, optimistic_rem(widened)=3.250000 → cannot exceed 0.
[252.897s] PRUNE: margin=-3.687500, optimistic_rem(widened)=3.250000 → cannot exceed 0.
[253.094s] PRUNE: margin=-3.687500, optimistic_rem(widened)=3.375000 → cannot exceed 0.
[253.391s] PRUNE: margin=-3.687500, optimistic_rem(widened)=3.250000 → cannot exceed 0.
[253.687s] PRUNE: margin=-3.625000, optimistic_rem(widened)=3.375000 → cannot exceed 0.
[256.097s] PRUNE: margin=-3.625000, optimistic_rem(widened)=0.000000 → cannot exceed 0.
[256.267s] PRUNE: margin=-3.625000, optimistic_rem(widened)=0.000000 → cannot exceed 0.
[256.421s] PRUNE: margin=-3.625000, optimistic_rem(widened)=0.000000 → cannot exceed 0.
[256.546s] PRUNE: margin=-3.625000, optimistic_rem(widened)=0.000000 → cannot exceed 0.
[256.679s] PRUNE: margin=-3.625000, optimistic_rem(widened)=0.000000 → cannot exceed 0.
[256.833s] PRUNE: margin=-3.625000, optimistic_rem(widened)=0.000000 → cannot exceed 0.
[257.894s] PRUNE: margin=-3.625000, optimistic_rem(widened)=0.000000 → cannot exceed 0.
[258.091s] PRUNE: margin=-3.625000, optimistic_rem(widened)=0.000000 → cannot exceed 0.
[258.287s] PRUNE: margin=-3.625000, optimistic_rem(widened)=0.000000 → cannot exceed 0.
[258.484s] PRUNE: margin=-3.625000, optimistic_rem(widened)=0.000000 → cannot exceed 0.
[258.681s] PRUNE: margin=-3.625000, optimistic_rem(widened)=0.000000 → cannot exceed 0.
[258.877s] PRUNE: margin=-3.625000, optimistic_rem(widened)=0.000000 → cannot exceed 0.
[259.270s] PRUNE: margin=-3.625000, optimistic_rem(widened)=0.000000 → cannot exceed 0.
[259.467s] PRUNE: margin=-3.625000, optimistic_rem(widened)=0.000000 → cannot exceed 0.
[259.664s] PRUNE: margin=-3.625000, optimistic_rem(widened)=0.000000 → cannot exceed 0.
[259.860s] PRUNE: margin=-3.625000, optimistic_rem(widened)=0.000000 → cannot exceed 0.
[260.057s] PRUNE: margin=-3.625000, optimistic_rem(widened)=0.000000 → cannot exceed 0.
[260.254s] PRUNE: margin=-3.625000, optimistic_rem(widened)=0.000000 → cannot exceed 0.
[260.549s] PRUNE: margin=-3.625000, optimistic_rem(widened)=3.250000 → cannot exceed 0.
[260.745s] PRUNE: margin=-3.625000, optimistic_rem(widened)=3.250000 → cannot exceed 0.
[260.942s] PRUNE: margin=-3.625000, optimistic_rem(widened)=3.250000 → cannot exceed 0.
[261.138s] PRUNE: margin=-3.625000, optimistic_rem(widened)=3.250000 → cannot exceed 0.
[261.433s] PRUNE: margin=-3.625000, optimistic_rem(widened)=0.000000 → cannot exceed 0.
[262.219s] PRUNE: margin=-3.625000, optimistic_rem(widened)=0.000000 → cannot exceed 0.
[263.104s] PRUNE: margin=-3.687500, optimistic_rem(widened)=0.000000 → cannot exceed 0.
[263.301s] PRUNE: margin=-3.687500, optimistic_rem(widened)=0.000000 → cannot exceed 0.
[263.497s] PRUNE: margin=-3.687500, optimistic_rem(widened)=0.000000 → cannot exceed 0.
[263.694s] PRUNE: margin=-3.687500, optimistic_rem(widened)=0.000000 → cannot exceed 0.
[263.890s] PRUNE: margin=-3.687500, optimistic_rem(widened)=0.000000 → cannot exceed 0.
[264.283s] PRUNE: margin=-3.625000, optimistic_rem(widened)=0.000000 → cannot exceed 0.
[264.480s] PRUNE: margin=-3.625000, optimistic_rem(widened)=0.000000 → cannot exceed 0.
[264.677s] PRUNE: margin=-3.687500, optimistic_rem(widened)=0.000000 → cannot exceed 0.
[264.873s] PRUNE: margin=-3.687500, optimistic_rem(widened)=0.000000 → cannot exceed 0.
[265.070s] PRUNE: margin=-3.687500, optimistic_rem(widened)=0.000000 → cannot exceed 0.
[265.267s] PRUNE: margin=-3.687500, optimistic_rem(widened)=0.000000 → cannot exceed 0.
[265.561s] PRUNE: margin=-3.687500, optimistic_rem(widened)=3.250000 → cannot exceed 0.
[265.758s] PRUNE: margin=-3.687500, optimistic_rem(widened)=3.250000 → cannot exceed 0.
[265.955s] PRUNE: margin=-3.687500, optimistic_rem(widened)=3.250000 → cannot exceed 0.
[266.151s] PRUNE: margin=-3.687500, optimistic_rem(widened)=3.250000 → cannot exceed 0.
[266.348s] PRUNE: margin=-3.687500, optimistic_rem(widened)=3.250000 → cannot exceed 0.
[266.544s] PRUNE: margin=-3.687500, optimistic_rem(widened)=3.375000 → cannot exceed 0.
[266.939s] PRUNE: margin=-3.625000, optimistic_rem(widened)=3.375000 → cannot exceed 0.
[267.233s] PRUNE: margin=-3.625000, optimistic_rem(widened)=0.000000 → cannot exceed 0.
[267.430s] PRUNE: margin=-3.687500, optimistic_rem(widened)=0.000000 → cannot exceed 0.
[267.627s] PRUNE: margin=-3.687500, optimistic_rem(widened)=0.000000 → cannot exceed 0.
[267.823s] PRUNE: margin=-3.687500, optimistic_rem(widened)=0.000000 → cannot exceed 0.
[268.020s] PRUNE: margin=-3.687500, optimistic_rem(widened)=0.000000 → cannot exceed 0.
[268.315s] PRUNE: margin=-3.687500, optimistic_rem(widened)=3.250000 → cannot exceed 0.
[268.511s] PRUNE: margin=-3.687500, optimistic_rem(widened)=3.250000 → cannot exceed 0.
[268.708s] PRUNE: margin=-3.687500, optimistic_rem(widened)=3.250000 → cannot exceed 0.
[268.905s] PRUNE: margin=-3.687500, optimistic_rem(widened)=3.250000 → cannot exceed 0.
[269.101s] PRUNE: margin=-3.687500, optimistic_rem(widened)=3.250000 → cannot exceed 0.
[269.593s] PRUNE: margin=-3.625000, optimistic_rem(widened)=0.000000 → cannot exceed 0.
[269.789s] PRUNE: margin=-3.625000, optimistic_rem(widened)=0.000000 → cannot exceed 0.
[269.986s] PRUNE: margin=-3.625000, optimistic_rem(widened)=0.000000 → cannot exceed 0.
[270.183s] PRUNE: margin=-3.625000, optimistic_rem(widened)=0.000000 → cannot exceed 0.
[270.379s] PRUNE: margin=-3.625000, optimistic_rem(widened)=0.000000 → cannot exceed 0.
[270.674s] PRUNE: margin=-3.687500, optimistic_rem(widened)=3.250000 → cannot exceed 0.
[270.871s] PRUNE: margin=-3.687500, optimistic_rem(widened)=3.250000 → cannot exceed 0.
[271.068s] PRUNE: margin=-3.687500, optimistic_rem(widened)=3.250000 → cannot exceed 0.
[271.264s] PRUNE: margin=-3.687500, optimistic_rem(widened)=3.250000 → cannot exceed 0.
[271.461s] PRUNE: margin=-3.687500, optimistic_rem(widened)=3.250000 → cannot exceed 0.
[271.854s] PRUNE: margin=-3.687500, optimistic_rem(widened)=3.250000 → cannot exceed 0.
[272.051s] PRUNE: margin=-3.687500, optimistic_rem(widened)=3.250000 → cannot exceed 0.
[272.247s] PRUNE: margin=-3.687500, optimistic_rem(widened)=3.250000 → cannot exceed 0.
[272.444s] PRUNE: margin=-3.687500, optimistic_rem(widened)=3.250000 → cannot exceed 0.
[272.641s] PRUNE: margin=-3.687500, optimistic_rem(widened)=3.375000 → cannot exceed 0.
[273.034s] PRUNE: margin=-3.687500, optimistic_rem(widened)=3.250000 → cannot exceed 0.
[273.230s] PRUNE: margin=-3.687500, optimistic_rem(widened)=3.250000 → cannot exceed 0.
[273.427s] PRUNE: margin=-3.687500, optimistic_rem(widened)=3.250000 → cannot exceed 0.
[273.624s] PRUNE: margin=-3.687500, optimistic_rem(widened)=3.375000 → cannot exceed 0.
[274.017s] PRUNE: margin=-3.687500, optimistic_rem(widened)=3.250000 → cannot exceed 0.
[274.214s] PRUNE: margin=-3.687500, optimistic_rem(widened)=3.250000 → cannot exceed 0.
[274.411s] PRUNE: margin=-3.687500, optimistic_rem(widened)=3.375000 → cannot exceed 0.
[274.706s] PRUNE: margin=-3.687500, optimistic_rem(widened)=3.250000 → cannot exceed 0.
[275.001s] PRUNE: margin=-3.625000, optimistic_rem(widened)=3.375000 → cannot exceed 0.
[276.671s] PRUNE: margin=-3.625000, optimistic_rem(widened)=0.000000 → cannot exceed 0.
[276.868s] PRUNE: margin=-3.625000, optimistic_rem(widened)=0.000000 → cannot exceed 0.
[277.065s] PRUNE: margin=-3.625000, optimistic_rem(widened)=0.000000 → cannot exceed 0.
[277.261s] PRUNE: margin=-3.625000, optimistic_rem(widened)=0.000000 → cannot exceed 0.
[277.458s] PRUNE: margin=-3.625000, optimistic_rem(widened)=0.000000 → cannot exceed 0.
[277.655s] PRUNE: margin=-3.625000, optimistic_rem(widened)=0.000000 → cannot exceed 0.
[278.048s] PRUNE: margin=-3.625000, optimistic_rem(widened)=0.000000 → cannot exceed 0.
[278.244s] PRUNE: margin=-3.625000, optimistic_rem(widened)=0.000000 → cannot exceed 0.
[278.441s] PRUNE: margin=-3.625000, optimistic_rem(widened)=0.000000 → cannot exceed 0.
[278.637s] PRUNE: margin=-3.625000, optimistic_rem(widened)=0.000000 → cannot exceed 0.
[278.834s] PRUNE: margin=-3.625000, optimistic_rem(widened)=0.000000 → cannot exceed 0.
[279.031s] PRUNE: margin=-3.625000, optimistic_rem(widened)=0.000000 → cannot exceed 0.
[279.326s] PRUNE: margin=-3.625000, optimistic_rem(widened)=3.250000 → cannot exceed 0.
[279.522s] PRUNE: margin=-3.625000, optimistic_rem(widened)=3.250000 → cannot exceed 0.
[279.719s] PRUNE: margin=-3.625000, optimistic_rem(widened)=3.250000 → cannot exceed 0.
[280.014s] PRUNE: margin=-3.625000, optimistic_rem(widened)=0.000000 → cannot exceed 0.
[280.210s] PRUNE: margin=-3.625000, optimistic_rem(widened)=0.000000 → cannot exceed 0.
[280.603s] PRUNE: margin=-3.625000, optimistic_rem(widened)=0.000000 → cannot exceed 0.
[281.292s] PRUNE: margin=-3.625000, optimistic_rem(widened)=3.375000 → cannot exceed 0.
[281.587s] PRUNE: margin=-3.625000, optimistic_rem(widened)=0.000000 → cannot exceed 0.
[281.783s] PRUNE: margin=-3.625000, optimistic_rem(widened)=0.000000 → cannot exceed 0.
[281.980s] PRUNE: margin=-3.687500, optimistic_rem(widened)=0.000000 → cannot exceed 0.
[282.177s] PRUNE: margin=-3.687500, optimistic_rem(widened)=0.000000 → cannot exceed 0.
[282.373s] PRUNE: margin=-3.687500, optimistic_rem(widened)=0.000000 → cannot exceed 0.
[282.669s] PRUNE: margin=-3.687500, optimistic_rem(widened)=3.250000 → cannot exceed 0.
[282.865s] PRUNE: margin=-3.687500, optimistic_rem(widened)=3.250000 → cannot exceed 0.
[283.062s] PRUNE: margin=-3.687500, optimistic_rem(widened)=3.250000 → cannot exceed 0.
[283.259s] PRUNE: margin=-3.687500, optimistic_rem(widened)=3.250000 → cannot exceed 0.
[283.455s] PRUNE: margin=-3.687500, optimistic_rem(widened)=3.250000 → cannot exceed 0.
[283.947s] PRUNE: margin=-3.625000, optimistic_rem(widened)=0.000000 → cannot exceed 0.
[284.143s] PRUNE: margin=-3.625000, optimistic_rem(widened)=0.000000 → cannot exceed 0.
[284.340s] PRUNE: margin=-3.625000, optimistic_rem(widened)=0.000000 → cannot exceed 0.
[284.536s] PRUNE: margin=-3.625000, optimistic_rem(widened)=0.000000 → cannot exceed 0.
[284.733s] PRUNE: margin=-3.625000, optimistic_rem(widened)=0.000000 → cannot exceed 0.
[285.028s] PRUNE: margin=-3.687500, optimistic_rem(widened)=3.250000 → cannot exceed 0.
[285.225s] PRUNE: margin=-3.687500, optimistic_rem(widened)=3.250000 → cannot exceed 0.
[285.421s] PRUNE: margin=-3.687500, optimistic_rem(widened)=3.250000 → cannot exceed 0.
[285.618s] PRUNE: margin=-3.687500, optimistic_rem(widened)=3.250000 → cannot exceed 0.
[285.814s] PRUNE: margin=-3.687500, optimistic_rem(widened)=3.250000 → cannot exceed 0.
[286.208s] PRUNE: margin=-3.687500, optimistic_rem(widened)=3.250000 → cannot exceed 0.
[286.404s] PRUNE: margin=-3.687500, optimistic_rem(widened)=3.250000 → cannot exceed 0.
[286.601s] PRUNE: margin=-3.687500, optimistic_rem(widened)=3.250000 → cannot exceed 0.
[286.798s] PRUNE: margin=-3.687500, optimistic_rem(widened)=3.250000 → cannot exceed 0.
[286.994s] PRUNE: margin=-3.687500, optimistic_rem(widened)=3.375000 → cannot exceed 0.
[287.387s] PRUNE: margin=-3.687500, optimistic_rem(widened)=3.250000 → cannot exceed 0.
[287.584s] PRUNE: margin=-3.687500, optimistic_rem(widened)=3.250000 → cannot exceed 0.
[287.781s] PRUNE: margin=-3.687500, optimistic_rem(widened)=3.250000 → cannot exceed 0.
[287.977s] PRUNE: margin=-3.687500, optimistic_rem(widened)=3.375000 → cannot exceed 0.
[288.371s] PRUNE: margin=-3.687500, optimistic_rem(widened)=3.250000 → cannot exceed 0.
[288.568s] PRUNE: margin=-3.687500, optimistic_rem(widened)=3.250000 → cannot exceed 0.
[288.764s] PRUNE: margin=-3.687500, optimistic_rem(widened)=3.375000 → cannot exceed 0.
[289.157s] PRUNE: margin=-3.625000, optimistic_rem(widened)=3.375000 → cannot exceed 0.
[289.354s] PRUNE: margin=-3.687500, optimistic_rem(widened)=3.250000 → cannot exceed 0.
[289.748s] PRUNE: margin=-3.625000, optimistic_rem(widened)=3.375000 → cannot exceed 0.
[290.632s] PRUNE: margin=-3.625000, optimistic_rem(widened)=0.000000 → cannot exceed 0.
[290.829s] PRUNE: margin=-3.625000, optimistic_rem(widened)=0.000000 → cannot exceed 0.
[291.026s] PRUNE: margin=-3.625000, optimistic_rem(widened)=0.000000 → cannot exceed 0.
[291.223s] PRUNE: margin=-3.625000, optimistic_rem(widened)=0.000000 → cannot exceed 0.
[291.419s] PRUNE: margin=-3.625000, optimistic_rem(widened)=0.000000 → cannot exceed 0.
[291.616s] PRUNE: margin=-3.625000, optimistic_rem(widened)=0.000000 → cannot exceed 0.
[292.009s] PRUNE: margin=-3.625000, optimistic_rem(widened)=0.000000 → cannot exceed 0.
[292.206s] PRUNE: margin=-3.625000, optimistic_rem(widened)=0.000000 → cannot exceed 0.
[292.403s] PRUNE: margin=-3.625000, optimistic_rem(widened)=0.000000 → cannot exceed 0.
[292.599s] PRUNE: margin=-3.625000, optimistic_rem(widened)=0.000000 → cannot exceed 0.
[292.796s] PRUNE: margin=-3.625000, optimistic_rem(widened)=0.000000 → cannot exceed 0.
[293.189s] PRUNE: margin=-3.625000, optimistic_rem(widened)=0.000000 → cannot exceed 0.
[293.386s] PRUNE: margin=-3.625000, optimistic_rem(widened)=0.000000 → cannot exceed 0.
[293.583s] PRUNE: margin=-3.625000, optimistic_rem(widened)=0.000000 → cannot exceed 0.
[293.779s] PRUNE: margin=-3.625000, optimistic_rem(widened)=0.000000 → cannot exceed 0.
[294.173s] PRUNE: margin=-3.625000, optimistic_rem(widened)=0.000000 → cannot exceed 0.
[294.369s] PRUNE: margin=-3.625000, optimistic_rem(widened)=0.000000 → cannot exceed 0.
[294.566s] PRUNE: margin=-3.625000, optimistic_rem(widened)=0.000000 → cannot exceed 0.
[294.959s] PRUNE: margin=-3.625000, optimistic_rem(widened)=0.000000 → cannot exceed 0.
[295.156s] PRUNE: margin=-3.625000, optimistic_rem(widened)=0.000000 → cannot exceed 0.
[295.549s] PRUNE: margin=-3.625000, optimistic_rem(widened)=0.000000 → cannot exceed 0.
[296.237s] PRUNE: margin=-3.625000, optimistic_rem(widened)=3.250000 → cannot exceed 0.
[296.532s] PRUNE: margin=-3.625000, optimistic_rem(widened)=0.000000 → cannot exceed 0.
[296.729s] PRUNE: margin=-3.625000, optimistic_rem(widened)=0.000000 → cannot exceed 0.
[296.926s] PRUNE: margin=-3.625000, optimistic_rem(widened)=0.000000 → cannot exceed 0.
[297.122s] PRUNE: margin=-3.625000, optimistic_rem(widened)=0.000000 → cannot exceed 0.
[297.417s] PRUNE: margin=-3.687500, optimistic_rem(widened)=3.250000 → cannot exceed 0.
[297.614s] PRUNE: margin=-3.687500, optimistic_rem(widened)=3.250000 → cannot exceed 0.
[297.811s] PRUNE: margin=-3.687500, optimistic_rem(widened)=3.250000 → cannot exceed 0.
[298.007s] PRUNE: margin=-3.687500, optimistic_rem(widened)=3.250000 → cannot exceed 0.
[298.401s] PRUNE: margin=-3.625000, optimistic_rem(widened)=3.375000 → cannot exceed 0.
[298.597s] PRUNE: margin=-3.687500, optimistic_rem(widened)=3.250000 → cannot exceed 0.
[298.794s] PRUNE: margin=-3.687500, optimistic_rem(widened)=3.250000 → cannot exceed 0.
[298.991s] PRUNE: margin=-3.687500, optimistic_rem(widened)=3.250000 → cannot exceed 0.
[299.188s] PRUNE: margin=-3.687500, optimistic_rem(widened)=3.250000 → cannot exceed 0.
[299.581s] PRUNE: margin=-3.625000, optimistic_rem(widened)=3.375000 → cannot exceed 0.
[299.777s] PRUNE: margin=-3.687500, optimistic_rem(widened)=3.250000 → cannot exceed 0.
[299.974s] PRUNE: margin=-3.687500, optimistic_rem(widened)=3.250000 → cannot exceed 0.
[300.171s] PRUNE: margin=-3.687500, optimistic_rem(widened)=3.250000 → cannot exceed 0.
[300.564s] PRUNE: margin=-3.625000, optimistic_rem(widened)=3.375000 → cannot exceed 0.
[300.761s] PRUNE: margin=-3.687500, optimistic_rem(widened)=3.250000 → cannot exceed 0.
[300.957s] PRUNE: margin=-3.687500, optimistic_rem(widened)=3.250000 → cannot exceed 0.
[301.350s] PRUNE: margin=-3.625000, optimistic_rem(widened)=3.375000 → cannot exceed 0.
[301.547s] PRUNE: margin=-3.687500, optimistic_rem(widened)=3.250000 → cannot exceed 0.
[302.825s] PRUNE: margin=-3.625000, optimistic_rem(widened)=0.000000 → cannot exceed 0.
[303.022s] PRUNE: margin=-3.625000, optimistic_rem(widened)=0.000000 → cannot exceed 0.
[303.219s] PRUNE: margin=-3.625000, optimistic_rem(widened)=0.000000 → cannot exceed 0.
[303.415s] PRUNE: margin=-3.625000, optimistic_rem(widened)=0.000000 → cannot exceed 0.
[303.611s] PRUNE: margin=-3.625000, optimistic_rem(widened)=0.000000 → cannot exceed 0.
[304.004s] PRUNE: margin=-3.625000, optimistic_rem(widened)=0.000000 → cannot exceed 0.
[304.201s] PRUNE: margin=-3.625000, optimistic_rem(widened)=0.000000 → cannot exceed 0.
[304.398s] PRUNE: margin=-3.625000, optimistic_rem(widened)=0.000000 → cannot exceed 0.
[304.594s] PRUNE: margin=-3.625000, optimistic_rem(widened)=0.000000 → cannot exceed 0.
[304.988s] PRUNE: margin=-3.625000, optimistic_rem(widened)=0.000000 → cannot exceed 0.
[305.184s] PRUNE: margin=-3.625000, optimistic_rem(widened)=0.000000 → cannot exceed 0.
[305.381s] PRUNE: margin=-3.625000, optimistic_rem(widened)=0.000000 → cannot exceed 0.
[305.774s] PRUNE: margin=-3.625000, optimistic_rem(widened)=0.000000 → cannot exceed 0.
[305.971s] PRUNE: margin=-3.625000, optimistic_rem(widened)=0.000000 → cannot exceed 0.
[306.364s] PRUNE: margin=-3.625000, optimistic_rem(widened)=0.000000 → cannot exceed 0.
[307.151s] PRUNE: margin=-3.625000, optimistic_rem(widened)=0.000000 → cannot exceed 0.
[307.348s] PRUNE: margin=-3.625000, optimistic_rem(widened)=0.000000 → cannot exceed 0.
[307.544s] PRUNE: margin=-3.625000, optimistic_rem(widened)=0.000000 → cannot exceed 0.
[307.741s] PRUNE: margin=-3.625000, optimistic_rem(widened)=0.000000 → cannot exceed 0.
[308.134s] PRUNE: margin=-3.625000, optimistic_rem(widened)=0.000000 → cannot exceed 0.
[308.331s] PRUNE: margin=-3.625000, optimistic_rem(widened)=0.000000 → cannot exceed 0.
[308.528s] PRUNE: margin=-3.625000, optimistic_rem(widened)=0.000000 → cannot exceed 0.
[308.922s] PRUNE: margin=-3.625000, optimistic_rem(widened)=0.000000 → cannot exceed 0.
[309.118s] PRUNE: margin=-3.625000, optimistic_rem(widened)=0.000000 → cannot exceed 0.
[309.512s] PRUNE: margin=-3.625000, optimistic_rem(widened)=0.000000 → cannot exceed 0.
[310.200s] PRUNE: margin=-3.687500, optimistic_rem(widened)=3.250000 → cannot exceed 0.
[310.397s] PRUNE: margin=-3.687500, optimistic_rem(widened)=3.250000 → cannot exceed 0.
[310.594s] PRUNE: margin=-3.687500, optimistic_rem(widened)=3.250000 → cannot exceed 0.
[310.790s] PRUNE: margin=-3.687500, optimistic_rem(widened)=3.250000 → cannot exceed 0.
[311.183s] PRUNE: margin=-3.687500, optimistic_rem(widened)=3.250000 → cannot exceed 0.
[311.380s] PRUNE: margin=-3.687500, optimistic_rem(widened)=3.250000 → cannot exceed 0.
[311.577s] PRUNE: margin=-3.687500, optimistic_rem(widened)=3.250000 → cannot exceed 0.
[311.970s] PRUNE: margin=-3.687500, optimistic_rem(widened)=3.250000 → cannot exceed 0.
[312.167s] PRUNE: margin=-3.687500, optimistic_rem(widened)=3.250000 → cannot exceed 0.
[312.560s] PRUNE: margin=-3.625000, optimistic_rem(widened)=3.250000 → cannot exceed 0.
[313.358s] PRUNE: margin=-3.625000, optimistic_rem(widened)=3.250000 → cannot exceed 0.
[313.557s] PRUNE: margin=-3.625000, optimistic_rem(widened)=3.250000 → cannot exceed 0.
[313.756s] PRUNE: margin=-3.625000, optimistic_rem(widened)=3.250000 → cannot exceed 0.
[314.054s] PRUNE: margin=-3.625000, optimistic_rem(widened)=0.000000 → cannot exceed 0.
[314.751s] PRUNE: margin=-3.625000, optimistic_rem(widened)=3.250000 → cannot exceed 0.
[314.949s] PRUNE: margin=-3.625000, optimistic_rem(widened)=3.250000 → cannot exceed 0.
[315.248s] PRUNE: margin=-3.625000, optimistic_rem(widened)=0.000000 → cannot exceed 0.
[316.043s] PRUNE: margin=-3.625000, optimistic_rem(widened)=0.000000 → cannot exceed 0.
[316.243s] PRUNE: margin=-3.625000, optimistic_rem(widened)=0.000000 → cannot exceed 0.
[316.640s] PRUNE: margin=-3.625000, optimistic_rem(widened)=0.000000 → cannot exceed 0.
[317.440s] PRUNE: margin=-3.625000, optimistic_rem(widened)=0.000000 → cannot exceed 0.
[330.371s] No counterexample within budgets (BaB): no misclassification found.
STATUS: No counterexample | best_upper_margin=7.375000 | elapsed=330.371s | pixels_changed=0 | total_bit_flips=0 | avg_hamming_per_pixel=0.000000 | patch_rows=11-11 | patch_cols=8-10 | note=no_counterexample_within_budgets
