[  0.000s] init: idx=3055 kmax=2 bmax=4 topx=2 widen=1.000 rank_fast=off
clean logits (hex):  0x84  0x13  0x44  0x3c  0x87  0x8c  0x87  0x70  0x4b  0x0e
clean logits (bits): 10000100 00010011 01000100 00111100 10000111 10001100 10000111 01110000 01001011 00001110
clean logits (double): -16.000000 +0.296875 +1.125000 +0.937500 -10.000000 -6.000000 -10.000000 +4.000000 +1.343750 +0.218750
[  0.016s] clean prediction: 7 (true label 7)
[ 34.050s] selection: nSym=2 (from 784), topx=2, rank_fast=off
[ 34.050s] active patch: rows 9-10, cols 24-24 (derived from symPix)
[ 34.580s] Proceeding to BaB (greedy enabled).
[ 34.580s] Skipping root bound check (--no-root-bound).
[ 34.580s] BaB search starting (K≤2, B≤4, nSym=2, depth_limit=500000000, widen=1.00)...
[ 34.863s] PRUNE: margin=-0.843750, optimistic_rem(widened)=0.625000 → cannot exceed 0.
[ 35.052s] PRUNE: margin=-1.250000, optimistic_rem(widened)=1.125000 → cannot exceed 0.
[ 35.335s] PRUNE: margin=-1.125000, optimistic_rem(widened)=0.656250 → cannot exceed 0.
[ 35.618s] PRUNE: margin=-0.968750, optimistic_rem(widened)=0.000000 → cannot exceed 0.
[ 36.750s] PRUNE: margin=-1.125000, optimistic_rem(widened)=0.000000 → cannot exceed 0.
[ 36.939s] PRUNE: margin=-1.125000, optimistic_rem(widened)=0.000000 → cannot exceed 0.
[ 37.127s] PRUNE: margin=-1.125000, optimistic_rem(widened)=0.000000 → cannot exceed 0.
[ 37.316s] PRUNE: margin=-1.125000, optimistic_rem(widened)=0.000000 → cannot exceed 0.
[ 38.919s] PRUNE: margin=-1.250000, optimistic_rem(widened)=0.812500 → cannot exceed 0.
[ 39.114s] PRUNE: margin=-1.250000, optimistic_rem(widened)=0.812500 → cannot exceed 0.
[ 39.303s] PRUNE: margin=-1.250000, optimistic_rem(widened)=0.812500 → cannot exceed 0.
[ 39.587s] PRUNE: margin=-1.250000, optimistic_rem(widened)=0.000000 → cannot exceed 0.
[ 39.779s] PRUNE: margin=-1.250000, optimistic_rem(widened)=0.000000 → cannot exceed 0.
[ 41.358s] PRUNE: margin=-1.250000, optimistic_rem(widened)=0.000000 → cannot exceed 0.
[ 41.546s] PRUNE: margin=-1.250000, optimistic_rem(widened)=0.000000 → cannot exceed 0.
[ 42.768s] PRUNE: margin=-1.250000, optimistic_rem(widened)=0.000000 → cannot exceed 0.
[ 42.956s] PRUNE: margin=-1.250000, optimistic_rem(widened)=0.000000 → cannot exceed 0.
[ 43.709s] PRUNE: margin=-1.375000, optimistic_rem(widened)=0.968750 → cannot exceed 0.
[ 43.897s] PRUNE: margin=-1.375000, optimistic_rem(widened)=0.968750 → cannot exceed 0.
[ 44.837s] PRUNE: margin=-1.375000, optimistic_rem(widened)=1.250000 → cannot exceed 0.
[ 45.026s] PRUNE: margin=-1.375000, optimistic_rem(widened)=1.250000 → cannot exceed 0.
[ 45.214s] PRUNE: margin=-1.375000, optimistic_rem(widened)=1.250000 → cannot exceed 0.
[ 45.402s] PRUNE: margin=-1.375000, optimistic_rem(widened)=0.968750 → cannot exceed 0.
[ 45.590s] PRUNE: margin=-1.500000, optimistic_rem(widened)=1.125000 → cannot exceed 0.
[ 45.779s] PRUNE: margin=-1.500000, optimistic_rem(widened)=1.125000 → cannot exceed 0.
[ 45.967s] PRUNE: margin=-1.500000, optimistic_rem(widened)=1.125000 → cannot exceed 0.
[ 46.155s] PRUNE: margin=-1.500000, optimistic_rem(widened)=1.125000 → cannot exceed 0.
[ 46.344s] PRUNE: margin=-1.500000, optimistic_rem(widened)=1.125000 → cannot exceed 0.
[ 46.532s] PRUNE: margin=-1.500000, optimistic_rem(widened)=1.125000 → cannot exceed 0.
[ 46.721s] PRUNE: margin=-1.500000, optimistic_rem(widened)=1.375000 → cannot exceed 0.
[ 47.097s] PRUNE: margin=-1.375000, optimistic_rem(widened)=1.250000 → cannot exceed 0.
[ 47.379s] PRUNE: margin=-1.375000, optimistic_rem(widened)=0.000000 → cannot exceed 0.
[ 47.568s] PRUNE: margin=-1.375000, optimistic_rem(widened)=0.000000 → cannot exceed 0.
[ 47.756s] PRUNE: margin=-1.375000, optimistic_rem(widened)=0.000000 → cannot exceed 0.
[ 47.944s] PRUNE: margin=-1.375000, optimistic_rem(widened)=0.000000 → cannot exceed 0.
[ 49.544s] PRUNE: margin=-1.500000, optimistic_rem(widened)=1.125000 → cannot exceed 0.
[ 49.732s] PRUNE: margin=-1.500000, optimistic_rem(widened)=1.125000 → cannot exceed 0.
[ 49.920s] PRUNE: margin=-1.500000, optimistic_rem(widened)=1.125000 → cannot exceed 0.
[ 50.108s] PRUNE: margin=-1.500000, optimistic_rem(widened)=1.375000 → cannot exceed 0.
[ 52.743s] PRUNE: margin=-1.625000, optimistic_rem(widened)=1.250000 → cannot exceed 0.
[ 52.932s] PRUNE: margin=-1.625000, optimistic_rem(widened)=1.250000 → cannot exceed 0.
[ 53.120s] PRUNE: margin=-1.656250, optimistic_rem(widened)=1.250000 → cannot exceed 0.
[ 53.310s] PRUNE: margin=-1.656250, optimistic_rem(widened)=1.250000 → cannot exceed 0.
[ 53.498s] PRUNE: margin=-1.625000, optimistic_rem(widened)=1.250000 → cannot exceed 0.
[ 53.687s] PRUNE: margin=-1.625000, optimistic_rem(widened)=1.250000 → cannot exceed 0.
[ 53.875s] PRUNE: margin=-1.625000, optimistic_rem(widened)=1.250000 → cannot exceed 0.
[ 54.063s] PRUNE: margin=-1.656250, optimistic_rem(widened)=1.250000 → cannot exceed 0.
[ 54.251s] PRUNE: margin=-1.656250, optimistic_rem(widened)=1.250000 → cannot exceed 0.
[ 54.628s] PRUNE: margin=-1.625000, optimistic_rem(widened)=1.250000 → cannot exceed 0.
[ 54.816s] PRUNE: margin=-1.656250, optimistic_rem(widened)=1.250000 → cannot exceed 0.
[ 55.005s] PRUNE: margin=-1.656250, optimistic_rem(widened)=1.250000 → cannot exceed 0.
[ 55.193s] PRUNE: margin=-1.625000, optimistic_rem(widened)=1.250000 → cannot exceed 0.
[ 55.381s] PRUNE: margin=-1.625000, optimistic_rem(widened)=1.250000 → cannot exceed 0.
[ 55.570s] PRUNE: margin=-1.625000, optimistic_rem(widened)=1.250000 → cannot exceed 0.
[ 55.758s] PRUNE: margin=-1.656250, optimistic_rem(widened)=1.250000 → cannot exceed 0.
[ 55.946s] PRUNE: margin=-1.656250, optimistic_rem(widened)=1.250000 → cannot exceed 0.
[ 56.323s] PRUNE: margin=-1.500000, optimistic_rem(widened)=1.125000 → cannot exceed 0.
[ 56.511s] PRUNE: margin=-1.656250, optimistic_rem(widened)=1.250000 → cannot exceed 0.
[ 56.700s] PRUNE: margin=-1.625000, optimistic_rem(widened)=1.250000 → cannot exceed 0.
[ 56.888s] PRUNE: margin=-1.625000, optimistic_rem(widened)=1.250000 → cannot exceed 0.
[ 57.076s] PRUNE: margin=-1.625000, optimistic_rem(widened)=1.250000 → cannot exceed 0.
[ 57.264s] PRUNE: margin=-1.656250, optimistic_rem(widened)=1.250000 → cannot exceed 0.
[ 57.453s] PRUNE: margin=-1.656250, optimistic_rem(widened)=1.250000 → cannot exceed 0.
[ 57.829s] PRUNE: margin=-1.500000, optimistic_rem(widened)=1.125000 → cannot exceed 0.
[ 58.018s] PRUNE: margin=-1.500000, optimistic_rem(widened)=1.125000 → cannot exceed 0.
[ 58.206s] PRUNE: margin=-1.625000, optimistic_rem(widened)=1.250000 → cannot exceed 0.
[ 58.395s] PRUNE: margin=-1.625000, optimistic_rem(widened)=1.250000 → cannot exceed 0.
[ 58.583s] PRUNE: margin=-1.656250, optimistic_rem(widened)=1.250000 → cannot exceed 0.
[ 58.771s] PRUNE: margin=-1.656250, optimistic_rem(widened)=1.250000 → cannot exceed 0.
[ 59.148s] PRUNE: margin=-1.500000, optimistic_rem(widened)=1.125000 → cannot exceed 0.
[ 59.336s] PRUNE: margin=-1.500000, optimistic_rem(widened)=1.125000 → cannot exceed 0.
[ 59.524s] PRUNE: margin=-1.656250, optimistic_rem(widened)=1.250000 → cannot exceed 0.
[ 59.712s] PRUNE: margin=-1.656250, optimistic_rem(widened)=1.250000 → cannot exceed 0.
[ 59.901s] PRUNE: margin=-1.656250, optimistic_rem(widened)=1.250000 → cannot exceed 0.
[ 65.737s] PRUNE: margin=-0.687500, optimistic_rem(widened)=0.000000 → cannot exceed 0.
[ 65.925s] PRUNE: margin=-0.687500, optimistic_rem(widened)=0.000000 → cannot exceed 0.
[ 66.113s] PRUNE: margin=-0.687500, optimistic_rem(widened)=0.000000 → cannot exceed 0.
[ 66.302s] PRUNE: margin=-0.687500, optimistic_rem(widened)=0.000000 → cannot exceed 0.
[ 66.492s] PRUNE: margin=-0.812500, optimistic_rem(widened)=0.000000 → cannot exceed 0.
[ 66.680s] PRUNE: margin=-0.812500, optimistic_rem(widened)=0.000000 → cannot exceed 0.
[ 66.868s] PRUNE: margin=-0.812500, optimistic_rem(widened)=0.000000 → cannot exceed 0.
[ 67.057s] PRUNE: margin=-0.812500, optimistic_rem(widened)=0.000000 → cannot exceed 0.
[ 67.245s] PRUNE: margin=-0.812500, optimistic_rem(widened)=0.000000 → cannot exceed 0.
[ 67.433s] PRUNE: margin=-0.812500, optimistic_rem(widened)=0.000000 → cannot exceed 0.
[ 67.622s] PRUNE: margin=-0.812500, optimistic_rem(widened)=0.000000 → cannot exceed 0.
[ 67.810s] PRUNE: margin=-0.812500, optimistic_rem(widened)=0.000000 → cannot exceed 0.
[ 69.317s] PRUNE: margin=-0.968750, optimistic_rem(widened)=0.000000 → cannot exceed 0.
[ 72.707s] PRUNE: margin=-1.093750, optimistic_rem(widened)=0.000000 → cannot exceed 0.
[ 72.896s] PRUNE: margin=-1.093750, optimistic_rem(widened)=0.000000 → cannot exceed 0.
[ 73.084s] PRUNE: margin=-1.093750, optimistic_rem(widened)=0.000000 → cannot exceed 0.
[ 73.272s] PRUNE: margin=-1.093750, optimistic_rem(widened)=0.000000 → cannot exceed 0.
[ 73.460s] PRUNE: margin=-1.093750, optimistic_rem(widened)=0.000000 → cannot exceed 0.
[ 73.837s] PRUNE: margin=-0.812500, optimistic_rem(widened)=0.000000 → cannot exceed 0.
[ 77.225s] PRUNE: margin=-0.937500, optimistic_rem(widened)=0.000000 → cannot exceed 0.
[ 77.413s] PRUNE: margin=-0.937500, optimistic_rem(widened)=0.000000 → cannot exceed 0.
[ 77.601s] PRUNE: margin=-0.937500, optimistic_rem(widened)=0.000000 → cannot exceed 0.
[ 77.789s] PRUNE: margin=-0.937500, optimistic_rem(widened)=0.000000 → cannot exceed 0.
[ 77.978s] PRUNE: margin=-0.968750, optimistic_rem(widened)=0.000000 → cannot exceed 0.
[ 78.260s] PRUNE: margin=-1.093750, optimistic_rem(widened)=0.656250 → cannot exceed 0.
[ 78.448s] PRUNE: margin=-1.093750, optimistic_rem(widened)=0.656250 → cannot exceed 0.
[ 80.709s] PRUNE: margin=-1.218750, optimistic_rem(widened)=0.000000 → cannot exceed 0.
[ 80.897s] PRUNE: margin=-1.218750, optimistic_rem(widened)=0.000000 → cannot exceed 0.
[ 81.085s] PRUNE: margin=-1.218750, optimistic_rem(widened)=0.000000 → cannot exceed 0.
[ 81.274s] PRUNE: margin=-1.218750, optimistic_rem(widened)=0.000000 → cannot exceed 0.
[ 82.875s] PRUNE: margin=-1.218750, optimistic_rem(widened)=0.000000 → cannot exceed 0.
[ 83.063s] PRUNE: margin=-1.218750, optimistic_rem(widened)=0.000000 → cannot exceed 0.
[ 83.251s] PRUNE: margin=-1.218750, optimistic_rem(widened)=0.000000 → cannot exceed 0.
[ 83.440s] PRUNE: margin=-1.218750, optimistic_rem(widened)=0.000000 → cannot exceed 0.
[ 84.380s] PRUNE: margin=-1.093750, optimistic_rem(widened)=0.000000 → cannot exceed 0.
[ 84.569s] PRUNE: margin=-1.218750, optimistic_rem(widened)=0.000000 → cannot exceed 0.
[ 84.757s] PRUNE: margin=-1.218750, optimistic_rem(widened)=0.000000 → cannot exceed 0.
[ 84.945s] PRUNE: margin=-1.218750, optimistic_rem(widened)=0.000000 → cannot exceed 0.
[ 85.322s] PRUNE: margin=-1.093750, optimistic_rem(widened)=0.000000 → cannot exceed 0.
[ 85.510s] PRUNE: margin=-1.093750, optimistic_rem(widened)=0.000000 → cannot exceed 0.
[ 85.699s] PRUNE: margin=-1.218750, optimistic_rem(widened)=0.000000 → cannot exceed 0.
[ 85.887s] PRUNE: margin=-1.218750, optimistic_rem(widened)=0.000000 → cannot exceed 0.
[ 86.170s] PRUNE: margin=-1.218750, optimistic_rem(widened)=0.812500 → cannot exceed 0.
[ 86.359s] PRUNE: margin=-1.218750, optimistic_rem(widened)=0.812500 → cannot exceed 0.
[ 86.547s] PRUNE: margin=-1.218750, optimistic_rem(widened)=0.812500 → cannot exceed 0.
[ 86.736s] PRUNE: margin=-1.218750, optimistic_rem(widened)=0.812500 → cannot exceed 0.
[ 87.113s] PRUNE: margin=-1.093750, optimistic_rem(widened)=0.656250 → cannot exceed 0.
[ 87.302s] PRUNE: margin=-1.093750, optimistic_rem(widened)=0.656250 → cannot exceed 0.
[ 87.490s] PRUNE: margin=-1.093750, optimistic_rem(widened)=0.656250 → cannot exceed 0.
[ 87.679s] PRUNE: margin=-1.093750, optimistic_rem(widened)=0.656250 → cannot exceed 0.
[ 87.867s] PRUNE: margin=-1.218750, optimistic_rem(widened)=0.812500 → cannot exceed 0.
[ 88.056s] PRUNE: margin=-1.218750, optimistic_rem(widened)=0.812500 → cannot exceed 0.
[ 88.244s] PRUNE: margin=-1.218750, optimistic_rem(widened)=0.812500 → cannot exceed 0.
[ 88.433s] PRUNE: margin=-1.218750, optimistic_rem(widened)=0.812500 → cannot exceed 0.
[ 88.622s] PRUNE: margin=-1.218750, optimistic_rem(widened)=0.812500 → cannot exceed 0.
[ 88.812s] PRUNE: margin=-1.218750, optimistic_rem(widened)=0.812500 → cannot exceed 0.
[ 89.000s] PRUNE: margin=-1.218750, optimistic_rem(widened)=0.812500 → cannot exceed 0.
[ 89.189s] PRUNE: margin=-1.218750, optimistic_rem(widened)=0.812500 → cannot exceed 0.
[ 89.659s] PRUNE: margin=-1.093750, optimistic_rem(widened)=0.000000 → cannot exceed 0.
[ 90.790s] PRUNE: margin=-1.218750, optimistic_rem(widened)=0.000000 → cannot exceed 0.
[ 90.979s] PRUNE: margin=-1.218750, optimistic_rem(widened)=0.000000 → cannot exceed 0.
[ 92.864s] PRUNE: margin=-1.343750, optimistic_rem(widened)=0.000000 → cannot exceed 0.
[ 93.052s] PRUNE: margin=-1.343750, optimistic_rem(widened)=0.000000 → cannot exceed 0.
[ 93.241s] PRUNE: margin=-1.343750, optimistic_rem(widened)=0.000000 → cannot exceed 0.
[ 93.523s] PRUNE: margin=-1.343750, optimistic_rem(widened)=1.250000 → cannot exceed 0.
[ 93.712s] PRUNE: margin=-1.500000, optimistic_rem(widened)=1.125000 → cannot exceed 0.
[ 95.971s] PRUNE: margin=-1.500000, optimistic_rem(widened)=0.000000 → cannot exceed 0.
[ 96.160s] PRUNE: margin=-1.500000, optimistic_rem(widened)=0.000000 → cannot exceed 0.
[ 96.348s] PRUNE: margin=-1.500000, optimistic_rem(widened)=0.000000 → cannot exceed 0.
[ 96.536s] PRUNE: margin=-1.500000, optimistic_rem(widened)=0.000000 → cannot exceed 0.
[ 98.109s] PRUNE: margin=-1.500000, optimistic_rem(widened)=0.000000 → cannot exceed 0.
[ 98.296s] PRUNE: margin=-1.500000, optimistic_rem(widened)=0.000000 → cannot exceed 0.
[ 98.484s] PRUNE: margin=-1.500000, optimistic_rem(widened)=0.000000 → cannot exceed 0.
[ 98.672s] PRUNE: margin=-1.500000, optimistic_rem(widened)=0.000000 → cannot exceed 0.
[ 99.612s] PRUNE: margin=-1.500000, optimistic_rem(widened)=0.000000 → cannot exceed 0.
[ 99.799s] PRUNE: margin=-1.500000, optimistic_rem(widened)=0.000000 → cannot exceed 0.
[ 99.987s] PRUNE: margin=-1.500000, optimistic_rem(widened)=0.000000 → cannot exceed 0.
[100.175s] PRUNE: margin=-1.500000, optimistic_rem(widened)=0.000000 → cannot exceed 0.
[100.551s] PRUNE: margin=-1.500000, optimistic_rem(widened)=0.000000 → cannot exceed 0.
[100.739s] PRUNE: margin=-1.500000, optimistic_rem(widened)=0.000000 → cannot exceed 0.
[100.927s] PRUNE: margin=-1.500000, optimistic_rem(widened)=0.000000 → cannot exceed 0.
[101.115s] PRUNE: margin=-1.500000, optimistic_rem(widened)=0.000000 → cannot exceed 0.
[101.396s] PRUNE: margin=-1.500000, optimistic_rem(widened)=1.125000 → cannot exceed 0.
[101.584s] PRUNE: margin=-1.500000, optimistic_rem(widened)=1.125000 → cannot exceed 0.
[101.774s] PRUNE: margin=-1.500000, optimistic_rem(widened)=1.125000 → cannot exceed 0.
[101.962s] PRUNE: margin=-1.500000, optimistic_rem(widened)=1.125000 → cannot exceed 0.
[102.337s] PRUNE: margin=-1.218750, optimistic_rem(widened)=0.812500 → cannot exceed 0.
[104.873s] PRUNE: margin=-1.343750, optimistic_rem(widened)=0.000000 → cannot exceed 0.
[105.061s] PRUNE: margin=-1.343750, optimistic_rem(widened)=0.000000 → cannot exceed 0.
[105.249s] PRUNE: margin=-1.343750, optimistic_rem(widened)=0.000000 → cannot exceed 0.
[105.436s] PRUNE: margin=-1.343750, optimistic_rem(widened)=0.000000 → cannot exceed 0.
[105.624s] PRUNE: margin=-1.343750, optimistic_rem(widened)=0.000000 → cannot exceed 0.
[107.409s] PRUNE: margin=-1.343750, optimistic_rem(widened)=0.000000 → cannot exceed 0.
[107.597s] PRUNE: margin=-1.343750, optimistic_rem(widened)=0.000000 → cannot exceed 0.
[107.786s] PRUNE: margin=-1.343750, optimistic_rem(widened)=0.000000 → cannot exceed 0.
[107.975s] PRUNE: margin=-1.343750, optimistic_rem(widened)=0.000000 → cannot exceed 0.
[108.164s] PRUNE: margin=-1.343750, optimistic_rem(widened)=0.000000 → cannot exceed 0.
[109.203s] PRUNE: margin=-1.343750, optimistic_rem(widened)=0.000000 → cannot exceed 0.
[109.392s] PRUNE: margin=-1.343750, optimistic_rem(widened)=0.000000 → cannot exceed 0.
[109.581s] PRUNE: margin=-1.343750, optimistic_rem(widened)=0.000000 → cannot exceed 0.
[109.770s] PRUNE: margin=-1.343750, optimistic_rem(widened)=0.000000 → cannot exceed 0.
[109.959s] PRUNE: margin=-1.343750, optimistic_rem(widened)=0.000000 → cannot exceed 0.
[110.337s] PRUNE: margin=-1.218750, optimistic_rem(widened)=0.000000 → cannot exceed 0.
[110.526s] PRUNE: margin=-1.343750, optimistic_rem(widened)=0.000000 → cannot exceed 0.
[110.715s] PRUNE: margin=-1.343750, optimistic_rem(widened)=0.000000 → cannot exceed 0.
[110.904s] PRUNE: margin=-1.343750, optimistic_rem(widened)=0.000000 → cannot exceed 0.
[111.093s] PRUNE: margin=-1.343750, optimistic_rem(widened)=0.000000 → cannot exceed 0.
[111.377s] PRUNE: margin=-1.343750, optimistic_rem(widened)=1.000000 → cannot exceed 0.
[111.566s] PRUNE: margin=-1.343750, optimistic_rem(widened)=1.000000 → cannot exceed 0.
[111.755s] PRUNE: margin=-1.343750, optimistic_rem(widened)=1.000000 → cannot exceed 0.
[111.944s] PRUNE: margin=-1.343750, optimistic_rem(widened)=1.250000 → cannot exceed 0.
[112.133s] PRUNE: margin=-1.343750, optimistic_rem(widened)=1.250000 → cannot exceed 0.
[112.511s] PRUNE: margin=-1.375000, optimistic_rem(widened)=1.250000 → cannot exceed 0.
[112.700s] PRUNE: margin=-1.500000, optimistic_rem(widened)=1.125000 → cannot exceed 0.
[112.889s] PRUNE: margin=-1.500000, optimistic_rem(widened)=1.125000 → cannot exceed 0.
[113.078s] PRUNE: margin=-1.500000, optimistic_rem(widened)=1.125000 → cannot exceed 0.
[113.267s] PRUNE: margin=-1.500000, optimistic_rem(widened)=1.125000 → cannot exceed 0.
[113.456s] PRUNE: margin=-1.500000, optimistic_rem(widened)=1.125000 → cannot exceed 0.
[113.645s] PRUNE: margin=-1.500000, optimistic_rem(widened)=1.125000 → cannot exceed 0.
[113.834s] PRUNE: margin=-1.500000, optimistic_rem(widened)=1.125000 → cannot exceed 0.
[114.023s] PRUNE: margin=-1.500000, optimistic_rem(widened)=1.125000 → cannot exceed 0.
[114.401s] PRUNE: margin=-1.343750, optimistic_rem(widened)=1.000000 → cannot exceed 0.
[114.590s] PRUNE: margin=-1.343750, optimistic_rem(widened)=1.250000 → cannot exceed 0.
[114.779s] PRUNE: margin=-1.343750, optimistic_rem(widened)=1.000000 → cannot exceed 0.
[114.968s] PRUNE: margin=-1.343750, optimistic_rem(widened)=1.000000 → cannot exceed 0.
[115.157s] PRUNE: margin=-1.343750, optimistic_rem(widened)=1.000000 → cannot exceed 0.
[115.346s] PRUNE: margin=-1.343750, optimistic_rem(widened)=1.250000 → cannot exceed 0.
[115.535s] PRUNE: margin=-1.500000, optimistic_rem(widened)=1.125000 → cannot exceed 0.
[115.724s] PRUNE: margin=-1.500000, optimistic_rem(widened)=1.125000 → cannot exceed 0.
[116.102s] PRUNE: margin=-1.500000, optimistic_rem(widened)=1.125000 → cannot exceed 0.
[116.291s] PRUNE: margin=-1.500000, optimistic_rem(widened)=1.125000 → cannot exceed 0.
[116.480s] PRUNE: margin=-1.625000, optimistic_rem(widened)=1.250000 → cannot exceed 0.
[116.669s] PRUNE: margin=-1.625000, optimistic_rem(widened)=1.250000 → cannot exceed 0.
[116.858s] PRUNE: margin=-1.625000, optimistic_rem(widened)=1.250000 → cannot exceed 0.
[117.048s] PRUNE: margin=-1.625000, optimistic_rem(widened)=1.250000 → cannot exceed 0.
[117.237s] PRUNE: margin=-1.625000, optimistic_rem(widened)=1.250000 → cannot exceed 0.
[118.276s] PRUNE: margin=-1.500000, optimistic_rem(widened)=0.000000 → cannot exceed 0.
[118.843s] PRUNE: margin=-1.625000, optimistic_rem(widened)=0.000000 → cannot exceed 0.
[119.032s] PRUNE: margin=-1.625000, optimistic_rem(widened)=0.000000 → cannot exceed 0.
[119.410s] PRUNE: margin=-1.625000, optimistic_rem(widened)=0.000000 → cannot exceed 0.
[119.977s] PRUNE: margin=-2.093750, optimistic_rem(widened)=0.000000 → cannot exceed 0.
[120.166s] PRUNE: margin=-2.093750, optimistic_rem(widened)=0.000000 → cannot exceed 0.
[120.544s] PRUNE: margin=-1.625000, optimistic_rem(widened)=0.000000 → cannot exceed 0.
[120.733s] PRUNE: margin=-1.625000, optimistic_rem(widened)=0.000000 → cannot exceed 0.
[120.922s] PRUNE: margin=-1.625000, optimistic_rem(widened)=0.000000 → cannot exceed 0.
[121.205s] PRUNE: margin=-2.093750, optimistic_rem(widened)=1.812500 → cannot exceed 0.
[121.394s] PRUNE: margin=-2.093750, optimistic_rem(widened)=1.812500 → cannot exceed 0.
[121.583s] PRUNE: margin=-2.093750, optimistic_rem(widened)=1.812500 → cannot exceed 0.
[122.527s] PRUNE: margin=-1.500000, optimistic_rem(widened)=0.000000 → cannot exceed 0.
[122.716s] PRUNE: margin=-1.625000, optimistic_rem(widened)=0.000000 → cannot exceed 0.
[122.904s] PRUNE: margin=-1.625000, optimistic_rem(widened)=0.000000 → cannot exceed 0.
[123.280s] PRUNE: margin=-1.625000, optimistic_rem(widened)=0.000000 → cannot exceed 0.
[123.469s] PRUNE: margin=-1.625000, optimistic_rem(widened)=0.000000 → cannot exceed 0.
[123.657s] PRUNE: margin=-1.625000, optimistic_rem(widened)=0.000000 → cannot exceed 0.
[123.940s] PRUNE: margin=-2.093750, optimistic_rem(widened)=1.812500 → cannot exceed 0.
[124.128s] PRUNE: margin=-2.093750, optimistic_rem(widened)=1.812500 → cannot exceed 0.
[124.316s] PRUNE: margin=-2.093750, optimistic_rem(widened)=1.812500 → cannot exceed 0.
[124.786s] PRUNE: margin=-1.500000, optimistic_rem(widened)=0.000000 → cannot exceed 0.
[124.975s] PRUNE: margin=-1.500000, optimistic_rem(widened)=0.000000 → cannot exceed 0.
[125.164s] PRUNE: margin=-1.500000, optimistic_rem(widened)=0.000000 → cannot exceed 0.
[125.446s] PRUNE: margin=-1.625000, optimistic_rem(widened)=1.250000 → cannot exceed 0.
[125.634s] PRUNE: margin=-2.093750, optimistic_rem(widened)=1.812500 → cannot exceed 0.
[125.822s] PRUNE: margin=-2.093750, optimistic_rem(widened)=1.812500 → cannot exceed 0.
[126.198s] PRUNE: margin=-1.625000, optimistic_rem(widened)=1.250000 → cannot exceed 0.
[126.387s] PRUNE: margin=-1.625000, optimistic_rem(widened)=1.250000 → cannot exceed 0.
[126.575s] PRUNE: margin=-1.625000, optimistic_rem(widened)=1.250000 → cannot exceed 0.
[126.954s] PRUNE: margin=-1.625000, optimistic_rem(widened)=1.250000 → cannot exceed 0.
[127.142s] PRUNE: margin=-2.093750, optimistic_rem(widened)=1.812500 → cannot exceed 0.
[127.518s] PRUNE: margin=-1.625000, optimistic_rem(widened)=1.250000 → cannot exceed 0.
[128.272s] PRUNE: margin=-1.500000, optimistic_rem(widened)=0.968750 → cannot exceed 0.
[128.460s] PRUNE: margin=-1.500000, optimistic_rem(widened)=0.968750 → cannot exceed 0.
[128.648s] PRUNE: margin=-1.625000, optimistic_rem(widened)=1.000000 → cannot exceed 0.
[128.837s] PRUNE: margin=-1.625000, optimistic_rem(widened)=1.000000 → cannot exceed 0.
[129.025s] PRUNE: margin=-1.625000, optimistic_rem(widened)=1.000000 → cannot exceed 0.
[129.213s] PRUNE: margin=-1.625000, optimistic_rem(widened)=1.000000 → cannot exceed 0.
[129.402s] PRUNE: margin=-1.625000, optimistic_rem(widened)=1.156250 → cannot exceed 0.
[129.590s] PRUNE: margin=-1.625000, optimistic_rem(widened)=1.000000 → cannot exceed 0.
[129.778s] PRUNE: margin=-1.625000, optimistic_rem(widened)=1.000000 → cannot exceed 0.
[129.969s] PRUNE: margin=-1.625000, optimistic_rem(widened)=1.000000 → cannot exceed 0.
[130.158s] PRUNE: margin=-1.625000, optimistic_rem(widened)=1.000000 → cannot exceed 0.
[130.346s] PRUNE: margin=-1.625000, optimistic_rem(widened)=1.156250 → cannot exceed 0.
[130.816s] PRUNE: margin=-1.500000, optimistic_rem(widened)=0.000000 → cannot exceed 0.
[131.949s] PRUNE: margin=-2.093750, optimistic_rem(widened)=0.000000 → cannot exceed 0.
[132.890s] PRUNE: margin=-2.218750, optimistic_rem(widened)=0.000000 → cannot exceed 0.
[133.078s] PRUNE: margin=-2.218750, optimistic_rem(widened)=0.000000 → cannot exceed 0.
[133.267s] PRUNE: margin=-2.218750, optimistic_rem(widened)=0.000000 → cannot exceed 0.
[133.455s] PRUNE: margin=-2.218750, optimistic_rem(widened)=0.000000 → cannot exceed 0.
[134.208s] PRUNE: margin=-2.218750, optimistic_rem(widened)=1.875000 → cannot exceed 0.
[136.749s] PRUNE: margin=-2.343750, optimistic_rem(widened)=0.000000 → cannot exceed 0.
[136.938s] PRUNE: margin=-2.343750, optimistic_rem(widened)=0.000000 → cannot exceed 0.
[137.126s] PRUNE: margin=-2.343750, optimistic_rem(widened)=0.000000 → cannot exceed 0.
[137.314s] PRUNE: margin=-2.375000, optimistic_rem(widened)=0.000000 → cannot exceed 0.
[137.502s] PRUNE: margin=-2.375000, optimistic_rem(widened)=0.000000 → cannot exceed 0.
[139.291s] PRUNE: margin=-2.343750, optimistic_rem(widened)=0.000000 → cannot exceed 0.
[139.479s] PRUNE: margin=-2.343750, optimistic_rem(widened)=0.000000 → cannot exceed 0.
[139.667s] PRUNE: margin=-2.343750, optimistic_rem(widened)=0.000000 → cannot exceed 0.
[139.855s] PRUNE: margin=-2.375000, optimistic_rem(widened)=0.000000 → cannot exceed 0.
[140.044s] PRUNE: margin=-2.375000, optimistic_rem(widened)=0.000000 → cannot exceed 0.
[140.421s] PRUNE: margin=-2.218750, optimistic_rem(widened)=0.000000 → cannot exceed 0.
[141.173s] PRUNE: margin=-2.343750, optimistic_rem(widened)=0.000000 → cannot exceed 0.
[141.362s] PRUNE: margin=-2.343750, optimistic_rem(widened)=0.000000 → cannot exceed 0.
[141.550s] PRUNE: margin=-2.375000, optimistic_rem(widened)=0.000000 → cannot exceed 0.
[141.739s] PRUNE: margin=-2.375000, optimistic_rem(widened)=0.000000 → cannot exceed 0.
[142.117s] PRUNE: margin=-2.218750, optimistic_rem(widened)=0.000000 → cannot exceed 0.
[142.306s] PRUNE: margin=-2.375000, optimistic_rem(widened)=0.000000 → cannot exceed 0.
[142.495s] PRUNE: margin=-2.375000, optimistic_rem(widened)=0.000000 → cannot exceed 0.
[142.684s] PRUNE: margin=-2.375000, optimistic_rem(widened)=0.000000 → cannot exceed 0.
[142.873s] PRUNE: margin=-2.375000, optimistic_rem(widened)=0.000000 → cannot exceed 0.
[143.157s] PRUNE: margin=-2.343750, optimistic_rem(widened)=1.812500 → cannot exceed 0.
[143.346s] PRUNE: margin=-2.343750, optimistic_rem(widened)=1.812500 → cannot exceed 0.
[143.535s] PRUNE: margin=-2.343750, optimistic_rem(widened)=1.812500 → cannot exceed 0.
[143.724s] PRUNE: margin=-2.375000, optimistic_rem(widened)=1.828125 → cannot exceed 0.
[143.913s] PRUNE: margin=-2.375000, optimistic_rem(widened)=1.828125 → cannot exceed 0.
[144.291s] PRUNE: margin=-2.093750, optimistic_rem(widened)=1.812500 → cannot exceed 0.
[144.575s] PRUNE: margin=-2.218750, optimistic_rem(widened)=0.000000 → cannot exceed 0.
[146.747s] PRUNE: margin=-2.218750, optimistic_rem(widened)=0.000000 → cannot exceed 0.
[146.937s] PRUNE: margin=-2.218750, optimistic_rem(widened)=0.000000 → cannot exceed 0.
[147.126s] PRUNE: margin=-2.218750, optimistic_rem(widened)=0.000000 → cannot exceed 0.
[147.315s] PRUNE: margin=-2.218750, optimistic_rem(widened)=0.000000 → cannot exceed 0.
[147.694s] PRUNE: margin=-2.218750, optimistic_rem(widened)=0.000000 → cannot exceed 0.
[147.883s] PRUNE: margin=-2.218750, optimistic_rem(widened)=0.000000 → cannot exceed 0.
[149.111s] PRUNE: margin=-2.218750, optimistic_rem(widened)=0.000000 → cannot exceed 0.
[149.300s] PRUNE: margin=-2.218750, optimistic_rem(widened)=0.000000 → cannot exceed 0.
[149.489s] PRUNE: margin=-2.218750, optimistic_rem(widened)=0.000000 → cannot exceed 0.
[149.773s] PRUNE: margin=-2.218750, optimistic_rem(widened)=1.812500 → cannot exceed 0.
[149.962s] PRUNE: margin=-2.218750, optimistic_rem(widened)=1.875000 → cannot exceed 0.
[150.086s] PRUNE: margin=-2.218750, optimistic_rem(widened)=1.875000 → cannot exceed 0.
[150.490s] PRUNE: margin=-2.218750, optimistic_rem(widened)=0.000000 → cannot exceed 0.
[150.607s] PRUNE: margin=-2.218750, optimistic_rem(widened)=0.000000 → cannot exceed 0.
[150.840s] PRUNE: margin=-2.218750, optimistic_rem(widened)=0.000000 → cannot exceed 0.
[150.958s] PRUNE: margin=-2.218750, optimistic_rem(widened)=0.000000 → cannot exceed 0.
[151.150s] PRUNE: margin=-2.375000, optimistic_rem(widened)=1.890625 → cannot exceed 0.
[151.277s] PRUNE: margin=-2.375000, optimistic_rem(widened)=1.890625 → cannot exceed 0.
[151.534s] PRUNE: margin=-2.218750, optimistic_rem(widened)=1.875000 → cannot exceed 0.
[151.657s] PRUNE: margin=-2.343750, optimistic_rem(widened)=1.812500 → cannot exceed 0.
[151.781s] PRUNE: margin=-2.343750, optimistic_rem(widened)=1.812500 → cannot exceed 0.
[151.912s] PRUNE: margin=-2.375000, optimistic_rem(widened)=1.828125 → cannot exceed 0.
[152.039s] PRUNE: margin=-2.375000, optimistic_rem(widened)=1.828125 → cannot exceed 0.
[152.162s] PRUNE: margin=-2.375000, optimistic_rem(widened)=1.828125 → cannot exceed 0.
[152.287s] PRUNE: margin=-2.375000, optimistic_rem(widened)=1.828125 → cannot exceed 0.
[152.415s] PRUNE: margin=-2.375000, optimistic_rem(widened)=1.828125 → cannot exceed 0.
[152.540s] PRUNE: margin=-2.375000, optimistic_rem(widened)=1.828125 → cannot exceed 0.
[152.789s] PRUNE: margin=-2.218750, optimistic_rem(widened)=1.875000 → cannot exceed 0.
[152.921s] PRUNE: margin=-2.218750, optimistic_rem(widened)=1.875000 → cannot exceed 0.
[153.042s] PRUNE: margin=-2.375000, optimistic_rem(widened)=1.828125 → cannot exceed 0.
[153.161s] PRUNE: margin=-2.375000, optimistic_rem(widened)=1.828125 → cannot exceed 0.
[153.291s] PRUNE: margin=-2.375000, optimistic_rem(widened)=1.890625 → cannot exceed 0.
[153.421s] PRUNE: margin=-2.375000, optimistic_rem(widened)=1.828125 → cannot exceed 0.
[153.546s] PRUNE: margin=-2.375000, optimistic_rem(widened)=1.828125 → cannot exceed 0.
[153.672s] PRUNE: margin=-2.375000, optimistic_rem(widened)=1.890625 → cannot exceed 0.
[154.809s] PRUNE: margin=-2.375000, optimistic_rem(widened)=0.000000 → cannot exceed 0.
[154.945s] PRUNE: margin=-2.375000, optimistic_rem(widened)=0.000000 → cannot exceed 0.
[155.068s] PRUNE: margin=-2.375000, optimistic_rem(widened)=0.000000 → cannot exceed 0.
[155.193s] PRUNE: margin=-2.375000, optimistic_rem(widened)=0.000000 → cannot exceed 0.
[155.773s] PRUNE: margin=-2.375000, optimistic_rem(widened)=0.000000 → cannot exceed 0.
[155.890s] PRUNE: margin=-2.375000, optimistic_rem(widened)=0.000000 → cannot exceed 0.
[156.004s] PRUNE: margin=-2.375000, optimistic_rem(widened)=0.000000 → cannot exceed 0.
[156.125s] PRUNE: margin=-2.375000, optimistic_rem(widened)=0.000000 → cannot exceed 0.
[156.383s] PRUNE: margin=-2.343750, optimistic_rem(widened)=0.000000 → cannot exceed 0.
[156.509s] PRUNE: margin=-2.375000, optimistic_rem(widened)=0.000000 → cannot exceed 0.
[156.639s] PRUNE: margin=-2.375000, optimistic_rem(widened)=0.000000 → cannot exceed 0.
[156.768s] PRUNE: margin=-2.375000, optimistic_rem(widened)=0.000000 → cannot exceed 0.
[156.960s] PRUNE: margin=-2.375000, optimistic_rem(widened)=1.750000 → cannot exceed 0.
[157.078s] PRUNE: margin=-2.375000, optimistic_rem(widened)=1.750000 → cannot exceed 0.
[157.194s] PRUNE: margin=-2.375000, optimistic_rem(widened)=1.750000 → cannot exceed 0.
[157.317s] PRUNE: margin=-2.375000, optimistic_rem(widened)=1.750000 → cannot exceed 0.
[158.011s] PRUNE: margin=-2.375000, optimistic_rem(widened)=0.000000 → cannot exceed 0.
[158.146s] PRUNE: margin=-2.375000, optimistic_rem(widened)=0.000000 → cannot exceed 0.
[158.311s] PRUNE: margin=-2.375000, optimistic_rem(widened)=0.000000 → cannot exceed 0.
[158.473s] PRUNE: margin=-2.375000, optimistic_rem(widened)=0.000000 → cannot exceed 0.
[158.772s] PRUNE: margin=-2.343750, optimistic_rem(widened)=0.000000 → cannot exceed 0.
[158.910s] PRUNE: margin=-2.375000, optimistic_rem(widened)=0.000000 → cannot exceed 0.
[159.037s] PRUNE: margin=-2.375000, optimistic_rem(widened)=0.000000 → cannot exceed 0.
[159.205s] PRUNE: margin=-2.375000, optimistic_rem(widened)=0.000000 → cannot exceed 0.
[159.472s] PRUNE: margin=-2.375000, optimistic_rem(widened)=1.750000 → cannot exceed 0.
[159.626s] PRUNE: margin=-2.375000, optimistic_rem(widened)=1.750000 → cannot exceed 0.
[159.782s] PRUNE: margin=-2.375000, optimistic_rem(widened)=1.750000 → cannot exceed 0.
[159.934s] PRUNE: margin=-2.375000, optimistic_rem(widened)=1.750000 → cannot exceed 0.
[160.265s] PRUNE: margin=-2.343750, optimistic_rem(widened)=0.000000 → cannot exceed 0.
[160.405s] PRUNE: margin=-2.343750, optimistic_rem(widened)=0.000000 → cannot exceed 0.
[160.530s] PRUNE: margin=-2.375000, optimistic_rem(widened)=0.000000 → cannot exceed 0.
[160.669s] PRUNE: margin=-2.375000, optimistic_rem(widened)=0.000000 → cannot exceed 0.
[160.895s] PRUNE: margin=-2.375000, optimistic_rem(widened)=1.750000 → cannot exceed 0.
[161.022s] PRUNE: margin=-2.375000, optimistic_rem(widened)=1.750000 → cannot exceed 0.
[161.144s] PRUNE: margin=-2.375000, optimistic_rem(widened)=1.750000 → cannot exceed 0.
[161.262s] PRUNE: margin=-2.375000, optimistic_rem(widened)=1.765625 → cannot exceed 0.
[161.499s] PRUNE: margin=-2.343750, optimistic_rem(widened)=1.812500 → cannot exceed 0.
[161.617s] PRUNE: margin=-2.375000, optimistic_rem(widened)=1.750000 → cannot exceed 0.
[161.736s] PRUNE: margin=-2.375000, optimistic_rem(widened)=1.750000 → cannot exceed 0.
[161.856s] PRUNE: margin=-2.375000, optimistic_rem(widened)=1.765625 → cannot exceed 0.
[162.105s] PRUNE: margin=-2.375000, optimistic_rem(widened)=1.750000 → cannot exceed 0.
[162.242s] PRUNE: margin=-2.375000, optimistic_rem(widened)=1.750000 → cannot exceed 0.
[162.387s] PRUNE: margin=-2.375000, optimistic_rem(widened)=1.750000 → cannot exceed 0.
[162.640s] PRUNE: margin=-2.375000, optimistic_rem(widened)=1.750000 → cannot exceed 0.
[162.765s] PRUNE: margin=-2.375000, optimistic_rem(widened)=1.750000 → cannot exceed 0.
[163.029s] PRUNE: margin=-2.375000, optimistic_rem(widened)=1.750000 → cannot exceed 0.
[163.595s] PRUNE: margin=-1.625000, optimistic_rem(widened)=1.000000 → cannot exceed 0.
[163.749s] PRUNE: margin=-2.218750, optimistic_rem(widened)=1.875000 → cannot exceed 0.
[163.896s] PRUNE: margin=-2.218750, optimistic_rem(widened)=1.875000 → cannot exceed 0.
[164.034s] PRUNE: margin=-2.218750, optimistic_rem(widened)=1.875000 → cannot exceed 0.
[164.187s] PRUNE: margin=-2.250000, optimistic_rem(widened)=1.875000 → cannot exceed 0.
[164.316s] PRUNE: margin=-2.375000, optimistic_rem(widened)=1.812500 → cannot exceed 0.
[164.455s] PRUNE: margin=-2.375000, optimistic_rem(widened)=1.812500 → cannot exceed 0.
[164.635s] PRUNE: margin=-2.375000, optimistic_rem(widened)=1.812500 → cannot exceed 0.
[164.824s] PRUNE: margin=-2.375000, optimistic_rem(widened)=1.812500 → cannot exceed 0.
[165.005s] PRUNE: margin=-2.375000, optimistic_rem(widened)=1.812500 → cannot exceed 0.
[165.133s] PRUNE: margin=-2.375000, optimistic_rem(widened)=1.812500 → cannot exceed 0.
[165.456s] PRUNE: margin=-1.625000, optimistic_rem(widened)=0.000000 → cannot exceed 0.
[165.582s] PRUNE: margin=-1.781250, optimistic_rem(widened)=0.000000 → cannot exceed 0.
[165.714s] PRUNE: margin=-1.781250, optimistic_rem(widened)=0.000000 → cannot exceed 0.
[165.842s] PRUNE: margin=-1.781250, optimistic_rem(widened)=0.000000 → cannot exceed 0.
[165.987s] PRUNE: margin=-1.781250, optimistic_rem(widened)=0.000000 → cannot exceed 0.
[167.262s] PRUNE: margin=-2.250000, optimistic_rem(widened)=1.875000 → cannot exceed 0.
[167.450s] PRUNE: margin=-2.375000, optimistic_rem(widened)=1.812500 → cannot exceed 0.
[167.638s] PRUNE: margin=-2.375000, optimistic_rem(widened)=1.812500 → cannot exceed 0.
[167.827s] PRUNE: margin=-2.375000, optimistic_rem(widened)=1.812500 → cannot exceed 0.
[168.015s] PRUNE: margin=-2.375000, optimistic_rem(widened)=2.000000 → cannot exceed 0.
[170.602s] PRUNE: margin=-2.375000, optimistic_rem(widened)=1.750000 → cannot exceed 0.
[170.790s] PRUNE: margin=-2.375000, optimistic_rem(widened)=1.750000 → cannot exceed 0.
[170.979s] PRUNE: margin=-2.375000, optimistic_rem(widened)=1.750000 → cannot exceed 0.
[171.163s] PRUNE: margin=-2.375000, optimistic_rem(widened)=1.781250 → cannot exceed 0.
[171.316s] PRUNE: margin=-2.375000, optimistic_rem(widened)=1.750000 → cannot exceed 0.
[171.487s] PRUNE: margin=-2.375000, optimistic_rem(widened)=1.750000 → cannot exceed 0.
[171.630s] PRUNE: margin=-2.375000, optimistic_rem(widened)=1.750000 → cannot exceed 0.
[171.758s] PRUNE: margin=-2.375000, optimistic_rem(widened)=1.750000 → cannot exceed 0.
[171.891s] PRUNE: margin=-2.375000, optimistic_rem(widened)=1.781250 → cannot exceed 0.
[172.133s] PRUNE: margin=-2.375000, optimistic_rem(widened)=1.750000 → cannot exceed 0.
[172.251s] PRUNE: margin=-2.375000, optimistic_rem(widened)=1.750000 → cannot exceed 0.
[172.365s] PRUNE: margin=-2.375000, optimistic_rem(widened)=1.781250 → cannot exceed 0.
[172.479s] PRUNE: margin=-2.375000, optimistic_rem(widened)=1.750000 → cannot exceed 0.
[172.634s] PRUNE: margin=-2.375000, optimistic_rem(widened)=1.750000 → cannot exceed 0.
[172.786s] PRUNE: margin=-2.375000, optimistic_rem(widened)=1.750000 → cannot exceed 0.
[172.937s] PRUNE: margin=-2.375000, optimistic_rem(widened)=1.750000 → cannot exceed 0.
[173.090s] PRUNE: margin=-2.375000, optimistic_rem(widened)=1.781250 → cannot exceed 0.
[173.426s] PRUNE: margin=-2.375000, optimistic_rem(widened)=1.828125 → cannot exceed 0.
[173.614s] PRUNE: margin=-2.375000, optimistic_rem(widened)=1.812500 → cannot exceed 0.
[173.803s] PRUNE: margin=-2.375000, optimistic_rem(widened)=1.750000 → cannot exceed 0.
[173.991s] PRUNE: margin=-2.375000, optimistic_rem(widened)=1.750000 → cannot exceed 0.
[174.180s] PRUNE: margin=-2.375000, optimistic_rem(widened)=1.750000 → cannot exceed 0.
[174.299s] PRUNE: margin=-2.375000, optimistic_rem(widened)=1.750000 → cannot exceed 0.
[174.417s] PRUNE: margin=-2.375000, optimistic_rem(widened)=1.750000 → cannot exceed 0.
[174.651s] PRUNE: margin=-2.375000, optimistic_rem(widened)=1.828125 → cannot exceed 0.
[174.769s] PRUNE: margin=-2.375000, optimistic_rem(widened)=1.812500 → cannot exceed 0.
[174.897s] PRUNE: margin=-2.375000, optimistic_rem(widened)=1.750000 → cannot exceed 0.
[175.024s] PRUNE: margin=-2.375000, optimistic_rem(widened)=1.750000 → cannot exceed 0.
[175.163s] PRUNE: margin=-2.375000, optimistic_rem(widened)=1.750000 → cannot exceed 0.
[175.316s] PRUNE: margin=-2.375000, optimistic_rem(widened)=1.781250 → cannot exceed 0.
[175.610s] PRUNE: margin=-2.375000, optimistic_rem(widened)=1.828125 → cannot exceed 0.
[175.759s] PRUNE: margin=-2.375000, optimistic_rem(widened)=1.812500 → cannot exceed 0.
[175.927s] PRUNE: margin=-2.375000, optimistic_rem(widened)=1.812500 → cannot exceed 0.
[176.046s] PRUNE: margin=-2.375000, optimistic_rem(widened)=1.781250 → cannot exceed 0.
[176.163s] PRUNE: margin=-2.375000, optimistic_rem(widened)=1.781250 → cannot exceed 0.
[180.682s] PRUNE: margin=-2.375000, optimistic_rem(widened)=2.000000 → cannot exceed 0.
[180.812s] PRUNE: margin=-2.375000, optimistic_rem(widened)=2.000000 → cannot exceed 0.
[181.566s] PRUNE: margin=-2.375000, optimistic_rem(widened)=0.000000 → cannot exceed 0.
[182.530s] PRUNE: margin=-2.375000, optimistic_rem(widened)=0.000000 → cannot exceed 0.
[182.718s] PRUNE: margin=-2.375000, optimistic_rem(widened)=0.000000 → cannot exceed 0.
[182.906s] PRUNE: margin=-2.375000, optimistic_rem(widened)=0.000000 → cannot exceed 0.
[183.943s] PRUNE: margin=-2.375000, optimistic_rem(widened)=0.000000 → cannot exceed 0.
[184.603s] PRUNE: margin=-2.375000, optimistic_rem(widened)=0.000000 → cannot exceed 0.
[184.792s] PRUNE: margin=-2.375000, optimistic_rem(widened)=0.000000 → cannot exceed 0.
[184.980s] PRUNE: margin=-2.375000, optimistic_rem(widened)=0.000000 → cannot exceed 0.
[185.922s] PRUNE: margin=-2.375000, optimistic_rem(widened)=0.000000 → cannot exceed 0.
[186.111s] PRUNE: margin=-2.375000, optimistic_rem(widened)=0.000000 → cannot exceed 0.
[186.300s] PRUNE: margin=-2.375000, optimistic_rem(widened)=0.000000 → cannot exceed 0.
[186.488s] PRUNE: margin=-2.375000, optimistic_rem(widened)=0.000000 → cannot exceed 0.
[186.865s] PRUNE: margin=-2.375000, optimistic_rem(widened)=0.000000 → cannot exceed 0.
[187.053s] PRUNE: margin=-2.375000, optimistic_rem(widened)=0.000000 → cannot exceed 0.
[187.242s] PRUNE: margin=-2.375000, optimistic_rem(widened)=0.000000 → cannot exceed 0.
[187.431s] PRUNE: margin=-2.375000, optimistic_rem(widened)=0.000000 → cannot exceed 0.
[187.713s] PRUNE: margin=-2.375000, optimistic_rem(widened)=1.578125 → cannot exceed 0.
[187.902s] PRUNE: margin=-2.375000, optimistic_rem(widened)=1.578125 → cannot exceed 0.
[188.090s] PRUNE: margin=-2.375000, optimistic_rem(widened)=1.578125 → cannot exceed 0.
[188.279s] PRUNE: margin=-2.375000, optimistic_rem(widened)=1.656250 → cannot exceed 0.
[188.656s] PRUNE: margin=-2.375000, optimistic_rem(widened)=2.000000 → cannot exceed 0.
[188.844s] PRUNE: margin=-2.375000, optimistic_rem(widened)=1.578125 → cannot exceed 0.
[189.033s] PRUNE: margin=-2.375000, optimistic_rem(widened)=1.578125 → cannot exceed 0.
[189.221s] PRUNE: margin=-2.375000, optimistic_rem(widened)=1.578125 → cannot exceed 0.
[189.410s] PRUNE: margin=-2.375000, optimistic_rem(widened)=1.578125 → cannot exceed 0.
[189.598s] PRUNE: margin=-2.375000, optimistic_rem(widened)=1.578125 → cannot exceed 0.
[189.787s] PRUNE: margin=-2.375000, optimistic_rem(widened)=1.578125 → cannot exceed 0.
[189.976s] PRUNE: margin=-2.375000, optimistic_rem(widened)=1.578125 → cannot exceed 0.
[190.164s] PRUNE: margin=-2.375000, optimistic_rem(widened)=1.578125 → cannot exceed 0.
[190.541s] PRUNE: margin=-2.375000, optimistic_rem(widened)=1.578125 → cannot exceed 0.
[190.730s] PRUNE: margin=-2.375000, optimistic_rem(widened)=1.578125 → cannot exceed 0.
[190.918s] PRUNE: margin=-2.656250, optimistic_rem(widened)=1.875000 → cannot exceed 0.
[191.107s] PRUNE: margin=-2.656250, optimistic_rem(widened)=1.875000 → cannot exceed 0.
[191.295s] PRUNE: margin=-2.656250, optimistic_rem(widened)=2.000000 → cannot exceed 0.
[191.484s] PRUNE: margin=-2.656250, optimistic_rem(widened)=1.875000 → cannot exceed 0.
[191.673s] PRUNE: margin=-2.656250, optimistic_rem(widened)=1.875000 → cannot exceed 0.
[191.861s] PRUNE: margin=-2.656250, optimistic_rem(widened)=2.000000 → cannot exceed 0.
[192.332s] PRUNE: margin=-2.625000, optimistic_rem(widened)=2.500000 → cannot exceed 0.
[192.521s] PRUNE: margin=-2.625000, optimistic_rem(widened)=2.625000 → cannot exceed 0.
[192.709s] PRUNE: margin=-2.625000, optimistic_rem(widened)=0.000000 → cannot exceed 0.
[192.898s] PRUNE: margin=-2.625000, optimistic_rem(widened)=0.000000 → cannot exceed 0.
[193.086s] PRUNE: margin=-2.625000, optimistic_rem(widened)=0.000000 → cannot exceed 0.
[193.275s] PRUNE: margin=-2.625000, optimistic_rem(widened)=0.000000 → cannot exceed 0.
[193.652s] PRUNE: margin=-2.625000, optimistic_rem(widened)=2.625000 → cannot exceed 0.
[193.840s] PRUNE: margin=-2.625000, optimistic_rem(widened)=0.000000 → cannot exceed 0.
[194.028s] PRUNE: margin=-2.625000, optimistic_rem(widened)=0.000000 → cannot exceed 0.
[194.217s] PRUNE: margin=-2.625000, optimistic_rem(widened)=0.000000 → cannot exceed 0.
[194.403s] PRUNE: margin=-2.625000, optimistic_rem(widened)=0.000000 → cannot exceed 0.
[194.700s] PRUNE: margin=-2.625000, optimistic_rem(widened)=0.000000 → cannot exceed 0.
[194.864s] PRUNE: margin=-2.625000, optimistic_rem(widened)=0.000000 → cannot exceed 0.
[195.014s] PRUNE: margin=-2.625000, optimistic_rem(widened)=0.000000 → cannot exceed 0.
[195.170s] PRUNE: margin=-2.625000, optimistic_rem(widened)=0.000000 → cannot exceed 0.
[195.396s] PRUNE: margin=-2.625000, optimistic_rem(widened)=1.875000 → cannot exceed 0.
[195.526s] PRUNE: margin=-2.625000, optimistic_rem(widened)=1.875000 → cannot exceed 0.
[195.679s] PRUNE: margin=-2.625000, optimistic_rem(widened)=1.875000 → cannot exceed 0.
[195.830s] PRUNE: margin=-2.625000, optimistic_rem(widened)=1.875000 → cannot exceed 0.
[196.260s] PRUNE: margin=-2.625000, optimistic_rem(widened)=2.625000 → cannot exceed 0.
[196.448s] PRUNE: margin=-2.625000, optimistic_rem(widened)=0.000000 → cannot exceed 0.
[196.637s] PRUNE: margin=-2.625000, optimistic_rem(widened)=0.000000 → cannot exceed 0.
[196.826s] PRUNE: margin=-2.625000, optimistic_rem(widened)=0.000000 → cannot exceed 0.
[197.014s] PRUNE: margin=-2.625000, optimistic_rem(widened)=0.000000 → cannot exceed 0.
[197.391s] PRUNE: margin=-2.625000, optimistic_rem(widened)=0.000000 → cannot exceed 0.
[197.580s] PRUNE: margin=-2.625000, optimistic_rem(widened)=0.000000 → cannot exceed 0.
[197.769s] PRUNE: margin=-2.625000, optimistic_rem(widened)=0.000000 → cannot exceed 0.
[197.958s] PRUNE: margin=-2.625000, optimistic_rem(widened)=0.000000 → cannot exceed 0.
[198.241s] PRUNE: margin=-2.625000, optimistic_rem(widened)=1.875000 → cannot exceed 0.
[198.430s] PRUNE: margin=-2.625000, optimistic_rem(widened)=1.875000 → cannot exceed 0.
[198.619s] PRUNE: margin=-2.625000, optimistic_rem(widened)=1.875000 → cannot exceed 0.
[198.807s] PRUNE: margin=-2.625000, optimistic_rem(widened)=1.875000 → cannot exceed 0.
[199.279s] PRUNE: margin=-2.656250, optimistic_rem(widened)=0.000000 → cannot exceed 0.
[199.468s] PRUNE: margin=-2.625000, optimistic_rem(widened)=0.000000 → cannot exceed 0.
[199.657s] PRUNE: margin=-2.625000, optimistic_rem(widened)=0.000000 → cannot exceed 0.
[199.845s] PRUNE: margin=-2.625000, optimistic_rem(widened)=0.000000 → cannot exceed 0.
[200.129s] PRUNE: margin=-2.625000, optimistic_rem(widened)=1.875000 → cannot exceed 0.
[200.317s] PRUNE: margin=-2.625000, optimistic_rem(widened)=1.875000 → cannot exceed 0.
[200.506s] PRUNE: margin=-2.625000, optimistic_rem(widened)=1.875000 → cannot exceed 0.
[200.695s] PRUNE: margin=-2.625000, optimistic_rem(widened)=1.875000 → cannot exceed 0.
[201.072s] PRUNE: margin=-2.625000, optimistic_rem(widened)=1.875000 → cannot exceed 0.
[201.261s] PRUNE: margin=-2.625000, optimistic_rem(widened)=1.875000 → cannot exceed 0.
[201.450s] PRUNE: margin=-2.625000, optimistic_rem(widened)=1.875000 → cannot exceed 0.
[201.638s] PRUNE: margin=-2.625000, optimistic_rem(widened)=1.875000 → cannot exceed 0.
[202.016s] PRUNE: margin=-2.625000, optimistic_rem(widened)=1.875000 → cannot exceed 0.
[202.205s] PRUNE: margin=-2.625000, optimistic_rem(widened)=1.875000 → cannot exceed 0.
[202.394s] PRUNE: margin=-2.625000, optimistic_rem(widened)=1.875000 → cannot exceed 0.
[202.771s] PRUNE: margin=-2.625000, optimistic_rem(widened)=1.875000 → cannot exceed 0.
[202.960s] PRUNE: margin=-2.625000, optimistic_rem(widened)=1.875000 → cannot exceed 0.
[203.337s] PRUNE: margin=-2.625000, optimistic_rem(widened)=1.875000 → cannot exceed 0.
[204.092s] PRUNE: margin=-2.375000, optimistic_rem(widened)=2.000000 → cannot exceed 0.
[204.375s] PRUNE: margin=-2.375000, optimistic_rem(widened)=2.343750 → cannot exceed 0.
[204.564s] PRUNE: margin=-2.375000, optimistic_rem(widened)=2.343750 → cannot exceed 0.
[204.752s] PRUNE: margin=-2.375000, optimistic_rem(widened)=0.000000 → cannot exceed 0.
[204.941s] PRUNE: margin=-2.375000, optimistic_rem(widened)=0.000000 → cannot exceed 0.
[205.130s] PRUNE: margin=-2.375000, optimistic_rem(widened)=0.000000 → cannot exceed 0.
[205.318s] PRUNE: margin=-2.375000, optimistic_rem(widened)=0.000000 → cannot exceed 0.
[205.507s] PRUNE: margin=-2.375000, optimistic_rem(widened)=0.000000 → cannot exceed 0.
[205.884s] PRUNE: margin=-2.375000, optimistic_rem(widened)=2.343750 → cannot exceed 0.
[206.073s] PRUNE: margin=-2.375000, optimistic_rem(widened)=0.000000 → cannot exceed 0.
[206.262s] PRUNE: margin=-2.375000, optimistic_rem(widened)=0.000000 → cannot exceed 0.
[206.451s] PRUNE: margin=-2.375000, optimistic_rem(widened)=0.000000 → cannot exceed 0.
[206.639s] PRUNE: margin=-2.375000, optimistic_rem(widened)=0.000000 → cannot exceed 0.
[206.828s] PRUNE: margin=-2.375000, optimistic_rem(widened)=0.000000 → cannot exceed 0.
[207.206s] PRUNE: margin=-2.375000, optimistic_rem(widened)=0.000000 → cannot exceed 0.
[207.394s] PRUNE: margin=-2.375000, optimistic_rem(widened)=0.000000 → cannot exceed 0.
[207.583s] PRUNE: margin=-2.375000, optimistic_rem(widened)=0.000000 → cannot exceed 0.
[207.772s] PRUNE: margin=-2.375000, optimistic_rem(widened)=0.000000 → cannot exceed 0.
[207.961s] PRUNE: margin=-2.375000, optimistic_rem(widened)=0.000000 → cannot exceed 0.
[208.243s] PRUNE: margin=-2.375000, optimistic_rem(widened)=1.578125 → cannot exceed 0.
[208.432s] PRUNE: margin=-2.375000, optimistic_rem(widened)=1.578125 → cannot exceed 0.
[208.621s] PRUNE: margin=-2.375000, optimistic_rem(widened)=1.578125 → cannot exceed 0.
[208.809s] PRUNE: margin=-2.375000, optimistic_rem(widened)=1.578125 → cannot exceed 0.
[208.998s] PRUNE: margin=-2.375000, optimistic_rem(widened)=1.656250 → cannot exceed 0.
[209.375s] PRUNE: margin=-2.375000, optimistic_rem(widened)=2.000000 → cannot exceed 0.
[209.565s] PRUNE: margin=-2.375000, optimistic_rem(widened)=1.578125 → cannot exceed 0.
[209.753s] PRUNE: margin=-2.375000, optimistic_rem(widened)=1.578125 → cannot exceed 0.
[209.942s] PRUNE: margin=-2.375000, optimistic_rem(widened)=1.578125 → cannot exceed 0.
[210.131s] PRUNE: margin=-2.375000, optimistic_rem(widened)=1.578125 → cannot exceed 0.
[210.320s] PRUNE: margin=-2.375000, optimistic_rem(widened)=1.578125 → cannot exceed 0.
[210.508s] PRUNE: margin=-2.375000, optimistic_rem(widened)=1.578125 → cannot exceed 0.
[210.697s] PRUNE: margin=-2.375000, optimistic_rem(widened)=1.578125 → cannot exceed 0.
[211.075s] PRUNE: margin=-2.375000, optimistic_rem(widened)=2.000000 → cannot exceed 0.
[211.263s] PRUNE: margin=-2.375000, optimistic_rem(widened)=1.578125 → cannot exceed 0.
[211.452s] PRUNE: margin=-2.375000, optimistic_rem(widened)=1.578125 → cannot exceed 0.
[211.641s] PRUNE: margin=-2.375000, optimistic_rem(widened)=1.578125 → cannot exceed 0.
[211.830s] PRUNE: margin=-2.375000, optimistic_rem(widened)=1.578125 → cannot exceed 0.
[212.019s] PRUNE: margin=-2.375000, optimistic_rem(widened)=1.578125 → cannot exceed 0.
[212.208s] PRUNE: margin=-2.375000, optimistic_rem(widened)=1.578125 → cannot exceed 0.
[212.587s] PRUNE: margin=-2.375000, optimistic_rem(widened)=1.750000 → cannot exceed 0.
[212.776s] PRUNE: margin=-2.375000, optimistic_rem(widened)=1.750000 → cannot exceed 0.
[212.965s] PRUNE: margin=-2.375000, optimistic_rem(widened)=1.750000 → cannot exceed 0.
[213.153s] PRUNE: margin=-2.375000, optimistic_rem(widened)=1.750000 → cannot exceed 0.
[213.342s] PRUNE: margin=-2.375000, optimistic_rem(widened)=1.750000 → cannot exceed 0.
[213.531s] PRUNE: margin=-2.375000, optimistic_rem(widened)=1.750000 → cannot exceed 0.
[214.002s] PRUNE: margin=-2.375000, optimistic_rem(widened)=2.343750 → cannot exceed 0.
[214.191s] PRUNE: margin=-2.375000, optimistic_rem(widened)=0.000000 → cannot exceed 0.
[214.380s] PRUNE: margin=-2.375000, optimistic_rem(widened)=0.000000 → cannot exceed 0.
[214.569s] PRUNE: margin=-2.375000, optimistic_rem(widened)=0.000000 → cannot exceed 0.
[214.852s] PRUNE: margin=-2.375000, optimistic_rem(widened)=1.578125 → cannot exceed 0.
[215.135s] PRUNE: margin=-2.375000, optimistic_rem(widened)=0.000000 → cannot exceed 0.
[215.323s] PRUNE: margin=-2.375000, optimistic_rem(widened)=0.000000 → cannot exceed 0.
[215.606s] PRUNE: margin=-2.625000, optimistic_rem(widened)=2.000000 → cannot exceed 0.
[215.795s] PRUNE: margin=-2.625000, optimistic_rem(widened)=2.000000 → cannot exceed 0.
[216.267s] PRUNE: margin=-2.375000, optimistic_rem(widened)=0.000000 → cannot exceed 0.
[216.455s] PRUNE: margin=-2.375000, optimistic_rem(widened)=0.000000 → cannot exceed 0.
[216.644s] PRUNE: margin=-2.375000, optimistic_rem(widened)=0.000000 → cannot exceed 0.
[216.927s] PRUNE: margin=-2.375000, optimistic_rem(widened)=1.578125 → cannot exceed 0.
[217.116s] PRUNE: margin=-2.625000, optimistic_rem(widened)=2.000000 → cannot exceed 0.
[217.305s] PRUNE: margin=-2.625000, optimistic_rem(widened)=2.000000 → cannot exceed 0.
[217.682s] PRUNE: margin=-2.375000, optimistic_rem(widened)=1.578125 → cannot exceed 0.
[217.871s] PRUNE: margin=-2.375000, optimistic_rem(widened)=1.578125 → cannot exceed 0.
[218.060s] PRUNE: margin=-2.375000, optimistic_rem(widened)=1.578125 → cannot exceed 0.
[218.437s] PRUNE: margin=-2.375000, optimistic_rem(widened)=1.578125 → cannot exceed 0.
[218.626s] PRUNE: margin=-2.625000, optimistic_rem(widened)=2.000000 → cannot exceed 0.
[219.003s] PRUNE: margin=-2.375000, optimistic_rem(widened)=1.578125 → cannot exceed 0.
[219.758s] PRUNE: margin=-2.375000, optimistic_rem(widened)=1.578125 → cannot exceed 0.
[219.947s] PRUNE: margin=-2.375000, optimistic_rem(widened)=1.578125 → cannot exceed 0.
[220.136s] PRUNE: margin=-2.375000, optimistic_rem(widened)=1.578125 → cannot exceed 0.
[220.325s] PRUNE: margin=-2.375000, optimistic_rem(widened)=1.578125 → cannot exceed 0.
[220.513s] PRUNE: margin=-2.375000, optimistic_rem(widened)=1.578125 → cannot exceed 0.
[220.702s] PRUNE: margin=-2.375000, optimistic_rem(widened)=1.578125 → cannot exceed 0.
[220.891s] PRUNE: margin=-2.375000, optimistic_rem(widened)=1.578125 → cannot exceed 0.
[221.080s] PRUNE: margin=-2.375000, optimistic_rem(widened)=1.578125 → cannot exceed 0.
[221.457s] PRUNE: margin=-2.375000, optimistic_rem(widened)=1.578125 → cannot exceed 0.
[221.646s] PRUNE: margin=-2.375000, optimistic_rem(widened)=1.578125 → cannot exceed 0.
[221.835s] PRUNE: margin=-2.375000, optimistic_rem(widened)=1.578125 → cannot exceed 0.
[224.475s] PRUNE: margin=-2.375000, optimistic_rem(widened)=1.578125 → cannot exceed 0.
[224.664s] PRUNE: margin=-2.375000, optimistic_rem(widened)=1.578125 → cannot exceed 0.
[224.852s] PRUNE: margin=-2.375000, optimistic_rem(widened)=1.578125 → cannot exceed 0.
[226.456s] PRUNE: margin=-2.656250, optimistic_rem(widened)=2.000000 → cannot exceed 0.
[226.644s] PRUNE: margin=-2.656250, optimistic_rem(widened)=2.000000 → cannot exceed 0.
[226.833s] PRUNE: margin=-2.656250, optimistic_rem(widened)=2.000000 → cannot exceed 0.
[227.022s] PRUNE: margin=-2.656250, optimistic_rem(widened)=2.000000 → cannot exceed 0.
[227.211s] PRUNE: margin=-2.656250, optimistic_rem(widened)=2.000000 → cannot exceed 0.
[227.588s] PRUNE: margin=-2.656250, optimistic_rem(widened)=2.000000 → cannot exceed 0.
[227.777s] PRUNE: margin=-2.656250, optimistic_rem(widened)=2.000000 → cannot exceed 0.
[227.966s] PRUNE: margin=-2.656250, optimistic_rem(widened)=2.000000 → cannot exceed 0.
[228.154s] PRUNE: margin=-2.656250, optimistic_rem(widened)=2.000000 → cannot exceed 0.
[228.532s] PRUNE: margin=-2.375000, optimistic_rem(widened)=1.578125 → cannot exceed 0.
[228.720s] PRUNE: margin=-2.656250, optimistic_rem(widened)=2.000000 → cannot exceed 0.
[228.909s] PRUNE: margin=-2.656250, optimistic_rem(widened)=2.000000 → cannot exceed 0.
[230.796s] PRUNE: margin=-2.625000, optimistic_rem(widened)=1.875000 → cannot exceed 0.
[230.985s] PRUNE: margin=-2.625000, optimistic_rem(widened)=1.875000 → cannot exceed 0.
[231.174s] PRUNE: margin=-2.625000, optimistic_rem(widened)=1.875000 → cannot exceed 0.
[231.363s] PRUNE: margin=-2.625000, optimistic_rem(widened)=1.875000 → cannot exceed 0.
[231.552s] PRUNE: margin=-2.625000, optimistic_rem(widened)=1.875000 → cannot exceed 0.
[231.740s] PRUNE: margin=-2.625000, optimistic_rem(widened)=1.875000 → cannot exceed 0.
[231.929s] PRUNE: margin=-2.625000, optimistic_rem(widened)=1.875000 → cannot exceed 0.
[232.401s] PRUNE: margin=-2.625000, optimistic_rem(widened)=2.500000 → cannot exceed 0.
[232.590s] PRUNE: margin=-2.625000, optimistic_rem(widened)=0.000000 → cannot exceed 0.
[232.779s] PRUNE: margin=-2.656250, optimistic_rem(widened)=0.000000 → cannot exceed 0.
[232.967s] PRUNE: margin=-2.656250, optimistic_rem(widened)=0.000000 → cannot exceed 0.
[233.156s] PRUNE: margin=-2.656250, optimistic_rem(widened)=0.000000 → cannot exceed 0.
[233.533s] PRUNE: margin=-2.625000, optimistic_rem(widened)=0.000000 → cannot exceed 0.
[233.722s] PRUNE: margin=-2.625000, optimistic_rem(widened)=0.000000 → cannot exceed 0.
[233.910s] PRUNE: margin=-2.656250, optimistic_rem(widened)=0.000000 → cannot exceed 0.
[234.099s] PRUNE: margin=-2.656250, optimistic_rem(widened)=0.000000 → cannot exceed 0.
[234.476s] PRUNE: margin=-2.656250, optimistic_rem(widened)=0.000000 → cannot exceed 0.
[234.664s] PRUNE: margin=-2.656250, optimistic_rem(widened)=0.000000 → cannot exceed 0.
[234.853s] PRUNE: margin=-2.656250, optimistic_rem(widened)=0.000000 → cannot exceed 0.
[235.230s] PRUNE: margin=-2.656250, optimistic_rem(widened)=0.000000 → cannot exceed 0.
[235.419s] PRUNE: margin=-2.656250, optimistic_rem(widened)=0.000000 → cannot exceed 0.
[235.798s] PRUNE: margin=-2.656250, optimistic_rem(widened)=0.000000 → cannot exceed 0.
[236.552s] PRUNE: margin=-2.625000, optimistic_rem(widened)=0.000000 → cannot exceed 0.
[236.740s] PRUNE: margin=-2.625000, optimistic_rem(widened)=0.000000 → cannot exceed 0.
[236.929s] PRUNE: margin=-2.625000, optimistic_rem(widened)=0.000000 → cannot exceed 0.
[237.117s] PRUNE: margin=-2.625000, optimistic_rem(widened)=0.000000 → cannot exceed 0.
[237.494s] PRUNE: margin=-2.625000, optimistic_rem(widened)=0.000000 → cannot exceed 0.
[237.683s] PRUNE: margin=-2.656250, optimistic_rem(widened)=0.000000 → cannot exceed 0.
[237.871s] PRUNE: margin=-2.656250, optimistic_rem(widened)=0.000000 → cannot exceed 0.
[238.249s] PRUNE: margin=-2.625000, optimistic_rem(widened)=0.000000 → cannot exceed 0.
[238.437s] PRUNE: margin=-2.656250, optimistic_rem(widened)=0.000000 → cannot exceed 0.
[238.815s] PRUNE: margin=-2.625000, optimistic_rem(widened)=0.000000 → cannot exceed 0.
[239.475s] PRUNE: margin=-2.625000, optimistic_rem(widened)=1.875000 → cannot exceed 0.
[239.757s] PRUNE: margin=-2.625000, optimistic_rem(widened)=0.000000 → cannot exceed 0.
[239.946s] PRUNE: margin=-2.656250, optimistic_rem(widened)=0.000000 → cannot exceed 0.
[240.323s] PRUNE: margin=-2.625000, optimistic_rem(widened)=0.000000 → cannot exceed 0.
[241.077s] PRUNE: margin=-2.656250, optimistic_rem(widened)=0.000000 → cannot exceed 0.
[241.266s] PRUNE: margin=-2.656250, optimistic_rem(widened)=0.000000 → cannot exceed 0.
[241.643s] PRUNE: margin=-2.656250, optimistic_rem(widened)=0.000000 → cannot exceed 0.
[242.397s] PRUNE: margin=-2.656250, optimistic_rem(widened)=0.000000 → cannot exceed 0.
[243.811s] PRUNE: margin=-2.625000, optimistic_rem(widened)=1.875000 → cannot exceed 0.
[244.000s] PRUNE: margin=-2.625000, optimistic_rem(widened)=1.875000 → cannot exceed 0.
[244.189s] PRUNE: margin=-2.625000, optimistic_rem(widened)=1.875000 → cannot exceed 0.
[244.378s] PRUNE: margin=-2.625000, optimistic_rem(widened)=1.875000 → cannot exceed 0.
[244.566s] PRUNE: margin=-2.625000, optimistic_rem(widened)=1.875000 → cannot exceed 0.
[244.755s] PRUNE: margin=-2.625000, optimistic_rem(widened)=1.875000 → cannot exceed 0.
[245.226s] PRUNE: margin=-2.625000, optimistic_rem(widened)=0.000000 → cannot exceed 0.
[245.415s] PRUNE: margin=-2.625000, optimistic_rem(widened)=0.000000 → cannot exceed 0.
[245.603s] PRUNE: margin=-2.625000, optimistic_rem(widened)=0.000000 → cannot exceed 0.
[245.792s] PRUNE: margin=-2.625000, optimistic_rem(widened)=0.000000 → cannot exceed 0.
[246.169s] PRUNE: margin=-2.625000, optimistic_rem(widened)=0.000000 → cannot exceed 0.
[246.358s] PRUNE: margin=-2.656250, optimistic_rem(widened)=0.000000 → cannot exceed 0.
[246.546s] PRUNE: margin=-2.656250, optimistic_rem(widened)=0.000000 → cannot exceed 0.
[246.923s] PRUNE: margin=-2.625000, optimistic_rem(widened)=0.000000 → cannot exceed 0.
[247.112s] PRUNE: margin=-2.656250, optimistic_rem(widened)=0.000000 → cannot exceed 0.
[247.489s] PRUNE: margin=-2.625000, optimistic_rem(widened)=0.000000 → cannot exceed 0.
[248.149s] PRUNE: margin=-2.625000, optimistic_rem(widened)=1.875000 → cannot exceed 0.
[248.432s] PRUNE: margin=-2.625000, optimistic_rem(widened)=0.000000 → cannot exceed 0.
[248.621s] PRUNE: margin=-2.656250, optimistic_rem(widened)=0.000000 → cannot exceed 0.
[248.998s] PRUNE: margin=-2.625000, optimistic_rem(widened)=0.000000 → cannot exceed 0.
[249.753s] PRUNE: margin=-2.656250, optimistic_rem(widened)=0.000000 → cannot exceed 0.
[249.941s] PRUNE: margin=-2.656250, optimistic_rem(widened)=0.000000 → cannot exceed 0.
[250.318s] PRUNE: margin=-2.656250, optimistic_rem(widened)=0.000000 → cannot exceed 0.
[251.073s] PRUNE: margin=-2.656250, optimistic_rem(widened)=0.000000 → cannot exceed 0.
[252.487s] PRUNE: margin=-2.625000, optimistic_rem(widened)=1.875000 → cannot exceed 0.
[252.676s] PRUNE: margin=-2.625000, optimistic_rem(widened)=1.875000 → cannot exceed 0.
[252.865s] PRUNE: margin=-2.625000, optimistic_rem(widened)=1.875000 → cannot exceed 0.
[253.053s] PRUNE: margin=-2.625000, optimistic_rem(widened)=1.875000 → cannot exceed 0.
[253.242s] PRUNE: margin=-2.625000, optimistic_rem(widened)=1.875000 → cannot exceed 0.
[253.619s] PRUNE: margin=-2.625000, optimistic_rem(widened)=1.875000 → cannot exceed 0.
[253.808s] PRUNE: margin=-2.625000, optimistic_rem(widened)=1.875000 → cannot exceed 0.
[254.091s] PRUNE: margin=-2.625000, optimistic_rem(widened)=0.000000 → cannot exceed 0.
[254.845s] PRUNE: margin=-2.656250, optimistic_rem(widened)=0.000000 → cannot exceed 0.
[255.034s] PRUNE: margin=-2.656250, optimistic_rem(widened)=0.000000 → cannot exceed 0.
[255.411s] PRUNE: margin=-2.625000, optimistic_rem(widened)=0.000000 → cannot exceed 0.
[256.165s] PRUNE: margin=-2.625000, optimistic_rem(widened)=0.000000 → cannot exceed 0.
[257.579s] PRUNE: margin=-2.656250, optimistic_rem(widened)=1.875000 → cannot exceed 0.
[257.767s] PRUNE: margin=-2.625000, optimistic_rem(widened)=1.875000 → cannot exceed 0.
[257.944s] PRUNE: margin=-2.625000, optimistic_rem(widened)=1.875000 → cannot exceed 0.
[258.132s] PRUNE: margin=-2.625000, optimistic_rem(widened)=1.875000 → cannot exceed 0.
[258.509s] PRUNE: margin=-2.625000, optimistic_rem(widened)=1.875000 → cannot exceed 0.
[258.697s] PRUNE: margin=-2.625000, optimistic_rem(widened)=1.875000 → cannot exceed 0.
[258.886s] PRUNE: margin=-2.625000, optimistic_rem(widened)=1.875000 → cannot exceed 0.
[259.356s] PRUNE: margin=-2.625000, optimistic_rem(widened)=0.000000 → cannot exceed 0.
[260.863s] PRUNE: margin=-2.656250, optimistic_rem(widened)=2.625000 → cannot exceed 0.
[261.051s] PRUNE: margin=-2.625000, optimistic_rem(widened)=2.625000 → cannot exceed 0.
[261.428s] PRUNE: margin=-2.656250, optimistic_rem(widened)=2.625000 → cannot exceed 0.
[263.686s] PRUNE: margin=-2.656250, optimistic_rem(widened)=2.625000 → cannot exceed 0.
[266.133s] No counterexample within budgets (BaB): no misclassification found.
STATUS: No counterexample | best_upper_margin=8.218750 | elapsed=266.133s | pixels_changed=0 | total_bit_flips=0 | avg_hamming_per_pixel=0.000000 | patch_rows=9-10 | patch_cols=24-24 | note=no_counterexample_within_budgets
