[  0.000s] init: idx=6892 kmax=2 bmax=4 topx=2 widen=1.000 rank_fast=off
clean logits (hex):  0x72  0x84  0x28  0x90  0x86  0xf0  0x9e  0x88  0x92  0x88
clean logits (bits): 01110010 10000100 00101000 10010000 10000110 11110000 10011110 10001000 10010010 10001000
clean logits (double): +5.000000 -16.000000 +0.625000 -4.000000 -12.000000 -0.250000 -2.250000 -8.000000 -3.750000 -8.000000
[  0.008s] clean prediction: 0 (true label 0)
[ 39.154s] selection: nSym=2 (from 784), topx=2, rank_fast=off
[ 39.154s] active patch: rows 2-4, cols 13-19 (derived from symPix)
[ 39.617s] Proceeding to BaB (greedy enabled).
[ 39.617s] Skipping root bound check (--no-root-bound).
[ 39.617s] BaB search starting (K≤2, B≤4, nSym=2, depth_limit=500000000, widen=1.00)...
[ 39.818s] PRUNE: margin=-3.671875, optimistic_rem(widened)=2.000000 → cannot exceed 0.
[ 40.018s] PRUNE: margin=-3.671875, optimistic_rem(widened)=2.000000 → cannot exceed 0.
[ 40.219s] PRUNE: margin=-3.671875, optimistic_rem(widened)=2.000000 → cannot exceed 0.
[ 40.419s] PRUNE: margin=-4.046875, optimistic_rem(widened)=2.250000 → cannot exceed 0.
[ 40.620s] PRUNE: margin=-4.375000, optimistic_rem(widened)=4.281250 → cannot exceed 0.
[ 40.820s] PRUNE: margin=-4.375000, optimistic_rem(widened)=4.281250 → cannot exceed 0.
[ 41.021s] PRUNE: margin=-4.375000, optimistic_rem(widened)=4.281250 → cannot exceed 0.
[ 41.222s] PRUNE: margin=-4.375000, optimistic_rem(widened)=4.281250 → cannot exceed 0.
[ 41.422s] PRUNE: margin=-4.375000, optimistic_rem(widened)=3.953125 → cannot exceed 0.
[ 41.623s] PRUNE: margin=-4.375000, optimistic_rem(widened)=2.500000 → cannot exceed 0.
[ 41.823s] PRUNE: margin=-4.375000, optimistic_rem(widened)=2.500000 → cannot exceed 0.
[ 42.024s] PRUNE: margin=-4.375000, optimistic_rem(widened)=2.500000 → cannot exceed 0.
[ 42.224s] PRUNE: margin=-4.375000, optimistic_rem(widened)=3.203125 → cannot exceed 0.
[ 42.425s] PRUNE: margin=-4.375000, optimistic_rem(widened)=4.000000 → cannot exceed 0.
[ 42.626s] PRUNE: margin=-4.375000, optimistic_rem(widened)=4.000000 → cannot exceed 0.
[ 42.926s] No counterexample within budgets (BaB): no misclassification found.
STATUS: No counterexample | best_upper_margin=1.625000 | elapsed=42.926s | pixels_changed=0 | total_bit_flips=0 | avg_hamming_per_pixel=0.000000 | patch_rows=2-4 | patch_cols=13-19 | note=no_counterexample_within_budgets
