[  0.000s] init: idx=1560 kmax=2 bmax=4 topx=2 widen=1.000 rank_fast=off
clean logits (hex):  0x87  0x87  0xb8  0x88  0x8e  0xe6  0xda  0x87  0x74  0x8e
clean logits (bits): 10000111 10000111 10111000 10001000 10001110 11100110 11011010 10000111 01110100 10001110
clean logits (double): -10.000000 -10.000000 -1.250000 -8.000000 -5.000000 -0.406250 -0.593750 -10.000000 +6.000000 -5.000000
[  0.008s] clean prediction: 8 (true label 8)
[ 36.046s] selection: nSym=2 (from 784), topx=2, rank_fast=off
[ 36.046s] active patch: rows 4-16, cols 5-11 (derived from symPix)
[ 36.524s] Proceeding to BaB (greedy enabled).
[ 36.524s] Skipping root bound check (--no-root-bound).
[ 36.524s] BaB search starting (K≤2, B≤4, nSym=2, depth_limit=500000000, widen=1.00)...
[ 36.836s] PRUNE: margin=-3.078125, optimistic_rem(widened)=2.000000 → cannot exceed 0.
[ 37.044s] PRUNE: margin=-3.078125, optimistic_rem(widened)=2.000000 → cannot exceed 0.
[ 37.353s] PRUNE: margin=-3.078125, optimistic_rem(widened)=1.000000 → cannot exceed 0.
[ 37.562s] PRUNE: margin=-3.078125, optimistic_rem(widened)=1.000000 → cannot exceed 0.
[ 37.770s] PRUNE: margin=-3.078125, optimistic_rem(widened)=1.000000 → cannot exceed 0.
[ 37.987s] PRUNE: margin=-3.078125, optimistic_rem(widened)=1.000000 → cannot exceed 0.
[ 38.195s] PRUNE: margin=-3.078125, optimistic_rem(widened)=1.000000 → cannot exceed 0.
[ 38.404s] PRUNE: margin=-3.078125, optimistic_rem(widened)=1.000000 → cannot exceed 0.
[ 38.715s] PRUNE: margin=-3.078125, optimistic_rem(widened)=2.250000 → cannot exceed 0.
[ 38.922s] PRUNE: margin=-3.078125, optimistic_rem(widened)=2.250000 → cannot exceed 0.
[ 39.128s] PRUNE: margin=-3.078125, optimistic_rem(widened)=2.250000 → cannot exceed 0.
[ 39.337s] PRUNE: margin=-3.078125, optimistic_rem(widened)=2.250000 → cannot exceed 0.
[ 39.546s] PRUNE: margin=-3.078125, optimistic_rem(widened)=2.250000 → cannot exceed 0.
[ 39.964s] PRUNE: margin=-3.078125, optimistic_rem(widened)=2.250000 → cannot exceed 0.
[ 40.172s] PRUNE: margin=-3.078125, optimistic_rem(widened)=2.250000 → cannot exceed 0.
[ 40.381s] PRUNE: margin=-3.078125, optimistic_rem(widened)=2.250000 → cannot exceed 0.
[ 40.586s] PRUNE: margin=-3.078125, optimistic_rem(widened)=2.250000 → cannot exceed 0.
[ 40.999s] PRUNE: margin=-3.078125, optimistic_rem(widened)=2.250000 → cannot exceed 0.
[ 41.206s] PRUNE: margin=-3.078125, optimistic_rem(widened)=2.250000 → cannot exceed 0.
[ 41.412s] PRUNE: margin=-3.078125, optimistic_rem(widened)=2.250000 → cannot exceed 0.
[ 41.827s] PRUNE: margin=-3.078125, optimistic_rem(widened)=2.250000 → cannot exceed 0.
[ 42.034s] PRUNE: margin=-3.078125, optimistic_rem(widened)=2.250000 → cannot exceed 0.
[ 42.449s] PRUNE: margin=-3.078125, optimistic_rem(widened)=2.250000 → cannot exceed 0.
[ 43.180s] PRUNE: margin=-6.375000, optimistic_rem(widened)=5.000000 → cannot exceed 0.
[ 43.389s] PRUNE: margin=-6.375000, optimistic_rem(widened)=5.000000 → cannot exceed 0.
[ 43.596s] PRUNE: margin=-6.375000, optimistic_rem(widened)=5.000000 → cannot exceed 0.
[ 43.802s] PRUNE: margin=-6.375000, optimistic_rem(widened)=5.000000 → cannot exceed 0.
[ 44.008s] PRUNE: margin=-6.375000, optimistic_rem(widened)=5.000000 → cannot exceed 0.
[ 44.216s] PRUNE: margin=-6.375000, optimistic_rem(widened)=5.000000 → cannot exceed 0.
[ 44.425s] PRUNE: margin=-6.375000, optimistic_rem(widened)=5.000000 → cannot exceed 0.
[ 44.633s] PRUNE: margin=-6.375000, optimistic_rem(widened)=5.000000 → cannot exceed 0.
[ 44.842s] PRUNE: margin=-6.375000, optimistic_rem(widened)=5.000000 → cannot exceed 0.
[ 45.049s] PRUNE: margin=-6.375000, optimistic_rem(widened)=5.000000 → cannot exceed 0.
[ 45.257s] PRUNE: margin=-6.375000, optimistic_rem(widened)=5.000000 → cannot exceed 0.
[ 45.675s] PRUNE: margin=-6.375000, optimistic_rem(widened)=5.000000 → cannot exceed 0.
[ 45.882s] PRUNE: margin=-6.375000, optimistic_rem(widened)=5.000000 → cannot exceed 0.
[ 46.089s] PRUNE: margin=-6.375000, optimistic_rem(widened)=5.000000 → cannot exceed 0.
[ 46.296s] PRUNE: margin=-6.375000, optimistic_rem(widened)=5.000000 → cannot exceed 0.
[ 46.506s] PRUNE: margin=-6.375000, optimistic_rem(widened)=5.000000 → cannot exceed 0.
[ 46.706s] PRUNE: margin=-6.375000, optimistic_rem(widened)=5.000000 → cannot exceed 0.
[ 46.904s] PRUNE: margin=-6.375000, optimistic_rem(widened)=5.000000 → cannot exceed 0.
[ 47.102s] PRUNE: margin=-6.375000, optimistic_rem(widened)=5.000000 → cannot exceed 0.
[ 47.299s] PRUNE: margin=-6.375000, optimistic_rem(widened)=5.000000 → cannot exceed 0.
[ 47.497s] PRUNE: margin=-6.375000, optimistic_rem(widened)=5.000000 → cannot exceed 0.
[ 47.893s] PRUNE: margin=-6.375000, optimistic_rem(widened)=5.000000 → cannot exceed 0.
[ 48.091s] PRUNE: margin=-6.375000, optimistic_rem(widened)=5.000000 → cannot exceed 0.
[ 48.290s] PRUNE: margin=-6.375000, optimistic_rem(widened)=5.000000 → cannot exceed 0.
[ 48.488s] PRUNE: margin=-6.375000, optimistic_rem(widened)=5.000000 → cannot exceed 0.
[ 48.689s] PRUNE: margin=-6.375000, optimistic_rem(widened)=5.000000 → cannot exceed 0.
[ 48.887s] PRUNE: margin=-6.375000, optimistic_rem(widened)=5.000000 → cannot exceed 0.
[ 49.085s] PRUNE: margin=-6.375000, optimistic_rem(widened)=5.000000 → cannot exceed 0.
[ 49.283s] PRUNE: margin=-6.375000, optimistic_rem(widened)=5.000000 → cannot exceed 0.
[ 49.484s] PRUNE: margin=-6.375000, optimistic_rem(widened)=5.000000 → cannot exceed 0.
[ 49.818s] PRUNE: margin=-6.375000, optimistic_rem(widened)=5.000000 → cannot exceed 0.
[ 49.948s] PRUNE: margin=-6.375000, optimistic_rem(widened)=5.000000 → cannot exceed 0.
[ 50.086s] PRUNE: margin=-6.375000, optimistic_rem(widened)=5.000000 → cannot exceed 0.
[ 50.217s] PRUNE: margin=-6.375000, optimistic_rem(widened)=5.000000 → cannot exceed 0.
[ 50.346s] PRUNE: margin=-6.375000, optimistic_rem(widened)=5.000000 → cannot exceed 0.
[ 50.523s] PRUNE: margin=-6.375000, optimistic_rem(widened)=5.000000 → cannot exceed 0.
[ 50.721s] PRUNE: margin=-6.375000, optimistic_rem(widened)=5.000000 → cannot exceed 0.
[ 50.918s] PRUNE: margin=-6.375000, optimistic_rem(widened)=5.000000 → cannot exceed 0.
[ 51.314s] PRUNE: margin=-6.375000, optimistic_rem(widened)=5.000000 → cannot exceed 0.
[ 51.512s] PRUNE: margin=-6.375000, optimistic_rem(widened)=5.000000 → cannot exceed 0.
[ 51.683s] PRUNE: margin=-6.375000, optimistic_rem(widened)=5.000000 → cannot exceed 0.
[ 51.880s] PRUNE: margin=-6.375000, optimistic_rem(widened)=5.000000 → cannot exceed 0.
[ 52.078s] PRUNE: margin=-6.375000, optimistic_rem(widened)=5.000000 → cannot exceed 0.
[ 52.276s] PRUNE: margin=-6.375000, optimistic_rem(widened)=5.000000 → cannot exceed 0.
[ 52.473s] PRUNE: margin=-6.375000, optimistic_rem(widened)=5.000000 → cannot exceed 0.
[ 52.869s] PRUNE: margin=-3.078125, optimistic_rem(widened)=1.000000 → cannot exceed 0.
[ 53.067s] PRUNE: margin=-6.375000, optimistic_rem(widened)=5.000000 → cannot exceed 0.
[ 53.265s] PRUNE: margin=-6.375000, optimistic_rem(widened)=5.000000 → cannot exceed 0.
[ 53.464s] PRUNE: margin=-6.375000, optimistic_rem(widened)=5.000000 → cannot exceed 0.
[ 53.664s] PRUNE: margin=-6.375000, optimistic_rem(widened)=5.000000 → cannot exceed 0.
[ 53.862s] PRUNE: margin=-6.375000, optimistic_rem(widened)=5.000000 → cannot exceed 0.
[ 54.356s] PRUNE: margin=-6.375000, optimistic_rem(widened)=5.250000 → cannot exceed 0.
[ 54.554s] PRUNE: margin=-6.375000, optimistic_rem(widened)=5.250000 → cannot exceed 0.
[ 54.751s] PRUNE: margin=-6.375000, optimistic_rem(widened)=5.250000 → cannot exceed 0.
[ 54.949s] PRUNE: margin=-6.375000, optimistic_rem(widened)=5.250000 → cannot exceed 0.
[ 55.344s] PRUNE: margin=-6.375000, optimistic_rem(widened)=5.250000 → cannot exceed 0.
[ 55.542s] PRUNE: margin=-6.375000, optimistic_rem(widened)=5.250000 → cannot exceed 0.
[ 55.739s] PRUNE: margin=-6.375000, optimistic_rem(widened)=5.250000 → cannot exceed 0.
[ 56.136s] PRUNE: margin=-6.375000, optimistic_rem(widened)=5.250000 → cannot exceed 0.
[ 56.333s] PRUNE: margin=-6.375000, optimistic_rem(widened)=5.250000 → cannot exceed 0.
[ 56.729s] PRUNE: margin=-6.343750, optimistic_rem(widened)=5.250000 → cannot exceed 0.
[ 57.518s] PRUNE: margin=-6.375000, optimistic_rem(widened)=5.250000 → cannot exceed 0.
[ 57.716s] PRUNE: margin=-6.375000, optimistic_rem(widened)=5.250000 → cannot exceed 0.
[ 57.914s] PRUNE: margin=-6.375000, optimistic_rem(widened)=5.250000 → cannot exceed 0.
[ 58.308s] PRUNE: margin=-6.375000, optimistic_rem(widened)=5.250000 → cannot exceed 0.
[ 58.506s] PRUNE: margin=-6.375000, optimistic_rem(widened)=5.250000 → cannot exceed 0.
[ 58.902s] PRUNE: margin=-6.343750, optimistic_rem(widened)=5.250000 → cannot exceed 0.
[ 59.691s] PRUNE: margin=-6.375000, optimistic_rem(widened)=5.250000 → cannot exceed 0.
[ 59.888s] PRUNE: margin=-6.375000, optimistic_rem(widened)=5.250000 → cannot exceed 0.
[ 60.283s] PRUNE: margin=-6.343750, optimistic_rem(widened)=5.250000 → cannot exceed 0.
[ 61.074s] PRUNE: margin=-3.078125, optimistic_rem(widened)=2.250000 → cannot exceed 0.
[ 62.396s] PRUNE: margin=-6.390625, optimistic_rem(widened)=6.046875 → cannot exceed 0.
[ 62.602s] PRUNE: margin=-6.390625, optimistic_rem(widened)=6.046875 → cannot exceed 0.
[ 62.808s] PRUNE: margin=-6.390625, optimistic_rem(widened)=6.062500 → cannot exceed 0.
[ 63.116s] PRUNE: margin=-6.390625, optimistic_rem(widened)=5.015625 → cannot exceed 0.
[ 63.321s] PRUNE: margin=-6.390625, optimistic_rem(widened)=5.015625 → cannot exceed 0.
[ 63.528s] PRUNE: margin=-6.390625, optimistic_rem(widened)=5.015625 → cannot exceed 0.
[ 63.735s] PRUNE: margin=-6.390625, optimistic_rem(widened)=5.015625 → cannot exceed 0.
[ 64.042s] PRUNE: margin=-4.359375, optimistic_rem(widened)=2.125000 → cannot exceed 0.
[ 64.249s] PRUNE: margin=-6.390625, optimistic_rem(widened)=5.000000 → cannot exceed 0.
[ 64.456s] PRUNE: margin=-6.390625, optimistic_rem(widened)=5.250000 → cannot exceed 0.
[ 64.663s] PRUNE: margin=-6.390625, optimistic_rem(widened)=5.000000 → cannot exceed 0.
[ 64.870s] PRUNE: margin=-6.390625, optimistic_rem(widened)=5.000000 → cannot exceed 0.
[ 65.076s] PRUNE: margin=-6.390625, optimistic_rem(widened)=5.000000 → cannot exceed 0.
[ 65.490s] PRUNE: margin=-4.359375, optimistic_rem(widened)=2.125000 → cannot exceed 0.
[ 65.696s] PRUNE: margin=-6.390625, optimistic_rem(widened)=5.250000 → cannot exceed 0.
[ 65.903s] PRUNE: margin=-6.390625, optimistic_rem(widened)=5.000000 → cannot exceed 0.
[ 66.108s] PRUNE: margin=-6.390625, optimistic_rem(widened)=5.000000 → cannot exceed 0.
[ 66.315s] PRUNE: margin=-6.390625, optimistic_rem(widened)=5.000000 → cannot exceed 0.
[ 66.725s] PRUNE: margin=-4.359375, optimistic_rem(widened)=2.125000 → cannot exceed 0.
[ 66.930s] PRUNE: margin=-6.390625, optimistic_rem(widened)=5.000000 → cannot exceed 0.
[ 67.137s] PRUNE: margin=-6.390625, optimistic_rem(widened)=5.000000 → cannot exceed 0.
[ 67.343s] PRUNE: margin=-6.390625, optimistic_rem(widened)=5.000000 → cannot exceed 0.
[ 67.756s] PRUNE: margin=-6.390625, optimistic_rem(widened)=5.000000 → cannot exceed 0.
[ 67.961s] PRUNE: margin=-6.390625, optimistic_rem(widened)=5.000000 → cannot exceed 0.
[ 68.168s] PRUNE: margin=-6.390625, optimistic_rem(widened)=5.000000 → cannot exceed 0.
[ 68.681s] PRUNE: margin=-6.390625, optimistic_rem(widened)=5.250000 → cannot exceed 0.
[ 70.022s] PRUNE: margin=-6.406250, optimistic_rem(widened)=5.000000 → cannot exceed 0.
[ 70.228s] PRUNE: margin=-6.406250, optimistic_rem(widened)=5.000000 → cannot exceed 0.
[ 70.432s] PRUNE: margin=-6.406250, optimistic_rem(widened)=5.000000 → cannot exceed 0.
[ 70.636s] PRUNE: margin=-6.406250, optimistic_rem(widened)=5.000000 → cannot exceed 0.
[ 70.839s] PRUNE: margin=-6.406250, optimistic_rem(widened)=5.000000 → cannot exceed 0.
[ 71.044s] PRUNE: margin=-6.406250, optimistic_rem(widened)=5.000000 → cannot exceed 0.
[ 71.250s] PRUNE: margin=-6.406250, optimistic_rem(widened)=5.000000 → cannot exceed 0.
[ 71.456s] PRUNE: margin=-6.406250, optimistic_rem(widened)=5.000000 → cannot exceed 0.
[ 71.652s] PRUNE: margin=-6.406250, optimistic_rem(widened)=6.078125 → cannot exceed 0.
[ 71.776s] PRUNE: margin=-6.406250, optimistic_rem(widened)=6.078125 → cannot exceed 0.
[ 71.901s] PRUNE: margin=-6.406250, optimistic_rem(widened)=6.078125 → cannot exceed 0.
[ 71.962s] No counterexample within budgets (BaB): no misclassification found.
STATUS: No counterexample | best_upper_margin=5.375000 | elapsed=71.962s | pixels_changed=0 | total_bit_flips=0 | avg_hamming_per_pixel=0.000000 | patch_rows=4-16 | patch_cols=5-11 | note=no_counterexample_within_budgets
