[  0.000s] init: idx=9635 kmax=2 bmax=4 topx=2 widen=1.000 rank_fast=off
clean logits (hex):  0x88  0x6b  0x7a  0x73  0x83  0x8f  0x42  0x87  0x9e  0x83
clean logits (bits): 10001000 01101011 01111010 01110011 10000011 10001111 01000010 10000111 10011110 10000011
clean logits (double): -8.000000 +3.375000 +12.000000 +5.500000 -24.000000 -4.500000 +1.062500 -10.000000 -2.250000 -24.000000
[  0.009s] clean prediction: 2 (true label 2)
[ 38.125s] selection: nSym=2 (from 784), topx=2, rank_fast=off
[ 38.125s] active patch: rows 8-10, cols 12-24 (derived from symPix)
[ 38.585s] Proceeding to BaB (greedy enabled).
[ 38.585s] Skipping root bound check (--no-root-bound).
[ 38.585s] BaB search starting (K≤2, B≤4, nSym=2, depth_limit=500000000, widen=1.00)...
[ 38.783s] PRUNE: margin=-5.000000, optimistic_rem(widened)=4.437500 → cannot exceed 0.
[ 39.179s] PRUNE: margin=-3.000000, optimistic_rem(widened)=0.171875 → cannot exceed 0.
[ 39.377s] PRUNE: margin=-3.000000, optimistic_rem(widened)=0.187500 → cannot exceed 0.
[ 39.575s] PRUNE: margin=-5.000000, optimistic_rem(widened)=2.187500 → cannot exceed 0.
[ 39.772s] PRUNE: margin=-5.000000, optimistic_rem(widened)=2.187500 → cannot exceed 0.
[ 39.969s] PRUNE: margin=-5.000000, optimistic_rem(widened)=2.187500 → cannot exceed 0.
[ 40.164s] PRUNE: margin=-5.000000, optimistic_rem(widened)=2.187500 → cannot exceed 0.
[ 40.456s] PRUNE: margin=-6.000000, optimistic_rem(widened)=0.000000 → cannot exceed 0.
[ 40.654s] PRUNE: margin=-6.000000, optimistic_rem(widened)=0.000000 → cannot exceed 0.
[ 40.852s] PRUNE: margin=-6.000000, optimistic_rem(widened)=0.000000 → cannot exceed 0.
[ 41.050s] PRUNE: margin=-6.000000, optimistic_rem(widened)=0.000000 → cannot exceed 0.
[ 41.248s] PRUNE: margin=-6.000000, optimistic_rem(widened)=0.000000 → cannot exceed 0.
[ 41.446s] PRUNE: margin=-6.000000, optimistic_rem(widened)=0.000000 → cannot exceed 0.
[ 41.843s] PRUNE: margin=-6.000000, optimistic_rem(widened)=0.000000 → cannot exceed 0.
[ 42.041s] PRUNE: margin=-6.000000, optimistic_rem(widened)=0.000000 → cannot exceed 0.
[ 42.240s] PRUNE: margin=-6.000000, optimistic_rem(widened)=0.000000 → cannot exceed 0.
[ 42.438s] PRUNE: margin=-6.000000, optimistic_rem(widened)=0.000000 → cannot exceed 0.
[ 42.636s] PRUNE: margin=-6.000000, optimistic_rem(widened)=0.000000 → cannot exceed 0.
[ 43.032s] PRUNE: margin=-6.000000, optimistic_rem(widened)=0.000000 → cannot exceed 0.
[ 43.230s] PRUNE: margin=-6.000000, optimistic_rem(widened)=0.000000 → cannot exceed 0.
[ 43.428s] PRUNE: margin=-6.000000, optimistic_rem(widened)=0.000000 → cannot exceed 0.
[ 43.626s] PRUNE: margin=-6.000000, optimistic_rem(widened)=0.000000 → cannot exceed 0.
[ 44.022s] PRUNE: margin=-6.000000, optimistic_rem(widened)=0.000000 → cannot exceed 0.
[ 44.220s] PRUNE: margin=-6.000000, optimistic_rem(widened)=0.000000 → cannot exceed 0.
[ 44.418s] PRUNE: margin=-6.000000, optimistic_rem(widened)=0.000000 → cannot exceed 0.
[ 44.821s] PRUNE: margin=-6.000000, optimistic_rem(widened)=0.000000 → cannot exceed 0.
[ 45.019s] PRUNE: margin=-6.000000, optimistic_rem(widened)=0.000000 → cannot exceed 0.
[ 45.415s] PRUNE: margin=-6.000000, optimistic_rem(widened)=0.000000 → cannot exceed 0.
[ 46.108s] PRUNE: margin=-5.000000, optimistic_rem(widened)=2.187500 → cannot exceed 0.
[ 46.405s] PRUNE: margin=-6.000000, optimistic_rem(widened)=0.000000 → cannot exceed 0.
[ 46.603s] PRUNE: margin=-6.000000, optimistic_rem(widened)=0.000000 → cannot exceed 0.
[ 46.801s] PRUNE: margin=-6.000000, optimistic_rem(widened)=0.000000 → cannot exceed 0.
[ 47.000s] PRUNE: margin=-6.000000, optimistic_rem(widened)=0.000000 → cannot exceed 0.
[ 47.198s] PRUNE: margin=-6.000000, optimistic_rem(widened)=0.000000 → cannot exceed 0.
[ 47.396s] PRUNE: margin=-6.000000, optimistic_rem(widened)=0.000000 → cannot exceed 0.
[ 47.594s] PRUNE: margin=-6.000000, optimistic_rem(widened)=0.000000 → cannot exceed 0.
[ 47.792s] PRUNE: margin=-6.000000, optimistic_rem(widened)=0.000000 → cannot exceed 0.
[ 47.992s] PRUNE: margin=-6.000000, optimistic_rem(widened)=0.000000 → cannot exceed 0.
[ 48.190s] PRUNE: margin=-6.000000, optimistic_rem(widened)=0.000000 → cannot exceed 0.
[ 48.586s] PRUNE: margin=-6.000000, optimistic_rem(widened)=0.000000 → cannot exceed 0.
[ 48.784s] PRUNE: margin=-6.000000, optimistic_rem(widened)=0.000000 → cannot exceed 0.
[ 48.982s] PRUNE: margin=-6.000000, optimistic_rem(widened)=0.000000 → cannot exceed 0.
[ 49.180s] PRUNE: margin=-6.000000, optimistic_rem(widened)=0.000000 → cannot exceed 0.
[ 49.378s] PRUNE: margin=-6.000000, optimistic_rem(widened)=0.000000 → cannot exceed 0.
[ 49.576s] PRUNE: margin=-6.000000, optimistic_rem(widened)=0.000000 → cannot exceed 0.
[ 49.774s] PRUNE: margin=-6.000000, optimistic_rem(widened)=0.000000 → cannot exceed 0.
[ 49.972s] PRUNE: margin=-6.000000, optimistic_rem(widened)=0.000000 → cannot exceed 0.
[ 50.170s] PRUNE: margin=-6.000000, optimistic_rem(widened)=0.000000 → cannot exceed 0.
[ 50.566s] PRUNE: margin=-6.000000, optimistic_rem(widened)=0.000000 → cannot exceed 0.
[ 50.764s] PRUNE: margin=-6.000000, optimistic_rem(widened)=0.000000 → cannot exceed 0.
[ 50.962s] PRUNE: margin=-6.000000, optimistic_rem(widened)=0.000000 → cannot exceed 0.
[ 51.160s] PRUNE: margin=-6.000000, optimistic_rem(widened)=0.000000 → cannot exceed 0.
[ 51.358s] PRUNE: margin=-6.000000, optimistic_rem(widened)=0.000000 → cannot exceed 0.
[ 51.556s] PRUNE: margin=-6.000000, optimistic_rem(widened)=0.000000 → cannot exceed 0.
[ 51.754s] PRUNE: margin=-6.000000, optimistic_rem(widened)=0.000000 → cannot exceed 0.
[ 51.952s] PRUNE: margin=-6.000000, optimistic_rem(widened)=0.000000 → cannot exceed 0.
[ 52.347s] PRUNE: margin=-6.000000, optimistic_rem(widened)=0.000000 → cannot exceed 0.
[ 52.545s] PRUNE: margin=-6.000000, optimistic_rem(widened)=0.000000 → cannot exceed 0.
[ 52.743s] PRUNE: margin=-6.000000, optimistic_rem(widened)=0.000000 → cannot exceed 0.
[ 52.941s] PRUNE: margin=-6.000000, optimistic_rem(widened)=0.000000 → cannot exceed 0.
[ 53.139s] PRUNE: margin=-6.000000, optimistic_rem(widened)=0.000000 → cannot exceed 0.
[ 53.337s] PRUNE: margin=-6.000000, optimistic_rem(widened)=0.000000 → cannot exceed 0.
[ 53.535s] PRUNE: margin=-6.000000, optimistic_rem(widened)=0.000000 → cannot exceed 0.
[ 53.931s] PRUNE: margin=-6.000000, optimistic_rem(widened)=0.000000 → cannot exceed 0.
[ 54.129s] PRUNE: margin=-6.000000, optimistic_rem(widened)=0.000000 → cannot exceed 0.
[ 54.327s] PRUNE: margin=-6.000000, optimistic_rem(widened)=0.000000 → cannot exceed 0.
[ 54.525s] PRUNE: margin=-6.000000, optimistic_rem(widened)=0.000000 → cannot exceed 0.
[ 54.723s] PRUNE: margin=-6.000000, optimistic_rem(widened)=0.000000 → cannot exceed 0.
[ 54.921s] PRUNE: margin=-6.000000, optimistic_rem(widened)=0.000000 → cannot exceed 0.
[ 55.317s] PRUNE: margin=-6.000000, optimistic_rem(widened)=0.000000 → cannot exceed 0.
[ 55.515s] PRUNE: margin=-6.000000, optimistic_rem(widened)=0.000000 → cannot exceed 0.
[ 55.713s] PRUNE: margin=-6.000000, optimistic_rem(widened)=0.000000 → cannot exceed 0.
[ 55.911s] PRUNE: margin=-6.000000, optimistic_rem(widened)=0.000000 → cannot exceed 0.
[ 56.109s] PRUNE: margin=-6.000000, optimistic_rem(widened)=0.000000 → cannot exceed 0.
[ 56.505s] PRUNE: margin=-6.000000, optimistic_rem(widened)=0.000000 → cannot exceed 0.
[ 56.703s] PRUNE: margin=-6.000000, optimistic_rem(widened)=0.000000 → cannot exceed 0.
[ 56.901s] PRUNE: margin=-6.000000, optimistic_rem(widened)=0.000000 → cannot exceed 0.
[ 57.099s] PRUNE: margin=-6.000000, optimistic_rem(widened)=0.000000 → cannot exceed 0.
[ 57.495s] PRUNE: margin=-6.000000, optimistic_rem(widened)=0.000000 → cannot exceed 0.
[ 57.693s] PRUNE: margin=-6.000000, optimistic_rem(widened)=0.000000 → cannot exceed 0.
[ 57.891s] PRUNE: margin=-6.000000, optimistic_rem(widened)=0.000000 → cannot exceed 0.
[ 58.287s] PRUNE: margin=-6.000000, optimistic_rem(widened)=0.000000 → cannot exceed 0.
[ 58.485s] PRUNE: margin=-6.000000, optimistic_rem(widened)=0.000000 → cannot exceed 0.
[ 58.881s] PRUNE: margin=-6.000000, optimistic_rem(widened)=0.000000 → cannot exceed 0.
[ 59.673s] PRUNE: margin=-5.000000, optimistic_rem(widened)=0.000000 → cannot exceed 0.
[ 59.871s] PRUNE: margin=-5.000000, optimistic_rem(widened)=0.000000 → cannot exceed 0.
[ 60.069s] PRUNE: margin=-5.000000, optimistic_rem(widened)=0.000000 → cannot exceed 0.
[ 60.267s] PRUNE: margin=-6.000000, optimistic_rem(widened)=0.000000 → cannot exceed 0.
[ 60.465s] PRUNE: margin=-6.000000, optimistic_rem(widened)=0.000000 → cannot exceed 0.
[ 60.663s] PRUNE: margin=-6.000000, optimistic_rem(widened)=0.000000 → cannot exceed 0.
[ 60.861s] PRUNE: margin=-6.000000, optimistic_rem(widened)=0.000000 → cannot exceed 0.
[ 61.059s] PRUNE: margin=-6.000000, optimistic_rem(widened)=0.000000 → cannot exceed 0.
[ 61.257s] PRUNE: margin=-6.000000, optimistic_rem(widened)=0.000000 → cannot exceed 0.
[ 61.455s] PRUNE: margin=-6.000000, optimistic_rem(widened)=0.000000 → cannot exceed 0.
[ 65.218s] PRUNE: margin=-6.000000, optimistic_rem(widened)=0.000000 → cannot exceed 0.
[ 65.416s] PRUNE: margin=-6.000000, optimistic_rem(widened)=0.000000 → cannot exceed 0.
[ 65.614s] PRUNE: margin=-6.000000, optimistic_rem(widened)=0.000000 → cannot exceed 0.
[ 65.812s] PRUNE: margin=-6.000000, optimistic_rem(widened)=0.000000 → cannot exceed 0.
[ 66.010s] PRUNE: margin=-6.000000, optimistic_rem(widened)=0.000000 → cannot exceed 0.
[ 68.785s] PRUNE: margin=-6.000000, optimistic_rem(widened)=0.000000 → cannot exceed 0.
[ 68.985s] PRUNE: margin=-6.000000, optimistic_rem(widened)=0.000000 → cannot exceed 0.
[ 69.185s] PRUNE: margin=-6.000000, optimistic_rem(widened)=0.000000 → cannot exceed 0.
[ 69.383s] PRUNE: margin=-6.000000, optimistic_rem(widened)=0.000000 → cannot exceed 0.
[ 69.581s] PRUNE: margin=-6.000000, optimistic_rem(widened)=0.000000 → cannot exceed 0.
[ 69.976s] PRUNE: margin=-6.000000, optimistic_rem(widened)=0.000000 → cannot exceed 0.
[ 70.175s] PRUNE: margin=-6.000000, optimistic_rem(widened)=0.000000 → cannot exceed 0.
[ 70.373s] PRUNE: margin=-6.000000, optimistic_rem(widened)=0.000000 → cannot exceed 0.
[ 70.571s] PRUNE: margin=-6.000000, optimistic_rem(widened)=0.000000 → cannot exceed 0.
[ 70.769s] PRUNE: margin=-6.000000, optimistic_rem(widened)=0.000000 → cannot exceed 0.
[ 70.967s] PRUNE: margin=-6.000000, optimistic_rem(widened)=0.000000 → cannot exceed 0.
[ 71.165s] PRUNE: margin=-6.000000, optimistic_rem(widened)=0.000000 → cannot exceed 0.
[ 72.848s] PRUNE: margin=-6.000000, optimistic_rem(widened)=0.000000 → cannot exceed 0.
[ 73.046s] PRUNE: margin=-6.000000, optimistic_rem(widened)=0.000000 → cannot exceed 0.
[ 73.244s] PRUNE: margin=-6.000000, optimistic_rem(widened)=0.000000 → cannot exceed 0.
[ 73.442s] PRUNE: margin=-6.000000, optimistic_rem(widened)=0.000000 → cannot exceed 0.
[ 74.426s] PRUNE: margin=-6.000000, optimistic_rem(widened)=0.000000 → cannot exceed 0.
[ 74.625s] PRUNE: margin=-6.000000, optimistic_rem(widened)=0.000000 → cannot exceed 0.
[ 74.824s] PRUNE: margin=-6.000000, optimistic_rem(widened)=0.000000 → cannot exceed 0.
[ 75.024s] PRUNE: margin=-6.000000, optimistic_rem(widened)=0.000000 → cannot exceed 0.
[ 75.421s] PRUNE: margin=-6.000000, optimistic_rem(widened)=0.000000 → cannot exceed 0.
[ 75.619s] PRUNE: margin=-6.000000, optimistic_rem(widened)=0.000000 → cannot exceed 0.
[ 75.818s] PRUNE: margin=-6.000000, optimistic_rem(widened)=0.000000 → cannot exceed 0.
[ 76.017s] PRUNE: margin=-6.000000, optimistic_rem(widened)=0.000000 → cannot exceed 0.
[ 76.414s] PRUNE: margin=-6.000000, optimistic_rem(widened)=0.000000 → cannot exceed 0.
[ 76.612s] PRUNE: margin=-6.000000, optimistic_rem(widened)=0.000000 → cannot exceed 0.
[ 76.811s] PRUNE: margin=-6.000000, optimistic_rem(widened)=0.000000 → cannot exceed 0.
[ 77.208s] PRUNE: margin=-6.000000, optimistic_rem(widened)=0.000000 → cannot exceed 0.
[ 77.406s] PRUNE: margin=-6.000000, optimistic_rem(widened)=0.000000 → cannot exceed 0.
[ 77.803s] PRUNE: margin=-6.000000, optimistic_rem(widened)=0.000000 → cannot exceed 0.
[ 81.275s] PRUNE: margin=-6.000000, optimistic_rem(widened)=0.000000 → cannot exceed 0.
[ 81.474s] PRUNE: margin=-6.000000, optimistic_rem(widened)=0.000000 → cannot exceed 0.
[ 81.672s] PRUNE: margin=-6.000000, optimistic_rem(widened)=0.000000 → cannot exceed 0.
[ 81.870s] PRUNE: margin=-6.000000, optimistic_rem(widened)=0.000000 → cannot exceed 0.
[ 82.069s] PRUNE: margin=-6.000000, optimistic_rem(widened)=0.000000 → cannot exceed 0.
[ 82.267s] PRUNE: margin=-6.000000, optimistic_rem(widened)=0.000000 → cannot exceed 0.
[ 83.557s] PRUNE: margin=-6.000000, optimistic_rem(widened)=0.000000 → cannot exceed 0.
[ 84.450s] PRUNE: margin=-6.000000, optimistic_rem(widened)=0.000000 → cannot exceed 0.
[ 84.649s] PRUNE: margin=-6.000000, optimistic_rem(widened)=0.000000 → cannot exceed 0.
[ 84.847s] PRUNE: margin=-6.000000, optimistic_rem(widened)=0.000000 → cannot exceed 0.
[ 85.046s] PRUNE: margin=-6.000000, optimistic_rem(widened)=0.000000 → cannot exceed 0.
[ 85.245s] PRUNE: margin=-6.000000, optimistic_rem(widened)=0.000000 → cannot exceed 0.
[ 86.435s] PRUNE: margin=-6.000000, optimistic_rem(widened)=0.000000 → cannot exceed 0.
[ 86.633s] PRUNE: margin=-6.000000, optimistic_rem(widened)=0.000000 → cannot exceed 0.
[ 86.832s] PRUNE: margin=-6.000000, optimistic_rem(widened)=0.000000 → cannot exceed 0.
[ 87.030s] PRUNE: margin=-6.000000, optimistic_rem(widened)=0.000000 → cannot exceed 0.
[ 87.229s] PRUNE: margin=-6.000000, optimistic_rem(widened)=0.000000 → cannot exceed 0.
[ 87.427s] PRUNE: margin=-6.000000, optimistic_rem(widened)=0.000000 → cannot exceed 0.
[ 87.824s] PRUNE: margin=-6.000000, optimistic_rem(widened)=0.000000 → cannot exceed 0.
[ 88.022s] PRUNE: margin=-6.000000, optimistic_rem(widened)=0.000000 → cannot exceed 0.
[ 88.221s] PRUNE: margin=-6.000000, optimistic_rem(widened)=0.000000 → cannot exceed 0.
[ 88.419s] PRUNE: margin=-6.000000, optimistic_rem(widened)=0.000000 → cannot exceed 0.
[ 88.618s] PRUNE: margin=-6.000000, optimistic_rem(widened)=0.000000 → cannot exceed 0.
[ 88.816s] PRUNE: margin=-6.000000, optimistic_rem(widened)=0.000000 → cannot exceed 0.
[ 89.213s] PRUNE: margin=-6.000000, optimistic_rem(widened)=0.000000 → cannot exceed 0.
[ 89.412s] PRUNE: margin=-6.000000, optimistic_rem(widened)=0.000000 → cannot exceed 0.
[ 89.610s] PRUNE: margin=-6.000000, optimistic_rem(widened)=0.000000 → cannot exceed 0.
[ 89.809s] PRUNE: margin=-6.000000, optimistic_rem(widened)=0.000000 → cannot exceed 0.
[ 90.007s] PRUNE: margin=-6.000000, optimistic_rem(widened)=0.000000 → cannot exceed 0.
[ 90.405s] PRUNE: margin=-6.000000, optimistic_rem(widened)=0.000000 → cannot exceed 0.
[ 90.603s] PRUNE: margin=-6.000000, optimistic_rem(widened)=0.000000 → cannot exceed 0.
[ 90.802s] PRUNE: margin=-6.000000, optimistic_rem(widened)=0.000000 → cannot exceed 0.
[ 91.000s] PRUNE: margin=-6.000000, optimistic_rem(widened)=0.000000 → cannot exceed 0.
[ 91.397s] PRUNE: margin=-6.000000, optimistic_rem(widened)=0.000000 → cannot exceed 0.
[ 91.595s] PRUNE: margin=-6.000000, optimistic_rem(widened)=0.000000 → cannot exceed 0.
[ 91.794s] PRUNE: margin=-6.000000, optimistic_rem(widened)=0.000000 → cannot exceed 0.
[ 92.191s] PRUNE: margin=-6.000000, optimistic_rem(widened)=0.000000 → cannot exceed 0.
[ 92.390s] PRUNE: margin=-6.000000, optimistic_rem(widened)=0.000000 → cannot exceed 0.
[ 92.787s] PRUNE: margin=-6.000000, optimistic_rem(widened)=0.000000 → cannot exceed 0.
[ 94.473s] PRUNE: margin=-6.000000, optimistic_rem(widened)=0.000000 → cannot exceed 0.
[ 95.366s] PRUNE: margin=-6.000000, optimistic_rem(widened)=0.000000 → cannot exceed 0.
[ 95.583s] PRUNE: margin=-6.000000, optimistic_rem(widened)=0.000000 → cannot exceed 0.
[ 95.788s] PRUNE: margin=-6.000000, optimistic_rem(widened)=0.000000 → cannot exceed 0.
[ 96.002s] PRUNE: margin=-6.000000, optimistic_rem(widened)=0.000000 → cannot exceed 0.
[ 96.221s] PRUNE: margin=-6.000000, optimistic_rem(widened)=0.000000 → cannot exceed 0.
[ 97.422s] PRUNE: margin=-6.000000, optimistic_rem(widened)=0.000000 → cannot exceed 0.
[ 97.621s] PRUNE: margin=-6.000000, optimistic_rem(widened)=0.000000 → cannot exceed 0.
[ 97.819s] PRUNE: margin=-6.000000, optimistic_rem(widened)=0.000000 → cannot exceed 0.
[ 98.018s] PRUNE: margin=-6.000000, optimistic_rem(widened)=0.000000 → cannot exceed 0.
[ 98.216s] PRUNE: margin=-6.000000, optimistic_rem(widened)=0.000000 → cannot exceed 0.
[ 98.415s] PRUNE: margin=-6.000000, optimistic_rem(widened)=0.000000 → cannot exceed 0.
[ 98.811s] PRUNE: margin=-6.000000, optimistic_rem(widened)=0.000000 → cannot exceed 0.
[ 99.010s] PRUNE: margin=-6.000000, optimistic_rem(widened)=0.000000 → cannot exceed 0.
[ 99.208s] PRUNE: margin=-6.000000, optimistic_rem(widened)=0.000000 → cannot exceed 0.
[ 99.378s] PRUNE: margin=-6.000000, optimistic_rem(widened)=0.000000 → cannot exceed 0.
[ 99.564s] PRUNE: margin=-6.000000, optimistic_rem(widened)=0.000000 → cannot exceed 0.
[ 99.752s] PRUNE: margin=-6.000000, optimistic_rem(widened)=0.000000 → cannot exceed 0.
[100.125s] PRUNE: margin=-6.000000, optimistic_rem(widened)=0.000000 → cannot exceed 0.
[100.311s] PRUNE: margin=-6.000000, optimistic_rem(widened)=0.000000 → cannot exceed 0.
[100.497s] PRUNE: margin=-6.000000, optimistic_rem(widened)=0.000000 → cannot exceed 0.
[100.683s] PRUNE: margin=-6.000000, optimistic_rem(widened)=0.000000 → cannot exceed 0.
[100.869s] PRUNE: margin=-6.000000, optimistic_rem(widened)=0.000000 → cannot exceed 0.
[101.242s] PRUNE: margin=-6.000000, optimistic_rem(widened)=0.000000 → cannot exceed 0.
[101.429s] PRUNE: margin=-6.000000, optimistic_rem(widened)=0.000000 → cannot exceed 0.
[101.615s] PRUNE: margin=-6.000000, optimistic_rem(widened)=0.000000 → cannot exceed 0.
[101.802s] PRUNE: margin=-6.000000, optimistic_rem(widened)=0.000000 → cannot exceed 0.
[102.174s] PRUNE: margin=-6.000000, optimistic_rem(widened)=0.000000 → cannot exceed 0.
[102.360s] PRUNE: margin=-6.000000, optimistic_rem(widened)=0.000000 → cannot exceed 0.
[102.540s] PRUNE: margin=-6.000000, optimistic_rem(widened)=0.000000 → cannot exceed 0.
[102.935s] PRUNE: margin=-6.000000, optimistic_rem(widened)=0.000000 → cannot exceed 0.
[103.133s] PRUNE: margin=-6.000000, optimistic_rem(widened)=0.000000 → cannot exceed 0.
[103.528s] PRUNE: margin=-6.000000, optimistic_rem(widened)=0.000000 → cannot exceed 0.
[105.111s] PRUNE: margin=-6.000000, optimistic_rem(widened)=0.000000 → cannot exceed 0.
[105.309s] PRUNE: margin=-6.000000, optimistic_rem(widened)=0.000000 → cannot exceed 0.
[105.506s] PRUNE: margin=-6.000000, optimistic_rem(widened)=0.000000 → cannot exceed 0.
[105.704s] PRUNE: margin=-6.000000, optimistic_rem(widened)=0.000000 → cannot exceed 0.
[105.902s] PRUNE: margin=-6.000000, optimistic_rem(widened)=0.000000 → cannot exceed 0.
[106.099s] PRUNE: margin=-6.000000, optimistic_rem(widened)=0.000000 → cannot exceed 0.
[106.495s] PRUNE: margin=-6.000000, optimistic_rem(widened)=0.000000 → cannot exceed 0.
[106.692s] PRUNE: margin=-6.000000, optimistic_rem(widened)=0.000000 → cannot exceed 0.
[106.890s] PRUNE: margin=-6.000000, optimistic_rem(widened)=0.000000 → cannot exceed 0.
[107.088s] PRUNE: margin=-6.000000, optimistic_rem(widened)=0.000000 → cannot exceed 0.
[107.286s] PRUNE: margin=-6.000000, optimistic_rem(widened)=0.000000 → cannot exceed 0.
[107.483s] PRUNE: margin=-6.000000, optimistic_rem(widened)=0.000000 → cannot exceed 0.
[107.879s] PRUNE: margin=-6.000000, optimistic_rem(widened)=0.000000 → cannot exceed 0.
[108.077s] PRUNE: margin=-6.000000, optimistic_rem(widened)=0.000000 → cannot exceed 0.
[108.274s] PRUNE: margin=-6.000000, optimistic_rem(widened)=0.000000 → cannot exceed 0.
[108.472s] PRUNE: margin=-6.000000, optimistic_rem(widened)=0.000000 → cannot exceed 0.
[108.670s] PRUNE: margin=-6.000000, optimistic_rem(widened)=0.000000 → cannot exceed 0.
[109.065s] PRUNE: margin=-6.000000, optimistic_rem(widened)=0.000000 → cannot exceed 0.
[109.263s] PRUNE: margin=-6.000000, optimistic_rem(widened)=0.000000 → cannot exceed 0.
[109.461s] PRUNE: margin=-6.000000, optimistic_rem(widened)=0.000000 → cannot exceed 0.
[109.658s] PRUNE: margin=-6.000000, optimistic_rem(widened)=0.000000 → cannot exceed 0.
[110.054s] PRUNE: margin=-6.000000, optimistic_rem(widened)=0.000000 → cannot exceed 0.
[110.252s] PRUNE: margin=-6.000000, optimistic_rem(widened)=0.000000 → cannot exceed 0.
[110.449s] PRUNE: margin=-6.000000, optimistic_rem(widened)=0.000000 → cannot exceed 0.
[110.845s] PRUNE: margin=-6.000000, optimistic_rem(widened)=0.000000 → cannot exceed 0.
[111.043s] PRUNE: margin=-6.000000, optimistic_rem(widened)=0.000000 → cannot exceed 0.
[111.438s] PRUNE: margin=-6.000000, optimistic_rem(widened)=0.000000 → cannot exceed 0.
[112.228s] PRUNE: margin=-6.000000, optimistic_rem(widened)=0.000000 → cannot exceed 0.
[112.426s] PRUNE: margin=-6.000000, optimistic_rem(widened)=0.000000 → cannot exceed 0.
[112.624s] PRUNE: margin=-6.000000, optimistic_rem(widened)=0.000000 → cannot exceed 0.
[112.822s] PRUNE: margin=-6.000000, optimistic_rem(widened)=0.000000 → cannot exceed 0.
[113.019s] PRUNE: margin=-6.000000, optimistic_rem(widened)=0.000000 → cannot exceed 0.
[113.217s] PRUNE: margin=-6.000000, optimistic_rem(widened)=0.000000 → cannot exceed 0.
[113.612s] PRUNE: margin=-6.000000, optimistic_rem(widened)=0.000000 → cannot exceed 0.
[113.810s] PRUNE: margin=-6.000000, optimistic_rem(widened)=0.000000 → cannot exceed 0.
[114.008s] PRUNE: margin=-6.000000, optimistic_rem(widened)=0.000000 → cannot exceed 0.
[114.206s] PRUNE: margin=-6.000000, optimistic_rem(widened)=0.000000 → cannot exceed 0.
[114.404s] PRUNE: margin=-6.000000, optimistic_rem(widened)=0.000000 → cannot exceed 0.
[114.799s] PRUNE: margin=-6.000000, optimistic_rem(widened)=0.000000 → cannot exceed 0.
[114.997s] PRUNE: margin=-6.000000, optimistic_rem(widened)=0.000000 → cannot exceed 0.
[115.194s] PRUNE: margin=-6.000000, optimistic_rem(widened)=0.000000 → cannot exceed 0.
[115.392s] PRUNE: margin=-6.000000, optimistic_rem(widened)=0.000000 → cannot exceed 0.
[115.788s] PRUNE: margin=-6.000000, optimistic_rem(widened)=0.000000 → cannot exceed 0.
[115.985s] PRUNE: margin=-6.000000, optimistic_rem(widened)=0.000000 → cannot exceed 0.
[116.183s] PRUNE: margin=-6.000000, optimistic_rem(widened)=0.000000 → cannot exceed 0.
[116.579s] PRUNE: margin=-6.000000, optimistic_rem(widened)=0.000000 → cannot exceed 0.
[116.776s] PRUNE: margin=-6.000000, optimistic_rem(widened)=0.000000 → cannot exceed 0.
[117.172s] PRUNE: margin=-6.000000, optimistic_rem(widened)=0.000000 → cannot exceed 0.
[117.963s] PRUNE: margin=-6.000000, optimistic_rem(widened)=0.000000 → cannot exceed 0.
[118.160s] PRUNE: margin=-6.000000, optimistic_rem(widened)=0.000000 → cannot exceed 0.
[118.358s] PRUNE: margin=-6.000000, optimistic_rem(widened)=0.000000 → cannot exceed 0.
[118.556s] PRUNE: margin=-6.000000, optimistic_rem(widened)=0.000000 → cannot exceed 0.
[118.754s] PRUNE: margin=-6.000000, optimistic_rem(widened)=0.000000 → cannot exceed 0.
[119.149s] PRUNE: margin=-6.000000, optimistic_rem(widened)=0.000000 → cannot exceed 0.
[119.347s] PRUNE: margin=-6.000000, optimistic_rem(widened)=0.000000 → cannot exceed 0.
[119.545s] PRUNE: margin=-6.000000, optimistic_rem(widened)=0.000000 → cannot exceed 0.
[119.743s] PRUNE: margin=-6.000000, optimistic_rem(widened)=0.000000 → cannot exceed 0.
[120.138s] PRUNE: margin=-6.000000, optimistic_rem(widened)=0.000000 → cannot exceed 0.
[120.336s] PRUNE: margin=-6.000000, optimistic_rem(widened)=0.000000 → cannot exceed 0.
[120.534s] PRUNE: margin=-6.000000, optimistic_rem(widened)=0.000000 → cannot exceed 0.
[120.929s] PRUNE: margin=-6.000000, optimistic_rem(widened)=0.000000 → cannot exceed 0.
[121.127s] PRUNE: margin=-6.000000, optimistic_rem(widened)=0.000000 → cannot exceed 0.
[121.523s] PRUNE: margin=-6.000000, optimistic_rem(widened)=0.000000 → cannot exceed 0.
[122.314s] PRUNE: margin=-6.000000, optimistic_rem(widened)=0.000000 → cannot exceed 0.
[122.512s] PRUNE: margin=-6.000000, optimistic_rem(widened)=0.000000 → cannot exceed 0.
[122.709s] PRUNE: margin=-6.000000, optimistic_rem(widened)=0.000000 → cannot exceed 0.
[122.907s] PRUNE: margin=-6.000000, optimistic_rem(widened)=0.000000 → cannot exceed 0.
[123.302s] PRUNE: margin=-6.000000, optimistic_rem(widened)=0.000000 → cannot exceed 0.
[123.500s] PRUNE: margin=-6.000000, optimistic_rem(widened)=0.000000 → cannot exceed 0.
[123.698s] PRUNE: margin=-6.000000, optimistic_rem(widened)=0.000000 → cannot exceed 0.
[124.093s] PRUNE: margin=-6.000000, optimistic_rem(widened)=0.000000 → cannot exceed 0.
[124.291s] PRUNE: margin=-6.000000, optimistic_rem(widened)=0.000000 → cannot exceed 0.
[124.608s] PRUNE: margin=-6.000000, optimistic_rem(widened)=0.000000 → cannot exceed 0.
[125.151s] PRUNE: margin=-6.000000, optimistic_rem(widened)=0.000000 → cannot exceed 0.
[125.349s] PRUNE: margin=-6.000000, optimistic_rem(widened)=0.000000 → cannot exceed 0.
[125.547s] PRUNE: margin=-6.000000, optimistic_rem(widened)=0.000000 → cannot exceed 0.
[125.942s] PRUNE: margin=-6.000000, optimistic_rem(widened)=0.000000 → cannot exceed 0.
[126.140s] PRUNE: margin=-6.000000, optimistic_rem(widened)=0.000000 → cannot exceed 0.
[126.535s] PRUNE: margin=-6.000000, optimistic_rem(widened)=0.000000 → cannot exceed 0.
[127.325s] PRUNE: margin=-6.000000, optimistic_rem(widened)=0.000000 → cannot exceed 0.
[127.523s] PRUNE: margin=-6.000000, optimistic_rem(widened)=0.000000 → cannot exceed 0.
[127.918s] PRUNE: margin=-6.000000, optimistic_rem(widened)=0.000000 → cannot exceed 0.
[128.709s] PRUNE: margin=-6.000000, optimistic_rem(widened)=0.000000 → cannot exceed 0.
[130.092s] PRUNE: margin=-5.000000, optimistic_rem(widened)=4.296875 → cannot exceed 0.
[130.388s] PRUNE: margin=-5.000000, optimistic_rem(widened)=2.171875 → cannot exceed 0.
[130.685s] PRUNE: margin=-5.000000, optimistic_rem(widened)=0.000000 → cannot exceed 0.
[130.883s] PRUNE: margin=-5.000000, optimistic_rem(widened)=0.000000 → cannot exceed 0.
[131.080s] PRUNE: margin=-5.000000, optimistic_rem(widened)=0.000000 → cannot exceed 0.
[131.278s] PRUNE: margin=-5.000000, optimistic_rem(widened)=0.000000 → cannot exceed 0.
[131.476s] PRUNE: margin=-5.000000, optimistic_rem(widened)=0.000000 → cannot exceed 0.
[131.673s] PRUNE: margin=-5.000000, optimistic_rem(widened)=0.000000 → cannot exceed 0.
[131.871s] PRUNE: margin=-5.000000, optimistic_rem(widened)=0.000000 → cannot exceed 0.
[132.069s] PRUNE: margin=-6.000000, optimistic_rem(widened)=0.000000 → cannot exceed 0.
[132.267s] PRUNE: margin=-6.000000, optimistic_rem(widened)=0.000000 → cannot exceed 0.
[132.662s] PRUNE: margin=-5.000000, optimistic_rem(widened)=0.000000 → cannot exceed 0.
[132.860s] PRUNE: margin=-6.000000, optimistic_rem(widened)=0.000000 → cannot exceed 0.
[133.058s] PRUNE: margin=-6.000000, optimistic_rem(widened)=0.000000 → cannot exceed 0.
[133.256s] PRUNE: margin=-6.000000, optimistic_rem(widened)=0.000000 → cannot exceed 0.
[133.453s] PRUNE: margin=-6.000000, optimistic_rem(widened)=0.000000 → cannot exceed 0.
[133.651s] PRUNE: margin=-6.000000, optimistic_rem(widened)=0.000000 → cannot exceed 0.
[133.849s] PRUNE: margin=-6.000000, optimistic_rem(widened)=0.000000 → cannot exceed 0.
[134.047s] PRUNE: margin=-6.000000, optimistic_rem(widened)=0.000000 → cannot exceed 0.
[134.442s] PRUNE: margin=-6.000000, optimistic_rem(widened)=0.000000 → cannot exceed 0.
[134.640s] PRUNE: margin=-6.000000, optimistic_rem(widened)=0.000000 → cannot exceed 0.
[134.838s] PRUNE: margin=-6.000000, optimistic_rem(widened)=0.000000 → cannot exceed 0.
[135.036s] PRUNE: margin=-6.000000, optimistic_rem(widened)=0.000000 → cannot exceed 0.
[135.234s] PRUNE: margin=-6.000000, optimistic_rem(widened)=0.000000 → cannot exceed 0.
[135.432s] PRUNE: margin=-6.000000, optimistic_rem(widened)=0.000000 → cannot exceed 0.
[135.629s] PRUNE: margin=-6.000000, optimistic_rem(widened)=0.000000 → cannot exceed 0.
[136.025s] PRUNE: margin=-6.000000, optimistic_rem(widened)=0.000000 → cannot exceed 0.
[136.223s] PRUNE: margin=-6.000000, optimistic_rem(widened)=0.000000 → cannot exceed 0.
[136.420s] PRUNE: margin=-6.000000, optimistic_rem(widened)=0.000000 → cannot exceed 0.
[136.618s] PRUNE: margin=-6.000000, optimistic_rem(widened)=0.000000 → cannot exceed 0.
[136.816s] PRUNE: margin=-6.000000, optimistic_rem(widened)=0.000000 → cannot exceed 0.
[137.013s] PRUNE: margin=-6.000000, optimistic_rem(widened)=0.000000 → cannot exceed 0.
[137.409s] PRUNE: margin=-6.000000, optimistic_rem(widened)=0.000000 → cannot exceed 0.
[137.607s] PRUNE: margin=-6.000000, optimistic_rem(widened)=0.000000 → cannot exceed 0.
[137.804s] PRUNE: margin=-6.000000, optimistic_rem(widened)=0.000000 → cannot exceed 0.
[138.002s] PRUNE: margin=-6.000000, optimistic_rem(widened)=0.000000 → cannot exceed 0.
[138.200s] PRUNE: margin=-6.000000, optimistic_rem(widened)=0.000000 → cannot exceed 0.
[138.595s] PRUNE: margin=-6.000000, optimistic_rem(widened)=0.000000 → cannot exceed 0.
[138.793s] PRUNE: margin=-6.000000, optimistic_rem(widened)=0.000000 → cannot exceed 0.
[138.990s] PRUNE: margin=-6.000000, optimistic_rem(widened)=0.000000 → cannot exceed 0.
[139.188s] PRUNE: margin=-6.000000, optimistic_rem(widened)=0.000000 → cannot exceed 0.
[139.584s] PRUNE: margin=-6.000000, optimistic_rem(widened)=0.000000 → cannot exceed 0.
[139.782s] PRUNE: margin=-6.000000, optimistic_rem(widened)=0.000000 → cannot exceed 0.
[139.979s] PRUNE: margin=-6.000000, optimistic_rem(widened)=0.000000 → cannot exceed 0.
[140.375s] PRUNE: margin=-6.000000, optimistic_rem(widened)=0.000000 → cannot exceed 0.
[140.573s] PRUNE: margin=-6.000000, optimistic_rem(widened)=0.000000 → cannot exceed 0.
[140.969s] PRUNE: margin=-6.000000, optimistic_rem(widened)=0.000000 → cannot exceed 0.
[141.759s] PRUNE: margin=-6.000000, optimistic_rem(widened)=0.000000 → cannot exceed 0.
[141.957s] PRUNE: margin=-6.000000, optimistic_rem(widened)=0.000000 → cannot exceed 0.
[142.155s] PRUNE: margin=-6.000000, optimistic_rem(widened)=0.000000 → cannot exceed 0.
[142.352s] PRUNE: margin=-6.000000, optimistic_rem(widened)=0.000000 → cannot exceed 0.
[142.552s] PRUNE: margin=-6.000000, optimistic_rem(widened)=0.000000 → cannot exceed 0.
[142.750s] PRUNE: margin=-6.000000, optimistic_rem(widened)=0.000000 → cannot exceed 0.
[142.947s] PRUNE: margin=-6.000000, optimistic_rem(widened)=0.000000 → cannot exceed 0.
[143.145s] PRUNE: margin=-6.000000, optimistic_rem(widened)=0.000000 → cannot exceed 0.
[143.343s] PRUNE: margin=-6.000000, optimistic_rem(widened)=0.000000 → cannot exceed 0.
[146.110s] PRUNE: margin=-6.000000, optimistic_rem(widened)=0.000000 → cannot exceed 0.
[146.307s] PRUNE: margin=-6.000000, optimistic_rem(widened)=0.000000 → cannot exceed 0.
[146.505s] PRUNE: margin=-6.000000, optimistic_rem(widened)=0.000000 → cannot exceed 0.
[146.702s] PRUNE: margin=-6.000000, optimistic_rem(widened)=0.000000 → cannot exceed 0.
[146.900s] PRUNE: margin=-6.000000, optimistic_rem(widened)=0.000000 → cannot exceed 0.
[148.777s] PRUNE: margin=-6.000000, optimistic_rem(widened)=0.000000 → cannot exceed 0.
[148.975s] PRUNE: margin=-6.000000, optimistic_rem(widened)=0.000000 → cannot exceed 0.
[149.172s] PRUNE: margin=-6.000000, optimistic_rem(widened)=0.000000 → cannot exceed 0.
[149.370s] PRUNE: margin=-6.000000, optimistic_rem(widened)=0.000000 → cannot exceed 0.
[149.568s] PRUNE: margin=-6.000000, optimistic_rem(widened)=0.000000 → cannot exceed 0.
[150.655s] PRUNE: margin=-6.000000, optimistic_rem(widened)=0.000000 → cannot exceed 0.
[150.852s] PRUNE: margin=-6.000000, optimistic_rem(widened)=0.000000 → cannot exceed 0.
[151.050s] PRUNE: margin=-6.000000, optimistic_rem(widened)=0.000000 → cannot exceed 0.
[151.248s] PRUNE: margin=-6.000000, optimistic_rem(widened)=0.000000 → cannot exceed 0.
[151.445s] PRUNE: margin=-6.000000, optimistic_rem(widened)=0.000000 → cannot exceed 0.
[151.841s] PRUNE: margin=-6.000000, optimistic_rem(widened)=0.000000 → cannot exceed 0.
[152.038s] PRUNE: margin=-6.000000, optimistic_rem(widened)=0.000000 → cannot exceed 0.
[152.236s] PRUNE: margin=-6.000000, optimistic_rem(widened)=0.000000 → cannot exceed 0.
[152.434s] PRUNE: margin=-6.000000, optimistic_rem(widened)=0.000000 → cannot exceed 0.
[152.632s] PRUNE: margin=-6.000000, optimistic_rem(widened)=0.000000 → cannot exceed 0.
[153.027s] PRUNE: margin=-6.000000, optimistic_rem(widened)=0.000000 → cannot exceed 0.
[153.225s] PRUNE: margin=-6.000000, optimistic_rem(widened)=0.000000 → cannot exceed 0.
[153.422s] PRUNE: margin=-6.000000, optimistic_rem(widened)=0.000000 → cannot exceed 0.
[153.620s] PRUNE: margin=-6.000000, optimistic_rem(widened)=0.000000 → cannot exceed 0.
[154.016s] PRUNE: margin=-6.000000, optimistic_rem(widened)=0.000000 → cannot exceed 0.
[154.213s] PRUNE: margin=-6.000000, optimistic_rem(widened)=0.000000 → cannot exceed 0.
[154.411s] PRUNE: margin=-6.000000, optimistic_rem(widened)=0.000000 → cannot exceed 0.
[154.806s] PRUNE: margin=-6.000000, optimistic_rem(widened)=0.000000 → cannot exceed 0.
[155.004s] PRUNE: margin=-6.000000, optimistic_rem(widened)=0.000000 → cannot exceed 0.
[155.400s] PRUNE: margin=-6.000000, optimistic_rem(widened)=0.000000 → cannot exceed 0.
[156.190s] PRUNE: margin=-6.000000, optimistic_rem(widened)=0.000000 → cannot exceed 0.
[156.388s] PRUNE: margin=-6.000000, optimistic_rem(widened)=0.000000 → cannot exceed 0.
[156.586s] PRUNE: margin=-6.000000, optimistic_rem(widened)=0.000000 → cannot exceed 0.
[156.783s] PRUNE: margin=-6.000000, optimistic_rem(widened)=0.000000 → cannot exceed 0.
[156.981s] PRUNE: margin=-6.000000, optimistic_rem(widened)=0.000000 → cannot exceed 0.
[157.179s] PRUNE: margin=-6.000000, optimistic_rem(widened)=0.000000 → cannot exceed 0.
[157.377s] PRUNE: margin=-6.000000, optimistic_rem(widened)=0.000000 → cannot exceed 0.
[157.574s] PRUNE: margin=-6.000000, optimistic_rem(widened)=0.000000 → cannot exceed 0.
[157.970s] PRUNE: margin=-6.000000, optimistic_rem(widened)=0.000000 → cannot exceed 0.
[158.167s] PRUNE: margin=-6.000000, optimistic_rem(widened)=0.000000 → cannot exceed 0.
[158.365s] PRUNE: margin=-6.000000, optimistic_rem(widened)=0.000000 → cannot exceed 0.
[158.563s] PRUNE: margin=-6.000000, optimistic_rem(widened)=0.000000 → cannot exceed 0.
[158.761s] PRUNE: margin=-6.000000, optimistic_rem(widened)=0.000000 → cannot exceed 0.
[158.959s] PRUNE: margin=-6.000000, optimistic_rem(widened)=0.000000 → cannot exceed 0.
[159.156s] PRUNE: margin=-6.000000, optimistic_rem(widened)=0.000000 → cannot exceed 0.
[159.552s] PRUNE: margin=-6.000000, optimistic_rem(widened)=0.000000 → cannot exceed 0.
[159.749s] PRUNE: margin=-6.000000, optimistic_rem(widened)=0.000000 → cannot exceed 0.
[159.947s] PRUNE: margin=-6.000000, optimistic_rem(widened)=0.000000 → cannot exceed 0.
[160.145s] PRUNE: margin=-6.000000, optimistic_rem(widened)=0.000000 → cannot exceed 0.
[160.343s] PRUNE: margin=-6.000000, optimistic_rem(widened)=0.000000 → cannot exceed 0.
[160.540s] PRUNE: margin=-6.000000, optimistic_rem(widened)=0.000000 → cannot exceed 0.
[160.936s] PRUNE: margin=-6.000000, optimistic_rem(widened)=0.000000 → cannot exceed 0.
[161.133s] PRUNE: margin=-6.000000, optimistic_rem(widened)=0.000000 → cannot exceed 0.
[161.331s] PRUNE: margin=-6.000000, optimistic_rem(widened)=0.000000 → cannot exceed 0.
[161.529s] PRUNE: margin=-6.000000, optimistic_rem(widened)=0.000000 → cannot exceed 0.
[161.727s] PRUNE: margin=-6.000000, optimistic_rem(widened)=0.000000 → cannot exceed 0.
[162.124s] PRUNE: margin=-6.000000, optimistic_rem(widened)=0.000000 → cannot exceed 0.
[162.321s] PRUNE: margin=-6.000000, optimistic_rem(widened)=0.000000 → cannot exceed 0.
[162.519s] PRUNE: margin=-6.000000, optimistic_rem(widened)=0.000000 → cannot exceed 0.
[162.717s] PRUNE: margin=-6.000000, optimistic_rem(widened)=0.000000 → cannot exceed 0.
[163.046s] PRUNE: margin=-6.000000, optimistic_rem(widened)=0.000000 → cannot exceed 0.
[163.169s] PRUNE: margin=-6.000000, optimistic_rem(widened)=0.000000 → cannot exceed 0.
[163.287s] PRUNE: margin=-6.000000, optimistic_rem(widened)=0.000000 → cannot exceed 0.
[163.520s] PRUNE: margin=-6.000000, optimistic_rem(widened)=0.000000 → cannot exceed 0.
[163.637s] PRUNE: margin=-6.000000, optimistic_rem(widened)=0.000000 → cannot exceed 0.
[163.965s] PRUNE: margin=-6.000000, optimistic_rem(widened)=0.000000 → cannot exceed 0.
[166.240s] PRUNE: margin=-6.000000, optimistic_rem(widened)=0.000000 → cannot exceed 0.
[166.439s] PRUNE: margin=-6.000000, optimistic_rem(widened)=0.000000 → cannot exceed 0.
[166.637s] PRUNE: margin=-6.000000, optimistic_rem(widened)=0.000000 → cannot exceed 0.
[166.835s] PRUNE: margin=-6.000000, optimistic_rem(widened)=0.000000 → cannot exceed 0.
[167.034s] PRUNE: margin=-6.000000, optimistic_rem(widened)=0.000000 → cannot exceed 0.
[168.124s] PRUNE: margin=-6.000000, optimistic_rem(widened)=0.000000 → cannot exceed 0.
[168.322s] PRUNE: margin=-6.000000, optimistic_rem(widened)=0.000000 → cannot exceed 0.
[168.520s] PRUNE: margin=-6.000000, optimistic_rem(widened)=0.000000 → cannot exceed 0.
[168.718s] PRUNE: margin=-6.000000, optimistic_rem(widened)=0.000000 → cannot exceed 0.
[168.917s] PRUNE: margin=-6.000000, optimistic_rem(widened)=0.000000 → cannot exceed 0.
[169.313s] PRUNE: margin=-6.000000, optimistic_rem(widened)=0.000000 → cannot exceed 0.
[169.512s] PRUNE: margin=-6.000000, optimistic_rem(widened)=0.000000 → cannot exceed 0.
[169.710s] PRUNE: margin=-6.000000, optimistic_rem(widened)=0.000000 → cannot exceed 0.
[169.916s] PRUNE: margin=-6.000000, optimistic_rem(widened)=0.000000 → cannot exceed 0.
[170.114s] PRUNE: margin=-6.000000, optimistic_rem(widened)=0.000000 → cannot exceed 0.
[170.511s] PRUNE: margin=-6.000000, optimistic_rem(widened)=0.000000 → cannot exceed 0.
[170.709s] PRUNE: margin=-6.000000, optimistic_rem(widened)=0.000000 → cannot exceed 0.
[170.908s] PRUNE: margin=-6.000000, optimistic_rem(widened)=0.000000 → cannot exceed 0.
[171.106s] PRUNE: margin=-6.000000, optimistic_rem(widened)=0.000000 → cannot exceed 0.
[171.503s] PRUNE: margin=-6.000000, optimistic_rem(widened)=0.000000 → cannot exceed 0.
[171.701s] PRUNE: margin=-6.000000, optimistic_rem(widened)=0.000000 → cannot exceed 0.
[171.900s] PRUNE: margin=-6.000000, optimistic_rem(widened)=0.000000 → cannot exceed 0.
[172.296s] PRUNE: margin=-6.000000, optimistic_rem(widened)=0.000000 → cannot exceed 0.
[172.494s] PRUNE: margin=-6.000000, optimistic_rem(widened)=0.000000 → cannot exceed 0.
[172.884s] PRUNE: margin=-6.000000, optimistic_rem(widened)=0.000000 → cannot exceed 0.
[174.464s] PRUNE: margin=-6.000000, optimistic_rem(widened)=0.000000 → cannot exceed 0.
[174.678s] PRUNE: margin=-6.000000, optimistic_rem(widened)=0.000000 → cannot exceed 0.
[174.891s] PRUNE: margin=-6.000000, optimistic_rem(widened)=0.000000 → cannot exceed 0.
[175.089s] PRUNE: margin=-6.000000, optimistic_rem(widened)=0.000000 → cannot exceed 0.
[175.288s] PRUNE: margin=-6.000000, optimistic_rem(widened)=0.000000 → cannot exceed 0.
[175.684s] PRUNE: margin=-6.000000, optimistic_rem(widened)=0.000000 → cannot exceed 0.
[175.883s] PRUNE: margin=-6.000000, optimistic_rem(widened)=0.000000 → cannot exceed 0.
[176.081s] PRUNE: margin=-6.000000, optimistic_rem(widened)=0.000000 → cannot exceed 0.
[176.279s] PRUNE: margin=-6.000000, optimistic_rem(widened)=0.000000 → cannot exceed 0.
[176.478s] PRUNE: margin=-6.000000, optimistic_rem(widened)=0.000000 → cannot exceed 0.
[176.874s] PRUNE: margin=-6.000000, optimistic_rem(widened)=0.000000 → cannot exceed 0.
[177.073s] PRUNE: margin=-6.000000, optimistic_rem(widened)=0.000000 → cannot exceed 0.
[177.271s] PRUNE: margin=-6.000000, optimistic_rem(widened)=0.000000 → cannot exceed 0.
[177.470s] PRUNE: margin=-6.000000, optimistic_rem(widened)=0.000000 → cannot exceed 0.
[177.866s] PRUNE: margin=-6.000000, optimistic_rem(widened)=0.000000 → cannot exceed 0.
[178.065s] PRUNE: margin=-6.000000, optimistic_rem(widened)=0.000000 → cannot exceed 0.
[178.263s] PRUNE: margin=-6.000000, optimistic_rem(widened)=0.000000 → cannot exceed 0.
[178.660s] PRUNE: margin=-6.000000, optimistic_rem(widened)=0.000000 → cannot exceed 0.
[178.859s] PRUNE: margin=-6.000000, optimistic_rem(widened)=0.000000 → cannot exceed 0.
[179.255s] PRUNE: margin=-6.000000, optimistic_rem(widened)=0.000000 → cannot exceed 0.
[180.049s] PRUNE: margin=-6.000000, optimistic_rem(widened)=0.000000 → cannot exceed 0.
[180.247s] PRUNE: margin=-6.000000, optimistic_rem(widened)=0.000000 → cannot exceed 0.
[180.445s] PRUNE: margin=-6.000000, optimistic_rem(widened)=0.000000 → cannot exceed 0.
[180.644s] PRUNE: margin=-6.000000, optimistic_rem(widened)=0.000000 → cannot exceed 0.
[180.842s] PRUNE: margin=-6.000000, optimistic_rem(widened)=0.000000 → cannot exceed 0.
[181.239s] PRUNE: margin=-6.000000, optimistic_rem(widened)=0.000000 → cannot exceed 0.
[181.437s] PRUNE: margin=-6.000000, optimistic_rem(widened)=0.000000 → cannot exceed 0.
[181.636s] PRUNE: margin=-6.000000, optimistic_rem(widened)=0.000000 → cannot exceed 0.
[181.834s] PRUNE: margin=-6.000000, optimistic_rem(widened)=0.000000 → cannot exceed 0.
[182.231s] PRUNE: margin=-6.000000, optimistic_rem(widened)=0.000000 → cannot exceed 0.
[182.430s] PRUNE: margin=-6.000000, optimistic_rem(widened)=0.000000 → cannot exceed 0.
[182.628s] PRUNE: margin=-6.000000, optimistic_rem(widened)=0.000000 → cannot exceed 0.
[183.024s] PRUNE: margin=-6.000000, optimistic_rem(widened)=0.000000 → cannot exceed 0.
[183.223s] PRUNE: margin=-6.000000, optimistic_rem(widened)=0.000000 → cannot exceed 0.
[183.620s] PRUNE: margin=-6.000000, optimistic_rem(widened)=0.000000 → cannot exceed 0.
[184.414s] PRUNE: margin=-6.000000, optimistic_rem(widened)=0.000000 → cannot exceed 0.
[184.613s] PRUNE: margin=-6.000000, optimistic_rem(widened)=0.000000 → cannot exceed 0.
[184.811s] PRUNE: margin=-6.000000, optimistic_rem(widened)=0.000000 → cannot exceed 0.
[185.009s] PRUNE: margin=-6.000000, optimistic_rem(widened)=0.000000 → cannot exceed 0.
[185.406s] PRUNE: margin=-6.000000, optimistic_rem(widened)=0.000000 → cannot exceed 0.
[185.604s] PRUNE: margin=-6.000000, optimistic_rem(widened)=0.000000 → cannot exceed 0.
[185.803s] PRUNE: margin=-6.000000, optimistic_rem(widened)=0.000000 → cannot exceed 0.
[186.199s] PRUNE: margin=-6.000000, optimistic_rem(widened)=0.000000 → cannot exceed 0.
[186.398s] PRUNE: margin=-6.000000, optimistic_rem(widened)=0.000000 → cannot exceed 0.
[186.795s] PRUNE: margin=-6.000000, optimistic_rem(widened)=0.000000 → cannot exceed 0.
[187.588s] PRUNE: margin=-6.000000, optimistic_rem(widened)=0.000000 → cannot exceed 0.
[187.786s] PRUNE: margin=-6.000000, optimistic_rem(widened)=0.000000 → cannot exceed 0.
[187.985s] PRUNE: margin=-6.000000, optimistic_rem(widened)=0.000000 → cannot exceed 0.
[188.382s] PRUNE: margin=-6.000000, optimistic_rem(widened)=0.000000 → cannot exceed 0.
[188.580s] PRUNE: margin=-6.000000, optimistic_rem(widened)=0.000000 → cannot exceed 0.
[188.977s] PRUNE: margin=-6.000000, optimistic_rem(widened)=0.000000 → cannot exceed 0.
[189.770s] PRUNE: margin=-6.000000, optimistic_rem(widened)=0.000000 → cannot exceed 0.
[189.969s] PRUNE: margin=-6.000000, optimistic_rem(widened)=0.000000 → cannot exceed 0.
[190.366s] PRUNE: margin=-6.000000, optimistic_rem(widened)=0.000000 → cannot exceed 0.
[191.159s] PRUNE: margin=-6.000000, optimistic_rem(widened)=0.000000 → cannot exceed 0.
[192.646s] PRUNE: margin=-5.500000, optimistic_rem(widened)=2.750000 → cannot exceed 0.
[192.844s] PRUNE: margin=-5.500000, optimistic_rem(widened)=2.750000 → cannot exceed 0.
[193.043s] PRUNE: margin=-5.500000, optimistic_rem(widened)=2.750000 → cannot exceed 0.
[193.241s] PRUNE: margin=-5.000000, optimistic_rem(widened)=2.171875 → cannot exceed 0.
[193.439s] PRUNE: margin=-5.000000, optimistic_rem(widened)=2.187500 → cannot exceed 0.
[193.637s] PRUNE: margin=-5.500000, optimistic_rem(widened)=3.453125 → cannot exceed 0.
[193.895s] PRUNE: margin=-5.500000, optimistic_rem(widened)=3.453125 → cannot exceed 0.
[194.093s] PRUNE: margin=-5.500000, optimistic_rem(widened)=3.453125 → cannot exceed 0.
[194.292s] PRUNE: margin=-5.500000, optimistic_rem(widened)=3.453125 → cannot exceed 0.
[194.490s] PRUNE: margin=-5.500000, optimistic_rem(widened)=3.453125 → cannot exceed 0.
[194.688s] PRUNE: margin=-5.500000, optimistic_rem(widened)=3.437500 → cannot exceed 0.
[195.185s] PRUNE: margin=-6.000000, optimistic_rem(widened)=0.000000 → cannot exceed 0.
[195.383s] PRUNE: margin=-6.500000, optimistic_rem(widened)=0.000000 → cannot exceed 0.
[195.581s] PRUNE: margin=-6.500000, optimistic_rem(widened)=0.000000 → cannot exceed 0.
[195.780s] PRUNE: margin=-6.500000, optimistic_rem(widened)=0.000000 → cannot exceed 0.
[195.978s] PRUNE: margin=-6.500000, optimistic_rem(widened)=0.000000 → cannot exceed 0.
[196.177s] PRUNE: margin=-6.500000, optimistic_rem(widened)=0.000000 → cannot exceed 0.
[196.375s] PRUNE: margin=-6.500000, optimistic_rem(widened)=0.000000 → cannot exceed 0.
[196.574s] PRUNE: margin=-6.500000, optimistic_rem(widened)=0.000000 → cannot exceed 0.
[196.772s] PRUNE: margin=-6.500000, optimistic_rem(widened)=0.000000 → cannot exceed 0.
[197.169s] PRUNE: margin=-6.000000, optimistic_rem(widened)=0.000000 → cannot exceed 0.
[197.368s] PRUNE: margin=-6.500000, optimistic_rem(widened)=0.000000 → cannot exceed 0.
[197.566s] PRUNE: margin=-6.500000, optimistic_rem(widened)=0.000000 → cannot exceed 0.
[197.764s] PRUNE: margin=-6.500000, optimistic_rem(widened)=0.000000 → cannot exceed 0.
[197.963s] PRUNE: margin=-6.500000, optimistic_rem(widened)=0.000000 → cannot exceed 0.
[198.162s] PRUNE: margin=-6.500000, optimistic_rem(widened)=0.000000 → cannot exceed 0.
[198.438s] PRUNE: margin=-6.500000, optimistic_rem(widened)=0.000000 → cannot exceed 0.
[198.636s] PRUNE: margin=-6.500000, optimistic_rem(widened)=0.000000 → cannot exceed 0.
[199.033s] PRUNE: margin=-6.000000, optimistic_rem(widened)=0.000000 → cannot exceed 0.
[199.232s] PRUNE: margin=-6.500000, optimistic_rem(widened)=0.000000 → cannot exceed 0.
[199.431s] PRUNE: margin=-6.500000, optimistic_rem(widened)=0.000000 → cannot exceed 0.
[199.656s] PRUNE: margin=-6.500000, optimistic_rem(widened)=0.000000 → cannot exceed 0.
[199.911s] PRUNE: margin=-6.500000, optimistic_rem(widened)=0.000000 → cannot exceed 0.
[200.108s] PRUNE: margin=-6.500000, optimistic_rem(widened)=0.000000 → cannot exceed 0.
[200.305s] PRUNE: margin=-6.500000, optimistic_rem(widened)=0.000000 → cannot exceed 0.
[200.699s] PRUNE: margin=-6.000000, optimistic_rem(widened)=0.000000 → cannot exceed 0.
[200.896s] PRUNE: margin=-6.000000, optimistic_rem(widened)=0.000000 → cannot exceed 0.
[201.093s] PRUNE: margin=-6.500000, optimistic_rem(widened)=0.000000 → cannot exceed 0.
[201.290s] PRUNE: margin=-6.500000, optimistic_rem(widened)=0.000000 → cannot exceed 0.
[201.488s] PRUNE: margin=-6.500000, optimistic_rem(widened)=0.000000 → cannot exceed 0.
[201.685s] PRUNE: margin=-6.500000, optimistic_rem(widened)=0.000000 → cannot exceed 0.
[202.081s] PRUNE: margin=-6.500000, optimistic_rem(widened)=0.000000 → cannot exceed 0.
[202.278s] PRUNE: margin=-6.500000, optimistic_rem(widened)=0.000000 → cannot exceed 0.
[202.475s] PRUNE: margin=-6.500000, optimistic_rem(widened)=0.000000 → cannot exceed 0.
[202.672s] PRUNE: margin=-6.500000, optimistic_rem(widened)=0.000000 → cannot exceed 0.
[202.869s] PRUNE: margin=-6.500000, optimistic_rem(widened)=0.000000 → cannot exceed 0.
[203.263s] PRUNE: margin=-6.500000, optimistic_rem(widened)=0.000000 → cannot exceed 0.
[203.460s] PRUNE: margin=-6.500000, optimistic_rem(widened)=0.000000 → cannot exceed 0.
[203.657s] PRUNE: margin=-6.500000, optimistic_rem(widened)=0.000000 → cannot exceed 0.
[203.854s] PRUNE: margin=-6.500000, optimistic_rem(widened)=0.000000 → cannot exceed 0.
[204.248s] PRUNE: margin=-6.500000, optimistic_rem(widened)=0.000000 → cannot exceed 0.
[204.445s] PRUNE: margin=-6.500000, optimistic_rem(widened)=0.000000 → cannot exceed 0.
[204.642s] PRUNE: margin=-6.500000, optimistic_rem(widened)=0.000000 → cannot exceed 0.
[205.036s] PRUNE: margin=-6.500000, optimistic_rem(widened)=0.000000 → cannot exceed 0.
[205.233s] PRUNE: margin=-6.500000, optimistic_rem(widened)=0.000000 → cannot exceed 0.
[205.627s] PRUNE: margin=-6.500000, optimistic_rem(widened)=0.000000 → cannot exceed 0.
[206.446s] PRUNE: margin=-6.000000, optimistic_rem(widened)=0.000000 → cannot exceed 0.
[206.666s] PRUNE: margin=-6.500000, optimistic_rem(widened)=0.000000 → cannot exceed 0.
[206.863s] PRUNE: margin=-6.500000, optimistic_rem(widened)=0.000000 → cannot exceed 0.
[207.060s] PRUNE: margin=-6.500000, optimistic_rem(widened)=0.000000 → cannot exceed 0.
[207.257s] PRUNE: margin=-6.500000, optimistic_rem(widened)=0.000000 → cannot exceed 0.
[207.454s] PRUNE: margin=-6.500000, optimistic_rem(widened)=0.000000 → cannot exceed 0.
[207.652s] PRUNE: margin=-6.500000, optimistic_rem(widened)=0.000000 → cannot exceed 0.
[207.849s] PRUNE: margin=-6.500000, optimistic_rem(widened)=0.000000 → cannot exceed 0.
[208.243s] PRUNE: margin=-6.000000, optimistic_rem(widened)=0.000000 → cannot exceed 0.
[208.440s] PRUNE: margin=-6.500000, optimistic_rem(widened)=0.000000 → cannot exceed 0.
[208.637s] PRUNE: margin=-6.500000, optimistic_rem(widened)=0.000000 → cannot exceed 0.
[208.834s] PRUNE: margin=-6.500000, optimistic_rem(widened)=0.000000 → cannot exceed 0.
[209.031s] PRUNE: margin=-6.500000, optimistic_rem(widened)=0.000000 → cannot exceed 0.
[209.228s] PRUNE: margin=-6.500000, optimistic_rem(widened)=0.000000 → cannot exceed 0.
[209.426s] PRUNE: margin=-6.500000, optimistic_rem(widened)=0.000000 → cannot exceed 0.
[209.820s] PRUNE: margin=-6.000000, optimistic_rem(widened)=0.000000 → cannot exceed 0.
[210.017s] PRUNE: margin=-6.000000, optimistic_rem(widened)=0.000000 → cannot exceed 0.
[210.214s] PRUNE: margin=-6.500000, optimistic_rem(widened)=0.000000 → cannot exceed 0.
[210.411s] PRUNE: margin=-6.500000, optimistic_rem(widened)=0.000000 → cannot exceed 0.
[210.608s] PRUNE: margin=-6.500000, optimistic_rem(widened)=0.000000 → cannot exceed 0.
[210.805s] PRUNE: margin=-6.500000, optimistic_rem(widened)=0.000000 → cannot exceed 0.
[211.207s] PRUNE: margin=-6.500000, optimistic_rem(widened)=0.000000 → cannot exceed 0.
[211.404s] PRUNE: margin=-6.500000, optimistic_rem(widened)=0.000000 → cannot exceed 0.
[211.601s] PRUNE: margin=-6.500000, optimistic_rem(widened)=0.000000 → cannot exceed 0.
[211.798s] PRUNE: margin=-6.500000, optimistic_rem(widened)=0.000000 → cannot exceed 0.
[211.998s] PRUNE: margin=-6.500000, optimistic_rem(widened)=0.000000 → cannot exceed 0.
[212.392s] PRUNE: margin=-6.500000, optimistic_rem(widened)=0.000000 → cannot exceed 0.
[212.589s] PRUNE: margin=-6.500000, optimistic_rem(widened)=0.000000 → cannot exceed 0.
[212.786s] PRUNE: margin=-6.500000, optimistic_rem(widened)=0.000000 → cannot exceed 0.
[212.983s] PRUNE: margin=-6.500000, optimistic_rem(widened)=0.000000 → cannot exceed 0.
[213.378s] PRUNE: margin=-6.500000, optimistic_rem(widened)=0.000000 → cannot exceed 0.
[213.575s] PRUNE: margin=-6.500000, optimistic_rem(widened)=0.000000 → cannot exceed 0.
[213.772s] PRUNE: margin=-6.500000, optimistic_rem(widened)=0.000000 → cannot exceed 0.
[214.166s] PRUNE: margin=-6.500000, optimistic_rem(widened)=0.000000 → cannot exceed 0.
[214.363s] PRUNE: margin=-6.500000, optimistic_rem(widened)=0.000000 → cannot exceed 0.
[214.757s] PRUNE: margin=-6.500000, optimistic_rem(widened)=0.000000 → cannot exceed 0.
[215.546s] PRUNE: margin=-6.000000, optimistic_rem(widened)=0.000000 → cannot exceed 0.
[215.743s] PRUNE: margin=-6.000000, optimistic_rem(widened)=0.000000 → cannot exceed 0.
[215.940s] PRUNE: margin=-6.000000, optimistic_rem(widened)=0.000000 → cannot exceed 0.
[216.137s] PRUNE: margin=-6.000000, optimistic_rem(widened)=0.000000 → cannot exceed 0.
[216.334s] PRUNE: margin=-6.000000, optimistic_rem(widened)=0.000000 → cannot exceed 0.
[216.531s] PRUNE: margin=-6.000000, optimistic_rem(widened)=0.000000 → cannot exceed 0.
[216.729s] PRUNE: margin=-6.000000, optimistic_rem(widened)=0.000000 → cannot exceed 0.
[217.123s] PRUNE: margin=-6.500000, optimistic_rem(widened)=0.000000 → cannot exceed 0.
[217.321s] PRUNE: margin=-6.500000, optimistic_rem(widened)=0.000000 → cannot exceed 0.
[217.518s] PRUNE: margin=-6.500000, optimistic_rem(widened)=0.000000 → cannot exceed 0.
[217.716s] PRUNE: margin=-6.500000, optimistic_rem(widened)=0.000000 → cannot exceed 0.
[217.913s] PRUNE: margin=-6.500000, optimistic_rem(widened)=0.000000 → cannot exceed 0.
[218.110s] PRUNE: margin=-6.500000, optimistic_rem(widened)=0.000000 → cannot exceed 0.
[218.504s] PRUNE: margin=-6.500000, optimistic_rem(widened)=0.000000 → cannot exceed 0.
[218.701s] PRUNE: margin=-6.500000, optimistic_rem(widened)=0.000000 → cannot exceed 0.
[218.898s] PRUNE: margin=-6.500000, optimistic_rem(widened)=0.000000 → cannot exceed 0.
[219.095s] PRUNE: margin=-6.500000, optimistic_rem(widened)=0.000000 → cannot exceed 0.
[219.292s] PRUNE: margin=-6.500000, optimistic_rem(widened)=0.000000 → cannot exceed 0.
[219.687s] PRUNE: margin=-6.500000, optimistic_rem(widened)=0.000000 → cannot exceed 0.
[219.884s] PRUNE: margin=-6.500000, optimistic_rem(widened)=0.000000 → cannot exceed 0.
[220.081s] PRUNE: margin=-6.500000, optimistic_rem(widened)=0.000000 → cannot exceed 0.
[220.278s] PRUNE: margin=-6.500000, optimistic_rem(widened)=0.000000 → cannot exceed 0.
[220.672s] PRUNE: margin=-6.500000, optimistic_rem(widened)=0.000000 → cannot exceed 0.
[220.869s] PRUNE: margin=-6.500000, optimistic_rem(widened)=0.000000 → cannot exceed 0.
[221.066s] PRUNE: margin=-6.500000, optimistic_rem(widened)=0.000000 → cannot exceed 0.
[221.461s] PRUNE: margin=-6.500000, optimistic_rem(widened)=0.000000 → cannot exceed 0.
[221.658s] PRUNE: margin=-6.500000, optimistic_rem(widened)=0.000000 → cannot exceed 0.
[222.052s] PRUNE: margin=-6.500000, optimistic_rem(widened)=0.000000 → cannot exceed 0.
[222.840s] PRUNE: margin=-6.000000, optimistic_rem(widened)=0.000000 → cannot exceed 0.
[223.037s] PRUNE: margin=-6.000000, optimistic_rem(widened)=0.000000 → cannot exceed 0.
[223.234s] PRUNE: margin=-6.000000, optimistic_rem(widened)=0.000000 → cannot exceed 0.
[223.431s] PRUNE: margin=-6.000000, optimistic_rem(widened)=0.000000 → cannot exceed 0.
[223.629s] PRUNE: margin=-6.000000, optimistic_rem(widened)=0.000000 → cannot exceed 0.
[223.826s] PRUNE: margin=-6.000000, optimistic_rem(widened)=0.000000 → cannot exceed 0.
[224.220s] PRUNE: margin=-6.500000, optimistic_rem(widened)=0.000000 → cannot exceed 0.
[224.417s] PRUNE: margin=-6.500000, optimistic_rem(widened)=0.000000 → cannot exceed 0.
[224.614s] PRUNE: margin=-6.500000, optimistic_rem(widened)=0.000000 → cannot exceed 0.
[224.811s] PRUNE: margin=-6.500000, optimistic_rem(widened)=0.000000 → cannot exceed 0.
[225.008s] PRUNE: margin=-6.500000, optimistic_rem(widened)=0.000000 → cannot exceed 0.
[225.402s] PRUNE: margin=-6.500000, optimistic_rem(widened)=0.000000 → cannot exceed 0.
[225.600s] PRUNE: margin=-6.500000, optimistic_rem(widened)=0.000000 → cannot exceed 0.
[225.797s] PRUNE: margin=-6.500000, optimistic_rem(widened)=0.000000 → cannot exceed 0.
[225.994s] PRUNE: margin=-6.500000, optimistic_rem(widened)=0.000000 → cannot exceed 0.
[226.388s] PRUNE: margin=-6.500000, optimistic_rem(widened)=0.000000 → cannot exceed 0.
[226.585s] PRUNE: margin=-6.500000, optimistic_rem(widened)=0.000000 → cannot exceed 0.
[226.782s] PRUNE: margin=-6.500000, optimistic_rem(widened)=0.000000 → cannot exceed 0.
[227.176s] PRUNE: margin=-6.500000, optimistic_rem(widened)=0.000000 → cannot exceed 0.
[227.373s] PRUNE: margin=-6.500000, optimistic_rem(widened)=0.000000 → cannot exceed 0.
[227.767s] PRUNE: margin=-6.500000, optimistic_rem(widened)=0.000000 → cannot exceed 0.
[228.556s] PRUNE: margin=-6.000000, optimistic_rem(widened)=0.000000 → cannot exceed 0.
[228.753s] PRUNE: margin=-6.000000, optimistic_rem(widened)=0.000000 → cannot exceed 0.
[228.950s] PRUNE: margin=-6.000000, optimistic_rem(widened)=0.000000 → cannot exceed 0.
[229.147s] PRUNE: margin=-6.000000, optimistic_rem(widened)=0.000000 → cannot exceed 0.
[229.344s] PRUNE: margin=-6.000000, optimistic_rem(widened)=0.000000 → cannot exceed 0.
[229.738s] PRUNE: margin=-6.500000, optimistic_rem(widened)=0.000000 → cannot exceed 0.
[229.936s] PRUNE: margin=-6.500000, optimistic_rem(widened)=0.000000 → cannot exceed 0.
[230.133s] PRUNE: margin=-6.500000, optimistic_rem(widened)=0.000000 → cannot exceed 0.
[230.330s] PRUNE: margin=-6.500000, optimistic_rem(widened)=0.000000 → cannot exceed 0.
[230.724s] PRUNE: margin=-6.500000, optimistic_rem(widened)=0.000000 → cannot exceed 0.
[230.921s] PRUNE: margin=-6.500000, optimistic_rem(widened)=0.000000 → cannot exceed 0.
[231.118s] PRUNE: margin=-6.500000, optimistic_rem(widened)=0.000000 → cannot exceed 0.
[231.512s] PRUNE: margin=-6.500000, optimistic_rem(widened)=0.000000 → cannot exceed 0.
[231.710s] PRUNE: margin=-6.500000, optimistic_rem(widened)=0.000000 → cannot exceed 0.
[232.104s] PRUNE: margin=-6.500000, optimistic_rem(widened)=0.000000 → cannot exceed 0.
[242.644s] PRUNE: margin=-6.000000, optimistic_rem(widened)=0.000000 → cannot exceed 0.
[242.841s] PRUNE: margin=-6.000000, optimistic_rem(widened)=0.000000 → cannot exceed 0.
[243.038s] PRUNE: margin=-6.000000, optimistic_rem(widened)=0.000000 → cannot exceed 0.
[243.235s] PRUNE: margin=-6.000000, optimistic_rem(widened)=0.000000 → cannot exceed 0.
[243.433s] PRUNE: margin=-6.000000, optimistic_rem(widened)=0.000000 → cannot exceed 0.
[243.630s] PRUNE: margin=-6.000000, optimistic_rem(widened)=0.000000 → cannot exceed 0.
[243.827s] PRUNE: margin=-6.000000, optimistic_rem(widened)=0.000000 → cannot exceed 0.
[244.024s] PRUNE: margin=-6.000000, optimistic_rem(widened)=0.000000 → cannot exceed 0.
[244.221s] PRUNE: margin=-6.000000, optimistic_rem(widened)=0.000000 → cannot exceed 0.
[244.615s] PRUNE: margin=-5.000000, optimistic_rem(widened)=0.000000 → cannot exceed 0.
[244.813s] PRUNE: margin=-6.000000, optimistic_rem(widened)=0.000000 → cannot exceed 0.
[245.010s] PRUNE: margin=-6.000000, optimistic_rem(widened)=0.000000 → cannot exceed 0.
[245.207s] PRUNE: margin=-6.000000, optimistic_rem(widened)=0.000000 → cannot exceed 0.
[245.404s] PRUNE: margin=-6.000000, optimistic_rem(widened)=0.000000 → cannot exceed 0.
[245.601s] PRUNE: margin=-6.000000, optimistic_rem(widened)=0.000000 → cannot exceed 0.
[245.798s] PRUNE: margin=-6.000000, optimistic_rem(widened)=0.000000 → cannot exceed 0.
[245.995s] PRUNE: margin=-6.000000, optimistic_rem(widened)=0.000000 → cannot exceed 0.
[246.390s] PRUNE: margin=-5.000000, optimistic_rem(widened)=0.000000 → cannot exceed 0.
[246.587s] PRUNE: margin=-6.000000, optimistic_rem(widened)=0.000000 → cannot exceed 0.
[246.784s] PRUNE: margin=-6.000000, optimistic_rem(widened)=0.000000 → cannot exceed 0.
[246.981s] PRUNE: margin=-6.000000, optimistic_rem(widened)=0.000000 → cannot exceed 0.
[247.178s] PRUNE: margin=-6.000000, optimistic_rem(widened)=0.000000 → cannot exceed 0.
[247.375s] PRUNE: margin=-6.000000, optimistic_rem(widened)=0.000000 → cannot exceed 0.
[247.572s] PRUNE: margin=-6.000000, optimistic_rem(widened)=0.000000 → cannot exceed 0.
[247.966s] PRUNE: margin=-5.000000, optimistic_rem(widened)=0.000000 → cannot exceed 0.
[248.163s] PRUNE: margin=-6.000000, optimistic_rem(widened)=0.000000 → cannot exceed 0.
[248.360s] PRUNE: margin=-6.000000, optimistic_rem(widened)=0.000000 → cannot exceed 0.
[248.557s] PRUNE: margin=-6.000000, optimistic_rem(widened)=0.000000 → cannot exceed 0.
[248.755s] PRUNE: margin=-6.000000, optimistic_rem(widened)=0.000000 → cannot exceed 0.
[248.952s] PRUNE: margin=-6.000000, optimistic_rem(widened)=0.000000 → cannot exceed 0.
[249.346s] PRUNE: margin=-6.000000, optimistic_rem(widened)=0.000000 → cannot exceed 0.
[249.543s] PRUNE: margin=-6.000000, optimistic_rem(widened)=0.000000 → cannot exceed 0.
[249.740s] PRUNE: margin=-6.000000, optimistic_rem(widened)=0.000000 → cannot exceed 0.
[249.938s] PRUNE: margin=-6.000000, optimistic_rem(widened)=0.000000 → cannot exceed 0.
[250.135s] PRUNE: margin=-6.000000, optimistic_rem(widened)=0.000000 → cannot exceed 0.
[250.529s] PRUNE: margin=-6.000000, optimistic_rem(widened)=0.000000 → cannot exceed 0.
[250.726s] PRUNE: margin=-6.000000, optimistic_rem(widened)=0.000000 → cannot exceed 0.
[250.923s] PRUNE: margin=-6.000000, optimistic_rem(widened)=0.000000 → cannot exceed 0.
[251.121s] PRUNE: margin=-6.000000, optimistic_rem(widened)=0.000000 → cannot exceed 0.
[251.515s] PRUNE: margin=-6.000000, optimistic_rem(widened)=0.000000 → cannot exceed 0.
[251.712s] PRUNE: margin=-6.000000, optimistic_rem(widened)=0.000000 → cannot exceed 0.
[251.909s] PRUNE: margin=-6.000000, optimistic_rem(widened)=0.000000 → cannot exceed 0.
[252.304s] PRUNE: margin=-6.000000, optimistic_rem(widened)=0.000000 → cannot exceed 0.
[252.501s] PRUNE: margin=-6.000000, optimistic_rem(widened)=0.000000 → cannot exceed 0.
[252.895s] PRUNE: margin=-6.000000, optimistic_rem(widened)=0.000000 → cannot exceed 0.
[253.683s] PRUNE: margin=-6.500000, optimistic_rem(widened)=0.000000 → cannot exceed 0.
[253.880s] PRUNE: margin=-6.500000, optimistic_rem(widened)=0.000000 → cannot exceed 0.
[254.078s] PRUNE: margin=-6.500000, optimistic_rem(widened)=0.000000 → cannot exceed 0.
[254.275s] PRUNE: margin=-6.500000, optimistic_rem(widened)=0.000000 → cannot exceed 0.
[254.472s] PRUNE: margin=-6.500000, optimistic_rem(widened)=0.000000 → cannot exceed 0.
[254.669s] PRUNE: margin=-6.500000, optimistic_rem(widened)=0.000000 → cannot exceed 0.
[254.866s] PRUNE: margin=-6.500000, optimistic_rem(widened)=0.000000 → cannot exceed 0.
[255.063s] PRUNE: margin=-6.500000, optimistic_rem(widened)=0.000000 → cannot exceed 0.
[255.457s] PRUNE: margin=-6.500000, optimistic_rem(widened)=0.000000 → cannot exceed 0.
[255.655s] PRUNE: margin=-6.500000, optimistic_rem(widened)=0.000000 → cannot exceed 0.
[255.852s] PRUNE: margin=-6.500000, optimistic_rem(widened)=0.000000 → cannot exceed 0.
[256.049s] PRUNE: margin=-6.500000, optimistic_rem(widened)=0.000000 → cannot exceed 0.
[256.246s] PRUNE: margin=-6.500000, optimistic_rem(widened)=0.000000 → cannot exceed 0.
[256.443s] PRUNE: margin=-6.500000, optimistic_rem(widened)=0.000000 → cannot exceed 0.
[256.640s] PRUNE: margin=-6.500000, optimistic_rem(widened)=0.000000 → cannot exceed 0.
[257.034s] PRUNE: margin=-6.000000, optimistic_rem(widened)=0.000000 → cannot exceed 0.
[257.231s] PRUNE: margin=-6.500000, optimistic_rem(widened)=0.000000 → cannot exceed 0.
[257.428s] PRUNE: margin=-6.500000, optimistic_rem(widened)=0.000000 → cannot exceed 0.
[257.626s] PRUNE: margin=-6.500000, optimistic_rem(widened)=0.000000 → cannot exceed 0.
[257.823s] PRUNE: margin=-6.500000, optimistic_rem(widened)=0.000000 → cannot exceed 0.
[258.020s] PRUNE: margin=-6.500000, optimistic_rem(widened)=0.000000 → cannot exceed 0.
[258.414s] PRUNE: margin=-6.500000, optimistic_rem(widened)=0.000000 → cannot exceed 0.
[258.611s] PRUNE: margin=-6.500000, optimistic_rem(widened)=0.000000 → cannot exceed 0.
[258.808s] PRUNE: margin=-6.500000, optimistic_rem(widened)=0.000000 → cannot exceed 0.
[259.005s] PRUNE: margin=-6.500000, optimistic_rem(widened)=0.000000 → cannot exceed 0.
[259.202s] PRUNE: margin=-6.500000, optimistic_rem(widened)=0.000000 → cannot exceed 0.
[263.733s] PRUNE: margin=-6.000000, optimistic_rem(widened)=0.000000 → cannot exceed 0.
[263.931s] PRUNE: margin=-6.500000, optimistic_rem(widened)=0.000000 → cannot exceed 0.
[264.128s] PRUNE: margin=-6.500000, optimistic_rem(widened)=0.000000 → cannot exceed 0.
[264.325s] PRUNE: margin=-6.500000, optimistic_rem(widened)=0.000000 → cannot exceed 0.
[265.605s] PRUNE: margin=-6.500000, optimistic_rem(widened)=0.000000 → cannot exceed 0.
[265.802s] PRUNE: margin=-6.500000, optimistic_rem(widened)=0.000000 → cannot exceed 0.
[265.999s] PRUNE: margin=-6.500000, optimistic_rem(widened)=0.000000 → cannot exceed 0.
[266.196s] PRUNE: margin=-6.500000, optimistic_rem(widened)=0.000000 → cannot exceed 0.
[266.393s] PRUNE: margin=-6.500000, optimistic_rem(widened)=0.000000 → cannot exceed 0.
[266.591s] PRUNE: margin=-6.500000, optimistic_rem(widened)=0.000000 → cannot exceed 0.
[266.984s] PRUNE: margin=-6.500000, optimistic_rem(widened)=0.000000 → cannot exceed 0.
[267.181s] PRUNE: margin=-6.500000, optimistic_rem(widened)=0.000000 → cannot exceed 0.
[267.378s] PRUNE: margin=-6.500000, optimistic_rem(widened)=0.000000 → cannot exceed 0.
[267.576s] PRUNE: margin=-6.500000, optimistic_rem(widened)=0.000000 → cannot exceed 0.
[267.773s] PRUNE: margin=-6.500000, optimistic_rem(widened)=0.000000 → cannot exceed 0.
[268.166s] PRUNE: margin=-6.000000, optimistic_rem(widened)=0.000000 → cannot exceed 0.
[268.363s] PRUNE: margin=-6.500000, optimistic_rem(widened)=0.000000 → cannot exceed 0.
[268.561s] PRUNE: margin=-6.500000, optimistic_rem(widened)=0.000000 → cannot exceed 0.
[268.758s] PRUNE: margin=-6.500000, optimistic_rem(widened)=0.000000 → cannot exceed 0.
[269.151s] PRUNE: margin=-6.500000, optimistic_rem(widened)=0.000000 → cannot exceed 0.
[269.348s] PRUNE: margin=-6.500000, optimistic_rem(widened)=0.000000 → cannot exceed 0.
[269.545s] PRUNE: margin=-6.500000, optimistic_rem(widened)=0.000000 → cannot exceed 0.
[271.416s] PRUNE: margin=-6.000000, optimistic_rem(widened)=0.000000 → cannot exceed 0.
[271.614s] PRUNE: margin=-6.000000, optimistic_rem(widened)=0.000000 → cannot exceed 0.
[271.811s] PRUNE: margin=-6.000000, optimistic_rem(widened)=0.000000 → cannot exceed 0.
[272.008s] PRUNE: margin=-6.500000, optimistic_rem(widened)=0.000000 → cannot exceed 0.
[272.205s] PRUNE: margin=-6.500000, optimistic_rem(widened)=0.000000 → cannot exceed 0.
[272.402s] PRUNE: margin=-6.500000, optimistic_rem(widened)=0.000000 → cannot exceed 0.
[272.796s] PRUNE: margin=-6.500000, optimistic_rem(widened)=0.000000 → cannot exceed 0.
[272.993s] PRUNE: margin=-6.500000, optimistic_rem(widened)=0.000000 → cannot exceed 0.
[273.191s] PRUNE: margin=-6.500000, optimistic_rem(widened)=0.000000 → cannot exceed 0.
[273.388s] PRUNE: margin=-6.500000, optimistic_rem(widened)=0.000000 → cannot exceed 0.
[273.585s] PRUNE: margin=-6.500000, optimistic_rem(widened)=0.000000 → cannot exceed 0.
[273.979s] PRUNE: margin=-6.500000, optimistic_rem(widened)=0.000000 → cannot exceed 0.
[274.176s] PRUNE: margin=-6.500000, optimistic_rem(widened)=0.000000 → cannot exceed 0.
[274.373s] PRUNE: margin=-6.500000, optimistic_rem(widened)=0.000000 → cannot exceed 0.
[274.571s] PRUNE: margin=-6.500000, optimistic_rem(widened)=0.000000 → cannot exceed 0.
[274.965s] PRUNE: margin=-6.500000, optimistic_rem(widened)=0.000000 → cannot exceed 0.
[275.162s] PRUNE: margin=-6.500000, optimistic_rem(widened)=0.000000 → cannot exceed 0.
[275.359s] PRUNE: margin=-6.500000, optimistic_rem(widened)=0.000000 → cannot exceed 0.
[277.231s] PRUNE: margin=-6.500000, optimistic_rem(widened)=0.000000 → cannot exceed 0.
[277.430s] PRUNE: margin=-6.500000, optimistic_rem(widened)=0.000000 → cannot exceed 0.
[277.627s] PRUNE: margin=-6.500000, optimistic_rem(widened)=0.000000 → cannot exceed 0.
[277.824s] PRUNE: margin=-6.500000, optimistic_rem(widened)=0.000000 → cannot exceed 0.
[278.021s] PRUNE: margin=-6.500000, optimistic_rem(widened)=0.000000 → cannot exceed 0.
[278.415s] PRUNE: margin=-6.000000, optimistic_rem(widened)=0.000000 → cannot exceed 0.
[278.613s] PRUNE: margin=-6.500000, optimistic_rem(widened)=0.000000 → cannot exceed 0.
[278.810s] PRUNE: margin=-6.500000, optimistic_rem(widened)=0.000000 → cannot exceed 0.
[279.007s] PRUNE: margin=-6.500000, optimistic_rem(widened)=0.000000 → cannot exceed 0.
[279.402s] PRUNE: margin=-6.500000, optimistic_rem(widened)=0.000000 → cannot exceed 0.
[279.599s] PRUNE: margin=-6.500000, optimistic_rem(widened)=0.000000 → cannot exceed 0.
[279.796s] PRUNE: margin=-6.500000, optimistic_rem(widened)=0.000000 → cannot exceed 0.
[280.190s] PRUNE: margin=-6.500000, optimistic_rem(widened)=0.000000 → cannot exceed 0.
[280.387s] PRUNE: margin=-6.500000, optimistic_rem(widened)=0.000000 → cannot exceed 0.
[280.781s] PRUNE: margin=-6.500000, optimistic_rem(widened)=0.000000 → cannot exceed 0.
[281.570s] PRUNE: margin=-6.000000, optimistic_rem(widened)=0.000000 → cannot exceed 0.
[281.767s] PRUNE: margin=-6.500000, optimistic_rem(widened)=0.000000 → cannot exceed 0.
[281.964s] PRUNE: margin=-6.500000, optimistic_rem(widened)=0.000000 → cannot exceed 0.
[282.161s] PRUNE: margin=-6.500000, optimistic_rem(widened)=0.000000 → cannot exceed 0.
[282.555s] PRUNE: margin=-6.500000, optimistic_rem(widened)=0.000000 → cannot exceed 0.
[282.752s] PRUNE: margin=-6.500000, optimistic_rem(widened)=0.000000 → cannot exceed 0.
[282.950s] PRUNE: margin=-6.500000, optimistic_rem(widened)=0.000000 → cannot exceed 0.
[283.344s] PRUNE: margin=-6.500000, optimistic_rem(widened)=0.000000 → cannot exceed 0.
[283.541s] PRUNE: margin=-6.500000, optimistic_rem(widened)=0.000000 → cannot exceed 0.
[283.936s] PRUNE: margin=-6.500000, optimistic_rem(widened)=0.000000 → cannot exceed 0.
[284.724s] PRUNE: margin=-6.000000, optimistic_rem(widened)=0.000000 → cannot exceed 0.
[284.921s] PRUNE: margin=-6.500000, optimistic_rem(widened)=0.000000 → cannot exceed 0.
[285.119s] PRUNE: margin=-6.500000, optimistic_rem(widened)=0.000000 → cannot exceed 0.
[285.513s] PRUNE: margin=-6.500000, optimistic_rem(widened)=0.000000 → cannot exceed 0.
[285.710s] PRUNE: margin=-6.500000, optimistic_rem(widened)=0.000000 → cannot exceed 0.
[286.104s] PRUNE: margin=-6.500000, optimistic_rem(widened)=0.000000 → cannot exceed 0.
[286.892s] PRUNE: margin=-6.500000, optimistic_rem(widened)=0.000000 → cannot exceed 0.
[287.089s] PRUNE: margin=-6.500000, optimistic_rem(widened)=0.000000 → cannot exceed 0.
[287.483s] PRUNE: margin=-6.500000, optimistic_rem(widened)=0.000000 → cannot exceed 0.
[291.522s] PRUNE: margin=-6.500000, optimistic_rem(widened)=0.000000 → cannot exceed 0.
[291.719s] PRUNE: margin=-6.500000, optimistic_rem(widened)=0.000000 → cannot exceed 0.
[291.916s] PRUNE: margin=-6.500000, optimistic_rem(widened)=0.000000 → cannot exceed 0.
[292.113s] PRUNE: margin=-6.500000, optimistic_rem(widened)=0.000000 → cannot exceed 0.
[292.310s] PRUNE: margin=-6.500000, optimistic_rem(widened)=0.000000 → cannot exceed 0.
[292.507s] PRUNE: margin=-6.500000, optimistic_rem(widened)=0.000000 → cannot exceed 0.
[293.689s] PRUNE: margin=-6.500000, optimistic_rem(widened)=0.000000 → cannot exceed 0.
[293.886s] PRUNE: margin=-6.500000, optimistic_rem(widened)=0.000000 → cannot exceed 0.
[294.083s] PRUNE: margin=-6.500000, optimistic_rem(widened)=0.000000 → cannot exceed 0.
[294.280s] PRUNE: margin=-6.500000, optimistic_rem(widened)=0.000000 → cannot exceed 0.
[294.477s] PRUNE: margin=-6.500000, optimistic_rem(widened)=0.000000 → cannot exceed 0.
[294.674s] PRUNE: margin=-6.500000, optimistic_rem(widened)=0.000000 → cannot exceed 0.
[295.068s] PRUNE: margin=-6.500000, optimistic_rem(widened)=0.000000 → cannot exceed 0.
[295.265s] PRUNE: margin=-6.500000, optimistic_rem(widened)=0.000000 → cannot exceed 0.
[295.462s] PRUNE: margin=-6.500000, optimistic_rem(widened)=0.000000 → cannot exceed 0.
[295.659s] PRUNE: margin=-6.500000, optimistic_rem(widened)=0.000000 → cannot exceed 0.
[295.856s] PRUNE: margin=-6.500000, optimistic_rem(widened)=0.000000 → cannot exceed 0.
[296.053s] PRUNE: margin=-6.500000, optimistic_rem(widened)=0.000000 → cannot exceed 0.
[296.447s] PRUNE: margin=-6.500000, optimistic_rem(widened)=0.000000 → cannot exceed 0.
[296.644s] PRUNE: margin=-6.500000, optimistic_rem(widened)=0.000000 → cannot exceed 0.
[296.841s] PRUNE: margin=-6.500000, optimistic_rem(widened)=0.000000 → cannot exceed 0.
[297.038s] PRUNE: margin=-6.500000, optimistic_rem(widened)=0.000000 → cannot exceed 0.
[297.235s] PRUNE: margin=-6.500000, optimistic_rem(widened)=0.000000 → cannot exceed 0.
[297.629s] PRUNE: margin=-6.500000, optimistic_rem(widened)=0.000000 → cannot exceed 0.
[297.826s] PRUNE: margin=-6.500000, optimistic_rem(widened)=0.000000 → cannot exceed 0.
[298.023s] PRUNE: margin=-6.500000, optimistic_rem(widened)=0.000000 → cannot exceed 0.
[298.220s] PRUNE: margin=-6.500000, optimistic_rem(widened)=0.000000 → cannot exceed 0.
[298.614s] PRUNE: margin=-6.500000, optimistic_rem(widened)=0.000000 → cannot exceed 0.
[298.811s] PRUNE: margin=-6.500000, optimistic_rem(widened)=0.000000 → cannot exceed 0.
[299.008s] PRUNE: margin=-6.500000, optimistic_rem(widened)=0.000000 → cannot exceed 0.
[299.402s] PRUNE: margin=-6.500000, optimistic_rem(widened)=0.000000 → cannot exceed 0.
[299.599s] PRUNE: margin=-6.500000, optimistic_rem(widened)=0.000000 → cannot exceed 0.
[299.993s] PRUNE: margin=-6.500000, optimistic_rem(widened)=0.000000 → cannot exceed 0.
[301.568s] PRUNE: margin=-6.000000, optimistic_rem(widened)=0.000000 → cannot exceed 0.
[301.766s] PRUNE: margin=-6.000000, optimistic_rem(widened)=0.000000 → cannot exceed 0.
[301.963s] PRUNE: margin=-6.000000, optimistic_rem(widened)=0.000000 → cannot exceed 0.
[302.160s] PRUNE: margin=-6.000000, optimistic_rem(widened)=0.000000 → cannot exceed 0.
[302.357s] PRUNE: margin=-6.000000, optimistic_rem(widened)=0.000000 → cannot exceed 0.
[302.554s] PRUNE: margin=-6.000000, optimistic_rem(widened)=0.000000 → cannot exceed 0.
[302.947s] PRUNE: margin=-6.500000, optimistic_rem(widened)=0.000000 → cannot exceed 0.
[303.144s] PRUNE: margin=-6.500000, optimistic_rem(widened)=0.000000 → cannot exceed 0.
[303.341s] PRUNE: margin=-6.500000, optimistic_rem(widened)=0.000000 → cannot exceed 0.
[303.538s] PRUNE: margin=-6.500000, optimistic_rem(widened)=0.000000 → cannot exceed 0.
[303.735s] PRUNE: margin=-6.500000, optimistic_rem(widened)=0.000000 → cannot exceed 0.
[303.932s] PRUNE: margin=-6.500000, optimistic_rem(widened)=0.000000 → cannot exceed 0.
[304.326s] PRUNE: margin=-6.500000, optimistic_rem(widened)=0.000000 → cannot exceed 0.
[304.523s] PRUNE: margin=-6.500000, optimistic_rem(widened)=0.000000 → cannot exceed 0.
[304.720s] PRUNE: margin=-6.500000, optimistic_rem(widened)=0.000000 → cannot exceed 0.
[304.917s] PRUNE: margin=-6.500000, optimistic_rem(widened)=0.000000 → cannot exceed 0.
[305.114s] PRUNE: margin=-6.500000, optimistic_rem(widened)=0.000000 → cannot exceed 0.
[305.508s] PRUNE: margin=-6.500000, optimistic_rem(widened)=0.000000 → cannot exceed 0.
[305.705s] PRUNE: margin=-6.500000, optimistic_rem(widened)=0.000000 → cannot exceed 0.
[305.902s] PRUNE: margin=-6.500000, optimistic_rem(widened)=0.000000 → cannot exceed 0.
[306.099s] PRUNE: margin=-6.500000, optimistic_rem(widened)=0.000000 → cannot exceed 0.
[306.493s] PRUNE: margin=-6.500000, optimistic_rem(widened)=0.000000 → cannot exceed 0.
[306.690s] PRUNE: margin=-6.500000, optimistic_rem(widened)=0.000000 → cannot exceed 0.
[306.888s] PRUNE: margin=-6.500000, optimistic_rem(widened)=0.000000 → cannot exceed 0.
[307.282s] PRUNE: margin=-6.500000, optimistic_rem(widened)=0.000000 → cannot exceed 0.
[307.479s] PRUNE: margin=-6.500000, optimistic_rem(widened)=0.000000 → cannot exceed 0.
[307.875s] PRUNE: margin=-6.500000, optimistic_rem(widened)=0.000000 → cannot exceed 0.
[308.663s] PRUNE: margin=-6.500000, optimistic_rem(widened)=0.000000 → cannot exceed 0.
[308.860s] PRUNE: margin=-6.500000, optimistic_rem(widened)=0.000000 → cannot exceed 0.
[309.059s] PRUNE: margin=-6.500000, optimistic_rem(widened)=0.000000 → cannot exceed 0.
[309.256s] PRUNE: margin=-6.500000, optimistic_rem(widened)=0.000000 → cannot exceed 0.
[309.453s] PRUNE: margin=-6.500000, optimistic_rem(widened)=0.000000 → cannot exceed 0.
[309.650s] PRUNE: margin=-6.500000, optimistic_rem(widened)=0.000000 → cannot exceed 0.
[310.044s] PRUNE: margin=-6.500000, optimistic_rem(widened)=0.000000 → cannot exceed 0.
[310.241s] PRUNE: margin=-6.500000, optimistic_rem(widened)=0.000000 → cannot exceed 0.
[310.438s] PRUNE: margin=-6.500000, optimistic_rem(widened)=0.000000 → cannot exceed 0.
[310.635s] PRUNE: margin=-6.500000, optimistic_rem(widened)=0.000000 → cannot exceed 0.
[310.832s] PRUNE: margin=-6.500000, optimistic_rem(widened)=0.000000 → cannot exceed 0.
[311.229s] PRUNE: margin=-6.500000, optimistic_rem(widened)=0.000000 → cannot exceed 0.
[311.426s] PRUNE: margin=-6.500000, optimistic_rem(widened)=0.000000 → cannot exceed 0.
[311.623s] PRUNE: margin=-6.500000, optimistic_rem(widened)=0.000000 → cannot exceed 0.
[311.820s] PRUNE: margin=-6.500000, optimistic_rem(widened)=0.000000 → cannot exceed 0.
[312.214s] PRUNE: margin=-6.500000, optimistic_rem(widened)=0.000000 → cannot exceed 0.
[312.411s] PRUNE: margin=-6.500000, optimistic_rem(widened)=0.000000 → cannot exceed 0.
[312.608s] PRUNE: margin=-6.500000, optimistic_rem(widened)=0.000000 → cannot exceed 0.
[313.003s] PRUNE: margin=-6.500000, optimistic_rem(widened)=0.000000 → cannot exceed 0.
[313.200s] PRUNE: margin=-6.500000, optimistic_rem(widened)=0.000000 → cannot exceed 0.
[313.594s] PRUNE: margin=-6.500000, optimistic_rem(widened)=0.000000 → cannot exceed 0.
[314.382s] PRUNE: margin=-6.500000, optimistic_rem(widened)=0.000000 → cannot exceed 0.
[314.579s] PRUNE: margin=-6.500000, optimistic_rem(widened)=0.000000 → cannot exceed 0.
[314.776s] PRUNE: margin=-6.500000, optimistic_rem(widened)=0.000000 → cannot exceed 0.
[314.973s] PRUNE: margin=-6.500000, optimistic_rem(widened)=0.000000 → cannot exceed 0.
[315.170s] PRUNE: margin=-6.500000, optimistic_rem(widened)=0.000000 → cannot exceed 0.
[315.564s] PRUNE: margin=-6.500000, optimistic_rem(widened)=0.000000 → cannot exceed 0.
[315.762s] PRUNE: margin=-6.500000, optimistic_rem(widened)=0.000000 → cannot exceed 0.
[315.959s] PRUNE: margin=-6.500000, optimistic_rem(widened)=0.000000 → cannot exceed 0.
[316.156s] PRUNE: margin=-6.500000, optimistic_rem(widened)=0.000000 → cannot exceed 0.
[316.550s] PRUNE: margin=-6.500000, optimistic_rem(widened)=0.000000 → cannot exceed 0.
[316.747s] PRUNE: margin=-6.500000, optimistic_rem(widened)=0.000000 → cannot exceed 0.
[316.944s] PRUNE: margin=-6.500000, optimistic_rem(widened)=0.000000 → cannot exceed 0.
[317.338s] PRUNE: margin=-6.500000, optimistic_rem(widened)=0.000000 → cannot exceed 0.
[317.535s] PRUNE: margin=-6.500000, optimistic_rem(widened)=0.000000 → cannot exceed 0.
[317.929s] PRUNE: margin=-6.500000, optimistic_rem(widened)=0.000000 → cannot exceed 0.
[318.717s] PRUNE: margin=-6.500000, optimistic_rem(widened)=0.000000 → cannot exceed 0.
[318.914s] PRUNE: margin=-6.500000, optimistic_rem(widened)=0.000000 → cannot exceed 0.
[319.111s] PRUNE: margin=-6.500000, optimistic_rem(widened)=0.000000 → cannot exceed 0.
[319.308s] PRUNE: margin=-6.500000, optimistic_rem(widened)=0.000000 → cannot exceed 0.
[319.702s] PRUNE: margin=-6.500000, optimistic_rem(widened)=0.000000 → cannot exceed 0.
[319.899s] PRUNE: margin=-6.500000, optimistic_rem(widened)=0.000000 → cannot exceed 0.
[320.096s] PRUNE: margin=-6.500000, optimistic_rem(widened)=0.000000 → cannot exceed 0.
[320.490s] PRUNE: margin=-6.500000, optimistic_rem(widened)=0.000000 → cannot exceed 0.
[320.687s] PRUNE: margin=-6.500000, optimistic_rem(widened)=0.000000 → cannot exceed 0.
[321.081s] PRUNE: margin=-6.500000, optimistic_rem(widened)=0.000000 → cannot exceed 0.
[321.869s] PRUNE: margin=-6.500000, optimistic_rem(widened)=0.000000 → cannot exceed 0.
[322.066s] PRUNE: margin=-6.500000, optimistic_rem(widened)=0.000000 → cannot exceed 0.
[322.264s] PRUNE: margin=-6.500000, optimistic_rem(widened)=0.000000 → cannot exceed 0.
[322.658s] PRUNE: margin=-6.500000, optimistic_rem(widened)=0.000000 → cannot exceed 0.
[322.855s] PRUNE: margin=-6.500000, optimistic_rem(widened)=0.000000 → cannot exceed 0.
[323.249s] PRUNE: margin=-6.500000, optimistic_rem(widened)=0.000000 → cannot exceed 0.
[324.037s] PRUNE: margin=-6.500000, optimistic_rem(widened)=0.000000 → cannot exceed 0.
[324.234s] PRUNE: margin=-6.500000, optimistic_rem(widened)=0.000000 → cannot exceed 0.
[324.628s] PRUNE: margin=-6.500000, optimistic_rem(widened)=0.000000 → cannot exceed 0.
[325.416s] PRUNE: margin=-6.500000, optimistic_rem(widened)=0.000000 → cannot exceed 0.
[327.781s] PRUNE: margin=-6.500000, optimistic_rem(widened)=0.000000 → cannot exceed 0.
[327.978s] PRUNE: margin=-6.500000, optimistic_rem(widened)=0.000000 → cannot exceed 0.
[328.175s] PRUNE: margin=-6.500000, optimistic_rem(widened)=0.000000 → cannot exceed 0.
[328.372s] PRUNE: margin=-6.500000, optimistic_rem(widened)=0.000000 → cannot exceed 0.
[328.569s] PRUNE: margin=-6.500000, optimistic_rem(widened)=0.000000 → cannot exceed 0.
[328.766s] PRUNE: margin=-6.500000, optimistic_rem(widened)=0.000000 → cannot exceed 0.
[329.162s] PRUNE: margin=-6.500000, optimistic_rem(widened)=0.000000 → cannot exceed 0.
[329.359s] PRUNE: margin=-6.500000, optimistic_rem(widened)=0.000000 → cannot exceed 0.
[329.556s] PRUNE: margin=-6.500000, optimistic_rem(widened)=0.000000 → cannot exceed 0.
[329.753s] PRUNE: margin=-6.500000, optimistic_rem(widened)=0.000000 → cannot exceed 0.
[329.950s] PRUNE: margin=-6.500000, optimistic_rem(widened)=0.000000 → cannot exceed 0.
[330.149s] PRUNE: margin=-6.500000, optimistic_rem(widened)=0.000000 → cannot exceed 0.
[330.543s] PRUNE: margin=-6.500000, optimistic_rem(widened)=0.000000 → cannot exceed 0.
[330.740s] PRUNE: margin=-6.500000, optimistic_rem(widened)=0.000000 → cannot exceed 0.
[330.937s] PRUNE: margin=-6.500000, optimistic_rem(widened)=0.000000 → cannot exceed 0.
[331.136s] PRUNE: margin=-6.500000, optimistic_rem(widened)=0.000000 → cannot exceed 0.
[331.333s] PRUNE: margin=-6.500000, optimistic_rem(widened)=0.000000 → cannot exceed 0.
[331.732s] PRUNE: margin=-6.500000, optimistic_rem(widened)=0.000000 → cannot exceed 0.
[331.936s] PRUNE: margin=-6.500000, optimistic_rem(widened)=0.000000 → cannot exceed 0.
[332.133s] PRUNE: margin=-6.500000, optimistic_rem(widened)=0.000000 → cannot exceed 0.
[332.333s] PRUNE: margin=-6.500000, optimistic_rem(widened)=0.000000 → cannot exceed 0.
[332.727s] PRUNE: margin=-6.500000, optimistic_rem(widened)=0.000000 → cannot exceed 0.
[332.924s] PRUNE: margin=-6.500000, optimistic_rem(widened)=0.000000 → cannot exceed 0.
[333.121s] PRUNE: margin=-6.500000, optimistic_rem(widened)=0.000000 → cannot exceed 0.
[333.515s] PRUNE: margin=-6.500000, optimistic_rem(widened)=0.000000 → cannot exceed 0.
[333.712s] PRUNE: margin=-6.500000, optimistic_rem(widened)=0.000000 → cannot exceed 0.
[334.113s] PRUNE: margin=-6.500000, optimistic_rem(widened)=0.000000 → cannot exceed 0.
[334.682s] PRUNE: margin=-6.000000, optimistic_rem(widened)=0.000000 → cannot exceed 0.
[334.807s] PRUNE: margin=-6.000000, optimistic_rem(widened)=0.000000 → cannot exceed 0.
[334.934s] PRUNE: margin=-6.000000, optimistic_rem(widened)=0.000000 → cannot exceed 0.
[335.064s] PRUNE: margin=-6.000000, optimistic_rem(widened)=0.000000 → cannot exceed 0.
[335.199s] PRUNE: margin=-6.000000, optimistic_rem(widened)=0.000000 → cannot exceed 0.
[335.350s] PRUNE: margin=-6.000000, optimistic_rem(widened)=0.000000 → cannot exceed 0.
[335.612s] PRUNE: margin=-6.500000, optimistic_rem(widened)=0.000000 → cannot exceed 0.
[335.751s] PRUNE: margin=-6.500000, optimistic_rem(widened)=0.000000 → cannot exceed 0.
[335.886s] PRUNE: margin=-6.500000, optimistic_rem(widened)=0.000000 → cannot exceed 0.
[336.018s] PRUNE: margin=-6.500000, optimistic_rem(widened)=0.000000 → cannot exceed 0.
[336.165s] PRUNE: margin=-6.500000, optimistic_rem(widened)=0.000000 → cannot exceed 0.
[336.443s] PRUNE: margin=-6.500000, optimistic_rem(widened)=0.000000 → cannot exceed 0.
[336.634s] PRUNE: margin=-6.500000, optimistic_rem(widened)=0.000000 → cannot exceed 0.
[336.830s] PRUNE: margin=-6.500000, optimistic_rem(widened)=0.000000 → cannot exceed 0.
[337.027s] PRUNE: margin=-6.500000, optimistic_rem(widened)=0.000000 → cannot exceed 0.
[337.351s] PRUNE: margin=-6.500000, optimistic_rem(widened)=0.000000 → cannot exceed 0.
[337.482s] PRUNE: margin=-6.500000, optimistic_rem(widened)=0.000000 → cannot exceed 0.
[337.633s] PRUNE: margin=-6.500000, optimistic_rem(widened)=0.000000 → cannot exceed 0.
[338.027s] PRUNE: margin=-6.500000, optimistic_rem(widened)=0.000000 → cannot exceed 0.
[338.225s] PRUNE: margin=-6.500000, optimistic_rem(widened)=0.000000 → cannot exceed 0.
[338.620s] PRUNE: margin=-6.500000, optimistic_rem(widened)=0.000000 → cannot exceed 0.
[339.412s] PRUNE: margin=-6.500000, optimistic_rem(widened)=0.000000 → cannot exceed 0.
[339.610s] PRUNE: margin=-6.500000, optimistic_rem(widened)=0.000000 → cannot exceed 0.
[339.808s] PRUNE: margin=-6.500000, optimistic_rem(widened)=0.000000 → cannot exceed 0.
[340.005s] PRUNE: margin=-6.500000, optimistic_rem(widened)=0.000000 → cannot exceed 0.
[340.203s] PRUNE: margin=-6.500000, optimistic_rem(widened)=0.000000 → cannot exceed 0.
[340.599s] PRUNE: margin=-6.500000, optimistic_rem(widened)=0.000000 → cannot exceed 0.
[340.797s] PRUNE: margin=-6.500000, optimistic_rem(widened)=0.000000 → cannot exceed 0.
[340.995s] PRUNE: margin=-6.500000, optimistic_rem(widened)=0.000000 → cannot exceed 0.
[341.193s] PRUNE: margin=-6.500000, optimistic_rem(widened)=0.000000 → cannot exceed 0.
[341.589s] PRUNE: margin=-6.500000, optimistic_rem(widened)=0.000000 → cannot exceed 0.
[341.787s] PRUNE: margin=-6.500000, optimistic_rem(widened)=0.000000 → cannot exceed 0.
[341.985s] PRUNE: margin=-6.500000, optimistic_rem(widened)=0.000000 → cannot exceed 0.
[342.381s] PRUNE: margin=-6.500000, optimistic_rem(widened)=0.000000 → cannot exceed 0.
[342.579s] PRUNE: margin=-6.500000, optimistic_rem(widened)=0.000000 → cannot exceed 0.
[342.974s] PRUNE: margin=-6.500000, optimistic_rem(widened)=0.000000 → cannot exceed 0.
[343.766s] PRUNE: margin=-6.500000, optimistic_rem(widened)=0.000000 → cannot exceed 0.
[343.964s] PRUNE: margin=-6.500000, optimistic_rem(widened)=0.000000 → cannot exceed 0.
[344.162s] PRUNE: margin=-6.500000, optimistic_rem(widened)=0.000000 → cannot exceed 0.
[344.360s] PRUNE: margin=-6.500000, optimistic_rem(widened)=0.000000 → cannot exceed 0.
[344.756s] PRUNE: margin=-6.500000, optimistic_rem(widened)=0.000000 → cannot exceed 0.
[344.954s] PRUNE: margin=-6.500000, optimistic_rem(widened)=0.000000 → cannot exceed 0.
[345.151s] PRUNE: margin=-6.500000, optimistic_rem(widened)=0.000000 → cannot exceed 0.
[345.580s] PRUNE: margin=-6.500000, optimistic_rem(widened)=0.000000 → cannot exceed 0.
[345.785s] PRUNE: margin=-6.500000, optimistic_rem(widened)=0.000000 → cannot exceed 0.
[346.182s] PRUNE: margin=-6.500000, optimistic_rem(widened)=0.000000 → cannot exceed 0.
[346.977s] PRUNE: margin=-6.500000, optimistic_rem(widened)=0.000000 → cannot exceed 0.
[347.177s] PRUNE: margin=-6.500000, optimistic_rem(widened)=0.000000 → cannot exceed 0.
[347.376s] PRUNE: margin=-6.500000, optimistic_rem(widened)=0.000000 → cannot exceed 0.
[347.773s] PRUNE: margin=-6.500000, optimistic_rem(widened)=0.000000 → cannot exceed 0.
[347.971s] PRUNE: margin=-6.500000, optimistic_rem(widened)=0.000000 → cannot exceed 0.
[348.370s] PRUNE: margin=-6.500000, optimistic_rem(widened)=0.000000 → cannot exceed 0.
[349.161s] PRUNE: margin=-6.500000, optimistic_rem(widened)=0.000000 → cannot exceed 0.
[349.360s] PRUNE: margin=-6.500000, optimistic_rem(widened)=0.000000 → cannot exceed 0.
[349.757s] PRUNE: margin=-6.500000, optimistic_rem(widened)=0.000000 → cannot exceed 0.
[350.551s] PRUNE: margin=-6.500000, optimistic_rem(widened)=0.000000 → cannot exceed 0.
[352.142s] PRUNE: margin=-6.000000, optimistic_rem(widened)=0.000000 → cannot exceed 0.
[352.340s] PRUNE: margin=-6.000000, optimistic_rem(widened)=0.000000 → cannot exceed 0.
[352.539s] PRUNE: margin=-6.000000, optimistic_rem(widened)=0.000000 → cannot exceed 0.
[352.738s] PRUNE: margin=-6.000000, optimistic_rem(widened)=0.000000 → cannot exceed 0.
[352.937s] PRUNE: margin=-6.000000, optimistic_rem(widened)=0.000000 → cannot exceed 0.
[353.135s] PRUNE: margin=-6.000000, optimistic_rem(widened)=0.000000 → cannot exceed 0.
[353.532s] PRUNE: margin=-6.500000, optimistic_rem(widened)=0.000000 → cannot exceed 0.
[353.730s] PRUNE: margin=-6.500000, optimistic_rem(widened)=0.000000 → cannot exceed 0.
[353.929s] PRUNE: margin=-6.500000, optimistic_rem(widened)=0.000000 → cannot exceed 0.
[354.127s] PRUNE: margin=-6.500000, optimistic_rem(widened)=0.000000 → cannot exceed 0.
[354.328s] PRUNE: margin=-6.500000, optimistic_rem(widened)=0.000000 → cannot exceed 0.
[354.725s] PRUNE: margin=-6.500000, optimistic_rem(widened)=0.000000 → cannot exceed 0.
[354.923s] PRUNE: margin=-6.500000, optimistic_rem(widened)=0.000000 → cannot exceed 0.
[355.122s] PRUNE: margin=-6.500000, optimistic_rem(widened)=0.000000 → cannot exceed 0.
[355.320s] PRUNE: margin=-6.500000, optimistic_rem(widened)=0.000000 → cannot exceed 0.
[355.717s] PRUNE: margin=-6.500000, optimistic_rem(widened)=0.000000 → cannot exceed 0.
[355.915s] PRUNE: margin=-6.500000, optimistic_rem(widened)=0.000000 → cannot exceed 0.
[356.114s] PRUNE: margin=-6.500000, optimistic_rem(widened)=0.000000 → cannot exceed 0.
[356.511s] PRUNE: margin=-6.500000, optimistic_rem(widened)=0.000000 → cannot exceed 0.
[356.709s] PRUNE: margin=-6.500000, optimistic_rem(widened)=0.000000 → cannot exceed 0.
[357.106s] PRUNE: margin=-6.500000, optimistic_rem(widened)=0.000000 → cannot exceed 0.
[357.900s] PRUNE: margin=-6.500000, optimistic_rem(widened)=0.000000 → cannot exceed 0.
[358.098s] PRUNE: margin=-6.500000, optimistic_rem(widened)=0.000000 → cannot exceed 0.
[358.297s] PRUNE: margin=-6.500000, optimistic_rem(widened)=0.000000 → cannot exceed 0.
[358.496s] PRUNE: margin=-6.500000, optimistic_rem(widened)=0.000000 → cannot exceed 0.
[358.694s] PRUNE: margin=-6.500000, optimistic_rem(widened)=0.000000 → cannot exceed 0.
[359.091s] PRUNE: margin=-6.500000, optimistic_rem(widened)=0.000000 → cannot exceed 0.
[359.290s] PRUNE: margin=-6.500000, optimistic_rem(widened)=0.000000 → cannot exceed 0.
[359.488s] PRUNE: margin=-6.500000, optimistic_rem(widened)=0.000000 → cannot exceed 0.
[359.687s] PRUNE: margin=-6.500000, optimistic_rem(widened)=0.000000 → cannot exceed 0.
[360.085s] PRUNE: margin=-6.500000, optimistic_rem(widened)=0.000000 → cannot exceed 0.
[360.286s] PRUNE: margin=-6.500000, optimistic_rem(widened)=0.000000 → cannot exceed 0.
[360.485s] PRUNE: margin=-6.500000, optimistic_rem(widened)=0.000000 → cannot exceed 0.
[360.883s] PRUNE: margin=-6.500000, optimistic_rem(widened)=0.000000 → cannot exceed 0.
[361.081s] PRUNE: margin=-6.500000, optimistic_rem(widened)=0.000000 → cannot exceed 0.
[361.479s] PRUNE: margin=-6.500000, optimistic_rem(widened)=0.000000 → cannot exceed 0.
[362.273s] PRUNE: margin=-6.500000, optimistic_rem(widened)=0.000000 → cannot exceed 0.
[362.472s] PRUNE: margin=-6.500000, optimistic_rem(widened)=0.000000 → cannot exceed 0.
[362.670s] PRUNE: margin=-6.500000, optimistic_rem(widened)=0.000000 → cannot exceed 0.
[362.868s] PRUNE: margin=-6.500000, optimistic_rem(widened)=0.000000 → cannot exceed 0.
[363.266s] PRUNE: margin=-6.500000, optimistic_rem(widened)=0.000000 → cannot exceed 0.
[363.464s] PRUNE: margin=-6.500000, optimistic_rem(widened)=0.000000 → cannot exceed 0.
[363.663s] PRUNE: margin=-6.500000, optimistic_rem(widened)=0.000000 → cannot exceed 0.
[364.060s] PRUNE: margin=-6.500000, optimistic_rem(widened)=0.000000 → cannot exceed 0.
[364.258s] PRUNE: margin=-6.500000, optimistic_rem(widened)=0.000000 → cannot exceed 0.
[364.660s] PRUNE: margin=-6.500000, optimistic_rem(widened)=0.000000 → cannot exceed 0.
[365.454s] PRUNE: margin=-6.500000, optimistic_rem(widened)=0.000000 → cannot exceed 0.
[365.653s] PRUNE: margin=-6.500000, optimistic_rem(widened)=0.000000 → cannot exceed 0.
[365.857s] PRUNE: margin=-6.500000, optimistic_rem(widened)=0.000000 → cannot exceed 0.
[366.254s] PRUNE: margin=-6.500000, optimistic_rem(widened)=0.000000 → cannot exceed 0.
[366.455s] PRUNE: margin=-6.500000, optimistic_rem(widened)=0.000000 → cannot exceed 0.
[366.852s] PRUNE: margin=-6.500000, optimistic_rem(widened)=0.000000 → cannot exceed 0.
[367.646s] PRUNE: margin=-6.500000, optimistic_rem(widened)=0.000000 → cannot exceed 0.
[367.845s] PRUNE: margin=-6.500000, optimistic_rem(widened)=0.000000 → cannot exceed 0.
[368.244s] PRUNE: margin=-6.500000, optimistic_rem(widened)=0.000000 → cannot exceed 0.
[369.038s] PRUNE: margin=-6.500000, optimistic_rem(widened)=0.000000 → cannot exceed 0.
[370.629s] PRUNE: margin=-6.000000, optimistic_rem(widened)=0.000000 → cannot exceed 0.
[370.828s] PRUNE: margin=-6.000000, optimistic_rem(widened)=0.000000 → cannot exceed 0.
[371.027s] PRUNE: margin=-6.000000, optimistic_rem(widened)=0.000000 → cannot exceed 0.
[371.226s] PRUNE: margin=-6.000000, optimistic_rem(widened)=0.000000 → cannot exceed 0.
[371.424s] PRUNE: margin=-6.000000, optimistic_rem(widened)=0.000000 → cannot exceed 0.
[371.821s] PRUNE: margin=-6.000000, optimistic_rem(widened)=0.000000 → cannot exceed 0.
[372.020s] PRUNE: margin=-6.000000, optimistic_rem(widened)=0.000000 → cannot exceed 0.
[372.218s] PRUNE: margin=-6.000000, optimistic_rem(widened)=0.000000 → cannot exceed 0.
[372.417s] PRUNE: margin=-6.000000, optimistic_rem(widened)=0.000000 → cannot exceed 0.
[372.814s] PRUNE: margin=-6.500000, optimistic_rem(widened)=0.000000 → cannot exceed 0.
[373.012s] PRUNE: margin=-6.500000, optimistic_rem(widened)=0.000000 → cannot exceed 0.
[373.211s] PRUNE: margin=-6.500000, optimistic_rem(widened)=0.000000 → cannot exceed 0.
[373.608s] PRUNE: margin=-6.500000, optimistic_rem(widened)=0.000000 → cannot exceed 0.
[373.806s] PRUNE: margin=-6.500000, optimistic_rem(widened)=0.000000 → cannot exceed 0.
[374.203s] PRUNE: margin=-6.500000, optimistic_rem(widened)=0.000000 → cannot exceed 0.
[374.997s] PRUNE: margin=-6.500000, optimistic_rem(widened)=0.000000 → cannot exceed 0.
[375.196s] PRUNE: margin=-6.500000, optimistic_rem(widened)=0.000000 → cannot exceed 0.
[375.395s] PRUNE: margin=-6.500000, optimistic_rem(widened)=0.000000 → cannot exceed 0.
[375.593s] PRUNE: margin=-6.500000, optimistic_rem(widened)=0.000000 → cannot exceed 0.
[375.990s] PRUNE: margin=-6.500000, optimistic_rem(widened)=0.000000 → cannot exceed 0.
[376.189s] PRUNE: margin=-6.500000, optimistic_rem(widened)=0.000000 → cannot exceed 0.
[376.387s] PRUNE: margin=-6.500000, optimistic_rem(widened)=0.000000 → cannot exceed 0.
[376.784s] PRUNE: margin=-6.500000, optimistic_rem(widened)=0.000000 → cannot exceed 0.
[376.983s] PRUNE: margin=-6.500000, optimistic_rem(widened)=0.000000 → cannot exceed 0.
[377.382s] PRUNE: margin=-6.500000, optimistic_rem(widened)=0.000000 → cannot exceed 0.
[378.176s] PRUNE: margin=-6.500000, optimistic_rem(widened)=0.000000 → cannot exceed 0.
[378.375s] PRUNE: margin=-6.500000, optimistic_rem(widened)=0.000000 → cannot exceed 0.
[378.574s] PRUNE: margin=-6.500000, optimistic_rem(widened)=0.000000 → cannot exceed 0.
[378.971s] PRUNE: margin=-6.500000, optimistic_rem(widened)=0.000000 → cannot exceed 0.
[379.170s] PRUNE: margin=-6.500000, optimistic_rem(widened)=0.000000 → cannot exceed 0.
[379.576s] PRUNE: margin=-6.500000, optimistic_rem(widened)=0.000000 → cannot exceed 0.
[380.369s] PRUNE: margin=-6.500000, optimistic_rem(widened)=0.000000 → cannot exceed 0.
[380.569s] PRUNE: margin=-6.500000, optimistic_rem(widened)=0.000000 → cannot exceed 0.
[380.966s] PRUNE: margin=-6.500000, optimistic_rem(widened)=0.000000 → cannot exceed 0.
[381.761s] PRUNE: margin=-6.500000, optimistic_rem(widened)=0.000000 → cannot exceed 0.
[383.349s] PRUNE: margin=-6.500000, optimistic_rem(widened)=0.000000 → cannot exceed 0.
[383.547s] PRUNE: margin=-6.500000, optimistic_rem(widened)=0.000000 → cannot exceed 0.
[383.746s] PRUNE: margin=-6.500000, optimistic_rem(widened)=0.000000 → cannot exceed 0.
[383.944s] PRUNE: margin=-6.500000, optimistic_rem(widened)=0.000000 → cannot exceed 0.
[384.341s] PRUNE: margin=-6.500000, optimistic_rem(widened)=0.000000 → cannot exceed 0.
[384.542s] PRUNE: margin=-6.500000, optimistic_rem(widened)=0.000000 → cannot exceed 0.
[384.740s] PRUNE: margin=-6.500000, optimistic_rem(widened)=0.000000 → cannot exceed 0.
[385.137s] PRUNE: margin=-6.500000, optimistic_rem(widened)=0.000000 → cannot exceed 0.
[385.336s] PRUNE: margin=-6.500000, optimistic_rem(widened)=0.000000 → cannot exceed 0.
[385.733s] PRUNE: margin=-6.500000, optimistic_rem(widened)=0.000000 → cannot exceed 0.
[386.625s] PRUNE: margin=-6.500000, optimistic_rem(widened)=0.000000 → cannot exceed 0.
[386.879s] PRUNE: margin=-6.500000, optimistic_rem(widened)=0.000000 → cannot exceed 0.
[387.073s] PRUNE: margin=-6.500000, optimistic_rem(widened)=0.000000 → cannot exceed 0.
[387.460s] PRUNE: margin=-6.500000, optimistic_rem(widened)=0.000000 → cannot exceed 0.
[387.654s] PRUNE: margin=-6.500000, optimistic_rem(widened)=0.000000 → cannot exceed 0.
[387.982s] PRUNE: margin=-6.500000, optimistic_rem(widened)=0.000000 → cannot exceed 0.
[388.477s] PRUNE: margin=-6.500000, optimistic_rem(widened)=0.000000 → cannot exceed 0.
[388.604s] PRUNE: margin=-6.500000, optimistic_rem(widened)=0.000000 → cannot exceed 0.
[388.854s] PRUNE: margin=-6.500000, optimistic_rem(widened)=0.000000 → cannot exceed 0.
[389.570s] PRUNE: margin=-6.500000, optimistic_rem(widened)=0.000000 → cannot exceed 0.
[402.132s] No counterexample within budgets (BaB): no misclassification found.
STATUS: No counterexample | best_upper_margin=26.000000 | elapsed=402.132s | pixels_changed=0 | total_bit_flips=0 | avg_hamming_per_pixel=0.000000 | patch_rows=8-10 | patch_cols=12-24 | note=no_counterexample_within_budgets
