[  0.000s] init: idx=4813 kmax=2 bmax=4 topx=2 widen=1.000 rank_fast=off
clean logits (hex):  0x88  0x84  0x9c  0x88  0x75  0x99  0xba  0x9f  0x62  0x70
clean logits (bits): 10001000 10000100 10011100 10001000 01110101 10011001 10111010 10011111 01100010 01110000
clean logits (double): -8.000000 -16.000000 -2.500000 -8.000000 +6.500000 -2.875000 -1.187500 -2.125000 +2.250000 +4.000000
[  0.009s] clean prediction: 4 (true label 4)
[ 36.340s] selection: nSym=2 (from 784), topx=2, rank_fast=off
[ 36.340s] active patch: rows 4-11, cols 14-15 (derived from symPix)
[ 36.750s] Proceeding to BaB (greedy enabled).
[ 36.750s] Skipping root bound check (--no-root-bound).
[ 36.750s] BaB search starting (K≤2, B≤4, nSym=2, depth_limit=500000000, widen=1.00)...
[ 37.108s] PRUNE: margin=-1.000000, optimistic_rem(widened)=0.000000 → cannot exceed 0.
[ 37.245s] PRUNE: margin=-0.500000, optimistic_rem(widened)=0.000000 → cannot exceed 0.
[ 37.373s] PRUNE: margin=-1.000000, optimistic_rem(widened)=0.000000 → cannot exceed 0.
[ 37.542s] PRUNE: margin=-1.000000, optimistic_rem(widened)=0.000000 → cannot exceed 0.
[ 37.740s] PRUNE: margin=-1.000000, optimistic_rem(widened)=0.000000 → cannot exceed 0.
[ 37.938s] PRUNE: margin=-1.000000, optimistic_rem(widened)=0.000000 → cannot exceed 0.
[ 38.135s] PRUNE: margin=-1.000000, optimistic_rem(widened)=0.000000 → cannot exceed 0.
[ 38.333s] PRUNE: margin=-1.000000, optimistic_rem(widened)=0.000000 → cannot exceed 0.
[ 38.531s] PRUNE: margin=-1.000000, optimistic_rem(widened)=0.000000 → cannot exceed 0.
[ 38.729s] PRUNE: margin=-1.000000, optimistic_rem(widened)=0.000000 → cannot exceed 0.
[ 38.927s] PRUNE: margin=-1.000000, optimistic_rem(widened)=0.000000 → cannot exceed 0.
[ 39.124s] PRUNE: margin=-1.000000, optimistic_rem(widened)=0.000000 → cannot exceed 0.
[ 39.322s] PRUNE: margin=-1.000000, optimistic_rem(widened)=0.000000 → cannot exceed 0.
[ 39.718s] PRUNE: margin=-0.500000, optimistic_rem(widened)=0.000000 → cannot exceed 0.
[ 39.916s] PRUNE: margin=-0.500000, optimistic_rem(widened)=0.000000 → cannot exceed 0.
[ 40.114s] PRUNE: margin=-0.500000, optimistic_rem(widened)=0.000000 → cannot exceed 0.
[ 40.311s] PRUNE: margin=-0.500000, optimistic_rem(widened)=0.000000 → cannot exceed 0.
[ 40.509s] PRUNE: margin=-0.500000, optimistic_rem(widened)=0.000000 → cannot exceed 0.
[ 40.707s] PRUNE: margin=-0.500000, optimistic_rem(widened)=0.000000 → cannot exceed 0.
[ 40.905s] PRUNE: margin=-0.500000, optimistic_rem(widened)=0.000000 → cannot exceed 0.
[ 41.102s] PRUNE: margin=-0.500000, optimistic_rem(widened)=0.000000 → cannot exceed 0.
[ 41.300s] PRUNE: margin=-0.500000, optimistic_rem(widened)=0.000000 → cannot exceed 0.
[ 41.498s] PRUNE: margin=-0.500000, optimistic_rem(widened)=0.000000 → cannot exceed 0.
[ 41.695s] PRUNE: margin=-0.500000, optimistic_rem(widened)=0.000000 → cannot exceed 0.
[ 41.893s] PRUNE: margin=-0.500000, optimistic_rem(widened)=0.000000 → cannot exceed 0.
[ 42.278s] PRUNE: margin=-0.500000, optimistic_rem(widened)=0.000000 → cannot exceed 0.
[ 42.409s] PRUNE: margin=-0.500000, optimistic_rem(widened)=0.000000 → cannot exceed 0.
[ 42.566s] PRUNE: margin=-0.500000, optimistic_rem(widened)=0.000000 → cannot exceed 0.
[ 42.699s] PRUNE: margin=-0.500000, optimistic_rem(widened)=0.000000 → cannot exceed 0.
[ 42.833s] PRUNE: margin=-0.500000, optimistic_rem(widened)=0.000000 → cannot exceed 0.
[ 42.971s] PRUNE: margin=-0.500000, optimistic_rem(widened)=0.000000 → cannot exceed 0.
[ 43.103s] PRUNE: margin=-0.500000, optimistic_rem(widened)=0.000000 → cannot exceed 0.
[ 43.237s] PRUNE: margin=-0.500000, optimistic_rem(widened)=0.000000 → cannot exceed 0.
[ 43.383s] PRUNE: margin=-0.500000, optimistic_rem(widened)=0.000000 → cannot exceed 0.
[ 43.515s] PRUNE: margin=-0.500000, optimistic_rem(widened)=0.000000 → cannot exceed 0.
[ 43.639s] PRUNE: margin=-0.500000, optimistic_rem(widened)=0.000000 → cannot exceed 0.
[ 43.885s] PRUNE: margin=-0.500000, optimistic_rem(widened)=0.000000 → cannot exceed 0.
[ 44.016s] PRUNE: margin=-0.500000, optimistic_rem(widened)=0.000000 → cannot exceed 0.
[ 44.158s] PRUNE: margin=-0.500000, optimistic_rem(widened)=0.000000 → cannot exceed 0.
[ 44.286s] PRUNE: margin=-0.500000, optimistic_rem(widened)=0.000000 → cannot exceed 0.
[ 44.406s] PRUNE: margin=-0.500000, optimistic_rem(widened)=0.000000 → cannot exceed 0.
[ 44.529s] PRUNE: margin=-0.500000, optimistic_rem(widened)=0.000000 → cannot exceed 0.
[ 44.655s] PRUNE: margin=-0.500000, optimistic_rem(widened)=0.000000 → cannot exceed 0.
[ 44.777s] PRUNE: margin=-0.500000, optimistic_rem(widened)=0.000000 → cannot exceed 0.
[ 44.903s] PRUNE: margin=-0.500000, optimistic_rem(widened)=0.000000 → cannot exceed 0.
[ 45.093s] PRUNE: margin=-0.500000, optimistic_rem(widened)=0.000000 → cannot exceed 0.
[ 45.489s] PRUNE: margin=-0.500000, optimistic_rem(widened)=0.000000 → cannot exceed 0.
[ 45.686s] PRUNE: margin=-0.500000, optimistic_rem(widened)=0.000000 → cannot exceed 0.
[ 45.884s] PRUNE: margin=-0.500000, optimistic_rem(widened)=0.000000 → cannot exceed 0.
[ 46.081s] PRUNE: margin=-0.500000, optimistic_rem(widened)=0.000000 → cannot exceed 0.
[ 46.280s] PRUNE: margin=-0.500000, optimistic_rem(widened)=0.000000 → cannot exceed 0.
[ 46.478s] PRUNE: margin=-0.500000, optimistic_rem(widened)=0.000000 → cannot exceed 0.
[ 46.676s] PRUNE: margin=-0.500000, optimistic_rem(widened)=0.000000 → cannot exceed 0.
[ 46.873s] PRUNE: margin=-0.500000, optimistic_rem(widened)=0.000000 → cannot exceed 0.
[ 47.071s] PRUNE: margin=-0.500000, optimistic_rem(widened)=0.000000 → cannot exceed 0.
[ 47.466s] PRUNE: margin=-0.500000, optimistic_rem(widened)=0.000000 → cannot exceed 0.
[ 47.664s] PRUNE: margin=-0.500000, optimistic_rem(widened)=0.000000 → cannot exceed 0.
[ 47.862s] PRUNE: margin=-0.500000, optimistic_rem(widened)=0.000000 → cannot exceed 0.
[ 48.059s] PRUNE: margin=-0.500000, optimistic_rem(widened)=0.000000 → cannot exceed 0.
[ 48.257s] PRUNE: margin=-0.500000, optimistic_rem(widened)=0.000000 → cannot exceed 0.
[ 48.455s] PRUNE: margin=-0.500000, optimistic_rem(widened)=0.000000 → cannot exceed 0.
[ 48.652s] PRUNE: margin=-0.500000, optimistic_rem(widened)=0.000000 → cannot exceed 0.
[ 48.850s] PRUNE: margin=-0.500000, optimistic_rem(widened)=0.000000 → cannot exceed 0.
[ 49.245s] PRUNE: margin=-0.500000, optimistic_rem(widened)=0.000000 → cannot exceed 0.
[ 49.443s] PRUNE: margin=-0.500000, optimistic_rem(widened)=0.000000 → cannot exceed 0.
[ 49.641s] PRUNE: margin=-0.500000, optimistic_rem(widened)=0.000000 → cannot exceed 0.
[ 49.838s] PRUNE: margin=-0.500000, optimistic_rem(widened)=0.000000 → cannot exceed 0.
[ 50.036s] PRUNE: margin=-0.500000, optimistic_rem(widened)=0.000000 → cannot exceed 0.
[ 50.234s] PRUNE: margin=-0.500000, optimistic_rem(widened)=0.000000 → cannot exceed 0.
[ 50.432s] PRUNE: margin=-0.500000, optimistic_rem(widened)=0.000000 → cannot exceed 0.
[ 50.828s] PRUNE: margin=-0.500000, optimistic_rem(widened)=0.000000 → cannot exceed 0.
[ 51.026s] PRUNE: margin=-0.500000, optimistic_rem(widened)=0.000000 → cannot exceed 0.
[ 51.223s] PRUNE: margin=-0.500000, optimistic_rem(widened)=0.000000 → cannot exceed 0.
[ 51.421s] PRUNE: margin=-0.500000, optimistic_rem(widened)=0.000000 → cannot exceed 0.
[ 51.619s] PRUNE: margin=-0.500000, optimistic_rem(widened)=0.000000 → cannot exceed 0.
[ 51.804s] PRUNE: margin=-0.500000, optimistic_rem(widened)=0.000000 → cannot exceed 0.
[ 52.116s] PRUNE: margin=-0.500000, optimistic_rem(widened)=0.000000 → cannot exceed 0.
[ 52.305s] PRUNE: margin=-0.500000, optimistic_rem(widened)=0.000000 → cannot exceed 0.
[ 52.503s] PRUNE: margin=-0.500000, optimistic_rem(widened)=0.000000 → cannot exceed 0.
[ 52.631s] PRUNE: margin=-0.500000, optimistic_rem(widened)=0.000000 → cannot exceed 0.
[ 52.772s] PRUNE: margin=-0.500000, optimistic_rem(widened)=0.000000 → cannot exceed 0.
[ 53.035s] PRUNE: margin=-0.500000, optimistic_rem(widened)=0.000000 → cannot exceed 0.
[ 53.213s] PRUNE: margin=-0.500000, optimistic_rem(widened)=0.000000 → cannot exceed 0.
[ 53.359s] PRUNE: margin=-0.500000, optimistic_rem(widened)=0.000000 → cannot exceed 0.
[ 53.485s] PRUNE: margin=-0.500000, optimistic_rem(widened)=0.000000 → cannot exceed 0.
[ 53.751s] PRUNE: margin=-0.500000, optimistic_rem(widened)=0.000000 → cannot exceed 0.
[ 53.909s] PRUNE: margin=-0.500000, optimistic_rem(widened)=0.000000 → cannot exceed 0.
[ 54.107s] PRUNE: margin=-0.500000, optimistic_rem(widened)=0.000000 → cannot exceed 0.
[ 54.504s] PRUNE: margin=-0.500000, optimistic_rem(widened)=0.000000 → cannot exceed 0.
[ 54.702s] PRUNE: margin=-0.500000, optimistic_rem(widened)=0.000000 → cannot exceed 0.
[ 55.099s] PRUNE: margin=-0.500000, optimistic_rem(widened)=0.000000 → cannot exceed 0.
[ 55.892s] PRUNE: margin=-0.500000, optimistic_rem(widened)=0.000000 → cannot exceed 0.
[ 56.090s] PRUNE: margin=-0.500000, optimistic_rem(widened)=0.000000 → cannot exceed 0.
[ 56.288s] PRUNE: margin=-0.500000, optimistic_rem(widened)=0.000000 → cannot exceed 0.
[ 56.487s] PRUNE: margin=-0.500000, optimistic_rem(widened)=0.000000 → cannot exceed 0.
[ 56.685s] PRUNE: margin=-0.500000, optimistic_rem(widened)=0.000000 → cannot exceed 0.
[ 56.883s] PRUNE: margin=-0.500000, optimistic_rem(widened)=0.000000 → cannot exceed 0.
[ 57.082s] PRUNE: margin=-0.500000, optimistic_rem(widened)=0.000000 → cannot exceed 0.
[ 57.280s] PRUNE: margin=-0.500000, optimistic_rem(widened)=0.000000 → cannot exceed 0.
[ 57.478s] PRUNE: margin=-0.500000, optimistic_rem(widened)=0.000000 → cannot exceed 0.
[ 57.676s] PRUNE: margin=-0.500000, optimistic_rem(widened)=0.000000 → cannot exceed 0.
[ 57.875s] PRUNE: margin=-0.500000, optimistic_rem(widened)=0.000000 → cannot exceed 0.
[ 58.028s] PRUNE: margin=-0.500000, optimistic_rem(widened)=0.000000 → cannot exceed 0.
[ 58.305s] PRUNE: margin=-0.500000, optimistic_rem(widened)=0.000000 → cannot exceed 0.
[ 58.452s] PRUNE: margin=-0.500000, optimistic_rem(widened)=0.000000 → cannot exceed 0.
[ 58.595s] PRUNE: margin=-0.500000, optimistic_rem(widened)=0.000000 → cannot exceed 0.
[ 58.780s] PRUNE: margin=-0.500000, optimistic_rem(widened)=0.000000 → cannot exceed 0.
[ 58.984s] PRUNE: margin=-0.500000, optimistic_rem(widened)=0.000000 → cannot exceed 0.
[ 59.133s] PRUNE: margin=-0.500000, optimistic_rem(widened)=0.000000 → cannot exceed 0.
[ 59.269s] PRUNE: margin=-0.500000, optimistic_rem(widened)=0.000000 → cannot exceed 0.
[ 59.408s] PRUNE: margin=-0.500000, optimistic_rem(widened)=0.000000 → cannot exceed 0.
[ 59.543s] PRUNE: margin=-0.500000, optimistic_rem(widened)=0.000000 → cannot exceed 0.
[ 59.695s] PRUNE: margin=-0.500000, optimistic_rem(widened)=0.000000 → cannot exceed 0.
[ 59.854s] PRUNE: margin=-0.500000, optimistic_rem(widened)=0.000000 → cannot exceed 0.
[ 60.227s] PRUNE: margin=-0.500000, optimistic_rem(widened)=0.000000 → cannot exceed 0.
[ 60.425s] PRUNE: margin=-0.500000, optimistic_rem(widened)=0.000000 → cannot exceed 0.
[ 60.623s] PRUNE: margin=-0.500000, optimistic_rem(widened)=0.000000 → cannot exceed 0.
[ 60.821s] PRUNE: margin=-0.500000, optimistic_rem(widened)=0.000000 → cannot exceed 0.
[ 61.017s] PRUNE: margin=-0.500000, optimistic_rem(widened)=0.000000 → cannot exceed 0.
[ 61.215s] PRUNE: margin=-0.500000, optimistic_rem(widened)=0.000000 → cannot exceed 0.
[ 61.413s] PRUNE: margin=-0.500000, optimistic_rem(widened)=0.000000 → cannot exceed 0.
[ 61.610s] PRUNE: margin=-0.500000, optimistic_rem(widened)=0.000000 → cannot exceed 0.
[ 61.808s] PRUNE: margin=-0.500000, optimistic_rem(widened)=0.000000 → cannot exceed 0.
[ 62.006s] PRUNE: margin=-0.500000, optimistic_rem(widened)=0.000000 → cannot exceed 0.
[ 62.401s] PRUNE: margin=-0.500000, optimistic_rem(widened)=0.000000 → cannot exceed 0.
[ 62.599s] PRUNE: margin=-0.500000, optimistic_rem(widened)=0.000000 → cannot exceed 0.
[ 62.797s] PRUNE: margin=-0.500000, optimistic_rem(widened)=0.000000 → cannot exceed 0.
[ 62.994s] PRUNE: margin=-0.500000, optimistic_rem(widened)=0.000000 → cannot exceed 0.
[ 63.192s] PRUNE: margin=-0.500000, optimistic_rem(widened)=0.000000 → cannot exceed 0.
[ 63.390s] PRUNE: margin=-0.500000, optimistic_rem(widened)=0.000000 → cannot exceed 0.
[ 63.588s] PRUNE: margin=-0.500000, optimistic_rem(widened)=0.000000 → cannot exceed 0.
[ 63.786s] PRUNE: margin=-0.500000, optimistic_rem(widened)=0.000000 → cannot exceed 0.
[ 63.984s] PRUNE: margin=-0.500000, optimistic_rem(widened)=0.000000 → cannot exceed 0.
[ 64.379s] PRUNE: margin=-0.500000, optimistic_rem(widened)=0.000000 → cannot exceed 0.
[ 64.577s] PRUNE: margin=-0.500000, optimistic_rem(widened)=0.000000 → cannot exceed 0.
[ 64.775s] PRUNE: margin=-0.500000, optimistic_rem(widened)=0.000000 → cannot exceed 0.
[ 64.974s] PRUNE: margin=-0.500000, optimistic_rem(widened)=0.000000 → cannot exceed 0.
[ 65.172s] PRUNE: margin=-0.500000, optimistic_rem(widened)=0.000000 → cannot exceed 0.
[ 65.369s] PRUNE: margin=-0.500000, optimistic_rem(widened)=0.000000 → cannot exceed 0.
[ 65.568s] PRUNE: margin=-0.500000, optimistic_rem(widened)=0.000000 → cannot exceed 0.
[ 65.766s] PRUNE: margin=-0.500000, optimistic_rem(widened)=0.000000 → cannot exceed 0.
[ 66.161s] PRUNE: margin=-0.500000, optimistic_rem(widened)=0.000000 → cannot exceed 0.
[ 66.359s] PRUNE: margin=-0.500000, optimistic_rem(widened)=0.000000 → cannot exceed 0.
[ 66.559s] PRUNE: margin=-0.500000, optimistic_rem(widened)=0.000000 → cannot exceed 0.
[ 66.758s] PRUNE: margin=-0.500000, optimistic_rem(widened)=0.000000 → cannot exceed 0.
[ 66.956s] PRUNE: margin=-0.500000, optimistic_rem(widened)=0.000000 → cannot exceed 0.
[ 67.154s] PRUNE: margin=-0.500000, optimistic_rem(widened)=0.000000 → cannot exceed 0.
[ 67.353s] PRUNE: margin=-0.500000, optimistic_rem(widened)=0.000000 → cannot exceed 0.
[ 67.749s] PRUNE: margin=-0.500000, optimistic_rem(widened)=0.000000 → cannot exceed 0.
[ 67.948s] PRUNE: margin=-0.500000, optimistic_rem(widened)=0.000000 → cannot exceed 0.
[ 68.146s] PRUNE: margin=-0.500000, optimistic_rem(widened)=0.000000 → cannot exceed 0.
[ 68.344s] PRUNE: margin=-0.500000, optimistic_rem(widened)=0.000000 → cannot exceed 0.
[ 68.543s] PRUNE: margin=-0.500000, optimistic_rem(widened)=0.000000 → cannot exceed 0.
[ 68.741s] PRUNE: margin=-0.500000, optimistic_rem(widened)=0.000000 → cannot exceed 0.
[ 69.138s] PRUNE: margin=-0.500000, optimistic_rem(widened)=0.000000 → cannot exceed 0.
[ 69.336s] PRUNE: margin=-0.500000, optimistic_rem(widened)=0.000000 → cannot exceed 0.
[ 69.536s] PRUNE: margin=-0.500000, optimistic_rem(widened)=0.000000 → cannot exceed 0.
[ 69.734s] PRUNE: margin=-0.500000, optimistic_rem(widened)=0.000000 → cannot exceed 0.
[ 69.932s] PRUNE: margin=-0.500000, optimistic_rem(widened)=0.000000 → cannot exceed 0.
[ 70.329s] PRUNE: margin=-1.000000, optimistic_rem(widened)=0.000000 → cannot exceed 0.
[ 70.527s] PRUNE: margin=-0.500000, optimistic_rem(widened)=0.000000 → cannot exceed 0.
[ 70.725s] PRUNE: margin=-0.500000, optimistic_rem(widened)=0.000000 → cannot exceed 0.
[ 70.924s] PRUNE: margin=-0.500000, optimistic_rem(widened)=0.000000 → cannot exceed 0.
[ 71.320s] PRUNE: margin=-0.500000, optimistic_rem(widened)=0.000000 → cannot exceed 0.
[ 71.519s] PRUNE: margin=-0.500000, optimistic_rem(widened)=0.000000 → cannot exceed 0.
[ 71.717s] PRUNE: margin=-0.500000, optimistic_rem(widened)=0.000000 → cannot exceed 0.
[ 72.115s] PRUNE: margin=-0.500000, optimistic_rem(widened)=0.000000 → cannot exceed 0.
[ 72.314s] PRUNE: margin=-0.500000, optimistic_rem(widened)=0.000000 → cannot exceed 0.
[ 72.712s] PRUNE: margin=-0.500000, optimistic_rem(widened)=0.000000 → cannot exceed 0.
[ 73.506s] PRUNE: margin=-0.500000, optimistic_rem(widened)=0.500000 → cannot exceed 0.
[ 73.704s] PRUNE: margin=-0.500000, optimistic_rem(widened)=0.500000 → cannot exceed 0.
[ 73.902s] PRUNE: margin=-0.500000, optimistic_rem(widened)=0.500000 → cannot exceed 0.
[ 74.101s] PRUNE: margin=-0.500000, optimistic_rem(widened)=0.500000 → cannot exceed 0.
[ 75.092s] PRUNE: margin=-0.500000, optimistic_rem(widened)=0.000000 → cannot exceed 0.
[ 75.291s] PRUNE: margin=-0.500000, optimistic_rem(widened)=0.000000 → cannot exceed 0.
[ 75.489s] PRUNE: margin=-0.500000, optimistic_rem(widened)=0.000000 → cannot exceed 0.
[ 75.688s] PRUNE: margin=-0.500000, optimistic_rem(widened)=0.000000 → cannot exceed 0.
[ 75.886s] PRUNE: margin=-0.500000, optimistic_rem(widened)=0.000000 → cannot exceed 0.
[ 76.084s] PRUNE: margin=-0.500000, optimistic_rem(widened)=0.000000 → cannot exceed 0.
[ 76.481s] PRUNE: margin=-0.500000, optimistic_rem(widened)=0.500000 → cannot exceed 0.
[ 76.679s] PRUNE: margin=-0.500000, optimistic_rem(widened)=0.500000 → cannot exceed 0.
[ 78.563s] PRUNE: margin=-0.500000, optimistic_rem(widened)=0.000000 → cannot exceed 0.
[ 78.761s] PRUNE: margin=-0.500000, optimistic_rem(widened)=0.000000 → cannot exceed 0.
[ 78.960s] PRUNE: margin=-0.500000, optimistic_rem(widened)=0.000000 → cannot exceed 0.
[ 79.158s] PRUNE: margin=-0.500000, optimistic_rem(widened)=0.000000 → cannot exceed 0.
[ 79.356s] PRUNE: margin=-0.500000, optimistic_rem(widened)=0.000000 → cannot exceed 0.
[ 79.555s] PRUNE: margin=-0.500000, optimistic_rem(widened)=0.000000 → cannot exceed 0.
[ 79.951s] PRUNE: margin=-0.500000, optimistic_rem(widened)=0.500000 → cannot exceed 0.
[ 81.835s] PRUNE: margin=-0.500000, optimistic_rem(widened)=0.000000 → cannot exceed 0.
[ 82.034s] PRUNE: margin=-0.500000, optimistic_rem(widened)=0.000000 → cannot exceed 0.
[ 82.232s] PRUNE: margin=-0.500000, optimistic_rem(widened)=0.000000 → cannot exceed 0.
[ 82.430s] PRUNE: margin=-0.500000, optimistic_rem(widened)=0.000000 → cannot exceed 0.
[ 82.629s] PRUNE: margin=-0.500000, optimistic_rem(widened)=0.000000 → cannot exceed 0.
[ 82.827s] PRUNE: margin=-0.500000, optimistic_rem(widened)=0.000000 → cannot exceed 0.
[ 84.909s] PRUNE: margin=-0.500000, optimistic_rem(widened)=0.000000 → cannot exceed 0.
[ 85.107s] PRUNE: margin=-0.500000, optimistic_rem(widened)=0.000000 → cannot exceed 0.
[ 85.305s] PRUNE: margin=-0.500000, optimistic_rem(widened)=0.000000 → cannot exceed 0.
[ 85.503s] PRUNE: margin=-0.500000, optimistic_rem(widened)=0.000000 → cannot exceed 0.
[ 85.702s] PRUNE: margin=-0.500000, optimistic_rem(widened)=0.000000 → cannot exceed 0.
[ 85.900s] PRUNE: margin=-0.500000, optimistic_rem(widened)=0.000000 → cannot exceed 0.
[ 87.089s] PRUNE: margin=-0.500000, optimistic_rem(widened)=0.000000 → cannot exceed 0.
[ 87.288s] PRUNE: margin=-0.500000, optimistic_rem(widened)=0.000000 → cannot exceed 0.
[ 87.486s] PRUNE: margin=-0.500000, optimistic_rem(widened)=0.000000 → cannot exceed 0.
[ 87.684s] PRUNE: margin=-0.500000, optimistic_rem(widened)=0.000000 → cannot exceed 0.
[ 87.883s] PRUNE: margin=-0.500000, optimistic_rem(widened)=0.000000 → cannot exceed 0.
[ 88.081s] PRUNE: margin=-0.500000, optimistic_rem(widened)=0.000000 → cannot exceed 0.
[ 88.477s] PRUNE: margin=-0.500000, optimistic_rem(widened)=0.000000 → cannot exceed 0.
[ 88.676s] PRUNE: margin=-0.500000, optimistic_rem(widened)=0.000000 → cannot exceed 0.
[ 88.874s] PRUNE: margin=-0.500000, optimistic_rem(widened)=0.000000 → cannot exceed 0.
[ 89.072s] PRUNE: margin=-1.000000, optimistic_rem(widened)=0.000000 → cannot exceed 0.
[ 89.270s] PRUNE: margin=-1.000000, optimistic_rem(widened)=0.000000 → cannot exceed 0.
[ 89.469s] PRUNE: margin=-1.000000, optimistic_rem(widened)=0.000000 → cannot exceed 0.
[ 89.865s] PRUNE: margin=-0.500000, optimistic_rem(widened)=0.000000 → cannot exceed 0.
[ 90.064s] PRUNE: margin=-0.500000, optimistic_rem(widened)=0.000000 → cannot exceed 0.
[ 90.262s] PRUNE: margin=-0.500000, optimistic_rem(widened)=0.000000 → cannot exceed 0.
[ 90.461s] PRUNE: margin=-0.500000, optimistic_rem(widened)=0.000000 → cannot exceed 0.
[ 90.659s] PRUNE: margin=-0.500000, optimistic_rem(widened)=0.000000 → cannot exceed 0.
[ 91.056s] PRUNE: margin=-0.500000, optimistic_rem(widened)=0.000000 → cannot exceed 0.
[ 91.254s] PRUNE: margin=-0.500000, optimistic_rem(widened)=0.000000 → cannot exceed 0.
[ 91.453s] PRUNE: margin=-0.500000, optimistic_rem(widened)=0.000000 → cannot exceed 0.
[ 91.651s] PRUNE: margin=-0.500000, optimistic_rem(widened)=0.000000 → cannot exceed 0.
[ 92.048s] PRUNE: margin=-0.500000, optimistic_rem(widened)=0.000000 → cannot exceed 0.
[ 92.246s] PRUNE: margin=-0.500000, optimistic_rem(widened)=0.000000 → cannot exceed 0.
[ 92.444s] PRUNE: margin=-0.500000, optimistic_rem(widened)=0.000000 → cannot exceed 0.
[ 92.841s] PRUNE: margin=-0.500000, optimistic_rem(widened)=0.000000 → cannot exceed 0.
[ 93.039s] PRUNE: margin=-0.500000, optimistic_rem(widened)=0.000000 → cannot exceed 0.
[ 93.436s] PRUNE: margin=-0.500000, optimistic_rem(widened)=0.000000 → cannot exceed 0.
[ 94.229s] PRUNE: margin=-0.500000, optimistic_rem(widened)=0.500000 → cannot exceed 0.
[ 94.427s] PRUNE: margin=-0.500000, optimistic_rem(widened)=0.500000 → cannot exceed 0.
[ 96.310s] PRUNE: margin=-0.500000, optimistic_rem(widened)=0.000000 → cannot exceed 0.
[ 96.509s] PRUNE: margin=-0.500000, optimistic_rem(widened)=0.000000 → cannot exceed 0.
[ 96.707s] PRUNE: margin=-0.500000, optimistic_rem(widened)=0.000000 → cannot exceed 0.
[ 96.905s] PRUNE: margin=-0.500000, optimistic_rem(widened)=0.000000 → cannot exceed 0.
[ 97.092s] PRUNE: margin=-0.500000, optimistic_rem(widened)=0.000000 → cannot exceed 0.
[ 97.290s] PRUNE: margin=-0.500000, optimistic_rem(widened)=0.000000 → cannot exceed 0.
[ 97.665s] PRUNE: margin=-0.500000, optimistic_rem(widened)=0.500000 → cannot exceed 0.
[ 99.108s] PRUNE: margin=-0.500000, optimistic_rem(widened)=0.000000 → cannot exceed 0.
[ 99.305s] PRUNE: margin=-0.500000, optimistic_rem(widened)=0.000000 → cannot exceed 0.
[ 99.502s] PRUNE: margin=-0.500000, optimistic_rem(widened)=0.000000 → cannot exceed 0.
[ 99.700s] PRUNE: margin=-0.500000, optimistic_rem(widened)=0.000000 → cannot exceed 0.
[ 99.897s] PRUNE: margin=-0.500000, optimistic_rem(widened)=0.000000 → cannot exceed 0.
[100.095s] PRUNE: margin=-0.500000, optimistic_rem(widened)=0.000000 → cannot exceed 0.
[102.168s] PRUNE: margin=-0.500000, optimistic_rem(widened)=0.000000 → cannot exceed 0.
[102.365s] PRUNE: margin=-0.500000, optimistic_rem(widened)=0.000000 → cannot exceed 0.
[102.563s] PRUNE: margin=-0.500000, optimistic_rem(widened)=0.000000 → cannot exceed 0.
[102.760s] PRUNE: margin=-0.500000, optimistic_rem(widened)=0.000000 → cannot exceed 0.
[102.958s] PRUNE: margin=-0.500000, optimistic_rem(widened)=0.000000 → cannot exceed 0.
[103.155s] PRUNE: margin=-0.500000, optimistic_rem(widened)=0.000000 → cannot exceed 0.
[104.340s] PRUNE: margin=-0.500000, optimistic_rem(widened)=0.000000 → cannot exceed 0.
[104.537s] PRUNE: margin=-0.500000, optimistic_rem(widened)=0.000000 → cannot exceed 0.
[104.735s] PRUNE: margin=-0.500000, optimistic_rem(widened)=0.000000 → cannot exceed 0.
[104.932s] PRUNE: margin=-0.500000, optimistic_rem(widened)=0.000000 → cannot exceed 0.
[105.130s] PRUNE: margin=-0.500000, optimistic_rem(widened)=0.000000 → cannot exceed 0.
[105.327s] PRUNE: margin=-0.500000, optimistic_rem(widened)=0.000000 → cannot exceed 0.
[105.722s] PRUNE: margin=-0.500000, optimistic_rem(widened)=0.000000 → cannot exceed 0.
[105.919s] PRUNE: margin=-0.500000, optimistic_rem(widened)=0.000000 → cannot exceed 0.
[106.117s] PRUNE: margin=-0.500000, optimistic_rem(widened)=0.000000 → cannot exceed 0.
[106.314s] PRUNE: margin=-1.000000, optimistic_rem(widened)=0.000000 → cannot exceed 0.
[106.512s] PRUNE: margin=-1.000000, optimistic_rem(widened)=0.000000 → cannot exceed 0.
[106.709s] PRUNE: margin=-1.000000, optimistic_rem(widened)=0.000000 → cannot exceed 0.
[107.104s] PRUNE: margin=-0.500000, optimistic_rem(widened)=0.000000 → cannot exceed 0.
[107.302s] PRUNE: margin=-0.500000, optimistic_rem(widened)=0.000000 → cannot exceed 0.
[107.499s] PRUNE: margin=-0.500000, optimistic_rem(widened)=0.000000 → cannot exceed 0.
[107.697s] PRUNE: margin=-0.500000, optimistic_rem(widened)=0.000000 → cannot exceed 0.
[107.861s] PRUNE: margin=-0.500000, optimistic_rem(widened)=0.000000 → cannot exceed 0.
[108.167s] PRUNE: margin=-0.500000, optimistic_rem(widened)=0.000000 → cannot exceed 0.
[108.327s] PRUNE: margin=-0.500000, optimistic_rem(widened)=0.000000 → cannot exceed 0.
[108.483s] PRUNE: margin=-0.500000, optimistic_rem(widened)=0.000000 → cannot exceed 0.
[108.641s] PRUNE: margin=-0.500000, optimistic_rem(widened)=0.000000 → cannot exceed 0.
[108.966s] PRUNE: margin=-0.500000, optimistic_rem(widened)=0.000000 → cannot exceed 0.
[109.131s] PRUNE: margin=-0.500000, optimistic_rem(widened)=0.000000 → cannot exceed 0.
[109.308s] PRUNE: margin=-0.500000, optimistic_rem(widened)=0.000000 → cannot exceed 0.
[109.681s] PRUNE: margin=-0.500000, optimistic_rem(widened)=0.000000 → cannot exceed 0.
[109.867s] PRUNE: margin=-0.500000, optimistic_rem(widened)=0.000000 → cannot exceed 0.
[110.238s] PRUNE: margin=-0.500000, optimistic_rem(widened)=0.000000 → cannot exceed 0.
[110.981s] PRUNE: margin=-0.500000, optimistic_rem(widened)=0.500000 → cannot exceed 0.
[112.715s] PRUNE: margin=-0.500000, optimistic_rem(widened)=0.000000 → cannot exceed 0.
[112.901s] PRUNE: margin=-0.500000, optimistic_rem(widened)=0.000000 → cannot exceed 0.
[113.088s] PRUNE: margin=-0.500000, optimistic_rem(widened)=0.000000 → cannot exceed 0.
[113.274s] PRUNE: margin=-0.500000, optimistic_rem(widened)=0.000000 → cannot exceed 0.
[113.408s] PRUNE: margin=-0.500000, optimistic_rem(widened)=0.000000 → cannot exceed 0.
[113.536s] PRUNE: margin=-0.500000, optimistic_rem(widened)=0.000000 → cannot exceed 0.
[115.426s] PRUNE: margin=-0.500000, optimistic_rem(widened)=0.000000 → cannot exceed 0.
[115.631s] PRUNE: margin=-0.500000, optimistic_rem(widened)=0.000000 → cannot exceed 0.
[115.836s] PRUNE: margin=-0.500000, optimistic_rem(widened)=0.000000 → cannot exceed 0.
[116.040s] PRUNE: margin=-0.500000, optimistic_rem(widened)=0.000000 → cannot exceed 0.
[116.243s] PRUNE: margin=-0.500000, optimistic_rem(widened)=0.000000 → cannot exceed 0.
[116.445s] PRUNE: margin=-0.500000, optimistic_rem(widened)=0.000000 → cannot exceed 0.
[117.692s] PRUNE: margin=-0.500000, optimistic_rem(widened)=0.000000 → cannot exceed 0.
[117.890s] PRUNE: margin=-0.500000, optimistic_rem(widened)=0.000000 → cannot exceed 0.
[118.088s] PRUNE: margin=-0.500000, optimistic_rem(widened)=0.000000 → cannot exceed 0.
[118.286s] PRUNE: margin=-0.500000, optimistic_rem(widened)=0.000000 → cannot exceed 0.
[118.483s] PRUNE: margin=-0.500000, optimistic_rem(widened)=0.000000 → cannot exceed 0.
[118.681s] PRUNE: margin=-0.500000, optimistic_rem(widened)=0.000000 → cannot exceed 0.
[119.077s] PRUNE: margin=-0.500000, optimistic_rem(widened)=0.000000 → cannot exceed 0.
[119.274s] PRUNE: margin=-0.500000, optimistic_rem(widened)=0.000000 → cannot exceed 0.
[119.472s] PRUNE: margin=-0.500000, optimistic_rem(widened)=0.000000 → cannot exceed 0.
[119.670s] PRUNE: margin=-1.000000, optimistic_rem(widened)=0.000000 → cannot exceed 0.
[119.868s] PRUNE: margin=-1.000000, optimistic_rem(widened)=0.000000 → cannot exceed 0.
[120.065s] PRUNE: margin=-1.000000, optimistic_rem(widened)=0.000000 → cannot exceed 0.
[120.461s] PRUNE: margin=-0.500000, optimistic_rem(widened)=0.000000 → cannot exceed 0.
[120.658s] PRUNE: margin=-0.500000, optimistic_rem(widened)=0.000000 → cannot exceed 0.
[120.856s] PRUNE: margin=-0.500000, optimistic_rem(widened)=0.000000 → cannot exceed 0.
[121.054s] PRUNE: margin=-0.500000, optimistic_rem(widened)=0.000000 → cannot exceed 0.
[121.252s] PRUNE: margin=-0.500000, optimistic_rem(widened)=0.000000 → cannot exceed 0.
[121.647s] PRUNE: margin=-0.500000, optimistic_rem(widened)=0.000000 → cannot exceed 0.
[121.845s] PRUNE: margin=-0.500000, optimistic_rem(widened)=0.000000 → cannot exceed 0.
[122.042s] PRUNE: margin=-0.500000, optimistic_rem(widened)=0.000000 → cannot exceed 0.
[122.240s] PRUNE: margin=-0.500000, optimistic_rem(widened)=0.000000 → cannot exceed 0.
[122.636s] PRUNE: margin=-0.500000, optimistic_rem(widened)=0.000000 → cannot exceed 0.
[122.833s] PRUNE: margin=-0.500000, optimistic_rem(widened)=0.000000 → cannot exceed 0.
[123.031s] PRUNE: margin=-0.500000, optimistic_rem(widened)=0.000000 → cannot exceed 0.
[123.426s] PRUNE: margin=-0.500000, optimistic_rem(widened)=0.000000 → cannot exceed 0.
[123.624s] PRUNE: margin=-0.500000, optimistic_rem(widened)=0.000000 → cannot exceed 0.
[124.020s] PRUNE: margin=-0.500000, optimistic_rem(widened)=0.000000 → cannot exceed 0.
[126.490s] PRUNE: margin=-0.500000, optimistic_rem(widened)=0.000000 → cannot exceed 0.
[126.688s] PRUNE: margin=-0.500000, optimistic_rem(widened)=0.000000 → cannot exceed 0.
[126.886s] PRUNE: margin=-0.500000, optimistic_rem(widened)=0.000000 → cannot exceed 0.
[127.084s] PRUNE: margin=-0.500000, optimistic_rem(widened)=0.000000 → cannot exceed 0.
[127.282s] PRUNE: margin=-0.500000, optimistic_rem(widened)=0.000000 → cannot exceed 0.
[127.479s] PRUNE: margin=-0.500000, optimistic_rem(widened)=0.000000 → cannot exceed 0.
[128.665s] PRUNE: margin=-0.500000, optimistic_rem(widened)=0.000000 → cannot exceed 0.
[128.863s] PRUNE: margin=-0.500000, optimistic_rem(widened)=0.000000 → cannot exceed 0.
[129.061s] PRUNE: margin=-0.500000, optimistic_rem(widened)=0.000000 → cannot exceed 0.
[129.259s] PRUNE: margin=-0.500000, optimistic_rem(widened)=0.000000 → cannot exceed 0.
[129.456s] PRUNE: margin=-0.500000, optimistic_rem(widened)=0.000000 → cannot exceed 0.
[129.654s] PRUNE: margin=-0.500000, optimistic_rem(widened)=0.000000 → cannot exceed 0.
[130.050s] PRUNE: margin=-0.500000, optimistic_rem(widened)=0.000000 → cannot exceed 0.
[130.247s] PRUNE: margin=-0.500000, optimistic_rem(widened)=0.000000 → cannot exceed 0.
[130.445s] PRUNE: margin=-0.500000, optimistic_rem(widened)=0.000000 → cannot exceed 0.
[130.643s] PRUNE: margin=-1.000000, optimistic_rem(widened)=0.000000 → cannot exceed 0.
[130.841s] PRUNE: margin=-1.000000, optimistic_rem(widened)=0.000000 → cannot exceed 0.
[131.038s] PRUNE: margin=-1.000000, optimistic_rem(widened)=0.000000 → cannot exceed 0.
[131.434s] PRUNE: margin=-0.500000, optimistic_rem(widened)=0.000000 → cannot exceed 0.
[131.632s] PRUNE: margin=-0.500000, optimistic_rem(widened)=0.000000 → cannot exceed 0.
[131.830s] PRUNE: margin=-0.500000, optimistic_rem(widened)=0.000000 → cannot exceed 0.
[132.027s] PRUNE: margin=-0.500000, optimistic_rem(widened)=0.000000 → cannot exceed 0.
[132.225s] PRUNE: margin=-0.500000, optimistic_rem(widened)=0.000000 → cannot exceed 0.
[132.621s] PRUNE: margin=-0.500000, optimistic_rem(widened)=0.000000 → cannot exceed 0.
[132.818s] PRUNE: margin=-0.500000, optimistic_rem(widened)=0.000000 → cannot exceed 0.
[133.016s] PRUNE: margin=-0.500000, optimistic_rem(widened)=0.000000 → cannot exceed 0.
[133.214s] PRUNE: margin=-0.500000, optimistic_rem(widened)=0.000000 → cannot exceed 0.
[133.609s] PRUNE: margin=-0.500000, optimistic_rem(widened)=0.000000 → cannot exceed 0.
[133.807s] PRUNE: margin=-0.500000, optimistic_rem(widened)=0.000000 → cannot exceed 0.
[134.005s] PRUNE: margin=-0.500000, optimistic_rem(widened)=0.000000 → cannot exceed 0.
[134.401s] PRUNE: margin=-0.500000, optimistic_rem(widened)=0.000000 → cannot exceed 0.
[134.598s] PRUNE: margin=-0.500000, optimistic_rem(widened)=0.000000 → cannot exceed 0.
[134.994s] PRUNE: margin=-0.500000, optimistic_rem(widened)=0.000000 → cannot exceed 0.
[136.577s] PRUNE: margin=-0.500000, optimistic_rem(widened)=0.000000 → cannot exceed 0.
[136.775s] PRUNE: margin=-0.500000, optimistic_rem(widened)=0.000000 → cannot exceed 0.
[136.972s] PRUNE: margin=-0.500000, optimistic_rem(widened)=0.000000 → cannot exceed 0.
[137.170s] PRUNE: margin=-0.500000, optimistic_rem(widened)=0.000000 → cannot exceed 0.
[137.368s] PRUNE: margin=-0.500000, optimistic_rem(widened)=0.000000 → cannot exceed 0.
[137.566s] PRUNE: margin=-0.500000, optimistic_rem(widened)=0.000000 → cannot exceed 0.
[137.961s] PRUNE: margin=-0.500000, optimistic_rem(widened)=0.000000 → cannot exceed 0.
[138.159s] PRUNE: margin=-0.500000, optimistic_rem(widened)=0.000000 → cannot exceed 0.
[138.357s] PRUNE: margin=-1.000000, optimistic_rem(widened)=0.000000 → cannot exceed 0.
[138.554s] PRUNE: margin=-1.000000, optimistic_rem(widened)=0.000000 → cannot exceed 0.
[138.752s] PRUNE: margin=-1.000000, optimistic_rem(widened)=0.000000 → cannot exceed 0.
[138.950s] PRUNE: margin=-1.000000, optimistic_rem(widened)=0.000000 → cannot exceed 0.
[139.345s] PRUNE: margin=-0.500000, optimistic_rem(widened)=0.000000 → cannot exceed 0.
[139.543s] PRUNE: margin=-0.500000, optimistic_rem(widened)=0.000000 → cannot exceed 0.
[139.741s] PRUNE: margin=-0.500000, optimistic_rem(widened)=0.000000 → cannot exceed 0.
[139.938s] PRUNE: margin=-0.500000, optimistic_rem(widened)=0.000000 → cannot exceed 0.
[140.136s] PRUNE: margin=-0.500000, optimistic_rem(widened)=0.000000 → cannot exceed 0.
[140.531s] PRUNE: margin=-0.500000, optimistic_rem(widened)=0.000000 → cannot exceed 0.
[140.729s] PRUNE: margin=-0.500000, optimistic_rem(widened)=0.000000 → cannot exceed 0.
[140.927s] PRUNE: margin=-0.500000, optimistic_rem(widened)=0.000000 → cannot exceed 0.
[141.125s] PRUNE: margin=-0.500000, optimistic_rem(widened)=0.000000 → cannot exceed 0.
[141.520s] PRUNE: margin=-0.500000, optimistic_rem(widened)=0.000000 → cannot exceed 0.
[141.718s] PRUNE: margin=-0.500000, optimistic_rem(widened)=0.000000 → cannot exceed 0.
[141.916s] PRUNE: margin=-0.500000, optimistic_rem(widened)=0.000000 → cannot exceed 0.
[142.311s] PRUNE: margin=-0.500000, optimistic_rem(widened)=0.000000 → cannot exceed 0.
[142.509s] PRUNE: margin=-0.500000, optimistic_rem(widened)=0.000000 → cannot exceed 0.
[142.904s] PRUNE: margin=-0.500000, optimistic_rem(widened)=0.000000 → cannot exceed 0.
[143.695s] PRUNE: margin=-0.500000, optimistic_rem(widened)=0.000000 → cannot exceed 0.
[143.892s] PRUNE: margin=-1.000000, optimistic_rem(widened)=0.000000 → cannot exceed 0.
[144.090s] PRUNE: margin=-1.000000, optimistic_rem(widened)=0.000000 → cannot exceed 0.
[144.288s] PRUNE: margin=-1.000000, optimistic_rem(widened)=0.000000 → cannot exceed 0.
[144.485s] PRUNE: margin=-1.000000, optimistic_rem(widened)=0.000000 → cannot exceed 0.
[144.683s] PRUNE: margin=-1.000000, optimistic_rem(widened)=0.000000 → cannot exceed 0.
[145.078s] PRUNE: margin=-0.500000, optimistic_rem(widened)=0.000000 → cannot exceed 0.
[145.276s] PRUNE: margin=-0.500000, optimistic_rem(widened)=0.000000 → cannot exceed 0.
[145.474s] PRUNE: margin=-0.500000, optimistic_rem(widened)=0.000000 → cannot exceed 0.
[145.672s] PRUNE: margin=-0.500000, optimistic_rem(widened)=0.000000 → cannot exceed 0.
[145.870s] PRUNE: margin=-0.500000, optimistic_rem(widened)=0.000000 → cannot exceed 0.
[146.267s] PRUNE: margin=-0.500000, optimistic_rem(widened)=0.000000 → cannot exceed 0.
[146.464s] PRUNE: margin=-0.500000, optimistic_rem(widened)=0.000000 → cannot exceed 0.
[146.662s] PRUNE: margin=-0.500000, optimistic_rem(widened)=0.000000 → cannot exceed 0.
[146.860s] PRUNE: margin=-0.500000, optimistic_rem(widened)=0.000000 → cannot exceed 0.
[147.255s] PRUNE: margin=-0.500000, optimistic_rem(widened)=0.000000 → cannot exceed 0.
[147.453s] PRUNE: margin=-0.500000, optimistic_rem(widened)=0.000000 → cannot exceed 0.
[147.651s] PRUNE: margin=-0.500000, optimistic_rem(widened)=0.000000 → cannot exceed 0.
[148.046s] PRUNE: margin=-0.500000, optimistic_rem(widened)=0.000000 → cannot exceed 0.
[148.244s] PRUNE: margin=-0.500000, optimistic_rem(widened)=0.000000 → cannot exceed 0.
[148.640s] PRUNE: margin=-0.500000, optimistic_rem(widened)=0.000000 → cannot exceed 0.
[149.430s] PRUNE: margin=-0.500000, optimistic_rem(widened)=0.000000 → cannot exceed 0.
[149.628s] PRUNE: margin=-0.500000, optimistic_rem(widened)=0.000000 → cannot exceed 0.
[149.826s] PRUNE: margin=-0.500000, optimistic_rem(widened)=0.000000 → cannot exceed 0.
[150.024s] PRUNE: margin=-0.500000, optimistic_rem(widened)=0.000000 → cannot exceed 0.
[150.221s] PRUNE: margin=-0.500000, optimistic_rem(widened)=0.000000 → cannot exceed 0.
[150.617s] PRUNE: margin=-0.500000, optimistic_rem(widened)=0.000000 → cannot exceed 0.
[150.815s] PRUNE: margin=-0.500000, optimistic_rem(widened)=0.000000 → cannot exceed 0.
[151.012s] PRUNE: margin=-0.500000, optimistic_rem(widened)=0.000000 → cannot exceed 0.
[151.210s] PRUNE: margin=-0.500000, optimistic_rem(widened)=0.000000 → cannot exceed 0.
[151.606s] PRUNE: margin=-0.500000, optimistic_rem(widened)=0.000000 → cannot exceed 0.
[151.803s] PRUNE: margin=-0.500000, optimistic_rem(widened)=0.000000 → cannot exceed 0.
[152.001s] PRUNE: margin=-0.500000, optimistic_rem(widened)=0.000000 → cannot exceed 0.
[152.396s] PRUNE: margin=-0.500000, optimistic_rem(widened)=0.000000 → cannot exceed 0.
[152.594s] PRUNE: margin=-0.500000, optimistic_rem(widened)=0.000000 → cannot exceed 0.
[152.989s] PRUNE: margin=-0.500000, optimistic_rem(widened)=0.000000 → cannot exceed 0.
[153.780s] PRUNE: margin=-0.500000, optimistic_rem(widened)=0.000000 → cannot exceed 0.
[153.978s] PRUNE: margin=-0.500000, optimistic_rem(widened)=0.000000 → cannot exceed 0.
[154.176s] PRUNE: margin=-0.500000, optimistic_rem(widened)=0.000000 → cannot exceed 0.
[154.373s] PRUNE: margin=-0.500000, optimistic_rem(widened)=0.000000 → cannot exceed 0.
[154.769s] PRUNE: margin=-0.500000, optimistic_rem(widened)=0.000000 → cannot exceed 0.
[154.967s] PRUNE: margin=-0.500000, optimistic_rem(widened)=0.000000 → cannot exceed 0.
[155.164s] PRUNE: margin=-0.500000, optimistic_rem(widened)=0.000000 → cannot exceed 0.
[155.560s] PRUNE: margin=-0.500000, optimistic_rem(widened)=0.000000 → cannot exceed 0.
[155.758s] PRUNE: margin=-0.500000, optimistic_rem(widened)=0.000000 → cannot exceed 0.
[156.153s] PRUNE: margin=-0.500000, optimistic_rem(widened)=0.000000 → cannot exceed 0.
[156.944s] PRUNE: margin=-0.500000, optimistic_rem(widened)=0.000000 → cannot exceed 0.
[157.142s] PRUNE: margin=-0.500000, optimistic_rem(widened)=0.000000 → cannot exceed 0.
[157.340s] PRUNE: margin=-0.500000, optimistic_rem(widened)=0.000000 → cannot exceed 0.
[157.736s] PRUNE: margin=-0.500000, optimistic_rem(widened)=0.000000 → cannot exceed 0.
[157.934s] PRUNE: margin=-0.500000, optimistic_rem(widened)=0.000000 → cannot exceed 0.
[158.329s] PRUNE: margin=-0.500000, optimistic_rem(widened)=0.000000 → cannot exceed 0.
[159.120s] PRUNE: margin=-0.500000, optimistic_rem(widened)=0.000000 → cannot exceed 0.
[159.318s] PRUNE: margin=-0.500000, optimistic_rem(widened)=0.000000 → cannot exceed 0.
[159.713s] PRUNE: margin=-0.500000, optimistic_rem(widened)=0.000000 → cannot exceed 0.
[160.505s] PRUNE: margin=-0.500000, optimistic_rem(widened)=0.000000 → cannot exceed 0.
[161.987s] PRUNE: margin=-2.000000, optimistic_rem(widened)=1.500000 → cannot exceed 0.
[162.185s] PRUNE: margin=-2.000000, optimistic_rem(widened)=1.500000 → cannot exceed 0.
[162.383s] PRUNE: margin=-2.000000, optimistic_rem(widened)=1.500000 → cannot exceed 0.
[162.581s] PRUNE: margin=-2.000000, optimistic_rem(widened)=1.500000 → cannot exceed 0.
[162.778s] PRUNE: margin=-2.000000, optimistic_rem(widened)=1.500000 → cannot exceed 0.
[162.976s] PRUNE: margin=-2.000000, optimistic_rem(widened)=1.500000 → cannot exceed 0.
[163.174s] PRUNE: margin=-2.000000, optimistic_rem(widened)=1.500000 → cannot exceed 0.
[169.795s] PRUNE: margin=-0.500000, optimistic_rem(widened)=0.000000 → cannot exceed 0.
[169.993s] PRUNE: margin=-0.500000, optimistic_rem(widened)=0.000000 → cannot exceed 0.
[170.191s] PRUNE: margin=-0.500000, optimistic_rem(widened)=0.000000 → cannot exceed 0.
[170.389s] PRUNE: margin=-0.500000, optimistic_rem(widened)=0.000000 → cannot exceed 0.
[170.587s] PRUNE: margin=-0.500000, optimistic_rem(widened)=0.000000 → cannot exceed 0.
[170.785s] PRUNE: margin=-0.500000, optimistic_rem(widened)=0.000000 → cannot exceed 0.
[170.983s] PRUNE: margin=-0.500000, optimistic_rem(widened)=0.000000 → cannot exceed 0.
[171.181s] PRUNE: margin=-0.500000, optimistic_rem(widened)=0.000000 → cannot exceed 0.
[171.378s] PRUNE: margin=-0.500000, optimistic_rem(widened)=0.000000 → cannot exceed 0.
[171.576s] PRUNE: margin=-0.500000, optimistic_rem(widened)=0.000000 → cannot exceed 0.
[171.774s] PRUNE: margin=-0.500000, optimistic_rem(widened)=0.000000 → cannot exceed 0.
[172.071s] PRUNE: margin=-2.000000, optimistic_rem(widened)=1.500000 → cannot exceed 0.
[172.269s] PRUNE: margin=-2.000000, optimistic_rem(widened)=1.500000 → cannot exceed 0.
[172.467s] PRUNE: margin=-2.000000, optimistic_rem(widened)=1.500000 → cannot exceed 0.
[172.664s] PRUNE: margin=-2.000000, optimistic_rem(widened)=1.500000 → cannot exceed 0.
[172.862s] PRUNE: margin=-2.000000, optimistic_rem(widened)=1.500000 → cannot exceed 0.
[173.060s] PRUNE: margin=-2.000000, optimistic_rem(widened)=1.500000 → cannot exceed 0.
[177.473s] PRUNE: margin=-0.500000, optimistic_rem(widened)=0.000000 → cannot exceed 0.
[177.616s] PRUNE: margin=-0.500000, optimistic_rem(widened)=0.000000 → cannot exceed 0.
[177.813s] PRUNE: margin=-0.500000, optimistic_rem(widened)=0.000000 → cannot exceed 0.
[178.011s] PRUNE: margin=-0.500000, optimistic_rem(widened)=0.000000 → cannot exceed 0.
[178.208s] PRUNE: margin=-0.500000, optimistic_rem(widened)=0.000000 → cannot exceed 0.
[178.405s] PRUNE: margin=-0.500000, optimistic_rem(widened)=0.000000 → cannot exceed 0.
[178.603s] PRUNE: margin=-0.500000, optimistic_rem(widened)=0.000000 → cannot exceed 0.
[178.800s] PRUNE: margin=-0.500000, optimistic_rem(widened)=0.000000 → cannot exceed 0.
[178.997s] PRUNE: margin=-0.500000, optimistic_rem(widened)=0.000000 → cannot exceed 0.
[179.195s] PRUNE: margin=-0.500000, optimistic_rem(widened)=0.000000 → cannot exceed 0.
[179.491s] PRUNE: margin=-2.000000, optimistic_rem(widened)=1.500000 → cannot exceed 0.
[179.688s] PRUNE: margin=-2.000000, optimistic_rem(widened)=1.500000 → cannot exceed 0.
[179.885s] PRUNE: margin=-2.000000, optimistic_rem(widened)=1.500000 → cannot exceed 0.
[180.082s] PRUNE: margin=-2.000000, optimistic_rem(widened)=1.500000 → cannot exceed 0.
[180.279s] PRUNE: margin=-2.000000, optimistic_rem(widened)=1.500000 → cannot exceed 0.
[180.477s] PRUNE: margin=-2.000000, optimistic_rem(widened)=1.500000 → cannot exceed 0.
[183.335s] PRUNE: margin=-1.000000, optimistic_rem(widened)=0.000000 → cannot exceed 0.
[183.532s] PRUNE: margin=-0.500000, optimistic_rem(widened)=0.000000 → cannot exceed 0.
[183.729s] PRUNE: margin=-0.500000, optimistic_rem(widened)=0.000000 → cannot exceed 0.
[183.926s] PRUNE: margin=-0.500000, optimistic_rem(widened)=0.000000 → cannot exceed 0.
[184.124s] PRUNE: margin=-0.500000, optimistic_rem(widened)=0.000000 → cannot exceed 0.
[184.321s] PRUNE: margin=-0.500000, optimistic_rem(widened)=0.000000 → cannot exceed 0.
[184.518s] PRUNE: margin=-0.500000, optimistic_rem(widened)=0.000000 → cannot exceed 0.
[184.715s] PRUNE: margin=-0.500000, optimistic_rem(widened)=0.000000 → cannot exceed 0.
[184.913s] PRUNE: margin=-0.500000, optimistic_rem(widened)=0.000000 → cannot exceed 0.
[185.208s] PRUNE: margin=-2.000000, optimistic_rem(widened)=1.500000 → cannot exceed 0.
[185.406s] PRUNE: margin=-2.000000, optimistic_rem(widened)=1.500000 → cannot exceed 0.
[185.603s] PRUNE: margin=-2.000000, optimistic_rem(widened)=1.500000 → cannot exceed 0.
[185.800s] PRUNE: margin=-2.000000, optimistic_rem(widened)=1.500000 → cannot exceed 0.
[185.997s] PRUNE: margin=-2.000000, optimistic_rem(widened)=1.500000 → cannot exceed 0.
[186.195s] PRUNE: margin=-2.000000, optimistic_rem(widened)=1.500000 → cannot exceed 0.
[187.637s] PRUNE: margin=-1.000000, optimistic_rem(widened)=0.000000 → cannot exceed 0.
[187.763s] PRUNE: margin=-0.500000, optimistic_rem(widened)=0.000000 → cannot exceed 0.
[187.885s] PRUNE: margin=-0.500000, optimistic_rem(widened)=0.000000 → cannot exceed 0.
[188.006s] PRUNE: margin=-0.500000, optimistic_rem(widened)=0.000000 → cannot exceed 0.
[188.131s] PRUNE: margin=-0.500000, optimistic_rem(widened)=0.000000 → cannot exceed 0.
[188.259s] PRUNE: margin=-0.500000, optimistic_rem(widened)=0.000000 → cannot exceed 0.
[188.394s] PRUNE: margin=-0.500000, optimistic_rem(widened)=0.000000 → cannot exceed 0.
[188.516s] PRUNE: margin=-0.500000, optimistic_rem(widened)=0.000000 → cannot exceed 0.
[188.700s] PRUNE: margin=-2.000000, optimistic_rem(widened)=1.500000 → cannot exceed 0.
[188.825s] PRUNE: margin=-2.000000, optimistic_rem(widened)=1.500000 → cannot exceed 0.
[188.960s] PRUNE: margin=-2.000000, optimistic_rem(widened)=1.500000 → cannot exceed 0.
[189.097s] PRUNE: margin=-2.000000, optimistic_rem(widened)=1.500000 → cannot exceed 0.
[189.221s] PRUNE: margin=-2.000000, optimistic_rem(widened)=1.500000 → cannot exceed 0.
[189.358s] PRUNE: margin=-2.000000, optimistic_rem(widened)=1.500000 → cannot exceed 0.
[190.287s] PRUNE: margin=-0.500000, optimistic_rem(widened)=0.000000 → cannot exceed 0.
[190.474s] PRUNE: margin=-0.500000, optimistic_rem(widened)=0.000000 → cannot exceed 0.
[190.594s] PRUNE: margin=-0.500000, optimistic_rem(widened)=0.000000 → cannot exceed 0.
[190.765s] PRUNE: margin=-0.500000, optimistic_rem(widened)=0.000000 → cannot exceed 0.
[190.952s] PRUNE: margin=-0.500000, optimistic_rem(widened)=0.000000 → cannot exceed 0.
[191.140s] PRUNE: margin=-0.500000, optimistic_rem(widened)=0.000000 → cannot exceed 0.
[191.326s] PRUNE: margin=-0.500000, optimistic_rem(widened)=0.000000 → cannot exceed 0.
[191.606s] PRUNE: margin=-2.000000, optimistic_rem(widened)=1.500000 → cannot exceed 0.
[191.792s] PRUNE: margin=-2.000000, optimistic_rem(widened)=1.500000 → cannot exceed 0.
[191.979s] PRUNE: margin=-2.000000, optimistic_rem(widened)=1.500000 → cannot exceed 0.
[192.165s] PRUNE: margin=-2.000000, optimistic_rem(widened)=1.500000 → cannot exceed 0.
[192.294s] PRUNE: margin=-2.000000, optimistic_rem(widened)=1.500000 → cannot exceed 0.
[192.474s] PRUNE: margin=-2.000000, optimistic_rem(widened)=1.500000 → cannot exceed 0.
[192.672s] PRUNE: margin=-2.000000, optimistic_rem(widened)=1.500000 → cannot exceed 0.
[193.168s] PRUNE: margin=-0.500000, optimistic_rem(widened)=0.000000 → cannot exceed 0.
[193.367s] PRUNE: margin=-0.500000, optimistic_rem(widened)=0.000000 → cannot exceed 0.
[193.565s] PRUNE: margin=-0.500000, optimistic_rem(widened)=0.000000 → cannot exceed 0.
[193.764s] PRUNE: margin=-0.500000, optimistic_rem(widened)=0.000000 → cannot exceed 0.
[193.962s] PRUNE: margin=-0.500000, optimistic_rem(widened)=0.000000 → cannot exceed 0.
[194.160s] PRUNE: margin=-0.500000, optimistic_rem(widened)=0.000000 → cannot exceed 0.
[194.458s] PRUNE: margin=-2.000000, optimistic_rem(widened)=1.500000 → cannot exceed 0.
[194.657s] PRUNE: margin=-2.000000, optimistic_rem(widened)=1.500000 → cannot exceed 0.
[194.855s] PRUNE: margin=-2.000000, optimistic_rem(widened)=1.500000 → cannot exceed 0.
[195.053s] PRUNE: margin=-2.000000, optimistic_rem(widened)=1.500000 → cannot exceed 0.
[195.252s] PRUNE: margin=-2.000000, optimistic_rem(widened)=1.500000 → cannot exceed 0.
[195.450s] PRUNE: margin=-2.000000, optimistic_rem(widened)=1.500000 → cannot exceed 0.
[195.946s] PRUNE: margin=-0.500000, optimistic_rem(widened)=0.000000 → cannot exceed 0.
[196.145s] PRUNE: margin=-0.500000, optimistic_rem(widened)=0.000000 → cannot exceed 0.
[196.343s] PRUNE: margin=-0.500000, optimistic_rem(widened)=0.000000 → cannot exceed 0.
[196.543s] PRUNE: margin=-0.500000, optimistic_rem(widened)=0.000000 → cannot exceed 0.
[196.741s] PRUNE: margin=-0.500000, optimistic_rem(widened)=0.000000 → cannot exceed 0.
[197.039s] PRUNE: margin=-2.000000, optimistic_rem(widened)=1.500000 → cannot exceed 0.
[197.238s] PRUNE: margin=-2.000000, optimistic_rem(widened)=1.500000 → cannot exceed 0.
[197.437s] PRUNE: margin=-2.000000, optimistic_rem(widened)=1.500000 → cannot exceed 0.
[197.636s] PRUNE: margin=-2.000000, optimistic_rem(widened)=1.500000 → cannot exceed 0.
[197.835s] PRUNE: margin=-2.000000, optimistic_rem(widened)=1.500000 → cannot exceed 0.
[198.331s] PRUNE: margin=-0.500000, optimistic_rem(widened)=0.000000 → cannot exceed 0.
[198.530s] PRUNE: margin=-0.500000, optimistic_rem(widened)=0.000000 → cannot exceed 0.
[198.728s] PRUNE: margin=-0.500000, optimistic_rem(widened)=0.000000 → cannot exceed 0.
[198.927s] PRUNE: margin=-0.500000, optimistic_rem(widened)=0.000000 → cannot exceed 0.
[199.232s] PRUNE: margin=-2.000000, optimistic_rem(widened)=1.500000 → cannot exceed 0.
[199.431s] PRUNE: margin=-2.000000, optimistic_rem(widened)=1.500000 → cannot exceed 0.
[199.631s] PRUNE: margin=-2.000000, optimistic_rem(widened)=1.500000 → cannot exceed 0.
[199.830s] PRUNE: margin=-2.000000, optimistic_rem(widened)=1.500000 → cannot exceed 0.
[200.326s] PRUNE: margin=-0.500000, optimistic_rem(widened)=0.000000 → cannot exceed 0.
[200.526s] PRUNE: margin=-0.500000, optimistic_rem(widened)=0.000000 → cannot exceed 0.
[200.725s] PRUNE: margin=-0.500000, optimistic_rem(widened)=0.000000 → cannot exceed 0.
[201.023s] PRUNE: margin=-2.000000, optimistic_rem(widened)=1.500000 → cannot exceed 0.
[201.221s] PRUNE: margin=-2.000000, optimistic_rem(widened)=1.500000 → cannot exceed 0.
[201.420s] PRUNE: margin=-2.000000, optimistic_rem(widened)=1.500000 → cannot exceed 0.
[201.917s] PRUNE: margin=-0.500000, optimistic_rem(widened)=0.000000 → cannot exceed 0.
[202.116s] PRUNE: margin=-0.500000, optimistic_rem(widened)=0.000000 → cannot exceed 0.
[202.413s] PRUNE: margin=-2.000000, optimistic_rem(widened)=1.500000 → cannot exceed 0.
[202.613s] PRUNE: margin=-2.000000, optimistic_rem(widened)=1.500000 → cannot exceed 0.
[203.010s] PRUNE: margin=-2.000000, optimistic_rem(widened)=1.500000 → cannot exceed 0.
[203.209s] PRUNE: margin=-2.000000, optimistic_rem(widened)=1.500000 → cannot exceed 0.
[204.499s] PRUNE: margin=-2.000000, optimistic_rem(widened)=0.000000 → cannot exceed 0.
[204.697s] PRUNE: margin=-2.500000, optimistic_rem(widened)=2.500000 → cannot exceed 0.
[204.895s] PRUNE: margin=-2.500000, optimistic_rem(widened)=2.500000 → cannot exceed 0.
[205.989s] PRUNE: margin=-2.500000, optimistic_rem(widened)=2.000000 → cannot exceed 0.
[206.187s] PRUNE: margin=-2.500000, optimistic_rem(widened)=0.000000 → cannot exceed 0.
[206.385s] PRUNE: margin=-2.500000, optimistic_rem(widened)=0.000000 → cannot exceed 0.
[206.583s] PRUNE: margin=-2.500000, optimistic_rem(widened)=0.000000 → cannot exceed 0.
[206.782s] PRUNE: margin=-2.500000, optimistic_rem(widened)=0.000000 → cannot exceed 0.
[206.980s] PRUNE: margin=-2.500000, optimistic_rem(widened)=0.000000 → cannot exceed 0.
[207.178s] PRUNE: margin=-2.500000, optimistic_rem(widened)=0.000000 → cannot exceed 0.
[207.530s] PRUNE: margin=-2.000000, optimistic_rem(widened)=0.000000 → cannot exceed 0.
[207.663s] PRUNE: margin=-2.500000, optimistic_rem(widened)=2.500000 → cannot exceed 0.
[207.788s] PRUNE: margin=-2.500000, optimistic_rem(widened)=2.500000 → cannot exceed 0.
[207.953s] PRUNE: margin=-2.500000, optimistic_rem(widened)=2.000000 → cannot exceed 0.
[208.088s] PRUNE: margin=-2.500000, optimistic_rem(widened)=0.000000 → cannot exceed 0.
[208.259s] PRUNE: margin=-2.500000, optimistic_rem(widened)=0.000000 → cannot exceed 0.
[208.411s] PRUNE: margin=-2.500000, optimistic_rem(widened)=0.000000 → cannot exceed 0.
[208.535s] PRUNE: margin=-2.500000, optimistic_rem(widened)=0.000000 → cannot exceed 0.
[208.675s] PRUNE: margin=-2.500000, optimistic_rem(widened)=0.000000 → cannot exceed 0.
[208.871s] PRUNE: margin=-2.500000, optimistic_rem(widened)=0.000000 → cannot exceed 0.
[209.266s] PRUNE: margin=-2.000000, optimistic_rem(widened)=0.000000 → cannot exceed 0.
[209.464s] PRUNE: margin=-2.500000, optimistic_rem(widened)=2.500000 → cannot exceed 0.
[209.662s] PRUNE: margin=-2.500000, optimistic_rem(widened)=2.000000 → cannot exceed 0.
[209.860s] PRUNE: margin=-2.500000, optimistic_rem(widened)=0.000000 → cannot exceed 0.
[210.057s] PRUNE: margin=-2.500000, optimistic_rem(widened)=0.000000 → cannot exceed 0.
[210.255s] PRUNE: margin=-2.500000, optimistic_rem(widened)=0.000000 → cannot exceed 0.
[210.453s] PRUNE: margin=-2.500000, optimistic_rem(widened)=0.000000 → cannot exceed 0.
[210.651s] PRUNE: margin=-2.500000, optimistic_rem(widened)=0.000000 → cannot exceed 0.
[210.849s] PRUNE: margin=-2.500000, optimistic_rem(widened)=0.000000 → cannot exceed 0.
[211.244s] PRUNE: margin=-1.000000, optimistic_rem(widened)=1.000000 → cannot exceed 0.
[211.442s] PRUNE: margin=-2.000000, optimistic_rem(widened)=0.000000 → cannot exceed 0.
[211.640s] PRUNE: margin=-2.500000, optimistic_rem(widened)=0.000000 → cannot exceed 0.
[211.838s] PRUNE: margin=-2.500000, optimistic_rem(widened)=0.000000 → cannot exceed 0.
[212.036s] PRUNE: margin=-2.500000, optimistic_rem(widened)=0.000000 → cannot exceed 0.
[212.234s] PRUNE: margin=-2.500000, optimistic_rem(widened)=0.000000 → cannot exceed 0.
[212.432s] PRUNE: margin=-2.500000, optimistic_rem(widened)=0.000000 → cannot exceed 0.
[212.630s] PRUNE: margin=-2.500000, optimistic_rem(widened)=0.000000 → cannot exceed 0.
[213.025s] PRUNE: margin=-2.000000, optimistic_rem(widened)=0.000000 → cannot exceed 0.
[213.223s] PRUNE: margin=-2.000000, optimistic_rem(widened)=0.000000 → cannot exceed 0.
[213.421s] PRUNE: margin=-2.500000, optimistic_rem(widened)=0.000000 → cannot exceed 0.
[213.619s] PRUNE: margin=-2.500000, optimistic_rem(widened)=0.000000 → cannot exceed 0.
[213.816s] PRUNE: margin=-2.500000, optimistic_rem(widened)=0.000000 → cannot exceed 0.
[214.014s] PRUNE: margin=-2.500000, optimistic_rem(widened)=0.000000 → cannot exceed 0.
[214.212s] PRUNE: margin=-2.500000, optimistic_rem(widened)=0.000000 → cannot exceed 0.
[214.516s] PRUNE: margin=-2.500000, optimistic_rem(widened)=2.000000 → cannot exceed 0.
[214.715s] PRUNE: margin=-2.500000, optimistic_rem(widened)=2.000000 → cannot exceed 0.
[214.913s] PRUNE: margin=-2.500000, optimistic_rem(widened)=2.000000 → cannot exceed 0.
[215.112s] PRUNE: margin=-2.500000, optimistic_rem(widened)=2.000000 → cannot exceed 0.
[215.310s] PRUNE: margin=-2.500000, optimistic_rem(widened)=2.000000 → cannot exceed 0.
[215.509s] PRUNE: margin=-2.500000, optimistic_rem(widened)=2.000000 → cannot exceed 0.
[215.706s] PRUNE: margin=-2.500000, optimistic_rem(widened)=2.000000 → cannot exceed 0.
[216.102s] PRUNE: margin=-2.000000, optimistic_rem(widened)=1.500000 → cannot exceed 0.
[216.398s] PRUNE: margin=-2.500000, optimistic_rem(widened)=2.500000 → cannot exceed 0.
[216.597s] PRUNE: margin=-2.500000, optimistic_rem(widened)=2.500000 → cannot exceed 0.
[216.795s] PRUNE: margin=-2.500000, optimistic_rem(widened)=2.000000 → cannot exceed 0.
[216.992s] PRUNE: margin=-2.500000, optimistic_rem(widened)=0.000000 → cannot exceed 0.
[217.190s] PRUNE: margin=-2.500000, optimistic_rem(widened)=0.000000 → cannot exceed 0.
[217.388s] PRUNE: margin=-2.500000, optimistic_rem(widened)=0.000000 → cannot exceed 0.
[217.586s] PRUNE: margin=-2.500000, optimistic_rem(widened)=0.000000 → cannot exceed 0.
[217.783s] PRUNE: margin=-2.500000, optimistic_rem(widened)=0.000000 → cannot exceed 0.
[217.981s] PRUNE: margin=-2.500000, optimistic_rem(widened)=0.000000 → cannot exceed 0.
[218.377s] PRUNE: margin=-2.500000, optimistic_rem(widened)=2.500000 → cannot exceed 0.
[218.575s] PRUNE: margin=-2.500000, optimistic_rem(widened)=2.000000 → cannot exceed 0.
[218.773s] PRUNE: margin=-2.500000, optimistic_rem(widened)=0.000000 → cannot exceed 0.
[218.971s] PRUNE: margin=-2.500000, optimistic_rem(widened)=0.000000 → cannot exceed 0.
[219.168s] PRUNE: margin=-2.500000, optimistic_rem(widened)=0.000000 → cannot exceed 0.
[219.366s] PRUNE: margin=-2.500000, optimistic_rem(widened)=0.000000 → cannot exceed 0.
[219.564s] PRUNE: margin=-2.500000, optimistic_rem(widened)=0.000000 → cannot exceed 0.
[219.762s] PRUNE: margin=-2.500000, optimistic_rem(widened)=0.000000 → cannot exceed 0.
[220.157s] PRUNE: margin=-1.000000, optimistic_rem(widened)=1.000000 → cannot exceed 0.
[220.355s] PRUNE: margin=-2.500000, optimistic_rem(widened)=0.000000 → cannot exceed 0.
[220.553s] PRUNE: margin=-2.500000, optimistic_rem(widened)=0.000000 → cannot exceed 0.
[220.750s] PRUNE: margin=-2.500000, optimistic_rem(widened)=0.000000 → cannot exceed 0.
[220.948s] PRUNE: margin=-2.500000, optimistic_rem(widened)=0.000000 → cannot exceed 0.
[221.146s] PRUNE: margin=-2.500000, optimistic_rem(widened)=0.000000 → cannot exceed 0.
[221.344s] PRUNE: margin=-2.500000, optimistic_rem(widened)=0.000000 → cannot exceed 0.
[221.740s] PRUNE: margin=-2.000000, optimistic_rem(widened)=0.000000 → cannot exceed 0.
[221.918s] PRUNE: margin=-2.500000, optimistic_rem(widened)=0.000000 → cannot exceed 0.
[222.081s] PRUNE: margin=-2.500000, optimistic_rem(widened)=0.000000 → cannot exceed 0.
[222.279s] PRUNE: margin=-2.500000, optimistic_rem(widened)=0.000000 → cannot exceed 0.
[222.477s] PRUNE: margin=-2.500000, optimistic_rem(widened)=0.000000 → cannot exceed 0.
[222.676s] PRUNE: margin=-2.500000, optimistic_rem(widened)=0.000000 → cannot exceed 0.
[222.972s] PRUNE: margin=-2.500000, optimistic_rem(widened)=2.000000 → cannot exceed 0.
[223.170s] PRUNE: margin=-2.500000, optimistic_rem(widened)=2.000000 → cannot exceed 0.
[223.368s] PRUNE: margin=-2.500000, optimistic_rem(widened)=2.000000 → cannot exceed 0.
[223.566s] PRUNE: margin=-2.500000, optimistic_rem(widened)=2.000000 → cannot exceed 0.
[223.764s] PRUNE: margin=-2.500000, optimistic_rem(widened)=2.000000 → cannot exceed 0.
[223.962s] PRUNE: margin=-2.500000, optimistic_rem(widened)=2.000000 → cannot exceed 0.
[224.358s] PRUNE: margin=-2.000000, optimistic_rem(widened)=1.500000 → cannot exceed 0.
[224.655s] PRUNE: margin=-2.500000, optimistic_rem(widened)=2.000000 → cannot exceed 0.
[224.853s] PRUNE: margin=-2.500000, optimistic_rem(widened)=2.000000 → cannot exceed 0.
[225.051s] PRUNE: margin=-2.500000, optimistic_rem(widened)=0.000000 → cannot exceed 0.
[225.249s] PRUNE: margin=-2.500000, optimistic_rem(widened)=0.000000 → cannot exceed 0.
[225.451s] PRUNE: margin=-2.500000, optimistic_rem(widened)=0.000000 → cannot exceed 0.
[225.649s] PRUNE: margin=-2.500000, optimistic_rem(widened)=0.000000 → cannot exceed 0.
[225.847s] PRUNE: margin=-2.500000, optimistic_rem(widened)=0.000000 → cannot exceed 0.
[226.045s] PRUNE: margin=-2.500000, optimistic_rem(widened)=0.000000 → cannot exceed 0.
[226.441s] PRUNE: margin=-1.000000, optimistic_rem(widened)=1.000000 → cannot exceed 0.
[226.639s] PRUNE: margin=-2.500000, optimistic_rem(widened)=0.000000 → cannot exceed 0.
[226.836s] PRUNE: margin=-2.500000, optimistic_rem(widened)=0.000000 → cannot exceed 0.
[227.034s] PRUNE: margin=-2.500000, optimistic_rem(widened)=0.000000 → cannot exceed 0.
[227.232s] PRUNE: margin=-2.500000, optimistic_rem(widened)=0.000000 → cannot exceed 0.
[227.430s] PRUNE: margin=-2.500000, optimistic_rem(widened)=0.000000 → cannot exceed 0.
[227.628s] PRUNE: margin=-2.500000, optimistic_rem(widened)=0.000000 → cannot exceed 0.
[228.025s] PRUNE: margin=-2.000000, optimistic_rem(widened)=0.000000 → cannot exceed 0.
[228.223s] PRUNE: margin=-2.500000, optimistic_rem(widened)=0.000000 → cannot exceed 0.
[228.421s] PRUNE: margin=-2.500000, optimistic_rem(widened)=0.000000 → cannot exceed 0.
[228.620s] PRUNE: margin=-2.500000, optimistic_rem(widened)=0.000000 → cannot exceed 0.
[228.818s] PRUNE: margin=-2.500000, optimistic_rem(widened)=0.000000 → cannot exceed 0.
[229.016s] PRUNE: margin=-2.500000, optimistic_rem(widened)=0.000000 → cannot exceed 0.
[229.313s] PRUNE: margin=-2.500000, optimistic_rem(widened)=2.000000 → cannot exceed 0.
[229.512s] PRUNE: margin=-2.500000, optimistic_rem(widened)=2.000000 → cannot exceed 0.
[229.710s] PRUNE: margin=-2.500000, optimistic_rem(widened)=2.000000 → cannot exceed 0.
[229.908s] PRUNE: margin=-2.500000, optimistic_rem(widened)=2.000000 → cannot exceed 0.
[230.106s] PRUNE: margin=-2.500000, optimistic_rem(widened)=2.000000 → cannot exceed 0.
[230.303s] PRUNE: margin=-2.500000, optimistic_rem(widened)=2.000000 → cannot exceed 0.
[230.699s] PRUNE: margin=-2.000000, optimistic_rem(widened)=1.500000 → cannot exceed 0.
[230.995s] PRUNE: margin=-1.000000, optimistic_rem(widened)=1.000000 → cannot exceed 0.
[231.193s] PRUNE: margin=-2.500000, optimistic_rem(widened)=0.000000 → cannot exceed 0.
[231.391s] PRUNE: margin=-2.500000, optimistic_rem(widened)=0.000000 → cannot exceed 0.
[231.589s] PRUNE: margin=-2.500000, optimistic_rem(widened)=0.000000 → cannot exceed 0.
[231.788s] PRUNE: margin=-2.500000, optimistic_rem(widened)=0.000000 → cannot exceed 0.
[231.986s] PRUNE: margin=-2.500000, optimistic_rem(widened)=0.000000 → cannot exceed 0.
[232.183s] PRUNE: margin=-2.500000, optimistic_rem(widened)=0.000000 → cannot exceed 0.
[232.580s] PRUNE: margin=-2.000000, optimistic_rem(widened)=0.000000 → cannot exceed 0.
[232.778s] PRUNE: margin=-2.500000, optimistic_rem(widened)=0.000000 → cannot exceed 0.
[232.976s] PRUNE: margin=-2.500000, optimistic_rem(widened)=0.000000 → cannot exceed 0.
[233.174s] PRUNE: margin=-2.500000, optimistic_rem(widened)=0.000000 → cannot exceed 0.
[233.372s] PRUNE: margin=-2.500000, optimistic_rem(widened)=0.000000 → cannot exceed 0.
[233.571s] PRUNE: margin=-2.500000, optimistic_rem(widened)=0.000000 → cannot exceed 0.
[233.868s] PRUNE: margin=-2.500000, optimistic_rem(widened)=2.000000 → cannot exceed 0.
[234.066s] PRUNE: margin=-2.500000, optimistic_rem(widened)=2.000000 → cannot exceed 0.
[234.265s] PRUNE: margin=-2.500000, optimistic_rem(widened)=2.000000 → cannot exceed 0.
[234.463s] PRUNE: margin=-2.500000, optimistic_rem(widened)=2.000000 → cannot exceed 0.
[234.661s] PRUNE: margin=-2.500000, optimistic_rem(widened)=2.000000 → cannot exceed 0.
[234.858s] PRUNE: margin=-2.500000, optimistic_rem(widened)=2.000000 → cannot exceed 0.
[235.353s] PRUNE: margin=-0.500000, optimistic_rem(widened)=0.000000 → cannot exceed 0.
[235.550s] PRUNE: margin=-0.500000, optimistic_rem(widened)=0.000000 → cannot exceed 0.
[235.748s] PRUNE: margin=-0.500000, optimistic_rem(widened)=0.000000 → cannot exceed 0.
[235.947s] PRUNE: margin=-1.000000, optimistic_rem(widened)=0.000000 → cannot exceed 0.
[236.147s] PRUNE: margin=-1.000000, optimistic_rem(widened)=0.000000 → cannot exceed 0.
[236.345s] PRUNE: margin=-1.000000, optimistic_rem(widened)=0.000000 → cannot exceed 0.
[236.543s] PRUNE: margin=-1.000000, optimistic_rem(widened)=0.000000 → cannot exceed 0.
[236.840s] PRUNE: margin=-2.000000, optimistic_rem(widened)=1.500000 → cannot exceed 0.
[237.038s] PRUNE: margin=-2.500000, optimistic_rem(widened)=2.000000 → cannot exceed 0.
[237.236s] PRUNE: margin=-2.500000, optimistic_rem(widened)=2.000000 → cannot exceed 0.
[237.434s] PRUNE: margin=-2.500000, optimistic_rem(widened)=2.000000 → cannot exceed 0.
[237.633s] PRUNE: margin=-2.500000, optimistic_rem(widened)=2.000000 → cannot exceed 0.
[237.831s] PRUNE: margin=-2.500000, optimistic_rem(widened)=2.000000 → cannot exceed 0.
[238.030s] PRUNE: margin=-2.500000, optimistic_rem(widened)=2.000000 → cannot exceed 0.
[238.425s] PRUNE: margin=-2.000000, optimistic_rem(widened)=1.500000 → cannot exceed 0.
[238.623s] PRUNE: margin=-2.000000, optimistic_rem(widened)=1.500000 → cannot exceed 0.
[238.821s] PRUNE: margin=-2.500000, optimistic_rem(widened)=2.000000 → cannot exceed 0.
[239.019s] PRUNE: margin=-2.500000, optimistic_rem(widened)=2.000000 → cannot exceed 0.
[239.217s] PRUNE: margin=-2.500000, optimistic_rem(widened)=2.000000 → cannot exceed 0.
[239.415s] PRUNE: margin=-2.500000, optimistic_rem(widened)=2.000000 → cannot exceed 0.
[239.613s] PRUNE: margin=-2.500000, optimistic_rem(widened)=2.000000 → cannot exceed 0.
[240.009s] PRUNE: margin=-2.500000, optimistic_rem(widened)=2.000000 → cannot exceed 0.
[240.207s] PRUNE: margin=-2.500000, optimistic_rem(widened)=2.000000 → cannot exceed 0.
[240.405s] PRUNE: margin=-2.500000, optimistic_rem(widened)=2.000000 → cannot exceed 0.
[240.603s] PRUNE: margin=-2.500000, optimistic_rem(widened)=2.000000 → cannot exceed 0.
[240.801s] PRUNE: margin=-2.500000, optimistic_rem(widened)=2.000000 → cannot exceed 0.
[240.999s] PRUNE: margin=-2.500000, optimistic_rem(widened)=2.000000 → cannot exceed 0.
[241.395s] PRUNE: margin=-2.500000, optimistic_rem(widened)=2.000000 → cannot exceed 0.
[241.594s] PRUNE: margin=-2.500000, optimistic_rem(widened)=2.000000 → cannot exceed 0.
[241.792s] PRUNE: margin=-2.500000, optimistic_rem(widened)=2.000000 → cannot exceed 0.
[241.990s] PRUNE: margin=-2.500000, optimistic_rem(widened)=2.000000 → cannot exceed 0.
[242.188s] PRUNE: margin=-2.500000, optimistic_rem(widened)=2.000000 → cannot exceed 0.
[242.584s] PRUNE: margin=-2.000000, optimistic_rem(widened)=1.500000 → cannot exceed 0.
[242.782s] PRUNE: margin=-2.500000, optimistic_rem(widened)=2.000000 → cannot exceed 0.
[242.981s] PRUNE: margin=-2.500000, optimistic_rem(widened)=2.000000 → cannot exceed 0.
[243.179s] PRUNE: margin=-2.500000, optimistic_rem(widened)=2.000000 → cannot exceed 0.
[243.576s] PRUNE: margin=-2.000000, optimistic_rem(widened)=1.500000 → cannot exceed 0.
[243.774s] PRUNE: margin=-2.500000, optimistic_rem(widened)=2.000000 → cannot exceed 0.
[243.972s] PRUNE: margin=-2.500000, optimistic_rem(widened)=2.000000 → cannot exceed 0.
[244.354s] PRUNE: margin=-2.000000, optimistic_rem(widened)=1.500000 → cannot exceed 0.
[244.552s] PRUNE: margin=-2.500000, optimistic_rem(widened)=2.000000 → cannot exceed 0.
[244.946s] PRUNE: margin=-2.000000, optimistic_rem(widened)=1.500000 → cannot exceed 0.
[245.735s] PRUNE: margin=-2.000000, optimistic_rem(widened)=1.500000 → cannot exceed 0.
[246.031s] PRUNE: margin=-2.500000, optimistic_rem(widened)=2.500000 → cannot exceed 0.
[246.228s] PRUNE: margin=-2.500000, optimistic_rem(widened)=2.500000 → cannot exceed 0.
[246.426s] PRUNE: margin=-2.500000, optimistic_rem(widened)=2.000000 → cannot exceed 0.
[246.624s] PRUNE: margin=-2.500000, optimistic_rem(widened)=0.000000 → cannot exceed 0.
[246.822s] PRUNE: margin=-2.500000, optimistic_rem(widened)=0.000000 → cannot exceed 0.
[247.020s] PRUNE: margin=-2.500000, optimistic_rem(widened)=0.000000 → cannot exceed 0.
[247.217s] PRUNE: margin=-2.500000, optimistic_rem(widened)=0.000000 → cannot exceed 0.
[247.415s] PRUNE: margin=-2.500000, optimistic_rem(widened)=0.000000 → cannot exceed 0.
[247.613s] PRUNE: margin=-2.500000, optimistic_rem(widened)=0.000000 → cannot exceed 0.
[248.008s] PRUNE: margin=-2.500000, optimistic_rem(widened)=2.500000 → cannot exceed 0.
[248.205s] PRUNE: margin=-2.500000, optimistic_rem(widened)=2.000000 → cannot exceed 0.
[248.403s] PRUNE: margin=-2.500000, optimistic_rem(widened)=0.000000 → cannot exceed 0.
[248.601s] PRUNE: margin=-2.500000, optimistic_rem(widened)=0.000000 → cannot exceed 0.
[248.798s] PRUNE: margin=-2.500000, optimistic_rem(widened)=0.000000 → cannot exceed 0.
[248.996s] PRUNE: margin=-2.500000, optimistic_rem(widened)=0.000000 → cannot exceed 0.
[249.194s] PRUNE: margin=-2.500000, optimistic_rem(widened)=0.000000 → cannot exceed 0.
[249.392s] PRUNE: margin=-2.500000, optimistic_rem(widened)=0.000000 → cannot exceed 0.
[249.798s] PRUNE: margin=-1.000000, optimistic_rem(widened)=1.000000 → cannot exceed 0.
[249.995s] PRUNE: margin=-2.500000, optimistic_rem(widened)=0.000000 → cannot exceed 0.
[250.193s] PRUNE: margin=-2.500000, optimistic_rem(widened)=0.000000 → cannot exceed 0.
[250.391s] PRUNE: margin=-2.500000, optimistic_rem(widened)=0.000000 → cannot exceed 0.
[250.588s] PRUNE: margin=-2.500000, optimistic_rem(widened)=0.000000 → cannot exceed 0.
[250.786s] PRUNE: margin=-2.500000, optimistic_rem(widened)=0.000000 → cannot exceed 0.
[250.984s] PRUNE: margin=-2.500000, optimistic_rem(widened)=0.000000 → cannot exceed 0.
[251.379s] PRUNE: margin=-2.000000, optimistic_rem(widened)=0.000000 → cannot exceed 0.
[251.577s] PRUNE: margin=-2.500000, optimistic_rem(widened)=0.000000 → cannot exceed 0.
[251.774s] PRUNE: margin=-2.500000, optimistic_rem(widened)=0.000000 → cannot exceed 0.
[251.972s] PRUNE: margin=-2.500000, optimistic_rem(widened)=0.000000 → cannot exceed 0.
[252.170s] PRUNE: margin=-2.500000, optimistic_rem(widened)=0.000000 → cannot exceed 0.
[252.368s] PRUNE: margin=-2.500000, optimistic_rem(widened)=0.000000 → cannot exceed 0.
[252.664s] PRUNE: margin=-2.500000, optimistic_rem(widened)=2.000000 → cannot exceed 0.
[252.861s] PRUNE: margin=-2.500000, optimistic_rem(widened)=2.000000 → cannot exceed 0.
[253.058s] PRUNE: margin=-2.500000, optimistic_rem(widened)=2.000000 → cannot exceed 0.
[253.256s] PRUNE: margin=-2.500000, optimistic_rem(widened)=2.000000 → cannot exceed 0.
[253.453s] PRUNE: margin=-2.500000, optimistic_rem(widened)=2.000000 → cannot exceed 0.
[253.650s] PRUNE: margin=-2.500000, optimistic_rem(widened)=2.000000 → cannot exceed 0.
[254.044s] PRUNE: margin=-2.000000, optimistic_rem(widened)=1.500000 → cannot exceed 0.
[254.340s] PRUNE: margin=-2.500000, optimistic_rem(widened)=2.000000 → cannot exceed 0.
[254.538s] PRUNE: margin=-2.500000, optimistic_rem(widened)=2.000000 → cannot exceed 0.
[254.735s] PRUNE: margin=-2.500000, optimistic_rem(widened)=0.000000 → cannot exceed 0.
[254.933s] PRUNE: margin=-2.500000, optimistic_rem(widened)=0.000000 → cannot exceed 0.
[255.130s] PRUNE: margin=-2.500000, optimistic_rem(widened)=0.000000 → cannot exceed 0.
[255.328s] PRUNE: margin=-2.500000, optimistic_rem(widened)=0.000000 → cannot exceed 0.
[255.525s] PRUNE: margin=-2.500000, optimistic_rem(widened)=0.000000 → cannot exceed 0.
[255.723s] PRUNE: margin=-2.500000, optimistic_rem(widened)=0.000000 → cannot exceed 0.
[256.118s] PRUNE: margin=-1.000000, optimistic_rem(widened)=1.000000 → cannot exceed 0.
[256.316s] PRUNE: margin=-2.500000, optimistic_rem(widened)=0.000000 → cannot exceed 0.
[256.514s] PRUNE: margin=-2.500000, optimistic_rem(widened)=0.000000 → cannot exceed 0.
[256.711s] PRUNE: margin=-2.500000, optimistic_rem(widened)=0.000000 → cannot exceed 0.
[256.911s] PRUNE: margin=-2.500000, optimistic_rem(widened)=0.000000 → cannot exceed 0.
[257.109s] PRUNE: margin=-2.500000, optimistic_rem(widened)=0.000000 → cannot exceed 0.
[257.307s] PRUNE: margin=-2.500000, optimistic_rem(widened)=0.000000 → cannot exceed 0.
[257.701s] PRUNE: margin=-2.000000, optimistic_rem(widened)=0.000000 → cannot exceed 0.
[257.898s] PRUNE: margin=-2.500000, optimistic_rem(widened)=0.000000 → cannot exceed 0.
[258.097s] PRUNE: margin=-2.500000, optimistic_rem(widened)=0.000000 → cannot exceed 0.
[258.294s] PRUNE: margin=-2.500000, optimistic_rem(widened)=0.000000 → cannot exceed 0.
[258.491s] PRUNE: margin=-2.500000, optimistic_rem(widened)=0.000000 → cannot exceed 0.
[258.688s] PRUNE: margin=-2.500000, optimistic_rem(widened)=0.000000 → cannot exceed 0.
[258.985s] PRUNE: margin=-2.500000, optimistic_rem(widened)=2.000000 → cannot exceed 0.
[259.182s] PRUNE: margin=-2.500000, optimistic_rem(widened)=2.000000 → cannot exceed 0.
[259.379s] PRUNE: margin=-2.500000, optimistic_rem(widened)=2.000000 → cannot exceed 0.
[259.576s] PRUNE: margin=-2.500000, optimistic_rem(widened)=2.000000 → cannot exceed 0.
[259.773s] PRUNE: margin=-2.500000, optimistic_rem(widened)=2.000000 → cannot exceed 0.
[259.971s] PRUNE: margin=-2.500000, optimistic_rem(widened)=2.000000 → cannot exceed 0.
[260.365s] PRUNE: margin=-2.000000, optimistic_rem(widened)=1.500000 → cannot exceed 0.
[260.661s] PRUNE: margin=-1.000000, optimistic_rem(widened)=1.000000 → cannot exceed 0.
[260.858s] PRUNE: margin=-2.500000, optimistic_rem(widened)=0.000000 → cannot exceed 0.
[261.055s] PRUNE: margin=-2.500000, optimistic_rem(widened)=0.000000 → cannot exceed 0.
[261.253s] PRUNE: margin=-2.500000, optimistic_rem(widened)=0.000000 → cannot exceed 0.
[261.450s] PRUNE: margin=-2.500000, optimistic_rem(widened)=0.000000 → cannot exceed 0.
[261.647s] PRUNE: margin=-2.500000, optimistic_rem(widened)=0.000000 → cannot exceed 0.
[261.844s] PRUNE: margin=-2.500000, optimistic_rem(widened)=0.000000 → cannot exceed 0.
[262.239s] PRUNE: margin=-2.000000, optimistic_rem(widened)=0.000000 → cannot exceed 0.
[262.436s] PRUNE: margin=-2.500000, optimistic_rem(widened)=0.000000 → cannot exceed 0.
[262.633s] PRUNE: margin=-2.500000, optimistic_rem(widened)=0.000000 → cannot exceed 0.
[262.830s] PRUNE: margin=-2.500000, optimistic_rem(widened)=0.000000 → cannot exceed 0.
[263.028s] PRUNE: margin=-2.500000, optimistic_rem(widened)=0.000000 → cannot exceed 0.
[263.225s] PRUNE: margin=-2.500000, optimistic_rem(widened)=0.000000 → cannot exceed 0.
[263.521s] PRUNE: margin=-2.500000, optimistic_rem(widened)=2.000000 → cannot exceed 0.
[263.718s] PRUNE: margin=-2.500000, optimistic_rem(widened)=2.000000 → cannot exceed 0.
[263.915s] PRUNE: margin=-2.500000, optimistic_rem(widened)=2.000000 → cannot exceed 0.
[264.113s] PRUNE: margin=-2.500000, optimistic_rem(widened)=2.000000 → cannot exceed 0.
[264.310s] PRUNE: margin=-2.500000, optimistic_rem(widened)=2.000000 → cannot exceed 0.
[264.508s] PRUNE: margin=-2.500000, optimistic_rem(widened)=2.000000 → cannot exceed 0.
[265.000s] PRUNE: margin=-0.500000, optimistic_rem(widened)=0.000000 → cannot exceed 0.
[265.198s] PRUNE: margin=-0.500000, optimistic_rem(widened)=0.000000 → cannot exceed 0.
[265.398s] PRUNE: margin=-0.500000, optimistic_rem(widened)=0.000000 → cannot exceed 0.
[265.597s] PRUNE: margin=-1.000000, optimistic_rem(widened)=0.000000 → cannot exceed 0.
[265.797s] PRUNE: margin=-1.000000, optimistic_rem(widened)=0.000000 → cannot exceed 0.
[265.995s] PRUNE: margin=-1.000000, optimistic_rem(widened)=0.000000 → cannot exceed 0.
[266.192s] PRUNE: margin=-1.000000, optimistic_rem(widened)=0.000000 → cannot exceed 0.
[266.488s] PRUNE: margin=-2.000000, optimistic_rem(widened)=1.500000 → cannot exceed 0.
[266.685s] PRUNE: margin=-2.500000, optimistic_rem(widened)=2.000000 → cannot exceed 0.
[266.882s] PRUNE: margin=-2.500000, optimistic_rem(widened)=2.000000 → cannot exceed 0.
[267.079s] PRUNE: margin=-2.500000, optimistic_rem(widened)=2.000000 → cannot exceed 0.
[267.277s] PRUNE: margin=-2.500000, optimistic_rem(widened)=2.000000 → cannot exceed 0.
[267.474s] PRUNE: margin=-2.500000, optimistic_rem(widened)=2.000000 → cannot exceed 0.
[267.671s] PRUNE: margin=-2.500000, optimistic_rem(widened)=2.000000 → cannot exceed 0.
[268.066s] PRUNE: margin=-2.000000, optimistic_rem(widened)=1.500000 → cannot exceed 0.
[268.263s] PRUNE: margin=-2.000000, optimistic_rem(widened)=1.500000 → cannot exceed 0.
[268.461s] PRUNE: margin=-2.500000, optimistic_rem(widened)=2.000000 → cannot exceed 0.
[268.658s] PRUNE: margin=-2.500000, optimistic_rem(widened)=2.000000 → cannot exceed 0.
[268.862s] PRUNE: margin=-2.500000, optimistic_rem(widened)=2.000000 → cannot exceed 0.
[269.059s] PRUNE: margin=-2.500000, optimistic_rem(widened)=2.000000 → cannot exceed 0.
[269.255s] PRUNE: margin=-2.500000, optimistic_rem(widened)=2.000000 → cannot exceed 0.
[269.649s] PRUNE: margin=-2.500000, optimistic_rem(widened)=2.000000 → cannot exceed 0.
[269.846s] PRUNE: margin=-2.500000, optimistic_rem(widened)=2.000000 → cannot exceed 0.
[270.043s] PRUNE: margin=-2.500000, optimistic_rem(widened)=2.000000 → cannot exceed 0.
[270.240s] PRUNE: margin=-2.500000, optimistic_rem(widened)=2.000000 → cannot exceed 0.
[270.437s] PRUNE: margin=-2.500000, optimistic_rem(widened)=2.000000 → cannot exceed 0.
[270.634s] PRUNE: margin=-2.500000, optimistic_rem(widened)=2.000000 → cannot exceed 0.
[271.028s] PRUNE: margin=-2.500000, optimistic_rem(widened)=2.000000 → cannot exceed 0.
[271.225s] PRUNE: margin=-2.500000, optimistic_rem(widened)=2.000000 → cannot exceed 0.
[271.422s] PRUNE: margin=-2.500000, optimistic_rem(widened)=2.000000 → cannot exceed 0.
[271.619s] PRUNE: margin=-2.500000, optimistic_rem(widened)=2.000000 → cannot exceed 0.
[271.816s] PRUNE: margin=-2.500000, optimistic_rem(widened)=2.000000 → cannot exceed 0.
[272.210s] PRUNE: margin=-2.000000, optimistic_rem(widened)=1.500000 → cannot exceed 0.
[272.407s] PRUNE: margin=-2.500000, optimistic_rem(widened)=2.000000 → cannot exceed 0.
[272.604s] PRUNE: margin=-2.500000, optimistic_rem(widened)=2.000000 → cannot exceed 0.
[272.801s] PRUNE: margin=-2.500000, optimistic_rem(widened)=2.000000 → cannot exceed 0.
[273.195s] PRUNE: margin=-2.000000, optimistic_rem(widened)=1.500000 → cannot exceed 0.
[273.392s] PRUNE: margin=-2.500000, optimistic_rem(widened)=2.000000 → cannot exceed 0.
[273.588s] PRUNE: margin=-2.500000, optimistic_rem(widened)=2.000000 → cannot exceed 0.
[273.908s] PRUNE: margin=-2.000000, optimistic_rem(widened)=1.500000 → cannot exceed 0.
[274.074s] PRUNE: margin=-2.500000, optimistic_rem(widened)=2.000000 → cannot exceed 0.
[274.346s] PRUNE: margin=-2.000000, optimistic_rem(widened)=1.500000 → cannot exceed 0.
[274.957s] PRUNE: margin=-2.000000, optimistic_rem(widened)=1.500000 → cannot exceed 0.
[275.191s] PRUNE: margin=-2.500000, optimistic_rem(widened)=2.000000 → cannot exceed 0.
[275.347s] PRUNE: margin=-2.500000, optimistic_rem(widened)=2.000000 → cannot exceed 0.
[275.506s] PRUNE: margin=-2.500000, optimistic_rem(widened)=0.000000 → cannot exceed 0.
[275.672s] PRUNE: margin=-2.500000, optimistic_rem(widened)=0.000000 → cannot exceed 0.
[275.822s] PRUNE: margin=-2.500000, optimistic_rem(widened)=0.000000 → cannot exceed 0.
[275.979s] PRUNE: margin=-2.500000, optimistic_rem(widened)=0.000000 → cannot exceed 0.
[276.133s] PRUNE: margin=-2.500000, optimistic_rem(widened)=0.000000 → cannot exceed 0.
[276.299s] PRUNE: margin=-2.500000, optimistic_rem(widened)=0.000000 → cannot exceed 0.
[276.620s] PRUNE: margin=-1.000000, optimistic_rem(widened)=1.000000 → cannot exceed 0.
[276.772s] PRUNE: margin=-2.500000, optimistic_rem(widened)=0.000000 → cannot exceed 0.
[276.891s] PRUNE: margin=-2.500000, optimistic_rem(widened)=0.000000 → cannot exceed 0.
[277.012s] PRUNE: margin=-2.500000, optimistic_rem(widened)=0.000000 → cannot exceed 0.
[277.132s] PRUNE: margin=-2.500000, optimistic_rem(widened)=0.000000 → cannot exceed 0.
[277.264s] PRUNE: margin=-2.500000, optimistic_rem(widened)=0.000000 → cannot exceed 0.
[277.384s] PRUNE: margin=-2.500000, optimistic_rem(widened)=0.000000 → cannot exceed 0.
[277.628s] PRUNE: margin=-2.000000, optimistic_rem(widened)=0.000000 → cannot exceed 0.
[277.754s] PRUNE: margin=-2.500000, optimistic_rem(widened)=0.000000 → cannot exceed 0.
[277.880s] PRUNE: margin=-2.500000, optimistic_rem(widened)=0.000000 → cannot exceed 0.
[278.003s] PRUNE: margin=-2.500000, optimistic_rem(widened)=0.000000 → cannot exceed 0.
[278.121s] PRUNE: margin=-2.500000, optimistic_rem(widened)=0.000000 → cannot exceed 0.
[278.242s] PRUNE: margin=-2.500000, optimistic_rem(widened)=0.000000 → cannot exceed 0.
[278.426s] PRUNE: margin=-2.500000, optimistic_rem(widened)=2.000000 → cannot exceed 0.
[278.548s] PRUNE: margin=-2.500000, optimistic_rem(widened)=2.000000 → cannot exceed 0.
[278.670s] PRUNE: margin=-2.500000, optimistic_rem(widened)=2.000000 → cannot exceed 0.
[278.792s] PRUNE: margin=-2.500000, optimistic_rem(widened)=2.000000 → cannot exceed 0.
[278.909s] PRUNE: margin=-2.500000, optimistic_rem(widened)=2.000000 → cannot exceed 0.
[279.052s] PRUNE: margin=-2.500000, optimistic_rem(widened)=2.000000 → cannot exceed 0.
[279.376s] PRUNE: margin=-2.000000, optimistic_rem(widened)=1.500000 → cannot exceed 0.
[279.601s] PRUNE: margin=-1.000000, optimistic_rem(widened)=1.000000 → cannot exceed 0.
[279.799s] PRUNE: margin=-2.500000, optimistic_rem(widened)=0.000000 → cannot exceed 0.
[279.998s] PRUNE: margin=-2.500000, optimistic_rem(widened)=0.000000 → cannot exceed 0.
[280.196s] PRUNE: margin=-2.500000, optimistic_rem(widened)=0.000000 → cannot exceed 0.
[280.394s] PRUNE: margin=-2.500000, optimistic_rem(widened)=0.000000 → cannot exceed 0.
[280.593s] PRUNE: margin=-2.500000, optimistic_rem(widened)=0.000000 → cannot exceed 0.
[280.791s] PRUNE: margin=-2.500000, optimistic_rem(widened)=0.000000 → cannot exceed 0.
[281.203s] PRUNE: margin=-2.000000, optimistic_rem(widened)=0.000000 → cannot exceed 0.
[281.409s] PRUNE: margin=-2.500000, optimistic_rem(widened)=0.000000 → cannot exceed 0.
[281.618s] PRUNE: margin=-2.500000, optimistic_rem(widened)=0.000000 → cannot exceed 0.
[281.823s] PRUNE: margin=-2.500000, optimistic_rem(widened)=0.000000 → cannot exceed 0.
[282.033s] PRUNE: margin=-2.500000, optimistic_rem(widened)=0.000000 → cannot exceed 0.
[282.243s] PRUNE: margin=-2.500000, optimistic_rem(widened)=0.000000 → cannot exceed 0.
[282.552s] PRUNE: margin=-2.500000, optimistic_rem(widened)=2.000000 → cannot exceed 0.
[282.756s] PRUNE: margin=-2.500000, optimistic_rem(widened)=2.000000 → cannot exceed 0.
[282.963s] PRUNE: margin=-2.500000, optimistic_rem(widened)=2.000000 → cannot exceed 0.
[283.168s] PRUNE: margin=-2.500000, optimistic_rem(widened)=2.000000 → cannot exceed 0.
[283.372s] PRUNE: margin=-2.500000, optimistic_rem(widened)=2.000000 → cannot exceed 0.
[283.579s] PRUNE: margin=-2.500000, optimistic_rem(widened)=2.000000 → cannot exceed 0.
[284.100s] PRUNE: margin=-0.500000, optimistic_rem(widened)=0.000000 → cannot exceed 0.
[284.306s] PRUNE: margin=-0.500000, optimistic_rem(widened)=0.000000 → cannot exceed 0.
[284.525s] PRUNE: margin=-0.500000, optimistic_rem(widened)=0.000000 → cannot exceed 0.
[284.722s] PRUNE: margin=-1.000000, optimistic_rem(widened)=0.000000 → cannot exceed 0.
[284.920s] PRUNE: margin=-1.000000, optimistic_rem(widened)=0.000000 → cannot exceed 0.
[285.118s] PRUNE: margin=-1.000000, optimistic_rem(widened)=0.000000 → cannot exceed 0.
[285.315s] PRUNE: margin=-1.000000, optimistic_rem(widened)=0.000000 → cannot exceed 0.
[285.613s] PRUNE: margin=-2.000000, optimistic_rem(widened)=1.500000 → cannot exceed 0.
[285.810s] PRUNE: margin=-2.500000, optimistic_rem(widened)=2.000000 → cannot exceed 0.
[286.008s] PRUNE: margin=-2.500000, optimistic_rem(widened)=2.000000 → cannot exceed 0.
[286.206s] PRUNE: margin=-2.500000, optimistic_rem(widened)=2.000000 → cannot exceed 0.
[286.404s] PRUNE: margin=-2.500000, optimistic_rem(widened)=2.000000 → cannot exceed 0.
[286.606s] PRUNE: margin=-2.500000, optimistic_rem(widened)=2.000000 → cannot exceed 0.
[286.804s] PRUNE: margin=-2.500000, optimistic_rem(widened)=2.000000 → cannot exceed 0.
[287.200s] PRUNE: margin=-2.000000, optimistic_rem(widened)=1.500000 → cannot exceed 0.
[287.415s] PRUNE: margin=-2.000000, optimistic_rem(widened)=1.500000 → cannot exceed 0.
[287.612s] PRUNE: margin=-2.500000, optimistic_rem(widened)=2.000000 → cannot exceed 0.
[287.810s] PRUNE: margin=-2.500000, optimistic_rem(widened)=2.000000 → cannot exceed 0.
[288.008s] PRUNE: margin=-2.500000, optimistic_rem(widened)=2.000000 → cannot exceed 0.
[288.207s] PRUNE: margin=-2.500000, optimistic_rem(widened)=2.000000 → cannot exceed 0.
[288.408s] PRUNE: margin=-2.500000, optimistic_rem(widened)=2.000000 → cannot exceed 0.
[288.803s] PRUNE: margin=-2.000000, optimistic_rem(widened)=1.500000 → cannot exceed 0.
[289.001s] PRUNE: margin=-2.500000, optimistic_rem(widened)=2.000000 → cannot exceed 0.
[289.199s] PRUNE: margin=-2.500000, optimistic_rem(widened)=2.000000 → cannot exceed 0.
[289.397s] PRUNE: margin=-2.500000, optimistic_rem(widened)=2.000000 → cannot exceed 0.
[289.595s] PRUNE: margin=-2.500000, optimistic_rem(widened)=2.000000 → cannot exceed 0.
[289.793s] PRUNE: margin=-2.500000, optimistic_rem(widened)=2.000000 → cannot exceed 0.
[290.188s] PRUNE: margin=-2.000000, optimistic_rem(widened)=1.500000 → cannot exceed 0.
[290.386s] PRUNE: margin=-2.500000, optimistic_rem(widened)=2.000000 → cannot exceed 0.
[290.583s] PRUNE: margin=-2.500000, optimistic_rem(widened)=2.000000 → cannot exceed 0.
[290.785s] PRUNE: margin=-2.500000, optimistic_rem(widened)=2.000000 → cannot exceed 0.
[290.986s] PRUNE: margin=-2.500000, optimistic_rem(widened)=2.000000 → cannot exceed 0.
[291.392s] PRUNE: margin=-2.000000, optimistic_rem(widened)=1.500000 → cannot exceed 0.
[291.591s] PRUNE: margin=-2.500000, optimistic_rem(widened)=2.000000 → cannot exceed 0.
[291.790s] PRUNE: margin=-2.500000, optimistic_rem(widened)=2.000000 → cannot exceed 0.
[291.988s] PRUNE: margin=-2.500000, optimistic_rem(widened)=2.000000 → cannot exceed 0.
[292.385s] PRUNE: margin=-2.000000, optimistic_rem(widened)=1.500000 → cannot exceed 0.
[292.583s] PRUNE: margin=-2.500000, optimistic_rem(widened)=2.000000 → cannot exceed 0.
[292.781s] PRUNE: margin=-2.500000, optimistic_rem(widened)=2.000000 → cannot exceed 0.
[293.178s] PRUNE: margin=-2.000000, optimistic_rem(widened)=1.500000 → cannot exceed 0.
[293.376s] PRUNE: margin=-2.500000, optimistic_rem(widened)=2.000000 → cannot exceed 0.
[293.772s] PRUNE: margin=-2.000000, optimistic_rem(widened)=1.500000 → cannot exceed 0.
[294.565s] PRUNE: margin=-2.000000, optimistic_rem(widened)=1.500000 → cannot exceed 0.
[294.763s] PRUNE: margin=-2.000000, optimistic_rem(widened)=1.500000 → cannot exceed 0.
[294.962s] PRUNE: margin=-2.000000, optimistic_rem(widened)=1.500000 → cannot exceed 0.
[295.160s] PRUNE: margin=-2.000000, optimistic_rem(widened)=1.500000 → cannot exceed 0.
[295.358s] PRUNE: margin=-2.000000, optimistic_rem(widened)=1.500000 → cannot exceed 0.
[295.556s] PRUNE: margin=-2.000000, optimistic_rem(widened)=1.500000 → cannot exceed 0.
[295.755s] PRUNE: margin=-2.000000, optimistic_rem(widened)=1.500000 → cannot exceed 0.
[295.953s] PRUNE: margin=-2.000000, optimistic_rem(widened)=1.500000 → cannot exceed 0.
[296.151s] PRUNE: margin=-2.000000, optimistic_rem(widened)=1.500000 → cannot exceed 0.
[296.646s] PRUNE: margin=-0.500000, optimistic_rem(widened)=0.500000 → cannot exceed 0.
[296.844s] PRUNE: margin=-2.500000, optimistic_rem(widened)=0.000000 → cannot exceed 0.
[297.042s] PRUNE: margin=-2.500000, optimistic_rem(widened)=0.000000 → cannot exceed 0.
[297.241s] PRUNE: margin=-2.500000, optimistic_rem(widened)=0.000000 → cannot exceed 0.
[297.439s] PRUNE: margin=-2.500000, optimistic_rem(widened)=0.000000 → cannot exceed 0.
[297.637s] PRUNE: margin=-2.500000, optimistic_rem(widened)=0.000000 → cannot exceed 0.
[297.835s] PRUNE: margin=-2.500000, optimistic_rem(widened)=0.000000 → cannot exceed 0.
[298.231s] PRUNE: margin=-0.500000, optimistic_rem(widened)=0.000000 → cannot exceed 0.
[298.430s] PRUNE: margin=-2.500000, optimistic_rem(widened)=0.000000 → cannot exceed 0.
[298.628s] PRUNE: margin=-2.500000, optimistic_rem(widened)=0.000000 → cannot exceed 0.
[298.826s] PRUNE: margin=-2.500000, optimistic_rem(widened)=0.000000 → cannot exceed 0.
[299.024s] PRUNE: margin=-2.500000, optimistic_rem(widened)=0.000000 → cannot exceed 0.
[299.223s] PRUNE: margin=-2.500000, optimistic_rem(widened)=0.000000 → cannot exceed 0.
[299.520s] PRUNE: margin=-2.500000, optimistic_rem(widened)=2.000000 → cannot exceed 0.
[299.718s] PRUNE: margin=-2.500000, optimistic_rem(widened)=2.000000 → cannot exceed 0.
[299.916s] PRUNE: margin=-2.500000, optimistic_rem(widened)=2.000000 → cannot exceed 0.
[300.114s] PRUNE: margin=-2.500000, optimistic_rem(widened)=2.000000 → cannot exceed 0.
[300.312s] PRUNE: margin=-2.500000, optimistic_rem(widened)=2.000000 → cannot exceed 0.
[300.511s] PRUNE: margin=-2.500000, optimistic_rem(widened)=2.000000 → cannot exceed 0.
[301.006s] PRUNE: margin=-0.500000, optimistic_rem(widened)=0.000000 → cannot exceed 0.
[301.204s] PRUNE: margin=-0.500000, optimistic_rem(widened)=0.000000 → cannot exceed 0.
[301.402s] PRUNE: margin=-1.000000, optimistic_rem(widened)=0.000000 → cannot exceed 0.
[301.600s] PRUNE: margin=-1.000000, optimistic_rem(widened)=0.000000 → cannot exceed 0.
[301.799s] PRUNE: margin=-1.000000, optimistic_rem(widened)=0.000000 → cannot exceed 0.
[301.997s] PRUNE: margin=-1.000000, optimistic_rem(widened)=0.000000 → cannot exceed 0.
[302.294s] PRUNE: margin=-2.500000, optimistic_rem(widened)=2.000000 → cannot exceed 0.
[302.492s] PRUNE: margin=-2.500000, optimistic_rem(widened)=2.000000 → cannot exceed 0.
[302.691s] PRUNE: margin=-2.500000, optimistic_rem(widened)=2.000000 → cannot exceed 0.
[302.889s] PRUNE: margin=-2.500000, optimistic_rem(widened)=2.000000 → cannot exceed 0.
[303.087s] PRUNE: margin=-2.500000, optimistic_rem(widened)=2.000000 → cannot exceed 0.
[303.285s] PRUNE: margin=-2.500000, optimistic_rem(widened)=2.000000 → cannot exceed 0.
[303.681s] PRUNE: margin=-2.000000, optimistic_rem(widened)=1.500000 → cannot exceed 0.
[303.879s] PRUNE: margin=-2.500000, optimistic_rem(widened)=2.000000 → cannot exceed 0.
[304.077s] PRUNE: margin=-2.500000, optimistic_rem(widened)=2.000000 → cannot exceed 0.
[304.276s] PRUNE: margin=-2.500000, optimistic_rem(widened)=2.000000 → cannot exceed 0.
[304.474s] PRUNE: margin=-2.500000, optimistic_rem(widened)=2.000000 → cannot exceed 0.
[304.672s] PRUNE: margin=-2.500000, optimistic_rem(widened)=2.000000 → cannot exceed 0.
[305.068s] PRUNE: margin=-2.500000, optimistic_rem(widened)=2.000000 → cannot exceed 0.
[305.266s] PRUNE: margin=-2.500000, optimistic_rem(widened)=2.000000 → cannot exceed 0.
[305.464s] PRUNE: margin=-2.500000, optimistic_rem(widened)=2.000000 → cannot exceed 0.
[305.663s] PRUNE: margin=-2.500000, optimistic_rem(widened)=2.000000 → cannot exceed 0.
[305.861s] PRUNE: margin=-2.500000, optimistic_rem(widened)=2.000000 → cannot exceed 0.
[306.257s] PRUNE: margin=-2.500000, optimistic_rem(widened)=2.000000 → cannot exceed 0.
[306.455s] PRUNE: margin=-2.500000, optimistic_rem(widened)=2.000000 → cannot exceed 0.
[306.654s] PRUNE: margin=-2.500000, optimistic_rem(widened)=2.000000 → cannot exceed 0.
[306.852s] PRUNE: margin=-2.500000, optimistic_rem(widened)=2.000000 → cannot exceed 0.
[307.248s] PRUNE: margin=-2.500000, optimistic_rem(widened)=2.000000 → cannot exceed 0.
[307.446s] PRUNE: margin=-2.500000, optimistic_rem(widened)=2.000000 → cannot exceed 0.
[307.645s] PRUNE: margin=-2.500000, optimistic_rem(widened)=2.000000 → cannot exceed 0.
[308.041s] PRUNE: margin=-2.500000, optimistic_rem(widened)=2.000000 → cannot exceed 0.
[308.239s] PRUNE: margin=-2.500000, optimistic_rem(widened)=2.000000 → cannot exceed 0.
[308.636s] PRUNE: margin=-2.500000, optimistic_rem(widened)=2.000000 → cannot exceed 0.
[309.448s] PRUNE: margin=-2.000000, optimistic_rem(widened)=1.500000 → cannot exceed 0.
[309.646s] PRUNE: margin=-2.000000, optimistic_rem(widened)=1.500000 → cannot exceed 0.
[309.844s] PRUNE: margin=-2.000000, optimistic_rem(widened)=1.500000 → cannot exceed 0.
[310.041s] PRUNE: margin=-2.000000, optimistic_rem(widened)=1.500000 → cannot exceed 0.
[310.239s] PRUNE: margin=-2.000000, optimistic_rem(widened)=1.500000 → cannot exceed 0.
[310.437s] PRUNE: margin=-2.000000, optimistic_rem(widened)=1.500000 → cannot exceed 0.
[310.635s] PRUNE: margin=-2.000000, optimistic_rem(widened)=1.500000 → cannot exceed 0.
[310.833s] PRUNE: margin=-2.000000, optimistic_rem(widened)=1.500000 → cannot exceed 0.
[311.283s] PRUNE: margin=-0.500000, optimistic_rem(widened)=0.000000 → cannot exceed 0.
[311.400s] PRUNE: margin=-0.500000, optimistic_rem(widened)=0.000000 → cannot exceed 0.
[311.517s] PRUNE: margin=-0.500000, optimistic_rem(widened)=0.000000 → cannot exceed 0.
[311.634s] PRUNE: margin=-0.500000, optimistic_rem(widened)=0.000000 → cannot exceed 0.
[311.751s] PRUNE: margin=-1.000000, optimistic_rem(widened)=0.000000 → cannot exceed 0.
[311.868s] PRUNE: margin=-1.000000, optimistic_rem(widened)=0.000000 → cannot exceed 0.
[312.044s] PRUNE: margin=-2.500000, optimistic_rem(widened)=2.000000 → cannot exceed 0.
[312.196s] PRUNE: margin=-2.500000, optimistic_rem(widened)=2.000000 → cannot exceed 0.
[312.392s] PRUNE: margin=-2.500000, optimistic_rem(widened)=2.000000 → cannot exceed 0.
[312.589s] PRUNE: margin=-2.500000, optimistic_rem(widened)=2.000000 → cannot exceed 0.
[312.786s] PRUNE: margin=-2.500000, optimistic_rem(widened)=2.000000 → cannot exceed 0.
[312.982s] PRUNE: margin=-2.500000, optimistic_rem(widened)=2.000000 → cannot exceed 0.
[313.376s] PRUNE: margin=-2.000000, optimistic_rem(widened)=1.500000 → cannot exceed 0.
[313.572s] PRUNE: margin=-2.500000, optimistic_rem(widened)=2.000000 → cannot exceed 0.
[313.769s] PRUNE: margin=-2.500000, optimistic_rem(widened)=2.000000 → cannot exceed 0.
[313.966s] PRUNE: margin=-2.500000, optimistic_rem(widened)=2.000000 → cannot exceed 0.
[314.163s] PRUNE: margin=-2.500000, optimistic_rem(widened)=2.000000 → cannot exceed 0.
[314.359s] PRUNE: margin=-2.500000, optimistic_rem(widened)=2.000000 → cannot exceed 0.
[314.752s] PRUNE: margin=-2.500000, optimistic_rem(widened)=2.000000 → cannot exceed 0.
[314.949s] PRUNE: margin=-2.500000, optimistic_rem(widened)=2.000000 → cannot exceed 0.
[315.146s] PRUNE: margin=-2.500000, optimistic_rem(widened)=2.000000 → cannot exceed 0.
[315.343s] PRUNE: margin=-2.500000, optimistic_rem(widened)=2.000000 → cannot exceed 0.
[315.540s] PRUNE: margin=-2.500000, optimistic_rem(widened)=2.000000 → cannot exceed 0.
[315.933s] PRUNE: margin=-2.500000, optimistic_rem(widened)=2.000000 → cannot exceed 0.
[316.130s] PRUNE: margin=-2.500000, optimistic_rem(widened)=2.000000 → cannot exceed 0.
[316.327s] PRUNE: margin=-2.500000, optimistic_rem(widened)=2.000000 → cannot exceed 0.
[316.524s] PRUNE: margin=-2.500000, optimistic_rem(widened)=2.000000 → cannot exceed 0.
[316.917s] PRUNE: margin=-2.500000, optimistic_rem(widened)=2.000000 → cannot exceed 0.
[317.114s] PRUNE: margin=-2.500000, optimistic_rem(widened)=2.000000 → cannot exceed 0.
[317.311s] PRUNE: margin=-2.500000, optimistic_rem(widened)=2.000000 → cannot exceed 0.
[317.704s] PRUNE: margin=-2.500000, optimistic_rem(widened)=2.000000 → cannot exceed 0.
[317.901s] PRUNE: margin=-2.500000, optimistic_rem(widened)=2.000000 → cannot exceed 0.
[318.262s] PRUNE: margin=-2.500000, optimistic_rem(widened)=2.000000 → cannot exceed 0.
[319.053s] PRUNE: margin=-0.500000, optimistic_rem(widened)=0.000000 → cannot exceed 0.
[319.250s] PRUNE: margin=-0.500000, optimistic_rem(widened)=0.000000 → cannot exceed 0.
[319.446s] PRUNE: margin=-0.500000, optimistic_rem(widened)=0.000000 → cannot exceed 0.
[319.643s] PRUNE: margin=-0.500000, optimistic_rem(widened)=0.000000 → cannot exceed 0.
[319.840s] PRUNE: margin=-0.500000, optimistic_rem(widened)=0.000000 → cannot exceed 0.
[320.037s] PRUNE: margin=-0.500000, optimistic_rem(widened)=0.000000 → cannot exceed 0.
[320.431s] PRUNE: margin=-0.500000, optimistic_rem(widened)=0.000000 → cannot exceed 0.
[320.627s] PRUNE: margin=-0.500000, optimistic_rem(widened)=0.000000 → cannot exceed 0.
[320.824s] PRUNE: margin=-0.500000, optimistic_rem(widened)=0.000000 → cannot exceed 0.
[321.021s] PRUNE: margin=-0.500000, optimistic_rem(widened)=0.000000 → cannot exceed 0.
[321.218s] PRUNE: margin=-0.500000, optimistic_rem(widened)=0.000000 → cannot exceed 0.
[321.537s] PRUNE: margin=-0.500000, optimistic_rem(widened)=0.000000 → cannot exceed 0.
[321.661s] PRUNE: margin=-0.500000, optimistic_rem(widened)=0.000000 → cannot exceed 0.
[321.779s] PRUNE: margin=-0.500000, optimistic_rem(widened)=0.000000 → cannot exceed 0.
[321.908s] PRUNE: margin=-0.500000, optimistic_rem(widened)=0.000000 → cannot exceed 0.
[322.236s] PRUNE: margin=-1.000000, optimistic_rem(widened)=0.000000 → cannot exceed 0.
[322.396s] PRUNE: margin=-1.000000, optimistic_rem(widened)=0.000000 → cannot exceed 0.
[322.559s] PRUNE: margin=-1.000000, optimistic_rem(widened)=0.000000 → cannot exceed 0.
[322.881s] PRUNE: margin=-1.000000, optimistic_rem(widened)=0.000000 → cannot exceed 0.
[323.055s] PRUNE: margin=-1.000000, optimistic_rem(widened)=0.000000 → cannot exceed 0.
[323.450s] PRUNE: margin=-1.000000, optimistic_rem(widened)=0.000000 → cannot exceed 0.
[324.141s] PRUNE: margin=-2.000000, optimistic_rem(widened)=1.500000 → cannot exceed 0.
[324.338s] PRUNE: margin=-2.000000, optimistic_rem(widened)=1.500000 → cannot exceed 0.
[324.536s] PRUNE: margin=-2.000000, optimistic_rem(widened)=1.500000 → cannot exceed 0.
[324.734s] PRUNE: margin=-2.000000, optimistic_rem(widened)=1.500000 → cannot exceed 0.
[324.931s] PRUNE: margin=-2.000000, optimistic_rem(widened)=1.500000 → cannot exceed 0.
[325.129s] PRUNE: margin=-2.000000, optimistic_rem(widened)=1.500000 → cannot exceed 0.
[325.524s] PRUNE: margin=-2.500000, optimistic_rem(widened)=2.000000 → cannot exceed 0.
[325.721s] PRUNE: margin=-2.500000, optimistic_rem(widened)=2.000000 → cannot exceed 0.
[325.919s] PRUNE: margin=-2.500000, optimistic_rem(widened)=2.000000 → cannot exceed 0.
[326.116s] PRUNE: margin=-2.500000, optimistic_rem(widened)=2.000000 → cannot exceed 0.
[326.314s] PRUNE: margin=-2.500000, optimistic_rem(widened)=2.000000 → cannot exceed 0.
[326.709s] PRUNE: margin=-2.500000, optimistic_rem(widened)=2.000000 → cannot exceed 0.
[326.906s] PRUNE: margin=-2.500000, optimistic_rem(widened)=2.000000 → cannot exceed 0.
[327.104s] PRUNE: margin=-2.500000, optimistic_rem(widened)=2.000000 → cannot exceed 0.
[327.301s] PRUNE: margin=-2.500000, optimistic_rem(widened)=2.000000 → cannot exceed 0.
[327.696s] PRUNE: margin=-2.500000, optimistic_rem(widened)=2.000000 → cannot exceed 0.
[327.893s] PRUNE: margin=-2.500000, optimistic_rem(widened)=2.000000 → cannot exceed 0.
[328.091s] PRUNE: margin=-2.500000, optimistic_rem(widened)=2.000000 → cannot exceed 0.
[328.486s] PRUNE: margin=-2.500000, optimistic_rem(widened)=2.000000 → cannot exceed 0.
[328.684s] PRUNE: margin=-2.500000, optimistic_rem(widened)=2.000000 → cannot exceed 0.
[329.078s] PRUNE: margin=-2.500000, optimistic_rem(widened)=2.000000 → cannot exceed 0.
[329.868s] PRUNE: margin=-2.000000, optimistic_rem(widened)=1.500000 → cannot exceed 0.
[330.066s] PRUNE: margin=-2.000000, optimistic_rem(widened)=1.500000 → cannot exceed 0.
[330.263s] PRUNE: margin=-2.000000, optimistic_rem(widened)=1.500000 → cannot exceed 0.
[330.460s] PRUNE: margin=-2.000000, optimistic_rem(widened)=1.500000 → cannot exceed 0.
[330.658s] PRUNE: margin=-2.000000, optimistic_rem(widened)=1.500000 → cannot exceed 0.
[330.855s] PRUNE: margin=-2.000000, optimistic_rem(widened)=1.500000 → cannot exceed 0.
[331.250s] PRUNE: margin=-2.000000, optimistic_rem(widened)=1.500000 → cannot exceed 0.
[331.448s] PRUNE: margin=-2.000000, optimistic_rem(widened)=1.500000 → cannot exceed 0.
[331.645s] PRUNE: margin=-2.000000, optimistic_rem(widened)=1.500000 → cannot exceed 0.
[331.843s] PRUNE: margin=-2.000000, optimistic_rem(widened)=1.500000 → cannot exceed 0.
[332.040s] PRUNE: margin=-2.000000, optimistic_rem(widened)=1.500000 → cannot exceed 0.
[332.441s] PRUNE: margin=-2.500000, optimistic_rem(widened)=2.000000 → cannot exceed 0.
[332.638s] PRUNE: margin=-2.500000, optimistic_rem(widened)=2.000000 → cannot exceed 0.
[332.836s] PRUNE: margin=-2.500000, optimistic_rem(widened)=2.000000 → cannot exceed 0.
[333.033s] PRUNE: margin=-2.500000, optimistic_rem(widened)=2.000000 → cannot exceed 0.
[333.428s] PRUNE: margin=-2.500000, optimistic_rem(widened)=2.000000 → cannot exceed 0.
[333.625s] PRUNE: margin=-2.500000, optimistic_rem(widened)=2.000000 → cannot exceed 0.
[333.823s] PRUNE: margin=-2.500000, optimistic_rem(widened)=2.000000 → cannot exceed 0.
[334.218s] PRUNE: margin=-2.500000, optimistic_rem(widened)=2.000000 → cannot exceed 0.
[334.415s] PRUNE: margin=-2.500000, optimistic_rem(widened)=2.000000 → cannot exceed 0.
[334.810s] PRUNE: margin=-2.500000, optimistic_rem(widened)=2.000000 → cannot exceed 0.
[356.728s] No counterexample within budgets (BaB): no misclassification found.
STATUS: No counterexample | best_upper_margin=7.500000 | elapsed=356.728s | pixels_changed=0 | total_bit_flips=0 | avg_hamming_per_pixel=0.000000 | patch_rows=4-11 | patch_cols=14-15 | note=no_counterexample_within_budgets
