[  0.000s] init: idx=9510 kmax=2 bmax=4 topx=2 widen=1.000 rank_fast=off
clean logits (hex):  0x8d  0x89  0x79  0x61  0x83  0x8b  0x92  0x88  0xb3  0x85
clean logits (bits): 10001101 10001001 01111001 01100001 10000011 10001011 10010010 10001000 10110011 10000101
clean logits (double): -5.500000 -7.500000 +10.000000 +2.125000 -24.000000 -6.500000 -3.750000 -8.000000 -1.406250 -14.000000
[  0.008s] clean prediction: 2 (true label 2)
[ 37.755s] selection: nSym=2 (from 784), topx=2, rank_fast=off
[ 37.755s] active patch: rows 13-15, cols 5-14 (derived from symPix)
[ 38.213s] Proceeding to BaB (greedy enabled).
[ 38.213s] Skipping root bound check (--no-root-bound).
[ 38.213s] BaB search starting (K≤2, B≤4, nSym=2, depth_limit=500000000, widen=1.00)...
[ 38.510s] PRUNE: margin=-5.343750, optimistic_rem(widened)=2.000000 → cannot exceed 0.
[ 38.807s] PRUNE: margin=-5.343750, optimistic_rem(widened)=1.000000 → cannot exceed 0.
[ 39.105s] PRUNE: margin=-7.875000, optimistic_rem(widened)=0.000000 → cannot exceed 0.
[ 39.303s] PRUNE: margin=-7.875000, optimistic_rem(widened)=0.000000 → cannot exceed 0.
[ 39.502s] PRUNE: margin=-7.875000, optimistic_rem(widened)=0.000000 → cannot exceed 0.
[ 39.700s] PRUNE: margin=-7.875000, optimistic_rem(widened)=0.000000 → cannot exceed 0.
[ 39.898s] PRUNE: margin=-7.875000, optimistic_rem(widened)=0.000000 → cannot exceed 0.
[ 40.097s] PRUNE: margin=-7.875000, optimistic_rem(widened)=0.000000 → cannot exceed 0.
[ 40.295s] PRUNE: margin=-7.875000, optimistic_rem(widened)=0.000000 → cannot exceed 0.
[ 40.493s] PRUNE: margin=-7.875000, optimistic_rem(widened)=0.000000 → cannot exceed 0.
[ 40.691s] PRUNE: margin=-7.875000, optimistic_rem(widened)=0.000000 → cannot exceed 0.
[ 40.890s] PRUNE: margin=-7.875000, optimistic_rem(widened)=0.000000 → cannot exceed 0.
[ 41.088s] PRUNE: margin=-7.875000, optimistic_rem(widened)=0.000000 → cannot exceed 0.
[ 41.485s] PRUNE: margin=-7.875000, optimistic_rem(widened)=0.000000 → cannot exceed 0.
[ 41.683s] PRUNE: margin=-7.875000, optimistic_rem(widened)=0.000000 → cannot exceed 0.
[ 41.883s] PRUNE: margin=-7.875000, optimistic_rem(widened)=0.000000 → cannot exceed 0.
[ 42.081s] PRUNE: margin=-7.875000, optimistic_rem(widened)=0.000000 → cannot exceed 0.
[ 42.280s] PRUNE: margin=-7.875000, optimistic_rem(widened)=0.000000 → cannot exceed 0.
[ 42.478s] PRUNE: margin=-7.875000, optimistic_rem(widened)=0.000000 → cannot exceed 0.
[ 42.676s] PRUNE: margin=-7.875000, optimistic_rem(widened)=0.000000 → cannot exceed 0.
[ 42.874s] PRUNE: margin=-7.875000, optimistic_rem(widened)=0.000000 → cannot exceed 0.
[ 43.073s] PRUNE: margin=-7.875000, optimistic_rem(widened)=0.000000 → cannot exceed 0.
[ 43.271s] PRUNE: margin=-7.875000, optimistic_rem(widened)=0.000000 → cannot exceed 0.
[ 43.667s] PRUNE: margin=-5.343750, optimistic_rem(widened)=0.000000 → cannot exceed 0.
[ 43.872s] PRUNE: margin=-5.343750, optimistic_rem(widened)=0.000000 → cannot exceed 0.
[ 44.070s] PRUNE: margin=-7.875000, optimistic_rem(widened)=0.000000 → cannot exceed 0.
[ 44.271s] PRUNE: margin=-7.875000, optimistic_rem(widened)=0.000000 → cannot exceed 0.
[ 44.469s] PRUNE: margin=-7.875000, optimistic_rem(widened)=0.000000 → cannot exceed 0.
[ 44.668s] PRUNE: margin=-7.875000, optimistic_rem(widened)=0.000000 → cannot exceed 0.
[ 44.866s] PRUNE: margin=-7.875000, optimistic_rem(widened)=0.000000 → cannot exceed 0.
[ 45.065s] PRUNE: margin=-7.875000, optimistic_rem(widened)=0.000000 → cannot exceed 0.
[ 45.264s] PRUNE: margin=-7.875000, optimistic_rem(widened)=0.000000 → cannot exceed 0.
[ 45.661s] PRUNE: margin=-5.343750, optimistic_rem(widened)=0.000000 → cannot exceed 0.
[ 45.860s] PRUNE: margin=-5.343750, optimistic_rem(widened)=0.000000 → cannot exceed 0.
[ 46.058s] PRUNE: margin=-7.875000, optimistic_rem(widened)=0.000000 → cannot exceed 0.
[ 46.257s] PRUNE: margin=-7.875000, optimistic_rem(widened)=0.000000 → cannot exceed 0.
[ 46.455s] PRUNE: margin=-7.875000, optimistic_rem(widened)=0.000000 → cannot exceed 0.
[ 46.654s] PRUNE: margin=-7.875000, optimistic_rem(widened)=0.000000 → cannot exceed 0.
[ 46.854s] PRUNE: margin=-7.875000, optimistic_rem(widened)=0.000000 → cannot exceed 0.
[ 47.052s] PRUNE: margin=-7.875000, optimistic_rem(widened)=0.000000 → cannot exceed 0.
[ 47.449s] PRUNE: margin=-7.875000, optimistic_rem(widened)=0.000000 → cannot exceed 0.
[ 47.648s] PRUNE: margin=-7.875000, optimistic_rem(widened)=0.000000 → cannot exceed 0.
[ 47.846s] PRUNE: margin=-7.875000, optimistic_rem(widened)=0.000000 → cannot exceed 0.
[ 48.044s] PRUNE: margin=-7.875000, optimistic_rem(widened)=0.000000 → cannot exceed 0.
[ 48.242s] PRUNE: margin=-7.875000, optimistic_rem(widened)=0.000000 → cannot exceed 0.
[ 48.440s] PRUNE: margin=-7.875000, optimistic_rem(widened)=0.000000 → cannot exceed 0.
[ 48.637s] PRUNE: margin=-7.875000, optimistic_rem(widened)=0.000000 → cannot exceed 0.
[ 49.033s] PRUNE: margin=-7.875000, optimistic_rem(widened)=0.000000 → cannot exceed 0.
[ 49.231s] PRUNE: margin=-7.875000, optimistic_rem(widened)=0.000000 → cannot exceed 0.
[ 49.428s] PRUNE: margin=-7.875000, optimistic_rem(widened)=0.000000 → cannot exceed 0.
[ 49.626s] PRUNE: margin=-7.875000, optimistic_rem(widened)=0.000000 → cannot exceed 0.
[ 49.824s] PRUNE: margin=-7.875000, optimistic_rem(widened)=0.000000 → cannot exceed 0.
[ 50.021s] PRUNE: margin=-7.875000, optimistic_rem(widened)=0.000000 → cannot exceed 0.
[ 50.416s] PRUNE: margin=-7.875000, optimistic_rem(widened)=0.000000 → cannot exceed 0.
[ 50.614s] PRUNE: margin=-7.875000, optimistic_rem(widened)=0.000000 → cannot exceed 0.
[ 50.813s] PRUNE: margin=-7.875000, optimistic_rem(widened)=0.000000 → cannot exceed 0.
[ 51.010s] PRUNE: margin=-7.875000, optimistic_rem(widened)=0.000000 → cannot exceed 0.
[ 51.208s] PRUNE: margin=-7.875000, optimistic_rem(widened)=0.000000 → cannot exceed 0.
[ 51.603s] PRUNE: margin=-7.875000, optimistic_rem(widened)=0.000000 → cannot exceed 0.
[ 51.801s] PRUNE: margin=-7.875000, optimistic_rem(widened)=0.000000 → cannot exceed 0.
[ 51.999s] PRUNE: margin=-7.875000, optimistic_rem(widened)=0.000000 → cannot exceed 0.
[ 52.196s] PRUNE: margin=-7.875000, optimistic_rem(widened)=0.000000 → cannot exceed 0.
[ 52.592s] PRUNE: margin=-7.875000, optimistic_rem(widened)=0.000000 → cannot exceed 0.
[ 52.790s] PRUNE: margin=-7.875000, optimistic_rem(widened)=0.000000 → cannot exceed 0.
[ 52.987s] PRUNE: margin=-7.875000, optimistic_rem(widened)=0.000000 → cannot exceed 0.
[ 53.383s] PRUNE: margin=-7.875000, optimistic_rem(widened)=0.000000 → cannot exceed 0.
[ 53.581s] PRUNE: margin=-7.875000, optimistic_rem(widened)=0.000000 → cannot exceed 0.
[ 53.976s] PRUNE: margin=-5.343750, optimistic_rem(widened)=0.000000 → cannot exceed 0.
[ 59.703s] PRUNE: margin=-7.875000, optimistic_rem(widened)=0.000000 → cannot exceed 0.
[ 59.901s] PRUNE: margin=-7.875000, optimistic_rem(widened)=0.000000 → cannot exceed 0.
[ 60.098s] PRUNE: margin=-7.875000, optimistic_rem(widened)=0.000000 → cannot exceed 0.
[ 60.296s] PRUNE: margin=-7.875000, optimistic_rem(widened)=0.000000 → cannot exceed 0.
[ 60.494s] PRUNE: margin=-7.875000, optimistic_rem(widened)=0.000000 → cannot exceed 0.
[ 60.691s] PRUNE: margin=-7.875000, optimistic_rem(widened)=0.000000 → cannot exceed 0.
[ 64.851s] PRUNE: margin=-7.875000, optimistic_rem(widened)=0.000000 → cannot exceed 0.
[ 65.051s] PRUNE: margin=-7.875000, optimistic_rem(widened)=0.000000 → cannot exceed 0.
[ 65.250s] PRUNE: margin=-7.875000, optimistic_rem(widened)=0.000000 → cannot exceed 0.
[ 65.448s] PRUNE: margin=-7.875000, optimistic_rem(widened)=0.000000 → cannot exceed 0.
[ 65.647s] PRUNE: margin=-7.875000, optimistic_rem(widened)=0.000000 → cannot exceed 0.
[ 65.846s] PRUNE: margin=-7.875000, optimistic_rem(widened)=0.000000 → cannot exceed 0.
[ 68.926s] PRUNE: margin=-7.875000, optimistic_rem(widened)=0.000000 → cannot exceed 0.
[ 69.124s] PRUNE: margin=-7.875000, optimistic_rem(widened)=0.000000 → cannot exceed 0.
[ 69.323s] PRUNE: margin=-7.875000, optimistic_rem(widened)=0.000000 → cannot exceed 0.
[ 69.522s] PRUNE: margin=-7.875000, optimistic_rem(widened)=0.000000 → cannot exceed 0.
[ 69.721s] PRUNE: margin=-7.875000, optimistic_rem(widened)=0.000000 → cannot exceed 0.
[ 69.920s] PRUNE: margin=-7.875000, optimistic_rem(widened)=0.000000 → cannot exceed 0.
[ 71.701s] PRUNE: margin=-7.875000, optimistic_rem(widened)=0.000000 → cannot exceed 0.
[ 71.825s] PRUNE: margin=-7.875000, optimistic_rem(widened)=0.000000 → cannot exceed 0.
[ 71.950s] PRUNE: margin=-7.875000, optimistic_rem(widened)=0.000000 → cannot exceed 0.
[ 72.087s] PRUNE: margin=-7.875000, optimistic_rem(widened)=0.000000 → cannot exceed 0.
[ 72.219s] PRUNE: margin=-7.875000, optimistic_rem(widened)=0.000000 → cannot exceed 0.
[ 72.343s] PRUNE: margin=-7.875000, optimistic_rem(widened)=0.000000 → cannot exceed 0.
[ 73.131s] PRUNE: margin=-7.875000, optimistic_rem(widened)=0.000000 → cannot exceed 0.
[ 73.258s] PRUNE: margin=-7.875000, optimistic_rem(widened)=0.000000 → cannot exceed 0.
[ 73.387s] PRUNE: margin=-7.875000, optimistic_rem(widened)=0.000000 → cannot exceed 0.
[ 73.511s] PRUNE: margin=-7.875000, optimistic_rem(widened)=0.000000 → cannot exceed 0.
[ 73.634s] PRUNE: margin=-7.875000, optimistic_rem(widened)=0.000000 → cannot exceed 0.
[ 73.778s] PRUNE: margin=-7.875000, optimistic_rem(widened)=0.000000 → cannot exceed 0.
[ 74.175s] PRUNE: margin=-7.875000, optimistic_rem(widened)=0.000000 → cannot exceed 0.
[ 74.373s] PRUNE: margin=-7.875000, optimistic_rem(widened)=0.000000 → cannot exceed 0.
[ 74.572s] PRUNE: margin=-7.875000, optimistic_rem(widened)=0.000000 → cannot exceed 0.
[ 74.767s] PRUNE: margin=-7.875000, optimistic_rem(widened)=0.000000 → cannot exceed 0.
[ 74.905s] PRUNE: margin=-7.875000, optimistic_rem(widened)=0.000000 → cannot exceed 0.
[ 75.061s] PRUNE: margin=-7.875000, optimistic_rem(widened)=0.000000 → cannot exceed 0.
[ 75.393s] PRUNE: margin=-7.875000, optimistic_rem(widened)=0.000000 → cannot exceed 0.
[ 75.570s] PRUNE: margin=-7.875000, optimistic_rem(widened)=0.000000 → cannot exceed 0.
[ 75.739s] PRUNE: margin=-7.875000, optimistic_rem(widened)=0.000000 → cannot exceed 0.
[ 75.934s] PRUNE: margin=-7.875000, optimistic_rem(widened)=0.000000 → cannot exceed 0.
[ 76.134s] PRUNE: margin=-7.875000, optimistic_rem(widened)=0.000000 → cannot exceed 0.
[ 76.499s] PRUNE: margin=-7.875000, optimistic_rem(widened)=0.000000 → cannot exceed 0.
[ 76.674s] PRUNE: margin=-7.875000, optimistic_rem(widened)=0.000000 → cannot exceed 0.
[ 76.864s] PRUNE: margin=-7.875000, optimistic_rem(widened)=0.000000 → cannot exceed 0.
[ 77.065s] PRUNE: margin=-7.875000, optimistic_rem(widened)=0.000000 → cannot exceed 0.
[ 77.461s] PRUNE: margin=-7.875000, optimistic_rem(widened)=0.000000 → cannot exceed 0.
[ 77.660s] PRUNE: margin=-7.875000, optimistic_rem(widened)=0.000000 → cannot exceed 0.
[ 77.858s] PRUNE: margin=-7.875000, optimistic_rem(widened)=0.000000 → cannot exceed 0.
[ 78.255s] PRUNE: margin=-7.875000, optimistic_rem(widened)=0.000000 → cannot exceed 0.
[ 78.454s] PRUNE: margin=-7.875000, optimistic_rem(widened)=0.000000 → cannot exceed 0.
[ 78.841s] PRUNE: margin=-7.875000, optimistic_rem(widened)=0.000000 → cannot exceed 0.
[ 83.237s] PRUNE: margin=-7.875000, optimistic_rem(widened)=0.000000 → cannot exceed 0.
[ 83.435s] PRUNE: margin=-7.875000, optimistic_rem(widened)=0.000000 → cannot exceed 0.
[ 83.634s] PRUNE: margin=-7.875000, optimistic_rem(widened)=0.000000 → cannot exceed 0.
[ 83.833s] PRUNE: margin=-7.875000, optimistic_rem(widened)=0.000000 → cannot exceed 0.
[ 84.032s] PRUNE: margin=-7.875000, optimistic_rem(widened)=0.000000 → cannot exceed 0.
[ 84.230s] PRUNE: margin=-7.875000, optimistic_rem(widened)=0.000000 → cannot exceed 0.
[ 87.309s] PRUNE: margin=-7.875000, optimistic_rem(widened)=0.000000 → cannot exceed 0.
[ 87.507s] PRUNE: margin=-7.875000, optimistic_rem(widened)=0.000000 → cannot exceed 0.
[ 87.706s] PRUNE: margin=-7.875000, optimistic_rem(widened)=0.000000 → cannot exceed 0.
[ 87.905s] PRUNE: margin=-7.875000, optimistic_rem(widened)=0.000000 → cannot exceed 0.
[ 88.104s] PRUNE: margin=-7.875000, optimistic_rem(widened)=0.000000 → cannot exceed 0.
[ 88.303s] PRUNE: margin=-7.875000, optimistic_rem(widened)=0.000000 → cannot exceed 0.
[ 90.192s] PRUNE: margin=-7.875000, optimistic_rem(widened)=0.000000 → cannot exceed 0.
[ 90.369s] PRUNE: margin=-7.875000, optimistic_rem(widened)=0.000000 → cannot exceed 0.
[ 90.486s] PRUNE: margin=-7.875000, optimistic_rem(widened)=0.000000 → cannot exceed 0.
[ 90.604s] PRUNE: margin=-7.875000, optimistic_rem(widened)=0.000000 → cannot exceed 0.
[ 90.721s] PRUNE: margin=-7.875000, optimistic_rem(widened)=0.000000 → cannot exceed 0.
[ 90.853s] PRUNE: margin=-7.875000, optimistic_rem(widened)=0.000000 → cannot exceed 0.
[ 92.042s] PRUNE: margin=-7.875000, optimistic_rem(widened)=0.000000 → cannot exceed 0.
[ 92.240s] PRUNE: margin=-7.875000, optimistic_rem(widened)=0.000000 → cannot exceed 0.
[ 92.438s] PRUNE: margin=-7.875000, optimistic_rem(widened)=0.000000 → cannot exceed 0.
[ 92.637s] PRUNE: margin=-7.875000, optimistic_rem(widened)=0.000000 → cannot exceed 0.
[ 92.835s] PRUNE: margin=-7.875000, optimistic_rem(widened)=0.000000 → cannot exceed 0.
[ 93.033s] PRUNE: margin=-7.875000, optimistic_rem(widened)=0.000000 → cannot exceed 0.
[ 93.430s] PRUNE: margin=-7.875000, optimistic_rem(widened)=0.000000 → cannot exceed 0.
[ 93.629s] PRUNE: margin=-7.875000, optimistic_rem(widened)=0.000000 → cannot exceed 0.
[ 93.827s] PRUNE: margin=-7.875000, optimistic_rem(widened)=0.000000 → cannot exceed 0.
[ 94.025s] PRUNE: margin=-7.875000, optimistic_rem(widened)=0.000000 → cannot exceed 0.
[ 94.223s] PRUNE: margin=-7.875000, optimistic_rem(widened)=0.000000 → cannot exceed 0.
[ 94.421s] PRUNE: margin=-7.875000, optimistic_rem(widened)=0.000000 → cannot exceed 0.
[ 94.818s] PRUNE: margin=-7.875000, optimistic_rem(widened)=0.000000 → cannot exceed 0.
[ 95.016s] PRUNE: margin=-7.875000, optimistic_rem(widened)=0.000000 → cannot exceed 0.
[ 95.214s] PRUNE: margin=-7.875000, optimistic_rem(widened)=0.000000 → cannot exceed 0.
[ 95.413s] PRUNE: margin=-7.875000, optimistic_rem(widened)=0.000000 → cannot exceed 0.
[ 95.611s] PRUNE: margin=-7.875000, optimistic_rem(widened)=0.000000 → cannot exceed 0.
[ 96.008s] PRUNE: margin=-7.875000, optimistic_rem(widened)=0.000000 → cannot exceed 0.
[ 96.207s] PRUNE: margin=-7.875000, optimistic_rem(widened)=0.000000 → cannot exceed 0.
[ 96.405s] PRUNE: margin=-7.875000, optimistic_rem(widened)=0.000000 → cannot exceed 0.
[ 96.603s] PRUNE: margin=-7.875000, optimistic_rem(widened)=0.000000 → cannot exceed 0.
[ 97.000s] PRUNE: margin=-7.875000, optimistic_rem(widened)=0.000000 → cannot exceed 0.
[ 97.199s] PRUNE: margin=-7.875000, optimistic_rem(widened)=0.000000 → cannot exceed 0.
[ 97.397s] PRUNE: margin=-7.875000, optimistic_rem(widened)=0.000000 → cannot exceed 0.
[ 97.794s] PRUNE: margin=-7.875000, optimistic_rem(widened)=0.000000 → cannot exceed 0.
[ 97.992s] PRUNE: margin=-7.875000, optimistic_rem(widened)=0.000000 → cannot exceed 0.
[ 98.389s] PRUNE: margin=-7.875000, optimistic_rem(widened)=0.000000 → cannot exceed 0.
[101.857s] PRUNE: margin=-7.875000, optimistic_rem(widened)=0.000000 → cannot exceed 0.
[102.056s] PRUNE: margin=-7.875000, optimistic_rem(widened)=0.000000 → cannot exceed 0.
[102.254s] PRUNE: margin=-7.875000, optimistic_rem(widened)=0.000000 → cannot exceed 0.
[102.452s] PRUNE: margin=-7.875000, optimistic_rem(widened)=0.000000 → cannot exceed 0.
[102.650s] PRUNE: margin=-7.875000, optimistic_rem(widened)=0.000000 → cannot exceed 0.
[102.849s] PRUNE: margin=-7.875000, optimistic_rem(widened)=0.000000 → cannot exceed 0.
[104.929s] PRUNE: margin=-7.875000, optimistic_rem(widened)=0.000000 → cannot exceed 0.
[105.128s] PRUNE: margin=-7.875000, optimistic_rem(widened)=0.000000 → cannot exceed 0.
[105.326s] PRUNE: margin=-7.875000, optimistic_rem(widened)=0.000000 → cannot exceed 0.
[105.525s] PRUNE: margin=-7.875000, optimistic_rem(widened)=0.000000 → cannot exceed 0.
[105.723s] PRUNE: margin=-7.875000, optimistic_rem(widened)=0.000000 → cannot exceed 0.
[105.921s] PRUNE: margin=-7.875000, optimistic_rem(widened)=0.000000 → cannot exceed 0.
[107.110s] PRUNE: margin=-7.875000, optimistic_rem(widened)=0.000000 → cannot exceed 0.
[107.308s] PRUNE: margin=-7.875000, optimistic_rem(widened)=0.000000 → cannot exceed 0.
[107.506s] PRUNE: margin=-7.875000, optimistic_rem(widened)=0.000000 → cannot exceed 0.
[107.705s] PRUNE: margin=-7.875000, optimistic_rem(widened)=0.000000 → cannot exceed 0.
[107.903s] PRUNE: margin=-7.875000, optimistic_rem(widened)=0.000000 → cannot exceed 0.
[108.101s] PRUNE: margin=-7.875000, optimistic_rem(widened)=0.000000 → cannot exceed 0.
[108.497s] PRUNE: margin=-7.875000, optimistic_rem(widened)=0.000000 → cannot exceed 0.
[108.695s] PRUNE: margin=-7.875000, optimistic_rem(widened)=0.000000 → cannot exceed 0.
[108.894s] PRUNE: margin=-7.875000, optimistic_rem(widened)=0.000000 → cannot exceed 0.
[109.092s] PRUNE: margin=-7.875000, optimistic_rem(widened)=0.000000 → cannot exceed 0.
[109.290s] PRUNE: margin=-7.875000, optimistic_rem(widened)=0.000000 → cannot exceed 0.
[109.488s] PRUNE: margin=-7.875000, optimistic_rem(widened)=0.000000 → cannot exceed 0.
[109.885s] PRUNE: margin=-7.875000, optimistic_rem(widened)=0.000000 → cannot exceed 0.
[110.083s] PRUNE: margin=-7.875000, optimistic_rem(widened)=0.000000 → cannot exceed 0.
[110.281s] PRUNE: margin=-7.875000, optimistic_rem(widened)=0.000000 → cannot exceed 0.
[110.480s] PRUNE: margin=-7.875000, optimistic_rem(widened)=0.000000 → cannot exceed 0.
[110.678s] PRUNE: margin=-7.875000, optimistic_rem(widened)=0.000000 → cannot exceed 0.
[111.074s] PRUNE: margin=-7.875000, optimistic_rem(widened)=0.000000 → cannot exceed 0.
[111.273s] PRUNE: margin=-7.875000, optimistic_rem(widened)=0.000000 → cannot exceed 0.
[111.471s] PRUNE: margin=-7.875000, optimistic_rem(widened)=0.000000 → cannot exceed 0.
[111.669s] PRUNE: margin=-7.875000, optimistic_rem(widened)=0.000000 → cannot exceed 0.
[112.066s] PRUNE: margin=-7.875000, optimistic_rem(widened)=0.000000 → cannot exceed 0.
[112.264s] PRUNE: margin=-7.875000, optimistic_rem(widened)=0.000000 → cannot exceed 0.
[112.463s] PRUNE: margin=-7.875000, optimistic_rem(widened)=0.000000 → cannot exceed 0.
[112.859s] PRUNE: margin=-7.875000, optimistic_rem(widened)=0.000000 → cannot exceed 0.
[113.057s] PRUNE: margin=-7.875000, optimistic_rem(widened)=0.000000 → cannot exceed 0.
[113.454s] PRUNE: margin=-7.875000, optimistic_rem(widened)=0.000000 → cannot exceed 0.
[115.445s] PRUNE: margin=-7.875000, optimistic_rem(widened)=0.000000 → cannot exceed 0.
[115.569s] PRUNE: margin=-7.875000, optimistic_rem(widened)=0.000000 → cannot exceed 0.
[115.699s] PRUNE: margin=-7.875000, optimistic_rem(widened)=0.000000 → cannot exceed 0.
[115.837s] PRUNE: margin=-7.875000, optimistic_rem(widened)=0.000000 → cannot exceed 0.
[115.967s] PRUNE: margin=-7.875000, optimistic_rem(widened)=0.000000 → cannot exceed 0.
[116.094s] PRUNE: margin=-7.875000, optimistic_rem(widened)=0.000000 → cannot exceed 0.
[116.911s] PRUNE: margin=-7.875000, optimistic_rem(widened)=0.000000 → cannot exceed 0.
[117.051s] PRUNE: margin=-7.875000, optimistic_rem(widened)=0.000000 → cannot exceed 0.
[117.181s] PRUNE: margin=-7.875000, optimistic_rem(widened)=0.000000 → cannot exceed 0.
[117.317s] PRUNE: margin=-7.875000, optimistic_rem(widened)=0.000000 → cannot exceed 0.
[117.517s] PRUNE: margin=-7.875000, optimistic_rem(widened)=0.000000 → cannot exceed 0.
[117.715s] PRUNE: margin=-7.875000, optimistic_rem(widened)=0.000000 → cannot exceed 0.
[118.111s] PRUNE: margin=-7.875000, optimistic_rem(widened)=0.000000 → cannot exceed 0.
[118.308s] PRUNE: margin=-7.875000, optimistic_rem(widened)=0.000000 → cannot exceed 0.
[118.506s] PRUNE: margin=-7.875000, optimistic_rem(widened)=0.000000 → cannot exceed 0.
[118.704s] PRUNE: margin=-7.875000, optimistic_rem(widened)=0.000000 → cannot exceed 0.
[118.902s] PRUNE: margin=-7.875000, optimistic_rem(widened)=0.000000 → cannot exceed 0.
[119.100s] PRUNE: margin=-7.875000, optimistic_rem(widened)=0.000000 → cannot exceed 0.
[119.498s] PRUNE: margin=-7.875000, optimistic_rem(widened)=0.000000 → cannot exceed 0.
[119.696s] PRUNE: margin=-7.875000, optimistic_rem(widened)=0.000000 → cannot exceed 0.
[119.894s] PRUNE: margin=-7.875000, optimistic_rem(widened)=0.000000 → cannot exceed 0.
[120.093s] PRUNE: margin=-7.875000, optimistic_rem(widened)=0.000000 → cannot exceed 0.
[120.291s] PRUNE: margin=-7.875000, optimistic_rem(widened)=0.000000 → cannot exceed 0.
[120.687s] PRUNE: margin=-7.875000, optimistic_rem(widened)=0.000000 → cannot exceed 0.
[120.885s] PRUNE: margin=-7.875000, optimistic_rem(widened)=0.000000 → cannot exceed 0.
[121.083s] PRUNE: margin=-7.875000, optimistic_rem(widened)=0.000000 → cannot exceed 0.
[121.281s] PRUNE: margin=-7.875000, optimistic_rem(widened)=0.000000 → cannot exceed 0.
[121.677s] PRUNE: margin=-7.875000, optimistic_rem(widened)=0.000000 → cannot exceed 0.
[121.876s] PRUNE: margin=-7.875000, optimistic_rem(widened)=0.000000 → cannot exceed 0.
[122.074s] PRUNE: margin=-7.875000, optimistic_rem(widened)=0.000000 → cannot exceed 0.
[122.471s] PRUNE: margin=-7.875000, optimistic_rem(widened)=0.000000 → cannot exceed 0.
[122.669s] PRUNE: margin=-7.875000, optimistic_rem(widened)=0.000000 → cannot exceed 0.
[123.065s] PRUNE: margin=-7.875000, optimistic_rem(widened)=0.000000 → cannot exceed 0.
[124.651s] PRUNE: margin=-7.875000, optimistic_rem(widened)=0.000000 → cannot exceed 0.
[124.848s] PRUNE: margin=-7.875000, optimistic_rem(widened)=0.000000 → cannot exceed 0.
[125.046s] PRUNE: margin=-7.875000, optimistic_rem(widened)=0.000000 → cannot exceed 0.
[125.245s] PRUNE: margin=-7.875000, optimistic_rem(widened)=0.000000 → cannot exceed 0.
[125.445s] PRUNE: margin=-7.875000, optimistic_rem(widened)=0.000000 → cannot exceed 0.
[125.642s] PRUNE: margin=-7.875000, optimistic_rem(widened)=0.000000 → cannot exceed 0.
[126.038s] PRUNE: margin=-7.875000, optimistic_rem(widened)=0.000000 → cannot exceed 0.
[126.236s] PRUNE: margin=-7.875000, optimistic_rem(widened)=0.000000 → cannot exceed 0.
[126.436s] PRUNE: margin=-7.875000, optimistic_rem(widened)=0.000000 → cannot exceed 0.
[126.634s] PRUNE: margin=-7.875000, optimistic_rem(widened)=0.000000 → cannot exceed 0.
[126.831s] PRUNE: margin=-7.875000, optimistic_rem(widened)=0.000000 → cannot exceed 0.
[127.029s] PRUNE: margin=-7.875000, optimistic_rem(widened)=0.000000 → cannot exceed 0.
[127.425s] PRUNE: margin=-7.875000, optimistic_rem(widened)=0.000000 → cannot exceed 0.
[127.623s] PRUNE: margin=-7.875000, optimistic_rem(widened)=0.000000 → cannot exceed 0.
[127.821s] PRUNE: margin=-7.875000, optimistic_rem(widened)=0.000000 → cannot exceed 0.
[128.019s] PRUNE: margin=-7.875000, optimistic_rem(widened)=0.000000 → cannot exceed 0.
[128.217s] PRUNE: margin=-7.875000, optimistic_rem(widened)=0.000000 → cannot exceed 0.
[128.613s] PRUNE: margin=-7.875000, optimistic_rem(widened)=0.000000 → cannot exceed 0.
[128.811s] PRUNE: margin=-7.875000, optimistic_rem(widened)=0.000000 → cannot exceed 0.
[129.009s] PRUNE: margin=-7.875000, optimistic_rem(widened)=0.000000 → cannot exceed 0.
[129.207s] PRUNE: margin=-7.875000, optimistic_rem(widened)=0.000000 → cannot exceed 0.
[129.603s] PRUNE: margin=-7.875000, optimistic_rem(widened)=0.000000 → cannot exceed 0.
[129.801s] PRUNE: margin=-7.875000, optimistic_rem(widened)=0.000000 → cannot exceed 0.
[129.999s] PRUNE: margin=-7.875000, optimistic_rem(widened)=0.000000 → cannot exceed 0.
[130.395s] PRUNE: margin=-7.875000, optimistic_rem(widened)=0.000000 → cannot exceed 0.
[130.593s] PRUNE: margin=-7.875000, optimistic_rem(widened)=0.000000 → cannot exceed 0.
[130.991s] PRUNE: margin=-7.875000, optimistic_rem(widened)=0.000000 → cannot exceed 0.
[131.782s] PRUNE: margin=-5.343750, optimistic_rem(widened)=0.000000 → cannot exceed 0.
[131.980s] PRUNE: margin=-7.875000, optimistic_rem(widened)=0.000000 → cannot exceed 0.
[132.178s] PRUNE: margin=-7.875000, optimistic_rem(widened)=0.000000 → cannot exceed 0.
[132.376s] PRUNE: margin=-7.875000, optimistic_rem(widened)=0.000000 → cannot exceed 0.
[132.574s] PRUNE: margin=-7.875000, optimistic_rem(widened)=0.000000 → cannot exceed 0.
[132.771s] PRUNE: margin=-7.875000, optimistic_rem(widened)=0.000000 → cannot exceed 0.
[133.167s] PRUNE: margin=-7.875000, optimistic_rem(widened)=0.000000 → cannot exceed 0.
[133.365s] PRUNE: margin=-7.875000, optimistic_rem(widened)=0.000000 → cannot exceed 0.
[133.564s] PRUNE: margin=-7.875000, optimistic_rem(widened)=0.000000 → cannot exceed 0.
[133.762s] PRUNE: margin=-7.875000, optimistic_rem(widened)=0.000000 → cannot exceed 0.
[133.960s] PRUNE: margin=-7.875000, optimistic_rem(widened)=0.000000 → cannot exceed 0.
[134.356s] PRUNE: margin=-7.875000, optimistic_rem(widened)=0.000000 → cannot exceed 0.
[134.554s] PRUNE: margin=-7.875000, optimistic_rem(widened)=0.000000 → cannot exceed 0.
[134.752s] PRUNE: margin=-7.875000, optimistic_rem(widened)=0.000000 → cannot exceed 0.
[134.950s] PRUNE: margin=-7.875000, optimistic_rem(widened)=0.000000 → cannot exceed 0.
[135.346s] PRUNE: margin=-7.875000, optimistic_rem(widened)=0.000000 → cannot exceed 0.
[135.544s] PRUNE: margin=-7.875000, optimistic_rem(widened)=0.000000 → cannot exceed 0.
[135.742s] PRUNE: margin=-7.875000, optimistic_rem(widened)=0.000000 → cannot exceed 0.
[136.137s] PRUNE: margin=-7.875000, optimistic_rem(widened)=0.000000 → cannot exceed 0.
[136.335s] PRUNE: margin=-7.875000, optimistic_rem(widened)=0.000000 → cannot exceed 0.
[136.730s] PRUNE: margin=-7.875000, optimistic_rem(widened)=0.000000 → cannot exceed 0.
[137.524s] PRUNE: margin=-7.875000, optimistic_rem(widened)=0.000000 → cannot exceed 0.
[137.722s] PRUNE: margin=-7.875000, optimistic_rem(widened)=0.000000 → cannot exceed 0.
[137.921s] PRUNE: margin=-7.875000, optimistic_rem(widened)=0.000000 → cannot exceed 0.
[138.120s] PRUNE: margin=-7.875000, optimistic_rem(widened)=0.000000 → cannot exceed 0.
[138.319s] PRUNE: margin=-7.875000, optimistic_rem(widened)=0.000000 → cannot exceed 0.
[138.716s] PRUNE: margin=-7.875000, optimistic_rem(widened)=0.000000 → cannot exceed 0.
[138.914s] PRUNE: margin=-7.875000, optimistic_rem(widened)=0.000000 → cannot exceed 0.
[139.113s] PRUNE: margin=-7.875000, optimistic_rem(widened)=0.000000 → cannot exceed 0.
[139.311s] PRUNE: margin=-7.875000, optimistic_rem(widened)=0.000000 → cannot exceed 0.
[139.708s] PRUNE: margin=-7.875000, optimistic_rem(widened)=0.000000 → cannot exceed 0.
[139.907s] PRUNE: margin=-7.875000, optimistic_rem(widened)=0.000000 → cannot exceed 0.
[140.106s] PRUNE: margin=-7.875000, optimistic_rem(widened)=0.000000 → cannot exceed 0.
[140.503s] PRUNE: margin=-7.875000, optimistic_rem(widened)=0.000000 → cannot exceed 0.
[140.701s] PRUNE: margin=-7.875000, optimistic_rem(widened)=0.000000 → cannot exceed 0.
[141.098s] PRUNE: margin=-7.875000, optimistic_rem(widened)=0.000000 → cannot exceed 0.
[141.896s] PRUNE: margin=-7.875000, optimistic_rem(widened)=0.000000 → cannot exceed 0.
[142.094s] PRUNE: margin=-7.875000, optimistic_rem(widened)=0.000000 → cannot exceed 0.
[142.293s] PRUNE: margin=-7.875000, optimistic_rem(widened)=0.000000 → cannot exceed 0.
[142.492s] PRUNE: margin=-7.875000, optimistic_rem(widened)=0.000000 → cannot exceed 0.
[142.889s] PRUNE: margin=-7.875000, optimistic_rem(widened)=0.000000 → cannot exceed 0.
[143.088s] PRUNE: margin=-7.875000, optimistic_rem(widened)=0.000000 → cannot exceed 0.
[143.287s] PRUNE: margin=-7.875000, optimistic_rem(widened)=0.000000 → cannot exceed 0.
[143.684s] PRUNE: margin=-7.875000, optimistic_rem(widened)=0.000000 → cannot exceed 0.
[143.883s] PRUNE: margin=-7.875000, optimistic_rem(widened)=0.000000 → cannot exceed 0.
[144.280s] PRUNE: margin=-7.875000, optimistic_rem(widened)=0.000000 → cannot exceed 0.
[145.075s] PRUNE: margin=-7.875000, optimistic_rem(widened)=0.000000 → cannot exceed 0.
[145.274s] PRUNE: margin=-7.875000, optimistic_rem(widened)=0.000000 → cannot exceed 0.
[145.472s] PRUNE: margin=-7.875000, optimistic_rem(widened)=0.000000 → cannot exceed 0.
[145.870s] PRUNE: margin=-7.875000, optimistic_rem(widened)=0.000000 → cannot exceed 0.
[146.068s] PRUNE: margin=-7.875000, optimistic_rem(widened)=0.000000 → cannot exceed 0.
[146.466s] PRUNE: margin=-7.875000, optimistic_rem(widened)=0.000000 → cannot exceed 0.
[147.111s] PRUNE: margin=-7.875000, optimistic_rem(widened)=0.000000 → cannot exceed 0.
[147.238s] PRUNE: margin=-7.875000, optimistic_rem(widened)=0.000000 → cannot exceed 0.
[147.504s] PRUNE: margin=-7.875000, optimistic_rem(widened)=0.000000 → cannot exceed 0.
[148.050s] PRUNE: margin=-7.875000, optimistic_rem(widened)=0.000000 → cannot exceed 0.
[152.943s] PRUNE: margin=-7.875000, optimistic_rem(widened)=0.000000 → cannot exceed 0.
[153.141s] PRUNE: margin=-7.875000, optimistic_rem(widened)=0.000000 → cannot exceed 0.
[153.340s] PRUNE: margin=-7.875000, optimistic_rem(widened)=0.000000 → cannot exceed 0.
[153.538s] PRUNE: margin=-7.875000, optimistic_rem(widened)=0.000000 → cannot exceed 0.
[153.737s] PRUNE: margin=-7.875000, optimistic_rem(widened)=0.000000 → cannot exceed 0.
[153.936s] PRUNE: margin=-7.875000, optimistic_rem(widened)=0.000000 → cannot exceed 0.
[154.134s] PRUNE: margin=-7.875000, optimistic_rem(widened)=0.000000 → cannot exceed 0.
[154.333s] PRUNE: margin=-7.875000, optimistic_rem(widened)=0.000000 → cannot exceed 0.
[158.005s] PRUNE: margin=-7.875000, optimistic_rem(widened)=0.000000 → cannot exceed 0.
[158.203s] PRUNE: margin=-7.875000, optimistic_rem(widened)=0.000000 → cannot exceed 0.
[158.402s] PRUNE: margin=-7.875000, optimistic_rem(widened)=0.000000 → cannot exceed 0.
[158.600s] PRUNE: margin=-7.875000, optimistic_rem(widened)=0.000000 → cannot exceed 0.
[158.799s] PRUNE: margin=-7.875000, optimistic_rem(widened)=0.000000 → cannot exceed 0.
[158.997s] PRUNE: margin=-7.875000, optimistic_rem(widened)=0.000000 → cannot exceed 0.
[159.196s] PRUNE: margin=-7.875000, optimistic_rem(widened)=0.000000 → cannot exceed 0.
[159.394s] PRUNE: margin=-7.875000, optimistic_rem(widened)=0.000000 → cannot exceed 0.
[161.875s] PRUNE: margin=-7.875000, optimistic_rem(widened)=0.000000 → cannot exceed 0.
[162.074s] PRUNE: margin=-7.875000, optimistic_rem(widened)=0.000000 → cannot exceed 0.
[162.272s] PRUNE: margin=-7.875000, optimistic_rem(widened)=0.000000 → cannot exceed 0.
[162.471s] PRUNE: margin=-7.875000, optimistic_rem(widened)=0.000000 → cannot exceed 0.
[162.669s] PRUNE: margin=-7.875000, optimistic_rem(widened)=0.000000 → cannot exceed 0.
[162.868s] PRUNE: margin=-7.875000, optimistic_rem(widened)=0.000000 → cannot exceed 0.
[163.066s] PRUNE: margin=-7.875000, optimistic_rem(widened)=0.000000 → cannot exceed 0.
[163.265s] PRUNE: margin=-7.875000, optimistic_rem(widened)=0.000000 → cannot exceed 0.
[164.650s] PRUNE: margin=-7.875000, optimistic_rem(widened)=0.000000 → cannot exceed 0.
[164.847s] PRUNE: margin=-7.875000, optimistic_rem(widened)=0.000000 → cannot exceed 0.
[165.044s] PRUNE: margin=-7.875000, optimistic_rem(widened)=0.000000 → cannot exceed 0.
[165.241s] PRUNE: margin=-7.875000, optimistic_rem(widened)=0.000000 → cannot exceed 0.
[165.438s] PRUNE: margin=-7.875000, optimistic_rem(widened)=0.000000 → cannot exceed 0.
[165.636s] PRUNE: margin=-7.875000, optimistic_rem(widened)=0.000000 → cannot exceed 0.
[165.833s] PRUNE: margin=-7.875000, optimistic_rem(widened)=0.000000 → cannot exceed 0.
[166.030s] PRUNE: margin=-7.875000, optimistic_rem(widened)=0.000000 → cannot exceed 0.
[166.424s] PRUNE: margin=-7.875000, optimistic_rem(widened)=0.000000 → cannot exceed 0.
[166.621s] PRUNE: margin=-7.875000, optimistic_rem(widened)=0.000000 → cannot exceed 0.
[166.818s] PRUNE: margin=-7.875000, optimistic_rem(widened)=0.000000 → cannot exceed 0.
[167.016s] PRUNE: margin=-7.875000, optimistic_rem(widened)=0.000000 → cannot exceed 0.
[167.213s] PRUNE: margin=-7.875000, optimistic_rem(widened)=0.000000 → cannot exceed 0.
[167.410s] PRUNE: margin=-7.875000, optimistic_rem(widened)=0.000000 → cannot exceed 0.
[167.607s] PRUNE: margin=-7.875000, optimistic_rem(widened)=0.000000 → cannot exceed 0.
[167.805s] PRUNE: margin=-7.875000, optimistic_rem(widened)=0.000000 → cannot exceed 0.
[168.100s] PRUNE: margin=-7.875000, optimistic_rem(widened)=0.500000 → cannot exceed 0.
[168.298s] PRUNE: margin=-7.875000, optimistic_rem(widened)=0.500000 → cannot exceed 0.
[168.495s] PRUNE: margin=-7.875000, optimistic_rem(widened)=0.500000 → cannot exceed 0.
[168.692s] PRUNE: margin=-7.875000, optimistic_rem(widened)=0.500000 → cannot exceed 0.
[168.892s] PRUNE: margin=-7.875000, optimistic_rem(widened)=0.500000 → cannot exceed 0.
[169.092s] PRUNE: margin=-7.875000, optimistic_rem(widened)=0.500000 → cannot exceed 0.
[169.291s] PRUNE: margin=-7.875000, optimistic_rem(widened)=0.000000 → cannot exceed 0.
[173.263s] PRUNE: margin=-7.875000, optimistic_rem(widened)=0.000000 → cannot exceed 0.
[173.462s] PRUNE: margin=-7.875000, optimistic_rem(widened)=0.000000 → cannot exceed 0.
[173.660s] PRUNE: margin=-7.875000, optimistic_rem(widened)=0.000000 → cannot exceed 0.
[173.859s] PRUNE: margin=-7.875000, optimistic_rem(widened)=0.000000 → cannot exceed 0.
[174.059s] PRUNE: margin=-7.875000, optimistic_rem(widened)=0.000000 → cannot exceed 0.
[174.258s] PRUNE: margin=-7.875000, optimistic_rem(widened)=0.000000 → cannot exceed 0.
[174.457s] PRUNE: margin=-7.875000, optimistic_rem(widened)=0.000000 → cannot exceed 0.
[174.655s] PRUNE: margin=-7.875000, optimistic_rem(widened)=0.000000 → cannot exceed 0.
[177.139s] PRUNE: margin=-7.875000, optimistic_rem(widened)=0.000000 → cannot exceed 0.
[177.337s] PRUNE: margin=-7.875000, optimistic_rem(widened)=0.000000 → cannot exceed 0.
[177.536s] PRUNE: margin=-7.875000, optimistic_rem(widened)=0.000000 → cannot exceed 0.
[177.734s] PRUNE: margin=-7.875000, optimistic_rem(widened)=0.000000 → cannot exceed 0.
[177.933s] PRUNE: margin=-7.875000, optimistic_rem(widened)=0.000000 → cannot exceed 0.
[178.132s] PRUNE: margin=-7.875000, optimistic_rem(widened)=0.000000 → cannot exceed 0.
[178.331s] PRUNE: margin=-7.875000, optimistic_rem(widened)=0.000000 → cannot exceed 0.
[178.529s] PRUNE: margin=-7.875000, optimistic_rem(widened)=0.000000 → cannot exceed 0.
[179.920s] PRUNE: margin=-7.875000, optimistic_rem(widened)=0.000000 → cannot exceed 0.
[180.118s] PRUNE: margin=-7.875000, optimistic_rem(widened)=0.000000 → cannot exceed 0.
[180.317s] PRUNE: margin=-7.875000, optimistic_rem(widened)=0.000000 → cannot exceed 0.
[180.515s] PRUNE: margin=-7.875000, optimistic_rem(widened)=0.000000 → cannot exceed 0.
[180.714s] PRUNE: margin=-7.875000, optimistic_rem(widened)=0.000000 → cannot exceed 0.
[180.912s] PRUNE: margin=-7.875000, optimistic_rem(widened)=0.000000 → cannot exceed 0.
[181.111s] PRUNE: margin=-7.875000, optimistic_rem(widened)=0.000000 → cannot exceed 0.
[181.310s] PRUNE: margin=-7.875000, optimistic_rem(widened)=0.000000 → cannot exceed 0.
[181.707s] PRUNE: margin=-7.875000, optimistic_rem(widened)=0.000000 → cannot exceed 0.
[181.905s] PRUNE: margin=-7.875000, optimistic_rem(widened)=0.000000 → cannot exceed 0.
[182.104s] PRUNE: margin=-7.875000, optimistic_rem(widened)=0.000000 → cannot exceed 0.
[182.303s] PRUNE: margin=-7.875000, optimistic_rem(widened)=0.000000 → cannot exceed 0.
[182.502s] PRUNE: margin=-7.875000, optimistic_rem(widened)=0.000000 → cannot exceed 0.
[182.700s] PRUNE: margin=-7.875000, optimistic_rem(widened)=0.000000 → cannot exceed 0.
[182.899s] PRUNE: margin=-7.875000, optimistic_rem(widened)=0.000000 → cannot exceed 0.
[183.098s] PRUNE: margin=-7.875000, optimistic_rem(widened)=0.000000 → cannot exceed 0.
[183.396s] PRUNE: margin=-7.875000, optimistic_rem(widened)=0.500000 → cannot exceed 0.
[183.594s] PRUNE: margin=-7.875000, optimistic_rem(widened)=0.500000 → cannot exceed 0.
[183.793s] PRUNE: margin=-7.875000, optimistic_rem(widened)=0.500000 → cannot exceed 0.
[183.991s] PRUNE: margin=-7.875000, optimistic_rem(widened)=0.500000 → cannot exceed 0.
[184.190s] PRUNE: margin=-7.875000, optimistic_rem(widened)=0.500000 → cannot exceed 0.
[184.389s] PRUNE: margin=-7.875000, optimistic_rem(widened)=0.500000 → cannot exceed 0.
[184.588s] PRUNE: margin=-7.875000, optimistic_rem(widened)=0.000000 → cannot exceed 0.
[187.368s] PRUNE: margin=-7.875000, optimistic_rem(widened)=0.000000 → cannot exceed 0.
[187.566s] PRUNE: margin=-7.875000, optimistic_rem(widened)=0.000000 → cannot exceed 0.
[187.767s] PRUNE: margin=-7.875000, optimistic_rem(widened)=0.000000 → cannot exceed 0.
[187.965s] PRUNE: margin=-7.875000, optimistic_rem(widened)=0.000000 → cannot exceed 0.
[188.164s] PRUNE: margin=-7.875000, optimistic_rem(widened)=0.000000 → cannot exceed 0.
[188.363s] PRUNE: margin=-7.875000, optimistic_rem(widened)=0.000000 → cannot exceed 0.
[188.561s] PRUNE: margin=-7.875000, optimistic_rem(widened)=0.000000 → cannot exceed 0.
[188.760s] PRUNE: margin=-7.875000, optimistic_rem(widened)=0.000000 → cannot exceed 0.
[190.151s] PRUNE: margin=-7.875000, optimistic_rem(widened)=0.000000 → cannot exceed 0.
[190.350s] PRUNE: margin=-7.875000, optimistic_rem(widened)=0.000000 → cannot exceed 0.
[190.549s] PRUNE: margin=-7.875000, optimistic_rem(widened)=0.000000 → cannot exceed 0.
[190.747s] PRUNE: margin=-7.875000, optimistic_rem(widened)=0.000000 → cannot exceed 0.
[190.946s] PRUNE: margin=-7.875000, optimistic_rem(widened)=0.000000 → cannot exceed 0.
[191.145s] PRUNE: margin=-7.875000, optimistic_rem(widened)=0.000000 → cannot exceed 0.
[191.343s] PRUNE: margin=-7.875000, optimistic_rem(widened)=0.000000 → cannot exceed 0.
[191.542s] PRUNE: margin=-7.875000, optimistic_rem(widened)=0.000000 → cannot exceed 0.
[191.939s] PRUNE: margin=-7.875000, optimistic_rem(widened)=0.000000 → cannot exceed 0.
[192.138s] PRUNE: margin=-7.875000, optimistic_rem(widened)=0.000000 → cannot exceed 0.
[192.336s] PRUNE: margin=-7.875000, optimistic_rem(widened)=0.000000 → cannot exceed 0.
[192.535s] PRUNE: margin=-7.875000, optimistic_rem(widened)=0.000000 → cannot exceed 0.
[192.734s] PRUNE: margin=-7.875000, optimistic_rem(widened)=0.000000 → cannot exceed 0.
[192.914s] PRUNE: margin=-7.875000, optimistic_rem(widened)=0.000000 → cannot exceed 0.
[193.062s] PRUNE: margin=-7.875000, optimistic_rem(widened)=0.000000 → cannot exceed 0.
[193.206s] PRUNE: margin=-7.875000, optimistic_rem(widened)=0.000000 → cannot exceed 0.
[193.482s] PRUNE: margin=-7.875000, optimistic_rem(widened)=0.500000 → cannot exceed 0.
[193.680s] PRUNE: margin=-7.875000, optimistic_rem(widened)=0.500000 → cannot exceed 0.
[193.878s] PRUNE: margin=-7.875000, optimistic_rem(widened)=0.500000 → cannot exceed 0.
[194.076s] PRUNE: margin=-7.875000, optimistic_rem(widened)=0.500000 → cannot exceed 0.
[194.274s] PRUNE: margin=-7.875000, optimistic_rem(widened)=0.500000 → cannot exceed 0.
[194.473s] PRUNE: margin=-7.875000, optimistic_rem(widened)=0.500000 → cannot exceed 0.
[194.687s] PRUNE: margin=-7.875000, optimistic_rem(widened)=0.500000 → cannot exceed 0.
[196.377s] PRUNE: margin=-7.875000, optimistic_rem(widened)=0.000000 → cannot exceed 0.
[196.575s] PRUNE: margin=-7.875000, optimistic_rem(widened)=0.000000 → cannot exceed 0.
[196.773s] PRUNE: margin=-7.875000, optimistic_rem(widened)=0.000000 → cannot exceed 0.
[196.972s] PRUNE: margin=-7.875000, optimistic_rem(widened)=0.000000 → cannot exceed 0.
[197.172s] PRUNE: margin=-7.875000, optimistic_rem(widened)=0.000000 → cannot exceed 0.
[197.370s] PRUNE: margin=-7.875000, optimistic_rem(widened)=0.000000 → cannot exceed 0.
[197.568s] PRUNE: margin=-7.875000, optimistic_rem(widened)=0.000000 → cannot exceed 0.
[197.766s] PRUNE: margin=-7.875000, optimistic_rem(widened)=0.000000 → cannot exceed 0.
[198.163s] PRUNE: margin=-7.875000, optimistic_rem(widened)=0.000000 → cannot exceed 0.
[198.361s] PRUNE: margin=-7.875000, optimistic_rem(widened)=0.000000 → cannot exceed 0.
[198.560s] PRUNE: margin=-7.875000, optimistic_rem(widened)=0.000000 → cannot exceed 0.
[198.758s] PRUNE: margin=-7.875000, optimistic_rem(widened)=0.000000 → cannot exceed 0.
[198.956s] PRUNE: margin=-7.875000, optimistic_rem(widened)=0.000000 → cannot exceed 0.
[199.155s] PRUNE: margin=-7.875000, optimistic_rem(widened)=0.000000 → cannot exceed 0.
[199.353s] PRUNE: margin=-7.875000, optimistic_rem(widened)=0.000000 → cannot exceed 0.
[199.551s] PRUNE: margin=-7.875000, optimistic_rem(widened)=0.000000 → cannot exceed 0.
[199.849s] PRUNE: margin=-7.875000, optimistic_rem(widened)=0.500000 → cannot exceed 0.
[200.047s] PRUNE: margin=-7.875000, optimistic_rem(widened)=0.500000 → cannot exceed 0.
[200.245s] PRUNE: margin=-7.875000, optimistic_rem(widened)=0.500000 → cannot exceed 0.
[200.443s] PRUNE: margin=-7.875000, optimistic_rem(widened)=0.500000 → cannot exceed 0.
[200.642s] PRUNE: margin=-7.875000, optimistic_rem(widened)=0.500000 → cannot exceed 0.
[200.840s] PRUNE: margin=-7.875000, optimistic_rem(widened)=0.500000 → cannot exceed 0.
[201.038s] PRUNE: margin=-7.875000, optimistic_rem(widened)=0.500000 → cannot exceed 0.
[201.732s] PRUNE: margin=-7.875000, optimistic_rem(widened)=0.000000 → cannot exceed 0.
[201.930s] PRUNE: margin=-7.875000, optimistic_rem(widened)=0.000000 → cannot exceed 0.
[202.128s] PRUNE: margin=-7.875000, optimistic_rem(widened)=0.000000 → cannot exceed 0.
[202.327s] PRUNE: margin=-7.875000, optimistic_rem(widened)=0.000000 → cannot exceed 0.
[202.525s] PRUNE: margin=-7.875000, optimistic_rem(widened)=0.000000 → cannot exceed 0.
[202.723s] PRUNE: margin=-7.875000, optimistic_rem(widened)=0.000000 → cannot exceed 0.
[202.922s] PRUNE: margin=-7.875000, optimistic_rem(widened)=0.000000 → cannot exceed 0.
[203.120s] PRUNE: margin=-7.875000, optimistic_rem(widened)=0.000000 → cannot exceed 0.
[203.417s] PRUNE: margin=-7.875000, optimistic_rem(widened)=0.500000 → cannot exceed 0.
[203.615s] PRUNE: margin=-7.875000, optimistic_rem(widened)=0.500000 → cannot exceed 0.
[203.814s] PRUNE: margin=-7.875000, optimistic_rem(widened)=0.500000 → cannot exceed 0.
[204.012s] PRUNE: margin=-7.875000, optimistic_rem(widened)=0.500000 → cannot exceed 0.
[204.210s] PRUNE: margin=-7.875000, optimistic_rem(widened)=0.500000 → cannot exceed 0.
[204.409s] PRUNE: margin=-7.875000, optimistic_rem(widened)=0.500000 → cannot exceed 0.
[204.607s] PRUNE: margin=-7.875000, optimistic_rem(widened)=0.500000 → cannot exceed 0.
[205.202s] PRUNE: margin=-7.875000, optimistic_rem(widened)=0.500000 → cannot exceed 0.
[205.400s] PRUNE: margin=-7.875000, optimistic_rem(widened)=0.500000 → cannot exceed 0.
[205.598s] PRUNE: margin=-7.875000, optimistic_rem(widened)=0.500000 → cannot exceed 0.
[205.797s] PRUNE: margin=-7.875000, optimistic_rem(widened)=0.500000 → cannot exceed 0.
[205.995s] PRUNE: margin=-7.875000, optimistic_rem(widened)=0.500000 → cannot exceed 0.
[206.193s] PRUNE: margin=-7.875000, optimistic_rem(widened)=0.500000 → cannot exceed 0.
[206.491s] PRUNE: margin=-5.343750, optimistic_rem(widened)=0.000000 → cannot exceed 0.
[207.086s] PRUNE: margin=-7.875000, optimistic_rem(widened)=0.500000 → cannot exceed 0.
[207.284s] PRUNE: margin=-7.875000, optimistic_rem(widened)=0.500000 → cannot exceed 0.
[207.482s] PRUNE: margin=-7.875000, optimistic_rem(widened)=0.500000 → cannot exceed 0.
[207.681s] PRUNE: margin=-7.875000, optimistic_rem(widened)=0.500000 → cannot exceed 0.
[207.879s] PRUNE: margin=-7.875000, optimistic_rem(widened)=0.500000 → cannot exceed 0.
[208.077s] PRUNE: margin=-7.875000, optimistic_rem(widened)=0.500000 → cannot exceed 0.
[208.276s] PRUNE: margin=-7.875000, optimistic_rem(widened)=0.000000 → cannot exceed 0.
[212.338s] PRUNE: margin=-7.875000, optimistic_rem(widened)=0.000000 → cannot exceed 0.
[212.537s] PRUNE: margin=-7.875000, optimistic_rem(widened)=0.000000 → cannot exceed 0.
[212.735s] PRUNE: margin=-7.875000, optimistic_rem(widened)=0.000000 → cannot exceed 0.
[212.933s] PRUNE: margin=-7.875000, optimistic_rem(widened)=0.000000 → cannot exceed 0.
[213.132s] PRUNE: margin=-7.875000, optimistic_rem(widened)=0.000000 → cannot exceed 0.
[213.330s] PRUNE: margin=-7.875000, optimistic_rem(widened)=0.000000 → cannot exceed 0.
[213.528s] PRUNE: margin=-7.875000, optimistic_rem(widened)=0.000000 → cannot exceed 0.
[213.727s] PRUNE: margin=-7.875000, optimistic_rem(widened)=0.000000 → cannot exceed 0.
[216.211s] PRUNE: margin=-7.875000, optimistic_rem(widened)=0.000000 → cannot exceed 0.
[216.410s] PRUNE: margin=-7.875000, optimistic_rem(widened)=0.000000 → cannot exceed 0.
[216.609s] PRUNE: margin=-7.875000, optimistic_rem(widened)=0.000000 → cannot exceed 0.
[216.807s] PRUNE: margin=-7.875000, optimistic_rem(widened)=0.000000 → cannot exceed 0.
[217.006s] PRUNE: margin=-7.875000, optimistic_rem(widened)=0.000000 → cannot exceed 0.
[217.205s] PRUNE: margin=-7.875000, optimistic_rem(widened)=0.000000 → cannot exceed 0.
[217.404s] PRUNE: margin=-7.875000, optimistic_rem(widened)=0.000000 → cannot exceed 0.
[217.603s] PRUNE: margin=-7.875000, optimistic_rem(widened)=0.000000 → cannot exceed 0.
[218.993s] PRUNE: margin=-7.875000, optimistic_rem(widened)=0.000000 → cannot exceed 0.
[219.192s] PRUNE: margin=-7.875000, optimistic_rem(widened)=0.000000 → cannot exceed 0.
[219.391s] PRUNE: margin=-7.875000, optimistic_rem(widened)=0.000000 → cannot exceed 0.
[219.590s] PRUNE: margin=-7.875000, optimistic_rem(widened)=0.000000 → cannot exceed 0.
[219.789s] PRUNE: margin=-7.875000, optimistic_rem(widened)=0.000000 → cannot exceed 0.
[219.987s] PRUNE: margin=-7.875000, optimistic_rem(widened)=0.000000 → cannot exceed 0.
[220.186s] PRUNE: margin=-7.875000, optimistic_rem(widened)=0.000000 → cannot exceed 0.
[220.385s] PRUNE: margin=-7.875000, optimistic_rem(widened)=0.000000 → cannot exceed 0.
[220.782s] PRUNE: margin=-7.875000, optimistic_rem(widened)=0.000000 → cannot exceed 0.
[220.913s] PRUNE: margin=-7.875000, optimistic_rem(widened)=0.000000 → cannot exceed 0.
[221.092s] PRUNE: margin=-7.875000, optimistic_rem(widened)=0.000000 → cannot exceed 0.
[221.279s] PRUNE: margin=-7.875000, optimistic_rem(widened)=0.000000 → cannot exceed 0.
[221.465s] PRUNE: margin=-7.875000, optimistic_rem(widened)=0.000000 → cannot exceed 0.
[221.607s] PRUNE: margin=-7.875000, optimistic_rem(widened)=0.000000 → cannot exceed 0.
[221.724s] PRUNE: margin=-7.875000, optimistic_rem(widened)=0.000000 → cannot exceed 0.
[221.878s] PRUNE: margin=-7.875000, optimistic_rem(widened)=0.000000 → cannot exceed 0.
[222.157s] PRUNE: margin=-7.875000, optimistic_rem(widened)=0.500000 → cannot exceed 0.
[222.342s] PRUNE: margin=-7.875000, optimistic_rem(widened)=0.500000 → cannot exceed 0.
[222.528s] PRUNE: margin=-7.875000, optimistic_rem(widened)=0.500000 → cannot exceed 0.
[222.714s] PRUNE: margin=-7.875000, optimistic_rem(widened)=0.500000 → cannot exceed 0.
[222.900s] PRUNE: margin=-7.875000, optimistic_rem(widened)=0.500000 → cannot exceed 0.
[223.084s] PRUNE: margin=-7.875000, optimistic_rem(widened)=0.500000 → cannot exceed 0.
[223.271s] PRUNE: margin=-7.875000, optimistic_rem(widened)=0.500000 → cannot exceed 0.
[225.870s] PRUNE: margin=-7.875000, optimistic_rem(widened)=0.000000 → cannot exceed 0.
[226.056s] PRUNE: margin=-7.875000, optimistic_rem(widened)=0.000000 → cannot exceed 0.
[226.239s] PRUNE: margin=-7.875000, optimistic_rem(widened)=0.000000 → cannot exceed 0.
[226.426s] PRUNE: margin=-7.875000, optimistic_rem(widened)=0.000000 → cannot exceed 0.
[226.614s] PRUNE: margin=-7.875000, optimistic_rem(widened)=0.000000 → cannot exceed 0.
[226.800s] PRUNE: margin=-7.875000, optimistic_rem(widened)=0.000000 → cannot exceed 0.
[226.985s] PRUNE: margin=-7.875000, optimistic_rem(widened)=0.000000 → cannot exceed 0.
[227.171s] PRUNE: margin=-7.875000, optimistic_rem(widened)=0.000000 → cannot exceed 0.
[228.412s] PRUNE: margin=-7.875000, optimistic_rem(widened)=0.000000 → cannot exceed 0.
[228.532s] PRUNE: margin=-7.875000, optimistic_rem(widened)=0.000000 → cannot exceed 0.
[228.722s] PRUNE: margin=-7.875000, optimistic_rem(widened)=0.000000 → cannot exceed 0.
[228.920s] PRUNE: margin=-7.875000, optimistic_rem(widened)=0.000000 → cannot exceed 0.
[229.118s] PRUNE: margin=-7.875000, optimistic_rem(widened)=0.000000 → cannot exceed 0.
[229.317s] PRUNE: margin=-7.875000, optimistic_rem(widened)=0.000000 → cannot exceed 0.
[229.516s] PRUNE: margin=-7.875000, optimistic_rem(widened)=0.000000 → cannot exceed 0.
[229.714s] PRUNE: margin=-7.875000, optimistic_rem(widened)=0.000000 → cannot exceed 0.
[230.111s] PRUNE: margin=-7.875000, optimistic_rem(widened)=0.000000 → cannot exceed 0.
[230.309s] PRUNE: margin=-7.875000, optimistic_rem(widened)=0.000000 → cannot exceed 0.
[230.508s] PRUNE: margin=-7.875000, optimistic_rem(widened)=0.000000 → cannot exceed 0.
[230.706s] PRUNE: margin=-7.875000, optimistic_rem(widened)=0.000000 → cannot exceed 0.
[230.904s] PRUNE: margin=-7.875000, optimistic_rem(widened)=0.000000 → cannot exceed 0.
[231.103s] PRUNE: margin=-7.875000, optimistic_rem(widened)=0.000000 → cannot exceed 0.
[231.301s] PRUNE: margin=-7.875000, optimistic_rem(widened)=0.000000 → cannot exceed 0.
[231.500s] PRUNE: margin=-7.875000, optimistic_rem(widened)=0.000000 → cannot exceed 0.
[231.797s] PRUNE: margin=-7.875000, optimistic_rem(widened)=0.500000 → cannot exceed 0.
[231.995s] PRUNE: margin=-7.875000, optimistic_rem(widened)=0.500000 → cannot exceed 0.
[232.194s] PRUNE: margin=-7.875000, optimistic_rem(widened)=0.500000 → cannot exceed 0.
[232.392s] PRUNE: margin=-7.875000, optimistic_rem(widened)=0.500000 → cannot exceed 0.
[232.591s] PRUNE: margin=-7.875000, optimistic_rem(widened)=0.500000 → cannot exceed 0.
[232.789s] PRUNE: margin=-7.875000, optimistic_rem(widened)=0.500000 → cannot exceed 0.
[232.988s] PRUNE: margin=-7.875000, optimistic_rem(widened)=0.500000 → cannot exceed 0.
[234.673s] PRUNE: margin=-7.875000, optimistic_rem(widened)=0.000000 → cannot exceed 0.
[234.872s] PRUNE: margin=-7.875000, optimistic_rem(widened)=0.000000 → cannot exceed 0.
[235.070s] PRUNE: margin=-7.875000, optimistic_rem(widened)=0.000000 → cannot exceed 0.
[235.269s] PRUNE: margin=-7.875000, optimistic_rem(widened)=0.000000 → cannot exceed 0.
[235.467s] PRUNE: margin=-7.875000, optimistic_rem(widened)=0.000000 → cannot exceed 0.
[235.666s] PRUNE: margin=-7.875000, optimistic_rem(widened)=0.000000 → cannot exceed 0.
[235.864s] PRUNE: margin=-7.875000, optimistic_rem(widened)=0.000000 → cannot exceed 0.
[236.063s] PRUNE: margin=-7.875000, optimistic_rem(widened)=0.000000 → cannot exceed 0.
[236.459s] PRUNE: margin=-7.875000, optimistic_rem(widened)=0.000000 → cannot exceed 0.
[236.658s] PRUNE: margin=-7.875000, optimistic_rem(widened)=0.000000 → cannot exceed 0.
[236.856s] PRUNE: margin=-7.875000, optimistic_rem(widened)=0.000000 → cannot exceed 0.
[237.054s] PRUNE: margin=-7.875000, optimistic_rem(widened)=0.000000 → cannot exceed 0.
[237.253s] PRUNE: margin=-7.875000, optimistic_rem(widened)=0.000000 → cannot exceed 0.
[237.451s] PRUNE: margin=-7.875000, optimistic_rem(widened)=0.000000 → cannot exceed 0.
[237.650s] PRUNE: margin=-7.875000, optimistic_rem(widened)=0.000000 → cannot exceed 0.
[237.848s] PRUNE: margin=-7.875000, optimistic_rem(widened)=0.000000 → cannot exceed 0.
[238.146s] PRUNE: margin=-7.875000, optimistic_rem(widened)=0.500000 → cannot exceed 0.
[238.344s] PRUNE: margin=-7.875000, optimistic_rem(widened)=0.500000 → cannot exceed 0.
[238.542s] PRUNE: margin=-7.875000, optimistic_rem(widened)=0.500000 → cannot exceed 0.
[238.741s] PRUNE: margin=-7.875000, optimistic_rem(widened)=0.500000 → cannot exceed 0.
[238.943s] PRUNE: margin=-7.875000, optimistic_rem(widened)=0.500000 → cannot exceed 0.
[239.141s] PRUNE: margin=-7.875000, optimistic_rem(widened)=0.500000 → cannot exceed 0.
[239.340s] PRUNE: margin=-7.875000, optimistic_rem(widened)=0.500000 → cannot exceed 0.
[240.034s] PRUNE: margin=-7.875000, optimistic_rem(widened)=0.000000 → cannot exceed 0.
[240.232s] PRUNE: margin=-7.875000, optimistic_rem(widened)=0.000000 → cannot exceed 0.
[240.431s] PRUNE: margin=-7.875000, optimistic_rem(widened)=0.000000 → cannot exceed 0.
[240.629s] PRUNE: margin=-7.875000, optimistic_rem(widened)=0.000000 → cannot exceed 0.
[240.828s] PRUNE: margin=-7.875000, optimistic_rem(widened)=0.000000 → cannot exceed 0.
[241.026s] PRUNE: margin=-7.875000, optimistic_rem(widened)=0.000000 → cannot exceed 0.
[241.225s] PRUNE: margin=-7.875000, optimistic_rem(widened)=0.000000 → cannot exceed 0.
[241.423s] PRUNE: margin=-7.875000, optimistic_rem(widened)=0.000000 → cannot exceed 0.
[241.721s] PRUNE: margin=-7.875000, optimistic_rem(widened)=0.500000 → cannot exceed 0.
[241.919s] PRUNE: margin=-7.875000, optimistic_rem(widened)=0.500000 → cannot exceed 0.
[242.117s] PRUNE: margin=-7.875000, optimistic_rem(widened)=0.500000 → cannot exceed 0.
[242.316s] PRUNE: margin=-7.875000, optimistic_rem(widened)=0.500000 → cannot exceed 0.
[242.514s] PRUNE: margin=-7.875000, optimistic_rem(widened)=0.500000 → cannot exceed 0.
[242.712s] PRUNE: margin=-7.875000, optimistic_rem(widened)=0.500000 → cannot exceed 0.
[242.911s] PRUNE: margin=-7.875000, optimistic_rem(widened)=0.500000 → cannot exceed 0.
[243.506s] PRUNE: margin=-7.875000, optimistic_rem(widened)=0.500000 → cannot exceed 0.
[243.704s] PRUNE: margin=-7.875000, optimistic_rem(widened)=0.500000 → cannot exceed 0.
[243.903s] PRUNE: margin=-7.875000, optimistic_rem(widened)=0.500000 → cannot exceed 0.
[244.101s] PRUNE: margin=-7.875000, optimistic_rem(widened)=0.500000 → cannot exceed 0.
[244.299s] PRUNE: margin=-7.875000, optimistic_rem(widened)=0.500000 → cannot exceed 0.
[244.498s] PRUNE: margin=-7.875000, optimistic_rem(widened)=0.500000 → cannot exceed 0.
[244.795s] PRUNE: margin=-5.343750, optimistic_rem(widened)=0.000000 → cannot exceed 0.
[245.391s] PRUNE: margin=-7.875000, optimistic_rem(widened)=0.500000 → cannot exceed 0.
[245.589s] PRUNE: margin=-7.875000, optimistic_rem(widened)=0.500000 → cannot exceed 0.
[245.787s] PRUNE: margin=-7.875000, optimistic_rem(widened)=0.500000 → cannot exceed 0.
[245.986s] PRUNE: margin=-7.875000, optimistic_rem(widened)=0.500000 → cannot exceed 0.
[246.184s] PRUNE: margin=-7.875000, optimistic_rem(widened)=0.500000 → cannot exceed 0.
[246.382s] PRUNE: margin=-7.875000, optimistic_rem(widened)=0.500000 → cannot exceed 0.
[246.581s] PRUNE: margin=-7.875000, optimistic_rem(widened)=0.000000 → cannot exceed 0.
[249.458s] PRUNE: margin=-7.875000, optimistic_rem(widened)=0.000000 → cannot exceed 0.
[249.656s] PRUNE: margin=-7.875000, optimistic_rem(widened)=0.000000 → cannot exceed 0.
[249.854s] PRUNE: margin=-7.875000, optimistic_rem(widened)=0.000000 → cannot exceed 0.
[250.053s] PRUNE: margin=-7.875000, optimistic_rem(widened)=0.000000 → cannot exceed 0.
[250.251s] PRUNE: margin=-7.875000, optimistic_rem(widened)=0.000000 → cannot exceed 0.
[250.451s] PRUNE: margin=-7.875000, optimistic_rem(widened)=0.000000 → cannot exceed 0.
[250.649s] PRUNE: margin=-7.875000, optimistic_rem(widened)=0.000000 → cannot exceed 0.
[250.848s] PRUNE: margin=-7.875000, optimistic_rem(widened)=0.000000 → cannot exceed 0.
[252.236s] PRUNE: margin=-7.875000, optimistic_rem(widened)=0.000000 → cannot exceed 0.
[252.435s] PRUNE: margin=-7.875000, optimistic_rem(widened)=0.000000 → cannot exceed 0.
[252.633s] PRUNE: margin=-7.875000, optimistic_rem(widened)=0.000000 → cannot exceed 0.
[252.832s] PRUNE: margin=-7.875000, optimistic_rem(widened)=0.000000 → cannot exceed 0.
[253.030s] PRUNE: margin=-7.875000, optimistic_rem(widened)=0.000000 → cannot exceed 0.
[253.229s] PRUNE: margin=-7.875000, optimistic_rem(widened)=0.000000 → cannot exceed 0.
[253.427s] PRUNE: margin=-7.875000, optimistic_rem(widened)=0.000000 → cannot exceed 0.
[253.625s] PRUNE: margin=-7.875000, optimistic_rem(widened)=0.000000 → cannot exceed 0.
[254.022s] PRUNE: margin=-7.875000, optimistic_rem(widened)=0.000000 → cannot exceed 0.
[254.220s] PRUNE: margin=-7.875000, optimistic_rem(widened)=0.000000 → cannot exceed 0.
[254.419s] PRUNE: margin=-7.875000, optimistic_rem(widened)=0.000000 → cannot exceed 0.
[254.617s] PRUNE: margin=-7.875000, optimistic_rem(widened)=0.000000 → cannot exceed 0.
[254.815s] PRUNE: margin=-7.875000, optimistic_rem(widened)=0.000000 → cannot exceed 0.
[255.014s] PRUNE: margin=-7.875000, optimistic_rem(widened)=0.000000 → cannot exceed 0.
[255.212s] PRUNE: margin=-7.875000, optimistic_rem(widened)=0.000000 → cannot exceed 0.
[255.411s] PRUNE: margin=-7.875000, optimistic_rem(widened)=0.000000 → cannot exceed 0.
[255.708s] PRUNE: margin=-7.875000, optimistic_rem(widened)=0.500000 → cannot exceed 0.
[255.907s] PRUNE: margin=-7.875000, optimistic_rem(widened)=0.500000 → cannot exceed 0.
[256.105s] PRUNE: margin=-7.875000, optimistic_rem(widened)=0.500000 → cannot exceed 0.
[256.303s] PRUNE: margin=-7.875000, optimistic_rem(widened)=0.500000 → cannot exceed 0.
[256.502s] PRUNE: margin=-7.875000, optimistic_rem(widened)=0.500000 → cannot exceed 0.
[256.700s] PRUNE: margin=-7.875000, optimistic_rem(widened)=0.500000 → cannot exceed 0.
[256.898s] PRUNE: margin=-7.875000, optimistic_rem(widened)=0.500000 → cannot exceed 0.
[258.585s] PRUNE: margin=-7.875000, optimistic_rem(widened)=0.000000 → cannot exceed 0.
[258.783s] PRUNE: margin=-7.875000, optimistic_rem(widened)=0.000000 → cannot exceed 0.
[258.981s] PRUNE: margin=-7.875000, optimistic_rem(widened)=0.000000 → cannot exceed 0.
[259.180s] PRUNE: margin=-7.875000, optimistic_rem(widened)=0.000000 → cannot exceed 0.
[259.378s] PRUNE: margin=-7.875000, optimistic_rem(widened)=0.000000 → cannot exceed 0.
[259.576s] PRUNE: margin=-7.875000, optimistic_rem(widened)=0.000000 → cannot exceed 0.
[259.775s] PRUNE: margin=-7.875000, optimistic_rem(widened)=0.000000 → cannot exceed 0.
[259.973s] PRUNE: margin=-7.875000, optimistic_rem(widened)=0.000000 → cannot exceed 0.
[260.370s] PRUNE: margin=-7.875000, optimistic_rem(widened)=0.000000 → cannot exceed 0.
[260.568s] PRUNE: margin=-7.875000, optimistic_rem(widened)=0.000000 → cannot exceed 0.
[260.767s] PRUNE: margin=-7.875000, optimistic_rem(widened)=0.000000 → cannot exceed 0.
[260.965s] PRUNE: margin=-7.875000, optimistic_rem(widened)=0.000000 → cannot exceed 0.
[261.163s] PRUNE: margin=-7.875000, optimistic_rem(widened)=0.000000 → cannot exceed 0.
[261.362s] PRUNE: margin=-7.875000, optimistic_rem(widened)=0.000000 → cannot exceed 0.
[261.560s] PRUNE: margin=-7.875000, optimistic_rem(widened)=0.000000 → cannot exceed 0.
[261.759s] PRUNE: margin=-7.875000, optimistic_rem(widened)=0.000000 → cannot exceed 0.
[262.056s] PRUNE: margin=-7.875000, optimistic_rem(widened)=0.500000 → cannot exceed 0.
[262.254s] PRUNE: margin=-7.875000, optimistic_rem(widened)=0.500000 → cannot exceed 0.
[262.453s] PRUNE: margin=-7.875000, optimistic_rem(widened)=0.500000 → cannot exceed 0.
[262.651s] PRUNE: margin=-7.875000, optimistic_rem(widened)=0.500000 → cannot exceed 0.
[262.849s] PRUNE: margin=-7.875000, optimistic_rem(widened)=0.500000 → cannot exceed 0.
[263.048s] PRUNE: margin=-7.875000, optimistic_rem(widened)=0.500000 → cannot exceed 0.
[263.246s] PRUNE: margin=-7.875000, optimistic_rem(widened)=0.500000 → cannot exceed 0.
[263.940s] PRUNE: margin=-7.875000, optimistic_rem(widened)=0.000000 → cannot exceed 0.
[264.139s] PRUNE: margin=-7.875000, optimistic_rem(widened)=0.000000 → cannot exceed 0.
[264.337s] PRUNE: margin=-7.875000, optimistic_rem(widened)=0.000000 → cannot exceed 0.
[264.536s] PRUNE: margin=-7.875000, optimistic_rem(widened)=0.000000 → cannot exceed 0.
[264.734s] PRUNE: margin=-7.875000, optimistic_rem(widened)=0.000000 → cannot exceed 0.
[264.933s] PRUNE: margin=-7.875000, optimistic_rem(widened)=0.000000 → cannot exceed 0.
[265.131s] PRUNE: margin=-7.875000, optimistic_rem(widened)=0.000000 → cannot exceed 0.
[265.330s] PRUNE: margin=-7.875000, optimistic_rem(widened)=0.000000 → cannot exceed 0.
[265.627s] PRUNE: margin=-7.875000, optimistic_rem(widened)=0.500000 → cannot exceed 0.
[265.826s] PRUNE: margin=-7.875000, optimistic_rem(widened)=0.500000 → cannot exceed 0.
[266.024s] PRUNE: margin=-7.875000, optimistic_rem(widened)=0.500000 → cannot exceed 0.
[266.222s] PRUNE: margin=-7.875000, optimistic_rem(widened)=0.500000 → cannot exceed 0.
[266.421s] PRUNE: margin=-7.875000, optimistic_rem(widened)=0.500000 → cannot exceed 0.
[266.619s] PRUNE: margin=-7.875000, optimistic_rem(widened)=0.500000 → cannot exceed 0.
[266.817s] PRUNE: margin=-7.875000, optimistic_rem(widened)=0.500000 → cannot exceed 0.
[267.412s] PRUNE: margin=-7.875000, optimistic_rem(widened)=0.500000 → cannot exceed 0.
[267.611s] PRUNE: margin=-7.875000, optimistic_rem(widened)=0.500000 → cannot exceed 0.
[267.809s] PRUNE: margin=-7.875000, optimistic_rem(widened)=0.500000 → cannot exceed 0.
[268.008s] PRUNE: margin=-7.875000, optimistic_rem(widened)=0.500000 → cannot exceed 0.
[268.206s] PRUNE: margin=-7.875000, optimistic_rem(widened)=0.500000 → cannot exceed 0.
[268.404s] PRUNE: margin=-7.875000, optimistic_rem(widened)=0.500000 → cannot exceed 0.
[268.702s] PRUNE: margin=-5.343750, optimistic_rem(widened)=0.000000 → cannot exceed 0.
[269.297s] PRUNE: margin=-7.875000, optimistic_rem(widened)=0.500000 → cannot exceed 0.
[269.495s] PRUNE: margin=-7.875000, optimistic_rem(widened)=0.500000 → cannot exceed 0.
[269.693s] PRUNE: margin=-7.875000, optimistic_rem(widened)=0.500000 → cannot exceed 0.
[269.892s] PRUNE: margin=-7.875000, optimistic_rem(widened)=0.500000 → cannot exceed 0.
[270.090s] PRUNE: margin=-7.875000, optimistic_rem(widened)=0.500000 → cannot exceed 0.
[270.288s] PRUNE: margin=-7.875000, optimistic_rem(widened)=0.500000 → cannot exceed 0.
[270.487s] PRUNE: margin=-7.875000, optimistic_rem(widened)=0.500000 → cannot exceed 0.
[272.273s] PRUNE: margin=-7.875000, optimistic_rem(widened)=0.000000 → cannot exceed 0.
[272.471s] PRUNE: margin=-7.875000, optimistic_rem(widened)=0.000000 → cannot exceed 0.
[272.670s] PRUNE: margin=-7.875000, optimistic_rem(widened)=0.000000 → cannot exceed 0.
[272.868s] PRUNE: margin=-7.875000, optimistic_rem(widened)=0.000000 → cannot exceed 0.
[273.066s] PRUNE: margin=-7.875000, optimistic_rem(widened)=0.000000 → cannot exceed 0.
[273.265s] PRUNE: margin=-7.875000, optimistic_rem(widened)=0.000000 → cannot exceed 0.
[273.463s] PRUNE: margin=-7.875000, optimistic_rem(widened)=0.000000 → cannot exceed 0.
[273.661s] PRUNE: margin=-7.875000, optimistic_rem(widened)=0.000000 → cannot exceed 0.
[274.058s] PRUNE: margin=-7.875000, optimistic_rem(widened)=0.000000 → cannot exceed 0.
[274.256s] PRUNE: margin=-7.875000, optimistic_rem(widened)=0.000000 → cannot exceed 0.
[274.455s] PRUNE: margin=-7.875000, optimistic_rem(widened)=0.000000 → cannot exceed 0.
[274.653s] PRUNE: margin=-7.875000, optimistic_rem(widened)=0.000000 → cannot exceed 0.
[274.852s] PRUNE: margin=-7.875000, optimistic_rem(widened)=0.000000 → cannot exceed 0.
[275.050s] PRUNE: margin=-7.875000, optimistic_rem(widened)=0.000000 → cannot exceed 0.
[275.249s] PRUNE: margin=-7.875000, optimistic_rem(widened)=0.000000 → cannot exceed 0.
[275.447s] PRUNE: margin=-7.875000, optimistic_rem(widened)=0.000000 → cannot exceed 0.
[275.745s] PRUNE: margin=-7.875000, optimistic_rem(widened)=0.500000 → cannot exceed 0.
[275.943s] PRUNE: margin=-7.875000, optimistic_rem(widened)=0.500000 → cannot exceed 0.
[276.141s] PRUNE: margin=-7.875000, optimistic_rem(widened)=0.500000 → cannot exceed 0.
[276.339s] PRUNE: margin=-7.875000, optimistic_rem(widened)=0.500000 → cannot exceed 0.
[276.538s] PRUNE: margin=-7.875000, optimistic_rem(widened)=0.500000 → cannot exceed 0.
[276.736s] PRUNE: margin=-7.875000, optimistic_rem(widened)=0.500000 → cannot exceed 0.
[276.938s] PRUNE: margin=-7.875000, optimistic_rem(widened)=0.500000 → cannot exceed 0.
[277.632s] PRUNE: margin=-7.875000, optimistic_rem(widened)=0.000000 → cannot exceed 0.
[277.830s] PRUNE: margin=-7.875000, optimistic_rem(widened)=0.000000 → cannot exceed 0.
[278.029s] PRUNE: margin=-7.875000, optimistic_rem(widened)=0.000000 → cannot exceed 0.
[278.227s] PRUNE: margin=-7.875000, optimistic_rem(widened)=0.000000 → cannot exceed 0.
[278.426s] PRUNE: margin=-7.875000, optimistic_rem(widened)=0.000000 → cannot exceed 0.
[278.624s] PRUNE: margin=-7.875000, optimistic_rem(widened)=0.000000 → cannot exceed 0.
[278.823s] PRUNE: margin=-7.875000, optimistic_rem(widened)=0.000000 → cannot exceed 0.
[279.021s] PRUNE: margin=-7.875000, optimistic_rem(widened)=0.000000 → cannot exceed 0.
[279.319s] PRUNE: margin=-7.875000, optimistic_rem(widened)=0.500000 → cannot exceed 0.
[279.517s] PRUNE: margin=-7.875000, optimistic_rem(widened)=0.500000 → cannot exceed 0.
[279.716s] PRUNE: margin=-7.875000, optimistic_rem(widened)=0.500000 → cannot exceed 0.
[279.914s] PRUNE: margin=-7.875000, optimistic_rem(widened)=0.500000 → cannot exceed 0.
[280.113s] PRUNE: margin=-7.875000, optimistic_rem(widened)=0.500000 → cannot exceed 0.
[280.311s] PRUNE: margin=-7.875000, optimistic_rem(widened)=0.500000 → cannot exceed 0.
[280.509s] PRUNE: margin=-7.875000, optimistic_rem(widened)=0.500000 → cannot exceed 0.
[281.106s] PRUNE: margin=-7.875000, optimistic_rem(widened)=0.500000 → cannot exceed 0.
[281.304s] PRUNE: margin=-7.875000, optimistic_rem(widened)=0.500000 → cannot exceed 0.
[281.503s] PRUNE: margin=-7.875000, optimistic_rem(widened)=0.500000 → cannot exceed 0.
[281.701s] PRUNE: margin=-7.875000, optimistic_rem(widened)=0.500000 → cannot exceed 0.
[281.900s] PRUNE: margin=-7.875000, optimistic_rem(widened)=0.500000 → cannot exceed 0.
[282.098s] PRUNE: margin=-7.875000, optimistic_rem(widened)=0.500000 → cannot exceed 0.
[282.395s] PRUNE: margin=-5.343750, optimistic_rem(widened)=0.000000 → cannot exceed 0.
[282.991s] PRUNE: margin=-7.875000, optimistic_rem(widened)=0.500000 → cannot exceed 0.
[283.189s] PRUNE: margin=-7.875000, optimistic_rem(widened)=0.500000 → cannot exceed 0.
[283.387s] PRUNE: margin=-7.875000, optimistic_rem(widened)=0.500000 → cannot exceed 0.
[283.586s] PRUNE: margin=-7.875000, optimistic_rem(widened)=0.500000 → cannot exceed 0.
[283.752s] PRUNE: margin=-7.875000, optimistic_rem(widened)=0.500000 → cannot exceed 0.
[283.890s] PRUNE: margin=-7.875000, optimistic_rem(widened)=0.500000 → cannot exceed 0.
[284.024s] PRUNE: margin=-7.875000, optimistic_rem(widened)=0.500000 → cannot exceed 0.
[284.635s] PRUNE: margin=-5.343750, optimistic_rem(widened)=0.000000 → cannot exceed 0.
[284.757s] PRUNE: margin=-7.875000, optimistic_rem(widened)=0.000000 → cannot exceed 0.
[284.878s] PRUNE: margin=-7.875000, optimistic_rem(widened)=0.000000 → cannot exceed 0.
[284.998s] PRUNE: margin=-7.875000, optimistic_rem(widened)=0.000000 → cannot exceed 0.
[285.118s] PRUNE: margin=-7.875000, optimistic_rem(widened)=0.000000 → cannot exceed 0.
[285.262s] PRUNE: margin=-7.875000, optimistic_rem(widened)=0.000000 → cannot exceed 0.
[285.450s] PRUNE: margin=-7.875000, optimistic_rem(widened)=0.000000 → cannot exceed 0.
[285.637s] PRUNE: margin=-7.875000, optimistic_rem(widened)=0.000000 → cannot exceed 0.
[285.924s] PRUNE: margin=-7.875000, optimistic_rem(widened)=0.500000 → cannot exceed 0.
[286.123s] PRUNE: margin=-7.875000, optimistic_rem(widened)=0.500000 → cannot exceed 0.
[286.325s] PRUNE: margin=-7.875000, optimistic_rem(widened)=0.500000 → cannot exceed 0.
[286.523s] PRUNE: margin=-7.875000, optimistic_rem(widened)=0.500000 → cannot exceed 0.
[286.720s] PRUNE: margin=-7.875000, optimistic_rem(widened)=0.500000 → cannot exceed 0.
[286.882s] PRUNE: margin=-7.875000, optimistic_rem(widened)=0.500000 → cannot exceed 0.
[287.082s] PRUNE: margin=-5.343750, optimistic_rem(widened)=0.000000 → cannot exceed 0.
[287.547s] PRUNE: margin=-7.875000, optimistic_rem(widened)=0.500000 → cannot exceed 0.
[287.678s] PRUNE: margin=-7.875000, optimistic_rem(widened)=0.500000 → cannot exceed 0.
[287.824s] PRUNE: margin=-7.875000, optimistic_rem(widened)=0.500000 → cannot exceed 0.
[287.971s] PRUNE: margin=-7.875000, optimistic_rem(widened)=0.500000 → cannot exceed 0.
[288.120s] PRUNE: margin=-7.875000, optimistic_rem(widened)=0.500000 → cannot exceed 0.
[288.347s] PRUNE: margin=-5.343750, optimistic_rem(widened)=0.000000 → cannot exceed 0.
[288.494s] PRUNE: margin=-7.875000, optimistic_rem(widened)=0.000000 → cannot exceed 0.
[288.791s] PRUNE: margin=-5.343750, optimistic_rem(widened)=0.000000 → cannot exceed 0.
[289.199s] PRUNE: margin=-7.875000, optimistic_rem(widened)=0.500000 → cannot exceed 0.
[289.342s] PRUNE: margin=-7.875000, optimistic_rem(widened)=0.500000 → cannot exceed 0.
[289.486s] PRUNE: margin=-7.875000, optimistic_rem(widened)=0.500000 → cannot exceed 0.
[289.641s] PRUNE: margin=-7.875000, optimistic_rem(widened)=0.500000 → cannot exceed 0.
[289.796s] PRUNE: margin=-7.875000, optimistic_rem(widened)=0.500000 → cannot exceed 0.
[289.941s] PRUNE: margin=-7.875000, optimistic_rem(widened)=0.500000 → cannot exceed 0.
[290.083s] PRUNE: margin=-7.875000, optimistic_rem(widened)=0.500000 → cannot exceed 0.
[290.669s] PRUNE: margin=-5.343750, optimistic_rem(widened)=0.000000 → cannot exceed 0.
[290.809s] PRUNE: margin=-7.875000, optimistic_rem(widened)=0.000000 → cannot exceed 0.
[290.961s] PRUNE: margin=-7.875000, optimistic_rem(widened)=0.000000 → cannot exceed 0.
[291.104s] PRUNE: margin=-7.875000, optimistic_rem(widened)=0.000000 → cannot exceed 0.
[291.256s] PRUNE: margin=-7.875000, optimistic_rem(widened)=0.000000 → cannot exceed 0.
[291.398s] PRUNE: margin=-7.875000, optimistic_rem(widened)=0.000000 → cannot exceed 0.
[291.535s] PRUNE: margin=-7.875000, optimistic_rem(widened)=0.000000 → cannot exceed 0.
[291.806s] PRUNE: margin=-5.343750, optimistic_rem(widened)=0.000000 → cannot exceed 0.
[291.972s] PRUNE: margin=-7.875000, optimistic_rem(widened)=0.000000 → cannot exceed 0.
[292.173s] PRUNE: margin=-7.875000, optimistic_rem(widened)=0.000000 → cannot exceed 0.
[292.392s] PRUNE: margin=-7.875000, optimistic_rem(widened)=0.000000 → cannot exceed 0.
[292.597s] PRUNE: margin=-7.875000, optimistic_rem(widened)=0.000000 → cannot exceed 0.
[292.803s] PRUNE: margin=-7.875000, optimistic_rem(widened)=0.000000 → cannot exceed 0.
[293.154s] PRUNE: margin=-5.343750, optimistic_rem(widened)=0.000000 → cannot exceed 0.
[293.298s] PRUNE: margin=-7.875000, optimistic_rem(widened)=0.000000 → cannot exceed 0.
[293.497s] PRUNE: margin=-7.875000, optimistic_rem(widened)=0.000000 → cannot exceed 0.
[293.696s] PRUNE: margin=-7.875000, optimistic_rem(widened)=0.000000 → cannot exceed 0.
[293.895s] PRUNE: margin=-7.875000, optimistic_rem(widened)=0.000000 → cannot exceed 0.
[294.293s] PRUNE: margin=-7.875000, optimistic_rem(widened)=0.000000 → cannot exceed 0.
[294.492s] PRUNE: margin=-7.875000, optimistic_rem(widened)=0.000000 → cannot exceed 0.
[294.691s] PRUNE: margin=-7.875000, optimistic_rem(widened)=0.000000 → cannot exceed 0.
[294.890s] PRUNE: margin=-7.875000, optimistic_rem(widened)=0.000000 → cannot exceed 0.
[295.189s] PRUNE: margin=-7.875000, optimistic_rem(widened)=0.156250 → cannot exceed 0.
[295.388s] PRUNE: margin=-7.875000, optimistic_rem(widened)=0.156250 → cannot exceed 0.
[295.587s] PRUNE: margin=-7.875000, optimistic_rem(widened)=0.156250 → cannot exceed 0.
[295.786s] PRUNE: margin=-7.875000, optimistic_rem(widened)=0.156250 → cannot exceed 0.
[296.085s] PRUNE: margin=-7.875000, optimistic_rem(widened)=1.000000 → cannot exceed 0.
[296.285s] PRUNE: margin=-7.875000, optimistic_rem(widened)=1.000000 → cannot exceed 0.
[296.484s] PRUNE: margin=-7.875000, optimistic_rem(widened)=1.000000 → cannot exceed 0.
[296.683s] PRUNE: margin=-7.875000, optimistic_rem(widened)=1.000000 → cannot exceed 0.
[296.883s] PRUNE: margin=-7.875000, optimistic_rem(widened)=0.500000 → cannot exceed 0.
[297.082s] PRUNE: margin=-7.875000, optimistic_rem(widened)=0.500000 → cannot exceed 0.
[297.281s] PRUNE: margin=-7.875000, optimistic_rem(widened)=0.500000 → cannot exceed 0.
[297.878s] PRUNE: margin=-7.875000, optimistic_rem(widened)=1.000000 → cannot exceed 0.
[298.077s] PRUNE: margin=-7.875000, optimistic_rem(widened)=1.000000 → cannot exceed 0.
[298.276s] PRUNE: margin=-7.875000, optimistic_rem(widened)=1.000000 → cannot exceed 0.
[298.475s] PRUNE: margin=-7.875000, optimistic_rem(widened)=1.000000 → cannot exceed 0.
[298.674s] PRUNE: margin=-7.875000, optimistic_rem(widened)=0.500000 → cannot exceed 0.
[298.872s] PRUNE: margin=-7.875000, optimistic_rem(widened)=0.500000 → cannot exceed 0.
[299.171s] PRUNE: margin=-5.343750, optimistic_rem(widened)=1.000000 → cannot exceed 0.
[334.888s] PRUNE: margin=-5.343750, optimistic_rem(widened)=0.500000 → cannot exceed 0.
[337.475s] No counterexample within budgets (BaB): no misclassification found.
STATUS: No counterexample | best_upper_margin=17.125000 | elapsed=337.475s | pixels_changed=0 | total_bit_flips=0 | avg_hamming_per_pixel=0.000000 | patch_rows=13-15 | patch_cols=5-14 | note=no_counterexample_within_budgets
