[  0.000s] init: idx=7797 kmax=2 bmax=4 topx=2 widen=1.000 rank_fast=off
clean logits (hex):  0x98  0x86  0x6a  0x8f  0x88  0xc9  0x63  0x85  0x64  0x87
clean logits (bits): 10011000 10000110 01101010 10001111 10001000 11001001 01100011 10000101 01100100 10000111
clean logits (double): -3.000000 -12.000000 +3.250000 -4.500000 -8.000000 -0.859375 +2.375000 -14.000000 +2.500000 -10.000000
[  0.011s] clean prediction: 2 (true label 5)
[ 36.306s] selection: nSym=2 (from 784), topx=2, rank_fast=off
[ 36.306s] active patch: rows 3-4, cols 13-14 (derived from symPix)
[ 36.368s] Greedy BYTE warm start: SAT (K=1,B=2).
clean logits (hex):  0x98  0x86  0x6a  0x8f  0x88  0xc9  0x63  0x85  0x64  0x87
clean logits (bits): 10011000 10000110 01101010 10001111 10001000 11001001 01100011 10000101 01100100 10000111
clean logits (double): -3.000000 -12.000000 +3.250000 -4.500000 -8.000000 -0.859375 +2.375000 -14.000000 +2.500000 -10.000000
post-perturb logits (hex):  0x92  0x8b  0x66  0x92  0x87  0x13  0x65  0x85  0x68  0x87
post-perturb logits (bits): 10010010 10001011 01100110 10010010 10000111 00010011 01100101 10000101 01101000 10000111
post-perturb logits (double): -3.750000 -6.500000 +2.750000 -3.750000 -10.000000 +0.296875 +2.625000 -14.000000 +3.000000 -10.000000
changes: 1 bytes, 2 bit flips
  idx  pix  row col    old_hex        old_bits     old_double     new_hex        new_bits     new_double  ham
    1  125    4  13    0x00        00000000   -1.000000     0xc0        11000000   +0.505882    2
new prediction: 8 (true 2)
----- REPLAY FORWARD PASS (stage-2) -----
replay logits (hex):  0x92  0x8b  0x66  0x92  0x87  0x13  0x65  0x85  0x68  0x87
replay logits (bits): 10010010 10001011 01100110 10010010 10000111 00010011 01100101 10000101 01101000 10000111
replay logits (double): -3.750000 -6.500000 +2.750000 -3.750000 -10.000000 +0.296875 +2.625000 -14.000000 +3.000000 -10.000000
[ 36.369s] replay prediction: 8 (true label 2) | note=witness_found_greedy_byte
----- END REPLAY -----
STATUS: Counterexample | best_upper_margin=-1000000000000000052504760255204420248704468581108159154915854115511802457988908195786371375080447864043704443832883878176942523235360430575644792184786706982848387200926575803737830233794788090059368953234970799945081119038967640880074652742780142494579258788820056842838115669472196386865459400540160.000000 | elapsed=36.369s | pixels_changed=1 | total_bit_flips=2 | avg_hamming_per_pixel=2.000000 | patch_rows=3-4 | patch_cols=13-14 | note=witness_found_greedy_byte
