[  0.000s] init: idx=881 kmax=2 bmax=4 topx=2 widen=1.000 rank_fast=off
clean logits (hex):  0x82  0x8a  0x8f  0x16  0x6c  0x95  0x87  0x8e  0x36  0x6a
clean logits (bits): 10000010 10001010 10001111 00010110 01101100 10010101 10000111 10001110 00110110 01101010
clean logits (double): -32.000000 -7.000000 -4.500000 +0.343750 +3.500000 -3.375000 -10.000000 -5.000000 +0.843750 +3.250000
[  0.008s] clean prediction: 4 (true label 4)
[ 31.621s] selection: nSym=2 (from 784), topx=2, rank_fast=off
[ 31.621s] active patch: rows 4-4, cols 11-12 (derived from symPix)
[ 31.658s] Greedy BYTE warm start: SAT (K=1,B=4).
clean logits (hex):  0x82  0x8a  0x8f  0x16  0x6c  0x95  0x87  0x8e  0x36  0x6a
clean logits (bits): 10000010 10001010 10001111 00010110 01101100 10010101 10000111 10001110 00110110 01101010
clean logits (double): -32.000000 -7.000000 -4.500000 +0.343750 +3.500000 -3.375000 -10.000000 -5.000000 +0.843750 +3.250000
post-perturb logits (hex):  0x82  0x8a  0x93  0x59  0x46  0x94  0x86  0x8b  0x24  0x60
post-perturb logits (bits): 10000010 10001010 10010011 01011001 01000110 10010100 10000110 10001011 00100100 01100000
post-perturb logits (double): -32.000000 -7.000000 -3.625000 +1.781250 +1.187500 -3.500000 -12.000000 -6.500000 +0.562500 +2.000000
changes: 1 bytes, 4 bit flips
  idx  pix  row col    old_hex        old_bits     old_double     new_hex        new_bits     new_double  ham
    0  124    4  12    0x00        00000000   -1.000000     0xf0        11110000   +0.882353    4
new prediction: 9 (true 4)
----- REPLAY FORWARD PASS (stage-2) -----
replay logits (hex):  0x82  0x8a  0x93  0x59  0x46  0x94  0x86  0x8b  0x24  0x60
replay logits (bits): 10000010 10001010 10010011 01011001 01000110 10010100 10000110 10001011 00100100 01100000
replay logits (double): -32.000000 -7.000000 -3.625000 +1.781250 +1.187500 -3.500000 -12.000000 -6.500000 +0.562500 +2.000000
[ 31.659s] replay prediction: 9 (true label 4) | note=witness_found_greedy_byte
----- END REPLAY -----
STATUS: Counterexample | best_upper_margin=-1000000000000000052504760255204420248704468581108159154915854115511802457988908195786371375080447864043704443832883878176942523235360430575644792184786706982848387200926575803737830233794788090059368953234970799945081119038967640880074652742780142494579258788820056842838115669472196386865459400540160.000000 | elapsed=31.659s | pixels_changed=1 | total_bit_flips=4 | avg_hamming_per_pixel=4.000000 | patch_rows=4-4 | patch_cols=11-12 | note=witness_found_greedy_byte
