[  0.000s] init: idx=9270 kmax=2 bmax=4 topx=2 widen=1.000 rank_fast=off
clean logits (hex):  0x89  0x89  0x9d  0xcb  0x86  0x96  0x86  0x71  0x8c  0xc4
clean logits (bits): 10001001 10001001 10011101 11001011 10000110 10010110 10000110 01110001 10001100 11000100
clean logits (double): -7.500000 -7.500000 -2.375000 -0.828125 -12.000000 -3.250000 -12.000000 +4.500000 -6.000000 -0.937500
[  0.008s] clean prediction: 7 (true label 7)
[ 38.117s] selection: nSym=2 (from 784), topx=2, rank_fast=off
[ 38.117s] active patch: rows 5-9, cols 11-24 (derived from symPix)
[ 38.570s] Proceeding to BaB (greedy enabled).
[ 38.570s] Skipping root bound check (--no-root-bound).
[ 38.570s] BaB search starting (K≤2, B≤4, nSym=2, depth_limit=500000000, widen=1.00)...
[ 38.844s] PRUNE: margin=-4.500000, optimistic_rem(widened)=4.125000 → cannot exceed 0.
[ 39.236s] PRUNE: margin=-4.250000, optimistic_rem(widened)=0.000000 → cannot exceed 0.
[ 39.433s] PRUNE: margin=-4.250000, optimistic_rem(widened)=0.000000 → cannot exceed 0.
[ 39.630s] PRUNE: margin=-4.250000, optimistic_rem(widened)=0.000000 → cannot exceed 0.
[ 39.826s] PRUNE: margin=-4.250000, optimistic_rem(widened)=0.000000 → cannot exceed 0.
[ 40.023s] PRUNE: margin=-4.250000, optimistic_rem(widened)=0.000000 → cannot exceed 0.
[ 40.219s] PRUNE: margin=-4.250000, optimistic_rem(widened)=0.000000 → cannot exceed 0.
[ 40.415s] PRUNE: margin=-4.250000, optimistic_rem(widened)=0.000000 → cannot exceed 0.
[ 40.610s] PRUNE: margin=-4.250000, optimistic_rem(widened)=0.000000 → cannot exceed 0.
[ 40.806s] PRUNE: margin=-4.250000, optimistic_rem(widened)=0.000000 → cannot exceed 0.
[ 41.002s] PRUNE: margin=-4.250000, optimistic_rem(widened)=0.000000 → cannot exceed 0.
[ 41.198s] PRUNE: margin=-4.250000, optimistic_rem(widened)=0.000000 → cannot exceed 0.
[ 41.394s] PRUNE: margin=-4.250000, optimistic_rem(widened)=0.000000 → cannot exceed 0.
[ 41.786s] PRUNE: margin=-4.375000, optimistic_rem(widened)=0.000000 → cannot exceed 0.
[ 41.982s] PRUNE: margin=-4.375000, optimistic_rem(widened)=0.000000 → cannot exceed 0.
[ 42.178s] PRUNE: margin=-4.375000, optimistic_rem(widened)=0.000000 → cannot exceed 0.
[ 42.374s] PRUNE: margin=-4.375000, optimistic_rem(widened)=0.000000 → cannot exceed 0.
[ 42.570s] PRUNE: margin=-4.375000, optimistic_rem(widened)=0.000000 → cannot exceed 0.
[ 42.766s] PRUNE: margin=-4.375000, optimistic_rem(widened)=0.000000 → cannot exceed 0.
[ 42.962s] PRUNE: margin=-4.375000, optimistic_rem(widened)=0.000000 → cannot exceed 0.
[ 43.158s] PRUNE: margin=-4.375000, optimistic_rem(widened)=0.000000 → cannot exceed 0.
[ 43.354s] PRUNE: margin=-4.375000, optimistic_rem(widened)=0.000000 → cannot exceed 0.
[ 43.549s] PRUNE: margin=-4.375000, optimistic_rem(widened)=0.000000 → cannot exceed 0.
[ 43.745s] PRUNE: margin=-4.375000, optimistic_rem(widened)=0.000000 → cannot exceed 0.
[ 44.137s] PRUNE: margin=-4.375000, optimistic_rem(widened)=0.000000 → cannot exceed 0.
[ 44.333s] PRUNE: margin=-4.375000, optimistic_rem(widened)=0.000000 → cannot exceed 0.
[ 44.529s] PRUNE: margin=-4.375000, optimistic_rem(widened)=0.000000 → cannot exceed 0.
[ 44.725s] PRUNE: margin=-4.375000, optimistic_rem(widened)=0.000000 → cannot exceed 0.
[ 44.920s] PRUNE: margin=-4.375000, optimistic_rem(widened)=0.000000 → cannot exceed 0.
[ 45.116s] PRUNE: margin=-4.375000, optimistic_rem(widened)=0.000000 → cannot exceed 0.
[ 45.312s] PRUNE: margin=-4.375000, optimistic_rem(widened)=0.000000 → cannot exceed 0.
[ 45.508s] PRUNE: margin=-4.375000, optimistic_rem(widened)=0.000000 → cannot exceed 0.
[ 45.704s] PRUNE: margin=-4.375000, optimistic_rem(widened)=0.000000 → cannot exceed 0.
[ 45.900s] PRUNE: margin=-4.375000, optimistic_rem(widened)=0.000000 → cannot exceed 0.
[ 46.292s] PRUNE: margin=-4.375000, optimistic_rem(widened)=0.000000 → cannot exceed 0.
[ 46.488s] PRUNE: margin=-4.375000, optimistic_rem(widened)=0.000000 → cannot exceed 0.
[ 46.684s] PRUNE: margin=-4.375000, optimistic_rem(widened)=0.000000 → cannot exceed 0.
[ 46.880s] PRUNE: margin=-4.375000, optimistic_rem(widened)=0.000000 → cannot exceed 0.
[ 47.076s] PRUNE: margin=-4.375000, optimistic_rem(widened)=0.000000 → cannot exceed 0.
[ 47.272s] PRUNE: margin=-4.375000, optimistic_rem(widened)=0.000000 → cannot exceed 0.
[ 47.468s] PRUNE: margin=-4.375000, optimistic_rem(widened)=0.000000 → cannot exceed 0.
[ 47.663s] PRUNE: margin=-4.375000, optimistic_rem(widened)=0.000000 → cannot exceed 0.
[ 47.859s] PRUNE: margin=-4.375000, optimistic_rem(widened)=0.000000 → cannot exceed 0.
[ 48.251s] PRUNE: margin=-4.375000, optimistic_rem(widened)=0.000000 → cannot exceed 0.
[ 48.447s] PRUNE: margin=-4.375000, optimistic_rem(widened)=0.000000 → cannot exceed 0.
[ 48.643s] PRUNE: margin=-4.375000, optimistic_rem(widened)=0.000000 → cannot exceed 0.
[ 48.839s] PRUNE: margin=-4.375000, optimistic_rem(widened)=0.000000 → cannot exceed 0.
[ 49.035s] PRUNE: margin=-4.375000, optimistic_rem(widened)=0.000000 → cannot exceed 0.
[ 49.232s] PRUNE: margin=-4.375000, optimistic_rem(widened)=0.000000 → cannot exceed 0.
[ 49.428s] PRUNE: margin=-4.375000, optimistic_rem(widened)=0.000000 → cannot exceed 0.
[ 49.623s] PRUNE: margin=-4.375000, optimistic_rem(widened)=0.000000 → cannot exceed 0.
[ 50.015s] PRUNE: margin=-4.375000, optimistic_rem(widened)=0.000000 → cannot exceed 0.
[ 50.210s] PRUNE: margin=-4.375000, optimistic_rem(widened)=0.000000 → cannot exceed 0.
[ 50.406s] PRUNE: margin=-4.375000, optimistic_rem(widened)=0.000000 → cannot exceed 0.
[ 50.602s] PRUNE: margin=-4.375000, optimistic_rem(widened)=0.000000 → cannot exceed 0.
[ 50.798s] PRUNE: margin=-4.375000, optimistic_rem(widened)=0.000000 → cannot exceed 0.
[ 50.994s] PRUNE: margin=-4.375000, optimistic_rem(widened)=0.000000 → cannot exceed 0.
[ 51.190s] PRUNE: margin=-4.375000, optimistic_rem(widened)=0.000000 → cannot exceed 0.
[ 51.568s] PRUNE: margin=-3.000000, optimistic_rem(widened)=0.000000 → cannot exceed 0.
[ 51.738s] PRUNE: margin=-4.250000, optimistic_rem(widened)=0.000000 → cannot exceed 0.
[ 51.887s] PRUNE: margin=-4.375000, optimistic_rem(widened)=0.000000 → cannot exceed 0.
[ 52.042s] PRUNE: margin=-4.375000, optimistic_rem(widened)=0.000000 → cannot exceed 0.
[ 52.198s] PRUNE: margin=-4.375000, optimistic_rem(widened)=0.000000 → cannot exceed 0.
[ 52.340s] PRUNE: margin=-4.375000, optimistic_rem(widened)=0.000000 → cannot exceed 0.
[ 52.621s] PRUNE: margin=-4.250000, optimistic_rem(widened)=0.000000 → cannot exceed 0.
[ 52.778s] PRUNE: margin=-4.375000, optimistic_rem(widened)=0.000000 → cannot exceed 0.
[ 52.960s] PRUNE: margin=-4.375000, optimistic_rem(widened)=0.000000 → cannot exceed 0.
[ 53.152s] PRUNE: margin=-4.375000, optimistic_rem(widened)=0.000000 → cannot exceed 0.
[ 53.348s] PRUNE: margin=-4.375000, optimistic_rem(widened)=0.000000 → cannot exceed 0.
[ 53.738s] PRUNE: margin=-4.375000, optimistic_rem(widened)=0.000000 → cannot exceed 0.
[ 53.939s] PRUNE: margin=-4.375000, optimistic_rem(widened)=0.000000 → cannot exceed 0.
[ 54.135s] PRUNE: margin=-4.375000, optimistic_rem(widened)=0.000000 → cannot exceed 0.
[ 54.331s] PRUNE: margin=-4.375000, optimistic_rem(widened)=0.000000 → cannot exceed 0.
[ 54.725s] PRUNE: margin=-4.375000, optimistic_rem(widened)=0.000000 → cannot exceed 0.
[ 54.921s] PRUNE: margin=-4.375000, optimistic_rem(widened)=0.000000 → cannot exceed 0.
[ 55.117s] PRUNE: margin=-4.375000, optimistic_rem(widened)=0.000000 → cannot exceed 0.
[ 55.510s] PRUNE: margin=-4.375000, optimistic_rem(widened)=0.000000 → cannot exceed 0.
[ 55.707s] PRUNE: margin=-4.375000, optimistic_rem(widened)=0.000000 → cannot exceed 0.
[ 56.101s] PRUNE: margin=-4.250000, optimistic_rem(widened)=0.000000 → cannot exceed 0.
[ 56.711s] PRUNE: margin=-4.390625, optimistic_rem(widened)=1.000000 → cannot exceed 0.
[ 57.110s] PRUNE: margin=-4.453125, optimistic_rem(widened)=0.000000 → cannot exceed 0.
[ 57.307s] PRUNE: margin=-4.453125, optimistic_rem(widened)=0.000000 → cannot exceed 0.
[ 57.503s] PRUNE: margin=-4.453125, optimistic_rem(widened)=0.000000 → cannot exceed 0.
[ 57.700s] PRUNE: margin=-4.453125, optimistic_rem(widened)=0.000000 → cannot exceed 0.
[ 57.896s] PRUNE: margin=-4.453125, optimistic_rem(widened)=0.000000 → cannot exceed 0.
[ 58.094s] PRUNE: margin=-4.453125, optimistic_rem(widened)=0.000000 → cannot exceed 0.
[ 58.291s] PRUNE: margin=-4.453125, optimistic_rem(widened)=3.875000 → cannot exceed 0.
[ 58.488s] PRUNE: margin=-4.453125, optimistic_rem(widened)=3.875000 → cannot exceed 0.
[ 58.684s] PRUNE: margin=-4.453125, optimistic_rem(widened)=3.875000 → cannot exceed 0.
[ 58.880s] PRUNE: margin=-4.453125, optimistic_rem(widened)=3.875000 → cannot exceed 0.
[ 59.175s] PRUNE: margin=-4.437500, optimistic_rem(widened)=0.500000 → cannot exceed 0.
[ 59.371s] PRUNE: margin=-4.437500, optimistic_rem(widened)=0.500000 → cannot exceed 0.
[ 59.568s] PRUNE: margin=-4.437500, optimistic_rem(widened)=0.500000 → cannot exceed 0.
[ 59.764s] PRUNE: margin=-4.437500, optimistic_rem(widened)=0.500000 → cannot exceed 0.
[ 59.961s] PRUNE: margin=-4.437500, optimistic_rem(widened)=0.500000 → cannot exceed 0.
[ 60.157s] PRUNE: margin=-4.437500, optimistic_rem(widened)=0.562500 → cannot exceed 0.
[ 60.451s] PRUNE: margin=-4.437500, optimistic_rem(widened)=4.187500 → cannot exceed 0.
[ 60.618s] PRUNE: margin=-4.437500, optimistic_rem(widened)=4.187500 → cannot exceed 0.
[ 60.764s] PRUNE: margin=-4.437500, optimistic_rem(widened)=4.187500 → cannot exceed 0.
[ 61.054s] PRUNE: margin=-4.437500, optimistic_rem(widened)=4.187500 → cannot exceed 0.
[ 61.207s] PRUNE: margin=-4.437500, optimistic_rem(widened)=4.187500 → cannot exceed 0.
[ 61.510s] PRUNE: margin=-4.437500, optimistic_rem(widened)=4.062500 → cannot exceed 0.
[ 62.042s] PRUNE: margin=-4.437500, optimistic_rem(widened)=0.562500 → cannot exceed 0.
[ 62.190s] PRUNE: margin=-4.437500, optimistic_rem(widened)=0.562500 → cannot exceed 0.
[ 62.382s] PRUNE: margin=-4.437500, optimistic_rem(widened)=0.562500 → cannot exceed 0.
[ 62.575s] PRUNE: margin=-4.437500, optimistic_rem(widened)=0.562500 → cannot exceed 0.
[ 62.771s] PRUNE: margin=-4.437500, optimistic_rem(widened)=0.562500 → cannot exceed 0.
[ 62.967s] PRUNE: margin=-4.437500, optimistic_rem(widened)=1.437500 → cannot exceed 0.
[ 63.149s] PRUNE: margin=-4.437500, optimistic_rem(widened)=4.437500 → cannot exceed 0.
[ 63.275s] PRUNE: margin=-4.437500, optimistic_rem(widened)=4.437500 → cannot exceed 0.
[ 63.412s] PRUNE: margin=-4.437500, optimistic_rem(widened)=4.437500 → cannot exceed 0.
[ 63.570s] PRUNE: margin=-4.437500, optimistic_rem(widened)=4.437500 → cannot exceed 0.
[ 63.769s] PRUNE: margin=-4.781250, optimistic_rem(widened)=1.312500 → cannot exceed 0.
[ 63.913s] PRUNE: margin=-4.812500, optimistic_rem(widened)=1.312500 → cannot exceed 0.
[ 64.048s] PRUNE: margin=-4.812500, optimistic_rem(widened)=1.312500 → cannot exceed 0.
[ 64.180s] PRUNE: margin=-4.812500, optimistic_rem(widened)=1.312500 → cannot exceed 0.
[ 64.315s] PRUNE: margin=-4.812500, optimistic_rem(widened)=1.312500 → cannot exceed 0.
[ 64.447s] PRUNE: margin=-4.812500, optimistic_rem(widened)=1.312500 → cannot exceed 0.
[ 64.792s] PRUNE: margin=-4.843750, optimistic_rem(widened)=4.250000 → cannot exceed 0.
[ 64.994s] PRUNE: margin=-4.843750, optimistic_rem(widened)=4.250000 → cannot exceed 0.
[ 65.369s] PRUNE: margin=-4.812500, optimistic_rem(widened)=4.312500 → cannot exceed 0.
[ 66.152s] PRUNE: margin=-4.843750, optimistic_rem(widened)=4.250000 → cannot exceed 0.
[ 67.521s] PRUNE: margin=-4.750000, optimistic_rem(widened)=0.843750 → cannot exceed 0.
[ 67.716s] PRUNE: margin=-4.718750, optimistic_rem(widened)=2.250000 → cannot exceed 0.
[ 67.911s] PRUNE: margin=-4.718750, optimistic_rem(widened)=2.625000 → cannot exceed 0.
[ 68.203s] PRUNE: margin=-4.750000, optimistic_rem(widened)=0.750000 → cannot exceed 0.
[ 68.398s] PRUNE: margin=-4.750000, optimistic_rem(widened)=0.750000 → cannot exceed 0.
[ 68.593s] PRUNE: margin=-4.750000, optimistic_rem(widened)=0.750000 → cannot exceed 0.
[ 68.788s] PRUNE: margin=-4.750000, optimistic_rem(widened)=0.750000 → cannot exceed 0.
[ 68.983s] PRUNE: margin=-4.750000, optimistic_rem(widened)=0.750000 → cannot exceed 0.
[ 69.276s] PRUNE: margin=-4.750000, optimistic_rem(widened)=4.125000 → cannot exceed 0.
[ 69.431s] PRUNE: margin=-4.750000, optimistic_rem(widened)=4.125000 → cannot exceed 0.
[ 69.589s] PRUNE: margin=-4.750000, optimistic_rem(widened)=3.875000 → cannot exceed 0.
[ 69.746s] PRUNE: margin=-4.750000, optimistic_rem(widened)=4.250000 → cannot exceed 0.
[ 70.072s] PRUNE: margin=-4.750000, optimistic_rem(widened)=4.125000 → cannot exceed 0.
[ 70.241s] PRUNE: margin=-4.750000, optimistic_rem(widened)=3.875000 → cannot exceed 0.
[ 70.402s] PRUNE: margin=-4.750000, optimistic_rem(widened)=4.250000 → cannot exceed 0.
[ 70.718s] PRUNE: margin=-4.781250, optimistic_rem(widened)=4.187500 → cannot exceed 0.
[ 70.880s] PRUNE: margin=-4.750000, optimistic_rem(widened)=3.875000 → cannot exceed 0.
[ 71.081s] PRUNE: margin=-4.750000, optimistic_rem(widened)=4.625000 → cannot exceed 0.
[ 71.562s] PRUNE: margin=-4.812500, optimistic_rem(widened)=4.187500 → cannot exceed 0.
[ 71.692s] PRUNE: margin=-4.781250, optimistic_rem(widened)=0.000000 → cannot exceed 0.
[ 71.826s] PRUNE: margin=-4.781250, optimistic_rem(widened)=0.000000 → cannot exceed 0.
[ 71.958s] PRUNE: margin=-4.781250, optimistic_rem(widened)=0.000000 → cannot exceed 0.
[ 72.092s] PRUNE: margin=-4.781250, optimistic_rem(widened)=0.000000 → cannot exceed 0.
[ 72.226s] PRUNE: margin=-4.781250, optimistic_rem(widened)=0.000000 → cannot exceed 0.
[ 72.356s] PRUNE: margin=-4.781250, optimistic_rem(widened)=4.187500 → cannot exceed 0.
[ 72.492s] PRUNE: margin=-4.781250, optimistic_rem(widened)=4.187500 → cannot exceed 0.
[ 72.708s] PRUNE: margin=-4.750000, optimistic_rem(widened)=0.750000 → cannot exceed 0.
[ 72.904s] PRUNE: margin=-4.750000, optimistic_rem(widened)=0.750000 → cannot exceed 0.
[ 73.100s] PRUNE: margin=-4.750000, optimistic_rem(widened)=0.750000 → cannot exceed 0.
[ 73.297s] PRUNE: margin=-4.750000, optimistic_rem(widened)=0.750000 → cannot exceed 0.
[ 73.493s] PRUNE: margin=-4.750000, optimistic_rem(widened)=0.750000 → cannot exceed 0.
[ 73.787s] PRUNE: margin=-4.750000, optimistic_rem(widened)=4.125000 → cannot exceed 0.
[ 73.984s] PRUNE: margin=-4.750000, optimistic_rem(widened)=3.875000 → cannot exceed 0.
[ 74.376s] PRUNE: margin=-4.750000, optimistic_rem(widened)=3.875000 → cannot exceed 0.
[ 74.671s] PRUNE: margin=-4.750000, optimistic_rem(widened)=4.625000 → cannot exceed 0.
[ 75.161s] PRUNE: margin=-4.781250, optimistic_rem(widened)=0.000000 → cannot exceed 0.
[ 75.358s] PRUNE: margin=-4.781250, optimistic_rem(widened)=0.000000 → cannot exceed 0.
[ 75.554s] PRUNE: margin=-4.781250, optimistic_rem(widened)=0.000000 → cannot exceed 0.
[ 75.750s] PRUNE: margin=-4.812500, optimistic_rem(widened)=0.000000 → cannot exceed 0.
[ 75.946s] PRUNE: margin=-4.812500, optimistic_rem(widened)=0.000000 → cannot exceed 0.
[ 76.143s] PRUNE: margin=-4.812500, optimistic_rem(widened)=4.187500 → cannot exceed 0.
[ 76.339s] PRUNE: margin=-4.812500, optimistic_rem(widened)=4.187500 → cannot exceed 0.
[ 76.633s] PRUNE: margin=-4.750000, optimistic_rem(widened)=0.750000 → cannot exceed 0.
[ 76.830s] PRUNE: margin=-4.750000, optimistic_rem(widened)=0.750000 → cannot exceed 0.
[ 77.026s] PRUNE: margin=-4.750000, optimistic_rem(widened)=0.750000 → cannot exceed 0.
[ 77.223s] PRUNE: margin=-4.750000, optimistic_rem(widened)=0.750000 → cannot exceed 0.
[ 77.419s] PRUNE: margin=-4.750000, optimistic_rem(widened)=0.750000 → cannot exceed 0.
[ 77.714s] PRUNE: margin=-4.750000, optimistic_rem(widened)=3.875000 → cannot exceed 0.
[ 78.400s] PRUNE: margin=-4.750000, optimistic_rem(widened)=0.750000 → cannot exceed 0.
[ 78.597s] PRUNE: margin=-4.750000, optimistic_rem(widened)=0.750000 → cannot exceed 0.
[ 78.793s] PRUNE: margin=-4.750000, optimistic_rem(widened)=0.750000 → cannot exceed 0.
[ 78.990s] PRUNE: margin=-4.750000, optimistic_rem(widened)=0.750000 → cannot exceed 0.
[ 79.186s] PRUNE: margin=-4.750000, optimistic_rem(widened)=0.750000 → cannot exceed 0.
[ 79.480s] PRUNE: margin=-4.750000, optimistic_rem(widened)=4.250000 → cannot exceed 0.
[ 80.069s] PRUNE: margin=-4.750000, optimistic_rem(widened)=1.250000 → cannot exceed 0.
[ 80.265s] PRUNE: margin=-4.750000, optimistic_rem(widened)=1.250000 → cannot exceed 0.
[ 80.461s] PRUNE: margin=-4.750000, optimistic_rem(widened)=1.250000 → cannot exceed 0.
[ 80.658s] PRUNE: margin=-4.750000, optimistic_rem(widened)=1.250000 → cannot exceed 0.
[ 80.854s] PRUNE: margin=-4.750000, optimistic_rem(widened)=1.250000 → cannot exceed 0.
[ 81.935s] PRUNE: margin=-3.968750, optimistic_rem(widened)=3.343750 → cannot exceed 0.
[ 82.131s] PRUNE: margin=-3.968750, optimistic_rem(widened)=3.343750 → cannot exceed 0.
[ 82.327s] PRUNE: margin=-3.968750, optimistic_rem(widened)=0.468750 → cannot exceed 0.
[ 82.523s] PRUNE: margin=-3.968750, optimistic_rem(widened)=0.468750 → cannot exceed 0.
[ 82.719s] PRUNE: margin=-3.968750, optimistic_rem(widened)=0.468750 → cannot exceed 0.
[ 82.916s] PRUNE: margin=-3.968750, optimistic_rem(widened)=0.593750 → cannot exceed 0.
[ 83.112s] PRUNE: margin=-3.968750, optimistic_rem(widened)=0.593750 → cannot exceed 0.
[ 83.307s] PRUNE: margin=-3.968750, optimistic_rem(widened)=0.593750 → cannot exceed 0.
[ 83.503s] PRUNE: margin=-4.046875, optimistic_rem(widened)=3.921875 → cannot exceed 0.
[ 83.699s] PRUNE: margin=-4.046875, optimistic_rem(widened)=3.921875 → cannot exceed 0.
[ 83.896s] PRUNE: margin=-4.046875, optimistic_rem(widened)=3.921875 → cannot exceed 0.
[ 84.092s] PRUNE: margin=-4.046875, optimistic_rem(widened)=3.921875 → cannot exceed 0.
[ 84.386s] PRUNE: margin=-5.343750, optimistic_rem(widened)=3.000000 → cannot exceed 0.
[ 84.779s] PRUNE: margin=-5.281250, optimistic_rem(widened)=3.906250 → cannot exceed 0.
[ 84.975s] PRUNE: margin=-5.281250, optimistic_rem(widened)=3.906250 → cannot exceed 0.
[ 85.171s] PRUNE: margin=-5.281250, optimistic_rem(widened)=3.906250 → cannot exceed 0.
[ 85.367s] PRUNE: margin=-5.281250, optimistic_rem(widened)=3.906250 → cannot exceed 0.
[ 85.563s] PRUNE: margin=-5.281250, optimistic_rem(widened)=0.000000 → cannot exceed 0.
[ 85.760s] PRUNE: margin=-5.281250, optimistic_rem(widened)=0.000000 → cannot exceed 0.
[ 85.956s] PRUNE: margin=-5.281250, optimistic_rem(widened)=0.000000 → cannot exceed 0.
[ 86.152s] PRUNE: margin=-5.281250, optimistic_rem(widened)=0.000000 → cannot exceed 0.
[ 86.348s] PRUNE: margin=-5.328125, optimistic_rem(widened)=0.000000 → cannot exceed 0.
[ 86.740s] PRUNE: margin=-5.281250, optimistic_rem(widened)=3.906250 → cannot exceed 0.
[ 86.937s] PRUNE: margin=-5.281250, optimistic_rem(widened)=3.906250 → cannot exceed 0.
[ 87.133s] PRUNE: margin=-5.281250, optimistic_rem(widened)=3.906250 → cannot exceed 0.
[ 87.329s] PRUNE: margin=-5.281250, optimistic_rem(widened)=0.000000 → cannot exceed 0.
[ 87.525s] PRUNE: margin=-5.281250, optimistic_rem(widened)=0.000000 → cannot exceed 0.
[ 87.722s] PRUNE: margin=-5.281250, optimistic_rem(widened)=0.000000 → cannot exceed 0.
[ 87.918s] PRUNE: margin=-5.281250, optimistic_rem(widened)=0.000000 → cannot exceed 0.
[ 88.114s] PRUNE: margin=-5.328125, optimistic_rem(widened)=0.000000 → cannot exceed 0.
[ 88.510s] PRUNE: margin=-5.281250, optimistic_rem(widened)=3.906250 → cannot exceed 0.
[ 88.712s] PRUNE: margin=-5.281250, optimistic_rem(widened)=3.906250 → cannot exceed 0.
[ 88.911s] PRUNE: margin=-5.281250, optimistic_rem(widened)=0.000000 → cannot exceed 0.
[ 89.107s] PRUNE: margin=-5.281250, optimistic_rem(widened)=0.000000 → cannot exceed 0.
[ 89.304s] PRUNE: margin=-5.281250, optimistic_rem(widened)=0.000000 → cannot exceed 0.
[ 89.500s] PRUNE: margin=-5.281250, optimistic_rem(widened)=0.000000 → cannot exceed 0.
[ 89.697s] PRUNE: margin=-5.328125, optimistic_rem(widened)=0.000000 → cannot exceed 0.
[ 90.090s] PRUNE: margin=-5.281250, optimistic_rem(widened)=3.906250 → cannot exceed 0.
[ 90.286s] PRUNE: margin=-5.281250, optimistic_rem(widened)=0.000000 → cannot exceed 0.
[ 90.482s] PRUNE: margin=-5.281250, optimistic_rem(widened)=0.000000 → cannot exceed 0.
[ 90.679s] PRUNE: margin=-5.281250, optimistic_rem(widened)=0.000000 → cannot exceed 0.
[ 90.875s] PRUNE: margin=-5.281250, optimistic_rem(widened)=0.000000 → cannot exceed 0.
[ 91.072s] PRUNE: margin=-5.281250, optimistic_rem(widened)=0.000000 → cannot exceed 0.
[ 91.464s] PRUNE: margin=-5.281250, optimistic_rem(widened)=0.000000 → cannot exceed 0.
[ 91.661s] PRUNE: margin=-5.281250, optimistic_rem(widened)=0.000000 → cannot exceed 0.
[ 91.857s] PRUNE: margin=-5.281250, optimistic_rem(widened)=0.000000 → cannot exceed 0.
[ 92.054s] PRUNE: margin=-5.281250, optimistic_rem(widened)=0.000000 → cannot exceed 0.
[ 92.250s] PRUNE: margin=-5.281250, optimistic_rem(widened)=0.000000 → cannot exceed 0.
[ 92.545s] PRUNE: margin=-5.281250, optimistic_rem(widened)=1.750000 → cannot exceed 0.
[ 92.741s] PRUNE: margin=-5.281250, optimistic_rem(widened)=1.750000 → cannot exceed 0.
[ 92.938s] PRUNE: margin=-5.281250, optimistic_rem(widened)=1.750000 → cannot exceed 0.
[ 93.134s] PRUNE: margin=-5.328125, optimistic_rem(widened)=1.750000 → cannot exceed 0.
[ 93.331s] PRUNE: margin=-5.328125, optimistic_rem(widened)=1.750000 → cannot exceed 0.
[ 93.822s] PRUNE: margin=-5.281250, optimistic_rem(widened)=3.906250 → cannot exceed 0.
[ 94.019s] PRUNE: margin=-5.281250, optimistic_rem(widened)=3.906250 → cannot exceed 0.
[ 94.215s] PRUNE: margin=-5.281250, optimistic_rem(widened)=3.906250 → cannot exceed 0.
[ 94.411s] PRUNE: margin=-5.281250, optimistic_rem(widened)=0.000000 → cannot exceed 0.
[ 94.608s] PRUNE: margin=-5.281250, optimistic_rem(widened)=0.000000 → cannot exceed 0.
[ 94.804s] PRUNE: margin=-5.281250, optimistic_rem(widened)=0.000000 → cannot exceed 0.
[ 95.001s] PRUNE: margin=-5.281250, optimistic_rem(widened)=0.000000 → cannot exceed 0.
[ 95.197s] PRUNE: margin=-5.328125, optimistic_rem(widened)=0.000000 → cannot exceed 0.
[ 95.590s] PRUNE: margin=-5.281250, optimistic_rem(widened)=3.906250 → cannot exceed 0.
[ 95.786s] PRUNE: margin=-5.281250, optimistic_rem(widened)=3.906250 → cannot exceed 0.
[ 95.983s] PRUNE: margin=-5.281250, optimistic_rem(widened)=0.000000 → cannot exceed 0.
[ 96.179s] PRUNE: margin=-5.281250, optimistic_rem(widened)=0.000000 → cannot exceed 0.
[ 96.375s] PRUNE: margin=-5.281250, optimistic_rem(widened)=0.000000 → cannot exceed 0.
[ 96.572s] PRUNE: margin=-5.281250, optimistic_rem(widened)=0.000000 → cannot exceed 0.
[ 96.768s] PRUNE: margin=-5.328125, optimistic_rem(widened)=0.000000 → cannot exceed 0.
[ 97.161s] PRUNE: margin=-5.281250, optimistic_rem(widened)=3.906250 → cannot exceed 0.
[ 97.358s] PRUNE: margin=-5.281250, optimistic_rem(widened)=0.000000 → cannot exceed 0.
[ 97.554s] PRUNE: margin=-5.281250, optimistic_rem(widened)=0.000000 → cannot exceed 0.
[ 97.750s] PRUNE: margin=-5.281250, optimistic_rem(widened)=0.000000 → cannot exceed 0.
[ 97.947s] PRUNE: margin=-5.281250, optimistic_rem(widened)=0.000000 → cannot exceed 0.
[ 98.143s] PRUNE: margin=-5.281250, optimistic_rem(widened)=0.000000 → cannot exceed 0.
[ 98.538s] PRUNE: margin=-5.281250, optimistic_rem(widened)=0.000000 → cannot exceed 0.
[ 98.736s] PRUNE: margin=-5.281250, optimistic_rem(widened)=0.000000 → cannot exceed 0.
[ 98.932s] PRUNE: margin=-5.281250, optimistic_rem(widened)=0.000000 → cannot exceed 0.
[ 99.129s] PRUNE: margin=-5.281250, optimistic_rem(widened)=0.000000 → cannot exceed 0.
[ 99.325s] PRUNE: margin=-5.281250, optimistic_rem(widened)=0.000000 → cannot exceed 0.
[ 99.620s] PRUNE: margin=-5.281250, optimistic_rem(widened)=1.750000 → cannot exceed 0.
[ 99.819s] PRUNE: margin=-5.281250, optimistic_rem(widened)=1.750000 → cannot exceed 0.
[100.016s] PRUNE: margin=-5.281250, optimistic_rem(widened)=1.750000 → cannot exceed 0.
[100.212s] PRUNE: margin=-5.328125, optimistic_rem(widened)=1.750000 → cannot exceed 0.
[100.409s] PRUNE: margin=-5.328125, optimistic_rem(widened)=1.750000 → cannot exceed 0.
[100.900s] PRUNE: margin=-5.281250, optimistic_rem(widened)=3.906250 → cannot exceed 0.
[101.096s] PRUNE: margin=-5.281250, optimistic_rem(widened)=3.906250 → cannot exceed 0.
[101.293s] PRUNE: margin=-5.281250, optimistic_rem(widened)=0.000000 → cannot exceed 0.
[101.489s] PRUNE: margin=-5.281250, optimistic_rem(widened)=0.000000 → cannot exceed 0.
[101.686s] PRUNE: margin=-5.281250, optimistic_rem(widened)=0.000000 → cannot exceed 0.
[101.882s] PRUNE: margin=-5.281250, optimistic_rem(widened)=0.000000 → cannot exceed 0.
[102.079s] PRUNE: margin=-5.328125, optimistic_rem(widened)=0.000000 → cannot exceed 0.
[102.472s] PRUNE: margin=-5.281250, optimistic_rem(widened)=3.906250 → cannot exceed 0.
[102.668s] PRUNE: margin=-5.281250, optimistic_rem(widened)=0.000000 → cannot exceed 0.
[102.864s] PRUNE: margin=-5.281250, optimistic_rem(widened)=0.000000 → cannot exceed 0.
[103.061s] PRUNE: margin=-5.281250, optimistic_rem(widened)=0.000000 → cannot exceed 0.
[103.257s] PRUNE: margin=-5.281250, optimistic_rem(widened)=0.000000 → cannot exceed 0.
[103.454s] PRUNE: margin=-5.281250, optimistic_rem(widened)=0.000000 → cannot exceed 0.
[103.847s] PRUNE: margin=-5.281250, optimistic_rem(widened)=0.000000 → cannot exceed 0.
[104.044s] PRUNE: margin=-5.281250, optimistic_rem(widened)=0.000000 → cannot exceed 0.
[104.240s] PRUNE: margin=-5.281250, optimistic_rem(widened)=0.000000 → cannot exceed 0.
[104.438s] PRUNE: margin=-5.281250, optimistic_rem(widened)=0.000000 → cannot exceed 0.
[104.640s] PRUNE: margin=-5.281250, optimistic_rem(widened)=0.000000 → cannot exceed 0.
[104.933s] PRUNE: margin=-5.281250, optimistic_rem(widened)=1.750000 → cannot exceed 0.
[105.129s] PRUNE: margin=-5.281250, optimistic_rem(widened)=1.750000 → cannot exceed 0.
[105.328s] PRUNE: margin=-5.281250, optimistic_rem(widened)=1.750000 → cannot exceed 0.
[105.526s] PRUNE: margin=-5.281250, optimistic_rem(widened)=1.750000 → cannot exceed 0.
[105.722s] PRUNE: margin=-5.328125, optimistic_rem(widened)=1.750000 → cannot exceed 0.
[106.212s] PRUNE: margin=-5.281250, optimistic_rem(widened)=3.906250 → cannot exceed 0.
[106.408s] PRUNE: margin=-5.281250, optimistic_rem(widened)=0.000000 → cannot exceed 0.
[106.604s] PRUNE: margin=-5.281250, optimistic_rem(widened)=0.000000 → cannot exceed 0.
[106.800s] PRUNE: margin=-5.281250, optimistic_rem(widened)=0.000000 → cannot exceed 0.
[106.995s] PRUNE: margin=-5.281250, optimistic_rem(widened)=0.000000 → cannot exceed 0.
[107.191s] PRUNE: margin=-5.281250, optimistic_rem(widened)=0.000000 → cannot exceed 0.
[107.585s] PRUNE: margin=-5.281250, optimistic_rem(widened)=0.000000 → cannot exceed 0.
[107.781s] PRUNE: margin=-5.281250, optimistic_rem(widened)=0.000000 → cannot exceed 0.
[107.977s] PRUNE: margin=-5.281250, optimistic_rem(widened)=0.000000 → cannot exceed 0.
[108.173s] PRUNE: margin=-5.281250, optimistic_rem(widened)=0.000000 → cannot exceed 0.
[108.369s] PRUNE: margin=-5.281250, optimistic_rem(widened)=0.000000 → cannot exceed 0.
[108.663s] PRUNE: margin=-5.281250, optimistic_rem(widened)=1.750000 → cannot exceed 0.
[108.859s] PRUNE: margin=-5.281250, optimistic_rem(widened)=1.750000 → cannot exceed 0.
[109.054s] PRUNE: margin=-5.281250, optimistic_rem(widened)=1.750000 → cannot exceed 0.
[109.250s] PRUNE: margin=-5.281250, optimistic_rem(widened)=1.750000 → cannot exceed 0.
[109.446s] PRUNE: margin=-5.328125, optimistic_rem(widened)=1.750000 → cannot exceed 0.
[109.935s] PRUNE: margin=-5.296875, optimistic_rem(widened)=0.000000 → cannot exceed 0.
[110.131s] PRUNE: margin=-5.281250, optimistic_rem(widened)=0.000000 → cannot exceed 0.
[110.327s] PRUNE: margin=-5.281250, optimistic_rem(widened)=0.000000 → cannot exceed 0.
[110.523s] PRUNE: margin=-5.281250, optimistic_rem(widened)=0.000000 → cannot exceed 0.
[110.718s] PRUNE: margin=-5.281250, optimistic_rem(widened)=0.000000 → cannot exceed 0.
[111.012s] PRUNE: margin=-5.281250, optimistic_rem(widened)=1.750000 → cannot exceed 0.
[111.208s] PRUNE: margin=-5.281250, optimistic_rem(widened)=1.750000 → cannot exceed 0.
[111.403s] PRUNE: margin=-5.281250, optimistic_rem(widened)=1.750000 → cannot exceed 0.
[111.599s] PRUNE: margin=-5.281250, optimistic_rem(widened)=1.750000 → cannot exceed 0.
[111.795s] PRUNE: margin=-5.281250, optimistic_rem(widened)=1.750000 → cannot exceed 0.
[112.186s] PRUNE: margin=-5.281250, optimistic_rem(widened)=1.750000 → cannot exceed 0.
[112.382s] PRUNE: margin=-5.281250, optimistic_rem(widened)=1.750000 → cannot exceed 0.
[112.578s] PRUNE: margin=-5.281250, optimistic_rem(widened)=1.750000 → cannot exceed 0.
[112.774s] PRUNE: margin=-5.281250, optimistic_rem(widened)=1.750000 → cannot exceed 0.
[112.987s] PRUNE: margin=-5.281250, optimistic_rem(widened)=1.750000 → cannot exceed 0.
[113.308s] PRUNE: margin=-5.281250, optimistic_rem(widened)=3.000000 → cannot exceed 0.
[113.515s] PRUNE: margin=-5.281250, optimistic_rem(widened)=3.000000 → cannot exceed 0.
[113.725s] PRUNE: margin=-5.281250, optimistic_rem(widened)=3.000000 → cannot exceed 0.
[113.939s] PRUNE: margin=-5.328125, optimistic_rem(widened)=3.000000 → cannot exceed 0.
[114.155s] PRUNE: margin=-5.328125, optimistic_rem(widened)=3.000000 → cannot exceed 0.
[114.568s] PRUNE: margin=-4.093750, optimistic_rem(widened)=3.859375 → cannot exceed 0.
[114.773s] PRUNE: margin=-4.656250, optimistic_rem(widened)=2.500000 → cannot exceed 0.
[114.966s] PRUNE: margin=-4.656250, optimistic_rem(widened)=2.062500 → cannot exceed 0.
[115.355s] PRUNE: margin=-5.281250, optimistic_rem(widened)=3.906250 → cannot exceed 0.
[115.548s] PRUNE: margin=-5.281250, optimistic_rem(widened)=3.906250 → cannot exceed 0.
[115.744s] PRUNE: margin=-5.281250, optimistic_rem(widened)=3.656250 → cannot exceed 0.
[115.940s] PRUNE: margin=-5.281250, optimistic_rem(widened)=0.000000 → cannot exceed 0.
[116.135s] PRUNE: margin=-5.281250, optimistic_rem(widened)=0.000000 → cannot exceed 0.
[116.331s] PRUNE: margin=-5.281250, optimistic_rem(widened)=0.000000 → cannot exceed 0.
[116.527s] PRUNE: margin=-5.281250, optimistic_rem(widened)=0.000000 → cannot exceed 0.
[116.919s] PRUNE: margin=-5.281250, optimistic_rem(widened)=3.906250 → cannot exceed 0.
[117.114s] PRUNE: margin=-5.281250, optimistic_rem(widened)=3.656250 → cannot exceed 0.
[117.310s] PRUNE: margin=-5.281250, optimistic_rem(widened)=0.000000 → cannot exceed 0.
[117.506s] PRUNE: margin=-5.281250, optimistic_rem(widened)=0.000000 → cannot exceed 0.
[117.703s] PRUNE: margin=-5.281250, optimistic_rem(widened)=0.000000 → cannot exceed 0.
[117.898s] PRUNE: margin=-5.281250, optimistic_rem(widened)=0.000000 → cannot exceed 0.
[118.290s] PRUNE: margin=-4.093750, optimistic_rem(widened)=2.593750 → cannot exceed 0.
[118.486s] PRUNE: margin=-5.281250, optimistic_rem(widened)=0.000000 → cannot exceed 0.
[118.682s] PRUNE: margin=-5.281250, optimistic_rem(widened)=0.000000 → cannot exceed 0.
[118.878s] PRUNE: margin=-5.281250, optimistic_rem(widened)=0.000000 → cannot exceed 0.
[119.073s] PRUNE: margin=-5.281250, optimistic_rem(widened)=0.000000 → cannot exceed 0.
[119.465s] PRUNE: margin=-4.625000, optimistic_rem(widened)=0.000000 → cannot exceed 0.
[119.661s] PRUNE: margin=-5.281250, optimistic_rem(widened)=0.000000 → cannot exceed 0.
[119.852s] PRUNE: margin=-5.281250, optimistic_rem(widened)=0.000000 → cannot exceed 0.
[120.043s] PRUNE: margin=-5.281250, optimistic_rem(widened)=0.000000 → cannot exceed 0.
[120.333s] PRUNE: margin=-5.281250, optimistic_rem(widened)=1.750000 → cannot exceed 0.
[120.529s] PRUNE: margin=-5.281250, optimistic_rem(widened)=1.750000 → cannot exceed 0.
[120.725s] PRUNE: margin=-5.281250, optimistic_rem(widened)=1.750000 → cannot exceed 0.
[120.921s] PRUNE: margin=-5.281250, optimistic_rem(widened)=1.750000 → cannot exceed 0.
[121.410s] PRUNE: margin=-5.281250, optimistic_rem(widened)=3.906250 → cannot exceed 0.
[121.606s] PRUNE: margin=-5.281250, optimistic_rem(widened)=3.656250 → cannot exceed 0.
[121.802s] PRUNE: margin=-5.281250, optimistic_rem(widened)=0.000000 → cannot exceed 0.
[121.998s] PRUNE: margin=-5.281250, optimistic_rem(widened)=0.000000 → cannot exceed 0.
[122.193s] PRUNE: margin=-5.281250, optimistic_rem(widened)=0.000000 → cannot exceed 0.
[122.389s] PRUNE: margin=-5.281250, optimistic_rem(widened)=0.000000 → cannot exceed 0.
[122.781s] PRUNE: margin=-4.093750, optimistic_rem(widened)=2.593750 → cannot exceed 0.
[122.976s] PRUNE: margin=-5.281250, optimistic_rem(widened)=0.000000 → cannot exceed 0.
[123.172s] PRUNE: margin=-5.281250, optimistic_rem(widened)=0.000000 → cannot exceed 0.
[123.368s] PRUNE: margin=-5.281250, optimistic_rem(widened)=0.000000 → cannot exceed 0.
[123.564s] PRUNE: margin=-5.281250, optimistic_rem(widened)=0.000000 → cannot exceed 0.
[123.955s] PRUNE: margin=-4.625000, optimistic_rem(widened)=0.000000 → cannot exceed 0.
[124.151s] PRUNE: margin=-5.281250, optimistic_rem(widened)=0.000000 → cannot exceed 0.
[124.347s] PRUNE: margin=-5.281250, optimistic_rem(widened)=0.000000 → cannot exceed 0.
[124.542s] PRUNE: margin=-5.281250, optimistic_rem(widened)=0.000000 → cannot exceed 0.
[124.836s] PRUNE: margin=-5.281250, optimistic_rem(widened)=1.750000 → cannot exceed 0.
[125.032s] PRUNE: margin=-5.281250, optimistic_rem(widened)=1.750000 → cannot exceed 0.
[125.228s] PRUNE: margin=-5.281250, optimistic_rem(widened)=1.750000 → cannot exceed 0.
[125.423s] PRUNE: margin=-5.281250, optimistic_rem(widened)=1.750000 → cannot exceed 0.
[125.912s] PRUNE: margin=-4.093750, optimistic_rem(widened)=2.593750 → cannot exceed 0.
[126.108s] PRUNE: margin=-5.281250, optimistic_rem(widened)=0.000000 → cannot exceed 0.
[126.304s] PRUNE: margin=-5.281250, optimistic_rem(widened)=0.000000 → cannot exceed 0.
[126.500s] PRUNE: margin=-5.281250, optimistic_rem(widened)=0.000000 → cannot exceed 0.
[126.696s] PRUNE: margin=-5.281250, optimistic_rem(widened)=0.000000 → cannot exceed 0.
[127.087s] PRUNE: margin=-4.625000, optimistic_rem(widened)=0.000000 → cannot exceed 0.
[127.283s] PRUNE: margin=-5.281250, optimistic_rem(widened)=0.000000 → cannot exceed 0.
[127.478s] PRUNE: margin=-5.281250, optimistic_rem(widened)=0.000000 → cannot exceed 0.
[127.674s] PRUNE: margin=-5.281250, optimistic_rem(widened)=0.000000 → cannot exceed 0.
[127.968s] PRUNE: margin=-5.281250, optimistic_rem(widened)=1.750000 → cannot exceed 0.
[128.164s] PRUNE: margin=-5.281250, optimistic_rem(widened)=1.750000 → cannot exceed 0.
[128.359s] PRUNE: margin=-5.281250, optimistic_rem(widened)=1.750000 → cannot exceed 0.
[128.555s] PRUNE: margin=-5.281250, optimistic_rem(widened)=1.750000 → cannot exceed 0.
[128.947s] PRUNE: margin=-4.093750, optimistic_rem(widened)=3.093750 → cannot exceed 0.
[129.142s] PRUNE: margin=-5.281250, optimistic_rem(widened)=1.750000 → cannot exceed 0.
[129.338s] PRUNE: margin=-5.281250, optimistic_rem(widened)=1.750000 → cannot exceed 0.
[129.534s] PRUNE: margin=-5.281250, optimistic_rem(widened)=1.750000 → cannot exceed 0.
[129.730s] PRUNE: margin=-5.281250, optimistic_rem(widened)=1.750000 → cannot exceed 0.
[130.121s] PRUNE: margin=-4.625000, optimistic_rem(widened)=1.250000 → cannot exceed 0.
[130.317s] PRUNE: margin=-5.281250, optimistic_rem(widened)=1.750000 → cannot exceed 0.
[130.513s] PRUNE: margin=-5.281250, optimistic_rem(widened)=1.750000 → cannot exceed 0.
[130.708s] PRUNE: margin=-5.281250, optimistic_rem(widened)=1.750000 → cannot exceed 0.
[131.002s] PRUNE: margin=-5.281250, optimistic_rem(widened)=3.250000 → cannot exceed 0.
[131.198s] PRUNE: margin=-5.281250, optimistic_rem(widened)=3.250000 → cannot exceed 0.
[131.394s] PRUNE: margin=-5.281250, optimistic_rem(widened)=3.500000 → cannot exceed 0.
[131.590s] PRUNE: margin=-5.281250, optimistic_rem(widened)=3.500000 → cannot exceed 0.
[131.883s] PRUNE: margin=-5.328125, optimistic_rem(widened)=4.531250 → cannot exceed 0.
[132.079s] PRUNE: margin=-5.328125, optimistic_rem(widened)=4.531250 → cannot exceed 0.
[132.275s] PRUNE: margin=-5.328125, optimistic_rem(widened)=4.531250 → cannot exceed 0.
[132.470s] PRUNE: margin=-5.328125, optimistic_rem(widened)=4.406250 → cannot exceed 0.
[132.666s] PRUNE: margin=-5.328125, optimistic_rem(widened)=3.906250 → cannot exceed 0.
[132.959s] PRUNE: margin=-5.343750, optimistic_rem(widened)=2.250000 → cannot exceed 0.
[133.155s] PRUNE: margin=-5.328125, optimistic_rem(widened)=2.500000 → cannot exceed 0.
[133.351s] PRUNE: margin=-5.328125, optimistic_rem(widened)=2.500000 → cannot exceed 0.
[133.547s] PRUNE: margin=-5.328125, optimistic_rem(widened)=2.750000 → cannot exceed 0.
[133.743s] PRUNE: margin=-5.328125, optimistic_rem(widened)=3.000000 → cannot exceed 0.
[133.939s] PRUNE: margin=-5.328125, optimistic_rem(widened)=3.000000 → cannot exceed 0.
[134.526s] PRUNE: margin=-5.375000, optimistic_rem(widened)=4.750000 → cannot exceed 0.
[134.722s] PRUNE: margin=-5.375000, optimistic_rem(widened)=4.750000 → cannot exceed 0.
[134.918s] PRUNE: margin=-5.375000, optimistic_rem(widened)=4.750000 → cannot exceed 0.
[135.309s] PRUNE: margin=-5.375000, optimistic_rem(widened)=4.750000 → cannot exceed 0.
[135.505s] PRUNE: margin=-5.375000, optimistic_rem(widened)=4.750000 → cannot exceed 0.
[135.896s] PRUNE: margin=-4.750000, optimistic_rem(widened)=4.437500 → cannot exceed 0.
[136.679s] PRUNE: margin=-5.328125, optimistic_rem(widened)=4.687500 → cannot exceed 0.
[136.875s] PRUNE: margin=-5.328125, optimistic_rem(widened)=4.687500 → cannot exceed 0.
[137.266s] PRUNE: margin=-5.328125, optimistic_rem(widened)=4.812500 → cannot exceed 0.
[138.049s] PRUNE: margin=-5.328125, optimistic_rem(widened)=4.812500 → cannot exceed 0.
[139.615s] PRUNE: margin=-5.375000, optimistic_rem(widened)=4.750000 → cannot exceed 0.
[139.811s] PRUNE: margin=-5.375000, optimistic_rem(widened)=4.750000 → cannot exceed 0.
[140.202s] PRUNE: margin=-4.750000, optimistic_rem(widened)=4.437500 → cannot exceed 0.
[140.985s] PRUNE: margin=-5.328125, optimistic_rem(widened)=4.812500 → cannot exceed 0.
[142.550s] PRUNE: margin=-4.750000, optimistic_rem(widened)=4.437500 → cannot exceed 0.
[144.692s] No counterexample within budgets (BaB): no misclassification found.
STATUS: No counterexample | best_upper_margin=8.125000 | elapsed=144.692s | pixels_changed=0 | total_bit_flips=0 | avg_hamming_per_pixel=0.000000 | patch_rows=5-9 | patch_cols=11-24 | note=no_counterexample_within_budgets
